{
    "sql_file": "10a2.sql",
    "query": "SELECT n.name, mi1.info, MIN(t.production_year), MAX(t.production_year)\nFROM title as t,\nkind_type as kt,\nmovie_info as mi1,\ninfo_type as it1,\ncast_info as ci,\nrole_type as rt,\nname as n\nWHERE\nt.id = ci.movie_id\nAND t.id = mi1.movie_id\nAND mi1.info_type_id = it1.id\nAND t.kind_id = kt.id\nAND ci.person_id = n.id\nAND ci.movie_id = mi1.movie_id\nAND ci.role_id = rt.id\nAND (it1.id IN ('2','4','6'))\nAND (mi1.info IN ('Black and White','DTS','Dolby','English','French','Hindi','Norwegian','Portuguese','Romanian','SDDS','Spanish','Stereo','Tagalog'))\nAND (n.name ILIKE '%tia%')\nAND (kt.kind IN ('episode','movie','tv movie'))\nAND (rt.role IN ('actor','actress','cinematographer','composer'))\nGROUP BY mi1.info, n.name",
    "results": [
        {
            "arm": 0,
            "execution_time": 413.593,
            "plan": [
                {
                    "Plan": {
                        "Node Type": "Aggregate",
                        "Strategy": "Sorted",
                        "Partial Mode": "Simple",
                        "Parallel Aware": false,
                        "Async Capable": false,
                        "Startup Cost": 146007.44,
                        "Total Cost": 146007.6,
                        "Plan Rows": 7,
                        "Plan Width": 65,
                        "Actual Startup Time": 398.492,
                        "Actual Total Time": 413.193,
                        "Actual Rows": 17924,
                        "Actual Loops": 1,
                        "Group Key": [
                            "mi1.info",
                            "n.name"
                        ],
                        "Plans": [
                            {
                                "Node Type": "Sort",
                                "Parent Relationship": "Outer",
                                "Parallel Aware": false,
                                "Async Capable": false,
                                "Startup Cost": 146007.44,
                                "Total Cost": 146007.46,
                                "Plan Rows": 7,
                                "Plan Width": 61,
                                "Actual Startup Time": 398.48,
                                "Actual Total Time": 408.748,
                                "Actual Rows": 55657,
                                "Actual Loops": 1,
                                "Sort Key": [
                                    "mi1.info COLLATE \"C\"",
                                    "n.name COLLATE \"C\""
                                ],
                                "Sort Method": "quicksort",
                                "Sort Space Used": 4680,
                                "Sort Space Type": "Memory",
                                "Plans": [
                                    {
                                        "Node Type": "Gather",
                                        "Parent Relationship": "Outer",
                                        "Parallel Aware": false,
                                        "Async Capable": false,
                                        "Startup Cost": 1006.26,
                                        "Total Cost": 146007.34,
                                        "Plan Rows": 7,
                                        "Plan Width": 61,
                                        "Actual Startup Time": 0.235,
                                        "Actual Total Time": 387.881,
                                        "Actual Rows": 55657,
                                        "Actual Loops": 1,
                                        "Workers Planned": 4,
                                        "Workers Launched": 4,
                                        "Single Copy": false,
                                        "Plans": [
                                            {
                                                "Node Type": "Hash Join",
                                                "Parent Relationship": "Outer",
                                                "Parallel Aware": false,
                                                "Async Capable": false,
                                                "Join Type": "Inner",
                                                "Startup Cost": 6.26,
                                                "Total Cost": 145006.64,
                                                "Plan Rows": 2,
                                                "Plan Width": 61,
                                                "Actual Startup Time": 0.218,
                                                "Actual Total Time": 379.066,
                                                "Actual Rows": 11131,
                                                "Actual Loops": 5,
                                                "Inner Unique": true,
                                                "Hash Cond": "(mi1.info_type_id = it1.id)",
                                                "Workers": [],
                                                "Plans": [
                                                    {
                                                        "Node Type": "Nested Loop",
                                                        "Parent Relationship": "Outer",
                                                        "Parallel Aware": false,
                                                        "Async Capable": false,
                                                        "Join Type": "Inner",
                                                        "Startup Cost": 3.67,
                                                        "Total Cost": 145003.86,
                                                        "Plan Rows": 68,
                                                        "Plan Width": 65,
                                                        "Actual Startup Time": 0.14,
                                                        "Actual Total Time": 378.121,
                                                        "Actual Rows": 11299,
                                                        "Actual Loops": 5,
                                                        "Inner Unique": false,
                                                        "Join Filter": "(t.id = mi1.movie_id)",
                                                        "Rows Removed by Join Filter": 0,
                                                        "Workers": [],
                                                        "Plans": [
                                                            {
                                                                "Node Type": "Hash Join",
                                                                "Parent Relationship": "Outer",
                                                                "Parallel Aware": false,
                                                                "Async Capable": false,
                                                                "Join Type": "Inner",
                                                                "Startup Cost": 3.23,
                                                                "Total Cost": 144448.01,
                                                                "Plan Rows": 130,
                                                                "Plan Width": 27,
                                                                "Actual Startup Time": 0.097,
                                                                "Actual Total Time": 202.135,
                                                                "Actual Rows": 23003,
                                                                "Actual Loops": 5,
                                                                "Inner Unique": true,
                                                                "Hash Cond": "(t.kind_id = kt.id)",
                                                                "Workers": [],
                                                                "Plans": [
                                                                    {
                                                                        "Node Type": "Nested Loop",
                                                                        "Parent Relationship": "Outer",
                                                                        "Parallel Aware": false,
                                                                        "Async Capable": false,
                                                                        "Join Type": "Inner",
                                                                        "Startup Cost": 2.1,
                                                                        "Total Cost": 144445.6,
                                                                        "Plan Rows": 302,
                                                                        "Plan Width": 31,
                                                                        "Actual Startup Time": 0.081,
                                                                        "Actual Total Time": 200.295,
                                                                        "Actual Rows": 24756,
                                                                        "Actual Loops": 5,
                                                                        "Inner Unique": true,
                                                                        "Workers": [],
                                                                        "Plans": [
                                                                            {
                                                                                "Node Type": "Hash Join",
                                                                                "Parent Relationship": "Outer",
                                                                                "Parallel Aware": false,
                                                                                "Async Capable": false,
                                                                                "Join Type": "Inner",
                                                                                "Startup Cost": 1.67,
                                                                                "Total Cost": 144308.96,
                                                                                "Plan Rows": 302,
                                                                                "Plan Width": 19,
                                                                                "Actual Startup Time": 0.056,
                                                                                "Actual Total Time": 133.047,
                                                                                "Actual Rows": 24756,
                                                                                "Actual Loops": 5,
                                                                                "Inner Unique": true,
                                                                                "Hash Cond": "(ci.role_id = rt.id)",
                                                                                "Workers": [],
                                                                                "Plans": [
                                                                                    {
                                                                                        "Node Type": "Nested Loop",
                                                                                        "Parent Relationship": "Outer",
                                                                                        "Parallel Aware": false,
                                                                                        "Async Capable": false,
                                                                                        "Join Type": "Inner",
                                                                                        "Startup Cost": 0.44,
                                                                                        "Total Cost": 144304.5,
                                                                                        "Plan Rows": 907,
                                                                                        "Plan Width": 23,
                                                                                        "Actual Startup Time": 0.045,
                                                                                        "Actual Total Time": 130.884,
                                                                                        "Actual Rows": 38335,
                                                                                        "Actual Loops": 5,
                                                                                        "Inner Unique": false,
                                                                                        "Workers": [],
                                                                                        "Plans": [
                                                                                            {
                                                                                                "Node Type": "Seq Scan",
                                                                                                "Parent Relationship": "Outer",
                                                                                                "Parallel Aware": true,
                                                                                                "Async Capable": false,
                                                                                                "Relation Name": "name",
                                                                                                "Alias": "n",
                                                                                                "Startup Cost": 0.0,
                                                                                                "Total Cost": 68679.41,
                                                                                                "Plan Rows": 104,
                                                                                                "Plan Width": 19,
                                                                                                "Actual Startup Time": 0.018,
                                                                                                "Actual Total Time": 103.869,
                                                                                                "Actual Rows": 4873,
                                                                                                "Actual Loops": 5,
                                                                                                "Filter": "(name ~~* '%tia%'::text)",
                                                                                                "Rows Removed by Filter": 828625,
                                                                                                "Workers": []
                                                                                            },
                                                                                            {
                                                                                                "Node Type": "Index Scan",
                                                                                                "Parent Relationship": "Inner",
                                                                                                "Parallel Aware": false,
                                                                                                "Async Capable": false,
                                                                                                "Scan Direction": "Forward",
                                                                                                "Index Name": "person_id_cast_info",
                                                                                                "Relation Name": "cast_info",
                                                                                                "Alias": "ci",
                                                                                                "Startup Cost": 0.44,
                                                                                                "Total Cost": 722.22,
                                                                                                "Plan Rows": 494,
                                                                                                "Plan Width": 12,
                                                                                                "Actual Startup Time": 0.004,
                                                                                                "Actual Total Time": 0.005,
                                                                                                "Actual Rows": 8,
                                                                                                "Actual Loops": 24366,
                                                                                                "Index Cond": "(person_id = n.id)",
                                                                                                "Rows Removed by Index Recheck": 0,
                                                                                                "Workers": []
                                                                                            }
                                                                                        ]
                                                                                    },
                                                                                    {
                                                                                        "Node Type": "Hash",
                                                                                        "Parent Relationship": "Inner",
                                                                                        "Parallel Aware": false,
                                                                                        "Async Capable": false,
                                                                                        "Startup Cost": 1.18,
                                                                                        "Total Cost": 1.18,
                                                                                        "Plan Rows": 4,
                                                                                        "Plan Width": 4,
                                                                                        "Actual Startup Time": 0.005,
                                                                                        "Actual Total Time": 0.006,
                                                                                        "Actual Rows": 4,
                                                                                        "Actual Loops": 5,
                                                                                        "Hash Buckets": 1024,
                                                                                        "Original Hash Buckets": 1024,
                                                                                        "Hash Batches": 1,
                                                                                        "Original Hash Batches": 1,
                                                                                        "Peak Memory Usage": 9,
                                                                                        "Workers": [],
                                                                                        "Plans": [
                                                                                            {
                                                                                                "Node Type": "Seq Scan",
                                                                                                "Parent Relationship": "Outer",
                                                                                                "Parallel Aware": false,
                                                                                                "Async Capable": false,
                                                                                                "Relation Name": "role_type",
                                                                                                "Alias": "rt",
                                                                                                "Startup Cost": 0.0,
                                                                                                "Total Cost": 1.18,
                                                                                                "Plan Rows": 4,
                                                                                                "Plan Width": 4,
                                                                                                "Actual Startup Time": 0.003,
                                                                                                "Actual Total Time": 0.004,
                                                                                                "Actual Rows": 4,
                                                                                                "Actual Loops": 5,
                                                                                                "Filter": "((role)::text = ANY ('{actor,actress,cinematographer,composer}'::text[]))",
                                                                                                "Rows Removed by Filter": 8,
                                                                                                "Workers": []
                                                                                            }
                                                                                        ]
                                                                                    }
                                                                                ]
                                                                            },
                                                                            {
                                                                                "Node Type": "Index Scan",
                                                                                "Parent Relationship": "Inner",
                                                                                "Parallel Aware": false,
                                                                                "Async Capable": false,
                                                                                "Scan Direction": "Forward",
                                                                                "Index Name": "title_pkey",
                                                                                "Relation Name": "title",
                                                                                "Alias": "t",
                                                                                "Startup Cost": 0.43,
                                                                                "Total Cost": 0.45,
                                                                                "Plan Rows": 1,
                                                                                "Plan Width": 12,
                                                                                "Actual Startup Time": 0.003,
                                                                                "Actual Total Time": 0.003,
                                                                                "Actual Rows": 1,
                                                                                "Actual Loops": 123778,
                                                                                "Index Cond": "(id = ci.movie_id)",
                                                                                "Rows Removed by Index Recheck": 0,
                                                                                "Workers": []
                                                                            }
                                                                        ]
                                                                    },
                                                                    {
                                                                        "Node Type": "Hash",
                                                                        "Parent Relationship": "Inner",
                                                                        "Parallel Aware": false,
                                                                        "Async Capable": false,
                                                                        "Startup Cost": 1.1,
                                                                        "Total Cost": 1.1,
                                                                        "Plan Rows": 3,
                                                                        "Plan Width": 4,
                                                                        "Actual Startup Time": 0.01,
                                                                        "Actual Total Time": 0.01,
                                                                        "Actual Rows": 3,
                                                                        "Actual Loops": 5,
                                                                        "Hash Buckets": 1024,
                                                                        "Original Hash Buckets": 1024,
                                                                        "Hash Batches": 1,
                                                                        "Original Hash Batches": 1,
                                                                        "Peak Memory Usage": 9,
                                                                        "Workers": [],
                                                                        "Plans": [
                                                                            {
                                                                                "Node Type": "Seq Scan",
                                                                                "Parent Relationship": "Outer",
                                                                                "Parallel Aware": false,
                                                                                "Async Capable": false,
                                                                                "Relation Name": "kind_type",
                                                                                "Alias": "kt",
                                                                                "Startup Cost": 0.0,
                                                                                "Total Cost": 1.1,
                                                                                "Plan Rows": 3,
                                                                                "Plan Width": 4,
                                                                                "Actual Startup Time": 0.008,
                                                                                "Actual Total Time": 0.009,
                                                                                "Actual Rows": 3,
                                                                                "Actual Loops": 5,
                                                                                "Filter": "((kind)::text = ANY ('{episode,movie,\"tv movie\"}'::text[]))",
                                                                                "Rows Removed by Filter": 4,
                                                                                "Workers": []
                                                                            }
                                                                        ]
                                                                    }
                                                                ]
                                                            },
                                                            {
                                                                "Node Type": "Index Scan",
                                                                "Parent Relationship": "Inner",
                                                                "Parallel Aware": false,
                                                                "Async Capable": false,
                                                                "Scan Direction": "Forward",
                                                                "Index Name": "movie_id_movie_info",
                                                                "Relation Name": "movie_info",
                                                                "Alias": "mi1",
                                                                "Startup Cost": 0.43,
                                                                "Total Cost": 4.23,
                                                                "Plan Rows": 4,
                                                                "Plan Width": 50,
                                                                "Actual Startup Time": 0.004,
                                                                "Actual Total Time": 0.008,
                                                                "Actual Rows": 0,
                                                                "Actual Loops": 115013,
                                                                "Index Cond": "(movie_id = ci.movie_id)",
                                                                "Rows Removed by Index Recheck": 0,
                                                                "Filter": "(info = ANY ('{\"Black and White\",DTS,Dolby,English,French,Hindi,Norwegian,Portuguese,Romanian,SDDS,Spanish,Stereo,Tagalog}'::text[]))",
                                                                "Rows Removed by Filter": 9,
                                                                "Workers": []
                                                            }
                                                        ]
                                                    },
                                                    {
                                                        "Node Type": "Hash",
                                                        "Parent Relationship": "Inner",
                                                        "Parallel Aware": false,
                                                        "Async Capable": false,
                                                        "Startup Cost": 2.55,
                                                        "Total Cost": 2.55,
                                                        "Plan Rows": 3,
                                                        "Plan Width": 4,
                                                        "Actual Startup Time": 0.015,
                                                        "Actual Total Time": 0.015,
                                                        "Actual Rows": 3,
                                                        "Actual Loops": 5,
                                                        "Hash Buckets": 1024,
                                                        "Original Hash Buckets": 1024,
                                                        "Hash Batches": 1,
                                                        "Original Hash Batches": 1,
                                                        "Peak Memory Usage": 9,
                                                        "Workers": [],
                                                        "Plans": [
                                                            {
                                                                "Node Type": "Seq Scan",
                                                                "Parent Relationship": "Outer",
                                                                "Parallel Aware": false,
                                                                "Async Capable": false,
                                                                "Relation Name": "info_type",
                                                                "Alias": "it1",
                                                                "Startup Cost": 0.0,
                                                                "Total Cost": 2.55,
                                                                "Plan Rows": 3,
                                                                "Plan Width": 4,
                                                                "Actual Startup Time": 0.01,
                                                                "Actual Total Time": 0.013,
                                                                "Actual Rows": 3,
                                                                "Actual Loops": 5,
                                                                "Filter": "(id = ANY ('{2,4,6}'::integer[]))",
                                                                "Rows Removed by Filter": 110,
                                                                "Workers": []
                                                            }
                                                        ]
                                                    }
                                                ]
                                            }
                                        ]
                                    }
                                ]
                            }
                        ]
                    },
                    "Planning Time": 1.446,
                    "Triggers": [],
                    "Execution Time": 413.593
                }
            ],
            "hints": [
                "SET enable_hashjoin TO on",
                "SET enable_indexonlyscan TO on",
                "SET enable_indexscan TO on",
                "SET enable_mergejoin TO on",
                "SET enable_nestloop TO on",
                "SET enable_seqscan TO on"
            ]
        },
        {
            "arm": 1,
            "execution_time": 1110.942,
            "plan": [
                {
                    "Plan": {
                        "Node Type": "Aggregate",
                        "Strategy": "Sorted",
                        "Partial Mode": "Simple",
                        "Parallel Aware": false,
                        "Async Capable": false,
                        "Startup Cost": 683549.77,
                        "Total Cost": 683550.75,
                        "Plan Rows": 7,
                        "Plan Width": 65,
                        "Actual Startup Time": 1081.459,
                        "Actual Total Time": 1110.546,
                        "Actual Rows": 17924,
                        "Actual Loops": 1,
                        "Group Key": [
                            "mi1.info",
                            "n.name"
                        ],
                        "Plans": [
                            {
                                "Node Type": "Gather Merge",
                                "Parent Relationship": "Outer",
                                "Parallel Aware": false,
                                "Async Capable": false,
                                "Startup Cost": 683549.77,
                                "Total Cost": 683550.61,
                                "Plan Rows": 7,
                                "Plan Width": 61,
                                "Actual Startup Time": 1081.45,
                                "Actual Total Time": 1107.058,
                                "Actual Rows": 55657,
                                "Actual Loops": 1,
                                "Workers Planned": 4,
                                "Workers Launched": 4,
                                "Plans": [
                                    {
                                        "Node Type": "Sort",
                                        "Parent Relationship": "Outer",
                                        "Parallel Aware": false,
                                        "Async Capable": false,
                                        "Startup Cost": 682549.72,
                                        "Total Cost": 682549.72,
                                        "Plan Rows": 2,
                                        "Plan Width": 61,
                                        "Actual Startup Time": 1079.697,
                                        "Actual Total Time": 1080.044,
                                        "Actual Rows": 11131,
                                        "Actual Loops": 5,
                                        "Sort Key": [
                                            "mi1.info COLLATE \"C\"",
                                            "n.name COLLATE \"C\""
                                        ],
                                        "Sort Method": "quicksort",
                                        "Sort Space Used": 1054,
                                        "Sort Space Type": "Memory",
                                        "Workers": [
                                            {
                                                "Worker Number": 0,
                                                "Sort Method": "quicksort",
                                                "Sort Space Used": 1005,
                                                "Sort Space Type": "Memory"
                                            },
                                            {
                                                "Worker Number": 1,
                                                "Sort Method": "quicksort",
                                                "Sort Space Used": 1006,
                                                "Sort Space Type": "Memory"
                                            },
                                            {
                                                "Worker Number": 2,
                                                "Sort Method": "quicksort",
                                                "Sort Space Used": 1000,
                                                "Sort Space Type": "Memory"
                                            },
                                            {
                                                "Worker Number": 3,
                                                "Sort Method": "quicksort",
                                                "Sort Space Used": 1002,
                                                "Sort Space Type": "Memory"
                                            }
                                        ],
                                        "Plans": [
                                            {
                                                "Node Type": "Hash Join",
                                                "Parent Relationship": "Outer",
                                                "Parallel Aware": false,
                                                "Async Capable": false,
                                                "Join Type": "Inner",
                                                "Startup Cost": 637849.77,
                                                "Total Cost": 682549.71,
                                                "Plan Rows": 2,
                                                "Plan Width": 61,
                                                "Actual Startup Time": 1022.84,
                                                "Actual Total Time": 1075.796,
                                                "Actual Rows": 11131,
                                                "Actual Loops": 5,
                                                "Inner Unique": true,
                                                "Hash Cond": "(t.kind_id = kt.id)",
                                                "Workers": [],
                                                "Plans": [
                                                    {
                                                        "Node Type": "Hash Join",
                                                        "Parent Relationship": "Outer",
                                                        "Parallel Aware": true,
                                                        "Async Capable": false,
                                                        "Join Type": "Inner",
                                                        "Startup Cost": 637848.63,
                                                        "Total Cost": 682548.55,
                                                        "Plan Rows": 4,
                                                        "Plan Width": 65,
                                                        "Actual Startup Time": 1022.779,
                                                        "Actual Total Time": 1074.953,
                                                        "Actual Rows": 12752,
                                                        "Actual Loops": 5,
                                                        "Inner Unique": false,
                                                        "Hash Cond": "(t.id = ci.movie_id)",
                                                        "Workers": [],
                                                        "Plans": [
                                                            {
                                                                "Node Type": "Seq Scan",
                                                                "Parent Relationship": "Outer",
                                                                "Parallel Aware": true,
                                                                "Async Capable": false,
                                                                "Relation Name": "title",
                                                                "Alias": "t",
                                                                "Startup Cost": 0.0,
                                                                "Total Cost": 42329.38,
                                                                "Plan Rows": 632138,
                                                                "Plan Width": 12,
                                                                "Actual Startup Time": 0.005,
                                                                "Actual Total Time": 22.079,
                                                                "Actual Rows": 505662,
                                                                "Actual Loops": 5,
                                                                "Workers": []
                                                            },
                                                            {
                                                                "Node Type": "Hash",
                                                                "Parent Relationship": "Inner",
                                                                "Parallel Aware": true,
                                                                "Async Capable": false,
                                                                "Startup Cost": 637848.52,
                                                                "Total Cost": 637848.52,
                                                                "Plan Rows": 9,
                                                                "Plan Width": 65,
                                                                "Actual Startup Time": 1022.686,
                                                                "Actual Total Time": 1022.722,
                                                                "Actual Rows": 12752,
                                                                "Actual Loops": 5,
                                                                "Hash Buckets": 65536,
                                                                "Original Hash Buckets": 1024,
                                                                "Hash Batches": 1,
                                                                "Original Hash Batches": 1,
                                                                "Peak Memory Usage": 5496,
                                                                "Workers": [],
                                                                "Plans": [
                                                                    {
                                                                        "Node Type": "Hash Join",
                                                                        "Parent Relationship": "Outer",
                                                                        "Parallel Aware": true,
                                                                        "Async Capable": false,
                                                                        "Join Type": "Inner",
                                                                        "Startup Cost": 397673.35,
                                                                        "Total Cost": 637848.52,
                                                                        "Plan Rows": 9,
                                                                        "Plan Width": 65,
                                                                        "Actual Startup Time": 690.954,
                                                                        "Actual Total Time": 1013.082,
                                                                        "Actual Rows": 12752,
                                                                        "Actual Loops": 5,
                                                                        "Inner Unique": false,
                                                                        "Hash Cond": "(mi1.movie_id = ci.movie_id)",
                                                                        "Workers": [],
                                                                        "Plans": [
                                                                            {
                                                                                "Node Type": "Hash Join",
                                                                                "Parent Relationship": "Outer",
                                                                                "Parallel Aware": false,
                                                                                "Async Capable": false,
                                                                                "Join Type": "Inner",
                                                                                "Startup Cost": 2.59,
                                                                                "Total Cost": 240151.2,
                                                                                "Plan Rows": 7079,
                                                                                "Plan Width": 46,
                                                                                "Actual Startup Time": 52.72,
                                                                                "Actual Total Time": 354.527,
                                                                                "Actual Rows": 273314,
                                                                                "Actual Loops": 5,
                                                                                "Inner Unique": true,
                                                                                "Hash Cond": "(mi1.info_type_id = it1.id)",
                                                                                "Workers": [],
                                                                                "Plans": [
                                                                                    {
                                                                                        "Node Type": "Seq Scan",
                                                                                        "Parent Relationship": "Outer",
                                                                                        "Parallel Aware": true,
                                                                                        "Async Capable": false,
                                                                                        "Relation Name": "movie_info",
                                                                                        "Alias": "mi1",
                                                                                        "Startup Cost": 0.0,
                                                                                        "Total Cost": 239422.43,
                                                                                        "Plan Rows": 266636,
                                                                                        "Plan Width": 50,
                                                                                        "Actual Startup Time": 52.691,
                                                                                        "Actual Total Time": 337.062,
                                                                                        "Actual Rows": 274939,
                                                                                        "Actual Loops": 5,
                                                                                        "Filter": "(info = ANY ('{\"Black and White\",DTS,Dolby,English,French,Hindi,Norwegian,Portuguese,Romanian,SDDS,Spanish,Stereo,Tagalog}'::text[]))",
                                                                                        "Rows Removed by Filter": 2692205,
                                                                                        "Workers": []
                                                                                    },
                                                                                    {
                                                                                        "Node Type": "Hash",
                                                                                        "Parent Relationship": "Inner",
                                                                                        "Parallel Aware": false,
                                                                                        "Async Capable": false,
                                                                                        "Startup Cost": 2.55,
                                                                                        "Total Cost": 2.55,
                                                                                        "Plan Rows": 3,
                                                                                        "Plan Width": 4,
                                                                                        "Actual Startup Time": 0.016,
                                                                                        "Actual Total Time": 0.017,
                                                                                        "Actual Rows": 3,
                                                                                        "Actual Loops": 5,
                                                                                        "Hash Buckets": 1024,
                                                                                        "Original Hash Buckets": 1024,
                                                                                        "Hash Batches": 1,
                                                                                        "Original Hash Batches": 1,
                                                                                        "Peak Memory Usage": 9,
                                                                                        "Workers": [],
                                                                                        "Plans": [
                                                                                            {
                                                                                                "Node Type": "Seq Scan",
                                                                                                "Parent Relationship": "Outer",
                                                                                                "Parallel Aware": false,
                                                                                                "Async Capable": false,
                                                                                                "Relation Name": "info_type",
                                                                                                "Alias": "it1",
                                                                                                "Startup Cost": 0.0,
                                                                                                "Total Cost": 2.55,
                                                                                                "Plan Rows": 3,
                                                                                                "Plan Width": 4,
                                                                                                "Actual Startup Time": 0.012,
                                                                                                "Actual Total Time": 0.015,
                                                                                                "Actual Rows": 3,
                                                                                                "Actual Loops": 5,
                                                                                                "Filter": "(id = ANY ('{2,4,6}'::integer[]))",
                                                                                                "Rows Removed by Filter": 110,
                                                                                                "Workers": []
                                                                                            }
                                                                                        ]
                                                                                    }
                                                                                ]
                                                                            },
                                                                            {
                                                                                "Node Type": "Hash",
                                                                                "Parent Relationship": "Inner",
                                                                                "Parallel Aware": true,
                                                                                "Async Capable": false,
                                                                                "Startup Cost": 397668.23,
                                                                                "Total Cost": 397668.23,
                                                                                "Plan Rows": 202,
                                                                                "Plan Width": 19,
                                                                                "Actual Startup Time": 638.131,
                                                                                "Actual Total Time": 638.163,
                                                                                "Actual Rows": 24756,
                                                                                "Actual Loops": 5,
                                                                                "Hash Buckets": 131072,
                                                                                "Original Hash Buckets": 2048,
                                                                                "Hash Batches": 1,
                                                                                "Original Hash Batches": 1,
                                                                                "Peak Memory Usage": 9008,
                                                                                "Workers": [],
                                                                                "Plans": [
                                                                                    {
                                                                                        "Node Type": "Hash Join",
                                                                                        "Parent Relationship": "Outer",
                                                                                        "Parallel Aware": false,
                                                                                        "Async Capable": false,
                                                                                        "Join Type": "Inner",
                                                                                        "Startup Cost": 68681.94,
                                                                                        "Total Cost": 397668.23,
                                                                                        "Plan Rows": 202,
                                                                                        "Plan Width": 19,
                                                                                        "Actual Startup Time": 197.513,
                                                                                        "Actual Total Time": 609.729,
                                                                                        "Actual Rows": 24756,
                                                                                        "Actual Loops": 5,
                                                                                        "Inner Unique": true,
                                                                                        "Hash Cond": "(ci.role_id = rt.id)",
                                                                                        "Workers": [],
                                                                                        "Plans": [
                                                                                            {
                                                                                                "Node Type": "Hash Join",
                                                                                                "Parent Relationship": "Outer",
                                                                                                "Parallel Aware": true,
                                                                                                "Async Capable": false,
                                                                                                "Join Type": "Inner",
                                                                                                "Startup Cost": 68680.71,
                                                                                                "Total Cost": 397664.86,
                                                                                                "Plan Rows": 604,
                                                                                                "Plan Width": 23,
                                                                                                "Actual Startup Time": 134.9,
                                                                                                "Actual Total Time": 607.828,
                                                                                                "Actual Rows": 38335,
                                                                                                "Actual Loops": 5,
                                                                                                "Inner Unique": true,
                                                                                                "Hash Cond": "(ci.person_id = n.id)",
                                                                                                "Workers": [],
                                                                                                "Plans": [
                                                                                                    {
                                                                                                        "Node Type": "Seq Scan",
                                                                                                        "Parent Relationship": "Outer",
                                                                                                        "Parallel Aware": true,
                                                                                                        "Async Capable": false,
                                                                                                        "Relation Name": "cast_info",
                                                                                                        "Alias": "ci",
                                                                                                        "Startup Cost": 0.0,
                                                                                                        "Total Cost": 313127.24,
                                                                                                        "Plan Rows": 6040724,
                                                                                                        "Plan Width": 12,
                                                                                                        "Actual Startup Time": 0.018,
                                                                                                        "Actual Total Time": 234.987,
                                                                                                        "Actual Rows": 7248869,
                                                                                                        "Actual Loops": 5,
                                                                                                        "Workers": []
                                                                                                    },
                                                                                                    {
                                                                                                        "Node Type": "Hash",
                                                                                                        "Parent Relationship": "Inner",
                                                                                                        "Parallel Aware": true,
                                                                                                        "Async Capable": false,
                                                                                                        "Startup Cost": 68679.41,
                                                                                                        "Total Cost": 68679.41,
                                                                                                        "Plan Rows": 104,
                                                                                                        "Plan Width": 19,
                                                                                                        "Actual Startup Time": 134.698,
                                                                                                        "Actual Total Time": 134.699,
                                                                                                        "Actual Rows": 4873,
                                                                                                        "Actual Loops": 5,
                                                                                                        "Hash Buckets": 32768,
                                                                                                        "Original Hash Buckets": 1024,
                                                                                                        "Hash Batches": 1,
                                                                                                        "Original Hash Batches": 1,
                                                                                                        "Peak Memory Usage": 1944,
                                                                                                        "Workers": [],
                                                                                                        "Plans": [
                                                                                                            {
                                                                                                                "Node Type": "Seq Scan",
                                                                                                                "Parent Relationship": "Outer",
                                                                                                                "Parallel Aware": true,
                                                                                                                "Async Capable": false,
                                                                                                                "Relation Name": "name",
                                                                                                                "Alias": "n",
                                                                                                                "Startup Cost": 0.0,
                                                                                                                "Total Cost": 68679.41,
                                                                                                                "Plan Rows": 104,
                                                                                                                "Plan Width": 19,
                                                                                                                "Actual Startup Time": 0.043,
                                                                                                                "Actual Total Time": 105.77,
                                                                                                                "Actual Rows": 4873,
                                                                                                                "Actual Loops": 5,
                                                                                                                "Filter": "(name ~~* '%tia%'::text)",
                                                                                                                "Rows Removed by Filter": 828625,
                                                                                                                "Workers": []
                                                                                                            }
                                                                                                        ]
                                                                                                    }
                                                                                                ]
                                                                                            },
                                                                                            {
                                                                                                "Node Type": "Hash",
                                                                                                "Parent Relationship": "Inner",
                                                                                                "Parallel Aware": false,
                                                                                                "Async Capable": false,
                                                                                                "Startup Cost": 1.18,
                                                                                                "Total Cost": 1.18,
                                                                                                "Plan Rows": 4,
                                                                                                "Plan Width": 4,
                                                                                                "Actual Startup Time": 0.004,
                                                                                                "Actual Total Time": 0.005,
                                                                                                "Actual Rows": 4,
                                                                                                "Actual Loops": 5,
                                                                                                "Hash Buckets": 1024,
                                                                                                "Original Hash Buckets": 1024,
                                                                                                "Hash Batches": 1,
                                                                                                "Original Hash Batches": 1,
                                                                                                "Peak Memory Usage": 9,
                                                                                                "Workers": [],
                                                                                                "Plans": [
                                                                                                    {
                                                                                                        "Node Type": "Seq Scan",
                                                                                                        "Parent Relationship": "Outer",
                                                                                                        "Parallel Aware": false,
                                                                                                        "Async Capable": false,
                                                                                                        "Relation Name": "role_type",
                                                                                                        "Alias": "rt",
                                                                                                        "Startup Cost": 0.0,
                                                                                                        "Total Cost": 1.18,
                                                                                                        "Plan Rows": 4,
                                                                                                        "Plan Width": 4,
                                                                                                        "Actual Startup Time": 0.003,
                                                                                                        "Actual Total Time": 0.004,
                                                                                                        "Actual Rows": 4,
                                                                                                        "Actual Loops": 5,
                                                                                                        "Filter": "((role)::text = ANY ('{actor,actress,cinematographer,composer}'::text[]))",
                                                                                                        "Rows Removed by Filter": 8,
                                                                                                        "Workers": []
                                                                                                    }
                                                                                                ]
                                                                                            }
                                                                                        ]
                                                                                    }
                                                                                ]
                                                                            }
                                                                        ]
                                                                    }
                                                                ]
                                                            }
                                                        ]
                                                    },
                                                    {
                                                        "Node Type": "Hash",
                                                        "Parent Relationship": "Inner",
                                                        "Parallel Aware": false,
                                                        "Async Capable": false,
                                                        "Startup Cost": 1.1,
                                                        "Total Cost": 1.1,
                                                        "Plan Rows": 3,
                                                        "Plan Width": 4,
                                                        "Actual Startup Time": 0.011,
                                                        "Actual Total Time": 0.011,
                                                        "Actual Rows": 3,
                                                        "Actual Loops": 5,
                                                        "Hash Buckets": 1024,
                                                        "Original Hash Buckets": 1024,
                                                        "Hash Batches": 1,
                                                        "Original Hash Batches": 1,
                                                        "Peak Memory Usage": 9,
                                                        "Workers": [],
                                                        "Plans": [
                                                            {
                                                                "Node Type": "Seq Scan",
                                                                "Parent Relationship": "Outer",
                                                                "Parallel Aware": false,
                                                                "Async Capable": false,
                                                                "Relation Name": "kind_type",
                                                                "Alias": "kt",
                                                                "Startup Cost": 0.0,
                                                                "Total Cost": 1.1,
                                                                "Plan Rows": 3,
                                                                "Plan Width": 4,
                                                                "Actual Startup Time": 0.008,
                                                                "Actual Total Time": 0.009,
                                                                "Actual Rows": 3,
                                                                "Actual Loops": 5,
                                                                "Filter": "((kind)::text = ANY ('{episode,movie,\"tv movie\"}'::text[]))",
                                                                "Rows Removed by Filter": 4,
                                                                "Workers": []
                                                            }
                                                        ]
                                                    }
                                                ]
                                            }
                                        ]
                                    }
                                ]
                            }
                        ]
                    },
                    "Planning Time": 1.062,
                    "Triggers": [],
                    "Execution Time": 1110.942
                }
            ],
            "hints": [
                "SET enable_hashjoin TO on",
                "SET enable_indexonlyscan TO on",
                "SET enable_indexscan TO on",
                "SET enable_mergejoin TO on",
                "SET enable_nestloop TO off",
                "SET enable_seqscan TO on"
            ]
        },
        {
            "arm": 2,
            "execution_time": 1104.236,
            "plan": [
                {
                    "Plan": {
                        "Node Type": "Aggregate",
                        "Strategy": "Sorted",
                        "Partial Mode": "Simple",
                        "Parallel Aware": false,
                        "Async Capable": false,
                        "Startup Cost": 683549.77,
                        "Total Cost": 683550.75,
                        "Plan Rows": 7,
                        "Plan Width": 65,
                        "Actual Startup Time": 1074.542,
                        "Actual Total Time": 1103.828,
                        "Actual Rows": 17924,
                        "Actual Loops": 1,
                        "Group Key": [
                            "mi1.info",
                            "n.name"
                        ],
                        "Plans": [
                            {
                                "Node Type": "Gather Merge",
                                "Parent Relationship": "Outer",
                                "Parallel Aware": false,
                                "Async Capable": false,
                                "Startup Cost": 683549.77,
                                "Total Cost": 683550.61,
                                "Plan Rows": 7,
                                "Plan Width": 61,
                                "Actual Startup Time": 1074.535,
                                "Actual Total Time": 1100.052,
                                "Actual Rows": 55657,
                                "Actual Loops": 1,
                                "Workers Planned": 4,
                                "Workers Launched": 4,
                                "Plans": [
                                    {
                                        "Node Type": "Sort",
                                        "Parent Relationship": "Outer",
                                        "Parallel Aware": false,
                                        "Async Capable": false,
                                        "Startup Cost": 682549.72,
                                        "Total Cost": 682549.72,
                                        "Plan Rows": 2,
                                        "Plan Width": 61,
                                        "Actual Startup Time": 1072.709,
                                        "Actual Total Time": 1073.075,
                                        "Actual Rows": 11131,
                                        "Actual Loops": 5,
                                        "Sort Key": [
                                            "mi1.info COLLATE \"C\"",
                                            "n.name COLLATE \"C\""
                                        ],
                                        "Sort Method": "quicksort",
                                        "Sort Space Used": 1054,
                                        "Sort Space Type": "Memory",
                                        "Workers": [
                                            {
                                                "Worker Number": 0,
                                                "Sort Method": "quicksort",
                                                "Sort Space Used": 1010,
                                                "Sort Space Type": "Memory"
                                            },
                                            {
                                                "Worker Number": 1,
                                                "Sort Method": "quicksort",
                                                "Sort Space Used": 995,
                                                "Sort Space Type": "Memory"
                                            },
                                            {
                                                "Worker Number": 2,
                                                "Sort Method": "quicksort",
                                                "Sort Space Used": 1007,
                                                "Sort Space Type": "Memory"
                                            },
                                            {
                                                "Worker Number": 3,
                                                "Sort Method": "quicksort",
                                                "Sort Space Used": 1000,
                                                "Sort Space Type": "Memory"
                                            }
                                        ],
                                        "Plans": [
                                            {
                                                "Node Type": "Hash Join",
                                                "Parent Relationship": "Outer",
                                                "Parallel Aware": false,
                                                "Async Capable": false,
                                                "Join Type": "Inner",
                                                "Startup Cost": 637849.77,
                                                "Total Cost": 682549.71,
                                                "Plan Rows": 2,
                                                "Plan Width": 61,
                                                "Actual Startup Time": 1017.615,
                                                "Actual Total Time": 1068.864,
                                                "Actual Rows": 11131,
                                                "Actual Loops": 5,
                                                "Inner Unique": true,
                                                "Hash Cond": "(t.kind_id = kt.id)",
                                                "Workers": [],
                                                "Plans": [
                                                    {
                                                        "Node Type": "Hash Join",
                                                        "Parent Relationship": "Outer",
                                                        "Parallel Aware": true,
                                                        "Async Capable": false,
                                                        "Join Type": "Inner",
                                                        "Startup Cost": 637848.63,
                                                        "Total Cost": 682548.55,
                                                        "Plan Rows": 4,
                                                        "Plan Width": 65,
                                                        "Actual Startup Time": 1017.555,
                                                        "Actual Total Time": 1068.018,
                                                        "Actual Rows": 12752,
                                                        "Actual Loops": 5,
                                                        "Inner Unique": false,
                                                        "Hash Cond": "(t.id = ci.movie_id)",
                                                        "Workers": [],
                                                        "Plans": [
                                                            {
                                                                "Node Type": "Seq Scan",
                                                                "Parent Relationship": "Outer",
                                                                "Parallel Aware": true,
                                                                "Async Capable": false,
                                                                "Relation Name": "title",
                                                                "Alias": "t",
                                                                "Startup Cost": 0.0,
                                                                "Total Cost": 42329.38,
                                                                "Plan Rows": 632138,
                                                                "Plan Width": 12,
                                                                "Actual Startup Time": 0.004,
                                                                "Actual Total Time": 20.337,
                                                                "Actual Rows": 505662,
                                                                "Actual Loops": 5,
                                                                "Workers": []
                                                            },
                                                            {
                                                                "Node Type": "Hash",
                                                                "Parent Relationship": "Inner",
                                                                "Parallel Aware": true,
                                                                "Async Capable": false,
                                                                "Startup Cost": 637848.52,
                                                                "Total Cost": 637848.52,
                                                                "Plan Rows": 9,
                                                                "Plan Width": 65,
                                                                "Actual Startup Time": 1017.47,
                                                                "Actual Total Time": 1017.52,
                                                                "Actual Rows": 12752,
                                                                "Actual Loops": 5,
                                                                "Hash Buckets": 65536,
                                                                "Original Hash Buckets": 1024,
                                                                "Hash Batches": 1,
                                                                "Original Hash Batches": 1,
                                                                "Peak Memory Usage": 5528,
                                                                "Workers": [],
                                                                "Plans": [
                                                                    {
                                                                        "Node Type": "Hash Join",
                                                                        "Parent Relationship": "Outer",
                                                                        "Parallel Aware": true,
                                                                        "Async Capable": false,
                                                                        "Join Type": "Inner",
                                                                        "Startup Cost": 397673.35,
                                                                        "Total Cost": 637848.52,
                                                                        "Plan Rows": 9,
                                                                        "Plan Width": 65,
                                                                        "Actual Startup Time": 683.761,
                                                                        "Actual Total Time": 1005.411,
                                                                        "Actual Rows": 12752,
                                                                        "Actual Loops": 5,
                                                                        "Inner Unique": false,
                                                                        "Hash Cond": "(mi1.movie_id = ci.movie_id)",
                                                                        "Workers": [],
                                                                        "Plans": [
                                                                            {
                                                                                "Node Type": "Hash Join",
                                                                                "Parent Relationship": "Outer",
                                                                                "Parallel Aware": false,
                                                                                "Async Capable": false,
                                                                                "Join Type": "Inner",
                                                                                "Startup Cost": 2.59,
                                                                                "Total Cost": 240151.2,
                                                                                "Plan Rows": 7079,
                                                                                "Plan Width": 46,
                                                                                "Actual Startup Time": 52.203,
                                                                                "Actual Total Time": 353.308,
                                                                                "Actual Rows": 273314,
                                                                                "Actual Loops": 5,
                                                                                "Inner Unique": true,
                                                                                "Hash Cond": "(mi1.info_type_id = it1.id)",
                                                                                "Workers": [],
                                                                                "Plans": [
                                                                                    {
                                                                                        "Node Type": "Seq Scan",
                                                                                        "Parent Relationship": "Outer",
                                                                                        "Parallel Aware": true,
                                                                                        "Async Capable": false,
                                                                                        "Relation Name": "movie_info",
                                                                                        "Alias": "mi1",
                                                                                        "Startup Cost": 0.0,
                                                                                        "Total Cost": 239422.43,
                                                                                        "Plan Rows": 266636,
                                                                                        "Plan Width": 50,
                                                                                        "Actual Startup Time": 52.171,
                                                                                        "Actual Total Time": 335.942,
                                                                                        "Actual Rows": 274939,
                                                                                        "Actual Loops": 5,
                                                                                        "Filter": "(info = ANY ('{\"Black and White\",DTS,Dolby,English,French,Hindi,Norwegian,Portuguese,Romanian,SDDS,Spanish,Stereo,Tagalog}'::text[]))",
                                                                                        "Rows Removed by Filter": 2692205,
                                                                                        "Workers": []
                                                                                    },
                                                                                    {
                                                                                        "Node Type": "Hash",
                                                                                        "Parent Relationship": "Inner",
                                                                                        "Parallel Aware": false,
                                                                                        "Async Capable": false,
                                                                                        "Startup Cost": 2.55,
                                                                                        "Total Cost": 2.55,
                                                                                        "Plan Rows": 3,
                                                                                        "Plan Width": 4,
                                                                                        "Actual Startup Time": 0.018,
                                                                                        "Actual Total Time": 0.019,
                                                                                        "Actual Rows": 3,
                                                                                        "Actual Loops": 5,
                                                                                        "Hash Buckets": 1024,
                                                                                        "Original Hash Buckets": 1024,
                                                                                        "Hash Batches": 1,
                                                                                        "Original Hash Batches": 1,
                                                                                        "Peak Memory Usage": 9,
                                                                                        "Workers": [],
                                                                                        "Plans": [
                                                                                            {
                                                                                                "Node Type": "Seq Scan",
                                                                                                "Parent Relationship": "Outer",
                                                                                                "Parallel Aware": false,
                                                                                                "Async Capable": false,
                                                                                                "Relation Name": "info_type",
                                                                                                "Alias": "it1",
                                                                                                "Startup Cost": 0.0,
                                                                                                "Total Cost": 2.55,
                                                                                                "Plan Rows": 3,
                                                                                                "Plan Width": 4,
                                                                                                "Actual Startup Time": 0.013,
                                                                                                "Actual Total Time": 0.016,
                                                                                                "Actual Rows": 3,
                                                                                                "Actual Loops": 5,
                                                                                                "Filter": "(id = ANY ('{2,4,6}'::integer[]))",
                                                                                                "Rows Removed by Filter": 110,
                                                                                                "Workers": []
                                                                                            }
                                                                                        ]
                                                                                    }
                                                                                ]
                                                                            },
                                                                            {
                                                                                "Node Type": "Hash",
                                                                                "Parent Relationship": "Inner",
                                                                                "Parallel Aware": true,
                                                                                "Async Capable": false,
                                                                                "Startup Cost": 397668.23,
                                                                                "Total Cost": 397668.23,
                                                                                "Plan Rows": 202,
                                                                                "Plan Width": 19,
                                                                                "Actual Startup Time": 631.462,
                                                                                "Actual Total Time": 631.51,
                                                                                "Actual Rows": 24756,
                                                                                "Actual Loops": 5,
                                                                                "Hash Buckets": 131072,
                                                                                "Original Hash Buckets": 2048,
                                                                                "Hash Batches": 1,
                                                                                "Original Hash Batches": 1,
                                                                                "Peak Memory Usage": 9040,
                                                                                "Workers": [],
                                                                                "Plans": [
                                                                                    {
                                                                                        "Node Type": "Hash Join",
                                                                                        "Parent Relationship": "Outer",
                                                                                        "Parallel Aware": false,
                                                                                        "Async Capable": false,
                                                                                        "Join Type": "Inner",
                                                                                        "Startup Cost": 68681.94,
                                                                                        "Total Cost": 397668.23,
                                                                                        "Plan Rows": 202,
                                                                                        "Plan Width": 19,
                                                                                        "Actual Startup Time": 192.443,
                                                                                        "Actual Total Time": 604.533,
                                                                                        "Actual Rows": 24756,
                                                                                        "Actual Loops": 5,
                                                                                        "Inner Unique": true,
                                                                                        "Hash Cond": "(ci.role_id = rt.id)",
                                                                                        "Workers": [],
                                                                                        "Plans": [
                                                                                            {
                                                                                                "Node Type": "Hash Join",
                                                                                                "Parent Relationship": "Outer",
                                                                                                "Parallel Aware": true,
                                                                                                "Async Capable": false,
                                                                                                "Join Type": "Inner",
                                                                                                "Startup Cost": 68680.71,
                                                                                                "Total Cost": 397664.86,
                                                                                                "Plan Rows": 604,
                                                                                                "Plan Width": 23,
                                                                                                "Actual Startup Time": 129.429,
                                                                                                "Actual Total Time": 602.619,
                                                                                                "Actual Rows": 38335,
                                                                                                "Actual Loops": 5,
                                                                                                "Inner Unique": true,
                                                                                                "Hash Cond": "(ci.person_id = n.id)",
                                                                                                "Workers": [],
                                                                                                "Plans": [
                                                                                                    {
                                                                                                        "Node Type": "Seq Scan",
                                                                                                        "Parent Relationship": "Outer",
                                                                                                        "Parallel Aware": true,
                                                                                                        "Async Capable": false,
                                                                                                        "Relation Name": "cast_info",
                                                                                                        "Alias": "ci",
                                                                                                        "Startup Cost": 0.0,
                                                                                                        "Total Cost": 313127.24,
                                                                                                        "Plan Rows": 6040724,
                                                                                                        "Plan Width": 12,
                                                                                                        "Actual Startup Time": 0.025,
                                                                                                        "Actual Total Time": 234.433,
                                                                                                        "Actual Rows": 7248869,
                                                                                                        "Actual Loops": 5,
                                                                                                        "Workers": []
                                                                                                    },
                                                                                                    {
                                                                                                        "Node Type": "Hash",
                                                                                                        "Parent Relationship": "Inner",
                                                                                                        "Parallel Aware": true,
                                                                                                        "Async Capable": false,
                                                                                                        "Startup Cost": 68679.41,
                                                                                                        "Total Cost": 68679.41,
                                                                                                        "Plan Rows": 104,
                                                                                                        "Plan Width": 19,
                                                                                                        "Actual Startup Time": 129.213,
                                                                                                        "Actual Total Time": 129.213,
                                                                                                        "Actual Rows": 4873,
                                                                                                        "Actual Loops": 5,
                                                                                                        "Hash Buckets": 32768,
                                                                                                        "Original Hash Buckets": 1024,
                                                                                                        "Hash Batches": 1,
                                                                                                        "Original Hash Batches": 1,
                                                                                                        "Peak Memory Usage": 1912,
                                                                                                        "Workers": [],
                                                                                                        "Plans": [
                                                                                                            {
                                                                                                                "Node Type": "Seq Scan",
                                                                                                                "Parent Relationship": "Outer",
                                                                                                                "Parallel Aware": true,
                                                                                                                "Async Capable": false,
                                                                                                                "Relation Name": "name",
                                                                                                                "Alias": "n",
                                                                                                                "Startup Cost": 0.0,
                                                                                                                "Total Cost": 68679.41,
                                                                                                                "Plan Rows": 104,
                                                                                                                "Plan Width": 19,
                                                                                                                "Actual Startup Time": 0.042,
                                                                                                                "Actual Total Time": 103.581,
                                                                                                                "Actual Rows": 4873,
                                                                                                                "Actual Loops": 5,
                                                                                                                "Filter": "(name ~~* '%tia%'::text)",
                                                                                                                "Rows Removed by Filter": 828625,
                                                                                                                "Workers": []
                                                                                                            }
                                                                                                        ]
                                                                                                    }
                                                                                                ]
                                                                                            },
                                                                                            {
                                                                                                "Node Type": "Hash",
                                                                                                "Parent Relationship": "Inner",
                                                                                                "Parallel Aware": false,
                                                                                                "Async Capable": false,
                                                                                                "Startup Cost": 1.18,
                                                                                                "Total Cost": 1.18,
                                                                                                "Plan Rows": 4,
                                                                                                "Plan Width": 4,
                                                                                                "Actual Startup Time": 0.005,
                                                                                                "Actual Total Time": 0.006,
                                                                                                "Actual Rows": 4,
                                                                                                "Actual Loops": 5,
                                                                                                "Hash Buckets": 1024,
                                                                                                "Original Hash Buckets": 1024,
                                                                                                "Hash Batches": 1,
                                                                                                "Original Hash Batches": 1,
                                                                                                "Peak Memory Usage": 9,
                                                                                                "Workers": [],
                                                                                                "Plans": [
                                                                                                    {
                                                                                                        "Node Type": "Seq Scan",
                                                                                                        "Parent Relationship": "Outer",
                                                                                                        "Parallel Aware": false,
                                                                                                        "Async Capable": false,
                                                                                                        "Relation Name": "role_type",
                                                                                                        "Alias": "rt",
                                                                                                        "Startup Cost": 0.0,
                                                                                                        "Total Cost": 1.18,
                                                                                                        "Plan Rows": 4,
                                                                                                        "Plan Width": 4,
                                                                                                        "Actual Startup Time": 0.004,
                                                                                                        "Actual Total Time": 0.004,
                                                                                                        "Actual Rows": 4,
                                                                                                        "Actual Loops": 5,
                                                                                                        "Filter": "((role)::text = ANY ('{actor,actress,cinematographer,composer}'::text[]))",
                                                                                                        "Rows Removed by Filter": 8,
                                                                                                        "Workers": []
                                                                                                    }
                                                                                                ]
                                                                                            }
                                                                                        ]
                                                                                    }
                                                                                ]
                                                                            }
                                                                        ]
                                                                    }
                                                                ]
                                                            }
                                                        ]
                                                    },
                                                    {
                                                        "Node Type": "Hash",
                                                        "Parent Relationship": "Inner",
                                                        "Parallel Aware": false,
                                                        "Async Capable": false,
                                                        "Startup Cost": 1.1,
                                                        "Total Cost": 1.1,
                                                        "Plan Rows": 3,
                                                        "Plan Width": 4,
                                                        "Actual Startup Time": 0.012,
                                                        "Actual Total Time": 0.012,
                                                        "Actual Rows": 3,
                                                        "Actual Loops": 5,
                                                        "Hash Buckets": 1024,
                                                        "Original Hash Buckets": 1024,
                                                        "Hash Batches": 1,
                                                        "Original Hash Batches": 1,
                                                        "Peak Memory Usage": 9,
                                                        "Workers": [],
                                                        "Plans": [
                                                            {
                                                                "Node Type": "Seq Scan",
                                                                "Parent Relationship": "Outer",
                                                                "Parallel Aware": false,
                                                                "Async Capable": false,
                                                                "Relation Name": "kind_type",
                                                                "Alias": "kt",
                                                                "Startup Cost": 0.0,
                                                                "Total Cost": 1.1,
                                                                "Plan Rows": 3,
                                                                "Plan Width": 4,
                                                                "Actual Startup Time": 0.01,
                                                                "Actual Total Time": 0.01,
                                                                "Actual Rows": 3,
                                                                "Actual Loops": 5,
                                                                "Filter": "((kind)::text = ANY ('{episode,movie,\"tv movie\"}'::text[]))",
                                                                "Rows Removed by Filter": 4,
                                                                "Workers": []
                                                            }
                                                        ]
                                                    }
                                                ]
                                            }
                                        ]
                                    }
                                ]
                            }
                        ]
                    },
                    "Planning Time": 0.665,
                    "Triggers": [],
                    "Execution Time": 1104.236
                }
            ],
            "hints": [
                "SET enable_hashjoin TO on",
                "SET enable_indexonlyscan TO on",
                "SET enable_indexscan TO off",
                "SET enable_mergejoin TO off",
                "SET enable_nestloop TO on",
                "SET enable_seqscan TO on"
            ]
        },
        {
            "arm": 3,
            "execution_time": 1110.739,
            "plan": [
                {
                    "Plan": {
                        "Node Type": "Aggregate",
                        "Strategy": "Sorted",
                        "Partial Mode": "Simple",
                        "Parallel Aware": false,
                        "Async Capable": false,
                        "Startup Cost": 683549.77,
                        "Total Cost": 683550.75,
                        "Plan Rows": 7,
                        "Plan Width": 65,
                        "Actual Startup Time": 1081.107,
                        "Actual Total Time": 1110.345,
                        "Actual Rows": 17924,
                        "Actual Loops": 1,
                        "Group Key": [
                            "mi1.info",
                            "n.name"
                        ],
                        "Plans": [
                            {
                                "Node Type": "Gather Merge",
                                "Parent Relationship": "Outer",
                                "Parallel Aware": false,
                                "Async Capable": false,
                                "Startup Cost": 683549.77,
                                "Total Cost": 683550.61,
                                "Plan Rows": 7,
                                "Plan Width": 61,
                                "Actual Startup Time": 1081.1,
                                "Actual Total Time": 1106.769,
                                "Actual Rows": 55657,
                                "Actual Loops": 1,
                                "Workers Planned": 4,
                                "Workers Launched": 4,
                                "Plans": [
                                    {
                                        "Node Type": "Sort",
                                        "Parent Relationship": "Outer",
                                        "Parallel Aware": false,
                                        "Async Capable": false,
                                        "Startup Cost": 682549.72,
                                        "Total Cost": 682549.72,
                                        "Plan Rows": 2,
                                        "Plan Width": 61,
                                        "Actual Startup Time": 1079.105,
                                        "Actual Total Time": 1079.46,
                                        "Actual Rows": 11131,
                                        "Actual Loops": 5,
                                        "Sort Key": [
                                            "mi1.info COLLATE \"C\"",
                                            "n.name COLLATE \"C\""
                                        ],
                                        "Sort Method": "quicksort",
                                        "Sort Space Used": 1063,
                                        "Sort Space Type": "Memory",
                                        "Workers": [
                                            {
                                                "Worker Number": 0,
                                                "Sort Method": "quicksort",
                                                "Sort Space Used": 1014,
                                                "Sort Space Type": "Memory"
                                            },
                                            {
                                                "Worker Number": 1,
                                                "Sort Method": "quicksort",
                                                "Sort Space Used": 1005,
                                                "Sort Space Type": "Memory"
                                            },
                                            {
                                                "Worker Number": 2,
                                                "Sort Method": "quicksort",
                                                "Sort Space Used": 1006,
                                                "Sort Space Type": "Memory"
                                            },
                                            {
                                                "Worker Number": 3,
                                                "Sort Method": "quicksort",
                                                "Sort Space Used": 979,
                                                "Sort Space Type": "Memory"
                                            }
                                        ],
                                        "Plans": [
                                            {
                                                "Node Type": "Hash Join",
                                                "Parent Relationship": "Outer",
                                                "Parallel Aware": false,
                                                "Async Capable": false,
                                                "Join Type": "Inner",
                                                "Startup Cost": 637849.77,
                                                "Total Cost": 682549.71,
                                                "Plan Rows": 2,
                                                "Plan Width": 61,
                                                "Actual Startup Time": 1022.924,
                                                "Actual Total Time": 1075.202,
                                                "Actual Rows": 11131,
                                                "Actual Loops": 5,
                                                "Inner Unique": true,
                                                "Hash Cond": "(t.kind_id = kt.id)",
                                                "Workers": [],
                                                "Plans": [
                                                    {
                                                        "Node Type": "Hash Join",
                                                        "Parent Relationship": "Outer",
                                                        "Parallel Aware": true,
                                                        "Async Capable": false,
                                                        "Join Type": "Inner",
                                                        "Startup Cost": 637848.63,
                                                        "Total Cost": 682548.55,
                                                        "Plan Rows": 4,
                                                        "Plan Width": 65,
                                                        "Actual Startup Time": 1022.85,
                                                        "Actual Total Time": 1074.337,
                                                        "Actual Rows": 12752,
                                                        "Actual Loops": 5,
                                                        "Inner Unique": false,
                                                        "Hash Cond": "(t.id = ci.movie_id)",
                                                        "Workers": [],
                                                        "Plans": [
                                                            {
                                                                "Node Type": "Seq Scan",
                                                                "Parent Relationship": "Outer",
                                                                "Parallel Aware": true,
                                                                "Async Capable": false,
                                                                "Relation Name": "title",
                                                                "Alias": "t",
                                                                "Startup Cost": 0.0,
                                                                "Total Cost": 42329.38,
                                                                "Plan Rows": 632138,
                                                                "Plan Width": 12,
                                                                "Actual Startup Time": 0.003,
                                                                "Actual Total Time": 20.67,
                                                                "Actual Rows": 505662,
                                                                "Actual Loops": 5,
                                                                "Workers": []
                                                            },
                                                            {
                                                                "Node Type": "Hash",
                                                                "Parent Relationship": "Inner",
                                                                "Parallel Aware": true,
                                                                "Async Capable": false,
                                                                "Startup Cost": 637848.52,
                                                                "Total Cost": 637848.52,
                                                                "Plan Rows": 9,
                                                                "Plan Width": 65,
                                                                "Actual Startup Time": 1022.745,
                                                                "Actual Total Time": 1022.77,
                                                                "Actual Rows": 12752,
                                                                "Actual Loops": 5,
                                                                "Hash Buckets": 65536,
                                                                "Original Hash Buckets": 1024,
                                                                "Hash Batches": 1,
                                                                "Original Hash Batches": 1,
                                                                "Peak Memory Usage": 5496,
                                                                "Workers": [],
                                                                "Plans": [
                                                                    {
                                                                        "Node Type": "Hash Join",
                                                                        "Parent Relationship": "Outer",
                                                                        "Parallel Aware": true,
                                                                        "Async Capable": false,
                                                                        "Join Type": "Inner",
                                                                        "Startup Cost": 397673.35,
                                                                        "Total Cost": 637848.52,
                                                                        "Plan Rows": 9,
                                                                        "Plan Width": 65,
                                                                        "Actual Startup Time": 689.911,
                                                                        "Actual Total Time": 1011.919,
                                                                        "Actual Rows": 12752,
                                                                        "Actual Loops": 5,
                                                                        "Inner Unique": false,
                                                                        "Hash Cond": "(mi1.movie_id = ci.movie_id)",
                                                                        "Workers": [],
                                                                        "Plans": [
                                                                            {
                                                                                "Node Type": "Hash Join",
                                                                                "Parent Relationship": "Outer",
                                                                                "Parallel Aware": false,
                                                                                "Async Capable": false,
                                                                                "Join Type": "Inner",
                                                                                "Startup Cost": 2.59,
                                                                                "Total Cost": 240151.2,
                                                                                "Plan Rows": 7079,
                                                                                "Plan Width": 46,
                                                                                "Actual Startup Time": 52.612,
                                                                                "Actual Total Time": 353.999,
                                                                                "Actual Rows": 273314,
                                                                                "Actual Loops": 5,
                                                                                "Inner Unique": true,
                                                                                "Hash Cond": "(mi1.info_type_id = it1.id)",
                                                                                "Workers": [],
                                                                                "Plans": [
                                                                                    {
                                                                                        "Node Type": "Seq Scan",
                                                                                        "Parent Relationship": "Outer",
                                                                                        "Parallel Aware": true,
                                                                                        "Async Capable": false,
                                                                                        "Relation Name": "movie_info",
                                                                                        "Alias": "mi1",
                                                                                        "Startup Cost": 0.0,
                                                                                        "Total Cost": 239422.43,
                                                                                        "Plan Rows": 266636,
                                                                                        "Plan Width": 50,
                                                                                        "Actual Startup Time": 52.585,
                                                                                        "Actual Total Time": 335.886,
                                                                                        "Actual Rows": 274939,
                                                                                        "Actual Loops": 5,
                                                                                        "Filter": "(info = ANY ('{\"Black and White\",DTS,Dolby,English,French,Hindi,Norwegian,Portuguese,Romanian,SDDS,Spanish,Stereo,Tagalog}'::text[]))",
                                                                                        "Rows Removed by Filter": 2692205,
                                                                                        "Workers": []
                                                                                    },
                                                                                    {
                                                                                        "Node Type": "Hash",
                                                                                        "Parent Relationship": "Inner",
                                                                                        "Parallel Aware": false,
                                                                                        "Async Capable": false,
                                                                                        "Startup Cost": 2.55,
                                                                                        "Total Cost": 2.55,
                                                                                        "Plan Rows": 3,
                                                                                        "Plan Width": 4,
                                                                                        "Actual Startup Time": 0.016,
                                                                                        "Actual Total Time": 0.017,
                                                                                        "Actual Rows": 3,
                                                                                        "Actual Loops": 5,
                                                                                        "Hash Buckets": 1024,
                                                                                        "Original Hash Buckets": 1024,
                                                                                        "Hash Batches": 1,
                                                                                        "Original Hash Batches": 1,
                                                                                        "Peak Memory Usage": 9,
                                                                                        "Workers": [],
                                                                                        "Plans": [
                                                                                            {
                                                                                                "Node Type": "Seq Scan",
                                                                                                "Parent Relationship": "Outer",
                                                                                                "Parallel Aware": false,
                                                                                                "Async Capable": false,
                                                                                                "Relation Name": "info_type",
                                                                                                "Alias": "it1",
                                                                                                "Startup Cost": 0.0,
                                                                                                "Total Cost": 2.55,
                                                                                                "Plan Rows": 3,
                                                                                                "Plan Width": 4,
                                                                                                "Actual Startup Time": 0.012,
                                                                                                "Actual Total Time": 0.014,
                                                                                                "Actual Rows": 3,
                                                                                                "Actual Loops": 5,
                                                                                                "Filter": "(id = ANY ('{2,4,6}'::integer[]))",
                                                                                                "Rows Removed by Filter": 110,
                                                                                                "Workers": []
                                                                                            }
                                                                                        ]
                                                                                    }
                                                                                ]
                                                                            },
                                                                            {
                                                                                "Node Type": "Hash",
                                                                                "Parent Relationship": "Inner",
                                                                                "Parallel Aware": true,
                                                                                "Async Capable": false,
                                                                                "Startup Cost": 397668.23,
                                                                                "Total Cost": 397668.23,
                                                                                "Plan Rows": 202,
                                                                                "Plan Width": 19,
                                                                                "Actual Startup Time": 637.193,
                                                                                "Actual Total Time": 637.216,
                                                                                "Actual Rows": 24756,
                                                                                "Actual Loops": 5,
                                                                                "Hash Buckets": 131072,
                                                                                "Original Hash Buckets": 2048,
                                                                                "Hash Batches": 1,
                                                                                "Original Hash Batches": 1,
                                                                                "Peak Memory Usage": 9008,
                                                                                "Workers": [],
                                                                                "Plans": [
                                                                                    {
                                                                                        "Node Type": "Hash Join",
                                                                                        "Parent Relationship": "Outer",
                                                                                        "Parallel Aware": false,
                                                                                        "Async Capable": false,
                                                                                        "Join Type": "Inner",
                                                                                        "Startup Cost": 68681.94,
                                                                                        "Total Cost": 397668.23,
                                                                                        "Plan Rows": 202,
                                                                                        "Plan Width": 19,
                                                                                        "Actual Startup Time": 195.44,
                                                                                        "Actual Total Time": 610.064,
                                                                                        "Actual Rows": 24756,
                                                                                        "Actual Loops": 5,
                                                                                        "Inner Unique": true,
                                                                                        "Hash Cond": "(ci.role_id = rt.id)",
                                                                                        "Workers": [],
                                                                                        "Plans": [
                                                                                            {
                                                                                                "Node Type": "Hash Join",
                                                                                                "Parent Relationship": "Outer",
                                                                                                "Parallel Aware": true,
                                                                                                "Async Capable": false,
                                                                                                "Join Type": "Inner",
                                                                                                "Startup Cost": 68680.71,
                                                                                                "Total Cost": 397664.86,
                                                                                                "Plan Rows": 604,
                                                                                                "Plan Width": 23,
                                                                                                "Actual Startup Time": 132.53,
                                                                                                "Actual Total Time": 608.143,
                                                                                                "Actual Rows": 38335,
                                                                                                "Actual Loops": 5,
                                                                                                "Inner Unique": true,
                                                                                                "Hash Cond": "(ci.person_id = n.id)",
                                                                                                "Workers": [],
                                                                                                "Plans": [
                                                                                                    {
                                                                                                        "Node Type": "Seq Scan",
                                                                                                        "Parent Relationship": "Outer",
                                                                                                        "Parallel Aware": true,
                                                                                                        "Async Capable": false,
                                                                                                        "Relation Name": "cast_info",
                                                                                                        "Alias": "ci",
                                                                                                        "Startup Cost": 0.0,
                                                                                                        "Total Cost": 313127.24,
                                                                                                        "Plan Rows": 6040724,
                                                                                                        "Plan Width": 12,
                                                                                                        "Actual Startup Time": 0.028,
                                                                                                        "Actual Total Time": 235.137,
                                                                                                        "Actual Rows": 7248869,
                                                                                                        "Actual Loops": 5,
                                                                                                        "Workers": []
                                                                                                    },
                                                                                                    {
                                                                                                        "Node Type": "Hash",
                                                                                                        "Parent Relationship": "Inner",
                                                                                                        "Parallel Aware": true,
                                                                                                        "Async Capable": false,
                                                                                                        "Startup Cost": 68679.41,
                                                                                                        "Total Cost": 68679.41,
                                                                                                        "Plan Rows": 104,
                                                                                                        "Plan Width": 19,
                                                                                                        "Actual Startup Time": 132.283,
                                                                                                        "Actual Total Time": 132.283,
                                                                                                        "Actual Rows": 4873,
                                                                                                        "Actual Loops": 5,
                                                                                                        "Hash Buckets": 32768,
                                                                                                        "Original Hash Buckets": 1024,
                                                                                                        "Hash Batches": 1,
                                                                                                        "Original Hash Batches": 1,
                                                                                                        "Peak Memory Usage": 1944,
                                                                                                        "Workers": [],
                                                                                                        "Plans": [
                                                                                                            {
                                                                                                                "Node Type": "Seq Scan",
                                                                                                                "Parent Relationship": "Outer",
                                                                                                                "Parallel Aware": true,
                                                                                                                "Async Capable": false,
                                                                                                                "Relation Name": "name",
                                                                                                                "Alias": "n",
                                                                                                                "Startup Cost": 0.0,
                                                                                                                "Total Cost": 68679.41,
                                                                                                                "Plan Rows": 104,
                                                                                                                "Plan Width": 19,
                                                                                                                "Actual Startup Time": 0.056,
                                                                                                                "Actual Total Time": 106.264,
                                                                                                                "Actual Rows": 4873,
                                                                                                                "Actual Loops": 5,
                                                                                                                "Filter": "(name ~~* '%tia%'::text)",
                                                                                                                "Rows Removed by Filter": 828625,
                                                                                                                "Workers": []
                                                                                                            }
                                                                                                        ]
                                                                                                    }
                                                                                                ]
                                                                                            },
                                                                                            {
                                                                                                "Node Type": "Hash",
                                                                                                "Parent Relationship": "Inner",
                                                                                                "Parallel Aware": false,
                                                                                                "Async Capable": false,
                                                                                                "Startup Cost": 1.18,
                                                                                                "Total Cost": 1.18,
                                                                                                "Plan Rows": 4,
                                                                                                "Plan Width": 4,
                                                                                                "Actual Startup Time": 0.005,
                                                                                                "Actual Total Time": 0.006,
                                                                                                "Actual Rows": 4,
                                                                                                "Actual Loops": 5,
                                                                                                "Hash Buckets": 1024,
                                                                                                "Original Hash Buckets": 1024,
                                                                                                "Hash Batches": 1,
                                                                                                "Original Hash Batches": 1,
                                                                                                "Peak Memory Usage": 9,
                                                                                                "Workers": [],
                                                                                                "Plans": [
                                                                                                    {
                                                                                                        "Node Type": "Seq Scan",
                                                                                                        "Parent Relationship": "Outer",
                                                                                                        "Parallel Aware": false,
                                                                                                        "Async Capable": false,
                                                                                                        "Relation Name": "role_type",
                                                                                                        "Alias": "rt",
                                                                                                        "Startup Cost": 0.0,
                                                                                                        "Total Cost": 1.18,
                                                                                                        "Plan Rows": 4,
                                                                                                        "Plan Width": 4,
                                                                                                        "Actual Startup Time": 0.003,
                                                                                                        "Actual Total Time": 0.004,
                                                                                                        "Actual Rows": 4,
                                                                                                        "Actual Loops": 5,
                                                                                                        "Filter": "((role)::text = ANY ('{actor,actress,cinematographer,composer}'::text[]))",
                                                                                                        "Rows Removed by Filter": 8,
                                                                                                        "Workers": []
                                                                                                    }
                                                                                                ]
                                                                                            }
                                                                                        ]
                                                                                    }
                                                                                ]
                                                                            }
                                                                        ]
                                                                    }
                                                                ]
                                                            }
                                                        ]
                                                    },
                                                    {
                                                        "Node Type": "Hash",
                                                        "Parent Relationship": "Inner",
                                                        "Parallel Aware": false,
                                                        "Async Capable": false,
                                                        "Startup Cost": 1.1,
                                                        "Total Cost": 1.1,
                                                        "Plan Rows": 3,
                                                        "Plan Width": 4,
                                                        "Actual Startup Time": 0.014,
                                                        "Actual Total Time": 0.015,
                                                        "Actual Rows": 3,
                                                        "Actual Loops": 5,
                                                        "Hash Buckets": 1024,
                                                        "Original Hash Buckets": 1024,
                                                        "Hash Batches": 1,
                                                        "Original Hash Batches": 1,
                                                        "Peak Memory Usage": 9,
                                                        "Workers": [],
                                                        "Plans": [
                                                            {
                                                                "Node Type": "Seq Scan",
                                                                "Parent Relationship": "Outer",
                                                                "Parallel Aware": false,
                                                                "Async Capable": false,
                                                                "Relation Name": "kind_type",
                                                                "Alias": "kt",
                                                                "Startup Cost": 0.0,
                                                                "Total Cost": 1.1,
                                                                "Plan Rows": 3,
                                                                "Plan Width": 4,
                                                                "Actual Startup Time": 0.012,
                                                                "Actual Total Time": 0.013,
                                                                "Actual Rows": 3,
                                                                "Actual Loops": 5,
                                                                "Filter": "((kind)::text = ANY ('{episode,movie,\"tv movie\"}'::text[]))",
                                                                "Rows Removed by Filter": 4,
                                                                "Workers": []
                                                            }
                                                        ]
                                                    }
                                                ]
                                            }
                                        ]
                                    }
                                ]
                            }
                        ]
                    },
                    "Planning Time": 0.658,
                    "Triggers": [],
                    "Execution Time": 1110.739
                }
            ],
            "hints": [
                "SET enable_hashjoin TO on",
                "SET enable_indexonlyscan TO on",
                "SET enable_indexscan TO off",
                "SET enable_mergejoin TO off",
                "SET enable_nestloop TO off",
                "SET enable_seqscan TO on"
            ]
        },
        {
            "arm": 4,
            "execution_time": 345.646,
            "plan": [
                {
                    "Plan": {
                        "Node Type": "Aggregate",
                        "Strategy": "Sorted",
                        "Partial Mode": "Simple",
                        "Parallel Aware": false,
                        "Async Capable": false,
                        "Startup Cost": 146007.44,
                        "Total Cost": 146007.6,
                        "Plan Rows": 7,
                        "Plan Width": 65,
                        "Actual Startup Time": 326.335,
                        "Actual Total Time": 345.249,
                        "Actual Rows": 17924,
                        "Actual Loops": 1,
                        "Group Key": [
                            "mi1.info",
                            "n.name"
                        ],
                        "Plans": [
                            {
                                "Node Type": "Sort",
                                "Parent Relationship": "Outer",
                                "Parallel Aware": false,
                                "Async Capable": false,
                                "Startup Cost": 146007.44,
                                "Total Cost": 146007.46,
                                "Plan Rows": 7,
                                "Plan Width": 61,
                                "Actual Startup Time": 326.324,
                                "Actual Total Time": 340.894,
                                "Actual Rows": 55657,
                                "Actual Loops": 1,
                                "Sort Key": [
                                    "mi1.info COLLATE \"C\"",
                                    "n.name COLLATE \"C\""
                                ],
                                "Sort Method": "quicksort",
                                "Sort Space Used": 4680,
                                "Sort Space Type": "Memory",
                                "Plans": [
                                    {
                                        "Node Type": "Gather",
                                        "Parent Relationship": "Outer",
                                        "Parallel Aware": false,
                                        "Async Capable": false,
                                        "Startup Cost": 1006.26,
                                        "Total Cost": 146007.34,
                                        "Plan Rows": 7,
                                        "Plan Width": 61,
                                        "Actual Startup Time": 0.249,
                                        "Actual Total Time": 320.749,
                                        "Actual Rows": 55657,
                                        "Actual Loops": 1,
                                        "Workers Planned": 4,
                                        "Workers Launched": 4,
                                        "Single Copy": false,
                                        "Plans": [
                                            {
                                                "Node Type": "Hash Join",
                                                "Parent Relationship": "Outer",
                                                "Parallel Aware": false,
                                                "Async Capable": false,
                                                "Join Type": "Inner",
                                                "Startup Cost": 6.26,
                                                "Total Cost": 145006.64,
                                                "Plan Rows": 2,
                                                "Plan Width": 61,
                                                "Actual Startup Time": 0.201,
                                                "Actual Total Time": 307.612,
                                                "Actual Rows": 11131,
                                                "Actual Loops": 5,
                                                "Inner Unique": true,
                                                "Hash Cond": "(mi1.info_type_id = it1.id)",
                                                "Workers": [],
                                                "Plans": [
                                                    {
                                                        "Node Type": "Nested Loop",
                                                        "Parent Relationship": "Outer",
                                                        "Parallel Aware": false,
                                                        "Async Capable": false,
                                                        "Join Type": "Inner",
                                                        "Startup Cost": 3.67,
                                                        "Total Cost": 145003.86,
                                                        "Plan Rows": 68,
                                                        "Plan Width": 65,
                                                        "Actual Startup Time": 0.123,
                                                        "Actual Total Time": 306.691,
                                                        "Actual Rows": 11299,
                                                        "Actual Loops": 5,
                                                        "Inner Unique": false,
                                                        "Join Filter": "(t.id = mi1.movie_id)",
                                                        "Rows Removed by Join Filter": 0,
                                                        "Workers": [],
                                                        "Plans": [
                                                            {
                                                                "Node Type": "Hash Join",
                                                                "Parent Relationship": "Outer",
                                                                "Parallel Aware": false,
                                                                "Async Capable": false,
                                                                "Join Type": "Inner",
                                                                "Startup Cost": 3.23,
                                                                "Total Cost": 144448.01,
                                                                "Plan Rows": 130,
                                                                "Plan Width": 27,
                                                                "Actual Startup Time": 0.095,
                                                                "Actual Total Time": 173.723,
                                                                "Actual Rows": 23003,
                                                                "Actual Loops": 5,
                                                                "Inner Unique": true,
                                                                "Hash Cond": "(t.kind_id = kt.id)",
                                                                "Workers": [],
                                                                "Plans": [
                                                                    {
                                                                        "Node Type": "Nested Loop",
                                                                        "Parent Relationship": "Outer",
                                                                        "Parallel Aware": false,
                                                                        "Async Capable": false,
                                                                        "Join Type": "Inner",
                                                                        "Startup Cost": 2.1,
                                                                        "Total Cost": 144445.6,
                                                                        "Plan Rows": 302,
                                                                        "Plan Width": 31,
                                                                        "Actual Startup Time": 0.079,
                                                                        "Actual Total Time": 171.89,
                                                                        "Actual Rows": 24756,
                                                                        "Actual Loops": 5,
                                                                        "Inner Unique": true,
                                                                        "Workers": [],
                                                                        "Plans": [
                                                                            {
                                                                                "Node Type": "Hash Join",
                                                                                "Parent Relationship": "Outer",
                                                                                "Parallel Aware": false,
                                                                                "Async Capable": false,
                                                                                "Join Type": "Inner",
                                                                                "Startup Cost": 1.67,
                                                                                "Total Cost": 144308.96,
                                                                                "Plan Rows": 302,
                                                                                "Plan Width": 19,
                                                                                "Actual Startup Time": 0.058,
                                                                                "Actual Total Time": 118.715,
                                                                                "Actual Rows": 24756,
                                                                                "Actual Loops": 5,
                                                                                "Inner Unique": true,
                                                                                "Hash Cond": "(ci.role_id = rt.id)",
                                                                                "Workers": [],
                                                                                "Plans": [
                                                                                    {
                                                                                        "Node Type": "Nested Loop",
                                                                                        "Parent Relationship": "Outer",
                                                                                        "Parallel Aware": false,
                                                                                        "Async Capable": false,
                                                                                        "Join Type": "Inner",
                                                                                        "Startup Cost": 0.44,
                                                                                        "Total Cost": 144304.5,
                                                                                        "Plan Rows": 907,
                                                                                        "Plan Width": 23,
                                                                                        "Actual Startup Time": 0.047,
                                                                                        "Actual Total Time": 116.582,
                                                                                        "Actual Rows": 38335,
                                                                                        "Actual Loops": 5,
                                                                                        "Inner Unique": false,
                                                                                        "Workers": [],
                                                                                        "Plans": [
                                                                                            {
                                                                                                "Node Type": "Seq Scan",
                                                                                                "Parent Relationship": "Outer",
                                                                                                "Parallel Aware": true,
                                                                                                "Async Capable": false,
                                                                                                "Relation Name": "name",
                                                                                                "Alias": "n",
                                                                                                "Startup Cost": 0.0,
                                                                                                "Total Cost": 68679.41,
                                                                                                "Plan Rows": 104,
                                                                                                "Plan Width": 19,
                                                                                                "Actual Startup Time": 0.021,
                                                                                                "Actual Total Time": 94.7,
                                                                                                "Actual Rows": 4873,
                                                                                                "Actual Loops": 5,
                                                                                                "Filter": "(name ~~* '%tia%'::text)",
                                                                                                "Rows Removed by Filter": 828625,
                                                                                                "Workers": []
                                                                                            },
                                                                                            {
                                                                                                "Node Type": "Index Scan",
                                                                                                "Parent Relationship": "Inner",
                                                                                                "Parallel Aware": false,
                                                                                                "Async Capable": false,
                                                                                                "Scan Direction": "Forward",
                                                                                                "Index Name": "person_id_cast_info",
                                                                                                "Relation Name": "cast_info",
                                                                                                "Alias": "ci",
                                                                                                "Startup Cost": 0.44,
                                                                                                "Total Cost": 722.22,
                                                                                                "Plan Rows": 494,
                                                                                                "Plan Width": 12,
                                                                                                "Actual Startup Time": 0.003,
                                                                                                "Actual Total Time": 0.004,
                                                                                                "Actual Rows": 8,
                                                                                                "Actual Loops": 24366,
                                                                                                "Index Cond": "(person_id = n.id)",
                                                                                                "Rows Removed by Index Recheck": 0,
                                                                                                "Workers": []
                                                                                            }
                                                                                        ]
                                                                                    },
                                                                                    {
                                                                                        "Node Type": "Hash",
                                                                                        "Parent Relationship": "Inner",
                                                                                        "Parallel Aware": false,
                                                                                        "Async Capable": false,
                                                                                        "Startup Cost": 1.18,
                                                                                        "Total Cost": 1.18,
                                                                                        "Plan Rows": 4,
                                                                                        "Plan Width": 4,
                                                                                        "Actual Startup Time": 0.005,
                                                                                        "Actual Total Time": 0.005,
                                                                                        "Actual Rows": 4,
                                                                                        "Actual Loops": 5,
                                                                                        "Hash Buckets": 1024,
                                                                                        "Original Hash Buckets": 1024,
                                                                                        "Hash Batches": 1,
                                                                                        "Original Hash Batches": 1,
                                                                                        "Peak Memory Usage": 9,
                                                                                        "Workers": [],
                                                                                        "Plans": [
                                                                                            {
                                                                                                "Node Type": "Seq Scan",
                                                                                                "Parent Relationship": "Outer",
                                                                                                "Parallel Aware": false,
                                                                                                "Async Capable": false,
                                                                                                "Relation Name": "role_type",
                                                                                                "Alias": "rt",
                                                                                                "Startup Cost": 0.0,
                                                                                                "Total Cost": 1.18,
                                                                                                "Plan Rows": 4,
                                                                                                "Plan Width": 4,
                                                                                                "Actual Startup Time": 0.003,
                                                                                                "Actual Total Time": 0.004,
                                                                                                "Actual Rows": 4,
                                                                                                "Actual Loops": 5,
                                                                                                "Filter": "((role)::text = ANY ('{actor,actress,cinematographer,composer}'::text[]))",
                                                                                                "Rows Removed by Filter": 8,
                                                                                                "Workers": []
                                                                                            }
                                                                                        ]
                                                                                    }
                                                                                ]
                                                                            },
                                                                            {
                                                                                "Node Type": "Index Scan",
                                                                                "Parent Relationship": "Inner",
                                                                                "Parallel Aware": false,
                                                                                "Async Capable": false,
                                                                                "Scan Direction": "Forward",
                                                                                "Index Name": "title_pkey",
                                                                                "Relation Name": "title",
                                                                                "Alias": "t",
                                                                                "Startup Cost": 0.43,
                                                                                "Total Cost": 0.45,
                                                                                "Plan Rows": 1,
                                                                                "Plan Width": 12,
                                                                                "Actual Startup Time": 0.002,
                                                                                "Actual Total Time": 0.002,
                                                                                "Actual Rows": 1,
                                                                                "Actual Loops": 123778,
                                                                                "Index Cond": "(id = ci.movie_id)",
                                                                                "Rows Removed by Index Recheck": 0,
                                                                                "Workers": []
                                                                            }
                                                                        ]
                                                                    },
                                                                    {
                                                                        "Node Type": "Hash",
                                                                        "Parent Relationship": "Inner",
                                                                        "Parallel Aware": false,
                                                                        "Async Capable": false,
                                                                        "Startup Cost": 1.1,
                                                                        "Total Cost": 1.1,
                                                                        "Plan Rows": 3,
                                                                        "Plan Width": 4,
                                                                        "Actual Startup Time": 0.01,
                                                                        "Actual Total Time": 0.01,
                                                                        "Actual Rows": 3,
                                                                        "Actual Loops": 5,
                                                                        "Hash Buckets": 1024,
                                                                        "Original Hash Buckets": 1024,
                                                                        "Hash Batches": 1,
                                                                        "Original Hash Batches": 1,
                                                                        "Peak Memory Usage": 9,
                                                                        "Workers": [],
                                                                        "Plans": [
                                                                            {
                                                                                "Node Type": "Seq Scan",
                                                                                "Parent Relationship": "Outer",
                                                                                "Parallel Aware": false,
                                                                                "Async Capable": false,
                                                                                "Relation Name": "kind_type",
                                                                                "Alias": "kt",
                                                                                "Startup Cost": 0.0,
                                                                                "Total Cost": 1.1,
                                                                                "Plan Rows": 3,
                                                                                "Plan Width": 4,
                                                                                "Actual Startup Time": 0.008,
                                                                                "Actual Total Time": 0.009,
                                                                                "Actual Rows": 3,
                                                                                "Actual Loops": 5,
                                                                                "Filter": "((kind)::text = ANY ('{episode,movie,\"tv movie\"}'::text[]))",
                                                                                "Rows Removed by Filter": 4,
                                                                                "Workers": []
                                                                            }
                                                                        ]
                                                                    }
                                                                ]
                                                            },
                                                            {
                                                                "Node Type": "Index Scan",
                                                                "Parent Relationship": "Inner",
                                                                "Parallel Aware": false,
                                                                "Async Capable": false,
                                                                "Scan Direction": "Forward",
                                                                "Index Name": "movie_id_movie_info",
                                                                "Relation Name": "movie_info",
                                                                "Alias": "mi1",
                                                                "Startup Cost": 0.43,
                                                                "Total Cost": 4.23,
                                                                "Plan Rows": 4,
                                                                "Plan Width": 50,
                                                                "Actual Startup Time": 0.003,
                                                                "Actual Total Time": 0.006,
                                                                "Actual Rows": 0,
                                                                "Actual Loops": 115013,
                                                                "Index Cond": "(movie_id = ci.movie_id)",
                                                                "Rows Removed by Index Recheck": 0,
                                                                "Filter": "(info = ANY ('{\"Black and White\",DTS,Dolby,English,French,Hindi,Norwegian,Portuguese,Romanian,SDDS,Spanish,Stereo,Tagalog}'::text[]))",
                                                                "Rows Removed by Filter": 9,
                                                                "Workers": []
                                                            }
                                                        ]
                                                    },
                                                    {
                                                        "Node Type": "Hash",
                                                        "Parent Relationship": "Inner",
                                                        "Parallel Aware": false,
                                                        "Async Capable": false,
                                                        "Startup Cost": 2.55,
                                                        "Total Cost": 2.55,
                                                        "Plan Rows": 3,
                                                        "Plan Width": 4,
                                                        "Actual Startup Time": 0.015,
                                                        "Actual Total Time": 0.015,
                                                        "Actual Rows": 3,
                                                        "Actual Loops": 5,
                                                        "Hash Buckets": 1024,
                                                        "Original Hash Buckets": 1024,
                                                        "Hash Batches": 1,
                                                        "Original Hash Batches": 1,
                                                        "Peak Memory Usage": 9,
                                                        "Workers": [],
                                                        "Plans": [
                                                            {
                                                                "Node Type": "Seq Scan",
                                                                "Parent Relationship": "Outer",
                                                                "Parallel Aware": false,
                                                                "Async Capable": false,
                                                                "Relation Name": "info_type",
                                                                "Alias": "it1",
                                                                "Startup Cost": 0.0,
                                                                "Total Cost": 2.55,
                                                                "Plan Rows": 3,
                                                                "Plan Width": 4,
                                                                "Actual Startup Time": 0.01,
                                                                "Actual Total Time": 0.013,
                                                                "Actual Rows": 3,
                                                                "Actual Loops": 5,
                                                                "Filter": "(id = ANY ('{2,4,6}'::integer[]))",
                                                                "Rows Removed by Filter": 110,
                                                                "Workers": []
                                                            }
                                                        ]
                                                    }
                                                ]
                                            }
                                        ]
                                    }
                                ]
                            }
                        ]
                    },
                    "Planning Time": 0.761,
                    "Triggers": [],
                    "Execution Time": 345.646
                }
            ],
            "hints": [
                "SET enable_hashjoin TO on",
                "SET enable_indexonlyscan TO on",
                "SET enable_indexscan TO on",
                "SET enable_mergejoin TO off",
                "SET enable_nestloop TO on",
                "SET enable_seqscan TO on"
            ]
        }
    ]
}