{
    "sql_file": "11a1.sql",
    "query": "SELECT n.gender, rt.role, cn.name, COUNT(*)\nFROM title as t,\nmovie_companies as mc,\ncompany_name as cn,\ncompany_type as ct,\nkind_type as kt,\ncast_info as ci,\nname as n,\nrole_type as rt,\nmovie_info as mi1,\ninfo_type as it\nWHERE t.id = mc.movie_id\nAND t.id = ci.movie_id\nAND t.id = mi1.movie_id\nAND mi1.movie_id = ci.movie_id\nAND ci.movie_id = mc.movie_id\nAND cn.id = mc.company_id\nAND ct.id = mc.company_type_id\nAND kt.id = t.kind_id\nAND ci.person_id = n.id\nAND ci.role_id = rt.id\nAND mi1.info_type_id = it.id\nAND (kt.kind ILIKE '%v%')\nAND (rt.role IN ('actress','cinematographer','composer','costume designer','guest','producer','production designer','writer'))\nAND (t.production_year <= 2015)\nAND (t.production_year >= 1990)\nAND (it.id IN ('2'))\nAND (mi1.info ILIKE '%c%')\nAND (cn.name ILIKE '%me%')\nGROUP BY n.gender, rt.role, cn.name\nORDER BY COUNT(*) DESC",
    "results": [
        {
            "arm": 0,
            "execution_time": 3284.584,
            "plan": [
                {
                    "Plan": {
                        "Node Type": "Sort",
                        "Parallel Aware": false,
                        "Async Capable": false,
                        "Startup Cost": 599236.33,
                        "Total Cost": 600258.19,
                        "Plan Rows": 408745,
                        "Plan Width": 40,
                        "Actual Startup Time": 3242.529,
                        "Actual Total Time": 3277.788,
                        "Actual Rows": 173872,
                        "Actual Loops": 1,
                        "Sort Key": [
                            "(count(*)) DESC"
                        ],
                        "Sort Method": "external merge",
                        "Sort Space Used": 9616,
                        "Sort Space Type": "Disk",
                        "Plans": [
                            {
                                "Node Type": "Aggregate",
                                "Strategy": "Sorted",
                                "Partial Mode": "Simple",
                                "Parent Relationship": "Outer",
                                "Parallel Aware": false,
                                "Async Capable": false,
                                "Startup Cost": 487246.53,
                                "Total Cost": 549960.57,
                                "Plan Rows": 408745,
                                "Plan Width": 40,
                                "Actual Startup Time": 2242.987,
                                "Actual Total Time": 3250.787,
                                "Actual Rows": 173872,
                                "Actual Loops": 1,
                                "Group Key": [
                                    "n.gender",
                                    "rt.role",
                                    "cn.name"
                                ],
                                "Plans": [
                                    {
                                        "Node Type": "Nested Loop",
                                        "Parent Relationship": "Outer",
                                        "Parallel Aware": false,
                                        "Async Capable": false,
                                        "Join Type": "Inner",
                                        "Startup Cost": 487246.53,
                                        "Total Cost": 541785.67,
                                        "Plan Rows": 408745,
                                        "Plan Width": 32,
                                        "Actual Startup Time": 2242.97,
                                        "Actual Total Time": 3078.503,
                                        "Actual Rows": 3689677,
                                        "Actual Loops": 1,
                                        "Inner Unique": false,
                                        "Plans": [
                                            {
                                                "Node Type": "Gather Merge",
                                                "Parent Relationship": "Outer",
                                                "Parallel Aware": false,
                                                "Async Capable": false,
                                                "Startup Cost": 487246.53,
                                                "Total Cost": 536673.95,
                                                "Plan Rows": 408745,
                                                "Plan Width": 36,
                                                "Actual Startup Time": 2242.95,
                                                "Actual Total Time": 2619.937,
                                                "Actual Rows": 3689677,
                                                "Actual Loops": 1,
                                                "Workers Planned": 5,
                                                "Workers Launched": 5,
                                                "Plans": [
                                                    {
                                                        "Node Type": "Sort",
                                                        "Parent Relationship": "Outer",
                                                        "Parallel Aware": false,
                                                        "Async Capable": false,
                                                        "Startup Cost": 486246.46,
                                                        "Total Cost": 486450.83,
                                                        "Plan Rows": 81749,
                                                        "Plan Width": 36,
                                                        "Actual Startup Time": 2216.002,
                                                        "Actual Total Time": 2276.23,
                                                        "Actual Rows": 614946,
                                                        "Actual Loops": 6,
                                                        "Sort Key": [
                                                            "n.gender COLLATE \"C\"",
                                                            "rt.role COLLATE \"C\"",
                                                            "cn.name COLLATE \"C\""
                                                        ],
                                                        "Sort Method": "external merge",
                                                        "Sort Space Used": 30376,
                                                        "Sort Space Type": "Disk",
                                                        "Workers": [
                                                            {
                                                                "Worker Number": 0,
                                                                "Sort Method": "external merge",
                                                                "Sort Space Used": 30560,
                                                                "Sort Space Type": "Disk"
                                                            },
                                                            {
                                                                "Worker Number": 1,
                                                                "Sort Method": "external merge",
                                                                "Sort Space Used": 29376,
                                                                "Sort Space Type": "Disk"
                                                            },
                                                            {
                                                                "Worker Number": 2,
                                                                "Sort Method": "external merge",
                                                                "Sort Space Used": 31264,
                                                                "Sort Space Type": "Disk"
                                                            },
                                                            {
                                                                "Worker Number": 3,
                                                                "Sort Method": "external merge",
                                                                "Sort Space Used": 29920,
                                                                "Sort Space Type": "Disk"
                                                            },
                                                            {
                                                                "Worker Number": 4,
                                                                "Sort Method": "external merge",
                                                                "Sort Space Used": 31160,
                                                                "Sort Space Type": "Disk"
                                                            }
                                                        ],
                                                        "Plans": [
                                                            {
                                                                "Node Type": "Nested Loop",
                                                                "Parent Relationship": "Outer",
                                                                "Parallel Aware": false,
                                                                "Async Capable": false,
                                                                "Join Type": "Inner",
                                                                "Startup Cost": 35582.53,
                                                                "Total Cost": 479576.18,
                                                                "Plan Rows": 81749,
                                                                "Plan Width": 36,
                                                                "Actual Startup Time": 267.473,
                                                                "Actual Total Time": 1892.484,
                                                                "Actual Rows": 614946,
                                                                "Actual Loops": 6,
                                                                "Inner Unique": true,
                                                                "Workers": [],
                                                                "Plans": [
                                                                    {
                                                                        "Node Type": "Hash Join",
                                                                        "Parent Relationship": "Outer",
                                                                        "Parallel Aware": false,
                                                                        "Async Capable": false,
                                                                        "Join Type": "Inner",
                                                                        "Startup Cost": 35582.09,
                                                                        "Total Cost": 424073.61,
                                                                        "Plan Rows": 81749,
                                                                        "Plan Width": 38,
                                                                        "Actual Startup Time": 267.456,
                                                                        "Actual Total Time": 1415.075,
                                                                        "Actual Rows": 614946,
                                                                        "Actual Loops": 6,
                                                                        "Inner Unique": true,
                                                                        "Hash Cond": "(ci.role_id = rt.id)",
                                                                        "Workers": [],
                                                                        "Plans": [
                                                                            {
                                                                                "Node Type": "Nested Loop",
                                                                                "Parent Relationship": "Outer",
                                                                                "Parallel Aware": false,
                                                                                "Async Capable": false,
                                                                                "Join Type": "Inner",
                                                                                "Startup Cost": 35580.75,
                                                                                "Total Cost": 423636.7,
                                                                                "Plan Rows": 122623,
                                                                                "Plan Width": 31,
                                                                                "Actual Startup Time": 267.397,
                                                                                "Actual Total Time": 1332.882,
                                                                                "Actual Rows": 1939599,
                                                                                "Actual Loops": 6,
                                                                                "Inner Unique": false,
                                                                                "Join Filter": "(t.id = ci.movie_id)",
                                                                                "Rows Removed by Join Filter": 0,
                                                                                "Workers": [],
                                                                                "Plans": [
                                                                                    {
                                                                                        "Node Type": "Hash Join",
                                                                                        "Parent Relationship": "Outer",
                                                                                        "Parallel Aware": false,
                                                                                        "Async Capable": false,
                                                                                        "Join Type": "Inner",
                                                                                        "Startup Cost": 35580.31,
                                                                                        "Total Cost": 286560.48,
                                                                                        "Plan Rows": 8555,
                                                                                        "Plan Width": 35,
                                                                                        "Actual Startup Time": 266.81,
                                                                                        "Actual Total Time": 575.299,
                                                                                        "Actual Rows": 37367,
                                                                                        "Actual Loops": 6,
                                                                                        "Inner Unique": true,
                                                                                        "Hash Cond": "(t.kind_id = kt.id)",
                                                                                        "Workers": [],
                                                                                        "Plans": [
                                                                                            {
                                                                                                "Node Type": "Hash Join",
                                                                                                "Parent Relationship": "Outer",
                                                                                                "Parallel Aware": false,
                                                                                                "Async Capable": false,
                                                                                                "Join Type": "Inner",
                                                                                                "Startup Cost": 35579.14,
                                                                                                "Total Cost": 286523.25,
                                                                                                "Plan Rows": 8555,
                                                                                                "Plan Width": 39,
                                                                                                "Actual Startup Time": 265.596,
                                                                                                "Actual Total Time": 572.304,
                                                                                                "Actual Rows": 44066,
                                                                                                "Actual Loops": 6,
                                                                                                "Inner Unique": true,
                                                                                                "Hash Cond": "(mc.company_type_id = ct.id)",
                                                                                                "Workers": [],
                                                                                                "Plans": [
                                                                                                    {
                                                                                                        "Node Type": "Nested Loop",
                                                                                                        "Parent Relationship": "Outer",
                                                                                                        "Parallel Aware": false,
                                                                                                        "Async Capable": false,
                                                                                                        "Join Type": "Inner",
                                                                                                        "Startup Cost": 35578.05,
                                                                                                        "Total Cost": 286475.91,
                                                                                                        "Plan Rows": 8555,
                                                                                                        "Plan Width": 43,
                                                                                                        "Actual Startup Time": 265.578,
                                                                                                        "Actual Total Time": 568.957,
                                                                                                        "Actual Rows": 44066,
                                                                                                        "Actual Loops": 6,
                                                                                                        "Inner Unique": true,
                                                                                                        "Workers": [],
                                                                                                        "Plans": [
                                                                                                            {
                                                                                                                "Node Type": "Hash Join",
                                                                                                                "Parent Relationship": "Outer",
                                                                                                                "Parallel Aware": true,
                                                                                                                "Async Capable": false,
                                                                                                                "Join Type": "Inner",
                                                                                                                "Startup Cost": 35577.62,
                                                                                                                "Total Cost": 242269.41,
                                                                                                                "Plan Rows": 62747,
                                                                                                                "Plan Width": 35,
                                                                                                                "Actual Startup Time": 262.359,
                                                                                                                "Actual Total Time": 488.086,
                                                                                                                "Actual Rows": 72364,
                                                                                                                "Actual Loops": 6,
                                                                                                                "Inner Unique": false,
                                                                                                                "Hash Cond": "(mi1.movie_id = mc.movie_id)",
                                                                                                                "Workers": [],
                                                                                                                "Plans": [
                                                                                                                    {
                                                                                                                        "Node Type": "Seq Scan",
                                                                                                                        "Parent Relationship": "Outer",
                                                                                                                        "Parallel Aware": true,
                                                                                                                        "Async Capable": false,
                                                                                                                        "Relation Name": "movie_info",
                                                                                                                        "Alias": "mi1",
                                                                                                                        "Startup Cost": 0.0,
                                                                                                                        "Total Cost": 206090.53,
                                                                                                                        "Plan Rows": 106361,
                                                                                                                        "Plan Width": 8,
                                                                                                                        "Actual Startup Time": 195.32,
                                                                                                                        "Actual Total Time": 356.818,
                                                                                                                        "Actual Rows": 214821,
                                                                                                                        "Actual Loops": 6,
                                                                                                                        "Filter": "((info ~~* '%c%'::text) AND (info_type_id = 2))",
                                                                                                                        "Rows Removed by Filter": 2257799,
                                                                                                                        "Workers": []
                                                                                                                    },
                                                                                                                    {
                                                                                                                        "Node Type": "Hash",
                                                                                                                        "Parent Relationship": "Inner",
                                                                                                                        "Parallel Aware": true,
                                                                                                                        "Async Capable": false,
                                                                                                                        "Startup Cost": 34409.68,
                                                                                                                        "Total Cost": 34409.68,
                                                                                                                        "Plan Rows": 93435,
                                                                                                                        "Plan Width": 27,
                                                                                                                        "Actual Startup Time": 65.483,
                                                                                                                        "Actual Total Time": 65.486,
                                                                                                                        "Actual Rows": 78540,
                                                                                                                        "Actual Loops": 6,
                                                                                                                        "Hash Buckets": 524288,
                                                                                                                        "Original Hash Buckets": 524288,
                                                                                                                        "Hash Batches": 1,
                                                                                                                        "Original Hash Batches": 1,
                                                                                                                        "Peak Memory Usage": 35936,
                                                                                                                        "Workers": [],
                                                                                                                        "Plans": [
                                                                                                                            {
                                                                                                                                "Node Type": "Hash Join",
                                                                                                                                "Parent Relationship": "Outer",
                                                                                                                                "Parallel Aware": true,
                                                                                                                                "Async Capable": false,
                                                                                                                                "Join Type": "Inner",
                                                                                                                                "Startup Cost": 4959.74,
                                                                                                                                "Total Cost": 34409.68,
                                                                                                                                "Plan Rows": 93435,
                                                                                                                                "Plan Width": 27,
                                                                                                                                "Actual Startup Time": 6.455,
                                                                                                                                "Actual Total Time": 51.217,
                                                                                                                                "Actual Rows": 78540,
                                                                                                                                "Actual Loops": 6,
                                                                                                                                "Inner Unique": true,
                                                                                                                                "Hash Cond": "(mc.company_id = cn.id)",
                                                                                                                                "Workers": [],
                                                                                                                                "Plans": [
                                                                                                                                    {
                                                                                                                                        "Node Type": "Seq Scan",
                                                                                                                                        "Parent Relationship": "Outer",
                                                                                                                                        "Parallel Aware": true,
                                                                                                                                        "Async Capable": false,
                                                                                                                                        "Relation Name": "movie_companies",
                                                                                                                                        "Alias": "mc",
                                                                                                                                        "Startup Cost": 0.0,
                                                                                                                                        "Total Cost": 27240.55,
                                                                                                                                        "Plan Rows": 841655,
                                                                                                                                        "Plan Width": 12,
                                                                                                                                        "Actual Startup Time": 0.009,
                                                                                                                                        "Actual Total Time": 20.661,
                                                                                                                                        "Actual Rows": 434855,
                                                                                                                                        "Actual Loops": 6,
                                                                                                                                        "Workers": []
                                                                                                                                    },
                                                                                                                                    {
                                                                                                                                        "Node Type": "Hash",
                                                                                                                                        "Parent Relationship": "Inner",
                                                                                                                                        "Parallel Aware": true,
                                                                                                                                        "Async Capable": false,
                                                                                                                                        "Startup Cost": 4767.92,
                                                                                                                                        "Total Cost": 4767.92,
                                                                                                                                        "Plan Rows": 15346,
                                                                                                                                        "Plan Width": 23,
                                                                                                                                        "Actual Startup Time": 6.416,
                                                                                                                                        "Actual Total Time": 6.418,
                                                                                                                                        "Actual Rows": 5265,
                                                                                                                                        "Actual Loops": 6,
                                                                                                                                        "Hash Buckets": 32768,
                                                                                                                                        "Original Hash Buckets": 32768,
                                                                                                                                        "Hash Batches": 1,
                                                                                                                                        "Original Hash Batches": 1,
                                                                                                                                        "Peak Memory Usage": 2272,
                                                                                                                                        "Workers": [],
                                                                                                                                        "Plans": [
                                                                                                                                            {
                                                                                                                                                "Node Type": "Seq Scan",
                                                                                                                                                "Parent Relationship": "Outer",
                                                                                                                                                "Parallel Aware": true,
                                                                                                                                                "Async Capable": false,
                                                                                                                                                "Relation Name": "company_name",
                                                                                                                                                "Alias": "cn",
                                                                                                                                                "Startup Cost": 0.0,
                                                                                                                                                "Total Cost": 4767.92,
                                                                                                                                                "Plan Rows": 15346,
                                                                                                                                                "Plan Width": 23,
                                                                                                                                                "Actual Startup Time": 0.014,
                                                                                                                                                "Actual Total Time": 5.771,
                                                                                                                                                "Actual Rows": 5265,
                                                                                                                                                "Actual Loops": 6,
                                                                                                                                                "Filter": "(name ~~* '%me%'::text)",
                                                                                                                                                "Rows Removed by Filter": 33901,
                                                                                                                                                "Workers": []
                                                                                                                                            }
                                                                                                                                        ]
                                                                                                                                    }
                                                                                                                                ]
                                                                                                                            }
                                                                                                                        ]
                                                                                                                    }
                                                                                                                ]
                                                                                                            },
                                                                                                            {
                                                                                                                "Node Type": "Index Scan",
                                                                                                                "Parent Relationship": "Inner",
                                                                                                                "Parallel Aware": false,
                                                                                                                "Async Capable": false,
                                                                                                                "Scan Direction": "Forward",
                                                                                                                "Index Name": "title_pkey",
                                                                                                                "Relation Name": "title",
                                                                                                                "Alias": "t",
                                                                                                                "Startup Cost": 0.43,
                                                                                                                "Total Cost": 0.7,
                                                                                                                "Plan Rows": 1,
                                                                                                                "Plan Width": 8,
                                                                                                                "Actual Startup Time": 0.001,
                                                                                                                "Actual Total Time": 0.001,
                                                                                                                "Actual Rows": 1,
                                                                                                                "Actual Loops": 434184,
                                                                                                                "Index Cond": "(id = mc.movie_id)",
                                                                                                                "Rows Removed by Index Recheck": 0,
                                                                                                                "Filter": "((production_year <= 2015) AND (production_year >= 1990))",
                                                                                                                "Rows Removed by Filter": 0,
                                                                                                                "Workers": []
                                                                                                            }
                                                                                                        ]
                                                                                                    },
                                                                                                    {
                                                                                                        "Node Type": "Hash",
                                                                                                        "Parent Relationship": "Inner",
                                                                                                        "Parallel Aware": false,
                                                                                                        "Async Capable": false,
                                                                                                        "Startup Cost": 1.04,
                                                                                                        "Total Cost": 1.04,
                                                                                                        "Plan Rows": 4,
                                                                                                        "Plan Width": 4,
                                                                                                        "Actual Startup Time": 0.01,
                                                                                                        "Actual Total Time": 0.01,
                                                                                                        "Actual Rows": 4,
                                                                                                        "Actual Loops": 6,
                                                                                                        "Hash Buckets": 1024,
                                                                                                        "Original Hash Buckets": 1024,
                                                                                                        "Hash Batches": 1,
                                                                                                        "Original Hash Batches": 1,
                                                                                                        "Peak Memory Usage": 9,
                                                                                                        "Workers": [],
                                                                                                        "Plans": [
                                                                                                            {
                                                                                                                "Node Type": "Seq Scan",
                                                                                                                "Parent Relationship": "Outer",
                                                                                                                "Parallel Aware": false,
                                                                                                                "Async Capable": false,
                                                                                                                "Relation Name": "company_type",
                                                                                                                "Alias": "ct",
                                                                                                                "Startup Cost": 0.0,
                                                                                                                "Total Cost": 1.04,
                                                                                                                "Plan Rows": 4,
                                                                                                                "Plan Width": 4,
                                                                                                                "Actual Startup Time": 0.008,
                                                                                                                "Actual Total Time": 0.009,
                                                                                                                "Actual Rows": 4,
                                                                                                                "Actual Loops": 6,
                                                                                                                "Workers": []
                                                                                                            }
                                                                                                        ]
                                                                                                    }
                                                                                                ]
                                                                                            },
                                                                                            {
                                                                                                "Node Type": "Hash",
                                                                                                "Parent Relationship": "Inner",
                                                                                                "Parallel Aware": false,
                                                                                                "Async Capable": false,
                                                                                                "Startup Cost": 1.09,
                                                                                                "Total Cost": 1.09,
                                                                                                "Plan Rows": 7,
                                                                                                "Plan Width": 4,
                                                                                                "Actual Startup Time": 0.017,
                                                                                                "Actual Total Time": 0.018,
                                                                                                "Actual Rows": 6,
                                                                                                "Actual Loops": 6,
                                                                                                "Hash Buckets": 1024,
                                                                                                "Original Hash Buckets": 1024,
                                                                                                "Hash Batches": 1,
                                                                                                "Original Hash Batches": 1,
                                                                                                "Peak Memory Usage": 9,
                                                                                                "Workers": [],
                                                                                                "Plans": [
                                                                                                    {
                                                                                                        "Node Type": "Seq Scan",
                                                                                                        "Parent Relationship": "Outer",
                                                                                                        "Parallel Aware": false,
                                                                                                        "Async Capable": false,
                                                                                                        "Relation Name": "kind_type",
                                                                                                        "Alias": "kt",
                                                                                                        "Startup Cost": 0.0,
                                                                                                        "Total Cost": 1.09,
                                                                                                        "Plan Rows": 7,
                                                                                                        "Plan Width": 4,
                                                                                                        "Actual Startup Time": 0.015,
                                                                                                        "Actual Total Time": 0.016,
                                                                                                        "Actual Rows": 6,
                                                                                                        "Actual Loops": 6,
                                                                                                        "Filter": "((kind)::text ~~* '%v%'::text)",
                                                                                                        "Rows Removed by Filter": 1,
                                                                                                        "Workers": []
                                                                                                    }
                                                                                                ]
                                                                                            }
                                                                                        ]
                                                                                    },
                                                                                    {
                                                                                        "Node Type": "Index Scan",
                                                                                        "Parent Relationship": "Inner",
                                                                                        "Parallel Aware": false,
                                                                                        "Async Capable": false,
                                                                                        "Scan Direction": "Forward",
                                                                                        "Index Name": "movie_id_cast_info",
                                                                                        "Relation Name": "cast_info",
                                                                                        "Alias": "ci",
                                                                                        "Startup Cost": 0.44,
                                                                                        "Total Cost": 15.55,
                                                                                        "Plan Rows": 38,
                                                                                        "Plan Width": 12,
                                                                                        "Actual Startup Time": 0.001,
                                                                                        "Actual Total Time": 0.017,
                                                                                        "Actual Rows": 52,
                                                                                        "Actual Loops": 224201,
                                                                                        "Index Cond": "(movie_id = mc.movie_id)",
                                                                                        "Rows Removed by Index Recheck": 0,
                                                                                        "Workers": []
                                                                                    }
                                                                                ]
                                                                            },
                                                                            {
                                                                                "Node Type": "Hash",
                                                                                "Parent Relationship": "Inner",
                                                                                "Parallel Aware": false,
                                                                                "Async Capable": false,
                                                                                "Startup Cost": 1.24,
                                                                                "Total Cost": 1.24,
                                                                                "Plan Rows": 8,
                                                                                "Plan Width": 15,
                                                                                "Actual Startup Time": 0.015,
                                                                                "Actual Total Time": 0.016,
                                                                                "Actual Rows": 8,
                                                                                "Actual Loops": 6,
                                                                                "Hash Buckets": 1024,
                                                                                "Original Hash Buckets": 1024,
                                                                                "Hash Batches": 1,
                                                                                "Original Hash Batches": 1,
                                                                                "Peak Memory Usage": 9,
                                                                                "Workers": [],
                                                                                "Plans": [
                                                                                    {
                                                                                        "Node Type": "Seq Scan",
                                                                                        "Parent Relationship": "Outer",
                                                                                        "Parallel Aware": false,
                                                                                        "Async Capable": false,
                                                                                        "Relation Name": "role_type",
                                                                                        "Alias": "rt",
                                                                                        "Startup Cost": 0.0,
                                                                                        "Total Cost": 1.24,
                                                                                        "Plan Rows": 8,
                                                                                        "Plan Width": 15,
                                                                                        "Actual Startup Time": 0.012,
                                                                                        "Actual Total Time": 0.013,
                                                                                        "Actual Rows": 8,
                                                                                        "Actual Loops": 6,
                                                                                        "Filter": "((role)::text = ANY ('{actress,cinematographer,composer,\"costume designer\",guest,producer,\"production designer\",writer}'::text[]))",
                                                                                        "Rows Removed by Filter": 4,
                                                                                        "Workers": []
                                                                                    }
                                                                                ]
                                                                            }
                                                                        ]
                                                                    },
                                                                    {
                                                                        "Node Type": "Memoize",
                                                                        "Parent Relationship": "Inner",
                                                                        "Parallel Aware": false,
                                                                        "Async Capable": false,
                                                                        "Startup Cost": 0.44,
                                                                        "Total Cost": 0.74,
                                                                        "Plan Rows": 1,
                                                                        "Plan Width": 6,
                                                                        "Actual Startup Time": 0.001,
                                                                        "Actual Total Time": 0.001,
                                                                        "Actual Rows": 1,
                                                                        "Actual Loops": 3689677,
                                                                        "Cache Key": "ci.person_id",
                                                                        "Cache Mode": "logical",
                                                                        "Cache Hits": 474923,
                                                                        "Cache Misses": 139400,
                                                                        "Cache Evictions": 0,
                                                                        "Cache Overflows": 0,
                                                                        "Peak Memory Usage": 14518,
                                                                        "Workers": [
                                                                            {
                                                                                "Worker Number": 0,
                                                                                "Cache Hits": 474868,
                                                                                "Cache Misses": 141177,
                                                                                "Cache Evictions": 0,
                                                                                "Cache Overflows": 0,
                                                                                "Peak Memory Usage": 14705
                                                                            },
                                                                            {
                                                                                "Worker Number": 1,
                                                                                "Cache Hits": 456184,
                                                                                "Cache Misses": 136965,
                                                                                "Cache Evictions": 0,
                                                                                "Cache Overflows": 0,
                                                                                "Peak Memory Usage": 14266
                                                                            },
                                                                            {
                                                                                "Worker Number": 2,
                                                                                "Cache Hits": 488954,
                                                                                "Cache Misses": 140900,
                                                                                "Cache Evictions": 0,
                                                                                "Cache Overflows": 0,
                                                                                "Peak Memory Usage": 14677
                                                                            },
                                                                            {
                                                                                "Worker Number": 3,
                                                                                "Cache Hits": 466082,
                                                                                "Cache Misses": 141276,
                                                                                "Cache Evictions": 0,
                                                                                "Cache Overflows": 0,
                                                                                "Peak Memory Usage": 14718
                                                                            },
                                                                            {
                                                                                "Worker Number": 4,
                                                                                "Cache Hits": 485594,
                                                                                "Cache Misses": 143354,
                                                                                "Cache Evictions": 0,
                                                                                "Cache Overflows": 0,
                                                                                "Peak Memory Usage": 14935
                                                                            }
                                                                        ],
                                                                        "Plans": [
                                                                            {
                                                                                "Node Type": "Index Scan",
                                                                                "Parent Relationship": "Outer",
                                                                                "Parallel Aware": false,
                                                                                "Async Capable": false,
                                                                                "Scan Direction": "Forward",
                                                                                "Index Name": "name_pkey",
                                                                                "Relation Name": "name",
                                                                                "Alias": "n",
                                                                                "Startup Cost": 0.43,
                                                                                "Total Cost": 0.73,
                                                                                "Plan Rows": 1,
                                                                                "Plan Width": 6,
                                                                                "Actual Startup Time": 0.002,
                                                                                "Actual Total Time": 0.002,
                                                                                "Actual Rows": 1,
                                                                                "Actual Loops": 843072,
                                                                                "Index Cond": "(id = ci.person_id)",
                                                                                "Rows Removed by Index Recheck": 0,
                                                                                "Workers": []
                                                                            }
                                                                        ]
                                                                    }
                                                                ]
                                                            }
                                                        ]
                                                    }
                                                ]
                                            },
                                            {
                                                "Node Type": "Materialize",
                                                "Parent Relationship": "Inner",
                                                "Parallel Aware": false,
                                                "Async Capable": false,
                                                "Startup Cost": 0.0,
                                                "Total Cost": 2.42,
                                                "Plan Rows": 1,
                                                "Plan Width": 4,
                                                "Actual Startup Time": 0.0,
                                                "Actual Total Time": 0.0,
                                                "Actual Rows": 1,
                                                "Actual Loops": 3689677,
                                                "Plans": [
                                                    {
                                                        "Node Type": "Seq Scan",
                                                        "Parent Relationship": "Outer",
                                                        "Parallel Aware": false,
                                                        "Async Capable": false,
                                                        "Relation Name": "info_type",
                                                        "Alias": "it",
                                                        "Startup Cost": 0.0,
                                                        "Total Cost": 2.41,
                                                        "Plan Rows": 1,
                                                        "Plan Width": 4,
                                                        "Actual Startup Time": 0.013,
                                                        "Actual Total Time": 0.017,
                                                        "Actual Rows": 1,
                                                        "Actual Loops": 1,
                                                        "Filter": "(id = 2)",
                                                        "Rows Removed by Filter": 112
                                                    }
                                                ]
                                            }
                                        ]
                                    }
                                ]
                            }
                        ]
                    },
                    "Planning Time": 5.559,
                    "Triggers": [],
                    "Execution Time": 3284.584
                }
            ],
            "hints": [
                "SET enable_hashjoin TO on",
                "SET enable_indexonlyscan TO on",
                "SET enable_indexscan TO on",
                "SET enable_mergejoin TO on",
                "SET enable_nestloop TO on",
                "SET enable_seqscan TO on"
            ]
        },
        {
            "arm": 1,
            "execution_time": 2681.588,
            "plan": [
                {
                    "Plan": {
                        "Node Type": "Sort",
                        "Parallel Aware": false,
                        "Async Capable": false,
                        "Startup Cost": 10000833944.84,
                        "Total Cost": 10000834966.71,
                        "Plan Rows": 408745,
                        "Plan Width": 40,
                        "Actual Startup Time": 2631.506,
                        "Actual Total Time": 2676.142,
                        "Actual Rows": 173872,
                        "Actual Loops": 1,
                        "Sort Key": [
                            "(count(*)) DESC"
                        ],
                        "Sort Method": "external merge",
                        "Sort Space Used": 9616,
                        "Sort Space Type": "Disk",
                        "Plans": [
                            {
                                "Node Type": "Aggregate",
                                "Strategy": "Sorted",
                                "Partial Mode": "Simple",
                                "Parent Relationship": "Outer",
                                "Parallel Aware": false,
                                "Async Capable": false,
                                "Startup Cost": 10000721534.6,
                                "Total Cost": 10000784669.09,
                                "Plan Rows": 408745,
                                "Plan Width": 40,
                                "Actual Startup Time": 1625.321,
                                "Actual Total Time": 2648.74,
                                "Actual Rows": 173872,
                                "Actual Loops": 1,
                                "Group Key": [
                                    "n.gender",
                                    "rt.role",
                                    "cn.name"
                                ],
                                "Plans": [
                                    {
                                        "Node Type": "Nested Loop",
                                        "Parent Relationship": "Outer",
                                        "Parallel Aware": false,
                                        "Async Capable": false,
                                        "Join Type": "Inner",
                                        "Startup Cost": 10000721534.6,
                                        "Total Cost": 10000776494.19,
                                        "Plan Rows": 408745,
                                        "Plan Width": 32,
                                        "Actual Startup Time": 1625.309,
                                        "Actual Total Time": 2480.236,
                                        "Actual Rows": 3689677,
                                        "Actual Loops": 1,
                                        "Inner Unique": false,
                                        "Plans": [
                                            {
                                                "Node Type": "Gather Merge",
                                                "Parent Relationship": "Outer",
                                                "Parallel Aware": false,
                                                "Async Capable": false,
                                                "Startup Cost": 721534.6,
                                                "Total Cost": 771382.46,
                                                "Plan Rows": 408745,
                                                "Plan Width": 36,
                                                "Actual Startup Time": 1625.278,
                                                "Actual Total Time": 2020.87,
                                                "Actual Rows": 3689677,
                                                "Actual Loops": 1,
                                                "Workers Planned": 6,
                                                "Workers Launched": 6,
                                                "Plans": [
                                                    {
                                                        "Node Type": "Sort",
                                                        "Parent Relationship": "Outer",
                                                        "Parallel Aware": false,
                                                        "Async Capable": false,
                                                        "Startup Cost": 720534.51,
                                                        "Total Cost": 720704.82,
                                                        "Plan Rows": 68124,
                                                        "Plan Width": 36,
                                                        "Actual Startup Time": 1613.008,
                                                        "Actual Total Time": 1665.89,
                                                        "Actual Rows": 527097,
                                                        "Actual Loops": 7,
                                                        "Sort Key": [
                                                            "n.gender COLLATE \"C\"",
                                                            "rt.role COLLATE \"C\"",
                                                            "cn.name COLLATE \"C\""
                                                        ],
                                                        "Sort Method": "external merge",
                                                        "Sort Space Used": 26448,
                                                        "Sort Space Type": "Disk",
                                                        "Workers": [
                                                            {
                                                                "Worker Number": 0,
                                                                "Sort Method": "external merge",
                                                                "Sort Space Used": 26576,
                                                                "Sort Space Type": "Disk"
                                                            },
                                                            {
                                                                "Worker Number": 1,
                                                                "Sort Method": "external merge",
                                                                "Sort Space Used": 25496,
                                                                "Sort Space Type": "Disk"
                                                            },
                                                            {
                                                                "Worker Number": 2,
                                                                "Sort Method": "external merge",
                                                                "Sort Space Used": 26584,
                                                                "Sort Space Type": "Disk"
                                                            },
                                                            {
                                                                "Worker Number": 3,
                                                                "Sort Method": "external merge",
                                                                "Sort Space Used": 24400,
                                                                "Sort Space Type": "Disk"
                                                            },
                                                            {
                                                                "Worker Number": 4,
                                                                "Sort Method": "external merge",
                                                                "Sort Space Used": 26608,
                                                                "Sort Space Type": "Disk"
                                                            },
                                                            {
                                                                "Worker Number": 5,
                                                                "Sort Method": "external merge",
                                                                "Sort Space Used": 26552,
                                                                "Sort Space Type": "Disk"
                                                            }
                                                        ],
                                                        "Plans": [
                                                            {
                                                                "Node Type": "Hash Join",
                                                                "Parent Relationship": "Outer",
                                                                "Parallel Aware": true,
                                                                "Async Capable": false,
                                                                "Join Type": "Inner",
                                                                "Startup Cost": 373403.41,
                                                                "Total Cost": 715065.55,
                                                                "Plan Rows": 68124,
                                                                "Plan Width": 36,
                                                                "Actual Startup Time": 1263.896,
                                                                "Actual Total Time": 1336.46,
                                                                "Actual Rows": 527097,
                                                                "Actual Loops": 7,
                                                                "Inner Unique": true,
                                                                "Hash Cond": "(ci.person_id = n.id)",
                                                                "Workers": [],
                                                                "Plans": [
                                                                    {
                                                                        "Node Type": "Hash Join",
                                                                        "Parent Relationship": "Outer",
                                                                        "Parallel Aware": false,
                                                                        "Async Capable": false,
                                                                        "Join Type": "Inner",
                                                                        "Startup Cost": 290235.27,
                                                                        "Total Cost": 626582.59,
                                                                        "Plan Rows": 68124,
                                                                        "Plan Width": 38,
                                                                        "Actual Startup Time": 569.086,
                                                                        "Actual Total Time": 1120.971,
                                                                        "Actual Rows": 527097,
                                                                        "Actual Loops": 7,
                                                                        "Inner Unique": true,
                                                                        "Hash Cond": "(ci.role_id = rt.id)",
                                                                        "Workers": [],
                                                                        "Plans": [
                                                                            {
                                                                                "Node Type": "Hash Join",
                                                                                "Parent Relationship": "Outer",
                                                                                "Parallel Aware": true,
                                                                                "Async Capable": false,
                                                                                "Join Type": "Inner",
                                                                                "Startup Cost": 290233.93,
                                                                                "Total Cost": 626218.27,
                                                                                "Plan Rows": 102186,
                                                                                "Plan Width": 31,
                                                                                "Actual Startup Time": 461.924,
                                                                                "Actual Total Time": 1057.224,
                                                                                "Actual Rows": 1662513,
                                                                                "Actual Loops": 7,
                                                                                "Inner Unique": false,
                                                                                "Hash Cond": "(ci.movie_id = t.id)",
                                                                                "Workers": [],
                                                                                "Plans": [
                                                                                    {
                                                                                        "Node Type": "Seq Scan",
                                                                                        "Parent Relationship": "Outer",
                                                                                        "Parallel Aware": true,
                                                                                        "Async Capable": false,
                                                                                        "Relation Name": "cast_info",
                                                                                        "Alias": "ci",
                                                                                        "Startup Cost": 0.0,
                                                                                        "Total Cost": 313127.24,
                                                                                        "Plan Rows": 6040724,
                                                                                        "Plan Width": 12,
                                                                                        "Actual Startup Time": 0.012,
                                                                                        "Actual Total Time": 194.697,
                                                                                        "Actual Rows": 5177763,
                                                                                        "Actual Loops": 7,
                                                                                        "Workers": []
                                                                                    },
                                                                                    {
                                                                                        "Node Type": "Hash",
                                                                                        "Parent Relationship": "Inner",
                                                                                        "Parallel Aware": true,
                                                                                        "Async Capable": false,
                                                                                        "Startup Cost": 290127.0,
                                                                                        "Total Cost": 290127.0,
                                                                                        "Plan Rows": 8555,
                                                                                        "Plan Width": 35,
                                                                                        "Actual Startup Time": 461.866,
                                                                                        "Actual Total Time": 462.079,
                                                                                        "Actual Rows": 32029,
                                                                                        "Actual Loops": 7,
                                                                                        "Hash Buckets": 262144,
                                                                                        "Original Hash Buckets": 65536,
                                                                                        "Hash Batches": 1,
                                                                                        "Original Hash Batches": 1,
                                                                                        "Peak Memory Usage": 20256,
                                                                                        "Workers": [],
                                                                                        "Plans": [
                                                                                            {
                                                                                                "Node Type": "Hash Join",
                                                                                                "Parent Relationship": "Outer",
                                                                                                "Parallel Aware": false,
                                                                                                "Async Capable": false,
                                                                                                "Join Type": "Inner",
                                                                                                "Startup Cost": 83533.92,
                                                                                                "Total Cost": 290127.0,
                                                                                                "Plan Rows": 8555,
                                                                                                "Plan Width": 35,
                                                                                                "Actual Startup Time": 295.695,
                                                                                                "Actual Total Time": 458.288,
                                                                                                "Actual Rows": 32029,
                                                                                                "Actual Loops": 7,
                                                                                                "Inner Unique": true,
                                                                                                "Hash Cond": "(t.kind_id = kt.id)",
                                                                                                "Workers": [],
                                                                                                "Plans": [
                                                                                                    {
                                                                                                        "Node Type": "Hash Join",
                                                                                                        "Parent Relationship": "Outer",
                                                                                                        "Parallel Aware": false,
                                                                                                        "Async Capable": false,
                                                                                                        "Join Type": "Inner",
                                                                                                        "Startup Cost": 83532.74,
                                                                                                        "Total Cost": 290089.77,
                                                                                                        "Plan Rows": 8555,
                                                                                                        "Plan Width": 39,
                                                                                                        "Actual Startup Time": 295.673,
                                                                                                        "Actual Total Time": 456.008,
                                                                                                        "Actual Rows": 37771,
                                                                                                        "Actual Loops": 7,
                                                                                                        "Inner Unique": true,
                                                                                                        "Hash Cond": "(mc.company_type_id = ct.id)",
                                                                                                        "Workers": [],
                                                                                                        "Plans": [
                                                                                                            {
                                                                                                                "Node Type": "Hash Join",
                                                                                                                "Parent Relationship": "Outer",
                                                                                                                "Parallel Aware": true,
                                                                                                                "Async Capable": false,
                                                                                                                "Join Type": "Inner",
                                                                                                                "Startup Cost": 83531.65,
                                                                                                                "Total Cost": 290042.43,
                                                                                                                "Plan Rows": 8555,
                                                                                                                "Plan Width": 43,
                                                                                                                "Actual Startup Time": 295.661,
                                                                                                                "Actual Total Time": 453.474,
                                                                                                                "Actual Rows": 37771,
                                                                                                                "Actual Loops": 7,
                                                                                                                "Inner Unique": false,
                                                                                                                "Hash Cond": "(mi1.movie_id = t.id)",
                                                                                                                "Workers": [],
                                                                                                                "Plans": [
                                                                                                                    {
                                                                                                                        "Node Type": "Seq Scan",
                                                                                                                        "Parent Relationship": "Outer",
                                                                                                                        "Parallel Aware": true,
                                                                                                                        "Async Capable": false,
                                                                                                                        "Relation Name": "movie_info",
                                                                                                                        "Alias": "mi1",
                                                                                                                        "Startup Cost": 0.0,
                                                                                                                        "Total Cost": 206090.53,
                                                                                                                        "Plan Rows": 106361,
                                                                                                                        "Plan Width": 8,
                                                                                                                        "Actual Startup Time": 155.273,
                                                                                                                        "Actual Total Time": 300.609,
                                                                                                                        "Actual Rows": 184133,
                                                                                                                        "Actual Loops": 7,
                                                                                                                        "Filter": "((info ~~* '%c%'::text) AND (info_type_id = 2))",
                                                                                                                        "Rows Removed by Filter": 1935256,
                                                                                                                        "Workers": []
                                                                                                                    },
                                                                                                                    {
                                                                                                                        "Node Type": "Hash",
                                                                                                                        "Parent Relationship": "Inner",
                                                                                                                        "Parallel Aware": true,
                                                                                                                        "Async Capable": false,
                                                                                                                        "Startup Cost": 82896.11,
                                                                                                                        "Total Cost": 82896.11,
                                                                                                                        "Plan Rows": 50843,
                                                                                                                        "Plan Width": 35,
                                                                                                                        "Actual Startup Time": 136.718,
                                                                                                                        "Actual Total Time": 136.926,
                                                                                                                        "Actual Rows": 41730,
                                                                                                                        "Actual Loops": 7,
                                                                                                                        "Hash Buckets": 524288,
                                                                                                                        "Original Hash Buckets": 262144,
                                                                                                                        "Hash Batches": 1,
                                                                                                                        "Original Hash Batches": 1,
                                                                                                                        "Peak Memory Usage": 27840,
                                                                                                                        "Workers": [],
                                                                                                                        "Plans": [
                                                                                                                            {
                                                                                                                                "Node Type": "Hash Join",
                                                                                                                                "Parent Relationship": "Outer",
                                                                                                                                "Parallel Aware": true,
                                                                                                                                "Async Capable": false,
                                                                                                                                "Join Type": "Inner",
                                                                                                                                "Startup Cost": 35577.62,
                                                                                                                                "Total Cost": 82896.11,
                                                                                                                                "Plan Rows": 50843,
                                                                                                                                "Plan Width": 35,
                                                                                                                                "Actual Startup Time": 58.776,
                                                                                                                                "Actual Total Time": 124.509,
                                                                                                                                "Actual Rows": 41730,
                                                                                                                                "Actual Loops": 7,
                                                                                                                                "Inner Unique": false,
                                                                                                                                "Hash Cond": "(t.id = mc.movie_id)",
                                                                                                                                "Workers": [],
                                                                                                                                "Plans": [
                                                                                                                                    {
                                                                                                                                        "Node Type": "Seq Scan",
                                                                                                                                        "Parent Relationship": "Outer",
                                                                                                                                        "Parallel Aware": true,
                                                                                                                                        "Async Capable": false,
                                                                                                                                        "Relation Name": "title",
                                                                                                                                        "Alias": "t",
                                                                                                                                        "Startup Cost": 0.0,
                                                                                                                                        "Total Cost": 45490.07,
                                                                                                                                        "Plan Rows": 443844,
                                                                                                                                        "Plan Width": 8,
                                                                                                                                        "Actual Startup Time": 0.014,
                                                                                                                                        "Actual Total Time": 27.2,
                                                                                                                                        "Actual Rows": 253148,
                                                                                                                                        "Actual Loops": 7,
                                                                                                                                        "Filter": "((production_year <= 2015) AND (production_year >= 1990))",
                                                                                                                                        "Rows Removed by Filter": 108040,
                                                                                                                                        "Workers": []
                                                                                                                                    },
                                                                                                                                    {
                                                                                                                                        "Node Type": "Hash",
                                                                                                                                        "Parent Relationship": "Inner",
                                                                                                                                        "Parallel Aware": true,
                                                                                                                                        "Async Capable": false,
                                                                                                                                        "Startup Cost": 34409.68,
                                                                                                                                        "Total Cost": 34409.68,
                                                                                                                                        "Plan Rows": 93435,
                                                                                                                                        "Plan Width": 27,
                                                                                                                                        "Actual Startup Time": 58.673,
                                                                                                                                        "Actual Total Time": 58.879,
                                                                                                                                        "Actual Rows": 67320,
                                                                                                                                        "Actual Loops": 7,
                                                                                                                                        "Hash Buckets": 524288,
                                                                                                                                        "Original Hash Buckets": 524288,
                                                                                                                                        "Hash Batches": 1,
                                                                                                                                        "Original Hash Batches": 1,
                                                                                                                                        "Peak Memory Usage": 35968,
                                                                                                                                        "Workers": [],
                                                                                                                                        "Plans": [
                                                                                                                                            {
                                                                                                                                                "Node Type": "Hash Join",
                                                                                                                                                "Parent Relationship": "Outer",
                                                                                                                                                "Parallel Aware": true,
                                                                                                                                                "Async Capable": false,
                                                                                                                                                "Join Type": "Inner",
                                                                                                                                                "Startup Cost": 4959.74,
                                                                                                                                                "Total Cost": 34409.68,
                                                                                                                                                "Plan Rows": 93435,
                                                                                                                                                "Plan Width": 27,
                                                                                                                                                "Actual Startup Time": 6.388,
                                                                                                                                                "Actual Total Time": 46.431,
                                                                                                                                                "Actual Rows": 67320,
                                                                                                                                                "Actual Loops": 7,
                                                                                                                                                "Inner Unique": true,
                                                                                                                                                "Hash Cond": "(mc.company_id = cn.id)",
                                                                                                                                                "Workers": [],
                                                                                                                                                "Plans": [
                                                                                                                                                    {
                                                                                                                                                        "Node Type": "Seq Scan",
                                                                                                                                                        "Parent Relationship": "Outer",
                                                                                                                                                        "Parallel Aware": true,
                                                                                                                                                        "Async Capable": false,
                                                                                                                                                        "Relation Name": "movie_companies",
                                                                                                                                                        "Alias": "mc",
                                                                                                                                                        "Startup Cost": 0.0,
                                                                                                                                                        "Total Cost": 27240.55,
                                                                                                                                                        "Plan Rows": 841655,
                                                                                                                                                        "Plan Width": 12,
                                                                                                                                                        "Actual Startup Time": 0.013,
                                                                                                                                                        "Actual Total Time": 18.494,
                                                                                                                                                        "Actual Rows": 372733,
                                                                                                                                                        "Actual Loops": 7,
                                                                                                                                                        "Workers": []
                                                                                                                                                    },
                                                                                                                                                    {
                                                                                                                                                        "Node Type": "Hash",
                                                                                                                                                        "Parent Relationship": "Inner",
                                                                                                                                                        "Parallel Aware": true,
                                                                                                                                                        "Async Capable": false,
                                                                                                                                                        "Startup Cost": 4767.92,
                                                                                                                                                        "Total Cost": 4767.92,
                                                                                                                                                        "Plan Rows": 15346,
                                                                                                                                                        "Plan Width": 23,
                                                                                                                                                        "Actual Startup Time": 5.539,
                                                                                                                                                        "Actual Total Time": 5.54,
                                                                                                                                                        "Actual Rows": 4513,
                                                                                                                                                        "Actual Loops": 7,
                                                                                                                                                        "Hash Buckets": 32768,
                                                                                                                                                        "Original Hash Buckets": 32768,
                                                                                                                                                        "Hash Batches": 1,
                                                                                                                                                        "Original Hash Batches": 1,
                                                                                                                                                        "Peak Memory Usage": 2272,
                                                                                                                                                        "Workers": [],
                                                                                                                                                        "Plans": [
                                                                                                                                                            {
                                                                                                                                                                "Node Type": "Seq Scan",
                                                                                                                                                                "Parent Relationship": "Outer",
                                                                                                                                                                "Parallel Aware": true,
                                                                                                                                                                "Async Capable": false,
                                                                                                                                                                "Relation Name": "company_name",
                                                                                                                                                                "Alias": "cn",
                                                                                                                                                                "Startup Cost": 0.0,
                                                                                                                                                                "Total Cost": 4767.92,
                                                                                                                                                                "Plan Rows": 15346,
                                                                                                                                                                "Plan Width": 23,
                                                                                                                                                                "Actual Startup Time": 0.011,
                                                                                                                                                                "Actual Total Time": 5.143,
                                                                                                                                                                "Actual Rows": 4513,
                                                                                                                                                                "Actual Loops": 7,
                                                                                                                                                                "Filter": "(name ~~* '%me%'::text)",
                                                                                                                                                                "Rows Removed by Filter": 29058,
                                                                                                                                                                "Workers": []
                                                                                                                                                            }
                                                                                                                                                        ]
                                                                                                                                                    }
                                                                                                                                                ]
                                                                                                                                            }
                                                                                                                                        ]
                                                                                                                                    }
                                                                                                                                ]
                                                                                                                            }
                                                                                                                        ]
                                                                                                                    }
                                                                                                                ]
                                                                                                            },
                                                                                                            {
                                                                                                                "Node Type": "Hash",
                                                                                                                "Parent Relationship": "Inner",
                                                                                                                "Parallel Aware": false,
                                                                                                                "Async Capable": false,
                                                                                                                "Startup Cost": 1.04,
                                                                                                                "Total Cost": 1.04,
                                                                                                                "Plan Rows": 4,
                                                                                                                "Plan Width": 4,
                                                                                                                "Actual Startup Time": 0.006,
                                                                                                                "Actual Total Time": 0.007,
                                                                                                                "Actual Rows": 4,
                                                                                                                "Actual Loops": 7,
                                                                                                                "Hash Buckets": 1024,
                                                                                                                "Original Hash Buckets": 1024,
                                                                                                                "Hash Batches": 1,
                                                                                                                "Original Hash Batches": 1,
                                                                                                                "Peak Memory Usage": 9,
                                                                                                                "Workers": [],
                                                                                                                "Plans": [
                                                                                                                    {
                                                                                                                        "Node Type": "Seq Scan",
                                                                                                                        "Parent Relationship": "Outer",
                                                                                                                        "Parallel Aware": false,
                                                                                                                        "Async Capable": false,
                                                                                                                        "Relation Name": "company_type",
                                                                                                                        "Alias": "ct",
                                                                                                                        "Startup Cost": 0.0,
                                                                                                                        "Total Cost": 1.04,
                                                                                                                        "Plan Rows": 4,
                                                                                                                        "Plan Width": 4,
                                                                                                                        "Actual Startup Time": 0.005,
                                                                                                                        "Actual Total Time": 0.005,
                                                                                                                        "Actual Rows": 4,
                                                                                                                        "Actual Loops": 7,
                                                                                                                        "Workers": []
                                                                                                                    }
                                                                                                                ]
                                                                                                            }
                                                                                                        ]
                                                                                                    },
                                                                                                    {
                                                                                                        "Node Type": "Hash",
                                                                                                        "Parent Relationship": "Inner",
                                                                                                        "Parallel Aware": false,
                                                                                                        "Async Capable": false,
                                                                                                        "Startup Cost": 1.09,
                                                                                                        "Total Cost": 1.09,
                                                                                                        "Plan Rows": 7,
                                                                                                        "Plan Width": 4,
                                                                                                        "Actual Startup Time": 0.016,
                                                                                                        "Actual Total Time": 0.017,
                                                                                                        "Actual Rows": 6,
                                                                                                        "Actual Loops": 7,
                                                                                                        "Hash Buckets": 1024,
                                                                                                        "Original Hash Buckets": 1024,
                                                                                                        "Hash Batches": 1,
                                                                                                        "Original Hash Batches": 1,
                                                                                                        "Peak Memory Usage": 9,
                                                                                                        "Workers": [],
                                                                                                        "Plans": [
                                                                                                            {
                                                                                                                "Node Type": "Seq Scan",
                                                                                                                "Parent Relationship": "Outer",
                                                                                                                "Parallel Aware": false,
                                                                                                                "Async Capable": false,
                                                                                                                "Relation Name": "kind_type",
                                                                                                                "Alias": "kt",
                                                                                                                "Startup Cost": 0.0,
                                                                                                                "Total Cost": 1.09,
                                                                                                                "Plan Rows": 7,
                                                                                                                "Plan Width": 4,
                                                                                                                "Actual Startup Time": 0.014,
                                                                                                                "Actual Total Time": 0.015,
                                                                                                                "Actual Rows": 6,
                                                                                                                "Actual Loops": 7,
                                                                                                                "Filter": "((kind)::text ~~* '%v%'::text)",
                                                                                                                "Rows Removed by Filter": 1,
                                                                                                                "Workers": []
                                                                                                            }
                                                                                                        ]
                                                                                                    }
                                                                                                ]
                                                                                            }
                                                                                        ]
                                                                                    }
                                                                                ]
                                                                            },
                                                                            {
                                                                                "Node Type": "Hash",
                                                                                "Parent Relationship": "Inner",
                                                                                "Parallel Aware": false,
                                                                                "Async Capable": false,
                                                                                "Startup Cost": 1.24,
                                                                                "Total Cost": 1.24,
                                                                                "Plan Rows": 8,
                                                                                "Plan Width": 15,
                                                                                "Actual Startup Time": 0.028,
                                                                                "Actual Total Time": 0.029,
                                                                                "Actual Rows": 8,
                                                                                "Actual Loops": 7,
                                                                                "Hash Buckets": 1024,
                                                                                "Original Hash Buckets": 1024,
                                                                                "Hash Batches": 1,
                                                                                "Original Hash Batches": 1,
                                                                                "Peak Memory Usage": 9,
                                                                                "Workers": [],
                                                                                "Plans": [
                                                                                    {
                                                                                        "Node Type": "Seq Scan",
                                                                                        "Parent Relationship": "Outer",
                                                                                        "Parallel Aware": false,
                                                                                        "Async Capable": false,
                                                                                        "Relation Name": "role_type",
                                                                                        "Alias": "rt",
                                                                                        "Startup Cost": 0.0,
                                                                                        "Total Cost": 1.24,
                                                                                        "Plan Rows": 8,
                                                                                        "Plan Width": 15,
                                                                                        "Actual Startup Time": 0.025,
                                                                                        "Actual Total Time": 0.027,
                                                                                        "Actual Rows": 8,
                                                                                        "Actual Loops": 7,
                                                                                        "Filter": "((role)::text = ANY ('{actress,cinematographer,composer,\"costume designer\",guest,producer,\"production designer\",writer}'::text[]))",
                                                                                        "Rows Removed by Filter": 4,
                                                                                        "Workers": []
                                                                                    }
                                                                                ]
                                                                            }
                                                                        ]
                                                                    },
                                                                    {
                                                                        "Node Type": "Hash",
                                                                        "Parent Relationship": "Inner",
                                                                        "Parallel Aware": true,
                                                                        "Async Capable": false,
                                                                        "Startup Cost": 66074.73,
                                                                        "Total Cost": 66074.73,
                                                                        "Plan Rows": 1041873,
                                                                        "Plan Width": 6,
                                                                        "Actual Startup Time": 82.25,
                                                                        "Actual Total Time": 82.251,
                                                                        "Actual Rows": 595356,
                                                                        "Actual Loops": 7,
                                                                        "Hash Buckets": 524288,
                                                                        "Original Hash Buckets": 524288,
                                                                        "Hash Batches": 16,
                                                                        "Original Hash Batches": 16,
                                                                        "Peak Memory Usage": 14368,
                                                                        "Workers": [],
                                                                        "Plans": [
                                                                            {
                                                                                "Node Type": "Seq Scan",
                                                                                "Parent Relationship": "Outer",
                                                                                "Parallel Aware": true,
                                                                                "Async Capable": false,
                                                                                "Relation Name": "name",
                                                                                "Alias": "n",
                                                                                "Startup Cost": 0.0,
                                                                                "Total Cost": 66074.73,
                                                                                "Plan Rows": 1041873,
                                                                                "Plan Width": 6,
                                                                                "Actual Startup Time": 0.01,
                                                                                "Actual Total Time": 46.541,
                                                                                "Actual Rows": 595356,
                                                                                "Actual Loops": 7,
                                                                                "Workers": []
                                                                            }
                                                                        ]
                                                                    }
                                                                ]
                                                            }
                                                        ]
                                                    }
                                                ]
                                            },
                                            {
                                                "Node Type": "Materialize",
                                                "Parent Relationship": "Inner",
                                                "Parallel Aware": false,
                                                "Async Capable": false,
                                                "Startup Cost": 0.0,
                                                "Total Cost": 2.42,
                                                "Plan Rows": 1,
                                                "Plan Width": 4,
                                                "Actual Startup Time": 0.0,
                                                "Actual Total Time": 0.0,
                                                "Actual Rows": 1,
                                                "Actual Loops": 3689677,
                                                "Plans": [
                                                    {
                                                        "Node Type": "Seq Scan",
                                                        "Parent Relationship": "Outer",
                                                        "Parallel Aware": false,
                                                        "Async Capable": false,
                                                        "Relation Name": "info_type",
                                                        "Alias": "it",
                                                        "Startup Cost": 0.0,
                                                        "Total Cost": 2.41,
                                                        "Plan Rows": 1,
                                                        "Plan Width": 4,
                                                        "Actual Startup Time": 0.026,
                                                        "Actual Total Time": 0.029,
                                                        "Actual Rows": 1,
                                                        "Actual Loops": 1,
                                                        "Filter": "(id = 2)",
                                                        "Rows Removed by Filter": 112
                                                    }
                                                ]
                                            }
                                        ]
                                    }
                                ]
                            }
                        ]
                    },
                    "Planning Time": 6.157,
                    "Triggers": [],
                    "Execution Time": 2681.588
                }
            ],
            "hints": [
                "SET enable_hashjoin TO on",
                "SET enable_indexonlyscan TO on",
                "SET enable_indexscan TO on",
                "SET enable_mergejoin TO on",
                "SET enable_nestloop TO off",
                "SET enable_seqscan TO on"
            ]
        },
        {
            "arm": 2,
            "execution_time": 2679.492,
            "plan": [
                {
                    "Plan": {
                        "Node Type": "Sort",
                        "Parallel Aware": false,
                        "Async Capable": false,
                        "Startup Cost": 833944.84,
                        "Total Cost": 834966.71,
                        "Plan Rows": 408745,
                        "Plan Width": 40,
                        "Actual Startup Time": 2628.818,
                        "Actual Total Time": 2673.735,
                        "Actual Rows": 173872,
                        "Actual Loops": 1,
                        "Sort Key": [
                            "(count(*)) DESC"
                        ],
                        "Sort Method": "external merge",
                        "Sort Space Used": 9616,
                        "Sort Space Type": "Disk",
                        "Plans": [
                            {
                                "Node Type": "Aggregate",
                                "Strategy": "Sorted",
                                "Partial Mode": "Simple",
                                "Parent Relationship": "Outer",
                                "Parallel Aware": false,
                                "Async Capable": false,
                                "Startup Cost": 721534.6,
                                "Total Cost": 784669.09,
                                "Plan Rows": 408745,
                                "Plan Width": 40,
                                "Actual Startup Time": 1623.61,
                                "Actual Total Time": 2646.308,
                                "Actual Rows": 173872,
                                "Actual Loops": 1,
                                "Group Key": [
                                    "n.gender",
                                    "rt.role",
                                    "cn.name"
                                ],
                                "Plans": [
                                    {
                                        "Node Type": "Nested Loop",
                                        "Parent Relationship": "Outer",
                                        "Parallel Aware": false,
                                        "Async Capable": false,
                                        "Join Type": "Inner",
                                        "Startup Cost": 721534.6,
                                        "Total Cost": 776494.19,
                                        "Plan Rows": 408745,
                                        "Plan Width": 32,
                                        "Actual Startup Time": 1623.594,
                                        "Actual Total Time": 2471.925,
                                        "Actual Rows": 3689677,
                                        "Actual Loops": 1,
                                        "Inner Unique": false,
                                        "Plans": [
                                            {
                                                "Node Type": "Gather Merge",
                                                "Parent Relationship": "Outer",
                                                "Parallel Aware": false,
                                                "Async Capable": false,
                                                "Startup Cost": 721534.6,
                                                "Total Cost": 771382.46,
                                                "Plan Rows": 408745,
                                                "Plan Width": 36,
                                                "Actual Startup Time": 1623.567,
                                                "Actual Total Time": 2010.825,
                                                "Actual Rows": 3689677,
                                                "Actual Loops": 1,
                                                "Workers Planned": 6,
                                                "Workers Launched": 6,
                                                "Plans": [
                                                    {
                                                        "Node Type": "Sort",
                                                        "Parent Relationship": "Outer",
                                                        "Parallel Aware": false,
                                                        "Async Capable": false,
                                                        "Startup Cost": 720534.51,
                                                        "Total Cost": 720704.82,
                                                        "Plan Rows": 68124,
                                                        "Plan Width": 36,
                                                        "Actual Startup Time": 1612.321,
                                                        "Actual Total Time": 1665.19,
                                                        "Actual Rows": 527097,
                                                        "Actual Loops": 7,
                                                        "Sort Key": [
                                                            "n.gender COLLATE \"C\"",
                                                            "rt.role COLLATE \"C\"",
                                                            "cn.name COLLATE \"C\""
                                                        ],
                                                        "Sort Method": "external merge",
                                                        "Sort Space Used": 26576,
                                                        "Sort Space Type": "Disk",
                                                        "Workers": [
                                                            {
                                                                "Worker Number": 0,
                                                                "Sort Method": "external merge",
                                                                "Sort Space Used": 26608,
                                                                "Sort Space Type": "Disk"
                                                            },
                                                            {
                                                                "Worker Number": 1,
                                                                "Sort Method": "external merge",
                                                                "Sort Space Used": 26608,
                                                                "Sort Space Type": "Disk"
                                                            },
                                                            {
                                                                "Worker Number": 2,
                                                                "Sort Method": "external merge",
                                                                "Sort Space Used": 24064,
                                                                "Sort Space Type": "Disk"
                                                            },
                                                            {
                                                                "Worker Number": 3,
                                                                "Sort Method": "external merge",
                                                                "Sort Space Used": 26600,
                                                                "Sort Space Type": "Disk"
                                                            },
                                                            {
                                                                "Worker Number": 4,
                                                                "Sort Method": "external merge",
                                                                "Sort Space Used": 26544,
                                                                "Sort Space Type": "Disk"
                                                            },
                                                            {
                                                                "Worker Number": 5,
                                                                "Sort Method": "external merge",
                                                                "Sort Space Used": 25640,
                                                                "Sort Space Type": "Disk"
                                                            }
                                                        ],
                                                        "Plans": [
                                                            {
                                                                "Node Type": "Hash Join",
                                                                "Parent Relationship": "Outer",
                                                                "Parallel Aware": true,
                                                                "Async Capable": false,
                                                                "Join Type": "Inner",
                                                                "Startup Cost": 373403.41,
                                                                "Total Cost": 715065.55,
                                                                "Plan Rows": 68124,
                                                                "Plan Width": 36,
                                                                "Actual Startup Time": 1260.991,
                                                                "Actual Total Time": 1332.602,
                                                                "Actual Rows": 527097,
                                                                "Actual Loops": 7,
                                                                "Inner Unique": true,
                                                                "Hash Cond": "(ci.person_id = n.id)",
                                                                "Workers": [],
                                                                "Plans": [
                                                                    {
                                                                        "Node Type": "Hash Join",
                                                                        "Parent Relationship": "Outer",
                                                                        "Parallel Aware": false,
                                                                        "Async Capable": false,
                                                                        "Join Type": "Inner",
                                                                        "Startup Cost": 290235.27,
                                                                        "Total Cost": 626582.59,
                                                                        "Plan Rows": 68124,
                                                                        "Plan Width": 38,
                                                                        "Actual Startup Time": 562.641,
                                                                        "Actual Total Time": 1116.571,
                                                                        "Actual Rows": 527097,
                                                                        "Actual Loops": 7,
                                                                        "Inner Unique": true,
                                                                        "Hash Cond": "(ci.role_id = rt.id)",
                                                                        "Workers": [],
                                                                        "Plans": [
                                                                            {
                                                                                "Node Type": "Hash Join",
                                                                                "Parent Relationship": "Outer",
                                                                                "Parallel Aware": true,
                                                                                "Async Capable": false,
                                                                                "Join Type": "Inner",
                                                                                "Startup Cost": 290233.93,
                                                                                "Total Cost": 626218.27,
                                                                                "Plan Rows": 102186,
                                                                                "Plan Width": 31,
                                                                                "Actual Startup Time": 456.94,
                                                                                "Actual Total Time": 1052.62,
                                                                                "Actual Rows": 1662513,
                                                                                "Actual Loops": 7,
                                                                                "Inner Unique": false,
                                                                                "Hash Cond": "(ci.movie_id = t.id)",
                                                                                "Workers": [],
                                                                                "Plans": [
                                                                                    {
                                                                                        "Node Type": "Seq Scan",
                                                                                        "Parent Relationship": "Outer",
                                                                                        "Parallel Aware": true,
                                                                                        "Async Capable": false,
                                                                                        "Relation Name": "cast_info",
                                                                                        "Alias": "ci",
                                                                                        "Startup Cost": 0.0,
                                                                                        "Total Cost": 313127.24,
                                                                                        "Plan Rows": 6040724,
                                                                                        "Plan Width": 12,
                                                                                        "Actual Startup Time": 0.013,
                                                                                        "Actual Total Time": 192.519,
                                                                                        "Actual Rows": 5177763,
                                                                                        "Actual Loops": 7,
                                                                                        "Workers": []
                                                                                    },
                                                                                    {
                                                                                        "Node Type": "Hash",
                                                                                        "Parent Relationship": "Inner",
                                                                                        "Parallel Aware": true,
                                                                                        "Async Capable": false,
                                                                                        "Startup Cost": 290127.0,
                                                                                        "Total Cost": 290127.0,
                                                                                        "Plan Rows": 8555,
                                                                                        "Plan Width": 35,
                                                                                        "Actual Startup Time": 456.885,
                                                                                        "Actual Total Time": 456.895,
                                                                                        "Actual Rows": 32029,
                                                                                        "Actual Loops": 7,
                                                                                        "Hash Buckets": 262144,
                                                                                        "Original Hash Buckets": 65536,
                                                                                        "Hash Batches": 1,
                                                                                        "Original Hash Batches": 1,
                                                                                        "Peak Memory Usage": 20256,
                                                                                        "Workers": [],
                                                                                        "Plans": [
                                                                                            {
                                                                                                "Node Type": "Hash Join",
                                                                                                "Parent Relationship": "Outer",
                                                                                                "Parallel Aware": false,
                                                                                                "Async Capable": false,
                                                                                                "Join Type": "Inner",
                                                                                                "Startup Cost": 83533.92,
                                                                                                "Total Cost": 290127.0,
                                                                                                "Plan Rows": 8555,
                                                                                                "Plan Width": 35,
                                                                                                "Actual Startup Time": 292.778,
                                                                                                "Actual Total Time": 453.351,
                                                                                                "Actual Rows": 32029,
                                                                                                "Actual Loops": 7,
                                                                                                "Inner Unique": true,
                                                                                                "Hash Cond": "(t.kind_id = kt.id)",
                                                                                                "Workers": [],
                                                                                                "Plans": [
                                                                                                    {
                                                                                                        "Node Type": "Hash Join",
                                                                                                        "Parent Relationship": "Outer",
                                                                                                        "Parallel Aware": false,
                                                                                                        "Async Capable": false,
                                                                                                        "Join Type": "Inner",
                                                                                                        "Startup Cost": 83532.74,
                                                                                                        "Total Cost": 290089.77,
                                                                                                        "Plan Rows": 8555,
                                                                                                        "Plan Width": 39,
                                                                                                        "Actual Startup Time": 291.586,
                                                                                                        "Actual Total Time": 451.081,
                                                                                                        "Actual Rows": 37771,
                                                                                                        "Actual Loops": 7,
                                                                                                        "Inner Unique": true,
                                                                                                        "Hash Cond": "(mc.company_type_id = ct.id)",
                                                                                                        "Workers": [],
                                                                                                        "Plans": [
                                                                                                            {
                                                                                                                "Node Type": "Hash Join",
                                                                                                                "Parent Relationship": "Outer",
                                                                                                                "Parallel Aware": true,
                                                                                                                "Async Capable": false,
                                                                                                                "Join Type": "Inner",
                                                                                                                "Startup Cost": 83531.65,
                                                                                                                "Total Cost": 290042.43,
                                                                                                                "Plan Rows": 8555,
                                                                                                                "Plan Width": 43,
                                                                                                                "Actual Startup Time": 291.572,
                                                                                                                "Actual Total Time": 448.541,
                                                                                                                "Actual Rows": 37771,
                                                                                                                "Actual Loops": 7,
                                                                                                                "Inner Unique": false,
                                                                                                                "Hash Cond": "(mi1.movie_id = t.id)",
                                                                                                                "Workers": [],
                                                                                                                "Plans": [
                                                                                                                    {
                                                                                                                        "Node Type": "Seq Scan",
                                                                                                                        "Parent Relationship": "Outer",
                                                                                                                        "Parallel Aware": true,
                                                                                                                        "Async Capable": false,
                                                                                                                        "Relation Name": "movie_info",
                                                                                                                        "Alias": "mi1",
                                                                                                                        "Startup Cost": 0.0,
                                                                                                                        "Total Cost": 206090.53,
                                                                                                                        "Plan Rows": 106361,
                                                                                                                        "Plan Width": 8,
                                                                                                                        "Actual Startup Time": 155.288,
                                                                                                                        "Actual Total Time": 300.676,
                                                                                                                        "Actual Rows": 184133,
                                                                                                                        "Actual Loops": 7,
                                                                                                                        "Filter": "((info ~~* '%c%'::text) AND (info_type_id = 2))",
                                                                                                                        "Rows Removed by Filter": 1935256,
                                                                                                                        "Workers": []
                                                                                                                    },
                                                                                                                    {
                                                                                                                        "Node Type": "Hash",
                                                                                                                        "Parent Relationship": "Inner",
                                                                                                                        "Parallel Aware": true,
                                                                                                                        "Async Capable": false,
                                                                                                                        "Startup Cost": 82896.11,
                                                                                                                        "Total Cost": 82896.11,
                                                                                                                        "Plan Rows": 50843,
                                                                                                                        "Plan Width": 35,
                                                                                                                        "Actual Startup Time": 131.958,
                                                                                                                        "Actual Total Time": 131.963,
                                                                                                                        "Actual Rows": 41730,
                                                                                                                        "Actual Loops": 7,
                                                                                                                        "Hash Buckets": 524288,
                                                                                                                        "Original Hash Buckets": 262144,
                                                                                                                        "Hash Batches": 1,
                                                                                                                        "Original Hash Batches": 1,
                                                                                                                        "Peak Memory Usage": 27840,
                                                                                                                        "Workers": [],
                                                                                                                        "Plans": [
                                                                                                                            {
                                                                                                                                "Node Type": "Hash Join",
                                                                                                                                "Parent Relationship": "Outer",
                                                                                                                                "Parallel Aware": true,
                                                                                                                                "Async Capable": false,
                                                                                                                                "Join Type": "Inner",
                                                                                                                                "Startup Cost": 35577.62,
                                                                                                                                "Total Cost": 82896.11,
                                                                                                                                "Plan Rows": 50843,
                                                                                                                                "Plan Width": 35,
                                                                                                                                "Actual Startup Time": 57.845,
                                                                                                                                "Actual Total Time": 119.438,
                                                                                                                                "Actual Rows": 41730,
                                                                                                                                "Actual Loops": 7,
                                                                                                                                "Inner Unique": false,
                                                                                                                                "Hash Cond": "(t.id = mc.movie_id)",
                                                                                                                                "Workers": [],
                                                                                                                                "Plans": [
                                                                                                                                    {
                                                                                                                                        "Node Type": "Seq Scan",
                                                                                                                                        "Parent Relationship": "Outer",
                                                                                                                                        "Parallel Aware": true,
                                                                                                                                        "Async Capable": false,
                                                                                                                                        "Relation Name": "title",
                                                                                                                                        "Alias": "t",
                                                                                                                                        "Startup Cost": 0.0,
                                                                                                                                        "Total Cost": 45490.07,
                                                                                                                                        "Plan Rows": 443844,
                                                                                                                                        "Plan Width": 8,
                                                                                                                                        "Actual Startup Time": 0.016,
                                                                                                                                        "Actual Total Time": 25.848,
                                                                                                                                        "Actual Rows": 253148,
                                                                                                                                        "Actual Loops": 7,
                                                                                                                                        "Filter": "((production_year <= 2015) AND (production_year >= 1990))",
                                                                                                                                        "Rows Removed by Filter": 108040,
                                                                                                                                        "Workers": []
                                                                                                                                    },
                                                                                                                                    {
                                                                                                                                        "Node Type": "Hash",
                                                                                                                                        "Parent Relationship": "Inner",
                                                                                                                                        "Parallel Aware": true,
                                                                                                                                        "Async Capable": false,
                                                                                                                                        "Startup Cost": 34409.68,
                                                                                                                                        "Total Cost": 34409.68,
                                                                                                                                        "Plan Rows": 93435,
                                                                                                                                        "Plan Width": 27,
                                                                                                                                        "Actual Startup Time": 57.735,
                                                                                                                                        "Actual Total Time": 57.738,
                                                                                                                                        "Actual Rows": 67320,
                                                                                                                                        "Actual Loops": 7,
                                                                                                                                        "Hash Buckets": 524288,
                                                                                                                                        "Original Hash Buckets": 524288,
                                                                                                                                        "Hash Batches": 1,
                                                                                                                                        "Original Hash Batches": 1,
                                                                                                                                        "Peak Memory Usage": 35936,
                                                                                                                                        "Workers": [],
                                                                                                                                        "Plans": [
                                                                                                                                            {
                                                                                                                                                "Node Type": "Hash Join",
                                                                                                                                                "Parent Relationship": "Outer",
                                                                                                                                                "Parallel Aware": true,
                                                                                                                                                "Async Capable": false,
                                                                                                                                                "Join Type": "Inner",
                                                                                                                                                "Startup Cost": 4959.74,
                                                                                                                                                "Total Cost": 34409.68,
                                                                                                                                                "Plan Rows": 93435,
                                                                                                                                                "Plan Width": 27,
                                                                                                                                                "Actual Startup Time": 7.083,
                                                                                                                                                "Actual Total Time": 46.14,
                                                                                                                                                "Actual Rows": 67320,
                                                                                                                                                "Actual Loops": 7,
                                                                                                                                                "Inner Unique": true,
                                                                                                                                                "Hash Cond": "(mc.company_id = cn.id)",
                                                                                                                                                "Workers": [],
                                                                                                                                                "Plans": [
                                                                                                                                                    {
                                                                                                                                                        "Node Type": "Seq Scan",
                                                                                                                                                        "Parent Relationship": "Outer",
                                                                                                                                                        "Parallel Aware": true,
                                                                                                                                                        "Async Capable": false,
                                                                                                                                                        "Relation Name": "movie_companies",
                                                                                                                                                        "Alias": "mc",
                                                                                                                                                        "Startup Cost": 0.0,
                                                                                                                                                        "Total Cost": 27240.55,
                                                                                                                                                        "Plan Rows": 841655,
                                                                                                                                                        "Plan Width": 12,
                                                                                                                                                        "Actual Startup Time": 0.012,
                                                                                                                                                        "Actual Total Time": 17.826,
                                                                                                                                                        "Actual Rows": 372733,
                                                                                                                                                        "Actual Loops": 7,
                                                                                                                                                        "Workers": []
                                                                                                                                                    },
                                                                                                                                                    {
                                                                                                                                                        "Node Type": "Hash",
                                                                                                                                                        "Parent Relationship": "Inner",
                                                                                                                                                        "Parallel Aware": true,
                                                                                                                                                        "Async Capable": false,
                                                                                                                                                        "Startup Cost": 4767.92,
                                                                                                                                                        "Total Cost": 4767.92,
                                                                                                                                                        "Plan Rows": 15346,
                                                                                                                                                        "Plan Width": 23,
                                                                                                                                                        "Actual Startup Time": 7.03,
                                                                                                                                                        "Actual Total Time": 7.031,
                                                                                                                                                        "Actual Rows": 4513,
                                                                                                                                                        "Actual Loops": 7,
                                                                                                                                                        "Hash Buckets": 32768,
                                                                                                                                                        "Original Hash Buckets": 32768,
                                                                                                                                                        "Hash Batches": 1,
                                                                                                                                                        "Original Hash Batches": 1,
                                                                                                                                                        "Peak Memory Usage": 2336,
                                                                                                                                                        "Workers": [],
                                                                                                                                                        "Plans": [
                                                                                                                                                            {
                                                                                                                                                                "Node Type": "Seq Scan",
                                                                                                                                                                "Parent Relationship": "Outer",
                                                                                                                                                                "Parallel Aware": true,
                                                                                                                                                                "Async Capable": false,
                                                                                                                                                                "Relation Name": "company_name",
                                                                                                                                                                "Alias": "cn",
                                                                                                                                                                "Startup Cost": 0.0,
                                                                                                                                                                "Total Cost": 4767.92,
                                                                                                                                                                "Plan Rows": 15346,
                                                                                                                                                                "Plan Width": 23,
                                                                                                                                                                "Actual Startup Time": 0.013,
                                                                                                                                                                "Actual Total Time": 5.139,
                                                                                                                                                                "Actual Rows": 4513,
                                                                                                                                                                "Actual Loops": 7,
                                                                                                                                                                "Filter": "(name ~~* '%me%'::text)",
                                                                                                                                                                "Rows Removed by Filter": 29058,
                                                                                                                                                                "Workers": []
                                                                                                                                                            }
                                                                                                                                                        ]
                                                                                                                                                    }
                                                                                                                                                ]
                                                                                                                                            }
                                                                                                                                        ]
                                                                                                                                    }
                                                                                                                                ]
                                                                                                                            }
                                                                                                                        ]
                                                                                                                    }
                                                                                                                ]
                                                                                                            },
                                                                                                            {
                                                                                                                "Node Type": "Hash",
                                                                                                                "Parent Relationship": "Inner",
                                                                                                                "Parallel Aware": false,
                                                                                                                "Async Capable": false,
                                                                                                                "Startup Cost": 1.04,
                                                                                                                "Total Cost": 1.04,
                                                                                                                "Plan Rows": 4,
                                                                                                                "Plan Width": 4,
                                                                                                                "Actual Startup Time": 0.007,
                                                                                                                "Actual Total Time": 0.008,
                                                                                                                "Actual Rows": 4,
                                                                                                                "Actual Loops": 7,
                                                                                                                "Hash Buckets": 1024,
                                                                                                                "Original Hash Buckets": 1024,
                                                                                                                "Hash Batches": 1,
                                                                                                                "Original Hash Batches": 1,
                                                                                                                "Peak Memory Usage": 9,
                                                                                                                "Workers": [],
                                                                                                                "Plans": [
                                                                                                                    {
                                                                                                                        "Node Type": "Seq Scan",
                                                                                                                        "Parent Relationship": "Outer",
                                                                                                                        "Parallel Aware": false,
                                                                                                                        "Async Capable": false,
                                                                                                                        "Relation Name": "company_type",
                                                                                                                        "Alias": "ct",
                                                                                                                        "Startup Cost": 0.0,
                                                                                                                        "Total Cost": 1.04,
                                                                                                                        "Plan Rows": 4,
                                                                                                                        "Plan Width": 4,
                                                                                                                        "Actual Startup Time": 0.006,
                                                                                                                        "Actual Total Time": 0.006,
                                                                                                                        "Actual Rows": 4,
                                                                                                                        "Actual Loops": 7,
                                                                                                                        "Workers": []
                                                                                                                    }
                                                                                                                ]
                                                                                                            }
                                                                                                        ]
                                                                                                    },
                                                                                                    {
                                                                                                        "Node Type": "Hash",
                                                                                                        "Parent Relationship": "Inner",
                                                                                                        "Parallel Aware": false,
                                                                                                        "Async Capable": false,
                                                                                                        "Startup Cost": 1.09,
                                                                                                        "Total Cost": 1.09,
                                                                                                        "Plan Rows": 7,
                                                                                                        "Plan Width": 4,
                                                                                                        "Actual Startup Time": 0.021,
                                                                                                        "Actual Total Time": 0.021,
                                                                                                        "Actual Rows": 6,
                                                                                                        "Actual Loops": 7,
                                                                                                        "Hash Buckets": 1024,
                                                                                                        "Original Hash Buckets": 1024,
                                                                                                        "Hash Batches": 1,
                                                                                                        "Original Hash Batches": 1,
                                                                                                        "Peak Memory Usage": 9,
                                                                                                        "Workers": [],
                                                                                                        "Plans": [
                                                                                                            {
                                                                                                                "Node Type": "Seq Scan",
                                                                                                                "Parent Relationship": "Outer",
                                                                                                                "Parallel Aware": false,
                                                                                                                "Async Capable": false,
                                                                                                                "Relation Name": "kind_type",
                                                                                                                "Alias": "kt",
                                                                                                                "Startup Cost": 0.0,
                                                                                                                "Total Cost": 1.09,
                                                                                                                "Plan Rows": 7,
                                                                                                                "Plan Width": 4,
                                                                                                                "Actual Startup Time": 0.018,
                                                                                                                "Actual Total Time": 0.019,
                                                                                                                "Actual Rows": 6,
                                                                                                                "Actual Loops": 7,
                                                                                                                "Filter": "((kind)::text ~~* '%v%'::text)",
                                                                                                                "Rows Removed by Filter": 1,
                                                                                                                "Workers": []
                                                                                                            }
                                                                                                        ]
                                                                                                    }
                                                                                                ]
                                                                                            }
                                                                                        ]
                                                                                    }
                                                                                ]
                                                                            },
                                                                            {
                                                                                "Node Type": "Hash",
                                                                                "Parent Relationship": "Inner",
                                                                                "Parallel Aware": false,
                                                                                "Async Capable": false,
                                                                                "Startup Cost": 1.24,
                                                                                "Total Cost": 1.24,
                                                                                "Plan Rows": 8,
                                                                                "Plan Width": 15,
                                                                                "Actual Startup Time": 0.035,
                                                                                "Actual Total Time": 0.035,
                                                                                "Actual Rows": 8,
                                                                                "Actual Loops": 7,
                                                                                "Hash Buckets": 1024,
                                                                                "Original Hash Buckets": 1024,
                                                                                "Hash Batches": 1,
                                                                                "Original Hash Batches": 1,
                                                                                "Peak Memory Usage": 9,
                                                                                "Workers": [],
                                                                                "Plans": [
                                                                                    {
                                                                                        "Node Type": "Seq Scan",
                                                                                        "Parent Relationship": "Outer",
                                                                                        "Parallel Aware": false,
                                                                                        "Async Capable": false,
                                                                                        "Relation Name": "role_type",
                                                                                        "Alias": "rt",
                                                                                        "Startup Cost": 0.0,
                                                                                        "Total Cost": 1.24,
                                                                                        "Plan Rows": 8,
                                                                                        "Plan Width": 15,
                                                                                        "Actual Startup Time": 0.031,
                                                                                        "Actual Total Time": 0.032,
                                                                                        "Actual Rows": 8,
                                                                                        "Actual Loops": 7,
                                                                                        "Filter": "((role)::text = ANY ('{actress,cinematographer,composer,\"costume designer\",guest,producer,\"production designer\",writer}'::text[]))",
                                                                                        "Rows Removed by Filter": 4,
                                                                                        "Workers": []
                                                                                    }
                                                                                ]
                                                                            }
                                                                        ]
                                                                    },
                                                                    {
                                                                        "Node Type": "Hash",
                                                                        "Parent Relationship": "Inner",
                                                                        "Parallel Aware": true,
                                                                        "Async Capable": false,
                                                                        "Startup Cost": 66074.73,
                                                                        "Total Cost": 66074.73,
                                                                        "Plan Rows": 1041873,
                                                                        "Plan Width": 6,
                                                                        "Actual Startup Time": 83.677,
                                                                        "Actual Total Time": 83.678,
                                                                        "Actual Rows": 595356,
                                                                        "Actual Loops": 7,
                                                                        "Hash Buckets": 524288,
                                                                        "Original Hash Buckets": 524288,
                                                                        "Hash Batches": 16,
                                                                        "Original Hash Batches": 16,
                                                                        "Peak Memory Usage": 14368,
                                                                        "Workers": [],
                                                                        "Plans": [
                                                                            {
                                                                                "Node Type": "Seq Scan",
                                                                                "Parent Relationship": "Outer",
                                                                                "Parallel Aware": true,
                                                                                "Async Capable": false,
                                                                                "Relation Name": "name",
                                                                                "Alias": "n",
                                                                                "Startup Cost": 0.0,
                                                                                "Total Cost": 66074.73,
                                                                                "Plan Rows": 1041873,
                                                                                "Plan Width": 6,
                                                                                "Actual Startup Time": 0.02,
                                                                                "Actual Total Time": 47.588,
                                                                                "Actual Rows": 595356,
                                                                                "Actual Loops": 7,
                                                                                "Workers": []
                                                                            }
                                                                        ]
                                                                    }
                                                                ]
                                                            }
                                                        ]
                                                    }
                                                ]
                                            },
                                            {
                                                "Node Type": "Materialize",
                                                "Parent Relationship": "Inner",
                                                "Parallel Aware": false,
                                                "Async Capable": false,
                                                "Startup Cost": 0.0,
                                                "Total Cost": 2.42,
                                                "Plan Rows": 1,
                                                "Plan Width": 4,
                                                "Actual Startup Time": 0.0,
                                                "Actual Total Time": 0.0,
                                                "Actual Rows": 1,
                                                "Actual Loops": 3689677,
                                                "Plans": [
                                                    {
                                                        "Node Type": "Seq Scan",
                                                        "Parent Relationship": "Outer",
                                                        "Parallel Aware": false,
                                                        "Async Capable": false,
                                                        "Relation Name": "info_type",
                                                        "Alias": "it",
                                                        "Startup Cost": 0.0,
                                                        "Total Cost": 2.41,
                                                        "Plan Rows": 1,
                                                        "Plan Width": 4,
                                                        "Actual Startup Time": 0.018,
                                                        "Actual Total Time": 0.022,
                                                        "Actual Rows": 1,
                                                        "Actual Loops": 1,
                                                        "Filter": "(id = 2)",
                                                        "Rows Removed by Filter": 112
                                                    }
                                                ]
                                            }
                                        ]
                                    }
                                ]
                            }
                        ]
                    },
                    "Planning Time": 4.121,
                    "Triggers": [],
                    "Execution Time": 2679.492
                }
            ],
            "hints": [
                "SET enable_hashjoin TO on",
                "SET enable_indexonlyscan TO on",
                "SET enable_indexscan TO off",
                "SET enable_mergejoin TO off",
                "SET enable_nestloop TO on",
                "SET enable_seqscan TO on"
            ]
        },
        {
            "arm": 3,
            "execution_time": 2659.294,
            "plan": [
                {
                    "Plan": {
                        "Node Type": "Sort",
                        "Parallel Aware": false,
                        "Async Capable": false,
                        "Startup Cost": 10000833944.84,
                        "Total Cost": 10000834966.71,
                        "Plan Rows": 408745,
                        "Plan Width": 40,
                        "Actual Startup Time": 2609.937,
                        "Actual Total Time": 2653.81,
                        "Actual Rows": 173872,
                        "Actual Loops": 1,
                        "Sort Key": [
                            "(count(*)) DESC"
                        ],
                        "Sort Method": "external merge",
                        "Sort Space Used": 9616,
                        "Sort Space Type": "Disk",
                        "Plans": [
                            {
                                "Node Type": "Aggregate",
                                "Strategy": "Sorted",
                                "Partial Mode": "Simple",
                                "Parent Relationship": "Outer",
                                "Parallel Aware": false,
                                "Async Capable": false,
                                "Startup Cost": 10000721534.6,
                                "Total Cost": 10000784669.09,
                                "Plan Rows": 408745,
                                "Plan Width": 40,
                                "Actual Startup Time": 1602.339,
                                "Actual Total Time": 2626.148,
                                "Actual Rows": 173872,
                                "Actual Loops": 1,
                                "Group Key": [
                                    "n.gender",
                                    "rt.role",
                                    "cn.name"
                                ],
                                "Plans": [
                                    {
                                        "Node Type": "Nested Loop",
                                        "Parent Relationship": "Outer",
                                        "Parallel Aware": false,
                                        "Async Capable": false,
                                        "Join Type": "Inner",
                                        "Startup Cost": 10000721534.6,
                                        "Total Cost": 10000776494.19,
                                        "Plan Rows": 408745,
                                        "Plan Width": 32,
                                        "Actual Startup Time": 1602.325,
                                        "Actual Total Time": 2451.517,
                                        "Actual Rows": 3689677,
                                        "Actual Loops": 1,
                                        "Inner Unique": false,
                                        "Plans": [
                                            {
                                                "Node Type": "Gather Merge",
                                                "Parent Relationship": "Outer",
                                                "Parallel Aware": false,
                                                "Async Capable": false,
                                                "Startup Cost": 721534.6,
                                                "Total Cost": 771382.46,
                                                "Plan Rows": 408745,
                                                "Plan Width": 36,
                                                "Actual Startup Time": 1602.303,
                                                "Actual Total Time": 1989.413,
                                                "Actual Rows": 3689677,
                                                "Actual Loops": 1,
                                                "Workers Planned": 6,
                                                "Workers Launched": 6,
                                                "Plans": [
                                                    {
                                                        "Node Type": "Sort",
                                                        "Parent Relationship": "Outer",
                                                        "Parallel Aware": false,
                                                        "Async Capable": false,
                                                        "Startup Cost": 720534.51,
                                                        "Total Cost": 720704.82,
                                                        "Plan Rows": 68124,
                                                        "Plan Width": 36,
                                                        "Actual Startup Time": 1595.071,
                                                        "Actual Total Time": 1649.697,
                                                        "Actual Rows": 527097,
                                                        "Actual Loops": 7,
                                                        "Sort Key": [
                                                            "n.gender COLLATE \"C\"",
                                                            "rt.role COLLATE \"C\"",
                                                            "cn.name COLLATE \"C\""
                                                        ],
                                                        "Sort Method": "external merge",
                                                        "Sort Space Used": 24960,
                                                        "Sort Space Type": "Disk",
                                                        "Workers": [
                                                            {
                                                                "Worker Number": 0,
                                                                "Sort Method": "external merge",
                                                                "Sort Space Used": 26584,
                                                                "Sort Space Type": "Disk"
                                                            },
                                                            {
                                                                "Worker Number": 1,
                                                                "Sort Method": "external merge",
                                                                "Sort Space Used": 25568,
                                                                "Sort Space Type": "Disk"
                                                            },
                                                            {
                                                                "Worker Number": 2,
                                                                "Sort Method": "external merge",
                                                                "Sort Space Used": 26592,
                                                                "Sort Space Type": "Disk"
                                                            },
                                                            {
                                                                "Worker Number": 3,
                                                                "Sort Method": "external merge",
                                                                "Sort Space Used": 26184,
                                                                "Sort Space Type": "Disk"
                                                            },
                                                            {
                                                                "Worker Number": 4,
                                                                "Sort Method": "external merge",
                                                                "Sort Space Used": 26328,
                                                                "Sort Space Type": "Disk"
                                                            },
                                                            {
                                                                "Worker Number": 5,
                                                                "Sort Method": "external merge",
                                                                "Sort Space Used": 26400,
                                                                "Sort Space Type": "Disk"
                                                            }
                                                        ],
                                                        "Plans": [
                                                            {
                                                                "Node Type": "Hash Join",
                                                                "Parent Relationship": "Outer",
                                                                "Parallel Aware": true,
                                                                "Async Capable": false,
                                                                "Join Type": "Inner",
                                                                "Startup Cost": 373403.41,
                                                                "Total Cost": 715065.55,
                                                                "Plan Rows": 68124,
                                                                "Plan Width": 36,
                                                                "Actual Startup Time": 1239.532,
                                                                "Actual Total Time": 1315.094,
                                                                "Actual Rows": 527097,
                                                                "Actual Loops": 7,
                                                                "Inner Unique": true,
                                                                "Hash Cond": "(ci.person_id = n.id)",
                                                                "Workers": [],
                                                                "Plans": [
                                                                    {
                                                                        "Node Type": "Hash Join",
                                                                        "Parent Relationship": "Outer",
                                                                        "Parallel Aware": false,
                                                                        "Async Capable": false,
                                                                        "Join Type": "Inner",
                                                                        "Startup Cost": 290235.27,
                                                                        "Total Cost": 626582.59,
                                                                        "Plan Rows": 68124,
                                                                        "Plan Width": 38,
                                                                        "Actual Startup Time": 552.323,
                                                                        "Actual Total Time": 1104.31,
                                                                        "Actual Rows": 527097,
                                                                        "Actual Loops": 7,
                                                                        "Inner Unique": true,
                                                                        "Hash Cond": "(ci.role_id = rt.id)",
                                                                        "Workers": [],
                                                                        "Plans": [
                                                                            {
                                                                                "Node Type": "Hash Join",
                                                                                "Parent Relationship": "Outer",
                                                                                "Parallel Aware": true,
                                                                                "Async Capable": false,
                                                                                "Join Type": "Inner",
                                                                                "Startup Cost": 290233.93,
                                                                                "Total Cost": 626218.27,
                                                                                "Plan Rows": 102186,
                                                                                "Plan Width": 31,
                                                                                "Actual Startup Time": 446.452,
                                                                                "Actual Total Time": 1040.789,
                                                                                "Actual Rows": 1662513,
                                                                                "Actual Loops": 7,
                                                                                "Inner Unique": false,
                                                                                "Hash Cond": "(ci.movie_id = t.id)",
                                                                                "Workers": [],
                                                                                "Plans": [
                                                                                    {
                                                                                        "Node Type": "Seq Scan",
                                                                                        "Parent Relationship": "Outer",
                                                                                        "Parallel Aware": true,
                                                                                        "Async Capable": false,
                                                                                        "Relation Name": "cast_info",
                                                                                        "Alias": "ci",
                                                                                        "Startup Cost": 0.0,
                                                                                        "Total Cost": 313127.24,
                                                                                        "Plan Rows": 6040724,
                                                                                        "Plan Width": 12,
                                                                                        "Actual Startup Time": 0.014,
                                                                                        "Actual Total Time": 188.113,
                                                                                        "Actual Rows": 5177763,
                                                                                        "Actual Loops": 7,
                                                                                        "Workers": []
                                                                                    },
                                                                                    {
                                                                                        "Node Type": "Hash",
                                                                                        "Parent Relationship": "Inner",
                                                                                        "Parallel Aware": true,
                                                                                        "Async Capable": false,
                                                                                        "Startup Cost": 290127.0,
                                                                                        "Total Cost": 290127.0,
                                                                                        "Plan Rows": 8555,
                                                                                        "Plan Width": 35,
                                                                                        "Actual Startup Time": 446.393,
                                                                                        "Actual Total Time": 446.495,
                                                                                        "Actual Rows": 32029,
                                                                                        "Actual Loops": 7,
                                                                                        "Hash Buckets": 262144,
                                                                                        "Original Hash Buckets": 65536,
                                                                                        "Hash Batches": 1,
                                                                                        "Original Hash Batches": 1,
                                                                                        "Peak Memory Usage": 20288,
                                                                                        "Workers": [],
                                                                                        "Plans": [
                                                                                            {
                                                                                                "Node Type": "Hash Join",
                                                                                                "Parent Relationship": "Outer",
                                                                                                "Parallel Aware": false,
                                                                                                "Async Capable": false,
                                                                                                "Join Type": "Inner",
                                                                                                "Startup Cost": 83533.92,
                                                                                                "Total Cost": 290127.0,
                                                                                                "Plan Rows": 8555,
                                                                                                "Plan Width": 35,
                                                                                                "Actual Startup Time": 280.657,
                                                                                                "Actual Total Time": 442.852,
                                                                                                "Actual Rows": 32029,
                                                                                                "Actual Loops": 7,
                                                                                                "Inner Unique": true,
                                                                                                "Hash Cond": "(t.kind_id = kt.id)",
                                                                                                "Workers": [],
                                                                                                "Plans": [
                                                                                                    {
                                                                                                        "Node Type": "Hash Join",
                                                                                                        "Parent Relationship": "Outer",
                                                                                                        "Parallel Aware": false,
                                                                                                        "Async Capable": false,
                                                                                                        "Join Type": "Inner",
                                                                                                        "Startup Cost": 83532.74,
                                                                                                        "Total Cost": 290089.77,
                                                                                                        "Plan Rows": 8555,
                                                                                                        "Plan Width": 39,
                                                                                                        "Actual Startup Time": 279.44,
                                                                                                        "Actual Total Time": 440.586,
                                                                                                        "Actual Rows": 37771,
                                                                                                        "Actual Loops": 7,
                                                                                                        "Inner Unique": true,
                                                                                                        "Hash Cond": "(mc.company_type_id = ct.id)",
                                                                                                        "Workers": [],
                                                                                                        "Plans": [
                                                                                                            {
                                                                                                                "Node Type": "Hash Join",
                                                                                                                "Parent Relationship": "Outer",
                                                                                                                "Parallel Aware": true,
                                                                                                                "Async Capable": false,
                                                                                                                "Join Type": "Inner",
                                                                                                                "Startup Cost": 83531.65,
                                                                                                                "Total Cost": 290042.43,
                                                                                                                "Plan Rows": 8555,
                                                                                                                "Plan Width": 43,
                                                                                                                "Actual Startup Time": 279.427,
                                                                                                                "Actual Total Time": 438.055,
                                                                                                                "Actual Rows": 37771,
                                                                                                                "Actual Loops": 7,
                                                                                                                "Inner Unique": false,
                                                                                                                "Hash Cond": "(mi1.movie_id = t.id)",
                                                                                                                "Workers": [],
                                                                                                                "Plans": [
                                                                                                                    {
                                                                                                                        "Node Type": "Seq Scan",
                                                                                                                        "Parent Relationship": "Outer",
                                                                                                                        "Parallel Aware": true,
                                                                                                                        "Async Capable": false,
                                                                                                                        "Relation Name": "movie_info",
                                                                                                                        "Alias": "mi1",
                                                                                                                        "Startup Cost": 0.0,
                                                                                                                        "Total Cost": 206090.53,
                                                                                                                        "Plan Rows": 106361,
                                                                                                                        "Plan Width": 8,
                                                                                                                        "Actual Startup Time": 155.029,
                                                                                                                        "Actual Total Time": 300.736,
                                                                                                                        "Actual Rows": 184133,
                                                                                                                        "Actual Loops": 7,
                                                                                                                        "Filter": "((info ~~* '%c%'::text) AND (info_type_id = 2))",
                                                                                                                        "Rows Removed by Filter": 1935256,
                                                                                                                        "Workers": []
                                                                                                                    },
                                                                                                                    {
                                                                                                                        "Node Type": "Hash",
                                                                                                                        "Parent Relationship": "Inner",
                                                                                                                        "Parallel Aware": true,
                                                                                                                        "Async Capable": false,
                                                                                                                        "Startup Cost": 82896.11,
                                                                                                                        "Total Cost": 82896.11,
                                                                                                                        "Plan Rows": 50843,
                                                                                                                        "Plan Width": 35,
                                                                                                                        "Actual Startup Time": 121.192,
                                                                                                                        "Actual Total Time": 121.289,
                                                                                                                        "Actual Rows": 41730,
                                                                                                                        "Actual Loops": 7,
                                                                                                                        "Hash Buckets": 524288,
                                                                                                                        "Original Hash Buckets": 262144,
                                                                                                                        "Hash Batches": 1,
                                                                                                                        "Original Hash Batches": 1,
                                                                                                                        "Peak Memory Usage": 27840,
                                                                                                                        "Workers": [],
                                                                                                                        "Plans": [
                                                                                                                            {
                                                                                                                                "Node Type": "Hash Join",
                                                                                                                                "Parent Relationship": "Outer",
                                                                                                                                "Parallel Aware": true,
                                                                                                                                "Async Capable": false,
                                                                                                                                "Join Type": "Inner",
                                                                                                                                "Startup Cost": 35577.62,
                                                                                                                                "Total Cost": 82896.11,
                                                                                                                                "Plan Rows": 50843,
                                                                                                                                "Plan Width": 35,
                                                                                                                                "Actual Startup Time": 53.201,
                                                                                                                                "Actual Total Time": 109.85,
                                                                                                                                "Actual Rows": 41730,
                                                                                                                                "Actual Loops": 7,
                                                                                                                                "Inner Unique": false,
                                                                                                                                "Hash Cond": "(t.id = mc.movie_id)",
                                                                                                                                "Workers": [],
                                                                                                                                "Plans": [
                                                                                                                                    {
                                                                                                                                        "Node Type": "Seq Scan",
                                                                                                                                        "Parent Relationship": "Outer",
                                                                                                                                        "Parallel Aware": true,
                                                                                                                                        "Async Capable": false,
                                                                                                                                        "Relation Name": "title",
                                                                                                                                        "Alias": "t",
                                                                                                                                        "Startup Cost": 0.0,
                                                                                                                                        "Total Cost": 45490.07,
                                                                                                                                        "Plan Rows": 443844,
                                                                                                                                        "Plan Width": 8,
                                                                                                                                        "Actual Startup Time": 0.005,
                                                                                                                                        "Actual Total Time": 23.66,
                                                                                                                                        "Actual Rows": 253148,
                                                                                                                                        "Actual Loops": 7,
                                                                                                                                        "Filter": "((production_year <= 2015) AND (production_year >= 1990))",
                                                                                                                                        "Rows Removed by Filter": 108040,
                                                                                                                                        "Workers": []
                                                                                                                                    },
                                                                                                                                    {
                                                                                                                                        "Node Type": "Hash",
                                                                                                                                        "Parent Relationship": "Inner",
                                                                                                                                        "Parallel Aware": true,
                                                                                                                                        "Async Capable": false,
                                                                                                                                        "Startup Cost": 34409.68,
                                                                                                                                        "Total Cost": 34409.68,
                                                                                                                                        "Plan Rows": 93435,
                                                                                                                                        "Plan Width": 27,
                                                                                                                                        "Actual Startup Time": 53.102,
                                                                                                                                        "Actual Total Time": 53.197,
                                                                                                                                        "Actual Rows": 67320,
                                                                                                                                        "Actual Loops": 7,
                                                                                                                                        "Hash Buckets": 524288,
                                                                                                                                        "Original Hash Buckets": 524288,
                                                                                                                                        "Hash Batches": 1,
                                                                                                                                        "Original Hash Batches": 1,
                                                                                                                                        "Peak Memory Usage": 35968,
                                                                                                                                        "Workers": [],
                                                                                                                                        "Plans": [
                                                                                                                                            {
                                                                                                                                                "Node Type": "Hash Join",
                                                                                                                                                "Parent Relationship": "Outer",
                                                                                                                                                "Parallel Aware": true,
                                                                                                                                                "Async Capable": false,
                                                                                                                                                "Join Type": "Inner",
                                                                                                                                                "Startup Cost": 4959.74,
                                                                                                                                                "Total Cost": 34409.68,
                                                                                                                                                "Plan Rows": 93435,
                                                                                                                                                "Plan Width": 27,
                                                                                                                                                "Actual Startup Time": 5.326,
                                                                                                                                                "Actual Total Time": 42.184,
                                                                                                                                                "Actual Rows": 67320,
                                                                                                                                                "Actual Loops": 7,
                                                                                                                                                "Inner Unique": true,
                                                                                                                                                "Hash Cond": "(mc.company_id = cn.id)",
                                                                                                                                                "Workers": [],
                                                                                                                                                "Plans": [
                                                                                                                                                    {
                                                                                                                                                        "Node Type": "Seq Scan",
                                                                                                                                                        "Parent Relationship": "Outer",
                                                                                                                                                        "Parallel Aware": true,
                                                                                                                                                        "Async Capable": false,
                                                                                                                                                        "Relation Name": "movie_companies",
                                                                                                                                                        "Alias": "mc",
                                                                                                                                                        "Startup Cost": 0.0,
                                                                                                                                                        "Total Cost": 27240.55,
                                                                                                                                                        "Plan Rows": 841655,
                                                                                                                                                        "Plan Width": 12,
                                                                                                                                                        "Actual Startup Time": 0.004,
                                                                                                                                                        "Actual Total Time": 15.93,
                                                                                                                                                        "Actual Rows": 372733,
                                                                                                                                                        "Actual Loops": 7,
                                                                                                                                                        "Workers": []
                                                                                                                                                    },
                                                                                                                                                    {
                                                                                                                                                        "Node Type": "Hash",
                                                                                                                                                        "Parent Relationship": "Inner",
                                                                                                                                                        "Parallel Aware": true,
                                                                                                                                                        "Async Capable": false,
                                                                                                                                                        "Startup Cost": 4767.92,
                                                                                                                                                        "Total Cost": 4767.92,
                                                                                                                                                        "Plan Rows": 15346,
                                                                                                                                                        "Plan Width": 23,
                                                                                                                                                        "Actual Startup Time": 5.294,
                                                                                                                                                        "Actual Total Time": 5.295,
                                                                                                                                                        "Actual Rows": 4513,
                                                                                                                                                        "Actual Loops": 7,
                                                                                                                                                        "Hash Buckets": 32768,
                                                                                                                                                        "Original Hash Buckets": 32768,
                                                                                                                                                        "Hash Batches": 1,
                                                                                                                                                        "Original Hash Batches": 1,
                                                                                                                                                        "Peak Memory Usage": 2336,
                                                                                                                                                        "Workers": [],
                                                                                                                                                        "Plans": [
                                                                                                                                                            {
                                                                                                                                                                "Node Type": "Seq Scan",
                                                                                                                                                                "Parent Relationship": "Outer",
                                                                                                                                                                "Parallel Aware": true,
                                                                                                                                                                "Async Capable": false,
                                                                                                                                                                "Relation Name": "company_name",
                                                                                                                                                                "Alias": "cn",
                                                                                                                                                                "Startup Cost": 0.0,
                                                                                                                                                                "Total Cost": 4767.92,
                                                                                                                                                                "Plan Rows": 15346,
                                                                                                                                                                "Plan Width": 23,
                                                                                                                                                                "Actual Startup Time": 0.009,
                                                                                                                                                                "Actual Total Time": 4.856,
                                                                                                                                                                "Actual Rows": 4513,
                                                                                                                                                                "Actual Loops": 7,
                                                                                                                                                                "Filter": "(name ~~* '%me%'::text)",
                                                                                                                                                                "Rows Removed by Filter": 29058,
                                                                                                                                                                "Workers": []
                                                                                                                                                            }
                                                                                                                                                        ]
                                                                                                                                                    }
                                                                                                                                                ]
                                                                                                                                            }
                                                                                                                                        ]
                                                                                                                                    }
                                                                                                                                ]
                                                                                                                            }
                                                                                                                        ]
                                                                                                                    }
                                                                                                                ]
                                                                                                            },
                                                                                                            {
                                                                                                                "Node Type": "Hash",
                                                                                                                "Parent Relationship": "Inner",
                                                                                                                "Parallel Aware": false,
                                                                                                                "Async Capable": false,
                                                                                                                "Startup Cost": 1.04,
                                                                                                                "Total Cost": 1.04,
                                                                                                                "Plan Rows": 4,
                                                                                                                "Plan Width": 4,
                                                                                                                "Actual Startup Time": 0.006,
                                                                                                                "Actual Total Time": 0.007,
                                                                                                                "Actual Rows": 4,
                                                                                                                "Actual Loops": 7,
                                                                                                                "Hash Buckets": 1024,
                                                                                                                "Original Hash Buckets": 1024,
                                                                                                                "Hash Batches": 1,
                                                                                                                "Original Hash Batches": 1,
                                                                                                                "Peak Memory Usage": 9,
                                                                                                                "Workers": [],
                                                                                                                "Plans": [
                                                                                                                    {
                                                                                                                        "Node Type": "Seq Scan",
                                                                                                                        "Parent Relationship": "Outer",
                                                                                                                        "Parallel Aware": false,
                                                                                                                        "Async Capable": false,
                                                                                                                        "Relation Name": "company_type",
                                                                                                                        "Alias": "ct",
                                                                                                                        "Startup Cost": 0.0,
                                                                                                                        "Total Cost": 1.04,
                                                                                                                        "Plan Rows": 4,
                                                                                                                        "Plan Width": 4,
                                                                                                                        "Actual Startup Time": 0.005,
                                                                                                                        "Actual Total Time": 0.005,
                                                                                                                        "Actual Rows": 4,
                                                                                                                        "Actual Loops": 7,
                                                                                                                        "Workers": []
                                                                                                                    }
                                                                                                                ]
                                                                                                            }
                                                                                                        ]
                                                                                                    },
                                                                                                    {
                                                                                                        "Node Type": "Hash",
                                                                                                        "Parent Relationship": "Inner",
                                                                                                        "Parallel Aware": false,
                                                                                                        "Async Capable": false,
                                                                                                        "Startup Cost": 1.09,
                                                                                                        "Total Cost": 1.09,
                                                                                                        "Plan Rows": 7,
                                                                                                        "Plan Width": 4,
                                                                                                        "Actual Startup Time": 0.015,
                                                                                                        "Actual Total Time": 0.016,
                                                                                                        "Actual Rows": 6,
                                                                                                        "Actual Loops": 7,
                                                                                                        "Hash Buckets": 1024,
                                                                                                        "Original Hash Buckets": 1024,
                                                                                                        "Hash Batches": 1,
                                                                                                        "Original Hash Batches": 1,
                                                                                                        "Peak Memory Usage": 9,
                                                                                                        "Workers": [],
                                                                                                        "Plans": [
                                                                                                            {
                                                                                                                "Node Type": "Seq Scan",
                                                                                                                "Parent Relationship": "Outer",
                                                                                                                "Parallel Aware": false,
                                                                                                                "Async Capable": false,
                                                                                                                "Relation Name": "kind_type",
                                                                                                                "Alias": "kt",
                                                                                                                "Startup Cost": 0.0,
                                                                                                                "Total Cost": 1.09,
                                                                                                                "Plan Rows": 7,
                                                                                                                "Plan Width": 4,
                                                                                                                "Actual Startup Time": 0.013,
                                                                                                                "Actual Total Time": 0.014,
                                                                                                                "Actual Rows": 6,
                                                                                                                "Actual Loops": 7,
                                                                                                                "Filter": "((kind)::text ~~* '%v%'::text)",
                                                                                                                "Rows Removed by Filter": 1,
                                                                                                                "Workers": []
                                                                                                            }
                                                                                                        ]
                                                                                                    }
                                                                                                ]
                                                                                            }
                                                                                        ]
                                                                                    }
                                                                                ]
                                                                            },
                                                                            {
                                                                                "Node Type": "Hash",
                                                                                "Parent Relationship": "Inner",
                                                                                "Parallel Aware": false,
                                                                                "Async Capable": false,
                                                                                "Startup Cost": 1.24,
                                                                                "Total Cost": 1.24,
                                                                                "Plan Rows": 8,
                                                                                "Plan Width": 15,
                                                                                "Actual Startup Time": 0.026,
                                                                                "Actual Total Time": 0.026,
                                                                                "Actual Rows": 8,
                                                                                "Actual Loops": 7,
                                                                                "Hash Buckets": 1024,
                                                                                "Original Hash Buckets": 1024,
                                                                                "Hash Batches": 1,
                                                                                "Original Hash Batches": 1,
                                                                                "Peak Memory Usage": 9,
                                                                                "Workers": [],
                                                                                "Plans": [
                                                                                    {
                                                                                        "Node Type": "Seq Scan",
                                                                                        "Parent Relationship": "Outer",
                                                                                        "Parallel Aware": false,
                                                                                        "Async Capable": false,
                                                                                        "Relation Name": "role_type",
                                                                                        "Alias": "rt",
                                                                                        "Startup Cost": 0.0,
                                                                                        "Total Cost": 1.24,
                                                                                        "Plan Rows": 8,
                                                                                        "Plan Width": 15,
                                                                                        "Actual Startup Time": 0.023,
                                                                                        "Actual Total Time": 0.024,
                                                                                        "Actual Rows": 8,
                                                                                        "Actual Loops": 7,
                                                                                        "Filter": "((role)::text = ANY ('{actress,cinematographer,composer,\"costume designer\",guest,producer,\"production designer\",writer}'::text[]))",
                                                                                        "Rows Removed by Filter": 4,
                                                                                        "Workers": []
                                                                                    }
                                                                                ]
                                                                            }
                                                                        ]
                                                                    },
                                                                    {
                                                                        "Node Type": "Hash",
                                                                        "Parent Relationship": "Inner",
                                                                        "Parallel Aware": true,
                                                                        "Async Capable": false,
                                                                        "Startup Cost": 66074.73,
                                                                        "Total Cost": 66074.73,
                                                                        "Plan Rows": 1041873,
                                                                        "Plan Width": 6,
                                                                        "Actual Startup Time": 75.379,
                                                                        "Actual Total Time": 75.379,
                                                                        "Actual Rows": 595356,
                                                                        "Actual Loops": 7,
                                                                        "Hash Buckets": 524288,
                                                                        "Original Hash Buckets": 524288,
                                                                        "Hash Batches": 16,
                                                                        "Original Hash Batches": 16,
                                                                        "Peak Memory Usage": 14336,
                                                                        "Workers": [],
                                                                        "Plans": [
                                                                            {
                                                                                "Node Type": "Seq Scan",
                                                                                "Parent Relationship": "Outer",
                                                                                "Parallel Aware": true,
                                                                                "Async Capable": false,
                                                                                "Relation Name": "name",
                                                                                "Alias": "n",
                                                                                "Startup Cost": 0.0,
                                                                                "Total Cost": 66074.73,
                                                                                "Plan Rows": 1041873,
                                                                                "Plan Width": 6,
                                                                                "Actual Startup Time": 0.007,
                                                                                "Actual Total Time": 41.109,
                                                                                "Actual Rows": 595356,
                                                                                "Actual Loops": 7,
                                                                                "Workers": []
                                                                            }
                                                                        ]
                                                                    }
                                                                ]
                                                            }
                                                        ]
                                                    }
                                                ]
                                            },
                                            {
                                                "Node Type": "Materialize",
                                                "Parent Relationship": "Inner",
                                                "Parallel Aware": false,
                                                "Async Capable": false,
                                                "Startup Cost": 0.0,
                                                "Total Cost": 2.42,
                                                "Plan Rows": 1,
                                                "Plan Width": 4,
                                                "Actual Startup Time": 0.0,
                                                "Actual Total Time": 0.0,
                                                "Actual Rows": 1,
                                                "Actual Loops": 3689677,
                                                "Plans": [
                                                    {
                                                        "Node Type": "Seq Scan",
                                                        "Parent Relationship": "Outer",
                                                        "Parallel Aware": false,
                                                        "Async Capable": false,
                                                        "Relation Name": "info_type",
                                                        "Alias": "it",
                                                        "Startup Cost": 0.0,
                                                        "Total Cost": 2.41,
                                                        "Plan Rows": 1,
                                                        "Plan Width": 4,
                                                        "Actual Startup Time": 0.015,
                                                        "Actual Total Time": 0.018,
                                                        "Actual Rows": 1,
                                                        "Actual Loops": 1,
                                                        "Filter": "(id = 2)",
                                                        "Rows Removed by Filter": 112
                                                    }
                                                ]
                                            }
                                        ]
                                    }
                                ]
                            }
                        ]
                    },
                    "Planning Time": 4.422,
                    "Triggers": [],
                    "Execution Time": 2659.294
                }
            ],
            "hints": [
                "SET enable_hashjoin TO on",
                "SET enable_indexonlyscan TO on",
                "SET enable_indexscan TO off",
                "SET enable_mergejoin TO off",
                "SET enable_nestloop TO off",
                "SET enable_seqscan TO on"
            ]
        },
        {
            "arm": 4,
            "execution_time": 3203.747,
            "plan": [
                {
                    "Plan": {
                        "Node Type": "Sort",
                        "Parallel Aware": false,
                        "Async Capable": false,
                        "Startup Cost": 599236.33,
                        "Total Cost": 600258.19,
                        "Plan Rows": 408745,
                        "Plan Width": 40,
                        "Actual Startup Time": 3164.2,
                        "Actual Total Time": 3196.417,
                        "Actual Rows": 173872,
                        "Actual Loops": 1,
                        "Sort Key": [
                            "(count(*)) DESC"
                        ],
                        "Sort Method": "external merge",
                        "Sort Space Used": 9616,
                        "Sort Space Type": "Disk",
                        "Plans": [
                            {
                                "Node Type": "Aggregate",
                                "Strategy": "Sorted",
                                "Partial Mode": "Simple",
                                "Parent Relationship": "Outer",
                                "Parallel Aware": false,
                                "Async Capable": false,
                                "Startup Cost": 487246.53,
                                "Total Cost": 549960.57,
                                "Plan Rows": 408745,
                                "Plan Width": 40,
                                "Actual Startup Time": 2159.935,
                                "Actual Total Time": 3168.213,
                                "Actual Rows": 173872,
                                "Actual Loops": 1,
                                "Group Key": [
                                    "n.gender",
                                    "rt.role",
                                    "cn.name"
                                ],
                                "Plans": [
                                    {
                                        "Node Type": "Nested Loop",
                                        "Parent Relationship": "Outer",
                                        "Parallel Aware": false,
                                        "Async Capable": false,
                                        "Join Type": "Inner",
                                        "Startup Cost": 487246.53,
                                        "Total Cost": 541785.67,
                                        "Plan Rows": 408745,
                                        "Plan Width": 32,
                                        "Actual Startup Time": 2159.925,
                                        "Actual Total Time": 2993.57,
                                        "Actual Rows": 3689677,
                                        "Actual Loops": 1,
                                        "Inner Unique": false,
                                        "Plans": [
                                            {
                                                "Node Type": "Gather Merge",
                                                "Parent Relationship": "Outer",
                                                "Parallel Aware": false,
                                                "Async Capable": false,
                                                "Startup Cost": 487246.53,
                                                "Total Cost": 536673.95,
                                                "Plan Rows": 408745,
                                                "Plan Width": 36,
                                                "Actual Startup Time": 2159.913,
                                                "Actual Total Time": 2534.639,
                                                "Actual Rows": 3689677,
                                                "Actual Loops": 1,
                                                "Workers Planned": 5,
                                                "Workers Launched": 5,
                                                "Plans": [
                                                    {
                                                        "Node Type": "Sort",
                                                        "Parent Relationship": "Outer",
                                                        "Parallel Aware": false,
                                                        "Async Capable": false,
                                                        "Startup Cost": 486246.46,
                                                        "Total Cost": 486450.83,
                                                        "Plan Rows": 81749,
                                                        "Plan Width": 36,
                                                        "Actual Startup Time": 2148.739,
                                                        "Actual Total Time": 2209.381,
                                                        "Actual Rows": 614946,
                                                        "Actual Loops": 6,
                                                        "Sort Key": [
                                                            "n.gender COLLATE \"C\"",
                                                            "rt.role COLLATE \"C\"",
                                                            "cn.name COLLATE \"C\""
                                                        ],
                                                        "Sort Method": "external merge",
                                                        "Sort Space Used": 30920,
                                                        "Sort Space Type": "Disk",
                                                        "Workers": [
                                                            {
                                                                "Worker Number": 0,
                                                                "Sort Method": "external merge",
                                                                "Sort Space Used": 29696,
                                                                "Sort Space Type": "Disk"
                                                            },
                                                            {
                                                                "Worker Number": 1,
                                                                "Sort Method": "external merge",
                                                                "Sort Space Used": 29504,
                                                                "Sort Space Type": "Disk"
                                                            },
                                                            {
                                                                "Worker Number": 2,
                                                                "Sort Method": "external merge",
                                                                "Sort Space Used": 29616,
                                                                "Sort Space Type": "Disk"
                                                            },
                                                            {
                                                                "Worker Number": 3,
                                                                "Sort Method": "external merge",
                                                                "Sort Space Used": 29416,
                                                                "Sort Space Type": "Disk"
                                                            },
                                                            {
                                                                "Worker Number": 4,
                                                                "Sort Method": "external merge",
                                                                "Sort Space Used": 33472,
                                                                "Sort Space Type": "Disk"
                                                            }
                                                        ],
                                                        "Plans": [
                                                            {
                                                                "Node Type": "Nested Loop",
                                                                "Parent Relationship": "Outer",
                                                                "Parallel Aware": false,
                                                                "Async Capable": false,
                                                                "Join Type": "Inner",
                                                                "Startup Cost": 35582.53,
                                                                "Total Cost": 479576.18,
                                                                "Plan Rows": 81749,
                                                                "Plan Width": 36,
                                                                "Actual Startup Time": 260.09,
                                                                "Actual Total Time": 1827.957,
                                                                "Actual Rows": 614946,
                                                                "Actual Loops": 6,
                                                                "Inner Unique": true,
                                                                "Workers": [],
                                                                "Plans": [
                                                                    {
                                                                        "Node Type": "Hash Join",
                                                                        "Parent Relationship": "Outer",
                                                                        "Parallel Aware": false,
                                                                        "Async Capable": false,
                                                                        "Join Type": "Inner",
                                                                        "Startup Cost": 35582.09,
                                                                        "Total Cost": 424073.61,
                                                                        "Plan Rows": 81749,
                                                                        "Plan Width": 38,
                                                                        "Actual Startup Time": 260.069,
                                                                        "Actual Total Time": 1362.508,
                                                                        "Actual Rows": 614946,
                                                                        "Actual Loops": 6,
                                                                        "Inner Unique": true,
                                                                        "Hash Cond": "(ci.role_id = rt.id)",
                                                                        "Workers": [],
                                                                        "Plans": [
                                                                            {
                                                                                "Node Type": "Nested Loop",
                                                                                "Parent Relationship": "Outer",
                                                                                "Parallel Aware": false,
                                                                                "Async Capable": false,
                                                                                "Join Type": "Inner",
                                                                                "Startup Cost": 35580.75,
                                                                                "Total Cost": 423636.7,
                                                                                "Plan Rows": 122623,
                                                                                "Plan Width": 31,
                                                                                "Actual Startup Time": 260.019,
                                                                                "Actual Total Time": 1279.527,
                                                                                "Actual Rows": 1939599,
                                                                                "Actual Loops": 6,
                                                                                "Inner Unique": false,
                                                                                "Join Filter": "(t.id = ci.movie_id)",
                                                                                "Rows Removed by Join Filter": 0,
                                                                                "Workers": [],
                                                                                "Plans": [
                                                                                    {
                                                                                        "Node Type": "Hash Join",
                                                                                        "Parent Relationship": "Outer",
                                                                                        "Parallel Aware": false,
                                                                                        "Async Capable": false,
                                                                                        "Join Type": "Inner",
                                                                                        "Startup Cost": 35580.31,
                                                                                        "Total Cost": 286560.48,
                                                                                        "Plan Rows": 8555,
                                                                                        "Plan Width": 35,
                                                                                        "Actual Startup Time": 259.13,
                                                                                        "Actual Total Time": 542.079,
                                                                                        "Actual Rows": 37367,
                                                                                        "Actual Loops": 6,
                                                                                        "Inner Unique": true,
                                                                                        "Hash Cond": "(t.kind_id = kt.id)",
                                                                                        "Workers": [],
                                                                                        "Plans": [
                                                                                            {
                                                                                                "Node Type": "Hash Join",
                                                                                                "Parent Relationship": "Outer",
                                                                                                "Parallel Aware": false,
                                                                                                "Async Capable": false,
                                                                                                "Join Type": "Inner",
                                                                                                "Startup Cost": 35579.14,
                                                                                                "Total Cost": 286523.25,
                                                                                                "Plan Rows": 8555,
                                                                                                "Plan Width": 39,
                                                                                                "Actual Startup Time": 259.11,
                                                                                                "Actual Total Time": 539.08,
                                                                                                "Actual Rows": 44066,
                                                                                                "Actual Loops": 6,
                                                                                                "Inner Unique": true,
                                                                                                "Hash Cond": "(mc.company_type_id = ct.id)",
                                                                                                "Workers": [],
                                                                                                "Plans": [
                                                                                                    {
                                                                                                        "Node Type": "Nested Loop",
                                                                                                        "Parent Relationship": "Outer",
                                                                                                        "Parallel Aware": false,
                                                                                                        "Async Capable": false,
                                                                                                        "Join Type": "Inner",
                                                                                                        "Startup Cost": 35578.05,
                                                                                                        "Total Cost": 286475.91,
                                                                                                        "Plan Rows": 8555,
                                                                                                        "Plan Width": 43,
                                                                                                        "Actual Startup Time": 259.095,
                                                                                                        "Actual Total Time": 535.699,
                                                                                                        "Actual Rows": 44066,
                                                                                                        "Actual Loops": 6,
                                                                                                        "Inner Unique": true,
                                                                                                        "Workers": [],
                                                                                                        "Plans": [
                                                                                                            {
                                                                                                                "Node Type": "Hash Join",
                                                                                                                "Parent Relationship": "Outer",
                                                                                                                "Parallel Aware": true,
                                                                                                                "Async Capable": false,
                                                                                                                "Join Type": "Inner",
                                                                                                                "Startup Cost": 35577.62,
                                                                                                                "Total Cost": 242269.41,
                                                                                                                "Plan Rows": 62747,
                                                                                                                "Plan Width": 35,
                                                                                                                "Actual Startup Time": 257.157,
                                                                                                                "Actual Total Time": 461.244,
                                                                                                                "Actual Rows": 72364,
                                                                                                                "Actual Loops": 6,
                                                                                                                "Inner Unique": false,
                                                                                                                "Hash Cond": "(mi1.movie_id = mc.movie_id)",
                                                                                                                "Workers": [],
                                                                                                                "Plans": [
                                                                                                                    {
                                                                                                                        "Node Type": "Seq Scan",
                                                                                                                        "Parent Relationship": "Outer",
                                                                                                                        "Parallel Aware": true,
                                                                                                                        "Async Capable": false,
                                                                                                                        "Relation Name": "movie_info",
                                                                                                                        "Alias": "mi1",
                                                                                                                        "Startup Cost": 0.0,
                                                                                                                        "Total Cost": 206090.53,
                                                                                                                        "Plan Rows": 106361,
                                                                                                                        "Plan Width": 8,
                                                                                                                        "Actual Startup Time": 195.329,
                                                                                                                        "Actual Total Time": 339.152,
                                                                                                                        "Actual Rows": 214821,
                                                                                                                        "Actual Loops": 6,
                                                                                                                        "Filter": "((info ~~* '%c%'::text) AND (info_type_id = 2))",
                                                                                                                        "Rows Removed by Filter": 2257799,
                                                                                                                        "Workers": []
                                                                                                                    },
                                                                                                                    {
                                                                                                                        "Node Type": "Hash",
                                                                                                                        "Parent Relationship": "Inner",
                                                                                                                        "Parallel Aware": true,
                                                                                                                        "Async Capable": false,
                                                                                                                        "Startup Cost": 34409.68,
                                                                                                                        "Total Cost": 34409.68,
                                                                                                                        "Plan Rows": 93435,
                                                                                                                        "Plan Width": 27,
                                                                                                                        "Actual Startup Time": 60.131,
                                                                                                                        "Actual Total Time": 60.135,
                                                                                                                        "Actual Rows": 78540,
                                                                                                                        "Actual Loops": 6,
                                                                                                                        "Hash Buckets": 524288,
                                                                                                                        "Original Hash Buckets": 524288,
                                                                                                                        "Hash Batches": 1,
                                                                                                                        "Original Hash Batches": 1,
                                                                                                                        "Peak Memory Usage": 35936,
                                                                                                                        "Workers": [],
                                                                                                                        "Plans": [
                                                                                                                            {
                                                                                                                                "Node Type": "Hash Join",
                                                                                                                                "Parent Relationship": "Outer",
                                                                                                                                "Parallel Aware": true,
                                                                                                                                "Async Capable": false,
                                                                                                                                "Join Type": "Inner",
                                                                                                                                "Startup Cost": 4959.74,
                                                                                                                                "Total Cost": 34409.68,
                                                                                                                                "Plan Rows": 93435,
                                                                                                                                "Plan Width": 27,
                                                                                                                                "Actual Startup Time": 5.878,
                                                                                                                                "Actual Total Time": 48.739,
                                                                                                                                "Actual Rows": 78540,
                                                                                                                                "Actual Loops": 6,
                                                                                                                                "Inner Unique": true,
                                                                                                                                "Hash Cond": "(mc.company_id = cn.id)",
                                                                                                                                "Workers": [],
                                                                                                                                "Plans": [
                                                                                                                                    {
                                                                                                                                        "Node Type": "Seq Scan",
                                                                                                                                        "Parent Relationship": "Outer",
                                                                                                                                        "Parallel Aware": true,
                                                                                                                                        "Async Capable": false,
                                                                                                                                        "Relation Name": "movie_companies",
                                                                                                                                        "Alias": "mc",
                                                                                                                                        "Startup Cost": 0.0,
                                                                                                                                        "Total Cost": 27240.55,
                                                                                                                                        "Plan Rows": 841655,
                                                                                                                                        "Plan Width": 12,
                                                                                                                                        "Actual Startup Time": 0.005,
                                                                                                                                        "Actual Total Time": 18.533,
                                                                                                                                        "Actual Rows": 434855,
                                                                                                                                        "Actual Loops": 6,
                                                                                                                                        "Workers": []
                                                                                                                                    },
                                                                                                                                    {
                                                                                                                                        "Node Type": "Hash",
                                                                                                                                        "Parent Relationship": "Inner",
                                                                                                                                        "Parallel Aware": true,
                                                                                                                                        "Async Capable": false,
                                                                                                                                        "Startup Cost": 4767.92,
                                                                                                                                        "Total Cost": 4767.92,
                                                                                                                                        "Plan Rows": 15346,
                                                                                                                                        "Plan Width": 23,
                                                                                                                                        "Actual Startup Time": 5.845,
                                                                                                                                        "Actual Total Time": 5.846,
                                                                                                                                        "Actual Rows": 5265,
                                                                                                                                        "Actual Loops": 6,
                                                                                                                                        "Hash Buckets": 32768,
                                                                                                                                        "Original Hash Buckets": 32768,
                                                                                                                                        "Hash Batches": 1,
                                                                                                                                        "Original Hash Batches": 1,
                                                                                                                                        "Peak Memory Usage": 2304,
                                                                                                                                        "Workers": [],
                                                                                                                                        "Plans": [
                                                                                                                                            {
                                                                                                                                                "Node Type": "Seq Scan",
                                                                                                                                                "Parent Relationship": "Outer",
                                                                                                                                                "Parallel Aware": true,
                                                                                                                                                "Async Capable": false,
                                                                                                                                                "Relation Name": "company_name",
                                                                                                                                                "Alias": "cn",
                                                                                                                                                "Startup Cost": 0.0,
                                                                                                                                                "Total Cost": 4767.92,
                                                                                                                                                "Plan Rows": 15346,
                                                                                                                                                "Plan Width": 23,
                                                                                                                                                "Actual Startup Time": 0.01,
                                                                                                                                                "Actual Total Time": 5.38,
                                                                                                                                                "Actual Rows": 5265,
                                                                                                                                                "Actual Loops": 6,
                                                                                                                                                "Filter": "(name ~~* '%me%'::text)",
                                                                                                                                                "Rows Removed by Filter": 33901,
                                                                                                                                                "Workers": []
                                                                                                                                            }
                                                                                                                                        ]
                                                                                                                                    }
                                                                                                                                ]
                                                                                                                            }
                                                                                                                        ]
                                                                                                                    }
                                                                                                                ]
                                                                                                            },
                                                                                                            {
                                                                                                                "Node Type": "Index Scan",
                                                                                                                "Parent Relationship": "Inner",
                                                                                                                "Parallel Aware": false,
                                                                                                                "Async Capable": false,
                                                                                                                "Scan Direction": "Forward",
                                                                                                                "Index Name": "title_pkey",
                                                                                                                "Relation Name": "title",
                                                                                                                "Alias": "t",
                                                                                                                "Startup Cost": 0.43,
                                                                                                                "Total Cost": 0.7,
                                                                                                                "Plan Rows": 1,
                                                                                                                "Plan Width": 8,
                                                                                                                "Actual Startup Time": 0.001,
                                                                                                                "Actual Total Time": 0.001,
                                                                                                                "Actual Rows": 1,
                                                                                                                "Actual Loops": 434184,
                                                                                                                "Index Cond": "(id = mc.movie_id)",
                                                                                                                "Rows Removed by Index Recheck": 0,
                                                                                                                "Filter": "((production_year <= 2015) AND (production_year >= 1990))",
                                                                                                                "Rows Removed by Filter": 0,
                                                                                                                "Workers": []
                                                                                                            }
                                                                                                        ]
                                                                                                    },
                                                                                                    {
                                                                                                        "Node Type": "Hash",
                                                                                                        "Parent Relationship": "Inner",
                                                                                                        "Parallel Aware": false,
                                                                                                        "Async Capable": false,
                                                                                                        "Startup Cost": 1.04,
                                                                                                        "Total Cost": 1.04,
                                                                                                        "Plan Rows": 4,
                                                                                                        "Plan Width": 4,
                                                                                                        "Actual Startup Time": 0.007,
                                                                                                        "Actual Total Time": 0.008,
                                                                                                        "Actual Rows": 4,
                                                                                                        "Actual Loops": 6,
                                                                                                        "Hash Buckets": 1024,
                                                                                                        "Original Hash Buckets": 1024,
                                                                                                        "Hash Batches": 1,
                                                                                                        "Original Hash Batches": 1,
                                                                                                        "Peak Memory Usage": 9,
                                                                                                        "Workers": [],
                                                                                                        "Plans": [
                                                                                                            {
                                                                                                                "Node Type": "Seq Scan",
                                                                                                                "Parent Relationship": "Outer",
                                                                                                                "Parallel Aware": false,
                                                                                                                "Async Capable": false,
                                                                                                                "Relation Name": "company_type",
                                                                                                                "Alias": "ct",
                                                                                                                "Startup Cost": 0.0,
                                                                                                                "Total Cost": 1.04,
                                                                                                                "Plan Rows": 4,
                                                                                                                "Plan Width": 4,
                                                                                                                "Actual Startup Time": 0.006,
                                                                                                                "Actual Total Time": 0.006,
                                                                                                                "Actual Rows": 4,
                                                                                                                "Actual Loops": 6,
                                                                                                                "Workers": []
                                                                                                            }
                                                                                                        ]
                                                                                                    }
                                                                                                ]
                                                                                            },
                                                                                            {
                                                                                                "Node Type": "Hash",
                                                                                                "Parent Relationship": "Inner",
                                                                                                "Parallel Aware": false,
                                                                                                "Async Capable": false,
                                                                                                "Startup Cost": 1.09,
                                                                                                "Total Cost": 1.09,
                                                                                                "Plan Rows": 7,
                                                                                                "Plan Width": 4,
                                                                                                "Actual Startup Time": 0.014,
                                                                                                "Actual Total Time": 0.014,
                                                                                                "Actual Rows": 6,
                                                                                                "Actual Loops": 6,
                                                                                                "Hash Buckets": 1024,
                                                                                                "Original Hash Buckets": 1024,
                                                                                                "Hash Batches": 1,
                                                                                                "Original Hash Batches": 1,
                                                                                                "Peak Memory Usage": 9,
                                                                                                "Workers": [],
                                                                                                "Plans": [
                                                                                                    {
                                                                                                        "Node Type": "Seq Scan",
                                                                                                        "Parent Relationship": "Outer",
                                                                                                        "Parallel Aware": false,
                                                                                                        "Async Capable": false,
                                                                                                        "Relation Name": "kind_type",
                                                                                                        "Alias": "kt",
                                                                                                        "Startup Cost": 0.0,
                                                                                                        "Total Cost": 1.09,
                                                                                                        "Plan Rows": 7,
                                                                                                        "Plan Width": 4,
                                                                                                        "Actual Startup Time": 0.011,
                                                                                                        "Actual Total Time": 0.012,
                                                                                                        "Actual Rows": 6,
                                                                                                        "Actual Loops": 6,
                                                                                                        "Filter": "((kind)::text ~~* '%v%'::text)",
                                                                                                        "Rows Removed by Filter": 1,
                                                                                                        "Workers": []
                                                                                                    }
                                                                                                ]
                                                                                            }
                                                                                        ]
                                                                                    },
                                                                                    {
                                                                                        "Node Type": "Index Scan",
                                                                                        "Parent Relationship": "Inner",
                                                                                        "Parallel Aware": false,
                                                                                        "Async Capable": false,
                                                                                        "Scan Direction": "Forward",
                                                                                        "Index Name": "movie_id_cast_info",
                                                                                        "Relation Name": "cast_info",
                                                                                        "Alias": "ci",
                                                                                        "Startup Cost": 0.44,
                                                                                        "Total Cost": 15.55,
                                                                                        "Plan Rows": 38,
                                                                                        "Plan Width": 12,
                                                                                        "Actual Startup Time": 0.001,
                                                                                        "Actual Total Time": 0.016,
                                                                                        "Actual Rows": 52,
                                                                                        "Actual Loops": 224201,
                                                                                        "Index Cond": "(movie_id = mc.movie_id)",
                                                                                        "Rows Removed by Index Recheck": 0,
                                                                                        "Workers": []
                                                                                    }
                                                                                ]
                                                                            },
                                                                            {
                                                                                "Node Type": "Hash",
                                                                                "Parent Relationship": "Inner",
                                                                                "Parallel Aware": false,
                                                                                "Async Capable": false,
                                                                                "Startup Cost": 1.24,
                                                                                "Total Cost": 1.24,
                                                                                "Plan Rows": 8,
                                                                                "Plan Width": 15,
                                                                                "Actual Startup Time": 0.013,
                                                                                "Actual Total Time": 0.014,
                                                                                "Actual Rows": 8,
                                                                                "Actual Loops": 6,
                                                                                "Hash Buckets": 1024,
                                                                                "Original Hash Buckets": 1024,
                                                                                "Hash Batches": 1,
                                                                                "Original Hash Batches": 1,
                                                                                "Peak Memory Usage": 9,
                                                                                "Workers": [],
                                                                                "Plans": [
                                                                                    {
                                                                                        "Node Type": "Seq Scan",
                                                                                        "Parent Relationship": "Outer",
                                                                                        "Parallel Aware": false,
                                                                                        "Async Capable": false,
                                                                                        "Relation Name": "role_type",
                                                                                        "Alias": "rt",
                                                                                        "Startup Cost": 0.0,
                                                                                        "Total Cost": 1.24,
                                                                                        "Plan Rows": 8,
                                                                                        "Plan Width": 15,
                                                                                        "Actual Startup Time": 0.009,
                                                                                        "Actual Total Time": 0.011,
                                                                                        "Actual Rows": 8,
                                                                                        "Actual Loops": 6,
                                                                                        "Filter": "((role)::text = ANY ('{actress,cinematographer,composer,\"costume designer\",guest,producer,\"production designer\",writer}'::text[]))",
                                                                                        "Rows Removed by Filter": 4,
                                                                                        "Workers": []
                                                                                    }
                                                                                ]
                                                                            }
                                                                        ]
                                                                    },
                                                                    {
                                                                        "Node Type": "Memoize",
                                                                        "Parent Relationship": "Inner",
                                                                        "Parallel Aware": false,
                                                                        "Async Capable": false,
                                                                        "Startup Cost": 0.44,
                                                                        "Total Cost": 0.74,
                                                                        "Plan Rows": 1,
                                                                        "Plan Width": 6,
                                                                        "Actual Startup Time": 0.001,
                                                                        "Actual Total Time": 0.001,
                                                                        "Actual Rows": 1,
                                                                        "Actual Loops": 3689677,
                                                                        "Cache Key": "ci.person_id",
                                                                        "Cache Mode": "logical",
                                                                        "Cache Hits": 485906,
                                                                        "Cache Misses": 138496,
                                                                        "Cache Evictions": 0,
                                                                        "Cache Overflows": 0,
                                                                        "Peak Memory Usage": 14427,
                                                                        "Workers": [
                                                                            {
                                                                                "Worker Number": 0,
                                                                                "Cache Hits": 461994,
                                                                                "Cache Misses": 138952,
                                                                                "Cache Evictions": 0,
                                                                                "Cache Overflows": 0,
                                                                                "Peak Memory Usage": 14473
                                                                            },
                                                                            {
                                                                                "Worker Number": 1,
                                                                                "Cache Hits": 461024,
                                                                                "Cache Misses": 135453,
                                                                                "Cache Evictions": 0,
                                                                                "Cache Overflows": 0,
                                                                                "Peak Memory Usage": 14113
                                                                            },
                                                                            {
                                                                                "Worker Number": 2,
                                                                                "Cache Hits": 460455,
                                                                                "Cache Misses": 136976,
                                                                                "Cache Evictions": 0,
                                                                                "Cache Overflows": 0,
                                                                                "Peak Memory Usage": 14268
                                                                            },
                                                                            {
                                                                                "Worker Number": 3,
                                                                                "Cache Hits": 455255,
                                                                                "Cache Misses": 138800,
                                                                                "Cache Evictions": 0,
                                                                                "Cache Overflows": 0,
                                                                                "Peak Memory Usage": 14459
                                                                            },
                                                                            {
                                                                                "Worker Number": 4,
                                                                                "Cache Hits": 521522,
                                                                                "Cache Misses": 154844,
                                                                                "Cache Evictions": 0,
                                                                                "Cache Overflows": 0,
                                                                                "Peak Memory Usage": 16127
                                                                            }
                                                                        ],
                                                                        "Plans": [
                                                                            {
                                                                                "Node Type": "Index Scan",
                                                                                "Parent Relationship": "Outer",
                                                                                "Parallel Aware": false,
                                                                                "Async Capable": false,
                                                                                "Scan Direction": "Forward",
                                                                                "Index Name": "name_pkey",
                                                                                "Relation Name": "name",
                                                                                "Alias": "n",
                                                                                "Startup Cost": 0.43,
                                                                                "Total Cost": 0.73,
                                                                                "Plan Rows": 1,
                                                                                "Plan Width": 6,
                                                                                "Actual Startup Time": 0.002,
                                                                                "Actual Total Time": 0.002,
                                                                                "Actual Rows": 1,
                                                                                "Actual Loops": 843521,
                                                                                "Index Cond": "(id = ci.person_id)",
                                                                                "Rows Removed by Index Recheck": 0,
                                                                                "Workers": []
                                                                            }
                                                                        ]
                                                                    }
                                                                ]
                                                            }
                                                        ]
                                                    }
                                                ]
                                            },
                                            {
                                                "Node Type": "Materialize",
                                                "Parent Relationship": "Inner",
                                                "Parallel Aware": false,
                                                "Async Capable": false,
                                                "Startup Cost": 0.0,
                                                "Total Cost": 2.42,
                                                "Plan Rows": 1,
                                                "Plan Width": 4,
                                                "Actual Startup Time": 0.0,
                                                "Actual Total Time": 0.0,
                                                "Actual Rows": 1,
                                                "Actual Loops": 3689677,
                                                "Plans": [
                                                    {
                                                        "Node Type": "Seq Scan",
                                                        "Parent Relationship": "Outer",
                                                        "Parallel Aware": false,
                                                        "Async Capable": false,
                                                        "Relation Name": "info_type",
                                                        "Alias": "it",
                                                        "Startup Cost": 0.0,
                                                        "Total Cost": 2.41,
                                                        "Plan Rows": 1,
                                                        "Plan Width": 4,
                                                        "Actual Startup Time": 0.009,
                                                        "Actual Total Time": 0.011,
                                                        "Actual Rows": 1,
                                                        "Actual Loops": 1,
                                                        "Filter": "(id = 2)",
                                                        "Rows Removed by Filter": 112
                                                    }
                                                ]
                                            }
                                        ]
                                    }
                                ]
                            }
                        ]
                    },
                    "Planning Time": 3.9,
                    "Triggers": [],
                    "Execution Time": 3203.747
                }
            ],
            "hints": [
                "SET enable_hashjoin TO on",
                "SET enable_indexonlyscan TO on",
                "SET enable_indexscan TO on",
                "SET enable_mergejoin TO off",
                "SET enable_nestloop TO on",
                "SET enable_seqscan TO on"
            ]
        }
    ]
}