{
    "sql_file": "11a2.sql",
    "query": "SELECT n.gender, rt.role, cn.name, COUNT(*)\nFROM title as t,\nmovie_companies as mc,\ncompany_name as cn,\ncompany_type as ct,\nkind_type as kt,\ncast_info as ci,\nname as n,\nrole_type as rt,\nmovie_info as mi1,\ninfo_type as it\nWHERE t.id = mc.movie_id\nAND t.id = ci.movie_id\nAND t.id = mi1.movie_id\nAND mi1.movie_id = ci.movie_id\nAND ci.movie_id = mc.movie_id\nAND cn.id = mc.company_id\nAND ct.id = mc.company_type_id\nAND kt.id = t.kind_id\nAND ci.person_id = n.id\nAND ci.role_id = rt.id\nAND mi1.info_type_id = it.id\nAND (kt.kind ILIKE '%m%')\nAND (rt.role IN ('actress','cinematographer','composer','director','guest','miscellaneous crew','producer','production designer','writer'))\nAND (t.production_year <= 1945)\nAND (t.production_year >= 1875)\nAND (it.id IN ('4'))\nAND (mi1.info ILIKE '%e%')\nAND (cn.name ILIKE '%re%')\nGROUP BY n.gender, rt.role, cn.name\nORDER BY COUNT(*) DESC",
    "results": [
        {
            "arm": 0,
            "execution_time": 647.501,
            "plan": [
                {
                    "Plan": {
                        "Node Type": "Sort",
                        "Parallel Aware": false,
                        "Async Capable": false,
                        "Startup Cost": 227079.31,
                        "Total Cost": 227255.28,
                        "Plan Rows": 70386,
                        "Plan Width": 40,
                        "Actual Startup Time": 617.071,
                        "Actual Total Time": 647.129,
                        "Actual Rows": 11511,
                        "Actual Loops": 1,
                        "Sort Key": [
                            "(count(*)) DESC"
                        ],
                        "Sort Method": "quicksort",
                        "Sort Space Used": 1196,
                        "Sort Space Type": "Memory",
                        "Plans": [
                            {
                                "Node Type": "Aggregate",
                                "Strategy": "Hashed",
                                "Partial Mode": "Simple",
                                "Parent Relationship": "Outer",
                                "Parallel Aware": false,
                                "Async Capable": false,
                                "Startup Cost": 220708.32,
                                "Total Cost": 221412.18,
                                "Plan Rows": 70386,
                                "Plan Width": 40,
                                "Actual Startup Time": 614.496,
                                "Actual Total Time": 645.532,
                                "Actual Rows": 11511,
                                "Actual Loops": 1,
                                "Group Key": [
                                    "n.gender",
                                    "rt.role",
                                    "cn.name"
                                ],
                                "Planned Partitions": 0,
                                "HashAgg Batches": 1,
                                "Peak Memory Usage": 4625,
                                "Disk Usage": 0,
                                "Plans": [
                                    {
                                        "Node Type": "Nested Loop",
                                        "Parent Relationship": "Outer",
                                        "Parallel Aware": false,
                                        "Async Capable": false,
                                        "Join Type": "Inner",
                                        "Startup Cost": 51999.09,
                                        "Total Cost": 220004.46,
                                        "Plan Rows": 70386,
                                        "Plan Width": 32,
                                        "Actual Startup Time": 60.77,
                                        "Actual Total Time": 592.32,
                                        "Actual Rows": 442109,
                                        "Actual Loops": 1,
                                        "Inner Unique": false,
                                        "Plans": [
                                            {
                                                "Node Type": "Seq Scan",
                                                "Parent Relationship": "Outer",
                                                "Parallel Aware": false,
                                                "Async Capable": false,
                                                "Relation Name": "info_type",
                                                "Alias": "it",
                                                "Startup Cost": 0.0,
                                                "Total Cost": 2.41,
                                                "Plan Rows": 1,
                                                "Plan Width": 4,
                                                "Actual Startup Time": 0.005,
                                                "Actual Total Time": 0.009,
                                                "Actual Rows": 1,
                                                "Actual Loops": 1,
                                                "Filter": "(id = 4)",
                                                "Rows Removed by Filter": 112
                                            },
                                            {
                                                "Node Type": "Gather",
                                                "Parent Relationship": "Inner",
                                                "Parallel Aware": false,
                                                "Async Capable": false,
                                                "Startup Cost": 51999.09,
                                                "Total Cost": 219298.19,
                                                "Plan Rows": 70386,
                                                "Plan Width": 36,
                                                "Actual Startup Time": 60.763,
                                                "Actual Total Time": 572.25,
                                                "Actual Rows": 442109,
                                                "Actual Loops": 1,
                                                "Workers Planned": 3,
                                                "Workers Launched": 3,
                                                "Single Copy": false,
                                                "Plans": [
                                                    {
                                                        "Node Type": "Nested Loop",
                                                        "Parent Relationship": "Outer",
                                                        "Parallel Aware": false,
                                                        "Async Capable": false,
                                                        "Join Type": "Inner",
                                                        "Startup Cost": 50999.09,
                                                        "Total Cost": 211259.59,
                                                        "Plan Rows": 22705,
                                                        "Plan Width": 36,
                                                        "Actual Startup Time": 59.054,
                                                        "Actual Total Time": 584.146,
                                                        "Actual Rows": 110527,
                                                        "Actual Loops": 4,
                                                        "Inner Unique": true,
                                                        "Workers": [],
                                                        "Plans": [
                                                            {
                                                                "Node Type": "Hash Join",
                                                                "Parent Relationship": "Outer",
                                                                "Parallel Aware": false,
                                                                "Async Capable": false,
                                                                "Join Type": "Inner",
                                                                "Startup Cost": 50998.66,
                                                                "Total Cost": 194714.49,
                                                                "Plan Rows": 22705,
                                                                "Plan Width": 38,
                                                                "Actual Startup Time": 59.034,
                                                                "Actual Total Time": 440.782,
                                                                "Actual Rows": 110527,
                                                                "Actual Loops": 4,
                                                                "Inner Unique": true,
                                                                "Hash Cond": "(ci.role_id = rt.id)",
                                                                "Workers": [],
                                                                "Plans": [
                                                                    {
                                                                        "Node Type": "Nested Loop",
                                                                        "Parent Relationship": "Outer",
                                                                        "Parallel Aware": false,
                                                                        "Async Capable": false,
                                                                        "Join Type": "Inner",
                                                                        "Startup Cost": 50997.35,
                                                                        "Total Cost": 194605.64,
                                                                        "Plan Rows": 30274,
                                                                        "Plan Width": 31,
                                                                        "Actual Startup Time": 58.911,
                                                                        "Actual Total Time": 427.828,
                                                                        "Actual Rows": 271841,
                                                                        "Actual Loops": 4,
                                                                        "Inner Unique": false,
                                                                        "Join Filter": "(t.id = ci.movie_id)",
                                                                        "Rows Removed by Join Filter": 0,
                                                                        "Workers": [],
                                                                        "Plans": [
                                                                            {
                                                                                "Node Type": "Hash Join",
                                                                                "Parent Relationship": "Outer",
                                                                                "Parallel Aware": false,
                                                                                "Async Capable": false,
                                                                                "Join Type": "Inner",
                                                                                "Startup Cost": 50996.91,
                                                                                "Total Cost": 160765.2,
                                                                                "Plan Rows": 2112,
                                                                                "Plan Width": 35,
                                                                                "Actual Startup Time": 58.856,
                                                                                "Actual Total Time": 275.267,
                                                                                "Actual Rows": 15358,
                                                                                "Actual Loops": 4,
                                                                                "Inner Unique": true,
                                                                                "Hash Cond": "(t.kind_id = kt.id)",
                                                                                "Workers": [],
                                                                                "Plans": [
                                                                                    {
                                                                                        "Node Type": "Hash Join",
                                                                                        "Parent Relationship": "Outer",
                                                                                        "Parallel Aware": false,
                                                                                        "Async Capable": false,
                                                                                        "Join Type": "Inner",
                                                                                        "Startup Cost": 50995.73,
                                                                                        "Total Cost": 160755.12,
                                                                                        "Plan Rows": 2112,
                                                                                        "Plan Width": 39,
                                                                                        "Actual Startup Time": 58.833,
                                                                                        "Actual Total Time": 274.138,
                                                                                        "Actual Rows": 15359,
                                                                                        "Actual Loops": 4,
                                                                                        "Inner Unique": true,
                                                                                        "Hash Cond": "(mc.company_type_id = ct.id)",
                                                                                        "Workers": [],
                                                                                        "Plans": [
                                                                                            {
                                                                                                "Node Type": "Nested Loop",
                                                                                                "Parent Relationship": "Outer",
                                                                                                "Parallel Aware": false,
                                                                                                "Async Capable": false,
                                                                                                "Join Type": "Inner",
                                                                                                "Startup Cost": 50994.64,
                                                                                                "Total Cost": 160742.61,
                                                                                                "Plan Rows": 2112,
                                                                                                "Plan Width": 43,
                                                                                                "Actual Startup Time": 58.813,
                                                                                                "Actual Total Time": 272.913,
                                                                                                "Actual Rows": 15359,
                                                                                                "Actual Loops": 4,
                                                                                                "Inner Unique": false,
                                                                                                "Join Filter": "(t.id = mi1.movie_id)",
                                                                                                "Rows Removed by Join Filter": 0,
                                                                                                "Workers": [],
                                                                                                "Plans": [
                                                                                                    {
                                                                                                        "Node Type": "Hash Join",
                                                                                                        "Parent Relationship": "Outer",
                                                                                                        "Parallel Aware": true,
                                                                                                        "Async Capable": false,
                                                                                                        "Join Type": "Inner",
                                                                                                        "Startup Cost": 50994.21,
                                                                                                        "Total Cost": 80576.47,
                                                                                                        "Plan Rows": 7669,
                                                                                                        "Plan Width": 35,
                                                                                                        "Actual Startup Time": 58.762,
                                                                                                        "Actual Total Time": 141.795,
                                                                                                        "Actual Rows": 18715,
                                                                                                        "Actual Loops": 4,
                                                                                                        "Inner Unique": true,
                                                                                                        "Hash Cond": "(mc.company_id = cn.id)",
                                                                                                        "Workers": [],
                                                                                                        "Plans": [
                                                                                                            {
                                                                                                                "Node Type": "Hash Join",
                                                                                                                "Parent Relationship": "Outer",
                                                                                                                "Parallel Aware": true,
                                                                                                                "Async Capable": false,
                                                                                                                "Join Type": "Inner",
                                                                                                                "Startup Cost": 45963.5,
                                                                                                                "Total Cost": 75413.39,
                                                                                                                "Plan Rows": 50428,
                                                                                                                "Plan Width": 20,
                                                                                                                "Actual Startup Time": 39.526,
                                                                                                                "Actual Total Time": 124.998,
                                                                                                                "Actual Rows": 80518,
                                                                                                                "Actual Loops": 4,
                                                                                                                "Inner Unique": true,
                                                                                                                "Hash Cond": "(mc.movie_id = t.id)",
                                                                                                                "Workers": [],
                                                                                                                "Plans": [
                                                                                                                    {
                                                                                                                        "Node Type": "Seq Scan",
                                                                                                                        "Parent Relationship": "Outer",
                                                                                                                        "Parallel Aware": true,
                                                                                                                        "Async Capable": false,
                                                                                                                        "Relation Name": "movie_companies",
                                                                                                                        "Alias": "mc",
                                                                                                                        "Startup Cost": 0.0,
                                                                                                                        "Total Cost": 27240.55,
                                                                                                                        "Plan Rows": 841655,
                                                                                                                        "Plan Width": 12,
                                                                                                                        "Actual Startup Time": 0.014,
                                                                                                                        "Actual Total Time": 27.65,
                                                                                                                        "Actual Rows": 652282,
                                                                                                                        "Actual Loops": 4,
                                                                                                                        "Workers": []
                                                                                                                    },
                                                                                                                    {
                                                                                                                        "Node Type": "Hash",
                                                                                                                        "Parent Relationship": "Inner",
                                                                                                                        "Parallel Aware": true,
                                                                                                                        "Async Capable": false,
                                                                                                                        "Startup Cost": 45490.07,
                                                                                                                        "Total Cost": 45490.07,
                                                                                                                        "Plan Rows": 37874,
                                                                                                                        "Plan Width": 8,
                                                                                                                        "Actual Startup Time": 38.132,
                                                                                                                        "Actual Total Time": 38.133,
                                                                                                                        "Actual Rows": 38310,
                                                                                                                        "Actual Loops": 4,
                                                                                                                        "Hash Buckets": 262144,
                                                                                                                        "Original Hash Buckets": 262144,
                                                                                                                        "Hash Batches": 1,
                                                                                                                        "Original Hash Batches": 1,
                                                                                                                        "Peak Memory Usage": 8128,
                                                                                                                        "Workers": [],
                                                                                                                        "Plans": [
                                                                                                                            {
                                                                                                                                "Node Type": "Seq Scan",
                                                                                                                                "Parent Relationship": "Outer",
                                                                                                                                "Parallel Aware": true,
                                                                                                                                "Async Capable": false,
                                                                                                                                "Relation Name": "title",
                                                                                                                                "Alias": "t",
                                                                                                                                "Startup Cost": 0.0,
                                                                                                                                "Total Cost": 45490.07,
                                                                                                                                "Plan Rows": 37874,
                                                                                                                                "Plan Width": 8,
                                                                                                                                "Actual Startup Time": 1.985,
                                                                                                                                "Actual Total Time": 33.989,
                                                                                                                                "Actual Rows": 38310,
                                                                                                                                "Actual Loops": 4,
                                                                                                                                "Filter": "((production_year <= 1945) AND (production_year >= 1875))",
                                                                                                                                "Rows Removed by Filter": 593768,
                                                                                                                                "Workers": []
                                                                                                                            }
                                                                                                                        ]
                                                                                                                    }
                                                                                                                ]
                                                                                                            },
                                                                                                            {
                                                                                                                "Node Type": "Hash",
                                                                                                                "Parent Relationship": "Inner",
                                                                                                                "Parallel Aware": true,
                                                                                                                "Async Capable": false,
                                                                                                                "Startup Cost": 4767.92,
                                                                                                                "Total Cost": 4767.92,
                                                                                                                "Plan Rows": 21023,
                                                                                                                "Plan Width": 23,
                                                                                                                "Actual Startup Time": 9.973,
                                                                                                                "Actual Total Time": 9.974,
                                                                                                                "Actual Rows": 8972,
                                                                                                                "Actual Loops": 4,
                                                                                                                "Hash Buckets": 65536,
                                                                                                                "Original Hash Buckets": 65536,
                                                                                                                "Hash Batches": 1,
                                                                                                                "Original Hash Batches": 1,
                                                                                                                "Peak Memory Usage": 2720,
                                                                                                                "Workers": [],
                                                                                                                "Plans": [
                                                                                                                    {
                                                                                                                        "Node Type": "Seq Scan",
                                                                                                                        "Parent Relationship": "Outer",
                                                                                                                        "Parallel Aware": true,
                                                                                                                        "Async Capable": false,
                                                                                                                        "Relation Name": "company_name",
                                                                                                                        "Alias": "cn",
                                                                                                                        "Startup Cost": 0.0,
                                                                                                                        "Total Cost": 4767.92,
                                                                                                                        "Plan Rows": 21023,
                                                                                                                        "Plan Width": 23,
                                                                                                                        "Actual Startup Time": 0.01,
                                                                                                                        "Actual Total Time": 9.084,
                                                                                                                        "Actual Rows": 8972,
                                                                                                                        "Actual Loops": 4,
                                                                                                                        "Filter": "(name ~~* '%re%'::text)",
                                                                                                                        "Rows Removed by Filter": 49778,
                                                                                                                        "Workers": []
                                                                                                                    }
                                                                                                                ]
                                                                                                            }
                                                                                                        ]
                                                                                                    },
                                                                                                    {
                                                                                                        "Node Type": "Index Scan",
                                                                                                        "Parent Relationship": "Inner",
                                                                                                        "Parallel Aware": false,
                                                                                                        "Async Capable": false,
                                                                                                        "Scan Direction": "Forward",
                                                                                                        "Index Name": "movie_id_movie_info",
                                                                                                        "Relation Name": "movie_info",
                                                                                                        "Alias": "mi1",
                                                                                                        "Startup Cost": 0.43,
                                                                                                        "Total Cost": 10.43,
                                                                                                        "Plan Rows": 2,
                                                                                                        "Plan Width": 8,
                                                                                                        "Actual Startup Time": 0.002,
                                                                                                        "Actual Total Time": 0.007,
                                                                                                        "Actual Rows": 1,
                                                                                                        "Actual Loops": 74859,
                                                                                                        "Index Cond": "(movie_id = mc.movie_id)",
                                                                                                        "Rows Removed by Index Recheck": 0,
                                                                                                        "Filter": "((info ~~* '%e%'::text) AND (info_type_id = 4))",
                                                                                                        "Rows Removed by Filter": 16,
                                                                                                        "Workers": []
                                                                                                    }
                                                                                                ]
                                                                                            },
                                                                                            {
                                                                                                "Node Type": "Hash",
                                                                                                "Parent Relationship": "Inner",
                                                                                                "Parallel Aware": false,
                                                                                                "Async Capable": false,
                                                                                                "Startup Cost": 1.04,
                                                                                                "Total Cost": 1.04,
                                                                                                "Plan Rows": 4,
                                                                                                "Plan Width": 4,
                                                                                                "Actual Startup Time": 0.005,
                                                                                                "Actual Total Time": 0.006,
                                                                                                "Actual Rows": 4,
                                                                                                "Actual Loops": 4,
                                                                                                "Hash Buckets": 1024,
                                                                                                "Original Hash Buckets": 1024,
                                                                                                "Hash Batches": 1,
                                                                                                "Original Hash Batches": 1,
                                                                                                "Peak Memory Usage": 9,
                                                                                                "Workers": [],
                                                                                                "Plans": [
                                                                                                    {
                                                                                                        "Node Type": "Seq Scan",
                                                                                                        "Parent Relationship": "Outer",
                                                                                                        "Parallel Aware": false,
                                                                                                        "Async Capable": false,
                                                                                                        "Relation Name": "company_type",
                                                                                                        "Alias": "ct",
                                                                                                        "Startup Cost": 0.0,
                                                                                                        "Total Cost": 1.04,
                                                                                                        "Plan Rows": 4,
                                                                                                        "Plan Width": 4,
                                                                                                        "Actual Startup Time": 0.004,
                                                                                                        "Actual Total Time": 0.005,
                                                                                                        "Actual Rows": 4,
                                                                                                        "Actual Loops": 4,
                                                                                                        "Workers": []
                                                                                                    }
                                                                                                ]
                                                                                            }
                                                                                        ]
                                                                                    },
                                                                                    {
                                                                                        "Node Type": "Hash",
                                                                                        "Parent Relationship": "Inner",
                                                                                        "Parallel Aware": false,
                                                                                        "Async Capable": false,
                                                                                        "Startup Cost": 1.09,
                                                                                        "Total Cost": 1.09,
                                                                                        "Plan Rows": 7,
                                                                                        "Plan Width": 4,
                                                                                        "Actual Startup Time": 0.011,
                                                                                        "Actual Total Time": 0.011,
                                                                                        "Actual Rows": 5,
                                                                                        "Actual Loops": 4,
                                                                                        "Hash Buckets": 1024,
                                                                                        "Original Hash Buckets": 1024,
                                                                                        "Hash Batches": 1,
                                                                                        "Original Hash Batches": 1,
                                                                                        "Peak Memory Usage": 9,
                                                                                        "Workers": [],
                                                                                        "Plans": [
                                                                                            {
                                                                                                "Node Type": "Seq Scan",
                                                                                                "Parent Relationship": "Outer",
                                                                                                "Parallel Aware": false,
                                                                                                "Async Capable": false,
                                                                                                "Relation Name": "kind_type",
                                                                                                "Alias": "kt",
                                                                                                "Startup Cost": 0.0,
                                                                                                "Total Cost": 1.09,
                                                                                                "Plan Rows": 7,
                                                                                                "Plan Width": 4,
                                                                                                "Actual Startup Time": 0.008,
                                                                                                "Actual Total Time": 0.009,
                                                                                                "Actual Rows": 5,
                                                                                                "Actual Loops": 4,
                                                                                                "Filter": "((kind)::text ~~* '%m%'::text)",
                                                                                                "Rows Removed by Filter": 2,
                                                                                                "Workers": []
                                                                                            }
                                                                                        ]
                                                                                    }
                                                                                ]
                                                                            },
                                                                            {
                                                                                "Node Type": "Index Scan",
                                                                                "Parent Relationship": "Inner",
                                                                                "Parallel Aware": false,
                                                                                "Async Capable": false,
                                                                                "Scan Direction": "Forward",
                                                                                "Index Name": "movie_id_cast_info",
                                                                                "Relation Name": "cast_info",
                                                                                "Alias": "ci",
                                                                                "Startup Cost": 0.44,
                                                                                "Total Cost": 15.55,
                                                                                "Plan Rows": 38,
                                                                                "Plan Width": 12,
                                                                                "Actual Startup Time": 0.001,
                                                                                "Actual Total Time": 0.009,
                                                                                "Actual Rows": 18,
                                                                                "Actual Loops": 61434,
                                                                                "Index Cond": "(movie_id = mc.movie_id)",
                                                                                "Rows Removed by Index Recheck": 0,
                                                                                "Workers": []
                                                                            }
                                                                        ]
                                                                    },
                                                                    {
                                                                        "Node Type": "Hash",
                                                                        "Parent Relationship": "Inner",
                                                                        "Parallel Aware": false,
                                                                        "Async Capable": false,
                                                                        "Startup Cost": 1.2,
                                                                        "Total Cost": 1.2,
                                                                        "Plan Rows": 9,
                                                                        "Plan Width": 15,
                                                                        "Actual Startup Time": 0.013,
                                                                        "Actual Total Time": 0.013,
                                                                        "Actual Rows": 9,
                                                                        "Actual Loops": 4,
                                                                        "Hash Buckets": 1024,
                                                                        "Original Hash Buckets": 1024,
                                                                        "Hash Batches": 1,
                                                                        "Original Hash Batches": 1,
                                                                        "Peak Memory Usage": 9,
                                                                        "Workers": [],
                                                                        "Plans": [
                                                                            {
                                                                                "Node Type": "Seq Scan",
                                                                                "Parent Relationship": "Outer",
                                                                                "Parallel Aware": false,
                                                                                "Async Capable": false,
                                                                                "Relation Name": "role_type",
                                                                                "Alias": "rt",
                                                                                "Startup Cost": 0.02,
                                                                                "Total Cost": 1.2,
                                                                                "Plan Rows": 9,
                                                                                "Plan Width": 15,
                                                                                "Actual Startup Time": 0.01,
                                                                                "Actual Total Time": 0.011,
                                                                                "Actual Rows": 9,
                                                                                "Actual Loops": 4,
                                                                                "Filter": "((role)::text = ANY ('{actress,cinematographer,composer,director,guest,\"miscellaneous crew\",producer,\"production designer\",writer}'::text[]))",
                                                                                "Rows Removed by Filter": 3,
                                                                                "Workers": []
                                                                            }
                                                                        ]
                                                                    }
                                                                ]
                                                            },
                                                            {
                                                                "Node Type": "Index Scan",
                                                                "Parent Relationship": "Inner",
                                                                "Parallel Aware": false,
                                                                "Async Capable": false,
                                                                "Scan Direction": "Forward",
                                                                "Index Name": "name_pkey",
                                                                "Relation Name": "name",
                                                                "Alias": "n",
                                                                "Startup Cost": 0.43,
                                                                "Total Cost": 0.73,
                                                                "Plan Rows": 1,
                                                                "Plan Width": 6,
                                                                "Actual Startup Time": 0.001,
                                                                "Actual Total Time": 0.001,
                                                                "Actual Rows": 1,
                                                                "Actual Loops": 442109,
                                                                "Index Cond": "(id = ci.person_id)",
                                                                "Rows Removed by Index Recheck": 0,
                                                                "Workers": []
                                                            }
                                                        ]
                                                    }
                                                ]
                                            }
                                        ]
                                    }
                                ]
                            }
                        ]
                    },
                    "Planning Time": 4.98,
                    "Triggers": [],
                    "Execution Time": 647.501
                }
            ],
            "hints": [
                "SET enable_hashjoin TO on",
                "SET enable_indexonlyscan TO on",
                "SET enable_indexscan TO on",
                "SET enable_mergejoin TO on",
                "SET enable_nestloop TO on",
                "SET enable_seqscan TO on"
            ]
        },
        {
            "arm": 1,
            "execution_time": 1552.57,
            "plan": [
                {
                    "Plan": {
                        "Node Type": "Sort",
                        "Parallel Aware": false,
                        "Async Capable": false,
                        "Startup Cost": 10000715408.41,
                        "Total Cost": 10000715584.38,
                        "Plan Rows": 70386,
                        "Plan Width": 40,
                        "Actual Startup Time": 1528.484,
                        "Actual Total Time": 1551.745,
                        "Actual Rows": 11511,
                        "Actual Loops": 1,
                        "Sort Key": [
                            "(count(*)) DESC"
                        ],
                        "Sort Method": "quicksort",
                        "Sort Space Used": 1196,
                        "Sort Space Type": "Memory",
                        "Plans": [
                            {
                                "Node Type": "Aggregate",
                                "Strategy": "Sorted",
                                "Partial Mode": "Simple",
                                "Parent Relationship": "Outer",
                                "Parallel Aware": false,
                                "Async Capable": false,
                                "Startup Cost": 10000699023.68,
                                "Total Cost": 10000709741.28,
                                "Plan Rows": 70386,
                                "Plan Width": 40,
                                "Actual Startup Time": 1415.683,
                                "Actual Total Time": 1550.34,
                                "Actual Rows": 11511,
                                "Actual Loops": 1,
                                "Group Key": [
                                    "n.gender",
                                    "rt.role",
                                    "cn.name"
                                ],
                                "Plans": [
                                    {
                                        "Node Type": "Nested Loop",
                                        "Parent Relationship": "Outer",
                                        "Parallel Aware": false,
                                        "Async Capable": false,
                                        "Join Type": "Inner",
                                        "Startup Cost": 10000699023.68,
                                        "Total Cost": 10000708333.56,
                                        "Plan Rows": 70386,
                                        "Plan Width": 32,
                                        "Actual Startup Time": 1415.667,
                                        "Actual Total Time": 1530.741,
                                        "Actual Rows": 442109,
                                        "Actual Loops": 1,
                                        "Inner Unique": false,
                                        "Plans": [
                                            {
                                                "Node Type": "Gather Merge",
                                                "Parent Relationship": "Outer",
                                                "Parallel Aware": false,
                                                "Async Capable": false,
                                                "Startup Cost": 699023.68,
                                                "Total Cost": 707451.32,
                                                "Plan Rows": 70386,
                                                "Plan Width": 36,
                                                "Actual Startup Time": 1415.649,
                                                "Actual Total Time": 1475.191,
                                                "Actual Rows": 442109,
                                                "Actual Loops": 1,
                                                "Workers Planned": 4,
                                                "Workers Launched": 4,
                                                "Plans": [
                                                    {
                                                        "Node Type": "Sort",
                                                        "Parent Relationship": "Outer",
                                                        "Parallel Aware": false,
                                                        "Async Capable": false,
                                                        "Startup Cost": 698023.62,
                                                        "Total Cost": 698067.61,
                                                        "Plan Rows": 17596,
                                                        "Plan Width": 36,
                                                        "Actual Startup Time": 1411.277,
                                                        "Actual Total Time": 1414.717,
                                                        "Actual Rows": 88422,
                                                        "Actual Loops": 5,
                                                        "Sort Key": [
                                                            "n.gender COLLATE \"C\"",
                                                            "rt.role COLLATE \"C\"",
                                                            "cn.name COLLATE \"C\""
                                                        ],
                                                        "Sort Method": "external merge",
                                                        "Sort Space Used": 4536,
                                                        "Sort Space Type": "Disk",
                                                        "Workers": [
                                                            {
                                                                "Worker Number": 0,
                                                                "Sort Method": "quicksort",
                                                                "Sort Space Used": 7390,
                                                                "Sort Space Type": "Memory"
                                                            },
                                                            {
                                                                "Worker Number": 1,
                                                                "Sort Method": "quicksort",
                                                                "Sort Space Used": 7891,
                                                                "Sort Space Type": "Memory"
                                                            },
                                                            {
                                                                "Worker Number": 2,
                                                                "Sort Method": "quicksort",
                                                                "Sort Space Used": 7887,
                                                                "Sort Space Type": "Memory"
                                                            },
                                                            {
                                                                "Worker Number": 3,
                                                                "Sort Method": "quicksort",
                                                                "Sort Space Used": 8039,
                                                                "Sort Space Type": "Memory"
                                                            }
                                                        ],
                                                        "Plans": [
                                                            {
                                                                "Node Type": "Hash Join",
                                                                "Parent Relationship": "Outer",
                                                                "Parallel Aware": true,
                                                                "Async Capable": false,
                                                                "Join Type": "Inner",
                                                                "Startup Cost": 620254.2,
                                                                "Total Cost": 696782.84,
                                                                "Plan Rows": 17596,
                                                                "Plan Width": 36,
                                                                "Actual Startup Time": 1261.582,
                                                                "Actual Total Time": 1381.57,
                                                                "Actual Rows": 88422,
                                                                "Actual Loops": 5,
                                                                "Inner Unique": false,
                                                                "Hash Cond": "(n.id = ci.person_id)",
                                                                "Workers": [],
                                                                "Plans": [
                                                                    {
                                                                        "Node Type": "Seq Scan",
                                                                        "Parent Relationship": "Outer",
                                                                        "Parallel Aware": true,
                                                                        "Async Capable": false,
                                                                        "Relation Name": "name",
                                                                        "Alias": "n",
                                                                        "Startup Cost": 0.0,
                                                                        "Total Cost": 66074.73,
                                                                        "Plan Rows": 1041873,
                                                                        "Plan Width": 6,
                                                                        "Actual Startup Time": 0.016,
                                                                        "Actual Total Time": 42.561,
                                                                        "Actual Rows": 833498,
                                                                        "Actual Loops": 5,
                                                                        "Workers": []
                                                                    },
                                                                    {
                                                                        "Node Type": "Hash",
                                                                        "Parent Relationship": "Inner",
                                                                        "Parallel Aware": true,
                                                                        "Async Capable": false,
                                                                        "Startup Cost": 620078.23,
                                                                        "Total Cost": 620078.23,
                                                                        "Plan Rows": 14077,
                                                                        "Plan Width": 38,
                                                                        "Actual Startup Time": 1261.153,
                                                                        "Actual Total Time": 1261.164,
                                                                        "Actual Rows": 88422,
                                                                        "Actual Loops": 5,
                                                                        "Hash Buckets": 524288,
                                                                        "Original Hash Buckets": 131072,
                                                                        "Hash Batches": 1,
                                                                        "Original Hash Batches": 1,
                                                                        "Peak Memory Usage": 40736,
                                                                        "Workers": [],
                                                                        "Plans": [
                                                                            {
                                                                                "Node Type": "Hash Join",
                                                                                "Parent Relationship": "Outer",
                                                                                "Parallel Aware": false,
                                                                                "Async Capable": false,
                                                                                "Join Type": "Inner",
                                                                                "Startup Cost": 413306.56,
                                                                                "Total Cost": 620078.23,
                                                                                "Plan Rows": 14077,
                                                                                "Plan Width": 38,
                                                                                "Actual Startup Time": 1159.403,
                                                                                "Actual Total Time": 1252.641,
                                                                                "Actual Rows": 88422,
                                                                                "Actual Loops": 5,
                                                                                "Inner Unique": true,
                                                                                "Hash Cond": "(t.kind_id = kt.id)",
                                                                                "Workers": [],
                                                                                "Plans": [
                                                                                    {
                                                                                        "Node Type": "Hash Join",
                                                                                        "Parent Relationship": "Outer",
                                                                                        "Parallel Aware": false,
                                                                                        "Async Capable": false,
                                                                                        "Join Type": "Inner",
                                                                                        "Startup Cost": 413305.38,
                                                                                        "Total Cost": 620017.73,
                                                                                        "Plan Rows": 14077,
                                                                                        "Plan Width": 42,
                                                                                        "Actual Startup Time": 1157.013,
                                                                                        "Actual Total Time": 1247.214,
                                                                                        "Actual Rows": 88423,
                                                                                        "Actual Loops": 5,
                                                                                        "Inner Unique": true,
                                                                                        "Hash Cond": "(mc.company_type_id = ct.id)",
                                                                                        "Workers": [],
                                                                                        "Plans": [
                                                                                            {
                                                                                                "Node Type": "Hash Join",
                                                                                                "Parent Relationship": "Outer",
                                                                                                "Parallel Aware": true,
                                                                                                "Async Capable": false,
                                                                                                "Join Type": "Inner",
                                                                                                "Startup Cost": 413304.29,
                                                                                                "Total Cost": 619940.54,
                                                                                                "Plan Rows": 14077,
                                                                                                "Plan Width": 46,
                                                                                                "Actual Startup Time": 1156.991,
                                                                                                "Actual Total Time": 1241.504,
                                                                                                "Actual Rows": 88423,
                                                                                                "Actual Loops": 5,
                                                                                                "Inner Unique": false,
                                                                                                "Hash Cond": "(mi1.movie_id = t.id)",
                                                                                                "Workers": [],
                                                                                                "Plans": [
                                                                                                    {
                                                                                                        "Node Type": "Seq Scan",
                                                                                                        "Parent Relationship": "Outer",
                                                                                                        "Parallel Aware": true,
                                                                                                        "Async Capable": false,
                                                                                                        "Relation Name": "movie_info",
                                                                                                        "Alias": "mi1",
                                                                                                        "Startup Cost": 0.0,
                                                                                                        "Total Cost": 206090.53,
                                                                                                        "Plan Rows": 139270,
                                                                                                        "Plan Width": 8,
                                                                                                        "Actual Startup Time": 350.547,
                                                                                                        "Actual Total Time": 420.547,
                                                                                                        "Actual Rows": 208681,
                                                                                                        "Actual Loops": 5,
                                                                                                        "Filter": "((info ~~* '%e%'::text) AND (info_type_id = 4))",
                                                                                                        "Rows Removed by Filter": 2758463,
                                                                                                        "Workers": []
                                                                                                    },
                                                                                                    {
                                                                                                        "Node Type": "Hash",
                                                                                                        "Parent Relationship": "Inner",
                                                                                                        "Parallel Aware": true,
                                                                                                        "Async Capable": false,
                                                                                                        "Startup Cost": 412771.83,
                                                                                                        "Total Cost": 412771.83,
                                                                                                        "Plan Rows": 42597,
                                                                                                        "Plan Width": 54,
                                                                                                        "Actual Startup Time": 790.654,
                                                                                                        "Actual Total Time": 790.662,
                                                                                                        "Actual Rows": 98085,
                                                                                                        "Actual Loops": 5,
                                                                                                        "Hash Buckets": 524288,
                                                                                                        "Original Hash Buckets": 262144,
                                                                                                        "Hash Batches": 1,
                                                                                                        "Original Hash Batches": 1,
                                                                                                        "Peak Memory Usage": 51168,
                                                                                                        "Workers": [],
                                                                                                        "Plans": [
                                                                                                            {
                                                                                                                "Node Type": "Hash Join",
                                                                                                                "Parent Relationship": "Outer",
                                                                                                                "Parallel Aware": false,
                                                                                                                "Async Capable": false,
                                                                                                                "Join Type": "Inner",
                                                                                                                "Startup Cost": 82045.47,
                                                                                                                "Total Cost": 412771.83,
                                                                                                                "Plan Rows": 42597,
                                                                                                                "Plan Width": 54,
                                                                                                                "Actual Startup Time": 100.682,
                                                                                                                "Actual Total Time": 771.603,
                                                                                                                "Actual Rows": 98085,
                                                                                                                "Actual Loops": 5,
                                                                                                                "Inner Unique": true,
                                                                                                                "Hash Cond": "(ci.role_id = rt.id)",
                                                                                                                "Workers": [],
                                                                                                                "Plans": [
                                                                                                                    {
                                                                                                                        "Node Type": "Hash Join",
                                                                                                                        "Parent Relationship": "Outer",
                                                                                                                        "Parallel Aware": true,
                                                                                                                        "Async Capable": false,
                                                                                                                        "Join Type": "Inner",
                                                                                                                        "Startup Cost": 82044.15,
                                                                                                                        "Total Cost": 412568.77,
                                                                                                                        "Plan Rows": 56796,
                                                                                                                        "Plan Width": 47,
                                                                                                                        "Actual Startup Time": 100.665,
                                                                                                                        "Actual Total Time": 761.569,
                                                                                                                        "Actual Rows": 231460,
                                                                                                                        "Actual Loops": 5,
                                                                                                                        "Inner Unique": false,
                                                                                                                        "Hash Cond": "(t.id = mc.movie_id)",
                                                                                                                        "Workers": [],
                                                                                                                        "Plans": [
                                                                                                                            {
                                                                                                                                "Node Type": "Hash Join",
                                                                                                                                "Parent Relationship": "Outer",
                                                                                                                                "Parallel Aware": true,
                                                                                                                                "Async Capable": false,
                                                                                                                                "Join Type": "Inner",
                                                                                                                                "Startup Cost": 45963.5,
                                                                                                                                "Total Cost": 374947.66,
                                                                                                                                "Plan Rows": 361929,
                                                                                                                                "Plan Width": 20,
                                                                                                                                "Actual Startup Time": 29.829,
                                                                                                                                "Actual Total Time": 636.267,
                                                                                                                                "Actual Rows": 259115,
                                                                                                                                "Actual Loops": 5,
                                                                                                                                "Inner Unique": true,
                                                                                                                                "Hash Cond": "(ci.movie_id = t.id)",
                                                                                                                                "Workers": [],
                                                                                                                                "Plans": [
                                                                                                                                    {
                                                                                                                                        "Node Type": "Seq Scan",
                                                                                                                                        "Parent Relationship": "Outer",
                                                                                                                                        "Parallel Aware": true,
                                                                                                                                        "Async Capable": false,
                                                                                                                                        "Relation Name": "cast_info",
                                                                                                                                        "Alias": "ci",
                                                                                                                                        "Startup Cost": 0.0,
                                                                                                                                        "Total Cost": 313127.24,
                                                                                                                                        "Plan Rows": 6040724,
                                                                                                                                        "Plan Width": 12,
                                                                                                                                        "Actual Startup Time": 0.016,
                                                                                                                                        "Actual Total Time": 241.478,
                                                                                                                                        "Actual Rows": 7248869,
                                                                                                                                        "Actual Loops": 5,
                                                                                                                                        "Workers": []
                                                                                                                                    },
                                                                                                                                    {
                                                                                                                                        "Node Type": "Hash",
                                                                                                                                        "Parent Relationship": "Inner",
                                                                                                                                        "Parallel Aware": true,
                                                                                                                                        "Async Capable": false,
                                                                                                                                        "Startup Cost": 45490.07,
                                                                                                                                        "Total Cost": 45490.07,
                                                                                                                                        "Plan Rows": 37874,
                                                                                                                                        "Plan Width": 8,
                                                                                                                                        "Actual Startup Time": 29.637,
                                                                                                                                        "Actual Total Time": 29.638,
                                                                                                                                        "Actual Rows": 30648,
                                                                                                                                        "Actual Loops": 5,
                                                                                                                                        "Hash Buckets": 262144,
                                                                                                                                        "Original Hash Buckets": 262144,
                                                                                                                                        "Hash Batches": 1,
                                                                                                                                        "Original Hash Batches": 1,
                                                                                                                                        "Peak Memory Usage": 8128,
                                                                                                                                        "Workers": [],
                                                                                                                                        "Plans": [
                                                                                                                                            {
                                                                                                                                                "Node Type": "Seq Scan",
                                                                                                                                                "Parent Relationship": "Outer",
                                                                                                                                                "Parallel Aware": true,
                                                                                                                                                "Async Capable": false,
                                                                                                                                                "Relation Name": "title",
                                                                                                                                                "Alias": "t",
                                                                                                                                                "Startup Cost": 0.0,
                                                                                                                                                "Total Cost": 45490.07,
                                                                                                                                                "Plan Rows": 37874,
                                                                                                                                                "Plan Width": 8,
                                                                                                                                                "Actual Startup Time": 1.16,
                                                                                                                                                "Actual Total Time": 27.069,
                                                                                                                                                "Actual Rows": 30648,
                                                                                                                                                "Actual Loops": 5,
                                                                                                                                                "Filter": "((production_year <= 1945) AND (production_year >= 1875))",
                                                                                                                                                "Rows Removed by Filter": 475014,
                                                                                                                                                "Workers": []
                                                                                                                                            }
                                                                                                                                        ]
                                                                                                                                    }
                                                                                                                                ]
                                                                                                                            },
                                                                                                                            {
                                                                                                                                "Node Type": "Hash",
                                                                                                                                "Parent Relationship": "Inner",
                                                                                                                                "Parallel Aware": true,
                                                                                                                                "Async Capable": false,
                                                                                                                                "Startup Cost": 34480.64,
                                                                                                                                "Total Cost": 34480.64,
                                                                                                                                "Plan Rows": 128001,
                                                                                                                                "Plan Width": 27,
                                                                                                                                "Actual Startup Time": 70.517,
                                                                                                                                "Actual Total Time": 70.519,
                                                                                                                                "Actual Rows": 71338,
                                                                                                                                "Actual Loops": 5,
                                                                                                                                "Hash Buckets": 524288,
                                                                                                                                "Original Hash Buckets": 524288,
                                                                                                                                "Hash Batches": 1,
                                                                                                                                "Original Hash Batches": 1,
                                                                                                                                "Peak Memory Usage": 27648,
                                                                                                                                "Workers": [],
                                                                                                                                "Plans": [
                                                                                                                                    {
                                                                                                                                        "Node Type": "Hash Join",
                                                                                                                                        "Parent Relationship": "Outer",
                                                                                                                                        "Parallel Aware": true,
                                                                                                                                        "Async Capable": false,
                                                                                                                                        "Join Type": "Inner",
                                                                                                                                        "Startup Cost": 5030.71,
                                                                                                                                        "Total Cost": 34480.64,
                                                                                                                                        "Plan Rows": 128001,
                                                                                                                                        "Plan Width": 27,
                                                                                                                                        "Actual Startup Time": 8.326,
                                                                                                                                        "Actual Total Time": 58.532,
                                                                                                                                        "Actual Rows": 71338,
                                                                                                                                        "Actual Loops": 5,
                                                                                                                                        "Inner Unique": true,
                                                                                                                                        "Hash Cond": "(mc.company_id = cn.id)",
                                                                                                                                        "Workers": [],
                                                                                                                                        "Plans": [
                                                                                                                                            {
                                                                                                                                                "Node Type": "Seq Scan",
                                                                                                                                                "Parent Relationship": "Outer",
                                                                                                                                                "Parallel Aware": true,
                                                                                                                                                "Async Capable": false,
                                                                                                                                                "Relation Name": "movie_companies",
                                                                                                                                                "Alias": "mc",
                                                                                                                                                "Startup Cost": 0.0,
                                                                                                                                                "Total Cost": 27240.55,
                                                                                                                                                "Plan Rows": 841655,
                                                                                                                                                "Plan Width": 12,
                                                                                                                                                "Actual Startup Time": 0.01,
                                                                                                                                                "Actual Total Time": 24.656,
                                                                                                                                                "Actual Rows": 521826,
                                                                                                                                                "Actual Loops": 5,
                                                                                                                                                "Workers": []
                                                                                                                                            },
                                                                                                                                            {
                                                                                                                                                "Node Type": "Hash",
                                                                                                                                                "Parent Relationship": "Inner",
                                                                                                                                                "Parallel Aware": true,
                                                                                                                                                "Async Capable": false,
                                                                                                                                                "Startup Cost": 4767.92,
                                                                                                                                                "Total Cost": 4767.92,
                                                                                                                                                "Plan Rows": 21023,
                                                                                                                                                "Plan Width": 23,
                                                                                                                                                "Actual Startup Time": 8.275,
                                                                                                                                                "Actual Total Time": 8.276,
                                                                                                                                                "Actual Rows": 7177,
                                                                                                                                                "Actual Loops": 5,
                                                                                                                                                "Hash Buckets": 65536,
                                                                                                                                                "Original Hash Buckets": 65536,
                                                                                                                                                "Hash Batches": 1,
                                                                                                                                                "Original Hash Batches": 1,
                                                                                                                                                "Peak Memory Usage": 2752,
                                                                                                                                                "Workers": [],
                                                                                                                                                "Plans": [
                                                                                                                                                    {
                                                                                                                                                        "Node Type": "Seq Scan",
                                                                                                                                                        "Parent Relationship": "Outer",
                                                                                                                                                        "Parallel Aware": true,
                                                                                                                                                        "Async Capable": false,
                                                                                                                                                        "Relation Name": "company_name",
                                                                                                                                                        "Alias": "cn",
                                                                                                                                                        "Startup Cost": 0.0,
                                                                                                                                                        "Total Cost": 4767.92,
                                                                                                                                                        "Plan Rows": 21023,
                                                                                                                                                        "Plan Width": 23,
                                                                                                                                                        "Actual Startup Time": 0.01,
                                                                                                                                                        "Actual Total Time": 7.416,
                                                                                                                                                        "Actual Rows": 7177,
                                                                                                                                                        "Actual Loops": 5,
                                                                                                                                                        "Filter": "(name ~~* '%re%'::text)",
                                                                                                                                                        "Rows Removed by Filter": 39822,
                                                                                                                                                        "Workers": []
                                                                                                                                                    }
                                                                                                                                                ]
                                                                                                                                            }
                                                                                                                                        ]
                                                                                                                                    }
                                                                                                                                ]
                                                                                                                            }
                                                                                                                        ]
                                                                                                                    },
                                                                                                                    {
                                                                                                                        "Node Type": "Hash",
                                                                                                                        "Parent Relationship": "Inner",
                                                                                                                        "Parallel Aware": false,
                                                                                                                        "Async Capable": false,
                                                                                                                        "Startup Cost": 1.2,
                                                                                                                        "Total Cost": 1.2,
                                                                                                                        "Plan Rows": 9,
                                                                                                                        "Plan Width": 15,
                                                                                                                        "Actual Startup Time": 0.009,
                                                                                                                        "Actual Total Time": 0.01,
                                                                                                                        "Actual Rows": 9,
                                                                                                                        "Actual Loops": 5,
                                                                                                                        "Hash Buckets": 1024,
                                                                                                                        "Original Hash Buckets": 1024,
                                                                                                                        "Hash Batches": 1,
                                                                                                                        "Original Hash Batches": 1,
                                                                                                                        "Peak Memory Usage": 9,
                                                                                                                        "Workers": [],
                                                                                                                        "Plans": [
                                                                                                                            {
                                                                                                                                "Node Type": "Seq Scan",
                                                                                                                                "Parent Relationship": "Outer",
                                                                                                                                "Parallel Aware": false,
                                                                                                                                "Async Capable": false,
                                                                                                                                "Relation Name": "role_type",
                                                                                                                                "Alias": "rt",
                                                                                                                                "Startup Cost": 0.02,
                                                                                                                                "Total Cost": 1.2,
                                                                                                                                "Plan Rows": 9,
                                                                                                                                "Plan Width": 15,
                                                                                                                                "Actual Startup Time": 0.007,
                                                                                                                                "Actual Total Time": 0.008,
                                                                                                                                "Actual Rows": 9,
                                                                                                                                "Actual Loops": 5,
                                                                                                                                "Filter": "((role)::text = ANY ('{actress,cinematographer,composer,director,guest,\"miscellaneous crew\",producer,\"production designer\",writer}'::text[]))",
                                                                                                                                "Rows Removed by Filter": 3,
                                                                                                                                "Workers": []
                                                                                                                            }
                                                                                                                        ]
                                                                                                                    }
                                                                                                                ]
                                                                                                            }
                                                                                                        ]
                                                                                                    }
                                                                                                ]
                                                                                            },
                                                                                            {
                                                                                                "Node Type": "Hash",
                                                                                                "Parent Relationship": "Inner",
                                                                                                "Parallel Aware": false,
                                                                                                "Async Capable": false,
                                                                                                "Startup Cost": 1.04,
                                                                                                "Total Cost": 1.04,
                                                                                                "Plan Rows": 4,
                                                                                                "Plan Width": 4,
                                                                                                "Actual Startup Time": 0.009,
                                                                                                "Actual Total Time": 0.009,
                                                                                                "Actual Rows": 4,
                                                                                                "Actual Loops": 5,
                                                                                                "Hash Buckets": 1024,
                                                                                                "Original Hash Buckets": 1024,
                                                                                                "Hash Batches": 1,
                                                                                                "Original Hash Batches": 1,
                                                                                                "Peak Memory Usage": 9,
                                                                                                "Workers": [],
                                                                                                "Plans": [
                                                                                                    {
                                                                                                        "Node Type": "Seq Scan",
                                                                                                        "Parent Relationship": "Outer",
                                                                                                        "Parallel Aware": false,
                                                                                                        "Async Capable": false,
                                                                                                        "Relation Name": "company_type",
                                                                                                        "Alias": "ct",
                                                                                                        "Startup Cost": 0.0,
                                                                                                        "Total Cost": 1.04,
                                                                                                        "Plan Rows": 4,
                                                                                                        "Plan Width": 4,
                                                                                                        "Actual Startup Time": 0.008,
                                                                                                        "Actual Total Time": 0.008,
                                                                                                        "Actual Rows": 4,
                                                                                                        "Actual Loops": 5,
                                                                                                        "Workers": []
                                                                                                    }
                                                                                                ]
                                                                                            }
                                                                                        ]
                                                                                    },
                                                                                    {
                                                                                        "Node Type": "Hash",
                                                                                        "Parent Relationship": "Inner",
                                                                                        "Parallel Aware": false,
                                                                                        "Async Capable": false,
                                                                                        "Startup Cost": 1.09,
                                                                                        "Total Cost": 1.09,
                                                                                        "Plan Rows": 7,
                                                                                        "Plan Width": 4,
                                                                                        "Actual Startup Time": 0.017,
                                                                                        "Actual Total Time": 0.017,
                                                                                        "Actual Rows": 5,
                                                                                        "Actual Loops": 5,
                                                                                        "Hash Buckets": 1024,
                                                                                        "Original Hash Buckets": 1024,
                                                                                        "Hash Batches": 1,
                                                                                        "Original Hash Batches": 1,
                                                                                        "Peak Memory Usage": 9,
                                                                                        "Workers": [],
                                                                                        "Plans": [
                                                                                            {
                                                                                                "Node Type": "Seq Scan",
                                                                                                "Parent Relationship": "Outer",
                                                                                                "Parallel Aware": false,
                                                                                                "Async Capable": false,
                                                                                                "Relation Name": "kind_type",
                                                                                                "Alias": "kt",
                                                                                                "Startup Cost": 0.0,
                                                                                                "Total Cost": 1.09,
                                                                                                "Plan Rows": 7,
                                                                                                "Plan Width": 4,
                                                                                                "Actual Startup Time": 0.014,
                                                                                                "Actual Total Time": 0.015,
                                                                                                "Actual Rows": 5,
                                                                                                "Actual Loops": 5,
                                                                                                "Filter": "((kind)::text ~~* '%m%'::text)",
                                                                                                "Rows Removed by Filter": 2,
                                                                                                "Workers": []
                                                                                            }
                                                                                        ]
                                                                                    }
                                                                                ]
                                                                            }
                                                                        ]
                                                                    }
                                                                ]
                                                            }
                                                        ]
                                                    }
                                                ]
                                            },
                                            {
                                                "Node Type": "Materialize",
                                                "Parent Relationship": "Inner",
                                                "Parallel Aware": false,
                                                "Async Capable": false,
                                                "Startup Cost": 0.0,
                                                "Total Cost": 2.42,
                                                "Plan Rows": 1,
                                                "Plan Width": 4,
                                                "Actual Startup Time": 0.0,
                                                "Actual Total Time": 0.0,
                                                "Actual Rows": 1,
                                                "Actual Loops": 442109,
                                                "Plans": [
                                                    {
                                                        "Node Type": "Seq Scan",
                                                        "Parent Relationship": "Outer",
                                                        "Parallel Aware": false,
                                                        "Async Capable": false,
                                                        "Relation Name": "info_type",
                                                        "Alias": "it",
                                                        "Startup Cost": 0.0,
                                                        "Total Cost": 2.41,
                                                        "Plan Rows": 1,
                                                        "Plan Width": 4,
                                                        "Actual Startup Time": 0.011,
                                                        "Actual Total Time": 0.015,
                                                        "Actual Rows": 1,
                                                        "Actual Loops": 1,
                                                        "Filter": "(id = 4)",
                                                        "Rows Removed by Filter": 112
                                                    }
                                                ]
                                            }
                                        ]
                                    }
                                ]
                            }
                        ]
                    },
                    "Planning Time": 6.248,
                    "Triggers": [],
                    "Execution Time": 1552.57
                }
            ],
            "hints": [
                "SET enable_hashjoin TO on",
                "SET enable_indexonlyscan TO on",
                "SET enable_indexscan TO on",
                "SET enable_mergejoin TO on",
                "SET enable_nestloop TO off",
                "SET enable_seqscan TO on"
            ]
        },
        {
            "arm": 2,
            "execution_time": 1526.505,
            "plan": [
                {
                    "Plan": {
                        "Node Type": "Sort",
                        "Parallel Aware": false,
                        "Async Capable": false,
                        "Startup Cost": 715408.41,
                        "Total Cost": 715584.38,
                        "Plan Rows": 70386,
                        "Plan Width": 40,
                        "Actual Startup Time": 1503.192,
                        "Actual Total Time": 1525.847,
                        "Actual Rows": 11511,
                        "Actual Loops": 1,
                        "Sort Key": [
                            "(count(*)) DESC"
                        ],
                        "Sort Method": "quicksort",
                        "Sort Space Used": 1196,
                        "Sort Space Type": "Memory",
                        "Plans": [
                            {
                                "Node Type": "Aggregate",
                                "Strategy": "Sorted",
                                "Partial Mode": "Simple",
                                "Parent Relationship": "Outer",
                                "Parallel Aware": false,
                                "Async Capable": false,
                                "Startup Cost": 699023.68,
                                "Total Cost": 709741.28,
                                "Plan Rows": 70386,
                                "Plan Width": 40,
                                "Actual Startup Time": 1389.448,
                                "Actual Total Time": 1524.253,
                                "Actual Rows": 11511,
                                "Actual Loops": 1,
                                "Group Key": [
                                    "n.gender",
                                    "rt.role",
                                    "cn.name"
                                ],
                                "Plans": [
                                    {
                                        "Node Type": "Nested Loop",
                                        "Parent Relationship": "Outer",
                                        "Parallel Aware": false,
                                        "Async Capable": false,
                                        "Join Type": "Inner",
                                        "Startup Cost": 699023.68,
                                        "Total Cost": 708333.56,
                                        "Plan Rows": 70386,
                                        "Plan Width": 32,
                                        "Actual Startup Time": 1389.435,
                                        "Actual Total Time": 1503.051,
                                        "Actual Rows": 442109,
                                        "Actual Loops": 1,
                                        "Inner Unique": false,
                                        "Plans": [
                                            {
                                                "Node Type": "Gather Merge",
                                                "Parent Relationship": "Outer",
                                                "Parallel Aware": false,
                                                "Async Capable": false,
                                                "Startup Cost": 699023.68,
                                                "Total Cost": 707451.32,
                                                "Plan Rows": 70386,
                                                "Plan Width": 36,
                                                "Actual Startup Time": 1389.417,
                                                "Actual Total Time": 1447.695,
                                                "Actual Rows": 442109,
                                                "Actual Loops": 1,
                                                "Workers Planned": 4,
                                                "Workers Launched": 4,
                                                "Plans": [
                                                    {
                                                        "Node Type": "Sort",
                                                        "Parent Relationship": "Outer",
                                                        "Parallel Aware": false,
                                                        "Async Capable": false,
                                                        "Startup Cost": 698023.62,
                                                        "Total Cost": 698067.61,
                                                        "Plan Rows": 17596,
                                                        "Plan Width": 36,
                                                        "Actual Startup Time": 1382.733,
                                                        "Actual Total Time": 1386.055,
                                                        "Actual Rows": 88422,
                                                        "Actual Loops": 5,
                                                        "Sort Key": [
                                                            "n.gender COLLATE \"C\"",
                                                            "rt.role COLLATE \"C\"",
                                                            "cn.name COLLATE \"C\""
                                                        ],
                                                        "Sort Method": "external merge",
                                                        "Sort Space Used": 4576,
                                                        "Sort Space Type": "Disk",
                                                        "Workers": [
                                                            {
                                                                "Worker Number": 0,
                                                                "Sort Method": "quicksort",
                                                                "Sort Space Used": 7795,
                                                                "Sort Space Type": "Memory"
                                                            },
                                                            {
                                                                "Worker Number": 1,
                                                                "Sort Method": "quicksort",
                                                                "Sort Space Used": 7474,
                                                                "Sort Space Type": "Memory"
                                                            },
                                                            {
                                                                "Worker Number": 2,
                                                                "Sort Method": "quicksort",
                                                                "Sort Space Used": 8098,
                                                                "Sort Space Type": "Memory"
                                                            },
                                                            {
                                                                "Worker Number": 3,
                                                                "Sort Method": "quicksort",
                                                                "Sort Space Used": 7784,
                                                                "Sort Space Type": "Memory"
                                                            }
                                                        ],
                                                        "Plans": [
                                                            {
                                                                "Node Type": "Hash Join",
                                                                "Parent Relationship": "Outer",
                                                                "Parallel Aware": true,
                                                                "Async Capable": false,
                                                                "Join Type": "Inner",
                                                                "Startup Cost": 620254.2,
                                                                "Total Cost": 696782.84,
                                                                "Plan Rows": 17596,
                                                                "Plan Width": 36,
                                                                "Actual Startup Time": 1247.064,
                                                                "Actual Total Time": 1353.871,
                                                                "Actual Rows": 88422,
                                                                "Actual Loops": 5,
                                                                "Inner Unique": false,
                                                                "Hash Cond": "(n.id = ci.person_id)",
                                                                "Workers": [],
                                                                "Plans": [
                                                                    {
                                                                        "Node Type": "Seq Scan",
                                                                        "Parent Relationship": "Outer",
                                                                        "Parallel Aware": true,
                                                                        "Async Capable": false,
                                                                        "Relation Name": "name",
                                                                        "Alias": "n",
                                                                        "Startup Cost": 0.0,
                                                                        "Total Cost": 66074.73,
                                                                        "Plan Rows": 1041873,
                                                                        "Plan Width": 6,
                                                                        "Actual Startup Time": 0.004,
                                                                        "Actual Total Time": 33.334,
                                                                        "Actual Rows": 833498,
                                                                        "Actual Loops": 5,
                                                                        "Workers": []
                                                                    },
                                                                    {
                                                                        "Node Type": "Hash",
                                                                        "Parent Relationship": "Inner",
                                                                        "Parallel Aware": true,
                                                                        "Async Capable": false,
                                                                        "Startup Cost": 620078.23,
                                                                        "Total Cost": 620078.23,
                                                                        "Plan Rows": 14077,
                                                                        "Plan Width": 38,
                                                                        "Actual Startup Time": 1246.67,
                                                                        "Actual Total Time": 1246.767,
                                                                        "Actual Rows": 88422,
                                                                        "Actual Loops": 5,
                                                                        "Hash Buckets": 524288,
                                                                        "Original Hash Buckets": 131072,
                                                                        "Hash Batches": 1,
                                                                        "Original Hash Batches": 1,
                                                                        "Peak Memory Usage": 40768,
                                                                        "Workers": [],
                                                                        "Plans": [
                                                                            {
                                                                                "Node Type": "Hash Join",
                                                                                "Parent Relationship": "Outer",
                                                                                "Parallel Aware": false,
                                                                                "Async Capable": false,
                                                                                "Join Type": "Inner",
                                                                                "Startup Cost": 413306.56,
                                                                                "Total Cost": 620078.23,
                                                                                "Plan Rows": 14077,
                                                                                "Plan Width": 38,
                                                                                "Actual Startup Time": 1146.546,
                                                                                "Actual Total Time": 1238.33,
                                                                                "Actual Rows": 88422,
                                                                                "Actual Loops": 5,
                                                                                "Inner Unique": true,
                                                                                "Hash Cond": "(t.kind_id = kt.id)",
                                                                                "Workers": [],
                                                                                "Plans": [
                                                                                    {
                                                                                        "Node Type": "Hash Join",
                                                                                        "Parent Relationship": "Outer",
                                                                                        "Parallel Aware": false,
                                                                                        "Async Capable": false,
                                                                                        "Join Type": "Inner",
                                                                                        "Startup Cost": 413305.38,
                                                                                        "Total Cost": 620017.73,
                                                                                        "Plan Rows": 14077,
                                                                                        "Plan Width": 42,
                                                                                        "Actual Startup Time": 1143.893,
                                                                                        "Actual Total Time": 1232.969,
                                                                                        "Actual Rows": 88423,
                                                                                        "Actual Loops": 5,
                                                                                        "Inner Unique": true,
                                                                                        "Hash Cond": "(mc.company_type_id = ct.id)",
                                                                                        "Workers": [],
                                                                                        "Plans": [
                                                                                            {
                                                                                                "Node Type": "Hash Join",
                                                                                                "Parent Relationship": "Outer",
                                                                                                "Parallel Aware": true,
                                                                                                "Async Capable": false,
                                                                                                "Join Type": "Inner",
                                                                                                "Startup Cost": 413304.29,
                                                                                                "Total Cost": 619940.54,
                                                                                                "Plan Rows": 14077,
                                                                                                "Plan Width": 46,
                                                                                                "Actual Startup Time": 1143.875,
                                                                                                "Actual Total Time": 1227.315,
                                                                                                "Actual Rows": 88423,
                                                                                                "Actual Loops": 5,
                                                                                                "Inner Unique": false,
                                                                                                "Hash Cond": "(mi1.movie_id = t.id)",
                                                                                                "Workers": [],
                                                                                                "Plans": [
                                                                                                    {
                                                                                                        "Node Type": "Seq Scan",
                                                                                                        "Parent Relationship": "Outer",
                                                                                                        "Parallel Aware": true,
                                                                                                        "Async Capable": false,
                                                                                                        "Relation Name": "movie_info",
                                                                                                        "Alias": "mi1",
                                                                                                        "Startup Cost": 0.0,
                                                                                                        "Total Cost": 206090.53,
                                                                                                        "Plan Rows": 139270,
                                                                                                        "Plan Width": 8,
                                                                                                        "Actual Startup Time": 347.452,
                                                                                                        "Actual Total Time": 416.059,
                                                                                                        "Actual Rows": 208681,
                                                                                                        "Actual Loops": 5,
                                                                                                        "Filter": "((info ~~* '%e%'::text) AND (info_type_id = 4))",
                                                                                                        "Rows Removed by Filter": 2758463,
                                                                                                        "Workers": []
                                                                                                    },
                                                                                                    {
                                                                                                        "Node Type": "Hash",
                                                                                                        "Parent Relationship": "Inner",
                                                                                                        "Parallel Aware": true,
                                                                                                        "Async Capable": false,
                                                                                                        "Startup Cost": 412771.83,
                                                                                                        "Total Cost": 412771.83,
                                                                                                        "Plan Rows": 42597,
                                                                                                        "Plan Width": 54,
                                                                                                        "Actual Startup Time": 781.623,
                                                                                                        "Actual Total Time": 781.716,
                                                                                                        "Actual Rows": 98085,
                                                                                                        "Actual Loops": 5,
                                                                                                        "Hash Buckets": 524288,
                                                                                                        "Original Hash Buckets": 262144,
                                                                                                        "Hash Batches": 1,
                                                                                                        "Original Hash Batches": 1,
                                                                                                        "Peak Memory Usage": 51136,
                                                                                                        "Workers": [],
                                                                                                        "Plans": [
                                                                                                            {
                                                                                                                "Node Type": "Hash Join",
                                                                                                                "Parent Relationship": "Outer",
                                                                                                                "Parallel Aware": false,
                                                                                                                "Async Capable": false,
                                                                                                                "Join Type": "Inner",
                                                                                                                "Startup Cost": 82045.47,
                                                                                                                "Total Cost": 412771.83,
                                                                                                                "Plan Rows": 42597,
                                                                                                                "Plan Width": 54,
                                                                                                                "Actual Startup Time": 97.746,
                                                                                                                "Actual Total Time": 762.727,
                                                                                                                "Actual Rows": 98085,
                                                                                                                "Actual Loops": 5,
                                                                                                                "Inner Unique": true,
                                                                                                                "Hash Cond": "(ci.role_id = rt.id)",
                                                                                                                "Workers": [],
                                                                                                                "Plans": [
                                                                                                                    {
                                                                                                                        "Node Type": "Hash Join",
                                                                                                                        "Parent Relationship": "Outer",
                                                                                                                        "Parallel Aware": true,
                                                                                                                        "Async Capable": false,
                                                                                                                        "Join Type": "Inner",
                                                                                                                        "Startup Cost": 82044.15,
                                                                                                                        "Total Cost": 412568.77,
                                                                                                                        "Plan Rows": 56796,
                                                                                                                        "Plan Width": 47,
                                                                                                                        "Actual Startup Time": 97.729,
                                                                                                                        "Actual Total Time": 752.678,
                                                                                                                        "Actual Rows": 231460,
                                                                                                                        "Actual Loops": 5,
                                                                                                                        "Inner Unique": false,
                                                                                                                        "Hash Cond": "(t.id = mc.movie_id)",
                                                                                                                        "Workers": [],
                                                                                                                        "Plans": [
                                                                                                                            {
                                                                                                                                "Node Type": "Hash Join",
                                                                                                                                "Parent Relationship": "Outer",
                                                                                                                                "Parallel Aware": true,
                                                                                                                                "Async Capable": false,
                                                                                                                                "Join Type": "Inner",
                                                                                                                                "Startup Cost": 45963.5,
                                                                                                                                "Total Cost": 374947.66,
                                                                                                                                "Plan Rows": 361929,
                                                                                                                                "Plan Width": 20,
                                                                                                                                "Actual Startup Time": 29.144,
                                                                                                                                "Actual Total Time": 632.519,
                                                                                                                                "Actual Rows": 259115,
                                                                                                                                "Actual Loops": 5,
                                                                                                                                "Inner Unique": true,
                                                                                                                                "Hash Cond": "(ci.movie_id = t.id)",
                                                                                                                                "Workers": [],
                                                                                                                                "Plans": [
                                                                                                                                    {
                                                                                                                                        "Node Type": "Seq Scan",
                                                                                                                                        "Parent Relationship": "Outer",
                                                                                                                                        "Parallel Aware": true,
                                                                                                                                        "Async Capable": false,
                                                                                                                                        "Relation Name": "cast_info",
                                                                                                                                        "Alias": "ci",
                                                                                                                                        "Startup Cost": 0.0,
                                                                                                                                        "Total Cost": 313127.24,
                                                                                                                                        "Plan Rows": 6040724,
                                                                                                                                        "Plan Width": 12,
                                                                                                                                        "Actual Startup Time": 0.013,
                                                                                                                                        "Actual Total Time": 240.341,
                                                                                                                                        "Actual Rows": 7248869,
                                                                                                                                        "Actual Loops": 5,
                                                                                                                                        "Workers": []
                                                                                                                                    },
                                                                                                                                    {
                                                                                                                                        "Node Type": "Hash",
                                                                                                                                        "Parent Relationship": "Inner",
                                                                                                                                        "Parallel Aware": true,
                                                                                                                                        "Async Capable": false,
                                                                                                                                        "Startup Cost": 45490.07,
                                                                                                                                        "Total Cost": 45490.07,
                                                                                                                                        "Plan Rows": 37874,
                                                                                                                                        "Plan Width": 8,
                                                                                                                                        "Actual Startup Time": 28.953,
                                                                                                                                        "Actual Total Time": 28.954,
                                                                                                                                        "Actual Rows": 30648,
                                                                                                                                        "Actual Loops": 5,
                                                                                                                                        "Hash Buckets": 262144,
                                                                                                                                        "Original Hash Buckets": 262144,
                                                                                                                                        "Hash Batches": 1,
                                                                                                                                        "Original Hash Batches": 1,
                                                                                                                                        "Peak Memory Usage": 8160,
                                                                                                                                        "Workers": [],
                                                                                                                                        "Plans": [
                                                                                                                                            {
                                                                                                                                                "Node Type": "Seq Scan",
                                                                                                                                                "Parent Relationship": "Outer",
                                                                                                                                                "Parallel Aware": true,
                                                                                                                                                "Async Capable": false,
                                                                                                                                                "Relation Name": "title",
                                                                                                                                                "Alias": "t",
                                                                                                                                                "Startup Cost": 0.0,
                                                                                                                                                "Total Cost": 45490.07,
                                                                                                                                                "Plan Rows": 37874,
                                                                                                                                                "Plan Width": 8,
                                                                                                                                                "Actual Startup Time": 0.923,
                                                                                                                                                "Actual Total Time": 26.365,
                                                                                                                                                "Actual Rows": 30648,
                                                                                                                                                "Actual Loops": 5,
                                                                                                                                                "Filter": "((production_year <= 1945) AND (production_year >= 1875))",
                                                                                                                                                "Rows Removed by Filter": 475014,
                                                                                                                                                "Workers": []
                                                                                                                                            }
                                                                                                                                        ]
                                                                                                                                    }
                                                                                                                                ]
                                                                                                                            },
                                                                                                                            {
                                                                                                                                "Node Type": "Hash",
                                                                                                                                "Parent Relationship": "Inner",
                                                                                                                                "Parallel Aware": true,
                                                                                                                                "Async Capable": false,
                                                                                                                                "Startup Cost": 34480.64,
                                                                                                                                "Total Cost": 34480.64,
                                                                                                                                "Plan Rows": 128001,
                                                                                                                                "Plan Width": 27,
                                                                                                                                "Actual Startup Time": 68.295,
                                                                                                                                "Actual Total Time": 68.297,
                                                                                                                                "Actual Rows": 71338,
                                                                                                                                "Actual Loops": 5,
                                                                                                                                "Hash Buckets": 524288,
                                                                                                                                "Original Hash Buckets": 524288,
                                                                                                                                "Hash Batches": 1,
                                                                                                                                "Original Hash Batches": 1,
                                                                                                                                "Peak Memory Usage": 27680,
                                                                                                                                "Workers": [],
                                                                                                                                "Plans": [
                                                                                                                                    {
                                                                                                                                        "Node Type": "Hash Join",
                                                                                                                                        "Parent Relationship": "Outer",
                                                                                                                                        "Parallel Aware": true,
                                                                                                                                        "Async Capable": false,
                                                                                                                                        "Join Type": "Inner",
                                                                                                                                        "Startup Cost": 5030.71,
                                                                                                                                        "Total Cost": 34480.64,
                                                                                                                                        "Plan Rows": 128001,
                                                                                                                                        "Plan Width": 27,
                                                                                                                                        "Actual Startup Time": 8.143,
                                                                                                                                        "Actual Total Time": 57.298,
                                                                                                                                        "Actual Rows": 71338,
                                                                                                                                        "Actual Loops": 5,
                                                                                                                                        "Inner Unique": true,
                                                                                                                                        "Hash Cond": "(mc.company_id = cn.id)",
                                                                                                                                        "Workers": [],
                                                                                                                                        "Plans": [
                                                                                                                                            {
                                                                                                                                                "Node Type": "Seq Scan",
                                                                                                                                                "Parent Relationship": "Outer",
                                                                                                                                                "Parallel Aware": true,
                                                                                                                                                "Async Capable": false,
                                                                                                                                                "Relation Name": "movie_companies",
                                                                                                                                                "Alias": "mc",
                                                                                                                                                "Startup Cost": 0.0,
                                                                                                                                                "Total Cost": 27240.55,
                                                                                                                                                "Plan Rows": 841655,
                                                                                                                                                "Plan Width": 12,
                                                                                                                                                "Actual Startup Time": 0.005,
                                                                                                                                                "Actual Total Time": 23.539,
                                                                                                                                                "Actual Rows": 521826,
                                                                                                                                                "Actual Loops": 5,
                                                                                                                                                "Workers": []
                                                                                                                                            },
                                                                                                                                            {
                                                                                                                                                "Node Type": "Hash",
                                                                                                                                                "Parent Relationship": "Inner",
                                                                                                                                                "Parallel Aware": true,
                                                                                                                                                "Async Capable": false,
                                                                                                                                                "Startup Cost": 4767.92,
                                                                                                                                                "Total Cost": 4767.92,
                                                                                                                                                "Plan Rows": 21023,
                                                                                                                                                "Plan Width": 23,
                                                                                                                                                "Actual Startup Time": 8.095,
                                                                                                                                                "Actual Total Time": 8.096,
                                                                                                                                                "Actual Rows": 7177,
                                                                                                                                                "Actual Loops": 5,
                                                                                                                                                "Hash Buckets": 65536,
                                                                                                                                                "Original Hash Buckets": 65536,
                                                                                                                                                "Hash Batches": 1,
                                                                                                                                                "Original Hash Batches": 1,
                                                                                                                                                "Peak Memory Usage": 2752,
                                                                                                                                                "Workers": [],
                                                                                                                                                "Plans": [
                                                                                                                                                    {
                                                                                                                                                        "Node Type": "Seq Scan",
                                                                                                                                                        "Parent Relationship": "Outer",
                                                                                                                                                        "Parallel Aware": true,
                                                                                                                                                        "Async Capable": false,
                                                                                                                                                        "Relation Name": "company_name",
                                                                                                                                                        "Alias": "cn",
                                                                                                                                                        "Startup Cost": 0.0,
                                                                                                                                                        "Total Cost": 4767.92,
                                                                                                                                                        "Plan Rows": 21023,
                                                                                                                                                        "Plan Width": 23,
                                                                                                                                                        "Actual Startup Time": 0.008,
                                                                                                                                                        "Actual Total Time": 7.083,
                                                                                                                                                        "Actual Rows": 7177,
                                                                                                                                                        "Actual Loops": 5,
                                                                                                                                                        "Filter": "(name ~~* '%re%'::text)",
                                                                                                                                                        "Rows Removed by Filter": 39822,
                                                                                                                                                        "Workers": []
                                                                                                                                                    }
                                                                                                                                                ]
                                                                                                                                            }
                                                                                                                                        ]
                                                                                                                                    }
                                                                                                                                ]
                                                                                                                            }
                                                                                                                        ]
                                                                                                                    },
                                                                                                                    {
                                                                                                                        "Node Type": "Hash",
                                                                                                                        "Parent Relationship": "Inner",
                                                                                                                        "Parallel Aware": false,
                                                                                                                        "Async Capable": false,
                                                                                                                        "Startup Cost": 1.2,
                                                                                                                        "Total Cost": 1.2,
                                                                                                                        "Plan Rows": 9,
                                                                                                                        "Plan Width": 15,
                                                                                                                        "Actual Startup Time": 0.01,
                                                                                                                        "Actual Total Time": 0.011,
                                                                                                                        "Actual Rows": 9,
                                                                                                                        "Actual Loops": 5,
                                                                                                                        "Hash Buckets": 1024,
                                                                                                                        "Original Hash Buckets": 1024,
                                                                                                                        "Hash Batches": 1,
                                                                                                                        "Original Hash Batches": 1,
                                                                                                                        "Peak Memory Usage": 9,
                                                                                                                        "Workers": [],
                                                                                                                        "Plans": [
                                                                                                                            {
                                                                                                                                "Node Type": "Seq Scan",
                                                                                                                                "Parent Relationship": "Outer",
                                                                                                                                "Parallel Aware": false,
                                                                                                                                "Async Capable": false,
                                                                                                                                "Relation Name": "role_type",
                                                                                                                                "Alias": "rt",
                                                                                                                                "Startup Cost": 0.02,
                                                                                                                                "Total Cost": 1.2,
                                                                                                                                "Plan Rows": 9,
                                                                                                                                "Plan Width": 15,
                                                                                                                                "Actual Startup Time": 0.008,
                                                                                                                                "Actual Total Time": 0.009,
                                                                                                                                "Actual Rows": 9,
                                                                                                                                "Actual Loops": 5,
                                                                                                                                "Filter": "((role)::text = ANY ('{actress,cinematographer,composer,director,guest,\"miscellaneous crew\",producer,\"production designer\",writer}'::text[]))",
                                                                                                                                "Rows Removed by Filter": 3,
                                                                                                                                "Workers": []
                                                                                                                            }
                                                                                                                        ]
                                                                                                                    }
                                                                                                                ]
                                                                                                            }
                                                                                                        ]
                                                                                                    }
                                                                                                ]
                                                                                            },
                                                                                            {
                                                                                                "Node Type": "Hash",
                                                                                                "Parent Relationship": "Inner",
                                                                                                "Parallel Aware": false,
                                                                                                "Async Capable": false,
                                                                                                "Startup Cost": 1.04,
                                                                                                "Total Cost": 1.04,
                                                                                                "Plan Rows": 4,
                                                                                                "Plan Width": 4,
                                                                                                "Actual Startup Time": 0.008,
                                                                                                "Actual Total Time": 0.009,
                                                                                                "Actual Rows": 4,
                                                                                                "Actual Loops": 5,
                                                                                                "Hash Buckets": 1024,
                                                                                                "Original Hash Buckets": 1024,
                                                                                                "Hash Batches": 1,
                                                                                                "Original Hash Batches": 1,
                                                                                                "Peak Memory Usage": 9,
                                                                                                "Workers": [],
                                                                                                "Plans": [
                                                                                                    {
                                                                                                        "Node Type": "Seq Scan",
                                                                                                        "Parent Relationship": "Outer",
                                                                                                        "Parallel Aware": false,
                                                                                                        "Async Capable": false,
                                                                                                        "Relation Name": "company_type",
                                                                                                        "Alias": "ct",
                                                                                                        "Startup Cost": 0.0,
                                                                                                        "Total Cost": 1.04,
                                                                                                        "Plan Rows": 4,
                                                                                                        "Plan Width": 4,
                                                                                                        "Actual Startup Time": 0.007,
                                                                                                        "Actual Total Time": 0.007,
                                                                                                        "Actual Rows": 4,
                                                                                                        "Actual Loops": 5,
                                                                                                        "Workers": []
                                                                                                    }
                                                                                                ]
                                                                                            }
                                                                                        ]
                                                                                    },
                                                                                    {
                                                                                        "Node Type": "Hash",
                                                                                        "Parent Relationship": "Inner",
                                                                                        "Parallel Aware": false,
                                                                                        "Async Capable": false,
                                                                                        "Startup Cost": 1.09,
                                                                                        "Total Cost": 1.09,
                                                                                        "Plan Rows": 7,
                                                                                        "Plan Width": 4,
                                                                                        "Actual Startup Time": 0.024,
                                                                                        "Actual Total Time": 0.025,
                                                                                        "Actual Rows": 5,
                                                                                        "Actual Loops": 5,
                                                                                        "Hash Buckets": 1024,
                                                                                        "Original Hash Buckets": 1024,
                                                                                        "Hash Batches": 1,
                                                                                        "Original Hash Batches": 1,
                                                                                        "Peak Memory Usage": 9,
                                                                                        "Workers": [],
                                                                                        "Plans": [
                                                                                            {
                                                                                                "Node Type": "Seq Scan",
                                                                                                "Parent Relationship": "Outer",
                                                                                                "Parallel Aware": false,
                                                                                                "Async Capable": false,
                                                                                                "Relation Name": "kind_type",
                                                                                                "Alias": "kt",
                                                                                                "Startup Cost": 0.0,
                                                                                                "Total Cost": 1.09,
                                                                                                "Plan Rows": 7,
                                                                                                "Plan Width": 4,
                                                                                                "Actual Startup Time": 0.021,
                                                                                                "Actual Total Time": 0.023,
                                                                                                "Actual Rows": 5,
                                                                                                "Actual Loops": 5,
                                                                                                "Filter": "((kind)::text ~~* '%m%'::text)",
                                                                                                "Rows Removed by Filter": 2,
                                                                                                "Workers": []
                                                                                            }
                                                                                        ]
                                                                                    }
                                                                                ]
                                                                            }
                                                                        ]
                                                                    }
                                                                ]
                                                            }
                                                        ]
                                                    }
                                                ]
                                            },
                                            {
                                                "Node Type": "Materialize",
                                                "Parent Relationship": "Inner",
                                                "Parallel Aware": false,
                                                "Async Capable": false,
                                                "Startup Cost": 0.0,
                                                "Total Cost": 2.42,
                                                "Plan Rows": 1,
                                                "Plan Width": 4,
                                                "Actual Startup Time": 0.0,
                                                "Actual Total Time": 0.0,
                                                "Actual Rows": 1,
                                                "Actual Loops": 442109,
                                                "Plans": [
                                                    {
                                                        "Node Type": "Seq Scan",
                                                        "Parent Relationship": "Outer",
                                                        "Parallel Aware": false,
                                                        "Async Capable": false,
                                                        "Relation Name": "info_type",
                                                        "Alias": "it",
                                                        "Startup Cost": 0.0,
                                                        "Total Cost": 2.41,
                                                        "Plan Rows": 1,
                                                        "Plan Width": 4,
                                                        "Actual Startup Time": 0.011,
                                                        "Actual Total Time": 0.013,
                                                        "Actual Rows": 1,
                                                        "Actual Loops": 1,
                                                        "Filter": "(id = 4)",
                                                        "Rows Removed by Filter": 112
                                                    }
                                                ]
                                            }
                                        ]
                                    }
                                ]
                            }
                        ]
                    },
                    "Planning Time": 3.385,
                    "Triggers": [],
                    "Execution Time": 1526.505
                }
            ],
            "hints": [
                "SET enable_hashjoin TO on",
                "SET enable_indexonlyscan TO on",
                "SET enable_indexscan TO off",
                "SET enable_mergejoin TO off",
                "SET enable_nestloop TO on",
                "SET enable_seqscan TO on"
            ]
        },
        {
            "arm": 3,
            "execution_time": 1531.598,
            "plan": [
                {
                    "Plan": {
                        "Node Type": "Sort",
                        "Parallel Aware": false,
                        "Async Capable": false,
                        "Startup Cost": 10000715408.41,
                        "Total Cost": 10000715584.38,
                        "Plan Rows": 70386,
                        "Plan Width": 40,
                        "Actual Startup Time": 1507.539,
                        "Actual Total Time": 1530.727,
                        "Actual Rows": 11511,
                        "Actual Loops": 1,
                        "Sort Key": [
                            "(count(*)) DESC"
                        ],
                        "Sort Method": "quicksort",
                        "Sort Space Used": 1196,
                        "Sort Space Type": "Memory",
                        "Plans": [
                            {
                                "Node Type": "Aggregate",
                                "Strategy": "Sorted",
                                "Partial Mode": "Simple",
                                "Parent Relationship": "Outer",
                                "Parallel Aware": false,
                                "Async Capable": false,
                                "Startup Cost": 10000699023.68,
                                "Total Cost": 10000709741.28,
                                "Plan Rows": 70386,
                                "Plan Width": 40,
                                "Actual Startup Time": 1391.773,
                                "Actual Total Time": 1529.173,
                                "Actual Rows": 11511,
                                "Actual Loops": 1,
                                "Group Key": [
                                    "n.gender",
                                    "rt.role",
                                    "cn.name"
                                ],
                                "Plans": [
                                    {
                                        "Node Type": "Nested Loop",
                                        "Parent Relationship": "Outer",
                                        "Parallel Aware": false,
                                        "Async Capable": false,
                                        "Join Type": "Inner",
                                        "Startup Cost": 10000699023.68,
                                        "Total Cost": 10000708333.56,
                                        "Plan Rows": 70386,
                                        "Plan Width": 32,
                                        "Actual Startup Time": 1391.761,
                                        "Actual Total Time": 1509.155,
                                        "Actual Rows": 442109,
                                        "Actual Loops": 1,
                                        "Inner Unique": false,
                                        "Plans": [
                                            {
                                                "Node Type": "Gather Merge",
                                                "Parent Relationship": "Outer",
                                                "Parallel Aware": false,
                                                "Async Capable": false,
                                                "Startup Cost": 699023.68,
                                                "Total Cost": 707451.32,
                                                "Plan Rows": 70386,
                                                "Plan Width": 36,
                                                "Actual Startup Time": 1391.746,
                                                "Actual Total Time": 1453.029,
                                                "Actual Rows": 442109,
                                                "Actual Loops": 1,
                                                "Workers Planned": 4,
                                                "Workers Launched": 4,
                                                "Plans": [
                                                    {
                                                        "Node Type": "Sort",
                                                        "Parent Relationship": "Outer",
                                                        "Parallel Aware": false,
                                                        "Async Capable": false,
                                                        "Startup Cost": 698023.62,
                                                        "Total Cost": 698067.61,
                                                        "Plan Rows": 17596,
                                                        "Plan Width": 36,
                                                        "Actual Startup Time": 1385.675,
                                                        "Actual Total Time": 1389.015,
                                                        "Actual Rows": 88422,
                                                        "Actual Loops": 5,
                                                        "Sort Key": [
                                                            "n.gender COLLATE \"C\"",
                                                            "rt.role COLLATE \"C\"",
                                                            "cn.name COLLATE \"C\""
                                                        ],
                                                        "Sort Method": "external merge",
                                                        "Sort Space Used": 4536,
                                                        "Sort Space Type": "Disk",
                                                        "Workers": [
                                                            {
                                                                "Worker Number": 0,
                                                                "Sort Method": "quicksort",
                                                                "Sort Space Used": 7768,
                                                                "Sort Space Type": "Memory"
                                                            },
                                                            {
                                                                "Worker Number": 1,
                                                                "Sort Method": "quicksort",
                                                                "Sort Space Used": 7795,
                                                                "Sort Space Type": "Memory"
                                                            },
                                                            {
                                                                "Worker Number": 2,
                                                                "Sort Method": "quicksort",
                                                                "Sort Space Used": 7554,
                                                                "Sort Space Type": "Memory"
                                                            },
                                                            {
                                                                "Worker Number": 3,
                                                                "Sort Method": "quicksort",
                                                                "Sort Space Used": 8084,
                                                                "Sort Space Type": "Memory"
                                                            }
                                                        ],
                                                        "Plans": [
                                                            {
                                                                "Node Type": "Hash Join",
                                                                "Parent Relationship": "Outer",
                                                                "Parallel Aware": true,
                                                                "Async Capable": false,
                                                                "Join Type": "Inner",
                                                                "Startup Cost": 620254.2,
                                                                "Total Cost": 696782.84,
                                                                "Plan Rows": 17596,
                                                                "Plan Width": 36,
                                                                "Actual Startup Time": 1250.692,
                                                                "Actual Total Time": 1356.489,
                                                                "Actual Rows": 88422,
                                                                "Actual Loops": 5,
                                                                "Inner Unique": false,
                                                                "Hash Cond": "(n.id = ci.person_id)",
                                                                "Workers": [],
                                                                "Plans": [
                                                                    {
                                                                        "Node Type": "Seq Scan",
                                                                        "Parent Relationship": "Outer",
                                                                        "Parallel Aware": true,
                                                                        "Async Capable": false,
                                                                        "Relation Name": "name",
                                                                        "Alias": "n",
                                                                        "Startup Cost": 0.0,
                                                                        "Total Cost": 66074.73,
                                                                        "Plan Rows": 1041873,
                                                                        "Plan Width": 6,
                                                                        "Actual Startup Time": 0.004,
                                                                        "Actual Total Time": 33.305,
                                                                        "Actual Rows": 833498,
                                                                        "Actual Loops": 5,
                                                                        "Workers": []
                                                                    },
                                                                    {
                                                                        "Node Type": "Hash",
                                                                        "Parent Relationship": "Inner",
                                                                        "Parallel Aware": true,
                                                                        "Async Capable": false,
                                                                        "Startup Cost": 620078.23,
                                                                        "Total Cost": 620078.23,
                                                                        "Plan Rows": 14077,
                                                                        "Plan Width": 38,
                                                                        "Actual Startup Time": 1250.294,
                                                                        "Actual Total Time": 1250.306,
                                                                        "Actual Rows": 88422,
                                                                        "Actual Loops": 5,
                                                                        "Hash Buckets": 524288,
                                                                        "Original Hash Buckets": 131072,
                                                                        "Hash Batches": 1,
                                                                        "Original Hash Batches": 1,
                                                                        "Peak Memory Usage": 40768,
                                                                        "Workers": [],
                                                                        "Plans": [
                                                                            {
                                                                                "Node Type": "Hash Join",
                                                                                "Parent Relationship": "Outer",
                                                                                "Parallel Aware": false,
                                                                                "Async Capable": false,
                                                                                "Join Type": "Inner",
                                                                                "Startup Cost": 413306.56,
                                                                                "Total Cost": 620078.23,
                                                                                "Plan Rows": 14077,
                                                                                "Plan Width": 38,
                                                                                "Actual Startup Time": 1150.998,
                                                                                "Actual Total Time": 1242.057,
                                                                                "Actual Rows": 88422,
                                                                                "Actual Loops": 5,
                                                                                "Inner Unique": true,
                                                                                "Hash Cond": "(t.kind_id = kt.id)",
                                                                                "Workers": [],
                                                                                "Plans": [
                                                                                    {
                                                                                        "Node Type": "Hash Join",
                                                                                        "Parent Relationship": "Outer",
                                                                                        "Parallel Aware": false,
                                                                                        "Async Capable": false,
                                                                                        "Join Type": "Inner",
                                                                                        "Startup Cost": 413305.38,
                                                                                        "Total Cost": 620017.73,
                                                                                        "Plan Rows": 14077,
                                                                                        "Plan Width": 42,
                                                                                        "Actual Startup Time": 1148.66,
                                                                                        "Actual Total Time": 1236.726,
                                                                                        "Actual Rows": 88423,
                                                                                        "Actual Loops": 5,
                                                                                        "Inner Unique": true,
                                                                                        "Hash Cond": "(mc.company_type_id = ct.id)",
                                                                                        "Workers": [],
                                                                                        "Plans": [
                                                                                            {
                                                                                                "Node Type": "Hash Join",
                                                                                                "Parent Relationship": "Outer",
                                                                                                "Parallel Aware": true,
                                                                                                "Async Capable": false,
                                                                                                "Join Type": "Inner",
                                                                                                "Startup Cost": 413304.29,
                                                                                                "Total Cost": 619940.54,
                                                                                                "Plan Rows": 14077,
                                                                                                "Plan Width": 46,
                                                                                                "Actual Startup Time": 1148.64,
                                                                                                "Actual Total Time": 1231.111,
                                                                                                "Actual Rows": 88423,
                                                                                                "Actual Loops": 5,
                                                                                                "Inner Unique": false,
                                                                                                "Hash Cond": "(mi1.movie_id = t.id)",
                                                                                                "Workers": [],
                                                                                                "Plans": [
                                                                                                    {
                                                                                                        "Node Type": "Seq Scan",
                                                                                                        "Parent Relationship": "Outer",
                                                                                                        "Parallel Aware": true,
                                                                                                        "Async Capable": false,
                                                                                                        "Relation Name": "movie_info",
                                                                                                        "Alias": "mi1",
                                                                                                        "Startup Cost": 0.0,
                                                                                                        "Total Cost": 206090.53,
                                                                                                        "Plan Rows": 139270,
                                                                                                        "Plan Width": 8,
                                                                                                        "Actual Startup Time": 348.152,
                                                                                                        "Actual Total Time": 417.182,
                                                                                                        "Actual Rows": 208681,
                                                                                                        "Actual Loops": 5,
                                                                                                        "Filter": "((info ~~* '%e%'::text) AND (info_type_id = 4))",
                                                                                                        "Rows Removed by Filter": 2758463,
                                                                                                        "Workers": []
                                                                                                    },
                                                                                                    {
                                                                                                        "Node Type": "Hash",
                                                                                                        "Parent Relationship": "Inner",
                                                                                                        "Parallel Aware": true,
                                                                                                        "Async Capable": false,
                                                                                                        "Startup Cost": 412771.83,
                                                                                                        "Total Cost": 412771.83,
                                                                                                        "Plan Rows": 42597,
                                                                                                        "Plan Width": 54,
                                                                                                        "Actual Startup Time": 785.405,
                                                                                                        "Actual Total Time": 785.413,
                                                                                                        "Actual Rows": 98085,
                                                                                                        "Actual Loops": 5,
                                                                                                        "Hash Buckets": 524288,
                                                                                                        "Original Hash Buckets": 262144,
                                                                                                        "Hash Batches": 1,
                                                                                                        "Original Hash Batches": 1,
                                                                                                        "Peak Memory Usage": 51104,
                                                                                                        "Workers": [],
                                                                                                        "Plans": [
                                                                                                            {
                                                                                                                "Node Type": "Hash Join",
                                                                                                                "Parent Relationship": "Outer",
                                                                                                                "Parallel Aware": false,
                                                                                                                "Async Capable": false,
                                                                                                                "Join Type": "Inner",
                                                                                                                "Startup Cost": 82045.47,
                                                                                                                "Total Cost": 412771.83,
                                                                                                                "Plan Rows": 42597,
                                                                                                                "Plan Width": 54,
                                                                                                                "Actual Startup Time": 98.098,
                                                                                                                "Actual Total Time": 765.518,
                                                                                                                "Actual Rows": 98085,
                                                                                                                "Actual Loops": 5,
                                                                                                                "Inner Unique": true,
                                                                                                                "Hash Cond": "(ci.role_id = rt.id)",
                                                                                                                "Workers": [],
                                                                                                                "Plans": [
                                                                                                                    {
                                                                                                                        "Node Type": "Hash Join",
                                                                                                                        "Parent Relationship": "Outer",
                                                                                                                        "Parallel Aware": true,
                                                                                                                        "Async Capable": false,
                                                                                                                        "Join Type": "Inner",
                                                                                                                        "Startup Cost": 82044.15,
                                                                                                                        "Total Cost": 412568.77,
                                                                                                                        "Plan Rows": 56796,
                                                                                                                        "Plan Width": 47,
                                                                                                                        "Actual Startup Time": 98.078,
                                                                                                                        "Actual Total Time": 755.527,
                                                                                                                        "Actual Rows": 231460,
                                                                                                                        "Actual Loops": 5,
                                                                                                                        "Inner Unique": false,
                                                                                                                        "Hash Cond": "(t.id = mc.movie_id)",
                                                                                                                        "Workers": [],
                                                                                                                        "Plans": [
                                                                                                                            {
                                                                                                                                "Node Type": "Hash Join",
                                                                                                                                "Parent Relationship": "Outer",
                                                                                                                                "Parallel Aware": true,
                                                                                                                                "Async Capable": false,
                                                                                                                                "Join Type": "Inner",
                                                                                                                                "Startup Cost": 45963.5,
                                                                                                                                "Total Cost": 374947.66,
                                                                                                                                "Plan Rows": 361929,
                                                                                                                                "Plan Width": 20,
                                                                                                                                "Actual Startup Time": 29.246,
                                                                                                                                "Actual Total Time": 634.84,
                                                                                                                                "Actual Rows": 259115,
                                                                                                                                "Actual Loops": 5,
                                                                                                                                "Inner Unique": true,
                                                                                                                                "Hash Cond": "(ci.movie_id = t.id)",
                                                                                                                                "Workers": [],
                                                                                                                                "Plans": [
                                                                                                                                    {
                                                                                                                                        "Node Type": "Seq Scan",
                                                                                                                                        "Parent Relationship": "Outer",
                                                                                                                                        "Parallel Aware": true,
                                                                                                                                        "Async Capable": false,
                                                                                                                                        "Relation Name": "cast_info",
                                                                                                                                        "Alias": "ci",
                                                                                                                                        "Startup Cost": 0.0,
                                                                                                                                        "Total Cost": 313127.24,
                                                                                                                                        "Plan Rows": 6040724,
                                                                                                                                        "Plan Width": 12,
                                                                                                                                        "Actual Startup Time": 0.032,
                                                                                                                                        "Actual Total Time": 240.659,
                                                                                                                                        "Actual Rows": 7248869,
                                                                                                                                        "Actual Loops": 5,
                                                                                                                                        "Workers": []
                                                                                                                                    },
                                                                                                                                    {
                                                                                                                                        "Node Type": "Hash",
                                                                                                                                        "Parent Relationship": "Inner",
                                                                                                                                        "Parallel Aware": true,
                                                                                                                                        "Async Capable": false,
                                                                                                                                        "Startup Cost": 45490.07,
                                                                                                                                        "Total Cost": 45490.07,
                                                                                                                                        "Plan Rows": 37874,
                                                                                                                                        "Plan Width": 8,
                                                                                                                                        "Actual Startup Time": 29.032,
                                                                                                                                        "Actual Total Time": 29.033,
                                                                                                                                        "Actual Rows": 30648,
                                                                                                                                        "Actual Loops": 5,
                                                                                                                                        "Hash Buckets": 262144,
                                                                                                                                        "Original Hash Buckets": 262144,
                                                                                                                                        "Hash Batches": 1,
                                                                                                                                        "Original Hash Batches": 1,
                                                                                                                                        "Peak Memory Usage": 8128,
                                                                                                                                        "Workers": [],
                                                                                                                                        "Plans": [
                                                                                                                                            {
                                                                                                                                                "Node Type": "Seq Scan",
                                                                                                                                                "Parent Relationship": "Outer",
                                                                                                                                                "Parallel Aware": true,
                                                                                                                                                "Async Capable": false,
                                                                                                                                                "Relation Name": "title",
                                                                                                                                                "Alias": "t",
                                                                                                                                                "Startup Cost": 0.0,
                                                                                                                                                "Total Cost": 45490.07,
                                                                                                                                                "Plan Rows": 37874,
                                                                                                                                                "Plan Width": 8,
                                                                                                                                                "Actual Startup Time": 1.208,
                                                                                                                                                "Actual Total Time": 26.438,
                                                                                                                                                "Actual Rows": 30648,
                                                                                                                                                "Actual Loops": 5,
                                                                                                                                                "Filter": "((production_year <= 1945) AND (production_year >= 1875))",
                                                                                                                                                "Rows Removed by Filter": 475014,
                                                                                                                                                "Workers": []
                                                                                                                                            }
                                                                                                                                        ]
                                                                                                                                    }
                                                                                                                                ]
                                                                                                                            },
                                                                                                                            {
                                                                                                                                "Node Type": "Hash",
                                                                                                                                "Parent Relationship": "Inner",
                                                                                                                                "Parallel Aware": true,
                                                                                                                                "Async Capable": false,
                                                                                                                                "Startup Cost": 34480.64,
                                                                                                                                "Total Cost": 34480.64,
                                                                                                                                "Plan Rows": 128001,
                                                                                                                                "Plan Width": 27,
                                                                                                                                "Actual Startup Time": 68.537,
                                                                                                                                "Actual Total Time": 68.539,
                                                                                                                                "Actual Rows": 71338,
                                                                                                                                "Actual Loops": 5,
                                                                                                                                "Hash Buckets": 524288,
                                                                                                                                "Original Hash Buckets": 524288,
                                                                                                                                "Hash Batches": 1,
                                                                                                                                "Original Hash Batches": 1,
                                                                                                                                "Peak Memory Usage": 27680,
                                                                                                                                "Workers": [],
                                                                                                                                "Plans": [
                                                                                                                                    {
                                                                                                                                        "Node Type": "Hash Join",
                                                                                                                                        "Parent Relationship": "Outer",
                                                                                                                                        "Parallel Aware": true,
                                                                                                                                        "Async Capable": false,
                                                                                                                                        "Join Type": "Inner",
                                                                                                                                        "Startup Cost": 5030.71,
                                                                                                                                        "Total Cost": 34480.64,
                                                                                                                                        "Plan Rows": 128001,
                                                                                                                                        "Plan Width": 27,
                                                                                                                                        "Actual Startup Time": 7.955,
                                                                                                                                        "Actual Total Time": 57.506,
                                                                                                                                        "Actual Rows": 71338,
                                                                                                                                        "Actual Loops": 5,
                                                                                                                                        "Inner Unique": true,
                                                                                                                                        "Hash Cond": "(mc.company_id = cn.id)",
                                                                                                                                        "Workers": [],
                                                                                                                                        "Plans": [
                                                                                                                                            {
                                                                                                                                                "Node Type": "Seq Scan",
                                                                                                                                                "Parent Relationship": "Outer",
                                                                                                                                                "Parallel Aware": true,
                                                                                                                                                "Async Capable": false,
                                                                                                                                                "Relation Name": "movie_companies",
                                                                                                                                                "Alias": "mc",
                                                                                                                                                "Startup Cost": 0.0,
                                                                                                                                                "Total Cost": 27240.55,
                                                                                                                                                "Plan Rows": 841655,
                                                                                                                                                "Plan Width": 12,
                                                                                                                                                "Actual Startup Time": 0.006,
                                                                                                                                                "Actual Total Time": 23.496,
                                                                                                                                                "Actual Rows": 521826,
                                                                                                                                                "Actual Loops": 5,
                                                                                                                                                "Workers": []
                                                                                                                                            },
                                                                                                                                            {
                                                                                                                                                "Node Type": "Hash",
                                                                                                                                                "Parent Relationship": "Inner",
                                                                                                                                                "Parallel Aware": true,
                                                                                                                                                "Async Capable": false,
                                                                                                                                                "Startup Cost": 4767.92,
                                                                                                                                                "Total Cost": 4767.92,
                                                                                                                                                "Plan Rows": 21023,
                                                                                                                                                "Plan Width": 23,
                                                                                                                                                "Actual Startup Time": 7.908,
                                                                                                                                                "Actual Total Time": 7.909,
                                                                                                                                                "Actual Rows": 7177,
                                                                                                                                                "Actual Loops": 5,
                                                                                                                                                "Hash Buckets": 65536,
                                                                                                                                                "Original Hash Buckets": 65536,
                                                                                                                                                "Hash Batches": 1,
                                                                                                                                                "Original Hash Batches": 1,
                                                                                                                                                "Peak Memory Usage": 2720,
                                                                                                                                                "Workers": [],
                                                                                                                                                "Plans": [
                                                                                                                                                    {
                                                                                                                                                        "Node Type": "Seq Scan",
                                                                                                                                                        "Parent Relationship": "Outer",
                                                                                                                                                        "Parallel Aware": true,
                                                                                                                                                        "Async Capable": false,
                                                                                                                                                        "Relation Name": "company_name",
                                                                                                                                                        "Alias": "cn",
                                                                                                                                                        "Startup Cost": 0.0,
                                                                                                                                                        "Total Cost": 4767.92,
                                                                                                                                                        "Plan Rows": 21023,
                                                                                                                                                        "Plan Width": 23,
                                                                                                                                                        "Actual Startup Time": 0.006,
                                                                                                                                                        "Actual Total Time": 7.011,
                                                                                                                                                        "Actual Rows": 7177,
                                                                                                                                                        "Actual Loops": 5,
                                                                                                                                                        "Filter": "(name ~~* '%re%'::text)",
                                                                                                                                                        "Rows Removed by Filter": 39822,
                                                                                                                                                        "Workers": []
                                                                                                                                                    }
                                                                                                                                                ]
                                                                                                                                            }
                                                                                                                                        ]
                                                                                                                                    }
                                                                                                                                ]
                                                                                                                            }
                                                                                                                        ]
                                                                                                                    },
                                                                                                                    {
                                                                                                                        "Node Type": "Hash",
                                                                                                                        "Parent Relationship": "Inner",
                                                                                                                        "Parallel Aware": false,
                                                                                                                        "Async Capable": false,
                                                                                                                        "Startup Cost": 1.2,
                                                                                                                        "Total Cost": 1.2,
                                                                                                                        "Plan Rows": 9,
                                                                                                                        "Plan Width": 15,
                                                                                                                        "Actual Startup Time": 0.011,
                                                                                                                        "Actual Total Time": 0.012,
                                                                                                                        "Actual Rows": 9,
                                                                                                                        "Actual Loops": 5,
                                                                                                                        "Hash Buckets": 1024,
                                                                                                                        "Original Hash Buckets": 1024,
                                                                                                                        "Hash Batches": 1,
                                                                                                                        "Original Hash Batches": 1,
                                                                                                                        "Peak Memory Usage": 9,
                                                                                                                        "Workers": [],
                                                                                                                        "Plans": [
                                                                                                                            {
                                                                                                                                "Node Type": "Seq Scan",
                                                                                                                                "Parent Relationship": "Outer",
                                                                                                                                "Parallel Aware": false,
                                                                                                                                "Async Capable": false,
                                                                                                                                "Relation Name": "role_type",
                                                                                                                                "Alias": "rt",
                                                                                                                                "Startup Cost": 0.02,
                                                                                                                                "Total Cost": 1.2,
                                                                                                                                "Plan Rows": 9,
                                                                                                                                "Plan Width": 15,
                                                                                                                                "Actual Startup Time": 0.009,
                                                                                                                                "Actual Total Time": 0.01,
                                                                                                                                "Actual Rows": 9,
                                                                                                                                "Actual Loops": 5,
                                                                                                                                "Filter": "((role)::text = ANY ('{actress,cinematographer,composer,director,guest,\"miscellaneous crew\",producer,\"production designer\",writer}'::text[]))",
                                                                                                                                "Rows Removed by Filter": 3,
                                                                                                                                "Workers": []
                                                                                                                            }
                                                                                                                        ]
                                                                                                                    }
                                                                                                                ]
                                                                                                            }
                                                                                                        ]
                                                                                                    }
                                                                                                ]
                                                                                            },
                                                                                            {
                                                                                                "Node Type": "Hash",
                                                                                                "Parent Relationship": "Inner",
                                                                                                "Parallel Aware": false,
                                                                                                "Async Capable": false,
                                                                                                "Startup Cost": 1.04,
                                                                                                "Total Cost": 1.04,
                                                                                                "Plan Rows": 4,
                                                                                                "Plan Width": 4,
                                                                                                "Actual Startup Time": 0.013,
                                                                                                "Actual Total Time": 0.013,
                                                                                                "Actual Rows": 4,
                                                                                                "Actual Loops": 5,
                                                                                                "Hash Buckets": 1024,
                                                                                                "Original Hash Buckets": 1024,
                                                                                                "Hash Batches": 1,
                                                                                                "Original Hash Batches": 1,
                                                                                                "Peak Memory Usage": 9,
                                                                                                "Workers": [],
                                                                                                "Plans": [
                                                                                                    {
                                                                                                        "Node Type": "Seq Scan",
                                                                                                        "Parent Relationship": "Outer",
                                                                                                        "Parallel Aware": false,
                                                                                                        "Async Capable": false,
                                                                                                        "Relation Name": "company_type",
                                                                                                        "Alias": "ct",
                                                                                                        "Startup Cost": 0.0,
                                                                                                        "Total Cost": 1.04,
                                                                                                        "Plan Rows": 4,
                                                                                                        "Plan Width": 4,
                                                                                                        "Actual Startup Time": 0.012,
                                                                                                        "Actual Total Time": 0.012,
                                                                                                        "Actual Rows": 4,
                                                                                                        "Actual Loops": 5,
                                                                                                        "Workers": []
                                                                                                    }
                                                                                                ]
                                                                                            }
                                                                                        ]
                                                                                    },
                                                                                    {
                                                                                        "Node Type": "Hash",
                                                                                        "Parent Relationship": "Inner",
                                                                                        "Parallel Aware": false,
                                                                                        "Async Capable": false,
                                                                                        "Startup Cost": 1.09,
                                                                                        "Total Cost": 1.09,
                                                                                        "Plan Rows": 7,
                                                                                        "Plan Width": 4,
                                                                                        "Actual Startup Time": 0.022,
                                                                                        "Actual Total Time": 0.023,
                                                                                        "Actual Rows": 5,
                                                                                        "Actual Loops": 5,
                                                                                        "Hash Buckets": 1024,
                                                                                        "Original Hash Buckets": 1024,
                                                                                        "Hash Batches": 1,
                                                                                        "Original Hash Batches": 1,
                                                                                        "Peak Memory Usage": 9,
                                                                                        "Workers": [],
                                                                                        "Plans": [
                                                                                            {
                                                                                                "Node Type": "Seq Scan",
                                                                                                "Parent Relationship": "Outer",
                                                                                                "Parallel Aware": false,
                                                                                                "Async Capable": false,
                                                                                                "Relation Name": "kind_type",
                                                                                                "Alias": "kt",
                                                                                                "Startup Cost": 0.0,
                                                                                                "Total Cost": 1.09,
                                                                                                "Plan Rows": 7,
                                                                                                "Plan Width": 4,
                                                                                                "Actual Startup Time": 0.019,
                                                                                                "Actual Total Time": 0.021,
                                                                                                "Actual Rows": 5,
                                                                                                "Actual Loops": 5,
                                                                                                "Filter": "((kind)::text ~~* '%m%'::text)",
                                                                                                "Rows Removed by Filter": 2,
                                                                                                "Workers": []
                                                                                            }
                                                                                        ]
                                                                                    }
                                                                                ]
                                                                            }
                                                                        ]
                                                                    }
                                                                ]
                                                            }
                                                        ]
                                                    }
                                                ]
                                            },
                                            {
                                                "Node Type": "Materialize",
                                                "Parent Relationship": "Inner",
                                                "Parallel Aware": false,
                                                "Async Capable": false,
                                                "Startup Cost": 0.0,
                                                "Total Cost": 2.42,
                                                "Plan Rows": 1,
                                                "Plan Width": 4,
                                                "Actual Startup Time": 0.0,
                                                "Actual Total Time": 0.0,
                                                "Actual Rows": 1,
                                                "Actual Loops": 442109,
                                                "Plans": [
                                                    {
                                                        "Node Type": "Seq Scan",
                                                        "Parent Relationship": "Outer",
                                                        "Parallel Aware": false,
                                                        "Async Capable": false,
                                                        "Relation Name": "info_type",
                                                        "Alias": "it",
                                                        "Startup Cost": 0.0,
                                                        "Total Cost": 2.41,
                                                        "Plan Rows": 1,
                                                        "Plan Width": 4,
                                                        "Actual Startup Time": 0.01,
                                                        "Actual Total Time": 0.012,
                                                        "Actual Rows": 1,
                                                        "Actual Loops": 1,
                                                        "Filter": "(id = 4)",
                                                        "Rows Removed by Filter": 112
                                                    }
                                                ]
                                            }
                                        ]
                                    }
                                ]
                            }
                        ]
                    },
                    "Planning Time": 3.809,
                    "Triggers": [],
                    "Execution Time": 1531.598
                }
            ],
            "hints": [
                "SET enable_hashjoin TO on",
                "SET enable_indexonlyscan TO on",
                "SET enable_indexscan TO off",
                "SET enable_mergejoin TO off",
                "SET enable_nestloop TO off",
                "SET enable_seqscan TO on"
            ]
        },
        {
            "arm": 4,
            "execution_time": 588.331,
            "plan": [
                {
                    "Plan": {
                        "Node Type": "Sort",
                        "Parallel Aware": false,
                        "Async Capable": false,
                        "Startup Cost": 227079.31,
                        "Total Cost": 227255.28,
                        "Plan Rows": 70386,
                        "Plan Width": 40,
                        "Actual Startup Time": 558.508,
                        "Actual Total Time": 587.962,
                        "Actual Rows": 11511,
                        "Actual Loops": 1,
                        "Sort Key": [
                            "(count(*)) DESC"
                        ],
                        "Sort Method": "quicksort",
                        "Sort Space Used": 1196,
                        "Sort Space Type": "Memory",
                        "Plans": [
                            {
                                "Node Type": "Aggregate",
                                "Strategy": "Hashed",
                                "Partial Mode": "Simple",
                                "Parent Relationship": "Outer",
                                "Parallel Aware": false,
                                "Async Capable": false,
                                "Startup Cost": 220708.32,
                                "Total Cost": 221412.18,
                                "Plan Rows": 70386,
                                "Plan Width": 40,
                                "Actual Startup Time": 555.445,
                                "Actual Total Time": 586.345,
                                "Actual Rows": 11511,
                                "Actual Loops": 1,
                                "Group Key": [
                                    "n.gender",
                                    "rt.role",
                                    "cn.name"
                                ],
                                "Planned Partitions": 0,
                                "HashAgg Batches": 1,
                                "Peak Memory Usage": 4625,
                                "Disk Usage": 0,
                                "Plans": [
                                    {
                                        "Node Type": "Nested Loop",
                                        "Parent Relationship": "Outer",
                                        "Parallel Aware": false,
                                        "Async Capable": false,
                                        "Join Type": "Inner",
                                        "Startup Cost": 51999.09,
                                        "Total Cost": 220004.46,
                                        "Plan Rows": 70386,
                                        "Plan Width": 32,
                                        "Actual Startup Time": 59.072,
                                        "Actual Total Time": 533.961,
                                        "Actual Rows": 442109,
                                        "Actual Loops": 1,
                                        "Inner Unique": false,
                                        "Plans": [
                                            {
                                                "Node Type": "Seq Scan",
                                                "Parent Relationship": "Outer",
                                                "Parallel Aware": false,
                                                "Async Capable": false,
                                                "Relation Name": "info_type",
                                                "Alias": "it",
                                                "Startup Cost": 0.0,
                                                "Total Cost": 2.41,
                                                "Plan Rows": 1,
                                                "Plan Width": 4,
                                                "Actual Startup Time": 0.008,
                                                "Actual Total Time": 0.013,
                                                "Actual Rows": 1,
                                                "Actual Loops": 1,
                                                "Filter": "(id = 4)",
                                                "Rows Removed by Filter": 112
                                            },
                                            {
                                                "Node Type": "Gather",
                                                "Parent Relationship": "Inner",
                                                "Parallel Aware": false,
                                                "Async Capable": false,
                                                "Startup Cost": 51999.09,
                                                "Total Cost": 219298.19,
                                                "Plan Rows": 70386,
                                                "Plan Width": 36,
                                                "Actual Startup Time": 59.062,
                                                "Actual Total Time": 513.924,
                                                "Actual Rows": 442109,
                                                "Actual Loops": 1,
                                                "Workers Planned": 3,
                                                "Workers Launched": 3,
                                                "Single Copy": false,
                                                "Plans": [
                                                    {
                                                        "Node Type": "Nested Loop",
                                                        "Parent Relationship": "Outer",
                                                        "Parallel Aware": false,
                                                        "Async Capable": false,
                                                        "Join Type": "Inner",
                                                        "Startup Cost": 50999.09,
                                                        "Total Cost": 211259.59,
                                                        "Plan Rows": 22705,
                                                        "Plan Width": 36,
                                                        "Actual Startup Time": 57.576,
                                                        "Actual Total Time": 525.356,
                                                        "Actual Rows": 110527,
                                                        "Actual Loops": 4,
                                                        "Inner Unique": true,
                                                        "Workers": [],
                                                        "Plans": [
                                                            {
                                                                "Node Type": "Hash Join",
                                                                "Parent Relationship": "Outer",
                                                                "Parallel Aware": false,
                                                                "Async Capable": false,
                                                                "Join Type": "Inner",
                                                                "Startup Cost": 50998.66,
                                                                "Total Cost": 194714.49,
                                                                "Plan Rows": 22705,
                                                                "Plan Width": 38,
                                                                "Actual Startup Time": 57.561,
                                                                "Actual Total Time": 399.989,
                                                                "Actual Rows": 110527,
                                                                "Actual Loops": 4,
                                                                "Inner Unique": true,
                                                                "Hash Cond": "(ci.role_id = rt.id)",
                                                                "Workers": [],
                                                                "Plans": [
                                                                    {
                                                                        "Node Type": "Nested Loop",
                                                                        "Parent Relationship": "Outer",
                                                                        "Parallel Aware": false,
                                                                        "Async Capable": false,
                                                                        "Join Type": "Inner",
                                                                        "Startup Cost": 50997.35,
                                                                        "Total Cost": 194605.64,
                                                                        "Plan Rows": 30274,
                                                                        "Plan Width": 31,
                                                                        "Actual Startup Time": 57.456,
                                                                        "Actual Total Time": 387.03,
                                                                        "Actual Rows": 271841,
                                                                        "Actual Loops": 4,
                                                                        "Inner Unique": false,
                                                                        "Join Filter": "(t.id = ci.movie_id)",
                                                                        "Rows Removed by Join Filter": 0,
                                                                        "Workers": [],
                                                                        "Plans": [
                                                                            {
                                                                                "Node Type": "Hash Join",
                                                                                "Parent Relationship": "Outer",
                                                                                "Parallel Aware": false,
                                                                                "Async Capable": false,
                                                                                "Join Type": "Inner",
                                                                                "Startup Cost": 50996.91,
                                                                                "Total Cost": 160765.2,
                                                                                "Plan Rows": 2112,
                                                                                "Plan Width": 35,
                                                                                "Actual Startup Time": 57.402,
                                                                                "Actual Total Time": 256.01,
                                                                                "Actual Rows": 15358,
                                                                                "Actual Loops": 4,
                                                                                "Inner Unique": true,
                                                                                "Hash Cond": "(t.kind_id = kt.id)",
                                                                                "Workers": [],
                                                                                "Plans": [
                                                                                    {
                                                                                        "Node Type": "Hash Join",
                                                                                        "Parent Relationship": "Outer",
                                                                                        "Parallel Aware": false,
                                                                                        "Async Capable": false,
                                                                                        "Join Type": "Inner",
                                                                                        "Startup Cost": 50995.73,
                                                                                        "Total Cost": 160755.12,
                                                                                        "Plan Rows": 2112,
                                                                                        "Plan Width": 39,
                                                                                        "Actual Startup Time": 57.382,
                                                                                        "Actual Total Time": 254.842,
                                                                                        "Actual Rows": 15359,
                                                                                        "Actual Loops": 4,
                                                                                        "Inner Unique": true,
                                                                                        "Hash Cond": "(mc.company_type_id = ct.id)",
                                                                                        "Workers": [],
                                                                                        "Plans": [
                                                                                            {
                                                                                                "Node Type": "Nested Loop",
                                                                                                "Parent Relationship": "Outer",
                                                                                                "Parallel Aware": false,
                                                                                                "Async Capable": false,
                                                                                                "Join Type": "Inner",
                                                                                                "Startup Cost": 50994.64,
                                                                                                "Total Cost": 160742.61,
                                                                                                "Plan Rows": 2112,
                                                                                                "Plan Width": 43,
                                                                                                "Actual Startup Time": 57.367,
                                                                                                "Actual Total Time": 253.653,
                                                                                                "Actual Rows": 15359,
                                                                                                "Actual Loops": 4,
                                                                                                "Inner Unique": false,
                                                                                                "Join Filter": "(t.id = mi1.movie_id)",
                                                                                                "Rows Removed by Join Filter": 0,
                                                                                                "Workers": [],
                                                                                                "Plans": [
                                                                                                    {
                                                                                                        "Node Type": "Hash Join",
                                                                                                        "Parent Relationship": "Outer",
                                                                                                        "Parallel Aware": true,
                                                                                                        "Async Capable": false,
                                                                                                        "Join Type": "Inner",
                                                                                                        "Startup Cost": 50994.21,
                                                                                                        "Total Cost": 80576.47,
                                                                                                        "Plan Rows": 7669,
                                                                                                        "Plan Width": 35,
                                                                                                        "Actual Startup Time": 57.312,
                                                                                                        "Actual Total Time": 130.366,
                                                                                                        "Actual Rows": 18715,
                                                                                                        "Actual Loops": 4,
                                                                                                        "Inner Unique": true,
                                                                                                        "Hash Cond": "(mc.company_id = cn.id)",
                                                                                                        "Workers": [],
                                                                                                        "Plans": [
                                                                                                            {
                                                                                                                "Node Type": "Hash Join",
                                                                                                                "Parent Relationship": "Outer",
                                                                                                                "Parallel Aware": true,
                                                                                                                "Async Capable": false,
                                                                                                                "Join Type": "Inner",
                                                                                                                "Startup Cost": 45963.5,
                                                                                                                "Total Cost": 75413.39,
                                                                                                                "Plan Rows": 50428,
                                                                                                                "Plan Width": 20,
                                                                                                                "Actual Startup Time": 39.125,
                                                                                                                "Actual Total Time": 114.483,
                                                                                                                "Actual Rows": 80518,
                                                                                                                "Actual Loops": 4,
                                                                                                                "Inner Unique": true,
                                                                                                                "Hash Cond": "(mc.movie_id = t.id)",
                                                                                                                "Workers": [],
                                                                                                                "Plans": [
                                                                                                                    {
                                                                                                                        "Node Type": "Seq Scan",
                                                                                                                        "Parent Relationship": "Outer",
                                                                                                                        "Parallel Aware": true,
                                                                                                                        "Async Capable": false,
                                                                                                                        "Relation Name": "movie_companies",
                                                                                                                        "Alias": "mc",
                                                                                                                        "Startup Cost": 0.0,
                                                                                                                        "Total Cost": 27240.55,
                                                                                                                        "Plan Rows": 841655,
                                                                                                                        "Plan Width": 12,
                                                                                                                        "Actual Startup Time": 0.004,
                                                                                                                        "Actual Total Time": 24.776,
                                                                                                                        "Actual Rows": 652282,
                                                                                                                        "Actual Loops": 4,
                                                                                                                        "Workers": []
                                                                                                                    },
                                                                                                                    {
                                                                                                                        "Node Type": "Hash",
                                                                                                                        "Parent Relationship": "Inner",
                                                                                                                        "Parallel Aware": true,
                                                                                                                        "Async Capable": false,
                                                                                                                        "Startup Cost": 45490.07,
                                                                                                                        "Total Cost": 45490.07,
                                                                                                                        "Plan Rows": 37874,
                                                                                                                        "Plan Width": 8,
                                                                                                                        "Actual Startup Time": 37.803,
                                                                                                                        "Actual Total Time": 37.803,
                                                                                                                        "Actual Rows": 38310,
                                                                                                                        "Actual Loops": 4,
                                                                                                                        "Hash Buckets": 262144,
                                                                                                                        "Original Hash Buckets": 262144,
                                                                                                                        "Hash Batches": 1,
                                                                                                                        "Original Hash Batches": 1,
                                                                                                                        "Peak Memory Usage": 8128,
                                                                                                                        "Workers": [],
                                                                                                                        "Plans": [
                                                                                                                            {
                                                                                                                                "Node Type": "Seq Scan",
                                                                                                                                "Parent Relationship": "Outer",
                                                                                                                                "Parallel Aware": true,
                                                                                                                                "Async Capable": false,
                                                                                                                                "Relation Name": "title",
                                                                                                                                "Alias": "t",
                                                                                                                                "Startup Cost": 0.0,
                                                                                                                                "Total Cost": 45490.07,
                                                                                                                                "Plan Rows": 37874,
                                                                                                                                "Plan Width": 8,
                                                                                                                                "Actual Startup Time": 1.424,
                                                                                                                                "Actual Total Time": 33.354,
                                                                                                                                "Actual Rows": 38310,
                                                                                                                                "Actual Loops": 4,
                                                                                                                                "Filter": "((production_year <= 1945) AND (production_year >= 1875))",
                                                                                                                                "Rows Removed by Filter": 593768,
                                                                                                                                "Workers": []
                                                                                                                            }
                                                                                                                        ]
                                                                                                                    }
                                                                                                                ]
                                                                                                            },
                                                                                                            {
                                                                                                                "Node Type": "Hash",
                                                                                                                "Parent Relationship": "Inner",
                                                                                                                "Parallel Aware": true,
                                                                                                                "Async Capable": false,
                                                                                                                "Startup Cost": 4767.92,
                                                                                                                "Total Cost": 4767.92,
                                                                                                                "Plan Rows": 21023,
                                                                                                                "Plan Width": 23,
                                                                                                                "Actual Startup Time": 9.475,
                                                                                                                "Actual Total Time": 9.476,
                                                                                                                "Actual Rows": 8972,
                                                                                                                "Actual Loops": 4,
                                                                                                                "Hash Buckets": 65536,
                                                                                                                "Original Hash Buckets": 65536,
                                                                                                                "Hash Batches": 1,
                                                                                                                "Original Hash Batches": 1,
                                                                                                                "Peak Memory Usage": 2752,
                                                                                                                "Workers": [],
                                                                                                                "Plans": [
                                                                                                                    {
                                                                                                                        "Node Type": "Seq Scan",
                                                                                                                        "Parent Relationship": "Outer",
                                                                                                                        "Parallel Aware": true,
                                                                                                                        "Async Capable": false,
                                                                                                                        "Relation Name": "company_name",
                                                                                                                        "Alias": "cn",
                                                                                                                        "Startup Cost": 0.0,
                                                                                                                        "Total Cost": 4767.92,
                                                                                                                        "Plan Rows": 21023,
                                                                                                                        "Plan Width": 23,
                                                                                                                        "Actual Startup Time": 0.007,
                                                                                                                        "Actual Total Time": 8.539,
                                                                                                                        "Actual Rows": 8972,
                                                                                                                        "Actual Loops": 4,
                                                                                                                        "Filter": "(name ~~* '%re%'::text)",
                                                                                                                        "Rows Removed by Filter": 49778,
                                                                                                                        "Workers": []
                                                                                                                    }
                                                                                                                ]
                                                                                                            }
                                                                                                        ]
                                                                                                    },
                                                                                                    {
                                                                                                        "Node Type": "Index Scan",
                                                                                                        "Parent Relationship": "Inner",
                                                                                                        "Parallel Aware": false,
                                                                                                        "Async Capable": false,
                                                                                                        "Scan Direction": "Forward",
                                                                                                        "Index Name": "movie_id_movie_info",
                                                                                                        "Relation Name": "movie_info",
                                                                                                        "Alias": "mi1",
                                                                                                        "Startup Cost": 0.43,
                                                                                                        "Total Cost": 10.43,
                                                                                                        "Plan Rows": 2,
                                                                                                        "Plan Width": 8,
                                                                                                        "Actual Startup Time": 0.002,
                                                                                                        "Actual Total Time": 0.006,
                                                                                                        "Actual Rows": 1,
                                                                                                        "Actual Loops": 74859,
                                                                                                        "Index Cond": "(movie_id = mc.movie_id)",
                                                                                                        "Rows Removed by Index Recheck": 0,
                                                                                                        "Filter": "((info ~~* '%e%'::text) AND (info_type_id = 4))",
                                                                                                        "Rows Removed by Filter": 16,
                                                                                                        "Workers": []
                                                                                                    }
                                                                                                ]
                                                                                            },
                                                                                            {
                                                                                                "Node Type": "Hash",
                                                                                                "Parent Relationship": "Inner",
                                                                                                "Parallel Aware": false,
                                                                                                "Async Capable": false,
                                                                                                "Startup Cost": 1.04,
                                                                                                "Total Cost": 1.04,
                                                                                                "Plan Rows": 4,
                                                                                                "Plan Width": 4,
                                                                                                "Actual Startup Time": 0.008,
                                                                                                "Actual Total Time": 0.008,
                                                                                                "Actual Rows": 4,
                                                                                                "Actual Loops": 4,
                                                                                                "Hash Buckets": 1024,
                                                                                                "Original Hash Buckets": 1024,
                                                                                                "Hash Batches": 1,
                                                                                                "Original Hash Batches": 1,
                                                                                                "Peak Memory Usage": 9,
                                                                                                "Workers": [],
                                                                                                "Plans": [
                                                                                                    {
                                                                                                        "Node Type": "Seq Scan",
                                                                                                        "Parent Relationship": "Outer",
                                                                                                        "Parallel Aware": false,
                                                                                                        "Async Capable": false,
                                                                                                        "Relation Name": "company_type",
                                                                                                        "Alias": "ct",
                                                                                                        "Startup Cost": 0.0,
                                                                                                        "Total Cost": 1.04,
                                                                                                        "Plan Rows": 4,
                                                                                                        "Plan Width": 4,
                                                                                                        "Actual Startup Time": 0.007,
                                                                                                        "Actual Total Time": 0.007,
                                                                                                        "Actual Rows": 4,
                                                                                                        "Actual Loops": 4,
                                                                                                        "Workers": []
                                                                                                    }
                                                                                                ]
                                                                                            }
                                                                                        ]
                                                                                    },
                                                                                    {
                                                                                        "Node Type": "Hash",
                                                                                        "Parent Relationship": "Inner",
                                                                                        "Parallel Aware": false,
                                                                                        "Async Capable": false,
                                                                                        "Startup Cost": 1.09,
                                                                                        "Total Cost": 1.09,
                                                                                        "Plan Rows": 7,
                                                                                        "Plan Width": 4,
                                                                                        "Actual Startup Time": 0.015,
                                                                                        "Actual Total Time": 0.015,
                                                                                        "Actual Rows": 5,
                                                                                        "Actual Loops": 4,
                                                                                        "Hash Buckets": 1024,
                                                                                        "Original Hash Buckets": 1024,
                                                                                        "Hash Batches": 1,
                                                                                        "Original Hash Batches": 1,
                                                                                        "Peak Memory Usage": 9,
                                                                                        "Workers": [],
                                                                                        "Plans": [
                                                                                            {
                                                                                                "Node Type": "Seq Scan",
                                                                                                "Parent Relationship": "Outer",
                                                                                                "Parallel Aware": false,
                                                                                                "Async Capable": false,
                                                                                                "Relation Name": "kind_type",
                                                                                                "Alias": "kt",
                                                                                                "Startup Cost": 0.0,
                                                                                                "Total Cost": 1.09,
                                                                                                "Plan Rows": 7,
                                                                                                "Plan Width": 4,
                                                                                                "Actual Startup Time": 0.013,
                                                                                                "Actual Total Time": 0.014,
                                                                                                "Actual Rows": 5,
                                                                                                "Actual Loops": 4,
                                                                                                "Filter": "((kind)::text ~~* '%m%'::text)",
                                                                                                "Rows Removed by Filter": 2,
                                                                                                "Workers": []
                                                                                            }
                                                                                        ]
                                                                                    }
                                                                                ]
                                                                            },
                                                                            {
                                                                                "Node Type": "Index Scan",
                                                                                "Parent Relationship": "Inner",
                                                                                "Parallel Aware": false,
                                                                                "Async Capable": false,
                                                                                "Scan Direction": "Forward",
                                                                                "Index Name": "movie_id_cast_info",
                                                                                "Relation Name": "cast_info",
                                                                                "Alias": "ci",
                                                                                "Startup Cost": 0.44,
                                                                                "Total Cost": 15.55,
                                                                                "Plan Rows": 38,
                                                                                "Plan Width": 12,
                                                                                "Actual Startup Time": 0.001,
                                                                                "Actual Total Time": 0.007,
                                                                                "Actual Rows": 18,
                                                                                "Actual Loops": 61434,
                                                                                "Index Cond": "(movie_id = mc.movie_id)",
                                                                                "Rows Removed by Index Recheck": 0,
                                                                                "Workers": []
                                                                            }
                                                                        ]
                                                                    },
                                                                    {
                                                                        "Node Type": "Hash",
                                                                        "Parent Relationship": "Inner",
                                                                        "Parallel Aware": false,
                                                                        "Async Capable": false,
                                                                        "Startup Cost": 1.2,
                                                                        "Total Cost": 1.2,
                                                                        "Plan Rows": 9,
                                                                        "Plan Width": 15,
                                                                        "Actual Startup Time": 0.014,
                                                                        "Actual Total Time": 0.014,
                                                                        "Actual Rows": 9,
                                                                        "Actual Loops": 4,
                                                                        "Hash Buckets": 1024,
                                                                        "Original Hash Buckets": 1024,
                                                                        "Hash Batches": 1,
                                                                        "Original Hash Batches": 1,
                                                                        "Peak Memory Usage": 9,
                                                                        "Workers": [],
                                                                        "Plans": [
                                                                            {
                                                                                "Node Type": "Seq Scan",
                                                                                "Parent Relationship": "Outer",
                                                                                "Parallel Aware": false,
                                                                                "Async Capable": false,
                                                                                "Relation Name": "role_type",
                                                                                "Alias": "rt",
                                                                                "Startup Cost": 0.02,
                                                                                "Total Cost": 1.2,
                                                                                "Plan Rows": 9,
                                                                                "Plan Width": 15,
                                                                                "Actual Startup Time": 0.01,
                                                                                "Actual Total Time": 0.011,
                                                                                "Actual Rows": 9,
                                                                                "Actual Loops": 4,
                                                                                "Filter": "((role)::text = ANY ('{actress,cinematographer,composer,director,guest,\"miscellaneous crew\",producer,\"production designer\",writer}'::text[]))",
                                                                                "Rows Removed by Filter": 3,
                                                                                "Workers": []
                                                                            }
                                                                        ]
                                                                    }
                                                                ]
                                                            },
                                                            {
                                                                "Node Type": "Index Scan",
                                                                "Parent Relationship": "Inner",
                                                                "Parallel Aware": false,
                                                                "Async Capable": false,
                                                                "Scan Direction": "Forward",
                                                                "Index Name": "name_pkey",
                                                                "Relation Name": "name",
                                                                "Alias": "n",
                                                                "Startup Cost": 0.43,
                                                                "Total Cost": 0.73,
                                                                "Plan Rows": 1,
                                                                "Plan Width": 6,
                                                                "Actual Startup Time": 0.001,
                                                                "Actual Total Time": 0.001,
                                                                "Actual Rows": 1,
                                                                "Actual Loops": 442109,
                                                                "Index Cond": "(id = ci.person_id)",
                                                                "Rows Removed by Index Recheck": 0,
                                                                "Workers": []
                                                            }
                                                        ]
                                                    }
                                                ]
                                            }
                                        ]
                                    }
                                ]
                            }
                        ]
                    },
                    "Planning Time": 3.761,
                    "Triggers": [],
                    "Execution Time": 588.331
                }
            ],
            "hints": [
                "SET enable_hashjoin TO on",
                "SET enable_indexonlyscan TO on",
                "SET enable_indexscan TO on",
                "SET enable_mergejoin TO off",
                "SET enable_nestloop TO on",
                "SET enable_seqscan TO on"
            ]
        }
    ]
}