{
    "sql_file": "11b1.sql",
    "query": "SELECT n.gender, rt.role, cn.name, COUNT(*)\nFROM title as t,\nmovie_companies as mc,\ncompany_name as cn,\ncompany_type as ct,\nkind_type as kt,\ncast_info as ci,\nname as n,\nrole_type as rt,\nmovie_info as mi1,\ninfo_type as it1,\nperson_info AS pi1,\ninfo_type as it2\nWHERE t.id = mc.movie_id\nAND t.id = ci.movie_id\nAND t.id = mi1.movie_id\nAND mi1.movie_id = ci.movie_id\nAND ci.movie_id = mc.movie_id\nAND cn.id = mc.company_id\nAND ct.id = mc.company_type_id\nAND kt.id = t.kind_id\nAND ci.person_id = n.id\nAND ci.role_id = rt.id\nAND mi1.info_type_id = it1.id\nAND n.id = pi1.person_id\nAND pi1.info_type_id = it2.id\nAND ci.person_id = pi1.person_id\nAND (kt.kind IN ('episode','movie','tv mini series','tv movie','tv series','video game','video movie'))\nAND (rt.role IN ('actor','actress','cinematographer','costume designer','director','editor','miscellaneous crew','producer','writer'))\nAND (t.production_year <= 1945)\nAND (t.production_year >= 1875)\nAND (it1.id IN ('5'))\nAND (mi1.info ILIKE '%r%')\nAND (pi1.info ILIKE '%1914%')\nAND (it2.id IN ('21'))\nGROUP BY n.gender, rt.role, cn.name\nORDER BY COUNT(*) DESC",
    "results": [
        {
            "arm": 0,
            "execution_time": 375.092,
            "plan": [
                {
                    "Plan": {
                        "Node Type": "Sort",
                        "Parallel Aware": false,
                        "Async Capable": false,
                        "Startup Cost": 64876.44,
                        "Total Cost": 64876.44,
                        "Plan Rows": 2,
                        "Plan Width": 40,
                        "Actual Startup Time": 374.817,
                        "Actual Total Time": 374.976,
                        "Actual Rows": 3400,
                        "Actual Loops": 1,
                        "Sort Key": [
                            "(count(*)) DESC"
                        ],
                        "Sort Method": "quicksort",
                        "Sort Space Used": 320,
                        "Sort Space Type": "Memory",
                        "Plans": [
                            {
                                "Node Type": "Aggregate",
                                "Strategy": "Sorted",
                                "Partial Mode": "Simple",
                                "Parent Relationship": "Outer",
                                "Parallel Aware": false,
                                "Async Capable": false,
                                "Startup Cost": 64876.38,
                                "Total Cost": 64876.43,
                                "Plan Rows": 2,
                                "Plan Width": 40,
                                "Actual Startup Time": 368.975,
                                "Actual Total Time": 374.626,
                                "Actual Rows": 3400,
                                "Actual Loops": 1,
                                "Group Key": [
                                    "n.gender",
                                    "rt.role",
                                    "cn.name"
                                ],
                                "Plans": [
                                    {
                                        "Node Type": "Sort",
                                        "Parent Relationship": "Outer",
                                        "Parallel Aware": false,
                                        "Async Capable": false,
                                        "Startup Cost": 64876.38,
                                        "Total Cost": 64876.39,
                                        "Plan Rows": 2,
                                        "Plan Width": 32,
                                        "Actual Startup Time": 368.954,
                                        "Actual Total Time": 370.746,
                                        "Actual Rows": 55939,
                                        "Actual Loops": 1,
                                        "Sort Key": [
                                            "n.gender COLLATE \"C\"",
                                            "rt.role COLLATE \"C\"",
                                            "cn.name COLLATE \"C\""
                                        ],
                                        "Sort Method": "quicksort",
                                        "Sort Space Used": 4736,
                                        "Sort Space Type": "Memory",
                                        "Plans": [
                                            {
                                                "Node Type": "Gather",
                                                "Parent Relationship": "Outer",
                                                "Parallel Aware": false,
                                                "Async Capable": false,
                                                "Startup Cost": 1004.22,
                                                "Total Cost": 64876.37,
                                                "Plan Rows": 2,
                                                "Plan Width": 32,
                                                "Actual Startup Time": 5.322,
                                                "Actual Total Time": 349.066,
                                                "Actual Rows": 55939,
                                                "Actual Loops": 1,
                                                "Workers Planned": 4,
                                                "Workers Launched": 4,
                                                "Single Copy": false,
                                                "Plans": [
                                                    {
                                                        "Node Type": "Nested Loop",
                                                        "Parent Relationship": "Outer",
                                                        "Parallel Aware": false,
                                                        "Async Capable": false,
                                                        "Join Type": "Inner",
                                                        "Startup Cost": 4.22,
                                                        "Total Cost": 63876.17,
                                                        "Plan Rows": 1,
                                                        "Plan Width": 32,
                                                        "Actual Startup Time": 4.194,
                                                        "Actual Total Time": 345.772,
                                                        "Actual Rows": 11188,
                                                        "Actual Loops": 5,
                                                        "Inner Unique": false,
                                                        "Workers": [],
                                                        "Plans": [
                                                            {
                                                                "Node Type": "Nested Loop",
                                                                "Parent Relationship": "Outer",
                                                                "Parallel Aware": false,
                                                                "Async Capable": false,
                                                                "Join Type": "Inner",
                                                                "Startup Cost": 4.22,
                                                                "Total Cost": 63873.75,
                                                                "Plan Rows": 1,
                                                                "Plan Width": 36,
                                                                "Actual Startup Time": 4.192,
                                                                "Actual Total Time": 318.263,
                                                                "Actual Rows": 11188,
                                                                "Actual Loops": 5,
                                                                "Inner Unique": false,
                                                                "Workers": [],
                                                                "Plans": [
                                                                    {
                                                                        "Node Type": "Nested Loop",
                                                                        "Parent Relationship": "Outer",
                                                                        "Parallel Aware": false,
                                                                        "Async Capable": false,
                                                                        "Join Type": "Inner",
                                                                        "Startup Cost": 4.22,
                                                                        "Total Cost": 63871.33,
                                                                        "Plan Rows": 1,
                                                                        "Plan Width": 40,
                                                                        "Actual Startup Time": 4.188,
                                                                        "Actual Total Time": 290.525,
                                                                        "Actual Rows": 11188,
                                                                        "Actual Loops": 5,
                                                                        "Inner Unique": true,
                                                                        "Workers": [],
                                                                        "Plans": [
                                                                            {
                                                                                "Node Type": "Nested Loop",
                                                                                "Parent Relationship": "Outer",
                                                                                "Parallel Aware": false,
                                                                                "Async Capable": false,
                                                                                "Join Type": "Inner",
                                                                                "Startup Cost": 4.08,
                                                                                "Total Cost": 63871.16,
                                                                                "Plan Rows": 1,
                                                                                "Plan Width": 44,
                                                                                "Actual Startup Time": 4.18,
                                                                                "Actual Total Time": 286.191,
                                                                                "Actual Rows": 11188,
                                                                                "Actual Loops": 5,
                                                                                "Inner Unique": true,
                                                                                "Workers": [],
                                                                                "Plans": [
                                                                                    {
                                                                                        "Node Type": "Nested Loop",
                                                                                        "Parent Relationship": "Outer",
                                                                                        "Parallel Aware": false,
                                                                                        "Async Capable": false,
                                                                                        "Join Type": "Inner",
                                                                                        "Startup Cost": 3.95,
                                                                                        "Total Cost": 63871.01,
                                                                                        "Plan Rows": 1,
                                                                                        "Plan Width": 48,
                                                                                        "Actual Startup Time": 4.17,
                                                                                        "Actual Total Time": 282.073,
                                                                                        "Actual Rows": 11188,
                                                                                        "Actual Loops": 5,
                                                                                        "Inner Unique": true,
                                                                                        "Workers": [],
                                                                                        "Plans": [
                                                                                            {
                                                                                                "Node Type": "Nested Loop",
                                                                                                "Parent Relationship": "Outer",
                                                                                                "Parallel Aware": false,
                                                                                                "Async Capable": false,
                                                                                                "Join Type": "Inner",
                                                                                                "Startup Cost": 3.53,
                                                                                                "Total Cost": 63869.8,
                                                                                                "Plan Rows": 1,
                                                                                                "Plan Width": 33,
                                                                                                "Actual Startup Time": 4.156,
                                                                                                "Actual Total Time": 272.813,
                                                                                                "Actual Rows": 11188,
                                                                                                "Actual Loops": 5,
                                                                                                "Inner Unique": false,
                                                                                                "Join Filter": "(t.id = mc.movie_id)",
                                                                                                "Rows Removed by Join Filter": 0,
                                                                                                "Workers": [],
                                                                                                "Plans": [
                                                                                                    {
                                                                                                        "Node Type": "Nested Loop",
                                                                                                        "Parent Relationship": "Outer",
                                                                                                        "Parallel Aware": false,
                                                                                                        "Async Capable": false,
                                                                                                        "Join Type": "Inner",
                                                                                                        "Startup Cost": 3.1,
                                                                                                        "Total Cost": 63867.05,
                                                                                                        "Plan Rows": 1,
                                                                                                        "Plan Width": 37,
                                                                                                        "Actual Startup Time": 4.138,
                                                                                                        "Actual Total Time": 267.332,
                                                                                                        "Actual Rows": 1049,
                                                                                                        "Actual Loops": 5,
                                                                                                        "Inner Unique": false,
                                                                                                        "Join Filter": "(t.id = mi1.movie_id)",
                                                                                                        "Rows Removed by Join Filter": 0,
                                                                                                        "Workers": [],
                                                                                                        "Plans": [
                                                                                                            {
                                                                                                                "Node Type": "Nested Loop",
                                                                                                                "Parent Relationship": "Outer",
                                                                                                                "Parallel Aware": false,
                                                                                                                "Async Capable": false,
                                                                                                                "Join Type": "Inner",
                                                                                                                "Startup Cost": 2.67,
                                                                                                                "Total Cost": 63796.73,
                                                                                                                "Plan Rows": 3,
                                                                                                                "Plan Width": 29,
                                                                                                                "Actual Startup Time": 1.657,
                                                                                                                "Actual Total Time": 234.065,
                                                                                                                "Actual Rows": 1546,
                                                                                                                "Actual Loops": 5,
                                                                                                                "Inner Unique": true,
                                                                                                                "Workers": [],
                                                                                                                "Plans": [
                                                                                                                    {
                                                                                                                        "Node Type": "Hash Join",
                                                                                                                        "Parent Relationship": "Outer",
                                                                                                                        "Parallel Aware": false,
                                                                                                                        "Async Capable": false,
                                                                                                                        "Join Type": "Inner",
                                                                                                                        "Startup Cost": 2.24,
                                                                                                                        "Total Cost": 63725.32,
                                                                                                                        "Plan Rows": 54,
                                                                                                                        "Plan Width": 21,
                                                                                                                        "Actual Startup Time": 0.546,
                                                                                                                        "Actual Total Time": 187.456,
                                                                                                                        "Actual Rows": 17228,
                                                                                                                        "Actual Loops": 5,
                                                                                                                        "Inner Unique": true,
                                                                                                                        "Hash Cond": "(ci.role_id = rt.id)",
                                                                                                                        "Workers": [],
                                                                                                                        "Plans": [
                                                                                                                            {
                                                                                                                                "Node Type": "Nested Loop",
                                                                                                                                "Parent Relationship": "Outer",
                                                                                                                                "Parallel Aware": false,
                                                                                                                                "Async Capable": false,
                                                                                                                                "Join Type": "Inner",
                                                                                                                                "Startup Cost": 0.87,
                                                                                                                                "Total Cost": 63723.69,
                                                                                                                                "Plan Rows": 72,
                                                                                                                                "Plan Width": 14,
                                                                                                                                "Actual Startup Time": 0.494,
                                                                                                                                "Actual Total Time": 186.081,
                                                                                                                                "Actual Rows": 17836,
                                                                                                                                "Actual Loops": 5,
                                                                                                                                "Inner Unique": false,
                                                                                                                                "Workers": [],
                                                                                                                                "Plans": [
                                                                                                                                    {
                                                                                                                                        "Node Type": "Nested Loop",
                                                                                                                                        "Parent Relationship": "Outer",
                                                                                                                                        "Parallel Aware": false,
                                                                                                                                        "Async Capable": false,
                                                                                                                                        "Join Type": "Inner",
                                                                                                                                        "Startup Cost": 0.43,
                                                                                                                                        "Total Cost": 62251.54,
                                                                                                                                        "Plan Rows": 8,
                                                                                                                                        "Plan Width": 14,
                                                                                                                                        "Actual Startup Time": 0.475,
                                                                                                                                        "Actual Total Time": 180.908,
                                                                                                                                        "Actual Rows": 420,
                                                                                                                                        "Actual Loops": 5,
                                                                                                                                        "Inner Unique": true,
                                                                                                                                        "Workers": [],
                                                                                                                                        "Plans": [
                                                                                                                                            {
                                                                                                                                                "Node Type": "Seq Scan",
                                                                                                                                                "Parent Relationship": "Outer",
                                                                                                                                                "Parallel Aware": true,
                                                                                                                                                "Async Capable": false,
                                                                                                                                                "Relation Name": "person_info",
                                                                                                                                                "Alias": "pi1",
                                                                                                                                                "Startup Cost": 0.0,
                                                                                                                                                "Total Cost": 62183.96,
                                                                                                                                                "Plan Rows": 8,
                                                                                                                                                "Plan Width": 8,
                                                                                                                                                "Actual Startup Time": 0.454,
                                                                                                                                                "Actual Total Time": 178.691,
                                                                                                                                                "Actual Rows": 420,
                                                                                                                                                "Actual Loops": 5,
                                                                                                                                                "Filter": "((info ~~* '%1914%'::text) AND (info_type_id = 21))",
                                                                                                                                                "Rows Removed by Filter": 592313,
                                                                                                                                                "Workers": []
                                                                                                                                            },
                                                                                                                                            {
                                                                                                                                                "Node Type": "Index Scan",
                                                                                                                                                "Parent Relationship": "Inner",
                                                                                                                                                "Parallel Aware": false,
                                                                                                                                                "Async Capable": false,
                                                                                                                                                "Scan Direction": "Forward",
                                                                                                                                                "Index Name": "name_pkey",
                                                                                                                                                "Relation Name": "name",
                                                                                                                                                "Alias": "n",
                                                                                                                                                "Startup Cost": 0.43,
                                                                                                                                                "Total Cost": 8.45,
                                                                                                                                                "Plan Rows": 1,
                                                                                                                                                "Plan Width": 6,
                                                                                                                                                "Actual Startup Time": 0.005,
                                                                                                                                                "Actual Total Time": 0.005,
                                                                                                                                                "Actual Rows": 1,
                                                                                                                                                "Actual Loops": 2099,
                                                                                                                                                "Index Cond": "(id = pi1.person_id)",
                                                                                                                                                "Rows Removed by Index Recheck": 0,
                                                                                                                                                "Workers": []
                                                                                                                                            }
                                                                                                                                        ]
                                                                                                                                    },
                                                                                                                                    {
                                                                                                                                        "Node Type": "Index Scan",
                                                                                                                                        "Parent Relationship": "Inner",
                                                                                                                                        "Parallel Aware": false,
                                                                                                                                        "Async Capable": false,
                                                                                                                                        "Scan Direction": "Forward",
                                                                                                                                        "Index Name": "person_id_cast_info",
                                                                                                                                        "Relation Name": "cast_info",
                                                                                                                                        "Alias": "ci",
                                                                                                                                        "Startup Cost": 0.44,
                                                                                                                                        "Total Cost": 179.08,
                                                                                                                                        "Plan Rows": 494,
                                                                                                                                        "Plan Width": 12,
                                                                                                                                        "Actual Startup Time": 0.005,
                                                                                                                                        "Actual Total Time": 0.01,
                                                                                                                                        "Actual Rows": 42,
                                                                                                                                        "Actual Loops": 2099,
                                                                                                                                        "Index Cond": "(person_id = n.id)",
                                                                                                                                        "Rows Removed by Index Recheck": 0,
                                                                                                                                        "Workers": []
                                                                                                                                    }
                                                                                                                                ]
                                                                                                                            },
                                                                                                                            {
                                                                                                                                "Node Type": "Hash",
                                                                                                                                "Parent Relationship": "Inner",
                                                                                                                                "Parallel Aware": false,
                                                                                                                                "Async Capable": false,
                                                                                                                                "Startup Cost": 1.25,
                                                                                                                                "Total Cost": 1.25,
                                                                                                                                "Plan Rows": 9,
                                                                                                                                "Plan Width": 15,
                                                                                                                                "Actual Startup Time": 0.01,
                                                                                                                                "Actual Total Time": 0.011,
                                                                                                                                "Actual Rows": 9,
                                                                                                                                "Actual Loops": 5,
                                                                                                                                "Hash Buckets": 1024,
                                                                                                                                "Original Hash Buckets": 1024,
                                                                                                                                "Hash Batches": 1,
                                                                                                                                "Original Hash Batches": 1,
                                                                                                                                "Peak Memory Usage": 9,
                                                                                                                                "Workers": [],
                                                                                                                                "Plans": [
                                                                                                                                    {
                                                                                                                                        "Node Type": "Seq Scan",
                                                                                                                                        "Parent Relationship": "Outer",
                                                                                                                                        "Parallel Aware": false,
                                                                                                                                        "Async Capable": false,
                                                                                                                                        "Relation Name": "role_type",
                                                                                                                                        "Alias": "rt",
                                                                                                                                        "Startup Cost": 0.0,
                                                                                                                                        "Total Cost": 1.25,
                                                                                                                                        "Plan Rows": 9,
                                                                                                                                        "Plan Width": 15,
                                                                                                                                        "Actual Startup Time": 0.006,
                                                                                                                                        "Actual Total Time": 0.008,
                                                                                                                                        "Actual Rows": 9,
                                                                                                                                        "Actual Loops": 5,
                                                                                                                                        "Filter": "((role)::text = ANY ('{actor,actress,cinematographer,\"costume designer\",director,editor,\"miscellaneous crew\",producer,writer}'::text[]))",
                                                                                                                                        "Rows Removed by Filter": 3,
                                                                                                                                        "Workers": []
                                                                                                                                    }
                                                                                                                                ]
                                                                                                                            }
                                                                                                                        ]
                                                                                                                    },
                                                                                                                    {
                                                                                                                        "Node Type": "Index Scan",
                                                                                                                        "Parent Relationship": "Inner",
                                                                                                                        "Parallel Aware": false,
                                                                                                                        "Async Capable": false,
                                                                                                                        "Scan Direction": "Forward",
                                                                                                                        "Index Name": "title_pkey",
                                                                                                                        "Relation Name": "title",
                                                                                                                        "Alias": "t",
                                                                                                                        "Startup Cost": 0.43,
                                                                                                                        "Total Cost": 1.32,
                                                                                                                        "Plan Rows": 1,
                                                                                                                        "Plan Width": 8,
                                                                                                                        "Actual Startup Time": 0.003,
                                                                                                                        "Actual Total Time": 0.003,
                                                                                                                        "Actual Rows": 0,
                                                                                                                        "Actual Loops": 86142,
                                                                                                                        "Index Cond": "(id = ci.movie_id)",
                                                                                                                        "Rows Removed by Index Recheck": 0,
                                                                                                                        "Filter": "((production_year <= 1945) AND (production_year >= 1875))",
                                                                                                                        "Rows Removed by Filter": 1,
                                                                                                                        "Workers": []
                                                                                                                    }
                                                                                                                ]
                                                                                                            },
                                                                                                            {
                                                                                                                "Node Type": "Index Scan",
                                                                                                                "Parent Relationship": "Inner",
                                                                                                                "Parallel Aware": false,
                                                                                                                "Async Capable": false,
                                                                                                                "Scan Direction": "Forward",
                                                                                                                "Index Name": "movie_id_movie_info",
                                                                                                                "Relation Name": "movie_info",
                                                                                                                "Alias": "mi1",
                                                                                                                "Startup Cost": 0.43,
                                                                                                                "Total Cost": 23.43,
                                                                                                                "Plan Rows": 1,
                                                                                                                "Plan Width": 8,
                                                                                                                "Actual Startup Time": 0.02,
                                                                                                                "Actual Total Time": 0.021,
                                                                                                                "Actual Rows": 1,
                                                                                                                "Actual Loops": 7728,
                                                                                                                "Index Cond": "(movie_id = ci.movie_id)",
                                                                                                                "Rows Removed by Index Recheck": 0,
                                                                                                                "Filter": "((info ~~* '%r%'::text) AND (info_type_id = 5))",
                                                                                                                "Rows Removed by Filter": 23,
                                                                                                                "Workers": []
                                                                                                            }
                                                                                                        ]
                                                                                                    },
                                                                                                    {
                                                                                                        "Node Type": "Index Scan",
                                                                                                        "Parent Relationship": "Inner",
                                                                                                        "Parallel Aware": false,
                                                                                                        "Async Capable": false,
                                                                                                        "Scan Direction": "Forward",
                                                                                                        "Index Name": "movie_id_movie_companies",
                                                                                                        "Relation Name": "movie_companies",
                                                                                                        "Alias": "mc",
                                                                                                        "Startup Cost": 0.43,
                                                                                                        "Total Cost": 2.69,
                                                                                                        "Plan Rows": 5,
                                                                                                        "Plan Width": 12,
                                                                                                        "Actual Startup Time": 0.003,
                                                                                                        "Actual Total Time": 0.004,
                                                                                                        "Actual Rows": 11,
                                                                                                        "Actual Loops": 5244,
                                                                                                        "Index Cond": "(movie_id = ci.movie_id)",
                                                                                                        "Rows Removed by Index Recheck": 0,
                                                                                                        "Workers": []
                                                                                                    }
                                                                                                ]
                                                                                            },
                                                                                            {
                                                                                                "Node Type": "Index Scan",
                                                                                                "Parent Relationship": "Inner",
                                                                                                "Parallel Aware": false,
                                                                                                "Async Capable": false,
                                                                                                "Scan Direction": "Forward",
                                                                                                "Index Name": "company_name_pkey",
                                                                                                "Relation Name": "company_name",
                                                                                                "Alias": "cn",
                                                                                                "Startup Cost": 0.42,
                                                                                                "Total Cost": 1.21,
                                                                                                "Plan Rows": 1,
                                                                                                "Plan Width": 23,
                                                                                                "Actual Startup Time": 0.001,
                                                                                                "Actual Total Time": 0.001,
                                                                                                "Actual Rows": 1,
                                                                                                "Actual Loops": 55939,
                                                                                                "Index Cond": "(id = mc.company_id)",
                                                                                                "Rows Removed by Index Recheck": 0,
                                                                                                "Workers": []
                                                                                            }
                                                                                        ]
                                                                                    },
                                                                                    {
                                                                                        "Node Type": "Index Only Scan",
                                                                                        "Parent Relationship": "Inner",
                                                                                        "Parallel Aware": false,
                                                                                        "Async Capable": false,
                                                                                        "Scan Direction": "Forward",
                                                                                        "Index Name": "company_type_pkey",
                                                                                        "Relation Name": "company_type",
                                                                                        "Alias": "ct",
                                                                                        "Startup Cost": 0.13,
                                                                                        "Total Cost": 0.15,
                                                                                        "Plan Rows": 1,
                                                                                        "Plan Width": 4,
                                                                                        "Actual Startup Time": 0.0,
                                                                                        "Actual Total Time": 0.0,
                                                                                        "Actual Rows": 1,
                                                                                        "Actual Loops": 55939,
                                                                                        "Index Cond": "(id = mc.company_type_id)",
                                                                                        "Rows Removed by Index Recheck": 0,
                                                                                        "Heap Fetches": 55939,
                                                                                        "Workers": []
                                                                                    }
                                                                                ]
                                                                            },
                                                                            {
                                                                                "Node Type": "Index Scan",
                                                                                "Parent Relationship": "Inner",
                                                                                "Parallel Aware": false,
                                                                                "Async Capable": false,
                                                                                "Scan Direction": "Forward",
                                                                                "Index Name": "kind_type_pkey",
                                                                                "Relation Name": "kind_type",
                                                                                "Alias": "kt",
                                                                                "Startup Cost": 0.13,
                                                                                "Total Cost": 0.16,
                                                                                "Plan Rows": 1,
                                                                                "Plan Width": 4,
                                                                                "Actual Startup Time": 0.0,
                                                                                "Actual Total Time": 0.0,
                                                                                "Actual Rows": 1,
                                                                                "Actual Loops": 55939,
                                                                                "Index Cond": "(id = t.kind_id)",
                                                                                "Rows Removed by Index Recheck": 0,
                                                                                "Filter": "((kind)::text = ANY ('{episode,movie,\"tv mini series\",\"tv movie\",\"tv series\",\"video game\",\"video movie\"}'::text[]))",
                                                                                "Rows Removed by Filter": 0,
                                                                                "Workers": []
                                                                            }
                                                                        ]
                                                                    },
                                                                    {
                                                                        "Node Type": "Seq Scan",
                                                                        "Parent Relationship": "Inner",
                                                                        "Parallel Aware": false,
                                                                        "Async Capable": false,
                                                                        "Relation Name": "info_type",
                                                                        "Alias": "it1",
                                                                        "Startup Cost": 0.0,
                                                                        "Total Cost": 2.41,
                                                                        "Plan Rows": 1,
                                                                        "Plan Width": 4,
                                                                        "Actual Startup Time": 0.001,
                                                                        "Actual Total Time": 0.002,
                                                                        "Actual Rows": 1,
                                                                        "Actual Loops": 55939,
                                                                        "Filter": "(id = 5)",
                                                                        "Rows Removed by Filter": 112,
                                                                        "Workers": []
                                                                    }
                                                                ]
                                                            },
                                                            {
                                                                "Node Type": "Seq Scan",
                                                                "Parent Relationship": "Inner",
                                                                "Parallel Aware": false,
                                                                "Async Capable": false,
                                                                "Relation Name": "info_type",
                                                                "Alias": "it2",
                                                                "Startup Cost": 0.0,
                                                                "Total Cost": 2.41,
                                                                "Plan Rows": 1,
                                                                "Plan Width": 4,
                                                                "Actual Startup Time": 0.001,
                                                                "Actual Total Time": 0.002,
                                                                "Actual Rows": 1,
                                                                "Actual Loops": 55939,
                                                                "Filter": "(id = 21)",
                                                                "Rows Removed by Filter": 112,
                                                                "Workers": []
                                                            }
                                                        ]
                                                    }
                                                ]
                                            }
                                        ]
                                    }
                                ]
                            }
                        ]
                    },
                    "Planning Time": 16.174,
                    "Triggers": [],
                    "Execution Time": 375.092
                }
            ],
            "hints": [
                "SET enable_hashjoin TO on",
                "SET enable_indexonlyscan TO on",
                "SET enable_indexscan TO on",
                "SET enable_mergejoin TO on",
                "SET enable_nestloop TO on",
                "SET enable_seqscan TO on"
            ]
        },
        {
            "arm": 1,
            "execution_time": 3326.662,
            "plan": [
                {
                    "Plan": {
                        "Node Type": "Sort",
                        "Parallel Aware": false,
                        "Async Capable": false,
                        "Startup Cost": 20000754294.07,
                        "Total Cost": 20000754294.08,
                        "Plan Rows": 2,
                        "Plan Width": 40,
                        "Actual Startup Time": 3296.589,
                        "Actual Total Time": 3326.532,
                        "Actual Rows": 3400,
                        "Actual Loops": 1,
                        "Sort Key": [
                            "(count(*)) DESC"
                        ],
                        "Sort Method": "quicksort",
                        "Sort Space Used": 320,
                        "Sort Space Type": "Memory",
                        "Plans": [
                            {
                                "Node Type": "Aggregate",
                                "Strategy": "Sorted",
                                "Partial Mode": "Simple",
                                "Parent Relationship": "Outer",
                                "Parallel Aware": false,
                                "Async Capable": false,
                                "Startup Cost": 20000754288.91,
                                "Total Cost": 20000754294.06,
                                "Plan Rows": 2,
                                "Plan Width": 40,
                                "Actual Startup Time": 3275.9,
                                "Actual Total Time": 3326.209,
                                "Actual Rows": 3400,
                                "Actual Loops": 1,
                                "Group Key": [
                                    "n.gender",
                                    "rt.role",
                                    "cn.name"
                                ],
                                "Plans": [
                                    {
                                        "Node Type": "Nested Loop",
                                        "Parent Relationship": "Outer",
                                        "Parallel Aware": false,
                                        "Async Capable": false,
                                        "Join Type": "Inner",
                                        "Startup Cost": 20000754288.91,
                                        "Total Cost": 20000754294.02,
                                        "Plan Rows": 2,
                                        "Plan Width": 32,
                                        "Actual Startup Time": 3275.867,
                                        "Actual Total Time": 3323.524,
                                        "Actual Rows": 55939,
                                        "Actual Loops": 1,
                                        "Inner Unique": false,
                                        "Plans": [
                                            {
                                                "Node Type": "Nested Loop",
                                                "Parent Relationship": "Outer",
                                                "Parallel Aware": false,
                                                "Async Capable": false,
                                                "Join Type": "Inner",
                                                "Startup Cost": 10000754288.91,
                                                "Total Cost": 10000754291.58,
                                                "Plan Rows": 2,
                                                "Plan Width": 36,
                                                "Actual Startup Time": 3275.863,
                                                "Actual Total Time": 3316.684,
                                                "Actual Rows": 55939,
                                                "Actual Loops": 1,
                                                "Inner Unique": false,
                                                "Plans": [
                                                    {
                                                        "Node Type": "Gather Merge",
                                                        "Parent Relationship": "Outer",
                                                        "Parallel Aware": false,
                                                        "Async Capable": false,
                                                        "Startup Cost": 754288.91,
                                                        "Total Cost": 754289.14,
                                                        "Plan Rows": 2,
                                                        "Plan Width": 40,
                                                        "Actual Startup Time": 3275.854,
                                                        "Actual Total Time": 3309.64,
                                                        "Actual Rows": 55939,
                                                        "Actual Loops": 1,
                                                        "Workers Planned": 1,
                                                        "Workers Launched": 1,
                                                        "Plans": [
                                                            {
                                                                "Node Type": "Sort",
                                                                "Parent Relationship": "Outer",
                                                                "Parallel Aware": false,
                                                                "Async Capable": false,
                                                                "Startup Cost": 753288.9,
                                                                "Total Cost": 753288.91,
                                                                "Plan Rows": 1,
                                                                "Plan Width": 40,
                                                                "Actual Startup Time": 3274.552,
                                                                "Actual Total Time": 3275.255,
                                                                "Actual Rows": 27970,
                                                                "Actual Loops": 2,
                                                                "Sort Key": [
                                                                    "n.gender COLLATE \"C\"",
                                                                    "rt.role COLLATE \"C\"",
                                                                    "cn.name COLLATE \"C\""
                                                                ],
                                                                "Sort Method": "quicksort",
                                                                "Sort Space Used": 2588,
                                                                "Sort Space Type": "Memory",
                                                                "Workers": [
                                                                    {
                                                                        "Worker Number": 0,
                                                                        "Sort Method": "quicksort",
                                                                        "Sort Space Used": 2586,
                                                                        "Sort Space Type": "Memory"
                                                                    }
                                                                ],
                                                                "Plans": [
                                                                    {
                                                                        "Node Type": "Hash Join",
                                                                        "Parent Relationship": "Outer",
                                                                        "Parallel Aware": false,
                                                                        "Async Capable": false,
                                                                        "Join Type": "Inner",
                                                                        "Startup Cost": 748348.17,
                                                                        "Total Cost": 753288.89,
                                                                        "Plan Rows": 1,
                                                                        "Plan Width": 40,
                                                                        "Actual Startup Time": 3250.175,
                                                                        "Actual Total Time": 3265.409,
                                                                        "Actual Rows": 27970,
                                                                        "Actual Loops": 2,
                                                                        "Inner Unique": true,
                                                                        "Hash Cond": "(t.kind_id = kt.id)",
                                                                        "Workers": [],
                                                                        "Plans": [
                                                                            {
                                                                                "Node Type": "Hash Join",
                                                                                "Parent Relationship": "Outer",
                                                                                "Parallel Aware": false,
                                                                                "Async Capable": false,
                                                                                "Join Type": "Inner",
                                                                                "Startup Cost": 748346.95,
                                                                                "Total Cost": 753287.67,
                                                                                "Plan Rows": 1,
                                                                                "Plan Width": 44,
                                                                                "Actual Startup Time": 3250.131,
                                                                                "Actual Total Time": 3263.702,
                                                                                "Actual Rows": 27970,
                                                                                "Actual Loops": 2,
                                                                                "Inner Unique": true,
                                                                                "Hash Cond": "(mc.company_type_id = ct.id)",
                                                                                "Workers": [],
                                                                                "Plans": [
                                                                                    {
                                                                                        "Node Type": "Hash Join",
                                                                                        "Parent Relationship": "Outer",
                                                                                        "Parallel Aware": true,
                                                                                        "Async Capable": false,
                                                                                        "Join Type": "Inner",
                                                                                        "Startup Cost": 748345.86,
                                                                                        "Total Cost": 753286.58,
                                                                                        "Plan Rows": 1,
                                                                                        "Plan Width": 48,
                                                                                        "Actual Startup Time": 3250.12,
                                                                                        "Actual Total Time": 3262.05,
                                                                                        "Actual Rows": 27970,
                                                                                        "Actual Loops": 2,
                                                                                        "Inner Unique": false,
                                                                                        "Hash Cond": "(cn.id = mc.company_id)",
                                                                                        "Workers": [],
                                                                                        "Plans": [
                                                                                            {
                                                                                                "Node Type": "Seq Scan",
                                                                                                "Parent Relationship": "Outer",
                                                                                                "Parallel Aware": true,
                                                                                                "Async Capable": false,
                                                                                                "Relation Name": "company_name",
                                                                                                "Alias": "cn",
                                                                                                "Startup Cost": 0.0,
                                                                                                "Total Cost": 4422.34,
                                                                                                "Plan Rows": 138234,
                                                                                                "Plan Width": 23,
                                                                                                "Actual Startup Time": 0.009,
                                                                                                "Actual Total Time": 5.507,
                                                                                                "Actual Rows": 117498,
                                                                                                "Actual Loops": 2,
                                                                                                "Workers": []
                                                                                            },
                                                                                            {
                                                                                                "Node Type": "Hash",
                                                                                                "Parent Relationship": "Inner",
                                                                                                "Parallel Aware": true,
                                                                                                "Async Capable": false,
                                                                                                "Startup Cost": 748345.84,
                                                                                                "Total Cost": 748345.84,
                                                                                                "Plan Rows": 1,
                                                                                                "Plan Width": 33,
                                                                                                "Actual Startup Time": 3250.018,
                                                                                                "Actual Total Time": 3250.113,
                                                                                                "Actual Rows": 27970,
                                                                                                "Actual Loops": 2,
                                                                                                "Hash Buckets": 65536,
                                                                                                "Original Hash Buckets": 1024,
                                                                                                "Hash Batches": 1,
                                                                                                "Original Hash Batches": 1,
                                                                                                "Peak Memory Usage": 4600,
                                                                                                "Workers": [],
                                                                                                "Plans": [
                                                                                                    {
                                                                                                        "Node Type": "Hash Join",
                                                                                                        "Parent Relationship": "Outer",
                                                                                                        "Parallel Aware": true,
                                                                                                        "Async Capable": false,
                                                                                                        "Join Type": "Inner",
                                                                                                        "Startup Cost": 717949.08,
                                                                                                        "Total Cost": 748345.84,
                                                                                                        "Plan Rows": 1,
                                                                                                        "Plan Width": 33,
                                                                                                        "Actual Startup Time": 3166.429,
                                                                                                        "Actual Total Time": 3246.393,
                                                                                                        "Actual Rows": 27970,
                                                                                                        "Actual Loops": 2,
                                                                                                        "Inner Unique": false,
                                                                                                        "Hash Cond": "(mc.movie_id = t.id)",
                                                                                                        "Workers": [],
                                                                                                        "Plans": [
                                                                                                            {
                                                                                                                "Node Type": "Seq Scan",
                                                                                                                "Parent Relationship": "Outer",
                                                                                                                "Parallel Aware": true,
                                                                                                                "Async Capable": false,
                                                                                                                "Relation Name": "movie_companies",
                                                                                                                "Alias": "mc",
                                                                                                                "Startup Cost": 0.0,
                                                                                                                "Total Cost": 27240.55,
                                                                                                                "Plan Rows": 841655,
                                                                                                                "Plan Width": 12,
                                                                                                                "Actual Startup Time": 0.005,
                                                                                                                "Actual Total Time": 49.461,
                                                                                                                "Actual Rows": 1304564,
                                                                                                                "Actual Loops": 2,
                                                                                                                "Workers": []
                                                                                                            },
                                                                                                            {
                                                                                                                "Node Type": "Hash",
                                                                                                                "Parent Relationship": "Inner",
                                                                                                                "Parallel Aware": true,
                                                                                                                "Async Capable": false,
                                                                                                                "Startup Cost": 717949.07,
                                                                                                                "Total Cost": 717949.07,
                                                                                                                "Plan Rows": 1,
                                                                                                                "Plan Width": 37,
                                                                                                                "Actual Startup Time": 3150.949,
                                                                                                                "Actual Total Time": 3151.044,
                                                                                                                "Actual Rows": 2622,
                                                                                                                "Actual Loops": 2,
                                                                                                                "Hash Buckets": 8192,
                                                                                                                "Original Hash Buckets": 1024,
                                                                                                                "Hash Batches": 1,
                                                                                                                "Original Hash Batches": 1,
                                                                                                                "Peak Memory Usage": 504,
                                                                                                                "Workers": [],
                                                                                                                "Plans": [
                                                                                                                    {
                                                                                                                        "Node Type": "Hash Join",
                                                                                                                        "Parent Relationship": "Outer",
                                                                                                                        "Parallel Aware": true,
                                                                                                                        "Async Capable": false,
                                                                                                                        "Join Type": "Inner",
                                                                                                                        "Startup Cost": 647967.29,
                                                                                                                        "Total Cost": 717949.07,
                                                                                                                        "Plan Rows": 1,
                                                                                                                        "Plan Width": 37,
                                                                                                                        "Actual Startup Time": 2979.21,
                                                                                                                        "Actual Total Time": 3141.472,
                                                                                                                        "Actual Rows": 2622,
                                                                                                                        "Actual Loops": 2,
                                                                                                                        "Inner Unique": false,
                                                                                                                        "Hash Cond": "(n.id = ci.person_id)",
                                                                                                                        "Workers": [],
                                                                                                                        "Plans": [
                                                                                                                            {
                                                                                                                                "Node Type": "Seq Scan",
                                                                                                                                "Parent Relationship": "Outer",
                                                                                                                                "Parallel Aware": true,
                                                                                                                                "Async Capable": false,
                                                                                                                                "Relation Name": "name",
                                                                                                                                "Alias": "n",
                                                                                                                                "Startup Cost": 0.0,
                                                                                                                                "Total Cost": 66074.73,
                                                                                                                                "Plan Rows": 1041873,
                                                                                                                                "Plan Width": 6,
                                                                                                                                "Actual Startup Time": 0.008,
                                                                                                                                "Actual Total Time": 92.763,
                                                                                                                                "Actual Rows": 2083746,
                                                                                                                                "Actual Loops": 2,
                                                                                                                                "Workers": []
                                                                                                                            },
                                                                                                                            {
                                                                                                                                "Node Type": "Hash",
                                                                                                                                "Parent Relationship": "Inner",
                                                                                                                                "Parallel Aware": true,
                                                                                                                                "Async Capable": false,
                                                                                                                                "Startup Cost": 647967.15,
                                                                                                                                "Total Cost": 647967.15,
                                                                                                                                "Plan Rows": 11,
                                                                                                                                "Plan Width": 43,
                                                                                                                                "Actual Startup Time": 2978.096,
                                                                                                                                "Actual Total Time": 2978.19,
                                                                                                                                "Actual Rows": 2622,
                                                                                                                                "Actual Loops": 2,
                                                                                                                                "Hash Buckets": 8192,
                                                                                                                                "Original Hash Buckets": 1024,
                                                                                                                                "Hash Batches": 1,
                                                                                                                                "Original Hash Batches": 1,
                                                                                                                                "Peak Memory Usage": 536,
                                                                                                                                "Workers": [],
                                                                                                                                "Plans": [
                                                                                                                                    {
                                                                                                                                        "Node Type": "Hash Join",
                                                                                                                                        "Parent Relationship": "Outer",
                                                                                                                                        "Parallel Aware": true,
                                                                                                                                        "Async Capable": false,
                                                                                                                                        "Join Type": "Inner",
                                                                                                                                        "Startup Cost": 441658.77,
                                                                                                                                        "Total Cost": 647967.15,
                                                                                                                                        "Plan Rows": 11,
                                                                                                                                        "Plan Width": 43,
                                                                                                                                        "Actual Startup Time": 2067.25,
                                                                                                                                        "Actual Total Time": 2976.057,
                                                                                                                                        "Actual Rows": 2622,
                                                                                                                                        "Actual Loops": 2,
                                                                                                                                        "Inner Unique": false,
                                                                                                                                        "Hash Cond": "(mi1.movie_id = t.id)",
                                                                                                                                        "Workers": [],
                                                                                                                                        "Plans": [
                                                                                                                                            {
                                                                                                                                                "Node Type": "Seq Scan",
                                                                                                                                                "Parent Relationship": "Outer",
                                                                                                                                                "Parallel Aware": true,
                                                                                                                                                "Async Capable": false,
                                                                                                                                                "Relation Name": "movie_info",
                                                                                                                                                "Alias": "mi1",
                                                                                                                                                "Startup Cost": 0.0,
                                                                                                                                                "Total Cost": 206090.53,
                                                                                                                                                "Plan Rows": 58089,
                                                                                                                                                "Plan Width": 8,
                                                                                                                                                "Actual Startup Time": 26.909,
                                                                                                                                                "Actual Total Time": 957.536,
                                                                                                                                                "Actual Rows": 131929,
                                                                                                                                                "Actual Loops": 2,
                                                                                                                                                "Filter": "((info ~~* '%r%'::text) AND (info_type_id = 5))",
                                                                                                                                                "Rows Removed by Filter": 7285931,
                                                                                                                                                "Workers": []
                                                                                                                                            },
                                                                                                                                            {
                                                                                                                                                "Node Type": "Hash",
                                                                                                                                                "Parent Relationship": "Inner",
                                                                                                                                                "Parallel Aware": true,
                                                                                                                                                "Async Capable": false,
                                                                                                                                                "Startup Cost": 441657.8,
                                                                                                                                                "Total Cost": 441657.8,
                                                                                                                                                "Plan Rows": 77,
                                                                                                                                                "Plan Width": 35,
                                                                                                                                                "Actual Startup Time": 2012.863,
                                                                                                                                                "Actual Total Time": 2012.954,
                                                                                                                                                "Actual Rows": 3864,
                                                                                                                                                "Actual Loops": 2,
                                                                                                                                                "Hash Buckets": 8192,
                                                                                                                                                "Original Hash Buckets": 1024,
                                                                                                                                                "Hash Batches": 1,
                                                                                                                                                "Original Hash Batches": 1,
                                                                                                                                                "Peak Memory Usage": 632,
                                                                                                                                                "Workers": [],
                                                                                                                                                "Plans": [
                                                                                                                                                    {
                                                                                                                                                        "Node Type": "Hash Join",
                                                                                                                                                        "Parent Relationship": "Outer",
                                                                                                                                                        "Parallel Aware": false,
                                                                                                                                                        "Async Capable": false,
                                                                                                                                                        "Join Type": "Inner",
                                                                                                                                                        "Startup Cost": 108148.92,
                                                                                                                                                        "Total Cost": 441657.8,
                                                                                                                                                        "Plan Rows": 77,
                                                                                                                                                        "Plan Width": 35,
                                                                                                                                                        "Actual Startup Time": 539.817,
                                                                                                                                                        "Actual Total Time": 1987.605,
                                                                                                                                                        "Actual Rows": 3864,
                                                                                                                                                        "Actual Loops": 2,
                                                                                                                                                        "Inner Unique": true,
                                                                                                                                                        "Hash Cond": "(ci.role_id = rt.id)",
                                                                                                                                                        "Workers": [],
                                                                                                                                                        "Plans": [
                                                                                                                                                            {
                                                                                                                                                                "Node Type": "Hash Join",
                                                                                                                                                                "Parent Relationship": "Outer",
                                                                                                                                                                "Parallel Aware": true,
                                                                                                                                                                "Async Capable": false,
                                                                                                                                                                "Join Type": "Inner",
                                                                                                                                                                "Startup Cost": 108147.56,
                                                                                                                                                                "Total Cost": 441656.08,
                                                                                                                                                                "Plan Rows": 102,
                                                                                                                                                                "Plan Width": 28,
                                                                                                                                                                "Actual Startup Time": 539.802,
                                                                                                                                                                "Actual Total Time": 1987.302,
                                                                                                                                                                "Actual Rows": 3956,
                                                                                                                                                                "Actual Loops": 2,
                                                                                                                                                                "Inner Unique": false,
                                                                                                                                                                "Hash Cond": "(ci.person_id = pi1.person_id)",
                                                                                                                                                                "Workers": [],
                                                                                                                                                                "Plans": [
                                                                                                                                                                    {
                                                                                                                                                                        "Node Type": "Hash Join",
                                                                                                                                                                        "Parent Relationship": "Outer",
                                                                                                                                                                        "Parallel Aware": true,
                                                                                                                                                                        "Async Capable": false,
                                                                                                                                                                        "Join Type": "Inner",
                                                                                                                                                                        "Startup Cost": 45963.5,
                                                                                                                                                                        "Total Cost": 374947.66,
                                                                                                                                                                        "Plan Rows": 361929,
                                                                                                                                                                        "Plan Width": 20,
                                                                                                                                                                        "Actual Startup Time": 60.581,
                                                                                                                                                                        "Actual Total Time": 1489.494,
                                                                                                                                                                        "Actual Rows": 647788,
                                                                                                                                                                        "Actual Loops": 2,
                                                                                                                                                                        "Inner Unique": true,
                                                                                                                                                                        "Hash Cond": "(ci.movie_id = t.id)",
                                                                                                                                                                        "Workers": [],
                                                                                                                                                                        "Plans": [
                                                                                                                                                                            {
                                                                                                                                                                                "Node Type": "Seq Scan",
                                                                                                                                                                                "Parent Relationship": "Outer",
                                                                                                                                                                                "Parallel Aware": true,
                                                                                                                                                                                "Async Capable": false,
                                                                                                                                                                                "Relation Name": "cast_info",
                                                                                                                                                                                "Alias": "ci",
                                                                                                                                                                                "Startup Cost": 0.0,
                                                                                                                                                                                "Total Cost": 313127.24,
                                                                                                                                                                                "Plan Rows": 6040724,
                                                                                                                                                                                "Plan Width": 12,
                                                                                                                                                                                "Actual Startup Time": 0.012,
                                                                                                                                                                                "Actual Total Time": 562.96,
                                                                                                                                                                                "Actual Rows": 18122172,
                                                                                                                                                                                "Actual Loops": 2,
                                                                                                                                                                                "Workers": []
                                                                                                                                                                            },
                                                                                                                                                                            {
                                                                                                                                                                                "Node Type": "Hash",
                                                                                                                                                                                "Parent Relationship": "Inner",
                                                                                                                                                                                "Parallel Aware": true,
                                                                                                                                                                                "Async Capable": false,
                                                                                                                                                                                "Startup Cost": 45490.07,
                                                                                                                                                                                "Total Cost": 45490.07,
                                                                                                                                                                                "Plan Rows": 37874,
                                                                                                                                                                                "Plan Width": 8,
                                                                                                                                                                                "Actual Startup Time": 60.264,
                                                                                                                                                                                "Actual Total Time": 60.265,
                                                                                                                                                                                "Actual Rows": 76620,
                                                                                                                                                                                "Actual Loops": 2,
                                                                                                                                                                                "Hash Buckets": 262144,
                                                                                                                                                                                "Original Hash Buckets": 262144,
                                                                                                                                                                                "Hash Batches": 1,
                                                                                                                                                                                "Original Hash Batches": 1,
                                                                                                                                                                                "Peak Memory Usage": 8064,
                                                                                                                                                                                "Workers": [],
                                                                                                                                                                                "Plans": [
                                                                                                                                                                                    {
                                                                                                                                                                                        "Node Type": "Seq Scan",
                                                                                                                                                                                        "Parent Relationship": "Outer",
                                                                                                                                                                                        "Parallel Aware": true,
                                                                                                                                                                                        "Async Capable": false,
                                                                                                                                                                                        "Relation Name": "title",
                                                                                                                                                                                        "Alias": "t",
                                                                                                                                                                                        "Startup Cost": 0.0,
                                                                                                                                                                                        "Total Cost": 45490.07,
                                                                                                                                                                                        "Plan Rows": 37874,
                                                                                                                                                                                        "Plan Width": 8,
                                                                                                                                                                                        "Actual Startup Time": 1.264,
                                                                                                                                                                                        "Actual Total Time": 53.454,
                                                                                                                                                                                        "Actual Rows": 76620,
                                                                                                                                                                                        "Actual Loops": 2,
                                                                                                                                                                                        "Filter": "((production_year <= 1945) AND (production_year >= 1875))",
                                                                                                                                                                                        "Rows Removed by Filter": 1187536,
                                                                                                                                                                                        "Workers": []
                                                                                                                                                                                    }
                                                                                                                                                                                ]
                                                                                                                                                                            }
                                                                                                                                                                        ]
                                                                                                                                                                    },
                                                                                                                                                                    {
                                                                                                                                                                        "Node Type": "Hash",
                                                                                                                                                                        "Parent Relationship": "Inner",
                                                                                                                                                                        "Parallel Aware": true,
                                                                                                                                                                        "Async Capable": false,
                                                                                                                                                                        "Startup Cost": 62183.96,
                                                                                                                                                                        "Total Cost": 62183.96,
                                                                                                                                                                        "Plan Rows": 8,
                                                                                                                                                                        "Plan Width": 8,
                                                                                                                                                                        "Actual Startup Time": 477.217,
                                                                                                                                                                        "Actual Total Time": 477.217,
                                                                                                                                                                        "Actual Rows": 1050,
                                                                                                                                                                        "Actual Loops": 2,
                                                                                                                                                                        "Hash Buckets": 4096,
                                                                                                                                                                        "Original Hash Buckets": 1024,
                                                                                                                                                                        "Hash Batches": 1,
                                                                                                                                                                        "Original Hash Batches": 1,
                                                                                                                                                                        "Peak Memory Usage": 184,
                                                                                                                                                                        "Workers": [],
                                                                                                                                                                        "Plans": [
                                                                                                                                                                            {
                                                                                                                                                                                "Node Type": "Seq Scan",
                                                                                                                                                                                "Parent Relationship": "Outer",
                                                                                                                                                                                "Parallel Aware": true,
                                                                                                                                                                                "Async Capable": false,
                                                                                                                                                                                "Relation Name": "person_info",
                                                                                                                                                                                "Alias": "pi1",
                                                                                                                                                                                "Startup Cost": 0.0,
                                                                                                                                                                                "Total Cost": 62183.96,
                                                                                                                                                                                "Plan Rows": 8,
                                                                                                                                                                                "Plan Width": 8,
                                                                                                                                                                                "Actual Startup Time": 0.261,
                                                                                                                                                                                "Actual Total Time": 415.413,
                                                                                                                                                                                "Actual Rows": 1050,
                                                                                                                                                                                "Actual Loops": 2,
                                                                                                                                                                                "Filter": "((info ~~* '%1914%'::text) AND (info_type_id = 21))",
                                                                                                                                                                                "Rows Removed by Filter": 1480782,
                                                                                                                                                                                "Workers": []
                                                                                                                                                                            }
                                                                                                                                                                        ]
                                                                                                                                                                    }
                                                                                                                                                                ]
                                                                                                                                                            },
                                                                                                                                                            {
                                                                                                                                                                "Node Type": "Hash",
                                                                                                                                                                "Parent Relationship": "Inner",
                                                                                                                                                                "Parallel Aware": false,
                                                                                                                                                                "Async Capable": false,
                                                                                                                                                                "Startup Cost": 1.25,
                                                                                                                                                                "Total Cost": 1.25,
                                                                                                                                                                "Plan Rows": 9,
                                                                                                                                                                "Plan Width": 15,
                                                                                                                                                                "Actual Startup Time": 0.01,
                                                                                                                                                                "Actual Total Time": 0.01,
                                                                                                                                                                "Actual Rows": 9,
                                                                                                                                                                "Actual Loops": 2,
                                                                                                                                                                "Hash Buckets": 1024,
                                                                                                                                                                "Original Hash Buckets": 1024,
                                                                                                                                                                "Hash Batches": 1,
                                                                                                                                                                "Original Hash Batches": 1,
                                                                                                                                                                "Peak Memory Usage": 9,
                                                                                                                                                                "Workers": [],
                                                                                                                                                                "Plans": [
                                                                                                                                                                    {
                                                                                                                                                                        "Node Type": "Seq Scan",
                                                                                                                                                                        "Parent Relationship": "Outer",
                                                                                                                                                                        "Parallel Aware": false,
                                                                                                                                                                        "Async Capable": false,
                                                                                                                                                                        "Relation Name": "role_type",
                                                                                                                                                                        "Alias": "rt",
                                                                                                                                                                        "Startup Cost": 0.0,
                                                                                                                                                                        "Total Cost": 1.25,
                                                                                                                                                                        "Plan Rows": 9,
                                                                                                                                                                        "Plan Width": 15,
                                                                                                                                                                        "Actual Startup Time": 0.007,
                                                                                                                                                                        "Actual Total Time": 0.008,
                                                                                                                                                                        "Actual Rows": 9,
                                                                                                                                                                        "Actual Loops": 2,
                                                                                                                                                                        "Filter": "((role)::text = ANY ('{actor,actress,cinematographer,\"costume designer\",director,editor,\"miscellaneous crew\",producer,writer}'::text[]))",
                                                                                                                                                                        "Rows Removed by Filter": 3,
                                                                                                                                                                        "Workers": []
                                                                                                                                                                    }
                                                                                                                                                                ]
                                                                                                                                                            }
                                                                                                                                                        ]
                                                                                                                                                    }
                                                                                                                                                ]
                                                                                                                                            }
                                                                                                                                        ]
                                                                                                                                    }
                                                                                                                                ]
                                                                                                                            }
                                                                                                                        ]
                                                                                                                    }
                                                                                                                ]
                                                                                                            }
                                                                                                        ]
                                                                                                    }
                                                                                                ]
                                                                                            }
                                                                                        ]
                                                                                    },
                                                                                    {
                                                                                        "Node Type": "Hash",
                                                                                        "Parent Relationship": "Inner",
                                                                                        "Parallel Aware": false,
                                                                                        "Async Capable": false,
                                                                                        "Startup Cost": 1.04,
                                                                                        "Total Cost": 1.04,
                                                                                        "Plan Rows": 4,
                                                                                        "Plan Width": 4,
                                                                                        "Actual Startup Time": 0.006,
                                                                                        "Actual Total Time": 0.006,
                                                                                        "Actual Rows": 4,
                                                                                        "Actual Loops": 2,
                                                                                        "Hash Buckets": 1024,
                                                                                        "Original Hash Buckets": 1024,
                                                                                        "Hash Batches": 1,
                                                                                        "Original Hash Batches": 1,
                                                                                        "Peak Memory Usage": 9,
                                                                                        "Workers": [],
                                                                                        "Plans": [
                                                                                            {
                                                                                                "Node Type": "Seq Scan",
                                                                                                "Parent Relationship": "Outer",
                                                                                                "Parallel Aware": false,
                                                                                                "Async Capable": false,
                                                                                                "Relation Name": "company_type",
                                                                                                "Alias": "ct",
                                                                                                "Startup Cost": 0.0,
                                                                                                "Total Cost": 1.04,
                                                                                                "Plan Rows": 4,
                                                                                                "Plan Width": 4,
                                                                                                "Actual Startup Time": 0.005,
                                                                                                "Actual Total Time": 0.005,
                                                                                                "Actual Rows": 4,
                                                                                                "Actual Loops": 2,
                                                                                                "Workers": []
                                                                                            }
                                                                                        ]
                                                                                    }
                                                                                ]
                                                                            },
                                                                            {
                                                                                "Node Type": "Hash",
                                                                                "Parent Relationship": "Inner",
                                                                                "Parallel Aware": false,
                                                                                "Async Capable": false,
                                                                                "Startup Cost": 1.13,
                                                                                "Total Cost": 1.13,
                                                                                "Plan Rows": 7,
                                                                                "Plan Width": 4,
                                                                                "Actual Startup Time": 0.009,
                                                                                "Actual Total Time": 0.01,
                                                                                "Actual Rows": 7,
                                                                                "Actual Loops": 2,
                                                                                "Hash Buckets": 1024,
                                                                                "Original Hash Buckets": 1024,
                                                                                "Hash Batches": 1,
                                                                                "Original Hash Batches": 1,
                                                                                "Peak Memory Usage": 9,
                                                                                "Workers": [],
                                                                                "Plans": [
                                                                                    {
                                                                                        "Node Type": "Seq Scan",
                                                                                        "Parent Relationship": "Outer",
                                                                                        "Parallel Aware": false,
                                                                                        "Async Capable": false,
                                                                                        "Relation Name": "kind_type",
                                                                                        "Alias": "kt",
                                                                                        "Startup Cost": 0.0,
                                                                                        "Total Cost": 1.13,
                                                                                        "Plan Rows": 7,
                                                                                        "Plan Width": 4,
                                                                                        "Actual Startup Time": 0.007,
                                                                                        "Actual Total Time": 0.007,
                                                                                        "Actual Rows": 7,
                                                                                        "Actual Loops": 2,
                                                                                        "Filter": "((kind)::text = ANY ('{episode,movie,\"tv mini series\",\"tv movie\",\"tv series\",\"video game\",\"video movie\"}'::text[]))",
                                                                                        "Rows Removed by Filter": 0,
                                                                                        "Workers": []
                                                                                    }
                                                                                ]
                                                                            }
                                                                        ]
                                                                    }
                                                                ]
                                                            }
                                                        ]
                                                    },
                                                    {
                                                        "Node Type": "Materialize",
                                                        "Parent Relationship": "Inner",
                                                        "Parallel Aware": false,
                                                        "Async Capable": false,
                                                        "Startup Cost": 0.0,
                                                        "Total Cost": 2.42,
                                                        "Plan Rows": 1,
                                                        "Plan Width": 4,
                                                        "Actual Startup Time": 0.0,
                                                        "Actual Total Time": 0.0,
                                                        "Actual Rows": 1,
                                                        "Actual Loops": 55939,
                                                        "Plans": [
                                                            {
                                                                "Node Type": "Seq Scan",
                                                                "Parent Relationship": "Outer",
                                                                "Parallel Aware": false,
                                                                "Async Capable": false,
                                                                "Relation Name": "info_type",
                                                                "Alias": "it1",
                                                                "Startup Cost": 0.0,
                                                                "Total Cost": 2.41,
                                                                "Plan Rows": 1,
                                                                "Plan Width": 4,
                                                                "Actual Startup Time": 0.006,
                                                                "Actual Total Time": 0.008,
                                                                "Actual Rows": 1,
                                                                "Actual Loops": 1,
                                                                "Filter": "(id = 5)",
                                                                "Rows Removed by Filter": 112
                                                            }
                                                        ]
                                                    }
                                                ]
                                            },
                                            {
                                                "Node Type": "Materialize",
                                                "Parent Relationship": "Inner",
                                                "Parallel Aware": false,
                                                "Async Capable": false,
                                                "Startup Cost": 0.0,
                                                "Total Cost": 2.42,
                                                "Plan Rows": 1,
                                                "Plan Width": 4,
                                                "Actual Startup Time": 0.0,
                                                "Actual Total Time": 0.0,
                                                "Actual Rows": 1,
                                                "Actual Loops": 55939,
                                                "Plans": [
                                                    {
                                                        "Node Type": "Seq Scan",
                                                        "Parent Relationship": "Outer",
                                                        "Parallel Aware": false,
                                                        "Async Capable": false,
                                                        "Relation Name": "info_type",
                                                        "Alias": "it2",
                                                        "Startup Cost": 0.0,
                                                        "Total Cost": 2.41,
                                                        "Plan Rows": 1,
                                                        "Plan Width": 4,
                                                        "Actual Startup Time": 0.002,
                                                        "Actual Total Time": 0.004,
                                                        "Actual Rows": 1,
                                                        "Actual Loops": 1,
                                                        "Filter": "(id = 21)",
                                                        "Rows Removed by Filter": 112
                                                    }
                                                ]
                                            }
                                        ]
                                    }
                                ]
                            }
                        ]
                    },
                    "Planning Time": 19.824,
                    "Triggers": [],
                    "Execution Time": 3326.662
                }
            ],
            "hints": [
                "SET enable_hashjoin TO on",
                "SET enable_indexonlyscan TO on",
                "SET enable_indexscan TO on",
                "SET enable_mergejoin TO on",
                "SET enable_nestloop TO off",
                "SET enable_seqscan TO on"
            ]
        },
        {
            "arm": 2,
            "execution_time": 3473.599,
            "plan": [
                {
                    "Plan": {
                        "Node Type": "Sort",
                        "Parallel Aware": false,
                        "Async Capable": false,
                        "Startup Cost": 754293.93,
                        "Total Cost": 754293.94,
                        "Plan Rows": 2,
                        "Plan Width": 40,
                        "Actual Startup Time": 3443.912,
                        "Actual Total Time": 3473.483,
                        "Actual Rows": 3400,
                        "Actual Loops": 1,
                        "Sort Key": [
                            "(count(*)) DESC"
                        ],
                        "Sort Method": "quicksort",
                        "Sort Space Used": 320,
                        "Sort Space Type": "Memory",
                        "Plans": [
                            {
                                "Node Type": "Aggregate",
                                "Strategy": "Sorted",
                                "Partial Mode": "Finalize",
                                "Parent Relationship": "Outer",
                                "Parallel Aware": false,
                                "Async Capable": false,
                                "Startup Cost": 754293.75,
                                "Total Cost": 754293.92,
                                "Plan Rows": 2,
                                "Plan Width": 40,
                                "Actual Startup Time": 3440.943,
                                "Actual Total Time": 3473.16,
                                "Actual Rows": 3400,
                                "Actual Loops": 1,
                                "Group Key": [
                                    "n.gender",
                                    "rt.role",
                                    "cn.name"
                                ],
                                "Plans": [
                                    {
                                        "Node Type": "Gather Merge",
                                        "Parent Relationship": "Outer",
                                        "Parallel Aware": false,
                                        "Async Capable": false,
                                        "Startup Cost": 754293.75,
                                        "Total Cost": 754293.89,
                                        "Plan Rows": 1,
                                        "Plan Width": 40,
                                        "Actual Startup Time": 3440.937,
                                        "Actual Total Time": 3472.769,
                                        "Actual Rows": 3500,
                                        "Actual Loops": 1,
                                        "Workers Planned": 1,
                                        "Workers Launched": 1,
                                        "Plans": [
                                            {
                                                "Node Type": "Aggregate",
                                                "Strategy": "Sorted",
                                                "Partial Mode": "Partial",
                                                "Parent Relationship": "Outer",
                                                "Parallel Aware": false,
                                                "Async Capable": false,
                                                "Startup Cost": 753293.74,
                                                "Total Cost": 753293.77,
                                                "Plan Rows": 1,
                                                "Plan Width": 40,
                                                "Actual Startup Time": 3439.12,
                                                "Actual Total Time": 3441.244,
                                                "Actual Rows": 1750,
                                                "Actual Loops": 2,
                                                "Group Key": [
                                                    "n.gender",
                                                    "rt.role",
                                                    "cn.name"
                                                ],
                                                "Workers": [],
                                                "Plans": [
                                                    {
                                                        "Node Type": "Sort",
                                                        "Parent Relationship": "Outer",
                                                        "Parallel Aware": false,
                                                        "Async Capable": false,
                                                        "Startup Cost": 753293.74,
                                                        "Total Cost": 753293.75,
                                                        "Plan Rows": 1,
                                                        "Plan Width": 32,
                                                        "Actual Startup Time": 3439.112,
                                                        "Actual Total Time": 3439.72,
                                                        "Actual Rows": 27970,
                                                        "Actual Loops": 2,
                                                        "Sort Key": [
                                                            "n.gender COLLATE \"C\"",
                                                            "rt.role COLLATE \"C\"",
                                                            "cn.name COLLATE \"C\""
                                                        ],
                                                        "Sort Method": "quicksort",
                                                        "Sort Space Used": 2366,
                                                        "Sort Space Type": "Memory",
                                                        "Workers": [
                                                            {
                                                                "Worker Number": 0,
                                                                "Sort Method": "quicksort",
                                                                "Sort Space Used": 2370,
                                                                "Sort Space Type": "Memory"
                                                            }
                                                        ],
                                                        "Plans": [
                                                            {
                                                                "Node Type": "Nested Loop",
                                                                "Parent Relationship": "Outer",
                                                                "Parallel Aware": false,
                                                                "Async Capable": false,
                                                                "Join Type": "Inner",
                                                                "Startup Cost": 748345.86,
                                                                "Total Cost": 753293.73,
                                                                "Plan Rows": 1,
                                                                "Plan Width": 32,
                                                                "Actual Startup Time": 3272.413,
                                                                "Actual Total Time": 3430.194,
                                                                "Actual Rows": 27970,
                                                                "Actual Loops": 2,
                                                                "Inner Unique": false,
                                                                "Workers": [],
                                                                "Plans": [
                                                                    {
                                                                        "Node Type": "Nested Loop",
                                                                        "Parent Relationship": "Outer",
                                                                        "Parallel Aware": false,
                                                                        "Async Capable": false,
                                                                        "Join Type": "Inner",
                                                                        "Startup Cost": 748345.86,
                                                                        "Total Cost": 753291.31,
                                                                        "Plan Rows": 1,
                                                                        "Plan Width": 36,
                                                                        "Actual Startup Time": 3272.411,
                                                                        "Actual Total Time": 3365.07,
                                                                        "Actual Rows": 27970,
                                                                        "Actual Loops": 2,
                                                                        "Inner Unique": false,
                                                                        "Workers": [],
                                                                        "Plans": [
                                                                            {
                                                                                "Node Type": "Nested Loop",
                                                                                "Parent Relationship": "Outer",
                                                                                "Parallel Aware": false,
                                                                                "Async Capable": false,
                                                                                "Join Type": "Inner",
                                                                                "Startup Cost": 748345.86,
                                                                                "Total Cost": 753288.89,
                                                                                "Plan Rows": 1,
                                                                                "Plan Width": 40,
                                                                                "Actual Startup Time": 3272.407,
                                                                                "Actual Total Time": 3299.888,
                                                                                "Actual Rows": 27970,
                                                                                "Actual Loops": 2,
                                                                                "Inner Unique": true,
                                                                                "Join Filter": "(t.kind_id = kt.id)",
                                                                                "Rows Removed by Join Filter": 0,
                                                                                "Workers": [],
                                                                                "Plans": [
                                                                                    {
                                                                                        "Node Type": "Nested Loop",
                                                                                        "Parent Relationship": "Outer",
                                                                                        "Parallel Aware": false,
                                                                                        "Async Capable": false,
                                                                                        "Join Type": "Inner",
                                                                                        "Startup Cost": 748345.86,
                                                                                        "Total Cost": 753287.67,
                                                                                        "Plan Rows": 1,
                                                                                        "Plan Width": 44,
                                                                                        "Actual Startup Time": 3272.398,
                                                                                        "Actual Total Time": 3291.675,
                                                                                        "Actual Rows": 27970,
                                                                                        "Actual Loops": 2,
                                                                                        "Inner Unique": true,
                                                                                        "Join Filter": "(mc.company_type_id = ct.id)",
                                                                                        "Rows Removed by Join Filter": 3044,
                                                                                        "Workers": [],
                                                                                        "Plans": [
                                                                                            {
                                                                                                "Node Type": "Hash Join",
                                                                                                "Parent Relationship": "Outer",
                                                                                                "Parallel Aware": true,
                                                                                                "Async Capable": false,
                                                                                                "Join Type": "Inner",
                                                                                                "Startup Cost": 748345.86,
                                                                                                "Total Cost": 753286.58,
                                                                                                "Plan Rows": 1,
                                                                                                "Plan Width": 48,
                                                                                                "Actual Startup Time": 3272.387,
                                                                                                "Actual Total Time": 3284.272,
                                                                                                "Actual Rows": 27970,
                                                                                                "Actual Loops": 2,
                                                                                                "Inner Unique": false,
                                                                                                "Hash Cond": "(cn.id = mc.company_id)",
                                                                                                "Workers": [],
                                                                                                "Plans": [
                                                                                                    {
                                                                                                        "Node Type": "Seq Scan",
                                                                                                        "Parent Relationship": "Outer",
                                                                                                        "Parallel Aware": true,
                                                                                                        "Async Capable": false,
                                                                                                        "Relation Name": "company_name",
                                                                                                        "Alias": "cn",
                                                                                                        "Startup Cost": 0.0,
                                                                                                        "Total Cost": 4422.34,
                                                                                                        "Plan Rows": 138234,
                                                                                                        "Plan Width": 23,
                                                                                                        "Actual Startup Time": 0.002,
                                                                                                        "Actual Total Time": 4.92,
                                                                                                        "Actual Rows": 117498,
                                                                                                        "Actual Loops": 2,
                                                                                                        "Workers": []
                                                                                                    },
                                                                                                    {
                                                                                                        "Node Type": "Hash",
                                                                                                        "Parent Relationship": "Inner",
                                                                                                        "Parallel Aware": true,
                                                                                                        "Async Capable": false,
                                                                                                        "Startup Cost": 748345.84,
                                                                                                        "Total Cost": 748345.84,
                                                                                                        "Plan Rows": 1,
                                                                                                        "Plan Width": 33,
                                                                                                        "Actual Startup Time": 3272.281,
                                                                                                        "Actual Total Time": 3272.289,
                                                                                                        "Actual Rows": 27970,
                                                                                                        "Actual Loops": 2,
                                                                                                        "Hash Buckets": 65536,
                                                                                                        "Original Hash Buckets": 1024,
                                                                                                        "Hash Batches": 1,
                                                                                                        "Original Hash Batches": 1,
                                                                                                        "Peak Memory Usage": 4600,
                                                                                                        "Workers": [],
                                                                                                        "Plans": [
                                                                                                            {
                                                                                                                "Node Type": "Hash Join",
                                                                                                                "Parent Relationship": "Outer",
                                                                                                                "Parallel Aware": true,
                                                                                                                "Async Capable": false,
                                                                                                                "Join Type": "Inner",
                                                                                                                "Startup Cost": 717949.08,
                                                                                                                "Total Cost": 748345.84,
                                                                                                                "Plan Rows": 1,
                                                                                                                "Plan Width": 33,
                                                                                                                "Actual Startup Time": 3192.368,
                                                                                                                "Actual Total Time": 3268.414,
                                                                                                                "Actual Rows": 27970,
                                                                                                                "Actual Loops": 2,
                                                                                                                "Inner Unique": false,
                                                                                                                "Hash Cond": "(mc.movie_id = t.id)",
                                                                                                                "Workers": [],
                                                                                                                "Plans": [
                                                                                                                    {
                                                                                                                        "Node Type": "Seq Scan",
                                                                                                                        "Parent Relationship": "Outer",
                                                                                                                        "Parallel Aware": true,
                                                                                                                        "Async Capable": false,
                                                                                                                        "Relation Name": "movie_companies",
                                                                                                                        "Alias": "mc",
                                                                                                                        "Startup Cost": 0.0,
                                                                                                                        "Total Cost": 27240.55,
                                                                                                                        "Plan Rows": 841655,
                                                                                                                        "Plan Width": 12,
                                                                                                                        "Actual Startup Time": 0.003,
                                                                                                                        "Actual Total Time": 45.162,
                                                                                                                        "Actual Rows": 1304564,
                                                                                                                        "Actual Loops": 2,
                                                                                                                        "Workers": []
                                                                                                                    },
                                                                                                                    {
                                                                                                                        "Node Type": "Hash",
                                                                                                                        "Parent Relationship": "Inner",
                                                                                                                        "Parallel Aware": true,
                                                                                                                        "Async Capable": false,
                                                                                                                        "Startup Cost": 717949.07,
                                                                                                                        "Total Cost": 717949.07,
                                                                                                                        "Plan Rows": 1,
                                                                                                                        "Plan Width": 37,
                                                                                                                        "Actual Startup Time": 3178.245,
                                                                                                                        "Actual Total Time": 3178.253,
                                                                                                                        "Actual Rows": 2622,
                                                                                                                        "Actual Loops": 2,
                                                                                                                        "Hash Buckets": 8192,
                                                                                                                        "Original Hash Buckets": 1024,
                                                                                                                        "Hash Batches": 1,
                                                                                                                        "Original Hash Batches": 1,
                                                                                                                        "Peak Memory Usage": 504,
                                                                                                                        "Workers": [],
                                                                                                                        "Plans": [
                                                                                                                            {
                                                                                                                                "Node Type": "Hash Join",
                                                                                                                                "Parent Relationship": "Outer",
                                                                                                                                "Parallel Aware": true,
                                                                                                                                "Async Capable": false,
                                                                                                                                "Join Type": "Inner",
                                                                                                                                "Startup Cost": 647967.29,
                                                                                                                                "Total Cost": 717949.07,
                                                                                                                                "Plan Rows": 1,
                                                                                                                                "Plan Width": 37,
                                                                                                                                "Actual Startup Time": 3014.83,
                                                                                                                                "Actual Total Time": 3166.191,
                                                                                                                                "Actual Rows": 2622,
                                                                                                                                "Actual Loops": 2,
                                                                                                                                "Inner Unique": false,
                                                                                                                                "Hash Cond": "(n.id = ci.person_id)",
                                                                                                                                "Workers": [],
                                                                                                                                "Plans": [
                                                                                                                                    {
                                                                                                                                        "Node Type": "Seq Scan",
                                                                                                                                        "Parent Relationship": "Outer",
                                                                                                                                        "Parallel Aware": true,
                                                                                                                                        "Async Capable": false,
                                                                                                                                        "Relation Name": "name",
                                                                                                                                        "Alias": "n",
                                                                                                                                        "Startup Cost": 0.0,
                                                                                                                                        "Total Cost": 66074.73,
                                                                                                                                        "Plan Rows": 1041873,
                                                                                                                                        "Plan Width": 6,
                                                                                                                                        "Actual Startup Time": 0.007,
                                                                                                                                        "Actual Total Time": 80.244,
                                                                                                                                        "Actual Rows": 2083746,
                                                                                                                                        "Actual Loops": 2,
                                                                                                                                        "Workers": []
                                                                                                                                    },
                                                                                                                                    {
                                                                                                                                        "Node Type": "Hash",
                                                                                                                                        "Parent Relationship": "Inner",
                                                                                                                                        "Parallel Aware": true,
                                                                                                                                        "Async Capable": false,
                                                                                                                                        "Startup Cost": 647967.15,
                                                                                                                                        "Total Cost": 647967.15,
                                                                                                                                        "Plan Rows": 11,
                                                                                                                                        "Plan Width": 43,
                                                                                                                                        "Actual Startup Time": 3013.688,
                                                                                                                                        "Actual Total Time": 3013.694,
                                                                                                                                        "Actual Rows": 2622,
                                                                                                                                        "Actual Loops": 2,
                                                                                                                                        "Hash Buckets": 8192,
                                                                                                                                        "Original Hash Buckets": 1024,
                                                                                                                                        "Hash Batches": 1,
                                                                                                                                        "Original Hash Batches": 1,
                                                                                                                                        "Peak Memory Usage": 536,
                                                                                                                                        "Workers": [],
                                                                                                                                        "Plans": [
                                                                                                                                            {
                                                                                                                                                "Node Type": "Hash Join",
                                                                                                                                                "Parent Relationship": "Outer",
                                                                                                                                                "Parallel Aware": true,
                                                                                                                                                "Async Capable": false,
                                                                                                                                                "Join Type": "Inner",
                                                                                                                                                "Startup Cost": 441658.77,
                                                                                                                                                "Total Cost": 647967.15,
                                                                                                                                                "Plan Rows": 11,
                                                                                                                                                "Plan Width": 43,
                                                                                                                                                "Actual Startup Time": 2103.086,
                                                                                                                                                "Actual Total Time": 3011.677,
                                                                                                                                                "Actual Rows": 2622,
                                                                                                                                                "Actual Loops": 2,
                                                                                                                                                "Inner Unique": false,
                                                                                                                                                "Hash Cond": "(mi1.movie_id = t.id)",
                                                                                                                                                "Workers": [],
                                                                                                                                                "Plans": [
                                                                                                                                                    {
                                                                                                                                                        "Node Type": "Seq Scan",
                                                                                                                                                        "Parent Relationship": "Outer",
                                                                                                                                                        "Parallel Aware": true,
                                                                                                                                                        "Async Capable": false,
                                                                                                                                                        "Relation Name": "movie_info",
                                                                                                                                                        "Alias": "mi1",
                                                                                                                                                        "Startup Cost": 0.0,
                                                                                                                                                        "Total Cost": 206090.53,
                                                                                                                                                        "Plan Rows": 58089,
                                                                                                                                                        "Plan Width": 8,
                                                                                                                                                        "Actual Startup Time": 27.415,
                                                                                                                                                        "Actual Total Time": 958.102,
                                                                                                                                                        "Actual Rows": 131929,
                                                                                                                                                        "Actual Loops": 2,
                                                                                                                                                        "Filter": "((info ~~* '%r%'::text) AND (info_type_id = 5))",
                                                                                                                                                        "Rows Removed by Filter": 7285931,
                                                                                                                                                        "Workers": []
                                                                                                                                                    },
                                                                                                                                                    {
                                                                                                                                                        "Node Type": "Hash",
                                                                                                                                                        "Parent Relationship": "Inner",
                                                                                                                                                        "Parallel Aware": true,
                                                                                                                                                        "Async Capable": false,
                                                                                                                                                        "Startup Cost": 441657.8,
                                                                                                                                                        "Total Cost": 441657.8,
                                                                                                                                                        "Plan Rows": 77,
                                                                                                                                                        "Plan Width": 35,
                                                                                                                                                        "Actual Startup Time": 2048.136,
                                                                                                                                                        "Actual Total Time": 2048.141,
                                                                                                                                                        "Actual Rows": 3864,
                                                                                                                                                        "Actual Loops": 2,
                                                                                                                                                        "Hash Buckets": 8192,
                                                                                                                                                        "Original Hash Buckets": 1024,
                                                                                                                                                        "Hash Batches": 1,
                                                                                                                                                        "Original Hash Batches": 1,
                                                                                                                                                        "Peak Memory Usage": 664,
                                                                                                                                                        "Workers": [],
                                                                                                                                                        "Plans": [
                                                                                                                                                            {
                                                                                                                                                                "Node Type": "Hash Join",
                                                                                                                                                                "Parent Relationship": "Outer",
                                                                                                                                                                "Parallel Aware": false,
                                                                                                                                                                "Async Capable": false,
                                                                                                                                                                "Join Type": "Inner",
                                                                                                                                                                "Startup Cost": 108148.92,
                                                                                                                                                                "Total Cost": 441657.8,
                                                                                                                                                                "Plan Rows": 77,
                                                                                                                                                                "Plan Width": 35,
                                                                                                                                                                "Actual Startup Time": 577.369,
                                                                                                                                                                "Actual Total Time": 2022.562,
                                                                                                                                                                "Actual Rows": 3864,
                                                                                                                                                                "Actual Loops": 2,
                                                                                                                                                                "Inner Unique": true,
                                                                                                                                                                "Hash Cond": "(ci.role_id = rt.id)",
                                                                                                                                                                "Workers": [],
                                                                                                                                                                "Plans": [
                                                                                                                                                                    {
                                                                                                                                                                        "Node Type": "Hash Join",
                                                                                                                                                                        "Parent Relationship": "Outer",
                                                                                                                                                                        "Parallel Aware": true,
                                                                                                                                                                        "Async Capable": false,
                                                                                                                                                                        "Join Type": "Inner",
                                                                                                                                                                        "Startup Cost": 108147.56,
                                                                                                                                                                        "Total Cost": 441656.08,
                                                                                                                                                                        "Plan Rows": 102,
                                                                                                                                                                        "Plan Width": 28,
                                                                                                                                                                        "Actual Startup Time": 577.351,
                                                                                                                                                                        "Actual Total Time": 2022.256,
                                                                                                                                                                        "Actual Rows": 3956,
                                                                                                                                                                        "Actual Loops": 2,
                                                                                                                                                                        "Inner Unique": false,
                                                                                                                                                                        "Hash Cond": "(ci.person_id = pi1.person_id)",
                                                                                                                                                                        "Workers": [],
                                                                                                                                                                        "Plans": [
                                                                                                                                                                            {
                                                                                                                                                                                "Node Type": "Hash Join",
                                                                                                                                                                                "Parent Relationship": "Outer",
                                                                                                                                                                                "Parallel Aware": true,
                                                                                                                                                                                "Async Capable": false,
                                                                                                                                                                                "Join Type": "Inner",
                                                                                                                                                                                "Startup Cost": 45963.5,
                                                                                                                                                                                "Total Cost": 374947.66,
                                                                                                                                                                                "Plan Rows": 361929,
                                                                                                                                                                                "Plan Width": 20,
                                                                                                                                                                                "Actual Startup Time": 65.018,
                                                                                                                                                                                "Actual Total Time": 1491.487,
                                                                                                                                                                                "Actual Rows": 647788,
                                                                                                                                                                                "Actual Loops": 2,
                                                                                                                                                                                "Inner Unique": true,
                                                                                                                                                                                "Hash Cond": "(ci.movie_id = t.id)",
                                                                                                                                                                                "Workers": [],
                                                                                                                                                                                "Plans": [
                                                                                                                                                                                    {
                                                                                                                                                                                        "Node Type": "Seq Scan",
                                                                                                                                                                                        "Parent Relationship": "Outer",
                                                                                                                                                                                        "Parallel Aware": true,
                                                                                                                                                                                        "Async Capable": false,
                                                                                                                                                                                        "Relation Name": "cast_info",
                                                                                                                                                                                        "Alias": "ci",
                                                                                                                                                                                        "Startup Cost": 0.0,
                                                                                                                                                                                        "Total Cost": 313127.24,
                                                                                                                                                                                        "Plan Rows": 6040724,
                                                                                                                                                                                        "Plan Width": 12,
                                                                                                                                                                                        "Actual Startup Time": 0.011,
                                                                                                                                                                                        "Actual Total Time": 563.446,
                                                                                                                                                                                        "Actual Rows": 18122172,
                                                                                                                                                                                        "Actual Loops": 2,
                                                                                                                                                                                        "Workers": []
                                                                                                                                                                                    },
                                                                                                                                                                                    {
                                                                                                                                                                                        "Node Type": "Hash",
                                                                                                                                                                                        "Parent Relationship": "Inner",
                                                                                                                                                                                        "Parallel Aware": true,
                                                                                                                                                                                        "Async Capable": false,
                                                                                                                                                                                        "Startup Cost": 45490.07,
                                                                                                                                                                                        "Total Cost": 45490.07,
                                                                                                                                                                                        "Plan Rows": 37874,
                                                                                                                                                                                        "Plan Width": 8,
                                                                                                                                                                                        "Actual Startup Time": 64.672,
                                                                                                                                                                                        "Actual Total Time": 64.672,
                                                                                                                                                                                        "Actual Rows": 76620,
                                                                                                                                                                                        "Actual Loops": 2,
                                                                                                                                                                                        "Hash Buckets": 262144,
                                                                                                                                                                                        "Original Hash Buckets": 262144,
                                                                                                                                                                                        "Hash Batches": 1,
                                                                                                                                                                                        "Original Hash Batches": 1,
                                                                                                                                                                                        "Peak Memory Usage": 8064,
                                                                                                                                                                                        "Workers": [],
                                                                                                                                                                                        "Plans": [
                                                                                                                                                                                            {
                                                                                                                                                                                                "Node Type": "Seq Scan",
                                                                                                                                                                                                "Parent Relationship": "Outer",
                                                                                                                                                                                                "Parallel Aware": true,
                                                                                                                                                                                                "Async Capable": false,
                                                                                                                                                                                                "Relation Name": "title",
                                                                                                                                                                                                "Alias": "t",
                                                                                                                                                                                                "Startup Cost": 0.0,
                                                                                                                                                                                                "Total Cost": 45490.07,
                                                                                                                                                                                                "Plan Rows": 37874,
                                                                                                                                                                                                "Plan Width": 8,
                                                                                                                                                                                                "Actual Startup Time": 2.345,
                                                                                                                                                                                                "Actual Total Time": 58.016,
                                                                                                                                                                                                "Actual Rows": 76620,
                                                                                                                                                                                                "Actual Loops": 2,
                                                                                                                                                                                                "Filter": "((production_year <= 1945) AND (production_year >= 1875))",
                                                                                                                                                                                                "Rows Removed by Filter": 1187536,
                                                                                                                                                                                                "Workers": []
                                                                                                                                                                                            }
                                                                                                                                                                                        ]
                                                                                                                                                                                    }
                                                                                                                                                                                ]
                                                                                                                                                                            },
                                                                                                                                                                            {
                                                                                                                                                                                "Node Type": "Hash",
                                                                                                                                                                                "Parent Relationship": "Inner",
                                                                                                                                                                                "Parallel Aware": true,
                                                                                                                                                                                "Async Capable": false,
                                                                                                                                                                                "Startup Cost": 62183.96,
                                                                                                                                                                                "Total Cost": 62183.96,
                                                                                                                                                                                "Plan Rows": 8,
                                                                                                                                                                                "Plan Width": 8,
                                                                                                                                                                                "Actual Startup Time": 510.211,
                                                                                                                                                                                "Actual Total Time": 510.211,
                                                                                                                                                                                "Actual Rows": 1050,
                                                                                                                                                                                "Actual Loops": 2,
                                                                                                                                                                                "Hash Buckets": 4096,
                                                                                                                                                                                "Original Hash Buckets": 1024,
                                                                                                                                                                                "Hash Batches": 1,
                                                                                                                                                                                "Original Hash Batches": 1,
                                                                                                                                                                                "Peak Memory Usage": 184,
                                                                                                                                                                                "Workers": [],
                                                                                                                                                                                "Plans": [
                                                                                                                                                                                    {
                                                                                                                                                                                        "Node Type": "Seq Scan",
                                                                                                                                                                                        "Parent Relationship": "Outer",
                                                                                                                                                                                        "Parallel Aware": true,
                                                                                                                                                                                        "Async Capable": false,
                                                                                                                                                                                        "Relation Name": "person_info",
                                                                                                                                                                                        "Alias": "pi1",
                                                                                                                                                                                        "Startup Cost": 0.0,
                                                                                                                                                                                        "Total Cost": 62183.96,
                                                                                                                                                                                        "Plan Rows": 8,
                                                                                                                                                                                        "Plan Width": 8,
                                                                                                                                                                                        "Actual Startup Time": 0.275,
                                                                                                                                                                                        "Actual Total Time": 426.211,
                                                                                                                                                                                        "Actual Rows": 1050,
                                                                                                                                                                                        "Actual Loops": 2,
                                                                                                                                                                                        "Filter": "((info ~~* '%1914%'::text) AND (info_type_id = 21))",
                                                                                                                                                                                        "Rows Removed by Filter": 1480782,
                                                                                                                                                                                        "Workers": []
                                                                                                                                                                                    }
                                                                                                                                                                                ]
                                                                                                                                                                            }
                                                                                                                                                                        ]
                                                                                                                                                                    },
                                                                                                                                                                    {
                                                                                                                                                                        "Node Type": "Hash",
                                                                                                                                                                        "Parent Relationship": "Inner",
                                                                                                                                                                        "Parallel Aware": false,
                                                                                                                                                                        "Async Capable": false,
                                                                                                                                                                        "Startup Cost": 1.25,
                                                                                                                                                                        "Total Cost": 1.25,
                                                                                                                                                                        "Plan Rows": 9,
                                                                                                                                                                        "Plan Width": 15,
                                                                                                                                                                        "Actual Startup Time": 0.012,
                                                                                                                                                                        "Actual Total Time": 0.012,
                                                                                                                                                                        "Actual Rows": 9,
                                                                                                                                                                        "Actual Loops": 2,
                                                                                                                                                                        "Hash Buckets": 1024,
                                                                                                                                                                        "Original Hash Buckets": 1024,
                                                                                                                                                                        "Hash Batches": 1,
                                                                                                                                                                        "Original Hash Batches": 1,
                                                                                                                                                                        "Peak Memory Usage": 9,
                                                                                                                                                                        "Workers": [],
                                                                                                                                                                        "Plans": [
                                                                                                                                                                            {
                                                                                                                                                                                "Node Type": "Seq Scan",
                                                                                                                                                                                "Parent Relationship": "Outer",
                                                                                                                                                                                "Parallel Aware": false,
                                                                                                                                                                                "Async Capable": false,
                                                                                                                                                                                "Relation Name": "role_type",
                                                                                                                                                                                "Alias": "rt",
                                                                                                                                                                                "Startup Cost": 0.0,
                                                                                                                                                                                "Total Cost": 1.25,
                                                                                                                                                                                "Plan Rows": 9,
                                                                                                                                                                                "Plan Width": 15,
                                                                                                                                                                                "Actual Startup Time": 0.008,
                                                                                                                                                                                "Actual Total Time": 0.01,
                                                                                                                                                                                "Actual Rows": 9,
                                                                                                                                                                                "Actual Loops": 2,
                                                                                                                                                                                "Filter": "((role)::text = ANY ('{actor,actress,cinematographer,\"costume designer\",director,editor,\"miscellaneous crew\",producer,writer}'::text[]))",
                                                                                                                                                                                "Rows Removed by Filter": 3,
                                                                                                                                                                                "Workers": []
                                                                                                                                                                            }
                                                                                                                                                                        ]
                                                                                                                                                                    }
                                                                                                                                                                ]
                                                                                                                                                            }
                                                                                                                                                        ]
                                                                                                                                                    }
                                                                                                                                                ]
                                                                                                                                            }
                                                                                                                                        ]
                                                                                                                                    }
                                                                                                                                ]
                                                                                                                            }
                                                                                                                        ]
                                                                                                                    }
                                                                                                                ]
                                                                                                            }
                                                                                                        ]
                                                                                                    }
                                                                                                ]
                                                                                            },
                                                                                            {
                                                                                                "Node Type": "Seq Scan",
                                                                                                "Parent Relationship": "Inner",
                                                                                                "Parallel Aware": false,
                                                                                                "Async Capable": false,
                                                                                                "Relation Name": "company_type",
                                                                                                "Alias": "ct",
                                                                                                "Startup Cost": 0.0,
                                                                                                "Total Cost": 1.04,
                                                                                                "Plan Rows": 4,
                                                                                                "Plan Width": 4,
                                                                                                "Actual Startup Time": 0.0,
                                                                                                "Actual Total Time": 0.0,
                                                                                                "Actual Rows": 1,
                                                                                                "Actual Loops": 55939,
                                                                                                "Workers": []
                                                                                            }
                                                                                        ]
                                                                                    },
                                                                                    {
                                                                                        "Node Type": "Seq Scan",
                                                                                        "Parent Relationship": "Inner",
                                                                                        "Parallel Aware": false,
                                                                                        "Async Capable": false,
                                                                                        "Relation Name": "kind_type",
                                                                                        "Alias": "kt",
                                                                                        "Startup Cost": 0.0,
                                                                                        "Total Cost": 1.13,
                                                                                        "Plan Rows": 7,
                                                                                        "Plan Width": 4,
                                                                                        "Actual Startup Time": 0.0,
                                                                                        "Actual Total Time": 0.0,
                                                                                        "Actual Rows": 1,
                                                                                        "Actual Loops": 55939,
                                                                                        "Filter": "((kind)::text = ANY ('{episode,movie,\"tv mini series\",\"tv movie\",\"tv series\",\"video game\",\"video movie\"}'::text[]))",
                                                                                        "Rows Removed by Filter": 0,
                                                                                        "Workers": []
                                                                                    }
                                                                                ]
                                                                            },
                                                                            {
                                                                                "Node Type": "Seq Scan",
                                                                                "Parent Relationship": "Inner",
                                                                                "Parallel Aware": false,
                                                                                "Async Capable": false,
                                                                                "Relation Name": "info_type",
                                                                                "Alias": "it1",
                                                                                "Startup Cost": 0.0,
                                                                                "Total Cost": 2.41,
                                                                                "Plan Rows": 1,
                                                                                "Plan Width": 4,
                                                                                "Actual Startup Time": 0.001,
                                                                                "Actual Total Time": 0.002,
                                                                                "Actual Rows": 1,
                                                                                "Actual Loops": 55939,
                                                                                "Filter": "(id = 5)",
                                                                                "Rows Removed by Filter": 112,
                                                                                "Workers": []
                                                                            }
                                                                        ]
                                                                    },
                                                                    {
                                                                        "Node Type": "Seq Scan",
                                                                        "Parent Relationship": "Inner",
                                                                        "Parallel Aware": false,
                                                                        "Async Capable": false,
                                                                        "Relation Name": "info_type",
                                                                        "Alias": "it2",
                                                                        "Startup Cost": 0.0,
                                                                        "Total Cost": 2.41,
                                                                        "Plan Rows": 1,
                                                                        "Plan Width": 4,
                                                                        "Actual Startup Time": 0.001,
                                                                        "Actual Total Time": 0.002,
                                                                        "Actual Rows": 1,
                                                                        "Actual Loops": 55939,
                                                                        "Filter": "(id = 21)",
                                                                        "Rows Removed by Filter": 112,
                                                                        "Workers": []
                                                                    }
                                                                ]
                                                            }
                                                        ]
                                                    }
                                                ]
                                            }
                                        ]
                                    }
                                ]
                            }
                        ]
                    },
                    "Planning Time": 9.519,
                    "Triggers": [],
                    "Execution Time": 3473.599
                }
            ],
            "hints": [
                "SET enable_hashjoin TO on",
                "SET enable_indexonlyscan TO on",
                "SET enable_indexscan TO off",
                "SET enable_mergejoin TO off",
                "SET enable_nestloop TO on",
                "SET enable_seqscan TO on"
            ]
        },
        {
            "arm": 3,
            "execution_time": 3353.067,
            "plan": [
                {
                    "Plan": {
                        "Node Type": "Sort",
                        "Parallel Aware": false,
                        "Async Capable": false,
                        "Startup Cost": 20000754294.07,
                        "Total Cost": 20000754294.08,
                        "Plan Rows": 2,
                        "Plan Width": 40,
                        "Actual Startup Time": 3324.426,
                        "Actual Total Time": 3352.945,
                        "Actual Rows": 3400,
                        "Actual Loops": 1,
                        "Sort Key": [
                            "(count(*)) DESC"
                        ],
                        "Sort Method": "quicksort",
                        "Sort Space Used": 320,
                        "Sort Space Type": "Memory",
                        "Plans": [
                            {
                                "Node Type": "Aggregate",
                                "Strategy": "Sorted",
                                "Partial Mode": "Simple",
                                "Parent Relationship": "Outer",
                                "Parallel Aware": false,
                                "Async Capable": false,
                                "Startup Cost": 20000754288.91,
                                "Total Cost": 20000754294.06,
                                "Plan Rows": 2,
                                "Plan Width": 40,
                                "Actual Startup Time": 3303.746,
                                "Actual Total Time": 3352.598,
                                "Actual Rows": 3400,
                                "Actual Loops": 1,
                                "Group Key": [
                                    "n.gender",
                                    "rt.role",
                                    "cn.name"
                                ],
                                "Plans": [
                                    {
                                        "Node Type": "Nested Loop",
                                        "Parent Relationship": "Outer",
                                        "Parallel Aware": false,
                                        "Async Capable": false,
                                        "Join Type": "Inner",
                                        "Startup Cost": 20000754288.91,
                                        "Total Cost": 20000754294.02,
                                        "Plan Rows": 2,
                                        "Plan Width": 32,
                                        "Actual Startup Time": 3303.712,
                                        "Actual Total Time": 3349.91,
                                        "Actual Rows": 55939,
                                        "Actual Loops": 1,
                                        "Inner Unique": false,
                                        "Plans": [
                                            {
                                                "Node Type": "Nested Loop",
                                                "Parent Relationship": "Outer",
                                                "Parallel Aware": false,
                                                "Async Capable": false,
                                                "Join Type": "Inner",
                                                "Startup Cost": 10000754288.91,
                                                "Total Cost": 10000754291.58,
                                                "Plan Rows": 2,
                                                "Plan Width": 36,
                                                "Actual Startup Time": 3303.709,
                                                "Actual Total Time": 3343.077,
                                                "Actual Rows": 55939,
                                                "Actual Loops": 1,
                                                "Inner Unique": false,
                                                "Plans": [
                                                    {
                                                        "Node Type": "Gather Merge",
                                                        "Parent Relationship": "Outer",
                                                        "Parallel Aware": false,
                                                        "Async Capable": false,
                                                        "Startup Cost": 754288.91,
                                                        "Total Cost": 754289.14,
                                                        "Plan Rows": 2,
                                                        "Plan Width": 40,
                                                        "Actual Startup Time": 3303.698,
                                                        "Actual Total Time": 3336.037,
                                                        "Actual Rows": 55939,
                                                        "Actual Loops": 1,
                                                        "Workers Planned": 1,
                                                        "Workers Launched": 1,
                                                        "Plans": [
                                                            {
                                                                "Node Type": "Sort",
                                                                "Parent Relationship": "Outer",
                                                                "Parallel Aware": false,
                                                                "Async Capable": false,
                                                                "Startup Cost": 753288.9,
                                                                "Total Cost": 753288.91,
                                                                "Plan Rows": 1,
                                                                "Plan Width": 40,
                                                                "Actual Startup Time": 3302.392,
                                                                "Actual Total Time": 3303.066,
                                                                "Actual Rows": 27970,
                                                                "Actual Loops": 2,
                                                                "Sort Key": [
                                                                    "n.gender COLLATE \"C\"",
                                                                    "rt.role COLLATE \"C\"",
                                                                    "cn.name COLLATE \"C\""
                                                                ],
                                                                "Sort Method": "quicksort",
                                                                "Sort Space Used": 2783,
                                                                "Sort Space Type": "Memory",
                                                                "Workers": [
                                                                    {
                                                                        "Worker Number": 0,
                                                                        "Sort Method": "quicksort",
                                                                        "Sort Space Used": 2391,
                                                                        "Sort Space Type": "Memory"
                                                                    }
                                                                ],
                                                                "Plans": [
                                                                    {
                                                                        "Node Type": "Hash Join",
                                                                        "Parent Relationship": "Outer",
                                                                        "Parallel Aware": false,
                                                                        "Async Capable": false,
                                                                        "Join Type": "Inner",
                                                                        "Startup Cost": 748348.17,
                                                                        "Total Cost": 753288.89,
                                                                        "Plan Rows": 1,
                                                                        "Plan Width": 40,
                                                                        "Actual Startup Time": 3279.128,
                                                                        "Actual Total Time": 3293.368,
                                                                        "Actual Rows": 27970,
                                                                        "Actual Loops": 2,
                                                                        "Inner Unique": true,
                                                                        "Hash Cond": "(t.kind_id = kt.id)",
                                                                        "Workers": [],
                                                                        "Plans": [
                                                                            {
                                                                                "Node Type": "Hash Join",
                                                                                "Parent Relationship": "Outer",
                                                                                "Parallel Aware": false,
                                                                                "Async Capable": false,
                                                                                "Join Type": "Inner",
                                                                                "Startup Cost": 748346.95,
                                                                                "Total Cost": 753287.67,
                                                                                "Plan Rows": 1,
                                                                                "Plan Width": 44,
                                                                                "Actual Startup Time": 3279.084,
                                                                                "Actual Total Time": 3291.676,
                                                                                "Actual Rows": 27970,
                                                                                "Actual Loops": 2,
                                                                                "Inner Unique": true,
                                                                                "Hash Cond": "(mc.company_type_id = ct.id)",
                                                                                "Workers": [],
                                                                                "Plans": [
                                                                                    {
                                                                                        "Node Type": "Hash Join",
                                                                                        "Parent Relationship": "Outer",
                                                                                        "Parallel Aware": true,
                                                                                        "Async Capable": false,
                                                                                        "Join Type": "Inner",
                                                                                        "Startup Cost": 748345.86,
                                                                                        "Total Cost": 753286.58,
                                                                                        "Plan Rows": 1,
                                                                                        "Plan Width": 48,
                                                                                        "Actual Startup Time": 3279.074,
                                                                                        "Actual Total Time": 3290.037,
                                                                                        "Actual Rows": 27970,
                                                                                        "Actual Loops": 2,
                                                                                        "Inner Unique": false,
                                                                                        "Hash Cond": "(cn.id = mc.company_id)",
                                                                                        "Workers": [],
                                                                                        "Plans": [
                                                                                            {
                                                                                                "Node Type": "Seq Scan",
                                                                                                "Parent Relationship": "Outer",
                                                                                                "Parallel Aware": true,
                                                                                                "Async Capable": false,
                                                                                                "Relation Name": "company_name",
                                                                                                "Alias": "cn",
                                                                                                "Startup Cost": 0.0,
                                                                                                "Total Cost": 4422.34,
                                                                                                "Plan Rows": 138234,
                                                                                                "Plan Width": 23,
                                                                                                "Actual Startup Time": 0.002,
                                                                                                "Actual Total Time": 4.873,
                                                                                                "Actual Rows": 117498,
                                                                                                "Actual Loops": 2,
                                                                                                "Workers": []
                                                                                            },
                                                                                            {
                                                                                                "Node Type": "Hash",
                                                                                                "Parent Relationship": "Inner",
                                                                                                "Parallel Aware": true,
                                                                                                "Async Capable": false,
                                                                                                "Startup Cost": 748345.84,
                                                                                                "Total Cost": 748345.84,
                                                                                                "Plan Rows": 1,
                                                                                                "Plan Width": 33,
                                                                                                "Actual Startup Time": 3278.985,
                                                                                                "Actual Total Time": 3279.055,
                                                                                                "Actual Rows": 27970,
                                                                                                "Actual Loops": 2,
                                                                                                "Hash Buckets": 65536,
                                                                                                "Original Hash Buckets": 1024,
                                                                                                "Hash Batches": 1,
                                                                                                "Original Hash Batches": 1,
                                                                                                "Peak Memory Usage": 4600,
                                                                                                "Workers": [],
                                                                                                "Plans": [
                                                                                                    {
                                                                                                        "Node Type": "Hash Join",
                                                                                                        "Parent Relationship": "Outer",
                                                                                                        "Parallel Aware": true,
                                                                                                        "Async Capable": false,
                                                                                                        "Join Type": "Inner",
                                                                                                        "Startup Cost": 717949.08,
                                                                                                        "Total Cost": 748345.84,
                                                                                                        "Plan Rows": 1,
                                                                                                        "Plan Width": 33,
                                                                                                        "Actual Startup Time": 3200.654,
                                                                                                        "Actual Total Time": 3275.838,
                                                                                                        "Actual Rows": 27970,
                                                                                                        "Actual Loops": 2,
                                                                                                        "Inner Unique": false,
                                                                                                        "Hash Cond": "(mc.movie_id = t.id)",
                                                                                                        "Workers": [],
                                                                                                        "Plans": [
                                                                                                            {
                                                                                                                "Node Type": "Seq Scan",
                                                                                                                "Parent Relationship": "Outer",
                                                                                                                "Parallel Aware": true,
                                                                                                                "Async Capable": false,
                                                                                                                "Relation Name": "movie_companies",
                                                                                                                "Alias": "mc",
                                                                                                                "Startup Cost": 0.0,
                                                                                                                "Total Cost": 27240.55,
                                                                                                                "Plan Rows": 841655,
                                                                                                                "Plan Width": 12,
                                                                                                                "Actual Startup Time": 0.003,
                                                                                                                "Actual Total Time": 44.507,
                                                                                                                "Actual Rows": 1304564,
                                                                                                                "Actual Loops": 2,
                                                                                                                "Workers": []
                                                                                                            },
                                                                                                            {
                                                                                                                "Node Type": "Hash",
                                                                                                                "Parent Relationship": "Inner",
                                                                                                                "Parallel Aware": true,
                                                                                                                "Async Capable": false,
                                                                                                                "Startup Cost": 717949.07,
                                                                                                                "Total Cost": 717949.07,
                                                                                                                "Plan Rows": 1,
                                                                                                                "Plan Width": 37,
                                                                                                                "Actual Startup Time": 3186.524,
                                                                                                                "Actual Total Time": 3186.593,
                                                                                                                "Actual Rows": 2622,
                                                                                                                "Actual Loops": 2,
                                                                                                                "Hash Buckets": 8192,
                                                                                                                "Original Hash Buckets": 1024,
                                                                                                                "Hash Batches": 1,
                                                                                                                "Original Hash Batches": 1,
                                                                                                                "Peak Memory Usage": 504,
                                                                                                                "Workers": [],
                                                                                                                "Plans": [
                                                                                                                    {
                                                                                                                        "Node Type": "Hash Join",
                                                                                                                        "Parent Relationship": "Outer",
                                                                                                                        "Parallel Aware": true,
                                                                                                                        "Async Capable": false,
                                                                                                                        "Join Type": "Inner",
                                                                                                                        "Startup Cost": 647967.29,
                                                                                                                        "Total Cost": 717949.07,
                                                                                                                        "Plan Rows": 1,
                                                                                                                        "Plan Width": 37,
                                                                                                                        "Actual Startup Time": 3032.451,
                                                                                                                        "Actual Total Time": 3174.089,
                                                                                                                        "Actual Rows": 2622,
                                                                                                                        "Actual Loops": 2,
                                                                                                                        "Inner Unique": false,
                                                                                                                        "Hash Cond": "(n.id = ci.person_id)",
                                                                                                                        "Workers": [],
                                                                                                                        "Plans": [
                                                                                                                            {
                                                                                                                                "Node Type": "Seq Scan",
                                                                                                                                "Parent Relationship": "Outer",
                                                                                                                                "Parallel Aware": true,
                                                                                                                                "Async Capable": false,
                                                                                                                                "Relation Name": "name",
                                                                                                                                "Alias": "n",
                                                                                                                                "Startup Cost": 0.0,
                                                                                                                                "Total Cost": 66074.73,
                                                                                                                                "Plan Rows": 1041873,
                                                                                                                                "Plan Width": 6,
                                                                                                                                "Actual Startup Time": 0.002,
                                                                                                                                "Actual Total Time": 69.277,
                                                                                                                                "Actual Rows": 2083746,
                                                                                                                                "Actual Loops": 2,
                                                                                                                                "Workers": []
                                                                                                                            },
                                                                                                                            {
                                                                                                                                "Node Type": "Hash",
                                                                                                                                "Parent Relationship": "Inner",
                                                                                                                                "Parallel Aware": true,
                                                                                                                                "Async Capable": false,
                                                                                                                                "Startup Cost": 647967.15,
                                                                                                                                "Total Cost": 647967.15,
                                                                                                                                "Plan Rows": 11,
                                                                                                                                "Plan Width": 43,
                                                                                                                                "Actual Startup Time": 3031.46,
                                                                                                                                "Actual Total Time": 3031.529,
                                                                                                                                "Actual Rows": 2622,
                                                                                                                                "Actual Loops": 2,
                                                                                                                                "Hash Buckets": 8192,
                                                                                                                                "Original Hash Buckets": 1024,
                                                                                                                                "Hash Batches": 1,
                                                                                                                                "Original Hash Batches": 1,
                                                                                                                                "Peak Memory Usage": 536,
                                                                                                                                "Workers": [],
                                                                                                                                "Plans": [
                                                                                                                                    {
                                                                                                                                        "Node Type": "Hash Join",
                                                                                                                                        "Parent Relationship": "Outer",
                                                                                                                                        "Parallel Aware": true,
                                                                                                                                        "Async Capable": false,
                                                                                                                                        "Join Type": "Inner",
                                                                                                                                        "Startup Cost": 441658.77,
                                                                                                                                        "Total Cost": 647967.15,
                                                                                                                                        "Plan Rows": 11,
                                                                                                                                        "Plan Width": 43,
                                                                                                                                        "Actual Startup Time": 2126.636,
                                                                                                                                        "Actual Total Time": 3029.245,
                                                                                                                                        "Actual Rows": 2622,
                                                                                                                                        "Actual Loops": 2,
                                                                                                                                        "Inner Unique": false,
                                                                                                                                        "Hash Cond": "(mi1.movie_id = t.id)",
                                                                                                                                        "Workers": [],
                                                                                                                                        "Plans": [
                                                                                                                                            {
                                                                                                                                                "Node Type": "Seq Scan",
                                                                                                                                                "Parent Relationship": "Outer",
                                                                                                                                                "Parallel Aware": true,
                                                                                                                                                "Async Capable": false,
                                                                                                                                                "Relation Name": "movie_info",
                                                                                                                                                "Alias": "mi1",
                                                                                                                                                "Startup Cost": 0.0,
                                                                                                                                                "Total Cost": 206090.53,
                                                                                                                                                "Plan Rows": 58089,
                                                                                                                                                "Plan Width": 8,
                                                                                                                                                "Actual Startup Time": 26.553,
                                                                                                                                                "Actual Total Time": 950.361,
                                                                                                                                                "Actual Rows": 131929,
                                                                                                                                                "Actual Loops": 2,
                                                                                                                                                "Filter": "((info ~~* '%r%'::text) AND (info_type_id = 5))",
                                                                                                                                                "Rows Removed by Filter": 7285931,
                                                                                                                                                "Workers": []
                                                                                                                                            },
                                                                                                                                            {
                                                                                                                                                "Node Type": "Hash",
                                                                                                                                                "Parent Relationship": "Inner",
                                                                                                                                                "Parallel Aware": true,
                                                                                                                                                "Async Capable": false,
                                                                                                                                                "Startup Cost": 441657.8,
                                                                                                                                                "Total Cost": 441657.8,
                                                                                                                                                "Plan Rows": 77,
                                                                                                                                                "Plan Width": 35,
                                                                                                                                                "Actual Startup Time": 2073.129,
                                                                                                                                                "Actual Total Time": 2073.196,
                                                                                                                                                "Actual Rows": 3864,
                                                                                                                                                "Actual Loops": 2,
                                                                                                                                                "Hash Buckets": 8192,
                                                                                                                                                "Original Hash Buckets": 1024,
                                                                                                                                                "Hash Batches": 1,
                                                                                                                                                "Original Hash Batches": 1,
                                                                                                                                                "Peak Memory Usage": 632,
                                                                                                                                                "Workers": [],
                                                                                                                                                "Plans": [
                                                                                                                                                    {
                                                                                                                                                        "Node Type": "Hash Join",
                                                                                                                                                        "Parent Relationship": "Outer",
                                                                                                                                                        "Parallel Aware": false,
                                                                                                                                                        "Async Capable": false,
                                                                                                                                                        "Join Type": "Inner",
                                                                                                                                                        "Startup Cost": 108148.92,
                                                                                                                                                        "Total Cost": 441657.8,
                                                                                                                                                        "Plan Rows": 77,
                                                                                                                                                        "Plan Width": 35,
                                                                                                                                                        "Actual Startup Time": 560.805,
                                                                                                                                                        "Actual Total Time": 2004.895,
                                                                                                                                                        "Actual Rows": 3864,
                                                                                                                                                        "Actual Loops": 2,
                                                                                                                                                        "Inner Unique": true,
                                                                                                                                                        "Hash Cond": "(ci.role_id = rt.id)",
                                                                                                                                                        "Workers": [],
                                                                                                                                                        "Plans": [
                                                                                                                                                            {
                                                                                                                                                                "Node Type": "Hash Join",
                                                                                                                                                                "Parent Relationship": "Outer",
                                                                                                                                                                "Parallel Aware": true,
                                                                                                                                                                "Async Capable": false,
                                                                                                                                                                "Join Type": "Inner",
                                                                                                                                                                "Startup Cost": 108147.56,
                                                                                                                                                                "Total Cost": 441656.08,
                                                                                                                                                                "Plan Rows": 102,
                                                                                                                                                                "Plan Width": 28,
                                                                                                                                                                "Actual Startup Time": 560.79,
                                                                                                                                                                "Actual Total Time": 2004.599,
                                                                                                                                                                "Actual Rows": 3956,
                                                                                                                                                                "Actual Loops": 2,
                                                                                                                                                                "Inner Unique": false,
                                                                                                                                                                "Hash Cond": "(ci.person_id = pi1.person_id)",
                                                                                                                                                                "Workers": [],
                                                                                                                                                                "Plans": [
                                                                                                                                                                    {
                                                                                                                                                                        "Node Type": "Hash Join",
                                                                                                                                                                        "Parent Relationship": "Outer",
                                                                                                                                                                        "Parallel Aware": true,
                                                                                                                                                                        "Async Capable": false,
                                                                                                                                                                        "Join Type": "Inner",
                                                                                                                                                                        "Startup Cost": 45963.5,
                                                                                                                                                                        "Total Cost": 374947.66,
                                                                                                                                                                        "Plan Rows": 361929,
                                                                                                                                                                        "Plan Width": 20,
                                                                                                                                                                        "Actual Startup Time": 59.424,
                                                                                                                                                                        "Actual Total Time": 1483.808,
                                                                                                                                                                        "Actual Rows": 647788,
                                                                                                                                                                        "Actual Loops": 2,
                                                                                                                                                                        "Inner Unique": true,
                                                                                                                                                                        "Hash Cond": "(ci.movie_id = t.id)",
                                                                                                                                                                        "Workers": [],
                                                                                                                                                                        "Plans": [
                                                                                                                                                                            {
                                                                                                                                                                                "Node Type": "Seq Scan",
                                                                                                                                                                                "Parent Relationship": "Outer",
                                                                                                                                                                                "Parallel Aware": true,
                                                                                                                                                                                "Async Capable": false,
                                                                                                                                                                                "Relation Name": "cast_info",
                                                                                                                                                                                "Alias": "ci",
                                                                                                                                                                                "Startup Cost": 0.0,
                                                                                                                                                                                "Total Cost": 313127.24,
                                                                                                                                                                                "Plan Rows": 6040724,
                                                                                                                                                                                "Plan Width": 12,
                                                                                                                                                                                "Actual Startup Time": 0.016,
                                                                                                                                                                                "Actual Total Time": 563.401,
                                                                                                                                                                                "Actual Rows": 18122172,
                                                                                                                                                                                "Actual Loops": 2,
                                                                                                                                                                                "Workers": []
                                                                                                                                                                            },
                                                                                                                                                                            {
                                                                                                                                                                                "Node Type": "Hash",
                                                                                                                                                                                "Parent Relationship": "Inner",
                                                                                                                                                                                "Parallel Aware": true,
                                                                                                                                                                                "Async Capable": false,
                                                                                                                                                                                "Startup Cost": 45490.07,
                                                                                                                                                                                "Total Cost": 45490.07,
                                                                                                                                                                                "Plan Rows": 37874,
                                                                                                                                                                                "Plan Width": 8,
                                                                                                                                                                                "Actual Startup Time": 59.122,
                                                                                                                                                                                "Actual Total Time": 59.123,
                                                                                                                                                                                "Actual Rows": 76620,
                                                                                                                                                                                "Actual Loops": 2,
                                                                                                                                                                                "Hash Buckets": 262144,
                                                                                                                                                                                "Original Hash Buckets": 262144,
                                                                                                                                                                                "Hash Batches": 1,
                                                                                                                                                                                "Original Hash Batches": 1,
                                                                                                                                                                                "Peak Memory Usage": 8064,
                                                                                                                                                                                "Workers": [],
                                                                                                                                                                                "Plans": [
                                                                                                                                                                                    {
                                                                                                                                                                                        "Node Type": "Seq Scan",
                                                                                                                                                                                        "Parent Relationship": "Outer",
                                                                                                                                                                                        "Parallel Aware": true,
                                                                                                                                                                                        "Async Capable": false,
                                                                                                                                                                                        "Relation Name": "title",
                                                                                                                                                                                        "Alias": "t",
                                                                                                                                                                                        "Startup Cost": 0.0,
                                                                                                                                                                                        "Total Cost": 45490.07,
                                                                                                                                                                                        "Plan Rows": 37874,
                                                                                                                                                                                        "Plan Width": 8,
                                                                                                                                                                                        "Actual Startup Time": 1.192,
                                                                                                                                                                                        "Actual Total Time": 52.725,
                                                                                                                                                                                        "Actual Rows": 76620,
                                                                                                                                                                                        "Actual Loops": 2,
                                                                                                                                                                                        "Filter": "((production_year <= 1945) AND (production_year >= 1875))",
                                                                                                                                                                                        "Rows Removed by Filter": 1187536,
                                                                                                                                                                                        "Workers": []
                                                                                                                                                                                    }
                                                                                                                                                                                ]
                                                                                                                                                                            }
                                                                                                                                                                        ]
                                                                                                                                                                    },
                                                                                                                                                                    {
                                                                                                                                                                        "Node Type": "Hash",
                                                                                                                                                                        "Parent Relationship": "Inner",
                                                                                                                                                                        "Parallel Aware": true,
                                                                                                                                                                        "Async Capable": false,
                                                                                                                                                                        "Startup Cost": 62183.96,
                                                                                                                                                                        "Total Cost": 62183.96,
                                                                                                                                                                        "Plan Rows": 8,
                                                                                                                                                                        "Plan Width": 8,
                                                                                                                                                                        "Actual Startup Time": 499.354,
                                                                                                                                                                        "Actual Total Time": 499.354,
                                                                                                                                                                        "Actual Rows": 1050,
                                                                                                                                                                        "Actual Loops": 2,
                                                                                                                                                                        "Hash Buckets": 4096,
                                                                                                                                                                        "Original Hash Buckets": 1024,
                                                                                                                                                                        "Hash Batches": 1,
                                                                                                                                                                        "Original Hash Batches": 1,
                                                                                                                                                                        "Peak Memory Usage": 184,
                                                                                                                                                                        "Workers": [],
                                                                                                                                                                        "Plans": [
                                                                                                                                                                            {
                                                                                                                                                                                "Node Type": "Seq Scan",
                                                                                                                                                                                "Parent Relationship": "Outer",
                                                                                                                                                                                "Parallel Aware": true,
                                                                                                                                                                                "Async Capable": false,
                                                                                                                                                                                "Relation Name": "person_info",
                                                                                                                                                                                "Alias": "pi1",
                                                                                                                                                                                "Startup Cost": 0.0,
                                                                                                                                                                                "Total Cost": 62183.96,
                                                                                                                                                                                "Plan Rows": 8,
                                                                                                                                                                                "Plan Width": 8,
                                                                                                                                                                                "Actual Startup Time": 0.26,
                                                                                                                                                                                "Actual Total Time": 421.744,
                                                                                                                                                                                "Actual Rows": 1050,
                                                                                                                                                                                "Actual Loops": 2,
                                                                                                                                                                                "Filter": "((info ~~* '%1914%'::text) AND (info_type_id = 21))",
                                                                                                                                                                                "Rows Removed by Filter": 1480782,
                                                                                                                                                                                "Workers": []
                                                                                                                                                                            }
                                                                                                                                                                        ]
                                                                                                                                                                    }
                                                                                                                                                                ]
                                                                                                                                                            },
                                                                                                                                                            {
                                                                                                                                                                "Node Type": "Hash",
                                                                                                                                                                "Parent Relationship": "Inner",
                                                                                                                                                                "Parallel Aware": false,
                                                                                                                                                                "Async Capable": false,
                                                                                                                                                                "Startup Cost": 1.25,
                                                                                                                                                                "Total Cost": 1.25,
                                                                                                                                                                "Plan Rows": 9,
                                                                                                                                                                "Plan Width": 15,
                                                                                                                                                                "Actual Startup Time": 0.01,
                                                                                                                                                                "Actual Total Time": 0.01,
                                                                                                                                                                "Actual Rows": 9,
                                                                                                                                                                "Actual Loops": 2,
                                                                                                                                                                "Hash Buckets": 1024,
                                                                                                                                                                "Original Hash Buckets": 1024,
                                                                                                                                                                "Hash Batches": 1,
                                                                                                                                                                "Original Hash Batches": 1,
                                                                                                                                                                "Peak Memory Usage": 9,
                                                                                                                                                                "Workers": [],
                                                                                                                                                                "Plans": [
                                                                                                                                                                    {
                                                                                                                                                                        "Node Type": "Seq Scan",
                                                                                                                                                                        "Parent Relationship": "Outer",
                                                                                                                                                                        "Parallel Aware": false,
                                                                                                                                                                        "Async Capable": false,
                                                                                                                                                                        "Relation Name": "role_type",
                                                                                                                                                                        "Alias": "rt",
                                                                                                                                                                        "Startup Cost": 0.0,
                                                                                                                                                                        "Total Cost": 1.25,
                                                                                                                                                                        "Plan Rows": 9,
                                                                                                                                                                        "Plan Width": 15,
                                                                                                                                                                        "Actual Startup Time": 0.007,
                                                                                                                                                                        "Actual Total Time": 0.009,
                                                                                                                                                                        "Actual Rows": 9,
                                                                                                                                                                        "Actual Loops": 2,
                                                                                                                                                                        "Filter": "((role)::text = ANY ('{actor,actress,cinematographer,\"costume designer\",director,editor,\"miscellaneous crew\",producer,writer}'::text[]))",
                                                                                                                                                                        "Rows Removed by Filter": 3,
                                                                                                                                                                        "Workers": []
                                                                                                                                                                    }
                                                                                                                                                                ]
                                                                                                                                                            }
                                                                                                                                                        ]
                                                                                                                                                    }
                                                                                                                                                ]
                                                                                                                                            }
                                                                                                                                        ]
                                                                                                                                    }
                                                                                                                                ]
                                                                                                                            }
                                                                                                                        ]
                                                                                                                    }
                                                                                                                ]
                                                                                                            }
                                                                                                        ]
                                                                                                    }
                                                                                                ]
                                                                                            }
                                                                                        ]
                                                                                    },
                                                                                    {
                                                                                        "Node Type": "Hash",
                                                                                        "Parent Relationship": "Inner",
                                                                                        "Parallel Aware": false,
                                                                                        "Async Capable": false,
                                                                                        "Startup Cost": 1.04,
                                                                                        "Total Cost": 1.04,
                                                                                        "Plan Rows": 4,
                                                                                        "Plan Width": 4,
                                                                                        "Actual Startup Time": 0.005,
                                                                                        "Actual Total Time": 0.006,
                                                                                        "Actual Rows": 4,
                                                                                        "Actual Loops": 2,
                                                                                        "Hash Buckets": 1024,
                                                                                        "Original Hash Buckets": 1024,
                                                                                        "Hash Batches": 1,
                                                                                        "Original Hash Batches": 1,
                                                                                        "Peak Memory Usage": 9,
                                                                                        "Workers": [],
                                                                                        "Plans": [
                                                                                            {
                                                                                                "Node Type": "Seq Scan",
                                                                                                "Parent Relationship": "Outer",
                                                                                                "Parallel Aware": false,
                                                                                                "Async Capable": false,
                                                                                                "Relation Name": "company_type",
                                                                                                "Alias": "ct",
                                                                                                "Startup Cost": 0.0,
                                                                                                "Total Cost": 1.04,
                                                                                                "Plan Rows": 4,
                                                                                                "Plan Width": 4,
                                                                                                "Actual Startup Time": 0.005,
                                                                                                "Actual Total Time": 0.005,
                                                                                                "Actual Rows": 4,
                                                                                                "Actual Loops": 2,
                                                                                                "Workers": []
                                                                                            }
                                                                                        ]
                                                                                    }
                                                                                ]
                                                                            },
                                                                            {
                                                                                "Node Type": "Hash",
                                                                                "Parent Relationship": "Inner",
                                                                                "Parallel Aware": false,
                                                                                "Async Capable": false,
                                                                                "Startup Cost": 1.13,
                                                                                "Total Cost": 1.13,
                                                                                "Plan Rows": 7,
                                                                                "Plan Width": 4,
                                                                                "Actual Startup Time": 0.01,
                                                                                "Actual Total Time": 0.01,
                                                                                "Actual Rows": 7,
                                                                                "Actual Loops": 2,
                                                                                "Hash Buckets": 1024,
                                                                                "Original Hash Buckets": 1024,
                                                                                "Hash Batches": 1,
                                                                                "Original Hash Batches": 1,
                                                                                "Peak Memory Usage": 9,
                                                                                "Workers": [],
                                                                                "Plans": [
                                                                                    {
                                                                                        "Node Type": "Seq Scan",
                                                                                        "Parent Relationship": "Outer",
                                                                                        "Parallel Aware": false,
                                                                                        "Async Capable": false,
                                                                                        "Relation Name": "kind_type",
                                                                                        "Alias": "kt",
                                                                                        "Startup Cost": 0.0,
                                                                                        "Total Cost": 1.13,
                                                                                        "Plan Rows": 7,
                                                                                        "Plan Width": 4,
                                                                                        "Actual Startup Time": 0.007,
                                                                                        "Actual Total Time": 0.008,
                                                                                        "Actual Rows": 7,
                                                                                        "Actual Loops": 2,
                                                                                        "Filter": "((kind)::text = ANY ('{episode,movie,\"tv mini series\",\"tv movie\",\"tv series\",\"video game\",\"video movie\"}'::text[]))",
                                                                                        "Rows Removed by Filter": 0,
                                                                                        "Workers": []
                                                                                    }
                                                                                ]
                                                                            }
                                                                        ]
                                                                    }
                                                                ]
                                                            }
                                                        ]
                                                    },
                                                    {
                                                        "Node Type": "Materialize",
                                                        "Parent Relationship": "Inner",
                                                        "Parallel Aware": false,
                                                        "Async Capable": false,
                                                        "Startup Cost": 0.0,
                                                        "Total Cost": 2.42,
                                                        "Plan Rows": 1,
                                                        "Plan Width": 4,
                                                        "Actual Startup Time": 0.0,
                                                        "Actual Total Time": 0.0,
                                                        "Actual Rows": 1,
                                                        "Actual Loops": 55939,
                                                        "Plans": [
                                                            {
                                                                "Node Type": "Seq Scan",
                                                                "Parent Relationship": "Outer",
                                                                "Parallel Aware": false,
                                                                "Async Capable": false,
                                                                "Relation Name": "info_type",
                                                                "Alias": "it1",
                                                                "Startup Cost": 0.0,
                                                                "Total Cost": 2.41,
                                                                "Plan Rows": 1,
                                                                "Plan Width": 4,
                                                                "Actual Startup Time": 0.007,
                                                                "Actual Total Time": 0.009,
                                                                "Actual Rows": 1,
                                                                "Actual Loops": 1,
                                                                "Filter": "(id = 5)",
                                                                "Rows Removed by Filter": 112
                                                            }
                                                        ]
                                                    }
                                                ]
                                            },
                                            {
                                                "Node Type": "Materialize",
                                                "Parent Relationship": "Inner",
                                                "Parallel Aware": false,
                                                "Async Capable": false,
                                                "Startup Cost": 0.0,
                                                "Total Cost": 2.42,
                                                "Plan Rows": 1,
                                                "Plan Width": 4,
                                                "Actual Startup Time": 0.0,
                                                "Actual Total Time": 0.0,
                                                "Actual Rows": 1,
                                                "Actual Loops": 55939,
                                                "Plans": [
                                                    {
                                                        "Node Type": "Seq Scan",
                                                        "Parent Relationship": "Outer",
                                                        "Parallel Aware": false,
                                                        "Async Capable": false,
                                                        "Relation Name": "info_type",
                                                        "Alias": "it2",
                                                        "Startup Cost": 0.0,
                                                        "Total Cost": 2.41,
                                                        "Plan Rows": 1,
                                                        "Plan Width": 4,
                                                        "Actual Startup Time": 0.002,
                                                        "Actual Total Time": 0.003,
                                                        "Actual Rows": 1,
                                                        "Actual Loops": 1,
                                                        "Filter": "(id = 21)",
                                                        "Rows Removed by Filter": 112
                                                    }
                                                ]
                                            }
                                        ]
                                    }
                                ]
                            }
                        ]
                    },
                    "Planning Time": 11.176,
                    "Triggers": [],
                    "Execution Time": 3353.067
                }
            ],
            "hints": [
                "SET enable_hashjoin TO on",
                "SET enable_indexonlyscan TO on",
                "SET enable_indexscan TO off",
                "SET enable_mergejoin TO off",
                "SET enable_nestloop TO off",
                "SET enable_seqscan TO on"
            ]
        },
        {
            "arm": 4,
            "execution_time": 361.928,
            "plan": [
                {
                    "Plan": {
                        "Node Type": "Sort",
                        "Parallel Aware": false,
                        "Async Capable": false,
                        "Startup Cost": 64876.44,
                        "Total Cost": 64876.44,
                        "Plan Rows": 2,
                        "Plan Width": 40,
                        "Actual Startup Time": 361.649,
                        "Actual Total Time": 361.811,
                        "Actual Rows": 3400,
                        "Actual Loops": 1,
                        "Sort Key": [
                            "(count(*)) DESC"
                        ],
                        "Sort Method": "quicksort",
                        "Sort Space Used": 320,
                        "Sort Space Type": "Memory",
                        "Plans": [
                            {
                                "Node Type": "Aggregate",
                                "Strategy": "Sorted",
                                "Partial Mode": "Simple",
                                "Parent Relationship": "Outer",
                                "Parallel Aware": false,
                                "Async Capable": false,
                                "Startup Cost": 64876.38,
                                "Total Cost": 64876.43,
                                "Plan Rows": 2,
                                "Plan Width": 40,
                                "Actual Startup Time": 355.841,
                                "Actual Total Time": 361.467,
                                "Actual Rows": 3400,
                                "Actual Loops": 1,
                                "Group Key": [
                                    "n.gender",
                                    "rt.role",
                                    "cn.name"
                                ],
                                "Plans": [
                                    {
                                        "Node Type": "Sort",
                                        "Parent Relationship": "Outer",
                                        "Parallel Aware": false,
                                        "Async Capable": false,
                                        "Startup Cost": 64876.38,
                                        "Total Cost": 64876.39,
                                        "Plan Rows": 2,
                                        "Plan Width": 32,
                                        "Actual Startup Time": 355.82,
                                        "Actual Total Time": 357.608,
                                        "Actual Rows": 55939,
                                        "Actual Loops": 1,
                                        "Sort Key": [
                                            "n.gender COLLATE \"C\"",
                                            "rt.role COLLATE \"C\"",
                                            "cn.name COLLATE \"C\""
                                        ],
                                        "Sort Method": "quicksort",
                                        "Sort Space Used": 4736,
                                        "Sort Space Type": "Memory",
                                        "Plans": [
                                            {
                                                "Node Type": "Gather",
                                                "Parent Relationship": "Outer",
                                                "Parallel Aware": false,
                                                "Async Capable": false,
                                                "Startup Cost": 1004.22,
                                                "Total Cost": 64876.37,
                                                "Plan Rows": 2,
                                                "Plan Width": 32,
                                                "Actual Startup Time": 5.983,
                                                "Actual Total Time": 337.214,
                                                "Actual Rows": 55939,
                                                "Actual Loops": 1,
                                                "Workers Planned": 4,
                                                "Workers Launched": 4,
                                                "Single Copy": false,
                                                "Plans": [
                                                    {
                                                        "Node Type": "Nested Loop",
                                                        "Parent Relationship": "Outer",
                                                        "Parallel Aware": false,
                                                        "Async Capable": false,
                                                        "Join Type": "Inner",
                                                        "Startup Cost": 4.22,
                                                        "Total Cost": 63876.17,
                                                        "Plan Rows": 1,
                                                        "Plan Width": 32,
                                                        "Actual Startup Time": 3.711,
                                                        "Actual Total Time": 333.5,
                                                        "Actual Rows": 11188,
                                                        "Actual Loops": 5,
                                                        "Inner Unique": false,
                                                        "Workers": [],
                                                        "Plans": [
                                                            {
                                                                "Node Type": "Nested Loop",
                                                                "Parent Relationship": "Outer",
                                                                "Parallel Aware": false,
                                                                "Async Capable": false,
                                                                "Join Type": "Inner",
                                                                "Startup Cost": 4.22,
                                                                "Total Cost": 63873.75,
                                                                "Plan Rows": 1,
                                                                "Plan Width": 36,
                                                                "Actual Startup Time": 3.709,
                                                                "Actual Total Time": 306.767,
                                                                "Actual Rows": 11188,
                                                                "Actual Loops": 5,
                                                                "Inner Unique": false,
                                                                "Workers": [],
                                                                "Plans": [
                                                                    {
                                                                        "Node Type": "Nested Loop",
                                                                        "Parent Relationship": "Outer",
                                                                        "Parallel Aware": false,
                                                                        "Async Capable": false,
                                                                        "Join Type": "Inner",
                                                                        "Startup Cost": 4.22,
                                                                        "Total Cost": 63871.33,
                                                                        "Plan Rows": 1,
                                                                        "Plan Width": 40,
                                                                        "Actual Startup Time": 3.704,
                                                                        "Actual Total Time": 279.098,
                                                                        "Actual Rows": 11188,
                                                                        "Actual Loops": 5,
                                                                        "Inner Unique": true,
                                                                        "Workers": [],
                                                                        "Plans": [
                                                                            {
                                                                                "Node Type": "Nested Loop",
                                                                                "Parent Relationship": "Outer",
                                                                                "Parallel Aware": false,
                                                                                "Async Capable": false,
                                                                                "Join Type": "Inner",
                                                                                "Startup Cost": 4.08,
                                                                                "Total Cost": 63871.16,
                                                                                "Plan Rows": 1,
                                                                                "Plan Width": 44,
                                                                                "Actual Startup Time": 3.697,
                                                                                "Actual Total Time": 274.774,
                                                                                "Actual Rows": 11188,
                                                                                "Actual Loops": 5,
                                                                                "Inner Unique": true,
                                                                                "Workers": [],
                                                                                "Plans": [
                                                                                    {
                                                                                        "Node Type": "Nested Loop",
                                                                                        "Parent Relationship": "Outer",
                                                                                        "Parallel Aware": false,
                                                                                        "Async Capable": false,
                                                                                        "Join Type": "Inner",
                                                                                        "Startup Cost": 3.95,
                                                                                        "Total Cost": 63871.01,
                                                                                        "Plan Rows": 1,
                                                                                        "Plan Width": 48,
                                                                                        "Actual Startup Time": 3.687,
                                                                                        "Actual Total Time": 270.666,
                                                                                        "Actual Rows": 11188,
                                                                                        "Actual Loops": 5,
                                                                                        "Inner Unique": true,
                                                                                        "Workers": [],
                                                                                        "Plans": [
                                                                                            {
                                                                                                "Node Type": "Nested Loop",
                                                                                                "Parent Relationship": "Outer",
                                                                                                "Parallel Aware": false,
                                                                                                "Async Capable": false,
                                                                                                "Join Type": "Inner",
                                                                                                "Startup Cost": 3.53,
                                                                                                "Total Cost": 63869.8,
                                                                                                "Plan Rows": 1,
                                                                                                "Plan Width": 33,
                                                                                                "Actual Startup Time": 3.675,
                                                                                                "Actual Total Time": 261.808,
                                                                                                "Actual Rows": 11188,
                                                                                                "Actual Loops": 5,
                                                                                                "Inner Unique": false,
                                                                                                "Join Filter": "(t.id = mc.movie_id)",
                                                                                                "Rows Removed by Join Filter": 0,
                                                                                                "Workers": [],
                                                                                                "Plans": [
                                                                                                    {
                                                                                                        "Node Type": "Nested Loop",
                                                                                                        "Parent Relationship": "Outer",
                                                                                                        "Parallel Aware": false,
                                                                                                        "Async Capable": false,
                                                                                                        "Join Type": "Inner",
                                                                                                        "Startup Cost": 3.1,
                                                                                                        "Total Cost": 63867.05,
                                                                                                        "Plan Rows": 1,
                                                                                                        "Plan Width": 37,
                                                                                                        "Actual Startup Time": 3.659,
                                                                                                        "Actual Total Time": 256.741,
                                                                                                        "Actual Rows": 1049,
                                                                                                        "Actual Loops": 5,
                                                                                                        "Inner Unique": false,
                                                                                                        "Join Filter": "(t.id = mi1.movie_id)",
                                                                                                        "Rows Removed by Join Filter": 0,
                                                                                                        "Workers": [],
                                                                                                        "Plans": [
                                                                                                            {
                                                                                                                "Node Type": "Nested Loop",
                                                                                                                "Parent Relationship": "Outer",
                                                                                                                "Parallel Aware": false,
                                                                                                                "Async Capable": false,
                                                                                                                "Join Type": "Inner",
                                                                                                                "Startup Cost": 2.67,
                                                                                                                "Total Cost": 63796.73,
                                                                                                                "Plan Rows": 3,
                                                                                                                "Plan Width": 29,
                                                                                                                "Actual Startup Time": 2.173,
                                                                                                                "Actual Total Time": 224.68,
                                                                                                                "Actual Rows": 1546,
                                                                                                                "Actual Loops": 5,
                                                                                                                "Inner Unique": true,
                                                                                                                "Workers": [],
                                                                                                                "Plans": [
                                                                                                                    {
                                                                                                                        "Node Type": "Hash Join",
                                                                                                                        "Parent Relationship": "Outer",
                                                                                                                        "Parallel Aware": false,
                                                                                                                        "Async Capable": false,
                                                                                                                        "Join Type": "Inner",
                                                                                                                        "Startup Cost": 2.24,
                                                                                                                        "Total Cost": 63725.32,
                                                                                                                        "Plan Rows": 54,
                                                                                                                        "Plan Width": 21,
                                                                                                                        "Actual Startup Time": 0.532,
                                                                                                                        "Actual Total Time": 182.449,
                                                                                                                        "Actual Rows": 17228,
                                                                                                                        "Actual Loops": 5,
                                                                                                                        "Inner Unique": true,
                                                                                                                        "Hash Cond": "(ci.role_id = rt.id)",
                                                                                                                        "Workers": [],
                                                                                                                        "Plans": [
                                                                                                                            {
                                                                                                                                "Node Type": "Nested Loop",
                                                                                                                                "Parent Relationship": "Outer",
                                                                                                                                "Parallel Aware": false,
                                                                                                                                "Async Capable": false,
                                                                                                                                "Join Type": "Inner",
                                                                                                                                "Startup Cost": 0.87,
                                                                                                                                "Total Cost": 63723.69,
                                                                                                                                "Plan Rows": 72,
                                                                                                                                "Plan Width": 14,
                                                                                                                                "Actual Startup Time": 0.481,
                                                                                                                                "Actual Total Time": 181.089,
                                                                                                                                "Actual Rows": 17836,
                                                                                                                                "Actual Loops": 5,
                                                                                                                                "Inner Unique": false,
                                                                                                                                "Workers": [],
                                                                                                                                "Plans": [
                                                                                                                                    {
                                                                                                                                        "Node Type": "Nested Loop",
                                                                                                                                        "Parent Relationship": "Outer",
                                                                                                                                        "Parallel Aware": false,
                                                                                                                                        "Async Capable": false,
                                                                                                                                        "Join Type": "Inner",
                                                                                                                                        "Startup Cost": 0.43,
                                                                                                                                        "Total Cost": 62251.54,
                                                                                                                                        "Plan Rows": 8,
                                                                                                                                        "Plan Width": 14,
                                                                                                                                        "Actual Startup Time": 0.458,
                                                                                                                                        "Actual Total Time": 176.037,
                                                                                                                                        "Actual Rows": 420,
                                                                                                                                        "Actual Loops": 5,
                                                                                                                                        "Inner Unique": true,
                                                                                                                                        "Workers": [],
                                                                                                                                        "Plans": [
                                                                                                                                            {
                                                                                                                                                "Node Type": "Seq Scan",
                                                                                                                                                "Parent Relationship": "Outer",
                                                                                                                                                "Parallel Aware": true,
                                                                                                                                                "Async Capable": false,
                                                                                                                                                "Relation Name": "person_info",
                                                                                                                                                "Alias": "pi1",
                                                                                                                                                "Startup Cost": 0.0,
                                                                                                                                                "Total Cost": 62183.96,
                                                                                                                                                "Plan Rows": 8,
                                                                                                                                                "Plan Width": 8,
                                                                                                                                                "Actual Startup Time": 0.431,
                                                                                                                                                "Actual Total Time": 174.078,
                                                                                                                                                "Actual Rows": 420,
                                                                                                                                                "Actual Loops": 5,
                                                                                                                                                "Filter": "((info ~~* '%1914%'::text) AND (info_type_id = 21))",
                                                                                                                                                "Rows Removed by Filter": 592313,
                                                                                                                                                "Workers": []
                                                                                                                                            },
                                                                                                                                            {
                                                                                                                                                "Node Type": "Index Scan",
                                                                                                                                                "Parent Relationship": "Inner",
                                                                                                                                                "Parallel Aware": false,
                                                                                                                                                "Async Capable": false,
                                                                                                                                                "Scan Direction": "Forward",
                                                                                                                                                "Index Name": "name_pkey",
                                                                                                                                                "Relation Name": "name",
                                                                                                                                                "Alias": "n",
                                                                                                                                                "Startup Cost": 0.43,
                                                                                                                                                "Total Cost": 8.45,
                                                                                                                                                "Plan Rows": 1,
                                                                                                                                                "Plan Width": 6,
                                                                                                                                                "Actual Startup Time": 0.004,
                                                                                                                                                "Actual Total Time": 0.004,
                                                                                                                                                "Actual Rows": 1,
                                                                                                                                                "Actual Loops": 2099,
                                                                                                                                                "Index Cond": "(id = pi1.person_id)",
                                                                                                                                                "Rows Removed by Index Recheck": 0,
                                                                                                                                                "Workers": []
                                                                                                                                            }
                                                                                                                                        ]
                                                                                                                                    },
                                                                                                                                    {
                                                                                                                                        "Node Type": "Index Scan",
                                                                                                                                        "Parent Relationship": "Inner",
                                                                                                                                        "Parallel Aware": false,
                                                                                                                                        "Async Capable": false,
                                                                                                                                        "Scan Direction": "Forward",
                                                                                                                                        "Index Name": "person_id_cast_info",
                                                                                                                                        "Relation Name": "cast_info",
                                                                                                                                        "Alias": "ci",
                                                                                                                                        "Startup Cost": 0.44,
                                                                                                                                        "Total Cost": 179.08,
                                                                                                                                        "Plan Rows": 494,
                                                                                                                                        "Plan Width": 12,
                                                                                                                                        "Actual Startup Time": 0.005,
                                                                                                                                        "Actual Total Time": 0.01,
                                                                                                                                        "Actual Rows": 42,
                                                                                                                                        "Actual Loops": 2099,
                                                                                                                                        "Index Cond": "(person_id = n.id)",
                                                                                                                                        "Rows Removed by Index Recheck": 0,
                                                                                                                                        "Workers": []
                                                                                                                                    }
                                                                                                                                ]
                                                                                                                            },
                                                                                                                            {
                                                                                                                                "Node Type": "Hash",
                                                                                                                                "Parent Relationship": "Inner",
                                                                                                                                "Parallel Aware": false,
                                                                                                                                "Async Capable": false,
                                                                                                                                "Startup Cost": 1.25,
                                                                                                                                "Total Cost": 1.25,
                                                                                                                                "Plan Rows": 9,
                                                                                                                                "Plan Width": 15,
                                                                                                                                "Actual Startup Time": 0.01,
                                                                                                                                "Actual Total Time": 0.01,
                                                                                                                                "Actual Rows": 9,
                                                                                                                                "Actual Loops": 5,
                                                                                                                                "Hash Buckets": 1024,
                                                                                                                                "Original Hash Buckets": 1024,
                                                                                                                                "Hash Batches": 1,
                                                                                                                                "Original Hash Batches": 1,
                                                                                                                                "Peak Memory Usage": 9,
                                                                                                                                "Workers": [],
                                                                                                                                "Plans": [
                                                                                                                                    {
                                                                                                                                        "Node Type": "Seq Scan",
                                                                                                                                        "Parent Relationship": "Outer",
                                                                                                                                        "Parallel Aware": false,
                                                                                                                                        "Async Capable": false,
                                                                                                                                        "Relation Name": "role_type",
                                                                                                                                        "Alias": "rt",
                                                                                                                                        "Startup Cost": 0.0,
                                                                                                                                        "Total Cost": 1.25,
                                                                                                                                        "Plan Rows": 9,
                                                                                                                                        "Plan Width": 15,
                                                                                                                                        "Actual Startup Time": 0.006,
                                                                                                                                        "Actual Total Time": 0.007,
                                                                                                                                        "Actual Rows": 9,
                                                                                                                                        "Actual Loops": 5,
                                                                                                                                        "Filter": "((role)::text = ANY ('{actor,actress,cinematographer,\"costume designer\",director,editor,\"miscellaneous crew\",producer,writer}'::text[]))",
                                                                                                                                        "Rows Removed by Filter": 3,
                                                                                                                                        "Workers": []
                                                                                                                                    }
                                                                                                                                ]
                                                                                                                            }
                                                                                                                        ]
                                                                                                                    },
                                                                                                                    {
                                                                                                                        "Node Type": "Index Scan",
                                                                                                                        "Parent Relationship": "Inner",
                                                                                                                        "Parallel Aware": false,
                                                                                                                        "Async Capable": false,
                                                                                                                        "Scan Direction": "Forward",
                                                                                                                        "Index Name": "title_pkey",
                                                                                                                        "Relation Name": "title",
                                                                                                                        "Alias": "t",
                                                                                                                        "Startup Cost": 0.43,
                                                                                                                        "Total Cost": 1.32,
                                                                                                                        "Plan Rows": 1,
                                                                                                                        "Plan Width": 8,
                                                                                                                        "Actual Startup Time": 0.002,
                                                                                                                        "Actual Total Time": 0.002,
                                                                                                                        "Actual Rows": 0,
                                                                                                                        "Actual Loops": 86142,
                                                                                                                        "Index Cond": "(id = ci.movie_id)",
                                                                                                                        "Rows Removed by Index Recheck": 0,
                                                                                                                        "Filter": "((production_year <= 1945) AND (production_year >= 1875))",
                                                                                                                        "Rows Removed by Filter": 1,
                                                                                                                        "Workers": []
                                                                                                                    }
                                                                                                                ]
                                                                                                            },
                                                                                                            {
                                                                                                                "Node Type": "Index Scan",
                                                                                                                "Parent Relationship": "Inner",
                                                                                                                "Parallel Aware": false,
                                                                                                                "Async Capable": false,
                                                                                                                "Scan Direction": "Forward",
                                                                                                                "Index Name": "movie_id_movie_info",
                                                                                                                "Relation Name": "movie_info",
                                                                                                                "Alias": "mi1",
                                                                                                                "Startup Cost": 0.43,
                                                                                                                "Total Cost": 23.43,
                                                                                                                "Plan Rows": 1,
                                                                                                                "Plan Width": 8,
                                                                                                                "Actual Startup Time": 0.019,
                                                                                                                "Actual Total Time": 0.021,
                                                                                                                "Actual Rows": 1,
                                                                                                                "Actual Loops": 7728,
                                                                                                                "Index Cond": "(movie_id = ci.movie_id)",
                                                                                                                "Rows Removed by Index Recheck": 0,
                                                                                                                "Filter": "((info ~~* '%r%'::text) AND (info_type_id = 5))",
                                                                                                                "Rows Removed by Filter": 23,
                                                                                                                "Workers": []
                                                                                                            }
                                                                                                        ]
                                                                                                    },
                                                                                                    {
                                                                                                        "Node Type": "Index Scan",
                                                                                                        "Parent Relationship": "Inner",
                                                                                                        "Parallel Aware": false,
                                                                                                        "Async Capable": false,
                                                                                                        "Scan Direction": "Forward",
                                                                                                        "Index Name": "movie_id_movie_companies",
                                                                                                        "Relation Name": "movie_companies",
                                                                                                        "Alias": "mc",
                                                                                                        "Startup Cost": 0.43,
                                                                                                        "Total Cost": 2.69,
                                                                                                        "Plan Rows": 5,
                                                                                                        "Plan Width": 12,
                                                                                                        "Actual Startup Time": 0.002,
                                                                                                        "Actual Total Time": 0.004,
                                                                                                        "Actual Rows": 11,
                                                                                                        "Actual Loops": 5244,
                                                                                                        "Index Cond": "(movie_id = ci.movie_id)",
                                                                                                        "Rows Removed by Index Recheck": 0,
                                                                                                        "Workers": []
                                                                                                    }
                                                                                                ]
                                                                                            },
                                                                                            {
                                                                                                "Node Type": "Index Scan",
                                                                                                "Parent Relationship": "Inner",
                                                                                                "Parallel Aware": false,
                                                                                                "Async Capable": false,
                                                                                                "Scan Direction": "Forward",
                                                                                                "Index Name": "company_name_pkey",
                                                                                                "Relation Name": "company_name",
                                                                                                "Alias": "cn",
                                                                                                "Startup Cost": 0.42,
                                                                                                "Total Cost": 1.21,
                                                                                                "Plan Rows": 1,
                                                                                                "Plan Width": 23,
                                                                                                "Actual Startup Time": 0.001,
                                                                                                "Actual Total Time": 0.001,
                                                                                                "Actual Rows": 1,
                                                                                                "Actual Loops": 55939,
                                                                                                "Index Cond": "(id = mc.company_id)",
                                                                                                "Rows Removed by Index Recheck": 0,
                                                                                                "Workers": []
                                                                                            }
                                                                                        ]
                                                                                    },
                                                                                    {
                                                                                        "Node Type": "Index Only Scan",
                                                                                        "Parent Relationship": "Inner",
                                                                                        "Parallel Aware": false,
                                                                                        "Async Capable": false,
                                                                                        "Scan Direction": "Forward",
                                                                                        "Index Name": "company_type_pkey",
                                                                                        "Relation Name": "company_type",
                                                                                        "Alias": "ct",
                                                                                        "Startup Cost": 0.13,
                                                                                        "Total Cost": 0.15,
                                                                                        "Plan Rows": 1,
                                                                                        "Plan Width": 4,
                                                                                        "Actual Startup Time": 0.0,
                                                                                        "Actual Total Time": 0.0,
                                                                                        "Actual Rows": 1,
                                                                                        "Actual Loops": 55939,
                                                                                        "Index Cond": "(id = mc.company_type_id)",
                                                                                        "Rows Removed by Index Recheck": 0,
                                                                                        "Heap Fetches": 55939,
                                                                                        "Workers": []
                                                                                    }
                                                                                ]
                                                                            },
                                                                            {
                                                                                "Node Type": "Index Scan",
                                                                                "Parent Relationship": "Inner",
                                                                                "Parallel Aware": false,
                                                                                "Async Capable": false,
                                                                                "Scan Direction": "Forward",
                                                                                "Index Name": "kind_type_pkey",
                                                                                "Relation Name": "kind_type",
                                                                                "Alias": "kt",
                                                                                "Startup Cost": 0.13,
                                                                                "Total Cost": 0.16,
                                                                                "Plan Rows": 1,
                                                                                "Plan Width": 4,
                                                                                "Actual Startup Time": 0.0,
                                                                                "Actual Total Time": 0.0,
                                                                                "Actual Rows": 1,
                                                                                "Actual Loops": 55939,
                                                                                "Index Cond": "(id = t.kind_id)",
                                                                                "Rows Removed by Index Recheck": 0,
                                                                                "Filter": "((kind)::text = ANY ('{episode,movie,\"tv mini series\",\"tv movie\",\"tv series\",\"video game\",\"video movie\"}'::text[]))",
                                                                                "Rows Removed by Filter": 0,
                                                                                "Workers": []
                                                                            }
                                                                        ]
                                                                    },
                                                                    {
                                                                        "Node Type": "Seq Scan",
                                                                        "Parent Relationship": "Inner",
                                                                        "Parallel Aware": false,
                                                                        "Async Capable": false,
                                                                        "Relation Name": "info_type",
                                                                        "Alias": "it1",
                                                                        "Startup Cost": 0.0,
                                                                        "Total Cost": 2.41,
                                                                        "Plan Rows": 1,
                                                                        "Plan Width": 4,
                                                                        "Actual Startup Time": 0.001,
                                                                        "Actual Total Time": 0.002,
                                                                        "Actual Rows": 1,
                                                                        "Actual Loops": 55939,
                                                                        "Filter": "(id = 5)",
                                                                        "Rows Removed by Filter": 112,
                                                                        "Workers": []
                                                                    }
                                                                ]
                                                            },
                                                            {
                                                                "Node Type": "Seq Scan",
                                                                "Parent Relationship": "Inner",
                                                                "Parallel Aware": false,
                                                                "Async Capable": false,
                                                                "Relation Name": "info_type",
                                                                "Alias": "it2",
                                                                "Startup Cost": 0.0,
                                                                "Total Cost": 2.41,
                                                                "Plan Rows": 1,
                                                                "Plan Width": 4,
                                                                "Actual Startup Time": 0.001,
                                                                "Actual Total Time": 0.002,
                                                                "Actual Rows": 1,
                                                                "Actual Loops": 55939,
                                                                "Filter": "(id = 21)",
                                                                "Rows Removed by Filter": 112,
                                                                "Workers": []
                                                            }
                                                        ]
                                                    }
                                                ]
                                            }
                                        ]
                                    }
                                ]
                            }
                        ]
                    },
                    "Planning Time": 12.26,
                    "Triggers": [],
                    "Execution Time": 361.928
                }
            ],
            "hints": [
                "SET enable_hashjoin TO on",
                "SET enable_indexonlyscan TO on",
                "SET enable_indexscan TO on",
                "SET enable_mergejoin TO off",
                "SET enable_nestloop TO on",
                "SET enable_seqscan TO on"
            ]
        }
    ]
}