{
    "sql_file": "11b2.sql",
    "query": "SELECT n.gender, rt.role, cn.name, COUNT(*)\nFROM title as t,\nmovie_companies as mc,\ncompany_name as cn,\ncompany_type as ct,\nkind_type as kt,\ncast_info as ci,\nname as n,\nrole_type as rt,\nmovie_info as mi1,\ninfo_type as it1,\nperson_info AS pi1,\ninfo_type as it2\nWHERE t.id = mc.movie_id\nAND t.id = ci.movie_id\nAND t.id = mi1.movie_id\nAND mi1.movie_id = ci.movie_id\nAND ci.movie_id = mc.movie_id\nAND cn.id = mc.company_id\nAND ct.id = mc.company_type_id\nAND kt.id = t.kind_id\nAND ci.person_id = n.id\nAND ci.role_id = rt.id\nAND mi1.info_type_id = it1.id\nAND n.id = pi1.person_id\nAND pi1.info_type_id = it2.id\nAND ci.person_id = pi1.person_id\nAND (kt.kind IN ('movie','tv mini series','tv movie','tv series','video game','video movie'))\nAND (rt.role IN ('cinematographer','costume designer','director','editor','guest','miscellaneous crew'))\nAND (t.production_year <= 2015)\nAND (t.production_year >= 1875)\nAND (it1.id IN ('2'))\nAND (mi1.info ILIKE '%c%')\nAND (pi1.info ILIKE '%197%')\nAND (it2.id IN ('21'))\nGROUP BY n.gender, rt.role, cn.name\nORDER BY COUNT(*) DESC",
    "results": [
        {
            "arm": 0,
            "execution_time": 1566.696,
            "plan": [
                {
                    "Plan": {
                        "Node Type": "Sort",
                        "Parallel Aware": false,
                        "Async Capable": false,
                        "Startup Cost": 666377.1,
                        "Total Cost": 666416.61,
                        "Plan Rows": 15807,
                        "Plan Width": 40,
                        "Actual Startup Time": 1547.001,
                        "Actual Total Time": 1563.079,
                        "Actual Rows": 110709,
                        "Actual Loops": 1,
                        "Sort Key": [
                            "(count(*)) DESC"
                        ],
                        "Sort Method": "external merge",
                        "Sort Space Used": 6080,
                        "Sort Space Type": "Disk",
                        "Plans": [
                            {
                                "Node Type": "Aggregate",
                                "Strategy": "Sorted",
                                "Partial Mode": "Simple",
                                "Parent Relationship": "Outer",
                                "Parallel Aware": false,
                                "Async Capable": false,
                                "Startup Cost": 662647.09,
                                "Total Cost": 665274.69,
                                "Plan Rows": 15807,
                                "Plan Width": 40,
                                "Actual Startup Time": 1242.622,
                                "Actual Total Time": 1547.165,
                                "Actual Rows": 110709,
                                "Actual Loops": 1,
                                "Group Key": [
                                    "n.gender",
                                    "rt.role",
                                    "cn.name"
                                ],
                                "Plans": [
                                    {
                                        "Node Type": "Nested Loop",
                                        "Parent Relationship": "Outer",
                                        "Parallel Aware": false,
                                        "Async Capable": false,
                                        "Join Type": "Inner",
                                        "Startup Cost": 662647.09,
                                        "Total Cost": 664958.55,
                                        "Plan Rows": 15807,
                                        "Plan Width": 32,
                                        "Actual Startup Time": 1242.611,
                                        "Actual Total Time": 1507.799,
                                        "Actual Rows": 722829,
                                        "Actual Loops": 1,
                                        "Inner Unique": false,
                                        "Plans": [
                                            {
                                                "Node Type": "Nested Loop",
                                                "Parent Relationship": "Outer",
                                                "Parallel Aware": false,
                                                "Async Capable": false,
                                                "Join Type": "Inner",
                                                "Startup Cost": 662647.09,
                                                "Total Cost": 664758.55,
                                                "Plan Rows": 15807,
                                                "Plan Width": 36,
                                                "Actual Startup Time": 1242.608,
                                                "Actual Total Time": 1418.117,
                                                "Actual Rows": 722829,
                                                "Actual Loops": 1,
                                                "Inner Unique": false,
                                                "Plans": [
                                                    {
                                                        "Node Type": "Gather Merge",
                                                        "Parent Relationship": "Outer",
                                                        "Parallel Aware": false,
                                                        "Async Capable": false,
                                                        "Startup Cost": 662647.09,
                                                        "Total Cost": 664558.55,
                                                        "Plan Rows": 15807,
                                                        "Plan Width": 40,
                                                        "Actual Startup Time": 1242.593,
                                                        "Actual Total Time": 1325.769,
                                                        "Actual Rows": 722829,
                                                        "Actual Loops": 1,
                                                        "Workers Planned": 5,
                                                        "Workers Launched": 5,
                                                        "Plans": [
                                                            {
                                                                "Node Type": "Sort",
                                                                "Parent Relationship": "Outer",
                                                                "Parallel Aware": false,
                                                                "Async Capable": false,
                                                                "Startup Cost": 661647.01,
                                                                "Total Cost": 661654.92,
                                                                "Plan Rows": 3161,
                                                                "Plan Width": 40,
                                                                "Actual Startup Time": 1236.714,
                                                                "Actual Total Time": 1243.663,
                                                                "Actual Rows": 120472,
                                                                "Actual Loops": 6,
                                                                "Sort Key": [
                                                                    "n.gender COLLATE \"C\"",
                                                                    "rt.role COLLATE \"C\"",
                                                                    "cn.name COLLATE \"C\""
                                                                ],
                                                                "Sort Method": "external merge",
                                                                "Sort Space Used": 7440,
                                                                "Sort Space Type": "Disk",
                                                                "Workers": [
                                                                    {
                                                                        "Worker Number": 0,
                                                                        "Sort Method": "external merge",
                                                                        "Sort Space Used": 7216,
                                                                        "Sort Space Type": "Disk"
                                                                    },
                                                                    {
                                                                        "Worker Number": 1,
                                                                        "Sort Method": "external merge",
                                                                        "Sort Space Used": 6600,
                                                                        "Sort Space Type": "Disk"
                                                                    },
                                                                    {
                                                                        "Worker Number": 2,
                                                                        "Sort Method": "external merge",
                                                                        "Sort Space Used": 6640,
                                                                        "Sort Space Type": "Disk"
                                                                    },
                                                                    {
                                                                        "Worker Number": 3,
                                                                        "Sort Method": "external merge",
                                                                        "Sort Space Used": 7128,
                                                                        "Sort Space Type": "Disk"
                                                                    },
                                                                    {
                                                                        "Worker Number": 4,
                                                                        "Sort Method": "external merge",
                                                                        "Sort Space Used": 6304,
                                                                        "Sort Space Type": "Disk"
                                                                    }
                                                                ],
                                                                "Plans": [
                                                                    {
                                                                        "Node Type": "Hash Join",
                                                                        "Parent Relationship": "Outer",
                                                                        "Parallel Aware": false,
                                                                        "Async Capable": false,
                                                                        "Join Type": "Inner",
                                                                        "Startup Cost": 429718.42,
                                                                        "Total Cost": 661463.26,
                                                                        "Plan Rows": 3161,
                                                                        "Plan Width": 40,
                                                                        "Actual Startup Time": 665.057,
                                                                        "Actual Total Time": 1170.099,
                                                                        "Actual Rows": 120472,
                                                                        "Actual Loops": 6,
                                                                        "Inner Unique": true,
                                                                        "Hash Cond": "(mc.company_type_id = ct.id)",
                                                                        "Workers": [],
                                                                        "Plans": [
                                                                            {
                                                                                "Node Type": "Nested Loop",
                                                                                "Parent Relationship": "Outer",
                                                                                "Parallel Aware": false,
                                                                                "Async Capable": false,
                                                                                "Join Type": "Inner",
                                                                                "Startup Cost": 429717.33,
                                                                                "Total Cost": 661445.09,
                                                                                "Plan Rows": 3161,
                                                                                "Plan Width": 44,
                                                                                "Actual Startup Time": 664.995,
                                                                                "Actual Total Time": 1161.071,
                                                                                "Actual Rows": 120472,
                                                                                "Actual Loops": 6,
                                                                                "Inner Unique": true,
                                                                                "Workers": [],
                                                                                "Plans": [
                                                                                    {
                                                                                        "Node Type": "Nested Loop",
                                                                                        "Parent Relationship": "Outer",
                                                                                        "Parallel Aware": false,
                                                                                        "Async Capable": false,
                                                                                        "Join Type": "Inner",
                                                                                        "Startup Cost": 429716.91,
                                                                                        "Total Cost": 657634.79,
                                                                                        "Plan Rows": 3161,
                                                                                        "Plan Width": 29,
                                                                                        "Actual Startup Time": 664.986,
                                                                                        "Actual Total Time": 1073.489,
                                                                                        "Actual Rows": 120472,
                                                                                        "Actual Loops": 6,
                                                                                        "Inner Unique": false,
                                                                                        "Join Filter": "(t.id = mc.movie_id)",
                                                                                        "Rows Removed by Join Filter": 0,
                                                                                        "Workers": [],
                                                                                        "Plans": [
                                                                                            {
                                                                                                "Node Type": "Hash Join",
                                                                                                "Parent Relationship": "Outer",
                                                                                                "Parallel Aware": false,
                                                                                                "Async Capable": false,
                                                                                                "Join Type": "Inner",
                                                                                                "Startup Cost": 429716.48,
                                                                                                "Total Cost": 649190.62,
                                                                                                "Plan Rows": 3064,
                                                                                                "Plan Width": 33,
                                                                                                "Actual Startup Time": 664.974,
                                                                                                "Actual Total Time": 1039.669,
                                                                                                "Actual Rows": 19664,
                                                                                                "Actual Loops": 6,
                                                                                                "Inner Unique": true,
                                                                                                "Hash Cond": "(t.kind_id = kt.id)",
                                                                                                "Workers": [],
                                                                                                "Plans": [
                                                                                                    {
                                                                                                        "Node Type": "Nested Loop",
                                                                                                        "Parent Relationship": "Outer",
                                                                                                        "Parallel Aware": false,
                                                                                                        "Async Capable": false,
                                                                                                        "Join Type": "Inner",
                                                                                                        "Startup Cost": 429715.29,
                                                                                                        "Total Cost": 649174.36,
                                                                                                        "Plan Rows": 3574,
                                                                                                        "Plan Width": 37,
                                                                                                        "Actual Startup Time": 663.526,
                                                                                                        "Actual Total Time": 1037.874,
                                                                                                        "Actual Rows": 27015,
                                                                                                        "Actual Loops": 6,
                                                                                                        "Inner Unique": true,
                                                                                                        "Workers": [],
                                                                                                        "Plans": [
                                                                                                            {
                                                                                                                "Node Type": "Hash Join",
                                                                                                                "Parent Relationship": "Outer",
                                                                                                                "Parallel Aware": true,
                                                                                                                "Async Capable": false,
                                                                                                                "Join Type": "Inner",
                                                                                                                "Startup Cost": 429714.86,
                                                                                                                "Total Cost": 636220.57,
                                                                                                                "Plan Rows": 9795,
                                                                                                                "Plan Width": 29,
                                                                                                                "Actual Startup Time": 663.512,
                                                                                                                "Actual Total Time": 1003.713,
                                                                                                                "Actual Rows": 27088,
                                                                                                                "Actual Loops": 6,
                                                                                                                "Inner Unique": false,
                                                                                                                "Hash Cond": "(mi1.movie_id = ci.movie_id)",
                                                                                                                "Workers": [],
                                                                                                                "Plans": [
                                                                                                                    {
                                                                                                                        "Node Type": "Seq Scan",
                                                                                                                        "Parent Relationship": "Outer",
                                                                                                                        "Parallel Aware": true,
                                                                                                                        "Async Capable": false,
                                                                                                                        "Relation Name": "movie_info",
                                                                                                                        "Alias": "mi1",
                                                                                                                        "Startup Cost": 0.0,
                                                                                                                        "Total Cost": 206090.53,
                                                                                                                        "Plan Rows": 106361,
                                                                                                                        "Plan Width": 8,
                                                                                                                        "Actual Startup Time": 22.587,
                                                                                                                        "Actual Total Time": 339.707,
                                                                                                                        "Actual Rows": 214821,
                                                                                                                        "Actual Loops": 6,
                                                                                                                        "Filter": "((info ~~* '%c%'::text) AND (info_type_id = 2))",
                                                                                                                        "Rows Removed by Filter": 2257799,
                                                                                                                        "Workers": []
                                                                                                                    },
                                                                                                                    {
                                                                                                                        "Node Type": "Hash",
                                                                                                                        "Parent Relationship": "Inner",
                                                                                                                        "Parallel Aware": true,
                                                                                                                        "Async Capable": false,
                                                                                                                        "Startup Cost": 429532.63,
                                                                                                                        "Total Cost": 429532.63,
                                                                                                                        "Plan Rows": 14578,
                                                                                                                        "Plan Width": 21,
                                                                                                                        "Actual Startup Time": 634.298,
                                                                                                                        "Actual Total Time": 634.342,
                                                                                                                        "Actual Rows": 42697,
                                                                                                                        "Actual Loops": 6,
                                                                                                                        "Hash Buckets": 262144,
                                                                                                                        "Original Hash Buckets": 131072,
                                                                                                                        "Hash Batches": 1,
                                                                                                                        "Original Hash Batches": 1,
                                                                                                                        "Peak Memory Usage": 18144,
                                                                                                                        "Workers": [],
                                                                                                                        "Plans": [
                                                                                                                            {
                                                                                                                                "Node Type": "Hash Join",
                                                                                                                                "Parent Relationship": "Outer",
                                                                                                                                "Parallel Aware": false,
                                                                                                                                "Async Capable": false,
                                                                                                                                "Join Type": "Inner",
                                                                                                                                "Startup Cost": 93576.23,
                                                                                                                                "Total Cost": 429532.63,
                                                                                                                                "Plan Rows": 14578,
                                                                                                                                "Plan Width": 21,
                                                                                                                                "Actual Startup Time": 185.673,
                                                                                                                                "Actual Total Time": 627.224,
                                                                                                                                "Actual Rows": 42697,
                                                                                                                                "Actual Loops": 6,
                                                                                                                                "Inner Unique": true,
                                                                                                                                "Hash Cond": "(ci.role_id = rt.id)",
                                                                                                                                "Workers": [],
                                                                                                                                "Plans": [
                                                                                                                                    {
                                                                                                                                        "Node Type": "Hash Join",
                                                                                                                                        "Parent Relationship": "Outer",
                                                                                                                                        "Parallel Aware": true,
                                                                                                                                        "Async Capable": false,
                                                                                                                                        "Join Type": "Inner",
                                                                                                                                        "Startup Cost": 93574.94,
                                                                                                                                        "Total Cost": 429427.78,
                                                                                                                                        "Plan Rows": 29155,
                                                                                                                                        "Plan Width": 14,
                                                                                                                                        "Actual Startup Time": 185.657,
                                                                                                                                        "Actual Total Time": 613.978,
                                                                                                                                        "Actual Rows": 441406,
                                                                                                                                        "Actual Loops": 6,
                                                                                                                                        "Inner Unique": false,
                                                                                                                                        "Hash Cond": "(ci.person_id = n.id)",
                                                                                                                                        "Workers": [],
                                                                                                                                        "Plans": [
                                                                                                                                            {
                                                                                                                                                "Node Type": "Seq Scan",
                                                                                                                                                "Parent Relationship": "Outer",
                                                                                                                                                "Parallel Aware": true,
                                                                                                                                                "Async Capable": false,
                                                                                                                                                "Relation Name": "cast_info",
                                                                                                                                                "Alias": "ci",
                                                                                                                                                "Startup Cost": 0.0,
                                                                                                                                                "Total Cost": 313127.24,
                                                                                                                                                "Plan Rows": 6040724,
                                                                                                                                                "Plan Width": 12,
                                                                                                                                                "Actual Startup Time": 0.028,
                                                                                                                                                "Actual Total Time": 198.152,
                                                                                                                                                "Actual Rows": 6040724,
                                                                                                                                                "Actual Loops": 6,
                                                                                                                                                "Workers": []
                                                                                                                                            },
                                                                                                                                            {
                                                                                                                                                "Node Type": "Hash",
                                                                                                                                                "Parent Relationship": "Inner",
                                                                                                                                                "Parallel Aware": true,
                                                                                                                                                "Async Capable": false,
                                                                                                                                                "Startup Cost": 93512.09,
                                                                                                                                                "Total Cost": 93512.09,
                                                                                                                                                "Plan Rows": 5028,
                                                                                                                                                "Plan Width": 14,
                                                                                                                                                "Actual Startup Time": 185.536,
                                                                                                                                                "Actual Total Time": 185.538,
                                                                                                                                                "Actual Rows": 10020,
                                                                                                                                                "Actual Loops": 6,
                                                                                                                                                "Hash Buckets": 65536,
                                                                                                                                                "Original Hash Buckets": 32768,
                                                                                                                                                "Hash Batches": 1,
                                                                                                                                                "Original Hash Batches": 1,
                                                                                                                                                "Peak Memory Usage": 3680,
                                                                                                                                                "Workers": [],
                                                                                                                                                "Plans": [
                                                                                                                                                    {
                                                                                                                                                        "Node Type": "Nested Loop",
                                                                                                                                                        "Parent Relationship": "Outer",
                                                                                                                                                        "Parallel Aware": false,
                                                                                                                                                        "Async Capable": false,
                                                                                                                                                        "Join Type": "Inner",
                                                                                                                                                        "Startup Cost": 0.43,
                                                                                                                                                        "Total Cost": 93512.09,
                                                                                                                                                        "Plan Rows": 5028,
                                                                                                                                                        "Plan Width": 14,
                                                                                                                                                        "Actual Startup Time": 0.055,
                                                                                                                                                        "Actual Total Time": 179.771,
                                                                                                                                                        "Actual Rows": 10020,
                                                                                                                                                        "Actual Loops": 6,
                                                                                                                                                        "Inner Unique": true,
                                                                                                                                                        "Workers": [],
                                                                                                                                                        "Plans": [
                                                                                                                                                            {
                                                                                                                                                                "Node Type": "Seq Scan",
                                                                                                                                                                "Parent Relationship": "Outer",
                                                                                                                                                                "Parallel Aware": true,
                                                                                                                                                                "Async Capable": false,
                                                                                                                                                                "Relation Name": "person_info",
                                                                                                                                                                "Alias": "pi1",
                                                                                                                                                                "Startup Cost": 0.0,
                                                                                                                                                                "Total Cost": 62183.96,
                                                                                                                                                                "Plan Rows": 5028,
                                                                                                                                                                "Plan Width": 8,
                                                                                                                                                                "Actual Startup Time": 0.03,
                                                                                                                                                                "Actual Total Time": 152.18,
                                                                                                                                                                "Actual Rows": 10020,
                                                                                                                                                                "Actual Loops": 6,
                                                                                                                                                                "Filter": "((info ~~* '%197%'::text) AND (info_type_id = 21))",
                                                                                                                                                                "Rows Removed by Filter": 483924,
                                                                                                                                                                "Workers": []
                                                                                                                                                            },
                                                                                                                                                            {
                                                                                                                                                                "Node Type": "Index Scan",
                                                                                                                                                                "Parent Relationship": "Inner",
                                                                                                                                                                "Parallel Aware": false,
                                                                                                                                                                "Async Capable": false,
                                                                                                                                                                "Scan Direction": "Forward",
                                                                                                                                                                "Index Name": "name_pkey",
                                                                                                                                                                "Relation Name": "name",
                                                                                                                                                                "Alias": "n",
                                                                                                                                                                "Startup Cost": 0.43,
                                                                                                                                                                "Total Cost": 6.23,
                                                                                                                                                                "Plan Rows": 1,
                                                                                                                                                                "Plan Width": 6,
                                                                                                                                                                "Actual Startup Time": 0.003,
                                                                                                                                                                "Actual Total Time": 0.003,
                                                                                                                                                                "Actual Rows": 1,
                                                                                                                                                                "Actual Loops": 60123,
                                                                                                                                                                "Index Cond": "(id = pi1.person_id)",
                                                                                                                                                                "Rows Removed by Index Recheck": 0,
                                                                                                                                                                "Workers": []
                                                                                                                                                            }
                                                                                                                                                        ]
                                                                                                                                                    }
                                                                                                                                                ]
                                                                                                                                            }
                                                                                                                                        ]
                                                                                                                                    },
                                                                                                                                    {
                                                                                                                                        "Node Type": "Hash",
                                                                                                                                        "Parent Relationship": "Inner",
                                                                                                                                        "Parallel Aware": false,
                                                                                                                                        "Async Capable": false,
                                                                                                                                        "Startup Cost": 1.21,
                                                                                                                                        "Total Cost": 1.21,
                                                                                                                                        "Plan Rows": 6,
                                                                                                                                        "Plan Width": 15,
                                                                                                                                        "Actual Startup Time": 0.009,
                                                                                                                                        "Actual Total Time": 0.009,
                                                                                                                                        "Actual Rows": 6,
                                                                                                                                        "Actual Loops": 6,
                                                                                                                                        "Hash Buckets": 1024,
                                                                                                                                        "Original Hash Buckets": 1024,
                                                                                                                                        "Hash Batches": 1,
                                                                                                                                        "Original Hash Batches": 1,
                                                                                                                                        "Peak Memory Usage": 9,
                                                                                                                                        "Workers": [],
                                                                                                                                        "Plans": [
                                                                                                                                            {
                                                                                                                                                "Node Type": "Seq Scan",
                                                                                                                                                "Parent Relationship": "Outer",
                                                                                                                                                "Parallel Aware": false,
                                                                                                                                                "Async Capable": false,
                                                                                                                                                "Relation Name": "role_type",
                                                                                                                                                "Alias": "rt",
                                                                                                                                                "Startup Cost": 0.0,
                                                                                                                                                "Total Cost": 1.21,
                                                                                                                                                "Plan Rows": 6,
                                                                                                                                                "Plan Width": 15,
                                                                                                                                                "Actual Startup Time": 0.007,
                                                                                                                                                "Actual Total Time": 0.008,
                                                                                                                                                "Actual Rows": 6,
                                                                                                                                                "Actual Loops": 6,
                                                                                                                                                "Filter": "((role)::text = ANY ('{cinematographer,\"costume designer\",director,editor,guest,\"miscellaneous crew\"}'::text[]))",
                                                                                                                                                "Rows Removed by Filter": 6,
                                                                                                                                                "Workers": []
                                                                                                                                            }
                                                                                                                                        ]
                                                                                                                                    }
                                                                                                                                ]
                                                                                                                            }
                                                                                                                        ]
                                                                                                                    }
                                                                                                                ]
                                                                                                            },
                                                                                                            {
                                                                                                                "Node Type": "Index Scan",
                                                                                                                "Parent Relationship": "Inner",
                                                                                                                "Parallel Aware": false,
                                                                                                                "Async Capable": false,
                                                                                                                "Scan Direction": "Forward",
                                                                                                                "Index Name": "title_pkey",
                                                                                                                "Relation Name": "title",
                                                                                                                "Alias": "t",
                                                                                                                "Startup Cost": 0.43,
                                                                                                                "Total Cost": 1.32,
                                                                                                                "Plan Rows": 1,
                                                                                                                "Plan Width": 8,
                                                                                                                "Actual Startup Time": 0.001,
                                                                                                                "Actual Total Time": 0.001,
                                                                                                                "Actual Rows": 1,
                                                                                                                "Actual Loops": 162528,
                                                                                                                "Index Cond": "(id = ci.movie_id)",
                                                                                                                "Rows Removed by Index Recheck": 0,
                                                                                                                "Filter": "((production_year <= 2015) AND (production_year >= 1875))",
                                                                                                                "Rows Removed by Filter": 0,
                                                                                                                "Workers": []
                                                                                                            }
                                                                                                        ]
                                                                                                    },
                                                                                                    {
                                                                                                        "Node Type": "Hash",
                                                                                                        "Parent Relationship": "Inner",
                                                                                                        "Parallel Aware": false,
                                                                                                        "Async Capable": false,
                                                                                                        "Startup Cost": 1.12,
                                                                                                        "Total Cost": 1.12,
                                                                                                        "Plan Rows": 6,
                                                                                                        "Plan Width": 4,
                                                                                                        "Actual Startup Time": 0.011,
                                                                                                        "Actual Total Time": 0.012,
                                                                                                        "Actual Rows": 6,
                                                                                                        "Actual Loops": 6,
                                                                                                        "Hash Buckets": 1024,
                                                                                                        "Original Hash Buckets": 1024,
                                                                                                        "Hash Batches": 1,
                                                                                                        "Original Hash Batches": 1,
                                                                                                        "Peak Memory Usage": 9,
                                                                                                        "Workers": [],
                                                                                                        "Plans": [
                                                                                                            {
                                                                                                                "Node Type": "Seq Scan",
                                                                                                                "Parent Relationship": "Outer",
                                                                                                                "Parallel Aware": false,
                                                                                                                "Async Capable": false,
                                                                                                                "Relation Name": "kind_type",
                                                                                                                "Alias": "kt",
                                                                                                                "Startup Cost": 0.0,
                                                                                                                "Total Cost": 1.12,
                                                                                                                "Plan Rows": 6,
                                                                                                                "Plan Width": 4,
                                                                                                                "Actual Startup Time": 0.01,
                                                                                                                "Actual Total Time": 0.011,
                                                                                                                "Actual Rows": 6,
                                                                                                                "Actual Loops": 6,
                                                                                                                "Filter": "((kind)::text = ANY ('{movie,\"tv mini series\",\"tv movie\",\"tv series\",\"video game\",\"video movie\"}'::text[]))",
                                                                                                                "Rows Removed by Filter": 1,
                                                                                                                "Workers": []
                                                                                                            }
                                                                                                        ]
                                                                                                    }
                                                                                                ]
                                                                                            },
                                                                                            {
                                                                                                "Node Type": "Index Scan",
                                                                                                "Parent Relationship": "Inner",
                                                                                                "Parallel Aware": false,
                                                                                                "Async Capable": false,
                                                                                                "Scan Direction": "Forward",
                                                                                                "Index Name": "movie_id_movie_companies",
                                                                                                "Relation Name": "movie_companies",
                                                                                                "Alias": "mc",
                                                                                                "Startup Cost": 0.43,
                                                                                                "Total Cost": 2.69,
                                                                                                "Plan Rows": 5,
                                                                                                "Plan Width": 12,
                                                                                                "Actual Startup Time": 0.001,
                                                                                                "Actual Total Time": 0.001,
                                                                                                "Actual Rows": 6,
                                                                                                "Actual Loops": 117981,
                                                                                                "Index Cond": "(movie_id = ci.movie_id)",
                                                                                                "Rows Removed by Index Recheck": 0,
                                                                                                "Workers": []
                                                                                            }
                                                                                        ]
                                                                                    },
                                                                                    {
                                                                                        "Node Type": "Index Scan",
                                                                                        "Parent Relationship": "Inner",
                                                                                        "Parallel Aware": false,
                                                                                        "Async Capable": false,
                                                                                        "Scan Direction": "Forward",
                                                                                        "Index Name": "company_name_pkey",
                                                                                        "Relation Name": "company_name",
                                                                                        "Alias": "cn",
                                                                                        "Startup Cost": 0.42,
                                                                                        "Total Cost": 1.21,
                                                                                        "Plan Rows": 1,
                                                                                        "Plan Width": 23,
                                                                                        "Actual Startup Time": 0.001,
                                                                                        "Actual Total Time": 0.001,
                                                                                        "Actual Rows": 1,
                                                                                        "Actual Loops": 722829,
                                                                                        "Index Cond": "(id = mc.company_id)",
                                                                                        "Rows Removed by Index Recheck": 0,
                                                                                        "Workers": []
                                                                                    }
                                                                                ]
                                                                            },
                                                                            {
                                                                                "Node Type": "Hash",
                                                                                "Parent Relationship": "Inner",
                                                                                "Parallel Aware": false,
                                                                                "Async Capable": false,
                                                                                "Startup Cost": 1.04,
                                                                                "Total Cost": 1.04,
                                                                                "Plan Rows": 4,
                                                                                "Plan Width": 4,
                                                                                "Actual Startup Time": 0.011,
                                                                                "Actual Total Time": 0.011,
                                                                                "Actual Rows": 4,
                                                                                "Actual Loops": 6,
                                                                                "Hash Buckets": 1024,
                                                                                "Original Hash Buckets": 1024,
                                                                                "Hash Batches": 1,
                                                                                "Original Hash Batches": 1,
                                                                                "Peak Memory Usage": 9,
                                                                                "Workers": [],
                                                                                "Plans": [
                                                                                    {
                                                                                        "Node Type": "Seq Scan",
                                                                                        "Parent Relationship": "Outer",
                                                                                        "Parallel Aware": false,
                                                                                        "Async Capable": false,
                                                                                        "Relation Name": "company_type",
                                                                                        "Alias": "ct",
                                                                                        "Startup Cost": 0.0,
                                                                                        "Total Cost": 1.04,
                                                                                        "Plan Rows": 4,
                                                                                        "Plan Width": 4,
                                                                                        "Actual Startup Time": 0.009,
                                                                                        "Actual Total Time": 0.009,
                                                                                        "Actual Rows": 4,
                                                                                        "Actual Loops": 6,
                                                                                        "Workers": []
                                                                                    }
                                                                                ]
                                                                            }
                                                                        ]
                                                                    }
                                                                ]
                                                            }
                                                        ]
                                                    },
                                                    {
                                                        "Node Type": "Materialize",
                                                        "Parent Relationship": "Inner",
                                                        "Parallel Aware": false,
                                                        "Async Capable": false,
                                                        "Startup Cost": 0.0,
                                                        "Total Cost": 2.42,
                                                        "Plan Rows": 1,
                                                        "Plan Width": 4,
                                                        "Actual Startup Time": 0.0,
                                                        "Actual Total Time": 0.0,
                                                        "Actual Rows": 1,
                                                        "Actual Loops": 722829,
                                                        "Plans": [
                                                            {
                                                                "Node Type": "Seq Scan",
                                                                "Parent Relationship": "Outer",
                                                                "Parallel Aware": false,
                                                                "Async Capable": false,
                                                                "Relation Name": "info_type",
                                                                "Alias": "it1",
                                                                "Startup Cost": 0.0,
                                                                "Total Cost": 2.41,
                                                                "Plan Rows": 1,
                                                                "Plan Width": 4,
                                                                "Actual Startup Time": 0.01,
                                                                "Actual Total Time": 0.012,
                                                                "Actual Rows": 1,
                                                                "Actual Loops": 1,
                                                                "Filter": "(id = 2)",
                                                                "Rows Removed by Filter": 112
                                                            }
                                                        ]
                                                    }
                                                ]
                                            },
                                            {
                                                "Node Type": "Materialize",
                                                "Parent Relationship": "Inner",
                                                "Parallel Aware": false,
                                                "Async Capable": false,
                                                "Startup Cost": 0.0,
                                                "Total Cost": 2.42,
                                                "Plan Rows": 1,
                                                "Plan Width": 4,
                                                "Actual Startup Time": 0.0,
                                                "Actual Total Time": 0.0,
                                                "Actual Rows": 1,
                                                "Actual Loops": 722829,
                                                "Plans": [
                                                    {
                                                        "Node Type": "Seq Scan",
                                                        "Parent Relationship": "Outer",
                                                        "Parallel Aware": false,
                                                        "Async Capable": false,
                                                        "Relation Name": "info_type",
                                                        "Alias": "it2",
                                                        "Startup Cost": 0.0,
                                                        "Total Cost": 2.41,
                                                        "Plan Rows": 1,
                                                        "Plan Width": 4,
                                                        "Actual Startup Time": 0.002,
                                                        "Actual Total Time": 0.004,
                                                        "Actual Rows": 1,
                                                        "Actual Loops": 1,
                                                        "Filter": "(id = 21)",
                                                        "Rows Removed by Filter": 112
                                                    }
                                                ]
                                            }
                                        ]
                                    }
                                ]
                            }
                        ]
                    },
                    "Planning Time": 14.867,
                    "Triggers": [],
                    "Execution Time": 1566.696
                }
            ],
            "hints": [
                "SET enable_hashjoin TO on",
                "SET enable_indexonlyscan TO on",
                "SET enable_indexscan TO on",
                "SET enable_mergejoin TO on",
                "SET enable_nestloop TO on",
                "SET enable_seqscan TO on"
            ]
        },
        {
            "arm": 1,
            "execution_time": 2182.27,
            "plan": [
                {
                    "Plan": {
                        "Node Type": "Sort",
                        "Parallel Aware": false,
                        "Async Capable": false,
                        "Startup Cost": 20000781795.51,
                        "Total Cost": 20000781835.02,
                        "Plan Rows": 15807,
                        "Plan Width": 40,
                        "Actual Startup Time": 2153.781,
                        "Actual Total Time": 2178.842,
                        "Actual Rows": 110709,
                        "Actual Loops": 1,
                        "Sort Key": [
                            "(count(*)) DESC"
                        ],
                        "Sort Method": "external merge",
                        "Sort Space Used": 6080,
                        "Sort Space Type": "Disk",
                        "Plans": [
                            {
                                "Node Type": "Aggregate",
                                "Strategy": "Sorted",
                                "Partial Mode": "Simple",
                                "Parent Relationship": "Outer",
                                "Parallel Aware": false,
                                "Async Capable": false,
                                "Startup Cost": 20000778106.89,
                                "Total Cost": 20000780693.1,
                                "Plan Rows": 15807,
                                "Plan Width": 40,
                                "Actual Startup Time": 1843.955,
                                "Actual Total Time": 2163.557,
                                "Actual Rows": 110709,
                                "Actual Loops": 1,
                                "Group Key": [
                                    "n.gender",
                                    "rt.role",
                                    "cn.name"
                                ],
                                "Plans": [
                                    {
                                        "Node Type": "Nested Loop",
                                        "Parent Relationship": "Outer",
                                        "Parallel Aware": false,
                                        "Async Capable": false,
                                        "Join Type": "Inner",
                                        "Startup Cost": 20000778106.89,
                                        "Total Cost": 20000780376.96,
                                        "Plan Rows": 15807,
                                        "Plan Width": 32,
                                        "Actual Startup Time": 1843.943,
                                        "Actual Total Time": 2123.669,
                                        "Actual Rows": 722829,
                                        "Actual Loops": 1,
                                        "Inner Unique": false,
                                        "Plans": [
                                            {
                                                "Node Type": "Nested Loop",
                                                "Parent Relationship": "Outer",
                                                "Parallel Aware": false,
                                                "Async Capable": false,
                                                "Join Type": "Inner",
                                                "Startup Cost": 10000778106.89,
                                                "Total Cost": 10000780176.96,
                                                "Plan Rows": 15807,
                                                "Plan Width": 36,
                                                "Actual Startup Time": 1843.94,
                                                "Actual Total Time": 2033.74,
                                                "Actual Rows": 722829,
                                                "Actual Loops": 1,
                                                "Inner Unique": false,
                                                "Plans": [
                                                    {
                                                        "Node Type": "Gather Merge",
                                                        "Parent Relationship": "Outer",
                                                        "Parallel Aware": false,
                                                        "Async Capable": false,
                                                        "Startup Cost": 778106.89,
                                                        "Total Cost": 779976.96,
                                                        "Plan Rows": 15807,
                                                        "Plan Width": 40,
                                                        "Actual Startup Time": 1843.927,
                                                        "Actual Total Time": 1941.266,
                                                        "Actual Rows": 722829,
                                                        "Actual Loops": 1,
                                                        "Workers Planned": 3,
                                                        "Workers Launched": 3,
                                                        "Plans": [
                                                            {
                                                                "Node Type": "Sort",
                                                                "Parent Relationship": "Outer",
                                                                "Parallel Aware": false,
                                                                "Async Capable": false,
                                                                "Startup Cost": 777106.85,
                                                                "Total Cost": 777119.6,
                                                                "Plan Rows": 5099,
                                                                "Plan Width": 40,
                                                                "Actual Startup Time": 1839.987,
                                                                "Actual Total Time": 1855.645,
                                                                "Actual Rows": 180707,
                                                                "Actual Loops": 4,
                                                                "Sort Key": [
                                                                    "n.gender COLLATE \"C\"",
                                                                    "rt.role COLLATE \"C\"",
                                                                    "cn.name COLLATE \"C\""
                                                                ],
                                                                "Sort Method": "external merge",
                                                                "Sort Space Used": 10600,
                                                                "Sort Space Type": "Disk",
                                                                "Workers": [
                                                                    {
                                                                        "Worker Number": 0,
                                                                        "Sort Method": "external merge",
                                                                        "Sort Space Used": 10272,
                                                                        "Sort Space Type": "Disk"
                                                                    },
                                                                    {
                                                                        "Worker Number": 1,
                                                                        "Sort Method": "external merge",
                                                                        "Sort Space Used": 10104,
                                                                        "Sort Space Type": "Disk"
                                                                    },
                                                                    {
                                                                        "Worker Number": 2,
                                                                        "Sort Method": "external merge",
                                                                        "Sort Space Used": 10344,
                                                                        "Sort Space Type": "Disk"
                                                                    }
                                                                ],
                                                                "Plans": [
                                                                    {
                                                                        "Node Type": "Hash Join",
                                                                        "Parent Relationship": "Outer",
                                                                        "Parallel Aware": false,
                                                                        "Async Capable": false,
                                                                        "Join Type": "Inner",
                                                                        "Startup Cost": 746342.4,
                                                                        "Total Cost": 776792.85,
                                                                        "Plan Rows": 5099,
                                                                        "Plan Width": 40,
                                                                        "Actual Startup Time": 1646.814,
                                                                        "Actual Total Time": 1748.564,
                                                                        "Actual Rows": 180707,
                                                                        "Actual Loops": 4,
                                                                        "Inner Unique": true,
                                                                        "Hash Cond": "(mc.company_type_id = ct.id)",
                                                                        "Workers": [],
                                                                        "Plans": [
                                                                            {
                                                                                "Node Type": "Hash Join",
                                                                                "Parent Relationship": "Outer",
                                                                                "Parallel Aware": true,
                                                                                "Async Capable": false,
                                                                                "Join Type": "Inner",
                                                                                "Startup Cost": 746341.31,
                                                                                "Total Cost": 776764.19,
                                                                                "Plan Rows": 5099,
                                                                                "Plan Width": 44,
                                                                                "Actual Startup Time": 1646.743,
                                                                                "Actual Total Time": 1737.256,
                                                                                "Actual Rows": 180707,
                                                                                "Actual Loops": 4,
                                                                                "Inner Unique": true,
                                                                                "Hash Cond": "(mc.company_id = cn.id)",
                                                                                "Workers": [],
                                                                                "Plans": [
                                                                                    {
                                                                                        "Node Type": "Hash Join",
                                                                                        "Parent Relationship": "Outer",
                                                                                        "Parallel Aware": true,
                                                                                        "Async Capable": false,
                                                                                        "Join Type": "Inner",
                                                                                        "Startup Cost": 740191.05,
                                                                                        "Total Cost": 770600.55,
                                                                                        "Plan Rows": 5099,
                                                                                        "Plan Width": 29,
                                                                                        "Actual Startup Time": 1635.983,
                                                                                        "Actual Total Time": 1706.87,
                                                                                        "Actual Rows": 180707,
                                                                                        "Actual Loops": 4,
                                                                                        "Inner Unique": false,
                                                                                        "Hash Cond": "(mc.movie_id = t.id)",
                                                                                        "Workers": [],
                                                                                        "Plans": [
                                                                                            {
                                                                                                "Node Type": "Seq Scan",
                                                                                                "Parent Relationship": "Outer",
                                                                                                "Parallel Aware": true,
                                                                                                "Async Capable": false,
                                                                                                "Relation Name": "movie_companies",
                                                                                                "Alias": "mc",
                                                                                                "Startup Cost": 0.0,
                                                                                                "Total Cost": 27240.55,
                                                                                                "Plan Rows": 841655,
                                                                                                "Plan Width": 12,
                                                                                                "Actual Startup Time": 0.003,
                                                                                                "Actual Total Time": 24.864,
                                                                                                "Actual Rows": 652282,
                                                                                                "Actual Loops": 4,
                                                                                                "Workers": []
                                                                                            },
                                                                                            {
                                                                                                "Node Type": "Hash",
                                                                                                "Parent Relationship": "Inner",
                                                                                                "Parallel Aware": true,
                                                                                                "Async Capable": false,
                                                                                                "Startup Cost": 740143.17,
                                                                                                "Total Cost": 740143.17,
                                                                                                "Plan Rows": 3830,
                                                                                                "Plan Width": 33,
                                                                                                "Actual Startup Time": 1635.94,
                                                                                                "Actual Total Time": 1636.06,
                                                                                                "Actual Rows": 29495,
                                                                                                "Actual Loops": 4,
                                                                                                "Hash Buckets": 131072,
                                                                                                "Original Hash Buckets": 16384,
                                                                                                "Hash Batches": 1,
                                                                                                "Original Hash Batches": 1,
                                                                                                "Peak Memory Usage": 10048,
                                                                                                "Workers": [],
                                                                                                "Plans": [
                                                                                                    {
                                                                                                        "Node Type": "Hash Join",
                                                                                                        "Parent Relationship": "Outer",
                                                                                                        "Parallel Aware": false,
                                                                                                        "Async Capable": false,
                                                                                                        "Join Type": "Inner",
                                                                                                        "Startup Cost": 692307.41,
                                                                                                        "Total Cost": 740143.17,
                                                                                                        "Plan Rows": 3830,
                                                                                                        "Plan Width": 33,
                                                                                                        "Actual Startup Time": 1558.119,
                                                                                                        "Actual Total Time": 1632.285,
                                                                                                        "Actual Rows": 29495,
                                                                                                        "Actual Loops": 4,
                                                                                                        "Inner Unique": true,
                                                                                                        "Hash Cond": "(t.kind_id = kt.id)",
                                                                                                        "Workers": [],
                                                                                                        "Plans": [
                                                                                                            {
                                                                                                                "Node Type": "Hash Join",
                                                                                                                "Parent Relationship": "Outer",
                                                                                                                "Parallel Aware": true,
                                                                                                                "Async Capable": false,
                                                                                                                "Join Type": "Inner",
                                                                                                                "Startup Cost": 692306.21,
                                                                                                                "Total Cost": 740123.15,
                                                                                                                "Plan Rows": 4468,
                                                                                                                "Plan Width": 37,
                                                                                                                "Actual Startup Time": 1558.016,
                                                                                                                "Actual Total Time": 1629.918,
                                                                                                                "Actual Rows": 40522,
                                                                                                                "Actual Loops": 4,
                                                                                                                "Inner Unique": false,
                                                                                                                "Hash Cond": "(t.id = ci.movie_id)",
                                                                                                                "Workers": [],
                                                                                                                "Plans": [
                                                                                                                    {
                                                                                                                        "Node Type": "Seq Scan",
                                                                                                                        "Parent Relationship": "Outer",
                                                                                                                        "Parallel Aware": true,
                                                                                                                        "Async Capable": false,
                                                                                                                        "Relation Name": "title",
                                                                                                                        "Alias": "t",
                                                                                                                        "Startup Cost": 0.0,
                                                                                                                        "Total Cost": 45490.07,
                                                                                                                        "Plan Rows": 614154,
                                                                                                                        "Plan Width": 8,
                                                                                                                        "Actual Startup Time": 0.004,
                                                                                                                        "Actual Total Time": 35.794,
                                                                                                                        "Actual Rows": 614045,
                                                                                                                        "Actual Loops": 4,
                                                                                                                        "Filter": "((production_year <= 2015) AND (production_year >= 1875))",
                                                                                                                        "Rows Removed by Filter": 18033,
                                                                                                                        "Workers": []
                                                                                                                    },
                                                                                                                    {
                                                                                                                        "Node Type": "Hash",
                                                                                                                        "Parent Relationship": "Inner",
                                                                                                                        "Parallel Aware": true,
                                                                                                                        "Async Capable": false,
                                                                                                                        "Startup Cost": 692183.77,
                                                                                                                        "Total Cost": 692183.77,
                                                                                                                        "Plan Rows": 9795,
                                                                                                                        "Plan Width": 29,
                                                                                                                        "Actual Startup Time": 1557.964,
                                                                                                                        "Actual Total Time": 1558.082,
                                                                                                                        "Actual Rows": 40632,
                                                                                                                        "Actual Loops": 4,
                                                                                                                        "Hash Buckets": 262144,
                                                                                                                        "Original Hash Buckets": 65536,
                                                                                                                        "Hash Batches": 1,
                                                                                                                        "Original Hash Batches": 1,
                                                                                                                        "Peak Memory Usage": 14400,
                                                                                                                        "Workers": [],
                                                                                                                        "Plans": [
                                                                                                                            {
                                                                                                                                "Node Type": "Hash Join",
                                                                                                                                "Parent Relationship": "Outer",
                                                                                                                                "Parallel Aware": true,
                                                                                                                                "Async Capable": false,
                                                                                                                                "Join Type": "Inner",
                                                                                                                                "Startup Cost": 485678.06,
                                                                                                                                "Total Cost": 692183.77,
                                                                                                                                "Plan Rows": 9795,
                                                                                                                                "Plan Width": 29,
                                                                                                                                "Actual Startup Time": 1073.031,
                                                                                                                                "Actual Total Time": 1553.505,
                                                                                                                                "Actual Rows": 40632,
                                                                                                                                "Actual Loops": 4,
                                                                                                                                "Inner Unique": false,
                                                                                                                                "Hash Cond": "(mi1.movie_id = ci.movie_id)",
                                                                                                                                "Workers": [],
                                                                                                                                "Plans": [
                                                                                                                                    {
                                                                                                                                        "Node Type": "Seq Scan",
                                                                                                                                        "Parent Relationship": "Outer",
                                                                                                                                        "Parallel Aware": true,
                                                                                                                                        "Async Capable": false,
                                                                                                                                        "Relation Name": "movie_info",
                                                                                                                                        "Alias": "mi1",
                                                                                                                                        "Startup Cost": 0.0,
                                                                                                                                        "Total Cost": 206090.53,
                                                                                                                                        "Plan Rows": 106361,
                                                                                                                                        "Plan Width": 8,
                                                                                                                                        "Actual Startup Time": 32.576,
                                                                                                                                        "Actual Total Time": 492.075,
                                                                                                                                        "Actual Rows": 322232,
                                                                                                                                        "Actual Loops": 4,
                                                                                                                                        "Filter": "((info ~~* '%c%'::text) AND (info_type_id = 2))",
                                                                                                                                        "Rows Removed by Filter": 3386698,
                                                                                                                                        "Workers": []
                                                                                                                                    },
                                                                                                                                    {
                                                                                                                                        "Node Type": "Hash",
                                                                                                                                        "Parent Relationship": "Inner",
                                                                                                                                        "Parallel Aware": true,
                                                                                                                                        "Async Capable": false,
                                                                                                                                        "Startup Cost": 485495.83,
                                                                                                                                        "Total Cost": 485495.83,
                                                                                                                                        "Plan Rows": 14578,
                                                                                                                                        "Plan Width": 21,
                                                                                                                                        "Actual Startup Time": 1034.074,
                                                                                                                                        "Actual Total Time": 1034.19,
                                                                                                                                        "Actual Rows": 64046,
                                                                                                                                        "Actual Loops": 4,
                                                                                                                                        "Hash Buckets": 262144,
                                                                                                                                        "Original Hash Buckets": 131072,
                                                                                                                                        "Hash Batches": 1,
                                                                                                                                        "Original Hash Batches": 1,
                                                                                                                                        "Peak Memory Usage": 18080,
                                                                                                                                        "Workers": [],
                                                                                                                                        "Plans": [
                                                                                                                                            {
                                                                                                                                                "Node Type": "Hash Join",
                                                                                                                                                "Parent Relationship": "Outer",
                                                                                                                                                "Parallel Aware": false,
                                                                                                                                                "Async Capable": false,
                                                                                                                                                "Join Type": "Inner",
                                                                                                                                                "Startup Cost": 149539.43,
                                                                                                                                                "Total Cost": 485495.83,
                                                                                                                                                "Plan Rows": 14578,
                                                                                                                                                "Plan Width": 21,
                                                                                                                                                "Actual Startup Time": 384.874,
                                                                                                                                                "Actual Total Time": 1028.031,
                                                                                                                                                "Actual Rows": 64046,
                                                                                                                                                "Actual Loops": 4,
                                                                                                                                                "Inner Unique": true,
                                                                                                                                                "Hash Cond": "(ci.role_id = rt.id)",
                                                                                                                                                "Workers": [],
                                                                                                                                                "Plans": [
                                                                                                                                                    {
                                                                                                                                                        "Node Type": "Hash Join",
                                                                                                                                                        "Parent Relationship": "Outer",
                                                                                                                                                        "Parallel Aware": true,
                                                                                                                                                        "Async Capable": false,
                                                                                                                                                        "Join Type": "Inner",
                                                                                                                                                        "Startup Cost": 149538.14,
                                                                                                                                                        "Total Cost": 485390.98,
                                                                                                                                                        "Plan Rows": 29155,
                                                                                                                                                        "Plan Width": 14,
                                                                                                                                                        "Actual Startup Time": 384.852,
                                                                                                                                                        "Actual Total Time": 1008.531,
                                                                                                                                                        "Actual Rows": 662109,
                                                                                                                                                        "Actual Loops": 4,
                                                                                                                                                        "Inner Unique": false,
                                                                                                                                                        "Hash Cond": "(ci.person_id = n.id)",
                                                                                                                                                        "Workers": [],
                                                                                                                                                        "Plans": [
                                                                                                                                                            {
                                                                                                                                                                "Node Type": "Seq Scan",
                                                                                                                                                                "Parent Relationship": "Outer",
                                                                                                                                                                "Parallel Aware": true,
                                                                                                                                                                "Async Capable": false,
                                                                                                                                                                "Relation Name": "cast_info",
                                                                                                                                                                "Alias": "ci",
                                                                                                                                                                "Startup Cost": 0.0,
                                                                                                                                                                "Total Cost": 313127.24,
                                                                                                                                                                "Plan Rows": 6040724,
                                                                                                                                                                "Plan Width": 12,
                                                                                                                                                                "Actual Startup Time": 0.03,
                                                                                                                                                                "Actual Total Time": 286.974,
                                                                                                                                                                "Actual Rows": 9061086,
                                                                                                                                                                "Actual Loops": 4,
                                                                                                                                                                "Workers": []
                                                                                                                                                            },
                                                                                                                                                            {
                                                                                                                                                                "Node Type": "Hash",
                                                                                                                                                                "Parent Relationship": "Inner",
                                                                                                                                                                "Parallel Aware": true,
                                                                                                                                                                "Async Capable": false,
                                                                                                                                                                "Startup Cost": 149475.29,
                                                                                                                                                                "Total Cost": 149475.29,
                                                                                                                                                                "Plan Rows": 5028,
                                                                                                                                                                "Plan Width": 14,
                                                                                                                                                                "Actual Startup Time": 384.738,
                                                                                                                                                                "Actual Total Time": 384.851,
                                                                                                                                                                "Actual Rows": 15031,
                                                                                                                                                                "Actual Loops": 4,
                                                                                                                                                                "Hash Buckets": 65536,
                                                                                                                                                                "Original Hash Buckets": 32768,
                                                                                                                                                                "Hash Batches": 1,
                                                                                                                                                                "Original Hash Batches": 1,
                                                                                                                                                                "Peak Memory Usage": 3648,
                                                                                                                                                                "Workers": [],
                                                                                                                                                                "Plans": [
                                                                                                                                                                    {
                                                                                                                                                                        "Node Type": "Hash Join",
                                                                                                                                                                        "Parent Relationship": "Outer",
                                                                                                                                                                        "Parallel Aware": true,
                                                                                                                                                                        "Async Capable": false,
                                                                                                                                                                        "Join Type": "Inner",
                                                                                                                                                                        "Startup Cost": 83168.14,
                                                                                                                                                                        "Total Cost": 149475.29,
                                                                                                                                                                        "Plan Rows": 5028,
                                                                                                                                                                        "Plan Width": 14,
                                                                                                                                                                        "Actual Startup Time": 353.282,
                                                                                                                                                                        "Actual Total Time": 378.833,
                                                                                                                                                                        "Actual Rows": 15031,
                                                                                                                                                                        "Actual Loops": 4,
                                                                                                                                                                        "Inner Unique": true,
                                                                                                                                                                        "Hash Cond": "(pi1.person_id = n.id)",
                                                                                                                                                                        "Workers": [],
                                                                                                                                                                        "Plans": [
                                                                                                                                                                            {
                                                                                                                                                                                "Node Type": "Seq Scan",
                                                                                                                                                                                "Parent Relationship": "Outer",
                                                                                                                                                                                "Parallel Aware": true,
                                                                                                                                                                                "Async Capable": false,
                                                                                                                                                                                "Relation Name": "person_info",
                                                                                                                                                                                "Alias": "pi1",
                                                                                                                                                                                "Startup Cost": 0.0,
                                                                                                                                                                                "Total Cost": 62183.96,
                                                                                                                                                                                "Plan Rows": 5028,
                                                                                                                                                                                "Plan Width": 8,
                                                                                                                                                                                "Actual Startup Time": 0.059,
                                                                                                                                                                                "Actual Total Time": 217.652,
                                                                                                                                                                                "Actual Rows": 15031,
                                                                                                                                                                                "Actual Loops": 4,
                                                                                                                                                                                "Filter": "((info ~~* '%197%'::text) AND (info_type_id = 21))",
                                                                                                                                                                                "Rows Removed by Filter": 725885,
                                                                                                                                                                                "Workers": []
                                                                                                                                                                            },
                                                                                                                                                                            {
                                                                                                                                                                                "Node Type": "Hash",
                                                                                                                                                                                "Parent Relationship": "Inner",
                                                                                                                                                                                "Parallel Aware": true,
                                                                                                                                                                                "Async Capable": false,
                                                                                                                                                                                "Startup Cost": 66074.73,
                                                                                                                                                                                "Total Cost": 66074.73,
                                                                                                                                                                                "Plan Rows": 1041873,
                                                                                                                                                                                "Plan Width": 6,
                                                                                                                                                                                "Actual Startup Time": 119.329,
                                                                                                                                                                                "Actual Total Time": 119.33,
                                                                                                                                                                                "Actual Rows": 1041873,
                                                                                                                                                                                "Actual Loops": 4,
                                                                                                                                                                                "Hash Buckets": 524288,
                                                                                                                                                                                "Original Hash Buckets": 524288,
                                                                                                                                                                                "Hash Batches": 16,
                                                                                                                                                                                "Original Hash Batches": 16,
                                                                                                                                                                                "Peak Memory Usage": 14336,
                                                                                                                                                                                "Workers": [],
                                                                                                                                                                                "Plans": [
                                                                                                                                                                                    {
                                                                                                                                                                                        "Node Type": "Seq Scan",
                                                                                                                                                                                        "Parent Relationship": "Outer",
                                                                                                                                                                                        "Parallel Aware": true,
                                                                                                                                                                                        "Async Capable": false,
                                                                                                                                                                                        "Relation Name": "name",
                                                                                                                                                                                        "Alias": "n",
                                                                                                                                                                                        "Startup Cost": 0.0,
                                                                                                                                                                                        "Total Cost": 66074.73,
                                                                                                                                                                                        "Plan Rows": 1041873,
                                                                                                                                                                                        "Plan Width": 6,
                                                                                                                                                                                        "Actual Startup Time": 0.006,
                                                                                                                                                                                        "Actual Total Time": 61.687,
                                                                                                                                                                                        "Actual Rows": 1041873,
                                                                                                                                                                                        "Actual Loops": 4,
                                                                                                                                                                                        "Workers": []
                                                                                                                                                                                    }
                                                                                                                                                                                ]
                                                                                                                                                                            }
                                                                                                                                                                        ]
                                                                                                                                                                    }
                                                                                                                                                                ]
                                                                                                                                                            }
                                                                                                                                                        ]
                                                                                                                                                    },
                                                                                                                                                    {
                                                                                                                                                        "Node Type": "Hash",
                                                                                                                                                        "Parent Relationship": "Inner",
                                                                                                                                                        "Parallel Aware": false,
                                                                                                                                                        "Async Capable": false,
                                                                                                                                                        "Startup Cost": 1.21,
                                                                                                                                                        "Total Cost": 1.21,
                                                                                                                                                        "Plan Rows": 6,
                                                                                                                                                        "Plan Width": 15,
                                                                                                                                                        "Actual Startup Time": 0.011,
                                                                                                                                                        "Actual Total Time": 0.012,
                                                                                                                                                        "Actual Rows": 6,
                                                                                                                                                        "Actual Loops": 4,
                                                                                                                                                        "Hash Buckets": 1024,
                                                                                                                                                        "Original Hash Buckets": 1024,
                                                                                                                                                        "Hash Batches": 1,
                                                                                                                                                        "Original Hash Batches": 1,
                                                                                                                                                        "Peak Memory Usage": 9,
                                                                                                                                                        "Workers": [],
                                                                                                                                                        "Plans": [
                                                                                                                                                            {
                                                                                                                                                                "Node Type": "Seq Scan",
                                                                                                                                                                "Parent Relationship": "Outer",
                                                                                                                                                                "Parallel Aware": false,
                                                                                                                                                                "Async Capable": false,
                                                                                                                                                                "Relation Name": "role_type",
                                                                                                                                                                "Alias": "rt",
                                                                                                                                                                "Startup Cost": 0.0,
                                                                                                                                                                "Total Cost": 1.21,
                                                                                                                                                                "Plan Rows": 6,
                                                                                                                                                                "Plan Width": 15,
                                                                                                                                                                "Actual Startup Time": 0.008,
                                                                                                                                                                "Actual Total Time": 0.009,
                                                                                                                                                                "Actual Rows": 6,
                                                                                                                                                                "Actual Loops": 4,
                                                                                                                                                                "Filter": "((role)::text = ANY ('{cinematographer,\"costume designer\",director,editor,guest,\"miscellaneous crew\"}'::text[]))",
                                                                                                                                                                "Rows Removed by Filter": 6,
                                                                                                                                                                "Workers": []
                                                                                                                                                            }
                                                                                                                                                        ]
                                                                                                                                                    }
                                                                                                                                                ]
                                                                                                                                            }
                                                                                                                                        ]
                                                                                                                                    }
                                                                                                                                ]
                                                                                                                            }
                                                                                                                        ]
                                                                                                                    }
                                                                                                                ]
                                                                                                            },
                                                                                                            {
                                                                                                                "Node Type": "Hash",
                                                                                                                "Parent Relationship": "Inner",
                                                                                                                "Parallel Aware": false,
                                                                                                                "Async Capable": false,
                                                                                                                "Startup Cost": 1.12,
                                                                                                                "Total Cost": 1.12,
                                                                                                                "Plan Rows": 6,
                                                                                                                "Plan Width": 4,
                                                                                                                "Actual Startup Time": 0.016,
                                                                                                                "Actual Total Time": 0.017,
                                                                                                                "Actual Rows": 6,
                                                                                                                "Actual Loops": 4,
                                                                                                                "Hash Buckets": 1024,
                                                                                                                "Original Hash Buckets": 1024,
                                                                                                                "Hash Batches": 1,
                                                                                                                "Original Hash Batches": 1,
                                                                                                                "Peak Memory Usage": 9,
                                                                                                                "Workers": [],
                                                                                                                "Plans": [
                                                                                                                    {
                                                                                                                        "Node Type": "Seq Scan",
                                                                                                                        "Parent Relationship": "Outer",
                                                                                                                        "Parallel Aware": false,
                                                                                                                        "Async Capable": false,
                                                                                                                        "Relation Name": "kind_type",
                                                                                                                        "Alias": "kt",
                                                                                                                        "Startup Cost": 0.0,
                                                                                                                        "Total Cost": 1.12,
                                                                                                                        "Plan Rows": 6,
                                                                                                                        "Plan Width": 4,
                                                                                                                        "Actual Startup Time": 0.013,
                                                                                                                        "Actual Total Time": 0.014,
                                                                                                                        "Actual Rows": 6,
                                                                                                                        "Actual Loops": 4,
                                                                                                                        "Filter": "((kind)::text = ANY ('{movie,\"tv mini series\",\"tv movie\",\"tv series\",\"video game\",\"video movie\"}'::text[]))",
                                                                                                                        "Rows Removed by Filter": 1,
                                                                                                                        "Workers": []
                                                                                                                    }
                                                                                                                ]
                                                                                                            }
                                                                                                        ]
                                                                                                    }
                                                                                                ]
                                                                                            }
                                                                                        ]
                                                                                    },
                                                                                    {
                                                                                        "Node Type": "Hash",
                                                                                        "Parent Relationship": "Inner",
                                                                                        "Parallel Aware": true,
                                                                                        "Async Capable": false,
                                                                                        "Startup Cost": 4422.34,
                                                                                        "Total Cost": 4422.34,
                                                                                        "Plan Rows": 138234,
                                                                                        "Plan Width": 23,
                                                                                        "Actual Startup Time": 10.603,
                                                                                        "Actual Total Time": 10.603,
                                                                                        "Actual Rows": 58749,
                                                                                        "Actual Loops": 4,
                                                                                        "Hash Buckets": 262144,
                                                                                        "Original Hash Buckets": 262144,
                                                                                        "Hash Batches": 1,
                                                                                        "Original Hash Batches": 1,
                                                                                        "Peak Memory Usage": 15616,
                                                                                        "Workers": [],
                                                                                        "Plans": [
                                                                                            {
                                                                                                "Node Type": "Seq Scan",
                                                                                                "Parent Relationship": "Outer",
                                                                                                "Parallel Aware": true,
                                                                                                "Async Capable": false,
                                                                                                "Relation Name": "company_name",
                                                                                                "Alias": "cn",
                                                                                                "Startup Cost": 0.0,
                                                                                                "Total Cost": 4422.34,
                                                                                                "Plan Rows": 138234,
                                                                                                "Plan Width": 23,
                                                                                                "Actual Startup Time": 0.007,
                                                                                                "Actual Total Time": 4.209,
                                                                                                "Actual Rows": 58749,
                                                                                                "Actual Loops": 4,
                                                                                                "Workers": []
                                                                                            }
                                                                                        ]
                                                                                    }
                                                                                ]
                                                                            },
                                                                            {
                                                                                "Node Type": "Hash",
                                                                                "Parent Relationship": "Inner",
                                                                                "Parallel Aware": false,
                                                                                "Async Capable": false,
                                                                                "Startup Cost": 1.04,
                                                                                "Total Cost": 1.04,
                                                                                "Plan Rows": 4,
                                                                                "Plan Width": 4,
                                                                                "Actual Startup Time": 0.014,
                                                                                "Actual Total Time": 0.015,
                                                                                "Actual Rows": 4,
                                                                                "Actual Loops": 4,
                                                                                "Hash Buckets": 1024,
                                                                                "Original Hash Buckets": 1024,
                                                                                "Hash Batches": 1,
                                                                                "Original Hash Batches": 1,
                                                                                "Peak Memory Usage": 9,
                                                                                "Workers": [],
                                                                                "Plans": [
                                                                                    {
                                                                                        "Node Type": "Seq Scan",
                                                                                        "Parent Relationship": "Outer",
                                                                                        "Parallel Aware": false,
                                                                                        "Async Capable": false,
                                                                                        "Relation Name": "company_type",
                                                                                        "Alias": "ct",
                                                                                        "Startup Cost": 0.0,
                                                                                        "Total Cost": 1.04,
                                                                                        "Plan Rows": 4,
                                                                                        "Plan Width": 4,
                                                                                        "Actual Startup Time": 0.011,
                                                                                        "Actual Total Time": 0.012,
                                                                                        "Actual Rows": 4,
                                                                                        "Actual Loops": 4,
                                                                                        "Workers": []
                                                                                    }
                                                                                ]
                                                                            }
                                                                        ]
                                                                    }
                                                                ]
                                                            }
                                                        ]
                                                    },
                                                    {
                                                        "Node Type": "Materialize",
                                                        "Parent Relationship": "Inner",
                                                        "Parallel Aware": false,
                                                        "Async Capable": false,
                                                        "Startup Cost": 0.0,
                                                        "Total Cost": 2.42,
                                                        "Plan Rows": 1,
                                                        "Plan Width": 4,
                                                        "Actual Startup Time": 0.0,
                                                        "Actual Total Time": 0.0,
                                                        "Actual Rows": 1,
                                                        "Actual Loops": 722829,
                                                        "Plans": [
                                                            {
                                                                "Node Type": "Seq Scan",
                                                                "Parent Relationship": "Outer",
                                                                "Parallel Aware": false,
                                                                "Async Capable": false,
                                                                "Relation Name": "info_type",
                                                                "Alias": "it1",
                                                                "Startup Cost": 0.0,
                                                                "Total Cost": 2.41,
                                                                "Plan Rows": 1,
                                                                "Plan Width": 4,
                                                                "Actual Startup Time": 0.009,
                                                                "Actual Total Time": 0.012,
                                                                "Actual Rows": 1,
                                                                "Actual Loops": 1,
                                                                "Filter": "(id = 2)",
                                                                "Rows Removed by Filter": 112
                                                            }
                                                        ]
                                                    }
                                                ]
                                            },
                                            {
                                                "Node Type": "Materialize",
                                                "Parent Relationship": "Inner",
                                                "Parallel Aware": false,
                                                "Async Capable": false,
                                                "Startup Cost": 0.0,
                                                "Total Cost": 2.42,
                                                "Plan Rows": 1,
                                                "Plan Width": 4,
                                                "Actual Startup Time": 0.0,
                                                "Actual Total Time": 0.0,
                                                "Actual Rows": 1,
                                                "Actual Loops": 722829,
                                                "Plans": [
                                                    {
                                                        "Node Type": "Seq Scan",
                                                        "Parent Relationship": "Outer",
                                                        "Parallel Aware": false,
                                                        "Async Capable": false,
                                                        "Relation Name": "info_type",
                                                        "Alias": "it2",
                                                        "Startup Cost": 0.0,
                                                        "Total Cost": 2.41,
                                                        "Plan Rows": 1,
                                                        "Plan Width": 4,
                                                        "Actual Startup Time": 0.002,
                                                        "Actual Total Time": 0.003,
                                                        "Actual Rows": 1,
                                                        "Actual Loops": 1,
                                                        "Filter": "(id = 21)",
                                                        "Rows Removed by Filter": 112
                                                    }
                                                ]
                                            }
                                        ]
                                    }
                                ]
                            }
                        ]
                    },
                    "Planning Time": 19.705,
                    "Triggers": [],
                    "Execution Time": 2182.27
                }
            ],
            "hints": [
                "SET enable_hashjoin TO on",
                "SET enable_indexonlyscan TO on",
                "SET enable_indexscan TO on",
                "SET enable_mergejoin TO on",
                "SET enable_nestloop TO off",
                "SET enable_seqscan TO on"
            ]
        },
        {
            "arm": 2,
            "execution_time": 2178.342,
            "plan": [
                {
                    "Plan": {
                        "Node Type": "Sort",
                        "Parallel Aware": false,
                        "Async Capable": false,
                        "Startup Cost": 781795.51,
                        "Total Cost": 781835.02,
                        "Plan Rows": 15807,
                        "Plan Width": 40,
                        "Actual Startup Time": 2151.081,
                        "Actual Total Time": 2174.777,
                        "Actual Rows": 110709,
                        "Actual Loops": 1,
                        "Sort Key": [
                            "(count(*)) DESC"
                        ],
                        "Sort Method": "external merge",
                        "Sort Space Used": 6080,
                        "Sort Space Type": "Disk",
                        "Plans": [
                            {
                                "Node Type": "Aggregate",
                                "Strategy": "Sorted",
                                "Partial Mode": "Simple",
                                "Parent Relationship": "Outer",
                                "Parallel Aware": false,
                                "Async Capable": false,
                                "Startup Cost": 778106.89,
                                "Total Cost": 780693.1,
                                "Plan Rows": 15807,
                                "Plan Width": 40,
                                "Actual Startup Time": 1842.313,
                                "Actual Total Time": 2159.194,
                                "Actual Rows": 110709,
                                "Actual Loops": 1,
                                "Group Key": [
                                    "n.gender",
                                    "rt.role",
                                    "cn.name"
                                ],
                                "Plans": [
                                    {
                                        "Node Type": "Nested Loop",
                                        "Parent Relationship": "Outer",
                                        "Parallel Aware": false,
                                        "Async Capable": false,
                                        "Join Type": "Inner",
                                        "Startup Cost": 778106.89,
                                        "Total Cost": 780376.96,
                                        "Plan Rows": 15807,
                                        "Plan Width": 32,
                                        "Actual Startup Time": 1842.302,
                                        "Actual Total Time": 2119.638,
                                        "Actual Rows": 722829,
                                        "Actual Loops": 1,
                                        "Inner Unique": false,
                                        "Plans": [
                                            {
                                                "Node Type": "Nested Loop",
                                                "Parent Relationship": "Outer",
                                                "Parallel Aware": false,
                                                "Async Capable": false,
                                                "Join Type": "Inner",
                                                "Startup Cost": 778106.89,
                                                "Total Cost": 780176.96,
                                                "Plan Rows": 15807,
                                                "Plan Width": 36,
                                                "Actual Startup Time": 1842.3,
                                                "Actual Total Time": 2029.927,
                                                "Actual Rows": 722829,
                                                "Actual Loops": 1,
                                                "Inner Unique": false,
                                                "Plans": [
                                                    {
                                                        "Node Type": "Gather Merge",
                                                        "Parent Relationship": "Outer",
                                                        "Parallel Aware": false,
                                                        "Async Capable": false,
                                                        "Startup Cost": 778106.89,
                                                        "Total Cost": 779976.96,
                                                        "Plan Rows": 15807,
                                                        "Plan Width": 40,
                                                        "Actual Startup Time": 1842.287,
                                                        "Actual Total Time": 1937.639,
                                                        "Actual Rows": 722829,
                                                        "Actual Loops": 1,
                                                        "Workers Planned": 3,
                                                        "Workers Launched": 3,
                                                        "Plans": [
                                                            {
                                                                "Node Type": "Sort",
                                                                "Parent Relationship": "Outer",
                                                                "Parallel Aware": false,
                                                                "Async Capable": false,
                                                                "Startup Cost": 777106.85,
                                                                "Total Cost": 777119.6,
                                                                "Plan Rows": 5099,
                                                                "Plan Width": 40,
                                                                "Actual Startup Time": 1837.98,
                                                                "Actual Total Time": 1853.979,
                                                                "Actual Rows": 180707,
                                                                "Actual Loops": 4,
                                                                "Sort Key": [
                                                                    "n.gender COLLATE \"C\"",
                                                                    "rt.role COLLATE \"C\"",
                                                                    "cn.name COLLATE \"C\""
                                                                ],
                                                                "Sort Method": "external merge",
                                                                "Sort Space Used": 10680,
                                                                "Sort Space Type": "Disk",
                                                                "Workers": [
                                                                    {
                                                                        "Worker Number": 0,
                                                                        "Sort Method": "external merge",
                                                                        "Sort Space Used": 10064,
                                                                        "Sort Space Type": "Disk"
                                                                    },
                                                                    {
                                                                        "Worker Number": 1,
                                                                        "Sort Method": "external merge",
                                                                        "Sort Space Used": 10432,
                                                                        "Sort Space Type": "Disk"
                                                                    },
                                                                    {
                                                                        "Worker Number": 2,
                                                                        "Sort Method": "external merge",
                                                                        "Sort Space Used": 10152,
                                                                        "Sort Space Type": "Disk"
                                                                    }
                                                                ],
                                                                "Plans": [
                                                                    {
                                                                        "Node Type": "Hash Join",
                                                                        "Parent Relationship": "Outer",
                                                                        "Parallel Aware": false,
                                                                        "Async Capable": false,
                                                                        "Join Type": "Inner",
                                                                        "Startup Cost": 746342.4,
                                                                        "Total Cost": 776792.85,
                                                                        "Plan Rows": 5099,
                                                                        "Plan Width": 40,
                                                                        "Actual Startup Time": 1644.135,
                                                                        "Actual Total Time": 1746.641,
                                                                        "Actual Rows": 180707,
                                                                        "Actual Loops": 4,
                                                                        "Inner Unique": true,
                                                                        "Hash Cond": "(mc.company_type_id = ct.id)",
                                                                        "Workers": [],
                                                                        "Plans": [
                                                                            {
                                                                                "Node Type": "Hash Join",
                                                                                "Parent Relationship": "Outer",
                                                                                "Parallel Aware": true,
                                                                                "Async Capable": false,
                                                                                "Join Type": "Inner",
                                                                                "Startup Cost": 746341.31,
                                                                                "Total Cost": 776764.19,
                                                                                "Plan Rows": 5099,
                                                                                "Plan Width": 44,
                                                                                "Actual Startup Time": 1644.081,
                                                                                "Actual Total Time": 1735.333,
                                                                                "Actual Rows": 180707,
                                                                                "Actual Loops": 4,
                                                                                "Inner Unique": true,
                                                                                "Hash Cond": "(mc.company_id = cn.id)",
                                                                                "Workers": [],
                                                                                "Plans": [
                                                                                    {
                                                                                        "Node Type": "Hash Join",
                                                                                        "Parent Relationship": "Outer",
                                                                                        "Parallel Aware": true,
                                                                                        "Async Capable": false,
                                                                                        "Join Type": "Inner",
                                                                                        "Startup Cost": 740191.05,
                                                                                        "Total Cost": 770600.55,
                                                                                        "Plan Rows": 5099,
                                                                                        "Plan Width": 29,
                                                                                        "Actual Startup Time": 1633.686,
                                                                                        "Actual Total Time": 1704.954,
                                                                                        "Actual Rows": 180707,
                                                                                        "Actual Loops": 4,
                                                                                        "Inner Unique": false,
                                                                                        "Hash Cond": "(mc.movie_id = t.id)",
                                                                                        "Workers": [],
                                                                                        "Plans": [
                                                                                            {
                                                                                                "Node Type": "Seq Scan",
                                                                                                "Parent Relationship": "Outer",
                                                                                                "Parallel Aware": true,
                                                                                                "Async Capable": false,
                                                                                                "Relation Name": "movie_companies",
                                                                                                "Alias": "mc",
                                                                                                "Startup Cost": 0.0,
                                                                                                "Total Cost": 27240.55,
                                                                                                "Plan Rows": 841655,
                                                                                                "Plan Width": 12,
                                                                                                "Actual Startup Time": 0.003,
                                                                                                "Actual Total Time": 24.768,
                                                                                                "Actual Rows": 652282,
                                                                                                "Actual Loops": 4,
                                                                                                "Workers": []
                                                                                            },
                                                                                            {
                                                                                                "Node Type": "Hash",
                                                                                                "Parent Relationship": "Inner",
                                                                                                "Parallel Aware": true,
                                                                                                "Async Capable": false,
                                                                                                "Startup Cost": 740143.17,
                                                                                                "Total Cost": 740143.17,
                                                                                                "Plan Rows": 3830,
                                                                                                "Plan Width": 33,
                                                                                                "Actual Startup Time": 1633.648,
                                                                                                "Actual Total Time": 1633.931,
                                                                                                "Actual Rows": 29495,
                                                                                                "Actual Loops": 4,
                                                                                                "Hash Buckets": 131072,
                                                                                                "Original Hash Buckets": 16384,
                                                                                                "Hash Batches": 1,
                                                                                                "Original Hash Batches": 1,
                                                                                                "Peak Memory Usage": 9984,
                                                                                                "Workers": [],
                                                                                                "Plans": [
                                                                                                    {
                                                                                                        "Node Type": "Hash Join",
                                                                                                        "Parent Relationship": "Outer",
                                                                                                        "Parallel Aware": false,
                                                                                                        "Async Capable": false,
                                                                                                        "Join Type": "Inner",
                                                                                                        "Startup Cost": 692307.41,
                                                                                                        "Total Cost": 740143.17,
                                                                                                        "Plan Rows": 3830,
                                                                                                        "Plan Width": 33,
                                                                                                        "Actual Startup Time": 1557.41,
                                                                                                        "Actual Total Time": 1630.289,
                                                                                                        "Actual Rows": 29495,
                                                                                                        "Actual Loops": 4,
                                                                                                        "Inner Unique": true,
                                                                                                        "Hash Cond": "(t.kind_id = kt.id)",
                                                                                                        "Workers": [],
                                                                                                        "Plans": [
                                                                                                            {
                                                                                                                "Node Type": "Hash Join",
                                                                                                                "Parent Relationship": "Outer",
                                                                                                                "Parallel Aware": true,
                                                                                                                "Async Capable": false,
                                                                                                                "Join Type": "Inner",
                                                                                                                "Startup Cost": 692306.21,
                                                                                                                "Total Cost": 740123.15,
                                                                                                                "Plan Rows": 4468,
                                                                                                                "Plan Width": 37,
                                                                                                                "Actual Startup Time": 1557.305,
                                                                                                                "Actual Total Time": 1628.0,
                                                                                                                "Actual Rows": 40522,
                                                                                                                "Actual Loops": 4,
                                                                                                                "Inner Unique": false,
                                                                                                                "Hash Cond": "(t.id = ci.movie_id)",
                                                                                                                "Workers": [],
                                                                                                                "Plans": [
                                                                                                                    {
                                                                                                                        "Node Type": "Seq Scan",
                                                                                                                        "Parent Relationship": "Outer",
                                                                                                                        "Parallel Aware": true,
                                                                                                                        "Async Capable": false,
                                                                                                                        "Relation Name": "title",
                                                                                                                        "Alias": "t",
                                                                                                                        "Startup Cost": 0.0,
                                                                                                                        "Total Cost": 45490.07,
                                                                                                                        "Plan Rows": 614154,
                                                                                                                        "Plan Width": 8,
                                                                                                                        "Actual Startup Time": 0.004,
                                                                                                                        "Actual Total Time": 35.064,
                                                                                                                        "Actual Rows": 614045,
                                                                                                                        "Actual Loops": 4,
                                                                                                                        "Filter": "((production_year <= 2015) AND (production_year >= 1875))",
                                                                                                                        "Rows Removed by Filter": 18033,
                                                                                                                        "Workers": []
                                                                                                                    },
                                                                                                                    {
                                                                                                                        "Node Type": "Hash",
                                                                                                                        "Parent Relationship": "Inner",
                                                                                                                        "Parallel Aware": true,
                                                                                                                        "Async Capable": false,
                                                                                                                        "Startup Cost": 692183.77,
                                                                                                                        "Total Cost": 692183.77,
                                                                                                                        "Plan Rows": 9795,
                                                                                                                        "Plan Width": 29,
                                                                                                                        "Actual Startup Time": 1557.251,
                                                                                                                        "Actual Total Time": 1557.531,
                                                                                                                        "Actual Rows": 40632,
                                                                                                                        "Actual Loops": 4,
                                                                                                                        "Hash Buckets": 262144,
                                                                                                                        "Original Hash Buckets": 65536,
                                                                                                                        "Hash Batches": 1,
                                                                                                                        "Original Hash Batches": 1,
                                                                                                                        "Peak Memory Usage": 14432,
                                                                                                                        "Workers": [],
                                                                                                                        "Plans": [
                                                                                                                            {
                                                                                                                                "Node Type": "Hash Join",
                                                                                                                                "Parent Relationship": "Outer",
                                                                                                                                "Parallel Aware": true,
                                                                                                                                "Async Capable": false,
                                                                                                                                "Join Type": "Inner",
                                                                                                                                "Startup Cost": 485678.06,
                                                                                                                                "Total Cost": 692183.77,
                                                                                                                                "Plan Rows": 9795,
                                                                                                                                "Plan Width": 29,
                                                                                                                                "Actual Startup Time": 1081.244,
                                                                                                                                "Actual Total Time": 1553.046,
                                                                                                                                "Actual Rows": 40632,
                                                                                                                                "Actual Loops": 4,
                                                                                                                                "Inner Unique": false,
                                                                                                                                "Hash Cond": "(mi1.movie_id = ci.movie_id)",
                                                                                                                                "Workers": [],
                                                                                                                                "Plans": [
                                                                                                                                    {
                                                                                                                                        "Node Type": "Seq Scan",
                                                                                                                                        "Parent Relationship": "Outer",
                                                                                                                                        "Parallel Aware": true,
                                                                                                                                        "Async Capable": false,
                                                                                                                                        "Relation Name": "movie_info",
                                                                                                                                        "Alias": "mi1",
                                                                                                                                        "Startup Cost": 0.0,
                                                                                                                                        "Total Cost": 206090.53,
                                                                                                                                        "Plan Rows": 106361,
                                                                                                                                        "Plan Width": 8,
                                                                                                                                        "Actual Startup Time": 32.528,
                                                                                                                                        "Actual Total Time": 485.01,
                                                                                                                                        "Actual Rows": 322232,
                                                                                                                                        "Actual Loops": 4,
                                                                                                                                        "Filter": "((info ~~* '%c%'::text) AND (info_type_id = 2))",
                                                                                                                                        "Rows Removed by Filter": 3386698,
                                                                                                                                        "Workers": []
                                                                                                                                    },
                                                                                                                                    {
                                                                                                                                        "Node Type": "Hash",
                                                                                                                                        "Parent Relationship": "Inner",
                                                                                                                                        "Parallel Aware": true,
                                                                                                                                        "Async Capable": false,
                                                                                                                                        "Startup Cost": 485495.83,
                                                                                                                                        "Total Cost": 485495.83,
                                                                                                                                        "Plan Rows": 14578,
                                                                                                                                        "Plan Width": 21,
                                                                                                                                        "Actual Startup Time": 1042.353,
                                                                                                                                        "Actual Total Time": 1042.632,
                                                                                                                                        "Actual Rows": 64046,
                                                                                                                                        "Actual Loops": 4,
                                                                                                                                        "Hash Buckets": 262144,
                                                                                                                                        "Original Hash Buckets": 131072,
                                                                                                                                        "Hash Batches": 1,
                                                                                                                                        "Original Hash Batches": 1,
                                                                                                                                        "Peak Memory Usage": 18080,
                                                                                                                                        "Workers": [],
                                                                                                                                        "Plans": [
                                                                                                                                            {
                                                                                                                                                "Node Type": "Hash Join",
                                                                                                                                                "Parent Relationship": "Outer",
                                                                                                                                                "Parallel Aware": false,
                                                                                                                                                "Async Capable": false,
                                                                                                                                                "Join Type": "Inner",
                                                                                                                                                "Startup Cost": 149539.43,
                                                                                                                                                "Total Cost": 485495.83,
                                                                                                                                                "Plan Rows": 14578,
                                                                                                                                                "Plan Width": 21,
                                                                                                                                                "Actual Startup Time": 393.015,
                                                                                                                                                "Actual Total Time": 1035.956,
                                                                                                                                                "Actual Rows": 64046,
                                                                                                                                                "Actual Loops": 4,
                                                                                                                                                "Inner Unique": true,
                                                                                                                                                "Hash Cond": "(ci.role_id = rt.id)",
                                                                                                                                                "Workers": [],
                                                                                                                                                "Plans": [
                                                                                                                                                    {
                                                                                                                                                        "Node Type": "Hash Join",
                                                                                                                                                        "Parent Relationship": "Outer",
                                                                                                                                                        "Parallel Aware": true,
                                                                                                                                                        "Async Capable": false,
                                                                                                                                                        "Join Type": "Inner",
                                                                                                                                                        "Startup Cost": 149538.14,
                                                                                                                                                        "Total Cost": 485390.98,
                                                                                                                                                        "Plan Rows": 29155,
                                                                                                                                                        "Plan Width": 14,
                                                                                                                                                        "Actual Startup Time": 392.996,
                                                                                                                                                        "Actual Total Time": 1016.519,
                                                                                                                                                        "Actual Rows": 662109,
                                                                                                                                                        "Actual Loops": 4,
                                                                                                                                                        "Inner Unique": false,
                                                                                                                                                        "Hash Cond": "(ci.person_id = n.id)",
                                                                                                                                                        "Workers": [],
                                                                                                                                                        "Plans": [
                                                                                                                                                            {
                                                                                                                                                                "Node Type": "Seq Scan",
                                                                                                                                                                "Parent Relationship": "Outer",
                                                                                                                                                                "Parallel Aware": true,
                                                                                                                                                                "Async Capable": false,
                                                                                                                                                                "Relation Name": "cast_info",
                                                                                                                                                                "Alias": "ci",
                                                                                                                                                                "Startup Cost": 0.0,
                                                                                                                                                                "Total Cost": 313127.24,
                                                                                                                                                                "Plan Rows": 6040724,
                                                                                                                                                                "Plan Width": 12,
                                                                                                                                                                "Actual Startup Time": 0.024,
                                                                                                                                                                "Actual Total Time": 287.036,
                                                                                                                                                                "Actual Rows": 9061086,
                                                                                                                                                                "Actual Loops": 4,
                                                                                                                                                                "Workers": []
                                                                                                                                                            },
                                                                                                                                                            {
                                                                                                                                                                "Node Type": "Hash",
                                                                                                                                                                "Parent Relationship": "Inner",
                                                                                                                                                                "Parallel Aware": true,
                                                                                                                                                                "Async Capable": false,
                                                                                                                                                                "Startup Cost": 149475.29,
                                                                                                                                                                "Total Cost": 149475.29,
                                                                                                                                                                "Plan Rows": 5028,
                                                                                                                                                                "Plan Width": 14,
                                                                                                                                                                "Actual Startup Time": 392.891,
                                                                                                                                                                "Actual Total Time": 393.166,
                                                                                                                                                                "Actual Rows": 15031,
                                                                                                                                                                "Actual Loops": 4,
                                                                                                                                                                "Hash Buckets": 65536,
                                                                                                                                                                "Original Hash Buckets": 32768,
                                                                                                                                                                "Hash Batches": 1,
                                                                                                                                                                "Original Hash Batches": 1,
                                                                                                                                                                "Peak Memory Usage": 3648,
                                                                                                                                                                "Workers": [],
                                                                                                                                                                "Plans": [
                                                                                                                                                                    {
                                                                                                                                                                        "Node Type": "Hash Join",
                                                                                                                                                                        "Parent Relationship": "Outer",
                                                                                                                                                                        "Parallel Aware": true,
                                                                                                                                                                        "Async Capable": false,
                                                                                                                                                                        "Join Type": "Inner",
                                                                                                                                                                        "Startup Cost": 83168.14,
                                                                                                                                                                        "Total Cost": 149475.29,
                                                                                                                                                                        "Plan Rows": 5028,
                                                                                                                                                                        "Plan Width": 14,
                                                                                                                                                                        "Actual Startup Time": 360.531,
                                                                                                                                                                        "Actual Total Time": 389.387,
                                                                                                                                                                        "Actual Rows": 15031,
                                                                                                                                                                        "Actual Loops": 4,
                                                                                                                                                                        "Inner Unique": true,
                                                                                                                                                                        "Hash Cond": "(pi1.person_id = n.id)",
                                                                                                                                                                        "Workers": [],
                                                                                                                                                                        "Plans": [
                                                                                                                                                                            {
                                                                                                                                                                                "Node Type": "Seq Scan",
                                                                                                                                                                                "Parent Relationship": "Outer",
                                                                                                                                                                                "Parallel Aware": true,
                                                                                                                                                                                "Async Capable": false,
                                                                                                                                                                                "Relation Name": "person_info",
                                                                                                                                                                                "Alias": "pi1",
                                                                                                                                                                                "Startup Cost": 0.0,
                                                                                                                                                                                "Total Cost": 62183.96,
                                                                                                                                                                                "Plan Rows": 5028,
                                                                                                                                                                                "Plan Width": 8,
                                                                                                                                                                                "Actual Startup Time": 0.062,
                                                                                                                                                                                "Actual Total Time": 222.44,
                                                                                                                                                                                "Actual Rows": 15031,
                                                                                                                                                                                "Actual Loops": 4,
                                                                                                                                                                                "Filter": "((info ~~* '%197%'::text) AND (info_type_id = 21))",
                                                                                                                                                                                "Rows Removed by Filter": 725885,
                                                                                                                                                                                "Workers": []
                                                                                                                                                                            },
                                                                                                                                                                            {
                                                                                                                                                                                "Node Type": "Hash",
                                                                                                                                                                                "Parent Relationship": "Inner",
                                                                                                                                                                                "Parallel Aware": true,
                                                                                                                                                                                "Async Capable": false,
                                                                                                                                                                                "Startup Cost": 66074.73,
                                                                                                                                                                                "Total Cost": 66074.73,
                                                                                                                                                                                "Plan Rows": 1041873,
                                                                                                                                                                                "Plan Width": 6,
                                                                                                                                                                                "Actual Startup Time": 120.611,
                                                                                                                                                                                "Actual Total Time": 120.612,
                                                                                                                                                                                "Actual Rows": 1041873,
                                                                                                                                                                                "Actual Loops": 4,
                                                                                                                                                                                "Hash Buckets": 524288,
                                                                                                                                                                                "Original Hash Buckets": 524288,
                                                                                                                                                                                "Hash Batches": 16,
                                                                                                                                                                                "Original Hash Batches": 16,
                                                                                                                                                                                "Peak Memory Usage": 14336,
                                                                                                                                                                                "Workers": [],
                                                                                                                                                                                "Plans": [
                                                                                                                                                                                    {
                                                                                                                                                                                        "Node Type": "Seq Scan",
                                                                                                                                                                                        "Parent Relationship": "Outer",
                                                                                                                                                                                        "Parallel Aware": true,
                                                                                                                                                                                        "Async Capable": false,
                                                                                                                                                                                        "Relation Name": "name",
                                                                                                                                                                                        "Alias": "n",
                                                                                                                                                                                        "Startup Cost": 0.0,
                                                                                                                                                                                        "Total Cost": 66074.73,
                                                                                                                                                                                        "Plan Rows": 1041873,
                                                                                                                                                                                        "Plan Width": 6,
                                                                                                                                                                                        "Actual Startup Time": 0.005,
                                                                                                                                                                                        "Actual Total Time": 61.939,
                                                                                                                                                                                        "Actual Rows": 1041873,
                                                                                                                                                                                        "Actual Loops": 4,
                                                                                                                                                                                        "Workers": []
                                                                                                                                                                                    }
                                                                                                                                                                                ]
                                                                                                                                                                            }
                                                                                                                                                                        ]
                                                                                                                                                                    }
                                                                                                                                                                ]
                                                                                                                                                            }
                                                                                                                                                        ]
                                                                                                                                                    },
                                                                                                                                                    {
                                                                                                                                                        "Node Type": "Hash",
                                                                                                                                                        "Parent Relationship": "Inner",
                                                                                                                                                        "Parallel Aware": false,
                                                                                                                                                        "Async Capable": false,
                                                                                                                                                        "Startup Cost": 1.21,
                                                                                                                                                        "Total Cost": 1.21,
                                                                                                                                                        "Plan Rows": 6,
                                                                                                                                                        "Plan Width": 15,
                                                                                                                                                        "Actual Startup Time": 0.01,
                                                                                                                                                        "Actual Total Time": 0.011,
                                                                                                                                                        "Actual Rows": 6,
                                                                                                                                                        "Actual Loops": 4,
                                                                                                                                                        "Hash Buckets": 1024,
                                                                                                                                                        "Original Hash Buckets": 1024,
                                                                                                                                                        "Hash Batches": 1,
                                                                                                                                                        "Original Hash Batches": 1,
                                                                                                                                                        "Peak Memory Usage": 9,
                                                                                                                                                        "Workers": [],
                                                                                                                                                        "Plans": [
                                                                                                                                                            {
                                                                                                                                                                "Node Type": "Seq Scan",
                                                                                                                                                                "Parent Relationship": "Outer",
                                                                                                                                                                "Parallel Aware": false,
                                                                                                                                                                "Async Capable": false,
                                                                                                                                                                "Relation Name": "role_type",
                                                                                                                                                                "Alias": "rt",
                                                                                                                                                                "Startup Cost": 0.0,
                                                                                                                                                                "Total Cost": 1.21,
                                                                                                                                                                "Plan Rows": 6,
                                                                                                                                                                "Plan Width": 15,
                                                                                                                                                                "Actual Startup Time": 0.008,
                                                                                                                                                                "Actual Total Time": 0.008,
                                                                                                                                                                "Actual Rows": 6,
                                                                                                                                                                "Actual Loops": 4,
                                                                                                                                                                "Filter": "((role)::text = ANY ('{cinematographer,\"costume designer\",director,editor,guest,\"miscellaneous crew\"}'::text[]))",
                                                                                                                                                                "Rows Removed by Filter": 6,
                                                                                                                                                                "Workers": []
                                                                                                                                                            }
                                                                                                                                                        ]
                                                                                                                                                    }
                                                                                                                                                ]
                                                                                                                                            }
                                                                                                                                        ]
                                                                                                                                    }
                                                                                                                                ]
                                                                                                                            }
                                                                                                                        ]
                                                                                                                    }
                                                                                                                ]
                                                                                                            },
                                                                                                            {
                                                                                                                "Node Type": "Hash",
                                                                                                                "Parent Relationship": "Inner",
                                                                                                                "Parallel Aware": false,
                                                                                                                "Async Capable": false,
                                                                                                                "Startup Cost": 1.12,
                                                                                                                "Total Cost": 1.12,
                                                                                                                "Plan Rows": 6,
                                                                                                                "Plan Width": 4,
                                                                                                                "Actual Startup Time": 0.016,
                                                                                                                "Actual Total Time": 0.017,
                                                                                                                "Actual Rows": 6,
                                                                                                                "Actual Loops": 4,
                                                                                                                "Hash Buckets": 1024,
                                                                                                                "Original Hash Buckets": 1024,
                                                                                                                "Hash Batches": 1,
                                                                                                                "Original Hash Batches": 1,
                                                                                                                "Peak Memory Usage": 9,
                                                                                                                "Workers": [],
                                                                                                                "Plans": [
                                                                                                                    {
                                                                                                                        "Node Type": "Seq Scan",
                                                                                                                        "Parent Relationship": "Outer",
                                                                                                                        "Parallel Aware": false,
                                                                                                                        "Async Capable": false,
                                                                                                                        "Relation Name": "kind_type",
                                                                                                                        "Alias": "kt",
                                                                                                                        "Startup Cost": 0.0,
                                                                                                                        "Total Cost": 1.12,
                                                                                                                        "Plan Rows": 6,
                                                                                                                        "Plan Width": 4,
                                                                                                                        "Actual Startup Time": 0.013,
                                                                                                                        "Actual Total Time": 0.014,
                                                                                                                        "Actual Rows": 6,
                                                                                                                        "Actual Loops": 4,
                                                                                                                        "Filter": "((kind)::text = ANY ('{movie,\"tv mini series\",\"tv movie\",\"tv series\",\"video game\",\"video movie\"}'::text[]))",
                                                                                                                        "Rows Removed by Filter": 1,
                                                                                                                        "Workers": []
                                                                                                                    }
                                                                                                                ]
                                                                                                            }
                                                                                                        ]
                                                                                                    }
                                                                                                ]
                                                                                            }
                                                                                        ]
                                                                                    },
                                                                                    {
                                                                                        "Node Type": "Hash",
                                                                                        "Parent Relationship": "Inner",
                                                                                        "Parallel Aware": true,
                                                                                        "Async Capable": false,
                                                                                        "Startup Cost": 4422.34,
                                                                                        "Total Cost": 4422.34,
                                                                                        "Plan Rows": 138234,
                                                                                        "Plan Width": 23,
                                                                                        "Actual Startup Time": 10.238,
                                                                                        "Actual Total Time": 10.239,
                                                                                        "Actual Rows": 58749,
                                                                                        "Actual Loops": 4,
                                                                                        "Hash Buckets": 262144,
                                                                                        "Original Hash Buckets": 262144,
                                                                                        "Hash Batches": 1,
                                                                                        "Original Hash Batches": 1,
                                                                                        "Peak Memory Usage": 15648,
                                                                                        "Workers": [],
                                                                                        "Plans": [
                                                                                            {
                                                                                                "Node Type": "Seq Scan",
                                                                                                "Parent Relationship": "Outer",
                                                                                                "Parallel Aware": true,
                                                                                                "Async Capable": false,
                                                                                                "Relation Name": "company_name",
                                                                                                "Alias": "cn",
                                                                                                "Startup Cost": 0.0,
                                                                                                "Total Cost": 4422.34,
                                                                                                "Plan Rows": 138234,
                                                                                                "Plan Width": 23,
                                                                                                "Actual Startup Time": 0.006,
                                                                                                "Actual Total Time": 4.134,
                                                                                                "Actual Rows": 58749,
                                                                                                "Actual Loops": 4,
                                                                                                "Workers": []
                                                                                            }
                                                                                        ]
                                                                                    }
                                                                                ]
                                                                            },
                                                                            {
                                                                                "Node Type": "Hash",
                                                                                "Parent Relationship": "Inner",
                                                                                "Parallel Aware": false,
                                                                                "Async Capable": false,
                                                                                "Startup Cost": 1.04,
                                                                                "Total Cost": 1.04,
                                                                                "Plan Rows": 4,
                                                                                "Plan Width": 4,
                                                                                "Actual Startup Time": 0.012,
                                                                                "Actual Total Time": 0.012,
                                                                                "Actual Rows": 4,
                                                                                "Actual Loops": 4,
                                                                                "Hash Buckets": 1024,
                                                                                "Original Hash Buckets": 1024,
                                                                                "Hash Batches": 1,
                                                                                "Original Hash Batches": 1,
                                                                                "Peak Memory Usage": 9,
                                                                                "Workers": [],
                                                                                "Plans": [
                                                                                    {
                                                                                        "Node Type": "Seq Scan",
                                                                                        "Parent Relationship": "Outer",
                                                                                        "Parallel Aware": false,
                                                                                        "Async Capable": false,
                                                                                        "Relation Name": "company_type",
                                                                                        "Alias": "ct",
                                                                                        "Startup Cost": 0.0,
                                                                                        "Total Cost": 1.04,
                                                                                        "Plan Rows": 4,
                                                                                        "Plan Width": 4,
                                                                                        "Actual Startup Time": 0.009,
                                                                                        "Actual Total Time": 0.009,
                                                                                        "Actual Rows": 4,
                                                                                        "Actual Loops": 4,
                                                                                        "Workers": []
                                                                                    }
                                                                                ]
                                                                            }
                                                                        ]
                                                                    }
                                                                ]
                                                            }
                                                        ]
                                                    },
                                                    {
                                                        "Node Type": "Materialize",
                                                        "Parent Relationship": "Inner",
                                                        "Parallel Aware": false,
                                                        "Async Capable": false,
                                                        "Startup Cost": 0.0,
                                                        "Total Cost": 2.42,
                                                        "Plan Rows": 1,
                                                        "Plan Width": 4,
                                                        "Actual Startup Time": 0.0,
                                                        "Actual Total Time": 0.0,
                                                        "Actual Rows": 1,
                                                        "Actual Loops": 722829,
                                                        "Plans": [
                                                            {
                                                                "Node Type": "Seq Scan",
                                                                "Parent Relationship": "Outer",
                                                                "Parallel Aware": false,
                                                                "Async Capable": false,
                                                                "Relation Name": "info_type",
                                                                "Alias": "it1",
                                                                "Startup Cost": 0.0,
                                                                "Total Cost": 2.41,
                                                                "Plan Rows": 1,
                                                                "Plan Width": 4,
                                                                "Actual Startup Time": 0.009,
                                                                "Actual Total Time": 0.011,
                                                                "Actual Rows": 1,
                                                                "Actual Loops": 1,
                                                                "Filter": "(id = 2)",
                                                                "Rows Removed by Filter": 112
                                                            }
                                                        ]
                                                    }
                                                ]
                                            },
                                            {
                                                "Node Type": "Materialize",
                                                "Parent Relationship": "Inner",
                                                "Parallel Aware": false,
                                                "Async Capable": false,
                                                "Startup Cost": 0.0,
                                                "Total Cost": 2.42,
                                                "Plan Rows": 1,
                                                "Plan Width": 4,
                                                "Actual Startup Time": 0.0,
                                                "Actual Total Time": 0.0,
                                                "Actual Rows": 1,
                                                "Actual Loops": 722829,
                                                "Plans": [
                                                    {
                                                        "Node Type": "Seq Scan",
                                                        "Parent Relationship": "Outer",
                                                        "Parallel Aware": false,
                                                        "Async Capable": false,
                                                        "Relation Name": "info_type",
                                                        "Alias": "it2",
                                                        "Startup Cost": 0.0,
                                                        "Total Cost": 2.41,
                                                        "Plan Rows": 1,
                                                        "Plan Width": 4,
                                                        "Actual Startup Time": 0.002,
                                                        "Actual Total Time": 0.003,
                                                        "Actual Rows": 1,
                                                        "Actual Loops": 1,
                                                        "Filter": "(id = 21)",
                                                        "Rows Removed by Filter": 112
                                                    }
                                                ]
                                            }
                                        ]
                                    }
                                ]
                            }
                        ]
                    },
                    "Planning Time": 10.599,
                    "Triggers": [],
                    "Execution Time": 2178.342
                }
            ],
            "hints": [
                "SET enable_hashjoin TO on",
                "SET enable_indexonlyscan TO on",
                "SET enable_indexscan TO off",
                "SET enable_mergejoin TO off",
                "SET enable_nestloop TO on",
                "SET enable_seqscan TO on"
            ]
        },
        {
            "arm": 3,
            "execution_time": 2181.757,
            "plan": [
                {
                    "Plan": {
                        "Node Type": "Sort",
                        "Parallel Aware": false,
                        "Async Capable": false,
                        "Startup Cost": 20000781795.51,
                        "Total Cost": 20000781835.02,
                        "Plan Rows": 15807,
                        "Plan Width": 40,
                        "Actual Startup Time": 2154.488,
                        "Actual Total Time": 2178.087,
                        "Actual Rows": 110709,
                        "Actual Loops": 1,
                        "Sort Key": [
                            "(count(*)) DESC"
                        ],
                        "Sort Method": "external merge",
                        "Sort Space Used": 6080,
                        "Sort Space Type": "Disk",
                        "Plans": [
                            {
                                "Node Type": "Aggregate",
                                "Strategy": "Sorted",
                                "Partial Mode": "Simple",
                                "Parent Relationship": "Outer",
                                "Parallel Aware": false,
                                "Async Capable": false,
                                "Startup Cost": 20000778106.89,
                                "Total Cost": 20000780693.1,
                                "Plan Rows": 15807,
                                "Plan Width": 40,
                                "Actual Startup Time": 1846.085,
                                "Actual Total Time": 2162.622,
                                "Actual Rows": 110709,
                                "Actual Loops": 1,
                                "Group Key": [
                                    "n.gender",
                                    "rt.role",
                                    "cn.name"
                                ],
                                "Plans": [
                                    {
                                        "Node Type": "Nested Loop",
                                        "Parent Relationship": "Outer",
                                        "Parallel Aware": false,
                                        "Async Capable": false,
                                        "Join Type": "Inner",
                                        "Startup Cost": 20000778106.89,
                                        "Total Cost": 20000780376.96,
                                        "Plan Rows": 15807,
                                        "Plan Width": 32,
                                        "Actual Startup Time": 1846.073,
                                        "Actual Total Time": 2123.423,
                                        "Actual Rows": 722829,
                                        "Actual Loops": 1,
                                        "Inner Unique": false,
                                        "Plans": [
                                            {
                                                "Node Type": "Nested Loop",
                                                "Parent Relationship": "Outer",
                                                "Parallel Aware": false,
                                                "Async Capable": false,
                                                "Join Type": "Inner",
                                                "Startup Cost": 10000778106.89,
                                                "Total Cost": 10000780176.96,
                                                "Plan Rows": 15807,
                                                "Plan Width": 36,
                                                "Actual Startup Time": 1846.069,
                                                "Actual Total Time": 2033.871,
                                                "Actual Rows": 722829,
                                                "Actual Loops": 1,
                                                "Inner Unique": false,
                                                "Plans": [
                                                    {
                                                        "Node Type": "Gather Merge",
                                                        "Parent Relationship": "Outer",
                                                        "Parallel Aware": false,
                                                        "Async Capable": false,
                                                        "Startup Cost": 778106.89,
                                                        "Total Cost": 779976.96,
                                                        "Plan Rows": 15807,
                                                        "Plan Width": 40,
                                                        "Actual Startup Time": 1846.057,
                                                        "Actual Total Time": 1940.868,
                                                        "Actual Rows": 722829,
                                                        "Actual Loops": 1,
                                                        "Workers Planned": 3,
                                                        "Workers Launched": 3,
                                                        "Plans": [
                                                            {
                                                                "Node Type": "Sort",
                                                                "Parent Relationship": "Outer",
                                                                "Parallel Aware": false,
                                                                "Async Capable": false,
                                                                "Startup Cost": 777106.85,
                                                                "Total Cost": 777119.6,
                                                                "Plan Rows": 5099,
                                                                "Plan Width": 40,
                                                                "Actual Startup Time": 1841.966,
                                                                "Actual Total Time": 1857.663,
                                                                "Actual Rows": 180707,
                                                                "Actual Loops": 4,
                                                                "Sort Key": [
                                                                    "n.gender COLLATE \"C\"",
                                                                    "rt.role COLLATE \"C\"",
                                                                    "cn.name COLLATE \"C\""
                                                                ],
                                                                "Sort Method": "external merge",
                                                                "Sort Space Used": 10648,
                                                                "Sort Space Type": "Disk",
                                                                "Workers": [
                                                                    {
                                                                        "Worker Number": 0,
                                                                        "Sort Method": "external merge",
                                                                        "Sort Space Used": 10024,
                                                                        "Sort Space Type": "Disk"
                                                                    },
                                                                    {
                                                                        "Worker Number": 1,
                                                                        "Sort Method": "external merge",
                                                                        "Sort Space Used": 10392,
                                                                        "Sort Space Type": "Disk"
                                                                    },
                                                                    {
                                                                        "Worker Number": 2,
                                                                        "Sort Method": "external merge",
                                                                        "Sort Space Used": 10264,
                                                                        "Sort Space Type": "Disk"
                                                                    }
                                                                ],
                                                                "Plans": [
                                                                    {
                                                                        "Node Type": "Hash Join",
                                                                        "Parent Relationship": "Outer",
                                                                        "Parallel Aware": false,
                                                                        "Async Capable": false,
                                                                        "Join Type": "Inner",
                                                                        "Startup Cost": 746342.4,
                                                                        "Total Cost": 776792.85,
                                                                        "Plan Rows": 5099,
                                                                        "Plan Width": 40,
                                                                        "Actual Startup Time": 1648.368,
                                                                        "Actual Total Time": 1750.799,
                                                                        "Actual Rows": 180707,
                                                                        "Actual Loops": 4,
                                                                        "Inner Unique": true,
                                                                        "Hash Cond": "(mc.company_type_id = ct.id)",
                                                                        "Workers": [],
                                                                        "Plans": [
                                                                            {
                                                                                "Node Type": "Hash Join",
                                                                                "Parent Relationship": "Outer",
                                                                                "Parallel Aware": true,
                                                                                "Async Capable": false,
                                                                                "Join Type": "Inner",
                                                                                "Startup Cost": 746341.31,
                                                                                "Total Cost": 776764.19,
                                                                                "Plan Rows": 5099,
                                                                                "Plan Width": 44,
                                                                                "Actual Startup Time": 1648.322,
                                                                                "Actual Total Time": 1739.393,
                                                                                "Actual Rows": 180707,
                                                                                "Actual Loops": 4,
                                                                                "Inner Unique": true,
                                                                                "Hash Cond": "(mc.company_id = cn.id)",
                                                                                "Workers": [],
                                                                                "Plans": [
                                                                                    {
                                                                                        "Node Type": "Hash Join",
                                                                                        "Parent Relationship": "Outer",
                                                                                        "Parallel Aware": true,
                                                                                        "Async Capable": false,
                                                                                        "Join Type": "Inner",
                                                                                        "Startup Cost": 740191.05,
                                                                                        "Total Cost": 770600.55,
                                                                                        "Plan Rows": 5099,
                                                                                        "Plan Width": 29,
                                                                                        "Actual Startup Time": 1637.067,
                                                                                        "Actual Total Time": 1708.211,
                                                                                        "Actual Rows": 180707,
                                                                                        "Actual Loops": 4,
                                                                                        "Inner Unique": false,
                                                                                        "Hash Cond": "(mc.movie_id = t.id)",
                                                                                        "Workers": [],
                                                                                        "Plans": [
                                                                                            {
                                                                                                "Node Type": "Seq Scan",
                                                                                                "Parent Relationship": "Outer",
                                                                                                "Parallel Aware": true,
                                                                                                "Async Capable": false,
                                                                                                "Relation Name": "movie_companies",
                                                                                                "Alias": "mc",
                                                                                                "Startup Cost": 0.0,
                                                                                                "Total Cost": 27240.55,
                                                                                                "Plan Rows": 841655,
                                                                                                "Plan Width": 12,
                                                                                                "Actual Startup Time": 0.004,
                                                                                                "Actual Total Time": 24.83,
                                                                                                "Actual Rows": 652282,
                                                                                                "Actual Loops": 4,
                                                                                                "Workers": []
                                                                                            },
                                                                                            {
                                                                                                "Node Type": "Hash",
                                                                                                "Parent Relationship": "Inner",
                                                                                                "Parallel Aware": true,
                                                                                                "Async Capable": false,
                                                                                                "Startup Cost": 740143.17,
                                                                                                "Total Cost": 740143.17,
                                                                                                "Plan Rows": 3830,
                                                                                                "Plan Width": 33,
                                                                                                "Actual Startup Time": 1637.018,
                                                                                                "Actual Total Time": 1637.202,
                                                                                                "Actual Rows": 29495,
                                                                                                "Actual Loops": 4,
                                                                                                "Hash Buckets": 131072,
                                                                                                "Original Hash Buckets": 16384,
                                                                                                "Hash Batches": 1,
                                                                                                "Original Hash Batches": 1,
                                                                                                "Peak Memory Usage": 10016,
                                                                                                "Workers": [],
                                                                                                "Plans": [
                                                                                                    {
                                                                                                        "Node Type": "Hash Join",
                                                                                                        "Parent Relationship": "Outer",
                                                                                                        "Parallel Aware": false,
                                                                                                        "Async Capable": false,
                                                                                                        "Join Type": "Inner",
                                                                                                        "Startup Cost": 692307.41,
                                                                                                        "Total Cost": 740143.17,
                                                                                                        "Plan Rows": 3830,
                                                                                                        "Plan Width": 33,
                                                                                                        "Actual Startup Time": 1560.675,
                                                                                                        "Actual Total Time": 1633.534,
                                                                                                        "Actual Rows": 29495,
                                                                                                        "Actual Loops": 4,
                                                                                                        "Inner Unique": true,
                                                                                                        "Hash Cond": "(t.kind_id = kt.id)",
                                                                                                        "Workers": [],
                                                                                                        "Plans": [
                                                                                                            {
                                                                                                                "Node Type": "Hash Join",
                                                                                                                "Parent Relationship": "Outer",
                                                                                                                "Parallel Aware": true,
                                                                                                                "Async Capable": false,
                                                                                                                "Join Type": "Inner",
                                                                                                                "Startup Cost": 692306.21,
                                                                                                                "Total Cost": 740123.15,
                                                                                                                "Plan Rows": 4468,
                                                                                                                "Plan Width": 37,
                                                                                                                "Actual Startup Time": 1560.572,
                                                                                                                "Actual Total Time": 1631.276,
                                                                                                                "Actual Rows": 40522,
                                                                                                                "Actual Loops": 4,
                                                                                                                "Inner Unique": false,
                                                                                                                "Hash Cond": "(t.id = ci.movie_id)",
                                                                                                                "Workers": [],
                                                                                                                "Plans": [
                                                                                                                    {
                                                                                                                        "Node Type": "Seq Scan",
                                                                                                                        "Parent Relationship": "Outer",
                                                                                                                        "Parallel Aware": true,
                                                                                                                        "Async Capable": false,
                                                                                                                        "Relation Name": "title",
                                                                                                                        "Alias": "t",
                                                                                                                        "Startup Cost": 0.0,
                                                                                                                        "Total Cost": 45490.07,
                                                                                                                        "Plan Rows": 614154,
                                                                                                                        "Plan Width": 8,
                                                                                                                        "Actual Startup Time": 0.004,
                                                                                                                        "Actual Total Time": 35.499,
                                                                                                                        "Actual Rows": 614045,
                                                                                                                        "Actual Loops": 4,
                                                                                                                        "Filter": "((production_year <= 2015) AND (production_year >= 1875))",
                                                                                                                        "Rows Removed by Filter": 18033,
                                                                                                                        "Workers": []
                                                                                                                    },
                                                                                                                    {
                                                                                                                        "Node Type": "Hash",
                                                                                                                        "Parent Relationship": "Inner",
                                                                                                                        "Parallel Aware": true,
                                                                                                                        "Async Capable": false,
                                                                                                                        "Startup Cost": 692183.77,
                                                                                                                        "Total Cost": 692183.77,
                                                                                                                        "Plan Rows": 9795,
                                                                                                                        "Plan Width": 29,
                                                                                                                        "Actual Startup Time": 1560.516,
                                                                                                                        "Actual Total Time": 1560.697,
                                                                                                                        "Actual Rows": 40632,
                                                                                                                        "Actual Loops": 4,
                                                                                                                        "Hash Buckets": 262144,
                                                                                                                        "Original Hash Buckets": 65536,
                                                                                                                        "Hash Batches": 1,
                                                                                                                        "Original Hash Batches": 1,
                                                                                                                        "Peak Memory Usage": 14400,
                                                                                                                        "Workers": [],
                                                                                                                        "Plans": [
                                                                                                                            {
                                                                                                                                "Node Type": "Hash Join",
                                                                                                                                "Parent Relationship": "Outer",
                                                                                                                                "Parallel Aware": true,
                                                                                                                                "Async Capable": false,
                                                                                                                                "Join Type": "Inner",
                                                                                                                                "Startup Cost": 485678.06,
                                                                                                                                "Total Cost": 692183.77,
                                                                                                                                "Plan Rows": 9795,
                                                                                                                                "Plan Width": 29,
                                                                                                                                "Actual Startup Time": 1079.714,
                                                                                                                                "Actual Total Time": 1556.34,
                                                                                                                                "Actual Rows": 40632,
                                                                                                                                "Actual Loops": 4,
                                                                                                                                "Inner Unique": false,
                                                                                                                                "Hash Cond": "(mi1.movie_id = ci.movie_id)",
                                                                                                                                "Workers": [],
                                                                                                                                "Plans": [
                                                                                                                                    {
                                                                                                                                        "Node Type": "Seq Scan",
                                                                                                                                        "Parent Relationship": "Outer",
                                                                                                                                        "Parallel Aware": true,
                                                                                                                                        "Async Capable": false,
                                                                                                                                        "Relation Name": "movie_info",
                                                                                                                                        "Alias": "mi1",
                                                                                                                                        "Startup Cost": 0.0,
                                                                                                                                        "Total Cost": 206090.53,
                                                                                                                                        "Plan Rows": 106361,
                                                                                                                                        "Plan Width": 8,
                                                                                                                                        "Actual Startup Time": 32.636,
                                                                                                                                        "Actual Total Time": 490.758,
                                                                                                                                        "Actual Rows": 322232,
                                                                                                                                        "Actual Loops": 4,
                                                                                                                                        "Filter": "((info ~~* '%c%'::text) AND (info_type_id = 2))",
                                                                                                                                        "Rows Removed by Filter": 3386698,
                                                                                                                                        "Workers": []
                                                                                                                                    },
                                                                                                                                    {
                                                                                                                                        "Node Type": "Hash",
                                                                                                                                        "Parent Relationship": "Inner",
                                                                                                                                        "Parallel Aware": true,
                                                                                                                                        "Async Capable": false,
                                                                                                                                        "Startup Cost": 485495.83,
                                                                                                                                        "Total Cost": 485495.83,
                                                                                                                                        "Plan Rows": 14578,
                                                                                                                                        "Plan Width": 21,
                                                                                                                                        "Actual Startup Time": 1040.821,
                                                                                                                                        "Actual Total Time": 1041.0,
                                                                                                                                        "Actual Rows": 64046,
                                                                                                                                        "Actual Loops": 4,
                                                                                                                                        "Hash Buckets": 262144,
                                                                                                                                        "Original Hash Buckets": 131072,
                                                                                                                                        "Hash Batches": 1,
                                                                                                                                        "Original Hash Batches": 1,
                                                                                                                                        "Peak Memory Usage": 18080,
                                                                                                                                        "Workers": [],
                                                                                                                                        "Plans": [
                                                                                                                                            {
                                                                                                                                                "Node Type": "Hash Join",
                                                                                                                                                "Parent Relationship": "Outer",
                                                                                                                                                "Parallel Aware": false,
                                                                                                                                                "Async Capable": false,
                                                                                                                                                "Join Type": "Inner",
                                                                                                                                                "Startup Cost": 149539.43,
                                                                                                                                                "Total Cost": 485495.83,
                                                                                                                                                "Plan Rows": 14578,
                                                                                                                                                "Plan Width": 21,
                                                                                                                                                "Actual Startup Time": 390.13,
                                                                                                                                                "Actual Total Time": 1034.916,
                                                                                                                                                "Actual Rows": 64046,
                                                                                                                                                "Actual Loops": 4,
                                                                                                                                                "Inner Unique": true,
                                                                                                                                                "Hash Cond": "(ci.role_id = rt.id)",
                                                                                                                                                "Workers": [],
                                                                                                                                                "Plans": [
                                                                                                                                                    {
                                                                                                                                                        "Node Type": "Hash Join",
                                                                                                                                                        "Parent Relationship": "Outer",
                                                                                                                                                        "Parallel Aware": true,
                                                                                                                                                        "Async Capable": false,
                                                                                                                                                        "Join Type": "Inner",
                                                                                                                                                        "Startup Cost": 149538.14,
                                                                                                                                                        "Total Cost": 485390.98,
                                                                                                                                                        "Plan Rows": 29155,
                                                                                                                                                        "Plan Width": 14,
                                                                                                                                                        "Actual Startup Time": 390.112,
                                                                                                                                                        "Actual Total Time": 1015.494,
                                                                                                                                                        "Actual Rows": 662109,
                                                                                                                                                        "Actual Loops": 4,
                                                                                                                                                        "Inner Unique": false,
                                                                                                                                                        "Hash Cond": "(ci.person_id = n.id)",
                                                                                                                                                        "Workers": [],
                                                                                                                                                        "Plans": [
                                                                                                                                                            {
                                                                                                                                                                "Node Type": "Seq Scan",
                                                                                                                                                                "Parent Relationship": "Outer",
                                                                                                                                                                "Parallel Aware": true,
                                                                                                                                                                "Async Capable": false,
                                                                                                                                                                "Relation Name": "cast_info",
                                                                                                                                                                "Alias": "ci",
                                                                                                                                                                "Startup Cost": 0.0,
                                                                                                                                                                "Total Cost": 313127.24,
                                                                                                                                                                "Plan Rows": 6040724,
                                                                                                                                                                "Plan Width": 12,
                                                                                                                                                                "Actual Startup Time": 0.027,
                                                                                                                                                                "Actual Total Time": 286.456,
                                                                                                                                                                "Actual Rows": 9061086,
                                                                                                                                                                "Actual Loops": 4,
                                                                                                                                                                "Workers": []
                                                                                                                                                            },
                                                                                                                                                            {
                                                                                                                                                                "Node Type": "Hash",
                                                                                                                                                                "Parent Relationship": "Inner",
                                                                                                                                                                "Parallel Aware": true,
                                                                                                                                                                "Async Capable": false,
                                                                                                                                                                "Startup Cost": 149475.29,
                                                                                                                                                                "Total Cost": 149475.29,
                                                                                                                                                                "Plan Rows": 5028,
                                                                                                                                                                "Plan Width": 14,
                                                                                                                                                                "Actual Startup Time": 389.997,
                                                                                                                                                                "Actual Total Time": 390.172,
                                                                                                                                                                "Actual Rows": 15031,
                                                                                                                                                                "Actual Loops": 4,
                                                                                                                                                                "Hash Buckets": 65536,
                                                                                                                                                                "Original Hash Buckets": 32768,
                                                                                                                                                                "Hash Batches": 1,
                                                                                                                                                                "Original Hash Batches": 1,
                                                                                                                                                                "Peak Memory Usage": 3648,
                                                                                                                                                                "Workers": [],
                                                                                                                                                                "Plans": [
                                                                                                                                                                    {
                                                                                                                                                                        "Node Type": "Hash Join",
                                                                                                                                                                        "Parent Relationship": "Outer",
                                                                                                                                                                        "Parallel Aware": true,
                                                                                                                                                                        "Async Capable": false,
                                                                                                                                                                        "Join Type": "Inner",
                                                                                                                                                                        "Startup Cost": 83168.14,
                                                                                                                                                                        "Total Cost": 149475.29,
                                                                                                                                                                        "Plan Rows": 5028,
                                                                                                                                                                        "Plan Width": 14,
                                                                                                                                                                        "Actual Startup Time": 359.295,
                                                                                                                                                                        "Actual Total Time": 386.683,
                                                                                                                                                                        "Actual Rows": 15031,
                                                                                                                                                                        "Actual Loops": 4,
                                                                                                                                                                        "Inner Unique": true,
                                                                                                                                                                        "Hash Cond": "(pi1.person_id = n.id)",
                                                                                                                                                                        "Workers": [],
                                                                                                                                                                        "Plans": [
                                                                                                                                                                            {
                                                                                                                                                                                "Node Type": "Seq Scan",
                                                                                                                                                                                "Parent Relationship": "Outer",
                                                                                                                                                                                "Parallel Aware": true,
                                                                                                                                                                                "Async Capable": false,
                                                                                                                                                                                "Relation Name": "person_info",
                                                                                                                                                                                "Alias": "pi1",
                                                                                                                                                                                "Startup Cost": 0.0,
                                                                                                                                                                                "Total Cost": 62183.96,
                                                                                                                                                                                "Plan Rows": 5028,
                                                                                                                                                                                "Plan Width": 8,
                                                                                                                                                                                "Actual Startup Time": 0.065,
                                                                                                                                                                                "Actual Total Time": 222.167,
                                                                                                                                                                                "Actual Rows": 15031,
                                                                                                                                                                                "Actual Loops": 4,
                                                                                                                                                                                "Filter": "((info ~~* '%197%'::text) AND (info_type_id = 21))",
                                                                                                                                                                                "Rows Removed by Filter": 725885,
                                                                                                                                                                                "Workers": []
                                                                                                                                                                            },
                                                                                                                                                                            {
                                                                                                                                                                                "Node Type": "Hash",
                                                                                                                                                                                "Parent Relationship": "Inner",
                                                                                                                                                                                "Parallel Aware": true,
                                                                                                                                                                                "Async Capable": false,
                                                                                                                                                                                "Startup Cost": 66074.73,
                                                                                                                                                                                "Total Cost": 66074.73,
                                                                                                                                                                                "Plan Rows": 1041873,
                                                                                                                                                                                "Plan Width": 6,
                                                                                                                                                                                "Actual Startup Time": 119.87,
                                                                                                                                                                                "Actual Total Time": 119.871,
                                                                                                                                                                                "Actual Rows": 1041873,
                                                                                                                                                                                "Actual Loops": 4,
                                                                                                                                                                                "Hash Buckets": 524288,
                                                                                                                                                                                "Original Hash Buckets": 524288,
                                                                                                                                                                                "Hash Batches": 16,
                                                                                                                                                                                "Original Hash Batches": 16,
                                                                                                                                                                                "Peak Memory Usage": 14336,
                                                                                                                                                                                "Workers": [],
                                                                                                                                                                                "Plans": [
                                                                                                                                                                                    {
                                                                                                                                                                                        "Node Type": "Seq Scan",
                                                                                                                                                                                        "Parent Relationship": "Outer",
                                                                                                                                                                                        "Parallel Aware": true,
                                                                                                                                                                                        "Async Capable": false,
                                                                                                                                                                                        "Relation Name": "name",
                                                                                                                                                                                        "Alias": "n",
                                                                                                                                                                                        "Startup Cost": 0.0,
                                                                                                                                                                                        "Total Cost": 66074.73,
                                                                                                                                                                                        "Plan Rows": 1041873,
                                                                                                                                                                                        "Plan Width": 6,
                                                                                                                                                                                        "Actual Startup Time": 0.005,
                                                                                                                                                                                        "Actual Total Time": 61.555,
                                                                                                                                                                                        "Actual Rows": 1041873,
                                                                                                                                                                                        "Actual Loops": 4,
                                                                                                                                                                                        "Workers": []
                                                                                                                                                                                    }
                                                                                                                                                                                ]
                                                                                                                                                                            }
                                                                                                                                                                        ]
                                                                                                                                                                    }
                                                                                                                                                                ]
                                                                                                                                                            }
                                                                                                                                                        ]
                                                                                                                                                    },
                                                                                                                                                    {
                                                                                                                                                        "Node Type": "Hash",
                                                                                                                                                        "Parent Relationship": "Inner",
                                                                                                                                                        "Parallel Aware": false,
                                                                                                                                                        "Async Capable": false,
                                                                                                                                                        "Startup Cost": 1.21,
                                                                                                                                                        "Total Cost": 1.21,
                                                                                                                                                        "Plan Rows": 6,
                                                                                                                                                        "Plan Width": 15,
                                                                                                                                                        "Actual Startup Time": 0.01,
                                                                                                                                                        "Actual Total Time": 0.011,
                                                                                                                                                        "Actual Rows": 6,
                                                                                                                                                        "Actual Loops": 4,
                                                                                                                                                        "Hash Buckets": 1024,
                                                                                                                                                        "Original Hash Buckets": 1024,
                                                                                                                                                        "Hash Batches": 1,
                                                                                                                                                        "Original Hash Batches": 1,
                                                                                                                                                        "Peak Memory Usage": 9,
                                                                                                                                                        "Workers": [],
                                                                                                                                                        "Plans": [
                                                                                                                                                            {
                                                                                                                                                                "Node Type": "Seq Scan",
                                                                                                                                                                "Parent Relationship": "Outer",
                                                                                                                                                                "Parallel Aware": false,
                                                                                                                                                                "Async Capable": false,
                                                                                                                                                                "Relation Name": "role_type",
                                                                                                                                                                "Alias": "rt",
                                                                                                                                                                "Startup Cost": 0.0,
                                                                                                                                                                "Total Cost": 1.21,
                                                                                                                                                                "Plan Rows": 6,
                                                                                                                                                                "Plan Width": 15,
                                                                                                                                                                "Actual Startup Time": 0.008,
                                                                                                                                                                "Actual Total Time": 0.008,
                                                                                                                                                                "Actual Rows": 6,
                                                                                                                                                                "Actual Loops": 4,
                                                                                                                                                                "Filter": "((role)::text = ANY ('{cinematographer,\"costume designer\",director,editor,guest,\"miscellaneous crew\"}'::text[]))",
                                                                                                                                                                "Rows Removed by Filter": 6,
                                                                                                                                                                "Workers": []
                                                                                                                                                            }
                                                                                                                                                        ]
                                                                                                                                                    }
                                                                                                                                                ]
                                                                                                                                            }
                                                                                                                                        ]
                                                                                                                                    }
                                                                                                                                ]
                                                                                                                            }
                                                                                                                        ]
                                                                                                                    }
                                                                                                                ]
                                                                                                            },
                                                                                                            {
                                                                                                                "Node Type": "Hash",
                                                                                                                "Parent Relationship": "Inner",
                                                                                                                "Parallel Aware": false,
                                                                                                                "Async Capable": false,
                                                                                                                "Startup Cost": 1.12,
                                                                                                                "Total Cost": 1.12,
                                                                                                                "Plan Rows": 6,
                                                                                                                "Plan Width": 4,
                                                                                                                "Actual Startup Time": 0.015,
                                                                                                                "Actual Total Time": 0.015,
                                                                                                                "Actual Rows": 6,
                                                                                                                "Actual Loops": 4,
                                                                                                                "Hash Buckets": 1024,
                                                                                                                "Original Hash Buckets": 1024,
                                                                                                                "Hash Batches": 1,
                                                                                                                "Original Hash Batches": 1,
                                                                                                                "Peak Memory Usage": 9,
                                                                                                                "Workers": [],
                                                                                                                "Plans": [
                                                                                                                    {
                                                                                                                        "Node Type": "Seq Scan",
                                                                                                                        "Parent Relationship": "Outer",
                                                                                                                        "Parallel Aware": false,
                                                                                                                        "Async Capable": false,
                                                                                                                        "Relation Name": "kind_type",
                                                                                                                        "Alias": "kt",
                                                                                                                        "Startup Cost": 0.0,
                                                                                                                        "Total Cost": 1.12,
                                                                                                                        "Plan Rows": 6,
                                                                                                                        "Plan Width": 4,
                                                                                                                        "Actual Startup Time": 0.012,
                                                                                                                        "Actual Total Time": 0.013,
                                                                                                                        "Actual Rows": 6,
                                                                                                                        "Actual Loops": 4,
                                                                                                                        "Filter": "((kind)::text = ANY ('{movie,\"tv mini series\",\"tv movie\",\"tv series\",\"video game\",\"video movie\"}'::text[]))",
                                                                                                                        "Rows Removed by Filter": 1,
                                                                                                                        "Workers": []
                                                                                                                    }
                                                                                                                ]
                                                                                                            }
                                                                                                        ]
                                                                                                    }
                                                                                                ]
                                                                                            }
                                                                                        ]
                                                                                    },
                                                                                    {
                                                                                        "Node Type": "Hash",
                                                                                        "Parent Relationship": "Inner",
                                                                                        "Parallel Aware": true,
                                                                                        "Async Capable": false,
                                                                                        "Startup Cost": 4422.34,
                                                                                        "Total Cost": 4422.34,
                                                                                        "Plan Rows": 138234,
                                                                                        "Plan Width": 23,
                                                                                        "Actual Startup Time": 11.095,
                                                                                        "Actual Total Time": 11.095,
                                                                                        "Actual Rows": 58749,
                                                                                        "Actual Loops": 4,
                                                                                        "Hash Buckets": 262144,
                                                                                        "Original Hash Buckets": 262144,
                                                                                        "Hash Batches": 1,
                                                                                        "Original Hash Batches": 1,
                                                                                        "Peak Memory Usage": 15680,
                                                                                        "Workers": [],
                                                                                        "Plans": [
                                                                                            {
                                                                                                "Node Type": "Seq Scan",
                                                                                                "Parent Relationship": "Outer",
                                                                                                "Parallel Aware": true,
                                                                                                "Async Capable": false,
                                                                                                "Relation Name": "company_name",
                                                                                                "Alias": "cn",
                                                                                                "Startup Cost": 0.0,
                                                                                                "Total Cost": 4422.34,
                                                                                                "Plan Rows": 138234,
                                                                                                "Plan Width": 23,
                                                                                                "Actual Startup Time": 0.006,
                                                                                                "Actual Total Time": 4.345,
                                                                                                "Actual Rows": 58749,
                                                                                                "Actual Loops": 4,
                                                                                                "Workers": []
                                                                                            }
                                                                                        ]
                                                                                    }
                                                                                ]
                                                                            },
                                                                            {
                                                                                "Node Type": "Hash",
                                                                                "Parent Relationship": "Inner",
                                                                                "Parallel Aware": false,
                                                                                "Async Capable": false,
                                                                                "Startup Cost": 1.04,
                                                                                "Total Cost": 1.04,
                                                                                "Plan Rows": 4,
                                                                                "Plan Width": 4,
                                                                                "Actual Startup Time": 0.01,
                                                                                "Actual Total Time": 0.011,
                                                                                "Actual Rows": 4,
                                                                                "Actual Loops": 4,
                                                                                "Hash Buckets": 1024,
                                                                                "Original Hash Buckets": 1024,
                                                                                "Hash Batches": 1,
                                                                                "Original Hash Batches": 1,
                                                                                "Peak Memory Usage": 9,
                                                                                "Workers": [],
                                                                                "Plans": [
                                                                                    {
                                                                                        "Node Type": "Seq Scan",
                                                                                        "Parent Relationship": "Outer",
                                                                                        "Parallel Aware": false,
                                                                                        "Async Capable": false,
                                                                                        "Relation Name": "company_type",
                                                                                        "Alias": "ct",
                                                                                        "Startup Cost": 0.0,
                                                                                        "Total Cost": 1.04,
                                                                                        "Plan Rows": 4,
                                                                                        "Plan Width": 4,
                                                                                        "Actual Startup Time": 0.007,
                                                                                        "Actual Total Time": 0.008,
                                                                                        "Actual Rows": 4,
                                                                                        "Actual Loops": 4,
                                                                                        "Workers": []
                                                                                    }
                                                                                ]
                                                                            }
                                                                        ]
                                                                    }
                                                                ]
                                                            }
                                                        ]
                                                    },
                                                    {
                                                        "Node Type": "Materialize",
                                                        "Parent Relationship": "Inner",
                                                        "Parallel Aware": false,
                                                        "Async Capable": false,
                                                        "Startup Cost": 0.0,
                                                        "Total Cost": 2.42,
                                                        "Plan Rows": 1,
                                                        "Plan Width": 4,
                                                        "Actual Startup Time": 0.0,
                                                        "Actual Total Time": 0.0,
                                                        "Actual Rows": 1,
                                                        "Actual Loops": 722829,
                                                        "Plans": [
                                                            {
                                                                "Node Type": "Seq Scan",
                                                                "Parent Relationship": "Outer",
                                                                "Parallel Aware": false,
                                                                "Async Capable": false,
                                                                "Relation Name": "info_type",
                                                                "Alias": "it1",
                                                                "Startup Cost": 0.0,
                                                                "Total Cost": 2.41,
                                                                "Plan Rows": 1,
                                                                "Plan Width": 4,
                                                                "Actual Startup Time": 0.008,
                                                                "Actual Total Time": 0.01,
                                                                "Actual Rows": 1,
                                                                "Actual Loops": 1,
                                                                "Filter": "(id = 2)",
                                                                "Rows Removed by Filter": 112
                                                            }
                                                        ]
                                                    }
                                                ]
                                            },
                                            {
                                                "Node Type": "Materialize",
                                                "Parent Relationship": "Inner",
                                                "Parallel Aware": false,
                                                "Async Capable": false,
                                                "Startup Cost": 0.0,
                                                "Total Cost": 2.42,
                                                "Plan Rows": 1,
                                                "Plan Width": 4,
                                                "Actual Startup Time": 0.0,
                                                "Actual Total Time": 0.0,
                                                "Actual Rows": 1,
                                                "Actual Loops": 722829,
                                                "Plans": [
                                                    {
                                                        "Node Type": "Seq Scan",
                                                        "Parent Relationship": "Outer",
                                                        "Parallel Aware": false,
                                                        "Async Capable": false,
                                                        "Relation Name": "info_type",
                                                        "Alias": "it2",
                                                        "Startup Cost": 0.0,
                                                        "Total Cost": 2.41,
                                                        "Plan Rows": 1,
                                                        "Plan Width": 4,
                                                        "Actual Startup Time": 0.002,
                                                        "Actual Total Time": 0.004,
                                                        "Actual Rows": 1,
                                                        "Actual Loops": 1,
                                                        "Filter": "(id = 21)",
                                                        "Rows Removed by Filter": 112
                                                    }
                                                ]
                                            }
                                        ]
                                    }
                                ]
                            }
                        ]
                    },
                    "Planning Time": 12.125,
                    "Triggers": [],
                    "Execution Time": 2181.757
                }
            ],
            "hints": [
                "SET enable_hashjoin TO on",
                "SET enable_indexonlyscan TO on",
                "SET enable_indexscan TO off",
                "SET enable_mergejoin TO off",
                "SET enable_nestloop TO off",
                "SET enable_seqscan TO on"
            ]
        },
        {
            "arm": 4,
            "execution_time": 1553.639,
            "plan": [
                {
                    "Plan": {
                        "Node Type": "Sort",
                        "Parallel Aware": false,
                        "Async Capable": false,
                        "Startup Cost": 666377.1,
                        "Total Cost": 666416.61,
                        "Plan Rows": 15807,
                        "Plan Width": 40,
                        "Actual Startup Time": 1532.873,
                        "Actual Total Time": 1550.279,
                        "Actual Rows": 110709,
                        "Actual Loops": 1,
                        "Sort Key": [
                            "(count(*)) DESC"
                        ],
                        "Sort Method": "external merge",
                        "Sort Space Used": 6080,
                        "Sort Space Type": "Disk",
                        "Plans": [
                            {
                                "Node Type": "Aggregate",
                                "Strategy": "Sorted",
                                "Partial Mode": "Simple",
                                "Parent Relationship": "Outer",
                                "Parallel Aware": false,
                                "Async Capable": false,
                                "Startup Cost": 662647.09,
                                "Total Cost": 665274.69,
                                "Plan Rows": 15807,
                                "Plan Width": 40,
                                "Actual Startup Time": 1226.939,
                                "Actual Total Time": 1534.839,
                                "Actual Rows": 110709,
                                "Actual Loops": 1,
                                "Group Key": [
                                    "n.gender",
                                    "rt.role",
                                    "cn.name"
                                ],
                                "Plans": [
                                    {
                                        "Node Type": "Nested Loop",
                                        "Parent Relationship": "Outer",
                                        "Parallel Aware": false,
                                        "Async Capable": false,
                                        "Join Type": "Inner",
                                        "Startup Cost": 662647.09,
                                        "Total Cost": 664958.55,
                                        "Plan Rows": 15807,
                                        "Plan Width": 32,
                                        "Actual Startup Time": 1226.928,
                                        "Actual Total Time": 1495.723,
                                        "Actual Rows": 722829,
                                        "Actual Loops": 1,
                                        "Inner Unique": false,
                                        "Plans": [
                                            {
                                                "Node Type": "Nested Loop",
                                                "Parent Relationship": "Outer",
                                                "Parallel Aware": false,
                                                "Async Capable": false,
                                                "Join Type": "Inner",
                                                "Startup Cost": 662647.09,
                                                "Total Cost": 664758.55,
                                                "Plan Rows": 15807,
                                                "Plan Width": 36,
                                                "Actual Startup Time": 1226.925,
                                                "Actual Total Time": 1405.923,
                                                "Actual Rows": 722829,
                                                "Actual Loops": 1,
                                                "Inner Unique": false,
                                                "Plans": [
                                                    {
                                                        "Node Type": "Gather Merge",
                                                        "Parent Relationship": "Outer",
                                                        "Parallel Aware": false,
                                                        "Async Capable": false,
                                                        "Startup Cost": 662647.09,
                                                        "Total Cost": 664558.55,
                                                        "Plan Rows": 15807,
                                                        "Plan Width": 40,
                                                        "Actual Startup Time": 1226.909,
                                                        "Actual Total Time": 1313.582,
                                                        "Actual Rows": 722829,
                                                        "Actual Loops": 1,
                                                        "Workers Planned": 5,
                                                        "Workers Launched": 5,
                                                        "Plans": [
                                                            {
                                                                "Node Type": "Sort",
                                                                "Parent Relationship": "Outer",
                                                                "Parallel Aware": false,
                                                                "Async Capable": false,
                                                                "Startup Cost": 661647.01,
                                                                "Total Cost": 661654.92,
                                                                "Plan Rows": 3161,
                                                                "Plan Width": 40,
                                                                "Actual Startup Time": 1221.302,
                                                                "Actual Total Time": 1228.276,
                                                                "Actual Rows": 120472,
                                                                "Actual Loops": 6,
                                                                "Sort Key": [
                                                                    "n.gender COLLATE \"C\"",
                                                                    "rt.role COLLATE \"C\"",
                                                                    "cn.name COLLATE \"C\""
                                                                ],
                                                                "Sort Method": "external merge",
                                                                "Sort Space Used": 7192,
                                                                "Sort Space Type": "Disk",
                                                                "Workers": [
                                                                    {
                                                                        "Worker Number": 0,
                                                                        "Sort Method": "external merge",
                                                                        "Sort Space Used": 7400,
                                                                        "Sort Space Type": "Disk"
                                                                    },
                                                                    {
                                                                        "Worker Number": 1,
                                                                        "Sort Method": "external merge",
                                                                        "Sort Space Used": 6392,
                                                                        "Sort Space Type": "Disk"
                                                                    },
                                                                    {
                                                                        "Worker Number": 2,
                                                                        "Sort Method": "external merge",
                                                                        "Sort Space Used": 6680,
                                                                        "Sort Space Type": "Disk"
                                                                    },
                                                                    {
                                                                        "Worker Number": 3,
                                                                        "Sort Method": "external merge",
                                                                        "Sort Space Used": 7048,
                                                                        "Sort Space Type": "Disk"
                                                                    },
                                                                    {
                                                                        "Worker Number": 4,
                                                                        "Sort Method": "external merge",
                                                                        "Sort Space Used": 6608,
                                                                        "Sort Space Type": "Disk"
                                                                    }
                                                                ],
                                                                "Plans": [
                                                                    {
                                                                        "Node Type": "Hash Join",
                                                                        "Parent Relationship": "Outer",
                                                                        "Parallel Aware": false,
                                                                        "Async Capable": false,
                                                                        "Join Type": "Inner",
                                                                        "Startup Cost": 429718.42,
                                                                        "Total Cost": 661463.26,
                                                                        "Plan Rows": 3161,
                                                                        "Plan Width": 40,
                                                                        "Actual Startup Time": 653.89,
                                                                        "Actual Total Time": 1153.266,
                                                                        "Actual Rows": 120472,
                                                                        "Actual Loops": 6,
                                                                        "Inner Unique": true,
                                                                        "Hash Cond": "(mc.company_type_id = ct.id)",
                                                                        "Workers": [],
                                                                        "Plans": [
                                                                            {
                                                                                "Node Type": "Nested Loop",
                                                                                "Parent Relationship": "Outer",
                                                                                "Parallel Aware": false,
                                                                                "Async Capable": false,
                                                                                "Join Type": "Inner",
                                                                                "Startup Cost": 429717.33,
                                                                                "Total Cost": 661445.09,
                                                                                "Plan Rows": 3161,
                                                                                "Plan Width": 44,
                                                                                "Actual Startup Time": 653.842,
                                                                                "Actual Total Time": 1144.262,
                                                                                "Actual Rows": 120472,
                                                                                "Actual Loops": 6,
                                                                                "Inner Unique": true,
                                                                                "Workers": [],
                                                                                "Plans": [
                                                                                    {
                                                                                        "Node Type": "Nested Loop",
                                                                                        "Parent Relationship": "Outer",
                                                                                        "Parallel Aware": false,
                                                                                        "Async Capable": false,
                                                                                        "Join Type": "Inner",
                                                                                        "Startup Cost": 429716.91,
                                                                                        "Total Cost": 657634.79,
                                                                                        "Plan Rows": 3161,
                                                                                        "Plan Width": 29,
                                                                                        "Actual Startup Time": 653.834,
                                                                                        "Actual Total Time": 1057.279,
                                                                                        "Actual Rows": 120472,
                                                                                        "Actual Loops": 6,
                                                                                        "Inner Unique": false,
                                                                                        "Join Filter": "(t.id = mc.movie_id)",
                                                                                        "Rows Removed by Join Filter": 0,
                                                                                        "Workers": [],
                                                                                        "Plans": [
                                                                                            {
                                                                                                "Node Type": "Hash Join",
                                                                                                "Parent Relationship": "Outer",
                                                                                                "Parallel Aware": false,
                                                                                                "Async Capable": false,
                                                                                                "Join Type": "Inner",
                                                                                                "Startup Cost": 429716.48,
                                                                                                "Total Cost": 649190.62,
                                                                                                "Plan Rows": 3064,
                                                                                                "Plan Width": 33,
                                                                                                "Actual Startup Time": 653.825,
                                                                                                "Actual Total Time": 1023.92,
                                                                                                "Actual Rows": 19664,
                                                                                                "Actual Loops": 6,
                                                                                                "Inner Unique": true,
                                                                                                "Hash Cond": "(t.kind_id = kt.id)",
                                                                                                "Workers": [],
                                                                                                "Plans": [
                                                                                                    {
                                                                                                        "Node Type": "Nested Loop",
                                                                                                        "Parent Relationship": "Outer",
                                                                                                        "Parallel Aware": false,
                                                                                                        "Async Capable": false,
                                                                                                        "Join Type": "Inner",
                                                                                                        "Startup Cost": 429715.29,
                                                                                                        "Total Cost": 649174.36,
                                                                                                        "Plan Rows": 3574,
                                                                                                        "Plan Width": 37,
                                                                                                        "Actual Startup Time": 652.928,
                                                                                                        "Actual Total Time": 1022.131,
                                                                                                        "Actual Rows": 27015,
                                                                                                        "Actual Loops": 6,
                                                                                                        "Inner Unique": true,
                                                                                                        "Workers": [],
                                                                                                        "Plans": [
                                                                                                            {
                                                                                                                "Node Type": "Hash Join",
                                                                                                                "Parent Relationship": "Outer",
                                                                                                                "Parallel Aware": true,
                                                                                                                "Async Capable": false,
                                                                                                                "Join Type": "Inner",
                                                                                                                "Startup Cost": 429714.86,
                                                                                                                "Total Cost": 636220.57,
                                                                                                                "Plan Rows": 9795,
                                                                                                                "Plan Width": 29,
                                                                                                                "Actual Startup Time": 652.917,
                                                                                                                "Actual Total Time": 990.45,
                                                                                                                "Actual Rows": 27088,
                                                                                                                "Actual Loops": 6,
                                                                                                                "Inner Unique": false,
                                                                                                                "Hash Cond": "(mi1.movie_id = ci.movie_id)",
                                                                                                                "Workers": [],
                                                                                                                "Plans": [
                                                                                                                    {
                                                                                                                        "Node Type": "Seq Scan",
                                                                                                                        "Parent Relationship": "Outer",
                                                                                                                        "Parallel Aware": true,
                                                                                                                        "Async Capable": false,
                                                                                                                        "Relation Name": "movie_info",
                                                                                                                        "Alias": "mi1",
                                                                                                                        "Startup Cost": 0.0,
                                                                                                                        "Total Cost": 206090.53,
                                                                                                                        "Plan Rows": 106361,
                                                                                                                        "Plan Width": 8,
                                                                                                                        "Actual Startup Time": 23.114,
                                                                                                                        "Actual Total Time": 338.612,
                                                                                                                        "Actual Rows": 214821,
                                                                                                                        "Actual Loops": 6,
                                                                                                                        "Filter": "((info ~~* '%c%'::text) AND (info_type_id = 2))",
                                                                                                                        "Rows Removed by Filter": 2257799,
                                                                                                                        "Workers": []
                                                                                                                    },
                                                                                                                    {
                                                                                                                        "Node Type": "Hash",
                                                                                                                        "Parent Relationship": "Inner",
                                                                                                                        "Parallel Aware": true,
                                                                                                                        "Async Capable": false,
                                                                                                                        "Startup Cost": 429532.63,
                                                                                                                        "Total Cost": 429532.63,
                                                                                                                        "Plan Rows": 14578,
                                                                                                                        "Plan Width": 21,
                                                                                                                        "Actual Startup Time": 623.001,
                                                                                                                        "Actual Total Time": 623.044,
                                                                                                                        "Actual Rows": 42697,
                                                                                                                        "Actual Loops": 6,
                                                                                                                        "Hash Buckets": 262144,
                                                                                                                        "Original Hash Buckets": 131072,
                                                                                                                        "Hash Batches": 1,
                                                                                                                        "Original Hash Batches": 1,
                                                                                                                        "Peak Memory Usage": 18112,
                                                                                                                        "Workers": [],
                                                                                                                        "Plans": [
                                                                                                                            {
                                                                                                                                "Node Type": "Hash Join",
                                                                                                                                "Parent Relationship": "Outer",
                                                                                                                                "Parallel Aware": false,
                                                                                                                                "Async Capable": false,
                                                                                                                                "Join Type": "Inner",
                                                                                                                                "Startup Cost": 93576.23,
                                                                                                                                "Total Cost": 429532.63,
                                                                                                                                "Plan Rows": 14578,
                                                                                                                                "Plan Width": 21,
                                                                                                                                "Actual Startup Time": 177.275,
                                                                                                                                "Actual Total Time": 616.869,
                                                                                                                                "Actual Rows": 42697,
                                                                                                                                "Actual Loops": 6,
                                                                                                                                "Inner Unique": true,
                                                                                                                                "Hash Cond": "(ci.role_id = rt.id)",
                                                                                                                                "Workers": [],
                                                                                                                                "Plans": [
                                                                                                                                    {
                                                                                                                                        "Node Type": "Hash Join",
                                                                                                                                        "Parent Relationship": "Outer",
                                                                                                                                        "Parallel Aware": true,
                                                                                                                                        "Async Capable": false,
                                                                                                                                        "Join Type": "Inner",
                                                                                                                                        "Startup Cost": 93574.94,
                                                                                                                                        "Total Cost": 429427.78,
                                                                                                                                        "Plan Rows": 29155,
                                                                                                                                        "Plan Width": 14,
                                                                                                                                        "Actual Startup Time": 177.26,
                                                                                                                                        "Actual Total Time": 603.625,
                                                                                                                                        "Actual Rows": 441406,
                                                                                                                                        "Actual Loops": 6,
                                                                                                                                        "Inner Unique": false,
                                                                                                                                        "Hash Cond": "(ci.person_id = n.id)",
                                                                                                                                        "Workers": [],
                                                                                                                                        "Plans": [
                                                                                                                                            {
                                                                                                                                                "Node Type": "Seq Scan",
                                                                                                                                                "Parent Relationship": "Outer",
                                                                                                                                                "Parallel Aware": true,
                                                                                                                                                "Async Capable": false,
                                                                                                                                                "Relation Name": "cast_info",
                                                                                                                                                "Alias": "ci",
                                                                                                                                                "Startup Cost": 0.0,
                                                                                                                                                "Total Cost": 313127.24,
                                                                                                                                                "Plan Rows": 6040724,
                                                                                                                                                "Plan Width": 12,
                                                                                                                                                "Actual Startup Time": 0.028,
                                                                                                                                                "Actual Total Time": 196.453,
                                                                                                                                                "Actual Rows": 6040724,
                                                                                                                                                "Actual Loops": 6,
                                                                                                                                                "Workers": []
                                                                                                                                            },
                                                                                                                                            {
                                                                                                                                                "Node Type": "Hash",
                                                                                                                                                "Parent Relationship": "Inner",
                                                                                                                                                "Parallel Aware": true,
                                                                                                                                                "Async Capable": false,
                                                                                                                                                "Startup Cost": 93512.09,
                                                                                                                                                "Total Cost": 93512.09,
                                                                                                                                                "Plan Rows": 5028,
                                                                                                                                                "Plan Width": 14,
                                                                                                                                                "Actual Startup Time": 177.118,
                                                                                                                                                "Actual Total Time": 177.12,
                                                                                                                                                "Actual Rows": 10020,
                                                                                                                                                "Actual Loops": 6,
                                                                                                                                                "Hash Buckets": 65536,
                                                                                                                                                "Original Hash Buckets": 32768,
                                                                                                                                                "Hash Batches": 1,
                                                                                                                                                "Original Hash Batches": 1,
                                                                                                                                                "Peak Memory Usage": 3680,
                                                                                                                                                "Workers": [],
                                                                                                                                                "Plans": [
                                                                                                                                                    {
                                                                                                                                                        "Node Type": "Nested Loop",
                                                                                                                                                        "Parent Relationship": "Outer",
                                                                                                                                                        "Parallel Aware": false,
                                                                                                                                                        "Async Capable": false,
                                                                                                                                                        "Join Type": "Inner",
                                                                                                                                                        "Startup Cost": 0.43,
                                                                                                                                                        "Total Cost": 93512.09,
                                                                                                                                                        "Plan Rows": 5028,
                                                                                                                                                        "Plan Width": 14,
                                                                                                                                                        "Actual Startup Time": 0.049,
                                                                                                                                                        "Actual Total Time": 173.252,
                                                                                                                                                        "Actual Rows": 10020,
                                                                                                                                                        "Actual Loops": 6,
                                                                                                                                                        "Inner Unique": true,
                                                                                                                                                        "Workers": [],
                                                                                                                                                        "Plans": [
                                                                                                                                                            {
                                                                                                                                                                "Node Type": "Seq Scan",
                                                                                                                                                                "Parent Relationship": "Outer",
                                                                                                                                                                "Parallel Aware": true,
                                                                                                                                                                "Async Capable": false,
                                                                                                                                                                "Relation Name": "person_info",
                                                                                                                                                                "Alias": "pi1",
                                                                                                                                                                "Startup Cost": 0.0,
                                                                                                                                                                "Total Cost": 62183.96,
                                                                                                                                                                "Plan Rows": 5028,
                                                                                                                                                                "Plan Width": 8,
                                                                                                                                                                "Actual Startup Time": 0.027,
                                                                                                                                                                "Actual Total Time": 149.079,
                                                                                                                                                                "Actual Rows": 10020,
                                                                                                                                                                "Actual Loops": 6,
                                                                                                                                                                "Filter": "((info ~~* '%197%'::text) AND (info_type_id = 21))",
                                                                                                                                                                "Rows Removed by Filter": 483924,
                                                                                                                                                                "Workers": []
                                                                                                                                                            },
                                                                                                                                                            {
                                                                                                                                                                "Node Type": "Index Scan",
                                                                                                                                                                "Parent Relationship": "Inner",
                                                                                                                                                                "Parallel Aware": false,
                                                                                                                                                                "Async Capable": false,
                                                                                                                                                                "Scan Direction": "Forward",
                                                                                                                                                                "Index Name": "name_pkey",
                                                                                                                                                                "Relation Name": "name",
                                                                                                                                                                "Alias": "n",
                                                                                                                                                                "Startup Cost": 0.43,
                                                                                                                                                                "Total Cost": 6.23,
                                                                                                                                                                "Plan Rows": 1,
                                                                                                                                                                "Plan Width": 6,
                                                                                                                                                                "Actual Startup Time": 0.002,
                                                                                                                                                                "Actual Total Time": 0.002,
                                                                                                                                                                "Actual Rows": 1,
                                                                                                                                                                "Actual Loops": 60123,
                                                                                                                                                                "Index Cond": "(id = pi1.person_id)",
                                                                                                                                                                "Rows Removed by Index Recheck": 0,
                                                                                                                                                                "Workers": []
                                                                                                                                                            }
                                                                                                                                                        ]
                                                                                                                                                    }
                                                                                                                                                ]
                                                                                                                                            }
                                                                                                                                        ]
                                                                                                                                    },
                                                                                                                                    {
                                                                                                                                        "Node Type": "Hash",
                                                                                                                                        "Parent Relationship": "Inner",
                                                                                                                                        "Parallel Aware": false,
                                                                                                                                        "Async Capable": false,
                                                                                                                                        "Startup Cost": 1.21,
                                                                                                                                        "Total Cost": 1.21,
                                                                                                                                        "Plan Rows": 6,
                                                                                                                                        "Plan Width": 15,
                                                                                                                                        "Actual Startup Time": 0.008,
                                                                                                                                        "Actual Total Time": 0.009,
                                                                                                                                        "Actual Rows": 6,
                                                                                                                                        "Actual Loops": 6,
                                                                                                                                        "Hash Buckets": 1024,
                                                                                                                                        "Original Hash Buckets": 1024,
                                                                                                                                        "Hash Batches": 1,
                                                                                                                                        "Original Hash Batches": 1,
                                                                                                                                        "Peak Memory Usage": 9,
                                                                                                                                        "Workers": [],
                                                                                                                                        "Plans": [
                                                                                                                                            {
                                                                                                                                                "Node Type": "Seq Scan",
                                                                                                                                                "Parent Relationship": "Outer",
                                                                                                                                                "Parallel Aware": false,
                                                                                                                                                "Async Capable": false,
                                                                                                                                                "Relation Name": "role_type",
                                                                                                                                                "Alias": "rt",
                                                                                                                                                "Startup Cost": 0.0,
                                                                                                                                                "Total Cost": 1.21,
                                                                                                                                                "Plan Rows": 6,
                                                                                                                                                "Plan Width": 15,
                                                                                                                                                "Actual Startup Time": 0.006,
                                                                                                                                                "Actual Total Time": 0.007,
                                                                                                                                                "Actual Rows": 6,
                                                                                                                                                "Actual Loops": 6,
                                                                                                                                                "Filter": "((role)::text = ANY ('{cinematographer,\"costume designer\",director,editor,guest,\"miscellaneous crew\"}'::text[]))",
                                                                                                                                                "Rows Removed by Filter": 6,
                                                                                                                                                "Workers": []
                                                                                                                                            }
                                                                                                                                        ]
                                                                                                                                    }
                                                                                                                                ]
                                                                                                                            }
                                                                                                                        ]
                                                                                                                    }
                                                                                                                ]
                                                                                                            },
                                                                                                            {
                                                                                                                "Node Type": "Index Scan",
                                                                                                                "Parent Relationship": "Inner",
                                                                                                                "Parallel Aware": false,
                                                                                                                "Async Capable": false,
                                                                                                                "Scan Direction": "Forward",
                                                                                                                "Index Name": "title_pkey",
                                                                                                                "Relation Name": "title",
                                                                                                                "Alias": "t",
                                                                                                                "Startup Cost": 0.43,
                                                                                                                "Total Cost": 1.32,
                                                                                                                "Plan Rows": 1,
                                                                                                                "Plan Width": 8,
                                                                                                                "Actual Startup Time": 0.001,
                                                                                                                "Actual Total Time": 0.001,
                                                                                                                "Actual Rows": 1,
                                                                                                                "Actual Loops": 162528,
                                                                                                                "Index Cond": "(id = ci.movie_id)",
                                                                                                                "Rows Removed by Index Recheck": 0,
                                                                                                                "Filter": "((production_year <= 2015) AND (production_year >= 1875))",
                                                                                                                "Rows Removed by Filter": 0,
                                                                                                                "Workers": []
                                                                                                            }
                                                                                                        ]
                                                                                                    },
                                                                                                    {
                                                                                                        "Node Type": "Hash",
                                                                                                        "Parent Relationship": "Inner",
                                                                                                        "Parallel Aware": false,
                                                                                                        "Async Capable": false,
                                                                                                        "Startup Cost": 1.12,
                                                                                                        "Total Cost": 1.12,
                                                                                                        "Plan Rows": 6,
                                                                                                        "Plan Width": 4,
                                                                                                        "Actual Startup Time": 0.01,
                                                                                                        "Actual Total Time": 0.01,
                                                                                                        "Actual Rows": 6,
                                                                                                        "Actual Loops": 6,
                                                                                                        "Hash Buckets": 1024,
                                                                                                        "Original Hash Buckets": 1024,
                                                                                                        "Hash Batches": 1,
                                                                                                        "Original Hash Batches": 1,
                                                                                                        "Peak Memory Usage": 9,
                                                                                                        "Workers": [],
                                                                                                        "Plans": [
                                                                                                            {
                                                                                                                "Node Type": "Seq Scan",
                                                                                                                "Parent Relationship": "Outer",
                                                                                                                "Parallel Aware": false,
                                                                                                                "Async Capable": false,
                                                                                                                "Relation Name": "kind_type",
                                                                                                                "Alias": "kt",
                                                                                                                "Startup Cost": 0.0,
                                                                                                                "Total Cost": 1.12,
                                                                                                                "Plan Rows": 6,
                                                                                                                "Plan Width": 4,
                                                                                                                "Actual Startup Time": 0.008,
                                                                                                                "Actual Total Time": 0.009,
                                                                                                                "Actual Rows": 6,
                                                                                                                "Actual Loops": 6,
                                                                                                                "Filter": "((kind)::text = ANY ('{movie,\"tv mini series\",\"tv movie\",\"tv series\",\"video game\",\"video movie\"}'::text[]))",
                                                                                                                "Rows Removed by Filter": 1,
                                                                                                                "Workers": []
                                                                                                            }
                                                                                                        ]
                                                                                                    }
                                                                                                ]
                                                                                            },
                                                                                            {
                                                                                                "Node Type": "Index Scan",
                                                                                                "Parent Relationship": "Inner",
                                                                                                "Parallel Aware": false,
                                                                                                "Async Capable": false,
                                                                                                "Scan Direction": "Forward",
                                                                                                "Index Name": "movie_id_movie_companies",
                                                                                                "Relation Name": "movie_companies",
                                                                                                "Alias": "mc",
                                                                                                "Startup Cost": 0.43,
                                                                                                "Total Cost": 2.69,
                                                                                                "Plan Rows": 5,
                                                                                                "Plan Width": 12,
                                                                                                "Actual Startup Time": 0.001,
                                                                                                "Actual Total Time": 0.001,
                                                                                                "Actual Rows": 6,
                                                                                                "Actual Loops": 117981,
                                                                                                "Index Cond": "(movie_id = ci.movie_id)",
                                                                                                "Rows Removed by Index Recheck": 0,
                                                                                                "Workers": []
                                                                                            }
                                                                                        ]
                                                                                    },
                                                                                    {
                                                                                        "Node Type": "Index Scan",
                                                                                        "Parent Relationship": "Inner",
                                                                                        "Parallel Aware": false,
                                                                                        "Async Capable": false,
                                                                                        "Scan Direction": "Forward",
                                                                                        "Index Name": "company_name_pkey",
                                                                                        "Relation Name": "company_name",
                                                                                        "Alias": "cn",
                                                                                        "Startup Cost": 0.42,
                                                                                        "Total Cost": 1.21,
                                                                                        "Plan Rows": 1,
                                                                                        "Plan Width": 23,
                                                                                        "Actual Startup Time": 0.001,
                                                                                        "Actual Total Time": 0.001,
                                                                                        "Actual Rows": 1,
                                                                                        "Actual Loops": 722829,
                                                                                        "Index Cond": "(id = mc.company_id)",
                                                                                        "Rows Removed by Index Recheck": 0,
                                                                                        "Workers": []
                                                                                    }
                                                                                ]
                                                                            },
                                                                            {
                                                                                "Node Type": "Hash",
                                                                                "Parent Relationship": "Inner",
                                                                                "Parallel Aware": false,
                                                                                "Async Capable": false,
                                                                                "Startup Cost": 1.04,
                                                                                "Total Cost": 1.04,
                                                                                "Plan Rows": 4,
                                                                                "Plan Width": 4,
                                                                                "Actual Startup Time": 0.009,
                                                                                "Actual Total Time": 0.01,
                                                                                "Actual Rows": 4,
                                                                                "Actual Loops": 6,
                                                                                "Hash Buckets": 1024,
                                                                                "Original Hash Buckets": 1024,
                                                                                "Hash Batches": 1,
                                                                                "Original Hash Batches": 1,
                                                                                "Peak Memory Usage": 9,
                                                                                "Workers": [],
                                                                                "Plans": [
                                                                                    {
                                                                                        "Node Type": "Seq Scan",
                                                                                        "Parent Relationship": "Outer",
                                                                                        "Parallel Aware": false,
                                                                                        "Async Capable": false,
                                                                                        "Relation Name": "company_type",
                                                                                        "Alias": "ct",
                                                                                        "Startup Cost": 0.0,
                                                                                        "Total Cost": 1.04,
                                                                                        "Plan Rows": 4,
                                                                                        "Plan Width": 4,
                                                                                        "Actual Startup Time": 0.007,
                                                                                        "Actual Total Time": 0.008,
                                                                                        "Actual Rows": 4,
                                                                                        "Actual Loops": 6,
                                                                                        "Workers": []
                                                                                    }
                                                                                ]
                                                                            }
                                                                        ]
                                                                    }
                                                                ]
                                                            }
                                                        ]
                                                    },
                                                    {
                                                        "Node Type": "Materialize",
                                                        "Parent Relationship": "Inner",
                                                        "Parallel Aware": false,
                                                        "Async Capable": false,
                                                        "Startup Cost": 0.0,
                                                        "Total Cost": 2.42,
                                                        "Plan Rows": 1,
                                                        "Plan Width": 4,
                                                        "Actual Startup Time": 0.0,
                                                        "Actual Total Time": 0.0,
                                                        "Actual Rows": 1,
                                                        "Actual Loops": 722829,
                                                        "Plans": [
                                                            {
                                                                "Node Type": "Seq Scan",
                                                                "Parent Relationship": "Outer",
                                                                "Parallel Aware": false,
                                                                "Async Capable": false,
                                                                "Relation Name": "info_type",
                                                                "Alias": "it1",
                                                                "Startup Cost": 0.0,
                                                                "Total Cost": 2.41,
                                                                "Plan Rows": 1,
                                                                "Plan Width": 4,
                                                                "Actual Startup Time": 0.011,
                                                                "Actual Total Time": 0.014,
                                                                "Actual Rows": 1,
                                                                "Actual Loops": 1,
                                                                "Filter": "(id = 2)",
                                                                "Rows Removed by Filter": 112
                                                            }
                                                        ]
                                                    }
                                                ]
                                            },
                                            {
                                                "Node Type": "Materialize",
                                                "Parent Relationship": "Inner",
                                                "Parallel Aware": false,
                                                "Async Capable": false,
                                                "Startup Cost": 0.0,
                                                "Total Cost": 2.42,
                                                "Plan Rows": 1,
                                                "Plan Width": 4,
                                                "Actual Startup Time": 0.0,
                                                "Actual Total Time": 0.0,
                                                "Actual Rows": 1,
                                                "Actual Loops": 722829,
                                                "Plans": [
                                                    {
                                                        "Node Type": "Seq Scan",
                                                        "Parent Relationship": "Outer",
                                                        "Parallel Aware": false,
                                                        "Async Capable": false,
                                                        "Relation Name": "info_type",
                                                        "Alias": "it2",
                                                        "Startup Cost": 0.0,
                                                        "Total Cost": 2.41,
                                                        "Plan Rows": 1,
                                                        "Plan Width": 4,
                                                        "Actual Startup Time": 0.002,
                                                        "Actual Total Time": 0.004,
                                                        "Actual Rows": 1,
                                                        "Actual Loops": 1,
                                                        "Filter": "(id = 21)",
                                                        "Rows Removed by Filter": 112
                                                    }
                                                ]
                                            }
                                        ]
                                    }
                                ]
                            }
                        ]
                    },
                    "Planning Time": 11.642,
                    "Triggers": [],
                    "Execution Time": 1553.639
                }
            ],
            "hints": [
                "SET enable_hashjoin TO on",
                "SET enable_indexonlyscan TO on",
                "SET enable_indexscan TO on",
                "SET enable_mergejoin TO off",
                "SET enable_nestloop TO on",
                "SET enable_seqscan TO on"
            ]
        }
    ]
}