{
    "sql_file": "15a_job_middle.sql",
    "query": "SELECT MIN(mi.info) AS release_date,\n       MIN(t.title) AS internet_movie\nFROM aka_title AS aka_t,\n     company_name AS cn,\n     company_type AS ct,\n     info_type AS it1,\n     keyword AS k,\n     movie_companies AS mc,\n     movie_info AS mi,\n     movie_keyword AS mk,\n     title AS t\nWHERE cn.country_code = '[us]'\n  AND it1.info = 'release dates'\n  AND mc.note LIKE '%(200%)%'\n  AND mc.note LIKE '%(worldwide)%'\n  AND mi.note LIKE '%internet%'\n  AND mi.info LIKE 'USA:% 200%'\n  AND t.production_year > 2000\n  AND t.id = aka_t.movie_id\n  AND t.id = mi.movie_id\n  AND t.id = mk.movie_id\n  AND t.id = mc.movie_id\n  AND mk.movie_id = mi.movie_id\n  AND mk.movie_id = mc.movie_id\n  AND mk.movie_id = aka_t.movie_id\n  AND mi.movie_id = mc.movie_id\n  AND mi.movie_id = aka_t.movie_id\n  AND mc.movie_id = aka_t.movie_id\n  AND k.id = mk.keyword_id\n  AND it1.id = mi.info_type_id\n  AND cn.id = mc.company_id\n  AND ct.id = mc.company_type_id;",
    "results": [
        {
            "arm": 0,
            "execution_time": 97.847,
            "plan": [
                {
                    "Plan": {
                        "Node Type": "Aggregate",
                        "Strategy": "Plain",
                        "Partial Mode": "Finalize",
                        "Parallel Aware": false,
                        "Async Capable": false,
                        "Startup Cost": 45652.92,
                        "Total Cost": 45652.93,
                        "Plan Rows": 1,
                        "Plan Width": 64,
                        "Actual Startup Time": 90.183,
                        "Actual Total Time": 97.8,
                        "Actual Rows": 1,
                        "Actual Loops": 1,
                        "Plans": [
                            {
                                "Node Type": "Gather",
                                "Parent Relationship": "Outer",
                                "Parallel Aware": false,
                                "Async Capable": false,
                                "Startup Cost": 45652.59,
                                "Total Cost": 45652.9,
                                "Plan Rows": 3,
                                "Plan Width": 64,
                                "Actual Startup Time": 89.934,
                                "Actual Total Time": 97.796,
                                "Actual Rows": 4,
                                "Actual Loops": 1,
                                "Workers Planned": 3,
                                "Workers Launched": 3,
                                "Single Copy": false,
                                "Plans": [
                                    {
                                        "Node Type": "Aggregate",
                                        "Strategy": "Plain",
                                        "Partial Mode": "Partial",
                                        "Parent Relationship": "Outer",
                                        "Parallel Aware": false,
                                        "Async Capable": false,
                                        "Startup Cost": 44652.59,
                                        "Total Cost": 44652.6,
                                        "Plan Rows": 1,
                                        "Plan Width": 64,
                                        "Actual Startup Time": 88.062,
                                        "Actual Total Time": 88.067,
                                        "Actual Rows": 1,
                                        "Actual Loops": 4,
                                        "Workers": [],
                                        "Plans": [
                                            {
                                                "Node Type": "Nested Loop",
                                                "Parent Relationship": "Outer",
                                                "Parallel Aware": false,
                                                "Async Capable": false,
                                                "Join Type": "Inner",
                                                "Startup Cost": 5394.92,
                                                "Total Cost": 44652.56,
                                                "Plan Rows": 6,
                                                "Plan Width": 59,
                                                "Actual Startup Time": 26.786,
                                                "Actual Total Time": 88.053,
                                                "Actual Rows": 82,
                                                "Actual Loops": 4,
                                                "Inner Unique": true,
                                                "Workers": [],
                                                "Plans": [
                                                    {
                                                        "Node Type": "Nested Loop",
                                                        "Parent Relationship": "Outer",
                                                        "Parallel Aware": false,
                                                        "Async Capable": false,
                                                        "Join Type": "Inner",
                                                        "Startup Cost": 5394.5,
                                                        "Total Cost": 44649.93,
                                                        "Plan Rows": 6,
                                                        "Plan Width": 63,
                                                        "Actual Startup Time": 26.766,
                                                        "Actual Total Time": 87.829,
                                                        "Actual Rows": 82,
                                                        "Actual Loops": 4,
                                                        "Inner Unique": false,
                                                        "Workers": [],
                                                        "Plans": [
                                                            {
                                                                "Node Type": "Nested Loop",
                                                                "Parent Relationship": "Outer",
                                                                "Parallel Aware": false,
                                                                "Async Capable": false,
                                                                "Join Type": "Inner",
                                                                "Startup Cost": 5394.07,
                                                                "Total Cost": 44648.13,
                                                                "Plan Rows": 1,
                                                                "Plan Width": 75,
                                                                "Actual Startup Time": 11.455,
                                                                "Actual Total Time": 87.739,
                                                                "Actual Rows": 14,
                                                                "Actual Loops": 4,
                                                                "Inner Unique": true,
                                                                "Workers": [],
                                                                "Plans": [
                                                                    {
                                                                        "Node Type": "Nested Loop",
                                                                        "Parent Relationship": "Outer",
                                                                        "Parallel Aware": false,
                                                                        "Async Capable": false,
                                                                        "Join Type": "Inner",
                                                                        "Startup Cost": 5393.92,
                                                                        "Total Cost": 44647.77,
                                                                        "Plan Rows": 1,
                                                                        "Plan Width": 79,
                                                                        "Actual Startup Time": 11.447,
                                                                        "Actual Total Time": 87.711,
                                                                        "Actual Rows": 14,
                                                                        "Actual Loops": 4,
                                                                        "Inner Unique": true,
                                                                        "Workers": [],
                                                                        "Plans": [
                                                                            {
                                                                                "Node Type": "Nested Loop",
                                                                                "Parent Relationship": "Outer",
                                                                                "Parallel Aware": false,
                                                                                "Async Capable": false,
                                                                                "Join Type": "Inner",
                                                                                "Startup Cost": 5393.79,
                                                                                "Total Cost": 44647.61,
                                                                                "Plan Rows": 1,
                                                                                "Plan Width": 83,
                                                                                "Actual Startup Time": 11.435,
                                                                                "Actual Total Time": 87.681,
                                                                                "Actual Rows": 14,
                                                                                "Actual Loops": 4,
                                                                                "Inner Unique": false,
                                                                                "Workers": [],
                                                                                "Plans": [
                                                                                    {
                                                                                        "Node Type": "Nested Loop",
                                                                                        "Parent Relationship": "Outer",
                                                                                        "Parallel Aware": false,
                                                                                        "Async Capable": false,
                                                                                        "Join Type": "Inner",
                                                                                        "Startup Cost": 5393.36,
                                                                                        "Total Cost": 42922.83,
                                                                                        "Plan Rows": 904,
                                                                                        "Plan Width": 33,
                                                                                        "Actual Startup Time": 5.891,
                                                                                        "Actual Total Time": 63.952,
                                                                                        "Actual Rows": 1284,
                                                                                        "Actual Loops": 4,
                                                                                        "Inner Unique": true,
                                                                                        "Workers": [],
                                                                                        "Plans": [
                                                                                            {
                                                                                                "Node Type": "Nested Loop",
                                                                                                "Parent Relationship": "Outer",
                                                                                                "Parallel Aware": false,
                                                                                                "Async Capable": false,
                                                                                                "Join Type": "Inner",
                                                                                                "Startup Cost": 5392.93,
                                                                                                "Total Cost": 41362.28,
                                                                                                "Plan Rows": 1646,
                                                                                                "Plan Width": 12,
                                                                                                "Actual Startup Time": 5.842,
                                                                                                "Actual Total Time": 57.362,
                                                                                                "Actual Rows": 3425,
                                                                                                "Actual Loops": 4,
                                                                                                "Inner Unique": false,
                                                                                                "Workers": [],
                                                                                                "Plans": [
                                                                                                    {
                                                                                                        "Node Type": "Hash Join",
                                                                                                        "Parent Relationship": "Outer",
                                                                                                        "Parallel Aware": true,
                                                                                                        "Async Capable": false,
                                                                                                        "Join Type": "Inner",
                                                                                                        "Startup Cost": 5392.51,
                                                                                                        "Total Cost": 36857.56,
                                                                                                        "Plan Rows": 2235,
                                                                                                        "Plan Width": 8,
                                                                                                        "Actual Startup Time": 5.715,
                                                                                                        "Actual Total Time": 46.556,
                                                                                                        "Actual Rows": 10959,
                                                                                                        "Actual Loops": 4,
                                                                                                        "Inner Unique": true,
                                                                                                        "Hash Cond": "(mc.company_id = cn.id)",
                                                                                                        "Workers": [],
                                                                                                        "Plans": [
                                                                                                            {
                                                                                                                "Node Type": "Seq Scan",
                                                                                                                "Parent Relationship": "Outer",
                                                                                                                "Parallel Aware": true,
                                                                                                                "Async Capable": false,
                                                                                                                "Relation Name": "movie_companies",
                                                                                                                "Alias": "mc",
                                                                                                                "Startup Cost": 0.0,
                                                                                                                "Total Cost": 31448.82,
                                                                                                                "Plan Rows": 6185,
                                                                                                                "Plan Width": 12,
                                                                                                                "Actual Startup Time": 0.043,
                                                                                                                "Actual Total Time": 38.673,
                                                                                                                "Actual Rows": 15416,
                                                                                                                "Actual Loops": 4,
                                                                                                                "Filter": "((note ~~ '%(200%)%'::text) AND (note ~~ '%(worldwide)%'::text))",
                                                                                                                "Rows Removed by Filter": 636866,
                                                                                                                "Workers": []
                                                                                                            },
                                                                                                            {
                                                                                                                "Node Type": "Hash",
                                                                                                                "Parent Relationship": "Inner",
                                                                                                                "Parallel Aware": true,
                                                                                                                "Async Capable": false,
                                                                                                                "Startup Cost": 4767.92,
                                                                                                                "Total Cost": 4767.92,
                                                                                                                "Plan Rows": 49967,
                                                                                                                "Plan Width": 4,
                                                                                                                "Actual Startup Time": 5.478,
                                                                                                                "Actual Total Time": 5.478,
                                                                                                                "Actual Rows": 21211,
                                                                                                                "Actual Loops": 4,
                                                                                                                "Hash Buckets": 131072,
                                                                                                                "Original Hash Buckets": 131072,
                                                                                                                "Hash Batches": 1,
                                                                                                                "Original Hash Batches": 1,
                                                                                                                "Peak Memory Usage": 4416,
                                                                                                                "Workers": [],
                                                                                                                "Plans": [
                                                                                                                    {
                                                                                                                        "Node Type": "Seq Scan",
                                                                                                                        "Parent Relationship": "Outer",
                                                                                                                        "Parallel Aware": true,
                                                                                                                        "Async Capable": false,
                                                                                                                        "Relation Name": "company_name",
                                                                                                                        "Alias": "cn",
                                                                                                                        "Startup Cost": 0.0,
                                                                                                                        "Total Cost": 4767.92,
                                                                                                                        "Plan Rows": 49967,
                                                                                                                        "Plan Width": 4,
                                                                                                                        "Actual Startup Time": 0.013,
                                                                                                                        "Actual Total Time": 4.032,
                                                                                                                        "Actual Rows": 21211,
                                                                                                                        "Actual Loops": 4,
                                                                                                                        "Filter": "((country_code)::text = '[us]'::text)",
                                                                                                                        "Rows Removed by Filter": 37538,
                                                                                                                        "Workers": []
                                                                                                                    }
                                                                                                                ]
                                                                                                            }
                                                                                                        ]
                                                                                                    },
                                                                                                    {
                                                                                                        "Node Type": "Index Only Scan",
                                                                                                        "Parent Relationship": "Inner",
                                                                                                        "Parallel Aware": false,
                                                                                                        "Async Capable": false,
                                                                                                        "Scan Direction": "Forward",
                                                                                                        "Index Name": "movie_id_aka_title",
                                                                                                        "Relation Name": "aka_title",
                                                                                                        "Alias": "aka_t",
                                                                                                        "Startup Cost": 0.42,
                                                                                                        "Total Cost": 1.99,
                                                                                                        "Plan Rows": 3,
                                                                                                        "Plan Width": 4,
                                                                                                        "Actual Startup Time": 0.001,
                                                                                                        "Actual Total Time": 0.001,
                                                                                                        "Actual Rows": 0,
                                                                                                        "Actual Loops": 43837,
                                                                                                        "Index Cond": "(movie_id = mc.movie_id)",
                                                                                                        "Rows Removed by Index Recheck": 0,
                                                                                                        "Heap Fetches": 13699,
                                                                                                        "Workers": []
                                                                                                    }
                                                                                                ]
                                                                                            },
                                                                                            {
                                                                                                "Node Type": "Index Scan",
                                                                                                "Parent Relationship": "Inner",
                                                                                                "Parallel Aware": false,
                                                                                                "Async Capable": false,
                                                                                                "Scan Direction": "Forward",
                                                                                                "Index Name": "title_pkey",
                                                                                                "Relation Name": "title",
                                                                                                "Alias": "t",
                                                                                                "Startup Cost": 0.43,
                                                                                                "Total Cost": 0.95,
                                                                                                "Plan Rows": 1,
                                                                                                "Plan Width": 21,
                                                                                                "Actual Startup Time": 0.002,
                                                                                                "Actual Total Time": 0.002,
                                                                                                "Actual Rows": 0,
                                                                                                "Actual Loops": 13699,
                                                                                                "Index Cond": "(id = aka_t.movie_id)",
                                                                                                "Rows Removed by Index Recheck": 0,
                                                                                                "Filter": "(production_year > 2000)",
                                                                                                "Rows Removed by Filter": 1,
                                                                                                "Workers": []
                                                                                            }
                                                                                        ]
                                                                                    },
                                                                                    {
                                                                                        "Node Type": "Index Scan",
                                                                                        "Parent Relationship": "Inner",
                                                                                        "Parallel Aware": false,
                                                                                        "Async Capable": false,
                                                                                        "Scan Direction": "Forward",
                                                                                        "Index Name": "movie_id_movie_info",
                                                                                        "Relation Name": "movie_info",
                                                                                        "Alias": "mi",
                                                                                        "Startup Cost": 0.43,
                                                                                        "Total Cost": 1.9,
                                                                                        "Plan Rows": 1,
                                                                                        "Plan Width": 50,
                                                                                        "Actual Startup Time": 0.018,
                                                                                        "Actual Total Time": 0.018,
                                                                                        "Actual Rows": 0,
                                                                                        "Actual Loops": 5134,
                                                                                        "Index Cond": "(movie_id = t.id)",
                                                                                        "Rows Removed by Index Recheck": 0,
                                                                                        "Filter": "((note ~~ '%internet%'::text) AND (info ~~ 'USA:% 200%'::text))",
                                                                                        "Rows Removed by Filter": 72,
                                                                                        "Workers": []
                                                                                    }
                                                                                ]
                                                                            },
                                                                            {
                                                                                "Node Type": "Index Only Scan",
                                                                                "Parent Relationship": "Inner",
                                                                                "Parallel Aware": false,
                                                                                "Async Capable": false,
                                                                                "Scan Direction": "Forward",
                                                                                "Index Name": "company_type_pkey",
                                                                                "Relation Name": "company_type",
                                                                                "Alias": "ct",
                                                                                "Startup Cost": 0.13,
                                                                                "Total Cost": 0.15,
                                                                                "Plan Rows": 1,
                                                                                "Plan Width": 4,
                                                                                "Actual Startup Time": 0.001,
                                                                                "Actual Total Time": 0.001,
                                                                                "Actual Rows": 1,
                                                                                "Actual Loops": 57,
                                                                                "Index Cond": "(id = mc.company_type_id)",
                                                                                "Rows Removed by Index Recheck": 0,
                                                                                "Heap Fetches": 57,
                                                                                "Workers": []
                                                                            }
                                                                        ]
                                                                    },
                                                                    {
                                                                        "Node Type": "Index Scan",
                                                                        "Parent Relationship": "Inner",
                                                                        "Parallel Aware": false,
                                                                        "Async Capable": false,
                                                                        "Scan Direction": "Forward",
                                                                        "Index Name": "info_type_pkey",
                                                                        "Relation Name": "info_type",
                                                                        "Alias": "it1",
                                                                        "Startup Cost": 0.14,
                                                                        "Total Cost": 0.25,
                                                                        "Plan Rows": 1,
                                                                        "Plan Width": 4,
                                                                        "Actual Startup Time": 0.001,
                                                                        "Actual Total Time": 0.001,
                                                                        "Actual Rows": 1,
                                                                        "Actual Loops": 57,
                                                                        "Index Cond": "(id = mi.info_type_id)",
                                                                        "Rows Removed by Index Recheck": 0,
                                                                        "Filter": "((info)::text = 'release dates'::text)",
                                                                        "Rows Removed by Filter": 0,
                                                                        "Workers": []
                                                                    }
                                                                ]
                                                            },
                                                            {
                                                                "Node Type": "Index Scan",
                                                                "Parent Relationship": "Inner",
                                                                "Parallel Aware": false,
                                                                "Async Capable": false,
                                                                "Scan Direction": "Forward",
                                                                "Index Name": "movie_id_movie_keyword",
                                                                "Relation Name": "movie_keyword",
                                                                "Alias": "mk",
                                                                "Startup Cost": 0.43,
                                                                "Total Cost": 1.33,
                                                                "Plan Rows": 46,
                                                                "Plan Width": 8,
                                                                "Actual Startup Time": 0.005,
                                                                "Actual Total Time": 0.005,
                                                                "Actual Rows": 6,
                                                                "Actual Loops": 57,
                                                                "Index Cond": "(movie_id = t.id)",
                                                                "Rows Removed by Index Recheck": 0,
                                                                "Workers": []
                                                            }
                                                        ]
                                                    },
                                                    {
                                                        "Node Type": "Index Only Scan",
                                                        "Parent Relationship": "Inner",
                                                        "Parallel Aware": false,
                                                        "Async Capable": false,
                                                        "Scan Direction": "Forward",
                                                        "Index Name": "keyword_pkey",
                                                        "Relation Name": "keyword",
                                                        "Alias": "k",
                                                        "Startup Cost": 0.42,
                                                        "Total Cost": 0.44,
                                                        "Plan Rows": 1,
                                                        "Plan Width": 4,
                                                        "Actual Startup Time": 0.003,
                                                        "Actual Total Time": 0.003,
                                                        "Actual Rows": 1,
                                                        "Actual Loops": 328,
                                                        "Index Cond": "(id = mk.keyword_id)",
                                                        "Rows Removed by Index Recheck": 0,
                                                        "Heap Fetches": 328,
                                                        "Workers": []
                                                    }
                                                ]
                                            }
                                        ]
                                    }
                                ]
                            }
                        ]
                    },
                    "Planning Time": 5.203,
                    "Triggers": [],
                    "Execution Time": 97.847
                }
            ],
            "hints": [
                "SET enable_hashjoin TO on",
                "SET enable_indexonlyscan TO on",
                "SET enable_indexscan TO on",
                "SET enable_mergejoin TO on",
                "SET enable_nestloop TO on",
                "SET enable_seqscan TO on"
            ]
        },
        {
            "arm": 1,
            "execution_time": 339.749,
            "plan": [
                {
                    "Plan": {
                        "Node Type": "Aggregate",
                        "Strategy": "Plain",
                        "Partial Mode": "Finalize",
                        "Parallel Aware": false,
                        "Async Capable": false,
                        "Startup Cost": 345608.76,
                        "Total Cost": 345608.77,
                        "Plan Rows": 1,
                        "Plan Width": 64,
                        "Actual Startup Time": 324.429,
                        "Actual Total Time": 339.695,
                        "Actual Rows": 1,
                        "Actual Loops": 1,
                        "Plans": [
                            {
                                "Node Type": "Gather",
                                "Parent Relationship": "Outer",
                                "Parallel Aware": false,
                                "Async Capable": false,
                                "Startup Cost": 345608.43,
                                "Total Cost": 345608.74,
                                "Plan Rows": 3,
                                "Plan Width": 64,
                                "Actual Startup Time": 324.228,
                                "Actual Total Time": 339.69,
                                "Actual Rows": 4,
                                "Actual Loops": 1,
                                "Workers Planned": 3,
                                "Workers Launched": 3,
                                "Single Copy": false,
                                "Plans": [
                                    {
                                        "Node Type": "Aggregate",
                                        "Strategy": "Plain",
                                        "Partial Mode": "Partial",
                                        "Parent Relationship": "Outer",
                                        "Parallel Aware": false,
                                        "Async Capable": false,
                                        "Startup Cost": 344608.43,
                                        "Total Cost": 344608.44,
                                        "Plan Rows": 1,
                                        "Plan Width": 64,
                                        "Actual Startup Time": 322.535,
                                        "Actual Total Time": 322.547,
                                        "Actual Rows": 1,
                                        "Actual Loops": 4,
                                        "Workers": [],
                                        "Plans": [
                                            {
                                                "Node Type": "Hash Join",
                                                "Parent Relationship": "Outer",
                                                "Parallel Aware": false,
                                                "Async Capable": false,
                                                "Join Type": "Inner",
                                                "Startup Cost": 300062.56,
                                                "Total Cost": 344608.4,
                                                "Plan Rows": 6,
                                                "Plan Width": 59,
                                                "Actual Startup Time": 261.735,
                                                "Actual Total Time": 322.535,
                                                "Actual Rows": 82,
                                                "Actual Loops": 4,
                                                "Inner Unique": true,
                                                "Hash Cond": "(mk.keyword_id = k.id)",
                                                "Workers": [],
                                                "Plans": [
                                                    {
                                                        "Node Type": "Hash Join",
                                                        "Parent Relationship": "Outer",
                                                        "Parallel Aware": true,
                                                        "Async Capable": false,
                                                        "Join Type": "Inner",
                                                        "Startup Cost": 296035.73,
                                                        "Total Cost": 340581.56,
                                                        "Plan Rows": 6,
                                                        "Plan Width": 63,
                                                        "Actual Startup Time": 248.707,
                                                        "Actual Total Time": 309.481,
                                                        "Actual Rows": 82,
                                                        "Actual Loops": 4,
                                                        "Inner Unique": false,
                                                        "Hash Cond": "(mk.movie_id = t.id)",
                                                        "Workers": [],
                                                        "Plans": [
                                                            {
                                                                "Node Type": "Seq Scan",
                                                                "Parent Relationship": "Outer",
                                                                "Parallel Aware": true,
                                                                "Async Capable": false,
                                                                "Relation Name": "movie_keyword",
                                                                "Alias": "mk",
                                                                "Startup Cost": 0.0,
                                                                "Total Cost": 39073.32,
                                                                "Plan Rows": 1459332,
                                                                "Plan Width": 8,
                                                                "Actual Startup Time": 0.01,
                                                                "Actual Total Time": 42.16,
                                                                "Actual Rows": 1130982,
                                                                "Actual Loops": 4,
                                                                "Workers": []
                                                            },
                                                            {
                                                                "Node Type": "Hash",
                                                                "Parent Relationship": "Inner",
                                                                "Parallel Aware": true,
                                                                "Async Capable": false,
                                                                "Startup Cost": 296035.72,
                                                                "Total Cost": 296035.72,
                                                                "Plan Rows": 1,
                                                                "Plan Width": 75,
                                                                "Actual Startup Time": 235.867,
                                                                "Actual Total Time": 235.878,
                                                                "Actual Rows": 14,
                                                                "Actual Loops": 4,
                                                                "Hash Buckets": 1024,
                                                                "Original Hash Buckets": 1024,
                                                                "Hash Batches": 1,
                                                                "Original Hash Batches": 1,
                                                                "Peak Memory Usage": 136,
                                                                "Workers": [],
                                                                "Plans": [
                                                                    {
                                                                        "Node Type": "Hash Join",
                                                                        "Parent Relationship": "Outer",
                                                                        "Parallel Aware": true,
                                                                        "Async Capable": false,
                                                                        "Join Type": "Inner",
                                                                        "Startup Cost": 250824.44,
                                                                        "Total Cost": 296035.72,
                                                                        "Plan Rows": 1,
                                                                        "Plan Width": 75,
                                                                        "Actual Startup Time": 198.577,
                                                                        "Actual Total Time": 235.838,
                                                                        "Actual Rows": 14,
                                                                        "Actual Loops": 4,
                                                                        "Inner Unique": false,
                                                                        "Hash Cond": "(t.id = aka_t.movie_id)",
                                                                        "Workers": [],
                                                                        "Plans": [
                                                                            {
                                                                                "Node Type": "Seq Scan",
                                                                                "Parent Relationship": "Outer",
                                                                                "Parallel Aware": true,
                                                                                "Async Capable": false,
                                                                                "Relation Name": "title",
                                                                                "Alias": "t",
                                                                                "Startup Cost": 0.0,
                                                                                "Total Cost": 43909.73,
                                                                                "Plan Rows": 347079,
                                                                                "Plan Width": 21,
                                                                                "Actual Startup Time": 0.021,
                                                                                "Actual Total Time": 40.665,
                                                                                "Actual Rows": 345363,
                                                                                "Actual Loops": 4,
                                                                                "Filter": "(production_year > 2000)",
                                                                                "Rows Removed by Filter": 286715,
                                                                                "Workers": []
                                                                            },
                                                                            {
                                                                                "Node Type": "Hash",
                                                                                "Parent Relationship": "Inner",
                                                                                "Parallel Aware": true,
                                                                                "Async Capable": false,
                                                                                "Startup Cost": 250824.42,
                                                                                "Total Cost": 250824.42,
                                                                                "Plan Rows": 1,
                                                                                "Plan Width": 54,
                                                                                "Actual Startup Time": 186.341,
                                                                                "Actual Total Time": 186.35,
                                                                                "Actual Rows": 18,
                                                                                "Actual Loops": 4,
                                                                                "Hash Buckets": 1024,
                                                                                "Original Hash Buckets": 1024,
                                                                                "Hash Batches": 1,
                                                                                "Original Hash Batches": 1,
                                                                                "Peak Memory Usage": 136,
                                                                                "Workers": [],
                                                                                "Plans": [
                                                                                    {
                                                                                        "Node Type": "Hash Join",
                                                                                        "Parent Relationship": "Outer",
                                                                                        "Parallel Aware": false,
                                                                                        "Async Capable": false,
                                                                                        "Join Type": "Inner",
                                                                                        "Startup Cost": 245869.12,
                                                                                        "Total Cost": 250824.42,
                                                                                        "Plan Rows": 1,
                                                                                        "Plan Width": 54,
                                                                                        "Actual Startup Time": 182.324,
                                                                                        "Actual Total Time": 186.334,
                                                                                        "Actual Rows": 18,
                                                                                        "Actual Loops": 4,
                                                                                        "Inner Unique": true,
                                                                                        "Hash Cond": "(mc.company_type_id = ct.id)",
                                                                                        "Workers": [],
                                                                                        "Plans": [
                                                                                            {
                                                                                                "Node Type": "Hash Join",
                                                                                                "Parent Relationship": "Outer",
                                                                                                "Parallel Aware": true,
                                                                                                "Async Capable": false,
                                                                                                "Join Type": "Inner",
                                                                                                "Startup Cost": 245868.03,
                                                                                                "Total Cost": 250823.33,
                                                                                                "Plan Rows": 1,
                                                                                                "Plan Width": 58,
                                                                                                "Actual Startup Time": 182.304,
                                                                                                "Actual Total Time": 186.312,
                                                                                                "Actual Rows": 18,
                                                                                                "Actual Loops": 4,
                                                                                                "Inner Unique": false,
                                                                                                "Hash Cond": "(cn.id = mc.company_id)",
                                                                                                "Workers": [],
                                                                                                "Plans": [
                                                                                                    {
                                                                                                        "Node Type": "Seq Scan",
                                                                                                        "Parent Relationship": "Outer",
                                                                                                        "Parallel Aware": true,
                                                                                                        "Async Capable": false,
                                                                                                        "Relation Name": "company_name",
                                                                                                        "Alias": "cn",
                                                                                                        "Startup Cost": 0.0,
                                                                                                        "Total Cost": 4767.92,
                                                                                                        "Plan Rows": 49967,
                                                                                                        "Plan Width": 4,
                                                                                                        "Actual Startup Time": 0.005,
                                                                                                        "Actual Total Time": 3.518,
                                                                                                        "Actual Rows": 21211,
                                                                                                        "Actual Loops": 4,
                                                                                                        "Filter": "((country_code)::text = '[us]'::text)",
                                                                                                        "Rows Removed by Filter": 37538,
                                                                                                        "Workers": []
                                                                                                    },
                                                                                                    {
                                                                                                        "Node Type": "Hash",
                                                                                                        "Parent Relationship": "Inner",
                                                                                                        "Parallel Aware": true,
                                                                                                        "Async Capable": false,
                                                                                                        "Startup Cost": 245868.01,
                                                                                                        "Total Cost": 245868.01,
                                                                                                        "Plan Rows": 1,
                                                                                                        "Plan Width": 62,
                                                                                                        "Actual Startup Time": 182.226,
                                                                                                        "Actual Total Time": 182.232,
                                                                                                        "Actual Rows": 19,
                                                                                                        "Actual Loops": 4,
                                                                                                        "Hash Buckets": 1024,
                                                                                                        "Original Hash Buckets": 1024,
                                                                                                        "Hash Batches": 1,
                                                                                                        "Original Hash Batches": 1,
                                                                                                        "Peak Memory Usage": 136,
                                                                                                        "Workers": [],
                                                                                                        "Plans": [
                                                                                                            {
                                                                                                                "Node Type": "Hash Join",
                                                                                                                "Parent Relationship": "Outer",
                                                                                                                "Parallel Aware": true,
                                                                                                                "Async Capable": false,
                                                                                                                "Join Type": "Inner",
                                                                                                                "Startup Cost": 214395.99,
                                                                                                                "Total Cost": 245868.01,
                                                                                                                "Plan Rows": 1,
                                                                                                                "Plan Width": 62,
                                                                                                                "Actual Startup Time": 151.441,
                                                                                                                "Actual Total Time": 182.217,
                                                                                                                "Actual Rows": 19,
                                                                                                                "Actual Loops": 4,
                                                                                                                "Inner Unique": false,
                                                                                                                "Hash Cond": "(mc.movie_id = aka_t.movie_id)",
                                                                                                                "Workers": [],
                                                                                                                "Plans": [
                                                                                                                    {
                                                                                                                        "Node Type": "Seq Scan",
                                                                                                                        "Parent Relationship": "Outer",
                                                                                                                        "Parallel Aware": true,
                                                                                                                        "Async Capable": false,
                                                                                                                        "Relation Name": "movie_companies",
                                                                                                                        "Alias": "mc",
                                                                                                                        "Startup Cost": 0.0,
                                                                                                                        "Total Cost": 31448.82,
                                                                                                                        "Plan Rows": 6185,
                                                                                                                        "Plan Width": 12,
                                                                                                                        "Actual Startup Time": 0.036,
                                                                                                                        "Actual Total Time": 34.421,
                                                                                                                        "Actual Rows": 15416,
                                                                                                                        "Actual Loops": 4,
                                                                                                                        "Filter": "((note ~~ '%(200%)%'::text) AND (note ~~ '%(worldwide)%'::text))",
                                                                                                                        "Rows Removed by Filter": 636866,
                                                                                                                        "Workers": []
                                                                                                                    },
                                                                                                                    {
                                                                                                                        "Node Type": "Hash",
                                                                                                                        "Parent Relationship": "Inner",
                                                                                                                        "Parallel Aware": true,
                                                                                                                        "Async Capable": false,
                                                                                                                        "Startup Cost": 214395.98,
                                                                                                                        "Total Cost": 214395.98,
                                                                                                                        "Plan Rows": 1,
                                                                                                                        "Plan Width": 50,
                                                                                                                        "Actual Startup Time": 147.353,
                                                                                                                        "Actual Total Time": 147.357,
                                                                                                                        "Actual Rows": 29,
                                                                                                                        "Actual Loops": 4,
                                                                                                                        "Hash Buckets": 1024,
                                                                                                                        "Original Hash Buckets": 1024,
                                                                                                                        "Hash Batches": 1,
                                                                                                                        "Original Hash Batches": 1,
                                                                                                                        "Peak Memory Usage": 136,
                                                                                                                        "Workers": [],
                                                                                                                        "Plans": [
                                                                                                                            {
                                                                                                                                "Node Type": "Hash Join",
                                                                                                                                "Parent Relationship": "Outer",
                                                                                                                                "Parallel Aware": true,
                                                                                                                                "Async Capable": false,
                                                                                                                                "Join Type": "Inner",
                                                                                                                                "Startup Cost": 206093.04,
                                                                                                                                "Total Cost": 214395.98,
                                                                                                                                "Plan Rows": 1,
                                                                                                                                "Plan Width": 50,
                                                                                                                                "Actual Startup Time": 137.597,
                                                                                                                                "Actual Total Time": 147.341,
                                                                                                                                "Actual Rows": 29,
                                                                                                                                "Actual Loops": 4,
                                                                                                                                "Inner Unique": false,
                                                                                                                                "Hash Cond": "(aka_t.movie_id = mi.movie_id)",
                                                                                                                                "Workers": [],
                                                                                                                                "Plans": [
                                                                                                                                    {
                                                                                                                                        "Node Type": "Seq Scan",
                                                                                                                                        "Parent Relationship": "Outer",
                                                                                                                                        "Parallel Aware": true,
                                                                                                                                        "Async Capable": false,
                                                                                                                                        "Relation Name": "aka_title",
                                                                                                                                        "Alias": "aka_t",
                                                                                                                                        "Startup Cost": 0.0,
                                                                                                                                        "Total Cost": 7738.13,
                                                                                                                                        "Plan Rows": 150613,
                                                                                                                                        "Plan Width": 4,
                                                                                                                                        "Actual Startup Time": 0.005,
                                                                                                                                        "Actual Total Time": 5.841,
                                                                                                                                        "Actual Rows": 90368,
                                                                                                                                        "Actual Loops": 4,
                                                                                                                                        "Workers": []
                                                                                                                                    },
                                                                                                                                    {
                                                                                                                                        "Node Type": "Hash",
                                                                                                                                        "Parent Relationship": "Inner",
                                                                                                                                        "Parallel Aware": true,
                                                                                                                                        "Async Capable": false,
                                                                                                                                        "Startup Cost": 206093.02,
                                                                                                                                        "Total Cost": 206093.02,
                                                                                                                                        "Plan Rows": 1,
                                                                                                                                        "Plan Width": 46,
                                                                                                                                        "Actual Startup Time": 137.475,
                                                                                                                                        "Actual Total Time": 137.478,
                                                                                                                                        "Actual Rows": 443,
                                                                                                                                        "Actual Loops": 4,
                                                                                                                                        "Hash Buckets": 1024,
                                                                                                                                        "Original Hash Buckets": 1024,
                                                                                                                                        "Hash Batches": 1,
                                                                                                                                        "Original Hash Batches": 1,
                                                                                                                                        "Peak Memory Usage": 136,
                                                                                                                                        "Workers": [],
                                                                                                                                        "Plans": [
                                                                                                                                            {
                                                                                                                                                "Node Type": "Hash Join",
                                                                                                                                                "Parent Relationship": "Outer",
                                                                                                                                                "Parallel Aware": false,
                                                                                                                                                "Async Capable": false,
                                                                                                                                                "Join Type": "Inner",
                                                                                                                                                "Startup Cost": 2.43,
                                                                                                                                                "Total Cost": 206093.02,
                                                                                                                                                "Plan Rows": 1,
                                                                                                                                                "Plan Width": 46,
                                                                                                                                                "Actual Startup Time": 81.857,
                                                                                                                                                "Actual Total Time": 137.411,
                                                                                                                                                "Actual Rows": 443,
                                                                                                                                                "Actual Loops": 4,
                                                                                                                                                "Inner Unique": true,
                                                                                                                                                "Hash Cond": "(mi.info_type_id = it1.id)",
                                                                                                                                                "Workers": [],
                                                                                                                                                "Plans": [
                                                                                                                                                    {
                                                                                                                                                        "Node Type": "Seq Scan",
                                                                                                                                                        "Parent Relationship": "Outer",
                                                                                                                                                        "Parallel Aware": true,
                                                                                                                                                        "Async Capable": false,
                                                                                                                                                        "Relation Name": "movie_info",
                                                                                                                                                        "Alias": "mi",
                                                                                                                                                        "Startup Cost": 0.0,
                                                                                                                                                        "Total Cost": 206090.53,
                                                                                                                                                        "Plan Rows": 26,
                                                                                                                                                        "Plan Width": 50,
                                                                                                                                                        "Actual Startup Time": 81.829,
                                                                                                                                                        "Actual Total Time": 137.346,
                                                                                                                                                        "Actual Rows": 443,
                                                                                                                                                        "Actual Loops": 4,
                                                                                                                                                        "Filter": "((note ~~ '%internet%'::text) AND (info ~~ 'USA:% 200%'::text))",
                                                                                                                                                        "Rows Removed by Filter": 3708487,
                                                                                                                                                        "Workers": []
                                                                                                                                                    },
                                                                                                                                                    {
                                                                                                                                                        "Node Type": "Hash",
                                                                                                                                                        "Parent Relationship": "Inner",
                                                                                                                                                        "Parallel Aware": false,
                                                                                                                                                        "Async Capable": false,
                                                                                                                                                        "Startup Cost": 2.41,
                                                                                                                                                        "Total Cost": 2.41,
                                                                                                                                                        "Plan Rows": 1,
                                                                                                                                                        "Plan Width": 4,
                                                                                                                                                        "Actual Startup Time": 0.013,
                                                                                                                                                        "Actual Total Time": 0.014,
                                                                                                                                                        "Actual Rows": 1,
                                                                                                                                                        "Actual Loops": 4,
                                                                                                                                                        "Hash Buckets": 1024,
                                                                                                                                                        "Original Hash Buckets": 1024,
                                                                                                                                                        "Hash Batches": 1,
                                                                                                                                                        "Original Hash Batches": 1,
                                                                                                                                                        "Peak Memory Usage": 9,
                                                                                                                                                        "Workers": [],
                                                                                                                                                        "Plans": [
                                                                                                                                                            {
                                                                                                                                                                "Node Type": "Seq Scan",
                                                                                                                                                                "Parent Relationship": "Outer",
                                                                                                                                                                "Parallel Aware": false,
                                                                                                                                                                "Async Capable": false,
                                                                                                                                                                "Relation Name": "info_type",
                                                                                                                                                                "Alias": "it1",
                                                                                                                                                                "Startup Cost": 0.0,
                                                                                                                                                                "Total Cost": 2.41,
                                                                                                                                                                "Plan Rows": 1,
                                                                                                                                                                "Plan Width": 4,
                                                                                                                                                                "Actual Startup Time": 0.01,
                                                                                                                                                                "Actual Total Time": 0.012,
                                                                                                                                                                "Actual Rows": 1,
                                                                                                                                                                "Actual Loops": 4,
                                                                                                                                                                "Filter": "((info)::text = 'release dates'::text)",
                                                                                                                                                                "Rows Removed by Filter": 112,
                                                                                                                                                                "Workers": []
                                                                                                                                                            }
                                                                                                                                                        ]
                                                                                                                                                    }
                                                                                                                                                ]
                                                                                                                                            }
                                                                                                                                        ]
                                                                                                                                    }
                                                                                                                                ]
                                                                                                                            }
                                                                                                                        ]
                                                                                                                    }
                                                                                                                ]
                                                                                                            }
                                                                                                        ]
                                                                                                    }
                                                                                                ]
                                                                                            },
                                                                                            {
                                                                                                "Node Type": "Hash",
                                                                                                "Parent Relationship": "Inner",
                                                                                                "Parallel Aware": false,
                                                                                                "Async Capable": false,
                                                                                                "Startup Cost": 1.04,
                                                                                                "Total Cost": 1.04,
                                                                                                "Plan Rows": 4,
                                                                                                "Plan Width": 4,
                                                                                                "Actual Startup Time": 0.012,
                                                                                                "Actual Total Time": 0.013,
                                                                                                "Actual Rows": 4,
                                                                                                "Actual Loops": 4,
                                                                                                "Hash Buckets": 1024,
                                                                                                "Original Hash Buckets": 1024,
                                                                                                "Hash Batches": 1,
                                                                                                "Original Hash Batches": 1,
                                                                                                "Peak Memory Usage": 9,
                                                                                                "Workers": [],
                                                                                                "Plans": [
                                                                                                    {
                                                                                                        "Node Type": "Seq Scan",
                                                                                                        "Parent Relationship": "Outer",
                                                                                                        "Parallel Aware": false,
                                                                                                        "Async Capable": false,
                                                                                                        "Relation Name": "company_type",
                                                                                                        "Alias": "ct",
                                                                                                        "Startup Cost": 0.0,
                                                                                                        "Total Cost": 1.04,
                                                                                                        "Plan Rows": 4,
                                                                                                        "Plan Width": 4,
                                                                                                        "Actual Startup Time": 0.01,
                                                                                                        "Actual Total Time": 0.011,
                                                                                                        "Actual Rows": 4,
                                                                                                        "Actual Loops": 4,
                                                                                                        "Workers": []
                                                                                                    }
                                                                                                ]
                                                                                            }
                                                                                        ]
                                                                                    }
                                                                                ]
                                                                            }
                                                                        ]
                                                                    }
                                                                ]
                                                            }
                                                        ]
                                                    },
                                                    {
                                                        "Node Type": "Hash",
                                                        "Parent Relationship": "Inner",
                                                        "Parallel Aware": false,
                                                        "Async Capable": false,
                                                        "Startup Cost": 2349.7,
                                                        "Total Cost": 2349.7,
                                                        "Plan Rows": 134170,
                                                        "Plan Width": 4,
                                                        "Actual Startup Time": 12.663,
                                                        "Actual Total Time": 12.664,
                                                        "Actual Rows": 134170,
                                                        "Actual Loops": 4,
                                                        "Hash Buckets": 262144,
                                                        "Original Hash Buckets": 262144,
                                                        "Hash Batches": 1,
                                                        "Original Hash Batches": 1,
                                                        "Peak Memory Usage": 6765,
                                                        "Workers": [],
                                                        "Plans": [
                                                            {
                                                                "Node Type": "Seq Scan",
                                                                "Parent Relationship": "Outer",
                                                                "Parallel Aware": false,
                                                                "Async Capable": false,
                                                                "Relation Name": "keyword",
                                                                "Alias": "k",
                                                                "Startup Cost": 0.0,
                                                                "Total Cost": 2349.7,
                                                                "Plan Rows": 134170,
                                                                "Plan Width": 4,
                                                                "Actual Startup Time": 0.009,
                                                                "Actual Total Time": 6.136,
                                                                "Actual Rows": 134170,
                                                                "Actual Loops": 4,
                                                                "Workers": []
                                                            }
                                                        ]
                                                    }
                                                ]
                                            }
                                        ]
                                    }
                                ]
                            }
                        ]
                    },
                    "Planning Time": 5.34,
                    "Triggers": [],
                    "Execution Time": 339.749
                }
            ],
            "hints": [
                "SET enable_hashjoin TO on",
                "SET enable_indexonlyscan TO on",
                "SET enable_indexscan TO on",
                "SET enable_mergejoin TO on",
                "SET enable_nestloop TO off",
                "SET enable_seqscan TO on"
            ]
        },
        {
            "arm": 2,
            "execution_time": 332.332,
            "plan": [
                {
                    "Plan": {
                        "Node Type": "Aggregate",
                        "Strategy": "Plain",
                        "Partial Mode": "Finalize",
                        "Parallel Aware": false,
                        "Async Capable": false,
                        "Startup Cost": 345608.75,
                        "Total Cost": 345608.76,
                        "Plan Rows": 1,
                        "Plan Width": 64,
                        "Actual Startup Time": 314.98,
                        "Actual Total Time": 332.277,
                        "Actual Rows": 1,
                        "Actual Loops": 1,
                        "Plans": [
                            {
                                "Node Type": "Gather",
                                "Parent Relationship": "Outer",
                                "Parallel Aware": false,
                                "Async Capable": false,
                                "Startup Cost": 345608.43,
                                "Total Cost": 345608.74,
                                "Plan Rows": 3,
                                "Plan Width": 64,
                                "Actual Startup Time": 314.803,
                                "Actual Total Time": 332.272,
                                "Actual Rows": 4,
                                "Actual Loops": 1,
                                "Workers Planned": 3,
                                "Workers Launched": 3,
                                "Single Copy": false,
                                "Plans": [
                                    {
                                        "Node Type": "Aggregate",
                                        "Strategy": "Plain",
                                        "Partial Mode": "Partial",
                                        "Parent Relationship": "Outer",
                                        "Parallel Aware": false,
                                        "Async Capable": false,
                                        "Startup Cost": 344608.43,
                                        "Total Cost": 344608.44,
                                        "Plan Rows": 1,
                                        "Plan Width": 64,
                                        "Actual Startup Time": 313.044,
                                        "Actual Total Time": 313.058,
                                        "Actual Rows": 1,
                                        "Actual Loops": 4,
                                        "Workers": [],
                                        "Plans": [
                                            {
                                                "Node Type": "Hash Join",
                                                "Parent Relationship": "Outer",
                                                "Parallel Aware": false,
                                                "Async Capable": false,
                                                "Join Type": "Inner",
                                                "Startup Cost": 300062.56,
                                                "Total Cost": 344608.4,
                                                "Plan Rows": 6,
                                                "Plan Width": 59,
                                                "Actual Startup Time": 265.547,
                                                "Actual Total Time": 313.047,
                                                "Actual Rows": 82,
                                                "Actual Loops": 4,
                                                "Inner Unique": true,
                                                "Hash Cond": "(mk.keyword_id = k.id)",
                                                "Workers": [],
                                                "Plans": [
                                                    {
                                                        "Node Type": "Hash Join",
                                                        "Parent Relationship": "Outer",
                                                        "Parallel Aware": true,
                                                        "Async Capable": false,
                                                        "Join Type": "Inner",
                                                        "Startup Cost": 296035.73,
                                                        "Total Cost": 340581.56,
                                                        "Plan Rows": 6,
                                                        "Plan Width": 63,
                                                        "Actual Startup Time": 252.435,
                                                        "Actual Total Time": 299.909,
                                                        "Actual Rows": 82,
                                                        "Actual Loops": 4,
                                                        "Inner Unique": false,
                                                        "Hash Cond": "(mk.movie_id = t.id)",
                                                        "Workers": [],
                                                        "Plans": [
                                                            {
                                                                "Node Type": "Seq Scan",
                                                                "Parent Relationship": "Outer",
                                                                "Parallel Aware": true,
                                                                "Async Capable": false,
                                                                "Relation Name": "movie_keyword",
                                                                "Alias": "mk",
                                                                "Startup Cost": 0.0,
                                                                "Total Cost": 39073.32,
                                                                "Plan Rows": 1459332,
                                                                "Plan Width": 8,
                                                                "Actual Startup Time": 0.004,
                                                                "Actual Total Time": 40.202,
                                                                "Actual Rows": 1130982,
                                                                "Actual Loops": 4,
                                                                "Workers": []
                                                            },
                                                            {
                                                                "Node Type": "Hash",
                                                                "Parent Relationship": "Inner",
                                                                "Parallel Aware": true,
                                                                "Async Capable": false,
                                                                "Startup Cost": 296035.72,
                                                                "Total Cost": 296035.72,
                                                                "Plan Rows": 1,
                                                                "Plan Width": 75,
                                                                "Actual Startup Time": 228.473,
                                                                "Actual Total Time": 228.485,
                                                                "Actual Rows": 14,
                                                                "Actual Loops": 4,
                                                                "Hash Buckets": 1024,
                                                                "Original Hash Buckets": 1024,
                                                                "Hash Batches": 1,
                                                                "Original Hash Batches": 1,
                                                                "Peak Memory Usage": 136,
                                                                "Workers": [],
                                                                "Plans": [
                                                                    {
                                                                        "Node Type": "Hash Join",
                                                                        "Parent Relationship": "Outer",
                                                                        "Parallel Aware": true,
                                                                        "Async Capable": false,
                                                                        "Join Type": "Inner",
                                                                        "Startup Cost": 250824.43,
                                                                        "Total Cost": 296035.72,
                                                                        "Plan Rows": 1,
                                                                        "Plan Width": 75,
                                                                        "Actual Startup Time": 202.076,
                                                                        "Actual Total Time": 228.461,
                                                                        "Actual Rows": 14,
                                                                        "Actual Loops": 4,
                                                                        "Inner Unique": false,
                                                                        "Hash Cond": "(t.id = aka_t.movie_id)",
                                                                        "Workers": [],
                                                                        "Plans": [
                                                                            {
                                                                                "Node Type": "Seq Scan",
                                                                                "Parent Relationship": "Outer",
                                                                                "Parallel Aware": true,
                                                                                "Async Capable": false,
                                                                                "Relation Name": "title",
                                                                                "Alias": "t",
                                                                                "Startup Cost": 0.0,
                                                                                "Total Cost": 43909.73,
                                                                                "Plan Rows": 347079,
                                                                                "Plan Width": 21,
                                                                                "Actual Startup Time": 0.008,
                                                                                "Actual Total Time": 33.65,
                                                                                "Actual Rows": 345363,
                                                                                "Actual Loops": 4,
                                                                                "Filter": "(production_year > 2000)",
                                                                                "Rows Removed by Filter": 286715,
                                                                                "Workers": []
                                                                            },
                                                                            {
                                                                                "Node Type": "Hash",
                                                                                "Parent Relationship": "Inner",
                                                                                "Parallel Aware": true,
                                                                                "Async Capable": false,
                                                                                "Startup Cost": 250824.42,
                                                                                "Total Cost": 250824.42,
                                                                                "Plan Rows": 1,
                                                                                "Plan Width": 54,
                                                                                "Actual Startup Time": 186.045,
                                                                                "Actual Total Time": 186.056,
                                                                                "Actual Rows": 18,
                                                                                "Actual Loops": 4,
                                                                                "Hash Buckets": 1024,
                                                                                "Original Hash Buckets": 1024,
                                                                                "Hash Batches": 1,
                                                                                "Original Hash Batches": 1,
                                                                                "Peak Memory Usage": 136,
                                                                                "Workers": [],
                                                                                "Plans": [
                                                                                    {
                                                                                        "Node Type": "Nested Loop",
                                                                                        "Parent Relationship": "Outer",
                                                                                        "Parallel Aware": false,
                                                                                        "Async Capable": false,
                                                                                        "Join Type": "Inner",
                                                                                        "Startup Cost": 245868.03,
                                                                                        "Total Cost": 250824.42,
                                                                                        "Plan Rows": 1,
                                                                                        "Plan Width": 54,
                                                                                        "Actual Startup Time": 182.041,
                                                                                        "Actual Total Time": 186.046,
                                                                                        "Actual Rows": 18,
                                                                                        "Actual Loops": 4,
                                                                                        "Inner Unique": true,
                                                                                        "Join Filter": "(ct.id = mc.company_type_id)",
                                                                                        "Rows Removed by Join Filter": 0,
                                                                                        "Workers": [],
                                                                                        "Plans": [
                                                                                            {
                                                                                                "Node Type": "Hash Join",
                                                                                                "Parent Relationship": "Outer",
                                                                                                "Parallel Aware": true,
                                                                                                "Async Capable": false,
                                                                                                "Join Type": "Inner",
                                                                                                "Startup Cost": 245868.03,
                                                                                                "Total Cost": 250823.33,
                                                                                                "Plan Rows": 1,
                                                                                                "Plan Width": 58,
                                                                                                "Actual Startup Time": 182.029,
                                                                                                "Actual Total Time": 186.028,
                                                                                                "Actual Rows": 18,
                                                                                                "Actual Loops": 4,
                                                                                                "Inner Unique": false,
                                                                                                "Hash Cond": "(cn.id = mc.company_id)",
                                                                                                "Workers": [],
                                                                                                "Plans": [
                                                                                                    {
                                                                                                        "Node Type": "Seq Scan",
                                                                                                        "Parent Relationship": "Outer",
                                                                                                        "Parallel Aware": true,
                                                                                                        "Async Capable": false,
                                                                                                        "Relation Name": "company_name",
                                                                                                        "Alias": "cn",
                                                                                                        "Startup Cost": 0.0,
                                                                                                        "Total Cost": 4767.92,
                                                                                                        "Plan Rows": 49967,
                                                                                                        "Plan Width": 4,
                                                                                                        "Actual Startup Time": 0.005,
                                                                                                        "Actual Total Time": 3.536,
                                                                                                        "Actual Rows": 21211,
                                                                                                        "Actual Loops": 4,
                                                                                                        "Filter": "((country_code)::text = '[us]'::text)",
                                                                                                        "Rows Removed by Filter": 37538,
                                                                                                        "Workers": []
                                                                                                    },
                                                                                                    {
                                                                                                        "Node Type": "Hash",
                                                                                                        "Parent Relationship": "Inner",
                                                                                                        "Parallel Aware": true,
                                                                                                        "Async Capable": false,
                                                                                                        "Startup Cost": 245868.01,
                                                                                                        "Total Cost": 245868.01,
                                                                                                        "Plan Rows": 1,
                                                                                                        "Plan Width": 62,
                                                                                                        "Actual Startup Time": 181.913,
                                                                                                        "Actual Total Time": 181.922,
                                                                                                        "Actual Rows": 19,
                                                                                                        "Actual Loops": 4,
                                                                                                        "Hash Buckets": 1024,
                                                                                                        "Original Hash Buckets": 1024,
                                                                                                        "Hash Batches": 1,
                                                                                                        "Original Hash Batches": 1,
                                                                                                        "Peak Memory Usage": 136,
                                                                                                        "Workers": [],
                                                                                                        "Plans": [
                                                                                                            {
                                                                                                                "Node Type": "Hash Join",
                                                                                                                "Parent Relationship": "Outer",
                                                                                                                "Parallel Aware": true,
                                                                                                                "Async Capable": false,
                                                                                                                "Join Type": "Inner",
                                                                                                                "Startup Cost": 214395.99,
                                                                                                                "Total Cost": 245868.01,
                                                                                                                "Plan Rows": 1,
                                                                                                                "Plan Width": 62,
                                                                                                                "Actual Startup Time": 151.175,
                                                                                                                "Actual Total Time": 181.889,
                                                                                                                "Actual Rows": 19,
                                                                                                                "Actual Loops": 4,
                                                                                                                "Inner Unique": false,
                                                                                                                "Hash Cond": "(mc.movie_id = aka_t.movie_id)",
                                                                                                                "Workers": [],
                                                                                                                "Plans": [
                                                                                                                    {
                                                                                                                        "Node Type": "Seq Scan",
                                                                                                                        "Parent Relationship": "Outer",
                                                                                                                        "Parallel Aware": true,
                                                                                                                        "Async Capable": false,
                                                                                                                        "Relation Name": "movie_companies",
                                                                                                                        "Alias": "mc",
                                                                                                                        "Startup Cost": 0.0,
                                                                                                                        "Total Cost": 31448.82,
                                                                                                                        "Plan Rows": 6185,
                                                                                                                        "Plan Width": 12,
                                                                                                                        "Actual Startup Time": 0.036,
                                                                                                                        "Actual Total Time": 34.156,
                                                                                                                        "Actual Rows": 15416,
                                                                                                                        "Actual Loops": 4,
                                                                                                                        "Filter": "((note ~~ '%(200%)%'::text) AND (note ~~ '%(worldwide)%'::text))",
                                                                                                                        "Rows Removed by Filter": 636866,
                                                                                                                        "Workers": []
                                                                                                                    },
                                                                                                                    {
                                                                                                                        "Node Type": "Hash",
                                                                                                                        "Parent Relationship": "Inner",
                                                                                                                        "Parallel Aware": true,
                                                                                                                        "Async Capable": false,
                                                                                                                        "Startup Cost": 214395.98,
                                                                                                                        "Total Cost": 214395.98,
                                                                                                                        "Plan Rows": 1,
                                                                                                                        "Plan Width": 50,
                                                                                                                        "Actual Startup Time": 147.286,
                                                                                                                        "Actual Total Time": 147.293,
                                                                                                                        "Actual Rows": 29,
                                                                                                                        "Actual Loops": 4,
                                                                                                                        "Hash Buckets": 1024,
                                                                                                                        "Original Hash Buckets": 1024,
                                                                                                                        "Hash Batches": 1,
                                                                                                                        "Original Hash Batches": 1,
                                                                                                                        "Peak Memory Usage": 136,
                                                                                                                        "Workers": [],
                                                                                                                        "Plans": [
                                                                                                                            {
                                                                                                                                "Node Type": "Hash Join",
                                                                                                                                "Parent Relationship": "Outer",
                                                                                                                                "Parallel Aware": true,
                                                                                                                                "Async Capable": false,
                                                                                                                                "Join Type": "Inner",
                                                                                                                                "Startup Cost": 206093.04,
                                                                                                                                "Total Cost": 214395.98,
                                                                                                                                "Plan Rows": 1,
                                                                                                                                "Plan Width": 50,
                                                                                                                                "Actual Startup Time": 137.89,
                                                                                                                                "Actual Total Time": 147.276,
                                                                                                                                "Actual Rows": 29,
                                                                                                                                "Actual Loops": 4,
                                                                                                                                "Inner Unique": false,
                                                                                                                                "Hash Cond": "(aka_t.movie_id = mi.movie_id)",
                                                                                                                                "Workers": [],
                                                                                                                                "Plans": [
                                                                                                                                    {
                                                                                                                                        "Node Type": "Seq Scan",
                                                                                                                                        "Parent Relationship": "Outer",
                                                                                                                                        "Parallel Aware": true,
                                                                                                                                        "Async Capable": false,
                                                                                                                                        "Relation Name": "aka_title",
                                                                                                                                        "Alias": "aka_t",
                                                                                                                                        "Startup Cost": 0.0,
                                                                                                                                        "Total Cost": 7738.13,
                                                                                                                                        "Plan Rows": 150613,
                                                                                                                                        "Plan Width": 4,
                                                                                                                                        "Actual Startup Time": 0.004,
                                                                                                                                        "Actual Total Time": 5.536,
                                                                                                                                        "Actual Rows": 90368,
                                                                                                                                        "Actual Loops": 4,
                                                                                                                                        "Workers": []
                                                                                                                                    },
                                                                                                                                    {
                                                                                                                                        "Node Type": "Hash",
                                                                                                                                        "Parent Relationship": "Inner",
                                                                                                                                        "Parallel Aware": true,
                                                                                                                                        "Async Capable": false,
                                                                                                                                        "Startup Cost": 206093.02,
                                                                                                                                        "Total Cost": 206093.02,
                                                                                                                                        "Plan Rows": 1,
                                                                                                                                        "Plan Width": 46,
                                                                                                                                        "Actual Startup Time": 137.769,
                                                                                                                                        "Actual Total Time": 137.773,
                                                                                                                                        "Actual Rows": 443,
                                                                                                                                        "Actual Loops": 4,
                                                                                                                                        "Hash Buckets": 1024,
                                                                                                                                        "Original Hash Buckets": 1024,
                                                                                                                                        "Hash Batches": 1,
                                                                                                                                        "Original Hash Batches": 1,
                                                                                                                                        "Peak Memory Usage": 136,
                                                                                                                                        "Workers": [],
                                                                                                                                        "Plans": [
                                                                                                                                            {
                                                                                                                                                "Node Type": "Hash Join",
                                                                                                                                                "Parent Relationship": "Outer",
                                                                                                                                                "Parallel Aware": false,
                                                                                                                                                "Async Capable": false,
                                                                                                                                                "Join Type": "Inner",
                                                                                                                                                "Startup Cost": 2.43,
                                                                                                                                                "Total Cost": 206093.02,
                                                                                                                                                "Plan Rows": 1,
                                                                                                                                                "Plan Width": 46,
                                                                                                                                                "Actual Startup Time": 81.715,
                                                                                                                                                "Actual Total Time": 137.709,
                                                                                                                                                "Actual Rows": 443,
                                                                                                                                                "Actual Loops": 4,
                                                                                                                                                "Inner Unique": true,
                                                                                                                                                "Hash Cond": "(mi.info_type_id = it1.id)",
                                                                                                                                                "Workers": [],
                                                                                                                                                "Plans": [
                                                                                                                                                    {
                                                                                                                                                        "Node Type": "Seq Scan",
                                                                                                                                                        "Parent Relationship": "Outer",
                                                                                                                                                        "Parallel Aware": true,
                                                                                                                                                        "Async Capable": false,
                                                                                                                                                        "Relation Name": "movie_info",
                                                                                                                                                        "Alias": "mi",
                                                                                                                                                        "Startup Cost": 0.0,
                                                                                                                                                        "Total Cost": 206090.53,
                                                                                                                                                        "Plan Rows": 26,
                                                                                                                                                        "Plan Width": 50,
                                                                                                                                                        "Actual Startup Time": 81.687,
                                                                                                                                                        "Actual Total Time": 137.642,
                                                                                                                                                        "Actual Rows": 443,
                                                                                                                                                        "Actual Loops": 4,
                                                                                                                                                        "Filter": "((note ~~ '%internet%'::text) AND (info ~~ 'USA:% 200%'::text))",
                                                                                                                                                        "Rows Removed by Filter": 3708487,
                                                                                                                                                        "Workers": []
                                                                                                                                                    },
                                                                                                                                                    {
                                                                                                                                                        "Node Type": "Hash",
                                                                                                                                                        "Parent Relationship": "Inner",
                                                                                                                                                        "Parallel Aware": false,
                                                                                                                                                        "Async Capable": false,
                                                                                                                                                        "Startup Cost": 2.41,
                                                                                                                                                        "Total Cost": 2.41,
                                                                                                                                                        "Plan Rows": 1,
                                                                                                                                                        "Plan Width": 4,
                                                                                                                                                        "Actual Startup Time": 0.016,
                                                                                                                                                        "Actual Total Time": 0.017,
                                                                                                                                                        "Actual Rows": 1,
                                                                                                                                                        "Actual Loops": 4,
                                                                                                                                                        "Hash Buckets": 1024,
                                                                                                                                                        "Original Hash Buckets": 1024,
                                                                                                                                                        "Hash Batches": 1,
                                                                                                                                                        "Original Hash Batches": 1,
                                                                                                                                                        "Peak Memory Usage": 9,
                                                                                                                                                        "Workers": [],
                                                                                                                                                        "Plans": [
                                                                                                                                                            {
                                                                                                                                                                "Node Type": "Seq Scan",
                                                                                                                                                                "Parent Relationship": "Outer",
                                                                                                                                                                "Parallel Aware": false,
                                                                                                                                                                "Async Capable": false,
                                                                                                                                                                "Relation Name": "info_type",
                                                                                                                                                                "Alias": "it1",
                                                                                                                                                                "Startup Cost": 0.0,
                                                                                                                                                                "Total Cost": 2.41,
                                                                                                                                                                "Plan Rows": 1,
                                                                                                                                                                "Plan Width": 4,
                                                                                                                                                                "Actual Startup Time": 0.012,
                                                                                                                                                                "Actual Total Time": 0.015,
                                                                                                                                                                "Actual Rows": 1,
                                                                                                                                                                "Actual Loops": 4,
                                                                                                                                                                "Filter": "((info)::text = 'release dates'::text)",
                                                                                                                                                                "Rows Removed by Filter": 112,
                                                                                                                                                                "Workers": []
                                                                                                                                                            }
                                                                                                                                                        ]
                                                                                                                                                    }
                                                                                                                                                ]
                                                                                                                                            }
                                                                                                                                        ]
                                                                                                                                    }
                                                                                                                                ]
                                                                                                                            }
                                                                                                                        ]
                                                                                                                    }
                                                                                                                ]
                                                                                                            }
                                                                                                        ]
                                                                                                    }
                                                                                                ]
                                                                                            },
                                                                                            {
                                                                                                "Node Type": "Seq Scan",
                                                                                                "Parent Relationship": "Inner",
                                                                                                "Parallel Aware": false,
                                                                                                "Async Capable": false,
                                                                                                "Relation Name": "company_type",
                                                                                                "Alias": "ct",
                                                                                                "Startup Cost": 0.0,
                                                                                                "Total Cost": 1.04,
                                                                                                "Plan Rows": 4,
                                                                                                "Plan Width": 4,
                                                                                                "Actual Startup Time": 0.001,
                                                                                                "Actual Total Time": 0.001,
                                                                                                "Actual Rows": 1,
                                                                                                "Actual Loops": 71,
                                                                                                "Workers": []
                                                                                            }
                                                                                        ]
                                                                                    }
                                                                                ]
                                                                            }
                                                                        ]
                                                                    }
                                                                ]
                                                            }
                                                        ]
                                                    },
                                                    {
                                                        "Node Type": "Hash",
                                                        "Parent Relationship": "Inner",
                                                        "Parallel Aware": false,
                                                        "Async Capable": false,
                                                        "Startup Cost": 2349.7,
                                                        "Total Cost": 2349.7,
                                                        "Plan Rows": 134170,
                                                        "Plan Width": 4,
                                                        "Actual Startup Time": 12.692,
                                                        "Actual Total Time": 12.693,
                                                        "Actual Rows": 134170,
                                                        "Actual Loops": 4,
                                                        "Hash Buckets": 262144,
                                                        "Original Hash Buckets": 262144,
                                                        "Hash Batches": 1,
                                                        "Original Hash Batches": 1,
                                                        "Peak Memory Usage": 6765,
                                                        "Workers": [],
                                                        "Plans": [
                                                            {
                                                                "Node Type": "Seq Scan",
                                                                "Parent Relationship": "Outer",
                                                                "Parallel Aware": false,
                                                                "Async Capable": false,
                                                                "Relation Name": "keyword",
                                                                "Alias": "k",
                                                                "Startup Cost": 0.0,
                                                                "Total Cost": 2349.7,
                                                                "Plan Rows": 134170,
                                                                "Plan Width": 4,
                                                                "Actual Startup Time": 0.014,
                                                                "Actual Total Time": 5.443,
                                                                "Actual Rows": 134170,
                                                                "Actual Loops": 4,
                                                                "Workers": []
                                                            }
                                                        ]
                                                    }
                                                ]
                                            }
                                        ]
                                    }
                                ]
                            }
                        ]
                    },
                    "Planning Time": 2.994,
                    "Triggers": [],
                    "Execution Time": 332.332
                }
            ],
            "hints": [
                "SET enable_hashjoin TO on",
                "SET enable_indexonlyscan TO on",
                "SET enable_indexscan TO off",
                "SET enable_mergejoin TO off",
                "SET enable_nestloop TO on",
                "SET enable_seqscan TO on"
            ]
        },
        {
            "arm": 3,
            "execution_time": 332.081,
            "plan": [
                {
                    "Plan": {
                        "Node Type": "Aggregate",
                        "Strategy": "Plain",
                        "Partial Mode": "Finalize",
                        "Parallel Aware": false,
                        "Async Capable": false,
                        "Startup Cost": 345608.76,
                        "Total Cost": 345608.77,
                        "Plan Rows": 1,
                        "Plan Width": 64,
                        "Actual Startup Time": 314.069,
                        "Actual Total Time": 332.031,
                        "Actual Rows": 1,
                        "Actual Loops": 1,
                        "Plans": [
                            {
                                "Node Type": "Gather",
                                "Parent Relationship": "Outer",
                                "Parallel Aware": false,
                                "Async Capable": false,
                                "Startup Cost": 345608.43,
                                "Total Cost": 345608.74,
                                "Plan Rows": 3,
                                "Plan Width": 64,
                                "Actual Startup Time": 313.889,
                                "Actual Total Time": 332.027,
                                "Actual Rows": 4,
                                "Actual Loops": 1,
                                "Workers Planned": 3,
                                "Workers Launched": 3,
                                "Single Copy": false,
                                "Plans": [
                                    {
                                        "Node Type": "Aggregate",
                                        "Strategy": "Plain",
                                        "Partial Mode": "Partial",
                                        "Parent Relationship": "Outer",
                                        "Parallel Aware": false,
                                        "Async Capable": false,
                                        "Startup Cost": 344608.43,
                                        "Total Cost": 344608.44,
                                        "Plan Rows": 1,
                                        "Plan Width": 64,
                                        "Actual Startup Time": 312.429,
                                        "Actual Total Time": 312.441,
                                        "Actual Rows": 1,
                                        "Actual Loops": 4,
                                        "Workers": [],
                                        "Plans": [
                                            {
                                                "Node Type": "Hash Join",
                                                "Parent Relationship": "Outer",
                                                "Parallel Aware": false,
                                                "Async Capable": false,
                                                "Join Type": "Inner",
                                                "Startup Cost": 300062.56,
                                                "Total Cost": 344608.4,
                                                "Plan Rows": 6,
                                                "Plan Width": 59,
                                                "Actual Startup Time": 269.251,
                                                "Actual Total Time": 312.429,
                                                "Actual Rows": 82,
                                                "Actual Loops": 4,
                                                "Inner Unique": true,
                                                "Hash Cond": "(mk.keyword_id = k.id)",
                                                "Workers": [],
                                                "Plans": [
                                                    {
                                                        "Node Type": "Hash Join",
                                                        "Parent Relationship": "Outer",
                                                        "Parallel Aware": true,
                                                        "Async Capable": false,
                                                        "Join Type": "Inner",
                                                        "Startup Cost": 296035.73,
                                                        "Total Cost": 340581.56,
                                                        "Plan Rows": 6,
                                                        "Plan Width": 63,
                                                        "Actual Startup Time": 256.656,
                                                        "Actual Total Time": 299.807,
                                                        "Actual Rows": 82,
                                                        "Actual Loops": 4,
                                                        "Inner Unique": false,
                                                        "Hash Cond": "(mk.movie_id = t.id)",
                                                        "Workers": [],
                                                        "Plans": [
                                                            {
                                                                "Node Type": "Seq Scan",
                                                                "Parent Relationship": "Outer",
                                                                "Parallel Aware": true,
                                                                "Async Capable": false,
                                                                "Relation Name": "movie_keyword",
                                                                "Alias": "mk",
                                                                "Startup Cost": 0.0,
                                                                "Total Cost": 39073.32,
                                                                "Plan Rows": 1459332,
                                                                "Plan Width": 8,
                                                                "Actual Startup Time": 0.004,
                                                                "Actual Total Time": 40.076,
                                                                "Actual Rows": 1130982,
                                                                "Actual Loops": 4,
                                                                "Workers": []
                                                            },
                                                            {
                                                                "Node Type": "Hash",
                                                                "Parent Relationship": "Inner",
                                                                "Parallel Aware": true,
                                                                "Async Capable": false,
                                                                "Startup Cost": 296035.72,
                                                                "Total Cost": 296035.72,
                                                                "Plan Rows": 1,
                                                                "Plan Width": 75,
                                                                "Actual Startup Time": 228.482,
                                                                "Actual Total Time": 228.491,
                                                                "Actual Rows": 14,
                                                                "Actual Loops": 4,
                                                                "Hash Buckets": 1024,
                                                                "Original Hash Buckets": 1024,
                                                                "Hash Batches": 1,
                                                                "Original Hash Batches": 1,
                                                                "Peak Memory Usage": 136,
                                                                "Workers": [],
                                                                "Plans": [
                                                                    {
                                                                        "Node Type": "Hash Join",
                                                                        "Parent Relationship": "Outer",
                                                                        "Parallel Aware": true,
                                                                        "Async Capable": false,
                                                                        "Join Type": "Inner",
                                                                        "Startup Cost": 250824.44,
                                                                        "Total Cost": 296035.72,
                                                                        "Plan Rows": 1,
                                                                        "Plan Width": 75,
                                                                        "Actual Startup Time": 199.016,
                                                                        "Actual Total Time": 228.466,
                                                                        "Actual Rows": 14,
                                                                        "Actual Loops": 4,
                                                                        "Inner Unique": false,
                                                                        "Hash Cond": "(t.id = aka_t.movie_id)",
                                                                        "Workers": [],
                                                                        "Plans": [
                                                                            {
                                                                                "Node Type": "Seq Scan",
                                                                                "Parent Relationship": "Outer",
                                                                                "Parallel Aware": true,
                                                                                "Async Capable": false,
                                                                                "Relation Name": "title",
                                                                                "Alias": "t",
                                                                                "Startup Cost": 0.0,
                                                                                "Total Cost": 43909.73,
                                                                                "Plan Rows": 347079,
                                                                                "Plan Width": 21,
                                                                                "Actual Startup Time": 0.011,
                                                                                "Actual Total Time": 33.637,
                                                                                "Actual Rows": 345363,
                                                                                "Actual Loops": 4,
                                                                                "Filter": "(production_year > 2000)",
                                                                                "Rows Removed by Filter": 286715,
                                                                                "Workers": []
                                                                            },
                                                                            {
                                                                                "Node Type": "Hash",
                                                                                "Parent Relationship": "Inner",
                                                                                "Parallel Aware": true,
                                                                                "Async Capable": false,
                                                                                "Startup Cost": 250824.42,
                                                                                "Total Cost": 250824.42,
                                                                                "Plan Rows": 1,
                                                                                "Plan Width": 54,
                                                                                "Actual Startup Time": 186.057,
                                                                                "Actual Total Time": 186.066,
                                                                                "Actual Rows": 18,
                                                                                "Actual Loops": 4,
                                                                                "Hash Buckets": 1024,
                                                                                "Original Hash Buckets": 1024,
                                                                                "Hash Batches": 1,
                                                                                "Original Hash Batches": 1,
                                                                                "Peak Memory Usage": 136,
                                                                                "Workers": [],
                                                                                "Plans": [
                                                                                    {
                                                                                        "Node Type": "Hash Join",
                                                                                        "Parent Relationship": "Outer",
                                                                                        "Parallel Aware": false,
                                                                                        "Async Capable": false,
                                                                                        "Join Type": "Inner",
                                                                                        "Startup Cost": 245869.12,
                                                                                        "Total Cost": 250824.42,
                                                                                        "Plan Rows": 1,
                                                                                        "Plan Width": 54,
                                                                                        "Actual Startup Time": 182.169,
                                                                                        "Actual Total Time": 186.052,
                                                                                        "Actual Rows": 18,
                                                                                        "Actual Loops": 4,
                                                                                        "Inner Unique": true,
                                                                                        "Hash Cond": "(mc.company_type_id = ct.id)",
                                                                                        "Workers": [],
                                                                                        "Plans": [
                                                                                            {
                                                                                                "Node Type": "Hash Join",
                                                                                                "Parent Relationship": "Outer",
                                                                                                "Parallel Aware": true,
                                                                                                "Async Capable": false,
                                                                                                "Join Type": "Inner",
                                                                                                "Startup Cost": 245868.03,
                                                                                                "Total Cost": 250823.33,
                                                                                                "Plan Rows": 1,
                                                                                                "Plan Width": 58,
                                                                                                "Actual Startup Time": 182.155,
                                                                                                "Actual Total Time": 186.035,
                                                                                                "Actual Rows": 18,
                                                                                                "Actual Loops": 4,
                                                                                                "Inner Unique": false,
                                                                                                "Hash Cond": "(cn.id = mc.company_id)",
                                                                                                "Workers": [],
                                                                                                "Plans": [
                                                                                                    {
                                                                                                        "Node Type": "Seq Scan",
                                                                                                        "Parent Relationship": "Outer",
                                                                                                        "Parallel Aware": true,
                                                                                                        "Async Capable": false,
                                                                                                        "Relation Name": "company_name",
                                                                                                        "Alias": "cn",
                                                                                                        "Startup Cost": 0.0,
                                                                                                        "Total Cost": 4767.92,
                                                                                                        "Plan Rows": 49967,
                                                                                                        "Plan Width": 4,
                                                                                                        "Actual Startup Time": 0.005,
                                                                                                        "Actual Total Time": 3.539,
                                                                                                        "Actual Rows": 21211,
                                                                                                        "Actual Loops": 4,
                                                                                                        "Filter": "((country_code)::text = '[us]'::text)",
                                                                                                        "Rows Removed by Filter": 37538,
                                                                                                        "Workers": []
                                                                                                    },
                                                                                                    {
                                                                                                        "Node Type": "Hash",
                                                                                                        "Parent Relationship": "Inner",
                                                                                                        "Parallel Aware": true,
                                                                                                        "Async Capable": false,
                                                                                                        "Startup Cost": 245868.01,
                                                                                                        "Total Cost": 245868.01,
                                                                                                        "Plan Rows": 1,
                                                                                                        "Plan Width": 62,
                                                                                                        "Actual Startup Time": 181.922,
                                                                                                        "Actual Total Time": 181.927,
                                                                                                        "Actual Rows": 19,
                                                                                                        "Actual Loops": 4,
                                                                                                        "Hash Buckets": 1024,
                                                                                                        "Original Hash Buckets": 1024,
                                                                                                        "Hash Batches": 1,
                                                                                                        "Original Hash Batches": 1,
                                                                                                        "Peak Memory Usage": 136,
                                                                                                        "Workers": [],
                                                                                                        "Plans": [
                                                                                                            {
                                                                                                                "Node Type": "Hash Join",
                                                                                                                "Parent Relationship": "Outer",
                                                                                                                "Parallel Aware": true,
                                                                                                                "Async Capable": false,
                                                                                                                "Join Type": "Inner",
                                                                                                                "Startup Cost": 214395.99,
                                                                                                                "Total Cost": 245868.01,
                                                                                                                "Plan Rows": 1,
                                                                                                                "Plan Width": 62,
                                                                                                                "Actual Startup Time": 151.61,
                                                                                                                "Actual Total Time": 181.911,
                                                                                                                "Actual Rows": 19,
                                                                                                                "Actual Loops": 4,
                                                                                                                "Inner Unique": false,
                                                                                                                "Hash Cond": "(mc.movie_id = aka_t.movie_id)",
                                                                                                                "Workers": [],
                                                                                                                "Plans": [
                                                                                                                    {
                                                                                                                        "Node Type": "Seq Scan",
                                                                                                                        "Parent Relationship": "Outer",
                                                                                                                        "Parallel Aware": true,
                                                                                                                        "Async Capable": false,
                                                                                                                        "Relation Name": "movie_companies",
                                                                                                                        "Alias": "mc",
                                                                                                                        "Startup Cost": 0.0,
                                                                                                                        "Total Cost": 31448.82,
                                                                                                                        "Plan Rows": 6185,
                                                                                                                        "Plan Width": 12,
                                                                                                                        "Actual Startup Time": 0.036,
                                                                                                                        "Actual Total Time": 34.765,
                                                                                                                        "Actual Rows": 15416,
                                                                                                                        "Actual Loops": 4,
                                                                                                                        "Filter": "((note ~~ '%(200%)%'::text) AND (note ~~ '%(worldwide)%'::text))",
                                                                                                                        "Rows Removed by Filter": 636866,
                                                                                                                        "Workers": []
                                                                                                                    },
                                                                                                                    {
                                                                                                                        "Node Type": "Hash",
                                                                                                                        "Parent Relationship": "Inner",
                                                                                                                        "Parallel Aware": true,
                                                                                                                        "Async Capable": false,
                                                                                                                        "Startup Cost": 214395.98,
                                                                                                                        "Total Cost": 214395.98,
                                                                                                                        "Plan Rows": 1,
                                                                                                                        "Plan Width": 50,
                                                                                                                        "Actual Startup Time": 146.705,
                                                                                                                        "Actual Total Time": 146.709,
                                                                                                                        "Actual Rows": 29,
                                                                                                                        "Actual Loops": 4,
                                                                                                                        "Hash Buckets": 1024,
                                                                                                                        "Original Hash Buckets": 1024,
                                                                                                                        "Hash Batches": 1,
                                                                                                                        "Original Hash Batches": 1,
                                                                                                                        "Peak Memory Usage": 136,
                                                                                                                        "Workers": [],
                                                                                                                        "Plans": [
                                                                                                                            {
                                                                                                                                "Node Type": "Hash Join",
                                                                                                                                "Parent Relationship": "Outer",
                                                                                                                                "Parallel Aware": true,
                                                                                                                                "Async Capable": false,
                                                                                                                                "Join Type": "Inner",
                                                                                                                                "Startup Cost": 206093.04,
                                                                                                                                "Total Cost": 214395.98,
                                                                                                                                "Plan Rows": 1,
                                                                                                                                "Plan Width": 50,
                                                                                                                                "Actual Startup Time": 137.35,
                                                                                                                                "Actual Total Time": 146.691,
                                                                                                                                "Actual Rows": 29,
                                                                                                                                "Actual Loops": 4,
                                                                                                                                "Inner Unique": false,
                                                                                                                                "Hash Cond": "(aka_t.movie_id = mi.movie_id)",
                                                                                                                                "Workers": [],
                                                                                                                                "Plans": [
                                                                                                                                    {
                                                                                                                                        "Node Type": "Seq Scan",
                                                                                                                                        "Parent Relationship": "Outer",
                                                                                                                                        "Parallel Aware": true,
                                                                                                                                        "Async Capable": false,
                                                                                                                                        "Relation Name": "aka_title",
                                                                                                                                        "Alias": "aka_t",
                                                                                                                                        "Startup Cost": 0.0,
                                                                                                                                        "Total Cost": 7738.13,
                                                                                                                                        "Plan Rows": 150613,
                                                                                                                                        "Plan Width": 4,
                                                                                                                                        "Actual Startup Time": 0.004,
                                                                                                                                        "Actual Total Time": 5.487,
                                                                                                                                        "Actual Rows": 90368,
                                                                                                                                        "Actual Loops": 4,
                                                                                                                                        "Workers": []
                                                                                                                                    },
                                                                                                                                    {
                                                                                                                                        "Node Type": "Hash",
                                                                                                                                        "Parent Relationship": "Inner",
                                                                                                                                        "Parallel Aware": true,
                                                                                                                                        "Async Capable": false,
                                                                                                                                        "Startup Cost": 206093.02,
                                                                                                                                        "Total Cost": 206093.02,
                                                                                                                                        "Plan Rows": 1,
                                                                                                                                        "Plan Width": 46,
                                                                                                                                        "Actual Startup Time": 137.228,
                                                                                                                                        "Actual Total Time": 137.23,
                                                                                                                                        "Actual Rows": 443,
                                                                                                                                        "Actual Loops": 4,
                                                                                                                                        "Hash Buckets": 1024,
                                                                                                                                        "Original Hash Buckets": 1024,
                                                                                                                                        "Hash Batches": 1,
                                                                                                                                        "Original Hash Batches": 1,
                                                                                                                                        "Peak Memory Usage": 136,
                                                                                                                                        "Workers": [],
                                                                                                                                        "Plans": [
                                                                                                                                            {
                                                                                                                                                "Node Type": "Hash Join",
                                                                                                                                                "Parent Relationship": "Outer",
                                                                                                                                                "Parallel Aware": false,
                                                                                                                                                "Async Capable": false,
                                                                                                                                                "Join Type": "Inner",
                                                                                                                                                "Startup Cost": 2.43,
                                                                                                                                                "Total Cost": 206093.02,
                                                                                                                                                "Plan Rows": 1,
                                                                                                                                                "Plan Width": 46,
                                                                                                                                                "Actual Startup Time": 81.589,
                                                                                                                                                "Actual Total Time": 137.164,
                                                                                                                                                "Actual Rows": 443,
                                                                                                                                                "Actual Loops": 4,
                                                                                                                                                "Inner Unique": true,
                                                                                                                                                "Hash Cond": "(mi.info_type_id = it1.id)",
                                                                                                                                                "Workers": [],
                                                                                                                                                "Plans": [
                                                                                                                                                    {
                                                                                                                                                        "Node Type": "Seq Scan",
                                                                                                                                                        "Parent Relationship": "Outer",
                                                                                                                                                        "Parallel Aware": true,
                                                                                                                                                        "Async Capable": false,
                                                                                                                                                        "Relation Name": "movie_info",
                                                                                                                                                        "Alias": "mi",
                                                                                                                                                        "Startup Cost": 0.0,
                                                                                                                                                        "Total Cost": 206090.53,
                                                                                                                                                        "Plan Rows": 26,
                                                                                                                                                        "Plan Width": 50,
                                                                                                                                                        "Actual Startup Time": 81.565,
                                                                                                                                                        "Actual Total Time": 137.102,
                                                                                                                                                        "Actual Rows": 443,
                                                                                                                                                        "Actual Loops": 4,
                                                                                                                                                        "Filter": "((note ~~ '%internet%'::text) AND (info ~~ 'USA:% 200%'::text))",
                                                                                                                                                        "Rows Removed by Filter": 3708487,
                                                                                                                                                        "Workers": []
                                                                                                                                                    },
                                                                                                                                                    {
                                                                                                                                                        "Node Type": "Hash",
                                                                                                                                                        "Parent Relationship": "Inner",
                                                                                                                                                        "Parallel Aware": false,
                                                                                                                                                        "Async Capable": false,
                                                                                                                                                        "Startup Cost": 2.41,
                                                                                                                                                        "Total Cost": 2.41,
                                                                                                                                                        "Plan Rows": 1,
                                                                                                                                                        "Plan Width": 4,
                                                                                                                                                        "Actual Startup Time": 0.014,
                                                                                                                                                        "Actual Total Time": 0.015,
                                                                                                                                                        "Actual Rows": 1,
                                                                                                                                                        "Actual Loops": 4,
                                                                                                                                                        "Hash Buckets": 1024,
                                                                                                                                                        "Original Hash Buckets": 1024,
                                                                                                                                                        "Hash Batches": 1,
                                                                                                                                                        "Original Hash Batches": 1,
                                                                                                                                                        "Peak Memory Usage": 9,
                                                                                                                                                        "Workers": [],
                                                                                                                                                        "Plans": [
                                                                                                                                                            {
                                                                                                                                                                "Node Type": "Seq Scan",
                                                                                                                                                                "Parent Relationship": "Outer",
                                                                                                                                                                "Parallel Aware": false,
                                                                                                                                                                "Async Capable": false,
                                                                                                                                                                "Relation Name": "info_type",
                                                                                                                                                                "Alias": "it1",
                                                                                                                                                                "Startup Cost": 0.0,
                                                                                                                                                                "Total Cost": 2.41,
                                                                                                                                                                "Plan Rows": 1,
                                                                                                                                                                "Plan Width": 4,
                                                                                                                                                                "Actual Startup Time": 0.011,
                                                                                                                                                                "Actual Total Time": 0.013,
                                                                                                                                                                "Actual Rows": 1,
                                                                                                                                                                "Actual Loops": 4,
                                                                                                                                                                "Filter": "((info)::text = 'release dates'::text)",
                                                                                                                                                                "Rows Removed by Filter": 112,
                                                                                                                                                                "Workers": []
                                                                                                                                                            }
                                                                                                                                                        ]
                                                                                                                                                    }
                                                                                                                                                ]
                                                                                                                                            }
                                                                                                                                        ]
                                                                                                                                    }
                                                                                                                                ]
                                                                                                                            }
                                                                                                                        ]
                                                                                                                    }
                                                                                                                ]
                                                                                                            }
                                                                                                        ]
                                                                                                    }
                                                                                                ]
                                                                                            },
                                                                                            {
                                                                                                "Node Type": "Hash",
                                                                                                "Parent Relationship": "Inner",
                                                                                                "Parallel Aware": false,
                                                                                                "Async Capable": false,
                                                                                                "Startup Cost": 1.04,
                                                                                                "Total Cost": 1.04,
                                                                                                "Plan Rows": 4,
                                                                                                "Plan Width": 4,
                                                                                                "Actual Startup Time": 0.008,
                                                                                                "Actual Total Time": 0.009,
                                                                                                "Actual Rows": 4,
                                                                                                "Actual Loops": 4,
                                                                                                "Hash Buckets": 1024,
                                                                                                "Original Hash Buckets": 1024,
                                                                                                "Hash Batches": 1,
                                                                                                "Original Hash Batches": 1,
                                                                                                "Peak Memory Usage": 9,
                                                                                                "Workers": [],
                                                                                                "Plans": [
                                                                                                    {
                                                                                                        "Node Type": "Seq Scan",
                                                                                                        "Parent Relationship": "Outer",
                                                                                                        "Parallel Aware": false,
                                                                                                        "Async Capable": false,
                                                                                                        "Relation Name": "company_type",
                                                                                                        "Alias": "ct",
                                                                                                        "Startup Cost": 0.0,
                                                                                                        "Total Cost": 1.04,
                                                                                                        "Plan Rows": 4,
                                                                                                        "Plan Width": 4,
                                                                                                        "Actual Startup Time": 0.007,
                                                                                                        "Actual Total Time": 0.007,
                                                                                                        "Actual Rows": 4,
                                                                                                        "Actual Loops": 4,
                                                                                                        "Workers": []
                                                                                                    }
                                                                                                ]
                                                                                            }
                                                                                        ]
                                                                                    }
                                                                                ]
                                                                            }
                                                                        ]
                                                                    }
                                                                ]
                                                            }
                                                        ]
                                                    },
                                                    {
                                                        "Node Type": "Hash",
                                                        "Parent Relationship": "Inner",
                                                        "Parallel Aware": false,
                                                        "Async Capable": false,
                                                        "Startup Cost": 2349.7,
                                                        "Total Cost": 2349.7,
                                                        "Plan Rows": 134170,
                                                        "Plan Width": 4,
                                                        "Actual Startup Time": 12.213,
                                                        "Actual Total Time": 12.214,
                                                        "Actual Rows": 134170,
                                                        "Actual Loops": 4,
                                                        "Hash Buckets": 262144,
                                                        "Original Hash Buckets": 262144,
                                                        "Hash Batches": 1,
                                                        "Original Hash Batches": 1,
                                                        "Peak Memory Usage": 6765,
                                                        "Workers": [],
                                                        "Plans": [
                                                            {
                                                                "Node Type": "Seq Scan",
                                                                "Parent Relationship": "Outer",
                                                                "Parallel Aware": false,
                                                                "Async Capable": false,
                                                                "Relation Name": "keyword",
                                                                "Alias": "k",
                                                                "Startup Cost": 0.0,
                                                                "Total Cost": 2349.7,
                                                                "Plan Rows": 134170,
                                                                "Plan Width": 4,
                                                                "Actual Startup Time": 0.009,
                                                                "Actual Total Time": 5.68,
                                                                "Actual Rows": 134170,
                                                                "Actual Loops": 4,
                                                                "Workers": []
                                                            }
                                                        ]
                                                    }
                                                ]
                                            }
                                        ]
                                    }
                                ]
                            }
                        ]
                    },
                    "Planning Time": 3.071,
                    "Triggers": [],
                    "Execution Time": 332.081
                }
            ],
            "hints": [
                "SET enable_hashjoin TO on",
                "SET enable_indexonlyscan TO on",
                "SET enable_indexscan TO off",
                "SET enable_mergejoin TO off",
                "SET enable_nestloop TO off",
                "SET enable_seqscan TO on"
            ]
        },
        {
            "arm": 4,
            "execution_time": 85.487,
            "plan": [
                {
                    "Plan": {
                        "Node Type": "Aggregate",
                        "Strategy": "Plain",
                        "Partial Mode": "Finalize",
                        "Parallel Aware": false,
                        "Async Capable": false,
                        "Startup Cost": 45652.92,
                        "Total Cost": 45652.93,
                        "Plan Rows": 1,
                        "Plan Width": 64,
                        "Actual Startup Time": 73.813,
                        "Actual Total Time": 85.428,
                        "Actual Rows": 1,
                        "Actual Loops": 1,
                        "Plans": [
                            {
                                "Node Type": "Gather",
                                "Parent Relationship": "Outer",
                                "Parallel Aware": false,
                                "Async Capable": false,
                                "Startup Cost": 45652.59,
                                "Total Cost": 45652.9,
                                "Plan Rows": 3,
                                "Plan Width": 64,
                                "Actual Startup Time": 73.578,
                                "Actual Total Time": 85.422,
                                "Actual Rows": 4,
                                "Actual Loops": 1,
                                "Workers Planned": 3,
                                "Workers Launched": 3,
                                "Single Copy": false,
                                "Plans": [
                                    {
                                        "Node Type": "Aggregate",
                                        "Strategy": "Plain",
                                        "Partial Mode": "Partial",
                                        "Parent Relationship": "Outer",
                                        "Parallel Aware": false,
                                        "Async Capable": false,
                                        "Startup Cost": 44652.59,
                                        "Total Cost": 44652.6,
                                        "Plan Rows": 1,
                                        "Plan Width": 64,
                                        "Actual Startup Time": 71.786,
                                        "Actual Total Time": 71.79,
                                        "Actual Rows": 1,
                                        "Actual Loops": 4,
                                        "Workers": [],
                                        "Plans": [
                                            {
                                                "Node Type": "Nested Loop",
                                                "Parent Relationship": "Outer",
                                                "Parallel Aware": false,
                                                "Async Capable": false,
                                                "Join Type": "Inner",
                                                "Startup Cost": 5394.92,
                                                "Total Cost": 44652.56,
                                                "Plan Rows": 6,
                                                "Plan Width": 59,
                                                "Actual Startup Time": 15.158,
                                                "Actual Total Time": 71.779,
                                                "Actual Rows": 82,
                                                "Actual Loops": 4,
                                                "Inner Unique": true,
                                                "Workers": [],
                                                "Plans": [
                                                    {
                                                        "Node Type": "Nested Loop",
                                                        "Parent Relationship": "Outer",
                                                        "Parallel Aware": false,
                                                        "Async Capable": false,
                                                        "Join Type": "Inner",
                                                        "Startup Cost": 5394.5,
                                                        "Total Cost": 44649.93,
                                                        "Plan Rows": 6,
                                                        "Plan Width": 63,
                                                        "Actual Startup Time": 15.141,
                                                        "Actual Total Time": 71.612,
                                                        "Actual Rows": 82,
                                                        "Actual Loops": 4,
                                                        "Inner Unique": false,
                                                        "Workers": [],
                                                        "Plans": [
                                                            {
                                                                "Node Type": "Nested Loop",
                                                                "Parent Relationship": "Outer",
                                                                "Parallel Aware": false,
                                                                "Async Capable": false,
                                                                "Join Type": "Inner",
                                                                "Startup Cost": 5394.07,
                                                                "Total Cost": 44648.13,
                                                                "Plan Rows": 1,
                                                                "Plan Width": 75,
                                                                "Actual Startup Time": 8.615,
                                                                "Actual Total Time": 71.554,
                                                                "Actual Rows": 14,
                                                                "Actual Loops": 4,
                                                                "Inner Unique": true,
                                                                "Workers": [],
                                                                "Plans": [
                                                                    {
                                                                        "Node Type": "Nested Loop",
                                                                        "Parent Relationship": "Outer",
                                                                        "Parallel Aware": false,
                                                                        "Async Capable": false,
                                                                        "Join Type": "Inner",
                                                                        "Startup Cost": 5393.92,
                                                                        "Total Cost": 44647.77,
                                                                        "Plan Rows": 1,
                                                                        "Plan Width": 79,
                                                                        "Actual Startup Time": 8.609,
                                                                        "Actual Total Time": 71.534,
                                                                        "Actual Rows": 14,
                                                                        "Actual Loops": 4,
                                                                        "Inner Unique": true,
                                                                        "Workers": [],
                                                                        "Plans": [
                                                                            {
                                                                                "Node Type": "Nested Loop",
                                                                                "Parent Relationship": "Outer",
                                                                                "Parallel Aware": false,
                                                                                "Async Capable": false,
                                                                                "Join Type": "Inner",
                                                                                "Startup Cost": 5393.79,
                                                                                "Total Cost": 44647.61,
                                                                                "Plan Rows": 1,
                                                                                "Plan Width": 83,
                                                                                "Actual Startup Time": 8.6,
                                                                                "Actual Total Time": 71.513,
                                                                                "Actual Rows": 14,
                                                                                "Actual Loops": 4,
                                                                                "Inner Unique": false,
                                                                                "Workers": [],
                                                                                "Plans": [
                                                                                    {
                                                                                        "Node Type": "Nested Loop",
                                                                                        "Parent Relationship": "Outer",
                                                                                        "Parallel Aware": false,
                                                                                        "Async Capable": false,
                                                                                        "Join Type": "Inner",
                                                                                        "Startup Cost": 5393.36,
                                                                                        "Total Cost": 42922.83,
                                                                                        "Plan Rows": 904,
                                                                                        "Plan Width": 33,
                                                                                        "Actual Startup Time": 5.57,
                                                                                        "Actual Total Time": 56.755,
                                                                                        "Actual Rows": 1284,
                                                                                        "Actual Loops": 4,
                                                                                        "Inner Unique": true,
                                                                                        "Workers": [],
                                                                                        "Plans": [
                                                                                            {
                                                                                                "Node Type": "Nested Loop",
                                                                                                "Parent Relationship": "Outer",
                                                                                                "Parallel Aware": false,
                                                                                                "Async Capable": false,
                                                                                                "Join Type": "Inner",
                                                                                                "Startup Cost": 5392.93,
                                                                                                "Total Cost": 41362.28,
                                                                                                "Plan Rows": 1646,
                                                                                                "Plan Width": 12,
                                                                                                "Actual Startup Time": 5.533,
                                                                                                "Actual Total Time": 51.281,
                                                                                                "Actual Rows": 3425,
                                                                                                "Actual Loops": 4,
                                                                                                "Inner Unique": false,
                                                                                                "Workers": [],
                                                                                                "Plans": [
                                                                                                    {
                                                                                                        "Node Type": "Hash Join",
                                                                                                        "Parent Relationship": "Outer",
                                                                                                        "Parallel Aware": true,
                                                                                                        "Async Capable": false,
                                                                                                        "Join Type": "Inner",
                                                                                                        "Startup Cost": 5392.51,
                                                                                                        "Total Cost": 36857.56,
                                                                                                        "Plan Rows": 2235,
                                                                                                        "Plan Width": 8,
                                                                                                        "Actual Startup Time": 5.417,
                                                                                                        "Actual Total Time": 42.495,
                                                                                                        "Actual Rows": 10959,
                                                                                                        "Actual Loops": 4,
                                                                                                        "Inner Unique": true,
                                                                                                        "Hash Cond": "(mc.company_id = cn.id)",
                                                                                                        "Workers": [],
                                                                                                        "Plans": [
                                                                                                            {
                                                                                                                "Node Type": "Seq Scan",
                                                                                                                "Parent Relationship": "Outer",
                                                                                                                "Parallel Aware": true,
                                                                                                                "Async Capable": false,
                                                                                                                "Relation Name": "movie_companies",
                                                                                                                "Alias": "mc",
                                                                                                                "Startup Cost": 0.0,
                                                                                                                "Total Cost": 31448.82,
                                                                                                                "Plan Rows": 6185,
                                                                                                                "Plan Width": 12,
                                                                                                                "Actual Startup Time": 0.036,
                                                                                                                "Actual Total Time": 35.347,
                                                                                                                "Actual Rows": 15416,
                                                                                                                "Actual Loops": 4,
                                                                                                                "Filter": "((note ~~ '%(200%)%'::text) AND (note ~~ '%(worldwide)%'::text))",
                                                                                                                "Rows Removed by Filter": 636866,
                                                                                                                "Workers": []
                                                                                                            },
                                                                                                            {
                                                                                                                "Node Type": "Hash",
                                                                                                                "Parent Relationship": "Inner",
                                                                                                                "Parallel Aware": true,
                                                                                                                "Async Capable": false,
                                                                                                                "Startup Cost": 4767.92,
                                                                                                                "Total Cost": 4767.92,
                                                                                                                "Plan Rows": 49967,
                                                                                                                "Plan Width": 4,
                                                                                                                "Actual Startup Time": 5.195,
                                                                                                                "Actual Total Time": 5.195,
                                                                                                                "Actual Rows": 21211,
                                                                                                                "Actual Loops": 4,
                                                                                                                "Hash Buckets": 131072,
                                                                                                                "Original Hash Buckets": 131072,
                                                                                                                "Hash Batches": 1,
                                                                                                                "Original Hash Batches": 1,
                                                                                                                "Peak Memory Usage": 4416,
                                                                                                                "Workers": [],
                                                                                                                "Plans": [
                                                                                                                    {
                                                                                                                        "Node Type": "Seq Scan",
                                                                                                                        "Parent Relationship": "Outer",
                                                                                                                        "Parallel Aware": true,
                                                                                                                        "Async Capable": false,
                                                                                                                        "Relation Name": "company_name",
                                                                                                                        "Alias": "cn",
                                                                                                                        "Startup Cost": 0.0,
                                                                                                                        "Total Cost": 4767.92,
                                                                                                                        "Plan Rows": 49967,
                                                                                                                        "Plan Width": 4,
                                                                                                                        "Actual Startup Time": 0.006,
                                                                                                                        "Actual Total Time": 3.683,
                                                                                                                        "Actual Rows": 21211,
                                                                                                                        "Actual Loops": 4,
                                                                                                                        "Filter": "((country_code)::text = '[us]'::text)",
                                                                                                                        "Rows Removed by Filter": 37538,
                                                                                                                        "Workers": []
                                                                                                                    }
                                                                                                                ]
                                                                                                            }
                                                                                                        ]
                                                                                                    },
                                                                                                    {
                                                                                                        "Node Type": "Index Only Scan",
                                                                                                        "Parent Relationship": "Inner",
                                                                                                        "Parallel Aware": false,
                                                                                                        "Async Capable": false,
                                                                                                        "Scan Direction": "Forward",
                                                                                                        "Index Name": "movie_id_aka_title",
                                                                                                        "Relation Name": "aka_title",
                                                                                                        "Alias": "aka_t",
                                                                                                        "Startup Cost": 0.42,
                                                                                                        "Total Cost": 1.99,
                                                                                                        "Plan Rows": 3,
                                                                                                        "Plan Width": 4,
                                                                                                        "Actual Startup Time": 0.001,
                                                                                                        "Actual Total Time": 0.001,
                                                                                                        "Actual Rows": 0,
                                                                                                        "Actual Loops": 43837,
                                                                                                        "Index Cond": "(movie_id = mc.movie_id)",
                                                                                                        "Rows Removed by Index Recheck": 0,
                                                                                                        "Heap Fetches": 13699,
                                                                                                        "Workers": []
                                                                                                    }
                                                                                                ]
                                                                                            },
                                                                                            {
                                                                                                "Node Type": "Index Scan",
                                                                                                "Parent Relationship": "Inner",
                                                                                                "Parallel Aware": false,
                                                                                                "Async Capable": false,
                                                                                                "Scan Direction": "Forward",
                                                                                                "Index Name": "title_pkey",
                                                                                                "Relation Name": "title",
                                                                                                "Alias": "t",
                                                                                                "Startup Cost": 0.43,
                                                                                                "Total Cost": 0.95,
                                                                                                "Plan Rows": 1,
                                                                                                "Plan Width": 21,
                                                                                                "Actual Startup Time": 0.002,
                                                                                                "Actual Total Time": 0.002,
                                                                                                "Actual Rows": 0,
                                                                                                "Actual Loops": 13699,
                                                                                                "Index Cond": "(id = aka_t.movie_id)",
                                                                                                "Rows Removed by Index Recheck": 0,
                                                                                                "Filter": "(production_year > 2000)",
                                                                                                "Rows Removed by Filter": 1,
                                                                                                "Workers": []
                                                                                            }
                                                                                        ]
                                                                                    },
                                                                                    {
                                                                                        "Node Type": "Index Scan",
                                                                                        "Parent Relationship": "Inner",
                                                                                        "Parallel Aware": false,
                                                                                        "Async Capable": false,
                                                                                        "Scan Direction": "Forward",
                                                                                        "Index Name": "movie_id_movie_info",
                                                                                        "Relation Name": "movie_info",
                                                                                        "Alias": "mi",
                                                                                        "Startup Cost": 0.43,
                                                                                        "Total Cost": 1.9,
                                                                                        "Plan Rows": 1,
                                                                                        "Plan Width": 50,
                                                                                        "Actual Startup Time": 0.011,
                                                                                        "Actual Total Time": 0.011,
                                                                                        "Actual Rows": 0,
                                                                                        "Actual Loops": 5134,
                                                                                        "Index Cond": "(movie_id = t.id)",
                                                                                        "Rows Removed by Index Recheck": 0,
                                                                                        "Filter": "((note ~~ '%internet%'::text) AND (info ~~ 'USA:% 200%'::text))",
                                                                                        "Rows Removed by Filter": 72,
                                                                                        "Workers": []
                                                                                    }
                                                                                ]
                                                                            },
                                                                            {
                                                                                "Node Type": "Index Only Scan",
                                                                                "Parent Relationship": "Inner",
                                                                                "Parallel Aware": false,
                                                                                "Async Capable": false,
                                                                                "Scan Direction": "Forward",
                                                                                "Index Name": "company_type_pkey",
                                                                                "Relation Name": "company_type",
                                                                                "Alias": "ct",
                                                                                "Startup Cost": 0.13,
                                                                                "Total Cost": 0.15,
                                                                                "Plan Rows": 1,
                                                                                "Plan Width": 4,
                                                                                "Actual Startup Time": 0.001,
                                                                                "Actual Total Time": 0.001,
                                                                                "Actual Rows": 1,
                                                                                "Actual Loops": 57,
                                                                                "Index Cond": "(id = mc.company_type_id)",
                                                                                "Rows Removed by Index Recheck": 0,
                                                                                "Heap Fetches": 57,
                                                                                "Workers": []
                                                                            }
                                                                        ]
                                                                    },
                                                                    {
                                                                        "Node Type": "Index Scan",
                                                                        "Parent Relationship": "Inner",
                                                                        "Parallel Aware": false,
                                                                        "Async Capable": false,
                                                                        "Scan Direction": "Forward",
                                                                        "Index Name": "info_type_pkey",
                                                                        "Relation Name": "info_type",
                                                                        "Alias": "it1",
                                                                        "Startup Cost": 0.14,
                                                                        "Total Cost": 0.25,
                                                                        "Plan Rows": 1,
                                                                        "Plan Width": 4,
                                                                        "Actual Startup Time": 0.001,
                                                                        "Actual Total Time": 0.001,
                                                                        "Actual Rows": 1,
                                                                        "Actual Loops": 57,
                                                                        "Index Cond": "(id = mi.info_type_id)",
                                                                        "Rows Removed by Index Recheck": 0,
                                                                        "Filter": "((info)::text = 'release dates'::text)",
                                                                        "Rows Removed by Filter": 0,
                                                                        "Workers": []
                                                                    }
                                                                ]
                                                            },
                                                            {
                                                                "Node Type": "Index Scan",
                                                                "Parent Relationship": "Inner",
                                                                "Parallel Aware": false,
                                                                "Async Capable": false,
                                                                "Scan Direction": "Forward",
                                                                "Index Name": "movie_id_movie_keyword",
                                                                "Relation Name": "movie_keyword",
                                                                "Alias": "mk",
                                                                "Startup Cost": 0.43,
                                                                "Total Cost": 1.33,
                                                                "Plan Rows": 46,
                                                                "Plan Width": 8,
                                                                "Actual Startup Time": 0.003,
                                                                "Actual Total Time": 0.003,
                                                                "Actual Rows": 6,
                                                                "Actual Loops": 57,
                                                                "Index Cond": "(movie_id = t.id)",
                                                                "Rows Removed by Index Recheck": 0,
                                                                "Workers": []
                                                            }
                                                        ]
                                                    },
                                                    {
                                                        "Node Type": "Index Only Scan",
                                                        "Parent Relationship": "Inner",
                                                        "Parallel Aware": false,
                                                        "Async Capable": false,
                                                        "Scan Direction": "Forward",
                                                        "Index Name": "keyword_pkey",
                                                        "Relation Name": "keyword",
                                                        "Alias": "k",
                                                        "Startup Cost": 0.42,
                                                        "Total Cost": 0.44,
                                                        "Plan Rows": 1,
                                                        "Plan Width": 4,
                                                        "Actual Startup Time": 0.002,
                                                        "Actual Total Time": 0.002,
                                                        "Actual Rows": 1,
                                                        "Actual Loops": 328,
                                                        "Index Cond": "(id = mk.keyword_id)",
                                                        "Rows Removed by Index Recheck": 0,
                                                        "Heap Fetches": 328,
                                                        "Workers": []
                                                    }
                                                ]
                                            }
                                        ]
                                    }
                                ]
                            }
                        ]
                    },
                    "Planning Time": 3.552,
                    "Triggers": [],
                    "Execution Time": 85.487
                }
            ],
            "hints": [
                "SET enable_hashjoin TO on",
                "SET enable_indexonlyscan TO on",
                "SET enable_indexscan TO on",
                "SET enable_mergejoin TO off",
                "SET enable_nestloop TO on",
                "SET enable_seqscan TO on"
            ]
        }
    ]
}