{
    "sql_file": "1a807.sql",
    "query": "SELECT COUNT(*) FROM title as t,\nkind_type as kt,\nmovie_info as mi1,\ninfo_type as it1,\nmovie_info as mi2,\ninfo_type as it2,\ncast_info as ci,\nrole_type as rt,\nname as n\nWHERE\nt.id = ci.movie_id\nAND t.id = mi1.movie_id\nAND t.id = mi2.movie_id\nAND mi1.movie_id = mi2.movie_id\nAND mi1.info_type_id = it1.id\nAND mi2.info_type_id = it2.id\nAND it1.id = '3'\nAND it2.id = '5'\nAND t.kind_id = kt.id\nAND ci.person_id = n.id\nAND ci.role_id = rt.id\nAND mi1.info IN ('Action','Adventure','Animation','Comedy','Crime','Drama','Music','Western')\nAND mi2.info IN ('Argentina:Atp','Australia:G','Finland:K-16','Finland:S','Sweden:15','UK:U','USA:Approved')\nAND kt.kind IN ('episode','movie','tv movie')\nAND rt.role IN ('composer')\nAND n.gender IN ('m')\nAND t.production_year <= 1975\nAND 1925 < t.production_year",
    "results": [
        {
            "arm": 0,
            "execution_time": 535.23,
            "plan": [
                {
                    "Plan": {
                        "Node Type": "Aggregate",
                        "Strategy": "Plain",
                        "Partial Mode": "Simple",
                        "Parallel Aware": false,
                        "Async Capable": false,
                        "Startup Cost": 228171.76,
                        "Total Cost": 228171.77,
                        "Plan Rows": 1,
                        "Plan Width": 8,
                        "Actual Startup Time": 513.515,
                        "Actual Total Time": 535.182,
                        "Actual Rows": 1,
                        "Actual Loops": 1,
                        "Plans": [
                            {
                                "Node Type": "Nested Loop",
                                "Parent Relationship": "Outer",
                                "Parallel Aware": false,
                                "Async Capable": false,
                                "Join Type": "Inner",
                                "Startup Cost": 1003.0,
                                "Total Cost": 228171.76,
                                "Plan Rows": 1,
                                "Plan Width": 0,
                                "Actual Startup Time": 22.867,
                                "Actual Total Time": 534.587,
                                "Actual Rows": 22835,
                                "Actual Loops": 1,
                                "Inner Unique": false,
                                "Plans": [
                                    {
                                        "Node Type": "Nested Loop",
                                        "Parent Relationship": "Outer",
                                        "Parallel Aware": false,
                                        "Async Capable": false,
                                        "Join Type": "Inner",
                                        "Startup Cost": 1003.0,
                                        "Total Cost": 228169.33,
                                        "Plan Rows": 1,
                                        "Plan Width": 4,
                                        "Actual Startup Time": 22.865,
                                        "Actual Total Time": 479.549,
                                        "Actual Rows": 22835,
                                        "Actual Loops": 1,
                                        "Inner Unique": false,
                                        "Plans": [
                                            {
                                                "Node Type": "Gather",
                                                "Parent Relationship": "Outer",
                                                "Parallel Aware": false,
                                                "Async Capable": false,
                                                "Startup Cost": 1003.0,
                                                "Total Cost": 228166.91,
                                                "Plan Rows": 1,
                                                "Plan Width": 8,
                                                "Actual Startup Time": 22.861,
                                                "Actual Total Time": 420.729,
                                                "Actual Rows": 22835,
                                                "Actual Loops": 1,
                                                "Workers Planned": 5,
                                                "Workers Launched": 5,
                                                "Single Copy": false,
                                                "Plans": [
                                                    {
                                                        "Node Type": "Nested Loop",
                                                        "Parent Relationship": "Outer",
                                                        "Parallel Aware": false,
                                                        "Async Capable": false,
                                                        "Join Type": "Inner",
                                                        "Startup Cost": 3.0,
                                                        "Total Cost": 227166.81,
                                                        "Plan Rows": 1,
                                                        "Plan Width": 8,
                                                        "Actual Startup Time": 21.661,
                                                        "Actual Total Time": 485.903,
                                                        "Actual Rows": 3806,
                                                        "Actual Loops": 6,
                                                        "Inner Unique": true,
                                                        "Workers": [],
                                                        "Plans": [
                                                            {
                                                                "Node Type": "Nested Loop",
                                                                "Parent Relationship": "Outer",
                                                                "Parallel Aware": false,
                                                                "Async Capable": false,
                                                                "Join Type": "Inner",
                                                                "Startup Cost": 2.57,
                                                                "Total Cost": 227164.5,
                                                                "Plan Rows": 1,
                                                                "Plan Width": 12,
                                                                "Actual Startup Time": 20.737,
                                                                "Actual Total Time": 475.583,
                                                                "Actual Rows": 7477,
                                                                "Actual Loops": 6,
                                                                "Inner Unique": true,
                                                                "Workers": [],
                                                                "Plans": [
                                                                    {
                                                                        "Node Type": "Nested Loop",
                                                                        "Parent Relationship": "Outer",
                                                                        "Parallel Aware": false,
                                                                        "Async Capable": false,
                                                                        "Join Type": "Inner",
                                                                        "Startup Cost": 2.44,
                                                                        "Total Cost": 227163.55,
                                                                        "Plan Rows": 6,
                                                                        "Plan Width": 16,
                                                                        "Actual Startup Time": 20.475,
                                                                        "Actual Total Time": 341.822,
                                                                        "Actual Rows": 319539,
                                                                        "Actual Loops": 6,
                                                                        "Inner Unique": false,
                                                                        "Workers": [],
                                                                        "Plans": [
                                                                            {
                                                                                "Node Type": "Nested Loop",
                                                                                "Parent Relationship": "Outer",
                                                                                "Parallel Aware": false,
                                                                                "Async Capable": false,
                                                                                "Join Type": "Inner",
                                                                                "Startup Cost": 2.0,
                                                                                "Total Cost": 227118.83,
                                                                                "Plan Rows": 1,
                                                                                "Plan Width": 20,
                                                                                "Actual Startup Time": 20.455,
                                                                                "Actual Total Time": 176.016,
                                                                                "Actual Rows": 7756,
                                                                                "Actual Loops": 6,
                                                                                "Inner Unique": false,
                                                                                "Workers": [],
                                                                                "Plans": [
                                                                                    {
                                                                                        "Node Type": "Hash Join",
                                                                                        "Parent Relationship": "Outer",
                                                                                        "Parallel Aware": false,
                                                                                        "Async Capable": false,
                                                                                        "Join Type": "Inner",
                                                                                        "Startup Cost": 1.56,
                                                                                        "Total Cost": 226516.15,
                                                                                        "Plan Rows": 14,
                                                                                        "Plan Width": 12,
                                                                                        "Actual Startup Time": 20.405,
                                                                                        "Actual Total Time": 120.384,
                                                                                        "Actual Rows": 6435,
                                                                                        "Actual Loops": 6,
                                                                                        "Inner Unique": true,
                                                                                        "Hash Cond": "(t.kind_id = kt.id)",
                                                                                        "Workers": [],
                                                                                        "Plans": [
                                                                                            {
                                                                                                "Node Type": "Nested Loop",
                                                                                                "Parent Relationship": "Outer",
                                                                                                "Parallel Aware": false,
                                                                                                "Async Capable": false,
                                                                                                "Join Type": "Inner",
                                                                                                "Startup Cost": 0.43,
                                                                                                "Total Cost": 226514.88,
                                                                                                "Plan Rows": 33,
                                                                                                "Plan Width": 16,
                                                                                                "Actual Startup Time": 20.318,
                                                                                                "Actual Total Time": 119.796,
                                                                                                "Actual Rows": 6482,
                                                                                                "Actual Loops": 6,
                                                                                                "Inner Unique": true,
                                                                                                "Workers": [],
                                                                                                "Plans": [
                                                                                                    {
                                                                                                        "Node Type": "Seq Scan",
                                                                                                        "Parent Relationship": "Outer",
                                                                                                        "Parallel Aware": true,
                                                                                                        "Async Capable": false,
                                                                                                        "Relation Name": "movie_info",
                                                                                                        "Alias": "mi2",
                                                                                                        "Startup Cost": 0.0,
                                                                                                        "Total Cost": 224608.25,
                                                                                                        "Plan Rows": 234,
                                                                                                        "Plan Width": 8,
                                                                                                        "Actual Startup Time": 20.03,
                                                                                                        "Actual Total Time": 97.327,
                                                                                                        "Actual Rows": 11982,
                                                                                                        "Actual Loops": 6,
                                                                                                        "Filter": "((info_type_id = 5) AND (info = ANY ('{Argentina:Atp,Australia:G,Finland:K-16,Finland:S,Sweden:15,UK:U,USA:Approved}'::text[])))",
                                                                                                        "Rows Removed by Filter": 2460638,
                                                                                                        "Workers": []
                                                                                                    },
                                                                                                    {
                                                                                                        "Node Type": "Index Scan",
                                                                                                        "Parent Relationship": "Inner",
                                                                                                        "Parallel Aware": false,
                                                                                                        "Async Capable": false,
                                                                                                        "Scan Direction": "Forward",
                                                                                                        "Index Name": "title_pkey",
                                                                                                        "Relation Name": "title",
                                                                                                        "Alias": "t",
                                                                                                        "Startup Cost": 0.43,
                                                                                                        "Total Cost": 8.15,
                                                                                                        "Plan Rows": 1,
                                                                                                        "Plan Width": 8,
                                                                                                        "Actual Startup Time": 0.002,
                                                                                                        "Actual Total Time": 0.002,
                                                                                                        "Actual Rows": 1,
                                                                                                        "Actual Loops": 71891,
                                                                                                        "Index Cond": "(id = mi2.movie_id)",
                                                                                                        "Rows Removed by Index Recheck": 0,
                                                                                                        "Filter": "((production_year <= 1975) AND (1925 < production_year))",
                                                                                                        "Rows Removed by Filter": 0,
                                                                                                        "Workers": []
                                                                                                    }
                                                                                                ]
                                                                                            },
                                                                                            {
                                                                                                "Node Type": "Hash",
                                                                                                "Parent Relationship": "Inner",
                                                                                                "Parallel Aware": false,
                                                                                                "Async Capable": false,
                                                                                                "Startup Cost": 1.1,
                                                                                                "Total Cost": 1.1,
                                                                                                "Plan Rows": 3,
                                                                                                "Plan Width": 4,
                                                                                                "Actual Startup Time": 0.01,
                                                                                                "Actual Total Time": 0.011,
                                                                                                "Actual Rows": 3,
                                                                                                "Actual Loops": 6,
                                                                                                "Hash Buckets": 1024,
                                                                                                "Original Hash Buckets": 1024,
                                                                                                "Hash Batches": 1,
                                                                                                "Original Hash Batches": 1,
                                                                                                "Peak Memory Usage": 9,
                                                                                                "Workers": [],
                                                                                                "Plans": [
                                                                                                    {
                                                                                                        "Node Type": "Seq Scan",
                                                                                                        "Parent Relationship": "Outer",
                                                                                                        "Parallel Aware": false,
                                                                                                        "Async Capable": false,
                                                                                                        "Relation Name": "kind_type",
                                                                                                        "Alias": "kt",
                                                                                                        "Startup Cost": 0.0,
                                                                                                        "Total Cost": 1.1,
                                                                                                        "Plan Rows": 3,
                                                                                                        "Plan Width": 4,
                                                                                                        "Actual Startup Time": 0.007,
                                                                                                        "Actual Total Time": 0.008,
                                                                                                        "Actual Rows": 3,
                                                                                                        "Actual Loops": 6,
                                                                                                        "Filter": "((kind)::text = ANY ('{episode,movie,\"tv movie\"}'::text[]))",
                                                                                                        "Rows Removed by Filter": 4,
                                                                                                        "Workers": []
                                                                                                    }
                                                                                                ]
                                                                                            }
                                                                                        ]
                                                                                    },
                                                                                    {
                                                                                        "Node Type": "Index Scan",
                                                                                        "Parent Relationship": "Inner",
                                                                                        "Parallel Aware": false,
                                                                                        "Async Capable": false,
                                                                                        "Scan Direction": "Forward",
                                                                                        "Index Name": "movie_id_movie_info",
                                                                                        "Relation Name": "movie_info",
                                                                                        "Alias": "mi1",
                                                                                        "Startup Cost": 0.43,
                                                                                        "Total Cost": 43.04,
                                                                                        "Plan Rows": 1,
                                                                                        "Plan Width": 8,
                                                                                        "Actual Startup Time": 0.008,
                                                                                        "Actual Total Time": 0.009,
                                                                                        "Actual Rows": 1,
                                                                                        "Actual Loops": 38611,
                                                                                        "Index Cond": "(movie_id = t.id)",
                                                                                        "Rows Removed by Index Recheck": 0,
                                                                                        "Filter": "((info_type_id = 3) AND (info = ANY ('{Action,Adventure,Animation,Comedy,Crime,Drama,Music,Western}'::text[])))",
                                                                                        "Rows Removed by Filter": 38,
                                                                                        "Workers": []
                                                                                    }
                                                                                ]
                                                                            },
                                                                            {
                                                                                "Node Type": "Index Scan",
                                                                                "Parent Relationship": "Inner",
                                                                                "Parallel Aware": false,
                                                                                "Async Capable": false,
                                                                                "Scan Direction": "Forward",
                                                                                "Index Name": "movie_id_cast_info",
                                                                                "Relation Name": "cast_info",
                                                                                "Alias": "ci",
                                                                                "Startup Cost": 0.44,
                                                                                "Total Cost": 44.34,
                                                                                "Plan Rows": 38,
                                                                                "Plan Width": 12,
                                                                                "Actual Startup Time": 0.001,
                                                                                "Actual Total Time": 0.019,
                                                                                "Actual Rows": 41,
                                                                                "Actual Loops": 46535,
                                                                                "Index Cond": "(movie_id = t.id)",
                                                                                "Rows Removed by Index Recheck": 0,
                                                                                "Workers": []
                                                                            }
                                                                        ]
                                                                    },
                                                                    {
                                                                        "Node Type": "Index Scan",
                                                                        "Parent Relationship": "Inner",
                                                                        "Parallel Aware": false,
                                                                        "Async Capable": false,
                                                                        "Scan Direction": "Forward",
                                                                        "Index Name": "role_type_pkey",
                                                                        "Relation Name": "role_type",
                                                                        "Alias": "rt",
                                                                        "Startup Cost": 0.14,
                                                                        "Total Cost": 0.16,
                                                                        "Plan Rows": 1,
                                                                        "Plan Width": 4,
                                                                        "Actual Startup Time": 0.0,
                                                                        "Actual Total Time": 0.0,
                                                                        "Actual Rows": 0,
                                                                        "Actual Loops": 1917232,
                                                                        "Index Cond": "(id = ci.role_id)",
                                                                        "Rows Removed by Index Recheck": 0,
                                                                        "Filter": "((role)::text = 'composer'::text)",
                                                                        "Rows Removed by Filter": 1,
                                                                        "Workers": []
                                                                    }
                                                                ]
                                                            },
                                                            {
                                                                "Node Type": "Index Scan",
                                                                "Parent Relationship": "Inner",
                                                                "Parallel Aware": false,
                                                                "Async Capable": false,
                                                                "Scan Direction": "Forward",
                                                                "Index Name": "name_pkey",
                                                                "Relation Name": "name",
                                                                "Alias": "n",
                                                                "Startup Cost": 0.43,
                                                                "Total Cost": 2.31,
                                                                "Plan Rows": 1,
                                                                "Plan Width": 4,
                                                                "Actual Startup Time": 0.001,
                                                                "Actual Total Time": 0.001,
                                                                "Actual Rows": 1,
                                                                "Actual Loops": 44864,
                                                                "Index Cond": "(id = ci.person_id)",
                                                                "Rows Removed by Index Recheck": 0,
                                                                "Filter": "((gender)::text = 'm'::text)",
                                                                "Rows Removed by Filter": 0,
                                                                "Workers": []
                                                            }
                                                        ]
                                                    }
                                                ]
                                            },
                                            {
                                                "Node Type": "Seq Scan",
                                                "Parent Relationship": "Inner",
                                                "Parallel Aware": false,
                                                "Async Capable": false,
                                                "Relation Name": "info_type",
                                                "Alias": "it1",
                                                "Startup Cost": 0.0,
                                                "Total Cost": 2.41,
                                                "Plan Rows": 1,
                                                "Plan Width": 4,
                                                "Actual Startup Time": 0.001,
                                                "Actual Total Time": 0.002,
                                                "Actual Rows": 1,
                                                "Actual Loops": 22835,
                                                "Filter": "(id = 3)",
                                                "Rows Removed by Filter": 112
                                            }
                                        ]
                                    },
                                    {
                                        "Node Type": "Seq Scan",
                                        "Parent Relationship": "Inner",
                                        "Parallel Aware": false,
                                        "Async Capable": false,
                                        "Relation Name": "info_type",
                                        "Alias": "it2",
                                        "Startup Cost": 0.0,
                                        "Total Cost": 2.41,
                                        "Plan Rows": 1,
                                        "Plan Width": 4,
                                        "Actual Startup Time": 0.001,
                                        "Actual Total Time": 0.002,
                                        "Actual Rows": 1,
                                        "Actual Loops": 22835,
                                        "Filter": "(id = 5)",
                                        "Rows Removed by Filter": 112
                                    }
                                ]
                            }
                        ]
                    },
                    "Planning Time": 2.269,
                    "Triggers": [],
                    "Execution Time": 535.23
                }
            ],
            "hints": [
                "SET enable_hashjoin TO on",
                "SET enable_indexonlyscan TO on",
                "SET enable_indexscan TO on",
                "SET enable_mergejoin TO on",
                "SET enable_nestloop TO on",
                "SET enable_seqscan TO on"
            ]
        },
        {
            "arm": 1,
            "execution_time": 11598.481,
            "plan": [
                {
                    "Plan": {
                        "Node Type": "Aggregate",
                        "Strategy": "Plain",
                        "Partial Mode": "Simple",
                        "Parallel Aware": false,
                        "Async Capable": false,
                        "Startup Cost": 20019120821.54,
                        "Total Cost": 20019120821.55,
                        "Plan Rows": 1,
                        "Plan Width": 8,
                        "Actual Startup Time": 11574.55,
                        "Actual Total Time": 11574.56,
                        "Actual Rows": 1,
                        "Actual Loops": 1,
                        "Plans": [
                            {
                                "Node Type": "Hash Join",
                                "Parent Relationship": "Outer",
                                "Parallel Aware": false,
                                "Async Capable": false,
                                "Join Type": "Inner",
                                "Startup Cost": 20018644364.94,
                                "Total Cost": 20019120821.54,
                                "Plan Rows": 1,
                                "Plan Width": 0,
                                "Actual Startup Time": 10783.42,
                                "Actual Total Time": 11574.05,
                                "Actual Rows": 22835,
                                "Actual Loops": 1,
                                "Inner Unique": true,
                                "Hash Cond": "(ci.role_id = rt.id)",
                                "Plans": [
                                    {
                                        "Node Type": "Nested Loop",
                                        "Parent Relationship": "Outer",
                                        "Parallel Aware": false,
                                        "Async Capable": false,
                                        "Join Type": "Inner",
                                        "Startup Cost": 20018644363.78,
                                        "Total Cost": 20019120820.33,
                                        "Plan Rows": 12,
                                        "Plan Width": 4,
                                        "Actual Startup Time": 10778.913,
                                        "Actual Total Time": 11540.454,
                                        "Actual Rows": 1302729,
                                        "Actual Loops": 1,
                                        "Inner Unique": false,
                                        "Plans": [
                                            {
                                                "Node Type": "Hash Join",
                                                "Parent Relationship": "Outer",
                                                "Parallel Aware": false,
                                                "Async Capable": false,
                                                "Join Type": "Inner",
                                                "Startup Cost": 10018644363.78,
                                                "Total Cost": 10019120817.77,
                                                "Plan Rows": 12,
                                                "Plan Width": 8,
                                                "Actual Startup Time": 10778.907,
                                                "Actual Total Time": 11381.893,
                                                "Actual Rows": 1302729,
                                                "Actual Loops": 1,
                                                "Inner Unique": true,
                                                "Hash Cond": "(t.kind_id = kt.id)",
                                                "Plans": [
                                                    {
                                                        "Node Type": "Hash Join",
                                                        "Parent Relationship": "Outer",
                                                        "Parallel Aware": false,
                                                        "Async Capable": false,
                                                        "Join Type": "Inner",
                                                        "Startup Cost": 10018644362.64,
                                                        "Total Cost": 10019120816.54,
                                                        "Plan Rows": 24,
                                                        "Plan Width": 12,
                                                        "Actual Startup Time": 10778.902,
                                                        "Actual Total Time": 11310.295,
                                                        "Actual Rows": 1305271,
                                                        "Actual Loops": 1,
                                                        "Inner Unique": false,
                                                        "Hash Cond": "(mi2.movie_id = t.id)",
                                                        "Plans": [
                                                            {
                                                                "Node Type": "Seq Scan",
                                                                "Parent Relationship": "Outer",
                                                                "Parallel Aware": false,
                                                                "Async Capable": false,
                                                                "Relation Name": "movie_info",
                                                                "Alias": "mi2",
                                                                "Startup Cost": 0.0,
                                                                "Total Cost": 476449.26,
                                                                "Plan Rows": 1169,
                                                                "Plan Width": 8,
                                                                "Actual Startup Time": 102.914,
                                                                "Actual Total Time": 534.916,
                                                                "Actual Rows": 71891,
                                                                "Actual Loops": 1,
                                                                "Filter": "((info_type_id = 5) AND (info = ANY ('{Argentina:Atp,Australia:G,Finland:K-16,Finland:S,Sweden:15,UK:U,USA:Approved}'::text[])))",
                                                                "Rows Removed by Filter": 14763829
                                                            },
                                                            {
                                                                "Node Type": "Hash",
                                                                "Parent Relationship": "Inner",
                                                                "Parallel Aware": false,
                                                                "Async Capable": false,
                                                                "Startup Cost": 10018643675.61,
                                                                "Total Cost": 10018643675.61,
                                                                "Plan Rows": 54963,
                                                                "Plan Width": 20,
                                                                "Actual Startup Time": 10666.312,
                                                                "Actual Total Time": 10666.319,
                                                                "Actual Rows": 1682977,
                                                                "Actual Loops": 1,
                                                                "Hash Buckets": 524288,
                                                                "Original Hash Buckets": 65536,
                                                                "Hash Batches": 8,
                                                                "Original Hash Batches": 1,
                                                                "Peak Memory Usage": 14853,
                                                                "Plans": [
                                                                    {
                                                                        "Node Type": "Merge Join",
                                                                        "Parent Relationship": "Outer",
                                                                        "Parallel Aware": false,
                                                                        "Async Capable": false,
                                                                        "Join Type": "Inner",
                                                                        "Startup Cost": 10003538041.32,
                                                                        "Total Cost": 10018643675.61,
                                                                        "Plan Rows": 54963,
                                                                        "Plan Width": 20,
                                                                        "Actual Startup Time": 7725.917,
                                                                        "Actual Total Time": 10561.699,
                                                                        "Actual Rows": 1682977,
                                                                        "Actual Loops": 1,
                                                                        "Inner Unique": false,
                                                                        "Merge Cond": "(ci.movie_id = t.id)",
                                                                        "Plans": [
                                                                            {
                                                                                "Node Type": "Sort",
                                                                                "Parent Relationship": "Outer",
                                                                                "Parallel Aware": false,
                                                                                "Async Capable": false,
                                                                                "Startup Cost": 3424747.08,
                                                                                "Total Cost": 3462562.01,
                                                                                "Plan Rows": 15125974,
                                                                                "Plan Width": 8,
                                                                                "Actual Startup Time": 7576.081,
                                                                                "Actual Total Time": 8254.772,
                                                                                "Actual Rows": 17579743,
                                                                                "Actual Loops": 1,
                                                                                "Sort Key": [
                                                                                    "ci.movie_id"
                                                                                ],
                                                                                "Sort Method": "external merge",
                                                                                "Sort Space Used": 309752,
                                                                                "Sort Space Type": "Disk",
                                                                                "Plans": [
                                                                                    {
                                                                                        "Node Type": "Hash Join",
                                                                                        "Parent Relationship": "Outer",
                                                                                        "Parallel Aware": false,
                                                                                        "Async Capable": false,
                                                                                        "Join Type": "Inner",
                                                                                        "Startup Cost": 136284.05,
                                                                                        "Total Cost": 1207332.99,
                                                                                        "Plan Rows": 15125974,
                                                                                        "Plan Width": 8,
                                                                                        "Actual Startup Time": 289.615,
                                                                                        "Actual Total Time": 5252.382,
                                                                                        "Actual Rows": 17580421,
                                                                                        "Actual Loops": 1,
                                                                                        "Inner Unique": true,
                                                                                        "Hash Cond": "(ci.person_id = n.id)",
                                                                                        "Plans": [
                                                                                            {
                                                                                                "Node Type": "Seq Scan",
                                                                                                "Parent Relationship": "Outer",
                                                                                                "Parallel Aware": false,
                                                                                                "Async Capable": false,
                                                                                                "Relation Name": "cast_info",
                                                                                                "Alias": "ci",
                                                                                                "Startup Cost": 0.0,
                                                                                                "Total Cost": 615163.44,
                                                                                                "Plan Rows": 36244344,
                                                                                                "Plan Width": 12,
                                                                                                "Actual Startup Time": 0.006,
                                                                                                "Actual Total Time": 1693.16,
                                                                                                "Actual Rows": 36244344,
                                                                                                "Actual Loops": 1
                                                                                            },
                                                                                            {
                                                                                                "Node Type": "Hash",
                                                                                                "Parent Relationship": "Inner",
                                                                                                "Parallel Aware": false,
                                                                                                "Async Capable": false,
                                                                                                "Startup Cost": 107749.64,
                                                                                                "Total Cost": 107749.64,
                                                                                                "Plan Rows": 1739233,
                                                                                                "Plan Width": 4,
                                                                                                "Actual Startup Time": 289.383,
                                                                                                "Actual Total Time": 289.384,
                                                                                                "Actual Rows": 1739579,
                                                                                                "Actual Loops": 1,
                                                                                                "Hash Buckets": 524288,
                                                                                                "Original Hash Buckets": 524288,
                                                                                                "Hash Batches": 8,
                                                                                                "Original Hash Batches": 8,
                                                                                                "Peak Memory Usage": 11759,
                                                                                                "Plans": [
                                                                                                    {
                                                                                                        "Node Type": "Seq Scan",
                                                                                                        "Parent Relationship": "Outer",
                                                                                                        "Parallel Aware": false,
                                                                                                        "Async Capable": false,
                                                                                                        "Relation Name": "name",
                                                                                                        "Alias": "n",
                                                                                                        "Startup Cost": 0.0,
                                                                                                        "Total Cost": 107749.64,
                                                                                                        "Plan Rows": 1739233,
                                                                                                        "Plan Width": 4,
                                                                                                        "Actual Startup Time": 0.006,
                                                                                                        "Actual Total Time": 205.632,
                                                                                                        "Actual Rows": 1739579,
                                                                                                        "Actual Loops": 1,
                                                                                                        "Filter": "((gender)::text = 'm'::text)",
                                                                                                        "Rows Removed by Filter": 2427912
                                                                                                    }
                                                                                                ]
                                                                                            }
                                                                                        ]
                                                                                    }
                                                                                ]
                                                                            },
                                                                            {
                                                                                "Node Type": "Materialize",
                                                                                "Parent Relationship": "Inner",
                                                                                "Parallel Aware": false,
                                                                                "Async Capable": false,
                                                                                "Startup Cost": 10000111656.71,
                                                                                "Total Cost": 10015157234.93,
                                                                                "Plan Rows": 9188,
                                                                                "Plan Width": 12,
                                                                                "Actual Startup Time": 149.597,
                                                                                "Actual Total Time": 1786.899,
                                                                                "Actual Rows": 1688479,
                                                                                "Actual Loops": 1,
                                                                                "Plans": [
                                                                                    {
                                                                                        "Node Type": "Merge Join",
                                                                                        "Parent Relationship": "Outer",
                                                                                        "Parallel Aware": false,
                                                                                        "Async Capable": false,
                                                                                        "Join Type": "Inner",
                                                                                        "Startup Cost": 10000111656.71,
                                                                                        "Total Cost": 10015157211.96,
                                                                                        "Plan Rows": 9188,
                                                                                        "Plan Width": 12,
                                                                                        "Actual Startup Time": 149.594,
                                                                                        "Actual Total Time": 1744.061,
                                                                                        "Actual Rows": 120825,
                                                                                        "Actual Loops": 1,
                                                                                        "Inner Unique": true,
                                                                                        "Merge Cond": "(mi1.movie_id = t.id)",
                                                                                        "Plans": [
                                                                                            {
                                                                                                "Node Type": "Nested Loop",
                                                                                                "Parent Relationship": "Outer",
                                                                                                "Parallel Aware": false,
                                                                                                "Async Capable": false,
                                                                                                "Join Type": "Inner",
                                                                                                "Startup Cost": 10000000000.43,
                                                                                                "Total Cost": 10015043995.47,
                                                                                                "Plan Rows": 65965,
                                                                                                "Plan Width": 4,
                                                                                                "Actual Startup Time": 0.08,
                                                                                                "Actual Total Time": 1551.15,
                                                                                                "Actual Rows": 625099,
                                                                                                "Actual Loops": 1,
                                                                                                "Inner Unique": false,
                                                                                                "Plans": [
                                                                                                    {
                                                                                                        "Node Type": "Index Scan",
                                                                                                        "Parent Relationship": "Outer",
                                                                                                        "Parallel Aware": false,
                                                                                                        "Async Capable": false,
                                                                                                        "Scan Direction": "Forward",
                                                                                                        "Index Name": "movie_id_movie_info",
                                                                                                        "Relation Name": "movie_info",
                                                                                                        "Alias": "mi1",
                                                                                                        "Startup Cost": 0.43,
                                                                                                        "Total Cost": 15043168.49,
                                                                                                        "Plan Rows": 65965,
                                                                                                        "Plan Width": 8,
                                                                                                        "Actual Startup Time": 0.068,
                                                                                                        "Actual Total Time": 1473.202,
                                                                                                        "Actual Rows": 625099,
                                                                                                        "Actual Loops": 1,
                                                                                                        "Filter": "((info_type_id = 3) AND (info = ANY ('{Action,Adventure,Animation,Comedy,Crime,Drama,Music,Western}'::text[])))",
                                                                                                        "Rows Removed by Filter": 14210621
                                                                                                    },
                                                                                                    {
                                                                                                        "Node Type": "Materialize",
                                                                                                        "Parent Relationship": "Inner",
                                                                                                        "Parallel Aware": false,
                                                                                                        "Async Capable": false,
                                                                                                        "Startup Cost": 0.0,
                                                                                                        "Total Cost": 2.42,
                                                                                                        "Plan Rows": 1,
                                                                                                        "Plan Width": 4,
                                                                                                        "Actual Startup Time": 0.0,
                                                                                                        "Actual Total Time": 0.0,
                                                                                                        "Actual Rows": 1,
                                                                                                        "Actual Loops": 625099,
                                                                                                        "Plans": [
                                                                                                            {
                                                                                                                "Node Type": "Seq Scan",
                                                                                                                "Parent Relationship": "Outer",
                                                                                                                "Parallel Aware": false,
                                                                                                                "Async Capable": false,
                                                                                                                "Relation Name": "info_type",
                                                                                                                "Alias": "it1",
                                                                                                                "Startup Cost": 0.0,
                                                                                                                "Total Cost": 2.41,
                                                                                                                "Plan Rows": 1,
                                                                                                                "Plan Width": 4,
                                                                                                                "Actual Startup Time": 0.008,
                                                                                                                "Actual Total Time": 0.011,
                                                                                                                "Actual Rows": 1,
                                                                                                                "Actual Loops": 1,
                                                                                                                "Filter": "(id = 3)",
                                                                                                                "Rows Removed by Filter": 112
                                                                                                            }
                                                                                                        ]
                                                                                                    }
                                                                                                ]
                                                                                            },
                                                                                            {
                                                                                                "Node Type": "Sort",
                                                                                                "Parent Relationship": "Inner",
                                                                                                "Parallel Aware": false,
                                                                                                "Async Capable": false,
                                                                                                "Startup Cost": 111200.15,
                                                                                                "Total Cost": 112080.64,
                                                                                                "Plan Rows": 352196,
                                                                                                "Plan Width": 8,
                                                                                                "Actual Startup Time": 149.25,
                                                                                                "Actual Total Time": 161.464,
                                                                                                "Actual Rows": 347249,
                                                                                                "Actual Loops": 1,
                                                                                                "Sort Key": [
                                                                                                    "t.id"
                                                                                                ],
                                                                                                "Sort Method": "external merge",
                                                                                                "Sort Space Used": 6128,
                                                                                                "Sort Space Type": "Disk",
                                                                                                "Plans": [
                                                                                                    {
                                                                                                        "Node Type": "Seq Scan",
                                                                                                        "Parent Relationship": "Outer",
                                                                                                        "Parallel Aware": false,
                                                                                                        "Async Capable": false,
                                                                                                        "Relation Name": "title",
                                                                                                        "Alias": "t",
                                                                                                        "Startup Cost": 0.0,
                                                                                                        "Total Cost": 73936.29,
                                                                                                        "Plan Rows": 352196,
                                                                                                        "Plan Width": 8,
                                                                                                        "Actual Startup Time": 0.006,
                                                                                                        "Actual Total Time": 112.524,
                                                                                                        "Actual Rows": 347589,
                                                                                                        "Actual Loops": 1,
                                                                                                        "Filter": "((production_year <= 1975) AND (1925 < production_year))",
                                                                                                        "Rows Removed by Filter": 2180723
                                                                                                    }
                                                                                                ]
                                                                                            }
                                                                                        ]
                                                                                    }
                                                                                ]
                                                                            }
                                                                        ]
                                                                    }
                                                                ]
                                                            }
                                                        ]
                                                    },
                                                    {
                                                        "Node Type": "Hash",
                                                        "Parent Relationship": "Inner",
                                                        "Parallel Aware": false,
                                                        "Async Capable": false,
                                                        "Startup Cost": 1.1,
                                                        "Total Cost": 1.1,
                                                        "Plan Rows": 3,
                                                        "Plan Width": 4,
                                                        "Actual Startup Time": 0.003,
                                                        "Actual Total Time": 0.003,
                                                        "Actual Rows": 3,
                                                        "Actual Loops": 1,
                                                        "Hash Buckets": 1024,
                                                        "Original Hash Buckets": 1024,
                                                        "Hash Batches": 1,
                                                        "Original Hash Batches": 1,
                                                        "Peak Memory Usage": 9,
                                                        "Plans": [
                                                            {
                                                                "Node Type": "Seq Scan",
                                                                "Parent Relationship": "Outer",
                                                                "Parallel Aware": false,
                                                                "Async Capable": false,
                                                                "Relation Name": "kind_type",
                                                                "Alias": "kt",
                                                                "Startup Cost": 0.0,
                                                                "Total Cost": 1.1,
                                                                "Plan Rows": 3,
                                                                "Plan Width": 4,
                                                                "Actual Startup Time": 0.002,
                                                                "Actual Total Time": 0.003,
                                                                "Actual Rows": 3,
                                                                "Actual Loops": 1,
                                                                "Filter": "((kind)::text = ANY ('{episode,movie,\"tv movie\"}'::text[]))",
                                                                "Rows Removed by Filter": 4
                                                            }
                                                        ]
                                                    }
                                                ]
                                            },
                                            {
                                                "Node Type": "Materialize",
                                                "Parent Relationship": "Inner",
                                                "Parallel Aware": false,
                                                "Async Capable": false,
                                                "Startup Cost": 0.0,
                                                "Total Cost": 2.42,
                                                "Plan Rows": 1,
                                                "Plan Width": 4,
                                                "Actual Startup Time": 0.0,
                                                "Actual Total Time": 0.0,
                                                "Actual Rows": 1,
                                                "Actual Loops": 1302729,
                                                "Plans": [
                                                    {
                                                        "Node Type": "Seq Scan",
                                                        "Parent Relationship": "Outer",
                                                        "Parallel Aware": false,
                                                        "Async Capable": false,
                                                        "Relation Name": "info_type",
                                                        "Alias": "it2",
                                                        "Startup Cost": 0.0,
                                                        "Total Cost": 2.41,
                                                        "Plan Rows": 1,
                                                        "Plan Width": 4,
                                                        "Actual Startup Time": 0.004,
                                                        "Actual Total Time": 0.006,
                                                        "Actual Rows": 1,
                                                        "Actual Loops": 1,
                                                        "Filter": "(id = 5)",
                                                        "Rows Removed by Filter": 112
                                                    }
                                                ]
                                            }
                                        ]
                                    },
                                    {
                                        "Node Type": "Hash",
                                        "Parent Relationship": "Inner",
                                        "Parallel Aware": false,
                                        "Async Capable": false,
                                        "Startup Cost": 1.15,
                                        "Total Cost": 1.15,
                                        "Plan Rows": 1,
                                        "Plan Width": 4,
                                        "Actual Startup Time": 0.006,
                                        "Actual Total Time": 0.007,
                                        "Actual Rows": 1,
                                        "Actual Loops": 1,
                                        "Hash Buckets": 1024,
                                        "Original Hash Buckets": 1024,
                                        "Hash Batches": 1,
                                        "Original Hash Batches": 1,
                                        "Peak Memory Usage": 9,
                                        "Plans": [
                                            {
                                                "Node Type": "Seq Scan",
                                                "Parent Relationship": "Outer",
                                                "Parallel Aware": false,
                                                "Async Capable": false,
                                                "Relation Name": "role_type",
                                                "Alias": "rt",
                                                "Startup Cost": 0.0,
                                                "Total Cost": 1.15,
                                                "Plan Rows": 1,
                                                "Plan Width": 4,
                                                "Actual Startup Time": 0.004,
                                                "Actual Total Time": 0.005,
                                                "Actual Rows": 1,
                                                "Actual Loops": 1,
                                                "Filter": "((role)::text = 'composer'::text)",
                                                "Rows Removed by Filter": 11
                                            }
                                        ]
                                    }
                                ]
                            }
                        ]
                    },
                    "Planning Time": 2.818,
                    "Triggers": [],
                    "Execution Time": 11598.481
                }
            ],
            "hints": [
                "SET enable_hashjoin TO on",
                "SET enable_indexonlyscan TO on",
                "SET enable_indexscan TO on",
                "SET enable_mergejoin TO on",
                "SET enable_nestloop TO off",
                "SET enable_seqscan TO on"
            ]
        },
        {
            "arm": 2,
            "execution_time": 1268.444,
            "plan": [
                {
                    "Plan": {
                        "Node Type": "Aggregate",
                        "Strategy": "Plain",
                        "Partial Mode": "Finalize",
                        "Parallel Aware": false,
                        "Async Capable": false,
                        "Startup Cost": 903520.0,
                        "Total Cost": 903520.01,
                        "Plan Rows": 1,
                        "Plan Width": 8,
                        "Actual Startup Time": 1239.938,
                        "Actual Total Time": 1268.398,
                        "Actual Rows": 1,
                        "Actual Loops": 1,
                        "Plans": [
                            {
                                "Node Type": "Gather",
                                "Parent Relationship": "Outer",
                                "Parallel Aware": false,
                                "Async Capable": false,
                                "Startup Cost": 903519.58,
                                "Total Cost": 903519.99,
                                "Plan Rows": 4,
                                "Plan Width": 8,
                                "Actual Startup Time": 1238.828,
                                "Actual Total Time": 1268.392,
                                "Actual Rows": 5,
                                "Actual Loops": 1,
                                "Workers Planned": 4,
                                "Workers Launched": 4,
                                "Single Copy": false,
                                "Plans": [
                                    {
                                        "Node Type": "Aggregate",
                                        "Strategy": "Plain",
                                        "Partial Mode": "Partial",
                                        "Parent Relationship": "Outer",
                                        "Parallel Aware": false,
                                        "Async Capable": false,
                                        "Startup Cost": 902519.58,
                                        "Total Cost": 902519.59,
                                        "Plan Rows": 1,
                                        "Plan Width": 8,
                                        "Actual Startup Time": 1236.518,
                                        "Actual Total Time": 1236.57,
                                        "Actual Rows": 1,
                                        "Actual Loops": 5,
                                        "Workers": [],
                                        "Plans": [
                                            {
                                                "Node Type": "Hash Join",
                                                "Parent Relationship": "Outer",
                                                "Parallel Aware": true,
                                                "Async Capable": false,
                                                "Join Type": "Inner",
                                                "Startup Cost": 832209.63,
                                                "Total Cost": 902519.58,
                                                "Plan Rows": 1,
                                                "Plan Width": 0,
                                                "Actual Startup Time": 1174.124,
                                                "Actual Total Time": 1236.464,
                                                "Actual Rows": 4567,
                                                "Actual Loops": 5,
                                                "Inner Unique": false,
                                                "Hash Cond": "(n.id = ci.person_id)",
                                                "Workers": [],
                                                "Plans": [
                                                    {
                                                        "Node Type": "Seq Scan",
                                                        "Parent Relationship": "Outer",
                                                        "Parallel Aware": true,
                                                        "Async Capable": false,
                                                        "Relation Name": "name",
                                                        "Alias": "n",
                                                        "Startup Cost": 0.0,
                                                        "Total Cost": 68679.41,
                                                        "Plan Rows": 434808,
                                                        "Plan Width": 4,
                                                        "Actual Startup Time": 0.013,
                                                        "Actual Total Time": 50.673,
                                                        "Actual Rows": 347916,
                                                        "Actual Loops": 5,
                                                        "Filter": "((gender)::text = 'm'::text)",
                                                        "Rows Removed by Filter": 485582,
                                                        "Workers": []
                                                    },
                                                    {
                                                        "Node Type": "Hash",
                                                        "Parent Relationship": "Inner",
                                                        "Parallel Aware": true,
                                                        "Async Capable": false,
                                                        "Startup Cost": 832209.62,
                                                        "Total Cost": 832209.62,
                                                        "Plan Rows": 1,
                                                        "Plan Width": 4,
                                                        "Actual Startup Time": 1173.371,
                                                        "Actual Total Time": 1173.422,
                                                        "Actual Rows": 8973,
                                                        "Actual Loops": 5,
                                                        "Hash Buckets": 65536,
                                                        "Original Hash Buckets": 1024,
                                                        "Hash Batches": 1,
                                                        "Original Hash Batches": 1,
                                                        "Peak Memory Usage": 2872,
                                                        "Workers": [],
                                                        "Plans": [
                                                            {
                                                                "Node Type": "Nested Loop",
                                                                "Parent Relationship": "Outer",
                                                                "Parallel Aware": false,
                                                                "Async Capable": false,
                                                                "Join Type": "Inner",
                                                                "Startup Cost": 499880.18,
                                                                "Total Cost": 832209.62,
                                                                "Plan Rows": 1,
                                                                "Plan Width": 4,
                                                                "Actual Startup Time": 1028.849,
                                                                "Actual Total Time": 1155.83,
                                                                "Actual Rows": 8973,
                                                                "Actual Loops": 5,
                                                                "Inner Unique": false,
                                                                "Workers": [],
                                                                "Plans": [
                                                                    {
                                                                        "Node Type": "Nested Loop",
                                                                        "Parent Relationship": "Outer",
                                                                        "Parallel Aware": false,
                                                                        "Async Capable": false,
                                                                        "Join Type": "Inner",
                                                                        "Startup Cost": 499880.18,
                                                                        "Total Cost": 832207.2,
                                                                        "Plan Rows": 1,
                                                                        "Plan Width": 8,
                                                                        "Actual Startup Time": 1028.847,
                                                                        "Actual Total Time": 1133.214,
                                                                        "Actual Rows": 8973,
                                                                        "Actual Loops": 5,
                                                                        "Inner Unique": false,
                                                                        "Workers": [],
                                                                        "Plans": [
                                                                            {
                                                                                "Node Type": "Nested Loop",
                                                                                "Parent Relationship": "Outer",
                                                                                "Parallel Aware": false,
                                                                                "Async Capable": false,
                                                                                "Join Type": "Inner",
                                                                                "Startup Cost": 499880.18,
                                                                                "Total Cost": 832204.77,
                                                                                "Plan Rows": 1,
                                                                                "Plan Width": 12,
                                                                                "Actual Startup Time": 1028.841,
                                                                                "Actual Total Time": 1110.595,
                                                                                "Actual Rows": 8973,
                                                                                "Actual Loops": 5,
                                                                                "Inner Unique": true,
                                                                                "Join Filter": "(t.kind_id = kt.id)",
                                                                                "Rows Removed by Join Filter": 239,
                                                                                "Workers": [],
                                                                                "Plans": [
                                                                                    {
                                                                                        "Node Type": "Hash Join",
                                                                                        "Parent Relationship": "Outer",
                                                                                        "Parallel Aware": true,
                                                                                        "Async Capable": false,
                                                                                        "Join Type": "Inner",
                                                                                        "Startup Cost": 499880.18,
                                                                                        "Total Cost": 832203.64,
                                                                                        "Plan Rows": 1,
                                                                                        "Plan Width": 16,
                                                                                        "Actual Startup Time": 1028.826,
                                                                                        "Actual Total Time": 1107.541,
                                                                                        "Actual Rows": 9028,
                                                                                        "Actual Loops": 5,
                                                                                        "Inner Unique": false,
                                                                                        "Hash Cond": "(t.id = mi1.movie_id)",
                                                                                        "Workers": [],
                                                                                        "Plans": [
                                                                                            {
                                                                                                "Node Type": "Hash Join",
                                                                                                "Parent Relationship": "Outer",
                                                                                                "Parallel Aware": false,
                                                                                                "Async Capable": false,
                                                                                                "Join Type": "Inner",
                                                                                                "Startup Cost": 46591.85,
                                                                                                "Total Cost": 378564.72,
                                                                                                "Plan Rows": 70116,
                                                                                                "Plan Width": 16,
                                                                                                "Actual Startup Time": 659.549,
                                                                                                "Actual Total Time": 735.559,
                                                                                                "Actual Rows": 24292,
                                                                                                "Actual Loops": 5,
                                                                                                "Inner Unique": true,
                                                                                                "Hash Cond": "(ci.role_id = rt.id)",
                                                                                                "Workers": [],
                                                                                                "Plans": [
                                                                                                    {
                                                                                                        "Node Type": "Hash Join",
                                                                                                        "Parent Relationship": "Outer",
                                                                                                        "Parallel Aware": true,
                                                                                                        "Async Capable": false,
                                                                                                        "Join Type": "Inner",
                                                                                                        "Startup Cost": 46590.69,
                                                                                                        "Total Cost": 375574.85,
                                                                                                        "Plan Rows": 841398,
                                                                                                        "Plan Width": 20,
                                                                                                        "Actual Startup Time": 36.259,
                                                                                                        "Actual Total Time": 710.493,
                                                                                                        "Actual Rows": 926878,
                                                                                                        "Actual Loops": 5,
                                                                                                        "Inner Unique": true,
                                                                                                        "Hash Cond": "(ci.movie_id = t.id)",
                                                                                                        "Workers": [],
                                                                                                        "Plans": [
                                                                                                            {
                                                                                                                "Node Type": "Seq Scan",
                                                                                                                "Parent Relationship": "Outer",
                                                                                                                "Parallel Aware": true,
                                                                                                                "Async Capable": false,
                                                                                                                "Relation Name": "cast_info",
                                                                                                                "Alias": "ci",
                                                                                                                "Startup Cost": 0.0,
                                                                                                                "Total Cost": 313127.24,
                                                                                                                "Plan Rows": 6040724,
                                                                                                                "Plan Width": 12,
                                                                                                                "Actual Startup Time": 0.01,
                                                                                                                "Actual Total Time": 235.119,
                                                                                                                "Actual Rows": 7248869,
                                                                                                                "Actual Loops": 5,
                                                                                                                "Workers": []
                                                                                                            },
                                                                                                            {
                                                                                                                "Node Type": "Hash",
                                                                                                                "Parent Relationship": "Inner",
                                                                                                                "Parallel Aware": true,
                                                                                                                "Async Capable": false,
                                                                                                                "Startup Cost": 45490.07,
                                                                                                                "Total Cost": 45490.07,
                                                                                                                "Plan Rows": 88049,
                                                                                                                "Plan Width": 8,
                                                                                                                "Actual Startup Time": 36.168,
                                                                                                                "Actual Total Time": 36.169,
                                                                                                                "Actual Rows": 69518,
                                                                                                                "Actual Loops": 5,
                                                                                                                "Hash Buckets": 524288,
                                                                                                                "Original Hash Buckets": 524288,
                                                                                                                "Hash Batches": 1,
                                                                                                                "Original Hash Batches": 1,
                                                                                                                "Peak Memory Usage": 17760,
                                                                                                                "Workers": [],
                                                                                                                "Plans": [
                                                                                                                    {
                                                                                                                        "Node Type": "Seq Scan",
                                                                                                                        "Parent Relationship": "Outer",
                                                                                                                        "Parallel Aware": true,
                                                                                                                        "Async Capable": false,
                                                                                                                        "Relation Name": "title",
                                                                                                                        "Alias": "t",
                                                                                                                        "Startup Cost": 0.0,
                                                                                                                        "Total Cost": 45490.07,
                                                                                                                        "Plan Rows": 88049,
                                                                                                                        "Plan Width": 8,
                                                                                                                        "Actual Startup Time": 0.012,
                                                                                                                        "Actual Total Time": 28.675,
                                                                                                                        "Actual Rows": 69518,
                                                                                                                        "Actual Loops": 5,
                                                                                                                        "Filter": "((production_year <= 1975) AND (1925 < production_year))",
                                                                                                                        "Rows Removed by Filter": 436145,
                                                                                                                        "Workers": []
                                                                                                                    }
                                                                                                                ]
                                                                                                            }
                                                                                                        ]
                                                                                                    },
                                                                                                    {
                                                                                                        "Node Type": "Hash",
                                                                                                        "Parent Relationship": "Inner",
                                                                                                        "Parallel Aware": false,
                                                                                                        "Async Capable": false,
                                                                                                        "Startup Cost": 1.15,
                                                                                                        "Total Cost": 1.15,
                                                                                                        "Plan Rows": 1,
                                                                                                        "Plan Width": 4,
                                                                                                        "Actual Startup Time": 0.031,
                                                                                                        "Actual Total Time": 0.031,
                                                                                                        "Actual Rows": 1,
                                                                                                        "Actual Loops": 5,
                                                                                                        "Hash Buckets": 1024,
                                                                                                        "Original Hash Buckets": 1024,
                                                                                                        "Hash Batches": 1,
                                                                                                        "Original Hash Batches": 1,
                                                                                                        "Peak Memory Usage": 9,
                                                                                                        "Workers": [],
                                                                                                        "Plans": [
                                                                                                            {
                                                                                                                "Node Type": "Seq Scan",
                                                                                                                "Parent Relationship": "Outer",
                                                                                                                "Parallel Aware": false,
                                                                                                                "Async Capable": false,
                                                                                                                "Relation Name": "role_type",
                                                                                                                "Alias": "rt",
                                                                                                                "Startup Cost": 0.0,
                                                                                                                "Total Cost": 1.15,
                                                                                                                "Plan Rows": 1,
                                                                                                                "Plan Width": 4,
                                                                                                                "Actual Startup Time": 0.02,
                                                                                                                "Actual Total Time": 0.021,
                                                                                                                "Actual Rows": 1,
                                                                                                                "Actual Loops": 5,
                                                                                                                "Filter": "((role)::text = 'composer'::text)",
                                                                                                                "Rows Removed by Filter": 11,
                                                                                                                "Workers": []
                                                                                                            }
                                                                                                        ]
                                                                                                    }
                                                                                                ]
                                                                                            },
                                                                                            {
                                                                                                "Node Type": "Hash",
                                                                                                "Parent Relationship": "Inner",
                                                                                                "Parallel Aware": true,
                                                                                                "Async Capable": false,
                                                                                                "Startup Cost": 453287.75,
                                                                                                "Total Cost": 453287.75,
                                                                                                "Plan Rows": 46,
                                                                                                "Plan Width": 16,
                                                                                                "Actual Startup Time": 369.206,
                                                                                                "Actual Total Time": 369.209,
                                                                                                "Actual Rows": 13921,
                                                                                                "Actual Loops": 5,
                                                                                                "Hash Buckets": 131072,
                                                                                                "Original Hash Buckets": 1024,
                                                                                                "Hash Batches": 1,
                                                                                                "Original Hash Batches": 1,
                                                                                                "Peak Memory Usage": 5368,
                                                                                                "Workers": [],
                                                                                                "Plans": [
                                                                                                    {
                                                                                                        "Node Type": "Hash Join",
                                                                                                        "Parent Relationship": "Outer",
                                                                                                        "Parallel Aware": true,
                                                                                                        "Async Capable": false,
                                                                                                        "Join Type": "Inner",
                                                                                                        "Startup Cost": 228476.71,
                                                                                                        "Total Cost": 453287.75,
                                                                                                        "Plan Rows": 46,
                                                                                                        "Plan Width": 16,
                                                                                                        "Actual Startup Time": 191.188,
                                                                                                        "Actual Total Time": 286.057,
                                                                                                        "Actual Rows": 13921,
                                                                                                        "Actual Loops": 5,
                                                                                                        "Inner Unique": false,
                                                                                                        "Hash Cond": "(mi2.movie_id = mi1.movie_id)",
                                                                                                        "Workers": [],
                                                                                                        "Plans": [
                                                                                                            {
                                                                                                                "Node Type": "Seq Scan",
                                                                                                                "Parent Relationship": "Outer",
                                                                                                                "Parallel Aware": true,
                                                                                                                "Async Capable": false,
                                                                                                                "Relation Name": "movie_info",
                                                                                                                "Alias": "mi2",
                                                                                                                "Startup Cost": 0.0,
                                                                                                                "Total Cost": 224608.25,
                                                                                                                "Plan Rows": 234,
                                                                                                                "Plan Width": 8,
                                                                                                                "Actual Startup Time": 26.886,
                                                                                                                "Actual Total Time": 117.916,
                                                                                                                "Actual Rows": 14378,
                                                                                                                "Actual Loops": 5,
                                                                                                                "Filter": "((info_type_id = 5) AND (info = ANY ('{Argentina:Atp,Australia:G,Finland:K-16,Finland:S,Sweden:15,UK:U,USA:Approved}'::text[])))",
                                                                                                                "Rows Removed by Filter": 2952766,
                                                                                                                "Workers": []
                                                                                                            },
                                                                                                            {
                                                                                                                "Node Type": "Hash",
                                                                                                                "Parent Relationship": "Inner",
                                                                                                                "Parallel Aware": true,
                                                                                                                "Async Capable": false,
                                                                                                                "Startup Cost": 228311.8,
                                                                                                                "Total Cost": 228311.8,
                                                                                                                "Plan Rows": 13193,
                                                                                                                "Plan Width": 8,
                                                                                                                "Actual Startup Time": 164.21,
                                                                                                                "Actual Total Time": 164.211,
                                                                                                                "Actual Rows": 125020,
                                                                                                                "Actual Loops": 5,
                                                                                                                "Hash Buckets": 1048576,
                                                                                                                "Original Hash Buckets": 131072,
                                                                                                                "Hash Batches": 1,
                                                                                                                "Original Hash Batches": 1,
                                                                                                                "Peak Memory Usage": 39872,
                                                                                                                "Workers": [],
                                                                                                                "Plans": [
                                                                                                                    {
                                                                                                                        "Node Type": "Seq Scan",
                                                                                                                        "Parent Relationship": "Outer",
                                                                                                                        "Parallel Aware": true,
                                                                                                                        "Async Capable": false,
                                                                                                                        "Relation Name": "movie_info",
                                                                                                                        "Alias": "mi1",
                                                                                                                        "Startup Cost": 0.0,
                                                                                                                        "Total Cost": 228311.8,
                                                                                                                        "Plan Rows": 13193,
                                                                                                                        "Plan Width": 8,
                                                                                                                        "Actual Startup Time": 87.27,
                                                                                                                        "Actual Total Time": 147.226,
                                                                                                                        "Actual Rows": 125020,
                                                                                                                        "Actual Loops": 5,
                                                                                                                        "Filter": "((info_type_id = 3) AND (info = ANY ('{Action,Adventure,Animation,Comedy,Crime,Drama,Music,Western}'::text[])))",
                                                                                                                        "Rows Removed by Filter": 2842124,
                                                                                                                        "Workers": []
                                                                                                                    }
                                                                                                                ]
                                                                                                            }
                                                                                                        ]
                                                                                                    }
                                                                                                ]
                                                                                            }
                                                                                        ]
                                                                                    },
                                                                                    {
                                                                                        "Node Type": "Seq Scan",
                                                                                        "Parent Relationship": "Inner",
                                                                                        "Parallel Aware": false,
                                                                                        "Async Capable": false,
                                                                                        "Relation Name": "kind_type",
                                                                                        "Alias": "kt",
                                                                                        "Startup Cost": 0.0,
                                                                                        "Total Cost": 1.1,
                                                                                        "Plan Rows": 3,
                                                                                        "Plan Width": 4,
                                                                                        "Actual Startup Time": 0.0,
                                                                                        "Actual Total Time": 0.0,
                                                                                        "Actual Rows": 1,
                                                                                        "Actual Loops": 45139,
                                                                                        "Filter": "((kind)::text = ANY ('{episode,movie,\"tv movie\"}'::text[]))",
                                                                                        "Rows Removed by Filter": 0,
                                                                                        "Workers": []
                                                                                    }
                                                                                ]
                                                                            },
                                                                            {
                                                                                "Node Type": "Seq Scan",
                                                                                "Parent Relationship": "Inner",
                                                                                "Parallel Aware": false,
                                                                                "Async Capable": false,
                                                                                "Relation Name": "info_type",
                                                                                "Alias": "it1",
                                                                                "Startup Cost": 0.0,
                                                                                "Total Cost": 2.41,
                                                                                "Plan Rows": 1,
                                                                                "Plan Width": 4,
                                                                                "Actual Startup Time": 0.001,
                                                                                "Actual Total Time": 0.002,
                                                                                "Actual Rows": 1,
                                                                                "Actual Loops": 44864,
                                                                                "Filter": "(id = 3)",
                                                                                "Rows Removed by Filter": 112,
                                                                                "Workers": []
                                                                            }
                                                                        ]
                                                                    },
                                                                    {
                                                                        "Node Type": "Seq Scan",
                                                                        "Parent Relationship": "Inner",
                                                                        "Parallel Aware": false,
                                                                        "Async Capable": false,
                                                                        "Relation Name": "info_type",
                                                                        "Alias": "it2",
                                                                        "Startup Cost": 0.0,
                                                                        "Total Cost": 2.41,
                                                                        "Plan Rows": 1,
                                                                        "Plan Width": 4,
                                                                        "Actual Startup Time": 0.001,
                                                                        "Actual Total Time": 0.002,
                                                                        "Actual Rows": 1,
                                                                        "Actual Loops": 44864,
                                                                        "Filter": "(id = 5)",
                                                                        "Rows Removed by Filter": 112,
                                                                        "Workers": []
                                                                    }
                                                                ]
                                                            }
                                                        ]
                                                    }
                                                ]
                                            }
                                        ]
                                    }
                                ]
                            }
                        ]
                    },
                    "Planning Time": 1.472,
                    "Triggers": [],
                    "Execution Time": 1268.444
                }
            ],
            "hints": [
                "SET enable_hashjoin TO on",
                "SET enable_indexonlyscan TO on",
                "SET enable_indexscan TO off",
                "SET enable_mergejoin TO off",
                "SET enable_nestloop TO on",
                "SET enable_seqscan TO on"
            ]
        },
        {
            "arm": 3,
            "execution_time": 4773.917,
            "plan": [
                {
                    "Plan": {
                        "Node Type": "Aggregate",
                        "Strategy": "Plain",
                        "Partial Mode": "Simple",
                        "Parallel Aware": false,
                        "Async Capable": false,
                        "Startup Cost": 20001918130.65,
                        "Total Cost": 20001918130.66,
                        "Plan Rows": 1,
                        "Plan Width": 8,
                        "Actual Startup Time": 4773.855,
                        "Actual Total Time": 4773.864,
                        "Actual Rows": 1,
                        "Actual Loops": 1,
                        "Plans": [
                            {
                                "Node Type": "Hash Join",
                                "Parent Relationship": "Outer",
                                "Parallel Aware": false,
                                "Async Capable": false,
                                "Join Type": "Inner",
                                "Startup Cost": 20001803856.16,
                                "Total Cost": 20001918130.65,
                                "Plan Rows": 1,
                                "Plan Width": 0,
                                "Actual Startup Time": 4059.514,
                                "Actual Total Time": 4773.343,
                                "Actual Rows": 22835,
                                "Actual Loops": 1,
                                "Inner Unique": true,
                                "Hash Cond": "(ci.role_id = rt.id)",
                                "Plans": [
                                    {
                                        "Node Type": "Nested Loop",
                                        "Parent Relationship": "Outer",
                                        "Parallel Aware": false,
                                        "Async Capable": false,
                                        "Join Type": "Inner",
                                        "Startup Cost": 20001803855.0,
                                        "Total Cost": 20001918129.44,
                                        "Plan Rows": 12,
                                        "Plan Width": 4,
                                        "Actual Startup Time": 4058.751,
                                        "Actual Total Time": 4739.767,
                                        "Actual Rows": 1302729,
                                        "Actual Loops": 1,
                                        "Inner Unique": false,
                                        "Plans": [
                                            {
                                                "Node Type": "Hash Join",
                                                "Parent Relationship": "Outer",
                                                "Parallel Aware": false,
                                                "Async Capable": false,
                                                "Join Type": "Inner",
                                                "Startup Cost": 10001803855.0,
                                                "Total Cost": 10001918126.88,
                                                "Plan Rows": 12,
                                                "Plan Width": 8,
                                                "Actual Startup Time": 4058.74,
                                                "Actual Total Time": 4581.513,
                                                "Actual Rows": 1302729,
                                                "Actual Loops": 1,
                                                "Inner Unique": false,
                                                "Hash Cond": "(n.id = ci.person_id)",
                                                "Plans": [
                                                    {
                                                        "Node Type": "Seq Scan",
                                                        "Parent Relationship": "Outer",
                                                        "Parallel Aware": false,
                                                        "Async Capable": false,
                                                        "Relation Name": "name",
                                                        "Alias": "n",
                                                        "Startup Cost": 0.0,
                                                        "Total Cost": 107749.64,
                                                        "Plan Rows": 1739233,
                                                        "Plan Width": 4,
                                                        "Actual Startup Time": 0.002,
                                                        "Actual Total Time": 174.197,
                                                        "Actual Rows": 1739579,
                                                        "Actual Loops": 1,
                                                        "Filter": "((gender)::text = 'm'::text)",
                                                        "Rows Removed by Filter": 2427912
                                                    },
                                                    {
                                                        "Node Type": "Hash",
                                                        "Parent Relationship": "Inner",
                                                        "Parallel Aware": false,
                                                        "Async Capable": false,
                                                        "Startup Cost": 10001803854.64,
                                                        "Total Cost": 10001803854.64,
                                                        "Plan Rows": 29,
                                                        "Plan Width": 12,
                                                        "Actual Startup Time": 4058.561,
                                                        "Actual Total Time": 4058.568,
                                                        "Actual Rows": 1917232,
                                                        "Actual Loops": 1,
                                                        "Hash Buckets": 524288,
                                                        "Original Hash Buckets": 1024,
                                                        "Hash Batches": 8,
                                                        "Original Hash Batches": 1,
                                                        "Peak Memory Usage": 14197,
                                                        "Plans": [
                                                            {
                                                                "Node Type": "Hash Join",
                                                                "Parent Relationship": "Outer",
                                                                "Parallel Aware": false,
                                                                "Async Capable": false,
                                                                "Join Type": "Inner",
                                                                "Startup Cost": 10001052774.62,
                                                                "Total Cost": 10001803854.64,
                                                                "Plan Rows": 29,
                                                                "Plan Width": 12,
                                                                "Actual Startup Time": 1276.165,
                                                                "Actual Total Time": 3954.439,
                                                                "Actual Rows": 1917232,
                                                                "Actual Loops": 1,
                                                                "Inner Unique": false,
                                                                "Hash Cond": "(ci.movie_id = t.id)",
                                                                "Plans": [
                                                                    {
                                                                        "Node Type": "Seq Scan",
                                                                        "Parent Relationship": "Outer",
                                                                        "Parallel Aware": false,
                                                                        "Async Capable": false,
                                                                        "Relation Name": "cast_info",
                                                                        "Alias": "ci",
                                                                        "Startup Cost": 0.0,
                                                                        "Total Cost": 615163.44,
                                                                        "Plan Rows": 36244344,
                                                                        "Plan Width": 12,
                                                                        "Actual Startup Time": 0.009,
                                                                        "Actual Total Time": 1114.1,
                                                                        "Actual Rows": 36244344,
                                                                        "Actual Loops": 1
                                                                    },
                                                                    {
                                                                        "Node Type": "Hash",
                                                                        "Parent Relationship": "Inner",
                                                                        "Parallel Aware": false,
                                                                        "Async Capable": false,
                                                                        "Startup Cost": 10001052774.59,
                                                                        "Total Cost": 10001052774.59,
                                                                        "Plan Rows": 2,
                                                                        "Plan Width": 16,
                                                                        "Actual Startup Time": 1276.111,
                                                                        "Actual Total Time": 1276.117,
                                                                        "Actual Rows": 46535,
                                                                        "Actual Loops": 1,
                                                                        "Hash Buckets": 65536,
                                                                        "Original Hash Buckets": 1024,
                                                                        "Hash Batches": 1,
                                                                        "Original Hash Batches": 1,
                                                                        "Peak Memory Usage": 2694,
                                                                        "Plans": [
                                                                            {
                                                                                "Node Type": "Hash Join",
                                                                                "Parent Relationship": "Outer",
                                                                                "Parallel Aware": false,
                                                                                "Async Capable": false,
                                                                                "Join Type": "Inner",
                                                                                "Startup Cost": 10000557560.22,
                                                                                "Total Cost": 10001052774.59,
                                                                                "Plan Rows": 2,
                                                                                "Plan Width": 16,
                                                                                "Actual Startup Time": 743.827,
                                                                                "Actual Total Time": 1273.827,
                                                                                "Actual Rows": 46535,
                                                                                "Actual Loops": 1,
                                                                                "Inner Unique": false,
                                                                                "Hash Cond": "(mi1.movie_id = t.id)",
                                                                                "Plans": [
                                                                                    {
                                                                                        "Node Type": "Seq Scan",
                                                                                        "Parent Relationship": "Outer",
                                                                                        "Parallel Aware": false,
                                                                                        "Async Capable": false,
                                                                                        "Relation Name": "movie_info",
                                                                                        "Alias": "mi1",
                                                                                        "Startup Cost": 0.0,
                                                                                        "Total Cost": 494966.98,
                                                                                        "Plan Rows": 65965,
                                                                                        "Plan Width": 8,
                                                                                        "Actual Startup Time": 74.77,
                                                                                        "Actual Total Time": 579.417,
                                                                                        "Actual Rows": 625099,
                                                                                        "Actual Loops": 1,
                                                                                        "Filter": "((info_type_id = 3) AND (info = ANY ('{Action,Adventure,Animation,Comedy,Crime,Drama,Music,Western}'::text[])))",
                                                                                        "Rows Removed by Filter": 14210621
                                                                                    },
                                                                                    {
                                                                                        "Node Type": "Hash",
                                                                                        "Parent Relationship": "Inner",
                                                                                        "Parallel Aware": false,
                                                                                        "Async Capable": false,
                                                                                        "Startup Cost": 10000557559.34,
                                                                                        "Total Cost": 10000557559.34,
                                                                                        "Plan Rows": 70,
                                                                                        "Plan Width": 8,
                                                                                        "Actual Startup Time": 668.184,
                                                                                        "Actual Total Time": 668.189,
                                                                                        "Actual Rows": 38611,
                                                                                        "Actual Loops": 1,
                                                                                        "Hash Buckets": 65536,
                                                                                        "Original Hash Buckets": 1024,
                                                                                        "Hash Batches": 1,
                                                                                        "Original Hash Batches": 1,
                                                                                        "Peak Memory Usage": 2021,
                                                                                        "Plans": [
                                                                                            {
                                                                                                "Node Type": "Hash Join",
                                                                                                "Parent Relationship": "Outer",
                                                                                                "Parallel Aware": false,
                                                                                                "Async Capable": false,
                                                                                                "Join Type": "Inner",
                                                                                                "Startup Cost": 10000079715.88,
                                                                                                "Total Cost": 10000557559.34,
                                                                                                "Plan Rows": 70,
                                                                                                "Plan Width": 8,
                                                                                                "Actual Startup Time": 416.384,
                                                                                                "Actual Total Time": 666.519,
                                                                                                "Actual Rows": 38611,
                                                                                                "Actual Loops": 1,
                                                                                                "Inner Unique": true,
                                                                                                "Hash Cond": "(t.kind_id = kt.id)",
                                                                                                "Plans": [
                                                                                                    {
                                                                                                        "Node Type": "Nested Loop",
                                                                                                        "Parent Relationship": "Outer",
                                                                                                        "Parallel Aware": false,
                                                                                                        "Async Capable": false,
                                                                                                        "Join Type": "Inner",
                                                                                                        "Startup Cost": 10000079714.75,
                                                                                                        "Total Cost": 10000557557.53,
                                                                                                        "Plan Rows": 163,
                                                                                                        "Plan Width": 12,
                                                                                                        "Actual Startup Time": 416.369,
                                                                                                        "Actual Total Time": 664.191,
                                                                                                        "Actual Rows": 38893,
                                                                                                        "Actual Loops": 1,
                                                                                                        "Inner Unique": false,
                                                                                                        "Plans": [
                                                                                                            {
                                                                                                                "Node Type": "Hash Join",
                                                                                                                "Parent Relationship": "Outer",
                                                                                                                "Parallel Aware": false,
                                                                                                                "Async Capable": false,
                                                                                                                "Join Type": "Inner",
                                                                                                                "Startup Cost": 79714.74,
                                                                                                                "Total Cost": 557553.07,
                                                                                                                "Plan Rows": 163,
                                                                                                                "Plan Width": 16,
                                                                                                                "Actual Startup Time": 416.359,
                                                                                                                "Actual Total Time": 659.267,
                                                                                                                "Actual Rows": 38893,
                                                                                                                "Actual Loops": 1,
                                                                                                                "Inner Unique": true,
                                                                                                                "Hash Cond": "(mi2.movie_id = t.id)",
                                                                                                                "Plans": [
                                                                                                                    {
                                                                                                                        "Node Type": "Seq Scan",
                                                                                                                        "Parent Relationship": "Outer",
                                                                                                                        "Parallel Aware": false,
                                                                                                                        "Async Capable": false,
                                                                                                                        "Relation Name": "movie_info",
                                                                                                                        "Alias": "mi2",
                                                                                                                        "Startup Cost": 0.0,
                                                                                                                        "Total Cost": 476449.26,
                                                                                                                        "Plan Rows": 1169,
                                                                                                                        "Plan Width": 8,
                                                                                                                        "Actual Startup Time": 279.22,
                                                                                                                        "Actual Total Time": 515.063,
                                                                                                                        "Actual Rows": 71891,
                                                                                                                        "Actual Loops": 1,
                                                                                                                        "Filter": "((info_type_id = 5) AND (info = ANY ('{Argentina:Atp,Australia:G,Finland:K-16,Finland:S,Sweden:15,UK:U,USA:Approved}'::text[])))",
                                                                                                                        "Rows Removed by Filter": 14763829
                                                                                                                    },
                                                                                                                    {
                                                                                                                        "Node Type": "Hash",
                                                                                                                        "Parent Relationship": "Inner",
                                                                                                                        "Parallel Aware": false,
                                                                                                                        "Async Capable": false,
                                                                                                                        "Startup Cost": 73936.29,
                                                                                                                        "Total Cost": 73936.29,
                                                                                                                        "Plan Rows": 352196,
                                                                                                                        "Plan Width": 8,
                                                                                                                        "Actual Startup Time": 127.44,
                                                                                                                        "Actual Total Time": 127.441,
                                                                                                                        "Actual Rows": 347589,
                                                                                                                        "Actual Loops": 1,
                                                                                                                        "Hash Buckets": 524288,
                                                                                                                        "Original Hash Buckets": 524288,
                                                                                                                        "Hash Batches": 2,
                                                                                                                        "Original Hash Batches": 2,
                                                                                                                        "Peak Memory Usage": 10876,
                                                                                                                        "Plans": [
                                                                                                                            {
                                                                                                                                "Node Type": "Seq Scan",
                                                                                                                                "Parent Relationship": "Outer",
                                                                                                                                "Parallel Aware": false,
                                                                                                                                "Async Capable": false,
                                                                                                                                "Relation Name": "title",
                                                                                                                                "Alias": "t",
                                                                                                                                "Startup Cost": 0.0,
                                                                                                                                "Total Cost": 73936.29,
                                                                                                                                "Plan Rows": 352196,
                                                                                                                                "Plan Width": 8,
                                                                                                                                "Actual Startup Time": 0.006,
                                                                                                                                "Actual Total Time": 102.681,
                                                                                                                                "Actual Rows": 347589,
                                                                                                                                "Actual Loops": 1,
                                                                                                                                "Filter": "((production_year <= 1975) AND (1925 < production_year))",
                                                                                                                                "Rows Removed by Filter": 2180723
                                                                                                                            }
                                                                                                                        ]
                                                                                                                    }
                                                                                                                ]
                                                                                                            },
                                                                                                            {
                                                                                                                "Node Type": "Materialize",
                                                                                                                "Parent Relationship": "Inner",
                                                                                                                "Parallel Aware": false,
                                                                                                                "Async Capable": false,
                                                                                                                "Startup Cost": 0.0,
                                                                                                                "Total Cost": 2.42,
                                                                                                                "Plan Rows": 1,
                                                                                                                "Plan Width": 4,
                                                                                                                "Actual Startup Time": 0.0,
                                                                                                                "Actual Total Time": 0.0,
                                                                                                                "Actual Rows": 1,
                                                                                                                "Actual Loops": 38893,
                                                                                                                "Plans": [
                                                                                                                    {
                                                                                                                        "Node Type": "Seq Scan",
                                                                                                                        "Parent Relationship": "Outer",
                                                                                                                        "Parallel Aware": false,
                                                                                                                        "Async Capable": false,
                                                                                                                        "Relation Name": "info_type",
                                                                                                                        "Alias": "it2",
                                                                                                                        "Startup Cost": 0.0,
                                                                                                                        "Total Cost": 2.41,
                                                                                                                        "Plan Rows": 1,
                                                                                                                        "Plan Width": 4,
                                                                                                                        "Actual Startup Time": 0.005,
                                                                                                                        "Actual Total Time": 0.007,
                                                                                                                        "Actual Rows": 1,
                                                                                                                        "Actual Loops": 1,
                                                                                                                        "Filter": "(id = 5)",
                                                                                                                        "Rows Removed by Filter": 112
                                                                                                                    }
                                                                                                                ]
                                                                                                            }
                                                                                                        ]
                                                                                                    },
                                                                                                    {
                                                                                                        "Node Type": "Hash",
                                                                                                        "Parent Relationship": "Inner",
                                                                                                        "Parallel Aware": false,
                                                                                                        "Async Capable": false,
                                                                                                        "Startup Cost": 1.1,
                                                                                                        "Total Cost": 1.1,
                                                                                                        "Plan Rows": 3,
                                                                                                        "Plan Width": 4,
                                                                                                        "Actual Startup Time": 0.012,
                                                                                                        "Actual Total Time": 0.012,
                                                                                                        "Actual Rows": 3,
                                                                                                        "Actual Loops": 1,
                                                                                                        "Hash Buckets": 1024,
                                                                                                        "Original Hash Buckets": 1024,
                                                                                                        "Hash Batches": 1,
                                                                                                        "Original Hash Batches": 1,
                                                                                                        "Peak Memory Usage": 9,
                                                                                                        "Plans": [
                                                                                                            {
                                                                                                                "Node Type": "Seq Scan",
                                                                                                                "Parent Relationship": "Outer",
                                                                                                                "Parallel Aware": false,
                                                                                                                "Async Capable": false,
                                                                                                                "Relation Name": "kind_type",
                                                                                                                "Alias": "kt",
                                                                                                                "Startup Cost": 0.0,
                                                                                                                "Total Cost": 1.1,
                                                                                                                "Plan Rows": 3,
                                                                                                                "Plan Width": 4,
                                                                                                                "Actual Startup Time": 0.008,
                                                                                                                "Actual Total Time": 0.009,
                                                                                                                "Actual Rows": 3,
                                                                                                                "Actual Loops": 1,
                                                                                                                "Filter": "((kind)::text = ANY ('{episode,movie,\"tv movie\"}'::text[]))",
                                                                                                                "Rows Removed by Filter": 4
                                                                                                            }
                                                                                                        ]
                                                                                                    }
                                                                                                ]
                                                                                            }
                                                                                        ]
                                                                                    }
                                                                                ]
                                                                            }
                                                                        ]
                                                                    }
                                                                ]
                                                            }
                                                        ]
                                                    }
                                                ]
                                            },
                                            {
                                                "Node Type": "Materialize",
                                                "Parent Relationship": "Inner",
                                                "Parallel Aware": false,
                                                "Async Capable": false,
                                                "Startup Cost": 0.0,
                                                "Total Cost": 2.42,
                                                "Plan Rows": 1,
                                                "Plan Width": 4,
                                                "Actual Startup Time": 0.0,
                                                "Actual Total Time": 0.0,
                                                "Actual Rows": 1,
                                                "Actual Loops": 1302729,
                                                "Plans": [
                                                    {
                                                        "Node Type": "Seq Scan",
                                                        "Parent Relationship": "Outer",
                                                        "Parallel Aware": false,
                                                        "Async Capable": false,
                                                        "Relation Name": "info_type",
                                                        "Alias": "it1",
                                                        "Startup Cost": 0.0,
                                                        "Total Cost": 2.41,
                                                        "Plan Rows": 1,
                                                        "Plan Width": 4,
                                                        "Actual Startup Time": 0.006,
                                                        "Actual Total Time": 0.007,
                                                        "Actual Rows": 1,
                                                        "Actual Loops": 1,
                                                        "Filter": "(id = 3)",
                                                        "Rows Removed by Filter": 112
                                                    }
                                                ]
                                            }
                                        ]
                                    },
                                    {
                                        "Node Type": "Hash",
                                        "Parent Relationship": "Inner",
                                        "Parallel Aware": false,
                                        "Async Capable": false,
                                        "Startup Cost": 1.15,
                                        "Total Cost": 1.15,
                                        "Plan Rows": 1,
                                        "Plan Width": 4,
                                        "Actual Startup Time": 0.008,
                                        "Actual Total Time": 0.008,
                                        "Actual Rows": 1,
                                        "Actual Loops": 1,
                                        "Hash Buckets": 1024,
                                        "Original Hash Buckets": 1024,
                                        "Hash Batches": 1,
                                        "Original Hash Batches": 1,
                                        "Peak Memory Usage": 9,
                                        "Plans": [
                                            {
                                                "Node Type": "Seq Scan",
                                                "Parent Relationship": "Outer",
                                                "Parallel Aware": false,
                                                "Async Capable": false,
                                                "Relation Name": "role_type",
                                                "Alias": "rt",
                                                "Startup Cost": 0.0,
                                                "Total Cost": 1.15,
                                                "Plan Rows": 1,
                                                "Plan Width": 4,
                                                "Actual Startup Time": 0.006,
                                                "Actual Total Time": 0.006,
                                                "Actual Rows": 1,
                                                "Actual Loops": 1,
                                                "Filter": "((role)::text = 'composer'::text)",
                                                "Rows Removed by Filter": 11
                                            }
                                        ]
                                    }
                                ]
                            }
                        ]
                    },
                    "Planning Time": 1.632,
                    "Triggers": [],
                    "Execution Time": 4773.917
                }
            ],
            "hints": [
                "SET enable_hashjoin TO on",
                "SET enable_indexonlyscan TO on",
                "SET enable_indexscan TO off",
                "SET enable_mergejoin TO off",
                "SET enable_nestloop TO off",
                "SET enable_seqscan TO on"
            ]
        },
        {
            "arm": 4,
            "execution_time": 535.861,
            "plan": [
                {
                    "Plan": {
                        "Node Type": "Aggregate",
                        "Strategy": "Plain",
                        "Partial Mode": "Simple",
                        "Parallel Aware": false,
                        "Async Capable": false,
                        "Startup Cost": 228171.76,
                        "Total Cost": 228171.77,
                        "Plan Rows": 1,
                        "Plan Width": 8,
                        "Actual Startup Time": 509.645,
                        "Actual Total Time": 535.814,
                        "Actual Rows": 1,
                        "Actual Loops": 1,
                        "Plans": [
                            {
                                "Node Type": "Nested Loop",
                                "Parent Relationship": "Outer",
                                "Parallel Aware": false,
                                "Async Capable": false,
                                "Join Type": "Inner",
                                "Startup Cost": 1003.0,
                                "Total Cost": 228171.76,
                                "Plan Rows": 1,
                                "Plan Width": 0,
                                "Actual Startup Time": 0.576,
                                "Actual Total Time": 535.213,
                                "Actual Rows": 22835,
                                "Actual Loops": 1,
                                "Inner Unique": false,
                                "Plans": [
                                    {
                                        "Node Type": "Nested Loop",
                                        "Parent Relationship": "Outer",
                                        "Parallel Aware": false,
                                        "Async Capable": false,
                                        "Join Type": "Inner",
                                        "Startup Cost": 1003.0,
                                        "Total Cost": 228169.33,
                                        "Plan Rows": 1,
                                        "Plan Width": 4,
                                        "Actual Startup Time": 0.574,
                                        "Actual Total Time": 480.641,
                                        "Actual Rows": 22835,
                                        "Actual Loops": 1,
                                        "Inner Unique": false,
                                        "Plans": [
                                            {
                                                "Node Type": "Gather",
                                                "Parent Relationship": "Outer",
                                                "Parallel Aware": false,
                                                "Async Capable": false,
                                                "Startup Cost": 1003.0,
                                                "Total Cost": 228166.91,
                                                "Plan Rows": 1,
                                                "Plan Width": 8,
                                                "Actual Startup Time": 0.571,
                                                "Actual Total Time": 427.2,
                                                "Actual Rows": 22835,
                                                "Actual Loops": 1,
                                                "Workers Planned": 5,
                                                "Workers Launched": 5,
                                                "Single Copy": false,
                                                "Plans": [
                                                    {
                                                        "Node Type": "Nested Loop",
                                                        "Parent Relationship": "Outer",
                                                        "Parallel Aware": false,
                                                        "Async Capable": false,
                                                        "Join Type": "Inner",
                                                        "Startup Cost": 3.0,
                                                        "Total Cost": 227166.81,
                                                        "Plan Rows": 1,
                                                        "Plan Width": 8,
                                                        "Actual Startup Time": 76.56,
                                                        "Actual Total Time": 484.598,
                                                        "Actual Rows": 3806,
                                                        "Actual Loops": 6,
                                                        "Inner Unique": true,
                                                        "Workers": [],
                                                        "Plans": [
                                                            {
                                                                "Node Type": "Nested Loop",
                                                                "Parent Relationship": "Outer",
                                                                "Parallel Aware": false,
                                                                "Async Capable": false,
                                                                "Join Type": "Inner",
                                                                "Startup Cost": 2.57,
                                                                "Total Cost": 227164.5,
                                                                "Plan Rows": 1,
                                                                "Plan Width": 12,
                                                                "Actual Startup Time": 75.491,
                                                                "Actual Total Time": 475.16,
                                                                "Actual Rows": 7477,
                                                                "Actual Loops": 6,
                                                                "Inner Unique": true,
                                                                "Workers": [],
                                                                "Plans": [
                                                                    {
                                                                        "Node Type": "Nested Loop",
                                                                        "Parent Relationship": "Outer",
                                                                        "Parallel Aware": false,
                                                                        "Async Capable": false,
                                                                        "Join Type": "Inner",
                                                                        "Startup Cost": 2.44,
                                                                        "Total Cost": 227163.55,
                                                                        "Plan Rows": 6,
                                                                        "Plan Width": 16,
                                                                        "Actual Startup Time": 75.406,
                                                                        "Actual Total Time": 339.096,
                                                                        "Actual Rows": 319539,
                                                                        "Actual Loops": 6,
                                                                        "Inner Unique": false,
                                                                        "Workers": [],
                                                                        "Plans": [
                                                                            {
                                                                                "Node Type": "Nested Loop",
                                                                                "Parent Relationship": "Outer",
                                                                                "Parallel Aware": false,
                                                                                "Async Capable": false,
                                                                                "Join Type": "Inner",
                                                                                "Startup Cost": 2.0,
                                                                                "Total Cost": 227118.83,
                                                                                "Plan Rows": 1,
                                                                                "Plan Width": 20,
                                                                                "Actual Startup Time": 75.386,
                                                                                "Actual Total Time": 189.89,
                                                                                "Actual Rows": 7756,
                                                                                "Actual Loops": 6,
                                                                                "Inner Unique": false,
                                                                                "Workers": [],
                                                                                "Plans": [
                                                                                    {
                                                                                        "Node Type": "Hash Join",
                                                                                        "Parent Relationship": "Outer",
                                                                                        "Parallel Aware": false,
                                                                                        "Async Capable": false,
                                                                                        "Join Type": "Inner",
                                                                                        "Startup Cost": 1.56,
                                                                                        "Total Cost": 226516.15,
                                                                                        "Plan Rows": 14,
                                                                                        "Plan Width": 12,
                                                                                        "Actual Startup Time": 75.342,
                                                                                        "Actual Total Time": 143.789,
                                                                                        "Actual Rows": 6435,
                                                                                        "Actual Loops": 6,
                                                                                        "Inner Unique": true,
                                                                                        "Hash Cond": "(t.kind_id = kt.id)",
                                                                                        "Workers": [],
                                                                                        "Plans": [
                                                                                            {
                                                                                                "Node Type": "Nested Loop",
                                                                                                "Parent Relationship": "Outer",
                                                                                                "Parallel Aware": false,
                                                                                                "Async Capable": false,
                                                                                                "Join Type": "Inner",
                                                                                                "Startup Cost": 0.43,
                                                                                                "Total Cost": 226514.88,
                                                                                                "Plan Rows": 33,
                                                                                                "Plan Width": 16,
                                                                                                "Actual Startup Time": 75.265,
                                                                                                "Actual Total Time": 143.194,
                                                                                                "Actual Rows": 6482,
                                                                                                "Actual Loops": 6,
                                                                                                "Inner Unique": true,
                                                                                                "Workers": [],
                                                                                                "Plans": [
                                                                                                    {
                                                                                                        "Node Type": "Seq Scan",
                                                                                                        "Parent Relationship": "Outer",
                                                                                                        "Parallel Aware": true,
                                                                                                        "Async Capable": false,
                                                                                                        "Relation Name": "movie_info",
                                                                                                        "Alias": "mi2",
                                                                                                        "Startup Cost": 0.0,
                                                                                                        "Total Cost": 224608.25,
                                                                                                        "Plan Rows": 234,
                                                                                                        "Plan Width": 8,
                                                                                                        "Actual Startup Time": 74.772,
                                                                                                        "Actual Total Time": 120.377,
                                                                                                        "Actual Rows": 11982,
                                                                                                        "Actual Loops": 6,
                                                                                                        "Filter": "((info_type_id = 5) AND (info = ANY ('{Argentina:Atp,Australia:G,Finland:K-16,Finland:S,Sweden:15,UK:U,USA:Approved}'::text[])))",
                                                                                                        "Rows Removed by Filter": 2460638,
                                                                                                        "Workers": []
                                                                                                    },
                                                                                                    {
                                                                                                        "Node Type": "Index Scan",
                                                                                                        "Parent Relationship": "Inner",
                                                                                                        "Parallel Aware": false,
                                                                                                        "Async Capable": false,
                                                                                                        "Scan Direction": "Forward",
                                                                                                        "Index Name": "title_pkey",
                                                                                                        "Relation Name": "title",
                                                                                                        "Alias": "t",
                                                                                                        "Startup Cost": 0.43,
                                                                                                        "Total Cost": 8.15,
                                                                                                        "Plan Rows": 1,
                                                                                                        "Plan Width": 8,
                                                                                                        "Actual Startup Time": 0.002,
                                                                                                        "Actual Total Time": 0.002,
                                                                                                        "Actual Rows": 1,
                                                                                                        "Actual Loops": 71891,
                                                                                                        "Index Cond": "(id = mi2.movie_id)",
                                                                                                        "Rows Removed by Index Recheck": 0,
                                                                                                        "Filter": "((production_year <= 1975) AND (1925 < production_year))",
                                                                                                        "Rows Removed by Filter": 0,
                                                                                                        "Workers": []
                                                                                                    }
                                                                                                ]
                                                                                            },
                                                                                            {
                                                                                                "Node Type": "Hash",
                                                                                                "Parent Relationship": "Inner",
                                                                                                "Parallel Aware": false,
                                                                                                "Async Capable": false,
                                                                                                "Startup Cost": 1.1,
                                                                                                "Total Cost": 1.1,
                                                                                                "Plan Rows": 3,
                                                                                                "Plan Width": 4,
                                                                                                "Actual Startup Time": 0.009,
                                                                                                "Actual Total Time": 0.01,
                                                                                                "Actual Rows": 3,
                                                                                                "Actual Loops": 6,
                                                                                                "Hash Buckets": 1024,
                                                                                                "Original Hash Buckets": 1024,
                                                                                                "Hash Batches": 1,
                                                                                                "Original Hash Batches": 1,
                                                                                                "Peak Memory Usage": 9,
                                                                                                "Workers": [],
                                                                                                "Plans": [
                                                                                                    {
                                                                                                        "Node Type": "Seq Scan",
                                                                                                        "Parent Relationship": "Outer",
                                                                                                        "Parallel Aware": false,
                                                                                                        "Async Capable": false,
                                                                                                        "Relation Name": "kind_type",
                                                                                                        "Alias": "kt",
                                                                                                        "Startup Cost": 0.0,
                                                                                                        "Total Cost": 1.1,
                                                                                                        "Plan Rows": 3,
                                                                                                        "Plan Width": 4,
                                                                                                        "Actual Startup Time": 0.007,
                                                                                                        "Actual Total Time": 0.007,
                                                                                                        "Actual Rows": 3,
                                                                                                        "Actual Loops": 6,
                                                                                                        "Filter": "((kind)::text = ANY ('{episode,movie,\"tv movie\"}'::text[]))",
                                                                                                        "Rows Removed by Filter": 4,
                                                                                                        "Workers": []
                                                                                                    }
                                                                                                ]
                                                                                            }
                                                                                        ]
                                                                                    },
                                                                                    {
                                                                                        "Node Type": "Index Scan",
                                                                                        "Parent Relationship": "Inner",
                                                                                        "Parallel Aware": false,
                                                                                        "Async Capable": false,
                                                                                        "Scan Direction": "Forward",
                                                                                        "Index Name": "movie_id_movie_info",
                                                                                        "Relation Name": "movie_info",
                                                                                        "Alias": "mi1",
                                                                                        "Startup Cost": 0.43,
                                                                                        "Total Cost": 43.04,
                                                                                        "Plan Rows": 1,
                                                                                        "Plan Width": 8,
                                                                                        "Actual Startup Time": 0.007,
                                                                                        "Actual Total Time": 0.007,
                                                                                        "Actual Rows": 1,
                                                                                        "Actual Loops": 38611,
                                                                                        "Index Cond": "(movie_id = t.id)",
                                                                                        "Rows Removed by Index Recheck": 0,
                                                                                        "Filter": "((info_type_id = 3) AND (info = ANY ('{Action,Adventure,Animation,Comedy,Crime,Drama,Music,Western}'::text[])))",
                                                                                        "Rows Removed by Filter": 38,
                                                                                        "Workers": []
                                                                                    }
                                                                                ]
                                                                            },
                                                                            {
                                                                                "Node Type": "Index Scan",
                                                                                "Parent Relationship": "Inner",
                                                                                "Parallel Aware": false,
                                                                                "Async Capable": false,
                                                                                "Scan Direction": "Forward",
                                                                                "Index Name": "movie_id_cast_info",
                                                                                "Relation Name": "cast_info",
                                                                                "Alias": "ci",
                                                                                "Startup Cost": 0.44,
                                                                                "Total Cost": 44.34,
                                                                                "Plan Rows": 38,
                                                                                "Plan Width": 12,
                                                                                "Actual Startup Time": 0.001,
                                                                                "Actual Total Time": 0.017,
                                                                                "Actual Rows": 41,
                                                                                "Actual Loops": 46535,
                                                                                "Index Cond": "(movie_id = t.id)",
                                                                                "Rows Removed by Index Recheck": 0,
                                                                                "Workers": []
                                                                            }
                                                                        ]
                                                                    },
                                                                    {
                                                                        "Node Type": "Index Scan",
                                                                        "Parent Relationship": "Inner",
                                                                        "Parallel Aware": false,
                                                                        "Async Capable": false,
                                                                        "Scan Direction": "Forward",
                                                                        "Index Name": "role_type_pkey",
                                                                        "Relation Name": "role_type",
                                                                        "Alias": "rt",
                                                                        "Startup Cost": 0.14,
                                                                        "Total Cost": 0.16,
                                                                        "Plan Rows": 1,
                                                                        "Plan Width": 4,
                                                                        "Actual Startup Time": 0.0,
                                                                        "Actual Total Time": 0.0,
                                                                        "Actual Rows": 0,
                                                                        "Actual Loops": 1917232,
                                                                        "Index Cond": "(id = ci.role_id)",
                                                                        "Rows Removed by Index Recheck": 0,
                                                                        "Filter": "((role)::text = 'composer'::text)",
                                                                        "Rows Removed by Filter": 1,
                                                                        "Workers": []
                                                                    }
                                                                ]
                                                            },
                                                            {
                                                                "Node Type": "Index Scan",
                                                                "Parent Relationship": "Inner",
                                                                "Parallel Aware": false,
                                                                "Async Capable": false,
                                                                "Scan Direction": "Forward",
                                                                "Index Name": "name_pkey",
                                                                "Relation Name": "name",
                                                                "Alias": "n",
                                                                "Startup Cost": 0.43,
                                                                "Total Cost": 2.31,
                                                                "Plan Rows": 1,
                                                                "Plan Width": 4,
                                                                "Actual Startup Time": 0.001,
                                                                "Actual Total Time": 0.001,
                                                                "Actual Rows": 1,
                                                                "Actual Loops": 44864,
                                                                "Index Cond": "(id = ci.person_id)",
                                                                "Rows Removed by Index Recheck": 0,
                                                                "Filter": "((gender)::text = 'm'::text)",
                                                                "Rows Removed by Filter": 0,
                                                                "Workers": []
                                                            }
                                                        ]
                                                    }
                                                ]
                                            },
                                            {
                                                "Node Type": "Seq Scan",
                                                "Parent Relationship": "Inner",
                                                "Parallel Aware": false,
                                                "Async Capable": false,
                                                "Relation Name": "info_type",
                                                "Alias": "it1",
                                                "Startup Cost": 0.0,
                                                "Total Cost": 2.41,
                                                "Plan Rows": 1,
                                                "Plan Width": 4,
                                                "Actual Startup Time": 0.001,
                                                "Actual Total Time": 0.002,
                                                "Actual Rows": 1,
                                                "Actual Loops": 22835,
                                                "Filter": "(id = 3)",
                                                "Rows Removed by Filter": 112
                                            }
                                        ]
                                    },
                                    {
                                        "Node Type": "Seq Scan",
                                        "Parent Relationship": "Inner",
                                        "Parallel Aware": false,
                                        "Async Capable": false,
                                        "Relation Name": "info_type",
                                        "Alias": "it2",
                                        "Startup Cost": 0.0,
                                        "Total Cost": 2.41,
                                        "Plan Rows": 1,
                                        "Plan Width": 4,
                                        "Actual Startup Time": 0.001,
                                        "Actual Total Time": 0.002,
                                        "Actual Rows": 1,
                                        "Actual Loops": 22835,
                                        "Filter": "(id = 5)",
                                        "Rows Removed by Filter": 112
                                    }
                                ]
                            }
                        ]
                    },
                    "Planning Time": 1.673,
                    "Triggers": [],
                    "Execution Time": 535.861
                }
            ],
            "hints": [
                "SET enable_hashjoin TO on",
                "SET enable_indexonlyscan TO on",
                "SET enable_indexscan TO on",
                "SET enable_mergejoin TO off",
                "SET enable_nestloop TO on",
                "SET enable_seqscan TO on"
            ]
        }
    ]
}