{
    "sql_file": "2a5.sql",
    "query": "SELECT COUNT(*) FROM title as t,\nkind_type as kt,\ninfo_type as it1,\nmovie_info as mi1,\nmovie_info as mi2,\ninfo_type as it2,\ncast_info as ci,\nrole_type as rt,\nname as n,\nmovie_keyword as mk,\nkeyword as k\nWHERE\nt.id = ci.movie_id\nAND t.id = mi1.movie_id\nAND t.id = mi2.movie_id\nAND t.id = mk.movie_id\nAND k.id = mk.keyword_id\nAND mi1.movie_id = mi2.movie_id\nAND mi1.info_type_id = it1.id\nAND mi2.info_type_id = it2.id\nAND (it1.id in ('2'))\nAND (it2.id in ('4'))\nAND t.kind_id = kt.id\nAND ci.person_id = n.id\nAND ci.role_id = rt.id\nAND (mi1.info in ('Black and White','Color'))\nAND (mi2.info in ('Bengali','Italian','Malayalam','Romanian','Spanish'))\nAND (kt.kind in ('episode','movie','video movie'))\nAND (rt.role in ('production designer'))\nAND (n.gender IS NULL)\nAND (t.production_year <= 2015)\nAND (t.production_year >= 1990)",
    "results": [
        {
            "arm": 0,
            "execution_time": 457.032,
            "plan": [
                {
                    "Plan": {
                        "Node Type": "Aggregate",
                        "Strategy": "Plain",
                        "Partial Mode": "Simple",
                        "Parallel Aware": false,
                        "Async Capable": false,
                        "Startup Cost": 262313.11,
                        "Total Cost": 262313.12,
                        "Plan Rows": 1,
                        "Plan Width": 8,
                        "Actual Startup Time": 427.975,
                        "Actual Total Time": 456.982,
                        "Actual Rows": 1,
                        "Actual Loops": 1,
                        "Plans": [
                            {
                                "Node Type": "Nested Loop",
                                "Parent Relationship": "Outer",
                                "Parallel Aware": false,
                                "Async Capable": false,
                                "Join Type": "Inner",
                                "Startup Cost": 1004.88,
                                "Total Cost": 262312.84,
                                "Plan Rows": 107,
                                "Plan Width": 0,
                                "Actual Startup Time": 66.392,
                                "Actual Total Time": 455.469,
                                "Actual Rows": 70441,
                                "Actual Loops": 1,
                                "Inner Unique": false,
                                "Plans": [
                                    {
                                        "Node Type": "Seq Scan",
                                        "Parent Relationship": "Outer",
                                        "Parallel Aware": false,
                                        "Async Capable": false,
                                        "Relation Name": "info_type",
                                        "Alias": "it2",
                                        "Startup Cost": 0.0,
                                        "Total Cost": 2.41,
                                        "Plan Rows": 1,
                                        "Plan Width": 4,
                                        "Actual Startup Time": 0.004,
                                        "Actual Total Time": 0.006,
                                        "Actual Rows": 1,
                                        "Actual Loops": 1,
                                        "Filter": "(id = 4)",
                                        "Rows Removed by Filter": 112
                                    },
                                    {
                                        "Node Type": "Nested Loop",
                                        "Parent Relationship": "Inner",
                                        "Parallel Aware": false,
                                        "Async Capable": false,
                                        "Join Type": "Inner",
                                        "Startup Cost": 1004.88,
                                        "Total Cost": 262309.36,
                                        "Plan Rows": 107,
                                        "Plan Width": 4,
                                        "Actual Startup Time": 66.387,
                                        "Actual Total Time": 452.768,
                                        "Actual Rows": 70441,
                                        "Actual Loops": 1,
                                        "Inner Unique": false,
                                        "Plans": [
                                            {
                                                "Node Type": "Seq Scan",
                                                "Parent Relationship": "Outer",
                                                "Parallel Aware": false,
                                                "Async Capable": false,
                                                "Relation Name": "info_type",
                                                "Alias": "it1",
                                                "Startup Cost": 0.0,
                                                "Total Cost": 2.41,
                                                "Plan Rows": 1,
                                                "Plan Width": 4,
                                                "Actual Startup Time": 0.001,
                                                "Actual Total Time": 0.004,
                                                "Actual Rows": 1,
                                                "Actual Loops": 1,
                                                "Filter": "(id = 2)",
                                                "Rows Removed by Filter": 112
                                            },
                                            {
                                                "Node Type": "Gather",
                                                "Parent Relationship": "Inner",
                                                "Parallel Aware": false,
                                                "Async Capable": false,
                                                "Startup Cost": 1004.88,
                                                "Total Cost": 262305.88,
                                                "Plan Rows": 107,
                                                "Plan Width": 8,
                                                "Actual Startup Time": 66.385,
                                                "Actual Total Time": 449.871,
                                                "Actual Rows": 70441,
                                                "Actual Loops": 1,
                                                "Workers Planned": 5,
                                                "Workers Launched": 5,
                                                "Single Copy": false,
                                                "Plans": [
                                                    {
                                                        "Node Type": "Nested Loop",
                                                        "Parent Relationship": "Outer",
                                                        "Parallel Aware": false,
                                                        "Async Capable": false,
                                                        "Join Type": "Inner",
                                                        "Startup Cost": 4.88,
                                                        "Total Cost": 261295.18,
                                                        "Plan Rows": 21,
                                                        "Plan Width": 8,
                                                        "Actual Startup Time": 58.164,
                                                        "Actual Total Time": 423.291,
                                                        "Actual Rows": 11740,
                                                        "Actual Loops": 6,
                                                        "Inner Unique": true,
                                                        "Workers": [],
                                                        "Plans": [
                                                            {
                                                                "Node Type": "Nested Loop",
                                                                "Parent Relationship": "Outer",
                                                                "Parallel Aware": false,
                                                                "Async Capable": false,
                                                                "Join Type": "Inner",
                                                                "Startup Cost": 4.46,
                                                                "Total Cost": 261245.1,
                                                                "Plan Rows": 21,
                                                                "Plan Width": 12,
                                                                "Actual Startup Time": 58.144,
                                                                "Actual Total Time": 410.32,
                                                                "Actual Rows": 11740,
                                                                "Actual Loops": 6,
                                                                "Inner Unique": false,
                                                                "Workers": [],
                                                                "Plans": [
                                                                    {
                                                                        "Node Type": "Nested Loop",
                                                                        "Parent Relationship": "Outer",
                                                                        "Parallel Aware": false,
                                                                        "Async Capable": false,
                                                                        "Join Type": "Inner",
                                                                        "Startup Cost": 4.03,
                                                                        "Total Cost": 261199.39,
                                                                        "Plan Rows": 12,
                                                                        "Plan Width": 24,
                                                                        "Actual Startup Time": 57.807,
                                                                        "Actual Total Time": 406.367,
                                                                        "Actual Rows": 892,
                                                                        "Actual Loops": 6,
                                                                        "Inner Unique": true,
                                                                        "Workers": [],
                                                                        "Plans": [
                                                                            {
                                                                                "Node Type": "Hash Join",
                                                                                "Parent Relationship": "Outer",
                                                                                "Parallel Aware": false,
                                                                                "Async Capable": false,
                                                                                "Join Type": "Inner",
                                                                                "Startup Cost": 3.6,
                                                                                "Total Cost": 261113.43,
                                                                                "Plan Rows": 34,
                                                                                "Plan Width": 28,
                                                                                "Actual Startup Time": 52.398,
                                                                                "Actual Total Time": 401.363,
                                                                                "Actual Rows": 1267,
                                                                                "Actual Loops": 6,
                                                                                "Inner Unique": true,
                                                                                "Hash Cond": "(ci.role_id = rt.id)",
                                                                                "Workers": [],
                                                                                "Plans": [
                                                                                    {
                                                                                        "Node Type": "Nested Loop",
                                                                                        "Parent Relationship": "Outer",
                                                                                        "Parallel Aware": false,
                                                                                        "Async Capable": false,
                                                                                        "Join Type": "Inner",
                                                                                        "Startup Cost": 2.44,
                                                                                        "Total Cost": 261110.82,
                                                                                        "Plan Rows": 410,
                                                                                        "Plan Width": 32,
                                                                                        "Actual Startup Time": 47.659,
                                                                                        "Actual Total Time": 396.354,
                                                                                        "Actual Rows": 174945,
                                                                                        "Actual Loops": 6,
                                                                                        "Inner Unique": false,
                                                                                        "Workers": [],
                                                                                        "Plans": [
                                                                                            {
                                                                                                "Node Type": "Nested Loop",
                                                                                                "Parent Relationship": "Outer",
                                                                                                "Parallel Aware": false,
                                                                                                "Async Capable": false,
                                                                                                "Join Type": "Inner",
                                                                                                "Startup Cost": 2.0,
                                                                                                "Total Cost": 259734.41,
                                                                                                "Plan Rows": 29,
                                                                                                "Plan Width": 20,
                                                                                                "Actual Startup Time": 47.64,
                                                                                                "Actual Total Time": 192.339,
                                                                                                "Actual Rows": 11999,
                                                                                                "Actual Loops": 6,
                                                                                                "Inner Unique": false,
                                                                                                "Workers": [],
                                                                                                "Plans": [
                                                                                                    {
                                                                                                        "Node Type": "Hash Join",
                                                                                                        "Parent Relationship": "Outer",
                                                                                                        "Parallel Aware": false,
                                                                                                        "Async Capable": false,
                                                                                                        "Join Type": "Inner",
                                                                                                        "Startup Cost": 1.56,
                                                                                                        "Total Cost": 230704.98,
                                                                                                        "Plan Rows": 626,
                                                                                                        "Plan Width": 12,
                                                                                                        "Actual Startup Time": 47.593,
                                                                                                        "Actual Total Time": 136.991,
                                                                                                        "Actual Rows": 12184,
                                                                                                        "Actual Loops": 6,
                                                                                                        "Inner Unique": true,
                                                                                                        "Hash Cond": "(t.kind_id = kt.id)",
                                                                                                        "Workers": [],
                                                                                                        "Plans": [
                                                                                                            {
                                                                                                                "Node Type": "Nested Loop",
                                                                                                                "Parent Relationship": "Outer",
                                                                                                                "Parallel Aware": false,
                                                                                                                "Async Capable": false,
                                                                                                                "Join Type": "Inner",
                                                                                                                "Startup Cost": 0.43,
                                                                                                                "Total Cost": 230697.68,
                                                                                                                "Plan Rows": 1462,
                                                                                                                "Plan Width": 16,
                                                                                                                "Actual Startup Time": 47.47,
                                                                                                                "Actual Total Time": 135.965,
                                                                                                                "Actual Rows": 14088,
                                                                                                                "Actual Loops": 6,
                                                                                                                "Inner Unique": true,
                                                                                                                "Workers": [],
                                                                                                                "Plans": [
                                                                                                                    {
                                                                                                                        "Node Type": "Seq Scan",
                                                                                                                        "Parent Relationship": "Outer",
                                                                                                                        "Parallel Aware": true,
                                                                                                                        "Async Capable": false,
                                                                                                                        "Relation Name": "movie_info",
                                                                                                                        "Alias": "mi2",
                                                                                                                        "Startup Cost": 0.0,
                                                                                                                        "Total Cost": 217201.16,
                                                                                                                        "Plan Rows": 2082,
                                                                                                                        "Plan Width": 8,
                                                                                                                        "Actual Startup Time": 47.434,
                                                                                                                        "Actual Total Time": 98.876,
                                                                                                                        "Actual Rows": 21180,
                                                                                                                        "Actual Loops": 6,
                                                                                                                        "Filter": "((info_type_id = 4) AND (info = ANY ('{Bengali,Italian,Malayalam,Romanian,Spanish}'::text[])))",
                                                                                                                        "Rows Removed by Filter": 2451440,
                                                                                                                        "Workers": []
                                                                                                                    },
                                                                                                                    {
                                                                                                                        "Node Type": "Index Scan",
                                                                                                                        "Parent Relationship": "Inner",
                                                                                                                        "Parallel Aware": false,
                                                                                                                        "Async Capable": false,
                                                                                                                        "Scan Direction": "Forward",
                                                                                                                        "Index Name": "title_pkey",
                                                                                                                        "Relation Name": "title",
                                                                                                                        "Alias": "t",
                                                                                                                        "Startup Cost": 0.43,
                                                                                                                        "Total Cost": 6.48,
                                                                                                                        "Plan Rows": 1,
                                                                                                                        "Plan Width": 8,
                                                                                                                        "Actual Startup Time": 0.002,
                                                                                                                        "Actual Total Time": 0.002,
                                                                                                                        "Actual Rows": 1,
                                                                                                                        "Actual Loops": 127083,
                                                                                                                        "Index Cond": "(id = mi2.movie_id)",
                                                                                                                        "Rows Removed by Index Recheck": 0,
                                                                                                                        "Filter": "((production_year <= 2015) AND (production_year >= 1990))",
                                                                                                                        "Rows Removed by Filter": 0,
                                                                                                                        "Workers": []
                                                                                                                    }
                                                                                                                ]
                                                                                                            },
                                                                                                            {
                                                                                                                "Node Type": "Hash",
                                                                                                                "Parent Relationship": "Inner",
                                                                                                                "Parallel Aware": false,
                                                                                                                "Async Capable": false,
                                                                                                                "Startup Cost": 1.1,
                                                                                                                "Total Cost": 1.1,
                                                                                                                "Plan Rows": 3,
                                                                                                                "Plan Width": 4,
                                                                                                                "Actual Startup Time": 0.011,
                                                                                                                "Actual Total Time": 0.012,
                                                                                                                "Actual Rows": 3,
                                                                                                                "Actual Loops": 6,
                                                                                                                "Hash Buckets": 1024,
                                                                                                                "Original Hash Buckets": 1024,
                                                                                                                "Hash Batches": 1,
                                                                                                                "Original Hash Batches": 1,
                                                                                                                "Peak Memory Usage": 9,
                                                                                                                "Workers": [],
                                                                                                                "Plans": [
                                                                                                                    {
                                                                                                                        "Node Type": "Seq Scan",
                                                                                                                        "Parent Relationship": "Outer",
                                                                                                                        "Parallel Aware": false,
                                                                                                                        "Async Capable": false,
                                                                                                                        "Relation Name": "kind_type",
                                                                                                                        "Alias": "kt",
                                                                                                                        "Startup Cost": 0.0,
                                                                                                                        "Total Cost": 1.1,
                                                                                                                        "Plan Rows": 3,
                                                                                                                        "Plan Width": 4,
                                                                                                                        "Actual Startup Time": 0.007,
                                                                                                                        "Actual Total Time": 0.008,
                                                                                                                        "Actual Rows": 3,
                                                                                                                        "Actual Loops": 6,
                                                                                                                        "Filter": "((kind)::text = ANY ('{episode,movie,\"video movie\"}'::text[]))",
                                                                                                                        "Rows Removed by Filter": 4,
                                                                                                                        "Workers": []
                                                                                                                    }
                                                                                                                ]
                                                                                                            }
                                                                                                        ]
                                                                                                    },
                                                                                                    {
                                                                                                        "Node Type": "Index Scan",
                                                                                                        "Parent Relationship": "Inner",
                                                                                                        "Parallel Aware": false,
                                                                                                        "Async Capable": false,
                                                                                                        "Scan Direction": "Forward",
                                                                                                        "Index Name": "movie_id_movie_info",
                                                                                                        "Relation Name": "movie_info",
                                                                                                        "Alias": "mi1",
                                                                                                        "Startup Cost": 0.43,
                                                                                                        "Total Cost": 46.36,
                                                                                                        "Plan Rows": 1,
                                                                                                        "Plan Width": 8,
                                                                                                        "Actual Startup Time": 0.004,
                                                                                                        "Actual Total Time": 0.004,
                                                                                                        "Actual Rows": 1,
                                                                                                        "Actual Loops": 73101,
                                                                                                        "Index Cond": "(movie_id = t.id)",
                                                                                                        "Rows Removed by Index Recheck": 0,
                                                                                                        "Filter": "((info = ANY ('{\"Black and White\",Color}'::text[])) AND (info_type_id = 2))",
                                                                                                        "Rows Removed by Filter": 9,
                                                                                                        "Workers": []
                                                                                                    }
                                                                                                ]
                                                                                            },
                                                                                            {
                                                                                                "Node Type": "Index Scan",
                                                                                                "Parent Relationship": "Inner",
                                                                                                "Parallel Aware": false,
                                                                                                "Async Capable": false,
                                                                                                "Scan Direction": "Forward",
                                                                                                "Index Name": "movie_id_cast_info",
                                                                                                "Relation Name": "cast_info",
                                                                                                "Alias": "ci",
                                                                                                "Startup Cost": 0.44,
                                                                                                "Total Cost": 47.08,
                                                                                                "Plan Rows": 38,
                                                                                                "Plan Width": 12,
                                                                                                "Actual Startup Time": 0.002,
                                                                                                "Actual Total Time": 0.016,
                                                                                                "Actual Rows": 15,
                                                                                                "Actual Loops": 71993,
                                                                                                "Index Cond": "(movie_id = t.id)",
                                                                                                "Rows Removed by Index Recheck": 0,
                                                                                                "Workers": []
                                                                                            }
                                                                                        ]
                                                                                    },
                                                                                    {
                                                                                        "Node Type": "Hash",
                                                                                        "Parent Relationship": "Inner",
                                                                                        "Parallel Aware": false,
                                                                                        "Async Capable": false,
                                                                                        "Startup Cost": 1.15,
                                                                                        "Total Cost": 1.15,
                                                                                        "Plan Rows": 1,
                                                                                        "Plan Width": 4,
                                                                                        "Actual Startup Time": 0.009,
                                                                                        "Actual Total Time": 0.009,
                                                                                        "Actual Rows": 1,
                                                                                        "Actual Loops": 6,
                                                                                        "Hash Buckets": 1024,
                                                                                        "Original Hash Buckets": 1024,
                                                                                        "Hash Batches": 1,
                                                                                        "Original Hash Batches": 1,
                                                                                        "Peak Memory Usage": 9,
                                                                                        "Workers": [],
                                                                                        "Plans": [
                                                                                            {
                                                                                                "Node Type": "Seq Scan",
                                                                                                "Parent Relationship": "Outer",
                                                                                                "Parallel Aware": false,
                                                                                                "Async Capable": false,
                                                                                                "Relation Name": "role_type",
                                                                                                "Alias": "rt",
                                                                                                "Startup Cost": 0.0,
                                                                                                "Total Cost": 1.15,
                                                                                                "Plan Rows": 1,
                                                                                                "Plan Width": 4,
                                                                                                "Actual Startup Time": 0.007,
                                                                                                "Actual Total Time": 0.007,
                                                                                                "Actual Rows": 1,
                                                                                                "Actual Loops": 6,
                                                                                                "Filter": "((role)::text = 'production designer'::text)",
                                                                                                "Rows Removed by Filter": 11,
                                                                                                "Workers": []
                                                                                            }
                                                                                        ]
                                                                                    }
                                                                                ]
                                                                            },
                                                                            {
                                                                                "Node Type": "Index Scan",
                                                                                "Parent Relationship": "Inner",
                                                                                "Parallel Aware": false,
                                                                                "Async Capable": false,
                                                                                "Scan Direction": "Forward",
                                                                                "Index Name": "name_pkey",
                                                                                "Relation Name": "name",
                                                                                "Alias": "n",
                                                                                "Startup Cost": 0.43,
                                                                                "Total Cost": 2.53,
                                                                                "Plan Rows": 1,
                                                                                "Plan Width": 4,
                                                                                "Actual Startup Time": 0.004,
                                                                                "Actual Total Time": 0.004,
                                                                                "Actual Rows": 1,
                                                                                "Actual Loops": 7603,
                                                                                "Index Cond": "(id = ci.person_id)",
                                                                                "Rows Removed by Index Recheck": 0,
                                                                                "Filter": "(gender IS NULL)",
                                                                                "Rows Removed by Filter": 0,
                                                                                "Workers": []
                                                                            }
                                                                        ]
                                                                    },
                                                                    {
                                                                        "Node Type": "Index Scan",
                                                                        "Parent Relationship": "Inner",
                                                                        "Parallel Aware": false,
                                                                        "Async Capable": false,
                                                                        "Scan Direction": "Forward",
                                                                        "Index Name": "movie_id_movie_keyword",
                                                                        "Relation Name": "movie_keyword",
                                                                        "Alias": "mk",
                                                                        "Startup Cost": 0.43,
                                                                        "Total Cost": 3.35,
                                                                        "Plan Rows": 46,
                                                                        "Plan Width": 8,
                                                                        "Actual Startup Time": 0.002,
                                                                        "Actual Total Time": 0.004,
                                                                        "Actual Rows": 13,
                                                                        "Actual Loops": 5350,
                                                                        "Index Cond": "(movie_id = t.id)",
                                                                        "Rows Removed by Index Recheck": 0,
                                                                        "Workers": []
                                                                    }
                                                                ]
                                                            },
                                                            {
                                                                "Node Type": "Index Only Scan",
                                                                "Parent Relationship": "Inner",
                                                                "Parallel Aware": false,
                                                                "Async Capable": false,
                                                                "Scan Direction": "Forward",
                                                                "Index Name": "keyword_pkey",
                                                                "Relation Name": "keyword",
                                                                "Alias": "k",
                                                                "Startup Cost": 0.42,
                                                                "Total Cost": 2.38,
                                                                "Plan Rows": 1,
                                                                "Plan Width": 4,
                                                                "Actual Startup Time": 0.001,
                                                                "Actual Total Time": 0.001,
                                                                "Actual Rows": 1,
                                                                "Actual Loops": 70441,
                                                                "Index Cond": "(id = mk.keyword_id)",
                                                                "Rows Removed by Index Recheck": 0,
                                                                "Heap Fetches": 70441,
                                                                "Workers": []
                                                            }
                                                        ]
                                                    }
                                                ]
                                            }
                                        ]
                                    }
                                ]
                            }
                        ]
                    },
                    "Planning Time": 9.864,
                    "Triggers": [],
                    "Execution Time": 457.032
                }
            ],
            "hints": [
                "SET enable_hashjoin TO on",
                "SET enable_indexonlyscan TO on",
                "SET enable_indexscan TO on",
                "SET enable_mergejoin TO on",
                "SET enable_nestloop TO on",
                "SET enable_seqscan TO on"
            ]
        },
        {
            "arm": 1,
            "execution_time": 20000,
            "plan": "Query execution error: canceling statement due to statement timeout\n",
            "hints": [
                "SET enable_hashjoin TO on",
                "SET enable_indexonlyscan TO on",
                "SET enable_indexscan TO on",
                "SET enable_mergejoin TO on",
                "SET enable_nestloop TO off",
                "SET enable_seqscan TO on"
            ]
        },
        {
            "arm": 2,
            "execution_time": 1480.16,
            "plan": [
                {
                    "Plan": {
                        "Node Type": "Aggregate",
                        "Strategy": "Plain",
                        "Partial Mode": "Finalize",
                        "Parallel Aware": false,
                        "Async Capable": false,
                        "Startup Cost": 926011.04,
                        "Total Cost": 926011.05,
                        "Plan Rows": 1,
                        "Plan Width": 8,
                        "Actual Startup Time": 1446.458,
                        "Actual Total Time": 1480.101,
                        "Actual Rows": 1,
                        "Actual Loops": 1,
                        "Plans": [
                            {
                                "Node Type": "Gather",
                                "Parent Relationship": "Outer",
                                "Parallel Aware": false,
                                "Async Capable": false,
                                "Startup Cost": 926010.73,
                                "Total Cost": 926011.04,
                                "Plan Rows": 3,
                                "Plan Width": 8,
                                "Actual Startup Time": 1444.516,
                                "Actual Total Time": 1480.096,
                                "Actual Rows": 4,
                                "Actual Loops": 1,
                                "Workers Planned": 3,
                                "Workers Launched": 3,
                                "Single Copy": false,
                                "Plans": [
                                    {
                                        "Node Type": "Aggregate",
                                        "Strategy": "Plain",
                                        "Partial Mode": "Partial",
                                        "Parent Relationship": "Outer",
                                        "Parallel Aware": false,
                                        "Async Capable": false,
                                        "Startup Cost": 925010.73,
                                        "Total Cost": 925010.74,
                                        "Plan Rows": 1,
                                        "Plan Width": 8,
                                        "Actual Startup Time": 1442.854,
                                        "Actual Total Time": 1442.872,
                                        "Actual Rows": 1,
                                        "Actual Loops": 4,
                                        "Workers": [],
                                        "Plans": [
                                            {
                                                "Node Type": "Hash Join",
                                                "Parent Relationship": "Outer",
                                                "Parallel Aware": false,
                                                "Async Capable": false,
                                                "Join Type": "Inner",
                                                "Startup Cost": 880464.64,
                                                "Total Cost": 925010.64,
                                                "Plan Rows": 35,
                                                "Plan Width": 0,
                                                "Actual Startup Time": 1364.014,
                                                "Actual Total Time": 1442.474,
                                                "Actual Rows": 17610,
                                                "Actual Loops": 4,
                                                "Inner Unique": true,
                                                "Hash Cond": "(mk.keyword_id = k.id)",
                                                "Workers": [],
                                                "Plans": [
                                                    {
                                                        "Node Type": "Hash Join",
                                                        "Parent Relationship": "Outer",
                                                        "Parallel Aware": true,
                                                        "Async Capable": false,
                                                        "Join Type": "Inner",
                                                        "Startup Cost": 876437.81,
                                                        "Total Cost": 920983.72,
                                                        "Plan Rows": 35,
                                                        "Plan Width": 4,
                                                        "Actual Startup Time": 1351.058,
                                                        "Actual Total Time": 1426.112,
                                                        "Actual Rows": 17610,
                                                        "Actual Loops": 4,
                                                        "Inner Unique": false,
                                                        "Hash Cond": "(mk.movie_id = t.id)",
                                                        "Workers": [],
                                                        "Plans": [
                                                            {
                                                                "Node Type": "Seq Scan",
                                                                "Parent Relationship": "Outer",
                                                                "Parallel Aware": true,
                                                                "Async Capable": false,
                                                                "Relation Name": "movie_keyword",
                                                                "Alias": "mk",
                                                                "Startup Cost": 0.0,
                                                                "Total Cost": 39073.32,
                                                                "Plan Rows": 1459332,
                                                                "Plan Width": 8,
                                                                "Actual Startup Time": 0.011,
                                                                "Actual Total Time": 41.404,
                                                                "Actual Rows": 1130982,
                                                                "Actual Loops": 4,
                                                                "Workers": []
                                                            },
                                                            {
                                                                "Node Type": "Hash",
                                                                "Parent Relationship": "Inner",
                                                                "Parallel Aware": true,
                                                                "Async Capable": false,
                                                                "Startup Cost": 876437.63,
                                                                "Total Cost": 876437.63,
                                                                "Plan Rows": 15,
                                                                "Plan Width": 16,
                                                                "Actual Startup Time": 1349.75,
                                                                "Actual Total Time": 1349.766,
                                                                "Actual Rows": 1338,
                                                                "Actual Loops": 4,
                                                                "Hash Buckets": 8192,
                                                                "Original Hash Buckets": 1024,
                                                                "Hash Batches": 1,
                                                                "Original Hash Batches": 1,
                                                                "Peak Memory Usage": 472,
                                                                "Workers": [],
                                                                "Plans": [
                                                                    {
                                                                        "Node Type": "Nested Loop",
                                                                        "Parent Relationship": "Outer",
                                                                        "Parallel Aware": false,
                                                                        "Async Capable": false,
                                                                        "Join Type": "Inner",
                                                                        "Startup Cost": 808918.97,
                                                                        "Total Cost": 876437.63,
                                                                        "Plan Rows": 15,
                                                                        "Plan Width": 16,
                                                                        "Actual Startup Time": 1301.144,
                                                                        "Actual Total Time": 1342.987,
                                                                        "Actual Rows": 1338,
                                                                        "Actual Loops": 4,
                                                                        "Inner Unique": false,
                                                                        "Workers": [],
                                                                        "Plans": [
                                                                            {
                                                                                "Node Type": "Nested Loop",
                                                                                "Parent Relationship": "Outer",
                                                                                "Parallel Aware": false,
                                                                                "Async Capable": false,
                                                                                "Join Type": "Inner",
                                                                                "Startup Cost": 808918.97,
                                                                                "Total Cost": 876401.29,
                                                                                "Plan Rows": 15,
                                                                                "Plan Width": 20,
                                                                                "Actual Startup Time": 1301.141,
                                                                                "Actual Total Time": 1339.615,
                                                                                "Actual Rows": 1338,
                                                                                "Actual Loops": 4,
                                                                                "Inner Unique": false,
                                                                                "Workers": [],
                                                                                "Plans": [
                                                                                    {
                                                                                        "Node Type": "Hash Join",
                                                                                        "Parent Relationship": "Outer",
                                                                                        "Parallel Aware": true,
                                                                                        "Async Capable": false,
                                                                                        "Join Type": "Inner",
                                                                                        "Startup Cost": 808918.97,
                                                                                        "Total Cost": 876364.95,
                                                                                        "Plan Rows": 15,
                                                                                        "Plan Width": 24,
                                                                                        "Actual Startup Time": 1301.123,
                                                                                        "Actual Total Time": 1336.262,
                                                                                        "Actual Rows": 1338,
                                                                                        "Actual Loops": 4,
                                                                                        "Inner Unique": false,
                                                                                        "Hash Cond": "(n.id = ci.person_id)",
                                                                                        "Workers": [],
                                                                                        "Plans": [
                                                                                            {
                                                                                                "Node Type": "Seq Scan",
                                                                                                "Parent Relationship": "Outer",
                                                                                                "Parallel Aware": true,
                                                                                                "Async Capable": false,
                                                                                                "Relation Name": "name",
                                                                                                "Alias": "n",
                                                                                                "Startup Cost": 0.0,
                                                                                                "Total Cost": 66074.73,
                                                                                                "Plan Rows": 365662,
                                                                                                "Plan Width": 4,
                                                                                                "Actual Startup Time": 11.526,
                                                                                                "Actual Total Time": 56.126,
                                                                                                "Actual Rows": 366589,
                                                                                                "Actual Loops": 4,
                                                                                                "Filter": "(gender IS NULL)",
                                                                                                "Rows Removed by Filter": 675284,
                                                                                                "Workers": []
                                                                                            },
                                                                                            {
                                                                                                "Node Type": "Hash",
                                                                                                "Parent Relationship": "Inner",
                                                                                                "Parallel Aware": true,
                                                                                                "Async Capable": false,
                                                                                                "Startup Cost": 808918.62,
                                                                                                "Total Cost": 808918.62,
                                                                                                "Plan Rows": 28,
                                                                                                "Plan Width": 28,
                                                                                                "Actual Startup Time": 1266.167,
                                                                                                "Actual Total Time": 1266.179,
                                                                                                "Actual Rows": 1901,
                                                                                                "Actual Loops": 4,
                                                                                                "Hash Buckets": 8192,
                                                                                                "Original Hash Buckets": 1024,
                                                                                                "Hash Batches": 1,
                                                                                                "Original Hash Batches": 1,
                                                                                                "Peak Memory Usage": 664,
                                                                                                "Workers": [],
                                                                                                "Plans": [
                                                                                                    {
                                                                                                        "Node Type": "Hash Join",
                                                                                                        "Parent Relationship": "Outer",
                                                                                                        "Parallel Aware": false,
                                                                                                        "Async Capable": false,
                                                                                                        "Join Type": "Inner",
                                                                                                        "Startup Cost": 473136.77,
                                                                                                        "Total Cost": 808918.62,
                                                                                                        "Plan Rows": 28,
                                                                                                        "Plan Width": 28,
                                                                                                        "Actual Startup Time": 863.25,
                                                                                                        "Actual Total Time": 1263.195,
                                                                                                        "Actual Rows": 1901,
                                                                                                        "Actual Loops": 4,
                                                                                                        "Inner Unique": true,
                                                                                                        "Hash Cond": "(ci.role_id = rt.id)",
                                                                                                        "Workers": [],
                                                                                                        "Plans": [
                                                                                                            {
                                                                                                                "Node Type": "Hash Join",
                                                                                                                "Parent Relationship": "Outer",
                                                                                                                "Parallel Aware": true,
                                                                                                                "Async Capable": false,
                                                                                                                "Join Type": "Inner",
                                                                                                                "Startup Cost": 473135.6,
                                                                                                                "Total Cost": 808916.25,
                                                                                                                "Plan Rows": 342,
                                                                                                                "Plan Width": 32,
                                                                                                                "Actual Startup Time": 542.377,
                                                                                                                "Actual Total Time": 1256.076,
                                                                                                                "Actual Rows": 262418,
                                                                                                                "Actual Loops": 4,
                                                                                                                "Inner Unique": false,
                                                                                                                "Hash Cond": "(ci.movie_id = t.id)",
                                                                                                                "Workers": [],
                                                                                                                "Plans": [
                                                                                                                    {
                                                                                                                        "Node Type": "Seq Scan",
                                                                                                                        "Parent Relationship": "Outer",
                                                                                                                        "Parallel Aware": true,
                                                                                                                        "Async Capable": false,
                                                                                                                        "Relation Name": "cast_info",
                                                                                                                        "Alias": "ci",
                                                                                                                        "Startup Cost": 0.0,
                                                                                                                        "Total Cost": 313127.24,
                                                                                                                        "Plan Rows": 6040724,
                                                                                                                        "Plan Width": 12,
                                                                                                                        "Actual Startup Time": 0.016,
                                                                                                                        "Actual Total Time": 286.804,
                                                                                                                        "Actual Rows": 9061086,
                                                                                                                        "Actual Loops": 4,
                                                                                                                        "Workers": []
                                                                                                                    },
                                                                                                                    {
                                                                                                                        "Node Type": "Hash",
                                                                                                                        "Parent Relationship": "Inner",
                                                                                                                        "Parallel Aware": true,
                                                                                                                        "Async Capable": false,
                                                                                                                        "Startup Cost": 473135.24,
                                                                                                                        "Total Cost": 473135.24,
                                                                                                                        "Plan Rows": 29,
                                                                                                                        "Plan Width": 20,
                                                                                                                        "Actual Startup Time": 542.209,
                                                                                                                        "Actual Total Time": 542.218,
                                                                                                                        "Actual Rows": 17998,
                                                                                                                        "Actual Loops": 4,
                                                                                                                        "Hash Buckets": 131072,
                                                                                                                        "Original Hash Buckets": 1024,
                                                                                                                        "Hash Batches": 1,
                                                                                                                        "Original Hash Batches": 1,
                                                                                                                        "Peak Memory Usage": 6072,
                                                                                                                        "Workers": [],
                                                                                                                        "Plans": [
                                                                                                                            {
                                                                                                                                "Node Type": "Hash Join",
                                                                                                                                "Parent Relationship": "Outer",
                                                                                                                                "Parallel Aware": true,
                                                                                                                                "Async Capable": false,
                                                                                                                                "Join Type": "Inner",
                                                                                                                                "Startup Cost": 266957.79,
                                                                                                                                "Total Cost": 473135.24,
                                                                                                                                "Plan Rows": 29,
                                                                                                                                "Plan Width": 20,
                                                                                                                                "Actual Startup Time": 347.905,
                                                                                                                                "Actual Total Time": 529.082,
                                                                                                                                "Actual Rows": 17998,
                                                                                                                                "Actual Loops": 4,
                                                                                                                                "Inner Unique": false,
                                                                                                                                "Hash Cond": "(mi1.movie_id = t.id)",
                                                                                                                                "Workers": [],
                                                                                                                                "Plans": [
                                                                                                                                    {
                                                                                                                                        "Node Type": "Seq Scan",
                                                                                                                                        "Parent Relationship": "Outer",
                                                                                                                                        "Parallel Aware": true,
                                                                                                                                        "Async Capable": false,
                                                                                                                                        "Relation Name": "movie_info",
                                                                                                                                        "Alias": "mi1",
                                                                                                                                        "Startup Cost": 0.0,
                                                                                                                                        "Total Cost": 206090.53,
                                                                                                                                        "Plan Rows": 23162,
                                                                                                                                        "Plan Width": 8,
                                                                                                                                        "Actual Startup Time": 10.013,
                                                                                                                                        "Actual Total Time": 187.841,
                                                                                                                                        "Actual Rows": 322232,
                                                                                                                                        "Actual Loops": 4,
                                                                                                                                        "Filter": "((info = ANY ('{\"Black and White\",Color}'::text[])) AND (info_type_id = 2))",
                                                                                                                                        "Rows Removed by Filter": 3386698,
                                                                                                                                        "Workers": []
                                                                                                                                    },
                                                                                                                                    {
                                                                                                                                        "Node Type": "Hash",
                                                                                                                                        "Parent Relationship": "Inner",
                                                                                                                                        "Parallel Aware": true,
                                                                                                                                        "Async Capable": false,
                                                                                                                                        "Startup Cost": 266949.97,
                                                                                                                                        "Total Cost": 266949.97,
                                                                                                                                        "Plan Rows": 626,
                                                                                                                                        "Plan Width": 12,
                                                                                                                                        "Actual Startup Time": 325.435,
                                                                                                                                        "Actual Total Time": 325.442,
                                                                                                                                        "Actual Rows": 18275,
                                                                                                                                        "Actual Loops": 4,
                                                                                                                                        "Hash Buckets": 131072,
                                                                                                                                        "Original Hash Buckets": 4096,
                                                                                                                                        "Hash Batches": 1,
                                                                                                                                        "Original Hash Batches": 1,
                                                                                                                                        "Peak Memory Usage": 5472,
                                                                                                                                        "Workers": [],
                                                                                                                                        "Plans": [
                                                                                                                                            {
                                                                                                                                                "Node Type": "Hash Join",
                                                                                                                                                "Parent Relationship": "Outer",
                                                                                                                                                "Parallel Aware": true,
                                                                                                                                                "Async Capable": false,
                                                                                                                                                "Join Type": "Inner",
                                                                                                                                                "Startup Cost": 49739.43,
                                                                                                                                                "Total Cost": 266949.97,
                                                                                                                                                "Plan Rows": 626,
                                                                                                                                                "Plan Width": 12,
                                                                                                                                                "Actual Startup Time": 307.983,
                                                                                                                                                "Actual Total Time": 318.334,
                                                                                                                                                "Actual Rows": 18275,
                                                                                                                                                "Actual Loops": 4,
                                                                                                                                                "Inner Unique": false,
                                                                                                                                                "Hash Cond": "(mi2.movie_id = t.id)",
                                                                                                                                                "Workers": [],
                                                                                                                                                "Plans": [
                                                                                                                                                    {
                                                                                                                                                        "Node Type": "Seq Scan",
                                                                                                                                                        "Parent Relationship": "Outer",
                                                                                                                                                        "Parallel Aware": true,
                                                                                                                                                        "Async Capable": false,
                                                                                                                                                        "Relation Name": "movie_info",
                                                                                                                                                        "Alias": "mi2",
                                                                                                                                                        "Startup Cost": 0.0,
                                                                                                                                                        "Total Cost": 217201.16,
                                                                                                                                                        "Plan Rows": 2082,
                                                                                                                                                        "Plan Width": 8,
                                                                                                                                                        "Actual Startup Time": 89.042,
                                                                                                                                                        "Actual Total Time": 166.396,
                                                                                                                                                        "Actual Rows": 31771,
                                                                                                                                                        "Actual Loops": 4,
                                                                                                                                                        "Filter": "((info_type_id = 4) AND (info = ANY ('{Bengali,Italian,Malayalam,Romanian,Spanish}'::text[])))",
                                                                                                                                                        "Rows Removed by Filter": 3677159,
                                                                                                                                                        "Workers": []
                                                                                                                                                    },
                                                                                                                                                    {
                                                                                                                                                        "Node Type": "Hash",
                                                                                                                                                        "Parent Relationship": "Inner",
                                                                                                                                                        "Parallel Aware": true,
                                                                                                                                                        "Async Capable": false,
                                                                                                                                                        "Startup Cost": 47361.69,
                                                                                                                                                        "Total Cost": 47361.69,
                                                                                                                                                        "Plan Rows": 190219,
                                                                                                                                                        "Plan Width": 4,
                                                                                                                                                        "Actual Startup Time": 131.695,
                                                                                                                                                        "Actual Total Time": 131.698,
                                                                                                                                                        "Actual Rows": 407642,
                                                                                                                                                        "Actual Loops": 4,
                                                                                                                                                        "Hash Buckets": 524288,
                                                                                                                                                        "Original Hash Buckets": 1048576,
                                                                                                                                                        "Hash Batches": 8,
                                                                                                                                                        "Original Hash Batches": 1,
                                                                                                                                                        "Peak Memory Usage": 12128,
                                                                                                                                                        "Workers": [],
                                                                                                                                                        "Plans": [
                                                                                                                                                            {
                                                                                                                                                                "Node Type": "Hash Join",
                                                                                                                                                                "Parent Relationship": "Outer",
                                                                                                                                                                "Parallel Aware": false,
                                                                                                                                                                "Async Capable": false,
                                                                                                                                                                "Join Type": "Inner",
                                                                                                                                                                "Startup Cost": 1.13,
                                                                                                                                                                "Total Cost": 47361.69,
                                                                                                                                                                "Plan Rows": 190219,
                                                                                                                                                                "Plan Width": 4,
                                                                                                                                                                "Actual Startup Time": 0.028,
                                                                                                                                                                "Actual Total Time": 70.805,
                                                                                                                                                                "Actual Rows": 407642,
                                                                                                                                                                "Actual Loops": 4,
                                                                                                                                                                "Inner Unique": true,
                                                                                                                                                                "Hash Cond": "(t.kind_id = kt.id)",
                                                                                                                                                                "Workers": [],
                                                                                                                                                                "Plans": [
                                                                                                                                                                    {
                                                                                                                                                                        "Node Type": "Seq Scan",
                                                                                                                                                                        "Parent Relationship": "Outer",
                                                                                                                                                                        "Parallel Aware": true,
                                                                                                                                                                        "Async Capable": false,
                                                                                                                                                                        "Relation Name": "title",
                                                                                                                                                                        "Alias": "t",
                                                                                                                                                                        "Startup Cost": 0.0,
                                                                                                                                                                        "Total Cost": 45490.07,
                                                                                                                                                                        "Plan Rows": 443844,
                                                                                                                                                                        "Plan Width": 8,
                                                                                                                                                                        "Actual Startup Time": 0.012,
                                                                                                                                                                        "Actual Total Time": 45.734,
                                                                                                                                                                        "Actual Rows": 443009,
                                                                                                                                                                        "Actual Loops": 4,
                                                                                                                                                                        "Filter": "((production_year <= 2015) AND (production_year >= 1990))",
                                                                                                                                                                        "Rows Removed by Filter": 189069,
                                                                                                                                                                        "Workers": []
                                                                                                                                                                    },
                                                                                                                                                                    {
                                                                                                                                                                        "Node Type": "Hash",
                                                                                                                                                                        "Parent Relationship": "Inner",
                                                                                                                                                                        "Parallel Aware": false,
                                                                                                                                                                        "Async Capable": false,
                                                                                                                                                                        "Startup Cost": 1.1,
                                                                                                                                                                        "Total Cost": 1.1,
                                                                                                                                                                        "Plan Rows": 3,
                                                                                                                                                                        "Plan Width": 4,
                                                                                                                                                                        "Actual Startup Time": 0.009,
                                                                                                                                                                        "Actual Total Time": 0.01,
                                                                                                                                                                        "Actual Rows": 3,
                                                                                                                                                                        "Actual Loops": 4,
                                                                                                                                                                        "Hash Buckets": 1024,
                                                                                                                                                                        "Original Hash Buckets": 1024,
                                                                                                                                                                        "Hash Batches": 1,
                                                                                                                                                                        "Original Hash Batches": 1,
                                                                                                                                                                        "Peak Memory Usage": 9,
                                                                                                                                                                        "Workers": [],
                                                                                                                                                                        "Plans": [
                                                                                                                                                                            {
                                                                                                                                                                                "Node Type": "Seq Scan",
                                                                                                                                                                                "Parent Relationship": "Outer",
                                                                                                                                                                                "Parallel Aware": false,
                                                                                                                                                                                "Async Capable": false,
                                                                                                                                                                                "Relation Name": "kind_type",
                                                                                                                                                                                "Alias": "kt",
                                                                                                                                                                                "Startup Cost": 0.0,
                                                                                                                                                                                "Total Cost": 1.1,
                                                                                                                                                                                "Plan Rows": 3,
                                                                                                                                                                                "Plan Width": 4,
                                                                                                                                                                                "Actual Startup Time": 0.007,
                                                                                                                                                                                "Actual Total Time": 0.008,
                                                                                                                                                                                "Actual Rows": 3,
                                                                                                                                                                                "Actual Loops": 4,
                                                                                                                                                                                "Filter": "((kind)::text = ANY ('{episode,movie,\"video movie\"}'::text[]))",
                                                                                                                                                                                "Rows Removed by Filter": 4,
                                                                                                                                                                                "Workers": []
                                                                                                                                                                            }
                                                                                                                                                                        ]
                                                                                                                                                                    }
                                                                                                                                                                ]
                                                                                                                                                            }
                                                                                                                                                        ]
                                                                                                                                                    }
                                                                                                                                                ]
                                                                                                                                            }
                                                                                                                                        ]
                                                                                                                                    }
                                                                                                                                ]
                                                                                                                            }
                                                                                                                        ]
                                                                                                                    }
                                                                                                                ]
                                                                                                            },
                                                                                                            {
                                                                                                                "Node Type": "Hash",
                                                                                                                "Parent Relationship": "Inner",
                                                                                                                "Parallel Aware": false,
                                                                                                                "Async Capable": false,
                                                                                                                "Startup Cost": 1.15,
                                                                                                                "Total Cost": 1.15,
                                                                                                                "Plan Rows": 1,
                                                                                                                "Plan Width": 4,
                                                                                                                "Actual Startup Time": 0.011,
                                                                                                                "Actual Total Time": 0.012,
                                                                                                                "Actual Rows": 1,
                                                                                                                "Actual Loops": 4,
                                                                                                                "Hash Buckets": 1024,
                                                                                                                "Original Hash Buckets": 1024,
                                                                                                                "Hash Batches": 1,
                                                                                                                "Original Hash Batches": 1,
                                                                                                                "Peak Memory Usage": 9,
                                                                                                                "Workers": [],
                                                                                                                "Plans": [
                                                                                                                    {
                                                                                                                        "Node Type": "Seq Scan",
                                                                                                                        "Parent Relationship": "Outer",
                                                                                                                        "Parallel Aware": false,
                                                                                                                        "Async Capable": false,
                                                                                                                        "Relation Name": "role_type",
                                                                                                                        "Alias": "rt",
                                                                                                                        "Startup Cost": 0.0,
                                                                                                                        "Total Cost": 1.15,
                                                                                                                        "Plan Rows": 1,
                                                                                                                        "Plan Width": 4,
                                                                                                                        "Actual Startup Time": 0.01,
                                                                                                                        "Actual Total Time": 0.01,
                                                                                                                        "Actual Rows": 1,
                                                                                                                        "Actual Loops": 4,
                                                                                                                        "Filter": "((role)::text = 'production designer'::text)",
                                                                                                                        "Rows Removed by Filter": 11,
                                                                                                                        "Workers": []
                                                                                                                    }
                                                                                                                ]
                                                                                                            }
                                                                                                        ]
                                                                                                    }
                                                                                                ]
                                                                                            }
                                                                                        ]
                                                                                    },
                                                                                    {
                                                                                        "Node Type": "Seq Scan",
                                                                                        "Parent Relationship": "Inner",
                                                                                        "Parallel Aware": false,
                                                                                        "Async Capable": false,
                                                                                        "Relation Name": "info_type",
                                                                                        "Alias": "it1",
                                                                                        "Startup Cost": 0.0,
                                                                                        "Total Cost": 2.41,
                                                                                        "Plan Rows": 1,
                                                                                        "Plan Width": 4,
                                                                                        "Actual Startup Time": 0.001,
                                                                                        "Actual Total Time": 0.002,
                                                                                        "Actual Rows": 1,
                                                                                        "Actual Loops": 5350,
                                                                                        "Filter": "(id = 2)",
                                                                                        "Rows Removed by Filter": 112,
                                                                                        "Workers": []
                                                                                    }
                                                                                ]
                                                                            },
                                                                            {
                                                                                "Node Type": "Seq Scan",
                                                                                "Parent Relationship": "Inner",
                                                                                "Parallel Aware": false,
                                                                                "Async Capable": false,
                                                                                "Relation Name": "info_type",
                                                                                "Alias": "it2",
                                                                                "Startup Cost": 0.0,
                                                                                "Total Cost": 2.41,
                                                                                "Plan Rows": 1,
                                                                                "Plan Width": 4,
                                                                                "Actual Startup Time": 0.001,
                                                                                "Actual Total Time": 0.002,
                                                                                "Actual Rows": 1,
                                                                                "Actual Loops": 5350,
                                                                                "Filter": "(id = 4)",
                                                                                "Rows Removed by Filter": 112,
                                                                                "Workers": []
                                                                            }
                                                                        ]
                                                                    }
                                                                ]
                                                            }
                                                        ]
                                                    },
                                                    {
                                                        "Node Type": "Hash",
                                                        "Parent Relationship": "Inner",
                                                        "Parallel Aware": false,
                                                        "Async Capable": false,
                                                        "Startup Cost": 2349.7,
                                                        "Total Cost": 2349.7,
                                                        "Plan Rows": 134170,
                                                        "Plan Width": 4,
                                                        "Actual Startup Time": 12.601,
                                                        "Actual Total Time": 12.602,
                                                        "Actual Rows": 134170,
                                                        "Actual Loops": 4,
                                                        "Hash Buckets": 262144,
                                                        "Original Hash Buckets": 262144,
                                                        "Hash Batches": 1,
                                                        "Original Hash Batches": 1,
                                                        "Peak Memory Usage": 6765,
                                                        "Workers": [],
                                                        "Plans": [
                                                            {
                                                                "Node Type": "Seq Scan",
                                                                "Parent Relationship": "Outer",
                                                                "Parallel Aware": false,
                                                                "Async Capable": false,
                                                                "Relation Name": "keyword",
                                                                "Alias": "k",
                                                                "Startup Cost": 0.0,
                                                                "Total Cost": 2349.7,
                                                                "Plan Rows": 134170,
                                                                "Plan Width": 4,
                                                                "Actual Startup Time": 0.009,
                                                                "Actual Total Time": 5.788,
                                                                "Actual Rows": 134170,
                                                                "Actual Loops": 4,
                                                                "Workers": []
                                                            }
                                                        ]
                                                    }
                                                ]
                                            }
                                        ]
                                    }
                                ]
                            }
                        ]
                    },
                    "Planning Time": 7.242,
                    "Triggers": [],
                    "Execution Time": 1480.16
                }
            ],
            "hints": [
                "SET enable_hashjoin TO on",
                "SET enable_indexonlyscan TO on",
                "SET enable_indexscan TO off",
                "SET enable_mergejoin TO off",
                "SET enable_nestloop TO on",
                "SET enable_seqscan TO on"
            ]
        },
        {
            "arm": 3,
            "execution_time": 4961.938,
            "plan": [
                {
                    "Plan": {
                        "Node Type": "Aggregate",
                        "Strategy": "Plain",
                        "Partial Mode": "Simple",
                        "Parallel Aware": false,
                        "Async Capable": false,
                        "Startup Cost": 20001864461.46,
                        "Total Cost": 20001864461.47,
                        "Plan Rows": 1,
                        "Plan Width": 8,
                        "Actual Startup Time": 4961.864,
                        "Actual Total Time": 4961.877,
                        "Actual Rows": 1,
                        "Actual Loops": 1,
                        "Plans": [
                            {
                                "Node Type": "Nested Loop",
                                "Parent Relationship": "Outer",
                                "Parallel Aware": false,
                                "Async Capable": false,
                                "Join Type": "Inner",
                                "Startup Cost": 20001861435.82,
                                "Total Cost": 20001864461.19,
                                "Plan Rows": 107,
                                "Plan Width": 0,
                                "Actual Startup Time": 4938.01,
                                "Actual Total Time": 4960.353,
                                "Actual Rows": 70441,
                                "Actual Loops": 1,
                                "Inner Unique": false,
                                "Plans": [
                                    {
                                        "Node Type": "Hash Join",
                                        "Parent Relationship": "Outer",
                                        "Parallel Aware": false,
                                        "Async Capable": false,
                                        "Join Type": "Inner",
                                        "Startup Cost": 10001861435.82,
                                        "Total Cost": 10001864457.44,
                                        "Plan Rows": 107,
                                        "Plan Width": 4,
                                        "Actual Startup Time": 4937.999,
                                        "Actual Total Time": 4951.734,
                                        "Actual Rows": 70441,
                                        "Actual Loops": 1,
                                        "Inner Unique": false,
                                        "Hash Cond": "(k.id = mk.keyword_id)",
                                        "Plans": [
                                            {
                                                "Node Type": "Seq Scan",
                                                "Parent Relationship": "Outer",
                                                "Parallel Aware": false,
                                                "Async Capable": false,
                                                "Relation Name": "keyword",
                                                "Alias": "k",
                                                "Startup Cost": 0.0,
                                                "Total Cost": 2349.7,
                                                "Plan Rows": 134170,
                                                "Plan Width": 4,
                                                "Actual Startup Time": 0.006,
                                                "Actual Total Time": 4.545,
                                                "Actual Rows": 134170,
                                                "Actual Loops": 1
                                            },
                                            {
                                                "Node Type": "Hash",
                                                "Parent Relationship": "Inner",
                                                "Parallel Aware": false,
                                                "Async Capable": false,
                                                "Startup Cost": 10001861434.48,
                                                "Total Cost": 10001861434.48,
                                                "Plan Rows": 107,
                                                "Plan Width": 8,
                                                "Actual Startup Time": 4937.988,
                                                "Actual Total Time": 4937.999,
                                                "Actual Rows": 70441,
                                                "Actual Loops": 1,
                                                "Hash Buckets": 131072,
                                                "Original Hash Buckets": 1024,
                                                "Hash Batches": 1,
                                                "Original Hash Batches": 1,
                                                "Peak Memory Usage": 3776,
                                                "Plans": [
                                                    {
                                                        "Node Type": "Hash Join",
                                                        "Parent Relationship": "Outer",
                                                        "Parallel Aware": false,
                                                        "Async Capable": false,
                                                        "Join Type": "Inner",
                                                        "Startup Cost": 10001774749.38,
                                                        "Total Cost": 10001861434.48,
                                                        "Plan Rows": 107,
                                                        "Plan Width": 8,
                                                        "Actual Startup Time": 4662.657,
                                                        "Actual Total Time": 4934.84,
                                                        "Actual Rows": 70441,
                                                        "Actual Loops": 1,
                                                        "Inner Unique": false,
                                                        "Hash Cond": "(mk.movie_id = t.id)",
                                                        "Plans": [
                                                            {
                                                                "Node Type": "Seq Scan",
                                                                "Parent Relationship": "Outer",
                                                                "Parallel Aware": false,
                                                                "Async Capable": false,
                                                                "Relation Name": "movie_keyword",
                                                                "Alias": "mk",
                                                                "Startup Cost": 0.0,
                                                                "Total Cost": 69719.3,
                                                                "Plan Rows": 4523930,
                                                                "Plan Width": 8,
                                                                "Actual Startup Time": 0.003,
                                                                "Actual Total Time": 144.678,
                                                                "Actual Rows": 4523930,
                                                                "Actual Loops": 1
                                                            },
                                                            {
                                                                "Node Type": "Hash",
                                                                "Parent Relationship": "Inner",
                                                                "Parallel Aware": false,
                                                                "Async Capable": false,
                                                                "Startup Cost": 10001774748.63,
                                                                "Total Cost": 10001774748.63,
                                                                "Plan Rows": 60,
                                                                "Plan Width": 20,
                                                                "Actual Startup Time": 4661.354,
                                                                "Actual Total Time": 4661.365,
                                                                "Actual Rows": 5350,
                                                                "Actual Loops": 1,
                                                                "Hash Buckets": 8192,
                                                                "Original Hash Buckets": 1024,
                                                                "Hash Batches": 1,
                                                                "Original Hash Batches": 1,
                                                                "Peak Memory Usage": 336,
                                                                "Plans": [
                                                                    {
                                                                        "Node Type": "Hash Join",
                                                                        "Parent Relationship": "Outer",
                                                                        "Parallel Aware": false,
                                                                        "Async Capable": false,
                                                                        "Join Type": "Inner",
                                                                        "Startup Cost": 10001671932.18,
                                                                        "Total Cost": 10001774748.63,
                                                                        "Plan Rows": 60,
                                                                        "Plan Width": 20,
                                                                        "Actual Startup Time": 4548.687,
                                                                        "Actual Total Time": 4661.064,
                                                                        "Actual Rows": 5350,
                                                                        "Actual Loops": 1,
                                                                        "Inner Unique": false,
                                                                        "Hash Cond": "(n.id = ci.person_id)",
                                                                        "Plans": [
                                                                            {
                                                                                "Node Type": "Seq Scan",
                                                                                "Parent Relationship": "Outer",
                                                                                "Parallel Aware": false,
                                                                                "Async Capable": false,
                                                                                "Relation Name": "name",
                                                                                "Alias": "n",
                                                                                "Startup Cost": 0.0,
                                                                                "Total Cost": 97330.91,
                                                                                "Plan Rows": 1462650,
                                                                                "Plan Width": 4,
                                                                                "Actual Startup Time": 10.611,
                                                                                "Actual Total Time": 167.687,
                                                                                "Actual Rows": 1466357,
                                                                                "Actual Loops": 1,
                                                                                "Filter": "(gender IS NULL)",
                                                                                "Rows Removed by Filter": 2701134
                                                                            },
                                                                            {
                                                                                "Node Type": "Hash",
                                                                                "Parent Relationship": "Inner",
                                                                                "Parallel Aware": false,
                                                                                "Async Capable": false,
                                                                                "Startup Cost": 10001671930.04,
                                                                                "Total Cost": 10001671930.04,
                                                                                "Plan Rows": 171,
                                                                                "Plan Width": 24,
                                                                                "Actual Startup Time": 4446.396,
                                                                                "Actual Total Time": 4446.406,
                                                                                "Actual Rows": 7603,
                                                                                "Actual Loops": 1,
                                                                                "Hash Buckets": 8192,
                                                                                "Original Hash Buckets": 1024,
                                                                                "Hash Batches": 1,
                                                                                "Original Hash Batches": 1,
                                                                                "Peak Memory Usage": 480,
                                                                                "Plans": [
                                                                                    {
                                                                                        "Node Type": "Hash Join",
                                                                                        "Parent Relationship": "Outer",
                                                                                        "Parallel Aware": false,
                                                                                        "Async Capable": false,
                                                                                        "Join Type": "Inner",
                                                                                        "Startup Cost": 10000920822.53,
                                                                                        "Total Cost": 10001671930.04,
                                                                                        "Plan Rows": 171,
                                                                                        "Plan Width": 24,
                                                                                        "Actual Startup Time": 2924.648,
                                                                                        "Actual Total Time": 4445.934,
                                                                                        "Actual Rows": 7603,
                                                                                        "Actual Loops": 1,
                                                                                        "Inner Unique": true,
                                                                                        "Hash Cond": "(ci.role_id = rt.id)",
                                                                                        "Plans": [
                                                                                            {
                                                                                                "Node Type": "Hash Join",
                                                                                                "Parent Relationship": "Outer",
                                                                                                "Parallel Aware": false,
                                                                                                "Async Capable": false,
                                                                                                "Join Type": "Inner",
                                                                                                "Startup Cost": 10000920821.36,
                                                                                                "Total Cost": 10001671921.59,
                                                                                                "Plan Rows": 2050,
                                                                                                "Plan Width": 28,
                                                                                                "Actual Startup Time": 1708.251,
                                                                                                "Actual Total Time": 4418.741,
                                                                                                "Actual Rows": 1049670,
                                                                                                "Actual Loops": 1,
                                                                                                "Inner Unique": false,
                                                                                                "Hash Cond": "(ci.movie_id = t.id)",
                                                                                                "Plans": [
                                                                                                    {
                                                                                                        "Node Type": "Seq Scan",
                                                                                                        "Parent Relationship": "Outer",
                                                                                                        "Parallel Aware": false,
                                                                                                        "Async Capable": false,
                                                                                                        "Relation Name": "cast_info",
                                                                                                        "Alias": "ci",
                                                                                                        "Startup Cost": 0.0,
                                                                                                        "Total Cost": 615163.44,
                                                                                                        "Plan Rows": 36244344,
                                                                                                        "Plan Width": 12,
                                                                                                        "Actual Startup Time": 0.005,
                                                                                                        "Actual Total Time": 1111.961,
                                                                                                        "Actual Rows": 36244344,
                                                                                                        "Actual Loops": 1
                                                                                                    },
                                                                                                    {
                                                                                                        "Node Type": "Hash",
                                                                                                        "Parent Relationship": "Inner",
                                                                                                        "Parallel Aware": false,
                                                                                                        "Async Capable": false,
                                                                                                        "Startup Cost": 10000920819.58,
                                                                                                        "Total Cost": 10000920819.58,
                                                                                                        "Plan Rows": 143,
                                                                                                        "Plan Width": 16,
                                                                                                        "Actual Startup Time": 1708.209,
                                                                                                        "Actual Total Time": 1708.217,
                                                                                                        "Actual Rows": 71993,
                                                                                                        "Actual Loops": 1,
                                                                                                        "Hash Buckets": 131072,
                                                                                                        "Original Hash Buckets": 1024,
                                                                                                        "Hash Batches": 1,
                                                                                                        "Original Hash Batches": 1,
                                                                                                        "Peak Memory Usage": 4399,
                                                                                                        "Plans": [
                                                                                                            {
                                                                                                                "Node Type": "Hash Join",
                                                                                                                "Parent Relationship": "Outer",
                                                                                                                "Parallel Aware": false,
                                                                                                                "Async Capable": false,
                                                                                                                "Join Type": "Inner",
                                                                                                                "Startup Cost": 10000536523.21,
                                                                                                                "Total Cost": 10000920819.58,
                                                                                                                "Plan Rows": 143,
                                                                                                                "Plan Width": 16,
                                                                                                                "Actual Startup Time": 1008.888,
                                                                                                                "Actual Total Time": 1704.569,
                                                                                                                "Actual Rows": 71993,
                                                                                                                "Actual Loops": 1,
                                                                                                                "Inner Unique": false,
                                                                                                                "Hash Cond": "(mi1.movie_id = t.id)",
                                                                                                                "Plans": [
                                                                                                                    {
                                                                                                                        "Node Type": "Seq Scan",
                                                                                                                        "Parent Relationship": "Outer",
                                                                                                                        "Parallel Aware": false,
                                                                                                                        "Async Capable": false,
                                                                                                                        "Relation Name": "movie_info",
                                                                                                                        "Alias": "mi1",
                                                                                                                        "Startup Cost": 0.0,
                                                                                                                        "Total Cost": 383860.66,
                                                                                                                        "Plan Rows": 115809,
                                                                                                                        "Plan Width": 8,
                                                                                                                        "Actual Startup Time": 32.688,
                                                                                                                        "Actual Total Time": 699.699,
                                                                                                                        "Actual Rows": 1288928,
                                                                                                                        "Actual Loops": 1,
                                                                                                                        "Filter": "((info = ANY ('{\"Black and White\",Color}'::text[])) AND (info_type_id = 2))",
                                                                                                                        "Rows Removed by Filter": 13546792
                                                                                                                    },
                                                                                                                    {
                                                                                                                        "Node Type": "Hash",
                                                                                                                        "Parent Relationship": "Inner",
                                                                                                                        "Parallel Aware": false,
                                                                                                                        "Async Capable": false,
                                                                                                                        "Startup Cost": 10000536484.06,
                                                                                                                        "Total Cost": 10000536484.06,
                                                                                                                        "Plan Rows": 3132,
                                                                                                                        "Plan Width": 8,
                                                                                                                        "Actual Startup Time": 947.688,
                                                                                                                        "Actual Total Time": 947.694,
                                                                                                                        "Actual Rows": 73101,
                                                                                                                        "Actual Loops": 1,
                                                                                                                        "Hash Buckets": 131072,
                                                                                                                        "Original Hash Buckets": 4096,
                                                                                                                        "Hash Batches": 1,
                                                                                                                        "Original Hash Batches": 1,
                                                                                                                        "Peak Memory Usage": 3880,
                                                                                                                        "Plans": [
                                                                                                                            {
                                                                                                                                "Node Type": "Nested Loop",
                                                                                                                                "Parent Relationship": "Outer",
                                                                                                                                "Parallel Aware": false,
                                                                                                                                "Async Capable": false,
                                                                                                                                "Join Type": "Inner",
                                                                                                                                "Startup Cost": 10000093903.32,
                                                                                                                                "Total Cost": 10000536484.06,
                                                                                                                                "Plan Rows": 3132,
                                                                                                                                "Plan Width": 8,
                                                                                                                                "Actual Startup Time": 571.177,
                                                                                                                                "Actual Total Time": 944.49,
                                                                                                                                "Actual Rows": 73101,
                                                                                                                                "Actual Loops": 1,
                                                                                                                                "Inner Unique": false,
                                                                                                                                "Plans": [
                                                                                                                                    {
                                                                                                                                        "Node Type": "Hash Join",
                                                                                                                                        "Parent Relationship": "Outer",
                                                                                                                                        "Parallel Aware": false,
                                                                                                                                        "Async Capable": false,
                                                                                                                                        "Join Type": "Inner",
                                                                                                                                        "Startup Cost": 93903.32,
                                                                                                                                        "Total Cost": 536442.49,
                                                                                                                                        "Plan Rows": 3132,
                                                                                                                                        "Plan Width": 12,
                                                                                                                                        "Actual Startup Time": 571.167,
                                                                                                                                        "Actual Total Time": 935.206,
                                                                                                                                        "Actual Rows": 73101,
                                                                                                                                        "Actual Loops": 1,
                                                                                                                                        "Inner Unique": false,
                                                                                                                                        "Hash Cond": "(mi2.movie_id = t.id)",
                                                                                                                                        "Plans": [
                                                                                                                                            {
                                                                                                                                                "Node Type": "Seq Scan",
                                                                                                                                                "Parent Relationship": "Outer",
                                                                                                                                                "Parallel Aware": false,
                                                                                                                                                "Async Capable": false,
                                                                                                                                                "Relation Name": "movie_info",
                                                                                                                                                "Alias": "mi2",
                                                                                                                                                "Startup Cost": 0.0,
                                                                                                                                                "Total Cost": 439413.82,
                                                                                                                                                "Plan Rows": 10408,
                                                                                                                                                "Plan Width": 8,
                                                                                                                                                "Actual Startup Time": 241.829,
                                                                                                                                                "Actual Total Time": 544.915,
                                                                                                                                                "Actual Rows": 127083,
                                                                                                                                                "Actual Loops": 1,
                                                                                                                                                "Filter": "((info_type_id = 4) AND (info = ANY ('{Bengali,Italian,Malayalam,Romanian,Spanish}'::text[])))",
                                                                                                                                                "Rows Removed by Filter": 14708637
                                                                                                                                            },
                                                                                                                                            {
                                                                                                                                                "Node Type": "Hash",
                                                                                                                                                "Parent Relationship": "Inner",
                                                                                                                                                "Parallel Aware": false,
                                                                                                                                                "Async Capable": false,
                                                                                                                                                "Startup Cost": 81419.37,
                                                                                                                                                "Total Cost": 81419.37,
                                                                                                                                                "Plan Rows": 760876,
                                                                                                                                                "Plan Width": 4,
                                                                                                                                                "Actual Startup Time": 329.122,
                                                                                                                                                "Actual Total Time": 329.125,
                                                                                                                                                "Actual Rows": 1630568,
                                                                                                                                                "Actual Loops": 1,
                                                                                                                                                "Hash Buckets": 524288,
                                                                                                                                                "Original Hash Buckets": 524288,
                                                                                                                                                "Hash Batches": 8,
                                                                                                                                                "Original Hash Batches": 4,
                                                                                                                                                "Peak Memory Usage": 12289,
                                                                                                                                                "Plans": [
                                                                                                                                                    {
                                                                                                                                                        "Node Type": "Hash Join",
                                                                                                                                                        "Parent Relationship": "Outer",
                                                                                                                                                        "Parallel Aware": false,
                                                                                                                                                        "Async Capable": false,
                                                                                                                                                        "Join Type": "Inner",
                                                                                                                                                        "Startup Cost": 1.13,
                                                                                                                                                        "Total Cost": 81419.37,
                                                                                                                                                        "Plan Rows": 760876,
                                                                                                                                                        "Plan Width": 4,
                                                                                                                                                        "Actual Startup Time": 0.018,
                                                                                                                                                        "Actual Total Time": 240.942,
                                                                                                                                                        "Actual Rows": 1630568,
                                                                                                                                                        "Actual Loops": 1,
                                                                                                                                                        "Inner Unique": true,
                                                                                                                                                        "Hash Cond": "(t.kind_id = kt.id)",
                                                                                                                                                        "Plans": [
                                                                                                                                                            {
                                                                                                                                                                "Node Type": "Seq Scan",
                                                                                                                                                                "Parent Relationship": "Outer",
                                                                                                                                                                "Parallel Aware": false,
                                                                                                                                                                "Async Capable": false,
                                                                                                                                                                "Relation Name": "title",
                                                                                                                                                                "Alias": "t",
                                                                                                                                                                "Startup Cost": 0.0,
                                                                                                                                                                "Total Cost": 73936.29,
                                                                                                                                                                "Plan Rows": 1775378,
                                                                                                                                                                "Plan Width": 8,
                                                                                                                                                                "Actual Startup Time": 0.009,
                                                                                                                                                                "Actual Total Time": 143.42,
                                                                                                                                                                "Actual Rows": 1772035,
                                                                                                                                                                "Actual Loops": 1,
                                                                                                                                                                "Filter": "((production_year <= 2015) AND (production_year >= 1990))",
                                                                                                                                                                "Rows Removed by Filter": 756277
                                                                                                                                                            },
                                                                                                                                                            {
                                                                                                                                                                "Node Type": "Hash",
                                                                                                                                                                "Parent Relationship": "Inner",
                                                                                                                                                                "Parallel Aware": false,
                                                                                                                                                                "Async Capable": false,
                                                                                                                                                                "Startup Cost": 1.1,
                                                                                                                                                                "Total Cost": 1.1,
                                                                                                                                                                "Plan Rows": 3,
                                                                                                                                                                "Plan Width": 4,
                                                                                                                                                                "Actual Startup Time": 0.005,
                                                                                                                                                                "Actual Total Time": 0.006,
                                                                                                                                                                "Actual Rows": 3,
                                                                                                                                                                "Actual Loops": 1,
                                                                                                                                                                "Hash Buckets": 1024,
                                                                                                                                                                "Original Hash Buckets": 1024,
                                                                                                                                                                "Hash Batches": 1,
                                                                                                                                                                "Original Hash Batches": 1,
                                                                                                                                                                "Peak Memory Usage": 9,
                                                                                                                                                                "Plans": [
                                                                                                                                                                    {
                                                                                                                                                                        "Node Type": "Seq Scan",
                                                                                                                                                                        "Parent Relationship": "Outer",
                                                                                                                                                                        "Parallel Aware": false,
                                                                                                                                                                        "Async Capable": false,
                                                                                                                                                                        "Relation Name": "kind_type",
                                                                                                                                                                        "Alias": "kt",
                                                                                                                                                                        "Startup Cost": 0.0,
                                                                                                                                                                        "Total Cost": 1.1,
                                                                                                                                                                        "Plan Rows": 3,
                                                                                                                                                                        "Plan Width": 4,
                                                                                                                                                                        "Actual Startup Time": 0.003,
                                                                                                                                                                        "Actual Total Time": 0.003,
                                                                                                                                                                        "Actual Rows": 3,
                                                                                                                                                                        "Actual Loops": 1,
                                                                                                                                                                        "Filter": "((kind)::text = ANY ('{episode,movie,\"video movie\"}'::text[]))",
                                                                                                                                                                        "Rows Removed by Filter": 4
                                                                                                                                                                    }
                                                                                                                                                                ]
                                                                                                                                                            }
                                                                                                                                                        ]
                                                                                                                                                    }
                                                                                                                                                ]
                                                                                                                                            }
                                                                                                                                        ]
                                                                                                                                    },
                                                                                                                                    {
                                                                                                                                        "Node Type": "Materialize",
                                                                                                                                        "Parent Relationship": "Inner",
                                                                                                                                        "Parallel Aware": false,
                                                                                                                                        "Async Capable": false,
                                                                                                                                        "Startup Cost": 0.0,
                                                                                                                                        "Total Cost": 2.42,
                                                                                                                                        "Plan Rows": 1,
                                                                                                                                        "Plan Width": 4,
                                                                                                                                        "Actual Startup Time": 0.0,
                                                                                                                                        "Actual Total Time": 0.0,
                                                                                                                                        "Actual Rows": 1,
                                                                                                                                        "Actual Loops": 73101,
                                                                                                                                        "Plans": [
                                                                                                                                            {
                                                                                                                                                "Node Type": "Seq Scan",
                                                                                                                                                "Parent Relationship": "Outer",
                                                                                                                                                "Parallel Aware": false,
                                                                                                                                                "Async Capable": false,
                                                                                                                                                "Relation Name": "info_type",
                                                                                                                                                "Alias": "it2",
                                                                                                                                                "Startup Cost": 0.0,
                                                                                                                                                "Total Cost": 2.41,
                                                                                                                                                "Plan Rows": 1,
                                                                                                                                                "Plan Width": 4,
                                                                                                                                                "Actual Startup Time": 0.006,
                                                                                                                                                "Actual Total Time": 0.008,
                                                                                                                                                "Actual Rows": 1,
                                                                                                                                                "Actual Loops": 1,
                                                                                                                                                "Filter": "(id = 4)",
                                                                                                                                                "Rows Removed by Filter": 112
                                                                                                                                            }
                                                                                                                                        ]
                                                                                                                                    }
                                                                                                                                ]
                                                                                                                            }
                                                                                                                        ]
                                                                                                                    }
                                                                                                                ]
                                                                                                            }
                                                                                                        ]
                                                                                                    }
                                                                                                ]
                                                                                            },
                                                                                            {
                                                                                                "Node Type": "Hash",
                                                                                                "Parent Relationship": "Inner",
                                                                                                "Parallel Aware": false,
                                                                                                "Async Capable": false,
                                                                                                "Startup Cost": 1.15,
                                                                                                "Total Cost": 1.15,
                                                                                                "Plan Rows": 1,
                                                                                                "Plan Width": 4,
                                                                                                "Actual Startup Time": 0.007,
                                                                                                "Actual Total Time": 0.007,
                                                                                                "Actual Rows": 1,
                                                                                                "Actual Loops": 1,
                                                                                                "Hash Buckets": 1024,
                                                                                                "Original Hash Buckets": 1024,
                                                                                                "Hash Batches": 1,
                                                                                                "Original Hash Batches": 1,
                                                                                                "Peak Memory Usage": 9,
                                                                                                "Plans": [
                                                                                                    {
                                                                                                        "Node Type": "Seq Scan",
                                                                                                        "Parent Relationship": "Outer",
                                                                                                        "Parallel Aware": false,
                                                                                                        "Async Capable": false,
                                                                                                        "Relation Name": "role_type",
                                                                                                        "Alias": "rt",
                                                                                                        "Startup Cost": 0.0,
                                                                                                        "Total Cost": 1.15,
                                                                                                        "Plan Rows": 1,
                                                                                                        "Plan Width": 4,
                                                                                                        "Actual Startup Time": 0.004,
                                                                                                        "Actual Total Time": 0.004,
                                                                                                        "Actual Rows": 1,
                                                                                                        "Actual Loops": 1,
                                                                                                        "Filter": "((role)::text = 'production designer'::text)",
                                                                                                        "Rows Removed by Filter": 11
                                                                                                    }
                                                                                                ]
                                                                                            }
                                                                                        ]
                                                                                    }
                                                                                ]
                                                                            }
                                                                        ]
                                                                    }
                                                                ]
                                                            }
                                                        ]
                                                    }
                                                ]
                                            }
                                        ]
                                    },
                                    {
                                        "Node Type": "Materialize",
                                        "Parent Relationship": "Inner",
                                        "Parallel Aware": false,
                                        "Async Capable": false,
                                        "Startup Cost": 0.0,
                                        "Total Cost": 2.42,
                                        "Plan Rows": 1,
                                        "Plan Width": 4,
                                        "Actual Startup Time": 0.0,
                                        "Actual Total Time": 0.0,
                                        "Actual Rows": 1,
                                        "Actual Loops": 70441,
                                        "Plans": [
                                            {
                                                "Node Type": "Seq Scan",
                                                "Parent Relationship": "Outer",
                                                "Parallel Aware": false,
                                                "Async Capable": false,
                                                "Relation Name": "info_type",
                                                "Alias": "it1",
                                                "Startup Cost": 0.0,
                                                "Total Cost": 2.41,
                                                "Plan Rows": 1,
                                                "Plan Width": 4,
                                                "Actual Startup Time": 0.006,
                                                "Actual Total Time": 0.008,
                                                "Actual Rows": 1,
                                                "Actual Loops": 1,
                                                "Filter": "(id = 2)",
                                                "Rows Removed by Filter": 112
                                            }
                                        ]
                                    }
                                ]
                            }
                        ]
                    },
                    "Planning Time": 7.317,
                    "Triggers": [],
                    "Execution Time": 4961.938
                }
            ],
            "hints": [
                "SET enable_hashjoin TO on",
                "SET enable_indexonlyscan TO on",
                "SET enable_indexscan TO off",
                "SET enable_mergejoin TO off",
                "SET enable_nestloop TO off",
                "SET enable_seqscan TO on"
            ]
        },
        {
            "arm": 4,
            "execution_time": 449.303,
            "plan": [
                {
                    "Plan": {
                        "Node Type": "Aggregate",
                        "Strategy": "Plain",
                        "Partial Mode": "Simple",
                        "Parallel Aware": false,
                        "Async Capable": false,
                        "Startup Cost": 262313.11,
                        "Total Cost": 262313.12,
                        "Plan Rows": 1,
                        "Plan Width": 8,
                        "Actual Startup Time": 417.105,
                        "Actual Total Time": 449.246,
                        "Actual Rows": 1,
                        "Actual Loops": 1,
                        "Plans": [
                            {
                                "Node Type": "Nested Loop",
                                "Parent Relationship": "Outer",
                                "Parallel Aware": false,
                                "Async Capable": false,
                                "Join Type": "Inner",
                                "Startup Cost": 1004.88,
                                "Total Cost": 262312.84,
                                "Plan Rows": 107,
                                "Plan Width": 0,
                                "Actual Startup Time": 67.378,
                                "Actual Total Time": 447.724,
                                "Actual Rows": 70441,
                                "Actual Loops": 1,
                                "Inner Unique": false,
                                "Plans": [
                                    {
                                        "Node Type": "Seq Scan",
                                        "Parent Relationship": "Outer",
                                        "Parallel Aware": false,
                                        "Async Capable": false,
                                        "Relation Name": "info_type",
                                        "Alias": "it2",
                                        "Startup Cost": 0.0,
                                        "Total Cost": 2.41,
                                        "Plan Rows": 1,
                                        "Plan Width": 4,
                                        "Actual Startup Time": 0.005,
                                        "Actual Total Time": 0.007,
                                        "Actual Rows": 1,
                                        "Actual Loops": 1,
                                        "Filter": "(id = 4)",
                                        "Rows Removed by Filter": 112
                                    },
                                    {
                                        "Node Type": "Nested Loop",
                                        "Parent Relationship": "Inner",
                                        "Parallel Aware": false,
                                        "Async Capable": false,
                                        "Join Type": "Inner",
                                        "Startup Cost": 1004.88,
                                        "Total Cost": 262309.36,
                                        "Plan Rows": 107,
                                        "Plan Width": 4,
                                        "Actual Startup Time": 67.371,
                                        "Actual Total Time": 445.032,
                                        "Actual Rows": 70441,
                                        "Actual Loops": 1,
                                        "Inner Unique": false,
                                        "Plans": [
                                            {
                                                "Node Type": "Seq Scan",
                                                "Parent Relationship": "Outer",
                                                "Parallel Aware": false,
                                                "Async Capable": false,
                                                "Relation Name": "info_type",
                                                "Alias": "it1",
                                                "Startup Cost": 0.0,
                                                "Total Cost": 2.41,
                                                "Plan Rows": 1,
                                                "Plan Width": 4,
                                                "Actual Startup Time": 0.001,
                                                "Actual Total Time": 0.004,
                                                "Actual Rows": 1,
                                                "Actual Loops": 1,
                                                "Filter": "(id = 2)",
                                                "Rows Removed by Filter": 112
                                            },
                                            {
                                                "Node Type": "Gather",
                                                "Parent Relationship": "Inner",
                                                "Parallel Aware": false,
                                                "Async Capable": false,
                                                "Startup Cost": 1004.88,
                                                "Total Cost": 262305.88,
                                                "Plan Rows": 107,
                                                "Plan Width": 8,
                                                "Actual Startup Time": 67.37,
                                                "Actual Total Time": 442.094,
                                                "Actual Rows": 70441,
                                                "Actual Loops": 1,
                                                "Workers Planned": 5,
                                                "Workers Launched": 5,
                                                "Single Copy": false,
                                                "Plans": [
                                                    {
                                                        "Node Type": "Nested Loop",
                                                        "Parent Relationship": "Outer",
                                                        "Parallel Aware": false,
                                                        "Async Capable": false,
                                                        "Join Type": "Inner",
                                                        "Startup Cost": 4.88,
                                                        "Total Cost": 261295.18,
                                                        "Plan Rows": 21,
                                                        "Plan Width": 8,
                                                        "Actual Startup Time": 75.344,
                                                        "Actual Total Time": 412.437,
                                                        "Actual Rows": 11740,
                                                        "Actual Loops": 6,
                                                        "Inner Unique": true,
                                                        "Workers": [],
                                                        "Plans": [
                                                            {
                                                                "Node Type": "Nested Loop",
                                                                "Parent Relationship": "Outer",
                                                                "Parallel Aware": false,
                                                                "Async Capable": false,
                                                                "Join Type": "Inner",
                                                                "Startup Cost": 4.46,
                                                                "Total Cost": 261245.1,
                                                                "Plan Rows": 21,
                                                                "Plan Width": 12,
                                                                "Actual Startup Time": 75.322,
                                                                "Actual Total Time": 400.372,
                                                                "Actual Rows": 11740,
                                                                "Actual Loops": 6,
                                                                "Inner Unique": false,
                                                                "Workers": [],
                                                                "Plans": [
                                                                    {
                                                                        "Node Type": "Nested Loop",
                                                                        "Parent Relationship": "Outer",
                                                                        "Parallel Aware": false,
                                                                        "Async Capable": false,
                                                                        "Join Type": "Inner",
                                                                        "Startup Cost": 4.03,
                                                                        "Total Cost": 261199.39,
                                                                        "Plan Rows": 12,
                                                                        "Plan Width": 24,
                                                                        "Actual Startup Time": 74.967,
                                                                        "Actual Total Time": 396.655,
                                                                        "Actual Rows": 892,
                                                                        "Actual Loops": 6,
                                                                        "Inner Unique": true,
                                                                        "Workers": [],
                                                                        "Plans": [
                                                                            {
                                                                                "Node Type": "Hash Join",
                                                                                "Parent Relationship": "Outer",
                                                                                "Parallel Aware": false,
                                                                                "Async Capable": false,
                                                                                "Join Type": "Inner",
                                                                                "Startup Cost": 3.6,
                                                                                "Total Cost": 261113.43,
                                                                                "Plan Rows": 34,
                                                                                "Plan Width": 28,
                                                                                "Actual Startup Time": 69.979,
                                                                                "Actual Total Time": 392.107,
                                                                                "Actual Rows": 1267,
                                                                                "Actual Loops": 6,
                                                                                "Inner Unique": true,
                                                                                "Hash Cond": "(ci.role_id = rt.id)",
                                                                                "Workers": [],
                                                                                "Plans": [
                                                                                    {
                                                                                        "Node Type": "Nested Loop",
                                                                                        "Parent Relationship": "Outer",
                                                                                        "Parallel Aware": false,
                                                                                        "Async Capable": false,
                                                                                        "Join Type": "Inner",
                                                                                        "Startup Cost": 2.44,
                                                                                        "Total Cost": 261110.82,
                                                                                        "Plan Rows": 410,
                                                                                        "Plan Width": 32,
                                                                                        "Actual Startup Time": 64.974,
                                                                                        "Actual Total Time": 387.146,
                                                                                        "Actual Rows": 174945,
                                                                                        "Actual Loops": 6,
                                                                                        "Inner Unique": false,
                                                                                        "Workers": [],
                                                                                        "Plans": [
                                                                                            {
                                                                                                "Node Type": "Nested Loop",
                                                                                                "Parent Relationship": "Outer",
                                                                                                "Parallel Aware": false,
                                                                                                "Async Capable": false,
                                                                                                "Join Type": "Inner",
                                                                                                "Startup Cost": 2.0,
                                                                                                "Total Cost": 259734.41,
                                                                                                "Plan Rows": 29,
                                                                                                "Plan Width": 20,
                                                                                                "Actual Startup Time": 64.94,
                                                                                                "Actual Total Time": 205.553,
                                                                                                "Actual Rows": 11999,
                                                                                                "Actual Loops": 6,
                                                                                                "Inner Unique": false,
                                                                                                "Workers": [],
                                                                                                "Plans": [
                                                                                                    {
                                                                                                        "Node Type": "Hash Join",
                                                                                                        "Parent Relationship": "Outer",
                                                                                                        "Parallel Aware": false,
                                                                                                        "Async Capable": false,
                                                                                                        "Join Type": "Inner",
                                                                                                        "Startup Cost": 1.56,
                                                                                                        "Total Cost": 230704.98,
                                                                                                        "Plan Rows": 626,
                                                                                                        "Plan Width": 12,
                                                                                                        "Actual Startup Time": 64.885,
                                                                                                        "Actual Total Time": 154.678,
                                                                                                        "Actual Rows": 12184,
                                                                                                        "Actual Loops": 6,
                                                                                                        "Inner Unique": true,
                                                                                                        "Hash Cond": "(t.kind_id = kt.id)",
                                                                                                        "Workers": [],
                                                                                                        "Plans": [
                                                                                                            {
                                                                                                                "Node Type": "Nested Loop",
                                                                                                                "Parent Relationship": "Outer",
                                                                                                                "Parallel Aware": false,
                                                                                                                "Async Capable": false,
                                                                                                                "Join Type": "Inner",
                                                                                                                "Startup Cost": 0.43,
                                                                                                                "Total Cost": 230697.68,
                                                                                                                "Plan Rows": 1462,
                                                                                                                "Plan Width": 16,
                                                                                                                "Actual Startup Time": 64.758,
                                                                                                                "Actual Total Time": 153.645,
                                                                                                                "Actual Rows": 14088,
                                                                                                                "Actual Loops": 6,
                                                                                                                "Inner Unique": true,
                                                                                                                "Workers": [],
                                                                                                                "Plans": [
                                                                                                                    {
                                                                                                                        "Node Type": "Seq Scan",
                                                                                                                        "Parent Relationship": "Outer",
                                                                                                                        "Parallel Aware": true,
                                                                                                                        "Async Capable": false,
                                                                                                                        "Relation Name": "movie_info",
                                                                                                                        "Alias": "mi2",
                                                                                                                        "Startup Cost": 0.0,
                                                                                                                        "Total Cost": 217201.16,
                                                                                                                        "Plan Rows": 2082,
                                                                                                                        "Plan Width": 8,
                                                                                                                        "Actual Startup Time": 64.704,
                                                                                                                        "Actual Total Time": 116.197,
                                                                                                                        "Actual Rows": 21180,
                                                                                                                        "Actual Loops": 6,
                                                                                                                        "Filter": "((info_type_id = 4) AND (info = ANY ('{Bengali,Italian,Malayalam,Romanian,Spanish}'::text[])))",
                                                                                                                        "Rows Removed by Filter": 2451440,
                                                                                                                        "Workers": []
                                                                                                                    },
                                                                                                                    {
                                                                                                                        "Node Type": "Index Scan",
                                                                                                                        "Parent Relationship": "Inner",
                                                                                                                        "Parallel Aware": false,
                                                                                                                        "Async Capable": false,
                                                                                                                        "Scan Direction": "Forward",
                                                                                                                        "Index Name": "title_pkey",
                                                                                                                        "Relation Name": "title",
                                                                                                                        "Alias": "t",
                                                                                                                        "Startup Cost": 0.43,
                                                                                                                        "Total Cost": 6.48,
                                                                                                                        "Plan Rows": 1,
                                                                                                                        "Plan Width": 8,
                                                                                                                        "Actual Startup Time": 0.002,
                                                                                                                        "Actual Total Time": 0.002,
                                                                                                                        "Actual Rows": 1,
                                                                                                                        "Actual Loops": 127083,
                                                                                                                        "Index Cond": "(id = mi2.movie_id)",
                                                                                                                        "Rows Removed by Index Recheck": 0,
                                                                                                                        "Filter": "((production_year <= 2015) AND (production_year >= 1990))",
                                                                                                                        "Rows Removed by Filter": 0,
                                                                                                                        "Workers": []
                                                                                                                    }
                                                                                                                ]
                                                                                                            },
                                                                                                            {
                                                                                                                "Node Type": "Hash",
                                                                                                                "Parent Relationship": "Inner",
                                                                                                                "Parallel Aware": false,
                                                                                                                "Async Capable": false,
                                                                                                                "Startup Cost": 1.1,
                                                                                                                "Total Cost": 1.1,
                                                                                                                "Plan Rows": 3,
                                                                                                                "Plan Width": 4,
                                                                                                                "Actual Startup Time": 0.017,
                                                                                                                "Actual Total Time": 0.017,
                                                                                                                "Actual Rows": 3,
                                                                                                                "Actual Loops": 6,
                                                                                                                "Hash Buckets": 1024,
                                                                                                                "Original Hash Buckets": 1024,
                                                                                                                "Hash Batches": 1,
                                                                                                                "Original Hash Batches": 1,
                                                                                                                "Peak Memory Usage": 9,
                                                                                                                "Workers": [],
                                                                                                                "Plans": [
                                                                                                                    {
                                                                                                                        "Node Type": "Seq Scan",
                                                                                                                        "Parent Relationship": "Outer",
                                                                                                                        "Parallel Aware": false,
                                                                                                                        "Async Capable": false,
                                                                                                                        "Relation Name": "kind_type",
                                                                                                                        "Alias": "kt",
                                                                                                                        "Startup Cost": 0.0,
                                                                                                                        "Total Cost": 1.1,
                                                                                                                        "Plan Rows": 3,
                                                                                                                        "Plan Width": 4,
                                                                                                                        "Actual Startup Time": 0.005,
                                                                                                                        "Actual Total Time": 0.006,
                                                                                                                        "Actual Rows": 3,
                                                                                                                        "Actual Loops": 6,
                                                                                                                        "Filter": "((kind)::text = ANY ('{episode,movie,\"video movie\"}'::text[]))",
                                                                                                                        "Rows Removed by Filter": 4,
                                                                                                                        "Workers": []
                                                                                                                    }
                                                                                                                ]
                                                                                                            }
                                                                                                        ]
                                                                                                    },
                                                                                                    {
                                                                                                        "Node Type": "Index Scan",
                                                                                                        "Parent Relationship": "Inner",
                                                                                                        "Parallel Aware": false,
                                                                                                        "Async Capable": false,
                                                                                                        "Scan Direction": "Forward",
                                                                                                        "Index Name": "movie_id_movie_info",
                                                                                                        "Relation Name": "movie_info",
                                                                                                        "Alias": "mi1",
                                                                                                        "Startup Cost": 0.43,
                                                                                                        "Total Cost": 46.36,
                                                                                                        "Plan Rows": 1,
                                                                                                        "Plan Width": 8,
                                                                                                        "Actual Startup Time": 0.003,
                                                                                                        "Actual Total Time": 0.004,
                                                                                                        "Actual Rows": 1,
                                                                                                        "Actual Loops": 73101,
                                                                                                        "Index Cond": "(movie_id = t.id)",
                                                                                                        "Rows Removed by Index Recheck": 0,
                                                                                                        "Filter": "((info = ANY ('{\"Black and White\",Color}'::text[])) AND (info_type_id = 2))",
                                                                                                        "Rows Removed by Filter": 9,
                                                                                                        "Workers": []
                                                                                                    }
                                                                                                ]
                                                                                            },
                                                                                            {
                                                                                                "Node Type": "Index Scan",
                                                                                                "Parent Relationship": "Inner",
                                                                                                "Parallel Aware": false,
                                                                                                "Async Capable": false,
                                                                                                "Scan Direction": "Forward",
                                                                                                "Index Name": "movie_id_cast_info",
                                                                                                "Relation Name": "cast_info",
                                                                                                "Alias": "ci",
                                                                                                "Startup Cost": 0.44,
                                                                                                "Total Cost": 47.08,
                                                                                                "Plan Rows": 38,
                                                                                                "Plan Width": 12,
                                                                                                "Actual Startup Time": 0.002,
                                                                                                "Actual Total Time": 0.014,
                                                                                                "Actual Rows": 15,
                                                                                                "Actual Loops": 71993,
                                                                                                "Index Cond": "(movie_id = t.id)",
                                                                                                "Rows Removed by Index Recheck": 0,
                                                                                                "Workers": []
                                                                                            }
                                                                                        ]
                                                                                    },
                                                                                    {
                                                                                        "Node Type": "Hash",
                                                                                        "Parent Relationship": "Inner",
                                                                                        "Parallel Aware": false,
                                                                                        "Async Capable": false,
                                                                                        "Startup Cost": 1.15,
                                                                                        "Total Cost": 1.15,
                                                                                        "Plan Rows": 1,
                                                                                        "Plan Width": 4,
                                                                                        "Actual Startup Time": 0.014,
                                                                                        "Actual Total Time": 0.015,
                                                                                        "Actual Rows": 1,
                                                                                        "Actual Loops": 6,
                                                                                        "Hash Buckets": 1024,
                                                                                        "Original Hash Buckets": 1024,
                                                                                        "Hash Batches": 1,
                                                                                        "Original Hash Batches": 1,
                                                                                        "Peak Memory Usage": 9,
                                                                                        "Workers": [],
                                                                                        "Plans": [
                                                                                            {
                                                                                                "Node Type": "Seq Scan",
                                                                                                "Parent Relationship": "Outer",
                                                                                                "Parallel Aware": false,
                                                                                                "Async Capable": false,
                                                                                                "Relation Name": "role_type",
                                                                                                "Alias": "rt",
                                                                                                "Startup Cost": 0.0,
                                                                                                "Total Cost": 1.15,
                                                                                                "Plan Rows": 1,
                                                                                                "Plan Width": 4,
                                                                                                "Actual Startup Time": 0.012,
                                                                                                "Actual Total Time": 0.013,
                                                                                                "Actual Rows": 1,
                                                                                                "Actual Loops": 6,
                                                                                                "Filter": "((role)::text = 'production designer'::text)",
                                                                                                "Rows Removed by Filter": 11,
                                                                                                "Workers": []
                                                                                            }
                                                                                        ]
                                                                                    }
                                                                                ]
                                                                            },
                                                                            {
                                                                                "Node Type": "Index Scan",
                                                                                "Parent Relationship": "Inner",
                                                                                "Parallel Aware": false,
                                                                                "Async Capable": false,
                                                                                "Scan Direction": "Forward",
                                                                                "Index Name": "name_pkey",
                                                                                "Relation Name": "name",
                                                                                "Alias": "n",
                                                                                "Startup Cost": 0.43,
                                                                                "Total Cost": 2.53,
                                                                                "Plan Rows": 1,
                                                                                "Plan Width": 4,
                                                                                "Actual Startup Time": 0.003,
                                                                                "Actual Total Time": 0.003,
                                                                                "Actual Rows": 1,
                                                                                "Actual Loops": 7603,
                                                                                "Index Cond": "(id = ci.person_id)",
                                                                                "Rows Removed by Index Recheck": 0,
                                                                                "Filter": "(gender IS NULL)",
                                                                                "Rows Removed by Filter": 0,
                                                                                "Workers": []
                                                                            }
                                                                        ]
                                                                    },
                                                                    {
                                                                        "Node Type": "Index Scan",
                                                                        "Parent Relationship": "Inner",
                                                                        "Parallel Aware": false,
                                                                        "Async Capable": false,
                                                                        "Scan Direction": "Forward",
                                                                        "Index Name": "movie_id_movie_keyword",
                                                                        "Relation Name": "movie_keyword",
                                                                        "Alias": "mk",
                                                                        "Startup Cost": 0.43,
                                                                        "Total Cost": 3.35,
                                                                        "Plan Rows": 46,
                                                                        "Plan Width": 8,
                                                                        "Actual Startup Time": 0.002,
                                                                        "Actual Total Time": 0.003,
                                                                        "Actual Rows": 13,
                                                                        "Actual Loops": 5350,
                                                                        "Index Cond": "(movie_id = t.id)",
                                                                        "Rows Removed by Index Recheck": 0,
                                                                        "Workers": []
                                                                    }
                                                                ]
                                                            },
                                                            {
                                                                "Node Type": "Index Only Scan",
                                                                "Parent Relationship": "Inner",
                                                                "Parallel Aware": false,
                                                                "Async Capable": false,
                                                                "Scan Direction": "Forward",
                                                                "Index Name": "keyword_pkey",
                                                                "Relation Name": "keyword",
                                                                "Alias": "k",
                                                                "Startup Cost": 0.42,
                                                                "Total Cost": 2.38,
                                                                "Plan Rows": 1,
                                                                "Plan Width": 4,
                                                                "Actual Startup Time": 0.001,
                                                                "Actual Total Time": 0.001,
                                                                "Actual Rows": 1,
                                                                "Actual Loops": 70441,
                                                                "Index Cond": "(id = mk.keyword_id)",
                                                                "Rows Removed by Index Recheck": 0,
                                                                "Heap Fetches": 70441,
                                                                "Workers": []
                                                            }
                                                        ]
                                                    }
                                                ]
                                            }
                                        ]
                                    }
                                ]
                            }
                        ]
                    },
                    "Planning Time": 7.698,
                    "Triggers": [],
                    "Execution Time": 449.303
                }
            ],
            "hints": [
                "SET enable_hashjoin TO on",
                "SET enable_indexonlyscan TO on",
                "SET enable_indexscan TO on",
                "SET enable_mergejoin TO off",
                "SET enable_nestloop TO on",
                "SET enable_seqscan TO on"
            ]
        }
    ]
}