{
    "sql_file": "2b179.sql",
    "query": "SELECT COUNT(*) FROM title as t,\nkind_type as kt,\ninfo_type as it1,\nmovie_info as mi1,\nmovie_info as mi2,\ninfo_type as it2,\ncast_info as ci,\nrole_type as rt,\nname as n,\nmovie_keyword as mk,\nkeyword as k\nWHERE\nt.id = ci.movie_id\nAND t.id = mi1.movie_id\nAND t.id = mi2.movie_id\nAND t.id = mk.movie_id\nAND k.id = mk.keyword_id\nAND mi1.movie_id = mi2.movie_id\nAND mi1.info_type_id = it1.id\nAND mi2.info_type_id = it2.id\nAND (it1.id in ('2'))\nAND (it2.id in ('1'))\nAND t.kind_id = kt.id\nAND ci.person_id = n.id\nAND ci.role_id = rt.id\nAND (mi1.info in ('Black and White','Color'))\nAND (mi2.info in ('100','6','60','7','75','80','88','9','95','USA:30','USA:50'))\nAND (kt.kind in ('episode','movie','tv movie'))\nAND (rt.role in ('composer','costume designer'))\nAND (n.gender in ('f','m'))\nAND (t.production_year <= 1975)\nAND (t.production_year >= 1875)\nAND (k.keyword IN ('bare-breasts','dog','female-nudity','fight','hardcore','homosexual','independent-film','interview','kidnapping','new-york-city','revenge','singer'))",
    "results": [
        {
            "arm": 0,
            "execution_time": 461.415,
            "plan": [
                {
                    "Plan": {
                        "Node Type": "Aggregate",
                        "Strategy": "Plain",
                        "Partial Mode": "Simple",
                        "Parallel Aware": false,
                        "Async Capable": false,
                        "Startup Cost": 14344.88,
                        "Total Cost": 14344.89,
                        "Plan Rows": 1,
                        "Plan Width": 8,
                        "Actual Startup Time": 461.319,
                        "Actual Total Time": 461.378,
                        "Actual Rows": 1,
                        "Actual Loops": 1,
                        "Plans": [
                            {
                                "Node Type": "Nested Loop",
                                "Parent Relationship": "Outer",
                                "Parallel Aware": false,
                                "Async Capable": false,
                                "Join Type": "Inner",
                                "Startup Cost": 1004.29,
                                "Total Cost": 14344.88,
                                "Plan Rows": 1,
                                "Plan Width": 0,
                                "Actual Startup Time": 0.709,
                                "Actual Total Time": 461.308,
                                "Actual Rows": 1412,
                                "Actual Loops": 1,
                                "Inner Unique": true,
                                "Plans": [
                                    {
                                        "Node Type": "Nested Loop",
                                        "Parent Relationship": "Outer",
                                        "Parallel Aware": false,
                                        "Async Capable": false,
                                        "Join Type": "Inner",
                                        "Startup Cost": 1003.86,
                                        "Total Cost": 14342.35,
                                        "Plan Rows": 1,
                                        "Plan Width": 4,
                                        "Actual Startup Time": 0.701,
                                        "Actual Total Time": 452.957,
                                        "Actual Rows": 3155,
                                        "Actual Loops": 1,
                                        "Inner Unique": true,
                                        "Plans": [
                                            {
                                                "Node Type": "Nested Loop",
                                                "Parent Relationship": "Outer",
                                                "Parallel Aware": false,
                                                "Async Capable": false,
                                                "Join Type": "Inner",
                                                "Startup Cost": 1003.73,
                                                "Total Cost": 14342.18,
                                                "Plan Rows": 1,
                                                "Plan Width": 8,
                                                "Actual Startup Time": 0.384,
                                                "Actual Total Time": 422.92,
                                                "Actual Rows": 82907,
                                                "Actual Loops": 1,
                                                "Inner Unique": false,
                                                "Join Filter": "(t.id = ci.movie_id)",
                                                "Rows Removed by Join Filter": 0,
                                                "Plans": [
                                                    {
                                                        "Node Type": "Nested Loop",
                                                        "Parent Relationship": "Outer",
                                                        "Parallel Aware": false,
                                                        "Async Capable": false,
                                                        "Join Type": "Inner",
                                                        "Startup Cost": 1003.29,
                                                        "Total Cost": 14294.78,
                                                        "Plan Rows": 1,
                                                        "Plan Width": 16,
                                                        "Actual Startup Time": 0.374,
                                                        "Actual Total Time": 326.949,
                                                        "Actual Rows": 3039,
                                                        "Actual Loops": 1,
                                                        "Inner Unique": false,
                                                        "Plans": [
                                                            {
                                                                "Node Type": "Nested Loop",
                                                                "Parent Relationship": "Outer",
                                                                "Parallel Aware": false,
                                                                "Async Capable": false,
                                                                "Join Type": "Inner",
                                                                "Startup Cost": 1003.29,
                                                                "Total Cost": 14292.36,
                                                                "Plan Rows": 1,
                                                                "Plan Width": 20,
                                                                "Actual Startup Time": 0.373,
                                                                "Actual Total Time": 319.914,
                                                                "Actual Rows": 3039,
                                                                "Actual Loops": 1,
                                                                "Inner Unique": false,
                                                                "Join Filter": "(t.id = mi2.movie_id)",
                                                                "Rows Removed by Join Filter": 0,
                                                                "Plans": [
                                                                    {
                                                                        "Node Type": "Nested Loop",
                                                                        "Parent Relationship": "Outer",
                                                                        "Parallel Aware": false,
                                                                        "Async Capable": false,
                                                                        "Join Type": "Inner",
                                                                        "Startup Cost": 1002.85,
                                                                        "Total Cost": 14245.63,
                                                                        "Plan Rows": 1,
                                                                        "Plan Width": 12,
                                                                        "Actual Startup Time": 0.351,
                                                                        "Actual Total Time": 128.688,
                                                                        "Actual Rows": 24614,
                                                                        "Actual Loops": 1,
                                                                        "Inner Unique": false,
                                                                        "Plans": [
                                                                            {
                                                                                "Node Type": "Gather",
                                                                                "Parent Relationship": "Outer",
                                                                                "Parallel Aware": false,
                                                                                "Async Capable": false,
                                                                                "Startup Cost": 1002.85,
                                                                                "Total Cost": 14243.21,
                                                                                "Plan Rows": 1,
                                                                                "Plan Width": 16,
                                                                                "Actual Startup Time": 0.35,
                                                                                "Actual Total Time": 71.367,
                                                                                "Actual Rows": 24614,
                                                                                "Actual Loops": 1,
                                                                                "Workers Planned": 2,
                                                                                "Workers Launched": 2,
                                                                                "Single Copy": false,
                                                                                "Plans": [
                                                                                    {
                                                                                        "Node Type": "Nested Loop",
                                                                                        "Parent Relationship": "Outer",
                                                                                        "Parallel Aware": false,
                                                                                        "Async Capable": false,
                                                                                        "Join Type": "Inner",
                                                                                        "Startup Cost": 2.85,
                                                                                        "Total Cost": 13243.11,
                                                                                        "Plan Rows": 1,
                                                                                        "Plan Width": 16,
                                                                                        "Actual Startup Time": 0.536,
                                                                                        "Actual Total Time": 229.526,
                                                                                        "Actual Rows": 8205,
                                                                                        "Actual Loops": 3,
                                                                                        "Inner Unique": false,
                                                                                        "Join Filter": "(t.id = mi1.movie_id)",
                                                                                        "Rows Removed by Join Filter": 0,
                                                                                        "Workers": [],
                                                                                        "Plans": [
                                                                                            {
                                                                                                "Node Type": "Hash Join",
                                                                                                "Parent Relationship": "Outer",
                                                                                                "Parallel Aware": false,
                                                                                                "Async Capable": false,
                                                                                                "Join Type": "Inner",
                                                                                                "Startup Cost": 2.42,
                                                                                                "Total Cost": 12641.63,
                                                                                                "Plan Rows": 13,
                                                                                                "Plan Width": 8,
                                                                                                "Actual Startup Time": 0.482,
                                                                                                "Actual Total Time": 125.908,
                                                                                                "Actual Rows": 8382,
                                                                                                "Actual Loops": 3,
                                                                                                "Inner Unique": true,
                                                                                                "Hash Cond": "(t.kind_id = kt.id)",
                                                                                                "Workers": [],
                                                                                                "Plans": [
                                                                                                    {
                                                                                                        "Node Type": "Nested Loop",
                                                                                                        "Parent Relationship": "Outer",
                                                                                                        "Parallel Aware": false,
                                                                                                        "Async Capable": false,
                                                                                                        "Join Type": "Inner",
                                                                                                        "Startup Cost": 1.28,
                                                                                                        "Total Cost": 12640.37,
                                                                                                        "Plan Rows": 30,
                                                                                                        "Plan Width": 12,
                                                                                                        "Actual Startup Time": 0.357,
                                                                                                        "Actual Total Time": 125.231,
                                                                                                        "Actual Rows": 8488,
                                                                                                        "Actual Loops": 3,
                                                                                                        "Inner Unique": true,
                                                                                                        "Workers": [],
                                                                                                        "Plans": [
                                                                                                            {
                                                                                                                "Node Type": "Nested Loop",
                                                                                                                "Parent Relationship": "Outer",
                                                                                                                "Parallel Aware": false,
                                                                                                                "Async Capable": false,
                                                                                                                "Join Type": "Inner",
                                                                                                                "Startup Cost": 0.85,
                                                                                                                "Total Cost": 12218.45,
                                                                                                                "Plan Rows": 169,
                                                                                                                "Plan Width": 4,
                                                                                                                "Actual Startup Time": 0.151,
                                                                                                                "Actual Total Time": 43.107,
                                                                                                                "Actual Rows": 57905,
                                                                                                                "Actual Loops": 3,
                                                                                                                "Inner Unique": false,
                                                                                                                "Workers": [],
                                                                                                                "Plans": [
                                                                                                                    {
                                                                                                                        "Node Type": "Index Scan",
                                                                                                                        "Parent Relationship": "Outer",
                                                                                                                        "Parallel Aware": true,
                                                                                                                        "Async Capable": false,
                                                                                                                        "Scan Direction": "Forward",
                                                                                                                        "Index Name": "keyword_pkey",
                                                                                                                        "Relation Name": "keyword",
                                                                                                                        "Alias": "k",
                                                                                                                        "Startup Cost": 0.42,
                                                                                                                        "Total Cost": 6515.0,
                                                                                                                        "Plan Rows": 5,
                                                                                                                        "Plan Width": 4,
                                                                                                                        "Actual Startup Time": 0.126,
                                                                                                                        "Actual Total Time": 10.54,
                                                                                                                        "Actual Rows": 4,
                                                                                                                        "Actual Loops": 3,
                                                                                                                        "Filter": "(keyword = ANY ('{bare-breasts,dog,female-nudity,fight,hardcore,homosexual,independent-film,interview,kidnapping,new-york-city,revenge,singer}'::text[]))",
                                                                                                                        "Rows Removed by Filter": 44719,
                                                                                                                        "Workers": []
                                                                                                                    },
                                                                                                                    {
                                                                                                                        "Node Type": "Index Scan",
                                                                                                                        "Parent Relationship": "Inner",
                                                                                                                        "Parallel Aware": false,
                                                                                                                        "Async Capable": false,
                                                                                                                        "Scan Direction": "Forward",
                                                                                                                        "Index Name": "keyword_id_movie_keyword",
                                                                                                                        "Relation Name": "movie_keyword",
                                                                                                                        "Alias": "mk",
                                                                                                                        "Startup Cost": 0.43,
                                                                                                                        "Total Cost": 1137.66,
                                                                                                                        "Plan Rows": 303,
                                                                                                                        "Plan Width": 8,
                                                                                                                        "Actual Startup Time": 0.012,
                                                                                                                        "Actual Total Time": 7.47,
                                                                                                                        "Actual Rows": 14476,
                                                                                                                        "Actual Loops": 12,
                                                                                                                        "Index Cond": "(keyword_id = k.id)",
                                                                                                                        "Rows Removed by Index Recheck": 0,
                                                                                                                        "Workers": []
                                                                                                                    }
                                                                                                                ]
                                                                                                            },
                                                                                                            {
                                                                                                                "Node Type": "Index Scan",
                                                                                                                "Parent Relationship": "Inner",
                                                                                                                "Parallel Aware": false,
                                                                                                                "Async Capable": false,
                                                                                                                "Scan Direction": "Forward",
                                                                                                                "Index Name": "title_pkey",
                                                                                                                "Relation Name": "title",
                                                                                                                "Alias": "t",
                                                                                                                "Startup Cost": 0.43,
                                                                                                                "Total Cost": 2.5,
                                                                                                                "Plan Rows": 1,
                                                                                                                "Plan Width": 8,
                                                                                                                "Actual Startup Time": 0.001,
                                                                                                                "Actual Total Time": 0.001,
                                                                                                                "Actual Rows": 0,
                                                                                                                "Actual Loops": 173714,
                                                                                                                "Index Cond": "(id = mk.movie_id)",
                                                                                                                "Rows Removed by Index Recheck": 0,
                                                                                                                "Filter": "((production_year <= 1975) AND (production_year >= 1875))",
                                                                                                                "Rows Removed by Filter": 1,
                                                                                                                "Workers": []
                                                                                                            }
                                                                                                        ]
                                                                                                    },
                                                                                                    {
                                                                                                        "Node Type": "Hash",
                                                                                                        "Parent Relationship": "Inner",
                                                                                                        "Parallel Aware": false,
                                                                                                        "Async Capable": false,
                                                                                                        "Startup Cost": 1.1,
                                                                                                        "Total Cost": 1.1,
                                                                                                        "Plan Rows": 3,
                                                                                                        "Plan Width": 4,
                                                                                                        "Actual Startup Time": 0.01,
                                                                                                        "Actual Total Time": 0.01,
                                                                                                        "Actual Rows": 3,
                                                                                                        "Actual Loops": 3,
                                                                                                        "Hash Buckets": 1024,
                                                                                                        "Original Hash Buckets": 1024,
                                                                                                        "Hash Batches": 1,
                                                                                                        "Original Hash Batches": 1,
                                                                                                        "Peak Memory Usage": 9,
                                                                                                        "Workers": [],
                                                                                                        "Plans": [
                                                                                                            {
                                                                                                                "Node Type": "Seq Scan",
                                                                                                                "Parent Relationship": "Outer",
                                                                                                                "Parallel Aware": false,
                                                                                                                "Async Capable": false,
                                                                                                                "Relation Name": "kind_type",
                                                                                                                "Alias": "kt",
                                                                                                                "Startup Cost": 0.0,
                                                                                                                "Total Cost": 1.1,
                                                                                                                "Plan Rows": 3,
                                                                                                                "Plan Width": 4,
                                                                                                                "Actual Startup Time": 0.008,
                                                                                                                "Actual Total Time": 0.009,
                                                                                                                "Actual Rows": 3,
                                                                                                                "Actual Loops": 3,
                                                                                                                "Filter": "((kind)::text = ANY ('{episode,movie,\"tv movie\"}'::text[]))",
                                                                                                                "Rows Removed by Filter": 4,
                                                                                                                "Workers": []
                                                                                                            }
                                                                                                        ]
                                                                                                    }
                                                                                                ]
                                                                                            },
                                                                                            {
                                                                                                "Node Type": "Index Scan",
                                                                                                "Parent Relationship": "Inner",
                                                                                                "Parallel Aware": false,
                                                                                                "Async Capable": false,
                                                                                                "Scan Direction": "Forward",
                                                                                                "Index Name": "movie_id_movie_info",
                                                                                                "Relation Name": "movie_info",
                                                                                                "Alias": "mi1",
                                                                                                "Startup Cost": 0.43,
                                                                                                "Total Cost": 46.26,
                                                                                                "Plan Rows": 1,
                                                                                                "Plan Width": 8,
                                                                                                "Actual Startup Time": 0.011,
                                                                                                "Actual Total Time": 0.012,
                                                                                                "Actual Rows": 1,
                                                                                                "Actual Loops": 25145,
                                                                                                "Index Cond": "(movie_id = mk.movie_id)",
                                                                                                "Rows Removed by Index Recheck": 0,
                                                                                                "Filter": "((info = ANY ('{\"Black and White\",Color}'::text[])) AND (info_type_id = 2))",
                                                                                                "Rows Removed by Filter": 28,
                                                                                                "Workers": []
                                                                                            }
                                                                                        ]
                                                                                    }
                                                                                ]
                                                                            },
                                                                            {
                                                                                "Node Type": "Seq Scan",
                                                                                "Parent Relationship": "Inner",
                                                                                "Parallel Aware": false,
                                                                                "Async Capable": false,
                                                                                "Relation Name": "info_type",
                                                                                "Alias": "it1",
                                                                                "Startup Cost": 0.0,
                                                                                "Total Cost": 2.41,
                                                                                "Plan Rows": 1,
                                                                                "Plan Width": 4,
                                                                                "Actual Startup Time": 0.001,
                                                                                "Actual Total Time": 0.002,
                                                                                "Actual Rows": 1,
                                                                                "Actual Loops": 24614,
                                                                                "Filter": "(id = 2)",
                                                                                "Rows Removed by Filter": 112
                                                                            }
                                                                        ]
                                                                    },
                                                                    {
                                                                        "Node Type": "Index Scan",
                                                                        "Parent Relationship": "Inner",
                                                                        "Parallel Aware": false,
                                                                        "Async Capable": false,
                                                                        "Scan Direction": "Forward",
                                                                        "Index Name": "movie_id_movie_info",
                                                                        "Relation Name": "movie_info",
                                                                        "Alias": "mi2",
                                                                        "Startup Cost": 0.43,
                                                                        "Total Cost": 46.72,
                                                                        "Plan Rows": 1,
                                                                        "Plan Width": 8,
                                                                        "Actual Startup Time": 0.007,
                                                                        "Actual Total Time": 0.008,
                                                                        "Actual Rows": 0,
                                                                        "Actual Loops": 24614,
                                                                        "Index Cond": "(movie_id = mk.movie_id)",
                                                                        "Rows Removed by Index Recheck": 0,
                                                                        "Filter": "((info_type_id = 1) AND (info = ANY ('{100,6,60,7,75,80,88,9,95,USA:30,USA:50}'::text[])))",
                                                                        "Rows Removed by Filter": 31
                                                                    }
                                                                ]
                                                            },
                                                            {
                                                                "Node Type": "Seq Scan",
                                                                "Parent Relationship": "Inner",
                                                                "Parallel Aware": false,
                                                                "Async Capable": false,
                                                                "Relation Name": "info_type",
                                                                "Alias": "it2",
                                                                "Startup Cost": 0.0,
                                                                "Total Cost": 2.41,
                                                                "Plan Rows": 1,
                                                                "Plan Width": 4,
                                                                "Actual Startup Time": 0.001,
                                                                "Actual Total Time": 0.002,
                                                                "Actual Rows": 1,
                                                                "Actual Loops": 3039,
                                                                "Filter": "(id = 1)",
                                                                "Rows Removed by Filter": 112
                                                            }
                                                        ]
                                                    },
                                                    {
                                                        "Node Type": "Index Scan",
                                                        "Parent Relationship": "Inner",
                                                        "Parallel Aware": false,
                                                        "Async Capable": false,
                                                        "Scan Direction": "Forward",
                                                        "Index Name": "movie_id_cast_info",
                                                        "Relation Name": "cast_info",
                                                        "Alias": "ci",
                                                        "Startup Cost": 0.44,
                                                        "Total Cost": 46.92,
                                                        "Plan Rows": 38,
                                                        "Plan Width": 12,
                                                        "Actual Startup Time": 0.003,
                                                        "Actual Total Time": 0.03,
                                                        "Actual Rows": 27,
                                                        "Actual Loops": 3039,
                                                        "Index Cond": "(movie_id = mk.movie_id)",
                                                        "Rows Removed by Index Recheck": 0
                                                    }
                                                ]
                                            },
                                            {
                                                "Node Type": "Index Scan",
                                                "Parent Relationship": "Inner",
                                                "Parallel Aware": false,
                                                "Async Capable": false,
                                                "Scan Direction": "Forward",
                                                "Index Name": "role_type_pkey",
                                                "Relation Name": "role_type",
                                                "Alias": "rt",
                                                "Startup Cost": 0.14,
                                                "Total Cost": 0.16,
                                                "Plan Rows": 1,
                                                "Plan Width": 4,
                                                "Actual Startup Time": 0.0,
                                                "Actual Total Time": 0.0,
                                                "Actual Rows": 0,
                                                "Actual Loops": 82907,
                                                "Index Cond": "(id = ci.role_id)",
                                                "Rows Removed by Index Recheck": 0,
                                                "Filter": "((role)::text = ANY ('{composer,\"costume designer\"}'::text[]))",
                                                "Rows Removed by Filter": 1
                                            }
                                        ]
                                    },
                                    {
                                        "Node Type": "Index Scan",
                                        "Parent Relationship": "Inner",
                                        "Parallel Aware": false,
                                        "Async Capable": false,
                                        "Scan Direction": "Forward",
                                        "Index Name": "name_pkey",
                                        "Relation Name": "name",
                                        "Alias": "n",
                                        "Startup Cost": 0.43,
                                        "Total Cost": 2.53,
                                        "Plan Rows": 1,
                                        "Plan Width": 4,
                                        "Actual Startup Time": 0.003,
                                        "Actual Total Time": 0.003,
                                        "Actual Rows": 0,
                                        "Actual Loops": 3155,
                                        "Index Cond": "(id = ci.person_id)",
                                        "Rows Removed by Index Recheck": 0,
                                        "Filter": "((gender)::text = ANY ('{f,m}'::text[]))",
                                        "Rows Removed by Filter": 1
                                    }
                                ]
                            }
                        ]
                    },
                    "Planning Time": 9.961,
                    "Triggers": [],
                    "Execution Time": 461.415
                }
            ],
            "hints": [
                "SET enable_hashjoin TO on",
                "SET enable_indexonlyscan TO on",
                "SET enable_indexscan TO on",
                "SET enable_mergejoin TO on",
                "SET enable_nestloop TO on",
                "SET enable_seqscan TO on"
            ]
        },
        {
            "arm": 1,
            "execution_time": 5613.83,
            "plan": [
                {
                    "Plan": {
                        "Node Type": "Aggregate",
                        "Strategy": "Plain",
                        "Partial Mode": "Simple",
                        "Parallel Aware": false,
                        "Async Capable": false,
                        "Startup Cost": 20018903468.82,
                        "Total Cost": 20018903468.83,
                        "Plan Rows": 1,
                        "Plan Width": 8,
                        "Actual Startup Time": 5611.356,
                        "Actual Total Time": 5611.369,
                        "Actual Rows": 1,
                        "Actual Loops": 1,
                        "Plans": [
                            {
                                "Node Type": "Hash Join",
                                "Parent Relationship": "Outer",
                                "Parallel Aware": false,
                                "Async Capable": false,
                                "Join Type": "Inner",
                                "Startup Cost": 20018785572.76,
                                "Total Cost": 20018903468.82,
                                "Plan Rows": 1,
                                "Plan Width": 0,
                                "Actual Startup Time": 5269.491,
                                "Actual Total Time": 5611.32,
                                "Actual Rows": 1412,
                                "Actual Loops": 1,
                                "Inner Unique": true,
                                "Hash Cond": "(mk.keyword_id = k.id)",
                                "Plans": [
                                    {
                                        "Node Type": "Nested Loop",
                                        "Parent Relationship": "Outer",
                                        "Parallel Aware": false,
                                        "Async Capable": false,
                                        "Join Type": "Inner",
                                        "Startup Cost": 20018781210.36,
                                        "Total Cost": 20018899106.33,
                                        "Plan Rows": 34,
                                        "Plan Width": 4,
                                        "Actual Startup Time": 5256.253,
                                        "Actual Total Time": 5596.416,
                                        "Actual Rows": 74005,
                                        "Actual Loops": 1,
                                        "Inner Unique": false,
                                        "Plans": [
                                            {
                                                "Node Type": "Hash Join",
                                                "Parent Relationship": "Outer",
                                                "Parallel Aware": false,
                                                "Async Capable": false,
                                                "Join Type": "Inner",
                                                "Startup Cost": 10018781210.36,
                                                "Total Cost": 10018899103.49,
                                                "Plan Rows": 34,
                                                "Plan Width": 8,
                                                "Actual Startup Time": 5256.244,
                                                "Actual Total Time": 5587.415,
                                                "Actual Rows": 74005,
                                                "Actual Loops": 1,
                                                "Inner Unique": false,
                                                "Hash Cond": "(n.id = ci.person_id)",
                                                "Plans": [
                                                    {
                                                        "Node Type": "Seq Scan",
                                                        "Parent Relationship": "Outer",
                                                        "Parallel Aware": false,
                                                        "Async Capable": false,
                                                        "Relation Name": "name",
                                                        "Alias": "n",
                                                        "Startup Cost": 0.0,
                                                        "Total Cost": 107749.64,
                                                        "Plan Rows": 2704841,
                                                        "Plan Width": 4,
                                                        "Actual Startup Time": 0.005,
                                                        "Actual Total Time": 235.158,
                                                        "Actual Rows": 2701134,
                                                        "Actual Loops": 1,
                                                        "Filter": "((gender)::text = ANY ('{f,m}'::text[]))",
                                                        "Rows Removed by Filter": 1466357
                                                    },
                                                    {
                                                        "Node Type": "Hash",
                                                        "Parent Relationship": "Inner",
                                                        "Parallel Aware": false,
                                                        "Async Capable": false,
                                                        "Startup Cost": 10018781209.71,
                                                        "Total Cost": 10018781209.71,
                                                        "Plan Rows": 52,
                                                        "Plan Width": 12,
                                                        "Actual Startup Time": 5255.681,
                                                        "Actual Total Time": 5255.692,
                                                        "Actual Rows": 167777,
                                                        "Actual Loops": 1,
                                                        "Hash Buckets": 262144,
                                                        "Original Hash Buckets": 1024,
                                                        "Hash Batches": 1,
                                                        "Original Hash Batches": 1,
                                                        "Peak Memory Usage": 9258,
                                                        "Plans": [
                                                            {
                                                                "Node Type": "Hash Join",
                                                                "Parent Relationship": "Outer",
                                                                "Parallel Aware": false,
                                                                "Async Capable": false,
                                                                "Join Type": "Inner",
                                                                "Startup Cost": 10018396913.14,
                                                                "Total Cost": 10018781209.71,
                                                                "Plan Rows": 52,
                                                                "Plan Width": 12,
                                                                "Actual Startup Time": 4924.723,
                                                                "Actual Total Time": 5247.996,
                                                                "Actual Rows": 167777,
                                                                "Actual Loops": 1,
                                                                "Inner Unique": true,
                                                                "Hash Cond": "(t.kind_id = kt.id)",
                                                                "Plans": [
                                                                    {
                                                                        "Node Type": "Hash Join",
                                                                        "Parent Relationship": "Outer",
                                                                        "Parallel Aware": false,
                                                                        "Async Capable": false,
                                                                        "Join Type": "Inner",
                                                                        "Startup Cost": 10018396912.0,
                                                                        "Total Cost": 10018781208.09,
                                                                        "Plan Rows": 115,
                                                                        "Plan Width": 16,
                                                                        "Actual Startup Time": 4924.716,
                                                                        "Actual Total Time": 5238.245,
                                                                        "Actual Rows": 170865,
                                                                        "Actual Loops": 1,
                                                                        "Inner Unique": false,
                                                                        "Hash Cond": "(mi1.movie_id = t.id)",
                                                                        "Plans": [
                                                                            {
                                                                                "Node Type": "Seq Scan",
                                                                                "Parent Relationship": "Outer",
                                                                                "Parallel Aware": false,
                                                                                "Async Capable": false,
                                                                                "Relation Name": "movie_info",
                                                                                "Alias": "mi1",
                                                                                "Startup Cost": 0.0,
                                                                                "Total Cost": 383860.66,
                                                                                "Plan Rows": 115809,
                                                                                "Plan Width": 8,
                                                                                "Actual Startup Time": 406.698,
                                                                                "Actual Total Time": 686.675,
                                                                                "Actual Rows": 1288928,
                                                                                "Actual Loops": 1,
                                                                                "Filter": "((info = ANY ('{\"Black and White\",Color}'::text[])) AND (info_type_id = 2))",
                                                                                "Rows Removed by Filter": 13546792
                                                                            },
                                                                            {
                                                                                "Node Type": "Hash",
                                                                                "Parent Relationship": "Inner",
                                                                                "Parallel Aware": false,
                                                                                "Async Capable": false,
                                                                                "Startup Cost": 10018396880.69,
                                                                                "Total Cost": 10018396880.69,
                                                                                "Plan Rows": 2505,
                                                                                "Plan Width": 28,
                                                                                "Actual Startup Time": 4496.974,
                                                                                "Actual Total Time": 4496.982,
                                                                                "Actual Rows": 166434,
                                                                                "Actual Loops": 1,
                                                                                "Hash Buckets": 262144,
                                                                                "Original Hash Buckets": 4096,
                                                                                "Hash Batches": 1,
                                                                                "Original Hash Batches": 1,
                                                                                "Peak Memory Usage": 11800,
                                                                                "Plans": [
                                                                                    {
                                                                                        "Node Type": "Merge Join",
                                                                                        "Parent Relationship": "Outer",
                                                                                        "Parallel Aware": false,
                                                                                        "Async Capable": false,
                                                                                        "Join Type": "Inner",
                                                                                        "Startup Cost": 10001629456.29,
                                                                                        "Total Cost": 10018396880.69,
                                                                                        "Plan Rows": 2505,
                                                                                        "Plan Width": 28,
                                                                                        "Actual Startup Time": 2561.721,
                                                                                        "Actual Total Time": 4487.252,
                                                                                        "Actual Rows": 166434,
                                                                                        "Actual Loops": 1,
                                                                                        "Inner Unique": false,
                                                                                        "Merge Cond": "(ci.movie_id = t.id)",
                                                                                        "Plans": [
                                                                                            {
                                                                                                "Node Type": "Sort",
                                                                                                "Parent Relationship": "Outer",
                                                                                                "Parallel Aware": false,
                                                                                                "Async Capable": false,
                                                                                                "Startup Cost": 1506872.55,
                                                                                                "Total Cost": 1521974.36,
                                                                                                "Plan Rows": 6040724,
                                                                                                "Plan Width": 8,
                                                                                                "Actual Startup Time": 2412.383,
                                                                                                "Actual Total Time": 2458.936,
                                                                                                "Actual Rows": 1049648,
                                                                                                "Actual Loops": 1,
                                                                                                "Sort Key": [
                                                                                                    "ci.movie_id"
                                                                                                ],
                                                                                                "Sort Method": "external merge",
                                                                                                "Sort Space Used": 18504,
                                                                                                "Sort Space Type": "Disk",
                                                                                                "Plans": [
                                                                                                    {
                                                                                                        "Node Type": "Hash Join",
                                                                                                        "Parent Relationship": "Outer",
                                                                                                        "Parallel Aware": false,
                                                                                                        "Async Capable": false,
                                                                                                        "Join Type": "Inner",
                                                                                                        "Startup Cost": 1.17,
                                                                                                        "Total Cost": 743907.55,
                                                                                                        "Plan Rows": 6040724,
                                                                                                        "Plan Width": 8,
                                                                                                        "Actual Startup Time": 2049.434,
                                                                                                        "Actual Total Time": 2319.346,
                                                                                                        "Actual Rows": 1050077,
                                                                                                        "Actual Loops": 1,
                                                                                                        "Inner Unique": true,
                                                                                                        "Hash Cond": "(ci.role_id = rt.id)",
                                                                                                        "Plans": [
                                                                                                            {
                                                                                                                "Node Type": "Seq Scan",
                                                                                                                "Parent Relationship": "Outer",
                                                                                                                "Parallel Aware": false,
                                                                                                                "Async Capable": false,
                                                                                                                "Relation Name": "cast_info",
                                                                                                                "Alias": "ci",
                                                                                                                "Startup Cost": 0.0,
                                                                                                                "Total Cost": 615163.44,
                                                                                                                "Plan Rows": 36244344,
                                                                                                                "Plan Width": 12,
                                                                                                                "Actual Startup Time": 0.004,
                                                                                                                "Actual Total Time": 1097.905,
                                                                                                                "Actual Rows": 36244344,
                                                                                                                "Actual Loops": 1
                                                                                                            },
                                                                                                            {
                                                                                                                "Node Type": "Hash",
                                                                                                                "Parent Relationship": "Inner",
                                                                                                                "Parallel Aware": false,
                                                                                                                "Async Capable": false,
                                                                                                                "Startup Cost": 1.15,
                                                                                                                "Total Cost": 1.15,
                                                                                                                "Plan Rows": 2,
                                                                                                                "Plan Width": 4,
                                                                                                                "Actual Startup Time": 0.006,
                                                                                                                "Actual Total Time": 0.007,
                                                                                                                "Actual Rows": 2,
                                                                                                                "Actual Loops": 1,
                                                                                                                "Hash Buckets": 1024,
                                                                                                                "Original Hash Buckets": 1024,
                                                                                                                "Hash Batches": 1,
                                                                                                                "Original Hash Batches": 1,
                                                                                                                "Peak Memory Usage": 9,
                                                                                                                "Plans": [
                                                                                                                    {
                                                                                                                        "Node Type": "Seq Scan",
                                                                                                                        "Parent Relationship": "Outer",
                                                                                                                        "Parallel Aware": false,
                                                                                                                        "Async Capable": false,
                                                                                                                        "Relation Name": "role_type",
                                                                                                                        "Alias": "rt",
                                                                                                                        "Startup Cost": 0.0,
                                                                                                                        "Total Cost": 1.15,
                                                                                                                        "Plan Rows": 2,
                                                                                                                        "Plan Width": 4,
                                                                                                                        "Actual Startup Time": 0.004,
                                                                                                                        "Actual Total Time": 0.005,
                                                                                                                        "Actual Rows": 2,
                                                                                                                        "Actual Loops": 1,
                                                                                                                        "Filter": "((role)::text = ANY ('{composer,\"costume designer\"}'::text[]))",
                                                                                                                        "Rows Removed by Filter": 10
                                                                                                                    }
                                                                                                                ]
                                                                                                            }
                                                                                                        ]
                                                                                                    }
                                                                                                ]
                                                                                            },
                                                                                            {
                                                                                                "Node Type": "Materialize",
                                                                                                "Parent Relationship": "Inner",
                                                                                                "Parallel Aware": false,
                                                                                                "Async Capable": false,
                                                                                                "Startup Cost": 10000122583.74,
                                                                                                "Total Cost": 10016875755.43,
                                                                                                "Plan Rows": 1048,
                                                                                                "Plan Width": 20,
                                                                                                "Actual Startup Time": 149.164,
                                                                                                "Actual Total Time": 1991.958,
                                                                                                "Actual Rows": 209045,
                                                                                                "Actual Loops": 1,
                                                                                                "Plans": [
                                                                                                    {
                                                                                                        "Node Type": "Merge Join",
                                                                                                        "Parent Relationship": "Outer",
                                                                                                        "Parallel Aware": false,
                                                                                                        "Async Capable": false,
                                                                                                        "Join Type": "Inner",
                                                                                                        "Startup Cost": 10000122583.74,
                                                                                                        "Total Cost": 10016875752.81,
                                                                                                        "Plan Rows": 1048,
                                                                                                        "Plan Width": 20,
                                                                                                        "Actual Startup Time": 149.161,
                                                                                                        "Actual Total Time": 1978.016,
                                                                                                        "Actual Rows": 155321,
                                                                                                        "Actual Loops": 1,
                                                                                                        "Inner Unique": false,
                                                                                                        "Merge Cond": "(t.id = mk.movie_id)",
                                                                                                        "Plans": [
                                                                                                            {
                                                                                                                "Node Type": "Merge Join",
                                                                                                                "Parent Relationship": "Outer",
                                                                                                                "Parallel Aware": false,
                                                                                                                "Async Capable": false,
                                                                                                                "Join Type": "Inner",
                                                                                                                "Startup Cost": 10000122583.31,
                                                                                                                "Total Cost": 10016760132.91,
                                                                                                                "Plan Rows": 586,
                                                                                                                "Plan Width": 12,
                                                                                                                "Actual Startup Time": 149.033,
                                                                                                                "Actual Total Time": 1647.551,
                                                                                                                "Actual Rows": 33874,
                                                                                                                "Actual Loops": 1,
                                                                                                                "Inner Unique": true,
                                                                                                                "Merge Cond": "(mi2.movie_id = t.id)",
                                                                                                                "Plans": [
                                                                                                                    {
                                                                                                                        "Node Type": "Nested Loop",
                                                                                                                        "Parent Relationship": "Outer",
                                                                                                                        "Parallel Aware": false,
                                                                                                                        "Async Capable": false,
                                                                                                                        "Join Type": "Inner",
                                                                                                                        "Startup Cost": 10000000000.43,
                                                                                                                        "Total Cost": 10016635277.34,
                                                                                                                        "Plan Rows": 3279,
                                                                                                                        "Plan Width": 4,
                                                                                                                        "Actual Startup Time": 0.06,
                                                                                                                        "Actual Total Time": 1468.462,
                                                                                                                        "Actual Rows": 101698,
                                                                                                                        "Actual Loops": 1,
                                                                                                                        "Inner Unique": false,
                                                                                                                        "Plans": [
                                                                                                                            {
                                                                                                                                "Node Type": "Index Scan",
                                                                                                                                "Parent Relationship": "Outer",
                                                                                                                                "Parallel Aware": false,
                                                                                                                                "Async Capable": false,
                                                                                                                                "Scan Direction": "Forward",
                                                                                                                                "Index Name": "movie_id_movie_info",
                                                                                                                                "Relation Name": "movie_info",
                                                                                                                                "Alias": "mi2",
                                                                                                                                "Startup Cost": 0.43,
                                                                                                                                "Total Cost": 16635233.94,
                                                                                                                                "Plan Rows": 3279,
                                                                                                                                "Plan Width": 8,
                                                                                                                                "Actual Startup Time": 0.053,
                                                                                                                                "Actual Total Time": 1455.681,
                                                                                                                                "Actual Rows": 101698,
                                                                                                                                "Actual Loops": 1,
                                                                                                                                "Filter": "((info_type_id = 1) AND (info = ANY ('{100,6,60,7,75,80,88,9,95,USA:30,USA:50}'::text[])))",
                                                                                                                                "Rows Removed by Filter": 14734022
                                                                                                                            },
                                                                                                                            {
                                                                                                                                "Node Type": "Materialize",
                                                                                                                                "Parent Relationship": "Inner",
                                                                                                                                "Parallel Aware": false,
                                                                                                                                "Async Capable": false,
                                                                                                                                "Startup Cost": 0.0,
                                                                                                                                "Total Cost": 2.42,
                                                                                                                                "Plan Rows": 1,
                                                                                                                                "Plan Width": 4,
                                                                                                                                "Actual Startup Time": 0.0,
                                                                                                                                "Actual Total Time": 0.0,
                                                                                                                                "Actual Rows": 1,
                                                                                                                                "Actual Loops": 101698,
                                                                                                                                "Plans": [
                                                                                                                                    {
                                                                                                                                        "Node Type": "Seq Scan",
                                                                                                                                        "Parent Relationship": "Outer",
                                                                                                                                        "Parallel Aware": false,
                                                                                                                                        "Async Capable": false,
                                                                                                                                        "Relation Name": "info_type",
                                                                                                                                        "Alias": "it2",
                                                                                                                                        "Startup Cost": 0.0,
                                                                                                                                        "Total Cost": 2.41,
                                                                                                                                        "Plan Rows": 1,
                                                                                                                                        "Plan Width": 4,
                                                                                                                                        "Actual Startup Time": 0.005,
                                                                                                                                        "Actual Total Time": 0.008,
                                                                                                                                        "Actual Rows": 1,
                                                                                                                                        "Actual Loops": 1,
                                                                                                                                        "Filter": "(id = 1)",
                                                                                                                                        "Rows Removed by Filter": 112
                                                                                                                                    }
                                                                                                                                ]
                                                                                                                            }
                                                                                                                        ]
                                                                                                                    },
                                                                                                                    {
                                                                                                                        "Node Type": "Sort",
                                                                                                                        "Parent Relationship": "Inner",
                                                                                                                        "Parallel Aware": false,
                                                                                                                        "Async Capable": false,
                                                                                                                        "Startup Cost": 122582.88,
                                                                                                                        "Total Cost": 123713.11,
                                                                                                                        "Plan Rows": 452092,
                                                                                                                        "Plan Width": 8,
                                                                                                                        "Actual Startup Time": 147.752,
                                                                                                                        "Actual Total Time": 163.265,
                                                                                                                        "Actual Rows": 451219,
                                                                                                                        "Actual Loops": 1,
                                                                                                                        "Sort Key": [
                                                                                                                            "t.id"
                                                                                                                        ],
                                                                                                                        "Sort Method": "external merge",
                                                                                                                        "Sort Space Used": 7960,
                                                                                                                        "Sort Space Type": "Disk",
                                                                                                                        "Plans": [
                                                                                                                            {
                                                                                                                                "Node Type": "Seq Scan",
                                                                                                                                "Parent Relationship": "Outer",
                                                                                                                                "Parallel Aware": false,
                                                                                                                                "Async Capable": false,
                                                                                                                                "Relation Name": "title",
                                                                                                                                "Alias": "t",
                                                                                                                                "Startup Cost": 0.0,
                                                                                                                                "Total Cost": 73936.29,
                                                                                                                                "Plan Rows": 452092,
                                                                                                                                "Plan Width": 8,
                                                                                                                                "Actual Startup Time": 0.004,
                                                                                                                                "Actual Total Time": 101.439,
                                                                                                                                "Actual Rows": 451569,
                                                                                                                                "Actual Loops": 1,
                                                                                                                                "Filter": "((production_year <= 1975) AND (production_year >= 1875))",
                                                                                                                                "Rows Removed by Filter": 2076743
                                                                                                                            }
                                                                                                                        ]
                                                                                                                    }
                                                                                                                ]
                                                                                                            },
                                                                                                            {
                                                                                                                "Node Type": "Index Scan",
                                                                                                                "Parent Relationship": "Inner",
                                                                                                                "Parallel Aware": false,
                                                                                                                "Async Capable": false,
                                                                                                                "Scan Direction": "Forward",
                                                                                                                "Index Name": "movie_id_movie_keyword",
                                                                                                                "Relation Name": "movie_keyword",
                                                                                                                "Alias": "mk",
                                                                                                                "Startup Cost": 0.43,
                                                                                                                "Total Cost": 132689.86,
                                                                                                                "Plan Rows": 4523930,
                                                                                                                "Plan Width": 8,
                                                                                                                "Actual Startup Time": 0.006,
                                                                                                                "Actual Total Time": 215.018,
                                                                                                                "Actual Rows": 4524515,
                                                                                                                "Actual Loops": 1
                                                                                                            }
                                                                                                        ]
                                                                                                    }
                                                                                                ]
                                                                                            }
                                                                                        ]
                                                                                    }
                                                                                ]
                                                                            }
                                                                        ]
                                                                    },
                                                                    {
                                                                        "Node Type": "Hash",
                                                                        "Parent Relationship": "Inner",
                                                                        "Parallel Aware": false,
                                                                        "Async Capable": false,
                                                                        "Startup Cost": 1.1,
                                                                        "Total Cost": 1.1,
                                                                        "Plan Rows": 3,
                                                                        "Plan Width": 4,
                                                                        "Actual Startup Time": 0.004,
                                                                        "Actual Total Time": 0.005,
                                                                        "Actual Rows": 3,
                                                                        "Actual Loops": 1,
                                                                        "Hash Buckets": 1024,
                                                                        "Original Hash Buckets": 1024,
                                                                        "Hash Batches": 1,
                                                                        "Original Hash Batches": 1,
                                                                        "Peak Memory Usage": 9,
                                                                        "Plans": [
                                                                            {
                                                                                "Node Type": "Seq Scan",
                                                                                "Parent Relationship": "Outer",
                                                                                "Parallel Aware": false,
                                                                                "Async Capable": false,
                                                                                "Relation Name": "kind_type",
                                                                                "Alias": "kt",
                                                                                "Startup Cost": 0.0,
                                                                                "Total Cost": 1.1,
                                                                                "Plan Rows": 3,
                                                                                "Plan Width": 4,
                                                                                "Actual Startup Time": 0.002,
                                                                                "Actual Total Time": 0.003,
                                                                                "Actual Rows": 3,
                                                                                "Actual Loops": 1,
                                                                                "Filter": "((kind)::text = ANY ('{episode,movie,\"tv movie\"}'::text[]))",
                                                                                "Rows Removed by Filter": 4
                                                                            }
                                                                        ]
                                                                    }
                                                                ]
                                                            }
                                                        ]
                                                    }
                                                ]
                                            },
                                            {
                                                "Node Type": "Materialize",
                                                "Parent Relationship": "Inner",
                                                "Parallel Aware": false,
                                                "Async Capable": false,
                                                "Startup Cost": 0.0,
                                                "Total Cost": 2.42,
                                                "Plan Rows": 1,
                                                "Plan Width": 4,
                                                "Actual Startup Time": 0.0,
                                                "Actual Total Time": 0.0,
                                                "Actual Rows": 1,
                                                "Actual Loops": 74005,
                                                "Plans": [
                                                    {
                                                        "Node Type": "Seq Scan",
                                                        "Parent Relationship": "Outer",
                                                        "Parallel Aware": false,
                                                        "Async Capable": false,
                                                        "Relation Name": "info_type",
                                                        "Alias": "it1",
                                                        "Startup Cost": 0.0,
                                                        "Total Cost": 2.41,
                                                        "Plan Rows": 1,
                                                        "Plan Width": 4,
                                                        "Actual Startup Time": 0.005,
                                                        "Actual Total Time": 0.007,
                                                        "Actual Rows": 1,
                                                        "Actual Loops": 1,
                                                        "Filter": "(id = 2)",
                                                        "Rows Removed by Filter": 112
                                                    }
                                                ]
                                            }
                                        ]
                                    },
                                    {
                                        "Node Type": "Hash",
                                        "Parent Relationship": "Inner",
                                        "Parallel Aware": false,
                                        "Async Capable": false,
                                        "Startup Cost": 4362.25,
                                        "Total Cost": 4362.25,
                                        "Plan Rows": 12,
                                        "Plan Width": 4,
                                        "Actual Startup Time": 12.837,
                                        "Actual Total Time": 12.838,
                                        "Actual Rows": 12,
                                        "Actual Loops": 1,
                                        "Hash Buckets": 1024,
                                        "Original Hash Buckets": 1024,
                                        "Hash Batches": 1,
                                        "Original Hash Batches": 1,
                                        "Peak Memory Usage": 9,
                                        "Plans": [
                                            {
                                                "Node Type": "Seq Scan",
                                                "Parent Relationship": "Outer",
                                                "Parallel Aware": false,
                                                "Async Capable": false,
                                                "Relation Name": "keyword",
                                                "Alias": "k",
                                                "Startup Cost": 0.0,
                                                "Total Cost": 4362.25,
                                                "Plan Rows": 12,
                                                "Plan Width": 4,
                                                "Actual Startup Time": 0.03,
                                                "Actual Total Time": 12.835,
                                                "Actual Rows": 12,
                                                "Actual Loops": 1,
                                                "Filter": "(keyword = ANY ('{bare-breasts,dog,female-nudity,fight,hardcore,homosexual,independent-film,interview,kidnapping,new-york-city,revenge,singer}'::text[]))",
                                                "Rows Removed by Filter": 134158
                                            }
                                        ]
                                    }
                                ]
                            }
                        ]
                    },
                    "Planning Time": 12.535,
                    "Triggers": [],
                    "Execution Time": 5613.83
                }
            ],
            "hints": [
                "SET enable_hashjoin TO on",
                "SET enable_indexonlyscan TO on",
                "SET enable_indexscan TO on",
                "SET enable_mergejoin TO on",
                "SET enable_nestloop TO off",
                "SET enable_seqscan TO on"
            ]
        },
        {
            "arm": 2,
            "execution_time": 1553.572,
            "plan": [
                {
                    "Plan": {
                        "Node Type": "Aggregate",
                        "Strategy": "Plain",
                        "Partial Mode": "Finalize",
                        "Parallel Aware": false,
                        "Async Capable": false,
                        "Startup Cost": 945030.57,
                        "Total Cost": 945030.58,
                        "Plan Rows": 1,
                        "Plan Width": 8,
                        "Actual Startup Time": 1524.305,
                        "Actual Total Time": 1553.52,
                        "Actual Rows": 1,
                        "Actual Loops": 1,
                        "Plans": [
                            {
                                "Node Type": "Gather",
                                "Parent Relationship": "Outer",
                                "Parallel Aware": false,
                                "Async Capable": false,
                                "Startup Cost": 945030.15,
                                "Total Cost": 945030.56,
                                "Plan Rows": 4,
                                "Plan Width": 8,
                                "Actual Startup Time": 1522.904,
                                "Actual Total Time": 1553.514,
                                "Actual Rows": 5,
                                "Actual Loops": 1,
                                "Workers Planned": 4,
                                "Workers Launched": 4,
                                "Single Copy": false,
                                "Plans": [
                                    {
                                        "Node Type": "Aggregate",
                                        "Strategy": "Plain",
                                        "Partial Mode": "Partial",
                                        "Parent Relationship": "Outer",
                                        "Parallel Aware": false,
                                        "Async Capable": false,
                                        "Startup Cost": 944030.15,
                                        "Total Cost": 944030.16,
                                        "Plan Rows": 1,
                                        "Plan Width": 8,
                                        "Actual Startup Time": 1520.545,
                                        "Actual Total Time": 1520.559,
                                        "Actual Rows": 1,
                                        "Actual Loops": 5,
                                        "Workers": [],
                                        "Plans": [
                                            {
                                                "Node Type": "Hash Join",
                                                "Parent Relationship": "Outer",
                                                "Parallel Aware": true,
                                                "Async Capable": false,
                                                "Join Type": "Inner",
                                                "Startup Cost": 872814.94,
                                                "Total Cost": 944030.15,
                                                "Plan Rows": 1,
                                                "Plan Width": 0,
                                                "Actual Startup Time": 1441.419,
                                                "Actual Total Time": 1520.542,
                                                "Actual Rows": 282,
                                                "Actual Loops": 5,
                                                "Inner Unique": false,
                                                "Hash Cond": "(n.id = ci.person_id)",
                                                "Workers": [],
                                                "Plans": [
                                                    {
                                                        "Node Type": "Seq Scan",
                                                        "Parent Relationship": "Outer",
                                                        "Parallel Aware": true,
                                                        "Async Capable": false,
                                                        "Relation Name": "name",
                                                        "Alias": "n",
                                                        "Startup Cost": 0.0,
                                                        "Total Cost": 68679.41,
                                                        "Plan Rows": 676210,
                                                        "Plan Width": 4,
                                                        "Actual Startup Time": 0.011,
                                                        "Actual Total Time": 54.294,
                                                        "Actual Rows": 540227,
                                                        "Actual Loops": 5,
                                                        "Filter": "((gender)::text = ANY ('{f,m}'::text[]))",
                                                        "Rows Removed by Filter": 293271,
                                                        "Workers": []
                                                    },
                                                    {
                                                        "Node Type": "Hash",
                                                        "Parent Relationship": "Inner",
                                                        "Parallel Aware": true,
                                                        "Async Capable": false,
                                                        "Startup Cost": 872814.93,
                                                        "Total Cost": 872814.93,
                                                        "Plan Rows": 1,
                                                        "Plan Width": 4,
                                                        "Actual Startup Time": 1440.249,
                                                        "Actual Total Time": 1440.262,
                                                        "Actual Rows": 631,
                                                        "Actual Loops": 5,
                                                        "Hash Buckets": 1024,
                                                        "Original Hash Buckets": 1024,
                                                        "Hash Batches": 1,
                                                        "Original Hash Batches": 1,
                                                        "Peak Memory Usage": 168,
                                                        "Workers": [],
                                                        "Plans": [
                                                            {
                                                                "Node Type": "Nested Loop",
                                                                "Parent Relationship": "Outer",
                                                                "Parallel Aware": false,
                                                                "Async Capable": false,
                                                                "Join Type": "Inner",
                                                                "Startup Cost": 666631.51,
                                                                "Total Cost": 872814.93,
                                                                "Plan Rows": 1,
                                                                "Plan Width": 4,
                                                                "Actual Startup Time": 1311.871,
                                                                "Actual Total Time": 1440.178,
                                                                "Actual Rows": 631,
                                                                "Actual Loops": 5,
                                                                "Inner Unique": true,
                                                                "Join Filter": "(ci.role_id = rt.id)",
                                                                "Rows Removed by Join Filter": 32049,
                                                                "Workers": [],
                                                                "Plans": [
                                                                    {
                                                                        "Node Type": "Nested Loop",
                                                                        "Parent Relationship": "Outer",
                                                                        "Parallel Aware": false,
                                                                        "Async Capable": false,
                                                                        "Join Type": "Inner",
                                                                        "Startup Cost": 666631.51,
                                                                        "Total Cost": 872813.75,
                                                                        "Plan Rows": 1,
                                                                        "Plan Width": 8,
                                                                        "Actual Startup Time": 1309.935,
                                                                        "Actual Total Time": 1428.023,
                                                                        "Actual Rows": 16581,
                                                                        "Actual Loops": 5,
                                                                        "Inner Unique": false,
                                                                        "Workers": [],
                                                                        "Plans": [
                                                                            {
                                                                                "Node Type": "Nested Loop",
                                                                                "Parent Relationship": "Outer",
                                                                                "Parallel Aware": false,
                                                                                "Async Capable": false,
                                                                                "Join Type": "Inner",
                                                                                "Startup Cost": 666631.51,
                                                                                "Total Cost": 872811.33,
                                                                                "Plan Rows": 1,
                                                                                "Plan Width": 12,
                                                                                "Actual Startup Time": 1309.932,
                                                                                "Actual Total Time": 1387.079,
                                                                                "Actual Rows": 16581,
                                                                                "Actual Loops": 5,
                                                                                "Inner Unique": false,
                                                                                "Workers": [],
                                                                                "Plans": [
                                                                                    {
                                                                                        "Node Type": "Hash Join",
                                                                                        "Parent Relationship": "Outer",
                                                                                        "Parallel Aware": true,
                                                                                        "Async Capable": false,
                                                                                        "Join Type": "Inner",
                                                                                        "Startup Cost": 666631.51,
                                                                                        "Total Cost": 872808.91,
                                                                                        "Plan Rows": 1,
                                                                                        "Plan Width": 16,
                                                                                        "Actual Startup Time": 1309.919,
                                                                                        "Actual Total Time": 1345.873,
                                                                                        "Actual Rows": 16581,
                                                                                        "Actual Loops": 5,
                                                                                        "Inner Unique": false,
                                                                                        "Hash Cond": "(mi1.movie_id = t.id)",
                                                                                        "Workers": [],
                                                                                        "Plans": [
                                                                                            {
                                                                                                "Node Type": "Seq Scan",
                                                                                                "Parent Relationship": "Outer",
                                                                                                "Parallel Aware": true,
                                                                                                "Async Capable": false,
                                                                                                "Relation Name": "movie_info",
                                                                                                "Alias": "mi1",
                                                                                                "Startup Cost": 0.0,
                                                                                                "Total Cost": 206090.53,
                                                                                                "Plan Rows": 23162,
                                                                                                "Plan Width": 8,
                                                                                                "Actual Startup Time": 91.994,
                                                                                                "Actual Total Time": 152.973,
                                                                                                "Actual Rows": 257786,
                                                                                                "Actual Loops": 5,
                                                                                                "Filter": "((info = ANY ('{\"Black and White\",Color}'::text[])) AND (info_type_id = 2))",
                                                                                                "Rows Removed by Filter": 2709358,
                                                                                                "Workers": []
                                                                                            },
                                                                                            {
                                                                                                "Node Type": "Hash",
                                                                                                "Parent Relationship": "Inner",
                                                                                                "Parallel Aware": true,
                                                                                                "Async Capable": false,
                                                                                                "Startup Cost": 666631.5,
                                                                                                "Total Cost": 666631.5,
                                                                                                "Plan Rows": 1,
                                                                                                "Plan Width": 28,
                                                                                                "Actual Startup Time": 1180.555,
                                                                                                "Actual Total Time": 1180.564,
                                                                                                "Actual Rows": 16168,
                                                                                                "Actual Loops": 5,
                                                                                                "Hash Buckets": 131072,
                                                                                                "Original Hash Buckets": 1024,
                                                                                                "Hash Batches": 1,
                                                                                                "Original Hash Batches": 1,
                                                                                                "Peak Memory Usage": 7160,
                                                                                                "Workers": [],
                                                                                                "Plans": [
                                                                                                    {
                                                                                                        "Node Type": "Nested Loop",
                                                                                                        "Parent Relationship": "Outer",
                                                                                                        "Parallel Aware": false,
                                                                                                        "Async Capable": false,
                                                                                                        "Join Type": "Inner",
                                                                                                        "Startup Cost": 333596.0,
                                                                                                        "Total Cost": 666631.5,
                                                                                                        "Plan Rows": 1,
                                                                                                        "Plan Width": 28,
                                                                                                        "Actual Startup Time": 285.552,
                                                                                                        "Actual Total Time": 1067.664,
                                                                                                        "Actual Rows": 16168,
                                                                                                        "Actual Loops": 5,
                                                                                                        "Inner Unique": true,
                                                                                                        "Join Filter": "(t.kind_id = kt.id)",
                                                                                                        "Rows Removed by Join Filter": 2295,
                                                                                                        "Workers": [],
                                                                                                        "Plans": [
                                                                                                            {
                                                                                                                "Node Type": "Hash Join",
                                                                                                                "Parent Relationship": "Outer",
                                                                                                                "Parallel Aware": true,
                                                                                                                "Async Capable": false,
                                                                                                                "Join Type": "Inner",
                                                                                                                "Startup Cost": 333596.0,
                                                                                                                "Total Cost": 666630.36,
                                                                                                                "Plan Rows": 1,
                                                                                                                "Plan Width": 32,
                                                                                                                "Actual Startup Time": 285.542,
                                                                                                                "Actual Total Time": 1061.818,
                                                                                                                "Actual Rows": 16341,
                                                                                                                "Actual Loops": 5,
                                                                                                                "Inner Unique": false,
                                                                                                                "Hash Cond": "(t.id = mi2.movie_id)",
                                                                                                                "Workers": [],
                                                                                                                "Plans": [
                                                                                                                    {
                                                                                                                        "Node Type": "Hash Join",
                                                                                                                        "Parent Relationship": "Outer",
                                                                                                                        "Parallel Aware": true,
                                                                                                                        "Async Capable": false,
                                                                                                                        "Join Type": "Inner",
                                                                                                                        "Startup Cost": 46902.86,
                                                                                                                        "Total Cost": 375887.02,
                                                                                                                        "Plan Rows": 1080050,
                                                                                                                        "Plan Width": 20,
                                                                                                                        "Actual Startup Time": 45.039,
                                                                                                                        "Actual Total Time": 771.026,
                                                                                                                        "Actual Rows": 1022651,
                                                                                                                        "Actual Loops": 5,
                                                                                                                        "Inner Unique": true,
                                                                                                                        "Hash Cond": "(ci.movie_id = t.id)",
                                                                                                                        "Workers": [],
                                                                                                                        "Plans": [
                                                                                                                            {
                                                                                                                                "Node Type": "Seq Scan",
                                                                                                                                "Parent Relationship": "Outer",
                                                                                                                                "Parallel Aware": true,
                                                                                                                                "Async Capable": false,
                                                                                                                                "Relation Name": "cast_info",
                                                                                                                                "Alias": "ci",
                                                                                                                                "Startup Cost": 0.0,
                                                                                                                                "Total Cost": 313127.24,
                                                                                                                                "Plan Rows": 6040724,
                                                                                                                                "Plan Width": 12,
                                                                                                                                "Actual Startup Time": 0.014,
                                                                                                                                "Actual Total Time": 234.083,
                                                                                                                                "Actual Rows": 7248869,
                                                                                                                                "Actual Loops": 5,
                                                                                                                                "Workers": []
                                                                                                                            },
                                                                                                                            {
                                                                                                                                "Node Type": "Hash",
                                                                                                                                "Parent Relationship": "Inner",
                                                                                                                                "Parallel Aware": true,
                                                                                                                                "Async Capable": false,
                                                                                                                                "Startup Cost": 45490.07,
                                                                                                                                "Total Cost": 45490.07,
                                                                                                                                "Plan Rows": 113023,
                                                                                                                                "Plan Width": 8,
                                                                                                                                "Actual Startup Time": 44.623,
                                                                                                                                "Actual Total Time": 44.624,
                                                                                                                                "Actual Rows": 90314,
                                                                                                                                "Actual Loops": 5,
                                                                                                                                "Hash Buckets": 524288,
                                                                                                                                "Original Hash Buckets": 524288,
                                                                                                                                "Hash Batches": 1,
                                                                                                                                "Original Hash Batches": 1,
                                                                                                                                "Peak Memory Usage": 21824,
                                                                                                                                "Workers": [],
                                                                                                                                "Plans": [
                                                                                                                                    {
                                                                                                                                        "Node Type": "Seq Scan",
                                                                                                                                        "Parent Relationship": "Outer",
                                                                                                                                        "Parallel Aware": true,
                                                                                                                                        "Async Capable": false,
                                                                                                                                        "Relation Name": "title",
                                                                                                                                        "Alias": "t",
                                                                                                                                        "Startup Cost": 0.0,
                                                                                                                                        "Total Cost": 45490.07,
                                                                                                                                        "Plan Rows": 113023,
                                                                                                                                        "Plan Width": 8,
                                                                                                                                        "Actual Startup Time": 0.016,
                                                                                                                                        "Actual Total Time": 32.072,
                                                                                                                                        "Actual Rows": 90314,
                                                                                                                                        "Actual Loops": 5,
                                                                                                                                        "Filter": "((production_year <= 1975) AND (production_year >= 1875))",
                                                                                                                                        "Rows Removed by Filter": 415349,
                                                                                                                                        "Workers": []
                                                                                                                                    }
                                                                                                                                ]
                                                                                                                            }
                                                                                                                        ]
                                                                                                                    },
                                                                                                                    {
                                                                                                                        "Node Type": "Hash",
                                                                                                                        "Parent Relationship": "Inner",
                                                                                                                        "Parallel Aware": true,
                                                                                                                        "Async Capable": false,
                                                                                                                        "Startup Cost": 286693.13,
                                                                                                                        "Total Cost": 286693.13,
                                                                                                                        "Plan Rows": 1,
                                                                                                                        "Plan Width": 12,
                                                                                                                        "Actual Startup Time": 239.83,
                                                                                                                        "Actual Total Time": 239.834,
                                                                                                                        "Actual Rows": 2663,
                                                                                                                        "Actual Loops": 5,
                                                                                                                        "Hash Buckets": 16384,
                                                                                                                        "Original Hash Buckets": 1024,
                                                                                                                        "Hash Batches": 1,
                                                                                                                        "Original Hash Batches": 1,
                                                                                                                        "Peak Memory Usage": 952,
                                                                                                                        "Workers": [],
                                                                                                                        "Plans": [
                                                                                                                            {
                                                                                                                                "Node Type": "Hash Join",
                                                                                                                                "Parent Relationship": "Outer",
                                                                                                                                "Parallel Aware": true,
                                                                                                                                "Async Capable": false,
                                                                                                                                "Join Type": "Inner",
                                                                                                                                "Startup Cost": 47268.23,
                                                                                                                                "Total Cost": 286693.13,
                                                                                                                                "Plan Rows": 1,
                                                                                                                                "Plan Width": 12,
                                                                                                                                "Actual Startup Time": 116.858,
                                                                                                                                "Actual Total Time": 229.606,
                                                                                                                                "Actual Rows": 2663,
                                                                                                                                "Actual Loops": 5,
                                                                                                                                "Inner Unique": false,
                                                                                                                                "Hash Cond": "(mi2.movie_id = mk.movie_id)",
                                                                                                                                "Workers": [],
                                                                                                                                "Plans": [
                                                                                                                                    {
                                                                                                                                        "Node Type": "Seq Scan",
                                                                                                                                        "Parent Relationship": "Outer",
                                                                                                                                        "Parallel Aware": true,
                                                                                                                                        "Async Capable": false,
                                                                                                                                        "Relation Name": "movie_info",
                                                                                                                                        "Alias": "mi2",
                                                                                                                                        "Startup Cost": 0.0,
                                                                                                                                        "Total Cost": 239422.43,
                                                                                                                                        "Plan Rows": 656,
                                                                                                                                        "Plan Width": 8,
                                                                                                                                        "Actual Startup Time": 28.165,
                                                                                                                                        "Actual Total Time": 138.401,
                                                                                                                                        "Actual Rows": 20340,
                                                                                                                                        "Actual Loops": 5,
                                                                                                                                        "Filter": "((info_type_id = 1) AND (info = ANY ('{100,6,60,7,75,80,88,9,95,USA:30,USA:50}'::text[])))",
                                                                                                                                        "Rows Removed by Filter": 2946804,
                                                                                                                                        "Workers": []
                                                                                                                                    },
                                                                                                                                    {
                                                                                                                                        "Node Type": "Hash",
                                                                                                                                        "Parent Relationship": "Inner",
                                                                                                                                        "Parallel Aware": true,
                                                                                                                                        "Async Capable": false,
                                                                                                                                        "Startup Cost": 47266.59,
                                                                                                                                        "Total Cost": 47266.59,
                                                                                                                                        "Plan Rows": 131,
                                                                                                                                        "Plan Width": 4,
                                                                                                                                        "Actual Startup Time": 88.514,
                                                                                                                                        "Actual Total Time": 88.517,
                                                                                                                                        "Actual Rows": 34743,
                                                                                                                                        "Actual Loops": 5,
                                                                                                                                        "Hash Buckets": 262144,
                                                                                                                                        "Original Hash Buckets": 1024,
                                                                                                                                        "Hash Batches": 1,
                                                                                                                                        "Original Hash Batches": 1,
                                                                                                                                        "Peak Memory Usage": 10968,
                                                                                                                                        "Workers": [],
                                                                                                                                        "Plans": [
                                                                                                                                            {
                                                                                                                                                "Node Type": "Hash Join",
                                                                                                                                                "Parent Relationship": "Outer",
                                                                                                                                                "Parallel Aware": false,
                                                                                                                                                "Async Capable": false,
                                                                                                                                                "Join Type": "Inner",
                                                                                                                                                "Startup Cost": 4362.4,
                                                                                                                                                "Total Cost": 47266.59,
                                                                                                                                                "Plan Rows": 131,
                                                                                                                                                "Plan Width": 4,
                                                                                                                                                "Actual Startup Time": 12.926,
                                                                                                                                                "Actual Total Time": 78.494,
                                                                                                                                                "Actual Rows": 34743,
                                                                                                                                                "Actual Loops": 5,
                                                                                                                                                "Inner Unique": true,
                                                                                                                                                "Hash Cond": "(mk.keyword_id = k.id)",
                                                                                                                                                "Workers": [],
                                                                                                                                                "Plans": [
                                                                                                                                                    {
                                                                                                                                                        "Node Type": "Seq Scan",
                                                                                                                                                        "Parent Relationship": "Outer",
                                                                                                                                                        "Parallel Aware": true,
                                                                                                                                                        "Async Capable": false,
                                                                                                                                                        "Relation Name": "movie_keyword",
                                                                                                                                                        "Alias": "mk",
                                                                                                                                                        "Startup Cost": 0.0,
                                                                                                                                                        "Total Cost": 39073.32,
                                                                                                                                                        "Plan Rows": 1459332,
                                                                                                                                                        "Plan Width": 8,
                                                                                                                                                        "Actual Startup Time": 0.011,
                                                                                                                                                        "Actual Total Time": 37.525,
                                                                                                                                                        "Actual Rows": 904786,
                                                                                                                                                        "Actual Loops": 5,
                                                                                                                                                        "Workers": []
                                                                                                                                                    },
                                                                                                                                                    {
                                                                                                                                                        "Node Type": "Hash",
                                                                                                                                                        "Parent Relationship": "Inner",
                                                                                                                                                        "Parallel Aware": false,
                                                                                                                                                        "Async Capable": false,
                                                                                                                                                        "Startup Cost": 4362.25,
                                                                                                                                                        "Total Cost": 4362.25,
                                                                                                                                                        "Plan Rows": 12,
                                                                                                                                                        "Plan Width": 4,
                                                                                                                                                        "Actual Startup Time": 12.904,
                                                                                                                                                        "Actual Total Time": 12.905,
                                                                                                                                                        "Actual Rows": 12,
                                                                                                                                                        "Actual Loops": 5,
                                                                                                                                                        "Hash Buckets": 1024,
                                                                                                                                                        "Original Hash Buckets": 1024,
                                                                                                                                                        "Hash Batches": 1,
                                                                                                                                                        "Original Hash Batches": 1,
                                                                                                                                                        "Peak Memory Usage": 9,
                                                                                                                                                        "Workers": [],
                                                                                                                                                        "Plans": [
                                                                                                                                                            {
                                                                                                                                                                "Node Type": "Seq Scan",
                                                                                                                                                                "Parent Relationship": "Outer",
                                                                                                                                                                "Parallel Aware": false,
                                                                                                                                                                "Async Capable": false,
                                                                                                                                                                "Relation Name": "keyword",
                                                                                                                                                                "Alias": "k",
                                                                                                                                                                "Startup Cost": 0.0,
                                                                                                                                                                "Total Cost": 4362.25,
                                                                                                                                                                "Plan Rows": 12,
                                                                                                                                                                "Plan Width": 4,
                                                                                                                                                                "Actual Startup Time": 0.044,
                                                                                                                                                                "Actual Total Time": 12.901,
                                                                                                                                                                "Actual Rows": 12,
                                                                                                                                                                "Actual Loops": 5,
                                                                                                                                                                "Filter": "(keyword = ANY ('{bare-breasts,dog,female-nudity,fight,hardcore,homosexual,independent-film,interview,kidnapping,new-york-city,revenge,singer}'::text[]))",
                                                                                                                                                                "Rows Removed by Filter": 134158,
                                                                                                                                                                "Workers": []
                                                                                                                                                            }
                                                                                                                                                        ]
                                                                                                                                                    }
                                                                                                                                                ]
                                                                                                                                            }
                                                                                                                                        ]
                                                                                                                                    }
                                                                                                                                ]
                                                                                                                            }
                                                                                                                        ]
                                                                                                                    }
                                                                                                                ]
                                                                                                            },
                                                                                                            {
                                                                                                                "Node Type": "Seq Scan",
                                                                                                                "Parent Relationship": "Inner",
                                                                                                                "Parallel Aware": false,
                                                                                                                "Async Capable": false,
                                                                                                                "Relation Name": "kind_type",
                                                                                                                "Alias": "kt",
                                                                                                                "Startup Cost": 0.0,
                                                                                                                "Total Cost": 1.1,
                                                                                                                "Plan Rows": 3,
                                                                                                                "Plan Width": 4,
                                                                                                                "Actual Startup Time": 0.0,
                                                                                                                "Actual Total Time": 0.0,
                                                                                                                "Actual Rows": 1,
                                                                                                                "Actual Loops": 81703,
                                                                                                                "Filter": "((kind)::text = ANY ('{episode,movie,\"tv movie\"}'::text[]))",
                                                                                                                "Rows Removed by Filter": 0,
                                                                                                                "Workers": []
                                                                                                            }
                                                                                                        ]
                                                                                                    }
                                                                                                ]
                                                                                            }
                                                                                        ]
                                                                                    },
                                                                                    {
                                                                                        "Node Type": "Seq Scan",
                                                                                        "Parent Relationship": "Inner",
                                                                                        "Parallel Aware": false,
                                                                                        "Async Capable": false,
                                                                                        "Relation Name": "info_type",
                                                                                        "Alias": "it1",
                                                                                        "Startup Cost": 0.0,
                                                                                        "Total Cost": 2.41,
                                                                                        "Plan Rows": 1,
                                                                                        "Plan Width": 4,
                                                                                        "Actual Startup Time": 0.001,
                                                                                        "Actual Total Time": 0.002,
                                                                                        "Actual Rows": 1,
                                                                                        "Actual Loops": 82907,
                                                                                        "Filter": "(id = 2)",
                                                                                        "Rows Removed by Filter": 112,
                                                                                        "Workers": []
                                                                                    }
                                                                                ]
                                                                            },
                                                                            {
                                                                                "Node Type": "Seq Scan",
                                                                                "Parent Relationship": "Inner",
                                                                                "Parallel Aware": false,
                                                                                "Async Capable": false,
                                                                                "Relation Name": "info_type",
                                                                                "Alias": "it2",
                                                                                "Startup Cost": 0.0,
                                                                                "Total Cost": 2.41,
                                                                                "Plan Rows": 1,
                                                                                "Plan Width": 4,
                                                                                "Actual Startup Time": 0.001,
                                                                                "Actual Total Time": 0.002,
                                                                                "Actual Rows": 1,
                                                                                "Actual Loops": 82907,
                                                                                "Filter": "(id = 1)",
                                                                                "Rows Removed by Filter": 112,
                                                                                "Workers": []
                                                                            }
                                                                        ]
                                                                    },
                                                                    {
                                                                        "Node Type": "Seq Scan",
                                                                        "Parent Relationship": "Inner",
                                                                        "Parallel Aware": false,
                                                                        "Async Capable": false,
                                                                        "Relation Name": "role_type",
                                                                        "Alias": "rt",
                                                                        "Startup Cost": 0.0,
                                                                        "Total Cost": 1.15,
                                                                        "Plan Rows": 2,
                                                                        "Plan Width": 4,
                                                                        "Actual Startup Time": 0.0,
                                                                        "Actual Total Time": 0.001,
                                                                        "Actual Rows": 2,
                                                                        "Actual Loops": 82907,
                                                                        "Filter": "((role)::text = ANY ('{composer,\"costume designer\"}'::text[]))",
                                                                        "Rows Removed by Filter": 10,
                                                                        "Workers": []
                                                                    }
                                                                ]
                                                            }
                                                        ]
                                                    }
                                                ]
                                            }
                                        ]
                                    }
                                ]
                            }
                        ]
                    },
                    "Planning Time": 6.514,
                    "Triggers": [],
                    "Execution Time": 1553.572
                }
            ],
            "hints": [
                "SET enable_hashjoin TO on",
                "SET enable_indexonlyscan TO on",
                "SET enable_indexscan TO off",
                "SET enable_mergejoin TO off",
                "SET enable_nestloop TO on",
                "SET enable_seqscan TO on"
            ]
        },
        {
            "arm": 3,
            "execution_time": 4623.929,
            "plan": [
                {
                    "Plan": {
                        "Node Type": "Aggregate",
                        "Strategy": "Plain",
                        "Partial Mode": "Simple",
                        "Parallel Aware": false,
                        "Async Capable": false,
                        "Startup Cost": 20001967561.36,
                        "Total Cost": 20001967561.37,
                        "Plan Rows": 1,
                        "Plan Width": 8,
                        "Actual Startup Time": 4623.867,
                        "Actual Total Time": 4623.88,
                        "Actual Rows": 1,
                        "Actual Loops": 1,
                        "Plans": [
                            {
                                "Node Type": "Hash Join",
                                "Parent Relationship": "Outer",
                                "Parallel Aware": false,
                                "Async Capable": false,
                                "Join Type": "Inner",
                                "Startup Cost": 20001849666.13,
                                "Total Cost": 20001967561.35,
                                "Plan Rows": 1,
                                "Plan Width": 0,
                                "Actual Startup Time": 4148.122,
                                "Actual Total Time": 4623.827,
                                "Actual Rows": 1412,
                                "Actual Loops": 1,
                                "Inner Unique": true,
                                "Hash Cond": "(ci.role_id = rt.id)",
                                "Plans": [
                                    {
                                        "Node Type": "Nested Loop",
                                        "Parent Relationship": "Outer",
                                        "Parallel Aware": false,
                                        "Async Capable": false,
                                        "Join Type": "Inner",
                                        "Startup Cost": 20001849664.95,
                                        "Total Cost": 20001967560.18,
                                        "Plan Rows": 1,
                                        "Plan Width": 4,
                                        "Actual Startup Time": 4147.365,
                                        "Actual Total Time": 4621.912,
                                        "Actual Rows": 68917,
                                        "Actual Loops": 1,
                                        "Inner Unique": false,
                                        "Plans": [
                                            {
                                                "Node Type": "Hash Join",
                                                "Parent Relationship": "Outer",
                                                "Parallel Aware": false,
                                                "Async Capable": false,
                                                "Join Type": "Inner",
                                                "Startup Cost": 10001849664.95,
                                                "Total Cost": 10001967557.75,
                                                "Plan Rows": 1,
                                                "Plan Width": 8,
                                                "Actual Startup Time": 4147.358,
                                                "Actual Total Time": 4465.752,
                                                "Actual Rows": 68917,
                                                "Actual Loops": 1,
                                                "Inner Unique": false,
                                                "Hash Cond": "(n.id = ci.person_id)",
                                                "Plans": [
                                                    {
                                                        "Node Type": "Seq Scan",
                                                        "Parent Relationship": "Outer",
                                                        "Parallel Aware": false,
                                                        "Async Capable": false,
                                                        "Relation Name": "name",
                                                        "Alias": "n",
                                                        "Startup Cost": 0.0,
                                                        "Total Cost": 107749.64,
                                                        "Plan Rows": 2704841,
                                                        "Plan Width": 4,
                                                        "Actual Startup Time": 0.002,
                                                        "Actual Total Time": 213.254,
                                                        "Actual Rows": 2701134,
                                                        "Actual Loops": 1,
                                                        "Filter": "((gender)::text = ANY ('{f,m}'::text[]))",
                                                        "Rows Removed by Filter": 1466357
                                                    },
                                                    {
                                                        "Node Type": "Hash",
                                                        "Parent Relationship": "Inner",
                                                        "Parallel Aware": false,
                                                        "Async Capable": false,
                                                        "Startup Cost": 10001849664.94,
                                                        "Total Cost": 10001849664.94,
                                                        "Plan Rows": 1,
                                                        "Plan Width": 12,
                                                        "Actual Startup Time": 4147.344,
                                                        "Actual Total Time": 4147.354,
                                                        "Actual Rows": 82907,
                                                        "Actual Loops": 1,
                                                        "Hash Buckets": 131072,
                                                        "Original Hash Buckets": 1024,
                                                        "Hash Batches": 1,
                                                        "Original Hash Batches": 1,
                                                        "Peak Memory Usage": 4587,
                                                        "Plans": [
                                                            {
                                                                "Node Type": "Hash Join",
                                                                "Parent Relationship": "Outer",
                                                                "Parallel Aware": false,
                                                                "Async Capable": false,
                                                                "Join Type": "Inner",
                                                                "Startup Cost": 10001098585.07,
                                                                "Total Cost": 10001849664.94,
                                                                "Plan Rows": 1,
                                                                "Plan Width": 12,
                                                                "Actual Startup Time": 1741.919,
                                                                "Actual Total Time": 4142.331,
                                                                "Actual Rows": 82907,
                                                                "Actual Loops": 1,
                                                                "Inner Unique": false,
                                                                "Hash Cond": "(ci.movie_id = t.id)",
                                                                "Plans": [
                                                                    {
                                                                        "Node Type": "Seq Scan",
                                                                        "Parent Relationship": "Outer",
                                                                        "Parallel Aware": false,
                                                                        "Async Capable": false,
                                                                        "Relation Name": "cast_info",
                                                                        "Alias": "ci",
                                                                        "Startup Cost": 0.0,
                                                                        "Total Cost": 615163.44,
                                                                        "Plan Rows": 36244344,
                                                                        "Plan Width": 12,
                                                                        "Actual Startup Time": 0.009,
                                                                        "Actual Total Time": 1101.453,
                                                                        "Actual Rows": 36244344,
                                                                        "Actual Loops": 1
                                                                    },
                                                                    {
                                                                        "Node Type": "Hash",
                                                                        "Parent Relationship": "Inner",
                                                                        "Parallel Aware": false,
                                                                        "Async Capable": false,
                                                                        "Startup Cost": 10001098585.06,
                                                                        "Total Cost": 10001098585.06,
                                                                        "Plan Rows": 1,
                                                                        "Plan Width": 20,
                                                                        "Actual Startup Time": 1741.748,
                                                                        "Actual Total Time": 1741.757,
                                                                        "Actual Rows": 3039,
                                                                        "Actual Loops": 1,
                                                                        "Hash Buckets": 4096,
                                                                        "Original Hash Buckets": 1024,
                                                                        "Hash Batches": 1,
                                                                        "Original Hash Batches": 1,
                                                                        "Peak Memory Usage": 187,
                                                                        "Plans": [
                                                                            {
                                                                                "Node Type": "Hash Join",
                                                                                "Parent Relationship": "Outer",
                                                                                "Parallel Aware": false,
                                                                                "Async Capable": false,
                                                                                "Join Type": "Inner",
                                                                                "Startup Cost": 10001022953.41,
                                                                                "Total Cost": 10001098585.06,
                                                                                "Plan Rows": 1,
                                                                                "Plan Width": 20,
                                                                                "Actual Startup Time": 1616.86,
                                                                                "Actual Total Time": 1741.536,
                                                                                "Actual Rows": 3039,
                                                                                "Actual Loops": 1,
                                                                                "Inner Unique": true,
                                                                                "Hash Cond": "(t.kind_id = kt.id)",
                                                                                "Plans": [
                                                                                    {
                                                                                        "Node Type": "Hash Join",
                                                                                        "Parent Relationship": "Outer",
                                                                                        "Parallel Aware": false,
                                                                                        "Async Capable": false,
                                                                                        "Join Type": "Inner",
                                                                                        "Startup Cost": 10001022952.27,
                                                                                        "Total Cost": 10001098583.92,
                                                                                        "Plan Rows": 1,
                                                                                        "Plan Width": 24,
                                                                                        "Actual Startup Time": 1616.855,
                                                                                        "Actual Total Time": 1741.313,
                                                                                        "Actual Rows": 3107,
                                                                                        "Actual Loops": 1,
                                                                                        "Inner Unique": false,
                                                                                        "Hash Cond": "(t.id = mi1.movie_id)",
                                                                                        "Plans": [
                                                                                            {
                                                                                                "Node Type": "Seq Scan",
                                                                                                "Parent Relationship": "Outer",
                                                                                                "Parallel Aware": false,
                                                                                                "Async Capable": false,
                                                                                                "Relation Name": "title",
                                                                                                "Alias": "t",
                                                                                                "Startup Cost": 0.0,
                                                                                                "Total Cost": 73936.29,
                                                                                                "Plan Rows": 452092,
                                                                                                "Plan Width": 8,
                                                                                                "Actual Startup Time": 0.002,
                                                                                                "Actual Total Time": 106.687,
                                                                                                "Actual Rows": 451569,
                                                                                                "Actual Loops": 1,
                                                                                                "Filter": "((production_year <= 1975) AND (production_year >= 1875))",
                                                                                                "Rows Removed by Filter": 2076743
                                                                                            },
                                                                                            {
                                                                                                "Node Type": "Hash",
                                                                                                "Parent Relationship": "Inner",
                                                                                                "Parallel Aware": false,
                                                                                                "Async Capable": false,
                                                                                                "Startup Cost": 10001022952.26,
                                                                                                "Total Cost": 10001022952.26,
                                                                                                "Plan Rows": 1,
                                                                                                "Plan Width": 16,
                                                                                                "Actual Startup Time": 1615.315,
                                                                                                "Actual Total Time": 1615.322,
                                                                                                "Actual Rows": 13600,
                                                                                                "Actual Loops": 1,
                                                                                                "Hash Buckets": 16384,
                                                                                                "Original Hash Buckets": 1024,
                                                                                                "Hash Batches": 1,
                                                                                                "Original Hash Batches": 1,
                                                                                                "Peak Memory Usage": 766,
                                                                                                "Plans": [
                                                                                                    {
                                                                                                        "Node Type": "Hash Join",
                                                                                                        "Parent Relationship": "Outer",
                                                                                                        "Parallel Aware": false,
                                                                                                        "Async Capable": false,
                                                                                                        "Join Type": "Inner",
                                                                                                        "Startup Cost": 10000638223.03,
                                                                                                        "Total Cost": 10001022952.26,
                                                                                                        "Plan Rows": 1,
                                                                                                        "Plan Width": 16,
                                                                                                        "Actual Startup Time": 1289.253,
                                                                                                        "Actual Total Time": 1614.601,
                                                                                                        "Actual Rows": 13600,
                                                                                                        "Actual Loops": 1,
                                                                                                        "Inner Unique": false,
                                                                                                        "Hash Cond": "(mi1.movie_id = mi2.movie_id)",
                                                                                                        "Plans": [
                                                                                                            {
                                                                                                                "Node Type": "Seq Scan",
                                                                                                                "Parent Relationship": "Outer",
                                                                                                                "Parallel Aware": false,
                                                                                                                "Async Capable": false,
                                                                                                                "Relation Name": "movie_info",
                                                                                                                "Alias": "mi1",
                                                                                                                "Startup Cost": 0.0,
                                                                                                                "Total Cost": 383860.66,
                                                                                                                "Plan Rows": 115809,
                                                                                                                "Plan Width": 8,
                                                                                                                "Actual Startup Time": 413.452,
                                                                                                                "Actual Total Time": 693.335,
                                                                                                                "Actual Rows": 1288928,
                                                                                                                "Actual Loops": 1,
                                                                                                                "Filter": "((info = ANY ('{\"Black and White\",Color}'::text[])) AND (info_type_id = 2))",
                                                                                                                "Rows Removed by Filter": 13546792
                                                                                                            },
                                                                                                            {
                                                                                                                "Node Type": "Hash",
                                                                                                                "Parent Relationship": "Inner",
                                                                                                                "Parallel Aware": false,
                                                                                                                "Async Capable": false,
                                                                                                                "Startup Cost": 10000638222.98,
                                                                                                                "Total Cost": 10000638222.98,
                                                                                                                "Plan Rows": 4,
                                                                                                                "Plan Width": 8,
                                                                                                                "Actual Startup Time": 875.109,
                                                                                                                "Actual Total Time": 875.115,
                                                                                                                "Actual Rows": 13314,
                                                                                                                "Actual Loops": 1,
                                                                                                                "Hash Buckets": 16384,
                                                                                                                "Original Hash Buckets": 1024,
                                                                                                                "Hash Batches": 1,
                                                                                                                "Original Hash Batches": 1,
                                                                                                                "Peak Memory Usage": 649,
                                                                                                                "Plans": [
                                                                                                                    {
                                                                                                                        "Node Type": "Hash Join",
                                                                                                                        "Parent Relationship": "Outer",
                                                                                                                        "Parallel Aware": false,
                                                                                                                        "Async Capable": false,
                                                                                                                        "Join Type": "Inner",
                                                                                                                        "Startup Cost": 10000554966.94,
                                                                                                                        "Total Cost": 10000638222.98,
                                                                                                                        "Plan Rows": 4,
                                                                                                                        "Plan Width": 8,
                                                                                                                        "Actual Startup Time": 583.592,
                                                                                                                        "Actual Total Time": 874.329,
                                                                                                                        "Actual Rows": 13314,
                                                                                                                        "Actual Loops": 1,
                                                                                                                        "Inner Unique": false,
                                                                                                                        "Hash Cond": "(mk.movie_id = mi2.movie_id)",
                                                                                                                        "Plans": [
                                                                                                                            {
                                                                                                                                "Node Type": "Hash Join",
                                                                                                                                "Parent Relationship": "Outer",
                                                                                                                                "Parallel Aware": false,
                                                                                                                                "Async Capable": false,
                                                                                                                                "Join Type": "Inner",
                                                                                                                                "Startup Cost": 4362.4,
                                                                                                                                "Total Cost": 85957.39,
                                                                                                                                "Plan Rows": 405,
                                                                                                                                "Plan Width": 4,
                                                                                                                                "Actual Startup Time": 13.033,
                                                                                                                                "Actual Total Time": 291.915,
                                                                                                                                "Actual Rows": 173714,
                                                                                                                                "Actual Loops": 1,
                                                                                                                                "Inner Unique": true,
                                                                                                                                "Hash Cond": "(mk.keyword_id = k.id)",
                                                                                                                                "Plans": [
                                                                                                                                    {
                                                                                                                                        "Node Type": "Seq Scan",
                                                                                                                                        "Parent Relationship": "Outer",
                                                                                                                                        "Parallel Aware": false,
                                                                                                                                        "Async Capable": false,
                                                                                                                                        "Relation Name": "movie_keyword",
                                                                                                                                        "Alias": "mk",
                                                                                                                                        "Startup Cost": 0.0,
                                                                                                                                        "Total Cost": 69719.3,
                                                                                                                                        "Plan Rows": 4523930,
                                                                                                                                        "Plan Width": 8,
                                                                                                                                        "Actual Startup Time": 0.008,
                                                                                                                                        "Actual Total Time": 147.264,
                                                                                                                                        "Actual Rows": 4523930,
                                                                                                                                        "Actual Loops": 1
                                                                                                                                    },
                                                                                                                                    {
                                                                                                                                        "Node Type": "Hash",
                                                                                                                                        "Parent Relationship": "Inner",
                                                                                                                                        "Parallel Aware": false,
                                                                                                                                        "Async Capable": false,
                                                                                                                                        "Startup Cost": 4362.25,
                                                                                                                                        "Total Cost": 4362.25,
                                                                                                                                        "Plan Rows": 12,
                                                                                                                                        "Plan Width": 4,
                                                                                                                                        "Actual Startup Time": 13.013,
                                                                                                                                        "Actual Total Time": 13.014,
                                                                                                                                        "Actual Rows": 12,
                                                                                                                                        "Actual Loops": 1,
                                                                                                                                        "Hash Buckets": 1024,
                                                                                                                                        "Original Hash Buckets": 1024,
                                                                                                                                        "Hash Batches": 1,
                                                                                                                                        "Original Hash Batches": 1,
                                                                                                                                        "Peak Memory Usage": 9,
                                                                                                                                        "Plans": [
                                                                                                                                            {
                                                                                                                                                "Node Type": "Seq Scan",
                                                                                                                                                "Parent Relationship": "Outer",
                                                                                                                                                "Parallel Aware": false,
                                                                                                                                                "Async Capable": false,
                                                                                                                                                "Relation Name": "keyword",
                                                                                                                                                "Alias": "k",
                                                                                                                                                "Startup Cost": 0.0,
                                                                                                                                                "Total Cost": 4362.25,
                                                                                                                                                "Plan Rows": 12,
                                                                                                                                                "Plan Width": 4,
                                                                                                                                                "Actual Startup Time": 0.032,
                                                                                                                                                "Actual Total Time": 13.01,
                                                                                                                                                "Actual Rows": 12,
                                                                                                                                                "Actual Loops": 1,
                                                                                                                                                "Filter": "(keyword = ANY ('{bare-breasts,dog,female-nudity,fight,hardcore,homosexual,independent-film,interview,kidnapping,new-york-city,revenge,singer}'::text[]))",
                                                                                                                                                "Rows Removed by Filter": 134158
                                                                                                                                            }
                                                                                                                                        ]
                                                                                                                                    }
                                                                                                                                ]
                                                                                                                            },
                                                                                                                            {
                                                                                                                                "Node Type": "Hash",
                                                                                                                                "Parent Relationship": "Inner",
                                                                                                                                "Parallel Aware": false,
                                                                                                                                "Async Capable": false,
                                                                                                                                "Startup Cost": 10000550563.55,
                                                                                                                                "Total Cost": 10000550563.55,
                                                                                                                                "Plan Rows": 3279,
                                                                                                                                "Plan Width": 4,
                                                                                                                                "Actual Startup Time": 570.465,
                                                                                                                                "Actual Total Time": 570.467,
                                                                                                                                "Actual Rows": 101698,
                                                                                                                                "Actual Loops": 1,
                                                                                                                                "Hash Buckets": 131072,
                                                                                                                                "Original Hash Buckets": 4096,
                                                                                                                                "Hash Batches": 1,
                                                                                                                                "Original Hash Batches": 1,
                                                                                                                                "Peak Memory Usage": 4600,
                                                                                                                                "Plans": [
                                                                                                                                    {
                                                                                                                                        "Node Type": "Nested Loop",
                                                                                                                                        "Parent Relationship": "Outer",
                                                                                                                                        "Parallel Aware": false,
                                                                                                                                        "Async Capable": false,
                                                                                                                                        "Join Type": "Inner",
                                                                                                                                        "Startup Cost": 10000000000.0,
                                                                                                                                        "Total Cost": 10000550563.55,
                                                                                                                                        "Plan Rows": 3279,
                                                                                                                                        "Plan Width": 4,
                                                                                                                                        "Actual Startup Time": 298.454,
                                                                                                                                        "Actual Total Time": 566.126,
                                                                                                                                        "Actual Rows": 101698,
                                                                                                                                        "Actual Loops": 1,
                                                                                                                                        "Inner Unique": false,
                                                                                                                                        "Plans": [
                                                                                                                                            {
                                                                                                                                                "Node Type": "Seq Scan",
                                                                                                                                                "Parent Relationship": "Outer",
                                                                                                                                                "Parallel Aware": false,
                                                                                                                                                "Async Capable": false,
                                                                                                                                                "Relation Name": "movie_info",
                                                                                                                                                "Alias": "mi2",
                                                                                                                                                "Startup Cost": 0.0,
                                                                                                                                                "Total Cost": 550520.15,
                                                                                                                                                "Plan Rows": 3279,
                                                                                                                                                "Plan Width": 8,
                                                                                                                                                "Actual Startup Time": 298.443,
                                                                                                                                                "Actual Total Time": 553.435,
                                                                                                                                                "Actual Rows": 101698,
                                                                                                                                                "Actual Loops": 1,
                                                                                                                                                "Filter": "((info_type_id = 1) AND (info = ANY ('{100,6,60,7,75,80,88,9,95,USA:30,USA:50}'::text[])))",
                                                                                                                                                "Rows Removed by Filter": 14734022
                                                                                                                                            },
                                                                                                                                            {
                                                                                                                                                "Node Type": "Materialize",
                                                                                                                                                "Parent Relationship": "Inner",
                                                                                                                                                "Parallel Aware": false,
                                                                                                                                                "Async Capable": false,
                                                                                                                                                "Startup Cost": 0.0,
                                                                                                                                                "Total Cost": 2.42,
                                                                                                                                                "Plan Rows": 1,
                                                                                                                                                "Plan Width": 4,
                                                                                                                                                "Actual Startup Time": 0.0,
                                                                                                                                                "Actual Total Time": 0.0,
                                                                                                                                                "Actual Rows": 1,
                                                                                                                                                "Actual Loops": 101698,
                                                                                                                                                "Plans": [
                                                                                                                                                    {
                                                                                                                                                        "Node Type": "Seq Scan",
                                                                                                                                                        "Parent Relationship": "Outer",
                                                                                                                                                        "Parallel Aware": false,
                                                                                                                                                        "Async Capable": false,
                                                                                                                                                        "Relation Name": "info_type",
                                                                                                                                                        "Alias": "it2",
                                                                                                                                                        "Startup Cost": 0.0,
                                                                                                                                                        "Total Cost": 2.41,
                                                                                                                                                        "Plan Rows": 1,
                                                                                                                                                        "Plan Width": 4,
                                                                                                                                                        "Actual Startup Time": 0.005,
                                                                                                                                                        "Actual Total Time": 0.007,
                                                                                                                                                        "Actual Rows": 1,
                                                                                                                                                        "Actual Loops": 1,
                                                                                                                                                        "Filter": "(id = 1)",
                                                                                                                                                        "Rows Removed by Filter": 112
                                                                                                                                                    }
                                                                                                                                                ]
                                                                                                                                            }
                                                                                                                                        ]
                                                                                                                                    }
                                                                                                                                ]
                                                                                                                            }
                                                                                                                        ]
                                                                                                                    }
                                                                                                                ]
                                                                                                            }
                                                                                                        ]
                                                                                                    }
                                                                                                ]
                                                                                            }
                                                                                        ]
                                                                                    },
                                                                                    {
                                                                                        "Node Type": "Hash",
                                                                                        "Parent Relationship": "Inner",
                                                                                        "Parallel Aware": false,
                                                                                        "Async Capable": false,
                                                                                        "Startup Cost": 1.1,
                                                                                        "Total Cost": 1.1,
                                                                                        "Plan Rows": 3,
                                                                                        "Plan Width": 4,
                                                                                        "Actual Startup Time": 0.003,
                                                                                        "Actual Total Time": 0.003,
                                                                                        "Actual Rows": 3,
                                                                                        "Actual Loops": 1,
                                                                                        "Hash Buckets": 1024,
                                                                                        "Original Hash Buckets": 1024,
                                                                                        "Hash Batches": 1,
                                                                                        "Original Hash Batches": 1,
                                                                                        "Peak Memory Usage": 9,
                                                                                        "Plans": [
                                                                                            {
                                                                                                "Node Type": "Seq Scan",
                                                                                                "Parent Relationship": "Outer",
                                                                                                "Parallel Aware": false,
                                                                                                "Async Capable": false,
                                                                                                "Relation Name": "kind_type",
                                                                                                "Alias": "kt",
                                                                                                "Startup Cost": 0.0,
                                                                                                "Total Cost": 1.1,
                                                                                                "Plan Rows": 3,
                                                                                                "Plan Width": 4,
                                                                                                "Actual Startup Time": 0.002,
                                                                                                "Actual Total Time": 0.003,
                                                                                                "Actual Rows": 3,
                                                                                                "Actual Loops": 1,
                                                                                                "Filter": "((kind)::text = ANY ('{episode,movie,\"tv movie\"}'::text[]))",
                                                                                                "Rows Removed by Filter": 4
                                                                                            }
                                                                                        ]
                                                                                    }
                                                                                ]
                                                                            }
                                                                        ]
                                                                    }
                                                                ]
                                                            }
                                                        ]
                                                    }
                                                ]
                                            },
                                            {
                                                "Node Type": "Seq Scan",
                                                "Parent Relationship": "Inner",
                                                "Parallel Aware": false,
                                                "Async Capable": false,
                                                "Relation Name": "info_type",
                                                "Alias": "it1",
                                                "Startup Cost": 0.0,
                                                "Total Cost": 2.41,
                                                "Plan Rows": 1,
                                                "Plan Width": 4,
                                                "Actual Startup Time": 0.001,
                                                "Actual Total Time": 0.002,
                                                "Actual Rows": 1,
                                                "Actual Loops": 68917,
                                                "Filter": "(id = 2)",
                                                "Rows Removed by Filter": 112
                                            }
                                        ]
                                    },
                                    {
                                        "Node Type": "Hash",
                                        "Parent Relationship": "Inner",
                                        "Parallel Aware": false,
                                        "Async Capable": false,
                                        "Startup Cost": 1.15,
                                        "Total Cost": 1.15,
                                        "Plan Rows": 2,
                                        "Plan Width": 4,
                                        "Actual Startup Time": 0.011,
                                        "Actual Total Time": 0.011,
                                        "Actual Rows": 2,
                                        "Actual Loops": 1,
                                        "Hash Buckets": 1024,
                                        "Original Hash Buckets": 1024,
                                        "Hash Batches": 1,
                                        "Original Hash Batches": 1,
                                        "Peak Memory Usage": 9,
                                        "Plans": [
                                            {
                                                "Node Type": "Seq Scan",
                                                "Parent Relationship": "Outer",
                                                "Parallel Aware": false,
                                                "Async Capable": false,
                                                "Relation Name": "role_type",
                                                "Alias": "rt",
                                                "Startup Cost": 0.0,
                                                "Total Cost": 1.15,
                                                "Plan Rows": 2,
                                                "Plan Width": 4,
                                                "Actual Startup Time": 0.008,
                                                "Actual Total Time": 0.009,
                                                "Actual Rows": 2,
                                                "Actual Loops": 1,
                                                "Filter": "((role)::text = ANY ('{composer,\"costume designer\"}'::text[]))",
                                                "Rows Removed by Filter": 10
                                            }
                                        ]
                                    }
                                ]
                            }
                        ]
                    },
                    "Planning Time": 7.522,
                    "Triggers": [],
                    "Execution Time": 4623.929
                }
            ],
            "hints": [
                "SET enable_hashjoin TO on",
                "SET enable_indexonlyscan TO on",
                "SET enable_indexscan TO off",
                "SET enable_mergejoin TO off",
                "SET enable_nestloop TO off",
                "SET enable_seqscan TO on"
            ]
        },
        {
            "arm": 4,
            "execution_time": 465.457,
            "plan": [
                {
                    "Plan": {
                        "Node Type": "Aggregate",
                        "Strategy": "Plain",
                        "Partial Mode": "Simple",
                        "Parallel Aware": false,
                        "Async Capable": false,
                        "Startup Cost": 14344.88,
                        "Total Cost": 14344.89,
                        "Plan Rows": 1,
                        "Plan Width": 8,
                        "Actual Startup Time": 465.372,
                        "Actual Total Time": 465.417,
                        "Actual Rows": 1,
                        "Actual Loops": 1,
                        "Plans": [
                            {
                                "Node Type": "Nested Loop",
                                "Parent Relationship": "Outer",
                                "Parallel Aware": false,
                                "Async Capable": false,
                                "Join Type": "Inner",
                                "Startup Cost": 1004.29,
                                "Total Cost": 14344.88,
                                "Plan Rows": 1,
                                "Plan Width": 0,
                                "Actual Startup Time": 0.734,
                                "Actual Total Time": 465.352,
                                "Actual Rows": 1412,
                                "Actual Loops": 1,
                                "Inner Unique": true,
                                "Plans": [
                                    {
                                        "Node Type": "Nested Loop",
                                        "Parent Relationship": "Outer",
                                        "Parallel Aware": false,
                                        "Async Capable": false,
                                        "Join Type": "Inner",
                                        "Startup Cost": 1003.86,
                                        "Total Cost": 14342.35,
                                        "Plan Rows": 1,
                                        "Plan Width": 4,
                                        "Actual Startup Time": 0.724,
                                        "Actual Total Time": 457.337,
                                        "Actual Rows": 3155,
                                        "Actual Loops": 1,
                                        "Inner Unique": true,
                                        "Plans": [
                                            {
                                                "Node Type": "Nested Loop",
                                                "Parent Relationship": "Outer",
                                                "Parallel Aware": false,
                                                "Async Capable": false,
                                                "Join Type": "Inner",
                                                "Startup Cost": 1003.73,
                                                "Total Cost": 14342.18,
                                                "Plan Rows": 1,
                                                "Plan Width": 8,
                                                "Actual Startup Time": 0.405,
                                                "Actual Total Time": 427.553,
                                                "Actual Rows": 82907,
                                                "Actual Loops": 1,
                                                "Inner Unique": false,
                                                "Join Filter": "(t.id = ci.movie_id)",
                                                "Rows Removed by Join Filter": 0,
                                                "Plans": [
                                                    {
                                                        "Node Type": "Nested Loop",
                                                        "Parent Relationship": "Outer",
                                                        "Parallel Aware": false,
                                                        "Async Capable": false,
                                                        "Join Type": "Inner",
                                                        "Startup Cost": 1003.29,
                                                        "Total Cost": 14294.78,
                                                        "Plan Rows": 1,
                                                        "Plan Width": 16,
                                                        "Actual Startup Time": 0.394,
                                                        "Actual Total Time": 329.317,
                                                        "Actual Rows": 3039,
                                                        "Actual Loops": 1,
                                                        "Inner Unique": false,
                                                        "Plans": [
                                                            {
                                                                "Node Type": "Nested Loop",
                                                                "Parent Relationship": "Outer",
                                                                "Parallel Aware": false,
                                                                "Async Capable": false,
                                                                "Join Type": "Inner",
                                                                "Startup Cost": 1003.29,
                                                                "Total Cost": 14292.36,
                                                                "Plan Rows": 1,
                                                                "Plan Width": 20,
                                                                "Actual Startup Time": 0.393,
                                                                "Actual Total Time": 322.274,
                                                                "Actual Rows": 3039,
                                                                "Actual Loops": 1,
                                                                "Inner Unique": false,
                                                                "Join Filter": "(t.id = mi2.movie_id)",
                                                                "Rows Removed by Join Filter": 0,
                                                                "Plans": [
                                                                    {
                                                                        "Node Type": "Nested Loop",
                                                                        "Parent Relationship": "Outer",
                                                                        "Parallel Aware": false,
                                                                        "Async Capable": false,
                                                                        "Join Type": "Inner",
                                                                        "Startup Cost": 1002.85,
                                                                        "Total Cost": 14245.63,
                                                                        "Plan Rows": 1,
                                                                        "Plan Width": 12,
                                                                        "Actual Startup Time": 0.376,
                                                                        "Actual Total Time": 129.632,
                                                                        "Actual Rows": 24614,
                                                                        "Actual Loops": 1,
                                                                        "Inner Unique": false,
                                                                        "Plans": [
                                                                            {
                                                                                "Node Type": "Gather",
                                                                                "Parent Relationship": "Outer",
                                                                                "Parallel Aware": false,
                                                                                "Async Capable": false,
                                                                                "Startup Cost": 1002.85,
                                                                                "Total Cost": 14243.21,
                                                                                "Plan Rows": 1,
                                                                                "Plan Width": 16,
                                                                                "Actual Startup Time": 0.374,
                                                                                "Actual Total Time": 71.958,
                                                                                "Actual Rows": 24614,
                                                                                "Actual Loops": 1,
                                                                                "Workers Planned": 2,
                                                                                "Workers Launched": 2,
                                                                                "Single Copy": false,
                                                                                "Plans": [
                                                                                    {
                                                                                        "Node Type": "Nested Loop",
                                                                                        "Parent Relationship": "Outer",
                                                                                        "Parallel Aware": false,
                                                                                        "Async Capable": false,
                                                                                        "Join Type": "Inner",
                                                                                        "Startup Cost": 2.85,
                                                                                        "Total Cost": 13243.11,
                                                                                        "Plan Rows": 1,
                                                                                        "Plan Width": 16,
                                                                                        "Actual Startup Time": 0.532,
                                                                                        "Actual Total Time": 225.67,
                                                                                        "Actual Rows": 8205,
                                                                                        "Actual Loops": 3,
                                                                                        "Inner Unique": false,
                                                                                        "Join Filter": "(t.id = mi1.movie_id)",
                                                                                        "Rows Removed by Join Filter": 0,
                                                                                        "Workers": [],
                                                                                        "Plans": [
                                                                                            {
                                                                                                "Node Type": "Hash Join",
                                                                                                "Parent Relationship": "Outer",
                                                                                                "Parallel Aware": false,
                                                                                                "Async Capable": false,
                                                                                                "Join Type": "Inner",
                                                                                                "Startup Cost": 2.42,
                                                                                                "Total Cost": 12641.63,
                                                                                                "Plan Rows": 13,
                                                                                                "Plan Width": 8,
                                                                                                "Actual Startup Time": 0.482,
                                                                                                "Actual Total Time": 125.433,
                                                                                                "Actual Rows": 8382,
                                                                                                "Actual Loops": 3,
                                                                                                "Inner Unique": true,
                                                                                                "Hash Cond": "(t.kind_id = kt.id)",
                                                                                                "Workers": [],
                                                                                                "Plans": [
                                                                                                    {
                                                                                                        "Node Type": "Nested Loop",
                                                                                                        "Parent Relationship": "Outer",
                                                                                                        "Parallel Aware": false,
                                                                                                        "Async Capable": false,
                                                                                                        "Join Type": "Inner",
                                                                                                        "Startup Cost": 1.28,
                                                                                                        "Total Cost": 12640.37,
                                                                                                        "Plan Rows": 30,
                                                                                                        "Plan Width": 12,
                                                                                                        "Actual Startup Time": 0.354,
                                                                                                        "Actual Total Time": 124.77,
                                                                                                        "Actual Rows": 8488,
                                                                                                        "Actual Loops": 3,
                                                                                                        "Inner Unique": true,
                                                                                                        "Workers": [],
                                                                                                        "Plans": [
                                                                                                            {
                                                                                                                "Node Type": "Nested Loop",
                                                                                                                "Parent Relationship": "Outer",
                                                                                                                "Parallel Aware": false,
                                                                                                                "Async Capable": false,
                                                                                                                "Join Type": "Inner",
                                                                                                                "Startup Cost": 0.85,
                                                                                                                "Total Cost": 12218.45,
                                                                                                                "Plan Rows": 169,
                                                                                                                "Plan Width": 4,
                                                                                                                "Actual Startup Time": 0.149,
                                                                                                                "Actual Total Time": 44.117,
                                                                                                                "Actual Rows": 57905,
                                                                                                                "Actual Loops": 3,
                                                                                                                "Inner Unique": false,
                                                                                                                "Workers": [],
                                                                                                                "Plans": [
                                                                                                                    {
                                                                                                                        "Node Type": "Index Scan",
                                                                                                                        "Parent Relationship": "Outer",
                                                                                                                        "Parallel Aware": true,
                                                                                                                        "Async Capable": false,
                                                                                                                        "Scan Direction": "Forward",
                                                                                                                        "Index Name": "keyword_pkey",
                                                                                                                        "Relation Name": "keyword",
                                                                                                                        "Alias": "k",
                                                                                                                        "Startup Cost": 0.42,
                                                                                                                        "Total Cost": 6515.0,
                                                                                                                        "Plan Rows": 5,
                                                                                                                        "Plan Width": 4,
                                                                                                                        "Actual Startup Time": 0.123,
                                                                                                                        "Actual Total Time": 10.188,
                                                                                                                        "Actual Rows": 4,
                                                                                                                        "Actual Loops": 3,
                                                                                                                        "Filter": "(keyword = ANY ('{bare-breasts,dog,female-nudity,fight,hardcore,homosexual,independent-film,interview,kidnapping,new-york-city,revenge,singer}'::text[]))",
                                                                                                                        "Rows Removed by Filter": 44719,
                                                                                                                        "Workers": []
                                                                                                                    },
                                                                                                                    {
                                                                                                                        "Node Type": "Index Scan",
                                                                                                                        "Parent Relationship": "Inner",
                                                                                                                        "Parallel Aware": false,
                                                                                                                        "Async Capable": false,
                                                                                                                        "Scan Direction": "Forward",
                                                                                                                        "Index Name": "keyword_id_movie_keyword",
                                                                                                                        "Relation Name": "movie_keyword",
                                                                                                                        "Alias": "mk",
                                                                                                                        "Startup Cost": 0.43,
                                                                                                                        "Total Cost": 1137.66,
                                                                                                                        "Plan Rows": 303,
                                                                                                                        "Plan Width": 8,
                                                                                                                        "Actual Startup Time": 0.012,
                                                                                                                        "Actual Total Time": 7.816,
                                                                                                                        "Actual Rows": 14476,
                                                                                                                        "Actual Loops": 12,
                                                                                                                        "Index Cond": "(keyword_id = k.id)",
                                                                                                                        "Rows Removed by Index Recheck": 0,
                                                                                                                        "Workers": []
                                                                                                                    }
                                                                                                                ]
                                                                                                            },
                                                                                                            {
                                                                                                                "Node Type": "Index Scan",
                                                                                                                "Parent Relationship": "Inner",
                                                                                                                "Parallel Aware": false,
                                                                                                                "Async Capable": false,
                                                                                                                "Scan Direction": "Forward",
                                                                                                                "Index Name": "title_pkey",
                                                                                                                "Relation Name": "title",
                                                                                                                "Alias": "t",
                                                                                                                "Startup Cost": 0.43,
                                                                                                                "Total Cost": 2.5,
                                                                                                                "Plan Rows": 1,
                                                                                                                "Plan Width": 8,
                                                                                                                "Actual Startup Time": 0.001,
                                                                                                                "Actual Total Time": 0.001,
                                                                                                                "Actual Rows": 0,
                                                                                                                "Actual Loops": 173714,
                                                                                                                "Index Cond": "(id = mk.movie_id)",
                                                                                                                "Rows Removed by Index Recheck": 0,
                                                                                                                "Filter": "((production_year <= 1975) AND (production_year >= 1875))",
                                                                                                                "Rows Removed by Filter": 1,
                                                                                                                "Workers": []
                                                                                                            }
                                                                                                        ]
                                                                                                    },
                                                                                                    {
                                                                                                        "Node Type": "Hash",
                                                                                                        "Parent Relationship": "Inner",
                                                                                                        "Parallel Aware": false,
                                                                                                        "Async Capable": false,
                                                                                                        "Startup Cost": 1.1,
                                                                                                        "Total Cost": 1.1,
                                                                                                        "Plan Rows": 3,
                                                                                                        "Plan Width": 4,
                                                                                                        "Actual Startup Time": 0.012,
                                                                                                        "Actual Total Time": 0.013,
                                                                                                        "Actual Rows": 3,
                                                                                                        "Actual Loops": 3,
                                                                                                        "Hash Buckets": 1024,
                                                                                                        "Original Hash Buckets": 1024,
                                                                                                        "Hash Batches": 1,
                                                                                                        "Original Hash Batches": 1,
                                                                                                        "Peak Memory Usage": 9,
                                                                                                        "Workers": [],
                                                                                                        "Plans": [
                                                                                                            {
                                                                                                                "Node Type": "Seq Scan",
                                                                                                                "Parent Relationship": "Outer",
                                                                                                                "Parallel Aware": false,
                                                                                                                "Async Capable": false,
                                                                                                                "Relation Name": "kind_type",
                                                                                                                "Alias": "kt",
                                                                                                                "Startup Cost": 0.0,
                                                                                                                "Total Cost": 1.1,
                                                                                                                "Plan Rows": 3,
                                                                                                                "Plan Width": 4,
                                                                                                                "Actual Startup Time": 0.01,
                                                                                                                "Actual Total Time": 0.011,
                                                                                                                "Actual Rows": 3,
                                                                                                                "Actual Loops": 3,
                                                                                                                "Filter": "((kind)::text = ANY ('{episode,movie,\"tv movie\"}'::text[]))",
                                                                                                                "Rows Removed by Filter": 4,
                                                                                                                "Workers": []
                                                                                                            }
                                                                                                        ]
                                                                                                    }
                                                                                                ]
                                                                                            },
                                                                                            {
                                                                                                "Node Type": "Index Scan",
                                                                                                "Parent Relationship": "Inner",
                                                                                                "Parallel Aware": false,
                                                                                                "Async Capable": false,
                                                                                                "Scan Direction": "Forward",
                                                                                                "Index Name": "movie_id_movie_info",
                                                                                                "Relation Name": "movie_info",
                                                                                                "Alias": "mi1",
                                                                                                "Startup Cost": 0.43,
                                                                                                "Total Cost": 46.26,
                                                                                                "Plan Rows": 1,
                                                                                                "Plan Width": 8,
                                                                                                "Actual Startup Time": 0.011,
                                                                                                "Actual Total Time": 0.012,
                                                                                                "Actual Rows": 1,
                                                                                                "Actual Loops": 25145,
                                                                                                "Index Cond": "(movie_id = mk.movie_id)",
                                                                                                "Rows Removed by Index Recheck": 0,
                                                                                                "Filter": "((info = ANY ('{\"Black and White\",Color}'::text[])) AND (info_type_id = 2))",
                                                                                                "Rows Removed by Filter": 28,
                                                                                                "Workers": []
                                                                                            }
                                                                                        ]
                                                                                    }
                                                                                ]
                                                                            },
                                                                            {
                                                                                "Node Type": "Seq Scan",
                                                                                "Parent Relationship": "Inner",
                                                                                "Parallel Aware": false,
                                                                                "Async Capable": false,
                                                                                "Relation Name": "info_type",
                                                                                "Alias": "it1",
                                                                                "Startup Cost": 0.0,
                                                                                "Total Cost": 2.41,
                                                                                "Plan Rows": 1,
                                                                                "Plan Width": 4,
                                                                                "Actual Startup Time": 0.001,
                                                                                "Actual Total Time": 0.002,
                                                                                "Actual Rows": 1,
                                                                                "Actual Loops": 24614,
                                                                                "Filter": "(id = 2)",
                                                                                "Rows Removed by Filter": 112
                                                                            }
                                                                        ]
                                                                    },
                                                                    {
                                                                        "Node Type": "Index Scan",
                                                                        "Parent Relationship": "Inner",
                                                                        "Parallel Aware": false,
                                                                        "Async Capable": false,
                                                                        "Scan Direction": "Forward",
                                                                        "Index Name": "movie_id_movie_info",
                                                                        "Relation Name": "movie_info",
                                                                        "Alias": "mi2",
                                                                        "Startup Cost": 0.43,
                                                                        "Total Cost": 46.72,
                                                                        "Plan Rows": 1,
                                                                        "Plan Width": 8,
                                                                        "Actual Startup Time": 0.007,
                                                                        "Actual Total Time": 0.008,
                                                                        "Actual Rows": 0,
                                                                        "Actual Loops": 24614,
                                                                        "Index Cond": "(movie_id = mk.movie_id)",
                                                                        "Rows Removed by Index Recheck": 0,
                                                                        "Filter": "((info_type_id = 1) AND (info = ANY ('{100,6,60,7,75,80,88,9,95,USA:30,USA:50}'::text[])))",
                                                                        "Rows Removed by Filter": 31
                                                                    }
                                                                ]
                                                            },
                                                            {
                                                                "Node Type": "Seq Scan",
                                                                "Parent Relationship": "Inner",
                                                                "Parallel Aware": false,
                                                                "Async Capable": false,
                                                                "Relation Name": "info_type",
                                                                "Alias": "it2",
                                                                "Startup Cost": 0.0,
                                                                "Total Cost": 2.41,
                                                                "Plan Rows": 1,
                                                                "Plan Width": 4,
                                                                "Actual Startup Time": 0.001,
                                                                "Actual Total Time": 0.002,
                                                                "Actual Rows": 1,
                                                                "Actual Loops": 3039,
                                                                "Filter": "(id = 1)",
                                                                "Rows Removed by Filter": 112
                                                            }
                                                        ]
                                                    },
                                                    {
                                                        "Node Type": "Index Scan",
                                                        "Parent Relationship": "Inner",
                                                        "Parallel Aware": false,
                                                        "Async Capable": false,
                                                        "Scan Direction": "Forward",
                                                        "Index Name": "movie_id_cast_info",
                                                        "Relation Name": "cast_info",
                                                        "Alias": "ci",
                                                        "Startup Cost": 0.44,
                                                        "Total Cost": 46.92,
                                                        "Plan Rows": 38,
                                                        "Plan Width": 12,
                                                        "Actual Startup Time": 0.003,
                                                        "Actual Total Time": 0.03,
                                                        "Actual Rows": 27,
                                                        "Actual Loops": 3039,
                                                        "Index Cond": "(movie_id = mk.movie_id)",
                                                        "Rows Removed by Index Recheck": 0
                                                    }
                                                ]
                                            },
                                            {
                                                "Node Type": "Index Scan",
                                                "Parent Relationship": "Inner",
                                                "Parallel Aware": false,
                                                "Async Capable": false,
                                                "Scan Direction": "Forward",
                                                "Index Name": "role_type_pkey",
                                                "Relation Name": "role_type",
                                                "Alias": "rt",
                                                "Startup Cost": 0.14,
                                                "Total Cost": 0.16,
                                                "Plan Rows": 1,
                                                "Plan Width": 4,
                                                "Actual Startup Time": 0.0,
                                                "Actual Total Time": 0.0,
                                                "Actual Rows": 0,
                                                "Actual Loops": 82907,
                                                "Index Cond": "(id = ci.role_id)",
                                                "Rows Removed by Index Recheck": 0,
                                                "Filter": "((role)::text = ANY ('{composer,\"costume designer\"}'::text[]))",
                                                "Rows Removed by Filter": 1
                                            }
                                        ]
                                    },
                                    {
                                        "Node Type": "Index Scan",
                                        "Parent Relationship": "Inner",
                                        "Parallel Aware": false,
                                        "Async Capable": false,
                                        "Scan Direction": "Forward",
                                        "Index Name": "name_pkey",
                                        "Relation Name": "name",
                                        "Alias": "n",
                                        "Startup Cost": 0.43,
                                        "Total Cost": 2.53,
                                        "Plan Rows": 1,
                                        "Plan Width": 4,
                                        "Actual Startup Time": 0.002,
                                        "Actual Total Time": 0.002,
                                        "Actual Rows": 0,
                                        "Actual Loops": 3155,
                                        "Index Cond": "(id = ci.person_id)",
                                        "Rows Removed by Index Recheck": 0,
                                        "Filter": "((gender)::text = ANY ('{f,m}'::text[]))",
                                        "Rows Removed by Filter": 1
                                    }
                                ]
                            }
                        ]
                    },
                    "Planning Time": 7.319,
                    "Triggers": [],
                    "Execution Time": 465.457
                }
            ],
            "hints": [
                "SET enable_hashjoin TO on",
                "SET enable_indexonlyscan TO on",
                "SET enable_indexscan TO on",
                "SET enable_mergejoin TO off",
                "SET enable_nestloop TO on",
                "SET enable_seqscan TO on"
            ]
        }
    ]
}