{
    "sql_file": "2c241.sql",
    "query": "SELECT COUNT(*) FROM title as t,\nkind_type as kt,\ninfo_type as it1,\nmovie_info as mi1,\nmovie_info as mi2,\ninfo_type as it2,\ncast_info as ci,\nrole_type as rt,\nname as n\nWHERE\nt.id = ci.movie_id\nAND t.id = mi1.movie_id\nAND t.id = mi2.movie_id\nAND mi1.movie_id = mi2.movie_id\nAND mi1.info_type_id = it1.id\nAND mi2.info_type_id = it2.id\nAND (it1.id in ('6'))\nAND (it2.id in ('7'))\nAND t.kind_id = kt.id\nAND ci.person_id = n.id\nAND ci.role_id = rt.id\nAND (mi1.info IN ('4-Track Stereo','6-Track Stereo','70 mm 6-Track','DTS-ES','DTS-Stereo','Datasat','Dolby Stereo','Dolby','SDDS','Silent','Stereo','Ultra Stereo'))\nAND (mi2.info IN ('CAM:Arriflex Cameras and Lenses','CAM:Panavision Panaflex Platinum, Panavision Primo Lenses','LAB:DeLuxe','LAB:DeLuxe, Hollywood (CA), USA','LAB:DeLuxe, USA','LAB:FotoKem Laboratory, Burbank (CA), USA','OFM:16 mm','PCS:Digital','PCS:Panavision','PCS:Super 16','PFM:16 mm','PFM:DVD-ROM','PFM:Digital','RAT:1.37 : 1','RAT:1.85 : 1'))\nAND (kt.kind in ('episode','movie','tv movie','tv series','video movie'))\nAND (rt.role in ('cinematographer'))\nAND (n.gender IN ('f') OR n.gender IS NULL)\nAND (t.production_year <= 2015)\nAND (t.production_year >= 1975)\nAND (t.title in ('(#1.1671)','(#1.3711)','(#1.5630)','(#1.6267)','(#10.55)','(#2.225)','(#2.50)','(#4.3)','(#5.195)','(#9.75)','(2003-10-10)','(2006-03-04)','(2006-11-20)','(2007-05-03)','(2007-10-04)','(2009-03-19)','(2009-09-02)','(2011-01-22)','11th Annual Screen Actors Guild Awards','Altlasten','An Owl in a Thornbush','Austin Powers in Goldmember','Conspiracy','Detox','Disco Fever','Fata Morgana','Freunde','Happy End','Homeward Bound II: Lost in San Francisco','Inkasso','Jailed in Katrina, Bhutan Motorcycle Crash, Kings Canyon Rescue','Just for the Record','Mauvaise fille','Nothing Lasts Forever','Portraits','Ray','Secrets in the Snow','Slash Fiction','Switch','Sûpâ no onna','The American Way','The Storm','Till My Heartaches End','Time Out of Mind','Turbulence'))",
    "results": [
        {
            "arm": 0,
            "execution_time": 138.392,
            "plan": [
                {
                    "Plan": {
                        "Node Type": "Aggregate",
                        "Strategy": "Plain",
                        "Partial Mode": "Simple",
                        "Parallel Aware": false,
                        "Async Capable": false,
                        "Startup Cost": 98985.54,
                        "Total Cost": 98985.55,
                        "Plan Rows": 1,
                        "Plan Width": 8,
                        "Actual Startup Time": 131.351,
                        "Actual Total Time": 138.351,
                        "Actual Rows": 1,
                        "Actual Loops": 1,
                        "Plans": [
                            {
                                "Node Type": "Nested Loop",
                                "Parent Relationship": "Outer",
                                "Parallel Aware": false,
                                "Async Capable": false,
                                "Join Type": "Inner",
                                "Startup Cost": 1003.08,
                                "Total Cost": 98985.53,
                                "Plan Rows": 1,
                                "Plan Width": 0,
                                "Actual Startup Time": 131.26,
                                "Actual Total Time": 138.346,
                                "Actual Rows": 1,
                                "Actual Loops": 1,
                                "Inner Unique": true,
                                "Plans": [
                                    {
                                        "Node Type": "Nested Loop",
                                        "Parent Relationship": "Outer",
                                        "Parallel Aware": false,
                                        "Async Capable": false,
                                        "Join Type": "Inner",
                                        "Startup Cost": 1002.65,
                                        "Total Cost": 98983.22,
                                        "Plan Rows": 1,
                                        "Plan Width": 4,
                                        "Actual Startup Time": 131.016,
                                        "Actual Total Time": 138.303,
                                        "Actual Rows": 11,
                                        "Actual Loops": 1,
                                        "Inner Unique": false,
                                        "Plans": [
                                            {
                                                "Node Type": "Nested Loop",
                                                "Parent Relationship": "Outer",
                                                "Parallel Aware": false,
                                                "Async Capable": false,
                                                "Join Type": "Inner",
                                                "Startup Cost": 1002.65,
                                                "Total Cost": 98980.8,
                                                "Plan Rows": 1,
                                                "Plan Width": 8,
                                                "Actual Startup Time": 131.008,
                                                "Actual Total Time": 138.269,
                                                "Actual Rows": 11,
                                                "Actual Loops": 1,
                                                "Inner Unique": false,
                                                "Join Filter": "(t.id = mi2.movie_id)",
                                                "Rows Removed by Join Filter": 0,
                                                "Plans": [
                                                    {
                                                        "Node Type": "Nested Loop",
                                                        "Parent Relationship": "Outer",
                                                        "Parallel Aware": false,
                                                        "Async Capable": false,
                                                        "Join Type": "Inner",
                                                        "Startup Cost": 1002.22,
                                                        "Total Cost": 98938.36,
                                                        "Plan Rows": 1,
                                                        "Plan Width": 16,
                                                        "Actual Startup Time": 20.666,
                                                        "Actual Total Time": 137.95,
                                                        "Actual Rows": 22,
                                                        "Actual Loops": 1,
                                                        "Inner Unique": false,
                                                        "Plans": [
                                                            {
                                                                "Node Type": "Gather",
                                                                "Parent Relationship": "Outer",
                                                                "Parallel Aware": false,
                                                                "Async Capable": false,
                                                                "Startup Cost": 1002.22,
                                                                "Total Cost": 98935.94,
                                                                "Plan Rows": 1,
                                                                "Plan Width": 20,
                                                                "Actual Startup Time": 20.662,
                                                                "Actual Total Time": 137.88,
                                                                "Actual Rows": 22,
                                                                "Actual Loops": 1,
                                                                "Workers Planned": 4,
                                                                "Workers Launched": 4,
                                                                "Single Copy": false,
                                                                "Plans": [
                                                                    {
                                                                        "Node Type": "Nested Loop",
                                                                        "Parent Relationship": "Outer",
                                                                        "Parallel Aware": false,
                                                                        "Async Capable": false,
                                                                        "Join Type": "Inner",
                                                                        "Startup Cost": 2.22,
                                                                        "Total Cost": 97935.84,
                                                                        "Plan Rows": 1,
                                                                        "Plan Width": 20,
                                                                        "Actual Startup Time": 47.223,
                                                                        "Actual Total Time": 129.344,
                                                                        "Actual Rows": 4,
                                                                        "Actual Loops": 5,
                                                                        "Inner Unique": true,
                                                                        "Workers": [],
                                                                        "Plans": [
                                                                            {
                                                                                "Node Type": "Nested Loop",
                                                                                "Parent Relationship": "Outer",
                                                                                "Parallel Aware": false,
                                                                                "Async Capable": false,
                                                                                "Join Type": "Inner",
                                                                                "Startup Cost": 2.08,
                                                                                "Total Cost": 97935.2,
                                                                                "Plan Rows": 4,
                                                                                "Plan Width": 24,
                                                                                "Actual Startup Time": 11.967,
                                                                                "Actual Total Time": 129.186,
                                                                                "Actual Rows": 390,
                                                                                "Actual Loops": 5,
                                                                                "Inner Unique": false,
                                                                                "Join Filter": "(t.id = ci.movie_id)",
                                                                                "Rows Removed by Join Filter": 0,
                                                                                "Workers": [],
                                                                                "Plans": [
                                                                                    {
                                                                                        "Node Type": "Nested Loop",
                                                                                        "Parent Relationship": "Outer",
                                                                                        "Parallel Aware": false,
                                                                                        "Async Capable": false,
                                                                                        "Join Type": "Inner",
                                                                                        "Startup Cost": 1.64,
                                                                                        "Total Cost": 97830.38,
                                                                                        "Plan Rows": 1,
                                                                                        "Plan Width": 12,
                                                                                        "Actual Startup Time": 11.944,
                                                                                        "Actual Total Time": 128.161,
                                                                                        "Actual Rows": 7,
                                                                                        "Actual Loops": 5,
                                                                                        "Inner Unique": false,
                                                                                        "Workers": [],
                                                                                        "Plans": [
                                                                                            {
                                                                                                "Node Type": "Hash Join",
                                                                                                "Parent Relationship": "Outer",
                                                                                                "Parallel Aware": false,
                                                                                                "Async Capable": false,
                                                                                                "Join Type": "Inner",
                                                                                                "Startup Cost": 1.18,
                                                                                                "Total Cost": 81049.67,
                                                                                                "Plan Rows": 108,
                                                                                                "Plan Width": 4,
                                                                                                "Actual Startup Time": 0.373,
                                                                                                "Actual Total Time": 125.893,
                                                                                                "Actual Rows": 281,
                                                                                                "Actual Loops": 5,
                                                                                                "Inner Unique": true,
                                                                                                "Hash Cond": "(t.kind_id = kt.id)",
                                                                                                "Workers": [],
                                                                                                "Plans": [
                                                                                                    {
                                                                                                        "Node Type": "Seq Scan",
                                                                                                        "Parent Relationship": "Outer",
                                                                                                        "Parallel Aware": true,
                                                                                                        "Async Capable": false,
                                                                                                        "Relation Name": "title",
                                                                                                        "Alias": "t",
                                                                                                        "Startup Cost": 0.0,
                                                                                                        "Total Cost": 81047.85,
                                                                                                        "Plan Rows": 152,
                                                                                                        "Plan Width": 8,
                                                                                                        "Actual Startup Time": 0.329,
                                                                                                        "Actual Total Time": 125.821,
                                                                                                        "Actual Rows": 281,
                                                                                                        "Actual Loops": 5,
                                                                                                        "Filter": "((production_year <= 2015) AND (production_year >= 1975) AND (title = ANY ('{(#1.1671),(#1.3711),(#1.5630),(#1.6267),(#10.55),(#2.225),(#2.50),(#4.3),(#5.195),(#9.75),(2003-10-10),(2006-03-04),(2006-11-20),(2007-05-03),(2007-10-04),(2009-03-19),(2009-09-02),(2011-01-22),\"11th Annual Screen Actors Guild Awards\",Altlasten,\"An Owl in a Thornbush\",\"Austin Powers in Goldmember\",Conspiracy,Detox,\"Disco Fever\",\"Fata Morgana\",Freunde,\"Happy End\",\"Homeward Bound II: Lost in San Francisco\",Inkasso,\"Jailed in Katrina, Bhutan Motorcycle Crash, Kings Canyon Rescue\",\"Just for the Record\",\"Mauvaise fille\",\"Nothing Lasts Forever\",Portraits,Ray,\"Secrets in the Snow\",\"Slash Fiction\",Switch,\"Sûpâ no onna\",\"The American Way\",\"The Storm\",\"Till My Heartaches End\",\"Time Out of Mind\",Turbulence}'::text[])))",
                                                                                                        "Rows Removed by Filter": 505381,
                                                                                                        "Workers": []
                                                                                                    },
                                                                                                    {
                                                                                                        "Node Type": "Hash",
                                                                                                        "Parent Relationship": "Inner",
                                                                                                        "Parallel Aware": false,
                                                                                                        "Async Capable": false,
                                                                                                        "Startup Cost": 1.11,
                                                                                                        "Total Cost": 1.11,
                                                                                                        "Plan Rows": 5,
                                                                                                        "Plan Width": 4,
                                                                                                        "Actual Startup Time": 0.008,
                                                                                                        "Actual Total Time": 0.009,
                                                                                                        "Actual Rows": 5,
                                                                                                        "Actual Loops": 5,
                                                                                                        "Hash Buckets": 1024,
                                                                                                        "Original Hash Buckets": 1024,
                                                                                                        "Hash Batches": 1,
                                                                                                        "Original Hash Batches": 1,
                                                                                                        "Peak Memory Usage": 9,
                                                                                                        "Workers": [],
                                                                                                        "Plans": [
                                                                                                            {
                                                                                                                "Node Type": "Seq Scan",
                                                                                                                "Parent Relationship": "Outer",
                                                                                                                "Parallel Aware": false,
                                                                                                                "Async Capable": false,
                                                                                                                "Relation Name": "kind_type",
                                                                                                                "Alias": "kt",
                                                                                                                "Startup Cost": 0.0,
                                                                                                                "Total Cost": 1.11,
                                                                                                                "Plan Rows": 5,
                                                                                                                "Plan Width": 4,
                                                                                                                "Actual Startup Time": 0.005,
                                                                                                                "Actual Total Time": 0.006,
                                                                                                                "Actual Rows": 5,
                                                                                                                "Actual Loops": 5,
                                                                                                                "Filter": "((kind)::text = ANY ('{episode,movie,\"tv movie\",\"tv series\",\"video movie\"}'::text[]))",
                                                                                                                "Rows Removed by Filter": 2,
                                                                                                                "Workers": []
                                                                                                            }
                                                                                                        ]
                                                                                                    }
                                                                                                ]
                                                                                            },
                                                                                            {
                                                                                                "Node Type": "Index Scan",
                                                                                                "Parent Relationship": "Inner",
                                                                                                "Parallel Aware": false,
                                                                                                "Async Capable": false,
                                                                                                "Scan Direction": "Forward",
                                                                                                "Index Name": "movie_id_movie_info",
                                                                                                "Relation Name": "movie_info",
                                                                                                "Alias": "mi1",
                                                                                                "Startup Cost": 0.46,
                                                                                                "Total Cost": 155.37,
                                                                                                "Plan Rows": 1,
                                                                                                "Plan Width": 8,
                                                                                                "Actual Startup Time": 0.008,
                                                                                                "Actual Total Time": 0.008,
                                                                                                "Actual Rows": 0,
                                                                                                "Actual Loops": 1404,
                                                                                                "Index Cond": "(movie_id = t.id)",
                                                                                                "Rows Removed by Index Recheck": 0,
                                                                                                "Filter": "((info_type_id = 6) AND (info = ANY ('{\"4-Track Stereo\",\"6-Track Stereo\",\"70 mm 6-Track\",DTS-ES,DTS-Stereo,Datasat,\"Dolby Stereo\",Dolby,SDDS,Silent,Stereo,\"Ultra Stereo\"}'::text[])))",
                                                                                                "Rows Removed by Filter": 4,
                                                                                                "Workers": []
                                                                                            }
                                                                                        ]
                                                                                    },
                                                                                    {
                                                                                        "Node Type": "Index Scan",
                                                                                        "Parent Relationship": "Inner",
                                                                                        "Parallel Aware": false,
                                                                                        "Async Capable": false,
                                                                                        "Scan Direction": "Forward",
                                                                                        "Index Name": "movie_id_cast_info",
                                                                                        "Relation Name": "cast_info",
                                                                                        "Alias": "ci",
                                                                                        "Startup Cost": 0.44,
                                                                                        "Total Cost": 104.34,
                                                                                        "Plan Rows": 38,
                                                                                        "Plan Width": 12,
                                                                                        "Actual Startup Time": 0.01,
                                                                                        "Actual Total Time": 0.149,
                                                                                        "Actual Rows": 59,
                                                                                        "Actual Loops": 33,
                                                                                        "Index Cond": "(movie_id = mi1.movie_id)",
                                                                                        "Rows Removed by Index Recheck": 0,
                                                                                        "Workers": []
                                                                                    }
                                                                                ]
                                                                            },
                                                                            {
                                                                                "Node Type": "Index Scan",
                                                                                "Parent Relationship": "Inner",
                                                                                "Parallel Aware": false,
                                                                                "Async Capable": false,
                                                                                "Scan Direction": "Forward",
                                                                                "Index Name": "role_type_pkey",
                                                                                "Relation Name": "role_type",
                                                                                "Alias": "rt",
                                                                                "Startup Cost": 0.14,
                                                                                "Total Cost": 0.16,
                                                                                "Plan Rows": 1,
                                                                                "Plan Width": 4,
                                                                                "Actual Startup Time": 0.0,
                                                                                "Actual Total Time": 0.0,
                                                                                "Actual Rows": 0,
                                                                                "Actual Loops": 1949,
                                                                                "Index Cond": "(id = ci.role_id)",
                                                                                "Rows Removed by Index Recheck": 0,
                                                                                "Filter": "((role)::text = 'cinematographer'::text)",
                                                                                "Rows Removed by Filter": 1,
                                                                                "Workers": []
                                                                            }
                                                                        ]
                                                                    }
                                                                ]
                                                            },
                                                            {
                                                                "Node Type": "Seq Scan",
                                                                "Parent Relationship": "Inner",
                                                                "Parallel Aware": false,
                                                                "Async Capable": false,
                                                                "Relation Name": "info_type",
                                                                "Alias": "it1",
                                                                "Startup Cost": 0.0,
                                                                "Total Cost": 2.41,
                                                                "Plan Rows": 1,
                                                                "Plan Width": 4,
                                                                "Actual Startup Time": 0.001,
                                                                "Actual Total Time": 0.003,
                                                                "Actual Rows": 1,
                                                                "Actual Loops": 22,
                                                                "Filter": "(id = 6)",
                                                                "Rows Removed by Filter": 112
                                                            }
                                                        ]
                                                    },
                                                    {
                                                        "Node Type": "Index Scan",
                                                        "Parent Relationship": "Inner",
                                                        "Parallel Aware": false,
                                                        "Async Capable": false,
                                                        "Scan Direction": "Forward",
                                                        "Index Name": "movie_id_movie_info",
                                                        "Relation Name": "movie_info",
                                                        "Alias": "mi2",
                                                        "Startup Cost": 0.43,
                                                        "Total Cost": 42.43,
                                                        "Plan Rows": 1,
                                                        "Plan Width": 8,
                                                        "Actual Startup Time": 0.008,
                                                        "Actual Total Time": 0.014,
                                                        "Actual Rows": 0,
                                                        "Actual Loops": 22,
                                                        "Index Cond": "(movie_id = ci.movie_id)",
                                                        "Rows Removed by Index Recheck": 0,
                                                        "Filter": "((info_type_id = 7) AND (info = ANY ('{\"CAM:Arriflex Cameras and Lenses\",\"CAM:Panavision Panaflex Platinum, Panavision Primo Lenses\",LAB:DeLuxe,\"LAB:DeLuxe, Hollywood (CA), USA\",\"LAB:DeLuxe, USA\",\"LAB:FotoKem Laboratory, Burbank (CA), USA\",\"OFM:16 mm\",PCS:Digital,PCS:Panavision,\"PCS:Super 16\",\"PFM:16 mm\",PFM:DVD-ROM,PFM:Digital,\"RAT:1.37 : 1\",\"RAT:1.85 : 1\"}'::text[])))",
                                                        "Rows Removed by Filter": 75
                                                    }
                                                ]
                                            },
                                            {
                                                "Node Type": "Seq Scan",
                                                "Parent Relationship": "Inner",
                                                "Parallel Aware": false,
                                                "Async Capable": false,
                                                "Relation Name": "info_type",
                                                "Alias": "it2",
                                                "Startup Cost": 0.0,
                                                "Total Cost": 2.41,
                                                "Plan Rows": 1,
                                                "Plan Width": 4,
                                                "Actual Startup Time": 0.001,
                                                "Actual Total Time": 0.003,
                                                "Actual Rows": 1,
                                                "Actual Loops": 11,
                                                "Filter": "(id = 7)",
                                                "Rows Removed by Filter": 112
                                            }
                                        ]
                                    },
                                    {
                                        "Node Type": "Index Scan",
                                        "Parent Relationship": "Inner",
                                        "Parallel Aware": false,
                                        "Async Capable": false,
                                        "Scan Direction": "Forward",
                                        "Index Name": "name_pkey",
                                        "Relation Name": "name",
                                        "Alias": "n",
                                        "Startup Cost": 0.43,
                                        "Total Cost": 2.31,
                                        "Plan Rows": 1,
                                        "Plan Width": 4,
                                        "Actual Startup Time": 0.004,
                                        "Actual Total Time": 0.004,
                                        "Actual Rows": 0,
                                        "Actual Loops": 11,
                                        "Index Cond": "(id = ci.person_id)",
                                        "Rows Removed by Index Recheck": 0,
                                        "Filter": "(((gender)::text = 'f'::text) OR (gender IS NULL))",
                                        "Rows Removed by Filter": 1
                                    }
                                ]
                            }
                        ]
                    },
                    "Planning Time": 2.158,
                    "Triggers": [],
                    "Execution Time": 138.392
                }
            ],
            "hints": [
                "SET enable_hashjoin TO on",
                "SET enable_indexonlyscan TO on",
                "SET enable_indexscan TO on",
                "SET enable_mergejoin TO on",
                "SET enable_nestloop TO on",
                "SET enable_seqscan TO on"
            ]
        },
        {
            "arm": 1,
            "execution_time": 12204.797,
            "plan": [
                {
                    "Plan": {
                        "Node Type": "Aggregate",
                        "Strategy": "Plain",
                        "Partial Mode": "Simple",
                        "Parallel Aware": false,
                        "Async Capable": false,
                        "Startup Cost": 20019856533.04,
                        "Total Cost": 20019856533.05,
                        "Plan Rows": 1,
                        "Plan Width": 8,
                        "Actual Startup Time": 12180.404,
                        "Actual Total Time": 12180.414,
                        "Actual Rows": 1,
                        "Actual Loops": 1,
                        "Plans": [
                            {
                                "Node Type": "Hash Join",
                                "Parent Relationship": "Outer",
                                "Parallel Aware": false,
                                "Async Capable": false,
                                "Join Type": "Inner",
                                "Startup Cost": 20019231907.49,
                                "Total Cost": 20019856533.04,
                                "Plan Rows": 1,
                                "Plan Width": 0,
                                "Actual Startup Time": 11887.273,
                                "Actual Total Time": 12180.407,
                                "Actual Rows": 1,
                                "Actual Loops": 1,
                                "Inner Unique": true,
                                "Hash Cond": "(ci.role_id = rt.id)",
                                "Plans": [
                                    {
                                        "Node Type": "Nested Loop",
                                        "Parent Relationship": "Outer",
                                        "Parallel Aware": false,
                                        "Async Capable": false,
                                        "Join Type": "Inner",
                                        "Startup Cost": 20019231906.33,
                                        "Total Cost": 20019856531.85,
                                        "Plan Rows": 7,
                                        "Plan Width": 4,
                                        "Actual Startup Time": 11763.744,
                                        "Actual Total Time": 12180.369,
                                        "Actual Rows": 1084,
                                        "Actual Loops": 1,
                                        "Inner Unique": false,
                                        "Plans": [
                                            {
                                                "Node Type": "Hash Join",
                                                "Parent Relationship": "Outer",
                                                "Parallel Aware": false,
                                                "Async Capable": false,
                                                "Join Type": "Inner",
                                                "Startup Cost": 10019231906.33,
                                                "Total Cost": 10019856529.35,
                                                "Plan Rows": 7,
                                                "Plan Width": 8,
                                                "Actual Startup Time": 11763.735,
                                                "Actual Total Time": 12180.224,
                                                "Actual Rows": 1084,
                                                "Actual Loops": 1,
                                                "Inner Unique": true,
                                                "Hash Cond": "(t.kind_id = kt.id)",
                                                "Plans": [
                                                    {
                                                        "Node Type": "Hash Join",
                                                        "Parent Relationship": "Outer",
                                                        "Parallel Aware": false,
                                                        "Async Capable": false,
                                                        "Join Type": "Inner",
                                                        "Startup Cost": 10019231905.15,
                                                        "Total Cost": 10019856528.14,
                                                        "Plan Rows": 7,
                                                        "Plan Width": 12,
                                                        "Actual Startup Time": 11763.731,
                                                        "Actual Total Time": 12180.156,
                                                        "Actual Rows": 1084,
                                                        "Actual Loops": 1,
                                                        "Inner Unique": false,
                                                        "Hash Cond": "(mi2.movie_id = t.id)",
                                                        "Plans": [
                                                            {
                                                                "Node Type": "Seq Scan",
                                                                "Parent Relationship": "Outer",
                                                                "Parallel Aware": false,
                                                                "Async Capable": false,
                                                                "Relation Name": "movie_info",
                                                                "Alias": "mi2",
                                                                "Startup Cost": 0.0,
                                                                "Total Cost": 624591.03,
                                                                "Plan Rows": 8519,
                                                                "Plan Width": 8,
                                                                "Actual Startup Time": 207.959,
                                                                "Actual Total Time": 648.462,
                                                                "Actual Rows": 111539,
                                                                "Actual Loops": 1,
                                                                "Filter": "((info_type_id = 7) AND (info = ANY ('{\"CAM:Arriflex Cameras and Lenses\",\"CAM:Panavision Panaflex Platinum, Panavision Primo Lenses\",LAB:DeLuxe,\"LAB:DeLuxe, Hollywood (CA), USA\",\"LAB:DeLuxe, USA\",\"LAB:FotoKem Laboratory, Burbank (CA), USA\",\"OFM:16 mm\",PCS:Digital,PCS:Panavision,\"PCS:Super 16\",\"PFM:16 mm\",PFM:DVD-ROM,PFM:Digital,\"RAT:1.37 : 1\",\"RAT:1.85 : 1\"}'::text[])))",
                                                                "Rows Removed by Filter": 14724181
                                                            },
                                                            {
                                                                "Node Type": "Hash",
                                                                "Parent Relationship": "Inner",
                                                                "Parallel Aware": false,
                                                                "Async Capable": false,
                                                                "Startup Cost": 10019231904.96,
                                                                "Total Cost": 10019231904.96,
                                                                "Plan Rows": 15,
                                                                "Plan Width": 20,
                                                                "Actual Startup Time": 11528.611,
                                                                "Actual Total Time": 11528.618,
                                                                "Actual Rows": 992,
                                                                "Actual Loops": 1,
                                                                "Hash Buckets": 1024,
                                                                "Original Hash Buckets": 1024,
                                                                "Hash Batches": 1,
                                                                "Original Hash Batches": 1,
                                                                "Peak Memory Usage": 59,
                                                                "Plans": [
                                                                    {
                                                                        "Node Type": "Merge Join",
                                                                        "Parent Relationship": "Outer",
                                                                        "Parallel Aware": false,
                                                                        "Async Capable": false,
                                                                        "Join Type": "Inner",
                                                                        "Startup Cost": 10003902296.34,
                                                                        "Total Cost": 10019231904.96,
                                                                        "Plan Rows": 15,
                                                                        "Plan Width": 20,
                                                                        "Actual Startup Time": 7911.497,
                                                                        "Actual Total Time": 11528.539,
                                                                        "Actual Rows": 992,
                                                                        "Actual Loops": 1,
                                                                        "Inner Unique": true,
                                                                        "Merge Cond": "(ci.movie_id = t.id)",
                                                                        "Plans": [
                                                                            {
                                                                                "Node Type": "Merge Join",
                                                                                "Parent Relationship": "Outer",
                                                                                "Parallel Aware": false,
                                                                                "Async Capable": false,
                                                                                "Join Type": "Inner",
                                                                                "Startup Cost": 10003902295.91,
                                                                                "Total Cost": 10018957951.03,
                                                                                "Plan Rows": 134233,
                                                                                "Plan Width": 12,
                                                                                "Actual Startup Time": 7765.351,
                                                                                "Actual Total Time": 10415.348,
                                                                                "Actual Rows": 1858844,
                                                                                "Actual Loops": 1,
                                                                                "Inner Unique": false,
                                                                                "Merge Cond": "(ci.movie_id = mi1.movie_id)",
                                                                                "Plans": [
                                                                                    {
                                                                                        "Node Type": "Sort",
                                                                                        "Parent Relationship": "Outer",
                                                                                        "Parallel Aware": false,
                                                                                        "Async Capable": false,
                                                                                        "Startup Cost": 3902295.45,
                                                                                        "Total Cost": 3947722.99,
                                                                                        "Plan Rows": 18171018,
                                                                                        "Plan Width": 8,
                                                                                        "Actual Startup Time": 7765.269,
                                                                                        "Actual Total Time": 8470.473,
                                                                                        "Actual Rows": 18127680,
                                                                                        "Actual Loops": 1,
                                                                                        "Sort Key": [
                                                                                            "ci.movie_id"
                                                                                        ],
                                                                                        "Sort Method": "external merge",
                                                                                        "Sort Space Used": 328848,
                                                                                        "Sort Space Type": "Disk",
                                                                                        "Plans": [
                                                                                            {
                                                                                                "Node Type": "Hash Join",
                                                                                                "Parent Relationship": "Outer",
                                                                                                "Parallel Aware": false,
                                                                                                "Async Capable": false,
                                                                                                "Join Type": "Inner",
                                                                                                "Startup Cost": 142028.66,
                                                                                                "Total Cost": 1214445.61,
                                                                                                "Plan Rows": 18171018,
                                                                                                "Plan Width": 8,
                                                                                                "Actual Startup Time": 354.218,
                                                                                                "Actual Total Time": 5353.613,
                                                                                                "Actual Rows": 18663923,
                                                                                                "Actual Loops": 1,
                                                                                                "Inner Unique": true,
                                                                                                "Hash Cond": "(ci.person_id = n.id)",
                                                                                                "Plans": [
                                                                                                    {
                                                                                                        "Node Type": "Seq Scan",
                                                                                                        "Parent Relationship": "Outer",
                                                                                                        "Parallel Aware": false,
                                                                                                        "Async Capable": false,
                                                                                                        "Relation Name": "cast_info",
                                                                                                        "Alias": "ci",
                                                                                                        "Startup Cost": 0.0,
                                                                                                        "Total Cost": 615163.44,
                                                                                                        "Plan Rows": 36244344,
                                                                                                        "Plan Width": 12,
                                                                                                        "Actual Startup Time": 0.007,
                                                                                                        "Actual Total Time": 1563.887,
                                                                                                        "Actual Rows": 36244344,
                                                                                                        "Actual Loops": 1
                                                                                                    },
                                                                                                    {
                                                                                                        "Node Type": "Hash",
                                                                                                        "Parent Relationship": "Inner",
                                                                                                        "Parallel Aware": false,
                                                                                                        "Async Capable": false,
                                                                                                        "Startup Cost": 107749.64,
                                                                                                        "Total Cost": 107749.64,
                                                                                                        "Plan Rows": 2089362,
                                                                                                        "Plan Width": 4,
                                                                                                        "Actual Startup Time": 354.053,
                                                                                                        "Actual Total Time": 354.054,
                                                                                                        "Actual Rows": 2427912,
                                                                                                        "Actual Loops": 1,
                                                                                                        "Hash Buckets": 524288,
                                                                                                        "Original Hash Buckets": 524288,
                                                                                                        "Hash Batches": 8,
                                                                                                        "Original Hash Batches": 8,
                                                                                                        "Peak Memory Usage": 14743,
                                                                                                        "Plans": [
                                                                                                            {
                                                                                                                "Node Type": "Seq Scan",
                                                                                                                "Parent Relationship": "Outer",
                                                                                                                "Parallel Aware": false,
                                                                                                                "Async Capable": false,
                                                                                                                "Relation Name": "name",
                                                                                                                "Alias": "n",
                                                                                                                "Startup Cost": 0.0,
                                                                                                                "Total Cost": 107749.64,
                                                                                                                "Plan Rows": 2089362,
                                                                                                                "Plan Width": 4,
                                                                                                                "Actual Startup Time": 14.072,
                                                                                                                "Actual Total Time": 229.693,
                                                                                                                "Actual Rows": 2427912,
                                                                                                                "Actual Loops": 1,
                                                                                                                "Filter": "(((gender)::text = 'f'::text) OR (gender IS NULL))",
                                                                                                                "Rows Removed by Filter": 1739579
                                                                                                            }
                                                                                                        ]
                                                                                                    }
                                                                                                ]
                                                                                            }
                                                                                        ]
                                                                                    },
                                                                                    {
                                                                                        "Node Type": "Materialize",
                                                                                        "Parent Relationship": "Inner",
                                                                                        "Parallel Aware": false,
                                                                                        "Async Capable": false,
                                                                                        "Startup Cost": 10000000000.47,
                                                                                        "Total Cost": 10014969205.29,
                                                                                        "Plan Rows": 7016,
                                                                                        "Plan Width": 4,
                                                                                        "Actual Startup Time": 0.076,
                                                                                        "Actual Total Time": 1400.739,
                                                                                        "Actual Rows": 1903016,
                                                                                        "Actual Loops": 1,
                                                                                        "Plans": [
                                                                                            {
                                                                                                "Node Type": "Nested Loop",
                                                                                                "Parent Relationship": "Outer",
                                                                                                "Parallel Aware": false,
                                                                                                "Async Capable": false,
                                                                                                "Join Type": "Inner",
                                                                                                "Startup Cost": 10000000000.47,
                                                                                                "Total Cost": 10014969187.75,
                                                                                                "Plan Rows": 7016,
                                                                                                "Plan Width": 4,
                                                                                                "Actual Startup Time": 0.073,
                                                                                                "Actual Total Time": 1352.512,
                                                                                                "Actual Rows": 206672,
                                                                                                "Actual Loops": 1,
                                                                                                "Inner Unique": false,
                                                                                                "Plans": [
                                                                                                    {
                                                                                                        "Node Type": "Index Scan",
                                                                                                        "Parent Relationship": "Outer",
                                                                                                        "Parallel Aware": false,
                                                                                                        "Async Capable": false,
                                                                                                        "Scan Direction": "Forward",
                                                                                                        "Index Name": "movie_id_movie_info",
                                                                                                        "Relation Name": "movie_info",
                                                                                                        "Alias": "mi1",
                                                                                                        "Startup Cost": 0.46,
                                                                                                        "Total Cost": 14969097.64,
                                                                                                        "Plan Rows": 7016,
                                                                                                        "Plan Width": 8,
                                                                                                        "Actual Startup Time": 0.063,
                                                                                                        "Actual Total Time": 1326.777,
                                                                                                        "Actual Rows": 206672,
                                                                                                        "Actual Loops": 1,
                                                                                                        "Filter": "((info_type_id = 6) AND (info = ANY ('{\"4-Track Stereo\",\"6-Track Stereo\",\"70 mm 6-Track\",DTS-ES,DTS-Stereo,Datasat,\"Dolby Stereo\",Dolby,SDDS,Silent,Stereo,\"Ultra Stereo\"}'::text[])))",
                                                                                                        "Rows Removed by Filter": 13862458
                                                                                                    },
                                                                                                    {
                                                                                                        "Node Type": "Materialize",
                                                                                                        "Parent Relationship": "Inner",
                                                                                                        "Parallel Aware": false,
                                                                                                        "Async Capable": false,
                                                                                                        "Startup Cost": 0.0,
                                                                                                        "Total Cost": 2.42,
                                                                                                        "Plan Rows": 1,
                                                                                                        "Plan Width": 4,
                                                                                                        "Actual Startup Time": 0.0,
                                                                                                        "Actual Total Time": 0.0,
                                                                                                        "Actual Rows": 1,
                                                                                                        "Actual Loops": 206672,
                                                                                                        "Plans": [
                                                                                                            {
                                                                                                                "Node Type": "Seq Scan",
                                                                                                                "Parent Relationship": "Outer",
                                                                                                                "Parallel Aware": false,
                                                                                                                "Async Capable": false,
                                                                                                                "Relation Name": "info_type",
                                                                                                                "Alias": "it1",
                                                                                                                "Startup Cost": 0.0,
                                                                                                                "Total Cost": 2.41,
                                                                                                                "Plan Rows": 1,
                                                                                                                "Plan Width": 4,
                                                                                                                "Actual Startup Time": 0.007,
                                                                                                                "Actual Total Time": 0.009,
                                                                                                                "Actual Rows": 1,
                                                                                                                "Actual Loops": 1,
                                                                                                                "Filter": "(id = 6)",
                                                                                                                "Rows Removed by Filter": 112
                                                                                                            }
                                                                                                        ]
                                                                                                    }
                                                                                                ]
                                                                                            }
                                                                                        ]
                                                                                    }
                                                                                ]
                                                                            },
                                                                            {
                                                                                "Node Type": "Index Scan",
                                                                                "Parent Relationship": "Inner",
                                                                                "Parallel Aware": false,
                                                                                "Async Capable": false,
                                                                                "Scan Direction": "Forward",
                                                                                "Index Name": "title_pkey",
                                                                                "Relation Name": "title",
                                                                                "Alias": "t",
                                                                                "Startup Cost": 0.43,
                                                                                "Total Cost": 274067.28,
                                                                                "Plan Rows": 608,
                                                                                "Plan Width": 8,
                                                                                "Actual Startup Time": 1.531,
                                                                                "Actual Total Time": 1071.861,
                                                                                "Actual Rows": 1405,
                                                                                "Actual Loops": 1,
                                                                                "Filter": "((production_year <= 2015) AND (production_year >= 1975) AND (title = ANY ('{(#1.1671),(#1.3711),(#1.5630),(#1.6267),(#10.55),(#2.225),(#2.50),(#4.3),(#5.195),(#9.75),(2003-10-10),(2006-03-04),(2006-11-20),(2007-05-03),(2007-10-04),(2009-03-19),(2009-09-02),(2011-01-22),\"11th Annual Screen Actors Guild Awards\",Altlasten,\"An Owl in a Thornbush\",\"Austin Powers in Goldmember\",Conspiracy,Detox,\"Disco Fever\",\"Fata Morgana\",Freunde,\"Happy End\",\"Homeward Bound II: Lost in San Francisco\",Inkasso,\"Jailed in Katrina, Bhutan Motorcycle Crash, Kings Canyon Rescue\",\"Just for the Record\",\"Mauvaise fille\",\"Nothing Lasts Forever\",Portraits,Ray,\"Secrets in the Snow\",\"Slash Fiction\",Switch,\"Sûpâ no onna\",\"The American Way\",\"The Storm\",\"Till My Heartaches End\",\"Time Out of Mind\",Turbulence}'::text[])))",
                                                                                "Rows Removed by Filter": 2526907
                                                                            }
                                                                        ]
                                                                    }
                                                                ]
                                                            }
                                                        ]
                                                    },
                                                    {
                                                        "Node Type": "Hash",
                                                        "Parent Relationship": "Inner",
                                                        "Parallel Aware": false,
                                                        "Async Capable": false,
                                                        "Startup Cost": 1.11,
                                                        "Total Cost": 1.11,
                                                        "Plan Rows": 5,
                                                        "Plan Width": 4,
                                                        "Actual Startup Time": 0.002,
                                                        "Actual Total Time": 0.003,
                                                        "Actual Rows": 5,
                                                        "Actual Loops": 1,
                                                        "Hash Buckets": 1024,
                                                        "Original Hash Buckets": 1024,
                                                        "Hash Batches": 1,
                                                        "Original Hash Batches": 1,
                                                        "Peak Memory Usage": 9,
                                                        "Plans": [
                                                            {
                                                                "Node Type": "Seq Scan",
                                                                "Parent Relationship": "Outer",
                                                                "Parallel Aware": false,
                                                                "Async Capable": false,
                                                                "Relation Name": "kind_type",
                                                                "Alias": "kt",
                                                                "Startup Cost": 0.0,
                                                                "Total Cost": 1.11,
                                                                "Plan Rows": 5,
                                                                "Plan Width": 4,
                                                                "Actual Startup Time": 0.001,
                                                                "Actual Total Time": 0.002,
                                                                "Actual Rows": 5,
                                                                "Actual Loops": 1,
                                                                "Filter": "((kind)::text = ANY ('{episode,movie,\"tv movie\",\"tv series\",\"video movie\"}'::text[]))",
                                                                "Rows Removed by Filter": 2
                                                            }
                                                        ]
                                                    }
                                                ]
                                            },
                                            {
                                                "Node Type": "Materialize",
                                                "Parent Relationship": "Inner",
                                                "Parallel Aware": false,
                                                "Async Capable": false,
                                                "Startup Cost": 0.0,
                                                "Total Cost": 2.42,
                                                "Plan Rows": 1,
                                                "Plan Width": 4,
                                                "Actual Startup Time": 0.0,
                                                "Actual Total Time": 0.0,
                                                "Actual Rows": 1,
                                                "Actual Loops": 1084,
                                                "Plans": [
                                                    {
                                                        "Node Type": "Seq Scan",
                                                        "Parent Relationship": "Outer",
                                                        "Parallel Aware": false,
                                                        "Async Capable": false,
                                                        "Relation Name": "info_type",
                                                        "Alias": "it2",
                                                        "Startup Cost": 0.0,
                                                        "Total Cost": 2.41,
                                                        "Plan Rows": 1,
                                                        "Plan Width": 4,
                                                        "Actual Startup Time": 0.005,
                                                        "Actual Total Time": 0.007,
                                                        "Actual Rows": 1,
                                                        "Actual Loops": 1,
                                                        "Filter": "(id = 7)",
                                                        "Rows Removed by Filter": 112
                                                    }
                                                ]
                                            }
                                        ]
                                    },
                                    {
                                        "Node Type": "Hash",
                                        "Parent Relationship": "Inner",
                                        "Parallel Aware": false,
                                        "Async Capable": false,
                                        "Startup Cost": 1.15,
                                        "Total Cost": 1.15,
                                        "Plan Rows": 1,
                                        "Plan Width": 4,
                                        "Actual Startup Time": 0.004,
                                        "Actual Total Time": 0.005,
                                        "Actual Rows": 1,
                                        "Actual Loops": 1,
                                        "Hash Buckets": 1024,
                                        "Original Hash Buckets": 1024,
                                        "Hash Batches": 1,
                                        "Original Hash Batches": 1,
                                        "Peak Memory Usage": 9,
                                        "Plans": [
                                            {
                                                "Node Type": "Seq Scan",
                                                "Parent Relationship": "Outer",
                                                "Parallel Aware": false,
                                                "Async Capable": false,
                                                "Relation Name": "role_type",
                                                "Alias": "rt",
                                                "Startup Cost": 0.0,
                                                "Total Cost": 1.15,
                                                "Plan Rows": 1,
                                                "Plan Width": 4,
                                                "Actual Startup Time": 0.003,
                                                "Actual Total Time": 0.003,
                                                "Actual Rows": 1,
                                                "Actual Loops": 1,
                                                "Filter": "((role)::text = 'cinematographer'::text)",
                                                "Rows Removed by Filter": 11
                                            }
                                        ]
                                    }
                                ]
                            }
                        ]
                    },
                    "Planning Time": 2.761,
                    "Triggers": [],
                    "Execution Time": 12204.797
                }
            ],
            "hints": [
                "SET enable_hashjoin TO on",
                "SET enable_indexonlyscan TO on",
                "SET enable_indexscan TO on",
                "SET enable_mergejoin TO on",
                "SET enable_nestloop TO off",
                "SET enable_seqscan TO on"
            ]
        },
        {
            "arm": 2,
            "execution_time": 1026.533,
            "plan": [
                {
                    "Plan": {
                        "Node Type": "Aggregate",
                        "Strategy": "Plain",
                        "Partial Mode": "Finalize",
                        "Parallel Aware": false,
                        "Async Capable": false,
                        "Startup Cost": 949432.34,
                        "Total Cost": 949432.35,
                        "Plan Rows": 1,
                        "Plan Width": 8,
                        "Actual Startup Time": 995.128,
                        "Actual Total Time": 1026.487,
                        "Actual Rows": 1,
                        "Actual Loops": 1,
                        "Plans": [
                            {
                                "Node Type": "Gather",
                                "Parent Relationship": "Outer",
                                "Parallel Aware": false,
                                "Async Capable": false,
                                "Startup Cost": 949431.92,
                                "Total Cost": 949432.33,
                                "Plan Rows": 4,
                                "Plan Width": 8,
                                "Actual Startup Time": 995.024,
                                "Actual Total Time": 1026.48,
                                "Actual Rows": 5,
                                "Actual Loops": 1,
                                "Workers Planned": 4,
                                "Workers Launched": 4,
                                "Single Copy": false,
                                "Plans": [
                                    {
                                        "Node Type": "Aggregate",
                                        "Strategy": "Plain",
                                        "Partial Mode": "Partial",
                                        "Parent Relationship": "Outer",
                                        "Parallel Aware": false,
                                        "Async Capable": false,
                                        "Startup Cost": 948431.92,
                                        "Total Cost": 948431.93,
                                        "Plan Rows": 1,
                                        "Plan Width": 8,
                                        "Actual Startup Time": 992.896,
                                        "Actual Total Time": 992.909,
                                        "Actual Rows": 1,
                                        "Actual Loops": 5,
                                        "Workers": [],
                                        "Plans": [
                                            {
                                                "Node Type": "Hash Join",
                                                "Parent Relationship": "Outer",
                                                "Parallel Aware": true,
                                                "Async Capable": false,
                                                "Join Type": "Inner",
                                                "Startup Cost": 877793.72,
                                                "Total Cost": 948431.91,
                                                "Plan Rows": 1,
                                                "Plan Width": 0,
                                                "Actual Startup Time": 989.689,
                                                "Actual Total Time": 992.904,
                                                "Actual Rows": 0,
                                                "Actual Loops": 5,
                                                "Inner Unique": false,
                                                "Hash Cond": "(n.id = ci.person_id)",
                                                "Workers": [],
                                                "Plans": [
                                                    {
                                                        "Node Type": "Seq Scan",
                                                        "Parent Relationship": "Outer",
                                                        "Parallel Aware": true,
                                                        "Async Capable": false,
                                                        "Relation Name": "name",
                                                        "Alias": "n",
                                                        "Startup Cost": 0.0,
                                                        "Total Cost": 68679.41,
                                                        "Plan Rows": 522340,
                                                        "Plan Width": 4,
                                                        "Actual Startup Time": 11.088,
                                                        "Actual Total Time": 54.0,
                                                        "Actual Rows": 485582,
                                                        "Actual Loops": 5,
                                                        "Filter": "(((gender)::text = 'f'::text) OR (gender IS NULL))",
                                                        "Rows Removed by Filter": 347916,
                                                        "Workers": []
                                                    },
                                                    {
                                                        "Node Type": "Hash",
                                                        "Parent Relationship": "Inner",
                                                        "Parallel Aware": true,
                                                        "Async Capable": false,
                                                        "Startup Cost": 877793.71,
                                                        "Total Cost": 877793.71,
                                                        "Plan Rows": 1,
                                                        "Plan Width": 4,
                                                        "Actual Startup Time": 926.433,
                                                        "Actual Total Time": 926.445,
                                                        "Actual Rows": 2,
                                                        "Actual Loops": 5,
                                                        "Hash Buckets": 1024,
                                                        "Original Hash Buckets": 1024,
                                                        "Hash Batches": 1,
                                                        "Original Hash Batches": 1,
                                                        "Peak Memory Usage": 136,
                                                        "Workers": [],
                                                        "Plans": [
                                                            {
                                                                "Node Type": "Nested Loop",
                                                                "Parent Relationship": "Outer",
                                                                "Parallel Aware": false,
                                                                "Async Capable": false,
                                                                "Join Type": "Inner",
                                                                "Startup Cost": 623548.28,
                                                                "Total Cost": 877793.71,
                                                                "Plan Rows": 1,
                                                                "Plan Width": 4,
                                                                "Actual Startup Time": 865.786,
                                                                "Actual Total Time": 926.418,
                                                                "Actual Rows": 2,
                                                                "Actual Loops": 5,
                                                                "Inner Unique": false,
                                                                "Workers": [],
                                                                "Plans": [
                                                                    {
                                                                        "Node Type": "Hash Join",
                                                                        "Parent Relationship": "Outer",
                                                                        "Parallel Aware": true,
                                                                        "Async Capable": false,
                                                                        "Join Type": "Inner",
                                                                        "Startup Cost": 623548.28,
                                                                        "Total Cost": 877791.28,
                                                                        "Plan Rows": 1,
                                                                        "Plan Width": 8,
                                                                        "Actual Startup Time": 865.781,
                                                                        "Actual Total Time": 926.406,
                                                                        "Actual Rows": 2,
                                                                        "Actual Loops": 5,
                                                                        "Inner Unique": false,
                                                                        "Hash Cond": "(mi2.movie_id = t.id)",
                                                                        "Workers": [],
                                                                        "Plans": [
                                                                            {
                                                                                "Node Type": "Seq Scan",
                                                                                "Parent Relationship": "Outer",
                                                                                "Parallel Aware": true,
                                                                                "Async Capable": false,
                                                                                "Relation Name": "movie_info",
                                                                                "Alias": "mi2",
                                                                                "Startup Cost": 0.0,
                                                                                "Total Cost": 254236.61,
                                                                                "Plan Rows": 1704,
                                                                                "Plan Width": 8,
                                                                                "Actual Startup Time": 47.716,
                                                                                "Actual Total Time": 140.778,
                                                                                "Actual Rows": 22308,
                                                                                "Actual Loops": 5,
                                                                                "Filter": "((info_type_id = 7) AND (info = ANY ('{\"CAM:Arriflex Cameras and Lenses\",\"CAM:Panavision Panaflex Platinum, Panavision Primo Lenses\",LAB:DeLuxe,\"LAB:DeLuxe, Hollywood (CA), USA\",\"LAB:DeLuxe, USA\",\"LAB:FotoKem Laboratory, Burbank (CA), USA\",\"OFM:16 mm\",PCS:Digital,PCS:Panavision,\"PCS:Super 16\",\"PFM:16 mm\",PFM:DVD-ROM,PFM:Digital,\"RAT:1.37 : 1\",\"RAT:1.85 : 1\"}'::text[])))",
                                                                                "Rows Removed by Filter": 2944836,
                                                                                "Workers": []
                                                                            },
                                                                            {
                                                                                "Node Type": "Hash",
                                                                                "Parent Relationship": "Inner",
                                                                                "Parallel Aware": true,
                                                                                "Async Capable": false,
                                                                                "Startup Cost": 623548.27,
                                                                                "Total Cost": 623548.27,
                                                                                "Plan Rows": 1,
                                                                                "Plan Width": 16,
                                                                                "Actual Startup Time": 784.986,
                                                                                "Actual Total Time": 784.995,
                                                                                "Actual Rows": 4,
                                                                                "Actual Loops": 5,
                                                                                "Hash Buckets": 1024,
                                                                                "Original Hash Buckets": 1024,
                                                                                "Hash Batches": 1,
                                                                                "Original Hash Batches": 1,
                                                                                "Peak Memory Usage": 168,
                                                                                "Workers": [],
                                                                                "Plans": [
                                                                                    {
                                                                                        "Node Type": "Nested Loop",
                                                                                        "Parent Relationship": "Outer",
                                                                                        "Parallel Aware": false,
                                                                                        "Async Capable": false,
                                                                                        "Join Type": "Inner",
                                                                                        "Startup Cost": 410041.78,
                                                                                        "Total Cost": 623548.27,
                                                                                        "Plan Rows": 1,
                                                                                        "Plan Width": 16,
                                                                                        "Actual Startup Time": 707.37,
                                                                                        "Actual Total Time": 784.971,
                                                                                        "Actual Rows": 4,
                                                                                        "Actual Loops": 5,
                                                                                        "Inner Unique": false,
                                                                                        "Workers": [],
                                                                                        "Plans": [
                                                                                            {
                                                                                                "Node Type": "Nested Loop",
                                                                                                "Parent Relationship": "Outer",
                                                                                                "Parallel Aware": false,
                                                                                                "Async Capable": false,
                                                                                                "Join Type": "Inner",
                                                                                                "Startup Cost": 410041.78,
                                                                                                "Total Cost": 623545.84,
                                                                                                "Plan Rows": 1,
                                                                                                "Plan Width": 20,
                                                                                                "Actual Startup Time": 707.365,
                                                                                                "Actual Total Time": 784.953,
                                                                                                "Actual Rows": 4,
                                                                                                "Actual Loops": 5,
                                                                                                "Inner Unique": true,
                                                                                                "Join Filter": "(t.kind_id = kt.id)",
                                                                                                "Rows Removed by Join Filter": 8,
                                                                                                "Workers": [],
                                                                                                "Plans": [
                                                                                                    {
                                                                                                        "Node Type": "Hash Join",
                                                                                                        "Parent Relationship": "Outer",
                                                                                                        "Parallel Aware": true,
                                                                                                        "Async Capable": false,
                                                                                                        "Join Type": "Inner",
                                                                                                        "Startup Cost": 410041.78,
                                                                                                        "Total Cost": 623544.67,
                                                                                                        "Plan Rows": 1,
                                                                                                        "Plan Width": 24,
                                                                                                        "Actual Startup Time": 707.352,
                                                                                                        "Actual Total Time": 784.935,
                                                                                                        "Actual Rows": 4,
                                                                                                        "Actual Loops": 5,
                                                                                                        "Inner Unique": false,
                                                                                                        "Hash Cond": "(mi1.movie_id = t.id)",
                                                                                                        "Workers": [],
                                                                                                        "Plans": [
                                                                                                            {
                                                                                                                "Node Type": "Seq Scan",
                                                                                                                "Parent Relationship": "Outer",
                                                                                                                "Parallel Aware": true,
                                                                                                                "Async Capable": false,
                                                                                                                "Relation Name": "movie_info",
                                                                                                                "Alias": "mi1",
                                                                                                                "Startup Cost": 0.03,
                                                                                                                "Total Cost": 213497.65,
                                                                                                                "Plan Rows": 1403,
                                                                                                                "Plan Width": 8,
                                                                                                                "Actual Startup Time": 48.366,
                                                                                                                "Actual Total Time": 125.425,
                                                                                                                "Actual Rows": 43824,
                                                                                                                "Actual Loops": 5,
                                                                                                                "Filter": "((info_type_id = 6) AND (info = ANY ('{\"4-Track Stereo\",\"6-Track Stereo\",\"70 mm 6-Track\",DTS-ES,DTS-Stereo,Datasat,\"Dolby Stereo\",Dolby,SDDS,Silent,Stereo,\"Ultra Stereo\"}'::text[])))",
                                                                                                                "Rows Removed by Filter": 2923320,
                                                                                                                "Workers": []
                                                                                                            },
                                                                                                            {
                                                                                                                "Node Type": "Hash",
                                                                                                                "Parent Relationship": "Inner",
                                                                                                                "Parallel Aware": true,
                                                                                                                "Async Capable": false,
                                                                                                                "Startup Cost": 410040.23,
                                                                                                                "Total Cost": 410040.23,
                                                                                                                "Plan Rows": 121,
                                                                                                                "Plan Width": 16,
                                                                                                                "Actual Startup Time": 658.214,
                                                                                                                "Actual Total Time": 658.22,
                                                                                                                "Actual Rows": 62,
                                                                                                                "Actual Loops": 5,
                                                                                                                "Hash Buckets": 1024,
                                                                                                                "Original Hash Buckets": 1024,
                                                                                                                "Hash Batches": 1,
                                                                                                                "Original Hash Batches": 1,
                                                                                                                "Peak Memory Usage": 168,
                                                                                                                "Workers": [],
                                                                                                                "Plans": [
                                                                                                                    {
                                                                                                                        "Node Type": "Hash Join",
                                                                                                                        "Parent Relationship": "Outer",
                                                                                                                        "Parallel Aware": false,
                                                                                                                        "Async Capable": false,
                                                                                                                        "Join Type": "Inner",
                                                                                                                        "Startup Cost": 81050.91,
                                                                                                                        "Total Cost": 410040.23,
                                                                                                                        "Plan Rows": 121,
                                                                                                                        "Plan Width": 16,
                                                                                                                        "Actual Startup Time": 590.058,
                                                                                                                        "Actual Total Time": 658.189,
                                                                                                                        "Actual Rows": 62,
                                                                                                                        "Actual Loops": 5,
                                                                                                                        "Inner Unique": true,
                                                                                                                        "Hash Cond": "(ci.role_id = rt.id)",
                                                                                                                        "Workers": [],
                                                                                                                        "Plans": [
                                                                                                                            {
                                                                                                                                "Node Type": "Hash Join",
                                                                                                                                "Parent Relationship": "Outer",
                                                                                                                                "Parallel Aware": true,
                                                                                                                                "Async Capable": false,
                                                                                                                                "Join Type": "Inner",
                                                                                                                                "Startup Cost": 81049.75,
                                                                                                                                "Total Cost": 410033.91,
                                                                                                                                "Plan Rows": 1452,
                                                                                                                                "Plan Width": 20,
                                                                                                                                "Actual Startup Time": 123.09,
                                                                                                                                "Actual Total Time": 658.007,
                                                                                                                                "Actual Rows": 4115,
                                                                                                                                "Actual Loops": 5,
                                                                                                                                "Inner Unique": true,
                                                                                                                                "Hash Cond": "(ci.movie_id = t.id)",
                                                                                                                                "Workers": [],
                                                                                                                                "Plans": [
                                                                                                                                    {
                                                                                                                                        "Node Type": "Seq Scan",
                                                                                                                                        "Parent Relationship": "Outer",
                                                                                                                                        "Parallel Aware": true,
                                                                                                                                        "Async Capable": false,
                                                                                                                                        "Relation Name": "cast_info",
                                                                                                                                        "Alias": "ci",
                                                                                                                                        "Startup Cost": 0.0,
                                                                                                                                        "Total Cost": 313127.24,
                                                                                                                                        "Plan Rows": 6040724,
                                                                                                                                        "Plan Width": 12,
                                                                                                                                        "Actual Startup Time": 0.013,
                                                                                                                                        "Actual Total Time": 232.273,
                                                                                                                                        "Actual Rows": 7248869,
                                                                                                                                        "Actual Loops": 5,
                                                                                                                                        "Workers": []
                                                                                                                                    },
                                                                                                                                    {
                                                                                                                                        "Node Type": "Hash",
                                                                                                                                        "Parent Relationship": "Inner",
                                                                                                                                        "Parallel Aware": true,
                                                                                                                                        "Async Capable": false,
                                                                                                                                        "Startup Cost": 81047.85,
                                                                                                                                        "Total Cost": 81047.85,
                                                                                                                                        "Plan Rows": 152,
                                                                                                                                        "Plan Width": 8,
                                                                                                                                        "Actual Startup Time": 122.89,
                                                                                                                                        "Actual Total Time": 122.891,
                                                                                                                                        "Actual Rows": 281,
                                                                                                                                        "Actual Loops": 5,
                                                                                                                                        "Hash Buckets": 1024,
                                                                                                                                        "Original Hash Buckets": 1024,
                                                                                                                                        "Hash Batches": 1,
                                                                                                                                        "Original Hash Batches": 1,
                                                                                                                                        "Peak Memory Usage": 168,
                                                                                                                                        "Workers": [],
                                                                                                                                        "Plans": [
                                                                                                                                            {
                                                                                                                                                "Node Type": "Seq Scan",
                                                                                                                                                "Parent Relationship": "Outer",
                                                                                                                                                "Parallel Aware": true,
                                                                                                                                                "Async Capable": false,
                                                                                                                                                "Relation Name": "title",
                                                                                                                                                "Alias": "t",
                                                                                                                                                "Startup Cost": 0.0,
                                                                                                                                                "Total Cost": 81047.85,
                                                                                                                                                "Plan Rows": 152,
                                                                                                                                                "Plan Width": 8,
                                                                                                                                                "Actual Startup Time": 0.303,
                                                                                                                                                "Actual Total Time": 122.837,
                                                                                                                                                "Actual Rows": 281,
                                                                                                                                                "Actual Loops": 5,
                                                                                                                                                "Filter": "((production_year <= 2015) AND (production_year >= 1975) AND (title = ANY ('{(#1.1671),(#1.3711),(#1.5630),(#1.6267),(#10.55),(#2.225),(#2.50),(#4.3),(#5.195),(#9.75),(2003-10-10),(2006-03-04),(2006-11-20),(2007-05-03),(2007-10-04),(2009-03-19),(2009-09-02),(2011-01-22),\"11th Annual Screen Actors Guild Awards\",Altlasten,\"An Owl in a Thornbush\",\"Austin Powers in Goldmember\",Conspiracy,Detox,\"Disco Fever\",\"Fata Morgana\",Freunde,\"Happy End\",\"Homeward Bound II: Lost in San Francisco\",Inkasso,\"Jailed in Katrina, Bhutan Motorcycle Crash, Kings Canyon Rescue\",\"Just for the Record\",\"Mauvaise fille\",\"Nothing Lasts Forever\",Portraits,Ray,\"Secrets in the Snow\",\"Slash Fiction\",Switch,\"Sûpâ no onna\",\"The American Way\",\"The Storm\",\"Till My Heartaches End\",\"Time Out of Mind\",Turbulence}'::text[])))",
                                                                                                                                                "Rows Removed by Filter": 505381,
                                                                                                                                                "Workers": []
                                                                                                                                            }
                                                                                                                                        ]
                                                                                                                                    }
                                                                                                                                ]
                                                                                                                            },
                                                                                                                            {
                                                                                                                                "Node Type": "Hash",
                                                                                                                                "Parent Relationship": "Inner",
                                                                                                                                "Parallel Aware": false,
                                                                                                                                "Async Capable": false,
                                                                                                                                "Startup Cost": 1.15,
                                                                                                                                "Total Cost": 1.15,
                                                                                                                                "Plan Rows": 1,
                                                                                                                                "Plan Width": 4,
                                                                                                                                "Actual Startup Time": 0.011,
                                                                                                                                "Actual Total Time": 0.012,
                                                                                                                                "Actual Rows": 1,
                                                                                                                                "Actual Loops": 5,
                                                                                                                                "Hash Buckets": 1024,
                                                                                                                                "Original Hash Buckets": 1024,
                                                                                                                                "Hash Batches": 1,
                                                                                                                                "Original Hash Batches": 1,
                                                                                                                                "Peak Memory Usage": 9,
                                                                                                                                "Workers": [],
                                                                                                                                "Plans": [
                                                                                                                                    {
                                                                                                                                        "Node Type": "Seq Scan",
                                                                                                                                        "Parent Relationship": "Outer",
                                                                                                                                        "Parallel Aware": false,
                                                                                                                                        "Async Capable": false,
                                                                                                                                        "Relation Name": "role_type",
                                                                                                                                        "Alias": "rt",
                                                                                                                                        "Startup Cost": 0.0,
                                                                                                                                        "Total Cost": 1.15,
                                                                                                                                        "Plan Rows": 1,
                                                                                                                                        "Plan Width": 4,
                                                                                                                                        "Actual Startup Time": 0.009,
                                                                                                                                        "Actual Total Time": 0.009,
                                                                                                                                        "Actual Rows": 1,
                                                                                                                                        "Actual Loops": 5,
                                                                                                                                        "Filter": "((role)::text = 'cinematographer'::text)",
                                                                                                                                        "Rows Removed by Filter": 11,
                                                                                                                                        "Workers": []
                                                                                                                                    }
                                                                                                                                ]
                                                                                                                            }
                                                                                                                        ]
                                                                                                                    }
                                                                                                                ]
                                                                                                            }
                                                                                                        ]
                                                                                                    },
                                                                                                    {
                                                                                                        "Node Type": "Seq Scan",
                                                                                                        "Parent Relationship": "Inner",
                                                                                                        "Parallel Aware": false,
                                                                                                        "Async Capable": false,
                                                                                                        "Relation Name": "kind_type",
                                                                                                        "Alias": "kt",
                                                                                                        "Startup Cost": 0.0,
                                                                                                        "Total Cost": 1.11,
                                                                                                        "Plan Rows": 5,
                                                                                                        "Plan Width": 4,
                                                                                                        "Actual Startup Time": 0.002,
                                                                                                        "Actual Total Time": 0.003,
                                                                                                        "Actual Rows": 3,
                                                                                                        "Actual Loops": 22,
                                                                                                        "Filter": "((kind)::text = ANY ('{episode,movie,\"tv movie\",\"tv series\",\"video movie\"}'::text[]))",
                                                                                                        "Rows Removed by Filter": 1,
                                                                                                        "Workers": []
                                                                                                    }
                                                                                                ]
                                                                                            },
                                                                                            {
                                                                                                "Node Type": "Seq Scan",
                                                                                                "Parent Relationship": "Inner",
                                                                                                "Parallel Aware": false,
                                                                                                "Async Capable": false,
                                                                                                "Relation Name": "info_type",
                                                                                                "Alias": "it1",
                                                                                                "Startup Cost": 0.0,
                                                                                                "Total Cost": 2.41,
                                                                                                "Plan Rows": 1,
                                                                                                "Plan Width": 4,
                                                                                                "Actual Startup Time": 0.002,
                                                                                                "Actual Total Time": 0.003,
                                                                                                "Actual Rows": 1,
                                                                                                "Actual Loops": 22,
                                                                                                "Filter": "(id = 6)",
                                                                                                "Rows Removed by Filter": 112,
                                                                                                "Workers": []
                                                                                            }
                                                                                        ]
                                                                                    }
                                                                                ]
                                                                            }
                                                                        ]
                                                                    },
                                                                    {
                                                                        "Node Type": "Seq Scan",
                                                                        "Parent Relationship": "Inner",
                                                                        "Parallel Aware": false,
                                                                        "Async Capable": false,
                                                                        "Relation Name": "info_type",
                                                                        "Alias": "it2",
                                                                        "Startup Cost": 0.0,
                                                                        "Total Cost": 2.41,
                                                                        "Plan Rows": 1,
                                                                        "Plan Width": 4,
                                                                        "Actual Startup Time": 0.002,
                                                                        "Actual Total Time": 0.004,
                                                                        "Actual Rows": 1,
                                                                        "Actual Loops": 11,
                                                                        "Filter": "(id = 7)",
                                                                        "Rows Removed by Filter": 112,
                                                                        "Workers": []
                                                                    }
                                                                ]
                                                            }
                                                        ]
                                                    }
                                                ]
                                            }
                                        ]
                                    }
                                ]
                            }
                        ]
                    },
                    "Planning Time": 1.404,
                    "Triggers": [],
                    "Execution Time": 1026.533
                }
            ],
            "hints": [
                "SET enable_hashjoin TO on",
                "SET enable_indexonlyscan TO on",
                "SET enable_indexscan TO off",
                "SET enable_mergejoin TO off",
                "SET enable_nestloop TO on",
                "SET enable_seqscan TO on"
            ]
        },
        {
            "arm": 3,
            "execution_time": 4174.279,
            "plan": [
                {
                    "Plan": {
                        "Node Type": "Aggregate",
                        "Strategy": "Plain",
                        "Partial Mode": "Simple",
                        "Parallel Aware": false,
                        "Async Capable": false,
                        "Startup Cost": 20002130409.45,
                        "Total Cost": 20002130409.46,
                        "Plan Rows": 1,
                        "Plan Width": 8,
                        "Actual Startup Time": 4174.221,
                        "Actual Total Time": 4174.231,
                        "Actual Rows": 1,
                        "Actual Loops": 1,
                        "Plans": [
                            {
                                "Node Type": "Hash Join",
                                "Parent Relationship": "Outer",
                                "Parallel Aware": false,
                                "Async Capable": false,
                                "Join Type": "Inner",
                                "Startup Cost": 20001505783.93,
                                "Total Cost": 20002130409.45,
                                "Plan Rows": 1,
                                "Plan Width": 0,
                                "Actual Startup Time": 3886.726,
                                "Actual Total Time": 4174.224,
                                "Actual Rows": 1,
                                "Actual Loops": 1,
                                "Inner Unique": true,
                                "Hash Cond": "(ci.role_id = rt.id)",
                                "Plans": [
                                    {
                                        "Node Type": "Nested Loop",
                                        "Parent Relationship": "Outer",
                                        "Parallel Aware": false,
                                        "Async Capable": false,
                                        "Join Type": "Inner",
                                        "Startup Cost": 20001505782.76,
                                        "Total Cost": 20002130408.25,
                                        "Plan Rows": 7,
                                        "Plan Width": 4,
                                        "Actual Startup Time": 3767.879,
                                        "Actual Total Time": 4174.179,
                                        "Actual Rows": 1084,
                                        "Actual Loops": 1,
                                        "Inner Unique": false,
                                        "Plans": [
                                            {
                                                "Node Type": "Hash Join",
                                                "Parent Relationship": "Outer",
                                                "Parallel Aware": false,
                                                "Async Capable": false,
                                                "Join Type": "Inner",
                                                "Startup Cost": 10001505782.76,
                                                "Total Cost": 10002130405.75,
                                                "Plan Rows": 7,
                                                "Plan Width": 8,
                                                "Actual Startup Time": 3767.869,
                                                "Actual Total Time": 4174.032,
                                                "Actual Rows": 1084,
                                                "Actual Loops": 1,
                                                "Inner Unique": false,
                                                "Hash Cond": "(mi2.movie_id = t.id)",
                                                "Plans": [
                                                    {
                                                        "Node Type": "Seq Scan",
                                                        "Parent Relationship": "Outer",
                                                        "Parallel Aware": false,
                                                        "Async Capable": false,
                                                        "Relation Name": "movie_info",
                                                        "Alias": "mi2",
                                                        "Startup Cost": 0.0,
                                                        "Total Cost": 624591.03,
                                                        "Plan Rows": 8519,
                                                        "Plan Width": 8,
                                                        "Actual Startup Time": 207.922,
                                                        "Actual Total Time": 635.493,
                                                        "Actual Rows": 111539,
                                                        "Actual Loops": 1,
                                                        "Filter": "((info_type_id = 7) AND (info = ANY ('{\"CAM:Arriflex Cameras and Lenses\",\"CAM:Panavision Panaflex Platinum, Panavision Primo Lenses\",LAB:DeLuxe,\"LAB:DeLuxe, Hollywood (CA), USA\",\"LAB:DeLuxe, USA\",\"LAB:FotoKem Laboratory, Burbank (CA), USA\",\"OFM:16 mm\",PCS:Digital,PCS:Panavision,\"PCS:Super 16\",\"PFM:16 mm\",PFM:DVD-ROM,PFM:Digital,\"RAT:1.37 : 1\",\"RAT:1.85 : 1\"}'::text[])))",
                                                        "Rows Removed by Filter": 14724181
                                                    },
                                                    {
                                                        "Node Type": "Hash",
                                                        "Parent Relationship": "Inner",
                                                        "Parallel Aware": false,
                                                        "Async Capable": false,
                                                        "Startup Cost": 10001505782.68,
                                                        "Total Cost": 10001505782.68,
                                                        "Plan Rows": 7,
                                                        "Plan Width": 16,
                                                        "Actual Startup Time": 3535.244,
                                                        "Actual Total Time": 3535.252,
                                                        "Actual Rows": 992,
                                                        "Actual Loops": 1,
                                                        "Hash Buckets": 1024,
                                                        "Original Hash Buckets": 1024,
                                                        "Hash Batches": 1,
                                                        "Original Hash Batches": 1,
                                                        "Peak Memory Usage": 55,
                                                        "Plans": [
                                                            {
                                                                "Node Type": "Hash Join",
                                                                "Parent Relationship": "Outer",
                                                                "Parallel Aware": false,
                                                                "Async Capable": false,
                                                                "Join Type": "Inner",
                                                                "Startup Cost": 10001390197.86,
                                                                "Total Cost": 10001505782.68,
                                                                "Plan Rows": 7,
                                                                "Plan Width": 16,
                                                                "Actual Startup Time": 3342.183,
                                                                "Actual Total Time": 3535.167,
                                                                "Actual Rows": 992,
                                                                "Actual Loops": 1,
                                                                "Inner Unique": false,
                                                                "Hash Cond": "(n.id = ci.person_id)",
                                                                "Plans": [
                                                                    {
                                                                        "Node Type": "Seq Scan",
                                                                        "Parent Relationship": "Outer",
                                                                        "Parallel Aware": false,
                                                                        "Async Capable": false,
                                                                        "Relation Name": "name",
                                                                        "Alias": "n",
                                                                        "Startup Cost": 0.0,
                                                                        "Total Cost": 107749.64,
                                                                        "Plan Rows": 2089362,
                                                                        "Plan Width": 4,
                                                                        "Actual Startup Time": 12.446,
                                                                        "Actual Total Time": 189.486,
                                                                        "Actual Rows": 2427912,
                                                                        "Actual Loops": 1,
                                                                        "Filter": "(((gender)::text = 'f'::text) OR (gender IS NULL))",
                                                                        "Rows Removed by Filter": 1739579
                                                                    },
                                                                    {
                                                                        "Node Type": "Hash",
                                                                        "Parent Relationship": "Inner",
                                                                        "Parallel Aware": false,
                                                                        "Async Capable": false,
                                                                        "Startup Cost": 10001390197.69,
                                                                        "Total Cost": 10001390197.69,
                                                                        "Plan Rows": 14,
                                                                        "Plan Width": 20,
                                                                        "Actual Startup Time": 3267.262,
                                                                        "Actual Total Time": 3267.268,
                                                                        "Actual Rows": 1949,
                                                                        "Actual Loops": 1,
                                                                        "Hash Buckets": 2048,
                                                                        "Original Hash Buckets": 1024,
                                                                        "Hash Batches": 1,
                                                                        "Original Hash Batches": 1,
                                                                        "Peak Memory Usage": 115,
                                                                        "Plans": [
                                                                            {
                                                                                "Node Type": "Hash Join",
                                                                                "Parent Relationship": "Outer",
                                                                                "Parallel Aware": false,
                                                                                "Async Capable": false,
                                                                                "Join Type": "Inner",
                                                                                "Startup Cost": 10000639117.82,
                                                                                "Total Cost": 10001390197.69,
                                                                                "Plan Rows": 14,
                                                                                "Plan Width": 20,
                                                                                "Actual Startup Time": 1154.283,
                                                                                "Actual Total Time": 3267.028,
                                                                                "Actual Rows": 1949,
                                                                                "Actual Loops": 1,
                                                                                "Inner Unique": false,
                                                                                "Hash Cond": "(ci.movie_id = t.id)",
                                                                                "Plans": [
                                                                                    {
                                                                                        "Node Type": "Seq Scan",
                                                                                        "Parent Relationship": "Outer",
                                                                                        "Parallel Aware": false,
                                                                                        "Async Capable": false,
                                                                                        "Relation Name": "cast_info",
                                                                                        "Alias": "ci",
                                                                                        "Startup Cost": 0.0,
                                                                                        "Total Cost": 615163.44,
                                                                                        "Plan Rows": 36244344,
                                                                                        "Plan Width": 12,
                                                                                        "Actual Startup Time": 0.007,
                                                                                        "Actual Total Time": 1087.959,
                                                                                        "Actual Rows": 36244344,
                                                                                        "Actual Loops": 1
                                                                                    },
                                                                                    {
                                                                                        "Node Type": "Hash",
                                                                                        "Parent Relationship": "Inner",
                                                                                        "Parallel Aware": false,
                                                                                        "Async Capable": false,
                                                                                        "Startup Cost": 10000639117.8,
                                                                                        "Total Cost": 10000639117.8,
                                                                                        "Plan Rows": 1,
                                                                                        "Plan Width": 8,
                                                                                        "Actual Startup Time": 1152.653,
                                                                                        "Actual Total Time": 1152.658,
                                                                                        "Actual Rows": 33,
                                                                                        "Actual Loops": 1,
                                                                                        "Hash Buckets": 1024,
                                                                                        "Original Hash Buckets": 1024,
                                                                                        "Hash Batches": 1,
                                                                                        "Original Hash Batches": 1,
                                                                                        "Peak Memory Usage": 10,
                                                                                        "Plans": [
                                                                                            {
                                                                                                "Node Type": "Hash Join",
                                                                                                "Parent Relationship": "Outer",
                                                                                                "Parallel Aware": false,
                                                                                                "Async Capable": false,
                                                                                                "Join Type": "Inner",
                                                                                                "Startup Cost": 10000421075.12,
                                                                                                "Total Cost": 10000639117.8,
                                                                                                "Plan Rows": 1,
                                                                                                "Plan Width": 8,
                                                                                                "Actual Startup Time": 580.743,
                                                                                                "Actual Total Time": 1152.649,
                                                                                                "Actual Rows": 33,
                                                                                                "Actual Loops": 1,
                                                                                                "Inner Unique": false,
                                                                                                "Hash Cond": "(t.id = mi1.movie_id)",
                                                                                                "Plans": [
                                                                                                    {
                                                                                                        "Node Type": "Hash Join",
                                                                                                        "Parent Relationship": "Outer",
                                                                                                        "Parallel Aware": false,
                                                                                                        "Async Capable": false,
                                                                                                        "Join Type": "Inner",
                                                                                                        "Startup Cost": 1.18,
                                                                                                        "Total Cost": 216171.14,
                                                                                                        "Plan Rows": 434,
                                                                                                        "Plan Width": 4,
                                                                                                        "Actual Startup Time": 0.608,
                                                                                                        "Actual Total Time": 579.767,
                                                                                                        "Actual Rows": 1404,
                                                                                                        "Actual Loops": 1,
                                                                                                        "Inner Unique": true,
                                                                                                        "Hash Cond": "(t.kind_id = kt.id)",
                                                                                                        "Plans": [
                                                                                                            {
                                                                                                                "Node Type": "Seq Scan",
                                                                                                                "Parent Relationship": "Outer",
                                                                                                                "Parallel Aware": false,
                                                                                                                "Async Capable": false,
                                                                                                                "Relation Name": "title",
                                                                                                                "Alias": "t",
                                                                                                                "Startup Cost": 0.0,
                                                                                                                "Total Cost": 216167.4,
                                                                                                                "Plan Rows": 608,
                                                                                                                "Plan Width": 8,
                                                                                                                "Actual Startup Time": 0.598,
                                                                                                                "Actual Total Time": 579.616,
                                                                                                                "Actual Rows": 1405,
                                                                                                                "Actual Loops": 1,
                                                                                                                "Filter": "((production_year <= 2015) AND (production_year >= 1975) AND (title = ANY ('{(#1.1671),(#1.3711),(#1.5630),(#1.6267),(#10.55),(#2.225),(#2.50),(#4.3),(#5.195),(#9.75),(2003-10-10),(2006-03-04),(2006-11-20),(2007-05-03),(2007-10-04),(2009-03-19),(2009-09-02),(2011-01-22),\"11th Annual Screen Actors Guild Awards\",Altlasten,\"An Owl in a Thornbush\",\"Austin Powers in Goldmember\",Conspiracy,Detox,\"Disco Fever\",\"Fata Morgana\",Freunde,\"Happy End\",\"Homeward Bound II: Lost in San Francisco\",Inkasso,\"Jailed in Katrina, Bhutan Motorcycle Crash, Kings Canyon Rescue\",\"Just for the Record\",\"Mauvaise fille\",\"Nothing Lasts Forever\",Portraits,Ray,\"Secrets in the Snow\",\"Slash Fiction\",Switch,\"Sûpâ no onna\",\"The American Way\",\"The Storm\",\"Till My Heartaches End\",\"Time Out of Mind\",Turbulence}'::text[])))",
                                                                                                                "Rows Removed by Filter": 2526907
                                                                                                            },
                                                                                                            {
                                                                                                                "Node Type": "Hash",
                                                                                                                "Parent Relationship": "Inner",
                                                                                                                "Parallel Aware": false,
                                                                                                                "Async Capable": false,
                                                                                                                "Startup Cost": 1.11,
                                                                                                                "Total Cost": 1.11,
                                                                                                                "Plan Rows": 5,
                                                                                                                "Plan Width": 4,
                                                                                                                "Actual Startup Time": 0.007,
                                                                                                                "Actual Total Time": 0.008,
                                                                                                                "Actual Rows": 5,
                                                                                                                "Actual Loops": 1,
                                                                                                                "Hash Buckets": 1024,
                                                                                                                "Original Hash Buckets": 1024,
                                                                                                                "Hash Batches": 1,
                                                                                                                "Original Hash Batches": 1,
                                                                                                                "Peak Memory Usage": 9,
                                                                                                                "Plans": [
                                                                                                                    {
                                                                                                                        "Node Type": "Seq Scan",
                                                                                                                        "Parent Relationship": "Outer",
                                                                                                                        "Parallel Aware": false,
                                                                                                                        "Async Capable": false,
                                                                                                                        "Relation Name": "kind_type",
                                                                                                                        "Alias": "kt",
                                                                                                                        "Startup Cost": 0.0,
                                                                                                                        "Total Cost": 1.11,
                                                                                                                        "Plan Rows": 5,
                                                                                                                        "Plan Width": 4,
                                                                                                                        "Actual Startup Time": 0.003,
                                                                                                                        "Actual Total Time": 0.004,
                                                                                                                        "Actual Rows": 5,
                                                                                                                        "Actual Loops": 1,
                                                                                                                        "Filter": "((kind)::text = ANY ('{episode,movie,\"tv movie\",\"tv series\",\"video movie\"}'::text[]))",
                                                                                                                        "Rows Removed by Filter": 2
                                                                                                                    }
                                                                                                                ]
                                                                                                            }
                                                                                                        ]
                                                                                                    },
                                                                                                    {
                                                                                                        "Node Type": "Hash",
                                                                                                        "Parent Relationship": "Inner",
                                                                                                        "Parallel Aware": false,
                                                                                                        "Async Capable": false,
                                                                                                        "Startup Cost": 10000420986.24,
                                                                                                        "Total Cost": 10000420986.24,
                                                                                                        "Plan Rows": 7016,
                                                                                                        "Plan Width": 4,
                                                                                                        "Actual Startup Time": 572.577,
                                                                                                        "Actual Total Time": 572.578,
                                                                                                        "Actual Rows": 219120,
                                                                                                        "Actual Loops": 1,
                                                                                                        "Hash Buckets": 262144,
                                                                                                        "Original Hash Buckets": 8192,
                                                                                                        "Hash Batches": 1,
                                                                                                        "Original Hash Batches": 1,
                                                                                                        "Peak Memory Usage": 9752,
                                                                                                        "Plans": [
                                                                                                            {
                                                                                                                "Node Type": "Nested Loop",
                                                                                                                "Parent Relationship": "Outer",
                                                                                                                "Parallel Aware": false,
                                                                                                                "Async Capable": false,
                                                                                                                "Join Type": "Inner",
                                                                                                                "Startup Cost": 10000000000.03,
                                                                                                                "Total Cost": 10000420986.24,
                                                                                                                "Plan Rows": 7016,
                                                                                                                "Plan Width": 4,
                                                                                                                "Actual Startup Time": 0.011,
                                                                                                                "Actual Total Time": 562.802,
                                                                                                                "Actual Rows": 219120,
                                                                                                                "Actual Loops": 1,
                                                                                                                "Inner Unique": false,
                                                                                                                "Plans": [
                                                                                                                    {
                                                                                                                        "Node Type": "Seq Scan",
                                                                                                                        "Parent Relationship": "Outer",
                                                                                                                        "Parallel Aware": false,
                                                                                                                        "Async Capable": false,
                                                                                                                        "Relation Name": "movie_info",
                                                                                                                        "Alias": "mi1",
                                                                                                                        "Startup Cost": 0.03,
                                                                                                                        "Total Cost": 420896.13,
                                                                                                                        "Plan Rows": 7016,
                                                                                                                        "Plan Width": 8,
                                                                                                                        "Actual Startup Time": 0.004,
                                                                                                                        "Actual Total Time": 535.48,
                                                                                                                        "Actual Rows": 219120,
                                                                                                                        "Actual Loops": 1,
                                                                                                                        "Filter": "((info_type_id = 6) AND (info = ANY ('{\"4-Track Stereo\",\"6-Track Stereo\",\"70 mm 6-Track\",DTS-ES,DTS-Stereo,Datasat,\"Dolby Stereo\",Dolby,SDDS,Silent,Stereo,\"Ultra Stereo\"}'::text[])))",
                                                                                                                        "Rows Removed by Filter": 14616600
                                                                                                                    },
                                                                                                                    {
                                                                                                                        "Node Type": "Materialize",
                                                                                                                        "Parent Relationship": "Inner",
                                                                                                                        "Parallel Aware": false,
                                                                                                                        "Async Capable": false,
                                                                                                                        "Startup Cost": 0.0,
                                                                                                                        "Total Cost": 2.42,
                                                                                                                        "Plan Rows": 1,
                                                                                                                        "Plan Width": 4,
                                                                                                                        "Actual Startup Time": 0.0,
                                                                                                                        "Actual Total Time": 0.0,
                                                                                                                        "Actual Rows": 1,
                                                                                                                        "Actual Loops": 219120,
                                                                                                                        "Plans": [
                                                                                                                            {
                                                                                                                                "Node Type": "Seq Scan",
                                                                                                                                "Parent Relationship": "Outer",
                                                                                                                                "Parallel Aware": false,
                                                                                                                                "Async Capable": false,
                                                                                                                                "Relation Name": "info_type",
                                                                                                                                "Alias": "it1",
                                                                                                                                "Startup Cost": 0.0,
                                                                                                                                "Total Cost": 2.41,
                                                                                                                                "Plan Rows": 1,
                                                                                                                                "Plan Width": 4,
                                                                                                                                "Actual Startup Time": 0.004,
                                                                                                                                "Actual Total Time": 0.006,
                                                                                                                                "Actual Rows": 1,
                                                                                                                                "Actual Loops": 1,
                                                                                                                                "Filter": "(id = 6)",
                                                                                                                                "Rows Removed by Filter": 112
                                                                                                                            }
                                                                                                                        ]
                                                                                                                    }
                                                                                                                ]
                                                                                                            }
                                                                                                        ]
                                                                                                    }
                                                                                                ]
                                                                                            }
                                                                                        ]
                                                                                    }
                                                                                ]
                                                                            }
                                                                        ]
                                                                    }
                                                                ]
                                                            }
                                                        ]
                                                    }
                                                ]
                                            },
                                            {
                                                "Node Type": "Materialize",
                                                "Parent Relationship": "Inner",
                                                "Parallel Aware": false,
                                                "Async Capable": false,
                                                "Startup Cost": 0.0,
                                                "Total Cost": 2.42,
                                                "Plan Rows": 1,
                                                "Plan Width": 4,
                                                "Actual Startup Time": 0.0,
                                                "Actual Total Time": 0.0,
                                                "Actual Rows": 1,
                                                "Actual Loops": 1084,
                                                "Plans": [
                                                    {
                                                        "Node Type": "Seq Scan",
                                                        "Parent Relationship": "Outer",
                                                        "Parallel Aware": false,
                                                        "Async Capable": false,
                                                        "Relation Name": "info_type",
                                                        "Alias": "it2",
                                                        "Startup Cost": 0.0,
                                                        "Total Cost": 2.41,
                                                        "Plan Rows": 1,
                                                        "Plan Width": 4,
                                                        "Actual Startup Time": 0.006,
                                                        "Actual Total Time": 0.008,
                                                        "Actual Rows": 1,
                                                        "Actual Loops": 1,
                                                        "Filter": "(id = 7)",
                                                        "Rows Removed by Filter": 112
                                                    }
                                                ]
                                            }
                                        ]
                                    },
                                    {
                                        "Node Type": "Hash",
                                        "Parent Relationship": "Inner",
                                        "Parallel Aware": false,
                                        "Async Capable": false,
                                        "Startup Cost": 1.15,
                                        "Total Cost": 1.15,
                                        "Plan Rows": 1,
                                        "Plan Width": 4,
                                        "Actual Startup Time": 0.01,
                                        "Actual Total Time": 0.011,
                                        "Actual Rows": 1,
                                        "Actual Loops": 1,
                                        "Hash Buckets": 1024,
                                        "Original Hash Buckets": 1024,
                                        "Hash Batches": 1,
                                        "Original Hash Batches": 1,
                                        "Peak Memory Usage": 9,
                                        "Plans": [
                                            {
                                                "Node Type": "Seq Scan",
                                                "Parent Relationship": "Outer",
                                                "Parallel Aware": false,
                                                "Async Capable": false,
                                                "Relation Name": "role_type",
                                                "Alias": "rt",
                                                "Startup Cost": 0.0,
                                                "Total Cost": 1.15,
                                                "Plan Rows": 1,
                                                "Plan Width": 4,
                                                "Actual Startup Time": 0.008,
                                                "Actual Total Time": 0.009,
                                                "Actual Rows": 1,
                                                "Actual Loops": 1,
                                                "Filter": "((role)::text = 'cinematographer'::text)",
                                                "Rows Removed by Filter": 11
                                            }
                                        ]
                                    }
                                ]
                            }
                        ]
                    },
                    "Planning Time": 1.61,
                    "Triggers": [],
                    "Execution Time": 4174.279
                }
            ],
            "hints": [
                "SET enable_hashjoin TO on",
                "SET enable_indexonlyscan TO on",
                "SET enable_indexscan TO off",
                "SET enable_mergejoin TO off",
                "SET enable_nestloop TO off",
                "SET enable_seqscan TO on"
            ]
        },
        {
            "arm": 4,
            "execution_time": 137.129,
            "plan": [
                {
                    "Plan": {
                        "Node Type": "Aggregate",
                        "Strategy": "Plain",
                        "Partial Mode": "Simple",
                        "Parallel Aware": false,
                        "Async Capable": false,
                        "Startup Cost": 98985.54,
                        "Total Cost": 98985.55,
                        "Plan Rows": 1,
                        "Plan Width": 8,
                        "Actual Startup Time": 129.732,
                        "Actual Total Time": 137.09,
                        "Actual Rows": 1,
                        "Actual Loops": 1,
                        "Plans": [
                            {
                                "Node Type": "Nested Loop",
                                "Parent Relationship": "Outer",
                                "Parallel Aware": false,
                                "Async Capable": false,
                                "Join Type": "Inner",
                                "Startup Cost": 1003.08,
                                "Total Cost": 98985.53,
                                "Plan Rows": 1,
                                "Plan Width": 0,
                                "Actual Startup Time": 123.123,
                                "Actual Total Time": 137.085,
                                "Actual Rows": 1,
                                "Actual Loops": 1,
                                "Inner Unique": true,
                                "Plans": [
                                    {
                                        "Node Type": "Nested Loop",
                                        "Parent Relationship": "Outer",
                                        "Parallel Aware": false,
                                        "Async Capable": false,
                                        "Join Type": "Inner",
                                        "Startup Cost": 1002.65,
                                        "Total Cost": 98983.22,
                                        "Plan Rows": 1,
                                        "Plan Width": 4,
                                        "Actual Startup Time": 67.283,
                                        "Actual Total Time": 137.034,
                                        "Actual Rows": 11,
                                        "Actual Loops": 1,
                                        "Inner Unique": false,
                                        "Plans": [
                                            {
                                                "Node Type": "Nested Loop",
                                                "Parent Relationship": "Outer",
                                                "Parallel Aware": false,
                                                "Async Capable": false,
                                                "Join Type": "Inner",
                                                "Startup Cost": 1002.65,
                                                "Total Cost": 98980.8,
                                                "Plan Rows": 1,
                                                "Plan Width": 8,
                                                "Actual Startup Time": 67.281,
                                                "Actual Total Time": 137.004,
                                                "Actual Rows": 11,
                                                "Actual Loops": 1,
                                                "Inner Unique": false,
                                                "Join Filter": "(t.id = mi2.movie_id)",
                                                "Rows Removed by Join Filter": 0,
                                                "Plans": [
                                                    {
                                                        "Node Type": "Nested Loop",
                                                        "Parent Relationship": "Outer",
                                                        "Parallel Aware": false,
                                                        "Async Capable": false,
                                                        "Join Type": "Inner",
                                                        "Startup Cost": 1002.22,
                                                        "Total Cost": 98938.36,
                                                        "Plan Rows": 1,
                                                        "Plan Width": 16,
                                                        "Actual Startup Time": 67.276,
                                                        "Actual Total Time": 136.683,
                                                        "Actual Rows": 22,
                                                        "Actual Loops": 1,
                                                        "Inner Unique": false,
                                                        "Plans": [
                                                            {
                                                                "Node Type": "Gather",
                                                                "Parent Relationship": "Outer",
                                                                "Parallel Aware": false,
                                                                "Async Capable": false,
                                                                "Startup Cost": 1002.22,
                                                                "Total Cost": 98935.94,
                                                                "Plan Rows": 1,
                                                                "Plan Width": 20,
                                                                "Actual Startup Time": 67.271,
                                                                "Actual Total Time": 136.618,
                                                                "Actual Rows": 22,
                                                                "Actual Loops": 1,
                                                                "Workers Planned": 4,
                                                                "Workers Launched": 4,
                                                                "Single Copy": false,
                                                                "Plans": [
                                                                    {
                                                                        "Node Type": "Nested Loop",
                                                                        "Parent Relationship": "Outer",
                                                                        "Parallel Aware": false,
                                                                        "Async Capable": false,
                                                                        "Join Type": "Inner",
                                                                        "Startup Cost": 2.22,
                                                                        "Total Cost": 97935.84,
                                                                        "Plan Rows": 1,
                                                                        "Plan Width": 20,
                                                                        "Actual Startup Time": 47.144,
                                                                        "Actual Total Time": 127.645,
                                                                        "Actual Rows": 4,
                                                                        "Actual Loops": 5,
                                                                        "Inner Unique": true,
                                                                        "Workers": [],
                                                                        "Plans": [
                                                                            {
                                                                                "Node Type": "Nested Loop",
                                                                                "Parent Relationship": "Outer",
                                                                                "Parallel Aware": false,
                                                                                "Async Capable": false,
                                                                                "Join Type": "Inner",
                                                                                "Startup Cost": 2.08,
                                                                                "Total Cost": 97935.2,
                                                                                "Plan Rows": 4,
                                                                                "Plan Width": 24,
                                                                                "Actual Startup Time": 28.988,
                                                                                "Actual Total Time": 127.489,
                                                                                "Actual Rows": 390,
                                                                                "Actual Loops": 5,
                                                                                "Inner Unique": false,
                                                                                "Join Filter": "(t.id = ci.movie_id)",
                                                                                "Rows Removed by Join Filter": 0,
                                                                                "Workers": [],
                                                                                "Plans": [
                                                                                    {
                                                                                        "Node Type": "Nested Loop",
                                                                                        "Parent Relationship": "Outer",
                                                                                        "Parallel Aware": false,
                                                                                        "Async Capable": false,
                                                                                        "Join Type": "Inner",
                                                                                        "Startup Cost": 1.64,
                                                                                        "Total Cost": 97830.38,
                                                                                        "Plan Rows": 1,
                                                                                        "Plan Width": 12,
                                                                                        "Actual Startup Time": 28.966,
                                                                                        "Actual Total Time": 126.522,
                                                                                        "Actual Rows": 7,
                                                                                        "Actual Loops": 5,
                                                                                        "Inner Unique": false,
                                                                                        "Workers": [],
                                                                                        "Plans": [
                                                                                            {
                                                                                                "Node Type": "Hash Join",
                                                                                                "Parent Relationship": "Outer",
                                                                                                "Parallel Aware": false,
                                                                                                "Async Capable": false,
                                                                                                "Join Type": "Inner",
                                                                                                "Startup Cost": 1.18,
                                                                                                "Total Cost": 81049.67,
                                                                                                "Plan Rows": 108,
                                                                                                "Plan Width": 4,
                                                                                                "Actual Startup Time": 0.391,
                                                                                                "Actual Total Time": 124.293,
                                                                                                "Actual Rows": 281,
                                                                                                "Actual Loops": 5,
                                                                                                "Inner Unique": true,
                                                                                                "Hash Cond": "(t.kind_id = kt.id)",
                                                                                                "Workers": [],
                                                                                                "Plans": [
                                                                                                    {
                                                                                                        "Node Type": "Seq Scan",
                                                                                                        "Parent Relationship": "Outer",
                                                                                                        "Parallel Aware": true,
                                                                                                        "Async Capable": false,
                                                                                                        "Relation Name": "title",
                                                                                                        "Alias": "t",
                                                                                                        "Startup Cost": 0.0,
                                                                                                        "Total Cost": 81047.85,
                                                                                                        "Plan Rows": 152,
                                                                                                        "Plan Width": 8,
                                                                                                        "Actual Startup Time": 0.35,
                                                                                                        "Actual Total Time": 124.225,
                                                                                                        "Actual Rows": 281,
                                                                                                        "Actual Loops": 5,
                                                                                                        "Filter": "((production_year <= 2015) AND (production_year >= 1975) AND (title = ANY ('{(#1.1671),(#1.3711),(#1.5630),(#1.6267),(#10.55),(#2.225),(#2.50),(#4.3),(#5.195),(#9.75),(2003-10-10),(2006-03-04),(2006-11-20),(2007-05-03),(2007-10-04),(2009-03-19),(2009-09-02),(2011-01-22),\"11th Annual Screen Actors Guild Awards\",Altlasten,\"An Owl in a Thornbush\",\"Austin Powers in Goldmember\",Conspiracy,Detox,\"Disco Fever\",\"Fata Morgana\",Freunde,\"Happy End\",\"Homeward Bound II: Lost in San Francisco\",Inkasso,\"Jailed in Katrina, Bhutan Motorcycle Crash, Kings Canyon Rescue\",\"Just for the Record\",\"Mauvaise fille\",\"Nothing Lasts Forever\",Portraits,Ray,\"Secrets in the Snow\",\"Slash Fiction\",Switch,\"Sûpâ no onna\",\"The American Way\",\"The Storm\",\"Till My Heartaches End\",\"Time Out of Mind\",Turbulence}'::text[])))",
                                                                                                        "Rows Removed by Filter": 505381,
                                                                                                        "Workers": []
                                                                                                    },
                                                                                                    {
                                                                                                        "Node Type": "Hash",
                                                                                                        "Parent Relationship": "Inner",
                                                                                                        "Parallel Aware": false,
                                                                                                        "Async Capable": false,
                                                                                                        "Startup Cost": 1.11,
                                                                                                        "Total Cost": 1.11,
                                                                                                        "Plan Rows": 5,
                                                                                                        "Plan Width": 4,
                                                                                                        "Actual Startup Time": 0.009,
                                                                                                        "Actual Total Time": 0.009,
                                                                                                        "Actual Rows": 5,
                                                                                                        "Actual Loops": 5,
                                                                                                        "Hash Buckets": 1024,
                                                                                                        "Original Hash Buckets": 1024,
                                                                                                        "Hash Batches": 1,
                                                                                                        "Original Hash Batches": 1,
                                                                                                        "Peak Memory Usage": 9,
                                                                                                        "Workers": [],
                                                                                                        "Plans": [
                                                                                                            {
                                                                                                                "Node Type": "Seq Scan",
                                                                                                                "Parent Relationship": "Outer",
                                                                                                                "Parallel Aware": false,
                                                                                                                "Async Capable": false,
                                                                                                                "Relation Name": "kind_type",
                                                                                                                "Alias": "kt",
                                                                                                                "Startup Cost": 0.0,
                                                                                                                "Total Cost": 1.11,
                                                                                                                "Plan Rows": 5,
                                                                                                                "Plan Width": 4,
                                                                                                                "Actual Startup Time": 0.006,
                                                                                                                "Actual Total Time": 0.007,
                                                                                                                "Actual Rows": 5,
                                                                                                                "Actual Loops": 5,
                                                                                                                "Filter": "((kind)::text = ANY ('{episode,movie,\"tv movie\",\"tv series\",\"video movie\"}'::text[]))",
                                                                                                                "Rows Removed by Filter": 2,
                                                                                                                "Workers": []
                                                                                                            }
                                                                                                        ]
                                                                                                    }
                                                                                                ]
                                                                                            },
                                                                                            {
                                                                                                "Node Type": "Index Scan",
                                                                                                "Parent Relationship": "Inner",
                                                                                                "Parallel Aware": false,
                                                                                                "Async Capable": false,
                                                                                                "Scan Direction": "Forward",
                                                                                                "Index Name": "movie_id_movie_info",
                                                                                                "Relation Name": "movie_info",
                                                                                                "Alias": "mi1",
                                                                                                "Startup Cost": 0.46,
                                                                                                "Total Cost": 155.37,
                                                                                                "Plan Rows": 1,
                                                                                                "Plan Width": 8,
                                                                                                "Actual Startup Time": 0.008,
                                                                                                "Actual Total Time": 0.008,
                                                                                                "Actual Rows": 0,
                                                                                                "Actual Loops": 1404,
                                                                                                "Index Cond": "(movie_id = t.id)",
                                                                                                "Rows Removed by Index Recheck": 0,
                                                                                                "Filter": "((info_type_id = 6) AND (info = ANY ('{\"4-Track Stereo\",\"6-Track Stereo\",\"70 mm 6-Track\",DTS-ES,DTS-Stereo,Datasat,\"Dolby Stereo\",Dolby,SDDS,Silent,Stereo,\"Ultra Stereo\"}'::text[])))",
                                                                                                "Rows Removed by Filter": 4,
                                                                                                "Workers": []
                                                                                            }
                                                                                        ]
                                                                                    },
                                                                                    {
                                                                                        "Node Type": "Index Scan",
                                                                                        "Parent Relationship": "Inner",
                                                                                        "Parallel Aware": false,
                                                                                        "Async Capable": false,
                                                                                        "Scan Direction": "Forward",
                                                                                        "Index Name": "movie_id_cast_info",
                                                                                        "Relation Name": "cast_info",
                                                                                        "Alias": "ci",
                                                                                        "Startup Cost": 0.44,
                                                                                        "Total Cost": 104.34,
                                                                                        "Plan Rows": 38,
                                                                                        "Plan Width": 12,
                                                                                        "Actual Startup Time": 0.011,
                                                                                        "Actual Total Time": 0.141,
                                                                                        "Actual Rows": 59,
                                                                                        "Actual Loops": 33,
                                                                                        "Index Cond": "(movie_id = mi1.movie_id)",
                                                                                        "Rows Removed by Index Recheck": 0,
                                                                                        "Workers": []
                                                                                    }
                                                                                ]
                                                                            },
                                                                            {
                                                                                "Node Type": "Index Scan",
                                                                                "Parent Relationship": "Inner",
                                                                                "Parallel Aware": false,
                                                                                "Async Capable": false,
                                                                                "Scan Direction": "Forward",
                                                                                "Index Name": "role_type_pkey",
                                                                                "Relation Name": "role_type",
                                                                                "Alias": "rt",
                                                                                "Startup Cost": 0.14,
                                                                                "Total Cost": 0.16,
                                                                                "Plan Rows": 1,
                                                                                "Plan Width": 4,
                                                                                "Actual Startup Time": 0.0,
                                                                                "Actual Total Time": 0.0,
                                                                                "Actual Rows": 0,
                                                                                "Actual Loops": 1949,
                                                                                "Index Cond": "(id = ci.role_id)",
                                                                                "Rows Removed by Index Recheck": 0,
                                                                                "Filter": "((role)::text = 'cinematographer'::text)",
                                                                                "Rows Removed by Filter": 1,
                                                                                "Workers": []
                                                                            }
                                                                        ]
                                                                    }
                                                                ]
                                                            },
                                                            {
                                                                "Node Type": "Seq Scan",
                                                                "Parent Relationship": "Inner",
                                                                "Parallel Aware": false,
                                                                "Async Capable": false,
                                                                "Relation Name": "info_type",
                                                                "Alias": "it1",
                                                                "Startup Cost": 0.0,
                                                                "Total Cost": 2.41,
                                                                "Plan Rows": 1,
                                                                "Plan Width": 4,
                                                                "Actual Startup Time": 0.001,
                                                                "Actual Total Time": 0.002,
                                                                "Actual Rows": 1,
                                                                "Actual Loops": 22,
                                                                "Filter": "(id = 6)",
                                                                "Rows Removed by Filter": 112
                                                            }
                                                        ]
                                                    },
                                                    {
                                                        "Node Type": "Index Scan",
                                                        "Parent Relationship": "Inner",
                                                        "Parallel Aware": false,
                                                        "Async Capable": false,
                                                        "Scan Direction": "Forward",
                                                        "Index Name": "movie_id_movie_info",
                                                        "Relation Name": "movie_info",
                                                        "Alias": "mi2",
                                                        "Startup Cost": 0.43,
                                                        "Total Cost": 42.43,
                                                        "Plan Rows": 1,
                                                        "Plan Width": 8,
                                                        "Actual Startup Time": 0.008,
                                                        "Actual Total Time": 0.014,
                                                        "Actual Rows": 0,
                                                        "Actual Loops": 22,
                                                        "Index Cond": "(movie_id = ci.movie_id)",
                                                        "Rows Removed by Index Recheck": 0,
                                                        "Filter": "((info_type_id = 7) AND (info = ANY ('{\"CAM:Arriflex Cameras and Lenses\",\"CAM:Panavision Panaflex Platinum, Panavision Primo Lenses\",LAB:DeLuxe,\"LAB:DeLuxe, Hollywood (CA), USA\",\"LAB:DeLuxe, USA\",\"LAB:FotoKem Laboratory, Burbank (CA), USA\",\"OFM:16 mm\",PCS:Digital,PCS:Panavision,\"PCS:Super 16\",\"PFM:16 mm\",PFM:DVD-ROM,PFM:Digital,\"RAT:1.37 : 1\",\"RAT:1.85 : 1\"}'::text[])))",
                                                        "Rows Removed by Filter": 75
                                                    }
                                                ]
                                            },
                                            {
                                                "Node Type": "Seq Scan",
                                                "Parent Relationship": "Inner",
                                                "Parallel Aware": false,
                                                "Async Capable": false,
                                                "Relation Name": "info_type",
                                                "Alias": "it2",
                                                "Startup Cost": 0.0,
                                                "Total Cost": 2.41,
                                                "Plan Rows": 1,
                                                "Plan Width": 4,
                                                "Actual Startup Time": 0.001,
                                                "Actual Total Time": 0.002,
                                                "Actual Rows": 1,
                                                "Actual Loops": 11,
                                                "Filter": "(id = 7)",
                                                "Rows Removed by Filter": 112
                                            }
                                        ]
                                    },
                                    {
                                        "Node Type": "Index Scan",
                                        "Parent Relationship": "Inner",
                                        "Parallel Aware": false,
                                        "Async Capable": false,
                                        "Scan Direction": "Forward",
                                        "Index Name": "name_pkey",
                                        "Relation Name": "name",
                                        "Alias": "n",
                                        "Startup Cost": 0.43,
                                        "Total Cost": 2.31,
                                        "Plan Rows": 1,
                                        "Plan Width": 4,
                                        "Actual Startup Time": 0.004,
                                        "Actual Total Time": 0.004,
                                        "Actual Rows": 0,
                                        "Actual Loops": 11,
                                        "Index Cond": "(id = ci.person_id)",
                                        "Rows Removed by Index Recheck": 0,
                                        "Filter": "(((gender)::text = 'f'::text) OR (gender IS NULL))",
                                        "Rows Removed by Filter": 1
                                    }
                                ]
                            }
                        ]
                    },
                    "Planning Time": 1.53,
                    "Triggers": [],
                    "Execution Time": 137.129
                }
            ],
            "hints": [
                "SET enable_hashjoin TO on",
                "SET enable_indexonlyscan TO on",
                "SET enable_indexscan TO on",
                "SET enable_mergejoin TO off",
                "SET enable_nestloop TO on",
                "SET enable_seqscan TO on"
            ]
        }
    ]
}