{
    "sql_file": "2c242.sql",
    "query": "SELECT COUNT(*) FROM title as t,\nkind_type as kt,\ninfo_type as it1,\nmovie_info as mi1,\nmovie_info as mi2,\ninfo_type as it2,\ncast_info as ci,\nrole_type as rt,\nname as n\nWHERE\nt.id = ci.movie_id\nAND t.id = mi1.movie_id\nAND t.id = mi2.movie_id\nAND mi1.movie_id = mi2.movie_id\nAND mi1.info_type_id = it1.id\nAND mi2.info_type_id = it2.id\nAND (it1.id in ('8'))\nAND (it2.id in ('7'))\nAND t.kind_id = kt.id\nAND ci.person_id = n.id\nAND ci.role_id = rt.id\nAND (mi1.info IN ('Albania','Czechoslovakia','Egypt','Hungary','Italy','Japan','Mexico','Philippines','Sweden','Switzerland'))\nAND (mi2.info IN ('LAB:DeLuxe','MET:','OFM:35 mm','OFM:Video','RAT:1.33 : 1','RAT:2.35 : 1'))\nAND (kt.kind in ('episode','movie','tv movie','tv series','video game','video movie'))\nAND (rt.role in ('composer','director','producer'))\nAND (n.gender IN ('m') OR n.gender IS NULL)\nAND (t.production_year <= 1975)\nAND (t.production_year >= 1925)\nAND (t.title in ('(#1.104)','Androcles and the Lion','Annie Get Your Gun','Chûkon giretsu - Jitsuroku Chûshingura','Devils Island','Is There Sex After Death?','Monte Carlo','Mr. District Attorney','Sea Devils','Survival','The French Line','The Wrong Man','Treasure Hunt','Winged Victory'))",
    "results": [
        {
            "arm": 0,
            "execution_time": 45.437,
            "plan": [
                {
                    "Plan": {
                        "Node Type": "Aggregate",
                        "Strategy": "Plain",
                        "Partial Mode": "Simple",
                        "Parallel Aware": false,
                        "Async Capable": false,
                        "Startup Cost": 58820.78,
                        "Total Cost": 58820.79,
                        "Plan Rows": 1,
                        "Plan Width": 8,
                        "Actual Startup Time": 39.946,
                        "Actual Total Time": 45.394,
                        "Actual Rows": 1,
                        "Actual Loops": 1,
                        "Plans": [
                            {
                                "Node Type": "Gather",
                                "Parent Relationship": "Outer",
                                "Parallel Aware": false,
                                "Async Capable": false,
                                "Startup Cost": 1003.1,
                                "Total Cost": 58820.77,
                                "Plan Rows": 2,
                                "Plan Width": 0,
                                "Actual Startup Time": 39.683,
                                "Actual Total Time": 45.387,
                                "Actual Rows": 2,
                                "Actual Loops": 1,
                                "Workers Planned": 4,
                                "Workers Launched": 4,
                                "Single Copy": false,
                                "Plans": [
                                    {
                                        "Node Type": "Nested Loop",
                                        "Parent Relationship": "Outer",
                                        "Parallel Aware": false,
                                        "Async Capable": false,
                                        "Join Type": "Inner",
                                        "Startup Cost": 3.1,
                                        "Total Cost": 57820.57,
                                        "Plan Rows": 1,
                                        "Plan Width": 0,
                                        "Actual Startup Time": 35.637,
                                        "Actual Total Time": 37.835,
                                        "Actual Rows": 0,
                                        "Actual Loops": 5,
                                        "Inner Unique": true,
                                        "Workers": [],
                                        "Plans": [
                                            {
                                                "Node Type": "Nested Loop",
                                                "Parent Relationship": "Outer",
                                                "Parallel Aware": false,
                                                "Async Capable": false,
                                                "Join Type": "Inner",
                                                "Startup Cost": 2.67,
                                                "Total Cost": 57818.26,
                                                "Plan Rows": 1,
                                                "Plan Width": 4,
                                                "Actual Startup Time": 35.631,
                                                "Actual Total Time": 37.829,
                                                "Actual Rows": 0,
                                                "Actual Loops": 5,
                                                "Inner Unique": false,
                                                "Workers": [],
                                                "Plans": [
                                                    {
                                                        "Node Type": "Nested Loop",
                                                        "Parent Relationship": "Outer",
                                                        "Parallel Aware": false,
                                                        "Async Capable": false,
                                                        "Join Type": "Inner",
                                                        "Startup Cost": 2.67,
                                                        "Total Cost": 57815.84,
                                                        "Plan Rows": 1,
                                                        "Plan Width": 8,
                                                        "Actual Startup Time": 35.631,
                                                        "Actual Total Time": 37.827,
                                                        "Actual Rows": 0,
                                                        "Actual Loops": 5,
                                                        "Inner Unique": false,
                                                        "Workers": [],
                                                        "Plans": [
                                                            {
                                                                "Node Type": "Nested Loop",
                                                                "Parent Relationship": "Outer",
                                                                "Parallel Aware": false,
                                                                "Async Capable": false,
                                                                "Join Type": "Inner",
                                                                "Startup Cost": 2.67,
                                                                "Total Cost": 57813.42,
                                                                "Plan Rows": 1,
                                                                "Plan Width": 12,
                                                                "Actual Startup Time": 35.626,
                                                                "Actual Total Time": 37.821,
                                                                "Actual Rows": 0,
                                                                "Actual Loops": 5,
                                                                "Inner Unique": false,
                                                                "Join Filter": "(t.id = mi1.movie_id)",
                                                                "Rows Removed by Join Filter": 0,
                                                                "Workers": [],
                                                                "Plans": [
                                                                    {
                                                                        "Node Type": "Nested Loop",
                                                                        "Parent Relationship": "Outer",
                                                                        "Parallel Aware": false,
                                                                        "Async Capable": false,
                                                                        "Join Type": "Inner",
                                                                        "Startup Cost": 2.21,
                                                                        "Total Cost": 57771.52,
                                                                        "Plan Rows": 1,
                                                                        "Plan Width": 20,
                                                                        "Actual Startup Time": 3.483,
                                                                        "Actual Total Time": 37.634,
                                                                        "Actual Rows": 54,
                                                                        "Actual Loops": 5,
                                                                        "Inner Unique": true,
                                                                        "Workers": [],
                                                                        "Plans": [
                                                                            {
                                                                                "Node Type": "Nested Loop",
                                                                                "Parent Relationship": "Outer",
                                                                                "Parallel Aware": false,
                                                                                "Async Capable": false,
                                                                                "Join Type": "Inner",
                                                                                "Startup Cost": 2.07,
                                                                                "Total Cost": 57770.88,
                                                                                "Plan Rows": 4,
                                                                                "Plan Width": 24,
                                                                                "Actual Startup Time": 2.188,
                                                                                "Actual Total Time": 37.444,
                                                                                "Actual Rows": 448,
                                                                                "Actual Loops": 5,
                                                                                "Inner Unique": false,
                                                                                "Join Filter": "(t.id = ci.movie_id)",
                                                                                "Rows Removed by Join Filter": 0,
                                                                                "Workers": [],
                                                                                "Plans": [
                                                                                    {
                                                                                        "Node Type": "Nested Loop",
                                                                                        "Parent Relationship": "Outer",
                                                                                        "Parallel Aware": false,
                                                                                        "Async Capable": false,
                                                                                        "Join Type": "Inner",
                                                                                        "Startup Cost": 1.63,
                                                                                        "Total Cost": 57718.88,
                                                                                        "Plan Rows": 1,
                                                                                        "Plan Width": 12,
                                                                                        "Actual Startup Time": 2.168,
                                                                                        "Actual Total Time": 36.408,
                                                                                        "Actual Rows": 19,
                                                                                        "Actual Loops": 5,
                                                                                        "Inner Unique": false,
                                                                                        "Workers": [],
                                                                                        "Plans": [
                                                                                            {
                                                                                                "Node Type": "Hash Join",
                                                                                                "Parent Relationship": "Outer",
                                                                                                "Parallel Aware": false,
                                                                                                "Async Capable": false,
                                                                                                "Join Type": "Inner",
                                                                                                "Startup Cost": 1.2,
                                                                                                "Total Cost": 56553.72,
                                                                                                "Plan Rows": 7,
                                                                                                "Plan Width": 4,
                                                                                                "Actual Startup Time": 1.696,
                                                                                                "Actual Total Time": 36.134,
                                                                                                "Actual Rows": 18,
                                                                                                "Actual Loops": 5,
                                                                                                "Inner Unique": true,
                                                                                                "Hash Cond": "(t.kind_id = kt.id)",
                                                                                                "Workers": [],
                                                                                                "Plans": [
                                                                                                    {
                                                                                                        "Node Type": "Seq Scan",
                                                                                                        "Parent Relationship": "Outer",
                                                                                                        "Parallel Aware": true,
                                                                                                        "Async Capable": false,
                                                                                                        "Relation Name": "title",
                                                                                                        "Alias": "t",
                                                                                                        "Startup Cost": 0.0,
                                                                                                        "Total Cost": 56552.49,
                                                                                                        "Plan Rows": 8,
                                                                                                        "Plan Width": 8,
                                                                                                        "Actual Startup Time": 1.651,
                                                                                                        "Actual Total Time": 36.082,
                                                                                                        "Actual Rows": 18,
                                                                                                        "Actual Loops": 5,
                                                                                                        "Filter": "((production_year <= 1975) AND (production_year >= 1925) AND (title = ANY ('{(#1.104),\"Androcles and the Lion\",\"Annie Get Your Gun\",\"Chûkon giretsu - Jitsuroku Chûshingura\",\"Devils Island\",\"Is There Sex After Death?\",\"Monte Carlo\",\"Mr. District Attorney\",\"Sea Devils\",Survival,\"The French Line\",\"The Wrong Man\",\"Treasure Hunt\",\"Winged Victory\"}'::text[])))",
                                                                                                        "Rows Removed by Filter": 505644,
                                                                                                        "Workers": []
                                                                                                    },
                                                                                                    {
                                                                                                        "Node Type": "Hash",
                                                                                                        "Parent Relationship": "Inner",
                                                                                                        "Parallel Aware": false,
                                                                                                        "Async Capable": false,
                                                                                                        "Startup Cost": 1.12,
                                                                                                        "Total Cost": 1.12,
                                                                                                        "Plan Rows": 6,
                                                                                                        "Plan Width": 4,
                                                                                                        "Actual Startup Time": 0.01,
                                                                                                        "Actual Total Time": 0.011,
                                                                                                        "Actual Rows": 6,
                                                                                                        "Actual Loops": 5,
                                                                                                        "Hash Buckets": 1024,
                                                                                                        "Original Hash Buckets": 1024,
                                                                                                        "Hash Batches": 1,
                                                                                                        "Original Hash Batches": 1,
                                                                                                        "Peak Memory Usage": 9,
                                                                                                        "Workers": [],
                                                                                                        "Plans": [
                                                                                                            {
                                                                                                                "Node Type": "Seq Scan",
                                                                                                                "Parent Relationship": "Outer",
                                                                                                                "Parallel Aware": false,
                                                                                                                "Async Capable": false,
                                                                                                                "Relation Name": "kind_type",
                                                                                                                "Alias": "kt",
                                                                                                                "Startup Cost": 0.0,
                                                                                                                "Total Cost": 1.12,
                                                                                                                "Plan Rows": 6,
                                                                                                                "Plan Width": 4,
                                                                                                                "Actual Startup Time": 0.007,
                                                                                                                "Actual Total Time": 0.008,
                                                                                                                "Actual Rows": 6,
                                                                                                                "Actual Loops": 5,
                                                                                                                "Filter": "((kind)::text = ANY ('{episode,movie,\"tv movie\",\"tv series\",\"video game\",\"video movie\"}'::text[]))",
                                                                                                                "Rows Removed by Filter": 1,
                                                                                                                "Workers": []
                                                                                                            }
                                                                                                        ]
                                                                                                    }
                                                                                                ]
                                                                                            },
                                                                                            {
                                                                                                "Node Type": "Index Scan",
                                                                                                "Parent Relationship": "Inner",
                                                                                                "Parallel Aware": false,
                                                                                                "Async Capable": false,
                                                                                                "Scan Direction": "Forward",
                                                                                                "Index Name": "movie_id_movie_info",
                                                                                                "Relation Name": "movie_info",
                                                                                                "Alias": "mi2",
                                                                                                "Startup Cost": 0.43,
                                                                                                "Total Cost": 166.44,
                                                                                                "Plan Rows": 1,
                                                                                                "Plan Width": 8,
                                                                                                "Actual Startup Time": 0.014,
                                                                                                "Actual Total Time": 0.015,
                                                                                                "Actual Rows": 1,
                                                                                                "Actual Loops": 91,
                                                                                                "Index Cond": "(movie_id = t.id)",
                                                                                                "Rows Removed by Index Recheck": 0,
                                                                                                "Filter": "((info_type_id = 7) AND (info = ANY ('{LAB:DeLuxe,MET:,\"OFM:35 mm\",OFM:Video,\"RAT:1.33 : 1\",\"RAT:2.35 : 1\"}'::text[])))",
                                                                                                "Rows Removed by Filter": 10,
                                                                                                "Workers": []
                                                                                            }
                                                                                        ]
                                                                                    },
                                                                                    {
                                                                                        "Node Type": "Index Scan",
                                                                                        "Parent Relationship": "Inner",
                                                                                        "Parallel Aware": false,
                                                                                        "Async Capable": false,
                                                                                        "Scan Direction": "Forward",
                                                                                        "Index Name": "movie_id_cast_info",
                                                                                        "Relation Name": "cast_info",
                                                                                        "Alias": "ci",
                                                                                        "Startup Cost": 0.44,
                                                                                        "Total Cost": 51.53,
                                                                                        "Plan Rows": 38,
                                                                                        "Plan Width": 12,
                                                                                        "Actual Startup Time": 0.007,
                                                                                        "Actual Total Time": 0.052,
                                                                                        "Actual Rows": 24,
                                                                                        "Actual Loops": 95,
                                                                                        "Index Cond": "(movie_id = mi2.movie_id)",
                                                                                        "Rows Removed by Index Recheck": 0,
                                                                                        "Workers": []
                                                                                    }
                                                                                ]
                                                                            },
                                                                            {
                                                                                "Node Type": "Index Scan",
                                                                                "Parent Relationship": "Inner",
                                                                                "Parallel Aware": false,
                                                                                "Async Capable": false,
                                                                                "Scan Direction": "Forward",
                                                                                "Index Name": "role_type_pkey",
                                                                                "Relation Name": "role_type",
                                                                                "Alias": "rt",
                                                                                "Startup Cost": 0.14,
                                                                                "Total Cost": 0.16,
                                                                                "Plan Rows": 1,
                                                                                "Plan Width": 4,
                                                                                "Actual Startup Time": 0.0,
                                                                                "Actual Total Time": 0.0,
                                                                                "Actual Rows": 0,
                                                                                "Actual Loops": 2240,
                                                                                "Index Cond": "(id = ci.role_id)",
                                                                                "Rows Removed by Index Recheck": 0,
                                                                                "Filter": "((role)::text = ANY ('{composer,director,producer}'::text[]))",
                                                                                "Rows Removed by Filter": 1,
                                                                                "Workers": []
                                                                            }
                                                                        ]
                                                                    },
                                                                    {
                                                                        "Node Type": "Index Scan",
                                                                        "Parent Relationship": "Inner",
                                                                        "Parallel Aware": false,
                                                                        "Async Capable": false,
                                                                        "Scan Direction": "Forward",
                                                                        "Index Name": "movie_id_movie_info",
                                                                        "Relation Name": "movie_info",
                                                                        "Alias": "mi1",
                                                                        "Startup Cost": 0.46,
                                                                        "Total Cost": 41.89,
                                                                        "Plan Rows": 1,
                                                                        "Plan Width": 8,
                                                                        "Actual Startup Time": 0.003,
                                                                        "Actual Total Time": 0.003,
                                                                        "Actual Rows": 0,
                                                                        "Actual Loops": 269,
                                                                        "Index Cond": "(movie_id = ci.movie_id)",
                                                                        "Rows Removed by Index Recheck": 0,
                                                                        "Filter": "((info_type_id = 8) AND (info = ANY ('{Albania,Czechoslovakia,Egypt,Hungary,Italy,Japan,Mexico,Philippines,Sweden,Switzerland}'::text[])))",
                                                                        "Rows Removed by Filter": 17,
                                                                        "Workers": []
                                                                    }
                                                                ]
                                                            },
                                                            {
                                                                "Node Type": "Seq Scan",
                                                                "Parent Relationship": "Inner",
                                                                "Parallel Aware": false,
                                                                "Async Capable": false,
                                                                "Relation Name": "info_type",
                                                                "Alias": "it1",
                                                                "Startup Cost": 0.0,
                                                                "Total Cost": 2.41,
                                                                "Plan Rows": 1,
                                                                "Plan Width": 4,
                                                                "Actual Startup Time": 0.011,
                                                                "Actual Total Time": 0.013,
                                                                "Actual Rows": 1,
                                                                "Actual Loops": 2,
                                                                "Filter": "(id = 8)",
                                                                "Rows Removed by Filter": 112,
                                                                "Workers": []
                                                            }
                                                        ]
                                                    },
                                                    {
                                                        "Node Type": "Seq Scan",
                                                        "Parent Relationship": "Inner",
                                                        "Parallel Aware": false,
                                                        "Async Capable": false,
                                                        "Relation Name": "info_type",
                                                        "Alias": "it2",
                                                        "Startup Cost": 0.0,
                                                        "Total Cost": 2.41,
                                                        "Plan Rows": 1,
                                                        "Plan Width": 4,
                                                        "Actual Startup Time": 0.001,
                                                        "Actual Total Time": 0.003,
                                                        "Actual Rows": 1,
                                                        "Actual Loops": 2,
                                                        "Filter": "(id = 7)",
                                                        "Rows Removed by Filter": 112,
                                                        "Workers": []
                                                    }
                                                ]
                                            },
                                            {
                                                "Node Type": "Index Scan",
                                                "Parent Relationship": "Inner",
                                                "Parallel Aware": false,
                                                "Async Capable": false,
                                                "Scan Direction": "Forward",
                                                "Index Name": "name_pkey",
                                                "Relation Name": "name",
                                                "Alias": "n",
                                                "Startup Cost": 0.43,
                                                "Total Cost": 2.31,
                                                "Plan Rows": 1,
                                                "Plan Width": 4,
                                                "Actual Startup Time": 0.012,
                                                "Actual Total Time": 0.013,
                                                "Actual Rows": 1,
                                                "Actual Loops": 2,
                                                "Index Cond": "(id = ci.person_id)",
                                                "Rows Removed by Index Recheck": 0,
                                                "Filter": "(((gender)::text = 'm'::text) OR (gender IS NULL))",
                                                "Rows Removed by Filter": 0,
                                                "Workers": []
                                            }
                                        ]
                                    }
                                ]
                            }
                        ]
                    },
                    "Planning Time": 2.182,
                    "Triggers": [],
                    "Execution Time": 45.437
                }
            ],
            "hints": [
                "SET enable_hashjoin TO on",
                "SET enable_indexonlyscan TO on",
                "SET enable_indexscan TO on",
                "SET enable_mergejoin TO on",
                "SET enable_nestloop TO on",
                "SET enable_seqscan TO on"
            ]
        },
        {
            "arm": 1,
            "execution_time": 6705.658,
            "plan": [
                {
                    "Plan": {
                        "Node Type": "Aggregate",
                        "Strategy": "Plain",
                        "Partial Mode": "Simple",
                        "Parallel Aware": false,
                        "Async Capable": false,
                        "Startup Cost": 20017801423.97,
                        "Total Cost": 20017801423.98,
                        "Plan Rows": 1,
                        "Plan Width": 8,
                        "Actual Startup Time": 6695.801,
                        "Actual Total Time": 6695.812,
                        "Actual Rows": 1,
                        "Actual Loops": 1,
                        "Plans": [
                            {
                                "Node Type": "Nested Loop",
                                "Parent Relationship": "Outer",
                                "Parallel Aware": false,
                                "Async Capable": false,
                                "Join Type": "Inner",
                                "Startup Cost": 20017683953.85,
                                "Total Cost": 20017801423.96,
                                "Plan Rows": 2,
                                "Plan Width": 0,
                                "Actual Startup Time": 6596.985,
                                "Actual Total Time": 6695.806,
                                "Actual Rows": 2,
                                "Actual Loops": 1,
                                "Inner Unique": false,
                                "Plans": [
                                    {
                                        "Node Type": "Hash Join",
                                        "Parent Relationship": "Outer",
                                        "Parallel Aware": false,
                                        "Async Capable": false,
                                        "Join Type": "Inner",
                                        "Startup Cost": 10017683953.85,
                                        "Total Cost": 10017801421.52,
                                        "Plan Rows": 2,
                                        "Plan Width": 4,
                                        "Actual Startup Time": 6596.975,
                                        "Actual Total Time": 6695.793,
                                        "Actual Rows": 2,
                                        "Actual Loops": 1,
                                        "Inner Unique": false,
                                        "Hash Cond": "(n.id = ci.person_id)",
                                        "Plans": [
                                            {
                                                "Node Type": "Seq Scan",
                                                "Parent Relationship": "Outer",
                                                "Parallel Aware": false,
                                                "Async Capable": false,
                                                "Relation Name": "name",
                                                "Alias": "n",
                                                "Startup Cost": 0.0,
                                                "Total Cost": 107749.64,
                                                "Plan Rows": 2591471,
                                                "Plan Width": 4,
                                                "Actual Startup Time": 0.005,
                                                "Actual Total Time": 225.057,
                                                "Actual Rows": 3205936,
                                                "Actual Loops": 1,
                                                "Filter": "(((gender)::text = 'm'::text) OR (gender IS NULL))",
                                                "Rows Removed by Filter": 961555
                                            },
                                            {
                                                "Node Type": "Hash",
                                                "Parent Relationship": "Inner",
                                                "Parallel Aware": false,
                                                "Async Capable": false,
                                                "Startup Cost": 10017683953.8,
                                                "Total Cost": 10017683953.8,
                                                "Plan Rows": 4,
                                                "Plan Width": 8,
                                                "Actual Startup Time": 6393.086,
                                                "Actual Total Time": 6393.095,
                                                "Actual Rows": 2,
                                                "Actual Loops": 1,
                                                "Hash Buckets": 1024,
                                                "Original Hash Buckets": 1024,
                                                "Hash Batches": 1,
                                                "Original Hash Batches": 1,
                                                "Peak Memory Usage": 9,
                                                "Plans": [
                                                    {
                                                        "Node Type": "Hash Join",
                                                        "Parent Relationship": "Outer",
                                                        "Parallel Aware": false,
                                                        "Async Capable": false,
                                                        "Join Type": "Inner",
                                                        "Startup Cost": 10017225801.03,
                                                        "Total Cost": 10017683953.8,
                                                        "Plan Rows": 4,
                                                        "Plan Width": 8,
                                                        "Actual Startup Time": 6068.535,
                                                        "Actual Total Time": 6393.092,
                                                        "Actual Rows": 2,
                                                        "Actual Loops": 1,
                                                        "Inner Unique": true,
                                                        "Hash Cond": "(t.kind_id = kt.id)",
                                                        "Plans": [
                                                            {
                                                                "Node Type": "Hash Join",
                                                                "Parent Relationship": "Outer",
                                                                "Parallel Aware": false,
                                                                "Async Capable": false,
                                                                "Join Type": "Inner",
                                                                "Startup Cost": 10017225799.83,
                                                                "Total Cost": 10017683952.58,
                                                                "Plan Rows": 4,
                                                                "Plan Width": 12,
                                                                "Actual Startup Time": 6068.528,
                                                                "Actual Total Time": 6393.083,
                                                                "Actual Rows": 2,
                                                                "Actual Loops": 1,
                                                                "Inner Unique": false,
                                                                "Hash Cond": "(mi2.movie_id = t.id)",
                                                                "Plans": [
                                                                    {
                                                                        "Node Type": "Seq Scan",
                                                                        "Parent Relationship": "Outer",
                                                                        "Parallel Aware": false,
                                                                        "Async Capable": false,
                                                                        "Relation Name": "movie_info",
                                                                        "Alias": "mi2",
                                                                        "Startup Cost": 0.0,
                                                                        "Total Cost": 457931.54,
                                                                        "Plan Rows": 58986,
                                                                        "Plan Width": 8,
                                                                        "Actual Startup Time": 214.717,
                                                                        "Actual Total Time": 566.435,
                                                                        "Actual Rows": 543303,
                                                                        "Actual Loops": 1,
                                                                        "Filter": "((info_type_id = 7) AND (info = ANY ('{LAB:DeLuxe,MET:,\"OFM:35 mm\",OFM:Video,\"RAT:1.33 : 1\",\"RAT:2.35 : 1\"}'::text[])))",
                                                                        "Rows Removed by Filter": 14292417
                                                                    },
                                                                    {
                                                                        "Node Type": "Hash",
                                                                        "Parent Relationship": "Inner",
                                                                        "Parallel Aware": false,
                                                                        "Async Capable": false,
                                                                        "Startup Cost": 10017225799.78,
                                                                        "Total Cost": 10017225799.78,
                                                                        "Plan Rows": 4,
                                                                        "Plan Width": 20,
                                                                        "Actual Startup Time": 5812.86,
                                                                        "Actual Total Time": 5812.867,
                                                                        "Actual Rows": 2,
                                                                        "Actual Loops": 1,
                                                                        "Hash Buckets": 1024,
                                                                        "Original Hash Buckets": 1024,
                                                                        "Hash Batches": 1,
                                                                        "Original Hash Batches": 1,
                                                                        "Peak Memory Usage": 9,
                                                                        "Plans": [
                                                                            {
                                                                                "Node Type": "Merge Join",
                                                                                "Parent Relationship": "Outer",
                                                                                "Parallel Aware": false,
                                                                                "Async Capable": false,
                                                                                "Join Type": "Inner",
                                                                                "Startup Cost": 10002039890.91,
                                                                                "Total Cost": 10017225799.78,
                                                                                "Plan Rows": 4,
                                                                                "Plan Width": 20,
                                                                                "Actual Startup Time": 4667.575,
                                                                                "Actual Total Time": 5812.863,
                                                                                "Actual Rows": 2,
                                                                                "Actual Loops": 1,
                                                                                "Inner Unique": true,
                                                                                "Merge Cond": "(ci.movie_id = t.id)",
                                                                                "Plans": [
                                                                                    {
                                                                                        "Node Type": "Merge Join",
                                                                                        "Parent Relationship": "Outer",
                                                                                        "Parallel Aware": false,
                                                                                        "Async Capable": false,
                                                                                        "Join Type": "Inner",
                                                                                        "Startup Cost": 10002039890.48,
                                                                                        "Total Cost": 10017049403.95,
                                                                                        "Plan Rows": 123950,
                                                                                        "Plan Width": 12,
                                                                                        "Actual Startup Time": 3379.196,
                                                                                        "Actual Total Time": 5193.08,
                                                                                        "Actual Rows": 319527,
                                                                                        "Actual Loops": 1,
                                                                                        "Inner Unique": false,
                                                                                        "Merge Cond": "(ci.movie_id = mi1.movie_id)",
                                                                                        "Plans": [
                                                                                            {
                                                                                                "Node Type": "Sort",
                                                                                                "Parent Relationship": "Outer",
                                                                                                "Parallel Aware": false,
                                                                                                "Async Capable": false,
                                                                                                "Startup Cost": 2038737.81,
                                                                                                "Total Cost": 2061390.52,
                                                                                                "Plan Rows": 9061086,
                                                                                                "Plan Width": 8,
                                                                                                "Actual Startup Time": 3379.147,
                                                                                                "Actual Total Time": 3591.845,
                                                                                                "Actual Rows": 6421777,
                                                                                                "Actual Loops": 1,
                                                                                                "Sort Key": [
                                                                                                    "ci.movie_id"
                                                                                                ],
                                                                                                "Sort Method": "external merge",
                                                                                                "Sort Space Used": 114272,
                                                                                                "Sort Space Type": "Disk",
                                                                                                "Plans": [
                                                                                                    {
                                                                                                        "Node Type": "Hash Join",
                                                                                                        "Parent Relationship": "Outer",
                                                                                                        "Parallel Aware": false,
                                                                                                        "Async Capable": false,
                                                                                                        "Join Type": "Inner",
                                                                                                        "Startup Cost": 1.2,
                                                                                                        "Total Cost": 743907.57,
                                                                                                        "Plan Rows": 9061086,
                                                                                                        "Plan Width": 8,
                                                                                                        "Actual Startup Time": 155.795,
                                                                                                        "Actual Total Time": 2556.561,
                                                                                                        "Actual Rows": 6485254,
                                                                                                        "Actual Loops": 1,
                                                                                                        "Inner Unique": true,
                                                                                                        "Hash Cond": "(ci.role_id = rt.id)",
                                                                                                        "Plans": [
                                                                                                            {
                                                                                                                "Node Type": "Seq Scan",
                                                                                                                "Parent Relationship": "Outer",
                                                                                                                "Parallel Aware": false,
                                                                                                                "Async Capable": false,
                                                                                                                "Relation Name": "cast_info",
                                                                                                                "Alias": "ci",
                                                                                                                "Startup Cost": 0.0,
                                                                                                                "Total Cost": 615163.44,
                                                                                                                "Plan Rows": 36244344,
                                                                                                                "Plan Width": 12,
                                                                                                                "Actual Startup Time": 0.007,
                                                                                                                "Actual Total Time": 1115.598,
                                                                                                                "Actual Rows": 36244344,
                                                                                                                "Actual Loops": 1
                                                                                                            },
                                                                                                            {
                                                                                                                "Node Type": "Hash",
                                                                                                                "Parent Relationship": "Inner",
                                                                                                                "Parallel Aware": false,
                                                                                                                "Async Capable": false,
                                                                                                                "Startup Cost": 1.17,
                                                                                                                "Total Cost": 1.17,
                                                                                                                "Plan Rows": 3,
                                                                                                                "Plan Width": 4,
                                                                                                                "Actual Startup Time": 0.007,
                                                                                                                "Actual Total Time": 0.008,
                                                                                                                "Actual Rows": 3,
                                                                                                                "Actual Loops": 1,
                                                                                                                "Hash Buckets": 1024,
                                                                                                                "Original Hash Buckets": 1024,
                                                                                                                "Hash Batches": 1,
                                                                                                                "Original Hash Batches": 1,
                                                                                                                "Peak Memory Usage": 9,
                                                                                                                "Plans": [
                                                                                                                    {
                                                                                                                        "Node Type": "Seq Scan",
                                                                                                                        "Parent Relationship": "Outer",
                                                                                                                        "Parallel Aware": false,
                                                                                                                        "Async Capable": false,
                                                                                                                        "Relation Name": "role_type",
                                                                                                                        "Alias": "rt",
                                                                                                                        "Startup Cost": 0.0,
                                                                                                                        "Total Cost": 1.17,
                                                                                                                        "Plan Rows": 3,
                                                                                                                        "Plan Width": 4,
                                                                                                                        "Actual Startup Time": 0.004,
                                                                                                                        "Actual Total Time": 0.005,
                                                                                                                        "Actual Rows": 3,
                                                                                                                        "Actual Loops": 1,
                                                                                                                        "Filter": "((role)::text = ANY ('{composer,director,producer}'::text[]))",
                                                                                                                        "Rows Removed by Filter": 9
                                                                                                                    }
                                                                                                                ]
                                                                                                            }
                                                                                                        ]
                                                                                                    }
                                                                                                ]
                                                                                            },
                                                                                            {
                                                                                                "Node Type": "Materialize",
                                                                                                "Parent Relationship": "Inner",
                                                                                                "Parallel Aware": false,
                                                                                                "Async Capable": false,
                                                                                                "Startup Cost": 10000000000.46,
                                                                                                "Total Cost": 10014969294.93,
                                                                                                "Plan Rows": 12992,
                                                                                                "Plan Width": 4,
                                                                                                "Actual Startup Time": 0.043,
                                                                                                "Actual Total Time": 1423.316,
                                                                                                "Actual Rows": 345785,
                                                                                                "Actual Loops": 1,
                                                                                                "Plans": [
                                                                                                    {
                                                                                                        "Node Type": "Nested Loop",
                                                                                                        "Parent Relationship": "Outer",
                                                                                                        "Parallel Aware": false,
                                                                                                        "Async Capable": false,
                                                                                                        "Join Type": "Inner",
                                                                                                        "Startup Cost": 10000000000.46,
                                                                                                        "Total Cost": 10014969262.45,
                                                                                                        "Plan Rows": 12992,
                                                                                                        "Plan Width": 4,
                                                                                                        "Actual Startup Time": 0.041,
                                                                                                        "Actual Total Time": 1409.718,
                                                                                                        "Actual Rows": 140374,
                                                                                                        "Actual Loops": 1,
                                                                                                        "Inner Unique": false,
                                                                                                        "Plans": [
                                                                                                            {
                                                                                                                "Node Type": "Index Scan",
                                                                                                                "Parent Relationship": "Outer",
                                                                                                                "Parallel Aware": false,
                                                                                                                "Async Capable": false,
                                                                                                                "Scan Direction": "Forward",
                                                                                                                "Index Name": "movie_id_movie_info",
                                                                                                                "Relation Name": "movie_info",
                                                                                                                "Alias": "mi1",
                                                                                                                "Startup Cost": 0.46,
                                                                                                                "Total Cost": 14969097.63,
                                                                                                                "Plan Rows": 12992,
                                                                                                                "Plan Width": 8,
                                                                                                                "Actual Startup Time": 0.029,
                                                                                                                "Actual Total Time": 1392.168,
                                                                                                                "Actual Rows": 140374,
                                                                                                                "Actual Loops": 1,
                                                                                                                "Filter": "((info_type_id = 8) AND (info = ANY ('{Albania,Czechoslovakia,Egypt,Hungary,Italy,Japan,Mexico,Philippines,Sweden,Switzerland}'::text[])))",
                                                                                                                "Rows Removed by Filter": 14450846
                                                                                                            },
                                                                                                            {
                                                                                                                "Node Type": "Materialize",
                                                                                                                "Parent Relationship": "Inner",
                                                                                                                "Parallel Aware": false,
                                                                                                                "Async Capable": false,
                                                                                                                "Startup Cost": 0.0,
                                                                                                                "Total Cost": 2.42,
                                                                                                                "Plan Rows": 1,
                                                                                                                "Plan Width": 4,
                                                                                                                "Actual Startup Time": 0.0,
                                                                                                                "Actual Total Time": 0.0,
                                                                                                                "Actual Rows": 1,
                                                                                                                "Actual Loops": 140374,
                                                                                                                "Plans": [
                                                                                                                    {
                                                                                                                        "Node Type": "Seq Scan",
                                                                                                                        "Parent Relationship": "Outer",
                                                                                                                        "Parallel Aware": false,
                                                                                                                        "Async Capable": false,
                                                                                                                        "Relation Name": "info_type",
                                                                                                                        "Alias": "it1",
                                                                                                                        "Startup Cost": 0.0,
                                                                                                                        "Total Cost": 2.41,
                                                                                                                        "Plan Rows": 1,
                                                                                                                        "Plan Width": 4,
                                                                                                                        "Actual Startup Time": 0.008,
                                                                                                                        "Actual Total Time": 0.011,
                                                                                                                        "Actual Rows": 1,
                                                                                                                        "Actual Loops": 1,
                                                                                                                        "Filter": "(id = 8)",
                                                                                                                        "Rows Removed by Filter": 112
                                                                                                                    }
                                                                                                                ]
                                                                                                            }
                                                                                                        ]
                                                                                                    }
                                                                                                ]
                                                                                            }
                                                                                        ]
                                                                                    },
                                                                                    {
                                                                                        "Node Type": "Index Scan",
                                                                                        "Parent Relationship": "Inner",
                                                                                        "Parallel Aware": false,
                                                                                        "Async Capable": false,
                                                                                        "Scan Direction": "Forward",
                                                                                        "Index Name": "title_pkey",
                                                                                        "Relation Name": "title",
                                                                                        "Alias": "t",
                                                                                        "Startup Cost": 0.43,
                                                                                        "Total Cost": 176085.85,
                                                                                        "Plan Rows": 33,
                                                                                        "Plan Width": 8,
                                                                                        "Actual Startup Time": 7.325,
                                                                                        "Actual Total Time": 612.657,
                                                                                        "Actual Rows": 91,
                                                                                        "Actual Loops": 1,
                                                                                        "Filter": "((production_year <= 1975) AND (production_year >= 1925) AND (title = ANY ('{(#1.104),\"Androcles and the Lion\",\"Annie Get Your Gun\",\"Chûkon giretsu - Jitsuroku Chûshingura\",\"Devils Island\",\"Is There Sex After Death?\",\"Monte Carlo\",\"Mr. District Attorney\",\"Sea Devils\",Survival,\"The French Line\",\"The Wrong Man\",\"Treasure Hunt\",\"Winged Victory\"}'::text[])))",
                                                                                        "Rows Removed by Filter": 2528221
                                                                                    }
                                                                                ]
                                                                            }
                                                                        ]
                                                                    }
                                                                ]
                                                            },
                                                            {
                                                                "Node Type": "Hash",
                                                                "Parent Relationship": "Inner",
                                                                "Parallel Aware": false,
                                                                "Async Capable": false,
                                                                "Startup Cost": 1.12,
                                                                "Total Cost": 1.12,
                                                                "Plan Rows": 6,
                                                                "Plan Width": 4,
                                                                "Actual Startup Time": 0.005,
                                                                "Actual Total Time": 0.005,
                                                                "Actual Rows": 6,
                                                                "Actual Loops": 1,
                                                                "Hash Buckets": 1024,
                                                                "Original Hash Buckets": 1024,
                                                                "Hash Batches": 1,
                                                                "Original Hash Batches": 1,
                                                                "Peak Memory Usage": 9,
                                                                "Plans": [
                                                                    {
                                                                        "Node Type": "Seq Scan",
                                                                        "Parent Relationship": "Outer",
                                                                        "Parallel Aware": false,
                                                                        "Async Capable": false,
                                                                        "Relation Name": "kind_type",
                                                                        "Alias": "kt",
                                                                        "Startup Cost": 0.0,
                                                                        "Total Cost": 1.12,
                                                                        "Plan Rows": 6,
                                                                        "Plan Width": 4,
                                                                        "Actual Startup Time": 0.002,
                                                                        "Actual Total Time": 0.003,
                                                                        "Actual Rows": 6,
                                                                        "Actual Loops": 1,
                                                                        "Filter": "((kind)::text = ANY ('{episode,movie,\"tv movie\",\"tv series\",\"video game\",\"video movie\"}'::text[]))",
                                                                        "Rows Removed by Filter": 1
                                                                    }
                                                                ]
                                                            }
                                                        ]
                                                    }
                                                ]
                                            }
                                        ]
                                    },
                                    {
                                        "Node Type": "Materialize",
                                        "Parent Relationship": "Inner",
                                        "Parallel Aware": false,
                                        "Async Capable": false,
                                        "Startup Cost": 0.0,
                                        "Total Cost": 2.42,
                                        "Plan Rows": 1,
                                        "Plan Width": 4,
                                        "Actual Startup Time": 0.004,
                                        "Actual Total Time": 0.005,
                                        "Actual Rows": 1,
                                        "Actual Loops": 2,
                                        "Plans": [
                                            {
                                                "Node Type": "Seq Scan",
                                                "Parent Relationship": "Outer",
                                                "Parallel Aware": false,
                                                "Async Capable": false,
                                                "Relation Name": "info_type",
                                                "Alias": "it2",
                                                "Startup Cost": 0.0,
                                                "Total Cost": 2.41,
                                                "Plan Rows": 1,
                                                "Plan Width": 4,
                                                "Actual Startup Time": 0.006,
                                                "Actual Total Time": 0.008,
                                                "Actual Rows": 1,
                                                "Actual Loops": 1,
                                                "Filter": "(id = 7)",
                                                "Rows Removed by Filter": 112
                                            }
                                        ]
                                    }
                                ]
                            }
                        ]
                    },
                    "Planning Time": 2.75,
                    "Triggers": [],
                    "Execution Time": 6705.658
                }
            ],
            "hints": [
                "SET enable_hashjoin TO on",
                "SET enable_indexonlyscan TO on",
                "SET enable_indexscan TO on",
                "SET enable_mergejoin TO on",
                "SET enable_nestloop TO off",
                "SET enable_seqscan TO on"
            ]
        },
        {
            "arm": 2,
            "execution_time": 819.572,
            "plan": [
                {
                    "Plan": {
                        "Node Type": "Aggregate",
                        "Strategy": "Plain",
                        "Partial Mode": "Simple",
                        "Parallel Aware": false,
                        "Async Capable": false,
                        "Startup Cost": 892110.04,
                        "Total Cost": 892110.05,
                        "Plan Rows": 1,
                        "Plan Width": 8,
                        "Actual Startup Time": 794.253,
                        "Actual Total Time": 819.53,
                        "Actual Rows": 1,
                        "Actual Loops": 1,
                        "Plans": [
                            {
                                "Node Type": "Gather",
                                "Parent Relationship": "Outer",
                                "Parallel Aware": false,
                                "Async Capable": false,
                                "Startup Cost": 821000.91,
                                "Total Cost": 892110.04,
                                "Plan Rows": 2,
                                "Plan Width": 0,
                                "Actual Startup Time": 794.179,
                                "Actual Total Time": 819.522,
                                "Actual Rows": 2,
                                "Actual Loops": 1,
                                "Workers Planned": 4,
                                "Workers Launched": 4,
                                "Single Copy": false,
                                "Plans": [
                                    {
                                        "Node Type": "Hash Join",
                                        "Parent Relationship": "Outer",
                                        "Parallel Aware": true,
                                        "Async Capable": false,
                                        "Join Type": "Inner",
                                        "Startup Cost": 820000.91,
                                        "Total Cost": 891109.84,
                                        "Plan Rows": 1,
                                        "Plan Width": 0,
                                        "Actual Startup Time": 788.516,
                                        "Actual Total Time": 792.161,
                                        "Actual Rows": 0,
                                        "Actual Loops": 5,
                                        "Inner Unique": false,
                                        "Hash Cond": "(n.id = ci.person_id)",
                                        "Workers": [],
                                        "Plans": [
                                            {
                                                "Node Type": "Seq Scan",
                                                "Parent Relationship": "Outer",
                                                "Parallel Aware": true,
                                                "Async Capable": false,
                                                "Relation Name": "name",
                                                "Alias": "n",
                                                "Startup Cost": 0.0,
                                                "Total Cost": 68679.41,
                                                "Plan Rows": 647868,
                                                "Plan Width": 4,
                                                "Actual Startup Time": 0.007,
                                                "Actual Total Time": 40.533,
                                                "Actual Rows": 641187,
                                                "Actual Loops": 5,
                                                "Filter": "(((gender)::text = 'm'::text) OR (gender IS NULL))",
                                                "Rows Removed by Filter": 192311,
                                                "Workers": []
                                            },
                                            {
                                                "Node Type": "Hash",
                                                "Parent Relationship": "Inner",
                                                "Parallel Aware": true,
                                                "Async Capable": false,
                                                "Startup Cost": 820000.9,
                                                "Total Cost": 820000.9,
                                                "Plan Rows": 1,
                                                "Plan Width": 4,
                                                "Actual Startup Time": 735.702,
                                                "Actual Total Time": 735.712,
                                                "Actual Rows": 0,
                                                "Actual Loops": 5,
                                                "Hash Buckets": 1024,
                                                "Original Hash Buckets": 1024,
                                                "Hash Batches": 1,
                                                "Original Hash Batches": 1,
                                                "Peak Memory Usage": 40,
                                                "Workers": [],
                                                "Plans": [
                                                    {
                                                        "Node Type": "Nested Loop",
                                                        "Parent Relationship": "Outer",
                                                        "Parallel Aware": false,
                                                        "Async Capable": false,
                                                        "Join Type": "Inner",
                                                        "Startup Cost": 599049.52,
                                                        "Total Cost": 820000.9,
                                                        "Plan Rows": 1,
                                                        "Plan Width": 4,
                                                        "Actual Startup Time": 721.224,
                                                        "Actual Total Time": 735.687,
                                                        "Actual Rows": 0,
                                                        "Actual Loops": 5,
                                                        "Inner Unique": false,
                                                        "Workers": [],
                                                        "Plans": [
                                                            {
                                                                "Node Type": "Hash Join",
                                                                "Parent Relationship": "Outer",
                                                                "Parallel Aware": true,
                                                                "Async Capable": false,
                                                                "Join Type": "Inner",
                                                                "Startup Cost": 599049.52,
                                                                "Total Cost": 819998.48,
                                                                "Plan Rows": 1,
                                                                "Plan Width": 8,
                                                                "Actual Startup Time": 721.219,
                                                                "Actual Total Time": 735.681,
                                                                "Actual Rows": 0,
                                                                "Actual Loops": 5,
                                                                "Inner Unique": false,
                                                                "Hash Cond": "(mi2.movie_id = t.id)",
                                                                "Workers": [],
                                                                "Plans": [
                                                                    {
                                                                        "Node Type": "Seq Scan",
                                                                        "Parent Relationship": "Outer",
                                                                        "Parallel Aware": true,
                                                                        "Async Capable": false,
                                                                        "Relation Name": "movie_info",
                                                                        "Alias": "mi2",
                                                                        "Startup Cost": 0.0,
                                                                        "Total Cost": 220904.71,
                                                                        "Plan Rows": 11797,
                                                                        "Plan Width": 8,
                                                                        "Actual Startup Time": 47.906,
                                                                        "Actual Total Time": 125.755,
                                                                        "Actual Rows": 108661,
                                                                        "Actual Loops": 5,
                                                                        "Filter": "((info_type_id = 7) AND (info = ANY ('{LAB:DeLuxe,MET:,\"OFM:35 mm\",OFM:Video,\"RAT:1.33 : 1\",\"RAT:2.35 : 1\"}'::text[])))",
                                                                        "Rows Removed by Filter": 2858483,
                                                                        "Workers": []
                                                                    },
                                                                    {
                                                                        "Node Type": "Hash",
                                                                        "Parent Relationship": "Inner",
                                                                        "Parallel Aware": true,
                                                                        "Async Capable": false,
                                                                        "Startup Cost": 599049.51,
                                                                        "Total Cost": 599049.51,
                                                                        "Plan Rows": 1,
                                                                        "Plan Width": 16,
                                                                        "Actual Startup Time": 606.926,
                                                                        "Actual Total Time": 606.934,
                                                                        "Actual Rows": 0,
                                                                        "Actual Loops": 5,
                                                                        "Hash Buckets": 1024,
                                                                        "Original Hash Buckets": 1024,
                                                                        "Hash Batches": 1,
                                                                        "Original Hash Batches": 1,
                                                                        "Peak Memory Usage": 40,
                                                                        "Workers": [],
                                                                        "Plans": [
                                                                            {
                                                                                "Node Type": "Nested Loop",
                                                                                "Parent Relationship": "Outer",
                                                                                "Parallel Aware": false,
                                                                                "Async Capable": false,
                                                                                "Join Type": "Inner",
                                                                                "Startup Cost": 385538.52,
                                                                                "Total Cost": 599049.51,
                                                                                "Plan Rows": 1,
                                                                                "Plan Width": 16,
                                                                                "Actual Startup Time": 583.605,
                                                                                "Actual Total Time": 606.912,
                                                                                "Actual Rows": 0,
                                                                                "Actual Loops": 5,
                                                                                "Inner Unique": false,
                                                                                "Workers": [],
                                                                                "Plans": [
                                                                                    {
                                                                                        "Node Type": "Nested Loop",
                                                                                        "Parent Relationship": "Outer",
                                                                                        "Parallel Aware": false,
                                                                                        "Async Capable": false,
                                                                                        "Join Type": "Inner",
                                                                                        "Startup Cost": 385538.52,
                                                                                        "Total Cost": 599047.09,
                                                                                        "Plan Rows": 1,
                                                                                        "Plan Width": 20,
                                                                                        "Actual Startup Time": 583.604,
                                                                                        "Actual Total Time": 606.909,
                                                                                        "Actual Rows": 0,
                                                                                        "Actual Loops": 5,
                                                                                        "Inner Unique": true,
                                                                                        "Join Filter": "(t.kind_id = kt.id)",
                                                                                        "Rows Removed by Join Filter": 0,
                                                                                        "Workers": [],
                                                                                        "Plans": [
                                                                                            {
                                                                                                "Node Type": "Hash Join",
                                                                                                "Parent Relationship": "Outer",
                                                                                                "Parallel Aware": true,
                                                                                                "Async Capable": false,
                                                                                                "Join Type": "Inner",
                                                                                                "Startup Cost": 385538.52,
                                                                                                "Total Cost": 599045.89,
                                                                                                "Plan Rows": 1,
                                                                                                "Plan Width": 24,
                                                                                                "Actual Startup Time": 583.601,
                                                                                                "Actual Total Time": 606.905,
                                                                                                "Actual Rows": 0,
                                                                                                "Actual Loops": 5,
                                                                                                "Inner Unique": false,
                                                                                                "Hash Cond": "(mi1.movie_id = t.id)",
                                                                                                "Workers": [],
                                                                                                "Plans": [
                                                                                                    {
                                                                                                        "Node Type": "Seq Scan",
                                                                                                        "Parent Relationship": "Outer",
                                                                                                        "Parallel Aware": true,
                                                                                                        "Async Capable": false,
                                                                                                        "Relation Name": "movie_info",
                                                                                                        "Alias": "mi1",
                                                                                                        "Startup Cost": 0.03,
                                                                                                        "Total Cost": 213497.64,
                                                                                                        "Plan Rows": 2598,
                                                                                                        "Plan Width": 8,
                                                                                                        "Actual Startup Time": 9.765,
                                                                                                        "Actual Total Time": 130.564,
                                                                                                        "Actual Rows": 28778,
                                                                                                        "Actual Loops": 5,
                                                                                                        "Filter": "((info_type_id = 8) AND (info = ANY ('{Albania,Czechoslovakia,Egypt,Hungary,Italy,Japan,Mexico,Philippines,Sweden,Switzerland}'::text[])))",
                                                                                                        "Rows Removed by Filter": 2938366,
                                                                                                        "Workers": []
                                                                                                    },
                                                                                                    {
                                                                                                        "Node Type": "Hash",
                                                                                                        "Parent Relationship": "Inner",
                                                                                                        "Parallel Aware": true,
                                                                                                        "Async Capable": false,
                                                                                                        "Startup Cost": 385538.24,
                                                                                                        "Total Cost": 385538.24,
                                                                                                        "Plan Rows": 20,
                                                                                                        "Plan Width": 16,
                                                                                                        "Actual Startup Time": 475.515,
                                                                                                        "Actual Total Time": 475.52,
                                                                                                        "Actual Rows": 39,
                                                                                                        "Actual Loops": 5,
                                                                                                        "Hash Buckets": 1024,
                                                                                                        "Original Hash Buckets": 1024,
                                                                                                        "Hash Batches": 1,
                                                                                                        "Original Hash Batches": 1,
                                                                                                        "Peak Memory Usage": 168,
                                                                                                        "Workers": [],
                                                                                                        "Plans": [
                                                                                                            {
                                                                                                                "Node Type": "Hash Join",
                                                                                                                "Parent Relationship": "Outer",
                                                                                                                "Parallel Aware": false,
                                                                                                                "Async Capable": false,
                                                                                                                "Join Type": "Inner",
                                                                                                                "Startup Cost": 56553.8,
                                                                                                                "Total Cost": 385538.24,
                                                                                                                "Plan Rows": 20,
                                                                                                                "Plan Width": 16,
                                                                                                                "Actual Startup Time": 63.449,
                                                                                                                "Actual Total Time": 475.491,
                                                                                                                "Actual Rows": 39,
                                                                                                                "Actual Loops": 5,
                                                                                                                "Inner Unique": true,
                                                                                                                "Hash Cond": "(ci.role_id = rt.id)",
                                                                                                                "Workers": [],
                                                                                                                "Plans": [
                                                                                                                    {
                                                                                                                        "Node Type": "Hash Join",
                                                                                                                        "Parent Relationship": "Outer",
                                                                                                                        "Parallel Aware": true,
                                                                                                                        "Async Capable": false,
                                                                                                                        "Join Type": "Inner",
                                                                                                                        "Startup Cost": 56552.59,
                                                                                                                        "Total Cost": 385536.76,
                                                                                                                        "Plan Rows": 79,
                                                                                                                        "Plan Width": 20,
                                                                                                                        "Actual Startup Time": 33.217,
                                                                                                                        "Actual Total Time": 475.447,
                                                                                                                        "Actual Rows": 364,
                                                                                                                        "Actual Loops": 5,
                                                                                                                        "Inner Unique": true,
                                                                                                                        "Hash Cond": "(ci.movie_id = t.id)",
                                                                                                                        "Workers": [],
                                                                                                                        "Plans": [
                                                                                                                            {
                                                                                                                                "Node Type": "Seq Scan",
                                                                                                                                "Parent Relationship": "Outer",
                                                                                                                                "Parallel Aware": true,
                                                                                                                                "Async Capable": false,
                                                                                                                                "Relation Name": "cast_info",
                                                                                                                                "Alias": "ci",
                                                                                                                                "Startup Cost": 0.0,
                                                                                                                                "Total Cost": 313127.24,
                                                                                                                                "Plan Rows": 6040724,
                                                                                                                                "Plan Width": 12,
                                                                                                                                "Actual Startup Time": 0.02,
                                                                                                                                "Actual Total Time": 224.932,
                                                                                                                                "Actual Rows": 7248869,
                                                                                                                                "Actual Loops": 5,
                                                                                                                                "Workers": []
                                                                                                                            },
                                                                                                                            {
                                                                                                                                "Node Type": "Hash",
                                                                                                                                "Parent Relationship": "Inner",
                                                                                                                                "Parallel Aware": true,
                                                                                                                                "Async Capable": false,
                                                                                                                                "Startup Cost": 56552.49,
                                                                                                                                "Total Cost": 56552.49,
                                                                                                                                "Plan Rows": 8,
                                                                                                                                "Plan Width": 8,
                                                                                                                                "Actual Startup Time": 31.177,
                                                                                                                                "Actual Total Time": 31.178,
                                                                                                                                "Actual Rows": 18,
                                                                                                                                "Actual Loops": 5,
                                                                                                                                "Hash Buckets": 1024,
                                                                                                                                "Original Hash Buckets": 1024,
                                                                                                                                "Hash Batches": 1,
                                                                                                                                "Original Hash Batches": 1,
                                                                                                                                "Peak Memory Usage": 168,
                                                                                                                                "Workers": [],
                                                                                                                                "Plans": [
                                                                                                                                    {
                                                                                                                                        "Node Type": "Seq Scan",
                                                                                                                                        "Parent Relationship": "Outer",
                                                                                                                                        "Parallel Aware": true,
                                                                                                                                        "Async Capable": false,
                                                                                                                                        "Relation Name": "title",
                                                                                                                                        "Alias": "t",
                                                                                                                                        "Startup Cost": 0.0,
                                                                                                                                        "Total Cost": 56552.49,
                                                                                                                                        "Plan Rows": 8,
                                                                                                                                        "Plan Width": 8,
                                                                                                                                        "Actual Startup Time": 1.952,
                                                                                                                                        "Actual Total Time": 31.133,
                                                                                                                                        "Actual Rows": 18,
                                                                                                                                        "Actual Loops": 5,
                                                                                                                                        "Filter": "((production_year <= 1975) AND (production_year >= 1925) AND (title = ANY ('{(#1.104),\"Androcles and the Lion\",\"Annie Get Your Gun\",\"Chûkon giretsu - Jitsuroku Chûshingura\",\"Devils Island\",\"Is There Sex After Death?\",\"Monte Carlo\",\"Mr. District Attorney\",\"Sea Devils\",Survival,\"The French Line\",\"The Wrong Man\",\"Treasure Hunt\",\"Winged Victory\"}'::text[])))",
                                                                                                                                        "Rows Removed by Filter": 505644,
                                                                                                                                        "Workers": []
                                                                                                                                    }
                                                                                                                                ]
                                                                                                                            }
                                                                                                                        ]
                                                                                                                    },
                                                                                                                    {
                                                                                                                        "Node Type": "Hash",
                                                                                                                        "Parent Relationship": "Inner",
                                                                                                                        "Parallel Aware": false,
                                                                                                                        "Async Capable": false,
                                                                                                                        "Startup Cost": 1.17,
                                                                                                                        "Total Cost": 1.17,
                                                                                                                        "Plan Rows": 3,
                                                                                                                        "Plan Width": 4,
                                                                                                                        "Actual Startup Time": 0.009,
                                                                                                                        "Actual Total Time": 0.009,
                                                                                                                        "Actual Rows": 3,
                                                                                                                        "Actual Loops": 5,
                                                                                                                        "Hash Buckets": 1024,
                                                                                                                        "Original Hash Buckets": 1024,
                                                                                                                        "Hash Batches": 1,
                                                                                                                        "Original Hash Batches": 1,
                                                                                                                        "Peak Memory Usage": 9,
                                                                                                                        "Workers": [],
                                                                                                                        "Plans": [
                                                                                                                            {
                                                                                                                                "Node Type": "Seq Scan",
                                                                                                                                "Parent Relationship": "Outer",
                                                                                                                                "Parallel Aware": false,
                                                                                                                                "Async Capable": false,
                                                                                                                                "Relation Name": "role_type",
                                                                                                                                "Alias": "rt",
                                                                                                                                "Startup Cost": 0.0,
                                                                                                                                "Total Cost": 1.17,
                                                                                                                                "Plan Rows": 3,
                                                                                                                                "Plan Width": 4,
                                                                                                                                "Actual Startup Time": 0.006,
                                                                                                                                "Actual Total Time": 0.007,
                                                                                                                                "Actual Rows": 3,
                                                                                                                                "Actual Loops": 5,
                                                                                                                                "Filter": "((role)::text = ANY ('{composer,director,producer}'::text[]))",
                                                                                                                                "Rows Removed by Filter": 9,
                                                                                                                                "Workers": []
                                                                                                                            }
                                                                                                                        ]
                                                                                                                    }
                                                                                                                ]
                                                                                                            }
                                                                                                        ]
                                                                                                    }
                                                                                                ]
                                                                                            },
                                                                                            {
                                                                                                "Node Type": "Seq Scan",
                                                                                                "Parent Relationship": "Inner",
                                                                                                "Parallel Aware": false,
                                                                                                "Async Capable": false,
                                                                                                "Relation Name": "kind_type",
                                                                                                "Alias": "kt",
                                                                                                "Startup Cost": 0.0,
                                                                                                "Total Cost": 1.12,
                                                                                                "Plan Rows": 6,
                                                                                                "Plan Width": 4,
                                                                                                "Actual Startup Time": 0.004,
                                                                                                "Actual Total Time": 0.004,
                                                                                                "Actual Rows": 1,
                                                                                                "Actual Loops": 2,
                                                                                                "Filter": "((kind)::text = ANY ('{episode,movie,\"tv movie\",\"tv series\",\"video game\",\"video movie\"}'::text[]))",
                                                                                                "Rows Removed by Filter": 0,
                                                                                                "Workers": []
                                                                                            }
                                                                                        ]
                                                                                    },
                                                                                    {
                                                                                        "Node Type": "Seq Scan",
                                                                                        "Parent Relationship": "Inner",
                                                                                        "Parallel Aware": false,
                                                                                        "Async Capable": false,
                                                                                        "Relation Name": "info_type",
                                                                                        "Alias": "it1",
                                                                                        "Startup Cost": 0.0,
                                                                                        "Total Cost": 2.41,
                                                                                        "Plan Rows": 1,
                                                                                        "Plan Width": 4,
                                                                                        "Actual Startup Time": 0.002,
                                                                                        "Actual Total Time": 0.004,
                                                                                        "Actual Rows": 1,
                                                                                        "Actual Loops": 2,
                                                                                        "Filter": "(id = 8)",
                                                                                        "Rows Removed by Filter": 112,
                                                                                        "Workers": []
                                                                                    }
                                                                                ]
                                                                            }
                                                                        ]
                                                                    }
                                                                ]
                                                            },
                                                            {
                                                                "Node Type": "Seq Scan",
                                                                "Parent Relationship": "Inner",
                                                                "Parallel Aware": false,
                                                                "Async Capable": false,
                                                                "Relation Name": "info_type",
                                                                "Alias": "it2",
                                                                "Startup Cost": 0.0,
                                                                "Total Cost": 2.41,
                                                                "Plan Rows": 1,
                                                                "Plan Width": 4,
                                                                "Actual Startup Time": 0.009,
                                                                "Actual Total Time": 0.011,
                                                                "Actual Rows": 1,
                                                                "Actual Loops": 2,
                                                                "Filter": "(id = 7)",
                                                                "Rows Removed by Filter": 112,
                                                                "Workers": []
                                                            }
                                                        ]
                                                    }
                                                ]
                                            }
                                        ]
                                    }
                                ]
                            }
                        ]
                    },
                    "Planning Time": 1.422,
                    "Triggers": [],
                    "Execution Time": 819.572
                }
            ],
            "hints": [
                "SET enable_hashjoin TO on",
                "SET enable_indexonlyscan TO on",
                "SET enable_indexscan TO off",
                "SET enable_mergejoin TO off",
                "SET enable_nestloop TO on",
                "SET enable_seqscan TO on"
            ]
        },
        {
            "arm": 3,
            "execution_time": 3631.471,
            "plan": [
                {
                    "Plan": {
                        "Node Type": "Aggregate",
                        "Strategy": "Plain",
                        "Partial Mode": "Simple",
                        "Parallel Aware": false,
                        "Async Capable": false,
                        "Startup Cost": 20001866236.09,
                        "Total Cost": 20001866236.1,
                        "Plan Rows": 1,
                        "Plan Width": 8,
                        "Actual Startup Time": 3631.41,
                        "Actual Total Time": 3631.422,
                        "Actual Rows": 1,
                        "Actual Loops": 1,
                        "Plans": [
                            {
                                "Node Type": "Hash Join",
                                "Parent Relationship": "Outer",
                                "Parallel Aware": false,
                                "Async Capable": false,
                                "Join Type": "Inner",
                                "Startup Cost": 20001408080.77,
                                "Total Cost": 20001866236.08,
                                "Plan Rows": 2,
                                "Plan Width": 0,
                                "Actual Startup Time": 3308.859,
                                "Actual Total Time": 3631.415,
                                "Actual Rows": 2,
                                "Actual Loops": 1,
                                "Inner Unique": true,
                                "Hash Cond": "(ci.role_id = rt.id)",
                                "Plans": [
                                    {
                                        "Node Type": "Nested Loop",
                                        "Parent Relationship": "Outer",
                                        "Parallel Aware": false,
                                        "Async Capable": false,
                                        "Join Type": "Inner",
                                        "Startup Cost": 20001408079.57,
                                        "Total Cost": 20001866234.84,
                                        "Plan Rows": 9,
                                        "Plan Width": 4,
                                        "Actual Startup Time": 3308.84,
                                        "Actual Total Time": 3631.395,
                                        "Actual Rows": 89,
                                        "Actual Loops": 1,
                                        "Inner Unique": false,
                                        "Plans": [
                                            {
                                                "Node Type": "Hash Join",
                                                "Parent Relationship": "Outer",
                                                "Parallel Aware": false,
                                                "Async Capable": false,
                                                "Join Type": "Inner",
                                                "Startup Cost": 10001408079.57,
                                                "Total Cost": 10001866232.32,
                                                "Plan Rows": 9,
                                                "Plan Width": 8,
                                                "Actual Startup Time": 3308.829,
                                                "Actual Total Time": 3631.37,
                                                "Actual Rows": 89,
                                                "Actual Loops": 1,
                                                "Inner Unique": false,
                                                "Hash Cond": "(mi2.movie_id = t.id)",
                                                "Plans": [
                                                    {
                                                        "Node Type": "Seq Scan",
                                                        "Parent Relationship": "Outer",
                                                        "Parallel Aware": false,
                                                        "Async Capable": false,
                                                        "Relation Name": "movie_info",
                                                        "Alias": "mi2",
                                                        "Startup Cost": 0.0,
                                                        "Total Cost": 457931.54,
                                                        "Plan Rows": 58986,
                                                        "Plan Width": 8,
                                                        "Actual Startup Time": 210.952,
                                                        "Actual Total Time": 560.591,
                                                        "Actual Rows": 543303,
                                                        "Actual Loops": 1,
                                                        "Filter": "((info_type_id = 7) AND (info = ANY ('{LAB:DeLuxe,MET:,\"OFM:35 mm\",OFM:Video,\"RAT:1.33 : 1\",\"RAT:2.35 : 1\"}'::text[])))",
                                                        "Rows Removed by Filter": 14292417
                                                    },
                                                    {
                                                        "Node Type": "Hash",
                                                        "Parent Relationship": "Inner",
                                                        "Parallel Aware": false,
                                                        "Async Capable": false,
                                                        "Startup Cost": 10001408079.46,
                                                        "Total Cost": 10001408079.46,
                                                        "Plan Rows": 9,
                                                        "Plan Width": 16,
                                                        "Actual Startup Time": 3056.839,
                                                        "Actual Total Time": 3056.847,
                                                        "Actual Rows": 89,
                                                        "Actual Loops": 1,
                                                        "Hash Buckets": 1024,
                                                        "Original Hash Buckets": 1024,
                                                        "Hash Batches": 1,
                                                        "Original Hash Batches": 1,
                                                        "Peak Memory Usage": 13,
                                                        "Plans": [
                                                            {
                                                                "Node Type": "Hash Join",
                                                                "Parent Relationship": "Outer",
                                                                "Parallel Aware": false,
                                                                "Async Capable": false,
                                                                "Join Type": "Inner",
                                                                "Startup Cost": 10001290611.71,
                                                                "Total Cost": 10001408079.46,
                                                                "Plan Rows": 9,
                                                                "Plan Width": 16,
                                                                "Actual Startup Time": 2785.684,
                                                                "Actual Total Time": 3056.834,
                                                                "Actual Rows": 89,
                                                                "Actual Loops": 1,
                                                                "Inner Unique": false,
                                                                "Hash Cond": "(n.id = ci.person_id)",
                                                                "Plans": [
                                                                    {
                                                                        "Node Type": "Seq Scan",
                                                                        "Parent Relationship": "Outer",
                                                                        "Parallel Aware": false,
                                                                        "Async Capable": false,
                                                                        "Relation Name": "name",
                                                                        "Alias": "n",
                                                                        "Startup Cost": 0.0,
                                                                        "Total Cost": 107749.64,
                                                                        "Plan Rows": 2591471,
                                                                        "Plan Width": 4,
                                                                        "Actual Startup Time": 0.004,
                                                                        "Actual Total Time": 190.514,
                                                                        "Actual Rows": 3205936,
                                                                        "Actual Loops": 1,
                                                                        "Filter": "(((gender)::text = 'm'::text) OR (gender IS NULL))",
                                                                        "Rows Removed by Filter": 961555
                                                                    },
                                                                    {
                                                                        "Node Type": "Hash",
                                                                        "Parent Relationship": "Inner",
                                                                        "Parallel Aware": false,
                                                                        "Async Capable": false,
                                                                        "Startup Cost": 10001290611.54,
                                                                        "Total Cost": 10001290611.54,
                                                                        "Plan Rows": 14,
                                                                        "Plan Width": 20,
                                                                        "Actual Startup Time": 2784.245,
                                                                        "Actual Total Time": 2784.252,
                                                                        "Actual Rows": 104,
                                                                        "Actual Loops": 1,
                                                                        "Hash Buckets": 1024,
                                                                        "Original Hash Buckets": 1024,
                                                                        "Hash Batches": 1,
                                                                        "Original Hash Batches": 1,
                                                                        "Peak Memory Usage": 14,
                                                                        "Plans": [
                                                                            {
                                                                                "Node Type": "Hash Join",
                                                                                "Parent Relationship": "Outer",
                                                                                "Parallel Aware": false,
                                                                                "Async Capable": false,
                                                                                "Join Type": "Inner",
                                                                                "Startup Cost": 10000539531.67,
                                                                                "Total Cost": 10001290611.54,
                                                                                "Plan Rows": 14,
                                                                                "Plan Width": 20,
                                                                                "Actual Startup Time": 756.866,
                                                                                "Actual Total Time": 2784.226,
                                                                                "Actual Rows": 104,
                                                                                "Actual Loops": 1,
                                                                                "Inner Unique": false,
                                                                                "Hash Cond": "(ci.movie_id = t.id)",
                                                                                "Plans": [
                                                                                    {
                                                                                        "Node Type": "Seq Scan",
                                                                                        "Parent Relationship": "Outer",
                                                                                        "Parallel Aware": false,
                                                                                        "Async Capable": false,
                                                                                        "Relation Name": "cast_info",
                                                                                        "Alias": "ci",
                                                                                        "Startup Cost": 0.0,
                                                                                        "Total Cost": 615163.44,
                                                                                        "Plan Rows": 36244344,
                                                                                        "Plan Width": 12,
                                                                                        "Actual Startup Time": 0.005,
                                                                                        "Actual Total Time": 1086.25,
                                                                                        "Actual Rows": 36244344,
                                                                                        "Actual Loops": 1
                                                                                    },
                                                                                    {
                                                                                        "Node Type": "Hash",
                                                                                        "Parent Relationship": "Inner",
                                                                                        "Parallel Aware": false,
                                                                                        "Async Capable": false,
                                                                                        "Startup Cost": 10000539531.65,
                                                                                        "Total Cost": 10000539531.65,
                                                                                        "Plan Rows": 1,
                                                                                        "Plan Width": 8,
                                                                                        "Actual Startup Time": 673.037,
                                                                                        "Actual Total Time": 673.042,
                                                                                        "Actual Rows": 1,
                                                                                        "Actual Loops": 1,
                                                                                        "Hash Buckets": 1024,
                                                                                        "Original Hash Buckets": 1024,
                                                                                        "Hash Batches": 1,
                                                                                        "Original Hash Batches": 1,
                                                                                        "Peak Memory Usage": 9,
                                                                                        "Plans": [
                                                                                            {
                                                                                                "Node Type": "Hash Join",
                                                                                                "Parent Relationship": "Outer",
                                                                                                "Parallel Aware": false,
                                                                                                "Async Capable": false,
                                                                                                "Join Type": "Inner",
                                                                                                "Startup Cost": 10000421224.53,
                                                                                                "Total Cost": 10000539531.65,
                                                                                                "Plan Rows": 1,
                                                                                                "Plan Width": 8,
                                                                                                "Actual Startup Time": 633.902,
                                                                                                "Actual Total Time": 673.039,
                                                                                                "Actual Rows": 1,
                                                                                                "Actual Loops": 1,
                                                                                                "Inner Unique": false,
                                                                                                "Hash Cond": "(t.id = mi1.movie_id)",
                                                                                                "Plans": [
                                                                                                    {
                                                                                                        "Node Type": "Hash Join",
                                                                                                        "Parent Relationship": "Outer",
                                                                                                        "Parallel Aware": false,
                                                                                                        "Async Capable": false,
                                                                                                        "Join Type": "Inner",
                                                                                                        "Startup Cost": 1.2,
                                                                                                        "Total Cost": 118187.31,
                                                                                                        "Plan Rows": 28,
                                                                                                        "Plan Width": 4,
                                                                                                        "Actual Startup Time": 0.835,
                                                                                                        "Actual Total Time": 120.443,
                                                                                                        "Actual Rows": 91,
                                                                                                        "Actual Loops": 1,
                                                                                                        "Inner Unique": true,
                                                                                                        "Hash Cond": "(t.kind_id = kt.id)",
                                                                                                        "Plans": [
                                                                                                            {
                                                                                                                "Node Type": "Seq Scan",
                                                                                                                "Parent Relationship": "Outer",
                                                                                                                "Parallel Aware": false,
                                                                                                                "Async Capable": false,
                                                                                                                "Relation Name": "title",
                                                                                                                "Alias": "t",
                                                                                                                "Startup Cost": 0.0,
                                                                                                                "Total Cost": 118185.97,
                                                                                                                "Plan Rows": 33,
                                                                                                                "Plan Width": 8,
                                                                                                                "Actual Startup Time": 0.827,
                                                                                                                "Actual Total Time": 120.415,
                                                                                                                "Actual Rows": 91,
                                                                                                                "Actual Loops": 1,
                                                                                                                "Filter": "((production_year <= 1975) AND (production_year >= 1925) AND (title = ANY ('{(#1.104),\"Androcles and the Lion\",\"Annie Get Your Gun\",\"Chûkon giretsu - Jitsuroku Chûshingura\",\"Devils Island\",\"Is There Sex After Death?\",\"Monte Carlo\",\"Mr. District Attorney\",\"Sea Devils\",Survival,\"The French Line\",\"The Wrong Man\",\"Treasure Hunt\",\"Winged Victory\"}'::text[])))",
                                                                                                                "Rows Removed by Filter": 2528221
                                                                                                            },
                                                                                                            {
                                                                                                                "Node Type": "Hash",
                                                                                                                "Parent Relationship": "Inner",
                                                                                                                "Parallel Aware": false,
                                                                                                                "Async Capable": false,
                                                                                                                "Startup Cost": 1.12,
                                                                                                                "Total Cost": 1.12,
                                                                                                                "Plan Rows": 6,
                                                                                                                "Plan Width": 4,
                                                                                                                "Actual Startup Time": 0.005,
                                                                                                                "Actual Total Time": 0.006,
                                                                                                                "Actual Rows": 6,
                                                                                                                "Actual Loops": 1,
                                                                                                                "Hash Buckets": 1024,
                                                                                                                "Original Hash Buckets": 1024,
                                                                                                                "Hash Batches": 1,
                                                                                                                "Original Hash Batches": 1,
                                                                                                                "Peak Memory Usage": 9,
                                                                                                                "Plans": [
                                                                                                                    {
                                                                                                                        "Node Type": "Seq Scan",
                                                                                                                        "Parent Relationship": "Outer",
                                                                                                                        "Parallel Aware": false,
                                                                                                                        "Async Capable": false,
                                                                                                                        "Relation Name": "kind_type",
                                                                                                                        "Alias": "kt",
                                                                                                                        "Startup Cost": 0.0,
                                                                                                                        "Total Cost": 1.12,
                                                                                                                        "Plan Rows": 6,
                                                                                                                        "Plan Width": 4,
                                                                                                                        "Actual Startup Time": 0.003,
                                                                                                                        "Actual Total Time": 0.004,
                                                                                                                        "Actual Rows": 6,
                                                                                                                        "Actual Loops": 1,
                                                                                                                        "Filter": "((kind)::text = ANY ('{episode,movie,\"tv movie\",\"tv series\",\"video game\",\"video movie\"}'::text[]))",
                                                                                                                        "Rows Removed by Filter": 1
                                                                                                                    }
                                                                                                                ]
                                                                                                            }
                                                                                                        ]
                                                                                                    },
                                                                                                    {
                                                                                                        "Node Type": "Hash",
                                                                                                        "Parent Relationship": "Inner",
                                                                                                        "Parallel Aware": false,
                                                                                                        "Async Capable": false,
                                                                                                        "Startup Cost": 10000421060.94,
                                                                                                        "Total Cost": 10000421060.94,
                                                                                                        "Plan Rows": 12992,
                                                                                                        "Plan Width": 4,
                                                                                                        "Actual Startup Time": 552.562,
                                                                                                        "Actual Total Time": 552.564,
                                                                                                        "Actual Rows": 143888,
                                                                                                        "Actual Loops": 1,
                                                                                                        "Hash Buckets": 262144,
                                                                                                        "Original Hash Buckets": 16384,
                                                                                                        "Hash Batches": 1,
                                                                                                        "Original Hash Batches": 1,
                                                                                                        "Peak Memory Usage": 7107,
                                                                                                        "Plans": [
                                                                                                            {
                                                                                                                "Node Type": "Nested Loop",
                                                                                                                "Parent Relationship": "Outer",
                                                                                                                "Parallel Aware": false,
                                                                                                                "Async Capable": false,
                                                                                                                "Join Type": "Inner",
                                                                                                                "Startup Cost": 10000000000.02,
                                                                                                                "Total Cost": 10000421060.94,
                                                                                                                "Plan Rows": 12992,
                                                                                                                "Plan Width": 4,
                                                                                                                "Actual Startup Time": 330.342,
                                                                                                                "Actual Total Time": 545.705,
                                                                                                                "Actual Rows": 143888,
                                                                                                                "Actual Loops": 1,
                                                                                                                "Inner Unique": false,
                                                                                                                "Plans": [
                                                                                                                    {
                                                                                                                        "Node Type": "Seq Scan",
                                                                                                                        "Parent Relationship": "Outer",
                                                                                                                        "Parallel Aware": false,
                                                                                                                        "Async Capable": false,
                                                                                                                        "Relation Name": "movie_info",
                                                                                                                        "Alias": "mi1",
                                                                                                                        "Startup Cost": 0.03,
                                                                                                                        "Total Cost": 420896.12,
                                                                                                                        "Plan Rows": 12992,
                                                                                                                        "Plan Width": 8,
                                                                                                                        "Actual Startup Time": 330.332,
                                                                                                                        "Actual Total Time": 527.718,
                                                                                                                        "Actual Rows": 143888,
                                                                                                                        "Actual Loops": 1,
                                                                                                                        "Filter": "((info_type_id = 8) AND (info = ANY ('{Albania,Czechoslovakia,Egypt,Hungary,Italy,Japan,Mexico,Philippines,Sweden,Switzerland}'::text[])))",
                                                                                                                        "Rows Removed by Filter": 14691832
                                                                                                                    },
                                                                                                                    {
                                                                                                                        "Node Type": "Materialize",
                                                                                                                        "Parent Relationship": "Inner",
                                                                                                                        "Parallel Aware": false,
                                                                                                                        "Async Capable": false,
                                                                                                                        "Startup Cost": 0.0,
                                                                                                                        "Total Cost": 2.42,
                                                                                                                        "Plan Rows": 1,
                                                                                                                        "Plan Width": 4,
                                                                                                                        "Actual Startup Time": 0.0,
                                                                                                                        "Actual Total Time": 0.0,
                                                                                                                        "Actual Rows": 1,
                                                                                                                        "Actual Loops": 143888,
                                                                                                                        "Plans": [
                                                                                                                            {
                                                                                                                                "Node Type": "Seq Scan",
                                                                                                                                "Parent Relationship": "Outer",
                                                                                                                                "Parallel Aware": false,
                                                                                                                                "Async Capable": false,
                                                                                                                                "Relation Name": "info_type",
                                                                                                                                "Alias": "it1",
                                                                                                                                "Startup Cost": 0.0,
                                                                                                                                "Total Cost": 2.41,
                                                                                                                                "Plan Rows": 1,
                                                                                                                                "Plan Width": 4,
                                                                                                                                "Actual Startup Time": 0.004,
                                                                                                                                "Actual Total Time": 0.006,
                                                                                                                                "Actual Rows": 1,
                                                                                                                                "Actual Loops": 1,
                                                                                                                                "Filter": "(id = 8)",
                                                                                                                                "Rows Removed by Filter": 112
                                                                                                                            }
                                                                                                                        ]
                                                                                                                    }
                                                                                                                ]
                                                                                                            }
                                                                                                        ]
                                                                                                    }
                                                                                                ]
                                                                                            }
                                                                                        ]
                                                                                    }
                                                                                ]
                                                                            }
                                                                        ]
                                                                    }
                                                                ]
                                                            }
                                                        ]
                                                    }
                                                ]
                                            },
                                            {
                                                "Node Type": "Materialize",
                                                "Parent Relationship": "Inner",
                                                "Parallel Aware": false,
                                                "Async Capable": false,
                                                "Startup Cost": 0.0,
                                                "Total Cost": 2.42,
                                                "Plan Rows": 1,
                                                "Plan Width": 4,
                                                "Actual Startup Time": 0.0,
                                                "Actual Total Time": 0.0,
                                                "Actual Rows": 1,
                                                "Actual Loops": 89,
                                                "Plans": [
                                                    {
                                                        "Node Type": "Seq Scan",
                                                        "Parent Relationship": "Outer",
                                                        "Parallel Aware": false,
                                                        "Async Capable": false,
                                                        "Relation Name": "info_type",
                                                        "Alias": "it2",
                                                        "Startup Cost": 0.0,
                                                        "Total Cost": 2.41,
                                                        "Plan Rows": 1,
                                                        "Plan Width": 4,
                                                        "Actual Startup Time": 0.006,
                                                        "Actual Total Time": 0.008,
                                                        "Actual Rows": 1,
                                                        "Actual Loops": 1,
                                                        "Filter": "(id = 7)",
                                                        "Rows Removed by Filter": 112
                                                    }
                                                ]
                                            }
                                        ]
                                    },
                                    {
                                        "Node Type": "Hash",
                                        "Parent Relationship": "Inner",
                                        "Parallel Aware": false,
                                        "Async Capable": false,
                                        "Startup Cost": 1.17,
                                        "Total Cost": 1.17,
                                        "Plan Rows": 3,
                                        "Plan Width": 4,
                                        "Actual Startup Time": 0.011,
                                        "Actual Total Time": 0.012,
                                        "Actual Rows": 3,
                                        "Actual Loops": 1,
                                        "Hash Buckets": 1024,
                                        "Original Hash Buckets": 1024,
                                        "Hash Batches": 1,
                                        "Original Hash Batches": 1,
                                        "Peak Memory Usage": 9,
                                        "Plans": [
                                            {
                                                "Node Type": "Seq Scan",
                                                "Parent Relationship": "Outer",
                                                "Parallel Aware": false,
                                                "Async Capable": false,
                                                "Relation Name": "role_type",
                                                "Alias": "rt",
                                                "Startup Cost": 0.0,
                                                "Total Cost": 1.17,
                                                "Plan Rows": 3,
                                                "Plan Width": 4,
                                                "Actual Startup Time": 0.008,
                                                "Actual Total Time": 0.009,
                                                "Actual Rows": 3,
                                                "Actual Loops": 1,
                                                "Filter": "((role)::text = ANY ('{composer,director,producer}'::text[]))",
                                                "Rows Removed by Filter": 9
                                            }
                                        ]
                                    }
                                ]
                            }
                        ]
                    },
                    "Planning Time": 1.618,
                    "Triggers": [],
                    "Execution Time": 3631.471
                }
            ],
            "hints": [
                "SET enable_hashjoin TO on",
                "SET enable_indexonlyscan TO on",
                "SET enable_indexscan TO off",
                "SET enable_mergejoin TO off",
                "SET enable_nestloop TO off",
                "SET enable_seqscan TO on"
            ]
        },
        {
            "arm": 4,
            "execution_time": 40.975,
            "plan": [
                {
                    "Plan": {
                        "Node Type": "Aggregate",
                        "Strategy": "Plain",
                        "Partial Mode": "Simple",
                        "Parallel Aware": false,
                        "Async Capable": false,
                        "Startup Cost": 58820.78,
                        "Total Cost": 58820.79,
                        "Plan Rows": 1,
                        "Plan Width": 8,
                        "Actual Startup Time": 35.042,
                        "Actual Total Time": 40.936,
                        "Actual Rows": 1,
                        "Actual Loops": 1,
                        "Plans": [
                            {
                                "Node Type": "Gather",
                                "Parent Relationship": "Outer",
                                "Parallel Aware": false,
                                "Async Capable": false,
                                "Startup Cost": 1003.1,
                                "Total Cost": 58820.77,
                                "Plan Rows": 2,
                                "Plan Width": 0,
                                "Actual Startup Time": 34.76,
                                "Actual Total Time": 40.928,
                                "Actual Rows": 2,
                                "Actual Loops": 1,
                                "Workers Planned": 4,
                                "Workers Launched": 4,
                                "Single Copy": false,
                                "Plans": [
                                    {
                                        "Node Type": "Nested Loop",
                                        "Parent Relationship": "Outer",
                                        "Parallel Aware": false,
                                        "Async Capable": false,
                                        "Join Type": "Inner",
                                        "Startup Cost": 3.1,
                                        "Total Cost": 57820.57,
                                        "Plan Rows": 1,
                                        "Plan Width": 0,
                                        "Actual Startup Time": 30.965,
                                        "Actual Total Time": 32.989,
                                        "Actual Rows": 0,
                                        "Actual Loops": 5,
                                        "Inner Unique": true,
                                        "Workers": [],
                                        "Plans": [
                                            {
                                                "Node Type": "Nested Loop",
                                                "Parent Relationship": "Outer",
                                                "Parallel Aware": false,
                                                "Async Capable": false,
                                                "Join Type": "Inner",
                                                "Startup Cost": 2.67,
                                                "Total Cost": 57818.26,
                                                "Plan Rows": 1,
                                                "Plan Width": 4,
                                                "Actual Startup Time": 30.96,
                                                "Actual Total Time": 32.983,
                                                "Actual Rows": 0,
                                                "Actual Loops": 5,
                                                "Inner Unique": false,
                                                "Workers": [],
                                                "Plans": [
                                                    {
                                                        "Node Type": "Nested Loop",
                                                        "Parent Relationship": "Outer",
                                                        "Parallel Aware": false,
                                                        "Async Capable": false,
                                                        "Join Type": "Inner",
                                                        "Startup Cost": 2.67,
                                                        "Total Cost": 57815.84,
                                                        "Plan Rows": 1,
                                                        "Plan Width": 8,
                                                        "Actual Startup Time": 30.959,
                                                        "Actual Total Time": 32.981,
                                                        "Actual Rows": 0,
                                                        "Actual Loops": 5,
                                                        "Inner Unique": false,
                                                        "Workers": [],
                                                        "Plans": [
                                                            {
                                                                "Node Type": "Nested Loop",
                                                                "Parent Relationship": "Outer",
                                                                "Parallel Aware": false,
                                                                "Async Capable": false,
                                                                "Join Type": "Inner",
                                                                "Startup Cost": 2.67,
                                                                "Total Cost": 57813.42,
                                                                "Plan Rows": 1,
                                                                "Plan Width": 12,
                                                                "Actual Startup Time": 30.955,
                                                                "Actual Total Time": 32.976,
                                                                "Actual Rows": 0,
                                                                "Actual Loops": 5,
                                                                "Inner Unique": false,
                                                                "Join Filter": "(t.id = mi1.movie_id)",
                                                                "Rows Removed by Join Filter": 0,
                                                                "Workers": [],
                                                                "Plans": [
                                                                    {
                                                                        "Node Type": "Nested Loop",
                                                                        "Parent Relationship": "Outer",
                                                                        "Parallel Aware": false,
                                                                        "Async Capable": false,
                                                                        "Join Type": "Inner",
                                                                        "Startup Cost": 2.21,
                                                                        "Total Cost": 57771.52,
                                                                        "Plan Rows": 1,
                                                                        "Plan Width": 20,
                                                                        "Actual Startup Time": 7.491,
                                                                        "Actual Total Time": 32.8,
                                                                        "Actual Rows": 54,
                                                                        "Actual Loops": 5,
                                                                        "Inner Unique": true,
                                                                        "Workers": [],
                                                                        "Plans": [
                                                                            {
                                                                                "Node Type": "Nested Loop",
                                                                                "Parent Relationship": "Outer",
                                                                                "Parallel Aware": false,
                                                                                "Async Capable": false,
                                                                                "Join Type": "Inner",
                                                                                "Startup Cost": 2.07,
                                                                                "Total Cost": 57770.88,
                                                                                "Plan Rows": 4,
                                                                                "Plan Width": 24,
                                                                                "Actual Startup Time": 5.768,
                                                                                "Actual Total Time": 32.608,
                                                                                "Actual Rows": 448,
                                                                                "Actual Loops": 5,
                                                                                "Inner Unique": false,
                                                                                "Join Filter": "(t.id = ci.movie_id)",
                                                                                "Rows Removed by Join Filter": 0,
                                                                                "Workers": [],
                                                                                "Plans": [
                                                                                    {
                                                                                        "Node Type": "Nested Loop",
                                                                                        "Parent Relationship": "Outer",
                                                                                        "Parallel Aware": false,
                                                                                        "Async Capable": false,
                                                                                        "Join Type": "Inner",
                                                                                        "Startup Cost": 1.63,
                                                                                        "Total Cost": 57718.88,
                                                                                        "Plan Rows": 1,
                                                                                        "Plan Width": 12,
                                                                                        "Actual Startup Time": 5.739,
                                                                                        "Actual Total Time": 31.665,
                                                                                        "Actual Rows": 19,
                                                                                        "Actual Loops": 5,
                                                                                        "Inner Unique": false,
                                                                                        "Workers": [],
                                                                                        "Plans": [
                                                                                            {
                                                                                                "Node Type": "Hash Join",
                                                                                                "Parent Relationship": "Outer",
                                                                                                "Parallel Aware": false,
                                                                                                "Async Capable": false,
                                                                                                "Join Type": "Inner",
                                                                                                "Startup Cost": 1.2,
                                                                                                "Total Cost": 56553.72,
                                                                                                "Plan Rows": 7,
                                                                                                "Plan Width": 4,
                                                                                                "Actual Startup Time": 1.922,
                                                                                                "Actual Total Time": 31.412,
                                                                                                "Actual Rows": 18,
                                                                                                "Actual Loops": 5,
                                                                                                "Inner Unique": true,
                                                                                                "Hash Cond": "(t.kind_id = kt.id)",
                                                                                                "Workers": [],
                                                                                                "Plans": [
                                                                                                    {
                                                                                                        "Node Type": "Seq Scan",
                                                                                                        "Parent Relationship": "Outer",
                                                                                                        "Parallel Aware": true,
                                                                                                        "Async Capable": false,
                                                                                                        "Relation Name": "title",
                                                                                                        "Alias": "t",
                                                                                                        "Startup Cost": 0.0,
                                                                                                        "Total Cost": 56552.49,
                                                                                                        "Plan Rows": 8,
                                                                                                        "Plan Width": 8,
                                                                                                        "Actual Startup Time": 1.862,
                                                                                                        "Actual Total Time": 31.346,
                                                                                                        "Actual Rows": 18,
                                                                                                        "Actual Loops": 5,
                                                                                                        "Filter": "((production_year <= 1975) AND (production_year >= 1925) AND (title = ANY ('{(#1.104),\"Androcles and the Lion\",\"Annie Get Your Gun\",\"Chûkon giretsu - Jitsuroku Chûshingura\",\"Devils Island\",\"Is There Sex After Death?\",\"Monte Carlo\",\"Mr. District Attorney\",\"Sea Devils\",Survival,\"The French Line\",\"The Wrong Man\",\"Treasure Hunt\",\"Winged Victory\"}'::text[])))",
                                                                                                        "Rows Removed by Filter": 505644,
                                                                                                        "Workers": []
                                                                                                    },
                                                                                                    {
                                                                                                        "Node Type": "Hash",
                                                                                                        "Parent Relationship": "Inner",
                                                                                                        "Parallel Aware": false,
                                                                                                        "Async Capable": false,
                                                                                                        "Startup Cost": 1.12,
                                                                                                        "Total Cost": 1.12,
                                                                                                        "Plan Rows": 6,
                                                                                                        "Plan Width": 4,
                                                                                                        "Actual Startup Time": 0.024,
                                                                                                        "Actual Total Time": 0.024,
                                                                                                        "Actual Rows": 6,
                                                                                                        "Actual Loops": 5,
                                                                                                        "Hash Buckets": 1024,
                                                                                                        "Original Hash Buckets": 1024,
                                                                                                        "Hash Batches": 1,
                                                                                                        "Original Hash Batches": 1,
                                                                                                        "Peak Memory Usage": 9,
                                                                                                        "Workers": [],
                                                                                                        "Plans": [
                                                                                                            {
                                                                                                                "Node Type": "Seq Scan",
                                                                                                                "Parent Relationship": "Outer",
                                                                                                                "Parallel Aware": false,
                                                                                                                "Async Capable": false,
                                                                                                                "Relation Name": "kind_type",
                                                                                                                "Alias": "kt",
                                                                                                                "Startup Cost": 0.0,
                                                                                                                "Total Cost": 1.12,
                                                                                                                "Plan Rows": 6,
                                                                                                                "Plan Width": 4,
                                                                                                                "Actual Startup Time": 0.014,
                                                                                                                "Actual Total Time": 0.015,
                                                                                                                "Actual Rows": 6,
                                                                                                                "Actual Loops": 5,
                                                                                                                "Filter": "((kind)::text = ANY ('{episode,movie,\"tv movie\",\"tv series\",\"video game\",\"video movie\"}'::text[]))",
                                                                                                                "Rows Removed by Filter": 1,
                                                                                                                "Workers": []
                                                                                                            }
                                                                                                        ]
                                                                                                    }
                                                                                                ]
                                                                                            },
                                                                                            {
                                                                                                "Node Type": "Index Scan",
                                                                                                "Parent Relationship": "Inner",
                                                                                                "Parallel Aware": false,
                                                                                                "Async Capable": false,
                                                                                                "Scan Direction": "Forward",
                                                                                                "Index Name": "movie_id_movie_info",
                                                                                                "Relation Name": "movie_info",
                                                                                                "Alias": "mi2",
                                                                                                "Startup Cost": 0.43,
                                                                                                "Total Cost": 166.44,
                                                                                                "Plan Rows": 1,
                                                                                                "Plan Width": 8,
                                                                                                "Actual Startup Time": 0.013,
                                                                                                "Actual Total Time": 0.013,
                                                                                                "Actual Rows": 1,
                                                                                                "Actual Loops": 91,
                                                                                                "Index Cond": "(movie_id = t.id)",
                                                                                                "Rows Removed by Index Recheck": 0,
                                                                                                "Filter": "((info_type_id = 7) AND (info = ANY ('{LAB:DeLuxe,MET:,\"OFM:35 mm\",OFM:Video,\"RAT:1.33 : 1\",\"RAT:2.35 : 1\"}'::text[])))",
                                                                                                "Rows Removed by Filter": 10,
                                                                                                "Workers": []
                                                                                            }
                                                                                        ]
                                                                                    },
                                                                                    {
                                                                                        "Node Type": "Index Scan",
                                                                                        "Parent Relationship": "Inner",
                                                                                        "Parallel Aware": false,
                                                                                        "Async Capable": false,
                                                                                        "Scan Direction": "Forward",
                                                                                        "Index Name": "movie_id_cast_info",
                                                                                        "Relation Name": "cast_info",
                                                                                        "Alias": "ci",
                                                                                        "Startup Cost": 0.44,
                                                                                        "Total Cost": 51.53,
                                                                                        "Plan Rows": 38,
                                                                                        "Plan Width": 12,
                                                                                        "Actual Startup Time": 0.006,
                                                                                        "Actual Total Time": 0.047,
                                                                                        "Actual Rows": 24,
                                                                                        "Actual Loops": 95,
                                                                                        "Index Cond": "(movie_id = mi2.movie_id)",
                                                                                        "Rows Removed by Index Recheck": 0,
                                                                                        "Workers": []
                                                                                    }
                                                                                ]
                                                                            },
                                                                            {
                                                                                "Node Type": "Index Scan",
                                                                                "Parent Relationship": "Inner",
                                                                                "Parallel Aware": false,
                                                                                "Async Capable": false,
                                                                                "Scan Direction": "Forward",
                                                                                "Index Name": "role_type_pkey",
                                                                                "Relation Name": "role_type",
                                                                                "Alias": "rt",
                                                                                "Startup Cost": 0.14,
                                                                                "Total Cost": 0.16,
                                                                                "Plan Rows": 1,
                                                                                "Plan Width": 4,
                                                                                "Actual Startup Time": 0.0,
                                                                                "Actual Total Time": 0.0,
                                                                                "Actual Rows": 0,
                                                                                "Actual Loops": 2240,
                                                                                "Index Cond": "(id = ci.role_id)",
                                                                                "Rows Removed by Index Recheck": 0,
                                                                                "Filter": "((role)::text = ANY ('{composer,director,producer}'::text[]))",
                                                                                "Rows Removed by Filter": 1,
                                                                                "Workers": []
                                                                            }
                                                                        ]
                                                                    },
                                                                    {
                                                                        "Node Type": "Index Scan",
                                                                        "Parent Relationship": "Inner",
                                                                        "Parallel Aware": false,
                                                                        "Async Capable": false,
                                                                        "Scan Direction": "Forward",
                                                                        "Index Name": "movie_id_movie_info",
                                                                        "Relation Name": "movie_info",
                                                                        "Alias": "mi1",
                                                                        "Startup Cost": 0.46,
                                                                        "Total Cost": 41.89,
                                                                        "Plan Rows": 1,
                                                                        "Plan Width": 8,
                                                                        "Actual Startup Time": 0.003,
                                                                        "Actual Total Time": 0.003,
                                                                        "Actual Rows": 0,
                                                                        "Actual Loops": 269,
                                                                        "Index Cond": "(movie_id = ci.movie_id)",
                                                                        "Rows Removed by Index Recheck": 0,
                                                                        "Filter": "((info_type_id = 8) AND (info = ANY ('{Albania,Czechoslovakia,Egypt,Hungary,Italy,Japan,Mexico,Philippines,Sweden,Switzerland}'::text[])))",
                                                                        "Rows Removed by Filter": 17,
                                                                        "Workers": []
                                                                    }
                                                                ]
                                                            },
                                                            {
                                                                "Node Type": "Seq Scan",
                                                                "Parent Relationship": "Inner",
                                                                "Parallel Aware": false,
                                                                "Async Capable": false,
                                                                "Relation Name": "info_type",
                                                                "Alias": "it1",
                                                                "Startup Cost": 0.0,
                                                                "Total Cost": 2.41,
                                                                "Plan Rows": 1,
                                                                "Plan Width": 4,
                                                                "Actual Startup Time": 0.01,
                                                                "Actual Total Time": 0.012,
                                                                "Actual Rows": 1,
                                                                "Actual Loops": 2,
                                                                "Filter": "(id = 8)",
                                                                "Rows Removed by Filter": 112,
                                                                "Workers": []
                                                            }
                                                        ]
                                                    },
                                                    {
                                                        "Node Type": "Seq Scan",
                                                        "Parent Relationship": "Inner",
                                                        "Parallel Aware": false,
                                                        "Async Capable": false,
                                                        "Relation Name": "info_type",
                                                        "Alias": "it2",
                                                        "Startup Cost": 0.0,
                                                        "Total Cost": 2.41,
                                                        "Plan Rows": 1,
                                                        "Plan Width": 4,
                                                        "Actual Startup Time": 0.001,
                                                        "Actual Total Time": 0.003,
                                                        "Actual Rows": 1,
                                                        "Actual Loops": 2,
                                                        "Filter": "(id = 7)",
                                                        "Rows Removed by Filter": 112,
                                                        "Workers": []
                                                    }
                                                ]
                                            },
                                            {
                                                "Node Type": "Index Scan",
                                                "Parent Relationship": "Inner",
                                                "Parallel Aware": false,
                                                "Async Capable": false,
                                                "Scan Direction": "Forward",
                                                "Index Name": "name_pkey",
                                                "Relation Name": "name",
                                                "Alias": "n",
                                                "Startup Cost": 0.43,
                                                "Total Cost": 2.31,
                                                "Plan Rows": 1,
                                                "Plan Width": 4,
                                                "Actual Startup Time": 0.013,
                                                "Actual Total Time": 0.013,
                                                "Actual Rows": 1,
                                                "Actual Loops": 2,
                                                "Index Cond": "(id = ci.person_id)",
                                                "Rows Removed by Index Recheck": 0,
                                                "Filter": "(((gender)::text = 'm'::text) OR (gender IS NULL))",
                                                "Rows Removed by Filter": 0,
                                                "Workers": []
                                            }
                                        ]
                                    }
                                ]
                            }
                        ]
                    },
                    "Planning Time": 1.556,
                    "Triggers": [],
                    "Execution Time": 40.975
                }
            ],
            "hints": [
                "SET enable_hashjoin TO on",
                "SET enable_indexonlyscan TO on",
                "SET enable_indexscan TO on",
                "SET enable_mergejoin TO off",
                "SET enable_nestloop TO on",
                "SET enable_seqscan TO on"
            ]
        }
    ]
}