{
    "sql_file": "3b1.sql",
    "query": "SELECT t.title, n.name, cn.name, COUNT(*)\nFROM title as t,\nmovie_keyword as mk,\nkeyword as k,\nmovie_companies as mc,\ncompany_name as cn,\ncompany_type as ct,\nkind_type as kt,\ncast_info as ci,\nname as n,\nrole_type as rt\nWHERE t.id = mk.movie_id\nAND t.id = mc.movie_id\nAND t.id = ci.movie_id\nAND ci.movie_id = mc.movie_id\nAND ci.movie_id = mk.movie_id\nAND mk.movie_id = mc.movie_id\nAND k.id = mk.keyword_id\nAND cn.id = mc.company_id\nAND ct.id = mc.company_type_id\nAND kt.id = t.kind_id\nAND ci.person_id = n.id\nAND ci.role_id = rt.id\nAND (t.title ILIKE '%boy%')\nAND (n.name_pcode_nf ILIKE '%n52%')\nAND (cn.name ILIKE '%bo%')\nAND (kt.kind IN ('movie','tv movie','tv series','video movie'))\nAND (rt.role IN ('actor','actress','cinematographer','composer','costume designer','director','editor','miscellaneous crew','production designer','writer'))\nGROUP BY t.title, n.name, cn.name\nORDER BY COUNT(*) DESC",
    "results": [
        {
            "arm": 0,
            "execution_time": 126.908,
            "plan": [
                {
                    "Plan": {
                        "Node Type": "Sort",
                        "Parallel Aware": false,
                        "Async Capable": false,
                        "Startup Cost": 44762.45,
                        "Total Cost": 44762.46,
                        "Plan Rows": 1,
                        "Plan Width": 59,
                        "Actual Startup Time": 115.171,
                        "Actual Total Time": 126.848,
                        "Actual Rows": 23,
                        "Actual Loops": 1,
                        "Sort Key": [
                            "(count(*)) DESC"
                        ],
                        "Sort Method": "quicksort",
                        "Sort Space Used": 27,
                        "Sort Space Type": "Memory",
                        "Plans": [
                            {
                                "Node Type": "Aggregate",
                                "Strategy": "Sorted",
                                "Partial Mode": "Simple",
                                "Parent Relationship": "Outer",
                                "Parallel Aware": false,
                                "Async Capable": false,
                                "Startup Cost": 44762.42,
                                "Total Cost": 44762.44,
                                "Plan Rows": 1,
                                "Plan Width": 59,
                                "Actual Startup Time": 115.09,
                                "Actual Total Time": 126.84,
                                "Actual Rows": 23,
                                "Actual Loops": 1,
                                "Group Key": [
                                    "t.title",
                                    "n.name",
                                    "cn.name"
                                ],
                                "Plans": [
                                    {
                                        "Node Type": "Sort",
                                        "Parent Relationship": "Outer",
                                        "Parallel Aware": false,
                                        "Async Capable": false,
                                        "Startup Cost": 44762.42,
                                        "Total Cost": 44762.42,
                                        "Plan Rows": 1,
                                        "Plan Width": 51,
                                        "Actual Startup Time": 115.08,
                                        "Actual Total Time": 126.777,
                                        "Actual Rows": 1062,
                                        "Actual Loops": 1,
                                        "Sort Key": [
                                            "t.title COLLATE \"C\"",
                                            "n.name COLLATE \"C\"",
                                            "cn.name COLLATE \"C\""
                                        ],
                                        "Sort Method": "quicksort",
                                        "Sort Space Used": 143,
                                        "Sort Space Type": "Memory",
                                        "Plans": [
                                            {
                                                "Node Type": "Nested Loop",
                                                "Parent Relationship": "Outer",
                                                "Parallel Aware": false,
                                                "Async Capable": false,
                                                "Join Type": "Inner",
                                                "Startup Cost": 5807.63,
                                                "Total Cost": 44762.41,
                                                "Plan Rows": 1,
                                                "Plan Width": 51,
                                                "Actual Startup Time": 49.485,
                                                "Actual Total Time": 126.54,
                                                "Actual Rows": 1062,
                                                "Actual Loops": 1,
                                                "Inner Unique": true,
                                                "Plans": [
                                                    {
                                                        "Node Type": "Nested Loop",
                                                        "Parent Relationship": "Outer",
                                                        "Parallel Aware": false,
                                                        "Async Capable": false,
                                                        "Join Type": "Inner",
                                                        "Startup Cost": 5807.5,
                                                        "Total Cost": 44762.25,
                                                        "Plan Rows": 1,
                                                        "Plan Width": 55,
                                                        "Actual Startup Time": 49.48,
                                                        "Actual Total Time": 126.2,
                                                        "Actual Rows": 1062,
                                                        "Actual Loops": 1,
                                                        "Inner Unique": true,
                                                        "Plans": [
                                                            {
                                                                "Node Type": "Nested Loop",
                                                                "Parent Relationship": "Outer",
                                                                "Parallel Aware": false,
                                                                "Async Capable": false,
                                                                "Join Type": "Inner",
                                                                "Startup Cost": 5807.08,
                                                                "Total Cost": 44761.82,
                                                                "Plan Rows": 1,
                                                                "Plan Width": 59,
                                                                "Actual Startup Time": 49.469,
                                                                "Actual Total Time": 124.88,
                                                                "Actual Rows": 1062,
                                                                "Actual Loops": 1,
                                                                "Inner Unique": false,
                                                                "Join Filter": "(t.id = mk.movie_id)",
                                                                "Rows Removed by Join Filter": 0,
                                                                "Plans": [
                                                                    {
                                                                        "Node Type": "Gather",
                                                                        "Parent Relationship": "Outer",
                                                                        "Parallel Aware": false,
                                                                        "Async Capable": false,
                                                                        "Startup Cost": 5806.64,
                                                                        "Total Cost": 44760.0,
                                                                        "Plan Rows": 1,
                                                                        "Plan Width": 67,
                                                                        "Actual Startup Time": 49.454,
                                                                        "Actual Total Time": 124.635,
                                                                        "Actual Rows": 25,
                                                                        "Actual Loops": 1,
                                                                        "Workers Planned": 3,
                                                                        "Workers Launched": 3,
                                                                        "Single Copy": false,
                                                                        "Plans": [
                                                                            {
                                                                                "Node Type": "Nested Loop",
                                                                                "Parent Relationship": "Outer",
                                                                                "Parallel Aware": false,
                                                                                "Async Capable": false,
                                                                                "Join Type": "Inner",
                                                                                "Startup Cost": 4806.64,
                                                                                "Total Cost": 43759.9,
                                                                                "Plan Rows": 1,
                                                                                "Plan Width": 67,
                                                                                "Actual Startup Time": 52.354,
                                                                                "Actual Total Time": 112.212,
                                                                                "Actual Rows": 6,
                                                                                "Actual Loops": 4,
                                                                                "Inner Unique": true,
                                                                                "Workers": [],
                                                                                "Plans": [
                                                                                    {
                                                                                        "Node Type": "Hash Join",
                                                                                        "Parent Relationship": "Outer",
                                                                                        "Parallel Aware": false,
                                                                                        "Async Capable": false,
                                                                                        "Join Type": "Inner",
                                                                                        "Startup Cost": 4806.21,
                                                                                        "Total Cost": 43262.73,
                                                                                        "Plan Rows": 1086,
                                                                                        "Plan Width": 56,
                                                                                        "Actual Startup Time": 13.39,
                                                                                        "Actual Total Time": 100.461,
                                                                                        "Actual Rows": 3594,
                                                                                        "Actual Loops": 4,
                                                                                        "Inner Unique": true,
                                                                                        "Hash Cond": "(ci.role_id = rt.id)",
                                                                                        "Workers": [],
                                                                                        "Plans": [
                                                                                            {
                                                                                                "Node Type": "Nested Loop",
                                                                                                "Parent Relationship": "Outer",
                                                                                                "Parallel Aware": false,
                                                                                                "Async Capable": false,
                                                                                                "Join Type": "Inner",
                                                                                                "Startup Cost": 4804.82,
                                                                                                "Total Cost": 43256.7,
                                                                                                "Plan Rows": 1304,
                                                                                                "Plan Width": 60,
                                                                                                "Actual Startup Time": 13.332,
                                                                                                "Actual Total Time": 100.112,
                                                                                                "Actual Rows": 4036,
                                                                                                "Actual Loops": 4,
                                                                                                "Inner Unique": false,
                                                                                                "Join Filter": "(t.id = ci.movie_id)",
                                                                                                "Rows Removed by Join Filter": 0,
                                                                                                "Workers": [],
                                                                                                "Plans": [
                                                                                                    {
                                                                                                        "Node Type": "Hash Join",
                                                                                                        "Parent Relationship": "Outer",
                                                                                                        "Parallel Aware": false,
                                                                                                        "Async Capable": false,
                                                                                                        "Join Type": "Inner",
                                                                                                        "Startup Cost": 4804.38,
                                                                                                        "Total Cost": 43070.9,
                                                                                                        "Plan Rows": 91,
                                                                                                        "Plan Width": 48,
                                                                                                        "Actual Startup Time": 13.308,
                                                                                                        "Actual Total Time": 93.62,
                                                                                                        "Actual Rows": 147,
                                                                                                        "Actual Loops": 4,
                                                                                                        "Inner Unique": true,
                                                                                                        "Hash Cond": "(t.kind_id = kt.id)",
                                                                                                        "Workers": [],
                                                                                                        "Plans": [
                                                                                                            {
                                                                                                                "Node Type": "Nested Loop",
                                                                                                                "Parent Relationship": "Outer",
                                                                                                                "Parallel Aware": false,
                                                                                                                "Async Capable": false,
                                                                                                                "Join Type": "Inner",
                                                                                                                "Startup Cost": 4803.22,
                                                                                                                "Total Cost": 43069.07,
                                                                                                                "Plan Rows": 159,
                                                                                                                "Plan Width": 52,
                                                                                                                "Actual Startup Time": 9.072,
                                                                                                                "Actual Total Time": 93.585,
                                                                                                                "Actual Rows": 168,
                                                                                                                "Actual Loops": 4,
                                                                                                                "Inner Unique": true,
                                                                                                                "Workers": [],
                                                                                                                "Plans": [
                                                                                                                    {
                                                                                                                        "Node Type": "Hash Join",
                                                                                                                        "Parent Relationship": "Outer",
                                                                                                                        "Parallel Aware": true,
                                                                                                                        "Async Capable": false,
                                                                                                                        "Join Type": "Inner",
                                                                                                                        "Startup Cost": 4802.79,
                                                                                                                        "Total Cost": 34252.73,
                                                                                                                        "Plan Rows": 16987,
                                                                                                                        "Plan Width": 27,
                                                                                                                        "Actual Startup Time": 7.681,
                                                                                                                        "Actual Total Time": 60.135,
                                                                                                                        "Actual Rows": 12908,
                                                                                                                        "Actual Loops": 4,
                                                                                                                        "Inner Unique": true,
                                                                                                                        "Hash Cond": "(mc.company_id = cn.id)",
                                                                                                                        "Workers": [],
                                                                                                                        "Plans": [
                                                                                                                            {
                                                                                                                                "Node Type": "Seq Scan",
                                                                                                                                "Parent Relationship": "Outer",
                                                                                                                                "Parallel Aware": true,
                                                                                                                                "Async Capable": false,
                                                                                                                                "Relation Name": "movie_companies",
                                                                                                                                "Alias": "mc",
                                                                                                                                "Startup Cost": 0.0,
                                                                                                                                "Total Cost": 27240.55,
                                                                                                                                "Plan Rows": 841655,
                                                                                                                                "Plan Width": 12,
                                                                                                                                "Actual Startup Time": 0.003,
                                                                                                                                "Actual Total Time": 27.128,
                                                                                                                                "Actual Rows": 652282,
                                                                                                                                "Actual Loops": 4,
                                                                                                                                "Workers": []
                                                                                                                            },
                                                                                                                            {
                                                                                                                                "Node Type": "Hash",
                                                                                                                                "Parent Relationship": "Inner",
                                                                                                                                "Parallel Aware": true,
                                                                                                                                "Async Capable": false,
                                                                                                                                "Startup Cost": 4767.92,
                                                                                                                                "Total Cost": 4767.92,
                                                                                                                                "Plan Rows": 2790,
                                                                                                                                "Plan Width": 23,
                                                                                                                                "Actual Startup Time": 7.586,
                                                                                                                                "Actual Total Time": 7.587,
                                                                                                                                "Actual Rows": 1296,
                                                                                                                                "Actual Loops": 4,
                                                                                                                                "Hash Buckets": 8192,
                                                                                                                                "Original Hash Buckets": 8192,
                                                                                                                                "Hash Batches": 1,
                                                                                                                                "Original Hash Batches": 1,
                                                                                                                                "Peak Memory Usage": 480,
                                                                                                                                "Workers": [],
                                                                                                                                "Plans": [
                                                                                                                                    {
                                                                                                                                        "Node Type": "Seq Scan",
                                                                                                                                        "Parent Relationship": "Outer",
                                                                                                                                        "Parallel Aware": true,
                                                                                                                                        "Async Capable": false,
                                                                                                                                        "Relation Name": "company_name",
                                                                                                                                        "Alias": "cn",
                                                                                                                                        "Startup Cost": 0.0,
                                                                                                                                        "Total Cost": 4767.92,
                                                                                                                                        "Plan Rows": 2790,
                                                                                                                                        "Plan Width": 23,
                                                                                                                                        "Actual Startup Time": 0.017,
                                                                                                                                        "Actual Total Time": 7.472,
                                                                                                                                        "Actual Rows": 1296,
                                                                                                                                        "Actual Loops": 4,
                                                                                                                                        "Filter": "(name ~~* '%bo%'::text)",
                                                                                                                                        "Rows Removed by Filter": 57453,
                                                                                                                                        "Workers": []
                                                                                                                                    }
                                                                                                                                ]
                                                                                                                            }
                                                                                                                        ]
                                                                                                                    },
                                                                                                                    {
                                                                                                                        "Node Type": "Index Scan",
                                                                                                                        "Parent Relationship": "Inner",
                                                                                                                        "Parallel Aware": false,
                                                                                                                        "Async Capable": false,
                                                                                                                        "Scan Direction": "Forward",
                                                                                                                        "Index Name": "title_pkey",
                                                                                                                        "Relation Name": "title",
                                                                                                                        "Alias": "t",
                                                                                                                        "Startup Cost": 0.43,
                                                                                                                        "Total Cost": 0.52,
                                                                                                                        "Plan Rows": 1,
                                                                                                                        "Plan Width": 25,
                                                                                                                        "Actual Startup Time": 0.003,
                                                                                                                        "Actual Total Time": 0.003,
                                                                                                                        "Actual Rows": 0,
                                                                                                                        "Actual Loops": 51632,
                                                                                                                        "Index Cond": "(id = mc.movie_id)",
                                                                                                                        "Rows Removed by Index Recheck": 0,
                                                                                                                        "Filter": "(title ~~* '%boy%'::text)",
                                                                                                                        "Rows Removed by Filter": 1,
                                                                                                                        "Workers": []
                                                                                                                    }
                                                                                                                ]
                                                                                                            },
                                                                                                            {
                                                                                                                "Node Type": "Hash",
                                                                                                                "Parent Relationship": "Inner",
                                                                                                                "Parallel Aware": false,
                                                                                                                "Async Capable": false,
                                                                                                                "Startup Cost": 1.1,
                                                                                                                "Total Cost": 1.1,
                                                                                                                "Plan Rows": 4,
                                                                                                                "Plan Width": 4,
                                                                                                                "Actual Startup Time": 0.008,
                                                                                                                "Actual Total Time": 0.008,
                                                                                                                "Actual Rows": 4,
                                                                                                                "Actual Loops": 4,
                                                                                                                "Hash Buckets": 1024,
                                                                                                                "Original Hash Buckets": 1024,
                                                                                                                "Hash Batches": 1,
                                                                                                                "Original Hash Batches": 1,
                                                                                                                "Peak Memory Usage": 9,
                                                                                                                "Workers": [],
                                                                                                                "Plans": [
                                                                                                                    {
                                                                                                                        "Node Type": "Seq Scan",
                                                                                                                        "Parent Relationship": "Outer",
                                                                                                                        "Parallel Aware": false,
                                                                                                                        "Async Capable": false,
                                                                                                                        "Relation Name": "kind_type",
                                                                                                                        "Alias": "kt",
                                                                                                                        "Startup Cost": 0.0,
                                                                                                                        "Total Cost": 1.1,
                                                                                                                        "Plan Rows": 4,
                                                                                                                        "Plan Width": 4,
                                                                                                                        "Actual Startup Time": 0.006,
                                                                                                                        "Actual Total Time": 0.007,
                                                                                                                        "Actual Rows": 4,
                                                                                                                        "Actual Loops": 4,
                                                                                                                        "Filter": "((kind)::text = ANY ('{movie,\"tv movie\",\"tv series\",\"video movie\"}'::text[]))",
                                                                                                                        "Rows Removed by Filter": 3,
                                                                                                                        "Workers": []
                                                                                                                    }
                                                                                                                ]
                                                                                                            }
                                                                                                        ]
                                                                                                    },
                                                                                                    {
                                                                                                        "Node Type": "Index Scan",
                                                                                                        "Parent Relationship": "Inner",
                                                                                                        "Parallel Aware": false,
                                                                                                        "Async Capable": false,
                                                                                                        "Scan Direction": "Forward",
                                                                                                        "Index Name": "movie_id_cast_info",
                                                                                                        "Relation Name": "cast_info",
                                                                                                        "Alias": "ci",
                                                                                                        "Startup Cost": 0.44,
                                                                                                        "Total Cost": 1.57,
                                                                                                        "Plan Rows": 38,
                                                                                                        "Plan Width": 12,
                                                                                                        "Actual Startup Time": 0.004,
                                                                                                        "Actual Total Time": 0.042,
                                                                                                        "Actual Rows": 27,
                                                                                                        "Actual Loops": 589,
                                                                                                        "Index Cond": "(movie_id = mc.movie_id)",
                                                                                                        "Rows Removed by Index Recheck": 0,
                                                                                                        "Workers": []
                                                                                                    }
                                                                                                ]
                                                                                            },
                                                                                            {
                                                                                                "Node Type": "Hash",
                                                                                                "Parent Relationship": "Inner",
                                                                                                "Parallel Aware": false,
                                                                                                "Async Capable": false,
                                                                                                "Startup Cost": 1.27,
                                                                                                "Total Cost": 1.27,
                                                                                                "Plan Rows": 10,
                                                                                                "Plan Width": 4,
                                                                                                "Actual Startup Time": 0.012,
                                                                                                "Actual Total Time": 0.012,
                                                                                                "Actual Rows": 10,
                                                                                                "Actual Loops": 4,
                                                                                                "Hash Buckets": 1024,
                                                                                                "Original Hash Buckets": 1024,
                                                                                                "Hash Batches": 1,
                                                                                                "Original Hash Batches": 1,
                                                                                                "Peak Memory Usage": 9,
                                                                                                "Workers": [],
                                                                                                "Plans": [
                                                                                                    {
                                                                                                        "Node Type": "Seq Scan",
                                                                                                        "Parent Relationship": "Outer",
                                                                                                        "Parallel Aware": false,
                                                                                                        "Async Capable": false,
                                                                                                        "Relation Name": "role_type",
                                                                                                        "Alias": "rt",
                                                                                                        "Startup Cost": 0.0,
                                                                                                        "Total Cost": 1.27,
                                                                                                        "Plan Rows": 10,
                                                                                                        "Plan Width": 4,
                                                                                                        "Actual Startup Time": 0.008,
                                                                                                        "Actual Total Time": 0.01,
                                                                                                        "Actual Rows": 10,
                                                                                                        "Actual Loops": 4,
                                                                                                        "Filter": "((role)::text = ANY ('{actor,actress,cinematographer,composer,\"costume designer\",director,editor,\"miscellaneous crew\",\"production designer\",writer}'::text[]))",
                                                                                                        "Rows Removed by Filter": 2,
                                                                                                        "Workers": []
                                                                                                    }
                                                                                                ]
                                                                                            }
                                                                                        ]
                                                                                    },
                                                                                    {
                                                                                        "Node Type": "Index Scan",
                                                                                        "Parent Relationship": "Inner",
                                                                                        "Parallel Aware": false,
                                                                                        "Async Capable": false,
                                                                                        "Scan Direction": "Forward",
                                                                                        "Index Name": "name_pkey",
                                                                                        "Relation Name": "name",
                                                                                        "Alias": "n",
                                                                                        "Startup Cost": 0.43,
                                                                                        "Total Cost": 0.46,
                                                                                        "Plan Rows": 1,
                                                                                        "Plan Width": 19,
                                                                                        "Actual Startup Time": 0.003,
                                                                                        "Actual Total Time": 0.003,
                                                                                        "Actual Rows": 0,
                                                                                        "Actual Loops": 14374,
                                                                                        "Index Cond": "(id = ci.person_id)",
                                                                                        "Rows Removed by Index Recheck": 0,
                                                                                        "Filter": "((name_pcode_nf)::text ~~* '%n52%'::text)",
                                                                                        "Rows Removed by Filter": 1,
                                                                                        "Workers": []
                                                                                    }
                                                                                ]
                                                                            }
                                                                        ]
                                                                    },
                                                                    {
                                                                        "Node Type": "Index Scan",
                                                                        "Parent Relationship": "Inner",
                                                                        "Parallel Aware": false,
                                                                        "Async Capable": false,
                                                                        "Scan Direction": "Forward",
                                                                        "Index Name": "movie_id_movie_keyword",
                                                                        "Relation Name": "movie_keyword",
                                                                        "Alias": "mk",
                                                                        "Startup Cost": 0.43,
                                                                        "Total Cost": 1.24,
                                                                        "Plan Rows": 46,
                                                                        "Plan Width": 8,
                                                                        "Actual Startup Time": 0.004,
                                                                        "Actual Total Time": 0.007,
                                                                        "Actual Rows": 42,
                                                                        "Actual Loops": 25,
                                                                        "Index Cond": "(movie_id = ci.movie_id)",
                                                                        "Rows Removed by Index Recheck": 0
                                                                    }
                                                                ]
                                                            },
                                                            {
                                                                "Node Type": "Index Only Scan",
                                                                "Parent Relationship": "Inner",
                                                                "Parallel Aware": false,
                                                                "Async Capable": false,
                                                                "Scan Direction": "Forward",
                                                                "Index Name": "keyword_pkey",
                                                                "Relation Name": "keyword",
                                                                "Alias": "k",
                                                                "Startup Cost": 0.42,
                                                                "Total Cost": 0.44,
                                                                "Plan Rows": 1,
                                                                "Plan Width": 4,
                                                                "Actual Startup Time": 0.001,
                                                                "Actual Total Time": 0.001,
                                                                "Actual Rows": 1,
                                                                "Actual Loops": 1062,
                                                                "Index Cond": "(id = mk.keyword_id)",
                                                                "Rows Removed by Index Recheck": 0,
                                                                "Heap Fetches": 1062
                                                            }
                                                        ]
                                                    },
                                                    {
                                                        "Node Type": "Index Only Scan",
                                                        "Parent Relationship": "Inner",
                                                        "Parallel Aware": false,
                                                        "Async Capable": false,
                                                        "Scan Direction": "Forward",
                                                        "Index Name": "company_type_pkey",
                                                        "Relation Name": "company_type",
                                                        "Alias": "ct",
                                                        "Startup Cost": 0.13,
                                                        "Total Cost": 0.15,
                                                        "Plan Rows": 1,
                                                        "Plan Width": 4,
                                                        "Actual Startup Time": 0.0,
                                                        "Actual Total Time": 0.0,
                                                        "Actual Rows": 1,
                                                        "Actual Loops": 1062,
                                                        "Index Cond": "(id = mc.company_type_id)",
                                                        "Rows Removed by Index Recheck": 0,
                                                        "Heap Fetches": 1062
                                                    }
                                                ]
                                            }
                                        ]
                                    }
                                ]
                            }
                        ]
                    },
                    "Planning Time": 6.508,
                    "Triggers": [],
                    "Execution Time": 126.908
                }
            ],
            "hints": [
                "SET enable_hashjoin TO on",
                "SET enable_indexonlyscan TO on",
                "SET enable_indexscan TO on",
                "SET enable_mergejoin TO on",
                "SET enable_nestloop TO on",
                "SET enable_seqscan TO on"
            ]
        },
        {
            "arm": 1,
            "execution_time": 1033.871,
            "plan": [
                {
                    "Plan": {
                        "Node Type": "Sort",
                        "Parallel Aware": false,
                        "Async Capable": false,
                        "Startup Cost": 523957.58,
                        "Total Cost": 523957.59,
                        "Plan Rows": 1,
                        "Plan Width": 59,
                        "Actual Startup Time": 1014.867,
                        "Actual Total Time": 1033.808,
                        "Actual Rows": 23,
                        "Actual Loops": 1,
                        "Sort Key": [
                            "(count(*)) DESC"
                        ],
                        "Sort Method": "quicksort",
                        "Sort Space Used": 27,
                        "Sort Space Type": "Memory",
                        "Plans": [
                            {
                                "Node Type": "Aggregate",
                                "Strategy": "Sorted",
                                "Partial Mode": "Simple",
                                "Parent Relationship": "Outer",
                                "Parallel Aware": false,
                                "Async Capable": false,
                                "Startup Cost": 523957.43,
                                "Total Cost": 523957.57,
                                "Plan Rows": 1,
                                "Plan Width": 59,
                                "Actual Startup Time": 1014.751,
                                "Actual Total Time": 1033.801,
                                "Actual Rows": 23,
                                "Actual Loops": 1,
                                "Group Key": [
                                    "t.title",
                                    "n.name",
                                    "cn.name"
                                ],
                                "Plans": [
                                    {
                                        "Node Type": "Gather Merge",
                                        "Parent Relationship": "Outer",
                                        "Parallel Aware": false,
                                        "Async Capable": false,
                                        "Startup Cost": 523957.43,
                                        "Total Cost": 523957.55,
                                        "Plan Rows": 1,
                                        "Plan Width": 51,
                                        "Actual Startup Time": 1014.74,
                                        "Actual Total Time": 1033.739,
                                        "Actual Rows": 1062,
                                        "Actual Loops": 1,
                                        "Workers Planned": 3,
                                        "Workers Launched": 3,
                                        "Plans": [
                                            {
                                                "Node Type": "Sort",
                                                "Parent Relationship": "Outer",
                                                "Parallel Aware": false,
                                                "Async Capable": false,
                                                "Startup Cost": 522957.39,
                                                "Total Cost": 522957.4,
                                                "Plan Rows": 1,
                                                "Plan Width": 51,
                                                "Actual Startup Time": 1013.01,
                                                "Actual Total Time": 1013.027,
                                                "Actual Rows": 266,
                                                "Actual Loops": 4,
                                                "Sort Key": [
                                                    "t.title COLLATE \"C\"",
                                                    "n.name COLLATE \"C\"",
                                                    "cn.name COLLATE \"C\""
                                                ],
                                                "Sort Method": "quicksort",
                                                "Sort Space Used": 42,
                                                "Sort Space Type": "Memory",
                                                "Workers": [
                                                    {
                                                        "Worker Number": 0,
                                                        "Sort Method": "quicksort",
                                                        "Sort Space Used": 43,
                                                        "Sort Space Type": "Memory"
                                                    },
                                                    {
                                                        "Worker Number": 1,
                                                        "Sort Method": "quicksort",
                                                        "Sort Space Used": 79,
                                                        "Sort Space Type": "Memory"
                                                    },
                                                    {
                                                        "Worker Number": 2,
                                                        "Sort Method": "quicksort",
                                                        "Sort Space Used": 29,
                                                        "Sort Space Type": "Memory"
                                                    }
                                                ],
                                                "Plans": [
                                                    {
                                                        "Node Type": "Hash Join",
                                                        "Parent Relationship": "Outer",
                                                        "Parallel Aware": false,
                                                        "Async Capable": false,
                                                        "Join Type": "Inner",
                                                        "Startup Cost": 493443.73,
                                                        "Total Cost": 522957.38,
                                                        "Plan Rows": 1,
                                                        "Plan Width": 51,
                                                        "Actual Startup Time": 985.491,
                                                        "Actual Total Time": 1012.91,
                                                        "Actual Rows": 266,
                                                        "Actual Loops": 4,
                                                        "Inner Unique": true,
                                                        "Hash Cond": "(ci.role_id = rt.id)",
                                                        "Workers": [],
                                                        "Plans": [
                                                            {
                                                                "Node Type": "Hash Join",
                                                                "Parent Relationship": "Outer",
                                                                "Parallel Aware": false,
                                                                "Async Capable": false,
                                                                "Join Type": "Inner",
                                                                "Startup Cost": 493442.33,
                                                                "Total Cost": 522955.98,
                                                                "Plan Rows": 1,
                                                                "Plan Width": 55,
                                                                "Actual Startup Time": 984.184,
                                                                "Actual Total Time": 1012.836,
                                                                "Actual Rows": 276,
                                                                "Actual Loops": 4,
                                                                "Inner Unique": true,
                                                                "Hash Cond": "(mc.company_type_id = ct.id)",
                                                                "Workers": [],
                                                                "Plans": [
                                                                    {
                                                                        "Node Type": "Hash Join",
                                                                        "Parent Relationship": "Outer",
                                                                        "Parallel Aware": false,
                                                                        "Async Capable": false,
                                                                        "Join Type": "Inner",
                                                                        "Startup Cost": 493441.24,
                                                                        "Total Cost": 522954.89,
                                                                        "Plan Rows": 1,
                                                                        "Plan Width": 59,
                                                                        "Actual Startup Time": 984.169,
                                                                        "Actual Total Time": 1012.803,
                                                                        "Actual Rows": 276,
                                                                        "Actual Loops": 4,
                                                                        "Inner Unique": true,
                                                                        "Hash Cond": "(mk.keyword_id = k.id)",
                                                                        "Workers": [],
                                                                        "Plans": [
                                                                            {
                                                                                "Node Type": "Hash Join",
                                                                                "Parent Relationship": "Outer",
                                                                                "Parallel Aware": true,
                                                                                "Async Capable": false,
                                                                                "Join Type": "Inner",
                                                                                "Startup Cost": 489414.42,
                                                                                "Total Cost": 518928.06,
                                                                                "Plan Rows": 1,
                                                                                "Plan Width": 63,
                                                                                "Actual Startup Time": 971.955,
                                                                                "Actual Total Time": 1000.515,
                                                                                "Actual Rows": 276,
                                                                                "Actual Loops": 4,
                                                                                "Inner Unique": false,
                                                                                "Hash Cond": "(mc.movie_id = t.id)",
                                                                                "Workers": [],
                                                                                "Plans": [
                                                                                    {
                                                                                        "Node Type": "Hash Join",
                                                                                        "Parent Relationship": "Outer",
                                                                                        "Parallel Aware": true,
                                                                                        "Async Capable": false,
                                                                                        "Join Type": "Inner",
                                                                                        "Startup Cost": 4802.79,
                                                                                        "Total Cost": 34252.73,
                                                                                        "Plan Rows": 16987,
                                                                                        "Plan Width": 27,
                                                                                        "Actual Startup Time": 8.172,
                                                                                        "Actual Total Time": 57.236,
                                                                                        "Actual Rows": 12908,
                                                                                        "Actual Loops": 4,
                                                                                        "Inner Unique": true,
                                                                                        "Hash Cond": "(mc.company_id = cn.id)",
                                                                                        "Workers": [],
                                                                                        "Plans": [
                                                                                            {
                                                                                                "Node Type": "Seq Scan",
                                                                                                "Parent Relationship": "Outer",
                                                                                                "Parallel Aware": true,
                                                                                                "Async Capable": false,
                                                                                                "Relation Name": "movie_companies",
                                                                                                "Alias": "mc",
                                                                                                "Startup Cost": 0.0,
                                                                                                "Total Cost": 27240.55,
                                                                                                "Plan Rows": 841655,
                                                                                                "Plan Width": 12,
                                                                                                "Actual Startup Time": 0.008,
                                                                                                "Actual Total Time": 24.873,
                                                                                                "Actual Rows": 652282,
                                                                                                "Actual Loops": 4,
                                                                                                "Workers": []
                                                                                            },
                                                                                            {
                                                                                                "Node Type": "Hash",
                                                                                                "Parent Relationship": "Inner",
                                                                                                "Parallel Aware": true,
                                                                                                "Async Capable": false,
                                                                                                "Startup Cost": 4767.92,
                                                                                                "Total Cost": 4767.92,
                                                                                                "Plan Rows": 2790,
                                                                                                "Plan Width": 23,
                                                                                                "Actual Startup Time": 8.103,
                                                                                                "Actual Total Time": 8.103,
                                                                                                "Actual Rows": 1296,
                                                                                                "Actual Loops": 4,
                                                                                                "Hash Buckets": 8192,
                                                                                                "Original Hash Buckets": 8192,
                                                                                                "Hash Batches": 1,
                                                                                                "Original Hash Batches": 1,
                                                                                                "Peak Memory Usage": 448,
                                                                                                "Workers": [],
                                                                                                "Plans": [
                                                                                                    {
                                                                                                        "Node Type": "Seq Scan",
                                                                                                        "Parent Relationship": "Outer",
                                                                                                        "Parallel Aware": true,
                                                                                                        "Async Capable": false,
                                                                                                        "Relation Name": "company_name",
                                                                                                        "Alias": "cn",
                                                                                                        "Startup Cost": 0.0,
                                                                                                        "Total Cost": 4767.92,
                                                                                                        "Plan Rows": 2790,
                                                                                                        "Plan Width": 23,
                                                                                                        "Actual Startup Time": 0.018,
                                                                                                        "Actual Total Time": 7.995,
                                                                                                        "Actual Rows": 1296,
                                                                                                        "Actual Loops": 4,
                                                                                                        "Filter": "(name ~~* '%bo%'::text)",
                                                                                                        "Rows Removed by Filter": 57453,
                                                                                                        "Workers": []
                                                                                                    }
                                                                                                ]
                                                                                            }
                                                                                        ]
                                                                                    },
                                                                                    {
                                                                                        "Node Type": "Hash",
                                                                                        "Parent Relationship": "Inner",
                                                                                        "Parallel Aware": true,
                                                                                        "Async Capable": false,
                                                                                        "Startup Cost": 484611.51,
                                                                                        "Total Cost": 484611.51,
                                                                                        "Plan Rows": 9,
                                                                                        "Plan Width": 52,
                                                                                        "Actual Startup Time": 942.703,
                                                                                        "Actual Total Time": 942.71,
                                                                                        "Actual Rows": 769,
                                                                                        "Actual Loops": 4,
                                                                                        "Hash Buckets": 4096,
                                                                                        "Original Hash Buckets": 1024,
                                                                                        "Hash Batches": 1,
                                                                                        "Original Hash Batches": 1,
                                                                                        "Peak Memory Usage": 408,
                                                                                        "Workers": [],
                                                                                        "Plans": [
                                                                                            {
                                                                                                "Node Type": "Hash Join",
                                                                                                "Parent Relationship": "Outer",
                                                                                                "Parallel Aware": false,
                                                                                                "Async Capable": false,
                                                                                                "Join Type": "Inner",
                                                                                                "Startup Cost": 441655.98,
                                                                                                "Total Cost": 484611.51,
                                                                                                "Plan Rows": 9,
                                                                                                "Plan Width": 52,
                                                                                                "Actual Startup Time": 811.788,
                                                                                                "Actual Total Time": 882.527,
                                                                                                "Actual Rows": 769,
                                                                                                "Actual Loops": 4,
                                                                                                "Inner Unique": true,
                                                                                                "Hash Cond": "(t.kind_id = kt.id)",
                                                                                                "Workers": [],
                                                                                                "Plans": [
                                                                                                    {
                                                                                                        "Node Type": "Hash Join",
                                                                                                        "Parent Relationship": "Outer",
                                                                                                        "Parallel Aware": true,
                                                                                                        "Async Capable": false,
                                                                                                        "Join Type": "Inner",
                                                                                                        "Startup Cost": 441654.83,
                                                                                                        "Total Cost": 484610.29,
                                                                                                        "Plan Rows": 16,
                                                                                                        "Plan Width": 56,
                                                                                                        "Actual Startup Time": 806.194,
                                                                                                        "Actual Total Time": 882.45,
                                                                                                        "Actual Rows": 843,
                                                                                                        "Actual Loops": 4,
                                                                                                        "Inner Unique": false,
                                                                                                        "Hash Cond": "(t.id = ci.movie_id)",
                                                                                                        "Workers": [],
                                                                                                        "Plans": [
                                                                                                            {
                                                                                                                "Node Type": "Hash Join",
                                                                                                                "Parent Relationship": "Outer",
                                                                                                                "Parallel Aware": true,
                                                                                                                "Async Capable": false,
                                                                                                                "Join Type": "Inner",
                                                                                                                "Startup Cost": 43983.88,
                                                                                                                "Total Cost": 86887.96,
                                                                                                                "Plan Rows": 13695,
                                                                                                                "Plan Width": 33,
                                                                                                                "Actual Startup Time": 79.13,
                                                                                                                "Actual Total Time": 155.797,
                                                                                                                "Actual Rows": 9930,
                                                                                                                "Actual Loops": 4,
                                                                                                                "Inner Unique": true,
                                                                                                                "Hash Cond": "(mk.movie_id = t.id)",
                                                                                                                "Workers": [],
                                                                                                                "Plans": [
                                                                                                                    {
                                                                                                                        "Node Type": "Seq Scan",
                                                                                                                        "Parent Relationship": "Outer",
                                                                                                                        "Parallel Aware": true,
                                                                                                                        "Async Capable": false,
                                                                                                                        "Relation Name": "movie_keyword",
                                                                                                                        "Alias": "mk",
                                                                                                                        "Startup Cost": 0.0,
                                                                                                                        "Total Cost": 39073.32,
                                                                                                                        "Plan Rows": 1459332,
                                                                                                                        "Plan Width": 8,
                                                                                                                        "Actual Startup Time": 0.01,
                                                                                                                        "Actual Total Time": 43.348,
                                                                                                                        "Actual Rows": 1130982,
                                                                                                                        "Actual Loops": 4,
                                                                                                                        "Workers": []
                                                                                                                    },
                                                                                                                    {
                                                                                                                        "Node Type": "Hash",
                                                                                                                        "Parent Relationship": "Inner",
                                                                                                                        "Parallel Aware": true,
                                                                                                                        "Async Capable": false,
                                                                                                                        "Startup Cost": 43909.73,
                                                                                                                        "Total Cost": 43909.73,
                                                                                                                        "Plan Rows": 5932,
                                                                                                                        "Plan Width": 25,
                                                                                                                        "Actual Startup Time": 79.022,
                                                                                                                        "Actual Total Time": 79.023,
                                                                                                                        "Actual Rows": 2200,
                                                                                                                        "Actual Loops": 4,
                                                                                                                        "Hash Buckets": 32768,
                                                                                                                        "Original Hash Buckets": 32768,
                                                                                                                        "Hash Batches": 1,
                                                                                                                        "Original Hash Batches": 1,
                                                                                                                        "Peak Memory Usage": 896,
                                                                                                                        "Workers": [],
                                                                                                                        "Plans": [
                                                                                                                            {
                                                                                                                                "Node Type": "Seq Scan",
                                                                                                                                "Parent Relationship": "Outer",
                                                                                                                                "Parallel Aware": true,
                                                                                                                                "Async Capable": false,
                                                                                                                                "Relation Name": "title",
                                                                                                                                "Alias": "t",
                                                                                                                                "Startup Cost": 0.0,
                                                                                                                                "Total Cost": 43909.73,
                                                                                                                                "Plan Rows": 5932,
                                                                                                                                "Plan Width": 25,
                                                                                                                                "Actual Startup Time": 0.029,
                                                                                                                                "Actual Total Time": 78.68,
                                                                                                                                "Actual Rows": 2200,
                                                                                                                                "Actual Loops": 4,
                                                                                                                                "Filter": "(title ~~* '%boy%'::text)",
                                                                                                                                "Rows Removed by Filter": 629878,
                                                                                                                                "Workers": []
                                                                                                                            }
                                                                                                                        ]
                                                                                                                    }
                                                                                                                ]
                                                                                                            },
                                                                                                            {
                                                                                                                "Node Type": "Hash",
                                                                                                                "Parent Relationship": "Inner",
                                                                                                                "Parallel Aware": true,
                                                                                                                "Async Capable": false,
                                                                                                                "Startup Cost": 397664.65,
                                                                                                                "Total Cost": 397664.65,
                                                                                                                "Plan Rows": 504,
                                                                                                                "Plan Width": 23,
                                                                                                                "Actual Startup Time": 726.097,
                                                                                                                "Actual Total Time": 726.099,
                                                                                                                "Actual Rows": 20703,
                                                                                                                "Actual Loops": 4,
                                                                                                                "Hash Buckets": 131072,
                                                                                                                "Original Hash Buckets": 4096,
                                                                                                                "Hash Batches": 1,
                                                                                                                "Original Hash Batches": 1,
                                                                                                                "Peak Memory Usage": 6720,
                                                                                                                "Workers": [],
                                                                                                                "Plans": [
                                                                                                                    {
                                                                                                                        "Node Type": "Hash Join",
                                                                                                                        "Parent Relationship": "Outer",
                                                                                                                        "Parallel Aware": true,
                                                                                                                        "Async Capable": false,
                                                                                                                        "Join Type": "Inner",
                                                                                                                        "Startup Cost": 68680.5,
                                                                                                                        "Total Cost": 397664.65,
                                                                                                                        "Plan Rows": 504,
                                                                                                                        "Plan Width": 23,
                                                                                                                        "Actual Startup Time": 113.152,
                                                                                                                        "Actual Total Time": 686.179,
                                                                                                                        "Actual Rows": 20703,
                                                                                                                        "Actual Loops": 4,
                                                                                                                        "Inner Unique": true,
                                                                                                                        "Hash Cond": "(ci.person_id = n.id)",
                                                                                                                        "Workers": [],
                                                                                                                        "Plans": [
                                                                                                                            {
                                                                                                                                "Node Type": "Seq Scan",
                                                                                                                                "Parent Relationship": "Outer",
                                                                                                                                "Parallel Aware": true,
                                                                                                                                "Async Capable": false,
                                                                                                                                "Relation Name": "cast_info",
                                                                                                                                "Alias": "ci",
                                                                                                                                "Startup Cost": 0.0,
                                                                                                                                "Total Cost": 313127.24,
                                                                                                                                "Plan Rows": 6040724,
                                                                                                                                "Plan Width": 12,
                                                                                                                                "Actual Startup Time": 0.027,
                                                                                                                                "Actual Total Time": 289.321,
                                                                                                                                "Actual Rows": 9061086,
                                                                                                                                "Actual Loops": 4,
                                                                                                                                "Workers": []
                                                                                                                            },
                                                                                                                            {
                                                                                                                                "Node Type": "Hash",
                                                                                                                                "Parent Relationship": "Inner",
                                                                                                                                "Parallel Aware": true,
                                                                                                                                "Async Capable": false,
                                                                                                                                "Startup Cost": 68679.41,
                                                                                                                                "Total Cost": 68679.41,
                                                                                                                                "Plan Rows": 87,
                                                                                                                                "Plan Width": 19,
                                                                                                                                "Actual Startup Time": 112.774,
                                                                                                                                "Actual Total Time": 112.775,
                                                                                                                                "Actual Rows": 2345,
                                                                                                                                "Actual Loops": 4,
                                                                                                                                "Hash Buckets": 16384,
                                                                                                                                "Original Hash Buckets": 1024,
                                                                                                                                "Hash Batches": 1,
                                                                                                                                "Original Hash Batches": 1,
                                                                                                                                "Peak Memory Usage": 824,
                                                                                                                                "Workers": [],
                                                                                                                                "Plans": [
                                                                                                                                    {
                                                                                                                                        "Node Type": "Seq Scan",
                                                                                                                                        "Parent Relationship": "Outer",
                                                                                                                                        "Parallel Aware": true,
                                                                                                                                        "Async Capable": false,
                                                                                                                                        "Relation Name": "name",
                                                                                                                                        "Alias": "n",
                                                                                                                                        "Startup Cost": 0.0,
                                                                                                                                        "Total Cost": 68679.41,
                                                                                                                                        "Plan Rows": 87,
                                                                                                                                        "Plan Width": 19,
                                                                                                                                        "Actual Startup Time": 0.158,
                                                                                                                                        "Actual Total Time": 98.976,
                                                                                                                                        "Actual Rows": 2345,
                                                                                                                                        "Actual Loops": 4,
                                                                                                                                        "Filter": "((name_pcode_nf)::text ~~* '%n52%'::text)",
                                                                                                                                        "Rows Removed by Filter": 1039528,
                                                                                                                                        "Workers": []
                                                                                                                                    }
                                                                                                                                ]
                                                                                                                            }
                                                                                                                        ]
                                                                                                                    }
                                                                                                                ]
                                                                                                            }
                                                                                                        ]
                                                                                                    },
                                                                                                    {
                                                                                                        "Node Type": "Hash",
                                                                                                        "Parent Relationship": "Inner",
                                                                                                        "Parallel Aware": false,
                                                                                                        "Async Capable": false,
                                                                                                        "Startup Cost": 1.1,
                                                                                                        "Total Cost": 1.1,
                                                                                                        "Plan Rows": 4,
                                                                                                        "Plan Width": 4,
                                                                                                        "Actual Startup Time": 0.01,
                                                                                                        "Actual Total Time": 0.011,
                                                                                                        "Actual Rows": 4,
                                                                                                        "Actual Loops": 4,
                                                                                                        "Hash Buckets": 1024,
                                                                                                        "Original Hash Buckets": 1024,
                                                                                                        "Hash Batches": 1,
                                                                                                        "Original Hash Batches": 1,
                                                                                                        "Peak Memory Usage": 9,
                                                                                                        "Workers": [],
                                                                                                        "Plans": [
                                                                                                            {
                                                                                                                "Node Type": "Seq Scan",
                                                                                                                "Parent Relationship": "Outer",
                                                                                                                "Parallel Aware": false,
                                                                                                                "Async Capable": false,
                                                                                                                "Relation Name": "kind_type",
                                                                                                                "Alias": "kt",
                                                                                                                "Startup Cost": 0.0,
                                                                                                                "Total Cost": 1.1,
                                                                                                                "Plan Rows": 4,
                                                                                                                "Plan Width": 4,
                                                                                                                "Actual Startup Time": 0.008,
                                                                                                                "Actual Total Time": 0.009,
                                                                                                                "Actual Rows": 4,
                                                                                                                "Actual Loops": 4,
                                                                                                                "Filter": "((kind)::text = ANY ('{movie,\"tv movie\",\"tv series\",\"video movie\"}'::text[]))",
                                                                                                                "Rows Removed by Filter": 3,
                                                                                                                "Workers": []
                                                                                                            }
                                                                                                        ]
                                                                                                    }
                                                                                                ]
                                                                                            }
                                                                                        ]
                                                                                    }
                                                                                ]
                                                                            },
                                                                            {
                                                                                "Node Type": "Hash",
                                                                                "Parent Relationship": "Inner",
                                                                                "Parallel Aware": false,
                                                                                "Async Capable": false,
                                                                                "Startup Cost": 2349.7,
                                                                                "Total Cost": 2349.7,
                                                                                "Plan Rows": 134170,
                                                                                "Plan Width": 4,
                                                                                "Actual Startup Time": 11.911,
                                                                                "Actual Total Time": 11.911,
                                                                                "Actual Rows": 134170,
                                                                                "Actual Loops": 4,
                                                                                "Hash Buckets": 262144,
                                                                                "Original Hash Buckets": 262144,
                                                                                "Hash Batches": 1,
                                                                                "Original Hash Batches": 1,
                                                                                "Peak Memory Usage": 6765,
                                                                                "Workers": [],
                                                                                "Plans": [
                                                                                    {
                                                                                        "Node Type": "Seq Scan",
                                                                                        "Parent Relationship": "Outer",
                                                                                        "Parallel Aware": false,
                                                                                        "Async Capable": false,
                                                                                        "Relation Name": "keyword",
                                                                                        "Alias": "k",
                                                                                        "Startup Cost": 0.0,
                                                                                        "Total Cost": 2349.7,
                                                                                        "Plan Rows": 134170,
                                                                                        "Plan Width": 4,
                                                                                        "Actual Startup Time": 0.006,
                                                                                        "Actual Total Time": 5.662,
                                                                                        "Actual Rows": 134170,
                                                                                        "Actual Loops": 4,
                                                                                        "Workers": []
                                                                                    }
                                                                                ]
                                                                            }
                                                                        ]
                                                                    },
                                                                    {
                                                                        "Node Type": "Hash",
                                                                        "Parent Relationship": "Inner",
                                                                        "Parallel Aware": false,
                                                                        "Async Capable": false,
                                                                        "Startup Cost": 1.04,
                                                                        "Total Cost": 1.04,
                                                                        "Plan Rows": 4,
                                                                        "Plan Width": 4,
                                                                        "Actual Startup Time": 0.01,
                                                                        "Actual Total Time": 0.011,
                                                                        "Actual Rows": 4,
                                                                        "Actual Loops": 4,
                                                                        "Hash Buckets": 1024,
                                                                        "Original Hash Buckets": 1024,
                                                                        "Hash Batches": 1,
                                                                        "Original Hash Batches": 1,
                                                                        "Peak Memory Usage": 9,
                                                                        "Workers": [],
                                                                        "Plans": [
                                                                            {
                                                                                "Node Type": "Seq Scan",
                                                                                "Parent Relationship": "Outer",
                                                                                "Parallel Aware": false,
                                                                                "Async Capable": false,
                                                                                "Relation Name": "company_type",
                                                                                "Alias": "ct",
                                                                                "Startup Cost": 0.0,
                                                                                "Total Cost": 1.04,
                                                                                "Plan Rows": 4,
                                                                                "Plan Width": 4,
                                                                                "Actual Startup Time": 0.006,
                                                                                "Actual Total Time": 0.006,
                                                                                "Actual Rows": 4,
                                                                                "Actual Loops": 4,
                                                                                "Workers": []
                                                                            }
                                                                        ]
                                                                    }
                                                                ]
                                                            },
                                                            {
                                                                "Node Type": "Hash",
                                                                "Parent Relationship": "Inner",
                                                                "Parallel Aware": false,
                                                                "Async Capable": false,
                                                                "Startup Cost": 1.27,
                                                                "Total Cost": 1.27,
                                                                "Plan Rows": 10,
                                                                "Plan Width": 4,
                                                                "Actual Startup Time": 0.012,
                                                                "Actual Total Time": 0.012,
                                                                "Actual Rows": 10,
                                                                "Actual Loops": 4,
                                                                "Hash Buckets": 1024,
                                                                "Original Hash Buckets": 1024,
                                                                "Hash Batches": 1,
                                                                "Original Hash Batches": 1,
                                                                "Peak Memory Usage": 9,
                                                                "Workers": [],
                                                                "Plans": [
                                                                    {
                                                                        "Node Type": "Seq Scan",
                                                                        "Parent Relationship": "Outer",
                                                                        "Parallel Aware": false,
                                                                        "Async Capable": false,
                                                                        "Relation Name": "role_type",
                                                                        "Alias": "rt",
                                                                        "Startup Cost": 0.0,
                                                                        "Total Cost": 1.27,
                                                                        "Plan Rows": 10,
                                                                        "Plan Width": 4,
                                                                        "Actual Startup Time": 0.008,
                                                                        "Actual Total Time": 0.01,
                                                                        "Actual Rows": 10,
                                                                        "Actual Loops": 4,
                                                                        "Filter": "((role)::text = ANY ('{actor,actress,cinematographer,composer,\"costume designer\",director,editor,\"miscellaneous crew\",\"production designer\",writer}'::text[]))",
                                                                        "Rows Removed by Filter": 2,
                                                                        "Workers": []
                                                                    }
                                                                ]
                                                            }
                                                        ]
                                                    }
                                                ]
                                            }
                                        ]
                                    }
                                ]
                            }
                        ]
                    },
                    "Planning Time": 6.783,
                    "Triggers": [],
                    "Execution Time": 1033.871
                }
            ],
            "hints": [
                "SET enable_hashjoin TO on",
                "SET enable_indexonlyscan TO on",
                "SET enable_indexscan TO on",
                "SET enable_mergejoin TO on",
                "SET enable_nestloop TO off",
                "SET enable_seqscan TO on"
            ]
        },
        {
            "arm": 2,
            "execution_time": 1712.52,
            "plan": [
                {
                    "Plan": {
                        "Node Type": "Sort",
                        "Parallel Aware": false,
                        "Async Capable": false,
                        "Startup Cost": 523957.58,
                        "Total Cost": 523957.58,
                        "Plan Rows": 1,
                        "Plan Width": 59,
                        "Actual Startup Time": 1711.77,
                        "Actual Total Time": 1712.476,
                        "Actual Rows": 23,
                        "Actual Loops": 1,
                        "Sort Key": [
                            "(count(*)) DESC"
                        ],
                        "Sort Method": "quicksort",
                        "Sort Space Used": 27,
                        "Sort Space Type": "Memory",
                        "Plans": [
                            {
                                "Node Type": "Aggregate",
                                "Strategy": "Sorted",
                                "Partial Mode": "Simple",
                                "Parent Relationship": "Outer",
                                "Parallel Aware": false,
                                "Async Capable": false,
                                "Startup Cost": 519928.11,
                                "Total Cost": 523957.57,
                                "Plan Rows": 1,
                                "Plan Width": 59,
                                "Actual Startup Time": 1038.342,
                                "Actual Total Time": 1712.463,
                                "Actual Rows": 23,
                                "Actual Loops": 1,
                                "Group Key": [
                                    "t.title",
                                    "n.name",
                                    "cn.name"
                                ],
                                "Plans": [
                                    {
                                        "Node Type": "Nested Loop",
                                        "Parent Relationship": "Outer",
                                        "Parallel Aware": false,
                                        "Async Capable": false,
                                        "Join Type": "Inner",
                                        "Startup Cost": 519928.11,
                                        "Total Cost": 523957.55,
                                        "Plan Rows": 1,
                                        "Plan Width": 51,
                                        "Actual Startup Time": 997.745,
                                        "Actual Total Time": 1712.354,
                                        "Actual Rows": 1062,
                                        "Actual Loops": 1,
                                        "Inner Unique": true,
                                        "Join Filter": "(ci.role_id = rt.id)",
                                        "Rows Removed by Join Filter": 2226,
                                        "Plans": [
                                            {
                                                "Node Type": "Nested Loop",
                                                "Parent Relationship": "Outer",
                                                "Parallel Aware": false,
                                                "Async Capable": false,
                                                "Join Type": "Inner",
                                                "Startup Cost": 519928.11,
                                                "Total Cost": 523956.15,
                                                "Plan Rows": 1,
                                                "Plan Width": 55,
                                                "Actual Startup Time": 997.736,
                                                "Actual Total Time": 1711.769,
                                                "Actual Rows": 1103,
                                                "Actual Loops": 1,
                                                "Inner Unique": true,
                                                "Join Filter": "(mc.company_type_id = ct.id)",
                                                "Rows Removed by Join Filter": 618,
                                                "Plans": [
                                                    {
                                                        "Node Type": "Nested Loop",
                                                        "Parent Relationship": "Outer",
                                                        "Parallel Aware": false,
                                                        "Async Capable": false,
                                                        "Join Type": "Inner",
                                                        "Startup Cost": 519928.11,
                                                        "Total Cost": 523955.06,
                                                        "Plan Rows": 1,
                                                        "Plan Width": 59,
                                                        "Actual Startup Time": 997.732,
                                                        "Actual Total Time": 1711.409,
                                                        "Actual Rows": 1103,
                                                        "Actual Loops": 1,
                                                        "Inner Unique": true,
                                                        "Join Filter": "(mk.keyword_id = k.id)",
                                                        "Rows Removed by Join Filter": 13861778,
                                                        "Plans": [
                                                            {
                                                                "Node Type": "Gather Merge",
                                                                "Parent Relationship": "Outer",
                                                                "Parallel Aware": false,
                                                                "Async Capable": false,
                                                                "Startup Cost": 519928.11,
                                                                "Total Cost": 519928.24,
                                                                "Plan Rows": 1,
                                                                "Plan Width": 63,
                                                                "Actual Startup Time": 996.033,
                                                                "Actual Total Time": 996.869,
                                                                "Actual Rows": 1103,
                                                                "Actual Loops": 1,
                                                                "Workers Planned": 3,
                                                                "Workers Launched": 3,
                                                                "Plans": [
                                                                    {
                                                                        "Node Type": "Sort",
                                                                        "Parent Relationship": "Outer",
                                                                        "Parallel Aware": false,
                                                                        "Async Capable": false,
                                                                        "Startup Cost": 518928.07,
                                                                        "Total Cost": 518928.08,
                                                                        "Plan Rows": 1,
                                                                        "Plan Width": 63,
                                                                        "Actual Startup Time": 994.317,
                                                                        "Actual Total Time": 994.336,
                                                                        "Actual Rows": 276,
                                                                        "Actual Loops": 4,
                                                                        "Sort Key": [
                                                                            "t.title COLLATE \"C\"",
                                                                            "n.name COLLATE \"C\"",
                                                                            "cn.name COLLATE \"C\""
                                                                        ],
                                                                        "Sort Method": "quicksort",
                                                                        "Sort Space Used": 72,
                                                                        "Sort Space Type": "Memory",
                                                                        "Workers": [
                                                                            {
                                                                                "Worker Number": 0,
                                                                                "Sort Method": "quicksort",
                                                                                "Sort Space Used": 43,
                                                                                "Sort Space Type": "Memory"
                                                                            },
                                                                            {
                                                                                "Worker Number": 1,
                                                                                "Sort Method": "quicksort",
                                                                                "Sort Space Used": 42,
                                                                                "Sort Space Type": "Memory"
                                                                            },
                                                                            {
                                                                                "Worker Number": 2,
                                                                                "Sort Method": "quicksort",
                                                                                "Sort Space Used": 55,
                                                                                "Sort Space Type": "Memory"
                                                                            }
                                                                        ],
                                                                        "Plans": [
                                                                            {
                                                                                "Node Type": "Hash Join",
                                                                                "Parent Relationship": "Outer",
                                                                                "Parallel Aware": true,
                                                                                "Async Capable": false,
                                                                                "Join Type": "Inner",
                                                                                "Startup Cost": 489414.42,
                                                                                "Total Cost": 518928.06,
                                                                                "Plan Rows": 1,
                                                                                "Plan Width": 63,
                                                                                "Actual Startup Time": 961.718,
                                                                                "Actual Total Time": 994.174,
                                                                                "Actual Rows": 276,
                                                                                "Actual Loops": 4,
                                                                                "Inner Unique": false,
                                                                                "Hash Cond": "(mc.movie_id = t.id)",
                                                                                "Workers": [],
                                                                                "Plans": [
                                                                                    {
                                                                                        "Node Type": "Hash Join",
                                                                                        "Parent Relationship": "Outer",
                                                                                        "Parallel Aware": true,
                                                                                        "Async Capable": false,
                                                                                        "Join Type": "Inner",
                                                                                        "Startup Cost": 4802.79,
                                                                                        "Total Cost": 34252.73,
                                                                                        "Plan Rows": 16987,
                                                                                        "Plan Width": 27,
                                                                                        "Actual Startup Time": 8.908,
                                                                                        "Actual Total Time": 58.725,
                                                                                        "Actual Rows": 12908,
                                                                                        "Actual Loops": 4,
                                                                                        "Inner Unique": true,
                                                                                        "Hash Cond": "(mc.company_id = cn.id)",
                                                                                        "Workers": [],
                                                                                        "Plans": [
                                                                                            {
                                                                                                "Node Type": "Seq Scan",
                                                                                                "Parent Relationship": "Outer",
                                                                                                "Parallel Aware": true,
                                                                                                "Async Capable": false,
                                                                                                "Relation Name": "movie_companies",
                                                                                                "Alias": "mc",
                                                                                                "Startup Cost": 0.0,
                                                                                                "Total Cost": 27240.55,
                                                                                                "Plan Rows": 841655,
                                                                                                "Plan Width": 12,
                                                                                                "Actual Startup Time": 0.004,
                                                                                                "Actual Total Time": 24.918,
                                                                                                "Actual Rows": 652282,
                                                                                                "Actual Loops": 4,
                                                                                                "Workers": []
                                                                                            },
                                                                                            {
                                                                                                "Node Type": "Hash",
                                                                                                "Parent Relationship": "Inner",
                                                                                                "Parallel Aware": true,
                                                                                                "Async Capable": false,
                                                                                                "Startup Cost": 4767.92,
                                                                                                "Total Cost": 4767.92,
                                                                                                "Plan Rows": 2790,
                                                                                                "Plan Width": 23,
                                                                                                "Actual Startup Time": 8.842,
                                                                                                "Actual Total Time": 8.843,
                                                                                                "Actual Rows": 1296,
                                                                                                "Actual Loops": 4,
                                                                                                "Hash Buckets": 8192,
                                                                                                "Original Hash Buckets": 8192,
                                                                                                "Hash Batches": 1,
                                                                                                "Original Hash Batches": 1,
                                                                                                "Peak Memory Usage": 448,
                                                                                                "Workers": [],
                                                                                                "Plans": [
                                                                                                    {
                                                                                                        "Node Type": "Seq Scan",
                                                                                                        "Parent Relationship": "Outer",
                                                                                                        "Parallel Aware": true,
                                                                                                        "Async Capable": false,
                                                                                                        "Relation Name": "company_name",
                                                                                                        "Alias": "cn",
                                                                                                        "Startup Cost": 0.0,
                                                                                                        "Total Cost": 4767.92,
                                                                                                        "Plan Rows": 2790,
                                                                                                        "Plan Width": 23,
                                                                                                        "Actual Startup Time": 0.014,
                                                                                                        "Actual Total Time": 8.732,
                                                                                                        "Actual Rows": 1296,
                                                                                                        "Actual Loops": 4,
                                                                                                        "Filter": "(name ~~* '%bo%'::text)",
                                                                                                        "Rows Removed by Filter": 57453,
                                                                                                        "Workers": []
                                                                                                    }
                                                                                                ]
                                                                                            }
                                                                                        ]
                                                                                    },
                                                                                    {
                                                                                        "Node Type": "Hash",
                                                                                        "Parent Relationship": "Inner",
                                                                                        "Parallel Aware": true,
                                                                                        "Async Capable": false,
                                                                                        "Startup Cost": 484611.51,
                                                                                        "Total Cost": 484611.51,
                                                                                        "Plan Rows": 9,
                                                                                        "Plan Width": 52,
                                                                                        "Actual Startup Time": 934.84,
                                                                                        "Actual Total Time": 934.846,
                                                                                        "Actual Rows": 769,
                                                                                        "Actual Loops": 4,
                                                                                        "Hash Buckets": 4096,
                                                                                        "Original Hash Buckets": 1024,
                                                                                        "Hash Batches": 1,
                                                                                        "Original Hash Batches": 1,
                                                                                        "Peak Memory Usage": 376,
                                                                                        "Workers": [],
                                                                                        "Plans": [
                                                                                            {
                                                                                                "Node Type": "Hash Join",
                                                                                                "Parent Relationship": "Outer",
                                                                                                "Parallel Aware": false,
                                                                                                "Async Capable": false,
                                                                                                "Join Type": "Inner",
                                                                                                "Startup Cost": 441655.98,
                                                                                                "Total Cost": 484611.51,
                                                                                                "Plan Rows": 9,
                                                                                                "Plan Width": 52,
                                                                                                "Actual Startup Time": 834.13,
                                                                                                "Actual Total Time": 902.245,
                                                                                                "Actual Rows": 769,
                                                                                                "Actual Loops": 4,
                                                                                                "Inner Unique": true,
                                                                                                "Hash Cond": "(t.kind_id = kt.id)",
                                                                                                "Workers": [],
                                                                                                "Plans": [
                                                                                                    {
                                                                                                        "Node Type": "Hash Join",
                                                                                                        "Parent Relationship": "Outer",
                                                                                                        "Parallel Aware": true,
                                                                                                        "Async Capable": false,
                                                                                                        "Join Type": "Inner",
                                                                                                        "Startup Cost": 441654.83,
                                                                                                        "Total Cost": 484610.29,
                                                                                                        "Plan Rows": 16,
                                                                                                        "Plan Width": 56,
                                                                                                        "Actual Startup Time": 829.842,
                                                                                                        "Actual Total Time": 902.167,
                                                                                                        "Actual Rows": 843,
                                                                                                        "Actual Loops": 4,
                                                                                                        "Inner Unique": false,
                                                                                                        "Hash Cond": "(t.id = ci.movie_id)",
                                                                                                        "Workers": [],
                                                                                                        "Plans": [
                                                                                                            {
                                                                                                                "Node Type": "Hash Join",
                                                                                                                "Parent Relationship": "Outer",
                                                                                                                "Parallel Aware": true,
                                                                                                                "Async Capable": false,
                                                                                                                "Join Type": "Inner",
                                                                                                                "Startup Cost": 43983.88,
                                                                                                                "Total Cost": 86887.96,
                                                                                                                "Plan Rows": 13695,
                                                                                                                "Plan Width": 33,
                                                                                                                "Actual Startup Time": 76.658,
                                                                                                                "Actual Total Time": 149.683,
                                                                                                                "Actual Rows": 9930,
                                                                                                                "Actual Loops": 4,
                                                                                                                "Inner Unique": true,
                                                                                                                "Hash Cond": "(mk.movie_id = t.id)",
                                                                                                                "Workers": [],
                                                                                                                "Plans": [
                                                                                                                    {
                                                                                                                        "Node Type": "Seq Scan",
                                                                                                                        "Parent Relationship": "Outer",
                                                                                                                        "Parallel Aware": true,
                                                                                                                        "Async Capable": false,
                                                                                                                        "Relation Name": "movie_keyword",
                                                                                                                        "Alias": "mk",
                                                                                                                        "Startup Cost": 0.0,
                                                                                                                        "Total Cost": 39073.32,
                                                                                                                        "Plan Rows": 1459332,
                                                                                                                        "Plan Width": 8,
                                                                                                                        "Actual Startup Time": 0.006,
                                                                                                                        "Actual Total Time": 39.742,
                                                                                                                        "Actual Rows": 1130982,
                                                                                                                        "Actual Loops": 4,
                                                                                                                        "Workers": []
                                                                                                                    },
                                                                                                                    {
                                                                                                                        "Node Type": "Hash",
                                                                                                                        "Parent Relationship": "Inner",
                                                                                                                        "Parallel Aware": true,
                                                                                                                        "Async Capable": false,
                                                                                                                        "Startup Cost": 43909.73,
                                                                                                                        "Total Cost": 43909.73,
                                                                                                                        "Plan Rows": 5932,
                                                                                                                        "Plan Width": 25,
                                                                                                                        "Actual Startup Time": 76.541,
                                                                                                                        "Actual Total Time": 76.541,
                                                                                                                        "Actual Rows": 2200,
                                                                                                                        "Actual Loops": 4,
                                                                                                                        "Hash Buckets": 32768,
                                                                                                                        "Original Hash Buckets": 32768,
                                                                                                                        "Hash Batches": 1,
                                                                                                                        "Original Hash Batches": 1,
                                                                                                                        "Peak Memory Usage": 896,
                                                                                                                        "Workers": [],
                                                                                                                        "Plans": [
                                                                                                                            {
                                                                                                                                "Node Type": "Seq Scan",
                                                                                                                                "Parent Relationship": "Outer",
                                                                                                                                "Parallel Aware": true,
                                                                                                                                "Async Capable": false,
                                                                                                                                "Relation Name": "title",
                                                                                                                                "Alias": "t",
                                                                                                                                "Startup Cost": 0.0,
                                                                                                                                "Total Cost": 43909.73,
                                                                                                                                "Plan Rows": 5932,
                                                                                                                                "Plan Width": 25,
                                                                                                                                "Actual Startup Time": 0.023,
                                                                                                                                "Actual Total Time": 76.209,
                                                                                                                                "Actual Rows": 2200,
                                                                                                                                "Actual Loops": 4,
                                                                                                                                "Filter": "(title ~~* '%boy%'::text)",
                                                                                                                                "Rows Removed by Filter": 629878,
                                                                                                                                "Workers": []
                                                                                                                            }
                                                                                                                        ]
                                                                                                                    }
                                                                                                                ]
                                                                                                            },
                                                                                                            {
                                                                                                                "Node Type": "Hash",
                                                                                                                "Parent Relationship": "Inner",
                                                                                                                "Parallel Aware": true,
                                                                                                                "Async Capable": false,
                                                                                                                "Startup Cost": 397664.65,
                                                                                                                "Total Cost": 397664.65,
                                                                                                                "Plan Rows": 504,
                                                                                                                "Plan Width": 23,
                                                                                                                "Actual Startup Time": 751.939,
                                                                                                                "Actual Total Time": 751.941,
                                                                                                                "Actual Rows": 20703,
                                                                                                                "Actual Loops": 4,
                                                                                                                "Hash Buckets": 131072,
                                                                                                                "Original Hash Buckets": 4096,
                                                                                                                "Hash Batches": 1,
                                                                                                                "Original Hash Batches": 1,
                                                                                                                "Peak Memory Usage": 6752,
                                                                                                                "Workers": [],
                                                                                                                "Plans": [
                                                                                                                    {
                                                                                                                        "Node Type": "Hash Join",
                                                                                                                        "Parent Relationship": "Outer",
                                                                                                                        "Parallel Aware": true,
                                                                                                                        "Async Capable": false,
                                                                                                                        "Join Type": "Inner",
                                                                                                                        "Startup Cost": 68680.5,
                                                                                                                        "Total Cost": 397664.65,
                                                                                                                        "Plan Rows": 504,
                                                                                                                        "Plan Width": 23,
                                                                                                                        "Actual Startup Time": 124.079,
                                                                                                                        "Actual Total Time": 696.756,
                                                                                                                        "Actual Rows": 20703,
                                                                                                                        "Actual Loops": 4,
                                                                                                                        "Inner Unique": true,
                                                                                                                        "Hash Cond": "(ci.person_id = n.id)",
                                                                                                                        "Workers": [],
                                                                                                                        "Plans": [
                                                                                                                            {
                                                                                                                                "Node Type": "Seq Scan",
                                                                                                                                "Parent Relationship": "Outer",
                                                                                                                                "Parallel Aware": true,
                                                                                                                                "Async Capable": false,
                                                                                                                                "Relation Name": "cast_info",
                                                                                                                                "Alias": "ci",
                                                                                                                                "Startup Cost": 0.0,
                                                                                                                                "Total Cost": 313127.24,
                                                                                                                                "Plan Rows": 6040724,
                                                                                                                                "Plan Width": 12,
                                                                                                                                "Actual Startup Time": 0.037,
                                                                                                                                "Actual Total Time": 289.946,
                                                                                                                                "Actual Rows": 9061086,
                                                                                                                                "Actual Loops": 4,
                                                                                                                                "Workers": []
                                                                                                                            },
                                                                                                                            {
                                                                                                                                "Node Type": "Hash",
                                                                                                                                "Parent Relationship": "Inner",
                                                                                                                                "Parallel Aware": true,
                                                                                                                                "Async Capable": false,
                                                                                                                                "Startup Cost": 68679.41,
                                                                                                                                "Total Cost": 68679.41,
                                                                                                                                "Plan Rows": 87,
                                                                                                                                "Plan Width": 19,
                                                                                                                                "Actual Startup Time": 123.692,
                                                                                                                                "Actual Total Time": 123.692,
                                                                                                                                "Actual Rows": 2345,
                                                                                                                                "Actual Loops": 4,
                                                                                                                                "Hash Buckets": 16384,
                                                                                                                                "Original Hash Buckets": 1024,
                                                                                                                                "Hash Batches": 1,
                                                                                                                                "Original Hash Batches": 1,
                                                                                                                                "Peak Memory Usage": 824,
                                                                                                                                "Workers": [],
                                                                                                                                "Plans": [
                                                                                                                                    {
                                                                                                                                        "Node Type": "Seq Scan",
                                                                                                                                        "Parent Relationship": "Outer",
                                                                                                                                        "Parallel Aware": true,
                                                                                                                                        "Async Capable": false,
                                                                                                                                        "Relation Name": "name",
                                                                                                                                        "Alias": "n",
                                                                                                                                        "Startup Cost": 0.0,
                                                                                                                                        "Total Cost": 68679.41,
                                                                                                                                        "Plan Rows": 87,
                                                                                                                                        "Plan Width": 19,
                                                                                                                                        "Actual Startup Time": 0.343,
                                                                                                                                        "Actual Total Time": 104.826,
                                                                                                                                        "Actual Rows": 2345,
                                                                                                                                        "Actual Loops": 4,
                                                                                                                                        "Filter": "((name_pcode_nf)::text ~~* '%n52%'::text)",
                                                                                                                                        "Rows Removed by Filter": 1039528,
                                                                                                                                        "Workers": []
                                                                                                                                    }
                                                                                                                                ]
                                                                                                                            }
                                                                                                                        ]
                                                                                                                    }
                                                                                                                ]
                                                                                                            }
                                                                                                        ]
                                                                                                    },
                                                                                                    {
                                                                                                        "Node Type": "Hash",
                                                                                                        "Parent Relationship": "Inner",
                                                                                                        "Parallel Aware": false,
                                                                                                        "Async Capable": false,
                                                                                                        "Startup Cost": 1.1,
                                                                                                        "Total Cost": 1.1,
                                                                                                        "Plan Rows": 4,
                                                                                                        "Plan Width": 4,
                                                                                                        "Actual Startup Time": 0.014,
                                                                                                        "Actual Total Time": 0.014,
                                                                                                        "Actual Rows": 4,
                                                                                                        "Actual Loops": 4,
                                                                                                        "Hash Buckets": 1024,
                                                                                                        "Original Hash Buckets": 1024,
                                                                                                        "Hash Batches": 1,
                                                                                                        "Original Hash Batches": 1,
                                                                                                        "Peak Memory Usage": 9,
                                                                                                        "Workers": [],
                                                                                                        "Plans": [
                                                                                                            {
                                                                                                                "Node Type": "Seq Scan",
                                                                                                                "Parent Relationship": "Outer",
                                                                                                                "Parallel Aware": false,
                                                                                                                "Async Capable": false,
                                                                                                                "Relation Name": "kind_type",
                                                                                                                "Alias": "kt",
                                                                                                                "Startup Cost": 0.0,
                                                                                                                "Total Cost": 1.1,
                                                                                                                "Plan Rows": 4,
                                                                                                                "Plan Width": 4,
                                                                                                                "Actual Startup Time": 0.011,
                                                                                                                "Actual Total Time": 0.012,
                                                                                                                "Actual Rows": 4,
                                                                                                                "Actual Loops": 4,
                                                                                                                "Filter": "((kind)::text = ANY ('{movie,\"tv movie\",\"tv series\",\"video movie\"}'::text[]))",
                                                                                                                "Rows Removed by Filter": 3,
                                                                                                                "Workers": []
                                                                                                            }
                                                                                                        ]
                                                                                                    }
                                                                                                ]
                                                                                            }
                                                                                        ]
                                                                                    }
                                                                                ]
                                                                            }
                                                                        ]
                                                                    }
                                                                ]
                                                            },
                                                            {
                                                                "Node Type": "Seq Scan",
                                                                "Parent Relationship": "Inner",
                                                                "Parallel Aware": false,
                                                                "Async Capable": false,
                                                                "Relation Name": "keyword",
                                                                "Alias": "k",
                                                                "Startup Cost": 0.0,
                                                                "Total Cost": 2349.7,
                                                                "Plan Rows": 134170,
                                                                "Plan Width": 4,
                                                                "Actual Startup Time": 0.001,
                                                                "Actual Total Time": 0.351,
                                                                "Actual Rows": 12568,
                                                                "Actual Loops": 1103
                                                            }
                                                        ]
                                                    },
                                                    {
                                                        "Node Type": "Seq Scan",
                                                        "Parent Relationship": "Inner",
                                                        "Parallel Aware": false,
                                                        "Async Capable": false,
                                                        "Relation Name": "company_type",
                                                        "Alias": "ct",
                                                        "Startup Cost": 0.0,
                                                        "Total Cost": 1.04,
                                                        "Plan Rows": 4,
                                                        "Plan Width": 4,
                                                        "Actual Startup Time": 0.0,
                                                        "Actual Total Time": 0.0,
                                                        "Actual Rows": 2,
                                                        "Actual Loops": 1103
                                                    }
                                                ]
                                            },
                                            {
                                                "Node Type": "Seq Scan",
                                                "Parent Relationship": "Inner",
                                                "Parallel Aware": false,
                                                "Async Capable": false,
                                                "Relation Name": "role_type",
                                                "Alias": "rt",
                                                "Startup Cost": 0.0,
                                                "Total Cost": 1.27,
                                                "Plan Rows": 10,
                                                "Plan Width": 4,
                                                "Actual Startup Time": 0.0,
                                                "Actual Total Time": 0.0,
                                                "Actual Rows": 3,
                                                "Actual Loops": 1103,
                                                "Filter": "((role)::text = ANY ('{actor,actress,cinematographer,composer,\"costume designer\",director,editor,\"miscellaneous crew\",\"production designer\",writer}'::text[]))",
                                                "Rows Removed by Filter": 0
                                            }
                                        ]
                                    }
                                ]
                            }
                        ]
                    },
                    "Planning Time": 3.802,
                    "Triggers": [],
                    "Execution Time": 1712.52
                }
            ],
            "hints": [
                "SET enable_hashjoin TO on",
                "SET enable_indexonlyscan TO on",
                "SET enable_indexscan TO off",
                "SET enable_mergejoin TO off",
                "SET enable_nestloop TO on",
                "SET enable_seqscan TO on"
            ]
        },
        {
            "arm": 3,
            "execution_time": 1006.507,
            "plan": [
                {
                    "Plan": {
                        "Node Type": "Sort",
                        "Parallel Aware": false,
                        "Async Capable": false,
                        "Startup Cost": 523957.58,
                        "Total Cost": 523957.59,
                        "Plan Rows": 1,
                        "Plan Width": 59,
                        "Actual Startup Time": 986.418,
                        "Actual Total Time": 1006.443,
                        "Actual Rows": 23,
                        "Actual Loops": 1,
                        "Sort Key": [
                            "(count(*)) DESC"
                        ],
                        "Sort Method": "quicksort",
                        "Sort Space Used": 27,
                        "Sort Space Type": "Memory",
                        "Plans": [
                            {
                                "Node Type": "Aggregate",
                                "Strategy": "Sorted",
                                "Partial Mode": "Simple",
                                "Parent Relationship": "Outer",
                                "Parallel Aware": false,
                                "Async Capable": false,
                                "Startup Cost": 523957.43,
                                "Total Cost": 523957.57,
                                "Plan Rows": 1,
                                "Plan Width": 59,
                                "Actual Startup Time": 986.301,
                                "Actual Total Time": 1006.437,
                                "Actual Rows": 23,
                                "Actual Loops": 1,
                                "Group Key": [
                                    "t.title",
                                    "n.name",
                                    "cn.name"
                                ],
                                "Plans": [
                                    {
                                        "Node Type": "Gather Merge",
                                        "Parent Relationship": "Outer",
                                        "Parallel Aware": false,
                                        "Async Capable": false,
                                        "Startup Cost": 523957.43,
                                        "Total Cost": 523957.55,
                                        "Plan Rows": 1,
                                        "Plan Width": 51,
                                        "Actual Startup Time": 986.29,
                                        "Actual Total Time": 1006.375,
                                        "Actual Rows": 1062,
                                        "Actual Loops": 1,
                                        "Workers Planned": 3,
                                        "Workers Launched": 3,
                                        "Plans": [
                                            {
                                                "Node Type": "Sort",
                                                "Parent Relationship": "Outer",
                                                "Parallel Aware": false,
                                                "Async Capable": false,
                                                "Startup Cost": 522957.39,
                                                "Total Cost": 522957.4,
                                                "Plan Rows": 1,
                                                "Plan Width": 51,
                                                "Actual Startup Time": 984.439,
                                                "Actual Total Time": 984.455,
                                                "Actual Rows": 266,
                                                "Actual Loops": 4,
                                                "Sort Key": [
                                                    "t.title COLLATE \"C\"",
                                                    "n.name COLLATE \"C\"",
                                                    "cn.name COLLATE \"C\""
                                                ],
                                                "Sort Method": "quicksort",
                                                "Sort Space Used": 50,
                                                "Sort Space Type": "Memory",
                                                "Workers": [
                                                    {
                                                        "Worker Number": 0,
                                                        "Sort Method": "quicksort",
                                                        "Sort Space Used": 40,
                                                        "Sort Space Type": "Memory"
                                                    },
                                                    {
                                                        "Worker Number": 1,
                                                        "Sort Method": "quicksort",
                                                        "Sort Space Used": 75,
                                                        "Sort Space Type": "Memory"
                                                    },
                                                    {
                                                        "Worker Number": 2,
                                                        "Sort Method": "quicksort",
                                                        "Sort Space Used": 28,
                                                        "Sort Space Type": "Memory"
                                                    }
                                                ],
                                                "Plans": [
                                                    {
                                                        "Node Type": "Hash Join",
                                                        "Parent Relationship": "Outer",
                                                        "Parallel Aware": false,
                                                        "Async Capable": false,
                                                        "Join Type": "Inner",
                                                        "Startup Cost": 493443.73,
                                                        "Total Cost": 522957.38,
                                                        "Plan Rows": 1,
                                                        "Plan Width": 51,
                                                        "Actual Startup Time": 952.713,
                                                        "Actual Total Time": 984.33,
                                                        "Actual Rows": 266,
                                                        "Actual Loops": 4,
                                                        "Inner Unique": true,
                                                        "Hash Cond": "(ci.role_id = rt.id)",
                                                        "Workers": [],
                                                        "Plans": [
                                                            {
                                                                "Node Type": "Hash Join",
                                                                "Parent Relationship": "Outer",
                                                                "Parallel Aware": false,
                                                                "Async Capable": false,
                                                                "Join Type": "Inner",
                                                                "Startup Cost": 493442.33,
                                                                "Total Cost": 522955.98,
                                                                "Plan Rows": 1,
                                                                "Plan Width": 55,
                                                                "Actual Startup Time": 952.458,
                                                                "Actual Total Time": 984.241,
                                                                "Actual Rows": 276,
                                                                "Actual Loops": 4,
                                                                "Inner Unique": true,
                                                                "Hash Cond": "(mc.company_type_id = ct.id)",
                                                                "Workers": [],
                                                                "Plans": [
                                                                    {
                                                                        "Node Type": "Hash Join",
                                                                        "Parent Relationship": "Outer",
                                                                        "Parallel Aware": false,
                                                                        "Async Capable": false,
                                                                        "Join Type": "Inner",
                                                                        "Startup Cost": 493441.24,
                                                                        "Total Cost": 522954.89,
                                                                        "Plan Rows": 1,
                                                                        "Plan Width": 59,
                                                                        "Actual Startup Time": 952.444,
                                                                        "Actual Total Time": 984.209,
                                                                        "Actual Rows": 276,
                                                                        "Actual Loops": 4,
                                                                        "Inner Unique": true,
                                                                        "Hash Cond": "(mk.keyword_id = k.id)",
                                                                        "Workers": [],
                                                                        "Plans": [
                                                                            {
                                                                                "Node Type": "Hash Join",
                                                                                "Parent Relationship": "Outer",
                                                                                "Parallel Aware": true,
                                                                                "Async Capable": false,
                                                                                "Join Type": "Inner",
                                                                                "Startup Cost": 489414.42,
                                                                                "Total Cost": 518928.06,
                                                                                "Plan Rows": 1,
                                                                                "Plan Width": 63,
                                                                                "Actual Startup Time": 940.103,
                                                                                "Actual Total Time": 971.792,
                                                                                "Actual Rows": 276,
                                                                                "Actual Loops": 4,
                                                                                "Inner Unique": false,
                                                                                "Hash Cond": "(mc.movie_id = t.id)",
                                                                                "Workers": [],
                                                                                "Plans": [
                                                                                    {
                                                                                        "Node Type": "Hash Join",
                                                                                        "Parent Relationship": "Outer",
                                                                                        "Parallel Aware": true,
                                                                                        "Async Capable": false,
                                                                                        "Join Type": "Inner",
                                                                                        "Startup Cost": 4802.79,
                                                                                        "Total Cost": 34252.73,
                                                                                        "Plan Rows": 16987,
                                                                                        "Plan Width": 27,
                                                                                        "Actual Startup Time": 7.202,
                                                                                        "Actual Total Time": 56.159,
                                                                                        "Actual Rows": 12908,
                                                                                        "Actual Loops": 4,
                                                                                        "Inner Unique": true,
                                                                                        "Hash Cond": "(mc.company_id = cn.id)",
                                                                                        "Workers": [],
                                                                                        "Plans": [
                                                                                            {
                                                                                                "Node Type": "Seq Scan",
                                                                                                "Parent Relationship": "Outer",
                                                                                                "Parallel Aware": true,
                                                                                                "Async Capable": false,
                                                                                                "Relation Name": "movie_companies",
                                                                                                "Alias": "mc",
                                                                                                "Startup Cost": 0.0,
                                                                                                "Total Cost": 27240.55,
                                                                                                "Plan Rows": 841655,
                                                                                                "Plan Width": 12,
                                                                                                "Actual Startup Time": 0.007,
                                                                                                "Actual Total Time": 24.437,
                                                                                                "Actual Rows": 652282,
                                                                                                "Actual Loops": 4,
                                                                                                "Workers": []
                                                                                            },
                                                                                            {
                                                                                                "Node Type": "Hash",
                                                                                                "Parent Relationship": "Inner",
                                                                                                "Parallel Aware": true,
                                                                                                "Async Capable": false,
                                                                                                "Startup Cost": 4767.92,
                                                                                                "Total Cost": 4767.92,
                                                                                                "Plan Rows": 2790,
                                                                                                "Plan Width": 23,
                                                                                                "Actual Startup Time": 7.138,
                                                                                                "Actual Total Time": 7.138,
                                                                                                "Actual Rows": 1296,
                                                                                                "Actual Loops": 4,
                                                                                                "Hash Buckets": 8192,
                                                                                                "Original Hash Buckets": 8192,
                                                                                                "Hash Batches": 1,
                                                                                                "Original Hash Batches": 1,
                                                                                                "Peak Memory Usage": 448,
                                                                                                "Workers": [],
                                                                                                "Plans": [
                                                                                                    {
                                                                                                        "Node Type": "Seq Scan",
                                                                                                        "Parent Relationship": "Outer",
                                                                                                        "Parallel Aware": true,
                                                                                                        "Async Capable": false,
                                                                                                        "Relation Name": "company_name",
                                                                                                        "Alias": "cn",
                                                                                                        "Startup Cost": 0.0,
                                                                                                        "Total Cost": 4767.92,
                                                                                                        "Plan Rows": 2790,
                                                                                                        "Plan Width": 23,
                                                                                                        "Actual Startup Time": 0.012,
                                                                                                        "Actual Total Time": 7.039,
                                                                                                        "Actual Rows": 1296,
                                                                                                        "Actual Loops": 4,
                                                                                                        "Filter": "(name ~~* '%bo%'::text)",
                                                                                                        "Rows Removed by Filter": 57453,
                                                                                                        "Workers": []
                                                                                                    }
                                                                                                ]
                                                                                            }
                                                                                        ]
                                                                                    },
                                                                                    {
                                                                                        "Node Type": "Hash",
                                                                                        "Parent Relationship": "Inner",
                                                                                        "Parallel Aware": true,
                                                                                        "Async Capable": false,
                                                                                        "Startup Cost": 484611.51,
                                                                                        "Total Cost": 484611.51,
                                                                                        "Plan Rows": 9,
                                                                                        "Plan Width": 52,
                                                                                        "Actual Startup Time": 915.072,
                                                                                        "Actual Total Time": 915.078,
                                                                                        "Actual Rows": 769,
                                                                                        "Actual Loops": 4,
                                                                                        "Hash Buckets": 4096,
                                                                                        "Original Hash Buckets": 1024,
                                                                                        "Hash Batches": 1,
                                                                                        "Original Hash Batches": 1,
                                                                                        "Peak Memory Usage": 440,
                                                                                        "Workers": [],
                                                                                        "Plans": [
                                                                                            {
                                                                                                "Node Type": "Hash Join",
                                                                                                "Parent Relationship": "Outer",
                                                                                                "Parallel Aware": false,
                                                                                                "Async Capable": false,
                                                                                                "Join Type": "Inner",
                                                                                                "Startup Cost": 441655.98,
                                                                                                "Total Cost": 484611.51,
                                                                                                "Plan Rows": 9,
                                                                                                "Plan Width": 52,
                                                                                                "Actual Startup Time": 809.501,
                                                                                                "Actual Total Time": 877.175,
                                                                                                "Actual Rows": 769,
                                                                                                "Actual Loops": 4,
                                                                                                "Inner Unique": true,
                                                                                                "Hash Cond": "(t.kind_id = kt.id)",
                                                                                                "Workers": [],
                                                                                                "Plans": [
                                                                                                    {
                                                                                                        "Node Type": "Hash Join",
                                                                                                        "Parent Relationship": "Outer",
                                                                                                        "Parallel Aware": true,
                                                                                                        "Async Capable": false,
                                                                                                        "Join Type": "Inner",
                                                                                                        "Startup Cost": 441654.83,
                                                                                                        "Total Cost": 484610.29,
                                                                                                        "Plan Rows": 16,
                                                                                                        "Plan Width": 56,
                                                                                                        "Actual Startup Time": 803.933,
                                                                                                        "Actual Total Time": 877.094,
                                                                                                        "Actual Rows": 843,
                                                                                                        "Actual Loops": 4,
                                                                                                        "Inner Unique": false,
                                                                                                        "Hash Cond": "(t.id = ci.movie_id)",
                                                                                                        "Workers": [],
                                                                                                        "Plans": [
                                                                                                            {
                                                                                                                "Node Type": "Hash Join",
                                                                                                                "Parent Relationship": "Outer",
                                                                                                                "Parallel Aware": true,
                                                                                                                "Async Capable": false,
                                                                                                                "Join Type": "Inner",
                                                                                                                "Startup Cost": 43983.88,
                                                                                                                "Total Cost": 86887.96,
                                                                                                                "Plan Rows": 13695,
                                                                                                                "Plan Width": 33,
                                                                                                                "Actual Startup Time": 75.412,
                                                                                                                "Actual Total Time": 149.118,
                                                                                                                "Actual Rows": 9930,
                                                                                                                "Actual Loops": 4,
                                                                                                                "Inner Unique": true,
                                                                                                                "Hash Cond": "(mk.movie_id = t.id)",
                                                                                                                "Workers": [],
                                                                                                                "Plans": [
                                                                                                                    {
                                                                                                                        "Node Type": "Seq Scan",
                                                                                                                        "Parent Relationship": "Outer",
                                                                                                                        "Parallel Aware": true,
                                                                                                                        "Async Capable": false,
                                                                                                                        "Relation Name": "movie_keyword",
                                                                                                                        "Alias": "mk",
                                                                                                                        "Startup Cost": 0.0,
                                                                                                                        "Total Cost": 39073.32,
                                                                                                                        "Plan Rows": 1459332,
                                                                                                                        "Plan Width": 8,
                                                                                                                        "Actual Startup Time": 0.004,
                                                                                                                        "Actual Total Time": 40.17,
                                                                                                                        "Actual Rows": 1130982,
                                                                                                                        "Actual Loops": 4,
                                                                                                                        "Workers": []
                                                                                                                    },
                                                                                                                    {
                                                                                                                        "Node Type": "Hash",
                                                                                                                        "Parent Relationship": "Inner",
                                                                                                                        "Parallel Aware": true,
                                                                                                                        "Async Capable": false,
                                                                                                                        "Startup Cost": 43909.73,
                                                                                                                        "Total Cost": 43909.73,
                                                                                                                        "Plan Rows": 5932,
                                                                                                                        "Plan Width": 25,
                                                                                                                        "Actual Startup Time": 75.32,
                                                                                                                        "Actual Total Time": 75.32,
                                                                                                                        "Actual Rows": 2200,
                                                                                                                        "Actual Loops": 4,
                                                                                                                        "Hash Buckets": 32768,
                                                                                                                        "Original Hash Buckets": 32768,
                                                                                                                        "Hash Batches": 1,
                                                                                                                        "Original Hash Batches": 1,
                                                                                                                        "Peak Memory Usage": 896,
                                                                                                                        "Workers": [],
                                                                                                                        "Plans": [
                                                                                                                            {
                                                                                                                                "Node Type": "Seq Scan",
                                                                                                                                "Parent Relationship": "Outer",
                                                                                                                                "Parallel Aware": true,
                                                                                                                                "Async Capable": false,
                                                                                                                                "Relation Name": "title",
                                                                                                                                "Alias": "t",
                                                                                                                                "Startup Cost": 0.0,
                                                                                                                                "Total Cost": 43909.73,
                                                                                                                                "Plan Rows": 5932,
                                                                                                                                "Plan Width": 25,
                                                                                                                                "Actual Startup Time": 0.022,
                                                                                                                                "Actual Total Time": 74.99,
                                                                                                                                "Actual Rows": 2200,
                                                                                                                                "Actual Loops": 4,
                                                                                                                                "Filter": "(title ~~* '%boy%'::text)",
                                                                                                                                "Rows Removed by Filter": 629878,
                                                                                                                                "Workers": []
                                                                                                                            }
                                                                                                                        ]
                                                                                                                    }
                                                                                                                ]
                                                                                                            },
                                                                                                            {
                                                                                                                "Node Type": "Hash",
                                                                                                                "Parent Relationship": "Inner",
                                                                                                                "Parallel Aware": true,
                                                                                                                "Async Capable": false,
                                                                                                                "Startup Cost": 397664.65,
                                                                                                                "Total Cost": 397664.65,
                                                                                                                "Plan Rows": 504,
                                                                                                                "Plan Width": 23,
                                                                                                                "Actual Startup Time": 727.418,
                                                                                                                "Actual Total Time": 727.42,
                                                                                                                "Actual Rows": 20703,
                                                                                                                "Actual Loops": 4,
                                                                                                                "Hash Buckets": 131072,
                                                                                                                "Original Hash Buckets": 4096,
                                                                                                                "Hash Batches": 1,
                                                                                                                "Original Hash Batches": 1,
                                                                                                                "Peak Memory Usage": 6752,
                                                                                                                "Workers": [],
                                                                                                                "Plans": [
                                                                                                                    {
                                                                                                                        "Node Type": "Hash Join",
                                                                                                                        "Parent Relationship": "Outer",
                                                                                                                        "Parallel Aware": true,
                                                                                                                        "Async Capable": false,
                                                                                                                        "Join Type": "Inner",
                                                                                                                        "Startup Cost": 68680.5,
                                                                                                                        "Total Cost": 397664.65,
                                                                                                                        "Plan Rows": 504,
                                                                                                                        "Plan Width": 23,
                                                                                                                        "Actual Startup Time": 114.056,
                                                                                                                        "Actual Total Time": 689.819,
                                                                                                                        "Actual Rows": 20703,
                                                                                                                        "Actual Loops": 4,
                                                                                                                        "Inner Unique": true,
                                                                                                                        "Hash Cond": "(ci.person_id = n.id)",
                                                                                                                        "Workers": [],
                                                                                                                        "Plans": [
                                                                                                                            {
                                                                                                                                "Node Type": "Seq Scan",
                                                                                                                                "Parent Relationship": "Outer",
                                                                                                                                "Parallel Aware": true,
                                                                                                                                "Async Capable": false,
                                                                                                                                "Relation Name": "cast_info",
                                                                                                                                "Alias": "ci",
                                                                                                                                "Startup Cost": 0.0,
                                                                                                                                "Total Cost": 313127.24,
                                                                                                                                "Plan Rows": 6040724,
                                                                                                                                "Plan Width": 12,
                                                                                                                                "Actual Startup Time": 0.031,
                                                                                                                                "Actual Total Time": 288.27,
                                                                                                                                "Actual Rows": 9061086,
                                                                                                                                "Actual Loops": 4,
                                                                                                                                "Workers": []
                                                                                                                            },
                                                                                                                            {
                                                                                                                                "Node Type": "Hash",
                                                                                                                                "Parent Relationship": "Inner",
                                                                                                                                "Parallel Aware": true,
                                                                                                                                "Async Capable": false,
                                                                                                                                "Startup Cost": 68679.41,
                                                                                                                                "Total Cost": 68679.41,
                                                                                                                                "Plan Rows": 87,
                                                                                                                                "Plan Width": 19,
                                                                                                                                "Actual Startup Time": 113.569,
                                                                                                                                "Actual Total Time": 113.57,
                                                                                                                                "Actual Rows": 2345,
                                                                                                                                "Actual Loops": 4,
                                                                                                                                "Hash Buckets": 16384,
                                                                                                                                "Original Hash Buckets": 1024,
                                                                                                                                "Hash Batches": 1,
                                                                                                                                "Original Hash Batches": 1,
                                                                                                                                "Peak Memory Usage": 824,
                                                                                                                                "Workers": [],
                                                                                                                                "Plans": [
                                                                                                                                    {
                                                                                                                                        "Node Type": "Seq Scan",
                                                                                                                                        "Parent Relationship": "Outer",
                                                                                                                                        "Parallel Aware": true,
                                                                                                                                        "Async Capable": false,
                                                                                                                                        "Relation Name": "name",
                                                                                                                                        "Alias": "n",
                                                                                                                                        "Startup Cost": 0.0,
                                                                                                                                        "Total Cost": 68679.41,
                                                                                                                                        "Plan Rows": 87,
                                                                                                                                        "Plan Width": 19,
                                                                                                                                        "Actual Startup Time": 0.242,
                                                                                                                                        "Actual Total Time": 99.059,
                                                                                                                                        "Actual Rows": 2345,
                                                                                                                                        "Actual Loops": 4,
                                                                                                                                        "Filter": "((name_pcode_nf)::text ~~* '%n52%'::text)",
                                                                                                                                        "Rows Removed by Filter": 1039528,
                                                                                                                                        "Workers": []
                                                                                                                                    }
                                                                                                                                ]
                                                                                                                            }
                                                                                                                        ]
                                                                                                                    }
                                                                                                                ]
                                                                                                            }
                                                                                                        ]
                                                                                                    },
                                                                                                    {
                                                                                                        "Node Type": "Hash",
                                                                                                        "Parent Relationship": "Inner",
                                                                                                        "Parallel Aware": false,
                                                                                                        "Async Capable": false,
                                                                                                        "Startup Cost": 1.1,
                                                                                                        "Total Cost": 1.1,
                                                                                                        "Plan Rows": 4,
                                                                                                        "Plan Width": 4,
                                                                                                        "Actual Startup Time": 0.012,
                                                                                                        "Actual Total Time": 0.013,
                                                                                                        "Actual Rows": 4,
                                                                                                        "Actual Loops": 4,
                                                                                                        "Hash Buckets": 1024,
                                                                                                        "Original Hash Buckets": 1024,
                                                                                                        "Hash Batches": 1,
                                                                                                        "Original Hash Batches": 1,
                                                                                                        "Peak Memory Usage": 9,
                                                                                                        "Workers": [],
                                                                                                        "Plans": [
                                                                                                            {
                                                                                                                "Node Type": "Seq Scan",
                                                                                                                "Parent Relationship": "Outer",
                                                                                                                "Parallel Aware": false,
                                                                                                                "Async Capable": false,
                                                                                                                "Relation Name": "kind_type",
                                                                                                                "Alias": "kt",
                                                                                                                "Startup Cost": 0.0,
                                                                                                                "Total Cost": 1.1,
                                                                                                                "Plan Rows": 4,
                                                                                                                "Plan Width": 4,
                                                                                                                "Actual Startup Time": 0.01,
                                                                                                                "Actual Total Time": 0.01,
                                                                                                                "Actual Rows": 4,
                                                                                                                "Actual Loops": 4,
                                                                                                                "Filter": "((kind)::text = ANY ('{movie,\"tv movie\",\"tv series\",\"video movie\"}'::text[]))",
                                                                                                                "Rows Removed by Filter": 3,
                                                                                                                "Workers": []
                                                                                                            }
                                                                                                        ]
                                                                                                    }
                                                                                                ]
                                                                                            }
                                                                                        ]
                                                                                    }
                                                                                ]
                                                                            },
                                                                            {
                                                                                "Node Type": "Hash",
                                                                                "Parent Relationship": "Inner",
                                                                                "Parallel Aware": false,
                                                                                "Async Capable": false,
                                                                                "Startup Cost": 2349.7,
                                                                                "Total Cost": 2349.7,
                                                                                "Plan Rows": 134170,
                                                                                "Plan Width": 4,
                                                                                "Actual Startup Time": 11.993,
                                                                                "Actual Total Time": 11.994,
                                                                                "Actual Rows": 134170,
                                                                                "Actual Loops": 4,
                                                                                "Hash Buckets": 262144,
                                                                                "Original Hash Buckets": 262144,
                                                                                "Hash Batches": 1,
                                                                                "Original Hash Batches": 1,
                                                                                "Peak Memory Usage": 6765,
                                                                                "Workers": [],
                                                                                "Plans": [
                                                                                    {
                                                                                        "Node Type": "Seq Scan",
                                                                                        "Parent Relationship": "Outer",
                                                                                        "Parallel Aware": false,
                                                                                        "Async Capable": false,
                                                                                        "Relation Name": "keyword",
                                                                                        "Alias": "k",
                                                                                        "Startup Cost": 0.0,
                                                                                        "Total Cost": 2349.7,
                                                                                        "Plan Rows": 134170,
                                                                                        "Plan Width": 4,
                                                                                        "Actual Startup Time": 0.006,
                                                                                        "Actual Total Time": 5.619,
                                                                                        "Actual Rows": 134170,
                                                                                        "Actual Loops": 4,
                                                                                        "Workers": []
                                                                                    }
                                                                                ]
                                                                            }
                                                                        ]
                                                                    },
                                                                    {
                                                                        "Node Type": "Hash",
                                                                        "Parent Relationship": "Inner",
                                                                        "Parallel Aware": false,
                                                                        "Async Capable": false,
                                                                        "Startup Cost": 1.04,
                                                                        "Total Cost": 1.04,
                                                                        "Plan Rows": 4,
                                                                        "Plan Width": 4,
                                                                        "Actual Startup Time": 0.008,
                                                                        "Actual Total Time": 0.008,
                                                                        "Actual Rows": 4,
                                                                        "Actual Loops": 4,
                                                                        "Hash Buckets": 1024,
                                                                        "Original Hash Buckets": 1024,
                                                                        "Hash Batches": 1,
                                                                        "Original Hash Batches": 1,
                                                                        "Peak Memory Usage": 9,
                                                                        "Workers": [],
                                                                        "Plans": [
                                                                            {
                                                                                "Node Type": "Seq Scan",
                                                                                "Parent Relationship": "Outer",
                                                                                "Parallel Aware": false,
                                                                                "Async Capable": false,
                                                                                "Relation Name": "company_type",
                                                                                "Alias": "ct",
                                                                                "Startup Cost": 0.0,
                                                                                "Total Cost": 1.04,
                                                                                "Plan Rows": 4,
                                                                                "Plan Width": 4,
                                                                                "Actual Startup Time": 0.007,
                                                                                "Actual Total Time": 0.007,
                                                                                "Actual Rows": 4,
                                                                                "Actual Loops": 4,
                                                                                "Workers": []
                                                                            }
                                                                        ]
                                                                    }
                                                                ]
                                                            },
                                                            {
                                                                "Node Type": "Hash",
                                                                "Parent Relationship": "Inner",
                                                                "Parallel Aware": false,
                                                                "Async Capable": false,
                                                                "Startup Cost": 1.27,
                                                                "Total Cost": 1.27,
                                                                "Plan Rows": 10,
                                                                "Plan Width": 4,
                                                                "Actual Startup Time": 0.014,
                                                                "Actual Total Time": 0.015,
                                                                "Actual Rows": 10,
                                                                "Actual Loops": 4,
                                                                "Hash Buckets": 1024,
                                                                "Original Hash Buckets": 1024,
                                                                "Hash Batches": 1,
                                                                "Original Hash Batches": 1,
                                                                "Peak Memory Usage": 9,
                                                                "Workers": [],
                                                                "Plans": [
                                                                    {
                                                                        "Node Type": "Seq Scan",
                                                                        "Parent Relationship": "Outer",
                                                                        "Parallel Aware": false,
                                                                        "Async Capable": false,
                                                                        "Relation Name": "role_type",
                                                                        "Alias": "rt",
                                                                        "Startup Cost": 0.0,
                                                                        "Total Cost": 1.27,
                                                                        "Plan Rows": 10,
                                                                        "Plan Width": 4,
                                                                        "Actual Startup Time": 0.011,
                                                                        "Actual Total Time": 0.012,
                                                                        "Actual Rows": 10,
                                                                        "Actual Loops": 4,
                                                                        "Filter": "((role)::text = ANY ('{actor,actress,cinematographer,composer,\"costume designer\",director,editor,\"miscellaneous crew\",\"production designer\",writer}'::text[]))",
                                                                        "Rows Removed by Filter": 2,
                                                                        "Workers": []
                                                                    }
                                                                ]
                                                            }
                                                        ]
                                                    }
                                                ]
                                            }
                                        ]
                                    }
                                ]
                            }
                        ]
                    },
                    "Planning Time": 3.981,
                    "Triggers": [],
                    "Execution Time": 1006.507
                }
            ],
            "hints": [
                "SET enable_hashjoin TO on",
                "SET enable_indexonlyscan TO on",
                "SET enable_indexscan TO off",
                "SET enable_mergejoin TO off",
                "SET enable_nestloop TO off",
                "SET enable_seqscan TO on"
            ]
        },
        {
            "arm": 4,
            "execution_time": 116.254,
            "plan": [
                {
                    "Plan": {
                        "Node Type": "Sort",
                        "Parallel Aware": false,
                        "Async Capable": false,
                        "Startup Cost": 44762.45,
                        "Total Cost": 44762.46,
                        "Plan Rows": 1,
                        "Plan Width": 59,
                        "Actual Startup Time": 104.047,
                        "Actual Total Time": 116.193,
                        "Actual Rows": 23,
                        "Actual Loops": 1,
                        "Sort Key": [
                            "(count(*)) DESC"
                        ],
                        "Sort Method": "quicksort",
                        "Sort Space Used": 27,
                        "Sort Space Type": "Memory",
                        "Plans": [
                            {
                                "Node Type": "Aggregate",
                                "Strategy": "Sorted",
                                "Partial Mode": "Simple",
                                "Parent Relationship": "Outer",
                                "Parallel Aware": false,
                                "Async Capable": false,
                                "Startup Cost": 44762.42,
                                "Total Cost": 44762.44,
                                "Plan Rows": 1,
                                "Plan Width": 59,
                                "Actual Startup Time": 103.964,
                                "Actual Total Time": 116.186,
                                "Actual Rows": 23,
                                "Actual Loops": 1,
                                "Group Key": [
                                    "t.title",
                                    "n.name",
                                    "cn.name"
                                ],
                                "Plans": [
                                    {
                                        "Node Type": "Sort",
                                        "Parent Relationship": "Outer",
                                        "Parallel Aware": false,
                                        "Async Capable": false,
                                        "Startup Cost": 44762.42,
                                        "Total Cost": 44762.42,
                                        "Plan Rows": 1,
                                        "Plan Width": 51,
                                        "Actual Startup Time": 103.954,
                                        "Actual Total Time": 116.122,
                                        "Actual Rows": 1062,
                                        "Actual Loops": 1,
                                        "Sort Key": [
                                            "t.title COLLATE \"C\"",
                                            "n.name COLLATE \"C\"",
                                            "cn.name COLLATE \"C\""
                                        ],
                                        "Sort Method": "quicksort",
                                        "Sort Space Used": 143,
                                        "Sort Space Type": "Memory",
                                        "Plans": [
                                            {
                                                "Node Type": "Nested Loop",
                                                "Parent Relationship": "Outer",
                                                "Parallel Aware": false,
                                                "Async Capable": false,
                                                "Join Type": "Inner",
                                                "Startup Cost": 5807.63,
                                                "Total Cost": 44762.41,
                                                "Plan Rows": 1,
                                                "Plan Width": 51,
                                                "Actual Startup Time": 40.538,
                                                "Actual Total Time": 115.914,
                                                "Actual Rows": 1062,
                                                "Actual Loops": 1,
                                                "Inner Unique": true,
                                                "Plans": [
                                                    {
                                                        "Node Type": "Nested Loop",
                                                        "Parent Relationship": "Outer",
                                                        "Parallel Aware": false,
                                                        "Async Capable": false,
                                                        "Join Type": "Inner",
                                                        "Startup Cost": 5807.5,
                                                        "Total Cost": 44762.25,
                                                        "Plan Rows": 1,
                                                        "Plan Width": 55,
                                                        "Actual Startup Time": 40.533,
                                                        "Actual Total Time": 115.582,
                                                        "Actual Rows": 1062,
                                                        "Actual Loops": 1,
                                                        "Inner Unique": true,
                                                        "Plans": [
                                                            {
                                                                "Node Type": "Nested Loop",
                                                                "Parent Relationship": "Outer",
                                                                "Parallel Aware": false,
                                                                "Async Capable": false,
                                                                "Join Type": "Inner",
                                                                "Startup Cost": 5807.08,
                                                                "Total Cost": 44761.82,
                                                                "Plan Rows": 1,
                                                                "Plan Width": 59,
                                                                "Actual Startup Time": 40.524,
                                                                "Actual Total Time": 114.477,
                                                                "Actual Rows": 1062,
                                                                "Actual Loops": 1,
                                                                "Inner Unique": false,
                                                                "Join Filter": "(t.id = mk.movie_id)",
                                                                "Rows Removed by Join Filter": 0,
                                                                "Plans": [
                                                                    {
                                                                        "Node Type": "Gather",
                                                                        "Parent Relationship": "Outer",
                                                                        "Parallel Aware": false,
                                                                        "Async Capable": false,
                                                                        "Startup Cost": 5806.64,
                                                                        "Total Cost": 44760.0,
                                                                        "Plan Rows": 1,
                                                                        "Plan Width": 67,
                                                                        "Actual Startup Time": 40.515,
                                                                        "Actual Total Time": 114.277,
                                                                        "Actual Rows": 25,
                                                                        "Actual Loops": 1,
                                                                        "Workers Planned": 3,
                                                                        "Workers Launched": 3,
                                                                        "Single Copy": false,
                                                                        "Plans": [
                                                                            {
                                                                                "Node Type": "Nested Loop",
                                                                                "Parent Relationship": "Outer",
                                                                                "Parallel Aware": false,
                                                                                "Async Capable": false,
                                                                                "Join Type": "Inner",
                                                                                "Startup Cost": 4806.64,
                                                                                "Total Cost": 43759.9,
                                                                                "Plan Rows": 1,
                                                                                "Plan Width": 67,
                                                                                "Actual Startup Time": 37.4,
                                                                                "Actual Total Time": 100.631,
                                                                                "Actual Rows": 6,
                                                                                "Actual Loops": 4,
                                                                                "Inner Unique": true,
                                                                                "Workers": [],
                                                                                "Plans": [
                                                                                    {
                                                                                        "Node Type": "Hash Join",
                                                                                        "Parent Relationship": "Outer",
                                                                                        "Parallel Aware": false,
                                                                                        "Async Capable": false,
                                                                                        "Join Type": "Inner",
                                                                                        "Startup Cost": 4806.21,
                                                                                        "Total Cost": 43262.73,
                                                                                        "Plan Rows": 1086,
                                                                                        "Plan Width": 56,
                                                                                        "Actual Startup Time": 11.314,
                                                                                        "Actual Total Time": 89.203,
                                                                                        "Actual Rows": 3594,
                                                                                        "Actual Loops": 4,
                                                                                        "Inner Unique": true,
                                                                                        "Hash Cond": "(ci.role_id = rt.id)",
                                                                                        "Workers": [],
                                                                                        "Plans": [
                                                                                            {
                                                                                                "Node Type": "Nested Loop",
                                                                                                "Parent Relationship": "Outer",
                                                                                                "Parallel Aware": false,
                                                                                                "Async Capable": false,
                                                                                                "Join Type": "Inner",
                                                                                                "Startup Cost": 4804.82,
                                                                                                "Total Cost": 43256.7,
                                                                                                "Plan Rows": 1304,
                                                                                                "Plan Width": 60,
                                                                                                "Actual Startup Time": 11.266,
                                                                                                "Actual Total Time": 88.876,
                                                                                                "Actual Rows": 4036,
                                                                                                "Actual Loops": 4,
                                                                                                "Inner Unique": false,
                                                                                                "Join Filter": "(t.id = ci.movie_id)",
                                                                                                "Rows Removed by Join Filter": 0,
                                                                                                "Workers": [],
                                                                                                "Plans": [
                                                                                                    {
                                                                                                        "Node Type": "Hash Join",
                                                                                                        "Parent Relationship": "Outer",
                                                                                                        "Parallel Aware": false,
                                                                                                        "Async Capable": false,
                                                                                                        "Join Type": "Inner",
                                                                                                        "Startup Cost": 4804.38,
                                                                                                        "Total Cost": 43070.9,
                                                                                                        "Plan Rows": 91,
                                                                                                        "Plan Width": 48,
                                                                                                        "Actual Startup Time": 11.251,
                                                                                                        "Actual Total Time": 84.531,
                                                                                                        "Actual Rows": 147,
                                                                                                        "Actual Loops": 4,
                                                                                                        "Inner Unique": true,
                                                                                                        "Hash Cond": "(t.kind_id = kt.id)",
                                                                                                        "Workers": [],
                                                                                                        "Plans": [
                                                                                                            {
                                                                                                                "Node Type": "Nested Loop",
                                                                                                                "Parent Relationship": "Outer",
                                                                                                                "Parallel Aware": false,
                                                                                                                "Async Capable": false,
                                                                                                                "Join Type": "Inner",
                                                                                                                "Startup Cost": 4803.22,
                                                                                                                "Total Cost": 43069.07,
                                                                                                                "Plan Rows": 159,
                                                                                                                "Plan Width": 52,
                                                                                                                "Actual Startup Time": 8.221,
                                                                                                                "Actual Total Time": 84.501,
                                                                                                                "Actual Rows": 168,
                                                                                                                "Actual Loops": 4,
                                                                                                                "Inner Unique": true,
                                                                                                                "Workers": [],
                                                                                                                "Plans": [
                                                                                                                    {
                                                                                                                        "Node Type": "Hash Join",
                                                                                                                        "Parent Relationship": "Outer",
                                                                                                                        "Parallel Aware": true,
                                                                                                                        "Async Capable": false,
                                                                                                                        "Join Type": "Inner",
                                                                                                                        "Startup Cost": 4802.79,
                                                                                                                        "Total Cost": 34252.73,
                                                                                                                        "Plan Rows": 16987,
                                                                                                                        "Plan Width": 27,
                                                                                                                        "Actual Startup Time": 7.608,
                                                                                                                        "Actual Total Time": 58.66,
                                                                                                                        "Actual Rows": 12908,
                                                                                                                        "Actual Loops": 4,
                                                                                                                        "Inner Unique": true,
                                                                                                                        "Hash Cond": "(mc.company_id = cn.id)",
                                                                                                                        "Workers": [],
                                                                                                                        "Plans": [
                                                                                                                            {
                                                                                                                                "Node Type": "Seq Scan",
                                                                                                                                "Parent Relationship": "Outer",
                                                                                                                                "Parallel Aware": true,
                                                                                                                                "Async Capable": false,
                                                                                                                                "Relation Name": "movie_companies",
                                                                                                                                "Alias": "mc",
                                                                                                                                "Startup Cost": 0.0,
                                                                                                                                "Total Cost": 27240.55,
                                                                                                                                "Plan Rows": 841655,
                                                                                                                                "Plan Width": 12,
                                                                                                                                "Actual Startup Time": 0.003,
                                                                                                                                "Actual Total Time": 26.228,
                                                                                                                                "Actual Rows": 652282,
                                                                                                                                "Actual Loops": 4,
                                                                                                                                "Workers": []
                                                                                                                            },
                                                                                                                            {
                                                                                                                                "Node Type": "Hash",
                                                                                                                                "Parent Relationship": "Inner",
                                                                                                                                "Parallel Aware": true,
                                                                                                                                "Async Capable": false,
                                                                                                                                "Startup Cost": 4767.92,
                                                                                                                                "Total Cost": 4767.92,
                                                                                                                                "Plan Rows": 2790,
                                                                                                                                "Plan Width": 23,
                                                                                                                                "Actual Startup Time": 7.511,
                                                                                                                                "Actual Total Time": 7.512,
                                                                                                                                "Actual Rows": 1296,
                                                                                                                                "Actual Loops": 4,
                                                                                                                                "Hash Buckets": 8192,
                                                                                                                                "Original Hash Buckets": 8192,
                                                                                                                                "Hash Batches": 1,
                                                                                                                                "Original Hash Batches": 1,
                                                                                                                                "Peak Memory Usage": 480,
                                                                                                                                "Workers": [],
                                                                                                                                "Plans": [
                                                                                                                                    {
                                                                                                                                        "Node Type": "Seq Scan",
                                                                                                                                        "Parent Relationship": "Outer",
                                                                                                                                        "Parallel Aware": true,
                                                                                                                                        "Async Capable": false,
                                                                                                                                        "Relation Name": "company_name",
                                                                                                                                        "Alias": "cn",
                                                                                                                                        "Startup Cost": 0.0,
                                                                                                                                        "Total Cost": 4767.92,
                                                                                                                                        "Plan Rows": 2790,
                                                                                                                                        "Plan Width": 23,
                                                                                                                                        "Actual Startup Time": 0.012,
                                                                                                                                        "Actual Total Time": 7.399,
                                                                                                                                        "Actual Rows": 1296,
                                                                                                                                        "Actual Loops": 4,
                                                                                                                                        "Filter": "(name ~~* '%bo%'::text)",
                                                                                                                                        "Rows Removed by Filter": 57453,
                                                                                                                                        "Workers": []
                                                                                                                                    }
                                                                                                                                ]
                                                                                                                            }
                                                                                                                        ]
                                                                                                                    },
                                                                                                                    {
                                                                                                                        "Node Type": "Index Scan",
                                                                                                                        "Parent Relationship": "Inner",
                                                                                                                        "Parallel Aware": false,
                                                                                                                        "Async Capable": false,
                                                                                                                        "Scan Direction": "Forward",
                                                                                                                        "Index Name": "title_pkey",
                                                                                                                        "Relation Name": "title",
                                                                                                                        "Alias": "t",
                                                                                                                        "Startup Cost": 0.43,
                                                                                                                        "Total Cost": 0.52,
                                                                                                                        "Plan Rows": 1,
                                                                                                                        "Plan Width": 25,
                                                                                                                        "Actual Startup Time": 0.002,
                                                                                                                        "Actual Total Time": 0.002,
                                                                                                                        "Actual Rows": 0,
                                                                                                                        "Actual Loops": 51632,
                                                                                                                        "Index Cond": "(id = mc.movie_id)",
                                                                                                                        "Rows Removed by Index Recheck": 0,
                                                                                                                        "Filter": "(title ~~* '%boy%'::text)",
                                                                                                                        "Rows Removed by Filter": 1,
                                                                                                                        "Workers": []
                                                                                                                    }
                                                                                                                ]
                                                                                                            },
                                                                                                            {
                                                                                                                "Node Type": "Hash",
                                                                                                                "Parent Relationship": "Inner",
                                                                                                                "Parallel Aware": false,
                                                                                                                "Async Capable": false,
                                                                                                                "Startup Cost": 1.1,
                                                                                                                "Total Cost": 1.1,
                                                                                                                "Plan Rows": 4,
                                                                                                                "Plan Width": 4,
                                                                                                                "Actual Startup Time": 0.006,
                                                                                                                "Actual Total Time": 0.006,
                                                                                                                "Actual Rows": 4,
                                                                                                                "Actual Loops": 4,
                                                                                                                "Hash Buckets": 1024,
                                                                                                                "Original Hash Buckets": 1024,
                                                                                                                "Hash Batches": 1,
                                                                                                                "Original Hash Batches": 1,
                                                                                                                "Peak Memory Usage": 9,
                                                                                                                "Workers": [],
                                                                                                                "Plans": [
                                                                                                                    {
                                                                                                                        "Node Type": "Seq Scan",
                                                                                                                        "Parent Relationship": "Outer",
                                                                                                                        "Parallel Aware": false,
                                                                                                                        "Async Capable": false,
                                                                                                                        "Relation Name": "kind_type",
                                                                                                                        "Alias": "kt",
                                                                                                                        "Startup Cost": 0.0,
                                                                                                                        "Total Cost": 1.1,
                                                                                                                        "Plan Rows": 4,
                                                                                                                        "Plan Width": 4,
                                                                                                                        "Actual Startup Time": 0.005,
                                                                                                                        "Actual Total Time": 0.005,
                                                                                                                        "Actual Rows": 4,
                                                                                                                        "Actual Loops": 4,
                                                                                                                        "Filter": "((kind)::text = ANY ('{movie,\"tv movie\",\"tv series\",\"video movie\"}'::text[]))",
                                                                                                                        "Rows Removed by Filter": 3,
                                                                                                                        "Workers": []
                                                                                                                    }
                                                                                                                ]
                                                                                                            }
                                                                                                        ]
                                                                                                    },
                                                                                                    {
                                                                                                        "Node Type": "Index Scan",
                                                                                                        "Parent Relationship": "Inner",
                                                                                                        "Parallel Aware": false,
                                                                                                        "Async Capable": false,
                                                                                                        "Scan Direction": "Forward",
                                                                                                        "Index Name": "movie_id_cast_info",
                                                                                                        "Relation Name": "cast_info",
                                                                                                        "Alias": "ci",
                                                                                                        "Startup Cost": 0.44,
                                                                                                        "Total Cost": 1.57,
                                                                                                        "Plan Rows": 38,
                                                                                                        "Plan Width": 12,
                                                                                                        "Actual Startup Time": 0.003,
                                                                                                        "Actual Total Time": 0.027,
                                                                                                        "Actual Rows": 27,
                                                                                                        "Actual Loops": 589,
                                                                                                        "Index Cond": "(movie_id = mc.movie_id)",
                                                                                                        "Rows Removed by Index Recheck": 0,
                                                                                                        "Workers": []
                                                                                                    }
                                                                                                ]
                                                                                            },
                                                                                            {
                                                                                                "Node Type": "Hash",
                                                                                                "Parent Relationship": "Inner",
                                                                                                "Parallel Aware": false,
                                                                                                "Async Capable": false,
                                                                                                "Startup Cost": 1.27,
                                                                                                "Total Cost": 1.27,
                                                                                                "Plan Rows": 10,
                                                                                                "Plan Width": 4,
                                                                                                "Actual Startup Time": 0.011,
                                                                                                "Actual Total Time": 0.011,
                                                                                                "Actual Rows": 10,
                                                                                                "Actual Loops": 4,
                                                                                                "Hash Buckets": 1024,
                                                                                                "Original Hash Buckets": 1024,
                                                                                                "Hash Batches": 1,
                                                                                                "Original Hash Batches": 1,
                                                                                                "Peak Memory Usage": 9,
                                                                                                "Workers": [],
                                                                                                "Plans": [
                                                                                                    {
                                                                                                        "Node Type": "Seq Scan",
                                                                                                        "Parent Relationship": "Outer",
                                                                                                        "Parallel Aware": false,
                                                                                                        "Async Capable": false,
                                                                                                        "Relation Name": "role_type",
                                                                                                        "Alias": "rt",
                                                                                                        "Startup Cost": 0.0,
                                                                                                        "Total Cost": 1.27,
                                                                                                        "Plan Rows": 10,
                                                                                                        "Plan Width": 4,
                                                                                                        "Actual Startup Time": 0.007,
                                                                                                        "Actual Total Time": 0.009,
                                                                                                        "Actual Rows": 10,
                                                                                                        "Actual Loops": 4,
                                                                                                        "Filter": "((role)::text = ANY ('{actor,actress,cinematographer,composer,\"costume designer\",director,editor,\"miscellaneous crew\",\"production designer\",writer}'::text[]))",
                                                                                                        "Rows Removed by Filter": 2,
                                                                                                        "Workers": []
                                                                                                    }
                                                                                                ]
                                                                                            }
                                                                                        ]
                                                                                    },
                                                                                    {
                                                                                        "Node Type": "Index Scan",
                                                                                        "Parent Relationship": "Inner",
                                                                                        "Parallel Aware": false,
                                                                                        "Async Capable": false,
                                                                                        "Scan Direction": "Forward",
                                                                                        "Index Name": "name_pkey",
                                                                                        "Relation Name": "name",
                                                                                        "Alias": "n",
                                                                                        "Startup Cost": 0.43,
                                                                                        "Total Cost": 0.46,
                                                                                        "Plan Rows": 1,
                                                                                        "Plan Width": 19,
                                                                                        "Actual Startup Time": 0.003,
                                                                                        "Actual Total Time": 0.003,
                                                                                        "Actual Rows": 0,
                                                                                        "Actual Loops": 14374,
                                                                                        "Index Cond": "(id = ci.person_id)",
                                                                                        "Rows Removed by Index Recheck": 0,
                                                                                        "Filter": "((name_pcode_nf)::text ~~* '%n52%'::text)",
                                                                                        "Rows Removed by Filter": 1,
                                                                                        "Workers": []
                                                                                    }
                                                                                ]
                                                                            }
                                                                        ]
                                                                    },
                                                                    {
                                                                        "Node Type": "Index Scan",
                                                                        "Parent Relationship": "Inner",
                                                                        "Parallel Aware": false,
                                                                        "Async Capable": false,
                                                                        "Scan Direction": "Forward",
                                                                        "Index Name": "movie_id_movie_keyword",
                                                                        "Relation Name": "movie_keyword",
                                                                        "Alias": "mk",
                                                                        "Startup Cost": 0.43,
                                                                        "Total Cost": 1.24,
                                                                        "Plan Rows": 46,
                                                                        "Plan Width": 8,
                                                                        "Actual Startup Time": 0.003,
                                                                        "Actual Total Time": 0.005,
                                                                        "Actual Rows": 42,
                                                                        "Actual Loops": 25,
                                                                        "Index Cond": "(movie_id = ci.movie_id)",
                                                                        "Rows Removed by Index Recheck": 0
                                                                    }
                                                                ]
                                                            },
                                                            {
                                                                "Node Type": "Index Only Scan",
                                                                "Parent Relationship": "Inner",
                                                                "Parallel Aware": false,
                                                                "Async Capable": false,
                                                                "Scan Direction": "Forward",
                                                                "Index Name": "keyword_pkey",
                                                                "Relation Name": "keyword",
                                                                "Alias": "k",
                                                                "Startup Cost": 0.42,
                                                                "Total Cost": 0.44,
                                                                "Plan Rows": 1,
                                                                "Plan Width": 4,
                                                                "Actual Startup Time": 0.001,
                                                                "Actual Total Time": 0.001,
                                                                "Actual Rows": 1,
                                                                "Actual Loops": 1062,
                                                                "Index Cond": "(id = mk.keyword_id)",
                                                                "Rows Removed by Index Recheck": 0,
                                                                "Heap Fetches": 1062
                                                            }
                                                        ]
                                                    },
                                                    {
                                                        "Node Type": "Index Only Scan",
                                                        "Parent Relationship": "Inner",
                                                        "Parallel Aware": false,
                                                        "Async Capable": false,
                                                        "Scan Direction": "Forward",
                                                        "Index Name": "company_type_pkey",
                                                        "Relation Name": "company_type",
                                                        "Alias": "ct",
                                                        "Startup Cost": 0.13,
                                                        "Total Cost": 0.15,
                                                        "Plan Rows": 1,
                                                        "Plan Width": 4,
                                                        "Actual Startup Time": 0.0,
                                                        "Actual Total Time": 0.0,
                                                        "Actual Rows": 1,
                                                        "Actual Loops": 1062,
                                                        "Index Cond": "(id = mc.company_type_id)",
                                                        "Rows Removed by Index Recheck": 0,
                                                        "Heap Fetches": 1062
                                                    }
                                                ]
                                            }
                                        ]
                                    }
                                ]
                            }
                        ]
                    },
                    "Planning Time": 4.414,
                    "Triggers": [],
                    "Execution Time": 116.254
                }
            ],
            "hints": [
                "SET enable_hashjoin TO on",
                "SET enable_indexonlyscan TO on",
                "SET enable_indexscan TO on",
                "SET enable_mergejoin TO off",
                "SET enable_nestloop TO on",
                "SET enable_seqscan TO on"
            ]
        }
    ]
}