{
    "sql_file": "3b2.sql",
    "query": "SELECT t.title, n.name, cn.name, COUNT(*)\nFROM title as t,\nmovie_keyword as mk,\nkeyword as k,\nmovie_companies as mc,\ncompany_name as cn,\ncompany_type as ct,\nkind_type as kt,\ncast_info as ci,\nname as n,\nrole_type as rt\nWHERE t.id = mk.movie_id\nAND t.id = mc.movie_id\nAND t.id = ci.movie_id\nAND ci.movie_id = mc.movie_id\nAND ci.movie_id = mk.movie_id\nAND mk.movie_id = mc.movie_id\nAND k.id = mk.keyword_id\nAND cn.id = mc.company_id\nAND ct.id = mc.company_type_id\nAND kt.id = t.kind_id\nAND ci.person_id = n.id\nAND ci.role_id = rt.id\nAND (t.title ILIKE '%ma%')\nAND (n.surname_pcode ILIKE '%c61%')\nAND (cn.name ILIKE '%le%')\nAND (kt.kind IN ('tv movie','tv series','video game','video movie'))\nAND (rt.role IN ('actress','composer','editor','production designer'))\nGROUP BY t.title, n.name, cn.name\nORDER BY COUNT(*) DESC",
    "results": [
        {
            "arm": 0,
            "execution_time": 217.339,
            "plan": [
                {
                    "Plan": {
                        "Node Type": "Sort",
                        "Parallel Aware": false,
                        "Async Capable": false,
                        "Startup Cost": 97478.16,
                        "Total Cost": 97479.93,
                        "Plan Rows": 710,
                        "Plan Width": 59,
                        "Actual Startup Time": 193.925,
                        "Actual Total Time": 217.284,
                        "Actual Rows": 44,
                        "Actual Loops": 1,
                        "Sort Key": [
                            "(count(*)) DESC"
                        ],
                        "Sort Method": "quicksort",
                        "Sort Space Used": 29,
                        "Sort Space Type": "Memory",
                        "Plans": [
                            {
                                "Node Type": "Aggregate",
                                "Strategy": "Sorted",
                                "Partial Mode": "Simple",
                                "Parent Relationship": "Outer",
                                "Parallel Aware": false,
                                "Async Capable": false,
                                "Startup Cost": 97345.32,
                                "Total Cost": 97444.54,
                                "Plan Rows": 710,
                                "Plan Width": 59,
                                "Actual Startup Time": 193.831,
                                "Actual Total Time": 217.275,
                                "Actual Rows": 44,
                                "Actual Loops": 1,
                                "Group Key": [
                                    "t.title",
                                    "n.name",
                                    "cn.name"
                                ],
                                "Plans": [
                                    {
                                        "Node Type": "Gather Merge",
                                        "Parent Relationship": "Outer",
                                        "Parallel Aware": false,
                                        "Async Capable": false,
                                        "Startup Cost": 97345.32,
                                        "Total Cost": 97430.34,
                                        "Plan Rows": 710,
                                        "Plan Width": 51,
                                        "Actual Startup Time": 193.823,
                                        "Actual Total Time": 217.229,
                                        "Actual Rows": 695,
                                        "Actual Loops": 1,
                                        "Workers Planned": 4,
                                        "Workers Launched": 4,
                                        "Plans": [
                                            {
                                                "Node Type": "Sort",
                                                "Parent Relationship": "Outer",
                                                "Parallel Aware": false,
                                                "Async Capable": false,
                                                "Startup Cost": 96345.26,
                                                "Total Cost": 96345.71,
                                                "Plan Rows": 178,
                                                "Plan Width": 51,
                                                "Actual Startup Time": 191.99,
                                                "Actual Total Time": 191.999,
                                                "Actual Rows": 139,
                                                "Actual Loops": 5,
                                                "Sort Key": [
                                                    "t.title COLLATE \"C\"",
                                                    "n.name COLLATE \"C\"",
                                                    "cn.name COLLATE \"C\""
                                                ],
                                                "Sort Method": "quicksort",
                                                "Sort Space Used": 48,
                                                "Sort Space Type": "Memory",
                                                "Workers": [
                                                    {
                                                        "Worker Number": 0,
                                                        "Sort Method": "quicksort",
                                                        "Sort Space Used": 29,
                                                        "Sort Space Type": "Memory"
                                                    },
                                                    {
                                                        "Worker Number": 1,
                                                        "Sort Method": "quicksort",
                                                        "Sort Space Used": 34,
                                                        "Sort Space Type": "Memory"
                                                    },
                                                    {
                                                        "Worker Number": 2,
                                                        "Sort Method": "quicksort",
                                                        "Sort Space Used": 31,
                                                        "Sort Space Type": "Memory"
                                                    },
                                                    {
                                                        "Worker Number": 3,
                                                        "Sort Method": "quicksort",
                                                        "Sort Space Used": 40,
                                                        "Sort Space Type": "Memory"
                                                    }
                                                ],
                                                "Plans": [
                                                    {
                                                        "Node Type": "Nested Loop",
                                                        "Parent Relationship": "Outer",
                                                        "Parallel Aware": false,
                                                        "Async Capable": false,
                                                        "Join Type": "Inner",
                                                        "Startup Cost": 5018.1,
                                                        "Total Cost": 96338.61,
                                                        "Plan Rows": 178,
                                                        "Plan Width": 51,
                                                        "Actual Startup Time": 49.109,
                                                        "Actual Total Time": 191.936,
                                                        "Actual Rows": 139,
                                                        "Actual Loops": 5,
                                                        "Inner Unique": true,
                                                        "Workers": [],
                                                        "Plans": [
                                                            {
                                                                "Node Type": "Nested Loop",
                                                                "Parent Relationship": "Outer",
                                                                "Parallel Aware": false,
                                                                "Async Capable": false,
                                                                "Join Type": "Inner",
                                                                "Startup Cost": 5017.68,
                                                                "Total Cost": 96260.5,
                                                                "Plan Rows": 178,
                                                                "Plan Width": 55,
                                                                "Actual Startup Time": 49.084,
                                                                "Actual Total Time": 191.559,
                                                                "Actual Rows": 139,
                                                                "Actual Loops": 5,
                                                                "Inner Unique": false,
                                                                "Join Filter": "(t.id = mk.movie_id)",
                                                                "Rows Removed by Join Filter": 0,
                                                                "Workers": [],
                                                                "Plans": [
                                                                    {
                                                                        "Node Type": "Hash Join",
                                                                        "Parent Relationship": "Outer",
                                                                        "Parallel Aware": false,
                                                                        "Async Capable": false,
                                                                        "Join Type": "Inner",
                                                                        "Startup Cost": 5017.24,
                                                                        "Total Cost": 96080.7,
                                                                        "Plan Rows": 99,
                                                                        "Plan Width": 63,
                                                                        "Actual Startup Time": 27.99,
                                                                        "Actual Total Time": 191.394,
                                                                        "Actual Rows": 21,
                                                                        "Actual Loops": 5,
                                                                        "Inner Unique": true,
                                                                        "Hash Cond": "(mc.company_type_id = ct.id)",
                                                                        "Workers": [],
                                                                        "Plans": [
                                                                            {
                                                                                "Node Type": "Nested Loop",
                                                                                "Parent Relationship": "Outer",
                                                                                "Parallel Aware": false,
                                                                                "Async Capable": false,
                                                                                "Join Type": "Inner",
                                                                                "Startup Cost": 5016.15,
                                                                                "Total Cost": 96079.07,
                                                                                "Plan Rows": 99,
                                                                                "Plan Width": 67,
                                                                                "Actual Startup Time": 27.941,
                                                                                "Actual Total Time": 191.329,
                                                                                "Actual Rows": 21,
                                                                                "Actual Loops": 5,
                                                                                "Inner Unique": true,
                                                                                "Workers": [],
                                                                                "Plans": [
                                                                                    {
                                                                                        "Node Type": "Hash Join",
                                                                                        "Parent Relationship": "Outer",
                                                                                        "Parallel Aware": false,
                                                                                        "Async Capable": false,
                                                                                        "Join Type": "Inner",
                                                                                        "Startup Cost": 5015.72,
                                                                                        "Total Cost": 87416.6,
                                                                                        "Plan Rows": 18922,
                                                                                        "Plan Width": 56,
                                                                                        "Actual Startup Time": 7.522,
                                                                                        "Actual Total Time": 156.962,
                                                                                        "Actual Rows": 11413,
                                                                                        "Actual Loops": 5,
                                                                                        "Inner Unique": true,
                                                                                        "Hash Cond": "(ci.role_id = rt.id)",
                                                                                        "Workers": [],
                                                                                        "Plans": [
                                                                                            {
                                                                                                "Node Type": "Nested Loop",
                                                                                                "Parent Relationship": "Outer",
                                                                                                "Parallel Aware": false,
                                                                                                "Async Capable": false,
                                                                                                "Join Type": "Inner",
                                                                                                "Startup Cost": 5014.49,
                                                                                                "Total Cost": 87213.74,
                                                                                                "Plan Rows": 56766,
                                                                                                "Plan Width": 60,
                                                                                                "Actual Startup Time": 7.384,
                                                                                                "Actual Total Time": 155.118,
                                                                                                "Actual Rows": 42417,
                                                                                                "Actual Loops": 5,
                                                                                                "Inner Unique": false,
                                                                                                "Join Filter": "(t.id = ci.movie_id)",
                                                                                                "Rows Removed by Join Filter": 0,
                                                                                                "Workers": [],
                                                                                                "Plans": [
                                                                                                    {
                                                                                                        "Node Type": "Hash Join",
                                                                                                        "Parent Relationship": "Outer",
                                                                                                        "Parallel Aware": true,
                                                                                                        "Async Capable": false,
                                                                                                        "Join Type": "Inner",
                                                                                                        "Startup Cost": 5014.05,
                                                                                                        "Total Cost": 79128.48,
                                                                                                        "Plan Rows": 3960,
                                                                                                        "Plan Width": 48,
                                                                                                        "Actual Startup Time": 7.361,
                                                                                                        "Actual Total Time": 99.542,
                                                                                                        "Actual Rows": 2392,
                                                                                                        "Actual Loops": 5,
                                                                                                        "Inner Unique": true,
                                                                                                        "Hash Cond": "(mc.company_id = cn.id)",
                                                                                                        "Workers": [],
                                                                                                        "Plans": [
                                                                                                            {
                                                                                                                "Node Type": "Nested Loop",
                                                                                                                "Parent Relationship": "Outer",
                                                                                                                "Parallel Aware": false,
                                                                                                                "Async Capable": false,
                                                                                                                "Join Type": "Inner",
                                                                                                                "Startup Cost": 1.58,
                                                                                                                "Total Cost": 74042.56,
                                                                                                                "Plan Rows": 27982,
                                                                                                                "Plan Width": 33,
                                                                                                                "Actual Startup Time": 0.08,
                                                                                                                "Actual Total Time": 90.442,
                                                                                                                "Actual Rows": 13844,
                                                                                                                "Actual Loops": 5,
                                                                                                                "Inner Unique": false,
                                                                                                                "Workers": [],
                                                                                                                "Plans": [
                                                                                                                    {
                                                                                                                        "Node Type": "Hash Join",
                                                                                                                        "Parent Relationship": "Outer",
                                                                                                                        "Parallel Aware": false,
                                                                                                                        "Async Capable": false,
                                                                                                                        "Join Type": "Inner",
                                                                                                                        "Startup Cost": 1.16,
                                                                                                                        "Total Cost": 44110.89,
                                                                                                                        "Plan Rows": 27118,
                                                                                                                        "Plan Width": 21,
                                                                                                                        "Actual Startup Time": 0.056,
                                                                                                                        "Actual Total Time": 68.243,
                                                                                                                        "Actual Rows": 7351,
                                                                                                                        "Actual Loops": 5,
                                                                                                                        "Inner Unique": true,
                                                                                                                        "Hash Cond": "(t.kind_id = kt.id)",
                                                                                                                        "Workers": [],
                                                                                                                        "Plans": [
                                                                                                                            {
                                                                                                                                "Node Type": "Seq Scan",
                                                                                                                                "Parent Relationship": "Outer",
                                                                                                                                "Parallel Aware": true,
                                                                                                                                "Async Capable": false,
                                                                                                                                "Relation Name": "title",
                                                                                                                                "Alias": "t",
                                                                                                                                "Startup Cost": 0.0,
                                                                                                                                "Total Cost": 43909.73,
                                                                                                                                "Plan Rows": 47457,
                                                                                                                                "Plan Width": 25,
                                                                                                                                "Actual Startup Time": 0.009,
                                                                                                                                "Actual Total Time": 66.586,
                                                                                                                                "Actual Rows": 38286,
                                                                                                                                "Actual Loops": 5,
                                                                                                                                "Filter": "(title ~~* '%ma%'::text)",
                                                                                                                                "Rows Removed by Filter": 467377,
                                                                                                                                "Workers": []
                                                                                                                            },
                                                                                                                            {
                                                                                                                                "Node Type": "Hash",
                                                                                                                                "Parent Relationship": "Inner",
                                                                                                                                "Parallel Aware": false,
                                                                                                                                "Async Capable": false,
                                                                                                                                "Startup Cost": 1.1,
                                                                                                                                "Total Cost": 1.1,
                                                                                                                                "Plan Rows": 4,
                                                                                                                                "Plan Width": 4,
                                                                                                                                "Actual Startup Time": 0.01,
                                                                                                                                "Actual Total Time": 0.01,
                                                                                                                                "Actual Rows": 4,
                                                                                                                                "Actual Loops": 5,
                                                                                                                                "Hash Buckets": 1024,
                                                                                                                                "Original Hash Buckets": 1024,
                                                                                                                                "Hash Batches": 1,
                                                                                                                                "Original Hash Batches": 1,
                                                                                                                                "Peak Memory Usage": 9,
                                                                                                                                "Workers": [],
                                                                                                                                "Plans": [
                                                                                                                                    {
                                                                                                                                        "Node Type": "Seq Scan",
                                                                                                                                        "Parent Relationship": "Outer",
                                                                                                                                        "Parallel Aware": false,
                                                                                                                                        "Async Capable": false,
                                                                                                                                        "Relation Name": "kind_type",
                                                                                                                                        "Alias": "kt",
                                                                                                                                        "Startup Cost": 0.0,
                                                                                                                                        "Total Cost": 1.1,
                                                                                                                                        "Plan Rows": 4,
                                                                                                                                        "Plan Width": 4,
                                                                                                                                        "Actual Startup Time": 0.007,
                                                                                                                                        "Actual Total Time": 0.008,
                                                                                                                                        "Actual Rows": 4,
                                                                                                                                        "Actual Loops": 5,
                                                                                                                                        "Filter": "((kind)::text = ANY ('{\"tv movie\",\"tv series\",\"video game\",\"video movie\"}'::text[]))",
                                                                                                                                        "Rows Removed by Filter": 3,
                                                                                                                                        "Workers": []
                                                                                                                                    }
                                                                                                                                ]
                                                                                                                            }
                                                                                                                        ]
                                                                                                                    },
                                                                                                                    {
                                                                                                                        "Node Type": "Index Scan",
                                                                                                                        "Parent Relationship": "Inner",
                                                                                                                        "Parallel Aware": false,
                                                                                                                        "Async Capable": false,
                                                                                                                        "Scan Direction": "Forward",
                                                                                                                        "Index Name": "movie_id_movie_companies",
                                                                                                                        "Relation Name": "movie_companies",
                                                                                                                        "Alias": "mc",
                                                                                                                        "Startup Cost": 0.43,
                                                                                                                        "Total Cost": 1.05,
                                                                                                                        "Plan Rows": 5,
                                                                                                                        "Plan Width": 12,
                                                                                                                        "Actual Startup Time": 0.002,
                                                                                                                        "Actual Total Time": 0.003,
                                                                                                                        "Actual Rows": 2,
                                                                                                                        "Actual Loops": 36756,
                                                                                                                        "Index Cond": "(movie_id = t.id)",
                                                                                                                        "Rows Removed by Index Recheck": 0,
                                                                                                                        "Workers": []
                                                                                                                    }
                                                                                                                ]
                                                                                                            },
                                                                                                            {
                                                                                                                "Node Type": "Hash",
                                                                                                                "Parent Relationship": "Inner",
                                                                                                                "Parallel Aware": true,
                                                                                                                "Async Capable": false,
                                                                                                                "Startup Cost": 4767.92,
                                                                                                                "Total Cost": 4767.92,
                                                                                                                "Plan Rows": 19564,
                                                                                                                "Plan Width": 23,
                                                                                                                "Actual Startup Time": 7.175,
                                                                                                                "Actual Total Time": 7.176,
                                                                                                                "Actual Rows": 4273,
                                                                                                                "Actual Loops": 5,
                                                                                                                "Hash Buckets": 65536,
                                                                                                                "Original Hash Buckets": 65536,
                                                                                                                "Hash Batches": 1,
                                                                                                                "Original Hash Batches": 1,
                                                                                                                "Peak Memory Usage": 1920,
                                                                                                                "Workers": [],
                                                                                                                "Plans": [
                                                                                                                    {
                                                                                                                        "Node Type": "Seq Scan",
                                                                                                                        "Parent Relationship": "Outer",
                                                                                                                        "Parallel Aware": true,
                                                                                                                        "Async Capable": false,
                                                                                                                        "Relation Name": "company_name",
                                                                                                                        "Alias": "cn",
                                                                                                                        "Startup Cost": 0.0,
                                                                                                                        "Total Cost": 4767.92,
                                                                                                                        "Plan Rows": 19564,
                                                                                                                        "Plan Width": 23,
                                                                                                                        "Actual Startup Time": 0.013,
                                                                                                                        "Actual Total Time": 6.77,
                                                                                                                        "Actual Rows": 4273,
                                                                                                                        "Actual Loops": 5,
                                                                                                                        "Filter": "(name ~~* '%le%'::text)",
                                                                                                                        "Rows Removed by Filter": 42726,
                                                                                                                        "Workers": []
                                                                                                                    }
                                                                                                                ]
                                                                                                            }
                                                                                                        ]
                                                                                                    },
                                                                                                    {
                                                                                                        "Node Type": "Index Scan",
                                                                                                        "Parent Relationship": "Inner",
                                                                                                        "Parallel Aware": false,
                                                                                                        "Async Capable": false,
                                                                                                        "Scan Direction": "Forward",
                                                                                                        "Index Name": "movie_id_cast_info",
                                                                                                        "Relation Name": "cast_info",
                                                                                                        "Alias": "ci",
                                                                                                        "Startup Cost": 0.44,
                                                                                                        "Total Cost": 1.57,
                                                                                                        "Plan Rows": 38,
                                                                                                        "Plan Width": 12,
                                                                                                        "Actual Startup Time": 0.003,
                                                                                                        "Actual Total Time": 0.022,
                                                                                                        "Actual Rows": 18,
                                                                                                        "Actual Loops": 11962,
                                                                                                        "Index Cond": "(movie_id = mc.movie_id)",
                                                                                                        "Rows Removed by Index Recheck": 0,
                                                                                                        "Workers": []
                                                                                                    }
                                                                                                ]
                                                                                            },
                                                                                            {
                                                                                                "Node Type": "Hash",
                                                                                                "Parent Relationship": "Inner",
                                                                                                "Parallel Aware": false,
                                                                                                "Async Capable": false,
                                                                                                "Startup Cost": 1.18,
                                                                                                "Total Cost": 1.18,
                                                                                                "Plan Rows": 4,
                                                                                                "Plan Width": 4,
                                                                                                "Actual Startup Time": 0.006,
                                                                                                "Actual Total Time": 0.006,
                                                                                                "Actual Rows": 4,
                                                                                                "Actual Loops": 5,
                                                                                                "Hash Buckets": 1024,
                                                                                                "Original Hash Buckets": 1024,
                                                                                                "Hash Batches": 1,
                                                                                                "Original Hash Batches": 1,
                                                                                                "Peak Memory Usage": 9,
                                                                                                "Workers": [],
                                                                                                "Plans": [
                                                                                                    {
                                                                                                        "Node Type": "Seq Scan",
                                                                                                        "Parent Relationship": "Outer",
                                                                                                        "Parallel Aware": false,
                                                                                                        "Async Capable": false,
                                                                                                        "Relation Name": "role_type",
                                                                                                        "Alias": "rt",
                                                                                                        "Startup Cost": 0.0,
                                                                                                        "Total Cost": 1.18,
                                                                                                        "Plan Rows": 4,
                                                                                                        "Plan Width": 4,
                                                                                                        "Actual Startup Time": 0.004,
                                                                                                        "Actual Total Time": 0.005,
                                                                                                        "Actual Rows": 4,
                                                                                                        "Actual Loops": 5,
                                                                                                        "Filter": "((role)::text = ANY ('{actress,composer,editor,\"production designer\"}'::text[]))",
                                                                                                        "Rows Removed by Filter": 8,
                                                                                                        "Workers": []
                                                                                                    }
                                                                                                ]
                                                                                            }
                                                                                        ]
                                                                                    },
                                                                                    {
                                                                                        "Node Type": "Index Scan",
                                                                                        "Parent Relationship": "Inner",
                                                                                        "Parallel Aware": false,
                                                                                        "Async Capable": false,
                                                                                        "Scan Direction": "Forward",
                                                                                        "Index Name": "name_pkey",
                                                                                        "Relation Name": "name",
                                                                                        "Alias": "n",
                                                                                        "Startup Cost": 0.43,
                                                                                        "Total Cost": 0.46,
                                                                                        "Plan Rows": 1,
                                                                                        "Plan Width": 19,
                                                                                        "Actual Startup Time": 0.003,
                                                                                        "Actual Total Time": 0.003,
                                                                                        "Actual Rows": 0,
                                                                                        "Actual Loops": 57066,
                                                                                        "Index Cond": "(id = ci.person_id)",
                                                                                        "Rows Removed by Index Recheck": 0,
                                                                                        "Filter": "((surname_pcode)::text ~~* '%c61%'::text)",
                                                                                        "Rows Removed by Filter": 1,
                                                                                        "Workers": []
                                                                                    }
                                                                                ]
                                                                            },
                                                                            {
                                                                                "Node Type": "Hash",
                                                                                "Parent Relationship": "Inner",
                                                                                "Parallel Aware": false,
                                                                                "Async Capable": false,
                                                                                "Startup Cost": 1.04,
                                                                                "Total Cost": 1.04,
                                                                                "Plan Rows": 4,
                                                                                "Plan Width": 4,
                                                                                "Actual Startup Time": 0.008,
                                                                                "Actual Total Time": 0.009,
                                                                                "Actual Rows": 4,
                                                                                "Actual Loops": 5,
                                                                                "Hash Buckets": 1024,
                                                                                "Original Hash Buckets": 1024,
                                                                                "Hash Batches": 1,
                                                                                "Original Hash Batches": 1,
                                                                                "Peak Memory Usage": 9,
                                                                                "Workers": [],
                                                                                "Plans": [
                                                                                    {
                                                                                        "Node Type": "Seq Scan",
                                                                                        "Parent Relationship": "Outer",
                                                                                        "Parallel Aware": false,
                                                                                        "Async Capable": false,
                                                                                        "Relation Name": "company_type",
                                                                                        "Alias": "ct",
                                                                                        "Startup Cost": 0.0,
                                                                                        "Total Cost": 1.04,
                                                                                        "Plan Rows": 4,
                                                                                        "Plan Width": 4,
                                                                                        "Actual Startup Time": 0.006,
                                                                                        "Actual Total Time": 0.006,
                                                                                        "Actual Rows": 4,
                                                                                        "Actual Loops": 5,
                                                                                        "Workers": []
                                                                                    }
                                                                                ]
                                                                            }
                                                                        ]
                                                                    },
                                                                    {
                                                                        "Node Type": "Index Scan",
                                                                        "Parent Relationship": "Inner",
                                                                        "Parallel Aware": false,
                                                                        "Async Capable": false,
                                                                        "Scan Direction": "Forward",
                                                                        "Index Name": "movie_id_movie_keyword",
                                                                        "Relation Name": "movie_keyword",
                                                                        "Alias": "mk",
                                                                        "Startup Cost": 0.43,
                                                                        "Total Cost": 1.24,
                                                                        "Plan Rows": 46,
                                                                        "Plan Width": 8,
                                                                        "Actual Startup Time": 0.006,
                                                                        "Actual Total Time": 0.007,
                                                                        "Actual Rows": 7,
                                                                        "Actual Loops": 105,
                                                                        "Index Cond": "(movie_id = ci.movie_id)",
                                                                        "Rows Removed by Index Recheck": 0,
                                                                        "Workers": []
                                                                    }
                                                                ]
                                                            },
                                                            {
                                                                "Node Type": "Index Only Scan",
                                                                "Parent Relationship": "Inner",
                                                                "Parallel Aware": false,
                                                                "Async Capable": false,
                                                                "Scan Direction": "Forward",
                                                                "Index Name": "keyword_pkey",
                                                                "Relation Name": "keyword",
                                                                "Alias": "k",
                                                                "Startup Cost": 0.42,
                                                                "Total Cost": 0.44,
                                                                "Plan Rows": 1,
                                                                "Plan Width": 4,
                                                                "Actual Startup Time": 0.003,
                                                                "Actual Total Time": 0.003,
                                                                "Actual Rows": 1,
                                                                "Actual Loops": 695,
                                                                "Index Cond": "(id = mk.keyword_id)",
                                                                "Rows Removed by Index Recheck": 0,
                                                                "Heap Fetches": 695,
                                                                "Workers": []
                                                            }
                                                        ]
                                                    }
                                                ]
                                            }
                                        ]
                                    }
                                ]
                            }
                        ]
                    },
                    "Planning Time": 6.424,
                    "Triggers": [],
                    "Execution Time": 217.339
                }
            ],
            "hints": [
                "SET enable_hashjoin TO on",
                "SET enable_indexonlyscan TO on",
                "SET enable_indexscan TO on",
                "SET enable_mergejoin TO on",
                "SET enable_nestloop TO on",
                "SET enable_seqscan TO on"
            ]
        },
        {
            "arm": 1,
            "execution_time": 980.978,
            "plan": [
                {
                    "Plan": {
                        "Node Type": "Sort",
                        "Parallel Aware": false,
                        "Async Capable": false,
                        "Startup Cost": 525912.91,
                        "Total Cost": 525914.69,
                        "Plan Rows": 710,
                        "Plan Width": 59,
                        "Actual Startup Time": 953.405,
                        "Actual Total Time": 980.915,
                        "Actual Rows": 44,
                        "Actual Loops": 1,
                        "Sort Key": [
                            "(count(*)) DESC"
                        ],
                        "Sort Method": "quicksort",
                        "Sort Space Used": 29,
                        "Sort Space Type": "Memory",
                        "Plans": [
                            {
                                "Node Type": "Aggregate",
                                "Strategy": "Sorted",
                                "Partial Mode": "Simple",
                                "Parent Relationship": "Outer",
                                "Parallel Aware": false,
                                "Async Capable": false,
                                "Startup Cost": 525781.09,
                                "Total Cost": 525879.29,
                                "Plan Rows": 710,
                                "Plan Width": 59,
                                "Actual Startup Time": 953.311,
                                "Actual Total Time": 980.906,
                                "Actual Rows": 44,
                                "Actual Loops": 1,
                                "Group Key": [
                                    "t.title",
                                    "n.name",
                                    "cn.name"
                                ],
                                "Plans": [
                                    {
                                        "Node Type": "Gather Merge",
                                        "Parent Relationship": "Outer",
                                        "Parallel Aware": false,
                                        "Async Capable": false,
                                        "Startup Cost": 525781.09,
                                        "Total Cost": 525865.09,
                                        "Plan Rows": 710,
                                        "Plan Width": 51,
                                        "Actual Startup Time": 953.303,
                                        "Actual Total Time": 980.86,
                                        "Actual Rows": 695,
                                        "Actual Loops": 1,
                                        "Workers Planned": 3,
                                        "Workers Launched": 3,
                                        "Plans": [
                                            {
                                                "Node Type": "Sort",
                                                "Parent Relationship": "Outer",
                                                "Parallel Aware": false,
                                                "Async Capable": false,
                                                "Startup Cost": 524781.05,
                                                "Total Cost": 524781.62,
                                                "Plan Rows": 229,
                                                "Plan Width": 51,
                                                "Actual Startup Time": 951.571,
                                                "Actual Total Time": 951.587,
                                                "Actual Rows": 174,
                                                "Actual Loops": 4,
                                                "Sort Key": [
                                                    "t.title COLLATE \"C\"",
                                                    "n.name COLLATE \"C\"",
                                                    "cn.name COLLATE \"C\""
                                                ],
                                                "Sort Method": "quicksort",
                                                "Sort Space Used": 57,
                                                "Sort Space Type": "Memory",
                                                "Workers": [
                                                    {
                                                        "Worker Number": 0,
                                                        "Sort Method": "quicksort",
                                                        "Sort Space Used": 33,
                                                        "Sort Space Type": "Memory"
                                                    },
                                                    {
                                                        "Worker Number": 1,
                                                        "Sort Method": "quicksort",
                                                        "Sort Space Used": 28,
                                                        "Sort Space Type": "Memory"
                                                    },
                                                    {
                                                        "Worker Number": 2,
                                                        "Sort Method": "quicksort",
                                                        "Sort Space Used": 39,
                                                        "Sort Space Type": "Memory"
                                                    }
                                                ],
                                                "Plans": [
                                                    {
                                                        "Node Type": "Hash Join",
                                                        "Parent Relationship": "Outer",
                                                        "Parallel Aware": false,
                                                        "Async Capable": false,
                                                        "Join Type": "Inner",
                                                        "Startup Cost": 494872.88,
                                                        "Total Cost": 524772.07,
                                                        "Plan Rows": 229,
                                                        "Plan Width": 51,
                                                        "Actual Startup Time": 901.456,
                                                        "Actual Total Time": 951.496,
                                                        "Actual Rows": 174,
                                                        "Actual Loops": 4,
                                                        "Inner Unique": true,
                                                        "Hash Cond": "(mc.company_type_id = ct.id)",
                                                        "Workers": [],
                                                        "Plans": [
                                                            {
                                                                "Node Type": "Hash Join",
                                                                "Parent Relationship": "Outer",
                                                                "Parallel Aware": false,
                                                                "Async Capable": false,
                                                                "Join Type": "Inner",
                                                                "Startup Cost": 494871.79,
                                                                "Total Cost": 524769.75,
                                                                "Plan Rows": 229,
                                                                "Plan Width": 55,
                                                                "Actual Startup Time": 901.391,
                                                                "Actual Total Time": 951.418,
                                                                "Actual Rows": 174,
                                                                "Actual Loops": 4,
                                                                "Inner Unique": true,
                                                                "Hash Cond": "(mk.keyword_id = k.id)",
                                                                "Workers": [],
                                                                "Plans": [
                                                                    {
                                                                        "Node Type": "Hash Join",
                                                                        "Parent Relationship": "Outer",
                                                                        "Parallel Aware": true,
                                                                        "Async Capable": false,
                                                                        "Join Type": "Inner",
                                                                        "Startup Cost": 490844.97,
                                                                        "Total Cost": 520742.32,
                                                                        "Plan Rows": 229,
                                                                        "Plan Width": 59,
                                                                        "Actual Startup Time": 888.116,
                                                                        "Actual Total Time": 938.072,
                                                                        "Actual Rows": 174,
                                                                        "Actual Loops": 4,
                                                                        "Inner Unique": false,
                                                                        "Hash Cond": "(mc.movie_id = t.id)",
                                                                        "Workers": [],
                                                                        "Plans": [
                                                                            {
                                                                                "Node Type": "Hash Join",
                                                                                "Parent Relationship": "Outer",
                                                                                "Parallel Aware": true,
                                                                                "Async Capable": false,
                                                                                "Join Type": "Inner",
                                                                                "Startup Cost": 5012.47,
                                                                                "Total Cost": 34462.4,
                                                                                "Plan Rows": 119115,
                                                                                "Plan Width": 27,
                                                                                "Actual Startup Time": 8.252,
                                                                                "Actual Total Time": 63.282,
                                                                                "Actual Rows": 89760,
                                                                                "Actual Loops": 4,
                                                                                "Inner Unique": true,
                                                                                "Hash Cond": "(mc.company_id = cn.id)",
                                                                                "Workers": [],
                                                                                "Plans": [
                                                                                    {
                                                                                        "Node Type": "Seq Scan",
                                                                                        "Parent Relationship": "Outer",
                                                                                        "Parallel Aware": true,
                                                                                        "Async Capable": false,
                                                                                        "Relation Name": "movie_companies",
                                                                                        "Alias": "mc",
                                                                                        "Startup Cost": 0.0,
                                                                                        "Total Cost": 27240.55,
                                                                                        "Plan Rows": 841655,
                                                                                        "Plan Width": 12,
                                                                                        "Actual Startup Time": 0.013,
                                                                                        "Actual Total Time": 26.227,
                                                                                        "Actual Rows": 652282,
                                                                                        "Actual Loops": 4,
                                                                                        "Workers": []
                                                                                    },
                                                                                    {
                                                                                        "Node Type": "Hash",
                                                                                        "Parent Relationship": "Inner",
                                                                                        "Parallel Aware": true,
                                                                                        "Async Capable": false,
                                                                                        "Startup Cost": 4767.92,
                                                                                        "Total Cost": 4767.92,
                                                                                        "Plan Rows": 19564,
                                                                                        "Plan Width": 23,
                                                                                        "Actual Startup Time": 8.213,
                                                                                        "Actual Total Time": 8.214,
                                                                                        "Actual Rows": 5342,
                                                                                        "Actual Loops": 4,
                                                                                        "Hash Buckets": 65536,
                                                                                        "Original Hash Buckets": 65536,
                                                                                        "Hash Batches": 1,
                                                                                        "Original Hash Batches": 1,
                                                                                        "Peak Memory Usage": 1856,
                                                                                        "Workers": [],
                                                                                        "Plans": [
                                                                                            {
                                                                                                "Node Type": "Seq Scan",
                                                                                                "Parent Relationship": "Outer",
                                                                                                "Parallel Aware": true,
                                                                                                "Async Capable": false,
                                                                                                "Relation Name": "company_name",
                                                                                                "Alias": "cn",
                                                                                                "Startup Cost": 0.0,
                                                                                                "Total Cost": 4767.92,
                                                                                                "Plan Rows": 19564,
                                                                                                "Plan Width": 23,
                                                                                                "Actual Startup Time": 0.015,
                                                                                                "Actual Total Time": 7.834,
                                                                                                "Actual Rows": 5342,
                                                                                                "Actual Loops": 4,
                                                                                                "Filter": "(name ~~* '%le%'::text)",
                                                                                                "Rows Removed by Filter": 53408,
                                                                                                "Workers": []
                                                                                            }
                                                                                        ]
                                                                                    }
                                                                                ]
                                                                            },
                                                                            {
                                                                                "Node Type": "Hash",
                                                                                "Parent Relationship": "Inner",
                                                                                "Parallel Aware": true,
                                                                                "Async Capable": false,
                                                                                "Startup Cost": 485812.88,
                                                                                "Total Cost": 485812.88,
                                                                                "Plan Rows": 1569,
                                                                                "Plan Width": 48,
                                                                                "Actual Startup Time": 871.838,
                                                                                "Actual Total Time": 871.846,
                                                                                "Actual Rows": 300,
                                                                                "Actual Loops": 4,
                                                                                "Hash Buckets": 8192,
                                                                                "Original Hash Buckets": 8192,
                                                                                "Hash Batches": 1,
                                                                                "Original Hash Batches": 1,
                                                                                "Peak Memory Usage": 224,
                                                                                "Workers": [],
                                                                                "Plans": [
                                                                                    {
                                                                                        "Node Type": "Hash Join",
                                                                                        "Parent Relationship": "Outer",
                                                                                        "Parallel Aware": false,
                                                                                        "Async Capable": false,
                                                                                        "Join Type": "Inner",
                                                                                        "Startup Cost": 442481.82,
                                                                                        "Total Cost": 485812.88,
                                                                                        "Plan Rows": 1569,
                                                                                        "Plan Width": 48,
                                                                                        "Actual Startup Time": 782.461,
                                                                                        "Actual Total Time": 871.758,
                                                                                        "Actual Rows": 300,
                                                                                        "Actual Loops": 4,
                                                                                        "Inner Unique": true,
                                                                                        "Hash Cond": "(t.kind_id = kt.id)",
                                                                                        "Workers": [],
                                                                                        "Plans": [
                                                                                            {
                                                                                                "Node Type": "Hash Join",
                                                                                                "Parent Relationship": "Outer",
                                                                                                "Parallel Aware": true,
                                                                                                "Async Capable": false,
                                                                                                "Join Type": "Inner",
                                                                                                "Startup Cost": 442480.66,
                                                                                                "Total Cost": 485800.16,
                                                                                                "Plan Rows": 2746,
                                                                                                "Plan Width": 52,
                                                                                                "Actual Startup Time": 778.796,
                                                                                                "Actual Total Time": 871.674,
                                                                                                "Actual Rows": 1642,
                                                                                                "Actual Loops": 4,
                                                                                                "Inner Unique": false,
                                                                                                "Hash Cond": "(t.id = ci.movie_id)",
                                                                                                "Workers": [],
                                                                                                "Plans": [
                                                                                                    {
                                                                                                        "Node Type": "Hash Join",
                                                                                                        "Parent Relationship": "Outer",
                                                                                                        "Parallel Aware": true,
                                                                                                        "Async Capable": false,
                                                                                                        "Join Type": "Inner",
                                                                                                        "Startup Cost": 44502.94,
                                                                                                        "Total Cost": 87407.02,
                                                                                                        "Plan Rows": 109557,
                                                                                                        "Plan Width": 33,
                                                                                                        "Actual Startup Time": 86.739,
                                                                                                        "Actual Total Time": 178.272,
                                                                                                        "Actual Rows": 109865,
                                                                                                        "Actual Loops": 4,
                                                                                                        "Inner Unique": true,
                                                                                                        "Hash Cond": "(mk.movie_id = t.id)",
                                                                                                        "Workers": [],
                                                                                                        "Plans": [
                                                                                                            {
                                                                                                                "Node Type": "Seq Scan",
                                                                                                                "Parent Relationship": "Outer",
                                                                                                                "Parallel Aware": true,
                                                                                                                "Async Capable": false,
                                                                                                                "Relation Name": "movie_keyword",
                                                                                                                "Alias": "mk",
                                                                                                                "Startup Cost": 0.0,
                                                                                                                "Total Cost": 39073.32,
                                                                                                                "Plan Rows": 1459332,
                                                                                                                "Plan Width": 8,
                                                                                                                "Actual Startup Time": 0.01,
                                                                                                                "Actual Total Time": 42.296,
                                                                                                                "Actual Rows": 1130982,
                                                                                                                "Actual Loops": 4,
                                                                                                                "Workers": []
                                                                                                            },
                                                                                                            {
                                                                                                                "Node Type": "Hash",
                                                                                                                "Parent Relationship": "Inner",
                                                                                                                "Parallel Aware": true,
                                                                                                                "Async Capable": false,
                                                                                                                "Startup Cost": 43909.73,
                                                                                                                "Total Cost": 43909.73,
                                                                                                                "Plan Rows": 47457,
                                                                                                                "Plan Width": 25,
                                                                                                                "Actual Startup Time": 86.579,
                                                                                                                "Actual Total Time": 86.58,
                                                                                                                "Actual Rows": 47857,
                                                                                                                "Actual Loops": 4,
                                                                                                                "Hash Buckets": 262144,
                                                                                                                "Original Hash Buckets": 262144,
                                                                                                                "Hash Batches": 1,
                                                                                                                "Original Hash Batches": 1,
                                                                                                                "Peak Memory Usage": 14944,
                                                                                                                "Workers": [],
                                                                                                                "Plans": [
                                                                                                                    {
                                                                                                                        "Node Type": "Seq Scan",
                                                                                                                        "Parent Relationship": "Outer",
                                                                                                                        "Parallel Aware": true,
                                                                                                                        "Async Capable": false,
                                                                                                                        "Relation Name": "title",
                                                                                                                        "Alias": "t",
                                                                                                                        "Startup Cost": 0.0,
                                                                                                                        "Total Cost": 43909.73,
                                                                                                                        "Plan Rows": 47457,
                                                                                                                        "Plan Width": 25,
                                                                                                                        "Actual Startup Time": 0.014,
                                                                                                                        "Actual Total Time": 79.705,
                                                                                                                        "Actual Rows": 47857,
                                                                                                                        "Actual Loops": 4,
                                                                                                                        "Filter": "(title ~~* '%ma%'::text)",
                                                                                                                        "Rows Removed by Filter": 584221,
                                                                                                                        "Workers": []
                                                                                                                    }
                                                                                                                ]
                                                                                                            }
                                                                                                        ]
                                                                                                    },
                                                                                                    {
                                                                                                        "Node Type": "Hash",
                                                                                                        "Parent Relationship": "Inner",
                                                                                                        "Parallel Aware": true,
                                                                                                        "Async Capable": false,
                                                                                                        "Startup Cost": 397845.68,
                                                                                                        "Total Cost": 397845.68,
                                                                                                        "Plan Rows": 10563,
                                                                                                        "Plan Width": 19,
                                                                                                        "Actual Startup Time": 689.289,
                                                                                                        "Actual Total Time": 689.293,
                                                                                                        "Actual Rows": 3832,
                                                                                                        "Actual Loops": 4,
                                                                                                        "Hash Buckets": 65536,
                                                                                                        "Original Hash Buckets": 65536,
                                                                                                        "Hash Batches": 1,
                                                                                                        "Original Hash Batches": 1,
                                                                                                        "Peak Memory Usage": 1408,
                                                                                                        "Workers": [],
                                                                                                        "Plans": [
                                                                                                            {
                                                                                                                "Node Type": "Hash Join",
                                                                                                                "Parent Relationship": "Outer",
                                                                                                                "Parallel Aware": false,
                                                                                                                "Async Capable": false,
                                                                                                                "Join Type": "Inner",
                                                                                                                "Startup Cost": 68748.96,
                                                                                                                "Total Cost": 397845.68,
                                                                                                                "Plan Rows": 10563,
                                                                                                                "Plan Width": 19,
                                                                                                                "Actual Startup Time": 297.056,
                                                                                                                "Actual Total Time": 688.809,
                                                                                                                "Actual Rows": 3832,
                                                                                                                "Actual Loops": 4,
                                                                                                                "Inner Unique": true,
                                                                                                                "Hash Cond": "(ci.role_id = rt.id)",
                                                                                                                "Workers": [],
                                                                                                                "Plans": [
                                                                                                                    {
                                                                                                                        "Node Type": "Hash Join",
                                                                                                                        "Parent Relationship": "Outer",
                                                                                                                        "Parallel Aware": true,
                                                                                                                        "Async Capable": false,
                                                                                                                        "Join Type": "Inner",
                                                                                                                        "Startup Cost": 68747.73,
                                                                                                                        "Total Cost": 397731.89,
                                                                                                                        "Plan Rows": 31690,
                                                                                                                        "Plan Width": 23,
                                                                                                                        "Actual Startup Time": 120.413,
                                                                                                                        "Actual Total Time": 688.28,
                                                                                                                        "Actual Rows": 14608,
                                                                                                                        "Actual Loops": 4,
                                                                                                                        "Inner Unique": true,
                                                                                                                        "Hash Cond": "(ci.person_id = n.id)",
                                                                                                                        "Workers": [],
                                                                                                                        "Plans": [
                                                                                                                            {
                                                                                                                                "Node Type": "Seq Scan",
                                                                                                                                "Parent Relationship": "Outer",
                                                                                                                                "Parallel Aware": true,
                                                                                                                                "Async Capable": false,
                                                                                                                                "Relation Name": "cast_info",
                                                                                                                                "Alias": "ci",
                                                                                                                                "Startup Cost": 0.0,
                                                                                                                                "Total Cost": 313127.24,
                                                                                                                                "Plan Rows": 6040724,
                                                                                                                                "Plan Width": 12,
                                                                                                                                "Actual Startup Time": 0.017,
                                                                                                                                "Actual Total Time": 301.265,
                                                                                                                                "Actual Rows": 9061086,
                                                                                                                                "Actual Loops": 4,
                                                                                                                                "Workers": []
                                                                                                                            },
                                                                                                                            {
                                                                                                                                "Node Type": "Hash",
                                                                                                                                "Parent Relationship": "Inner",
                                                                                                                                "Parallel Aware": true,
                                                                                                                                "Async Capable": false,
                                                                                                                                "Startup Cost": 68679.41,
                                                                                                                                "Total Cost": 68679.41,
                                                                                                                                "Plan Rows": 5466,
                                                                                                                                "Plan Width": 19,
                                                                                                                                "Actual Startup Time": 109.071,
                                                                                                                                "Actual Total Time": 109.072,
                                                                                                                                "Actual Rows": 1414,
                                                                                                                                "Actual Loops": 4,
                                                                                                                                "Hash Buckets": 32768,
                                                                                                                                "Original Hash Buckets": 32768,
                                                                                                                                "Hash Batches": 1,
                                                                                                                                "Original Hash Batches": 1,
                                                                                                                                "Peak Memory Usage": 640,
                                                                                                                                "Workers": [],
                                                                                                                                "Plans": [
                                                                                                                                    {
                                                                                                                                        "Node Type": "Seq Scan",
                                                                                                                                        "Parent Relationship": "Outer",
                                                                                                                                        "Parallel Aware": true,
                                                                                                                                        "Async Capable": false,
                                                                                                                                        "Relation Name": "name",
                                                                                                                                        "Alias": "n",
                                                                                                                                        "Startup Cost": 0.0,
                                                                                                                                        "Total Cost": 68679.41,
                                                                                                                                        "Plan Rows": 5466,
                                                                                                                                        "Plan Width": 19,
                                                                                                                                        "Actual Startup Time": 6.11,
                                                                                                                                        "Actual Total Time": 108.739,
                                                                                                                                        "Actual Rows": 1414,
                                                                                                                                        "Actual Loops": 4,
                                                                                                                                        "Filter": "((surname_pcode)::text ~~* '%c61%'::text)",
                                                                                                                                        "Rows Removed by Filter": 1040459,
                                                                                                                                        "Workers": []
                                                                                                                                    }
                                                                                                                                ]
                                                                                                                            }
                                                                                                                        ]
                                                                                                                    },
                                                                                                                    {
                                                                                                                        "Node Type": "Hash",
                                                                                                                        "Parent Relationship": "Inner",
                                                                                                                        "Parallel Aware": false,
                                                                                                                        "Async Capable": false,
                                                                                                                        "Startup Cost": 1.18,
                                                                                                                        "Total Cost": 1.18,
                                                                                                                        "Plan Rows": 4,
                                                                                                                        "Plan Width": 4,
                                                                                                                        "Actual Startup Time": 0.008,
                                                                                                                        "Actual Total Time": 0.008,
                                                                                                                        "Actual Rows": 4,
                                                                                                                        "Actual Loops": 4,
                                                                                                                        "Hash Buckets": 1024,
                                                                                                                        "Original Hash Buckets": 1024,
                                                                                                                        "Hash Batches": 1,
                                                                                                                        "Original Hash Batches": 1,
                                                                                                                        "Peak Memory Usage": 9,
                                                                                                                        "Workers": [],
                                                                                                                        "Plans": [
                                                                                                                            {
                                                                                                                                "Node Type": "Seq Scan",
                                                                                                                                "Parent Relationship": "Outer",
                                                                                                                                "Parallel Aware": false,
                                                                                                                                "Async Capable": false,
                                                                                                                                "Relation Name": "role_type",
                                                                                                                                "Alias": "rt",
                                                                                                                                "Startup Cost": 0.0,
                                                                                                                                "Total Cost": 1.18,
                                                                                                                                "Plan Rows": 4,
                                                                                                                                "Plan Width": 4,
                                                                                                                                "Actual Startup Time": 0.006,
                                                                                                                                "Actual Total Time": 0.006,
                                                                                                                                "Actual Rows": 4,
                                                                                                                                "Actual Loops": 4,
                                                                                                                                "Filter": "((role)::text = ANY ('{actress,composer,editor,\"production designer\"}'::text[]))",
                                                                                                                                "Rows Removed by Filter": 8,
                                                                                                                                "Workers": []
                                                                                                                            }
                                                                                                                        ]
                                                                                                                    }
                                                                                                                ]
                                                                                                            }
                                                                                                        ]
                                                                                                    }
                                                                                                ]
                                                                                            },
                                                                                            {
                                                                                                "Node Type": "Hash",
                                                                                                "Parent Relationship": "Inner",
                                                                                                "Parallel Aware": false,
                                                                                                "Async Capable": false,
                                                                                                "Startup Cost": 1.1,
                                                                                                "Total Cost": 1.1,
                                                                                                "Plan Rows": 4,
                                                                                                "Plan Width": 4,
                                                                                                "Actual Startup Time": 0.016,
                                                                                                "Actual Total Time": 0.016,
                                                                                                "Actual Rows": 4,
                                                                                                "Actual Loops": 4,
                                                                                                "Hash Buckets": 1024,
                                                                                                "Original Hash Buckets": 1024,
                                                                                                "Hash Batches": 1,
                                                                                                "Original Hash Batches": 1,
                                                                                                "Peak Memory Usage": 9,
                                                                                                "Workers": [],
                                                                                                "Plans": [
                                                                                                    {
                                                                                                        "Node Type": "Seq Scan",
                                                                                                        "Parent Relationship": "Outer",
                                                                                                        "Parallel Aware": false,
                                                                                                        "Async Capable": false,
                                                                                                        "Relation Name": "kind_type",
                                                                                                        "Alias": "kt",
                                                                                                        "Startup Cost": 0.0,
                                                                                                        "Total Cost": 1.1,
                                                                                                        "Plan Rows": 4,
                                                                                                        "Plan Width": 4,
                                                                                                        "Actual Startup Time": 0.014,
                                                                                                        "Actual Total Time": 0.014,
                                                                                                        "Actual Rows": 4,
                                                                                                        "Actual Loops": 4,
                                                                                                        "Filter": "((kind)::text = ANY ('{\"tv movie\",\"tv series\",\"video game\",\"video movie\"}'::text[]))",
                                                                                                        "Rows Removed by Filter": 3,
                                                                                                        "Workers": []
                                                                                                    }
                                                                                                ]
                                                                                            }
                                                                                        ]
                                                                                    }
                                                                                ]
                                                                            }
                                                                        ]
                                                                    },
                                                                    {
                                                                        "Node Type": "Hash",
                                                                        "Parent Relationship": "Inner",
                                                                        "Parallel Aware": false,
                                                                        "Async Capable": false,
                                                                        "Startup Cost": 2349.7,
                                                                        "Total Cost": 2349.7,
                                                                        "Plan Rows": 134170,
                                                                        "Plan Width": 4,
                                                                        "Actual Startup Time": 12.957,
                                                                        "Actual Total Time": 12.957,
                                                                        "Actual Rows": 134170,
                                                                        "Actual Loops": 4,
                                                                        "Hash Buckets": 262144,
                                                                        "Original Hash Buckets": 262144,
                                                                        "Hash Batches": 1,
                                                                        "Original Hash Batches": 1,
                                                                        "Peak Memory Usage": 6765,
                                                                        "Workers": [],
                                                                        "Plans": [
                                                                            {
                                                                                "Node Type": "Seq Scan",
                                                                                "Parent Relationship": "Outer",
                                                                                "Parallel Aware": false,
                                                                                "Async Capable": false,
                                                                                "Relation Name": "keyword",
                                                                                "Alias": "k",
                                                                                "Startup Cost": 0.0,
                                                                                "Total Cost": 2349.7,
                                                                                "Plan Rows": 134170,
                                                                                "Plan Width": 4,
                                                                                "Actual Startup Time": 0.01,
                                                                                "Actual Total Time": 6.452,
                                                                                "Actual Rows": 134170,
                                                                                "Actual Loops": 4,
                                                                                "Workers": []
                                                                            }
                                                                        ]
                                                                    }
                                                                ]
                                                            },
                                                            {
                                                                "Node Type": "Hash",
                                                                "Parent Relationship": "Inner",
                                                                "Parallel Aware": false,
                                                                "Async Capable": false,
                                                                "Startup Cost": 1.04,
                                                                "Total Cost": 1.04,
                                                                "Plan Rows": 4,
                                                                "Plan Width": 4,
                                                                "Actual Startup Time": 0.012,
                                                                "Actual Total Time": 0.012,
                                                                "Actual Rows": 4,
                                                                "Actual Loops": 4,
                                                                "Hash Buckets": 1024,
                                                                "Original Hash Buckets": 1024,
                                                                "Hash Batches": 1,
                                                                "Original Hash Batches": 1,
                                                                "Peak Memory Usage": 9,
                                                                "Workers": [],
                                                                "Plans": [
                                                                    {
                                                                        "Node Type": "Seq Scan",
                                                                        "Parent Relationship": "Outer",
                                                                        "Parallel Aware": false,
                                                                        "Async Capable": false,
                                                                        "Relation Name": "company_type",
                                                                        "Alias": "ct",
                                                                        "Startup Cost": 0.0,
                                                                        "Total Cost": 1.04,
                                                                        "Plan Rows": 4,
                                                                        "Plan Width": 4,
                                                                        "Actual Startup Time": 0.01,
                                                                        "Actual Total Time": 0.01,
                                                                        "Actual Rows": 4,
                                                                        "Actual Loops": 4,
                                                                        "Workers": []
                                                                    }
                                                                ]
                                                            }
                                                        ]
                                                    }
                                                ]
                                            }
                                        ]
                                    }
                                ]
                            }
                        ]
                    },
                    "Planning Time": 6.723,
                    "Triggers": [],
                    "Execution Time": 980.978
                }
            ],
            "hints": [
                "SET enable_hashjoin TO on",
                "SET enable_indexonlyscan TO on",
                "SET enable_indexscan TO on",
                "SET enable_mergejoin TO on",
                "SET enable_nestloop TO off",
                "SET enable_seqscan TO on"
            ]
        },
        {
            "arm": 2,
            "execution_time": 954.799,
            "plan": [
                {
                    "Plan": {
                        "Node Type": "Sort",
                        "Parallel Aware": false,
                        "Async Capable": false,
                        "Startup Cost": 525912.91,
                        "Total Cost": 525914.69,
                        "Plan Rows": 710,
                        "Plan Width": 59,
                        "Actual Startup Time": 925.44,
                        "Actual Total Time": 954.733,
                        "Actual Rows": 44,
                        "Actual Loops": 1,
                        "Sort Key": [
                            "(count(*)) DESC"
                        ],
                        "Sort Method": "quicksort",
                        "Sort Space Used": 29,
                        "Sort Space Type": "Memory",
                        "Plans": [
                            {
                                "Node Type": "Aggregate",
                                "Strategy": "Sorted",
                                "Partial Mode": "Simple",
                                "Parent Relationship": "Outer",
                                "Parallel Aware": false,
                                "Async Capable": false,
                                "Startup Cost": 525781.09,
                                "Total Cost": 525879.29,
                                "Plan Rows": 710,
                                "Plan Width": 59,
                                "Actual Startup Time": 925.349,
                                "Actual Total Time": 954.724,
                                "Actual Rows": 44,
                                "Actual Loops": 1,
                                "Group Key": [
                                    "t.title",
                                    "n.name",
                                    "cn.name"
                                ],
                                "Plans": [
                                    {
                                        "Node Type": "Gather Merge",
                                        "Parent Relationship": "Outer",
                                        "Parallel Aware": false,
                                        "Async Capable": false,
                                        "Startup Cost": 525781.09,
                                        "Total Cost": 525865.09,
                                        "Plan Rows": 710,
                                        "Plan Width": 51,
                                        "Actual Startup Time": 925.341,
                                        "Actual Total Time": 954.679,
                                        "Actual Rows": 695,
                                        "Actual Loops": 1,
                                        "Workers Planned": 3,
                                        "Workers Launched": 3,
                                        "Plans": [
                                            {
                                                "Node Type": "Sort",
                                                "Parent Relationship": "Outer",
                                                "Parallel Aware": false,
                                                "Async Capable": false,
                                                "Startup Cost": 524781.05,
                                                "Total Cost": 524781.62,
                                                "Plan Rows": 229,
                                                "Plan Width": 51,
                                                "Actual Startup Time": 923.521,
                                                "Actual Total Time": 923.535,
                                                "Actual Rows": 174,
                                                "Actual Loops": 4,
                                                "Sort Key": [
                                                    "t.title COLLATE \"C\"",
                                                    "n.name COLLATE \"C\"",
                                                    "cn.name COLLATE \"C\""
                                                ],
                                                "Sort Method": "quicksort",
                                                "Sort Space Used": 45,
                                                "Sort Space Type": "Memory",
                                                "Workers": [
                                                    {
                                                        "Worker Number": 0,
                                                        "Sort Method": "quicksort",
                                                        "Sort Space Used": 27,
                                                        "Sort Space Type": "Memory"
                                                    },
                                                    {
                                                        "Worker Number": 1,
                                                        "Sort Method": "quicksort",
                                                        "Sort Space Used": 36,
                                                        "Sort Space Type": "Memory"
                                                    },
                                                    {
                                                        "Worker Number": 2,
                                                        "Sort Method": "quicksort",
                                                        "Sort Space Used": 49,
                                                        "Sort Space Type": "Memory"
                                                    }
                                                ],
                                                "Plans": [
                                                    {
                                                        "Node Type": "Hash Join",
                                                        "Parent Relationship": "Outer",
                                                        "Parallel Aware": false,
                                                        "Async Capable": false,
                                                        "Join Type": "Inner",
                                                        "Startup Cost": 494872.88,
                                                        "Total Cost": 524772.07,
                                                        "Plan Rows": 229,
                                                        "Plan Width": 51,
                                                        "Actual Startup Time": 874.901,
                                                        "Actual Total Time": 923.445,
                                                        "Actual Rows": 174,
                                                        "Actual Loops": 4,
                                                        "Inner Unique": true,
                                                        "Hash Cond": "(mc.company_type_id = ct.id)",
                                                        "Workers": [],
                                                        "Plans": [
                                                            {
                                                                "Node Type": "Hash Join",
                                                                "Parent Relationship": "Outer",
                                                                "Parallel Aware": false,
                                                                "Async Capable": false,
                                                                "Join Type": "Inner",
                                                                "Startup Cost": 494871.79,
                                                                "Total Cost": 524769.75,
                                                                "Plan Rows": 229,
                                                                "Plan Width": 55,
                                                                "Actual Startup Time": 874.836,
                                                                "Actual Total Time": 923.366,
                                                                "Actual Rows": 174,
                                                                "Actual Loops": 4,
                                                                "Inner Unique": true,
                                                                "Hash Cond": "(mk.keyword_id = k.id)",
                                                                "Workers": [],
                                                                "Plans": [
                                                                    {
                                                                        "Node Type": "Hash Join",
                                                                        "Parent Relationship": "Outer",
                                                                        "Parallel Aware": true,
                                                                        "Async Capable": false,
                                                                        "Join Type": "Inner",
                                                                        "Startup Cost": 490844.97,
                                                                        "Total Cost": 520742.32,
                                                                        "Plan Rows": 229,
                                                                        "Plan Width": 59,
                                                                        "Actual Startup Time": 860.845,
                                                                        "Actual Total Time": 909.305,
                                                                        "Actual Rows": 174,
                                                                        "Actual Loops": 4,
                                                                        "Inner Unique": false,
                                                                        "Hash Cond": "(mc.movie_id = t.id)",
                                                                        "Workers": [],
                                                                        "Plans": [
                                                                            {
                                                                                "Node Type": "Hash Join",
                                                                                "Parent Relationship": "Outer",
                                                                                "Parallel Aware": true,
                                                                                "Async Capable": false,
                                                                                "Join Type": "Inner",
                                                                                "Startup Cost": 5012.47,
                                                                                "Total Cost": 34462.4,
                                                                                "Plan Rows": 119115,
                                                                                "Plan Width": 27,
                                                                                "Actual Startup Time": 7.806,
                                                                                "Actual Total Time": 59.931,
                                                                                "Actual Rows": 89760,
                                                                                "Actual Loops": 4,
                                                                                "Inner Unique": true,
                                                                                "Hash Cond": "(mc.company_id = cn.id)",
                                                                                "Workers": [],
                                                                                "Plans": [
                                                                                    {
                                                                                        "Node Type": "Seq Scan",
                                                                                        "Parent Relationship": "Outer",
                                                                                        "Parallel Aware": true,
                                                                                        "Async Capable": false,
                                                                                        "Relation Name": "movie_companies",
                                                                                        "Alias": "mc",
                                                                                        "Startup Cost": 0.0,
                                                                                        "Total Cost": 27240.55,
                                                                                        "Plan Rows": 841655,
                                                                                        "Plan Width": 12,
                                                                                        "Actual Startup Time": 0.009,
                                                                                        "Actual Total Time": 23.9,
                                                                                        "Actual Rows": 652282,
                                                                                        "Actual Loops": 4,
                                                                                        "Workers": []
                                                                                    },
                                                                                    {
                                                                                        "Node Type": "Hash",
                                                                                        "Parent Relationship": "Inner",
                                                                                        "Parallel Aware": true,
                                                                                        "Async Capable": false,
                                                                                        "Startup Cost": 4767.92,
                                                                                        "Total Cost": 4767.92,
                                                                                        "Plan Rows": 19564,
                                                                                        "Plan Width": 23,
                                                                                        "Actual Startup Time": 7.773,
                                                                                        "Actual Total Time": 7.773,
                                                                                        "Actual Rows": 5342,
                                                                                        "Actual Loops": 4,
                                                                                        "Hash Buckets": 65536,
                                                                                        "Original Hash Buckets": 65536,
                                                                                        "Hash Batches": 1,
                                                                                        "Original Hash Batches": 1,
                                                                                        "Peak Memory Usage": 1888,
                                                                                        "Workers": [],
                                                                                        "Plans": [
                                                                                            {
                                                                                                "Node Type": "Seq Scan",
                                                                                                "Parent Relationship": "Outer",
                                                                                                "Parallel Aware": true,
                                                                                                "Async Capable": false,
                                                                                                "Relation Name": "company_name",
                                                                                                "Alias": "cn",
                                                                                                "Startup Cost": 0.0,
                                                                                                "Total Cost": 4767.92,
                                                                                                "Plan Rows": 19564,
                                                                                                "Plan Width": 23,
                                                                                                "Actual Startup Time": 0.006,
                                                                                                "Actual Total Time": 7.411,
                                                                                                "Actual Rows": 5342,
                                                                                                "Actual Loops": 4,
                                                                                                "Filter": "(name ~~* '%le%'::text)",
                                                                                                "Rows Removed by Filter": 53408,
                                                                                                "Workers": []
                                                                                            }
                                                                                        ]
                                                                                    }
                                                                                ]
                                                                            },
                                                                            {
                                                                                "Node Type": "Hash",
                                                                                "Parent Relationship": "Inner",
                                                                                "Parallel Aware": true,
                                                                                "Async Capable": false,
                                                                                "Startup Cost": 485812.88,
                                                                                "Total Cost": 485812.88,
                                                                                "Plan Rows": 1569,
                                                                                "Plan Width": 48,
                                                                                "Actual Startup Time": 846.483,
                                                                                "Actual Total Time": 846.49,
                                                                                "Actual Rows": 300,
                                                                                "Actual Loops": 4,
                                                                                "Hash Buckets": 8192,
                                                                                "Original Hash Buckets": 8192,
                                                                                "Hash Batches": 1,
                                                                                "Original Hash Batches": 1,
                                                                                "Peak Memory Usage": 256,
                                                                                "Workers": [],
                                                                                "Plans": [
                                                                                    {
                                                                                        "Node Type": "Hash Join",
                                                                                        "Parent Relationship": "Outer",
                                                                                        "Parallel Aware": false,
                                                                                        "Async Capable": false,
                                                                                        "Join Type": "Inner",
                                                                                        "Startup Cost": 442481.82,
                                                                                        "Total Cost": 485812.88,
                                                                                        "Plan Rows": 1569,
                                                                                        "Plan Width": 48,
                                                                                        "Actual Startup Time": 764.58,
                                                                                        "Actual Total Time": 846.408,
                                                                                        "Actual Rows": 300,
                                                                                        "Actual Loops": 4,
                                                                                        "Inner Unique": true,
                                                                                        "Hash Cond": "(t.kind_id = kt.id)",
                                                                                        "Workers": [],
                                                                                        "Plans": [
                                                                                            {
                                                                                                "Node Type": "Hash Join",
                                                                                                "Parent Relationship": "Outer",
                                                                                                "Parallel Aware": true,
                                                                                                "Async Capable": false,
                                                                                                "Join Type": "Inner",
                                                                                                "Startup Cost": 442480.66,
                                                                                                "Total Cost": 485800.16,
                                                                                                "Plan Rows": 2746,
                                                                                                "Plan Width": 52,
                                                                                                "Actual Startup Time": 761.431,
                                                                                                "Actual Total Time": 846.329,
                                                                                                "Actual Rows": 1642,
                                                                                                "Actual Loops": 4,
                                                                                                "Inner Unique": false,
                                                                                                "Hash Cond": "(t.id = ci.movie_id)",
                                                                                                "Workers": [],
                                                                                                "Plans": [
                                                                                                    {
                                                                                                        "Node Type": "Hash Join",
                                                                                                        "Parent Relationship": "Outer",
                                                                                                        "Parallel Aware": true,
                                                                                                        "Async Capable": false,
                                                                                                        "Join Type": "Inner",
                                                                                                        "Startup Cost": 44502.94,
                                                                                                        "Total Cost": 87407.02,
                                                                                                        "Plan Rows": 109557,
                                                                                                        "Plan Width": 33,
                                                                                                        "Actual Startup Time": 85.0,
                                                                                                        "Actual Total Time": 168.789,
                                                                                                        "Actual Rows": 109865,
                                                                                                        "Actual Loops": 4,
                                                                                                        "Inner Unique": true,
                                                                                                        "Hash Cond": "(mk.movie_id = t.id)",
                                                                                                        "Workers": [],
                                                                                                        "Plans": [
                                                                                                            {
                                                                                                                "Node Type": "Seq Scan",
                                                                                                                "Parent Relationship": "Outer",
                                                                                                                "Parallel Aware": true,
                                                                                                                "Async Capable": false,
                                                                                                                "Relation Name": "movie_keyword",
                                                                                                                "Alias": "mk",
                                                                                                                "Startup Cost": 0.0,
                                                                                                                "Total Cost": 39073.32,
                                                                                                                "Plan Rows": 1459332,
                                                                                                                "Plan Width": 8,
                                                                                                                "Actual Startup Time": 0.004,
                                                                                                                "Actual Total Time": 38.541,
                                                                                                                "Actual Rows": 1130982,
                                                                                                                "Actual Loops": 4,
                                                                                                                "Workers": []
                                                                                                            },
                                                                                                            {
                                                                                                                "Node Type": "Hash",
                                                                                                                "Parent Relationship": "Inner",
                                                                                                                "Parallel Aware": true,
                                                                                                                "Async Capable": false,
                                                                                                                "Startup Cost": 43909.73,
                                                                                                                "Total Cost": 43909.73,
                                                                                                                "Plan Rows": 47457,
                                                                                                                "Plan Width": 25,
                                                                                                                "Actual Startup Time": 84.832,
                                                                                                                "Actual Total Time": 84.833,
                                                                                                                "Actual Rows": 47857,
                                                                                                                "Actual Loops": 4,
                                                                                                                "Hash Buckets": 262144,
                                                                                                                "Original Hash Buckets": 262144,
                                                                                                                "Hash Batches": 1,
                                                                                                                "Original Hash Batches": 1,
                                                                                                                "Peak Memory Usage": 14976,
                                                                                                                "Workers": [],
                                                                                                                "Plans": [
                                                                                                                    {
                                                                                                                        "Node Type": "Seq Scan",
                                                                                                                        "Parent Relationship": "Outer",
                                                                                                                        "Parallel Aware": true,
                                                                                                                        "Async Capable": false,
                                                                                                                        "Relation Name": "title",
                                                                                                                        "Alias": "t",
                                                                                                                        "Startup Cost": 0.0,
                                                                                                                        "Total Cost": 43909.73,
                                                                                                                        "Plan Rows": 47457,
                                                                                                                        "Plan Width": 25,
                                                                                                                        "Actual Startup Time": 0.009,
                                                                                                                        "Actual Total Time": 77.975,
                                                                                                                        "Actual Rows": 47857,
                                                                                                                        "Actual Loops": 4,
                                                                                                                        "Filter": "(title ~~* '%ma%'::text)",
                                                                                                                        "Rows Removed by Filter": 584221,
                                                                                                                        "Workers": []
                                                                                                                    }
                                                                                                                ]
                                                                                                            }
                                                                                                        ]
                                                                                                    },
                                                                                                    {
                                                                                                        "Node Type": "Hash",
                                                                                                        "Parent Relationship": "Inner",
                                                                                                        "Parallel Aware": true,
                                                                                                        "Async Capable": false,
                                                                                                        "Startup Cost": 397845.68,
                                                                                                        "Total Cost": 397845.68,
                                                                                                        "Plan Rows": 10563,
                                                                                                        "Plan Width": 19,
                                                                                                        "Actual Startup Time": 673.848,
                                                                                                        "Actual Total Time": 673.851,
                                                                                                        "Actual Rows": 3832,
                                                                                                        "Actual Loops": 4,
                                                                                                        "Hash Buckets": 65536,
                                                                                                        "Original Hash Buckets": 65536,
                                                                                                        "Hash Batches": 1,
                                                                                                        "Original Hash Batches": 1,
                                                                                                        "Peak Memory Usage": 1408,
                                                                                                        "Workers": [],
                                                                                                        "Plans": [
                                                                                                            {
                                                                                                                "Node Type": "Hash Join",
                                                                                                                "Parent Relationship": "Outer",
                                                                                                                "Parallel Aware": false,
                                                                                                                "Async Capable": false,
                                                                                                                "Join Type": "Inner",
                                                                                                                "Startup Cost": 68748.96,
                                                                                                                "Total Cost": 397845.68,
                                                                                                                "Plan Rows": 10563,
                                                                                                                "Plan Width": 19,
                                                                                                                "Actual Startup Time": 286.255,
                                                                                                                "Actual Total Time": 673.364,
                                                                                                                "Actual Rows": 3832,
                                                                                                                "Actual Loops": 4,
                                                                                                                "Inner Unique": true,
                                                                                                                "Hash Cond": "(ci.role_id = rt.id)",
                                                                                                                "Workers": [],
                                                                                                                "Plans": [
                                                                                                                    {
                                                                                                                        "Node Type": "Hash Join",
                                                                                                                        "Parent Relationship": "Outer",
                                                                                                                        "Parallel Aware": true,
                                                                                                                        "Async Capable": false,
                                                                                                                        "Join Type": "Inner",
                                                                                                                        "Startup Cost": 68747.73,
                                                                                                                        "Total Cost": 397731.89,
                                                                                                                        "Plan Rows": 31690,
                                                                                                                        "Plan Width": 23,
                                                                                                                        "Actual Startup Time": 113.636,
                                                                                                                        "Actual Total Time": 672.834,
                                                                                                                        "Actual Rows": 14608,
                                                                                                                        "Actual Loops": 4,
                                                                                                                        "Inner Unique": true,
                                                                                                                        "Hash Cond": "(ci.person_id = n.id)",
                                                                                                                        "Workers": [],
                                                                                                                        "Plans": [
                                                                                                                            {
                                                                                                                                "Node Type": "Seq Scan",
                                                                                                                                "Parent Relationship": "Outer",
                                                                                                                                "Parallel Aware": true,
                                                                                                                                "Async Capable": false,
                                                                                                                                "Relation Name": "cast_info",
                                                                                                                                "Alias": "ci",
                                                                                                                                "Startup Cost": 0.0,
                                                                                                                                "Total Cost": 313127.24,
                                                                                                                                "Plan Rows": 6040724,
                                                                                                                                "Plan Width": 12,
                                                                                                                                "Actual Startup Time": 0.016,
                                                                                                                                "Actual Total Time": 294.674,
                                                                                                                                "Actual Rows": 9061086,
                                                                                                                                "Actual Loops": 4,
                                                                                                                                "Workers": []
                                                                                                                            },
                                                                                                                            {
                                                                                                                                "Node Type": "Hash",
                                                                                                                                "Parent Relationship": "Inner",
                                                                                                                                "Parallel Aware": true,
                                                                                                                                "Async Capable": false,
                                                                                                                                "Startup Cost": 68679.41,
                                                                                                                                "Total Cost": 68679.41,
                                                                                                                                "Plan Rows": 5466,
                                                                                                                                "Plan Width": 19,
                                                                                                                                "Actual Startup Time": 102.723,
                                                                                                                                "Actual Total Time": 102.723,
                                                                                                                                "Actual Rows": 1414,
                                                                                                                                "Actual Loops": 4,
                                                                                                                                "Hash Buckets": 32768,
                                                                                                                                "Original Hash Buckets": 32768,
                                                                                                                                "Hash Batches": 1,
                                                                                                                                "Original Hash Batches": 1,
                                                                                                                                "Peak Memory Usage": 608,
                                                                                                                                "Workers": [],
                                                                                                                                "Plans": [
                                                                                                                                    {
                                                                                                                                        "Node Type": "Seq Scan",
                                                                                                                                        "Parent Relationship": "Outer",
                                                                                                                                        "Parallel Aware": true,
                                                                                                                                        "Async Capable": false,
                                                                                                                                        "Relation Name": "name",
                                                                                                                                        "Alias": "n",
                                                                                                                                        "Startup Cost": 0.0,
                                                                                                                                        "Total Cost": 68679.41,
                                                                                                                                        "Plan Rows": 5466,
                                                                                                                                        "Plan Width": 19,
                                                                                                                                        "Actual Startup Time": 5.911,
                                                                                                                                        "Actual Total Time": 102.41,
                                                                                                                                        "Actual Rows": 1414,
                                                                                                                                        "Actual Loops": 4,
                                                                                                                                        "Filter": "((surname_pcode)::text ~~* '%c61%'::text)",
                                                                                                                                        "Rows Removed by Filter": 1040459,
                                                                                                                                        "Workers": []
                                                                                                                                    }
                                                                                                                                ]
                                                                                                                            }
                                                                                                                        ]
                                                                                                                    },
                                                                                                                    {
                                                                                                                        "Node Type": "Hash",
                                                                                                                        "Parent Relationship": "Inner",
                                                                                                                        "Parallel Aware": false,
                                                                                                                        "Async Capable": false,
                                                                                                                        "Startup Cost": 1.18,
                                                                                                                        "Total Cost": 1.18,
                                                                                                                        "Plan Rows": 4,
                                                                                                                        "Plan Width": 4,
                                                                                                                        "Actual Startup Time": 0.007,
                                                                                                                        "Actual Total Time": 0.007,
                                                                                                                        "Actual Rows": 4,
                                                                                                                        "Actual Loops": 4,
                                                                                                                        "Hash Buckets": 1024,
                                                                                                                        "Original Hash Buckets": 1024,
                                                                                                                        "Hash Batches": 1,
                                                                                                                        "Original Hash Batches": 1,
                                                                                                                        "Peak Memory Usage": 9,
                                                                                                                        "Workers": [],
                                                                                                                        "Plans": [
                                                                                                                            {
                                                                                                                                "Node Type": "Seq Scan",
                                                                                                                                "Parent Relationship": "Outer",
                                                                                                                                "Parallel Aware": false,
                                                                                                                                "Async Capable": false,
                                                                                                                                "Relation Name": "role_type",
                                                                                                                                "Alias": "rt",
                                                                                                                                "Startup Cost": 0.0,
                                                                                                                                "Total Cost": 1.18,
                                                                                                                                "Plan Rows": 4,
                                                                                                                                "Plan Width": 4,
                                                                                                                                "Actual Startup Time": 0.005,
                                                                                                                                "Actual Total Time": 0.006,
                                                                                                                                "Actual Rows": 4,
                                                                                                                                "Actual Loops": 4,
                                                                                                                                "Filter": "((role)::text = ANY ('{actress,composer,editor,\"production designer\"}'::text[]))",
                                                                                                                                "Rows Removed by Filter": 8,
                                                                                                                                "Workers": []
                                                                                                                            }
                                                                                                                        ]
                                                                                                                    }
                                                                                                                ]
                                                                                                            }
                                                                                                        ]
                                                                                                    }
                                                                                                ]
                                                                                            },
                                                                                            {
                                                                                                "Node Type": "Hash",
                                                                                                "Parent Relationship": "Inner",
                                                                                                "Parallel Aware": false,
                                                                                                "Async Capable": false,
                                                                                                "Startup Cost": 1.1,
                                                                                                "Total Cost": 1.1,
                                                                                                "Plan Rows": 4,
                                                                                                "Plan Width": 4,
                                                                                                "Actual Startup Time": 0.013,
                                                                                                "Actual Total Time": 0.013,
                                                                                                "Actual Rows": 4,
                                                                                                "Actual Loops": 4,
                                                                                                "Hash Buckets": 1024,
                                                                                                "Original Hash Buckets": 1024,
                                                                                                "Hash Batches": 1,
                                                                                                "Original Hash Batches": 1,
                                                                                                "Peak Memory Usage": 9,
                                                                                                "Workers": [],
                                                                                                "Plans": [
                                                                                                    {
                                                                                                        "Node Type": "Seq Scan",
                                                                                                        "Parent Relationship": "Outer",
                                                                                                        "Parallel Aware": false,
                                                                                                        "Async Capable": false,
                                                                                                        "Relation Name": "kind_type",
                                                                                                        "Alias": "kt",
                                                                                                        "Startup Cost": 0.0,
                                                                                                        "Total Cost": 1.1,
                                                                                                        "Plan Rows": 4,
                                                                                                        "Plan Width": 4,
                                                                                                        "Actual Startup Time": 0.011,
                                                                                                        "Actual Total Time": 0.012,
                                                                                                        "Actual Rows": 4,
                                                                                                        "Actual Loops": 4,
                                                                                                        "Filter": "((kind)::text = ANY ('{\"tv movie\",\"tv series\",\"video game\",\"video movie\"}'::text[]))",
                                                                                                        "Rows Removed by Filter": 3,
                                                                                                        "Workers": []
                                                                                                    }
                                                                                                ]
                                                                                            }
                                                                                        ]
                                                                                    }
                                                                                ]
                                                                            }
                                                                        ]
                                                                    },
                                                                    {
                                                                        "Node Type": "Hash",
                                                                        "Parent Relationship": "Inner",
                                                                        "Parallel Aware": false,
                                                                        "Async Capable": false,
                                                                        "Startup Cost": 2349.7,
                                                                        "Total Cost": 2349.7,
                                                                        "Plan Rows": 134170,
                                                                        "Plan Width": 4,
                                                                        "Actual Startup Time": 13.679,
                                                                        "Actual Total Time": 13.68,
                                                                        "Actual Rows": 134170,
                                                                        "Actual Loops": 4,
                                                                        "Hash Buckets": 262144,
                                                                        "Original Hash Buckets": 262144,
                                                                        "Hash Batches": 1,
                                                                        "Original Hash Batches": 1,
                                                                        "Peak Memory Usage": 6765,
                                                                        "Workers": [],
                                                                        "Plans": [
                                                                            {
                                                                                "Node Type": "Seq Scan",
                                                                                "Parent Relationship": "Outer",
                                                                                "Parallel Aware": false,
                                                                                "Async Capable": false,
                                                                                "Relation Name": "keyword",
                                                                                "Alias": "k",
                                                                                "Startup Cost": 0.0,
                                                                                "Total Cost": 2349.7,
                                                                                "Plan Rows": 134170,
                                                                                "Plan Width": 4,
                                                                                "Actual Startup Time": 0.006,
                                                                                "Actual Total Time": 6.477,
                                                                                "Actual Rows": 134170,
                                                                                "Actual Loops": 4,
                                                                                "Workers": []
                                                                            }
                                                                        ]
                                                                    }
                                                                ]
                                                            },
                                                            {
                                                                "Node Type": "Hash",
                                                                "Parent Relationship": "Inner",
                                                                "Parallel Aware": false,
                                                                "Async Capable": false,
                                                                "Startup Cost": 1.04,
                                                                "Total Cost": 1.04,
                                                                "Plan Rows": 4,
                                                                "Plan Width": 4,
                                                                "Actual Startup Time": 0.012,
                                                                "Actual Total Time": 0.013,
                                                                "Actual Rows": 4,
                                                                "Actual Loops": 4,
                                                                "Hash Buckets": 1024,
                                                                "Original Hash Buckets": 1024,
                                                                "Hash Batches": 1,
                                                                "Original Hash Batches": 1,
                                                                "Peak Memory Usage": 9,
                                                                "Workers": [],
                                                                "Plans": [
                                                                    {
                                                                        "Node Type": "Seq Scan",
                                                                        "Parent Relationship": "Outer",
                                                                        "Parallel Aware": false,
                                                                        "Async Capable": false,
                                                                        "Relation Name": "company_type",
                                                                        "Alias": "ct",
                                                                        "Startup Cost": 0.0,
                                                                        "Total Cost": 1.04,
                                                                        "Plan Rows": 4,
                                                                        "Plan Width": 4,
                                                                        "Actual Startup Time": 0.01,
                                                                        "Actual Total Time": 0.011,
                                                                        "Actual Rows": 4,
                                                                        "Actual Loops": 4,
                                                                        "Workers": []
                                                                    }
                                                                ]
                                                            }
                                                        ]
                                                    }
                                                ]
                                            }
                                        ]
                                    }
                                ]
                            }
                        ]
                    },
                    "Planning Time": 3.959,
                    "Triggers": [],
                    "Execution Time": 954.799
                }
            ],
            "hints": [
                "SET enable_hashjoin TO on",
                "SET enable_indexonlyscan TO on",
                "SET enable_indexscan TO off",
                "SET enable_mergejoin TO off",
                "SET enable_nestloop TO on",
                "SET enable_seqscan TO on"
            ]
        },
        {
            "arm": 3,
            "execution_time": 951.757,
            "plan": [
                {
                    "Plan": {
                        "Node Type": "Sort",
                        "Parallel Aware": false,
                        "Async Capable": false,
                        "Startup Cost": 525912.91,
                        "Total Cost": 525914.69,
                        "Plan Rows": 710,
                        "Plan Width": 59,
                        "Actual Startup Time": 922.388,
                        "Actual Total Time": 951.697,
                        "Actual Rows": 44,
                        "Actual Loops": 1,
                        "Sort Key": [
                            "(count(*)) DESC"
                        ],
                        "Sort Method": "quicksort",
                        "Sort Space Used": 29,
                        "Sort Space Type": "Memory",
                        "Plans": [
                            {
                                "Node Type": "Aggregate",
                                "Strategy": "Sorted",
                                "Partial Mode": "Simple",
                                "Parent Relationship": "Outer",
                                "Parallel Aware": false,
                                "Async Capable": false,
                                "Startup Cost": 525781.09,
                                "Total Cost": 525879.29,
                                "Plan Rows": 710,
                                "Plan Width": 59,
                                "Actual Startup Time": 922.301,
                                "Actual Total Time": 951.689,
                                "Actual Rows": 44,
                                "Actual Loops": 1,
                                "Group Key": [
                                    "t.title",
                                    "n.name",
                                    "cn.name"
                                ],
                                "Plans": [
                                    {
                                        "Node Type": "Gather Merge",
                                        "Parent Relationship": "Outer",
                                        "Parallel Aware": false,
                                        "Async Capable": false,
                                        "Startup Cost": 525781.09,
                                        "Total Cost": 525865.09,
                                        "Plan Rows": 710,
                                        "Plan Width": 51,
                                        "Actual Startup Time": 922.293,
                                        "Actual Total Time": 951.643,
                                        "Actual Rows": 695,
                                        "Actual Loops": 1,
                                        "Workers Planned": 3,
                                        "Workers Launched": 3,
                                        "Plans": [
                                            {
                                                "Node Type": "Sort",
                                                "Parent Relationship": "Outer",
                                                "Parallel Aware": false,
                                                "Async Capable": false,
                                                "Startup Cost": 524781.05,
                                                "Total Cost": 524781.62,
                                                "Plan Rows": 229,
                                                "Plan Width": 51,
                                                "Actual Startup Time": 920.597,
                                                "Actual Total Time": 920.61,
                                                "Actual Rows": 174,
                                                "Actual Loops": 4,
                                                "Sort Key": [
                                                    "t.title COLLATE \"C\"",
                                                    "n.name COLLATE \"C\"",
                                                    "cn.name COLLATE \"C\""
                                                ],
                                                "Sort Method": "quicksort",
                                                "Sort Space Used": 40,
                                                "Sort Space Type": "Memory",
                                                "Workers": [
                                                    {
                                                        "Worker Number": 0,
                                                        "Sort Method": "quicksort",
                                                        "Sort Space Used": 44,
                                                        "Sort Space Type": "Memory"
                                                    },
                                                    {
                                                        "Worker Number": 1,
                                                        "Sort Method": "quicksort",
                                                        "Sort Space Used": 43,
                                                        "Sort Space Type": "Memory"
                                                    },
                                                    {
                                                        "Worker Number": 2,
                                                        "Sort Method": "quicksort",
                                                        "Sort Space Used": 30,
                                                        "Sort Space Type": "Memory"
                                                    }
                                                ],
                                                "Plans": [
                                                    {
                                                        "Node Type": "Hash Join",
                                                        "Parent Relationship": "Outer",
                                                        "Parallel Aware": false,
                                                        "Async Capable": false,
                                                        "Join Type": "Inner",
                                                        "Startup Cost": 494872.88,
                                                        "Total Cost": 524772.07,
                                                        "Plan Rows": 229,
                                                        "Plan Width": 51,
                                                        "Actual Startup Time": 873.07,
                                                        "Actual Total Time": 920.528,
                                                        "Actual Rows": 174,
                                                        "Actual Loops": 4,
                                                        "Inner Unique": true,
                                                        "Hash Cond": "(mc.company_type_id = ct.id)",
                                                        "Workers": [],
                                                        "Plans": [
                                                            {
                                                                "Node Type": "Hash Join",
                                                                "Parent Relationship": "Outer",
                                                                "Parallel Aware": false,
                                                                "Async Capable": false,
                                                                "Join Type": "Inner",
                                                                "Startup Cost": 494871.79,
                                                                "Total Cost": 524769.75,
                                                                "Plan Rows": 229,
                                                                "Plan Width": 55,
                                                                "Actual Startup Time": 873.016,
                                                                "Actual Total Time": 920.459,
                                                                "Actual Rows": 174,
                                                                "Actual Loops": 4,
                                                                "Inner Unique": true,
                                                                "Hash Cond": "(mk.keyword_id = k.id)",
                                                                "Workers": [],
                                                                "Plans": [
                                                                    {
                                                                        "Node Type": "Hash Join",
                                                                        "Parent Relationship": "Outer",
                                                                        "Parallel Aware": true,
                                                                        "Async Capable": false,
                                                                        "Join Type": "Inner",
                                                                        "Startup Cost": 490844.97,
                                                                        "Total Cost": 520742.32,
                                                                        "Plan Rows": 229,
                                                                        "Plan Width": 59,
                                                                        "Actual Startup Time": 860.129,
                                                                        "Actual Total Time": 907.502,
                                                                        "Actual Rows": 174,
                                                                        "Actual Loops": 4,
                                                                        "Inner Unique": false,
                                                                        "Hash Cond": "(mc.movie_id = t.id)",
                                                                        "Workers": [],
                                                                        "Plans": [
                                                                            {
                                                                                "Node Type": "Hash Join",
                                                                                "Parent Relationship": "Outer",
                                                                                "Parallel Aware": true,
                                                                                "Async Capable": false,
                                                                                "Join Type": "Inner",
                                                                                "Startup Cost": 5012.47,
                                                                                "Total Cost": 34462.4,
                                                                                "Plan Rows": 119115,
                                                                                "Plan Width": 27,
                                                                                "Actual Startup Time": 7.767,
                                                                                "Actual Total Time": 59.928,
                                                                                "Actual Rows": 89760,
                                                                                "Actual Loops": 4,
                                                                                "Inner Unique": true,
                                                                                "Hash Cond": "(mc.company_id = cn.id)",
                                                                                "Workers": [],
                                                                                "Plans": [
                                                                                    {
                                                                                        "Node Type": "Seq Scan",
                                                                                        "Parent Relationship": "Outer",
                                                                                        "Parallel Aware": true,
                                                                                        "Async Capable": false,
                                                                                        "Relation Name": "movie_companies",
                                                                                        "Alias": "mc",
                                                                                        "Startup Cost": 0.0,
                                                                                        "Total Cost": 27240.55,
                                                                                        "Plan Rows": 841655,
                                                                                        "Plan Width": 12,
                                                                                        "Actual Startup Time": 0.011,
                                                                                        "Actual Total Time": 23.759,
                                                                                        "Actual Rows": 652282,
                                                                                        "Actual Loops": 4,
                                                                                        "Workers": []
                                                                                    },
                                                                                    {
                                                                                        "Node Type": "Hash",
                                                                                        "Parent Relationship": "Inner",
                                                                                        "Parallel Aware": true,
                                                                                        "Async Capable": false,
                                                                                        "Startup Cost": 4767.92,
                                                                                        "Total Cost": 4767.92,
                                                                                        "Plan Rows": 19564,
                                                                                        "Plan Width": 23,
                                                                                        "Actual Startup Time": 7.733,
                                                                                        "Actual Total Time": 7.733,
                                                                                        "Actual Rows": 5342,
                                                                                        "Actual Loops": 4,
                                                                                        "Hash Buckets": 65536,
                                                                                        "Original Hash Buckets": 65536,
                                                                                        "Hash Batches": 1,
                                                                                        "Original Hash Batches": 1,
                                                                                        "Peak Memory Usage": 1888,
                                                                                        "Workers": [],
                                                                                        "Plans": [
                                                                                            {
                                                                                                "Node Type": "Seq Scan",
                                                                                                "Parent Relationship": "Outer",
                                                                                                "Parallel Aware": true,
                                                                                                "Async Capable": false,
                                                                                                "Relation Name": "company_name",
                                                                                                "Alias": "cn",
                                                                                                "Startup Cost": 0.0,
                                                                                                "Total Cost": 4767.92,
                                                                                                "Plan Rows": 19564,
                                                                                                "Plan Width": 23,
                                                                                                "Actual Startup Time": 0.008,
                                                                                                "Actual Total Time": 7.378,
                                                                                                "Actual Rows": 5342,
                                                                                                "Actual Loops": 4,
                                                                                                "Filter": "(name ~~* '%le%'::text)",
                                                                                                "Rows Removed by Filter": 53408,
                                                                                                "Workers": []
                                                                                            }
                                                                                        ]
                                                                                    }
                                                                                ]
                                                                            },
                                                                            {
                                                                                "Node Type": "Hash",
                                                                                "Parent Relationship": "Inner",
                                                                                "Parallel Aware": true,
                                                                                "Async Capable": false,
                                                                                "Startup Cost": 485812.88,
                                                                                "Total Cost": 485812.88,
                                                                                "Plan Rows": 1569,
                                                                                "Plan Width": 48,
                                                                                "Actual Startup Time": 844.658,
                                                                                "Actual Total Time": 844.664,
                                                                                "Actual Rows": 300,
                                                                                "Actual Loops": 4,
                                                                                "Hash Buckets": 8192,
                                                                                "Original Hash Buckets": 8192,
                                                                                "Hash Batches": 1,
                                                                                "Original Hash Batches": 1,
                                                                                "Peak Memory Usage": 256,
                                                                                "Workers": [],
                                                                                "Plans": [
                                                                                    {
                                                                                        "Node Type": "Hash Join",
                                                                                        "Parent Relationship": "Outer",
                                                                                        "Parallel Aware": false,
                                                                                        "Async Capable": false,
                                                                                        "Join Type": "Inner",
                                                                                        "Startup Cost": 442481.82,
                                                                                        "Total Cost": 485812.88,
                                                                                        "Plan Rows": 1569,
                                                                                        "Plan Width": 48,
                                                                                        "Actual Startup Time": 760.587,
                                                                                        "Actual Total Time": 844.578,
                                                                                        "Actual Rows": 300,
                                                                                        "Actual Loops": 4,
                                                                                        "Inner Unique": true,
                                                                                        "Hash Cond": "(t.kind_id = kt.id)",
                                                                                        "Workers": [],
                                                                                        "Plans": [
                                                                                            {
                                                                                                "Node Type": "Hash Join",
                                                                                                "Parent Relationship": "Outer",
                                                                                                "Parallel Aware": true,
                                                                                                "Async Capable": false,
                                                                                                "Join Type": "Inner",
                                                                                                "Startup Cost": 442480.66,
                                                                                                "Total Cost": 485800.16,
                                                                                                "Plan Rows": 2746,
                                                                                                "Plan Width": 52,
                                                                                                "Actual Startup Time": 756.915,
                                                                                                "Actual Total Time": 844.497,
                                                                                                "Actual Rows": 1642,
                                                                                                "Actual Loops": 4,
                                                                                                "Inner Unique": false,
                                                                                                "Hash Cond": "(t.id = ci.movie_id)",
                                                                                                "Workers": [],
                                                                                                "Plans": [
                                                                                                    {
                                                                                                        "Node Type": "Hash Join",
                                                                                                        "Parent Relationship": "Outer",
                                                                                                        "Parallel Aware": true,
                                                                                                        "Async Capable": false,
                                                                                                        "Join Type": "Inner",
                                                                                                        "Startup Cost": 44502.94,
                                                                                                        "Total Cost": 87407.02,
                                                                                                        "Plan Rows": 109557,
                                                                                                        "Plan Width": 33,
                                                                                                        "Actual Startup Time": 82.11,
                                                                                                        "Actual Total Time": 167.966,
                                                                                                        "Actual Rows": 109865,
                                                                                                        "Actual Loops": 4,
                                                                                                        "Inner Unique": true,
                                                                                                        "Hash Cond": "(mk.movie_id = t.id)",
                                                                                                        "Workers": [],
                                                                                                        "Plans": [
                                                                                                            {
                                                                                                                "Node Type": "Seq Scan",
                                                                                                                "Parent Relationship": "Outer",
                                                                                                                "Parallel Aware": true,
                                                                                                                "Async Capable": false,
                                                                                                                "Relation Name": "movie_keyword",
                                                                                                                "Alias": "mk",
                                                                                                                "Startup Cost": 0.0,
                                                                                                                "Total Cost": 39073.32,
                                                                                                                "Plan Rows": 1459332,
                                                                                                                "Plan Width": 8,
                                                                                                                "Actual Startup Time": 0.004,
                                                                                                                "Actual Total Time": 38.621,
                                                                                                                "Actual Rows": 1130982,
                                                                                                                "Actual Loops": 4,
                                                                                                                "Workers": []
                                                                                                            },
                                                                                                            {
                                                                                                                "Node Type": "Hash",
                                                                                                                "Parent Relationship": "Inner",
                                                                                                                "Parallel Aware": true,
                                                                                                                "Async Capable": false,
                                                                                                                "Startup Cost": 43909.73,
                                                                                                                "Total Cost": 43909.73,
                                                                                                                "Plan Rows": 47457,
                                                                                                                "Plan Width": 25,
                                                                                                                "Actual Startup Time": 81.921,
                                                                                                                "Actual Total Time": 81.921,
                                                                                                                "Actual Rows": 47857,
                                                                                                                "Actual Loops": 4,
                                                                                                                "Hash Buckets": 262144,
                                                                                                                "Original Hash Buckets": 262144,
                                                                                                                "Hash Batches": 1,
                                                                                                                "Original Hash Batches": 1,
                                                                                                                "Peak Memory Usage": 14944,
                                                                                                                "Workers": [],
                                                                                                                "Plans": [
                                                                                                                    {
                                                                                                                        "Node Type": "Seq Scan",
                                                                                                                        "Parent Relationship": "Outer",
                                                                                                                        "Parallel Aware": true,
                                                                                                                        "Async Capable": false,
                                                                                                                        "Relation Name": "title",
                                                                                                                        "Alias": "t",
                                                                                                                        "Startup Cost": 0.0,
                                                                                                                        "Total Cost": 43909.73,
                                                                                                                        "Plan Rows": 47457,
                                                                                                                        "Plan Width": 25,
                                                                                                                        "Actual Startup Time": 0.008,
                                                                                                                        "Actual Total Time": 75.475,
                                                                                                                        "Actual Rows": 47857,
                                                                                                                        "Actual Loops": 4,
                                                                                                                        "Filter": "(title ~~* '%ma%'::text)",
                                                                                                                        "Rows Removed by Filter": 584221,
                                                                                                                        "Workers": []
                                                                                                                    }
                                                                                                                ]
                                                                                                            }
                                                                                                        ]
                                                                                                    },
                                                                                                    {
                                                                                                        "Node Type": "Hash",
                                                                                                        "Parent Relationship": "Inner",
                                                                                                        "Parallel Aware": true,
                                                                                                        "Async Capable": false,
                                                                                                        "Startup Cost": 397845.68,
                                                                                                        "Total Cost": 397845.68,
                                                                                                        "Plan Rows": 10563,
                                                                                                        "Plan Width": 19,
                                                                                                        "Actual Startup Time": 672.678,
                                                                                                        "Actual Total Time": 672.681,
                                                                                                        "Actual Rows": 3832,
                                                                                                        "Actual Loops": 4,
                                                                                                        "Hash Buckets": 65536,
                                                                                                        "Original Hash Buckets": 65536,
                                                                                                        "Hash Batches": 1,
                                                                                                        "Original Hash Batches": 1,
                                                                                                        "Peak Memory Usage": 1440,
                                                                                                        "Workers": [],
                                                                                                        "Plans": [
                                                                                                            {
                                                                                                                "Node Type": "Hash Join",
                                                                                                                "Parent Relationship": "Outer",
                                                                                                                "Parallel Aware": false,
                                                                                                                "Async Capable": false,
                                                                                                                "Join Type": "Inner",
                                                                                                                "Startup Cost": 68748.96,
                                                                                                                "Total Cost": 397845.68,
                                                                                                                "Plan Rows": 10563,
                                                                                                                "Plan Width": 19,
                                                                                                                "Actual Startup Time": 283.637,
                                                                                                                "Actual Total Time": 672.204,
                                                                                                                "Actual Rows": 3832,
                                                                                                                "Actual Loops": 4,
                                                                                                                "Inner Unique": true,
                                                                                                                "Hash Cond": "(ci.role_id = rt.id)",
                                                                                                                "Workers": [],
                                                                                                                "Plans": [
                                                                                                                    {
                                                                                                                        "Node Type": "Hash Join",
                                                                                                                        "Parent Relationship": "Outer",
                                                                                                                        "Parallel Aware": true,
                                                                                                                        "Async Capable": false,
                                                                                                                        "Join Type": "Inner",
                                                                                                                        "Startup Cost": 68747.73,
                                                                                                                        "Total Cost": 397731.89,
                                                                                                                        "Plan Rows": 31690,
                                                                                                                        "Plan Width": 23,
                                                                                                                        "Actual Startup Time": 110.875,
                                                                                                                        "Actual Total Time": 671.678,
                                                                                                                        "Actual Rows": 14608,
                                                                                                                        "Actual Loops": 4,
                                                                                                                        "Inner Unique": true,
                                                                                                                        "Hash Cond": "(ci.person_id = n.id)",
                                                                                                                        "Workers": [],
                                                                                                                        "Plans": [
                                                                                                                            {
                                                                                                                                "Node Type": "Seq Scan",
                                                                                                                                "Parent Relationship": "Outer",
                                                                                                                                "Parallel Aware": true,
                                                                                                                                "Async Capable": false,
                                                                                                                                "Relation Name": "cast_info",
                                                                                                                                "Alias": "ci",
                                                                                                                                "Startup Cost": 0.0,
                                                                                                                                "Total Cost": 313127.24,
                                                                                                                                "Plan Rows": 6040724,
                                                                                                                                "Plan Width": 12,
                                                                                                                                "Actual Startup Time": 0.014,
                                                                                                                                "Actual Total Time": 293.671,
                                                                                                                                "Actual Rows": 9061086,
                                                                                                                                "Actual Loops": 4,
                                                                                                                                "Workers": []
                                                                                                                            },
                                                                                                                            {
                                                                                                                                "Node Type": "Hash",
                                                                                                                                "Parent Relationship": "Inner",
                                                                                                                                "Parallel Aware": true,
                                                                                                                                "Async Capable": false,
                                                                                                                                "Startup Cost": 68679.41,
                                                                                                                                "Total Cost": 68679.41,
                                                                                                                                "Plan Rows": 5466,
                                                                                                                                "Plan Width": 19,
                                                                                                                                "Actual Startup Time": 100.071,
                                                                                                                                "Actual Total Time": 100.072,
                                                                                                                                "Actual Rows": 1414,
                                                                                                                                "Actual Loops": 4,
                                                                                                                                "Hash Buckets": 32768,
                                                                                                                                "Original Hash Buckets": 32768,
                                                                                                                                "Hash Batches": 1,
                                                                                                                                "Original Hash Batches": 1,
                                                                                                                                "Peak Memory Usage": 608,
                                                                                                                                "Workers": [],
                                                                                                                                "Plans": [
                                                                                                                                    {
                                                                                                                                        "Node Type": "Seq Scan",
                                                                                                                                        "Parent Relationship": "Outer",
                                                                                                                                        "Parallel Aware": true,
                                                                                                                                        "Async Capable": false,
                                                                                                                                        "Relation Name": "name",
                                                                                                                                        "Alias": "n",
                                                                                                                                        "Startup Cost": 0.0,
                                                                                                                                        "Total Cost": 68679.41,
                                                                                                                                        "Plan Rows": 5466,
                                                                                                                                        "Plan Width": 19,
                                                                                                                                        "Actual Startup Time": 5.394,
                                                                                                                                        "Actual Total Time": 99.754,
                                                                                                                                        "Actual Rows": 1414,
                                                                                                                                        "Actual Loops": 4,
                                                                                                                                        "Filter": "((surname_pcode)::text ~~* '%c61%'::text)",
                                                                                                                                        "Rows Removed by Filter": 1040459,
                                                                                                                                        "Workers": []
                                                                                                                                    }
                                                                                                                                ]
                                                                                                                            }
                                                                                                                        ]
                                                                                                                    },
                                                                                                                    {
                                                                                                                        "Node Type": "Hash",
                                                                                                                        "Parent Relationship": "Inner",
                                                                                                                        "Parallel Aware": false,
                                                                                                                        "Async Capable": false,
                                                                                                                        "Startup Cost": 1.18,
                                                                                                                        "Total Cost": 1.18,
                                                                                                                        "Plan Rows": 4,
                                                                                                                        "Plan Width": 4,
                                                                                                                        "Actual Startup Time": 0.007,
                                                                                                                        "Actual Total Time": 0.007,
                                                                                                                        "Actual Rows": 4,
                                                                                                                        "Actual Loops": 4,
                                                                                                                        "Hash Buckets": 1024,
                                                                                                                        "Original Hash Buckets": 1024,
                                                                                                                        "Hash Batches": 1,
                                                                                                                        "Original Hash Batches": 1,
                                                                                                                        "Peak Memory Usage": 9,
                                                                                                                        "Workers": [],
                                                                                                                        "Plans": [
                                                                                                                            {
                                                                                                                                "Node Type": "Seq Scan",
                                                                                                                                "Parent Relationship": "Outer",
                                                                                                                                "Parallel Aware": false,
                                                                                                                                "Async Capable": false,
                                                                                                                                "Relation Name": "role_type",
                                                                                                                                "Alias": "rt",
                                                                                                                                "Startup Cost": 0.0,
                                                                                                                                "Total Cost": 1.18,
                                                                                                                                "Plan Rows": 4,
                                                                                                                                "Plan Width": 4,
                                                                                                                                "Actual Startup Time": 0.005,
                                                                                                                                "Actual Total Time": 0.006,
                                                                                                                                "Actual Rows": 4,
                                                                                                                                "Actual Loops": 4,
                                                                                                                                "Filter": "((role)::text = ANY ('{actress,composer,editor,\"production designer\"}'::text[]))",
                                                                                                                                "Rows Removed by Filter": 8,
                                                                                                                                "Workers": []
                                                                                                                            }
                                                                                                                        ]
                                                                                                                    }
                                                                                                                ]
                                                                                                            }
                                                                                                        ]
                                                                                                    }
                                                                                                ]
                                                                                            },
                                                                                            {
                                                                                                "Node Type": "Hash",
                                                                                                "Parent Relationship": "Inner",
                                                                                                "Parallel Aware": false,
                                                                                                "Async Capable": false,
                                                                                                "Startup Cost": 1.1,
                                                                                                "Total Cost": 1.1,
                                                                                                "Plan Rows": 4,
                                                                                                "Plan Width": 4,
                                                                                                "Actual Startup Time": 0.012,
                                                                                                "Actual Total Time": 0.013,
                                                                                                "Actual Rows": 4,
                                                                                                "Actual Loops": 4,
                                                                                                "Hash Buckets": 1024,
                                                                                                "Original Hash Buckets": 1024,
                                                                                                "Hash Batches": 1,
                                                                                                "Original Hash Batches": 1,
                                                                                                "Peak Memory Usage": 9,
                                                                                                "Workers": [],
                                                                                                "Plans": [
                                                                                                    {
                                                                                                        "Node Type": "Seq Scan",
                                                                                                        "Parent Relationship": "Outer",
                                                                                                        "Parallel Aware": false,
                                                                                                        "Async Capable": false,
                                                                                                        "Relation Name": "kind_type",
                                                                                                        "Alias": "kt",
                                                                                                        "Startup Cost": 0.0,
                                                                                                        "Total Cost": 1.1,
                                                                                                        "Plan Rows": 4,
                                                                                                        "Plan Width": 4,
                                                                                                        "Actual Startup Time": 0.011,
                                                                                                        "Actual Total Time": 0.011,
                                                                                                        "Actual Rows": 4,
                                                                                                        "Actual Loops": 4,
                                                                                                        "Filter": "((kind)::text = ANY ('{\"tv movie\",\"tv series\",\"video game\",\"video movie\"}'::text[]))",
                                                                                                        "Rows Removed by Filter": 3,
                                                                                                        "Workers": []
                                                                                                    }
                                                                                                ]
                                                                                            }
                                                                                        ]
                                                                                    }
                                                                                ]
                                                                            }
                                                                        ]
                                                                    },
                                                                    {
                                                                        "Node Type": "Hash",
                                                                        "Parent Relationship": "Inner",
                                                                        "Parallel Aware": false,
                                                                        "Async Capable": false,
                                                                        "Startup Cost": 2349.7,
                                                                        "Total Cost": 2349.7,
                                                                        "Plan Rows": 134170,
                                                                        "Plan Width": 4,
                                                                        "Actual Startup Time": 12.584,
                                                                        "Actual Total Time": 12.585,
                                                                        "Actual Rows": 134170,
                                                                        "Actual Loops": 4,
                                                                        "Hash Buckets": 262144,
                                                                        "Original Hash Buckets": 262144,
                                                                        "Hash Batches": 1,
                                                                        "Original Hash Batches": 1,
                                                                        "Peak Memory Usage": 6765,
                                                                        "Workers": [],
                                                                        "Plans": [
                                                                            {
                                                                                "Node Type": "Seq Scan",
                                                                                "Parent Relationship": "Outer",
                                                                                "Parallel Aware": false,
                                                                                "Async Capable": false,
                                                                                "Relation Name": "keyword",
                                                                                "Alias": "k",
                                                                                "Startup Cost": 0.0,
                                                                                "Total Cost": 2349.7,
                                                                                "Plan Rows": 134170,
                                                                                "Plan Width": 4,
                                                                                "Actual Startup Time": 0.006,
                                                                                "Actual Total Time": 5.963,
                                                                                "Actual Rows": 134170,
                                                                                "Actual Loops": 4,
                                                                                "Workers": []
                                                                            }
                                                                        ]
                                                                    }
                                                                ]
                                                            },
                                                            {
                                                                "Node Type": "Hash",
                                                                "Parent Relationship": "Inner",
                                                                "Parallel Aware": false,
                                                                "Async Capable": false,
                                                                "Startup Cost": 1.04,
                                                                "Total Cost": 1.04,
                                                                "Plan Rows": 4,
                                                                "Plan Width": 4,
                                                                "Actual Startup Time": 0.009,
                                                                "Actual Total Time": 0.01,
                                                                "Actual Rows": 4,
                                                                "Actual Loops": 4,
                                                                "Hash Buckets": 1024,
                                                                "Original Hash Buckets": 1024,
                                                                "Hash Batches": 1,
                                                                "Original Hash Batches": 1,
                                                                "Peak Memory Usage": 9,
                                                                "Workers": [],
                                                                "Plans": [
                                                                    {
                                                                        "Node Type": "Seq Scan",
                                                                        "Parent Relationship": "Outer",
                                                                        "Parallel Aware": false,
                                                                        "Async Capable": false,
                                                                        "Relation Name": "company_type",
                                                                        "Alias": "ct",
                                                                        "Startup Cost": 0.0,
                                                                        "Total Cost": 1.04,
                                                                        "Plan Rows": 4,
                                                                        "Plan Width": 4,
                                                                        "Actual Startup Time": 0.007,
                                                                        "Actual Total Time": 0.007,
                                                                        "Actual Rows": 4,
                                                                        "Actual Loops": 4,
                                                                        "Workers": []
                                                                    }
                                                                ]
                                                            }
                                                        ]
                                                    }
                                                ]
                                            }
                                        ]
                                    }
                                ]
                            }
                        ]
                    },
                    "Planning Time": 4.091,
                    "Triggers": [],
                    "Execution Time": 951.757
                }
            ],
            "hints": [
                "SET enable_hashjoin TO on",
                "SET enable_indexonlyscan TO on",
                "SET enable_indexscan TO off",
                "SET enable_mergejoin TO off",
                "SET enable_nestloop TO off",
                "SET enable_seqscan TO on"
            ]
        },
        {
            "arm": 4,
            "execution_time": 202.315,
            "plan": [
                {
                    "Plan": {
                        "Node Type": "Sort",
                        "Parallel Aware": false,
                        "Async Capable": false,
                        "Startup Cost": 97478.16,
                        "Total Cost": 97479.93,
                        "Plan Rows": 710,
                        "Plan Width": 59,
                        "Actual Startup Time": 178.932,
                        "Actual Total Time": 202.253,
                        "Actual Rows": 44,
                        "Actual Loops": 1,
                        "Sort Key": [
                            "(count(*)) DESC"
                        ],
                        "Sort Method": "quicksort",
                        "Sort Space Used": 29,
                        "Sort Space Type": "Memory",
                        "Plans": [
                            {
                                "Node Type": "Aggregate",
                                "Strategy": "Sorted",
                                "Partial Mode": "Simple",
                                "Parent Relationship": "Outer",
                                "Parallel Aware": false,
                                "Async Capable": false,
                                "Startup Cost": 97345.32,
                                "Total Cost": 97444.54,
                                "Plan Rows": 710,
                                "Plan Width": 59,
                                "Actual Startup Time": 178.845,
                                "Actual Total Time": 202.245,
                                "Actual Rows": 44,
                                "Actual Loops": 1,
                                "Group Key": [
                                    "t.title",
                                    "n.name",
                                    "cn.name"
                                ],
                                "Plans": [
                                    {
                                        "Node Type": "Gather Merge",
                                        "Parent Relationship": "Outer",
                                        "Parallel Aware": false,
                                        "Async Capable": false,
                                        "Startup Cost": 97345.32,
                                        "Total Cost": 97430.34,
                                        "Plan Rows": 710,
                                        "Plan Width": 51,
                                        "Actual Startup Time": 178.837,
                                        "Actual Total Time": 202.199,
                                        "Actual Rows": 695,
                                        "Actual Loops": 1,
                                        "Workers Planned": 4,
                                        "Workers Launched": 4,
                                        "Plans": [
                                            {
                                                "Node Type": "Sort",
                                                "Parent Relationship": "Outer",
                                                "Parallel Aware": false,
                                                "Async Capable": false,
                                                "Startup Cost": 96345.26,
                                                "Total Cost": 96345.71,
                                                "Plan Rows": 178,
                                                "Plan Width": 51,
                                                "Actual Startup Time": 176.803,
                                                "Actual Total Time": 176.812,
                                                "Actual Rows": 139,
                                                "Actual Loops": 5,
                                                "Sort Key": [
                                                    "t.title COLLATE \"C\"",
                                                    "n.name COLLATE \"C\"",
                                                    "cn.name COLLATE \"C\""
                                                ],
                                                "Sort Method": "quicksort",
                                                "Sort Space Used": 28,
                                                "Sort Space Type": "Memory",
                                                "Workers": [
                                                    {
                                                        "Worker Number": 0,
                                                        "Sort Method": "quicksort",
                                                        "Sort Space Used": 41,
                                                        "Sort Space Type": "Memory"
                                                    },
                                                    {
                                                        "Worker Number": 1,
                                                        "Sort Method": "quicksort",
                                                        "Sort Space Used": 36,
                                                        "Sort Space Type": "Memory"
                                                    },
                                                    {
                                                        "Worker Number": 2,
                                                        "Sort Method": "quicksort",
                                                        "Sort Space Used": 50,
                                                        "Sort Space Type": "Memory"
                                                    },
                                                    {
                                                        "Worker Number": 3,
                                                        "Sort Method": "quicksort",
                                                        "Sort Space Used": 26,
                                                        "Sort Space Type": "Memory"
                                                    }
                                                ],
                                                "Plans": [
                                                    {
                                                        "Node Type": "Nested Loop",
                                                        "Parent Relationship": "Outer",
                                                        "Parallel Aware": false,
                                                        "Async Capable": false,
                                                        "Join Type": "Inner",
                                                        "Startup Cost": 5018.1,
                                                        "Total Cost": 96338.61,
                                                        "Plan Rows": 178,
                                                        "Plan Width": 51,
                                                        "Actual Startup Time": 28.524,
                                                        "Actual Total Time": 176.738,
                                                        "Actual Rows": 139,
                                                        "Actual Loops": 5,
                                                        "Inner Unique": true,
                                                        "Workers": [],
                                                        "Plans": [
                                                            {
                                                                "Node Type": "Nested Loop",
                                                                "Parent Relationship": "Outer",
                                                                "Parallel Aware": false,
                                                                "Async Capable": false,
                                                                "Join Type": "Inner",
                                                                "Startup Cost": 5017.68,
                                                                "Total Cost": 96260.5,
                                                                "Plan Rows": 178,
                                                                "Plan Width": 55,
                                                                "Actual Startup Time": 28.503,
                                                                "Actual Total Time": 176.419,
                                                                "Actual Rows": 139,
                                                                "Actual Loops": 5,
                                                                "Inner Unique": false,
                                                                "Join Filter": "(t.id = mk.movie_id)",
                                                                "Rows Removed by Join Filter": 0,
                                                                "Workers": [],
                                                                "Plans": [
                                                                    {
                                                                        "Node Type": "Hash Join",
                                                                        "Parent Relationship": "Outer",
                                                                        "Parallel Aware": false,
                                                                        "Async Capable": false,
                                                                        "Join Type": "Inner",
                                                                        "Startup Cost": 5017.24,
                                                                        "Total Cost": 96080.7,
                                                                        "Plan Rows": 99,
                                                                        "Plan Width": 63,
                                                                        "Actual Startup Time": 15.761,
                                                                        "Actual Total Time": 176.275,
                                                                        "Actual Rows": 21,
                                                                        "Actual Loops": 5,
                                                                        "Inner Unique": true,
                                                                        "Hash Cond": "(mc.company_type_id = ct.id)",
                                                                        "Workers": [],
                                                                        "Plans": [
                                                                            {
                                                                                "Node Type": "Nested Loop",
                                                                                "Parent Relationship": "Outer",
                                                                                "Parallel Aware": false,
                                                                                "Async Capable": false,
                                                                                "Join Type": "Inner",
                                                                                "Startup Cost": 5016.15,
                                                                                "Total Cost": 96079.07,
                                                                                "Plan Rows": 99,
                                                                                "Plan Width": 67,
                                                                                "Actual Startup Time": 15.699,
                                                                                "Actual Total Time": 176.199,
                                                                                "Actual Rows": 21,
                                                                                "Actual Loops": 5,
                                                                                "Inner Unique": true,
                                                                                "Workers": [],
                                                                                "Plans": [
                                                                                    {
                                                                                        "Node Type": "Hash Join",
                                                                                        "Parent Relationship": "Outer",
                                                                                        "Parallel Aware": false,
                                                                                        "Async Capable": false,
                                                                                        "Join Type": "Inner",
                                                                                        "Startup Cost": 5015.72,
                                                                                        "Total Cost": 87416.6,
                                                                                        "Plan Rows": 18922,
                                                                                        "Plan Width": 56,
                                                                                        "Actual Startup Time": 6.987,
                                                                                        "Actual Total Time": 147.888,
                                                                                        "Actual Rows": 11413,
                                                                                        "Actual Loops": 5,
                                                                                        "Inner Unique": true,
                                                                                        "Hash Cond": "(ci.role_id = rt.id)",
                                                                                        "Workers": [],
                                                                                        "Plans": [
                                                                                            {
                                                                                                "Node Type": "Nested Loop",
                                                                                                "Parent Relationship": "Outer",
                                                                                                "Parallel Aware": false,
                                                                                                "Async Capable": false,
                                                                                                "Join Type": "Inner",
                                                                                                "Startup Cost": 5014.49,
                                                                                                "Total Cost": 87213.74,
                                                                                                "Plan Rows": 56766,
                                                                                                "Plan Width": 60,
                                                                                                "Actual Startup Time": 6.862,
                                                                                                "Actual Total Time": 146.046,
                                                                                                "Actual Rows": 42417,
                                                                                                "Actual Loops": 5,
                                                                                                "Inner Unique": false,
                                                                                                "Join Filter": "(t.id = ci.movie_id)",
                                                                                                "Rows Removed by Join Filter": 0,
                                                                                                "Workers": [],
                                                                                                "Plans": [
                                                                                                    {
                                                                                                        "Node Type": "Hash Join",
                                                                                                        "Parent Relationship": "Outer",
                                                                                                        "Parallel Aware": true,
                                                                                                        "Async Capable": false,
                                                                                                        "Join Type": "Inner",
                                                                                                        "Startup Cost": 5014.05,
                                                                                                        "Total Cost": 79128.48,
                                                                                                        "Plan Rows": 3960,
                                                                                                        "Plan Width": 48,
                                                                                                        "Actual Startup Time": 6.838,
                                                                                                        "Actual Total Time": 92.913,
                                                                                                        "Actual Rows": 2392,
                                                                                                        "Actual Loops": 5,
                                                                                                        "Inner Unique": true,
                                                                                                        "Hash Cond": "(mc.company_id = cn.id)",
                                                                                                        "Workers": [],
                                                                                                        "Plans": [
                                                                                                            {
                                                                                                                "Node Type": "Nested Loop",
                                                                                                                "Parent Relationship": "Outer",
                                                                                                                "Parallel Aware": false,
                                                                                                                "Async Capable": false,
                                                                                                                "Join Type": "Inner",
                                                                                                                "Startup Cost": 1.58,
                                                                                                                "Total Cost": 74042.56,
                                                                                                                "Plan Rows": 27982,
                                                                                                                "Plan Width": 33,
                                                                                                                "Actual Startup Time": 0.076,
                                                                                                                "Actual Total Time": 84.522,
                                                                                                                "Actual Rows": 13844,
                                                                                                                "Actual Loops": 5,
                                                                                                                "Inner Unique": false,
                                                                                                                "Workers": [],
                                                                                                                "Plans": [
                                                                                                                    {
                                                                                                                        "Node Type": "Hash Join",
                                                                                                                        "Parent Relationship": "Outer",
                                                                                                                        "Parallel Aware": false,
                                                                                                                        "Async Capable": false,
                                                                                                                        "Join Type": "Inner",
                                                                                                                        "Startup Cost": 1.16,
                                                                                                                        "Total Cost": 44110.89,
                                                                                                                        "Plan Rows": 27118,
                                                                                                                        "Plan Width": 21,
                                                                                                                        "Actual Startup Time": 0.053,
                                                                                                                        "Actual Total Time": 65.68,
                                                                                                                        "Actual Rows": 7351,
                                                                                                                        "Actual Loops": 5,
                                                                                                                        "Inner Unique": true,
                                                                                                                        "Hash Cond": "(t.kind_id = kt.id)",
                                                                                                                        "Workers": [],
                                                                                                                        "Plans": [
                                                                                                                            {
                                                                                                                                "Node Type": "Seq Scan",
                                                                                                                                "Parent Relationship": "Outer",
                                                                                                                                "Parallel Aware": true,
                                                                                                                                "Async Capable": false,
                                                                                                                                "Relation Name": "title",
                                                                                                                                "Alias": "t",
                                                                                                                                "Startup Cost": 0.0,
                                                                                                                                "Total Cost": 43909.73,
                                                                                                                                "Plan Rows": 47457,
                                                                                                                                "Plan Width": 25,
                                                                                                                                "Actual Startup Time": 0.008,
                                                                                                                                "Actual Total Time": 64.019,
                                                                                                                                "Actual Rows": 38286,
                                                                                                                                "Actual Loops": 5,
                                                                                                                                "Filter": "(title ~~* '%ma%'::text)",
                                                                                                                                "Rows Removed by Filter": 467377,
                                                                                                                                "Workers": []
                                                                                                                            },
                                                                                                                            {
                                                                                                                                "Node Type": "Hash",
                                                                                                                                "Parent Relationship": "Inner",
                                                                                                                                "Parallel Aware": false,
                                                                                                                                "Async Capable": false,
                                                                                                                                "Startup Cost": 1.1,
                                                                                                                                "Total Cost": 1.1,
                                                                                                                                "Plan Rows": 4,
                                                                                                                                "Plan Width": 4,
                                                                                                                                "Actual Startup Time": 0.009,
                                                                                                                                "Actual Total Time": 0.009,
                                                                                                                                "Actual Rows": 4,
                                                                                                                                "Actual Loops": 5,
                                                                                                                                "Hash Buckets": 1024,
                                                                                                                                "Original Hash Buckets": 1024,
                                                                                                                                "Hash Batches": 1,
                                                                                                                                "Original Hash Batches": 1,
                                                                                                                                "Peak Memory Usage": 9,
                                                                                                                                "Workers": [],
                                                                                                                                "Plans": [
                                                                                                                                    {
                                                                                                                                        "Node Type": "Seq Scan",
                                                                                                                                        "Parent Relationship": "Outer",
                                                                                                                                        "Parallel Aware": false,
                                                                                                                                        "Async Capable": false,
                                                                                                                                        "Relation Name": "kind_type",
                                                                                                                                        "Alias": "kt",
                                                                                                                                        "Startup Cost": 0.0,
                                                                                                                                        "Total Cost": 1.1,
                                                                                                                                        "Plan Rows": 4,
                                                                                                                                        "Plan Width": 4,
                                                                                                                                        "Actual Startup Time": 0.007,
                                                                                                                                        "Actual Total Time": 0.008,
                                                                                                                                        "Actual Rows": 4,
                                                                                                                                        "Actual Loops": 5,
                                                                                                                                        "Filter": "((kind)::text = ANY ('{\"tv movie\",\"tv series\",\"video game\",\"video movie\"}'::text[]))",
                                                                                                                                        "Rows Removed by Filter": 3,
                                                                                                                                        "Workers": []
                                                                                                                                    }
                                                                                                                                ]
                                                                                                                            }
                                                                                                                        ]
                                                                                                                    },
                                                                                                                    {
                                                                                                                        "Node Type": "Index Scan",
                                                                                                                        "Parent Relationship": "Inner",
                                                                                                                        "Parallel Aware": false,
                                                                                                                        "Async Capable": false,
                                                                                                                        "Scan Direction": "Forward",
                                                                                                                        "Index Name": "movie_id_movie_companies",
                                                                                                                        "Relation Name": "movie_companies",
                                                                                                                        "Alias": "mc",
                                                                                                                        "Startup Cost": 0.43,
                                                                                                                        "Total Cost": 1.05,
                                                                                                                        "Plan Rows": 5,
                                                                                                                        "Plan Width": 12,
                                                                                                                        "Actual Startup Time": 0.002,
                                                                                                                        "Actual Total Time": 0.002,
                                                                                                                        "Actual Rows": 2,
                                                                                                                        "Actual Loops": 36756,
                                                                                                                        "Index Cond": "(movie_id = t.id)",
                                                                                                                        "Rows Removed by Index Recheck": 0,
                                                                                                                        "Workers": []
                                                                                                                    }
                                                                                                                ]
                                                                                                            },
                                                                                                            {
                                                                                                                "Node Type": "Hash",
                                                                                                                "Parent Relationship": "Inner",
                                                                                                                "Parallel Aware": true,
                                                                                                                "Async Capable": false,
                                                                                                                "Startup Cost": 4767.92,
                                                                                                                "Total Cost": 4767.92,
                                                                                                                "Plan Rows": 19564,
                                                                                                                "Plan Width": 23,
                                                                                                                "Actual Startup Time": 6.665,
                                                                                                                "Actual Total Time": 6.666,
                                                                                                                "Actual Rows": 4273,
                                                                                                                "Actual Loops": 5,
                                                                                                                "Hash Buckets": 65536,
                                                                                                                "Original Hash Buckets": 65536,
                                                                                                                "Hash Batches": 1,
                                                                                                                "Original Hash Batches": 1,
                                                                                                                "Peak Memory Usage": 1920,
                                                                                                                "Workers": [],
                                                                                                                "Plans": [
                                                                                                                    {
                                                                                                                        "Node Type": "Seq Scan",
                                                                                                                        "Parent Relationship": "Outer",
                                                                                                                        "Parallel Aware": true,
                                                                                                                        "Async Capable": false,
                                                                                                                        "Relation Name": "company_name",
                                                                                                                        "Alias": "cn",
                                                                                                                        "Startup Cost": 0.0,
                                                                                                                        "Total Cost": 4767.92,
                                                                                                                        "Plan Rows": 19564,
                                                                                                                        "Plan Width": 23,
                                                                                                                        "Actual Startup Time": 0.013,
                                                                                                                        "Actual Total Time": 6.245,
                                                                                                                        "Actual Rows": 4273,
                                                                                                                        "Actual Loops": 5,
                                                                                                                        "Filter": "(name ~~* '%le%'::text)",
                                                                                                                        "Rows Removed by Filter": 42726,
                                                                                                                        "Workers": []
                                                                                                                    }
                                                                                                                ]
                                                                                                            }
                                                                                                        ]
                                                                                                    },
                                                                                                    {
                                                                                                        "Node Type": "Index Scan",
                                                                                                        "Parent Relationship": "Inner",
                                                                                                        "Parallel Aware": false,
                                                                                                        "Async Capable": false,
                                                                                                        "Scan Direction": "Forward",
                                                                                                        "Index Name": "movie_id_cast_info",
                                                                                                        "Relation Name": "cast_info",
                                                                                                        "Alias": "ci",
                                                                                                        "Startup Cost": 0.44,
                                                                                                        "Total Cost": 1.57,
                                                                                                        "Plan Rows": 38,
                                                                                                        "Plan Width": 12,
                                                                                                        "Actual Startup Time": 0.003,
                                                                                                        "Actual Total Time": 0.021,
                                                                                                        "Actual Rows": 18,
                                                                                                        "Actual Loops": 11962,
                                                                                                        "Index Cond": "(movie_id = mc.movie_id)",
                                                                                                        "Rows Removed by Index Recheck": 0,
                                                                                                        "Workers": []
                                                                                                    }
                                                                                                ]
                                                                                            },
                                                                                            {
                                                                                                "Node Type": "Hash",
                                                                                                "Parent Relationship": "Inner",
                                                                                                "Parallel Aware": false,
                                                                                                "Async Capable": false,
                                                                                                "Startup Cost": 1.18,
                                                                                                "Total Cost": 1.18,
                                                                                                "Plan Rows": 4,
                                                                                                "Plan Width": 4,
                                                                                                "Actual Startup Time": 0.008,
                                                                                                "Actual Total Time": 0.009,
                                                                                                "Actual Rows": 4,
                                                                                                "Actual Loops": 5,
                                                                                                "Hash Buckets": 1024,
                                                                                                "Original Hash Buckets": 1024,
                                                                                                "Hash Batches": 1,
                                                                                                "Original Hash Batches": 1,
                                                                                                "Peak Memory Usage": 9,
                                                                                                "Workers": [],
                                                                                                "Plans": [
                                                                                                    {
                                                                                                        "Node Type": "Seq Scan",
                                                                                                        "Parent Relationship": "Outer",
                                                                                                        "Parallel Aware": false,
                                                                                                        "Async Capable": false,
                                                                                                        "Relation Name": "role_type",
                                                                                                        "Alias": "rt",
                                                                                                        "Startup Cost": 0.0,
                                                                                                        "Total Cost": 1.18,
                                                                                                        "Plan Rows": 4,
                                                                                                        "Plan Width": 4,
                                                                                                        "Actual Startup Time": 0.006,
                                                                                                        "Actual Total Time": 0.007,
                                                                                                        "Actual Rows": 4,
                                                                                                        "Actual Loops": 5,
                                                                                                        "Filter": "((role)::text = ANY ('{actress,composer,editor,\"production designer\"}'::text[]))",
                                                                                                        "Rows Removed by Filter": 8,
                                                                                                        "Workers": []
                                                                                                    }
                                                                                                ]
                                                                                            }
                                                                                        ]
                                                                                    },
                                                                                    {
                                                                                        "Node Type": "Index Scan",
                                                                                        "Parent Relationship": "Inner",
                                                                                        "Parallel Aware": false,
                                                                                        "Async Capable": false,
                                                                                        "Scan Direction": "Forward",
                                                                                        "Index Name": "name_pkey",
                                                                                        "Relation Name": "name",
                                                                                        "Alias": "n",
                                                                                        "Startup Cost": 0.43,
                                                                                        "Total Cost": 0.46,
                                                                                        "Plan Rows": 1,
                                                                                        "Plan Width": 19,
                                                                                        "Actual Startup Time": 0.002,
                                                                                        "Actual Total Time": 0.002,
                                                                                        "Actual Rows": 0,
                                                                                        "Actual Loops": 57066,
                                                                                        "Index Cond": "(id = ci.person_id)",
                                                                                        "Rows Removed by Index Recheck": 0,
                                                                                        "Filter": "((surname_pcode)::text ~~* '%c61%'::text)",
                                                                                        "Rows Removed by Filter": 1,
                                                                                        "Workers": []
                                                                                    }
                                                                                ]
                                                                            },
                                                                            {
                                                                                "Node Type": "Hash",
                                                                                "Parent Relationship": "Inner",
                                                                                "Parallel Aware": false,
                                                                                "Async Capable": false,
                                                                                "Startup Cost": 1.04,
                                                                                "Total Cost": 1.04,
                                                                                "Plan Rows": 4,
                                                                                "Plan Width": 4,
                                                                                "Actual Startup Time": 0.011,
                                                                                "Actual Total Time": 0.011,
                                                                                "Actual Rows": 4,
                                                                                "Actual Loops": 5,
                                                                                "Hash Buckets": 1024,
                                                                                "Original Hash Buckets": 1024,
                                                                                "Hash Batches": 1,
                                                                                "Original Hash Batches": 1,
                                                                                "Peak Memory Usage": 9,
                                                                                "Workers": [],
                                                                                "Plans": [
                                                                                    {
                                                                                        "Node Type": "Seq Scan",
                                                                                        "Parent Relationship": "Outer",
                                                                                        "Parallel Aware": false,
                                                                                        "Async Capable": false,
                                                                                        "Relation Name": "company_type",
                                                                                        "Alias": "ct",
                                                                                        "Startup Cost": 0.0,
                                                                                        "Total Cost": 1.04,
                                                                                        "Plan Rows": 4,
                                                                                        "Plan Width": 4,
                                                                                        "Actual Startup Time": 0.009,
                                                                                        "Actual Total Time": 0.009,
                                                                                        "Actual Rows": 4,
                                                                                        "Actual Loops": 5,
                                                                                        "Workers": []
                                                                                    }
                                                                                ]
                                                                            }
                                                                        ]
                                                                    },
                                                                    {
                                                                        "Node Type": "Index Scan",
                                                                        "Parent Relationship": "Inner",
                                                                        "Parallel Aware": false,
                                                                        "Async Capable": false,
                                                                        "Scan Direction": "Forward",
                                                                        "Index Name": "movie_id_movie_keyword",
                                                                        "Relation Name": "movie_keyword",
                                                                        "Alias": "mk",
                                                                        "Startup Cost": 0.43,
                                                                        "Total Cost": 1.24,
                                                                        "Plan Rows": 46,
                                                                        "Plan Width": 8,
                                                                        "Actual Startup Time": 0.005,
                                                                        "Actual Total Time": 0.006,
                                                                        "Actual Rows": 7,
                                                                        "Actual Loops": 105,
                                                                        "Index Cond": "(movie_id = ci.movie_id)",
                                                                        "Rows Removed by Index Recheck": 0,
                                                                        "Workers": []
                                                                    }
                                                                ]
                                                            },
                                                            {
                                                                "Node Type": "Index Only Scan",
                                                                "Parent Relationship": "Inner",
                                                                "Parallel Aware": false,
                                                                "Async Capable": false,
                                                                "Scan Direction": "Forward",
                                                                "Index Name": "keyword_pkey",
                                                                "Relation Name": "keyword",
                                                                "Alias": "k",
                                                                "Startup Cost": 0.42,
                                                                "Total Cost": 0.44,
                                                                "Plan Rows": 1,
                                                                "Plan Width": 4,
                                                                "Actual Startup Time": 0.002,
                                                                "Actual Total Time": 0.002,
                                                                "Actual Rows": 1,
                                                                "Actual Loops": 695,
                                                                "Index Cond": "(id = mk.keyword_id)",
                                                                "Rows Removed by Index Recheck": 0,
                                                                "Heap Fetches": 695,
                                                                "Workers": []
                                                            }
                                                        ]
                                                    }
                                                ]
                                            }
                                        ]
                                    }
                                ]
                            }
                        ]
                    },
                    "Planning Time": 4.79,
                    "Triggers": [],
                    "Execution Time": 202.315
                }
            ],
            "hints": [
                "SET enable_hashjoin TO on",
                "SET enable_indexonlyscan TO on",
                "SET enable_indexscan TO on",
                "SET enable_mergejoin TO off",
                "SET enable_nestloop TO on",
                "SET enable_seqscan TO on"
            ]
        }
    ]
}