{
    "sql_file": "4a279.sql",
    "query": "SELECT COUNT(*)\nFROM\nname as n,\naka_name as an,\ninfo_type as it1,\nperson_info AS pi1,\ncast_info as ci,\nrole_type as rt\nWHERE\nn.id = ci.person_id\nAND ci.person_id = pi1.person_id\nAND it1.id = pi1.info_type_id\nAND n.id = pi1.person_id\nAND n.id = an.person_id\nAND ci.person_id = an.person_id\nAND an.person_id = pi1.person_id\nAND rt.id = ci.role_id\nAND (n.gender in ('m'))\nAND (n.name_pcode_nf in ('A3525','A6361','C4562','D6424','F6535','G5356','G6212','I2652','J1435','J164','J5365','J6354','K3261','K6434','M253','M6216','M6252','P3626','P4126','P4546','R1424','R146','T252','T5414') OR n.name_pcode_nf IS NULL)\nAND (ci.note in ('(executive producer)','(executive producer: Williams Street)','(supervising producer)','(uncredited)','(voice)') OR ci.note IS NULL)\nAND (rt.role in ('actor','composer','director','producer'))\nAND (it1.id in ('37'))",
    "results": [
        {
            "arm": 0,
            "execution_time": 159.481,
            "plan": [
                {
                    "Plan": {
                        "Node Type": "Aggregate",
                        "Strategy": "Plain",
                        "Partial Mode": "Simple",
                        "Parallel Aware": false,
                        "Async Capable": false,
                        "Startup Cost": 95537.54,
                        "Total Cost": 95537.55,
                        "Plan Rows": 1,
                        "Plan Width": 8,
                        "Actual Startup Time": 148.857,
                        "Actual Total Time": 159.445,
                        "Actual Rows": 1,
                        "Actual Loops": 1,
                        "Plans": [
                            {
                                "Node Type": "Nested Loop",
                                "Parent Relationship": "Outer",
                                "Parallel Aware": false,
                                "Async Capable": false,
                                "Join Type": "Inner",
                                "Startup Cost": 75048.98,
                                "Total Cost": 95536.63,
                                "Plan Rows": 366,
                                "Plan Width": 0,
                                "Actual Startup Time": 73.892,
                                "Actual Total Time": 151.106,
                                "Actual Rows": 394271,
                                "Actual Loops": 1,
                                "Inner Unique": false,
                                "Plans": [
                                    {
                                        "Node Type": "Seq Scan",
                                        "Parent Relationship": "Outer",
                                        "Parallel Aware": false,
                                        "Async Capable": false,
                                        "Relation Name": "info_type",
                                        "Alias": "it1",
                                        "Startup Cost": 0.0,
                                        "Total Cost": 2.41,
                                        "Plan Rows": 1,
                                        "Plan Width": 4,
                                        "Actual Startup Time": 0.008,
                                        "Actual Total Time": 0.01,
                                        "Actual Rows": 1,
                                        "Actual Loops": 1,
                                        "Filter": "(id = 37)",
                                        "Rows Removed by Filter": 112
                                    },
                                    {
                                        "Node Type": "Gather",
                                        "Parent Relationship": "Inner",
                                        "Parallel Aware": false,
                                        "Async Capable": false,
                                        "Startup Cost": 75048.98,
                                        "Total Cost": 95530.55,
                                        "Plan Rows": 366,
                                        "Plan Width": 4,
                                        "Actual Startup Time": 73.883,
                                        "Actual Total Time": 135.902,
                                        "Actual Rows": 394271,
                                        "Actual Loops": 1,
                                        "Workers Planned": 3,
                                        "Workers Launched": 3,
                                        "Single Copy": false,
                                        "Plans": [
                                            {
                                                "Node Type": "Hash Join",
                                                "Parent Relationship": "Outer",
                                                "Parallel Aware": false,
                                                "Async Capable": false,
                                                "Join Type": "Inner",
                                                "Startup Cost": 74048.98,
                                                "Total Cost": 94493.95,
                                                "Plan Rows": 118,
                                                "Plan Width": 4,
                                                "Actual Startup Time": 72.406,
                                                "Actual Total Time": 132.489,
                                                "Actual Rows": 98568,
                                                "Actual Loops": 4,
                                                "Inner Unique": true,
                                                "Hash Cond": "(ci.role_id = rt.id)",
                                                "Workers": [],
                                                "Plans": [
                                                    {
                                                        "Node Type": "Nested Loop",
                                                        "Parent Relationship": "Outer",
                                                        "Parallel Aware": false,
                                                        "Async Capable": false,
                                                        "Join Type": "Inner",
                                                        "Startup Cost": 74047.75,
                                                        "Total Cost": 94491.46,
                                                        "Plan Rows": 354,
                                                        "Plan Width": 8,
                                                        "Actual Startup Time": 72.333,
                                                        "Actual Total Time": 126.578,
                                                        "Actual Rows": 98914,
                                                        "Actual Loops": 4,
                                                        "Inner Unique": false,
                                                        "Join Filter": "(n.id = ci.person_id)",
                                                        "Rows Removed by Join Filter": 0,
                                                        "Workers": [],
                                                        "Plans": [
                                                            {
                                                                "Node Type": "Nested Loop",
                                                                "Parent Relationship": "Outer",
                                                                "Parallel Aware": false,
                                                                "Async Capable": false,
                                                                "Join Type": "Inner",
                                                                "Startup Cost": 74047.31,
                                                                "Total Cost": 93372.88,
                                                                "Plan Rows": 64,
                                                                "Plan Width": 16,
                                                                "Actual Startup Time": 72.312,
                                                                "Actual Total Time": 106.443,
                                                                "Actual Rows": 793,
                                                                "Actual Loops": 4,
                                                                "Inner Unique": false,
                                                                "Join Filter": "(n.id = pi1.person_id)",
                                                                "Rows Removed by Join Filter": 0,
                                                                "Workers": [],
                                                                "Plans": [
                                                                    {
                                                                        "Node Type": "Hash Join",
                                                                        "Parent Relationship": "Outer",
                                                                        "Parallel Aware": true,
                                                                        "Async Capable": false,
                                                                        "Join Type": "Inner",
                                                                        "Startup Cost": 74046.88,
                                                                        "Total Cost": 89133.68,
                                                                        "Plan Rows": 3529,
                                                                        "Plan Width": 8,
                                                                        "Actual Startup Time": 71.362,
                                                                        "Actual Total Time": 97.148,
                                                                        "Actual Rows": 3108,
                                                                        "Actual Loops": 4,
                                                                        "Inner Unique": true,
                                                                        "Hash Cond": "(an.person_id = n.id)",
                                                                        "Workers": [],
                                                                        "Plans": [
                                                                            {
                                                                                "Node Type": "Seq Scan",
                                                                                "Parent Relationship": "Outer",
                                                                                "Parallel Aware": true,
                                                                                "Async Capable": false,
                                                                                "Relation Name": "aka_name",
                                                                                "Alias": "an",
                                                                                "Startup Cost": 0.0,
                                                                                "Total Cost": 14323.56,
                                                                                "Plan Rows": 290756,
                                                                                "Plan Width": 4,
                                                                                "Actual Startup Time": 0.011,
                                                                                "Actual Total Time": 13.498,
                                                                                "Actual Rows": 225336,
                                                                                "Actual Loops": 4,
                                                                                "Workers": []
                                                                            },
                                                                            {
                                                                                "Node Type": "Hash",
                                                                                "Parent Relationship": "Inner",
                                                                                "Parallel Aware": true,
                                                                                "Async Capable": false,
                                                                                "Startup Cost": 73888.83,
                                                                                "Total Cost": 73888.83,
                                                                                "Plan Rows": 12644,
                                                                                "Plan Width": 4,
                                                                                "Actual Startup Time": 71.232,
                                                                                "Actual Total Time": 71.232,
                                                                                "Actual Rows": 15457,
                                                                                "Actual Loops": 4,
                                                                                "Hash Buckets": 65536,
                                                                                "Original Hash Buckets": 65536,
                                                                                "Hash Batches": 1,
                                                                                "Original Hash Batches": 1,
                                                                                "Peak Memory Usage": 2944,
                                                                                "Workers": [],
                                                                                "Plans": [
                                                                                    {
                                                                                        "Node Type": "Seq Scan",
                                                                                        "Parent Relationship": "Outer",
                                                                                        "Parallel Aware": true,
                                                                                        "Async Capable": false,
                                                                                        "Relation Name": "name",
                                                                                        "Alias": "n",
                                                                                        "Startup Cost": 0.06,
                                                                                        "Total Cost": 73888.83,
                                                                                        "Plan Rows": 12644,
                                                                                        "Plan Width": 4,
                                                                                        "Actual Startup Time": 0.011,
                                                                                        "Actual Total Time": 70.109,
                                                                                        "Actual Rows": 15457,
                                                                                        "Actual Loops": 4,
                                                                                        "Filter": "(((gender)::text = 'm'::text) AND (((name_pcode_nf)::text = ANY ('{A3525,A6361,C4562,D6424,F6535,G5356,G6212,I2652,J1435,J164,J5365,J6354,K3261,K6434,M253,M6216,M6252,P3626,P4126,P4546,R1424,R146,T252,T5414}'::text[])) OR (name_pcode_nf IS NULL)))",
                                                                                        "Rows Removed by Filter": 1026416,
                                                                                        "Workers": []
                                                                                    }
                                                                                ]
                                                                            }
                                                                        ]
                                                                    },
                                                                    {
                                                                        "Node Type": "Index Scan",
                                                                        "Parent Relationship": "Inner",
                                                                        "Parallel Aware": false,
                                                                        "Async Capable": false,
                                                                        "Scan Direction": "Forward",
                                                                        "Index Name": "person_id_person_info",
                                                                        "Relation Name": "person_info",
                                                                        "Alias": "pi1",
                                                                        "Startup Cost": 0.43,
                                                                        "Total Cost": 1.19,
                                                                        "Plan Rows": 1,
                                                                        "Plan Width": 8,
                                                                        "Actual Startup Time": 0.003,
                                                                        "Actual Total Time": 0.003,
                                                                        "Actual Rows": 0,
                                                                        "Actual Loops": 12432,
                                                                        "Index Cond": "(person_id = an.person_id)",
                                                                        "Rows Removed by Index Recheck": 0,
                                                                        "Filter": "(info_type_id = 37)",
                                                                        "Rows Removed by Filter": 7,
                                                                        "Workers": []
                                                                    }
                                                                ]
                                                            },
                                                            {
                                                                "Node Type": "Index Scan",
                                                                "Parent Relationship": "Inner",
                                                                "Parallel Aware": false,
                                                                "Async Capable": false,
                                                                "Scan Direction": "Forward",
                                                                "Index Name": "person_id_cast_info",
                                                                "Relation Name": "cast_info",
                                                                "Alias": "ci",
                                                                "Startup Cost": 0.44,
                                                                "Total Cost": 13.53,
                                                                "Plan Rows": 316,
                                                                "Plan Width": 8,
                                                                "Actual Startup Time": 0.001,
                                                                "Actual Total Time": 0.019,
                                                                "Actual Rows": 125,
                                                                "Actual Loops": 3171,
                                                                "Index Cond": "(person_id = an.person_id)",
                                                                "Rows Removed by Index Recheck": 0,
                                                                "Filter": "((note = ANY ('{\"(executive producer)\",\"(executive producer: Williams Street)\",\"(supervising producer)\",(uncredited),(voice)}'::text[])) OR (note IS NULL))",
                                                                "Rows Removed by Filter": 141,
                                                                "Workers": []
                                                            }
                                                        ]
                                                    },
                                                    {
                                                        "Node Type": "Hash",
                                                        "Parent Relationship": "Inner",
                                                        "Parallel Aware": false,
                                                        "Async Capable": false,
                                                        "Startup Cost": 1.18,
                                                        "Total Cost": 1.18,
                                                        "Plan Rows": 4,
                                                        "Plan Width": 4,
                                                        "Actual Startup Time": 0.008,
                                                        "Actual Total Time": 0.009,
                                                        "Actual Rows": 4,
                                                        "Actual Loops": 4,
                                                        "Hash Buckets": 1024,
                                                        "Original Hash Buckets": 1024,
                                                        "Hash Batches": 1,
                                                        "Original Hash Batches": 1,
                                                        "Peak Memory Usage": 9,
                                                        "Workers": [],
                                                        "Plans": [
                                                            {
                                                                "Node Type": "Seq Scan",
                                                                "Parent Relationship": "Outer",
                                                                "Parallel Aware": false,
                                                                "Async Capable": false,
                                                                "Relation Name": "role_type",
                                                                "Alias": "rt",
                                                                "Startup Cost": 0.0,
                                                                "Total Cost": 1.18,
                                                                "Plan Rows": 4,
                                                                "Plan Width": 4,
                                                                "Actual Startup Time": 0.005,
                                                                "Actual Total Time": 0.006,
                                                                "Actual Rows": 4,
                                                                "Actual Loops": 4,
                                                                "Filter": "((role)::text = ANY ('{actor,composer,director,producer}'::text[]))",
                                                                "Rows Removed by Filter": 8,
                                                                "Workers": []
                                                            }
                                                        ]
                                                    }
                                                ]
                                            }
                                        ]
                                    }
                                ]
                            }
                        ]
                    },
                    "Planning Time": 0.8,
                    "Triggers": [],
                    "Execution Time": 159.481
                }
            ],
            "hints": [
                "SET enable_hashjoin TO on",
                "SET enable_indexonlyscan TO on",
                "SET enable_indexscan TO on",
                "SET enable_mergejoin TO on",
                "SET enable_nestloop TO on",
                "SET enable_seqscan TO on"
            ]
        },
        {
            "arm": 1,
            "execution_time": 3360.076,
            "plan": [
                {
                    "Plan": {
                        "Node Type": "Aggregate",
                        "Strategy": "Plain",
                        "Partial Mode": "Simple",
                        "Parallel Aware": false,
                        "Async Capable": false,
                        "Startup Cost": 10001472237.75,
                        "Total Cost": 10001472237.76,
                        "Plan Rows": 1,
                        "Plan Width": 8,
                        "Actual Startup Time": 3360.034,
                        "Actual Total Time": 3360.041,
                        "Actual Rows": 1,
                        "Actual Loops": 1,
                        "Plans": [
                            {
                                "Node Type": "Hash Join",
                                "Parent Relationship": "Outer",
                                "Parallel Aware": false,
                                "Async Capable": false,
                                "Join Type": "Inner",
                                "Startup Cost": 10000543501.05,
                                "Total Cost": 10001472236.84,
                                "Plan Rows": 366,
                                "Plan Width": 0,
                                "Actual Startup Time": 957.869,
                                "Actual Total Time": 3351.499,
                                "Actual Rows": 394271,
                                "Actual Loops": 1,
                                "Inner Unique": true,
                                "Hash Cond": "(ci.role_id = rt.id)",
                                "Plans": [
                                    {
                                        "Node Type": "Hash Join",
                                        "Parent Relationship": "Outer",
                                        "Parallel Aware": false,
                                        "Async Capable": false,
                                        "Join Type": "Inner",
                                        "Startup Cost": 10000543499.82,
                                        "Total Cost": 10001472231.71,
                                        "Plan Rows": 1097,
                                        "Plan Width": 4,
                                        "Actual Startup Time": 957.859,
                                        "Actual Total Time": 3329.992,
                                        "Actual Rows": 395658,
                                        "Actual Loops": 1,
                                        "Inner Unique": false,
                                        "Hash Cond": "(ci.person_id = n.id)",
                                        "Plans": [
                                            {
                                                "Node Type": "Seq Scan",
                                                "Parent Relationship": "Outer",
                                                "Parallel Aware": false,
                                                "Async Capable": false,
                                                "Relation Name": "cast_info",
                                                "Alias": "ci",
                                                "Startup Cost": 0.0,
                                                "Total Cost": 841690.59,
                                                "Plan Rows": 23208088,
                                                "Plan Width": 8,
                                                "Actual Startup Time": 0.003,
                                                "Actual Total Time": 1748.6,
                                                "Actual Rows": 24556334,
                                                "Actual Loops": 1,
                                                "Filter": "((note = ANY ('{\"(executive producer)\",\"(executive producer: Williams Street)\",\"(supervising producer)\",(uncredited),(voice)}'::text[])) OR (note IS NULL))",
                                                "Rows Removed by Filter": 11688010
                                            },
                                            {
                                                "Node Type": "Hash",
                                                "Parent Relationship": "Inner",
                                                "Parallel Aware": false,
                                                "Async Capable": false,
                                                "Startup Cost": 10000543497.36,
                                                "Total Cost": 10000543497.36,
                                                "Plan Rows": 197,
                                                "Plan Width": 12,
                                                "Actual Startup Time": 942.07,
                                                "Actual Total Time": 942.074,
                                                "Actual Rows": 3171,
                                                "Actual Loops": 1,
                                                "Hash Buckets": 4096,
                                                "Original Hash Buckets": 1024,
                                                "Hash Batches": 1,
                                                "Original Hash Batches": 1,
                                                "Peak Memory Usage": 169,
                                                "Plans": [
                                                    {
                                                        "Node Type": "Merge Join",
                                                        "Parent Relationship": "Outer",
                                                        "Parallel Aware": false,
                                                        "Async Capable": false,
                                                        "Join Type": "Inner",
                                                        "Startup Cost": 10000000017.92,
                                                        "Total Cost": 10000543497.36,
                                                        "Plan Rows": 197,
                                                        "Plan Width": 12,
                                                        "Actual Startup Time": 0.179,
                                                        "Actual Total Time": 941.886,
                                                        "Actual Rows": 3171,
                                                        "Actual Loops": 1,
                                                        "Inner Unique": false,
                                                        "Merge Cond": "(n.id = an.person_id)",
                                                        "Plans": [
                                                            {
                                                                "Node Type": "Merge Join",
                                                                "Parent Relationship": "Outer",
                                                                "Parallel Aware": false,
                                                                "Async Capable": false,
                                                                "Join Type": "Inner",
                                                                "Startup Cost": 10000000017.5,
                                                                "Total Cost": 10000470873.27,
                                                                "Plan Rows": 913,
                                                                "Plan Width": 8,
                                                                "Actual Startup Time": 0.152,
                                                                "Actual Total Time": 884.361,
                                                                "Actual Rows": 771,
                                                                "Actual Loops": 1,
                                                                "Inner Unique": true,
                                                                "Merge Cond": "(pi1.person_id = n.id)",
                                                                "Plans": [
                                                                    {
                                                                        "Node Type": "Nested Loop",
                                                                        "Parent Relationship": "Outer",
                                                                        "Parallel Aware": false,
                                                                        "Async Capable": false,
                                                                        "Join Type": "Inner",
                                                                        "Startup Cost": 10000000000.43,
                                                                        "Total Cost": 10000261101.8,
                                                                        "Plan Rows": 75211,
                                                                        "Plan Width": 4,
                                                                        "Actual Startup Time": 0.02,
                                                                        "Actual Total Time": 131.86,
                                                                        "Actual Rows": 21469,
                                                                        "Actual Loops": 1,
                                                                        "Inner Unique": false,
                                                                        "Plans": [
                                                                            {
                                                                                "Node Type": "Index Scan",
                                                                                "Parent Relationship": "Outer",
                                                                                "Parallel Aware": false,
                                                                                "Async Capable": false,
                                                                                "Scan Direction": "Forward",
                                                                                "Index Name": "person_id_person_info",
                                                                                "Relation Name": "person_info",
                                                                                "Alias": "pi1",
                                                                                "Startup Cost": 0.43,
                                                                                "Total Cost": 260159.25,
                                                                                "Plan Rows": 75211,
                                                                                "Plan Width": 8,
                                                                                "Actual Startup Time": 0.016,
                                                                                "Actual Total Time": 129.161,
                                                                                "Actual Rows": 21469,
                                                                                "Actual Loops": 1,
                                                                                "Filter": "(info_type_id = 37)",
                                                                                "Rows Removed by Filter": 1595816
                                                                            },
                                                                            {
                                                                                "Node Type": "Materialize",
                                                                                "Parent Relationship": "Inner",
                                                                                "Parallel Aware": false,
                                                                                "Async Capable": false,
                                                                                "Startup Cost": 0.0,
                                                                                "Total Cost": 2.42,
                                                                                "Plan Rows": 1,
                                                                                "Plan Width": 4,
                                                                                "Actual Startup Time": 0.0,
                                                                                "Actual Total Time": 0.0,
                                                                                "Actual Rows": 1,
                                                                                "Actual Loops": 21469,
                                                                                "Plans": [
                                                                                    {
                                                                                        "Node Type": "Seq Scan",
                                                                                        "Parent Relationship": "Outer",
                                                                                        "Parallel Aware": false,
                                                                                        "Async Capable": false,
                                                                                        "Relation Name": "info_type",
                                                                                        "Alias": "it1",
                                                                                        "Startup Cost": 0.0,
                                                                                        "Total Cost": 2.41,
                                                                                        "Plan Rows": 1,
                                                                                        "Plan Width": 4,
                                                                                        "Actual Startup Time": 0.002,
                                                                                        "Actual Total Time": 0.004,
                                                                                        "Actual Rows": 1,
                                                                                        "Actual Loops": 1,
                                                                                        "Filter": "(id = 37)",
                                                                                        "Rows Removed by Filter": 112
                                                                                    }
                                                                                ]
                                                                            }
                                                                        ]
                                                                    },
                                                                    {
                                                                        "Node Type": "Index Scan",
                                                                        "Parent Relationship": "Inner",
                                                                        "Parallel Aware": false,
                                                                        "Async Capable": false,
                                                                        "Scan Direction": "Forward",
                                                                        "Index Name": "name_pkey",
                                                                        "Relation Name": "name",
                                                                        "Alias": "n",
                                                                        "Startup Cost": 0.49,
                                                                        "Total Cost": 209472.18,
                                                                        "Plan Rows": 50578,
                                                                        "Plan Width": 4,
                                                                        "Actual Startup Time": 0.003,
                                                                        "Actual Total Time": 750.416,
                                                                        "Actual Rows": 61829,
                                                                        "Actual Loops": 1,
                                                                        "Filter": "(((gender)::text = 'm'::text) AND (((name_pcode_nf)::text = ANY ('{A3525,A6361,C4562,D6424,F6535,G5356,G6212,I2652,J1435,J164,J5365,J6354,K3261,K6434,M253,M6216,M6252,P3626,P4126,P4546,R1424,R146,T252,T5414}'::text[])) OR (name_pcode_nf IS NULL)))",
                                                                        "Rows Removed by Filter": 4105662
                                                                    }
                                                                ]
                                                            },
                                                            {
                                                                "Node Type": "Index Only Scan",
                                                                "Parent Relationship": "Inner",
                                                                "Parallel Aware": false,
                                                                "Async Capable": false,
                                                                "Scan Direction": "Forward",
                                                                "Index Name": "person_id_aka_name",
                                                                "Relation Name": "aka_name",
                                                                "Alias": "an",
                                                                "Startup Cost": 0.42,
                                                                "Total Cost": 70369.22,
                                                                "Plan Rows": 901343,
                                                                "Plan Width": 4,
                                                                "Actual Startup Time": 0.003,
                                                                "Actual Total Time": 48.84,
                                                                "Actual Rows": 387367,
                                                                "Actual Loops": 1,
                                                                "Heap Fetches": 387367
                                                            }
                                                        ]
                                                    }
                                                ]
                                            }
                                        ]
                                    },
                                    {
                                        "Node Type": "Hash",
                                        "Parent Relationship": "Inner",
                                        "Parallel Aware": false,
                                        "Async Capable": false,
                                        "Startup Cost": 1.18,
                                        "Total Cost": 1.18,
                                        "Plan Rows": 4,
                                        "Plan Width": 4,
                                        "Actual Startup Time": 0.006,
                                        "Actual Total Time": 0.007,
                                        "Actual Rows": 4,
                                        "Actual Loops": 1,
                                        "Hash Buckets": 1024,
                                        "Original Hash Buckets": 1024,
                                        "Hash Batches": 1,
                                        "Original Hash Batches": 1,
                                        "Peak Memory Usage": 9,
                                        "Plans": [
                                            {
                                                "Node Type": "Seq Scan",
                                                "Parent Relationship": "Outer",
                                                "Parallel Aware": false,
                                                "Async Capable": false,
                                                "Relation Name": "role_type",
                                                "Alias": "rt",
                                                "Startup Cost": 0.0,
                                                "Total Cost": 1.18,
                                                "Plan Rows": 4,
                                                "Plan Width": 4,
                                                "Actual Startup Time": 0.003,
                                                "Actual Total Time": 0.005,
                                                "Actual Rows": 4,
                                                "Actual Loops": 1,
                                                "Filter": "((role)::text = ANY ('{actor,composer,director,producer}'::text[]))",
                                                "Rows Removed by Filter": 8
                                            }
                                        ]
                                    }
                                ]
                            }
                        ]
                    },
                    "Planning Time": 0.79,
                    "Triggers": [],
                    "Execution Time": 3360.076
                }
            ],
            "hints": [
                "SET enable_hashjoin TO on",
                "SET enable_indexonlyscan TO on",
                "SET enable_indexscan TO on",
                "SET enable_mergejoin TO on",
                "SET enable_nestloop TO off",
                "SET enable_seqscan TO on"
            ]
        },
        {
            "arm": 2,
            "execution_time": 860.673,
            "plan": [
                {
                    "Plan": {
                        "Node Type": "Aggregate",
                        "Strategy": "Plain",
                        "Partial Mode": "Simple",
                        "Parallel Aware": false,
                        "Async Capable": false,
                        "Startup Cost": 512313.38,
                        "Total Cost": 512313.39,
                        "Plan Rows": 1,
                        "Plan Width": 8,
                        "Actual Startup Time": 838.393,
                        "Actual Total Time": 860.639,
                        "Actual Rows": 1,
                        "Actual Loops": 1,
                        "Plans": [
                            {
                                "Node Type": "Nested Loop",
                                "Parent Relationship": "Outer",
                                "Parallel Aware": false,
                                "Async Capable": false,
                                "Join Type": "Inner",
                                "Startup Cost": 496855.6,
                                "Total Cost": 512312.46,
                                "Plan Rows": 366,
                                "Plan Width": 0,
                                "Actual Startup Time": 796.724,
                                "Actual Total Time": 852.473,
                                "Actual Rows": 394271,
                                "Actual Loops": 1,
                                "Inner Unique": false,
                                "Plans": [
                                    {
                                        "Node Type": "Seq Scan",
                                        "Parent Relationship": "Outer",
                                        "Parallel Aware": false,
                                        "Async Capable": false,
                                        "Relation Name": "info_type",
                                        "Alias": "it1",
                                        "Startup Cost": 0.0,
                                        "Total Cost": 2.41,
                                        "Plan Rows": 1,
                                        "Plan Width": 4,
                                        "Actual Startup Time": 0.005,
                                        "Actual Total Time": 0.009,
                                        "Actual Rows": 1,
                                        "Actual Loops": 1,
                                        "Filter": "(id = 37)",
                                        "Rows Removed by Filter": 112
                                    },
                                    {
                                        "Node Type": "Gather",
                                        "Parent Relationship": "Inner",
                                        "Parallel Aware": false,
                                        "Async Capable": false,
                                        "Startup Cost": 496855.6,
                                        "Total Cost": 512306.39,
                                        "Plan Rows": 366,
                                        "Plan Width": 4,
                                        "Actual Startup Time": 796.718,
                                        "Actual Total Time": 837.555,
                                        "Actual Rows": 394271,
                                        "Actual Loops": 1,
                                        "Workers Planned": 3,
                                        "Workers Launched": 3,
                                        "Single Copy": false,
                                        "Plans": [
                                            {
                                                "Node Type": "Hash Join",
                                                "Parent Relationship": "Outer",
                                                "Parallel Aware": true,
                                                "Async Capable": false,
                                                "Join Type": "Inner",
                                                "Startup Cost": 495855.6,
                                                "Total Cost": 511269.79,
                                                "Plan Rows": 118,
                                                "Plan Width": 4,
                                                "Actual Startup Time": 795.921,
                                                "Actual Total Time": 818.046,
                                                "Actual Rows": 98568,
                                                "Actual Loops": 4,
                                                "Inner Unique": false,
                                                "Hash Cond": "(an.person_id = n.id)",
                                                "Workers": [],
                                                "Plans": [
                                                    {
                                                        "Node Type": "Seq Scan",
                                                        "Parent Relationship": "Outer",
                                                        "Parallel Aware": true,
                                                        "Async Capable": false,
                                                        "Relation Name": "aka_name",
                                                        "Alias": "an",
                                                        "Startup Cost": 0.0,
                                                        "Total Cost": 14323.56,
                                                        "Plan Rows": 290756,
                                                        "Plan Width": 4,
                                                        "Actual Startup Time": 0.003,
                                                        "Actual Total Time": 10.737,
                                                        "Actual Rows": 225336,
                                                        "Actual Loops": 4,
                                                        "Workers": []
                                                    },
                                                    {
                                                        "Node Type": "Hash",
                                                        "Parent Relationship": "Inner",
                                                        "Parallel Aware": true,
                                                        "Async Capable": false,
                                                        "Startup Cost": 495850.3,
                                                        "Total Cost": 495850.3,
                                                        "Plan Rows": 424,
                                                        "Plan Width": 16,
                                                        "Actual Startup Time": 794.87,
                                                        "Actual Total Time": 794.876,
                                                        "Actual Rows": 18918,
                                                        "Actual Loops": 4,
                                                        "Hash Buckets": 131072,
                                                        "Original Hash Buckets": 2048,
                                                        "Hash Batches": 1,
                                                        "Original Hash Batches": 1,
                                                        "Peak Memory Usage": 5648,
                                                        "Workers": [],
                                                        "Plans": [
                                                            {
                                                                "Node Type": "Hash Join",
                                                                "Parent Relationship": "Outer",
                                                                "Parallel Aware": true,
                                                                "Async Capable": false,
                                                                "Join Type": "Inner",
                                                                "Startup Cost": 435445.78,
                                                                "Total Cost": 495850.3,
                                                                "Plan Rows": 424,
                                                                "Plan Width": 16,
                                                                "Actual Startup Time": 741.809,
                                                                "Actual Total Time": 779.1,
                                                                "Actual Rows": 18918,
                                                                "Actual Loops": 4,
                                                                "Inner Unique": false,
                                                                "Hash Cond": "(pi1.person_id = n.id)",
                                                                "Workers": [],
                                                                "Plans": [
                                                                    {
                                                                        "Node Type": "Seq Scan",
                                                                        "Parent Relationship": "Outer",
                                                                        "Parallel Aware": true,
                                                                        "Async Capable": false,
                                                                        "Relation Name": "person_info",
                                                                        "Alias": "pi1",
                                                                        "Startup Cost": 0.0,
                                                                        "Total Cost": 60333.3,
                                                                        "Plan Rows": 18803,
                                                                        "Plan Width": 8,
                                                                        "Actual Startup Time": 0.008,
                                                                        "Actual Total Time": 35.63,
                                                                        "Actual Rows": 17800,
                                                                        "Actual Loops": 4,
                                                                        "Filter": "(info_type_id = 37)",
                                                                        "Rows Removed by Filter": 723116,
                                                                        "Workers": []
                                                                    },
                                                                    {
                                                                        "Node Type": "Hash",
                                                                        "Parent Relationship": "Inner",
                                                                        "Parallel Aware": true,
                                                                        "Async Capable": false,
                                                                        "Startup Cost": 435250.18,
                                                                        "Total Cost": 435250.18,
                                                                        "Plan Rows": 15648,
                                                                        "Plan Width": 8,
                                                                        "Actual Startup Time": 741.269,
                                                                        "Actual Total Time": 741.273,
                                                                        "Actual Rows": 83658,
                                                                        "Actual Loops": 4,
                                                                        "Hash Buckets": 524288,
                                                                        "Original Hash Buckets": 131072,
                                                                        "Hash Batches": 1,
                                                                        "Original Hash Batches": 1,
                                                                        "Peak Memory Usage": 20320,
                                                                        "Workers": [],
                                                                        "Plans": [
                                                                            {
                                                                                "Node Type": "Hash Join",
                                                                                "Parent Relationship": "Outer",
                                                                                "Parallel Aware": false,
                                                                                "Async Capable": false,
                                                                                "Join Type": "Inner",
                                                                                "Startup Cost": 74048.11,
                                                                                "Total Cost": 435250.18,
                                                                                "Plan Rows": 15648,
                                                                                "Plan Width": 8,
                                                                                "Actual Startup Time": 71.016,
                                                                                "Actual Total Time": 731.965,
                                                                                "Actual Rows": 83658,
                                                                                "Actual Loops": 4,
                                                                                "Inner Unique": true,
                                                                                "Hash Cond": "(ci.role_id = rt.id)",
                                                                                "Workers": [],
                                                                                "Plans": [
                                                                                    {
                                                                                        "Node Type": "Hash Join",
                                                                                        "Parent Relationship": "Outer",
                                                                                        "Parallel Aware": true,
                                                                                        "Async Capable": false,
                                                                                        "Join Type": "Inner",
                                                                                        "Startup Cost": 74046.88,
                                                                                        "Total Cost": 435082.2,
                                                                                        "Plan Rows": 46944,
                                                                                        "Plan Width": 12,
                                                                                        "Actual Startup Time": 71.001,
                                                                                        "Actual Total Time": 726.679,
                                                                                        "Actual Rows": 86224,
                                                                                        "Actual Loops": 4,
                                                                                        "Inner Unique": true,
                                                                                        "Hash Cond": "(ci.person_id = n.id)",
                                                                                        "Workers": [],
                                                                                        "Plans": [
                                                                                            {
                                                                                                "Node Type": "Seq Scan",
                                                                                                "Parent Relationship": "Outer",
                                                                                                "Parallel Aware": true,
                                                                                                "Async Capable": false,
                                                                                                "Relation Name": "cast_info",
                                                                                                "Alias": "ci",
                                                                                                "Startup Cost": 0.0,
                                                                                                "Total Cost": 350881.77,
                                                                                                "Plan Rows": 3868015,
                                                                                                "Plan Width": 8,
                                                                                                "Actual Startup Time": 0.014,
                                                                                                "Actual Total Time": 466.895,
                                                                                                "Actual Rows": 6139084,
                                                                                                "Actual Loops": 4,
                                                                                                "Filter": "((note = ANY ('{\"(executive producer)\",\"(executive producer: Williams Street)\",\"(supervising producer)\",(uncredited),(voice)}'::text[])) OR (note IS NULL))",
                                                                                                "Rows Removed by Filter": 2922002,
                                                                                                "Workers": []
                                                                                            },
                                                                                            {
                                                                                                "Node Type": "Hash",
                                                                                                "Parent Relationship": "Inner",
                                                                                                "Parallel Aware": true,
                                                                                                "Async Capable": false,
                                                                                                "Startup Cost": 73888.83,
                                                                                                "Total Cost": 73888.83,
                                                                                                "Plan Rows": 12644,
                                                                                                "Plan Width": 4,
                                                                                                "Actual Startup Time": 65.592,
                                                                                                "Actual Total Time": 65.593,
                                                                                                "Actual Rows": 15457,
                                                                                                "Actual Loops": 4,
                                                                                                "Hash Buckets": 65536,
                                                                                                "Original Hash Buckets": 65536,
                                                                                                "Hash Batches": 1,
                                                                                                "Original Hash Batches": 1,
                                                                                                "Peak Memory Usage": 3008,
                                                                                                "Workers": [],
                                                                                                "Plans": [
                                                                                                    {
                                                                                                        "Node Type": "Seq Scan",
                                                                                                        "Parent Relationship": "Outer",
                                                                                                        "Parallel Aware": true,
                                                                                                        "Async Capable": false,
                                                                                                        "Relation Name": "name",
                                                                                                        "Alias": "n",
                                                                                                        "Startup Cost": 0.06,
                                                                                                        "Total Cost": 73888.83,
                                                                                                        "Plan Rows": 12644,
                                                                                                        "Plan Width": 4,
                                                                                                        "Actual Startup Time": 0.007,
                                                                                                        "Actual Total Time": 64.569,
                                                                                                        "Actual Rows": 15457,
                                                                                                        "Actual Loops": 4,
                                                                                                        "Filter": "(((gender)::text = 'm'::text) AND (((name_pcode_nf)::text = ANY ('{A3525,A6361,C4562,D6424,F6535,G5356,G6212,I2652,J1435,J164,J5365,J6354,K3261,K6434,M253,M6216,M6252,P3626,P4126,P4546,R1424,R146,T252,T5414}'::text[])) OR (name_pcode_nf IS NULL)))",
                                                                                                        "Rows Removed by Filter": 1026416,
                                                                                                        "Workers": []
                                                                                                    }
                                                                                                ]
                                                                                            }
                                                                                        ]
                                                                                    },
                                                                                    {
                                                                                        "Node Type": "Hash",
                                                                                        "Parent Relationship": "Inner",
                                                                                        "Parallel Aware": false,
                                                                                        "Async Capable": false,
                                                                                        "Startup Cost": 1.18,
                                                                                        "Total Cost": 1.18,
                                                                                        "Plan Rows": 4,
                                                                                        "Plan Width": 4,
                                                                                        "Actual Startup Time": 0.009,
                                                                                        "Actual Total Time": 0.01,
                                                                                        "Actual Rows": 4,
                                                                                        "Actual Loops": 4,
                                                                                        "Hash Buckets": 1024,
                                                                                        "Original Hash Buckets": 1024,
                                                                                        "Hash Batches": 1,
                                                                                        "Original Hash Batches": 1,
                                                                                        "Peak Memory Usage": 9,
                                                                                        "Workers": [],
                                                                                        "Plans": [
                                                                                            {
                                                                                                "Node Type": "Seq Scan",
                                                                                                "Parent Relationship": "Outer",
                                                                                                "Parallel Aware": false,
                                                                                                "Async Capable": false,
                                                                                                "Relation Name": "role_type",
                                                                                                "Alias": "rt",
                                                                                                "Startup Cost": 0.0,
                                                                                                "Total Cost": 1.18,
                                                                                                "Plan Rows": 4,
                                                                                                "Plan Width": 4,
                                                                                                "Actual Startup Time": 0.007,
                                                                                                "Actual Total Time": 0.008,
                                                                                                "Actual Rows": 4,
                                                                                                "Actual Loops": 4,
                                                                                                "Filter": "((role)::text = ANY ('{actor,composer,director,producer}'::text[]))",
                                                                                                "Rows Removed by Filter": 8,
                                                                                                "Workers": []
                                                                                            }
                                                                                        ]
                                                                                    }
                                                                                ]
                                                                            }
                                                                        ]
                                                                    }
                                                                ]
                                                            }
                                                        ]
                                                    }
                                                ]
                                            }
                                        ]
                                    }
                                ]
                            }
                        ]
                    },
                    "Planning Time": 0.499,
                    "Triggers": [],
                    "Execution Time": 860.673
                }
            ],
            "hints": [
                "SET enable_hashjoin TO on",
                "SET enable_indexonlyscan TO on",
                "SET enable_indexscan TO off",
                "SET enable_mergejoin TO off",
                "SET enable_nestloop TO on",
                "SET enable_seqscan TO on"
            ]
        },
        {
            "arm": 3,
            "execution_time": 2896.023,
            "plan": [
                {
                    "Plan": {
                        "Node Type": "Aggregate",
                        "Strategy": "Plain",
                        "Partial Mode": "Simple",
                        "Parallel Aware": false,
                        "Async Capable": false,
                        "Startup Cost": 10001220484.42,
                        "Total Cost": 10001220484.43,
                        "Plan Rows": 1,
                        "Plan Width": 8,
                        "Actual Startup Time": 2895.978,
                        "Actual Total Time": 2895.986,
                        "Actual Rows": 1,
                        "Actual Loops": 1,
                        "Plans": [
                            {
                                "Node Type": "Hash Join",
                                "Parent Relationship": "Outer",
                                "Parallel Aware": false,
                                "Async Capable": false,
                                "Join Type": "Inner",
                                "Startup Cost": 10000291747.72,
                                "Total Cost": 10001220483.5,
                                "Plan Rows": 366,
                                "Plan Width": 0,
                                "Actual Startup Time": 471.148,
                                "Actual Total Time": 2887.45,
                                "Actual Rows": 394271,
                                "Actual Loops": 1,
                                "Inner Unique": true,
                                "Hash Cond": "(ci.role_id = rt.id)",
                                "Plans": [
                                    {
                                        "Node Type": "Hash Join",
                                        "Parent Relationship": "Outer",
                                        "Parallel Aware": false,
                                        "Async Capable": false,
                                        "Join Type": "Inner",
                                        "Startup Cost": 10000291746.49,
                                        "Total Cost": 10001220478.38,
                                        "Plan Rows": 1097,
                                        "Plan Width": 4,
                                        "Actual Startup Time": 471.135,
                                        "Actual Total Time": 2865.805,
                                        "Actual Rows": 395658,
                                        "Actual Loops": 1,
                                        "Inner Unique": false,
                                        "Hash Cond": "(ci.person_id = n.id)",
                                        "Plans": [
                                            {
                                                "Node Type": "Seq Scan",
                                                "Parent Relationship": "Outer",
                                                "Parallel Aware": false,
                                                "Async Capable": false,
                                                "Relation Name": "cast_info",
                                                "Alias": "ci",
                                                "Startup Cost": 0.0,
                                                "Total Cost": 841690.59,
                                                "Plan Rows": 23208088,
                                                "Plan Width": 8,
                                                "Actual Startup Time": 0.003,
                                                "Actual Total Time": 1771.731,
                                                "Actual Rows": 24556334,
                                                "Actual Loops": 1,
                                                "Filter": "((note = ANY ('{\"(executive producer)\",\"(executive producer: Williams Street)\",\"(supervising producer)\",(uncredited),(voice)}'::text[])) OR (note IS NULL))",
                                                "Rows Removed by Filter": 11688010
                                            },
                                            {
                                                "Node Type": "Hash",
                                                "Parent Relationship": "Inner",
                                                "Parallel Aware": false,
                                                "Async Capable": false,
                                                "Startup Cost": 10000291744.03,
                                                "Total Cost": 10000291744.03,
                                                "Plan Rows": 197,
                                                "Plan Width": 12,
                                                "Actual Startup Time": 455.29,
                                                "Actual Total Time": 455.295,
                                                "Actual Rows": 3171,
                                                "Actual Loops": 1,
                                                "Hash Buckets": 4096,
                                                "Original Hash Buckets": 1024,
                                                "Hash Batches": 1,
                                                "Original Hash Batches": 1,
                                                "Peak Memory Usage": 169,
                                                "Plans": [
                                                    {
                                                        "Node Type": "Hash Join",
                                                        "Parent Relationship": "Outer",
                                                        "Parallel Aware": false,
                                                        "Async Capable": false,
                                                        "Join Type": "Inner",
                                                        "Startup Cost": 10000125193.16,
                                                        "Total Cost": 10000291744.03,
                                                        "Plan Rows": 197,
                                                        "Plan Width": 12,
                                                        "Actual Startup Time": 231.941,
                                                        "Actual Total Time": 455.136,
                                                        "Actual Rows": 3171,
                                                        "Actual Loops": 1,
                                                        "Inner Unique": false,
                                                        "Hash Cond": "(n.id = pi1.person_id)",
                                                        "Plans": [
                                                            {
                                                                "Node Type": "Hash Join",
                                                                "Parent Relationship": "Outer",
                                                                "Parallel Aware": false,
                                                                "Async Capable": false,
                                                                "Join Type": "Inner",
                                                                "Startup Cost": 35217.28,
                                                                "Total Cost": 177440.58,
                                                                "Plan Rows": 10939,
                                                                "Plan Width": 8,
                                                                "Actual Startup Time": 84.855,
                                                                "Actual Total Time": 320.663,
                                                                "Actual Rows": 12432,
                                                                "Actual Loops": 1,
                                                                "Inner Unique": false,
                                                                "Hash Cond": "(n.id = an.person_id)",
                                                                "Plans": [
                                                                    {
                                                                        "Node Type": "Seq Scan",
                                                                        "Parent Relationship": "Outer",
                                                                        "Parallel Aware": false,
                                                                        "Async Capable": false,
                                                                        "Relation Name": "name",
                                                                        "Alias": "n",
                                                                        "Startup Cost": 0.06,
                                                                        "Total Cost": 128587.15,
                                                                        "Plan Rows": 50578,
                                                                        "Plan Width": 4,
                                                                        "Actual Startup Time": 0.004,
                                                                        "Actual Total Time": 211.335,
                                                                        "Actual Rows": 61829,
                                                                        "Actual Loops": 1,
                                                                        "Filter": "(((gender)::text = 'm'::text) AND (((name_pcode_nf)::text = ANY ('{A3525,A6361,C4562,D6424,F6535,G5356,G6212,I2652,J1435,J164,J5365,J6354,K3261,K6434,M253,M6216,M6252,P3626,P4126,P4546,R1424,R146,T252,T5414}'::text[])) OR (name_pcode_nf IS NULL)))",
                                                                        "Rows Removed by Filter": 4105662
                                                                    },
                                                                    {
                                                                        "Node Type": "Hash",
                                                                        "Parent Relationship": "Inner",
                                                                        "Parallel Aware": false,
                                                                        "Async Capable": false,
                                                                        "Startup Cost": 20429.43,
                                                                        "Total Cost": 20429.43,
                                                                        "Plan Rows": 901343,
                                                                        "Plan Width": 4,
                                                                        "Actual Startup Time": 84.604,
                                                                        "Actual Total Time": 84.605,
                                                                        "Actual Rows": 901343,
                                                                        "Actual Loops": 1,
                                                                        "Hash Buckets": 524288,
                                                                        "Original Hash Buckets": 524288,
                                                                        "Hash Batches": 4,
                                                                        "Original Hash Batches": 4,
                                                                        "Peak Memory Usage": 12007,
                                                                        "Plans": [
                                                                            {
                                                                                "Node Type": "Seq Scan",
                                                                                "Parent Relationship": "Outer",
                                                                                "Parallel Aware": false,
                                                                                "Async Capable": false,
                                                                                "Relation Name": "aka_name",
                                                                                "Alias": "an",
                                                                                "Startup Cost": 0.0,
                                                                                "Total Cost": 20429.43,
                                                                                "Plan Rows": 901343,
                                                                                "Plan Width": 4,
                                                                                "Actual Startup Time": 0.003,
                                                                                "Actual Total Time": 42.67,
                                                                                "Actual Rows": 901343,
                                                                                "Actual Loops": 1
                                                                            }
                                                                        ]
                                                                    }
                                                                ]
                                                            },
                                                            {
                                                                "Node Type": "Hash",
                                                                "Parent Relationship": "Inner",
                                                                "Parallel Aware": false,
                                                                "Async Capable": false,
                                                                "Startup Cost": 10000089035.74,
                                                                "Total Cost": 10000089035.74,
                                                                "Plan Rows": 75211,
                                                                "Plan Width": 4,
                                                                "Actual Startup Time": 133.234,
                                                                "Actual Total Time": 133.236,
                                                                "Actual Rows": 71202,
                                                                "Actual Loops": 1,
                                                                "Hash Buckets": 131072,
                                                                "Original Hash Buckets": 131072,
                                                                "Hash Batches": 1,
                                                                "Original Hash Batches": 1,
                                                                "Peak Memory Usage": 3528,
                                                                "Plans": [
                                                                    {
                                                                        "Node Type": "Nested Loop",
                                                                        "Parent Relationship": "Outer",
                                                                        "Parallel Aware": false,
                                                                        "Async Capable": false,
                                                                        "Join Type": "Inner",
                                                                        "Startup Cost": 10000000000.0,
                                                                        "Total Cost": 10000089035.74,
                                                                        "Plan Rows": 75211,
                                                                        "Plan Width": 4,
                                                                        "Actual Startup Time": 0.017,
                                                                        "Actual Total Time": 129.11,
                                                                        "Actual Rows": 71202,
                                                                        "Actual Loops": 1,
                                                                        "Inner Unique": false,
                                                                        "Plans": [
                                                                            {
                                                                                "Node Type": "Seq Scan",
                                                                                "Parent Relationship": "Outer",
                                                                                "Parallel Aware": false,
                                                                                "Async Capable": false,
                                                                                "Relation Name": "person_info",
                                                                                "Alias": "pi1",
                                                                                "Startup Cost": 0.0,
                                                                                "Total Cost": 88093.19,
                                                                                "Plan Rows": 75211,
                                                                                "Plan Width": 8,
                                                                                "Actual Startup Time": 0.01,
                                                                                "Actual Total Time": 120.449,
                                                                                "Actual Rows": 71202,
                                                                                "Actual Loops": 1,
                                                                                "Filter": "(info_type_id = 37)",
                                                                                "Rows Removed by Filter": 2892462
                                                                            },
                                                                            {
                                                                                "Node Type": "Materialize",
                                                                                "Parent Relationship": "Inner",
                                                                                "Parallel Aware": false,
                                                                                "Async Capable": false,
                                                                                "Startup Cost": 0.0,
                                                                                "Total Cost": 2.42,
                                                                                "Plan Rows": 1,
                                                                                "Plan Width": 4,
                                                                                "Actual Startup Time": 0.0,
                                                                                "Actual Total Time": 0.0,
                                                                                "Actual Rows": 1,
                                                                                "Actual Loops": 71202,
                                                                                "Plans": [
                                                                                    {
                                                                                        "Node Type": "Seq Scan",
                                                                                        "Parent Relationship": "Outer",
                                                                                        "Parallel Aware": false,
                                                                                        "Async Capable": false,
                                                                                        "Relation Name": "info_type",
                                                                                        "Alias": "it1",
                                                                                        "Startup Cost": 0.0,
                                                                                        "Total Cost": 2.41,
                                                                                        "Plan Rows": 1,
                                                                                        "Plan Width": 4,
                                                                                        "Actual Startup Time": 0.004,
                                                                                        "Actual Total Time": 0.005,
                                                                                        "Actual Rows": 1,
                                                                                        "Actual Loops": 1,
                                                                                        "Filter": "(id = 37)",
                                                                                        "Rows Removed by Filter": 112
                                                                                    }
                                                                                ]
                                                                            }
                                                                        ]
                                                                    }
                                                                ]
                                                            }
                                                        ]
                                                    }
                                                ]
                                            }
                                        ]
                                    },
                                    {
                                        "Node Type": "Hash",
                                        "Parent Relationship": "Inner",
                                        "Parallel Aware": false,
                                        "Async Capable": false,
                                        "Startup Cost": 1.18,
                                        "Total Cost": 1.18,
                                        "Plan Rows": 4,
                                        "Plan Width": 4,
                                        "Actual Startup Time": 0.009,
                                        "Actual Total Time": 0.01,
                                        "Actual Rows": 4,
                                        "Actual Loops": 1,
                                        "Hash Buckets": 1024,
                                        "Original Hash Buckets": 1024,
                                        "Hash Batches": 1,
                                        "Original Hash Batches": 1,
                                        "Peak Memory Usage": 9,
                                        "Plans": [
                                            {
                                                "Node Type": "Seq Scan",
                                                "Parent Relationship": "Outer",
                                                "Parallel Aware": false,
                                                "Async Capable": false,
                                                "Relation Name": "role_type",
                                                "Alias": "rt",
                                                "Startup Cost": 0.0,
                                                "Total Cost": 1.18,
                                                "Plan Rows": 4,
                                                "Plan Width": 4,
                                                "Actual Startup Time": 0.006,
                                                "Actual Total Time": 0.007,
                                                "Actual Rows": 4,
                                                "Actual Loops": 1,
                                                "Filter": "((role)::text = ANY ('{actor,composer,director,producer}'::text[]))",
                                                "Rows Removed by Filter": 8
                                            }
                                        ]
                                    }
                                ]
                            }
                        ]
                    },
                    "Planning Time": 0.531,
                    "Triggers": [],
                    "Execution Time": 2896.023
                }
            ],
            "hints": [
                "SET enable_hashjoin TO on",
                "SET enable_indexonlyscan TO on",
                "SET enable_indexscan TO off",
                "SET enable_mergejoin TO off",
                "SET enable_nestloop TO off",
                "SET enable_seqscan TO on"
            ]
        },
        {
            "arm": 4,
            "execution_time": 149.965,
            "plan": [
                {
                    "Plan": {
                        "Node Type": "Aggregate",
                        "Strategy": "Plain",
                        "Partial Mode": "Simple",
                        "Parallel Aware": false,
                        "Async Capable": false,
                        "Startup Cost": 95537.54,
                        "Total Cost": 95537.55,
                        "Plan Rows": 1,
                        "Plan Width": 8,
                        "Actual Startup Time": 138.613,
                        "Actual Total Time": 149.928,
                        "Actual Rows": 1,
                        "Actual Loops": 1,
                        "Plans": [
                            {
                                "Node Type": "Nested Loop",
                                "Parent Relationship": "Outer",
                                "Parallel Aware": false,
                                "Async Capable": false,
                                "Join Type": "Inner",
                                "Startup Cost": 75048.98,
                                "Total Cost": 95536.63,
                                "Plan Rows": 366,
                                "Plan Width": 0,
                                "Actual Startup Time": 68.164,
                                "Actual Total Time": 141.657,
                                "Actual Rows": 394271,
                                "Actual Loops": 1,
                                "Inner Unique": false,
                                "Plans": [
                                    {
                                        "Node Type": "Seq Scan",
                                        "Parent Relationship": "Outer",
                                        "Parallel Aware": false,
                                        "Async Capable": false,
                                        "Relation Name": "info_type",
                                        "Alias": "it1",
                                        "Startup Cost": 0.0,
                                        "Total Cost": 2.41,
                                        "Plan Rows": 1,
                                        "Plan Width": 4,
                                        "Actual Startup Time": 0.005,
                                        "Actual Total Time": 0.008,
                                        "Actual Rows": 1,
                                        "Actual Loops": 1,
                                        "Filter": "(id = 37)",
                                        "Rows Removed by Filter": 112
                                    },
                                    {
                                        "Node Type": "Gather",
                                        "Parent Relationship": "Inner",
                                        "Parallel Aware": false,
                                        "Async Capable": false,
                                        "Startup Cost": 75048.98,
                                        "Total Cost": 95530.55,
                                        "Plan Rows": 366,
                                        "Plan Width": 4,
                                        "Actual Startup Time": 68.158,
                                        "Actual Total Time": 126.533,
                                        "Actual Rows": 394271,
                                        "Actual Loops": 1,
                                        "Workers Planned": 3,
                                        "Workers Launched": 3,
                                        "Single Copy": false,
                                        "Plans": [
                                            {
                                                "Node Type": "Hash Join",
                                                "Parent Relationship": "Outer",
                                                "Parallel Aware": false,
                                                "Async Capable": false,
                                                "Join Type": "Inner",
                                                "Startup Cost": 74048.98,
                                                "Total Cost": 94493.95,
                                                "Plan Rows": 118,
                                                "Plan Width": 4,
                                                "Actual Startup Time": 67.215,
                                                "Actual Total Time": 121.201,
                                                "Actual Rows": 98568,
                                                "Actual Loops": 4,
                                                "Inner Unique": true,
                                                "Hash Cond": "(ci.role_id = rt.id)",
                                                "Workers": [],
                                                "Plans": [
                                                    {
                                                        "Node Type": "Nested Loop",
                                                        "Parent Relationship": "Outer",
                                                        "Parallel Aware": false,
                                                        "Async Capable": false,
                                                        "Join Type": "Inner",
                                                        "Startup Cost": 74047.75,
                                                        "Total Cost": 94491.46,
                                                        "Plan Rows": 354,
                                                        "Plan Width": 8,
                                                        "Actual Startup Time": 67.152,
                                                        "Actual Total Time": 115.301,
                                                        "Actual Rows": 98914,
                                                        "Actual Loops": 4,
                                                        "Inner Unique": false,
                                                        "Join Filter": "(n.id = ci.person_id)",
                                                        "Rows Removed by Join Filter": 0,
                                                        "Workers": [],
                                                        "Plans": [
                                                            {
                                                                "Node Type": "Nested Loop",
                                                                "Parent Relationship": "Outer",
                                                                "Parallel Aware": false,
                                                                "Async Capable": false,
                                                                "Join Type": "Inner",
                                                                "Startup Cost": 74047.31,
                                                                "Total Cost": 93372.88,
                                                                "Plan Rows": 64,
                                                                "Plan Width": 16,
                                                                "Actual Startup Time": 67.133,
                                                                "Actual Total Time": 95.384,
                                                                "Actual Rows": 793,
                                                                "Actual Loops": 4,
                                                                "Inner Unique": false,
                                                                "Join Filter": "(n.id = pi1.person_id)",
                                                                "Rows Removed by Join Filter": 0,
                                                                "Workers": [],
                                                                "Plans": [
                                                                    {
                                                                        "Node Type": "Hash Join",
                                                                        "Parent Relationship": "Outer",
                                                                        "Parallel Aware": true,
                                                                        "Async Capable": false,
                                                                        "Join Type": "Inner",
                                                                        "Startup Cost": 74046.88,
                                                                        "Total Cost": 89133.68,
                                                                        "Plan Rows": 3529,
                                                                        "Plan Width": 8,
                                                                        "Actual Startup Time": 66.024,
                                                                        "Actual Total Time": 88.961,
                                                                        "Actual Rows": 3108,
                                                                        "Actual Loops": 4,
                                                                        "Inner Unique": true,
                                                                        "Hash Cond": "(an.person_id = n.id)",
                                                                        "Workers": [],
                                                                        "Plans": [
                                                                            {
                                                                                "Node Type": "Seq Scan",
                                                                                "Parent Relationship": "Outer",
                                                                                "Parallel Aware": true,
                                                                                "Async Capable": false,
                                                                                "Relation Name": "aka_name",
                                                                                "Alias": "an",
                                                                                "Startup Cost": 0.0,
                                                                                "Total Cost": 14323.56,
                                                                                "Plan Rows": 290756,
                                                                                "Plan Width": 4,
                                                                                "Actual Startup Time": 0.005,
                                                                                "Actual Total Time": 11.565,
                                                                                "Actual Rows": 225336,
                                                                                "Actual Loops": 4,
                                                                                "Workers": []
                                                                            },
                                                                            {
                                                                                "Node Type": "Hash",
                                                                                "Parent Relationship": "Inner",
                                                                                "Parallel Aware": true,
                                                                                "Async Capable": false,
                                                                                "Startup Cost": 73888.83,
                                                                                "Total Cost": 73888.83,
                                                                                "Plan Rows": 12644,
                                                                                "Plan Width": 4,
                                                                                "Actual Startup Time": 65.893,
                                                                                "Actual Total Time": 65.893,
                                                                                "Actual Rows": 15457,
                                                                                "Actual Loops": 4,
                                                                                "Hash Buckets": 65536,
                                                                                "Original Hash Buckets": 65536,
                                                                                "Hash Batches": 1,
                                                                                "Original Hash Batches": 1,
                                                                                "Peak Memory Usage": 3008,
                                                                                "Workers": [],
                                                                                "Plans": [
                                                                                    {
                                                                                        "Node Type": "Seq Scan",
                                                                                        "Parent Relationship": "Outer",
                                                                                        "Parallel Aware": true,
                                                                                        "Async Capable": false,
                                                                                        "Relation Name": "name",
                                                                                        "Alias": "n",
                                                                                        "Startup Cost": 0.06,
                                                                                        "Total Cost": 73888.83,
                                                                                        "Plan Rows": 12644,
                                                                                        "Plan Width": 4,
                                                                                        "Actual Startup Time": 0.009,
                                                                                        "Actual Total Time": 64.731,
                                                                                        "Actual Rows": 15457,
                                                                                        "Actual Loops": 4,
                                                                                        "Filter": "(((gender)::text = 'm'::text) AND (((name_pcode_nf)::text = ANY ('{A3525,A6361,C4562,D6424,F6535,G5356,G6212,I2652,J1435,J164,J5365,J6354,K3261,K6434,M253,M6216,M6252,P3626,P4126,P4546,R1424,R146,T252,T5414}'::text[])) OR (name_pcode_nf IS NULL)))",
                                                                                        "Rows Removed by Filter": 1026416,
                                                                                        "Workers": []
                                                                                    }
                                                                                ]
                                                                            }
                                                                        ]
                                                                    },
                                                                    {
                                                                        "Node Type": "Index Scan",
                                                                        "Parent Relationship": "Inner",
                                                                        "Parallel Aware": false,
                                                                        "Async Capable": false,
                                                                        "Scan Direction": "Forward",
                                                                        "Index Name": "person_id_person_info",
                                                                        "Relation Name": "person_info",
                                                                        "Alias": "pi1",
                                                                        "Startup Cost": 0.43,
                                                                        "Total Cost": 1.19,
                                                                        "Plan Rows": 1,
                                                                        "Plan Width": 8,
                                                                        "Actual Startup Time": 0.002,
                                                                        "Actual Total Time": 0.002,
                                                                        "Actual Rows": 0,
                                                                        "Actual Loops": 12432,
                                                                        "Index Cond": "(person_id = an.person_id)",
                                                                        "Rows Removed by Index Recheck": 0,
                                                                        "Filter": "(info_type_id = 37)",
                                                                        "Rows Removed by Filter": 7,
                                                                        "Workers": []
                                                                    }
                                                                ]
                                                            },
                                                            {
                                                                "Node Type": "Index Scan",
                                                                "Parent Relationship": "Inner",
                                                                "Parallel Aware": false,
                                                                "Async Capable": false,
                                                                "Scan Direction": "Forward",
                                                                "Index Name": "person_id_cast_info",
                                                                "Relation Name": "cast_info",
                                                                "Alias": "ci",
                                                                "Startup Cost": 0.44,
                                                                "Total Cost": 13.53,
                                                                "Plan Rows": 316,
                                                                "Plan Width": 8,
                                                                "Actual Startup Time": 0.001,
                                                                "Actual Total Time": 0.019,
                                                                "Actual Rows": 125,
                                                                "Actual Loops": 3171,
                                                                "Index Cond": "(person_id = an.person_id)",
                                                                "Rows Removed by Index Recheck": 0,
                                                                "Filter": "((note = ANY ('{\"(executive producer)\",\"(executive producer: Williams Street)\",\"(supervising producer)\",(uncredited),(voice)}'::text[])) OR (note IS NULL))",
                                                                "Rows Removed by Filter": 141,
                                                                "Workers": []
                                                            }
                                                        ]
                                                    },
                                                    {
                                                        "Node Type": "Hash",
                                                        "Parent Relationship": "Inner",
                                                        "Parallel Aware": false,
                                                        "Async Capable": false,
                                                        "Startup Cost": 1.18,
                                                        "Total Cost": 1.18,
                                                        "Plan Rows": 4,
                                                        "Plan Width": 4,
                                                        "Actual Startup Time": 0.009,
                                                        "Actual Total Time": 0.01,
                                                        "Actual Rows": 4,
                                                        "Actual Loops": 4,
                                                        "Hash Buckets": 1024,
                                                        "Original Hash Buckets": 1024,
                                                        "Hash Batches": 1,
                                                        "Original Hash Batches": 1,
                                                        "Peak Memory Usage": 9,
                                                        "Workers": [],
                                                        "Plans": [
                                                            {
                                                                "Node Type": "Seq Scan",
                                                                "Parent Relationship": "Outer",
                                                                "Parallel Aware": false,
                                                                "Async Capable": false,
                                                                "Relation Name": "role_type",
                                                                "Alias": "rt",
                                                                "Startup Cost": 0.0,
                                                                "Total Cost": 1.18,
                                                                "Plan Rows": 4,
                                                                "Plan Width": 4,
                                                                "Actual Startup Time": 0.006,
                                                                "Actual Total Time": 0.007,
                                                                "Actual Rows": 4,
                                                                "Actual Loops": 4,
                                                                "Filter": "((role)::text = ANY ('{actor,composer,director,producer}'::text[]))",
                                                                "Rows Removed by Filter": 8,
                                                                "Workers": []
                                                            }
                                                        ]
                                                    }
                                                ]
                                            }
                                        ]
                                    }
                                ]
                            }
                        ]
                    },
                    "Planning Time": 0.531,
                    "Triggers": [],
                    "Execution Time": 149.965
                }
            ],
            "hints": [
                "SET enable_hashjoin TO on",
                "SET enable_indexonlyscan TO on",
                "SET enable_indexscan TO on",
                "SET enable_mergejoin TO off",
                "SET enable_nestloop TO on",
                "SET enable_seqscan TO on"
            ]
        }
    ]
}