{
    "sql_file": "4a326.sql",
    "query": "SELECT COUNT(*)\nFROM\nname as n,\naka_name as an,\ninfo_type as it1,\nperson_info AS pi1,\ncast_info as ci,\nrole_type as rt\nWHERE\nn.id = ci.person_id\nAND ci.person_id = pi1.person_id\nAND it1.id = pi1.info_type_id\nAND n.id = pi1.person_id\nAND n.id = an.person_id\nAND ci.person_id = an.person_id\nAND an.person_id = pi1.person_id\nAND rt.id = ci.role_id\nAND (n.gender in ('m') OR n.gender IS NULL)\nAND (n.name_pcode_nf in ('A6364','B6252','E3634','G6216','J162','J5162','J5236','K6231','L6525','P3624','R1632','R52','T5242','V2362') OR n.name_pcode_nf IS NULL)\nAND (ci.note in ('(executive producer)') OR ci.note IS NULL)\nAND (rt.role in ('actor','composer','producer'))\nAND (it1.id in ('37'))",
    "results": [
        {
            "arm": 0,
            "execution_time": 204.525,
            "plan": [
                {
                    "Plan": {
                        "Node Type": "Aggregate",
                        "Strategy": "Plain",
                        "Partial Mode": "Simple",
                        "Parallel Aware": false,
                        "Async Capable": false,
                        "Startup Cost": 98227.89,
                        "Total Cost": 98227.9,
                        "Plan Rows": 1,
                        "Plan Width": 8,
                        "Actual Startup Time": 198.562,
                        "Actual Total Time": 204.492,
                        "Actual Rows": 1,
                        "Actual Loops": 1,
                        "Plans": [
                            {
                                "Node Type": "Nested Loop",
                                "Parent Relationship": "Outer",
                                "Parallel Aware": false,
                                "Async Capable": false,
                                "Join Type": "Inner",
                                "Startup Cost": 75131.52,
                                "Total Cost": 98226.87,
                                "Plan Rows": 408,
                                "Plan Width": 0,
                                "Actual Startup Time": 98.277,
                                "Actual Total Time": 193.107,
                                "Actual Rows": 529446,
                                "Actual Loops": 1,
                                "Inner Unique": false,
                                "Plans": [
                                    {
                                        "Node Type": "Seq Scan",
                                        "Parent Relationship": "Outer",
                                        "Parallel Aware": false,
                                        "Async Capable": false,
                                        "Relation Name": "info_type",
                                        "Alias": "it1",
                                        "Startup Cost": 0.0,
                                        "Total Cost": 2.41,
                                        "Plan Rows": 1,
                                        "Plan Width": 4,
                                        "Actual Startup Time": 0.005,
                                        "Actual Total Time": 0.008,
                                        "Actual Rows": 1,
                                        "Actual Loops": 1,
                                        "Filter": "(id = 37)",
                                        "Rows Removed by Filter": 112
                                    },
                                    {
                                        "Node Type": "Gather",
                                        "Parent Relationship": "Inner",
                                        "Parallel Aware": false,
                                        "Async Capable": false,
                                        "Startup Cost": 75131.52,
                                        "Total Cost": 98220.38,
                                        "Plan Rows": 408,
                                        "Plan Width": 4,
                                        "Actual Startup Time": 98.27,
                                        "Actual Total Time": 172.464,
                                        "Actual Rows": 529446,
                                        "Actual Loops": 1,
                                        "Workers Planned": 3,
                                        "Workers Launched": 3,
                                        "Single Copy": false,
                                        "Plans": [
                                            {
                                                "Node Type": "Hash Join",
                                                "Parent Relationship": "Outer",
                                                "Parallel Aware": false,
                                                "Async Capable": false,
                                                "Join Type": "Inner",
                                                "Startup Cost": 74131.52,
                                                "Total Cost": 97179.58,
                                                "Plan Rows": 132,
                                                "Plan Width": 4,
                                                "Actual Startup Time": 93.42,
                                                "Actual Total Time": 158.181,
                                                "Actual Rows": 132362,
                                                "Actual Loops": 4,
                                                "Inner Unique": true,
                                                "Hash Cond": "(ci.role_id = rt.id)",
                                                "Workers": [],
                                                "Plans": [
                                                    {
                                                        "Node Type": "Nested Loop",
                                                        "Parent Relationship": "Outer",
                                                        "Parallel Aware": false,
                                                        "Async Capable": false,
                                                        "Join Type": "Inner",
                                                        "Startup Cost": 74130.32,
                                                        "Total Cost": 97176.5,
                                                        "Plan Rows": 527,
                                                        "Plan Width": 8,
                                                        "Actual Startup Time": 93.361,
                                                        "Actual Total Time": 150.406,
                                                        "Actual Rows": 133811,
                                                        "Actual Loops": 4,
                                                        "Inner Unique": false,
                                                        "Join Filter": "(n.id = ci.person_id)",
                                                        "Rows Removed by Join Filter": 0,
                                                        "Workers": [],
                                                        "Plans": [
                                                            {
                                                                "Node Type": "Nested Loop",
                                                                "Parent Relationship": "Outer",
                                                                "Parallel Aware": false,
                                                                "Async Capable": false,
                                                                "Join Type": "Inner",
                                                                "Startup Cost": 74129.88,
                                                                "Total Cost": 95670.54,
                                                                "Plan Rows": 97,
                                                                "Plan Width": 16,
                                                                "Actual Startup Time": 93.337,
                                                                "Actual Total Time": 132.057,
                                                                "Actual Rows": 763,
                                                                "Actual Loops": 4,
                                                                "Inner Unique": false,
                                                                "Join Filter": "(n.id = pi1.person_id)",
                                                                "Rows Removed by Join Filter": 0,
                                                                "Workers": [],
                                                                "Plans": [
                                                                    {
                                                                        "Node Type": "Hash Join",
                                                                        "Parent Relationship": "Outer",
                                                                        "Parallel Aware": true,
                                                                        "Async Capable": false,
                                                                        "Join Type": "Inner",
                                                                        "Startup Cost": 74129.45,
                                                                        "Total Cost": 89216.24,
                                                                        "Plan Rows": 5373,
                                                                        "Plan Width": 8,
                                                                        "Actual Startup Time": 91.45,
                                                                        "Actual Total Time": 118.515,
                                                                        "Actual Rows": 5950,
                                                                        "Actual Loops": 4,
                                                                        "Inner Unique": true,
                                                                        "Hash Cond": "(an.person_id = n.id)",
                                                                        "Workers": [],
                                                                        "Plans": [
                                                                            {
                                                                                "Node Type": "Seq Scan",
                                                                                "Parent Relationship": "Outer",
                                                                                "Parallel Aware": true,
                                                                                "Async Capable": false,
                                                                                "Relation Name": "aka_name",
                                                                                "Alias": "an",
                                                                                "Startup Cost": 0.0,
                                                                                "Total Cost": 14323.56,
                                                                                "Plan Rows": 290756,
                                                                                "Plan Width": 4,
                                                                                "Actual Startup Time": 0.012,
                                                                                "Actual Total Time": 13.294,
                                                                                "Actual Rows": 225336,
                                                                                "Actual Loops": 4,
                                                                                "Workers": []
                                                                            },
                                                                            {
                                                                                "Node Type": "Hash",
                                                                                "Parent Relationship": "Inner",
                                                                                "Parallel Aware": true,
                                                                                "Async Capable": false,
                                                                                "Startup Cost": 73888.81,
                                                                                "Total Cost": 73888.81,
                                                                                "Plan Rows": 19251,
                                                                                "Plan Width": 4,
                                                                                "Actual Startup Time": 91.258,
                                                                                "Actual Total Time": 91.259,
                                                                                "Actual Rows": 26413,
                                                                                "Actual Loops": 4,
                                                                                "Hash Buckets": 131072,
                                                                                "Original Hash Buckets": 131072,
                                                                                "Hash Batches": 1,
                                                                                "Original Hash Batches": 1,
                                                                                "Peak Memory Usage": 5216,
                                                                                "Workers": [],
                                                                                "Plans": [
                                                                                    {
                                                                                        "Node Type": "Seq Scan",
                                                                                        "Parent Relationship": "Outer",
                                                                                        "Parallel Aware": true,
                                                                                        "Async Capable": false,
                                                                                        "Relation Name": "name",
                                                                                        "Alias": "n",
                                                                                        "Startup Cost": 0.04,
                                                                                        "Total Cost": 73888.81,
                                                                                        "Plan Rows": 19251,
                                                                                        "Plan Width": 4,
                                                                                        "Actual Startup Time": 0.01,
                                                                                        "Actual Total Time": 87.955,
                                                                                        "Actual Rows": 26413,
                                                                                        "Actual Loops": 4,
                                                                                        "Filter": "((((gender)::text = 'm'::text) OR (gender IS NULL)) AND (((name_pcode_nf)::text = ANY ('{A6364,B6252,E3634,G6216,J162,J5162,J5236,K6231,L6525,P3624,R1632,R52,T5242,V2362}'::text[])) OR (name_pcode_nf IS NULL)))",
                                                                                        "Rows Removed by Filter": 1015460,
                                                                                        "Workers": []
                                                                                    }
                                                                                ]
                                                                            }
                                                                        ]
                                                                    },
                                                                    {
                                                                        "Node Type": "Index Scan",
                                                                        "Parent Relationship": "Inner",
                                                                        "Parallel Aware": false,
                                                                        "Async Capable": false,
                                                                        "Scan Direction": "Forward",
                                                                        "Index Name": "person_id_person_info",
                                                                        "Relation Name": "person_info",
                                                                        "Alias": "pi1",
                                                                        "Startup Cost": 0.43,
                                                                        "Total Cost": 1.19,
                                                                        "Plan Rows": 1,
                                                                        "Plan Width": 8,
                                                                        "Actual Startup Time": 0.002,
                                                                        "Actual Total Time": 0.002,
                                                                        "Actual Rows": 0,
                                                                        "Actual Loops": 23799,
                                                                        "Index Cond": "(person_id = an.person_id)",
                                                                        "Rows Removed by Index Recheck": 0,
                                                                        "Filter": "(info_type_id = 37)",
                                                                        "Rows Removed by Filter": 5,
                                                                        "Workers": []
                                                                    }
                                                                ]
                                                            },
                                                            {
                                                                "Node Type": "Index Scan",
                                                                "Parent Relationship": "Inner",
                                                                "Parallel Aware": false,
                                                                "Async Capable": false,
                                                                "Scan Direction": "Forward",
                                                                "Index Name": "person_id_cast_info",
                                                                "Relation Name": "cast_info",
                                                                "Alias": "ci",
                                                                "Startup Cost": 0.44,
                                                                "Total Cost": 11.68,
                                                                "Plan Rows": 308,
                                                                "Plan Width": 8,
                                                                "Actual Startup Time": 0.001,
                                                                "Actual Total Time": 0.015,
                                                                "Actual Rows": 175,
                                                                "Actual Loops": 3053,
                                                                "Index Cond": "(person_id = an.person_id)",
                                                                "Rows Removed by Index Recheck": 0,
                                                                "Filter": "((note = '(executive producer)'::text) OR (note IS NULL))",
                                                                "Rows Removed by Filter": 79,
                                                                "Workers": []
                                                            }
                                                        ]
                                                    },
                                                    {
                                                        "Node Type": "Hash",
                                                        "Parent Relationship": "Inner",
                                                        "Parallel Aware": false,
                                                        "Async Capable": false,
                                                        "Startup Cost": 1.17,
                                                        "Total Cost": 1.17,
                                                        "Plan Rows": 3,
                                                        "Plan Width": 4,
                                                        "Actual Startup Time": 0.011,
                                                        "Actual Total Time": 0.011,
                                                        "Actual Rows": 3,
                                                        "Actual Loops": 4,
                                                        "Hash Buckets": 1024,
                                                        "Original Hash Buckets": 1024,
                                                        "Hash Batches": 1,
                                                        "Original Hash Batches": 1,
                                                        "Peak Memory Usage": 9,
                                                        "Workers": [],
                                                        "Plans": [
                                                            {
                                                                "Node Type": "Seq Scan",
                                                                "Parent Relationship": "Outer",
                                                                "Parallel Aware": false,
                                                                "Async Capable": false,
                                                                "Relation Name": "role_type",
                                                                "Alias": "rt",
                                                                "Startup Cost": 0.0,
                                                                "Total Cost": 1.17,
                                                                "Plan Rows": 3,
                                                                "Plan Width": 4,
                                                                "Actual Startup Time": 0.008,
                                                                "Actual Total Time": 0.009,
                                                                "Actual Rows": 3,
                                                                "Actual Loops": 4,
                                                                "Filter": "((role)::text = ANY ('{actor,composer,producer}'::text[]))",
                                                                "Rows Removed by Filter": 9,
                                                                "Workers": []
                                                            }
                                                        ]
                                                    }
                                                ]
                                            }
                                        ]
                                    }
                                ]
                            }
                        ]
                    },
                    "Planning Time": 0.828,
                    "Triggers": [],
                    "Execution Time": 204.525
                }
            ],
            "hints": [
                "SET enable_hashjoin TO on",
                "SET enable_indexonlyscan TO on",
                "SET enable_indexscan TO on",
                "SET enable_mergejoin TO on",
                "SET enable_nestloop TO on",
                "SET enable_seqscan TO on"
            ]
        },
        {
            "arm": 1,
            "execution_time": 3147.292,
            "plan": [
                {
                    "Plan": {
                        "Node Type": "Aggregate",
                        "Strategy": "Plain",
                        "Partial Mode": "Simple",
                        "Parallel Aware": false,
                        "Async Capable": false,
                        "Startup Cost": 10001334157.28,
                        "Total Cost": 10001334157.29,
                        "Plan Rows": 1,
                        "Plan Width": 8,
                        "Actual Startup Time": 3147.251,
                        "Actual Total Time": 3147.257,
                        "Actual Rows": 1,
                        "Actual Loops": 1,
                        "Plans": [
                            {
                                "Node Type": "Hash Join",
                                "Parent Relationship": "Outer",
                                "Parallel Aware": false,
                                "Async Capable": false,
                                "Join Type": "Inner",
                                "Startup Cost": 10000543575.37,
                                "Total Cost": 10001334156.26,
                                "Plan Rows": 408,
                                "Plan Width": 0,
                                "Actual Startup Time": 1121.539,
                                "Actual Total Time": 3135.797,
                                "Actual Rows": 529446,
                                "Actual Loops": 1,
                                "Inner Unique": true,
                                "Hash Cond": "(ci.role_id = rt.id)",
                                "Plans": [
                                    {
                                        "Node Type": "Hash Join",
                                        "Parent Relationship": "Outer",
                                        "Parallel Aware": false,
                                        "Async Capable": false,
                                        "Join Type": "Inner",
                                        "Startup Cost": 10000543574.17,
                                        "Total Cost": 10001334149.26,
                                        "Plan Rows": 1633,
                                        "Plan Width": 4,
                                        "Actual Startup Time": 1121.531,
                                        "Actual Total Time": 3106.622,
                                        "Actual Rows": 535243,
                                        "Actual Loops": 1,
                                        "Inner Unique": false,
                                        "Hash Cond": "(ci.person_id = n.id)",
                                        "Plans": [
                                            {
                                                "Node Type": "Seq Scan",
                                                "Parent Relationship": "Outer",
                                                "Parallel Aware": false,
                                                "Async Capable": false,
                                                "Relation Name": "cast_info",
                                                "Alias": "ci",
                                                "Startup Cost": 0.0,
                                                "Total Cost": 705774.3,
                                                "Plan Rows": 22609190,
                                                "Plan Width": 8,
                                                "Actual Startup Time": 0.006,
                                                "Actual Total Time": 1397.367,
                                                "Actual Rows": 23017168,
                                                "Actual Loops": 1,
                                                "Filter": "((note = '(executive producer)'::text) OR (note IS NULL))",
                                                "Rows Removed by Filter": 13227176
                                            },
                                            {
                                                "Node Type": "Hash",
                                                "Parent Relationship": "Inner",
                                                "Parallel Aware": false,
                                                "Async Capable": false,
                                                "Startup Cost": 10000543570.41,
                                                "Total Cost": 10000543570.41,
                                                "Plan Rows": 301,
                                                "Plan Width": 12,
                                                "Actual Startup Time": 1107.66,
                                                "Actual Total Time": 1107.663,
                                                "Actual Rows": 3053,
                                                "Actual Loops": 1,
                                                "Hash Buckets": 4096,
                                                "Original Hash Buckets": 1024,
                                                "Hash Batches": 1,
                                                "Original Hash Batches": 1,
                                                "Peak Memory Usage": 164,
                                                "Plans": [
                                                    {
                                                        "Node Type": "Merge Join",
                                                        "Parent Relationship": "Outer",
                                                        "Parallel Aware": false,
                                                        "Async Capable": false,
                                                        "Join Type": "Inner",
                                                        "Startup Cost": 10000000017.66,
                                                        "Total Cost": 10000543570.41,
                                                        "Plan Rows": 301,
                                                        "Plan Width": 12,
                                                        "Actual Startup Time": 0.163,
                                                        "Actual Total Time": 1107.46,
                                                        "Actual Rows": 3053,
                                                        "Actual Loops": 1,
                                                        "Inner Unique": false,
                                                        "Merge Cond": "(n.id = an.person_id)",
                                                        "Plans": [
                                                            {
                                                                "Node Type": "Merge Join",
                                                                "Parent Relationship": "Outer",
                                                                "Parallel Aware": false,
                                                                "Async Capable": false,
                                                                "Join Type": "Inner",
                                                                "Startup Cost": 10000000017.23,
                                                                "Total Cost": 10000470944.08,
                                                                "Plan Rows": 1390,
                                                                "Plan Width": 8,
                                                                "Actual Startup Time": 0.14,
                                                                "Actual Total Time": 935.461,
                                                                "Actual Rows": 884,
                                                                "Actual Loops": 1,
                                                                "Inner Unique": true,
                                                                "Merge Cond": "(pi1.person_id = n.id)",
                                                                "Plans": [
                                                                    {
                                                                        "Node Type": "Nested Loop",
                                                                        "Parent Relationship": "Outer",
                                                                        "Parallel Aware": false,
                                                                        "Async Capable": false,
                                                                        "Join Type": "Inner",
                                                                        "Startup Cost": 10000000000.43,
                                                                        "Total Cost": 10000261101.8,
                                                                        "Plan Rows": 75211,
                                                                        "Plan Width": 4,
                                                                        "Actual Startup Time": 0.019,
                                                                        "Actual Total Time": 313.729,
                                                                        "Actual Rows": 71202,
                                                                        "Actual Loops": 1,
                                                                        "Inner Unique": false,
                                                                        "Plans": [
                                                                            {
                                                                                "Node Type": "Index Scan",
                                                                                "Parent Relationship": "Outer",
                                                                                "Parallel Aware": false,
                                                                                "Async Capable": false,
                                                                                "Scan Direction": "Forward",
                                                                                "Index Name": "person_id_person_info",
                                                                                "Relation Name": "person_info",
                                                                                "Alias": "pi1",
                                                                                "Startup Cost": 0.43,
                                                                                "Total Cost": 260159.25,
                                                                                "Plan Rows": 75211,
                                                                                "Plan Width": 8,
                                                                                "Actual Startup Time": 0.016,
                                                                                "Actual Total Time": 304.83,
                                                                                "Actual Rows": 71202,
                                                                                "Actual Loops": 1,
                                                                                "Filter": "(info_type_id = 37)",
                                                                                "Rows Removed by Filter": 2892462
                                                                            },
                                                                            {
                                                                                "Node Type": "Materialize",
                                                                                "Parent Relationship": "Inner",
                                                                                "Parallel Aware": false,
                                                                                "Async Capable": false,
                                                                                "Startup Cost": 0.0,
                                                                                "Total Cost": 2.42,
                                                                                "Plan Rows": 1,
                                                                                "Plan Width": 4,
                                                                                "Actual Startup Time": 0.0,
                                                                                "Actual Total Time": 0.0,
                                                                                "Actual Rows": 1,
                                                                                "Actual Loops": 71202,
                                                                                "Plans": [
                                                                                    {
                                                                                        "Node Type": "Seq Scan",
                                                                                        "Parent Relationship": "Outer",
                                                                                        "Parallel Aware": false,
                                                                                        "Async Capable": false,
                                                                                        "Relation Name": "info_type",
                                                                                        "Alias": "it1",
                                                                                        "Startup Cost": 0.0,
                                                                                        "Total Cost": 2.41,
                                                                                        "Plan Rows": 1,
                                                                                        "Plan Width": 4,
                                                                                        "Actual Startup Time": 0.002,
                                                                                        "Actual Total Time": 0.004,
                                                                                        "Actual Rows": 1,
                                                                                        "Actual Loops": 1,
                                                                                        "Filter": "(id = 37)",
                                                                                        "Rows Removed by Filter": 112
                                                                                    }
                                                                                ]
                                                                            }
                                                                        ]
                                                                    },
                                                                    {
                                                                        "Node Type": "Index Scan",
                                                                        "Parent Relationship": "Inner",
                                                                        "Parallel Aware": false,
                                                                        "Async Capable": false,
                                                                        "Scan Direction": "Forward",
                                                                        "Index Name": "name_pkey",
                                                                        "Relation Name": "name",
                                                                        "Alias": "n",
                                                                        "Startup Cost": 0.46,
                                                                        "Total Cost": 209472.15,
                                                                        "Plan Rows": 77005,
                                                                        "Plan Width": 4,
                                                                        "Actual Startup Time": 0.004,
                                                                        "Actual Total Time": 617.448,
                                                                        "Actual Rows": 105638,
                                                                        "Actual Loops": 1,
                                                                        "Filter": "((((gender)::text = 'm'::text) OR (gender IS NULL)) AND (((name_pcode_nf)::text = ANY ('{A6364,B6252,E3634,G6216,J162,J5162,J5236,K6231,L6525,P3624,R1632,R52,T5242,V2362}'::text[])) OR (name_pcode_nf IS NULL)))",
                                                                        "Rows Removed by Filter": 4061588
                                                                    }
                                                                ]
                                                            },
                                                            {
                                                                "Node Type": "Index Only Scan",
                                                                "Parent Relationship": "Inner",
                                                                "Parallel Aware": false,
                                                                "Async Capable": false,
                                                                "Scan Direction": "Forward",
                                                                "Index Name": "person_id_aka_name",
                                                                "Relation Name": "aka_name",
                                                                "Alias": "an",
                                                                "Startup Cost": 0.42,
                                                                "Total Cost": 70369.22,
                                                                "Plan Rows": 901343,
                                                                "Plan Width": 4,
                                                                "Actual Startup Time": 0.003,
                                                                "Actual Total Time": 151.846,
                                                                "Actual Rows": 902871,
                                                                "Actual Loops": 1,
                                                                "Heap Fetches": 902871
                                                            }
                                                        ]
                                                    }
                                                ]
                                            }
                                        ]
                                    },
                                    {
                                        "Node Type": "Hash",
                                        "Parent Relationship": "Inner",
                                        "Parallel Aware": false,
                                        "Async Capable": false,
                                        "Startup Cost": 1.17,
                                        "Total Cost": 1.17,
                                        "Plan Rows": 3,
                                        "Plan Width": 4,
                                        "Actual Startup Time": 0.005,
                                        "Actual Total Time": 0.006,
                                        "Actual Rows": 3,
                                        "Actual Loops": 1,
                                        "Hash Buckets": 1024,
                                        "Original Hash Buckets": 1024,
                                        "Hash Batches": 1,
                                        "Original Hash Batches": 1,
                                        "Peak Memory Usage": 9,
                                        "Plans": [
                                            {
                                                "Node Type": "Seq Scan",
                                                "Parent Relationship": "Outer",
                                                "Parallel Aware": false,
                                                "Async Capable": false,
                                                "Relation Name": "role_type",
                                                "Alias": "rt",
                                                "Startup Cost": 0.0,
                                                "Total Cost": 1.17,
                                                "Plan Rows": 3,
                                                "Plan Width": 4,
                                                "Actual Startup Time": 0.003,
                                                "Actual Total Time": 0.004,
                                                "Actual Rows": 3,
                                                "Actual Loops": 1,
                                                "Filter": "((role)::text = ANY ('{actor,composer,producer}'::text[]))",
                                                "Rows Removed by Filter": 9
                                            }
                                        ]
                                    }
                                ]
                            }
                        ]
                    },
                    "Planning Time": 0.788,
                    "Triggers": [],
                    "Execution Time": 3147.292
                }
            ],
            "hints": [
                "SET enable_hashjoin TO on",
                "SET enable_indexonlyscan TO on",
                "SET enable_indexscan TO on",
                "SET enable_mergejoin TO on",
                "SET enable_nestloop TO off",
                "SET enable_seqscan TO on"
            ]
        },
        {
            "arm": 2,
            "execution_time": 751.287,
            "plan": [
                {
                    "Plan": {
                        "Node Type": "Aggregate",
                        "Strategy": "Plain",
                        "Partial Mode": "Simple",
                        "Parallel Aware": false,
                        "Async Capable": false,
                        "Startup Cost": 489589.16,
                        "Total Cost": 489589.17,
                        "Plan Rows": 1,
                        "Plan Width": 8,
                        "Actual Startup Time": 737.27,
                        "Actual Total Time": 751.248,
                        "Actual Rows": 1,
                        "Actual Loops": 1,
                        "Plans": [
                            {
                                "Node Type": "Nested Loop",
                                "Parent Relationship": "Outer",
                                "Parallel Aware": false,
                                "Async Capable": false,
                                "Join Type": "Inner",
                                "Startup Cost": 474126.62,
                                "Total Cost": 489588.14,
                                "Plan Rows": 408,
                                "Plan Width": 0,
                                "Actual Startup Time": 683.554,
                                "Actual Total Time": 740.283,
                                "Actual Rows": 529446,
                                "Actual Loops": 1,
                                "Inner Unique": false,
                                "Plans": [
                                    {
                                        "Node Type": "Seq Scan",
                                        "Parent Relationship": "Outer",
                                        "Parallel Aware": false,
                                        "Async Capable": false,
                                        "Relation Name": "info_type",
                                        "Alias": "it1",
                                        "Startup Cost": 0.0,
                                        "Total Cost": 2.41,
                                        "Plan Rows": 1,
                                        "Plan Width": 4,
                                        "Actual Startup Time": 0.005,
                                        "Actual Total Time": 0.008,
                                        "Actual Rows": 1,
                                        "Actual Loops": 1,
                                        "Filter": "(id = 37)",
                                        "Rows Removed by Filter": 112
                                    },
                                    {
                                        "Node Type": "Gather",
                                        "Parent Relationship": "Inner",
                                        "Parallel Aware": false,
                                        "Async Capable": false,
                                        "Startup Cost": 474126.62,
                                        "Total Cost": 489581.64,
                                        "Plan Rows": 408,
                                        "Plan Width": 4,
                                        "Actual Startup Time": 683.547,
                                        "Actual Total Time": 720.265,
                                        "Actual Rows": 529446,
                                        "Actual Loops": 1,
                                        "Workers Planned": 3,
                                        "Workers Launched": 3,
                                        "Single Copy": false,
                                        "Plans": [
                                            {
                                                "Node Type": "Hash Join",
                                                "Parent Relationship": "Outer",
                                                "Parallel Aware": true,
                                                "Async Capable": false,
                                                "Join Type": "Inner",
                                                "Startup Cost": 473126.62,
                                                "Total Cost": 488540.84,
                                                "Plan Rows": 132,
                                                "Plan Width": 4,
                                                "Actual Startup Time": 682.343,
                                                "Actual Total Time": 706.575,
                                                "Actual Rows": 132362,
                                                "Actual Loops": 4,
                                                "Inner Unique": false,
                                                "Hash Cond": "(an.person_id = n.id)",
                                                "Workers": [],
                                                "Plans": [
                                                    {
                                                        "Node Type": "Seq Scan",
                                                        "Parent Relationship": "Outer",
                                                        "Parallel Aware": true,
                                                        "Async Capable": false,
                                                        "Relation Name": "aka_name",
                                                        "Alias": "an",
                                                        "Startup Cost": 0.0,
                                                        "Total Cost": 14323.56,
                                                        "Plan Rows": 290756,
                                                        "Plan Width": 4,
                                                        "Actual Startup Time": 0.004,
                                                        "Actual Total Time": 11.438,
                                                        "Actual Rows": 225336,
                                                        "Actual Loops": 4,
                                                        "Workers": []
                                                    },
                                                    {
                                                        "Node Type": "Hash",
                                                        "Parent Relationship": "Inner",
                                                        "Parallel Aware": true,
                                                        "Async Capable": false,
                                                        "Startup Cost": 473120.73,
                                                        "Total Cost": 473120.73,
                                                        "Plan Rows": 471,
                                                        "Plan Width": 16,
                                                        "Actual Startup Time": 681.375,
                                                        "Actual Total Time": 681.38,
                                                        "Actual Rows": 31492,
                                                        "Actual Loops": 4,
                                                        "Hash Buckets": 131072,
                                                        "Original Hash Buckets": 2048,
                                                        "Hash Batches": 1,
                                                        "Original Hash Batches": 1,
                                                        "Peak Memory Usage": 8016,
                                                        "Workers": [],
                                                        "Plans": [
                                                            {
                                                                "Node Type": "Hash Join",
                                                                "Parent Relationship": "Outer",
                                                                "Parallel Aware": true,
                                                                "Async Capable": false,
                                                                "Join Type": "Inner",
                                                                "Startup Cost": 412716.13,
                                                                "Total Cost": 473120.73,
                                                                "Plan Rows": 471,
                                                                "Plan Width": 16,
                                                                "Actual Startup Time": 631.653,
                                                                "Actual Total Time": 670.74,
                                                                "Actual Rows": 31492,
                                                                "Actual Loops": 4,
                                                                "Inner Unique": false,
                                                                "Hash Cond": "(pi1.person_id = n.id)",
                                                                "Workers": [],
                                                                "Plans": [
                                                                    {
                                                                        "Node Type": "Seq Scan",
                                                                        "Parent Relationship": "Outer",
                                                                        "Parallel Aware": true,
                                                                        "Async Capable": false,
                                                                        "Relation Name": "person_info",
                                                                        "Alias": "pi1",
                                                                        "Startup Cost": 0.0,
                                                                        "Total Cost": 60333.3,
                                                                        "Plan Rows": 18803,
                                                                        "Plan Width": 8,
                                                                        "Actual Startup Time": 0.007,
                                                                        "Actual Total Time": 36.699,
                                                                        "Actual Rows": 17800,
                                                                        "Actual Loops": 4,
                                                                        "Filter": "(info_type_id = 37)",
                                                                        "Rows Removed by Filter": 723116,
                                                                        "Workers": []
                                                                    },
                                                                    {
                                                                        "Node Type": "Hash",
                                                                        "Parent Relationship": "Inner",
                                                                        "Parallel Aware": true,
                                                                        "Async Capable": false,
                                                                        "Startup Cost": 412498.55,
                                                                        "Total Cost": 412498.55,
                                                                        "Plan Rows": 17407,
                                                                        "Plan Width": 8,
                                                                        "Actual Startup Time": 631.171,
                                                                        "Actual Total Time": 631.175,
                                                                        "Actual Rows": 97180,
                                                                        "Actual Loops": 4,
                                                                        "Hash Buckets": 524288,
                                                                        "Original Hash Buckets": 131072,
                                                                        "Hash Batches": 1,
                                                                        "Original Hash Batches": 1,
                                                                        "Peak Memory Usage": 22432,
                                                                        "Workers": [],
                                                                        "Plans": [
                                                                            {
                                                                                "Node Type": "Hash Join",
                                                                                "Parent Relationship": "Outer",
                                                                                "Parallel Aware": false,
                                                                                "Async Capable": false,
                                                                                "Join Type": "Inner",
                                                                                "Startup Cost": 74130.65,
                                                                                "Total Cost": 412498.55,
                                                                                "Plan Rows": 17407,
                                                                                "Plan Width": 8,
                                                                                "Actual Startup Time": 76.9,
                                                                                "Actual Total Time": 618.207,
                                                                                "Actual Rows": 97180,
                                                                                "Actual Loops": 4,
                                                                                "Inner Unique": true,
                                                                                "Hash Cond": "(ci.role_id = rt.id)",
                                                                                "Workers": [],
                                                                                "Plans": [
                                                                                    {
                                                                                        "Node Type": "Hash Join",
                                                                                        "Parent Relationship": "Outer",
                                                                                        "Parallel Aware": true,
                                                                                        "Async Capable": false,
                                                                                        "Join Type": "Inner",
                                                                                        "Startup Cost": 74129.45,
                                                                                        "Total Cost": 412250.03,
                                                                                        "Plan Rows": 69627,
                                                                                        "Plan Width": 12,
                                                                                        "Actual Startup Time": 76.88,
                                                                                        "Actual Total Time": 611.689,
                                                                                        "Actual Rows": 116669,
                                                                                        "Actual Loops": 4,
                                                                                        "Inner Unique": true,
                                                                                        "Hash Cond": "(ci.person_id = n.id)",
                                                                                        "Workers": [],
                                                                                        "Plans": [
                                                                                            {
                                                                                                "Node Type": "Seq Scan",
                                                                                                "Parent Relationship": "Outer",
                                                                                                "Parallel Aware": true,
                                                                                                "Async Capable": false,
                                                                                                "Relation Name": "cast_info",
                                                                                                "Alias": "ci",
                                                                                                "Startup Cost": 0.0,
                                                                                                "Total Cost": 328229.05,
                                                                                                "Plan Rows": 3768198,
                                                                                                "Plan Width": 8,
                                                                                                "Actual Startup Time": 0.016,
                                                                                                "Actual Total Time": 359.647,
                                                                                                "Actual Rows": 5754292,
                                                                                                "Actual Loops": 4,
                                                                                                "Filter": "((note = '(executive producer)'::text) OR (note IS NULL))",
                                                                                                "Rows Removed by Filter": 3306794,
                                                                                                "Workers": []
                                                                                            },
                                                                                            {
                                                                                                "Node Type": "Hash",
                                                                                                "Parent Relationship": "Inner",
                                                                                                "Parallel Aware": true,
                                                                                                "Async Capable": false,
                                                                                                "Startup Cost": 73888.81,
                                                                                                "Total Cost": 73888.81,
                                                                                                "Plan Rows": 19251,
                                                                                                "Plan Width": 4,
                                                                                                "Actual Startup Time": 72.429,
                                                                                                "Actual Total Time": 72.43,
                                                                                                "Actual Rows": 26413,
                                                                                                "Actual Loops": 4,
                                                                                                "Hash Buckets": 131072,
                                                                                                "Original Hash Buckets": 131072,
                                                                                                "Hash Batches": 1,
                                                                                                "Original Hash Batches": 1,
                                                                                                "Peak Memory Usage": 5248,
                                                                                                "Workers": [],
                                                                                                "Plans": [
                                                                                                    {
                                                                                                        "Node Type": "Seq Scan",
                                                                                                        "Parent Relationship": "Outer",
                                                                                                        "Parallel Aware": true,
                                                                                                        "Async Capable": false,
                                                                                                        "Relation Name": "name",
                                                                                                        "Alias": "n",
                                                                                                        "Startup Cost": 0.04,
                                                                                                        "Total Cost": 73888.81,
                                                                                                        "Plan Rows": 19251,
                                                                                                        "Plan Width": 4,
                                                                                                        "Actual Startup Time": 0.008,
                                                                                                        "Actual Total Time": 69.997,
                                                                                                        "Actual Rows": 26413,
                                                                                                        "Actual Loops": 4,
                                                                                                        "Filter": "((((gender)::text = 'm'::text) OR (gender IS NULL)) AND (((name_pcode_nf)::text = ANY ('{A6364,B6252,E3634,G6216,J162,J5162,J5236,K6231,L6525,P3624,R1632,R52,T5242,V2362}'::text[])) OR (name_pcode_nf IS NULL)))",
                                                                                                        "Rows Removed by Filter": 1015460,
                                                                                                        "Workers": []
                                                                                                    }
                                                                                                ]
                                                                                            }
                                                                                        ]
                                                                                    },
                                                                                    {
                                                                                        "Node Type": "Hash",
                                                                                        "Parent Relationship": "Inner",
                                                                                        "Parallel Aware": false,
                                                                                        "Async Capable": false,
                                                                                        "Startup Cost": 1.17,
                                                                                        "Total Cost": 1.17,
                                                                                        "Plan Rows": 3,
                                                                                        "Plan Width": 4,
                                                                                        "Actual Startup Time": 0.014,
                                                                                        "Actual Total Time": 0.014,
                                                                                        "Actual Rows": 3,
                                                                                        "Actual Loops": 4,
                                                                                        "Hash Buckets": 1024,
                                                                                        "Original Hash Buckets": 1024,
                                                                                        "Hash Batches": 1,
                                                                                        "Original Hash Batches": 1,
                                                                                        "Peak Memory Usage": 9,
                                                                                        "Workers": [],
                                                                                        "Plans": [
                                                                                            {
                                                                                                "Node Type": "Seq Scan",
                                                                                                "Parent Relationship": "Outer",
                                                                                                "Parallel Aware": false,
                                                                                                "Async Capable": false,
                                                                                                "Relation Name": "role_type",
                                                                                                "Alias": "rt",
                                                                                                "Startup Cost": 0.0,
                                                                                                "Total Cost": 1.17,
                                                                                                "Plan Rows": 3,
                                                                                                "Plan Width": 4,
                                                                                                "Actual Startup Time": 0.011,
                                                                                                "Actual Total Time": 0.012,
                                                                                                "Actual Rows": 3,
                                                                                                "Actual Loops": 4,
                                                                                                "Filter": "((role)::text = ANY ('{actor,composer,producer}'::text[]))",
                                                                                                "Rows Removed by Filter": 9,
                                                                                                "Workers": []
                                                                                            }
                                                                                        ]
                                                                                    }
                                                                                ]
                                                                            }
                                                                        ]
                                                                    }
                                                                ]
                                                            }
                                                        ]
                                                    }
                                                ]
                                            }
                                        ]
                                    }
                                ]
                            }
                        ]
                    },
                    "Planning Time": 0.492,
                    "Triggers": [],
                    "Execution Time": 751.287
                }
            ],
            "hints": [
                "SET enable_hashjoin TO on",
                "SET enable_indexonlyscan TO on",
                "SET enable_indexscan TO off",
                "SET enable_mergejoin TO off",
                "SET enable_nestloop TO on",
                "SET enable_seqscan TO on"
            ]
        },
        {
            "arm": 3,
            "execution_time": 2522.827,
            "plan": [
                {
                    "Plan": {
                        "Node Type": "Aggregate",
                        "Strategy": "Plain",
                        "Partial Mode": "Simple",
                        "Parallel Aware": false,
                        "Async Capable": false,
                        "Startup Cost": 10001100327.17,
                        "Total Cost": 10001100327.18,
                        "Plan Rows": 1,
                        "Plan Width": 8,
                        "Actual Startup Time": 2522.78,
                        "Actual Total Time": 2522.787,
                        "Actual Rows": 1,
                        "Actual Loops": 1,
                        "Plans": [
                            {
                                "Node Type": "Hash Join",
                                "Parent Relationship": "Outer",
                                "Parallel Aware": false,
                                "Async Capable": false,
                                "Join Type": "Inner",
                                "Startup Cost": 10000309745.25,
                                "Total Cost": 10001100326.15,
                                "Plan Rows": 408,
                                "Plan Width": 0,
                                "Actual Startup Time": 514.689,
                                "Actual Total Time": 2511.32,
                                "Actual Rows": 529446,
                                "Actual Loops": 1,
                                "Inner Unique": true,
                                "Hash Cond": "(ci.role_id = rt.id)",
                                "Plans": [
                                    {
                                        "Node Type": "Hash Join",
                                        "Parent Relationship": "Outer",
                                        "Parallel Aware": false,
                                        "Async Capable": false,
                                        "Join Type": "Inner",
                                        "Startup Cost": 10000309744.05,
                                        "Total Cost": 10001100319.14,
                                        "Plan Rows": 1633,
                                        "Plan Width": 4,
                                        "Actual Startup Time": 514.677,
                                        "Actual Total Time": 2481.252,
                                        "Actual Rows": 535243,
                                        "Actual Loops": 1,
                                        "Inner Unique": false,
                                        "Hash Cond": "(ci.person_id = n.id)",
                                        "Plans": [
                                            {
                                                "Node Type": "Seq Scan",
                                                "Parent Relationship": "Outer",
                                                "Parallel Aware": false,
                                                "Async Capable": false,
                                                "Relation Name": "cast_info",
                                                "Alias": "ci",
                                                "Startup Cost": 0.0,
                                                "Total Cost": 705774.3,
                                                "Plan Rows": 22609190,
                                                "Plan Width": 8,
                                                "Actual Startup Time": 0.009,
                                                "Actual Total Time": 1381.26,
                                                "Actual Rows": 23017168,
                                                "Actual Loops": 1,
                                                "Filter": "((note = '(executive producer)'::text) OR (note IS NULL))",
                                                "Rows Removed by Filter": 13227176
                                            },
                                            {
                                                "Node Type": "Hash",
                                                "Parent Relationship": "Inner",
                                                "Parallel Aware": false,
                                                "Async Capable": false,
                                                "Startup Cost": 10000309740.29,
                                                "Total Cost": 10000309740.29,
                                                "Plan Rows": 301,
                                                "Plan Width": 12,
                                                "Actual Startup Time": 500.682,
                                                "Actual Total Time": 500.688,
                                                "Actual Rows": 3053,
                                                "Actual Loops": 1,
                                                "Hash Buckets": 4096,
                                                "Original Hash Buckets": 1024,
                                                "Hash Batches": 1,
                                                "Original Hash Batches": 1,
                                                "Peak Memory Usage": 164,
                                                "Plans": [
                                                    {
                                                        "Node Type": "Hash Join",
                                                        "Parent Relationship": "Outer",
                                                        "Parallel Aware": false,
                                                        "Async Capable": false,
                                                        "Join Type": "Inner",
                                                        "Startup Cost": 10000125193.13,
                                                        "Total Cost": 10000309740.29,
                                                        "Plan Rows": 301,
                                                        "Plan Width": 12,
                                                        "Actual Startup Time": 218.934,
                                                        "Actual Total Time": 500.531,
                                                        "Actual Rows": 3053,
                                                        "Actual Loops": 1,
                                                        "Inner Unique": false,
                                                        "Hash Cond": "(n.id = pi1.person_id)",
                                                        "Plans": [
                                                            {
                                                                "Node Type": "Hash Join",
                                                                "Parent Relationship": "Outer",
                                                                "Parallel Aware": false,
                                                                "Async Capable": false,
                                                                "Join Type": "Inner",
                                                                "Startup Cost": 35217.25,
                                                                "Total Cost": 182724.85,
                                                                "Plan Rows": 16655,
                                                                "Plan Width": 8,
                                                                "Actual Startup Time": 84.93,
                                                                "Actual Total Time": 368.416,
                                                                "Actual Rows": 23799,
                                                                "Actual Loops": 1,
                                                                "Inner Unique": false,
                                                                "Hash Cond": "(n.id = an.person_id)",
                                                                "Plans": [
                                                                    {
                                                                        "Node Type": "Seq Scan",
                                                                        "Parent Relationship": "Outer",
                                                                        "Parallel Aware": false,
                                                                        "Async Capable": false,
                                                                        "Relation Name": "name",
                                                                        "Alias": "n",
                                                                        "Startup Cost": 0.04,
                                                                        "Total Cost": 128587.13,
                                                                        "Plan Rows": 77005,
                                                                        "Plan Width": 4,
                                                                        "Actual Startup Time": 0.005,
                                                                        "Actual Total Time": 254.14,
                                                                        "Actual Rows": 105653,
                                                                        "Actual Loops": 1,
                                                                        "Filter": "((((gender)::text = 'm'::text) OR (gender IS NULL)) AND (((name_pcode_nf)::text = ANY ('{A6364,B6252,E3634,G6216,J162,J5162,J5236,K6231,L6525,P3624,R1632,R52,T5242,V2362}'::text[])) OR (name_pcode_nf IS NULL)))",
                                                                        "Rows Removed by Filter": 4061838
                                                                    },
                                                                    {
                                                                        "Node Type": "Hash",
                                                                        "Parent Relationship": "Inner",
                                                                        "Parallel Aware": false,
                                                                        "Async Capable": false,
                                                                        "Startup Cost": 20429.43,
                                                                        "Total Cost": 20429.43,
                                                                        "Plan Rows": 901343,
                                                                        "Plan Width": 4,
                                                                        "Actual Startup Time": 84.679,
                                                                        "Actual Total Time": 84.68,
                                                                        "Actual Rows": 901343,
                                                                        "Actual Loops": 1,
                                                                        "Hash Buckets": 524288,
                                                                        "Original Hash Buckets": 524288,
                                                                        "Hash Batches": 4,
                                                                        "Original Hash Batches": 4,
                                                                        "Peak Memory Usage": 12007,
                                                                        "Plans": [
                                                                            {
                                                                                "Node Type": "Seq Scan",
                                                                                "Parent Relationship": "Outer",
                                                                                "Parallel Aware": false,
                                                                                "Async Capable": false,
                                                                                "Relation Name": "aka_name",
                                                                                "Alias": "an",
                                                                                "Startup Cost": 0.0,
                                                                                "Total Cost": 20429.43,
                                                                                "Plan Rows": 901343,
                                                                                "Plan Width": 4,
                                                                                "Actual Startup Time": 0.002,
                                                                                "Actual Total Time": 42.296,
                                                                                "Actual Rows": 901343,
                                                                                "Actual Loops": 1
                                                                            }
                                                                        ]
                                                                    }
                                                                ]
                                                            },
                                                            {
                                                                "Node Type": "Hash",
                                                                "Parent Relationship": "Inner",
                                                                "Parallel Aware": false,
                                                                "Async Capable": false,
                                                                "Startup Cost": 10000089035.74,
                                                                "Total Cost": 10000089035.74,
                                                                "Plan Rows": 75211,
                                                                "Plan Width": 4,
                                                                "Actual Startup Time": 129.941,
                                                                "Actual Total Time": 129.943,
                                                                "Actual Rows": 71202,
                                                                "Actual Loops": 1,
                                                                "Hash Buckets": 131072,
                                                                "Original Hash Buckets": 131072,
                                                                "Hash Batches": 1,
                                                                "Original Hash Batches": 1,
                                                                "Peak Memory Usage": 3528,
                                                                "Plans": [
                                                                    {
                                                                        "Node Type": "Nested Loop",
                                                                        "Parent Relationship": "Outer",
                                                                        "Parallel Aware": false,
                                                                        "Async Capable": false,
                                                                        "Join Type": "Inner",
                                                                        "Startup Cost": 10000000000.0,
                                                                        "Total Cost": 10000089035.74,
                                                                        "Plan Rows": 75211,
                                                                        "Plan Width": 4,
                                                                        "Actual Startup Time": 0.017,
                                                                        "Actual Total Time": 125.916,
                                                                        "Actual Rows": 71202,
                                                                        "Actual Loops": 1,
                                                                        "Inner Unique": false,
                                                                        "Plans": [
                                                                            {
                                                                                "Node Type": "Seq Scan",
                                                                                "Parent Relationship": "Outer",
                                                                                "Parallel Aware": false,
                                                                                "Async Capable": false,
                                                                                "Relation Name": "person_info",
                                                                                "Alias": "pi1",
                                                                                "Startup Cost": 0.0,
                                                                                "Total Cost": 88093.19,
                                                                                "Plan Rows": 75211,
                                                                                "Plan Width": 8,
                                                                                "Actual Startup Time": 0.01,
                                                                                "Actual Total Time": 117.245,
                                                                                "Actual Rows": 71202,
                                                                                "Actual Loops": 1,
                                                                                "Filter": "(info_type_id = 37)",
                                                                                "Rows Removed by Filter": 2892462
                                                                            },
                                                                            {
                                                                                "Node Type": "Materialize",
                                                                                "Parent Relationship": "Inner",
                                                                                "Parallel Aware": false,
                                                                                "Async Capable": false,
                                                                                "Startup Cost": 0.0,
                                                                                "Total Cost": 2.42,
                                                                                "Plan Rows": 1,
                                                                                "Plan Width": 4,
                                                                                "Actual Startup Time": 0.0,
                                                                                "Actual Total Time": 0.0,
                                                                                "Actual Rows": 1,
                                                                                "Actual Loops": 71202,
                                                                                "Plans": [
                                                                                    {
                                                                                        "Node Type": "Seq Scan",
                                                                                        "Parent Relationship": "Outer",
                                                                                        "Parallel Aware": false,
                                                                                        "Async Capable": false,
                                                                                        "Relation Name": "info_type",
                                                                                        "Alias": "it1",
                                                                                        "Startup Cost": 0.0,
                                                                                        "Total Cost": 2.41,
                                                                                        "Plan Rows": 1,
                                                                                        "Plan Width": 4,
                                                                                        "Actual Startup Time": 0.004,
                                                                                        "Actual Total Time": 0.005,
                                                                                        "Actual Rows": 1,
                                                                                        "Actual Loops": 1,
                                                                                        "Filter": "(id = 37)",
                                                                                        "Rows Removed by Filter": 112
                                                                                    }
                                                                                ]
                                                                            }
                                                                        ]
                                                                    }
                                                                ]
                                                            }
                                                        ]
                                                    }
                                                ]
                                            }
                                        ]
                                    },
                                    {
                                        "Node Type": "Hash",
                                        "Parent Relationship": "Inner",
                                        "Parallel Aware": false,
                                        "Async Capable": false,
                                        "Startup Cost": 1.17,
                                        "Total Cost": 1.17,
                                        "Plan Rows": 3,
                                        "Plan Width": 4,
                                        "Actual Startup Time": 0.01,
                                        "Actual Total Time": 0.01,
                                        "Actual Rows": 3,
                                        "Actual Loops": 1,
                                        "Hash Buckets": 1024,
                                        "Original Hash Buckets": 1024,
                                        "Hash Batches": 1,
                                        "Original Hash Batches": 1,
                                        "Peak Memory Usage": 9,
                                        "Plans": [
                                            {
                                                "Node Type": "Seq Scan",
                                                "Parent Relationship": "Outer",
                                                "Parallel Aware": false,
                                                "Async Capable": false,
                                                "Relation Name": "role_type",
                                                "Alias": "rt",
                                                "Startup Cost": 0.0,
                                                "Total Cost": 1.17,
                                                "Plan Rows": 3,
                                                "Plan Width": 4,
                                                "Actual Startup Time": 0.006,
                                                "Actual Total Time": 0.008,
                                                "Actual Rows": 3,
                                                "Actual Loops": 1,
                                                "Filter": "((role)::text = ANY ('{actor,composer,producer}'::text[]))",
                                                "Rows Removed by Filter": 9
                                            }
                                        ]
                                    }
                                ]
                            }
                        ]
                    },
                    "Planning Time": 0.594,
                    "Triggers": [],
                    "Execution Time": 2522.827
                }
            ],
            "hints": [
                "SET enable_hashjoin TO on",
                "SET enable_indexonlyscan TO on",
                "SET enable_indexscan TO off",
                "SET enable_mergejoin TO off",
                "SET enable_nestloop TO off",
                "SET enable_seqscan TO on"
            ]
        },
        {
            "arm": 4,
            "execution_time": 182.288,
            "plan": [
                {
                    "Plan": {
                        "Node Type": "Aggregate",
                        "Strategy": "Plain",
                        "Partial Mode": "Simple",
                        "Parallel Aware": false,
                        "Async Capable": false,
                        "Startup Cost": 98227.89,
                        "Total Cost": 98227.9,
                        "Plan Rows": 1,
                        "Plan Width": 8,
                        "Actual Startup Time": 171.542,
                        "Actual Total Time": 182.254,
                        "Actual Rows": 1,
                        "Actual Loops": 1,
                        "Plans": [
                            {
                                "Node Type": "Nested Loop",
                                "Parent Relationship": "Outer",
                                "Parallel Aware": false,
                                "Async Capable": false,
                                "Join Type": "Inner",
                                "Startup Cost": 75131.52,
                                "Total Cost": 98226.87,
                                "Plan Rows": 408,
                                "Plan Width": 0,
                                "Actual Startup Time": 75.706,
                                "Actual Total Time": 171.085,
                                "Actual Rows": 529446,
                                "Actual Loops": 1,
                                "Inner Unique": false,
                                "Plans": [
                                    {
                                        "Node Type": "Seq Scan",
                                        "Parent Relationship": "Outer",
                                        "Parallel Aware": false,
                                        "Async Capable": false,
                                        "Relation Name": "info_type",
                                        "Alias": "it1",
                                        "Startup Cost": 0.0,
                                        "Total Cost": 2.41,
                                        "Plan Rows": 1,
                                        "Plan Width": 4,
                                        "Actual Startup Time": 0.006,
                                        "Actual Total Time": 0.009,
                                        "Actual Rows": 1,
                                        "Actual Loops": 1,
                                        "Filter": "(id = 37)",
                                        "Rows Removed by Filter": 112
                                    },
                                    {
                                        "Node Type": "Gather",
                                        "Parent Relationship": "Inner",
                                        "Parallel Aware": false,
                                        "Async Capable": false,
                                        "Startup Cost": 75131.52,
                                        "Total Cost": 98220.38,
                                        "Plan Rows": 408,
                                        "Plan Width": 4,
                                        "Actual Startup Time": 75.698,
                                        "Actual Total Time": 150.795,
                                        "Actual Rows": 529446,
                                        "Actual Loops": 1,
                                        "Workers Planned": 3,
                                        "Workers Launched": 3,
                                        "Single Copy": false,
                                        "Plans": [
                                            {
                                                "Node Type": "Hash Join",
                                                "Parent Relationship": "Outer",
                                                "Parallel Aware": false,
                                                "Async Capable": false,
                                                "Join Type": "Inner",
                                                "Startup Cost": 74131.52,
                                                "Total Cost": 97179.58,
                                                "Plan Rows": 132,
                                                "Plan Width": 4,
                                                "Actual Startup Time": 75.205,
                                                "Actual Total Time": 132.403,
                                                "Actual Rows": 132362,
                                                "Actual Loops": 4,
                                                "Inner Unique": true,
                                                "Hash Cond": "(ci.role_id = rt.id)",
                                                "Workers": [],
                                                "Plans": [
                                                    {
                                                        "Node Type": "Nested Loop",
                                                        "Parent Relationship": "Outer",
                                                        "Parallel Aware": false,
                                                        "Async Capable": false,
                                                        "Join Type": "Inner",
                                                        "Startup Cost": 74130.32,
                                                        "Total Cost": 97176.5,
                                                        "Plan Rows": 527,
                                                        "Plan Width": 8,
                                                        "Actual Startup Time": 75.149,
                                                        "Actual Total Time": 124.653,
                                                        "Actual Rows": 133811,
                                                        "Actual Loops": 4,
                                                        "Inner Unique": false,
                                                        "Join Filter": "(n.id = ci.person_id)",
                                                        "Rows Removed by Join Filter": 0,
                                                        "Workers": [],
                                                        "Plans": [
                                                            {
                                                                "Node Type": "Nested Loop",
                                                                "Parent Relationship": "Outer",
                                                                "Parallel Aware": false,
                                                                "Async Capable": false,
                                                                "Join Type": "Inner",
                                                                "Startup Cost": 74129.88,
                                                                "Total Cost": 95670.54,
                                                                "Plan Rows": 97,
                                                                "Plan Width": 16,
                                                                "Actual Startup Time": 75.135,
                                                                "Actual Total Time": 106.659,
                                                                "Actual Rows": 763,
                                                                "Actual Loops": 4,
                                                                "Inner Unique": false,
                                                                "Join Filter": "(n.id = pi1.person_id)",
                                                                "Rows Removed by Join Filter": 0,
                                                                "Workers": [],
                                                                "Plans": [
                                                                    {
                                                                        "Node Type": "Hash Join",
                                                                        "Parent Relationship": "Outer",
                                                                        "Parallel Aware": true,
                                                                        "Async Capable": false,
                                                                        "Join Type": "Inner",
                                                                        "Startup Cost": 74129.45,
                                                                        "Total Cost": 89216.24,
                                                                        "Plan Rows": 5373,
                                                                        "Plan Width": 8,
                                                                        "Actual Startup Time": 73.514,
                                                                        "Actual Total Time": 96.686,
                                                                        "Actual Rows": 5950,
                                                                        "Actual Loops": 4,
                                                                        "Inner Unique": true,
                                                                        "Hash Cond": "(an.person_id = n.id)",
                                                                        "Workers": [],
                                                                        "Plans": [
                                                                            {
                                                                                "Node Type": "Seq Scan",
                                                                                "Parent Relationship": "Outer",
                                                                                "Parallel Aware": true,
                                                                                "Async Capable": false,
                                                                                "Relation Name": "aka_name",
                                                                                "Alias": "an",
                                                                                "Startup Cost": 0.0,
                                                                                "Total Cost": 14323.56,
                                                                                "Plan Rows": 290756,
                                                                                "Plan Width": 4,
                                                                                "Actual Startup Time": 0.006,
                                                                                "Actual Total Time": 11.281,
                                                                                "Actual Rows": 225336,
                                                                                "Actual Loops": 4,
                                                                                "Workers": []
                                                                            },
                                                                            {
                                                                                "Node Type": "Hash",
                                                                                "Parent Relationship": "Inner",
                                                                                "Parallel Aware": true,
                                                                                "Async Capable": false,
                                                                                "Startup Cost": 73888.81,
                                                                                "Total Cost": 73888.81,
                                                                                "Plan Rows": 19251,
                                                                                "Plan Width": 4,
                                                                                "Actual Startup Time": 73.338,
                                                                                "Actual Total Time": 73.338,
                                                                                "Actual Rows": 26413,
                                                                                "Actual Loops": 4,
                                                                                "Hash Buckets": 131072,
                                                                                "Original Hash Buckets": 131072,
                                                                                "Hash Batches": 1,
                                                                                "Original Hash Batches": 1,
                                                                                "Peak Memory Usage": 5216,
                                                                                "Workers": [],
                                                                                "Plans": [
                                                                                    {
                                                                                        "Node Type": "Seq Scan",
                                                                                        "Parent Relationship": "Outer",
                                                                                        "Parallel Aware": true,
                                                                                        "Async Capable": false,
                                                                                        "Relation Name": "name",
                                                                                        "Alias": "n",
                                                                                        "Startup Cost": 0.04,
                                                                                        "Total Cost": 73888.81,
                                                                                        "Plan Rows": 19251,
                                                                                        "Plan Width": 4,
                                                                                        "Actual Startup Time": 0.011,
                                                                                        "Actual Total Time": 70.887,
                                                                                        "Actual Rows": 26413,
                                                                                        "Actual Loops": 4,
                                                                                        "Filter": "((((gender)::text = 'm'::text) OR (gender IS NULL)) AND (((name_pcode_nf)::text = ANY ('{A6364,B6252,E3634,G6216,J162,J5162,J5236,K6231,L6525,P3624,R1632,R52,T5242,V2362}'::text[])) OR (name_pcode_nf IS NULL)))",
                                                                                        "Rows Removed by Filter": 1015460,
                                                                                        "Workers": []
                                                                                    }
                                                                                ]
                                                                            }
                                                                        ]
                                                                    },
                                                                    {
                                                                        "Node Type": "Index Scan",
                                                                        "Parent Relationship": "Inner",
                                                                        "Parallel Aware": false,
                                                                        "Async Capable": false,
                                                                        "Scan Direction": "Forward",
                                                                        "Index Name": "person_id_person_info",
                                                                        "Relation Name": "person_info",
                                                                        "Alias": "pi1",
                                                                        "Startup Cost": 0.43,
                                                                        "Total Cost": 1.19,
                                                                        "Plan Rows": 1,
                                                                        "Plan Width": 8,
                                                                        "Actual Startup Time": 0.002,
                                                                        "Actual Total Time": 0.002,
                                                                        "Actual Rows": 0,
                                                                        "Actual Loops": 23799,
                                                                        "Index Cond": "(person_id = an.person_id)",
                                                                        "Rows Removed by Index Recheck": 0,
                                                                        "Filter": "(info_type_id = 37)",
                                                                        "Rows Removed by Filter": 5,
                                                                        "Workers": []
                                                                    }
                                                                ]
                                                            },
                                                            {
                                                                "Node Type": "Index Scan",
                                                                "Parent Relationship": "Inner",
                                                                "Parallel Aware": false,
                                                                "Async Capable": false,
                                                                "Scan Direction": "Forward",
                                                                "Index Name": "person_id_cast_info",
                                                                "Relation Name": "cast_info",
                                                                "Alias": "ci",
                                                                "Startup Cost": 0.44,
                                                                "Total Cost": 11.68,
                                                                "Plan Rows": 308,
                                                                "Plan Width": 8,
                                                                "Actual Startup Time": 0.001,
                                                                "Actual Total Time": 0.015,
                                                                "Actual Rows": 175,
                                                                "Actual Loops": 3053,
                                                                "Index Cond": "(person_id = an.person_id)",
                                                                "Rows Removed by Index Recheck": 0,
                                                                "Filter": "((note = '(executive producer)'::text) OR (note IS NULL))",
                                                                "Rows Removed by Filter": 79,
                                                                "Workers": []
                                                            }
                                                        ]
                                                    },
                                                    {
                                                        "Node Type": "Hash",
                                                        "Parent Relationship": "Inner",
                                                        "Parallel Aware": false,
                                                        "Async Capable": false,
                                                        "Startup Cost": 1.17,
                                                        "Total Cost": 1.17,
                                                        "Plan Rows": 3,
                                                        "Plan Width": 4,
                                                        "Actual Startup Time": 0.011,
                                                        "Actual Total Time": 0.012,
                                                        "Actual Rows": 3,
                                                        "Actual Loops": 4,
                                                        "Hash Buckets": 1024,
                                                        "Original Hash Buckets": 1024,
                                                        "Hash Batches": 1,
                                                        "Original Hash Batches": 1,
                                                        "Peak Memory Usage": 9,
                                                        "Workers": [],
                                                        "Plans": [
                                                            {
                                                                "Node Type": "Seq Scan",
                                                                "Parent Relationship": "Outer",
                                                                "Parallel Aware": false,
                                                                "Async Capable": false,
                                                                "Relation Name": "role_type",
                                                                "Alias": "rt",
                                                                "Startup Cost": 0.0,
                                                                "Total Cost": 1.17,
                                                                "Plan Rows": 3,
                                                                "Plan Width": 4,
                                                                "Actual Startup Time": 0.008,
                                                                "Actual Total Time": 0.009,
                                                                "Actual Rows": 3,
                                                                "Actual Loops": 4,
                                                                "Filter": "((role)::text = ANY ('{actor,composer,producer}'::text[]))",
                                                                "Rows Removed by Filter": 9,
                                                                "Workers": []
                                                            }
                                                        ]
                                                    }
                                                ]
                                            }
                                        ]
                                    }
                                ]
                            }
                        ]
                    },
                    "Planning Time": 0.508,
                    "Triggers": [],
                    "Execution Time": 182.288
                }
            ],
            "hints": [
                "SET enable_hashjoin TO on",
                "SET enable_indexonlyscan TO on",
                "SET enable_indexscan TO on",
                "SET enable_mergejoin TO off",
                "SET enable_nestloop TO on",
                "SET enable_seqscan TO on"
            ]
        }
    ]
}