{
    "sql_file": "6a104.sql",
    "query": "SELECT COUNT(*)\nFROM title as t,\nmovie_info as mi1,\nkind_type as kt,\ninfo_type as it1,\ninfo_type as it3,\ninfo_type as it4,\nmovie_info_idx as miidx,\nmovie_info_idx as mii2,\naka_name as an,\nname as n,\ninfo_type as it5,\nperson_info AS pi1,\ncast_info as ci,\nrole_type as rt\nWHERE\nt.id = mi1.movie_id\nAND t.id = ci.movie_id\nAND t.id = miidx.movie_id\nAND t.id = mii2.movie_id\nAND mii2.movie_id = miidx.movie_id\nAND mi1.movie_id = miidx.movie_id\nAND mi1.info_type_id = it1.id\nAND miidx.info_type_id = it3.id\nAND mii2.info_type_id = it4.id\nAND t.kind_id = kt.id\nAND (kt.kind IN ('episode','movie'))\nAND (t.production_year <= 2015)\nAND (t.production_year >= 1975)\nAND (mi1.info IN ('Argentina','Canada','France','Germany','Italy','Japan','Mexico','Netherlands','Spain','UK','USA'))\nAND (it1.id IN ('8'))\nAND it3.id = '100'\nAND it4.id = '101'\nAND (mii2.info ~ '^(?:[1-9]\\d*|0)?(?:\\.\\d+)?$' AND mii2.info::float <= 4.0)\nAND (mii2.info ~ '^(?:[1-9]\\d*|0)?(?:\\.\\d+)?$' AND 0.0 <= mii2.info::float)\nAND (miidx.info ~ '^(?:[1-9]\\d*|0)?(?:\\.\\d+)?$' AND 0.0 <= miidx.info::float)\nAND (miidx.info ~ '^(?:[1-9]\\d*|0)?(?:\\.\\d+)?$' AND miidx.info::float <= 1000.0)\nAND n.id = ci.person_id\nAND ci.person_id = pi1.person_id\nAND it5.id = pi1.info_type_id\nAND n.id = pi1.person_id\nAND n.id = an.person_id\nAND ci.person_id = an.person_id\nAND an.person_id = pi1.person_id\nAND rt.id = ci.role_id\nAND (n.gender in ('f') OR n.gender IS NULL)\nAND (n.name_pcode_nf in ('A5362','J2452','J5162','M2345','M252','M6453','R2562','S26','S3151','S3152','T5252','T6252') OR n.name_pcode_nf IS NULL)\nAND (ci.note IS NULL)\nAND (rt.role in ('actress','director','editor'))\nAND (it5.id in ('19'))",
    "results": [
        {
            "arm": 0,
            "execution_time": 965.607,
            "plan": [
                {
                    "Plan": {
                        "Node Type": "Aggregate",
                        "Strategy": "Plain",
                        "Partial Mode": "Simple",
                        "Parallel Aware": false,
                        "Async Capable": false,
                        "Startup Cost": 31372.34,
                        "Total Cost": 31372.35,
                        "Plan Rows": 1,
                        "Plan Width": 8,
                        "Actual Startup Time": 924.983,
                        "Actual Total Time": 965.529,
                        "Actual Rows": 1,
                        "Actual Loops": 1,
                        "Plans": [
                            {
                                "Node Type": "Nested Loop",
                                "Parent Relationship": "Outer",
                                "Parallel Aware": false,
                                "Async Capable": false,
                                "Join Type": "Inner",
                                "Startup Cost": 1003.28,
                                "Total Cost": 31372.33,
                                "Plan Rows": 1,
                                "Plan Width": 0,
                                "Actual Startup Time": 5.581,
                                "Actual Total Time": 965.456,
                                "Actual Rows": 1234,
                                "Actual Loops": 1,
                                "Inner Unique": false,
                                "Plans": [
                                    {
                                        "Node Type": "Nested Loop",
                                        "Parent Relationship": "Outer",
                                        "Parallel Aware": false,
                                        "Async Capable": false,
                                        "Join Type": "Inner",
                                        "Startup Cost": 1003.28,
                                        "Total Cost": 31369.91,
                                        "Plan Rows": 1,
                                        "Plan Width": 4,
                                        "Actual Startup Time": 5.578,
                                        "Actual Total Time": 962.565,
                                        "Actual Rows": 1234,
                                        "Actual Loops": 1,
                                        "Inner Unique": false,
                                        "Join Filter": "(an.person_id = n.id)",
                                        "Rows Removed by Join Filter": 0,
                                        "Plans": [
                                            {
                                                "Node Type": "Nested Loop",
                                                "Parent Relationship": "Outer",
                                                "Parallel Aware": false,
                                                "Async Capable": false,
                                                "Join Type": "Inner",
                                                "Startup Cost": 1002.86,
                                                "Total Cost": 31368.14,
                                                "Plan Rows": 1,
                                                "Plan Width": 16,
                                                "Actual Startup Time": 5.565,
                                                "Actual Total Time": 960.723,
                                                "Actual Rows": 473,
                                                "Actual Loops": 1,
                                                "Inner Unique": false,
                                                "Plans": [
                                                    {
                                                        "Node Type": "Nested Loop",
                                                        "Parent Relationship": "Outer",
                                                        "Parallel Aware": false,
                                                        "Async Capable": false,
                                                        "Join Type": "Inner",
                                                        "Startup Cost": 1002.86,
                                                        "Total Cost": 31365.72,
                                                        "Plan Rows": 1,
                                                        "Plan Width": 20,
                                                        "Actual Startup Time": 5.562,
                                                        "Actual Total Time": 959.583,
                                                        "Actual Rows": 473,
                                                        "Actual Loops": 1,
                                                        "Inner Unique": false,
                                                        "Plans": [
                                                            {
                                                                "Node Type": "Nested Loop",
                                                                "Parent Relationship": "Outer",
                                                                "Parallel Aware": false,
                                                                "Async Capable": false,
                                                                "Join Type": "Inner",
                                                                "Startup Cost": 1002.86,
                                                                "Total Cost": 31363.3,
                                                                "Plan Rows": 1,
                                                                "Plan Width": 24,
                                                                "Actual Startup Time": 5.559,
                                                                "Actual Total Time": 958.441,
                                                                "Actual Rows": 473,
                                                                "Actual Loops": 1,
                                                                "Inner Unique": false,
                                                                "Plans": [
                                                                    {
                                                                        "Node Type": "Nested Loop",
                                                                        "Parent Relationship": "Outer",
                                                                        "Parallel Aware": false,
                                                                        "Async Capable": false,
                                                                        "Join Type": "Inner",
                                                                        "Startup Cost": 1002.86,
                                                                        "Total Cost": 31360.87,
                                                                        "Plan Rows": 1,
                                                                        "Plan Width": 28,
                                                                        "Actual Startup Time": 5.554,
                                                                        "Actual Total Time": 957.201,
                                                                        "Actual Rows": 473,
                                                                        "Actual Loops": 1,
                                                                        "Inner Unique": true,
                                                                        "Plans": [
                                                                            {
                                                                                "Node Type": "Nested Loop",
                                                                                "Parent Relationship": "Outer",
                                                                                "Parallel Aware": false,
                                                                                "Async Capable": false,
                                                                                "Join Type": "Inner",
                                                                                "Startup Cost": 1002.73,
                                                                                "Total Cost": 31360.71,
                                                                                "Plan Rows": 1,
                                                                                "Plan Width": 32,
                                                                                "Actual Startup Time": 5.549,
                                                                                "Actual Total Time": 956.642,
                                                                                "Actual Rows": 1092,
                                                                                "Actual Loops": 1,
                                                                                "Inner Unique": false,
                                                                                "Join Filter": "(t.id = mi1.movie_id)",
                                                                                "Rows Removed by Join Filter": 0,
                                                                                "Plans": [
                                                                                    {
                                                                                        "Node Type": "Gather",
                                                                                        "Parent Relationship": "Outer",
                                                                                        "Parallel Aware": false,
                                                                                        "Async Capable": false,
                                                                                        "Startup Cost": 1002.29,
                                                                                        "Total Cost": 31335.51,
                                                                                        "Plan Rows": 1,
                                                                                        "Plan Width": 44,
                                                                                        "Actual Startup Time": 0.879,
                                                                                        "Actual Total Time": 940.609,
                                                                                        "Actual Rows": 1502,
                                                                                        "Actual Loops": 1,
                                                                                        "Workers Planned": 2,
                                                                                        "Workers Launched": 2,
                                                                                        "Single Copy": false,
                                                                                        "Plans": [
                                                                                            {
                                                                                                "Node Type": "Nested Loop",
                                                                                                "Parent Relationship": "Outer",
                                                                                                "Parallel Aware": false,
                                                                                                "Async Capable": false,
                                                                                                "Join Type": "Inner",
                                                                                                "Startup Cost": 2.29,
                                                                                                "Total Cost": 30335.41,
                                                                                                "Plan Rows": 1,
                                                                                                "Plan Width": 44,
                                                                                                "Actual Startup Time": 7.331,
                                                                                                "Actual Total Time": 914.245,
                                                                                                "Actual Rows": 501,
                                                                                                "Actual Loops": 3,
                                                                                                "Inner Unique": true,
                                                                                                "Workers": [],
                                                                                                "Plans": [
                                                                                                    {
                                                                                                        "Node Type": "Nested Loop",
                                                                                                        "Parent Relationship": "Outer",
                                                                                                        "Parallel Aware": false,
                                                                                                        "Async Capable": false,
                                                                                                        "Join Type": "Inner",
                                                                                                        "Startup Cost": 1.86,
                                                                                                        "Total Cost": 30333.93,
                                                                                                        "Plan Rows": 1,
                                                                                                        "Plan Width": 40,
                                                                                                        "Actual Startup Time": 0.652,
                                                                                                        "Actual Total Time": 874.957,
                                                                                                        "Actual Rows": 14511,
                                                                                                        "Actual Loops": 3,
                                                                                                        "Inner Unique": false,
                                                                                                        "Workers": [],
                                                                                                        "Plans": [
                                                                                                            {
                                                                                                                "Node Type": "Nested Loop",
                                                                                                                "Parent Relationship": "Outer",
                                                                                                                "Parallel Aware": false,
                                                                                                                "Async Capable": false,
                                                                                                                "Join Type": "Inner",
                                                                                                                "Startup Cost": 1.43,
                                                                                                                "Total Cost": 30322.91,
                                                                                                                "Plan Rows": 1,
                                                                                                                "Plan Width": 32,
                                                                                                                "Actual Startup Time": 0.16,
                                                                                                                "Actual Total Time": 671.02,
                                                                                                                "Actual Rows": 94294,
                                                                                                                "Actual Loops": 3,
                                                                                                                "Inner Unique": true,
                                                                                                                "Workers": [],
                                                                                                                "Plans": [
                                                                                                                    {
                                                                                                                        "Node Type": "Nested Loop",
                                                                                                                        "Parent Relationship": "Outer",
                                                                                                                        "Parallel Aware": false,
                                                                                                                        "Async Capable": false,
                                                                                                                        "Join Type": "Inner",
                                                                                                                        "Startup Cost": 1.3,
                                                                                                                        "Total Cost": 30322.28,
                                                                                                                        "Plan Rows": 4,
                                                                                                                        "Plan Width": 36,
                                                                                                                        "Actual Startup Time": 0.143,
                                                                                                                        "Actual Total Time": 575.276,
                                                                                                                        "Actual Rows": 247195,
                                                                                                                        "Actual Loops": 3,
                                                                                                                        "Inner Unique": false,
                                                                                                                        "Workers": [],
                                                                                                                        "Plans": [
                                                                                                                            {
                                                                                                                                "Node Type": "Nested Loop",
                                                                                                                                "Parent Relationship": "Outer",
                                                                                                                                "Parallel Aware": false,
                                                                                                                                "Async Capable": false,
                                                                                                                                "Join Type": "Inner",
                                                                                                                                "Startup Cost": 0.86,
                                                                                                                                "Total Cost": 30293.82,
                                                                                                                                "Plan Rows": 1,
                                                                                                                                "Plan Width": 24,
                                                                                                                                "Actual Startup Time": 0.096,
                                                                                                                                "Actual Total Time": 192.923,
                                                                                                                                "Actual Rows": 15928,
                                                                                                                                "Actual Loops": 3,
                                                                                                                                "Inner Unique": true,
                                                                                                                                "Workers": [],
                                                                                                                                "Plans": [
                                                                                                                                    {
                                                                                                                                        "Node Type": "Nested Loop",
                                                                                                                                        "Parent Relationship": "Outer",
                                                                                                                                        "Parallel Aware": false,
                                                                                                                                        "Async Capable": false,
                                                                                                                                        "Join Type": "Inner",
                                                                                                                                        "Startup Cost": 0.43,
                                                                                                                                        "Total Cost": 30285.66,
                                                                                                                                        "Plan Rows": 1,
                                                                                                                                        "Plan Width": 16,
                                                                                                                                        "Actual Startup Time": 0.075,
                                                                                                                                        "Actual Total Time": 155.971,
                                                                                                                                        "Actual Rows": 18018,
                                                                                                                                        "Actual Loops": 3,
                                                                                                                                        "Inner Unique": false,
                                                                                                                                        "Workers": [],
                                                                                                                                        "Plans": [
                                                                                                                                            {
                                                                                                                                                "Node Type": "Seq Scan",
                                                                                                                                                "Parent Relationship": "Outer",
                                                                                                                                                "Parallel Aware": true,
                                                                                                                                                "Async Capable": false,
                                                                                                                                                "Relation Name": "movie_info_idx",
                                                                                                                                                "Alias": "mii2",
                                                                                                                                                "Startup Cost": 0.0,
                                                                                                                                                "Total Cost": 26655.97,
                                                                                                                                                "Plan Rows": 461,
                                                                                                                                                "Plan Width": 8,
                                                                                                                                                "Actual Startup Time": 0.045,
                                                                                                                                                "Actual Total Time": 120.894,
                                                                                                                                                "Actual Rows": 18358,
                                                                                                                                                "Actual Loops": 3,
                                                                                                                                                "Filter": "((info ~ '^(?:[1-9]\\d*|0)?(?:\\.\\d+)?$'::text) AND (info ~ '^(?:[1-9]\\d*|0)?(?:\\.\\d+)?$'::text) AND (info_type_id = 101) AND ((info)::double precision <= '4'::double precision) AND ('0'::double precision <= (info)::double precision))",
                                                                                                                                                "Rows Removed by Filter": 441654,
                                                                                                                                                "Workers": []
                                                                                                                                            },
                                                                                                                                            {
                                                                                                                                                "Node Type": "Index Scan",
                                                                                                                                                "Parent Relationship": "Inner",
                                                                                                                                                "Parallel Aware": false,
                                                                                                                                                "Async Capable": false,
                                                                                                                                                "Scan Direction": "Forward",
                                                                                                                                                "Index Name": "movie_id_movie_info_idx",
                                                                                                                                                "Relation Name": "movie_info_idx",
                                                                                                                                                "Alias": "miidx",
                                                                                                                                                "Startup Cost": 0.43,
                                                                                                                                                "Total Cost": 7.86,
                                                                                                                                                "Plan Rows": 1,
                                                                                                                                                "Plan Width": 8,
                                                                                                                                                "Actual Startup Time": 0.001,
                                                                                                                                                "Actual Total Time": 0.002,
                                                                                                                                                "Actual Rows": 1,
                                                                                                                                                "Actual Loops": 55073,
                                                                                                                                                "Index Cond": "(movie_id = mii2.movie_id)",
                                                                                                                                                "Rows Removed by Index Recheck": 0,
                                                                                                                                                "Filter": "((info ~ '^(?:[1-9]\\d*|0)?(?:\\.\\d+)?$'::text) AND (info ~ '^(?:[1-9]\\d*|0)?(?:\\.\\d+)?$'::text) AND (info_type_id = 100) AND ('0'::double precision <= (info)::double precision) AND ((info)::double precision <= '1000'::double precision))",
                                                                                                                                                "Rows Removed by Filter": 2,
                                                                                                                                                "Workers": []
                                                                                                                                            }
                                                                                                                                        ]
                                                                                                                                    },
                                                                                                                                    {
                                                                                                                                        "Node Type": "Index Scan",
                                                                                                                                        "Parent Relationship": "Inner",
                                                                                                                                        "Parallel Aware": false,
                                                                                                                                        "Async Capable": false,
                                                                                                                                        "Scan Direction": "Forward",
                                                                                                                                        "Index Name": "title_pkey",
                                                                                                                                        "Relation Name": "title",
                                                                                                                                        "Alias": "t",
                                                                                                                                        "Startup Cost": 0.43,
                                                                                                                                        "Total Cost": 8.16,
                                                                                                                                        "Plan Rows": 1,
                                                                                                                                        "Plan Width": 8,
                                                                                                                                        "Actual Startup Time": 0.002,
                                                                                                                                        "Actual Total Time": 0.002,
                                                                                                                                        "Actual Rows": 1,
                                                                                                                                        "Actual Loops": 54055,
                                                                                                                                        "Index Cond": "(id = miidx.movie_id)",
                                                                                                                                        "Rows Removed by Index Recheck": 0,
                                                                                                                                        "Filter": "((production_year <= 2015) AND (production_year >= 1975))",
                                                                                                                                        "Rows Removed by Filter": 0,
                                                                                                                                        "Workers": []
                                                                                                                                    }
                                                                                                                                ]
                                                                                                                            },
                                                                                                                            {
                                                                                                                                "Node Type": "Index Scan",
                                                                                                                                "Parent Relationship": "Inner",
                                                                                                                                "Parallel Aware": false,
                                                                                                                                "Async Capable": false,
                                                                                                                                "Scan Direction": "Forward",
                                                                                                                                "Index Name": "movie_id_cast_info",
                                                                                                                                "Relation Name": "cast_info",
                                                                                                                                "Alias": "ci",
                                                                                                                                "Startup Cost": 0.44,
                                                                                                                                "Total Cost": 28.23,
                                                                                                                                "Plan Rows": 23,
                                                                                                                                "Plan Width": 12,
                                                                                                                                "Actual Startup Time": 0.003,
                                                                                                                                "Actual Total Time": 0.023,
                                                                                                                                "Actual Rows": 16,
                                                                                                                                "Actual Loops": 47783,
                                                                                                                                "Index Cond": "(movie_id = t.id)",
                                                                                                                                "Rows Removed by Index Recheck": 0,
                                                                                                                                "Filter": "(note IS NULL)",
                                                                                                                                "Rows Removed by Filter": 9,
                                                                                                                                "Workers": []
                                                                                                                            }
                                                                                                                        ]
                                                                                                                    },
                                                                                                                    {
                                                                                                                        "Node Type": "Index Scan",
                                                                                                                        "Parent Relationship": "Inner",
                                                                                                                        "Parallel Aware": false,
                                                                                                                        "Async Capable": false,
                                                                                                                        "Scan Direction": "Forward",
                                                                                                                        "Index Name": "role_type_pkey",
                                                                                                                        "Relation Name": "role_type",
                                                                                                                        "Alias": "rt",
                                                                                                                        "Startup Cost": 0.14,
                                                                                                                        "Total Cost": 0.16,
                                                                                                                        "Plan Rows": 1,
                                                                                                                        "Plan Width": 4,
                                                                                                                        "Actual Startup Time": 0.0,
                                                                                                                        "Actual Total Time": 0.0,
                                                                                                                        "Actual Rows": 0,
                                                                                                                        "Actual Loops": 741586,
                                                                                                                        "Index Cond": "(id = ci.role_id)",
                                                                                                                        "Rows Removed by Index Recheck": 0,
                                                                                                                        "Filter": "((role)::text = ANY ('{actress,director,editor}'::text[]))",
                                                                                                                        "Rows Removed by Filter": 1,
                                                                                                                        "Workers": []
                                                                                                                    }
                                                                                                                ]
                                                                                                            },
                                                                                                            {
                                                                                                                "Node Type": "Index Scan",
                                                                                                                "Parent Relationship": "Inner",
                                                                                                                "Parallel Aware": false,
                                                                                                                "Async Capable": false,
                                                                                                                "Scan Direction": "Forward",
                                                                                                                "Index Name": "person_id_person_info",
                                                                                                                "Relation Name": "person_info",
                                                                                                                "Alias": "pi1",
                                                                                                                "Startup Cost": 0.43,
                                                                                                                "Total Cost": 11.01,
                                                                                                                "Plan Rows": 1,
                                                                                                                "Plan Width": 8,
                                                                                                                "Actual Startup Time": 0.002,
                                                                                                                "Actual Total Time": 0.002,
                                                                                                                "Actual Rows": 0,
                                                                                                                "Actual Loops": 282883,
                                                                                                                "Index Cond": "(person_id = ci.person_id)",
                                                                                                                "Rows Removed by Index Recheck": 0,
                                                                                                                "Filter": "(info_type_id = 19)",
                                                                                                                "Rows Removed by Filter": 9,
                                                                                                                "Workers": []
                                                                                                            }
                                                                                                        ]
                                                                                                    },
                                                                                                    {
                                                                                                        "Node Type": "Index Scan",
                                                                                                        "Parent Relationship": "Inner",
                                                                                                        "Parallel Aware": false,
                                                                                                        "Async Capable": false,
                                                                                                        "Scan Direction": "Forward",
                                                                                                        "Index Name": "name_pkey",
                                                                                                        "Relation Name": "name",
                                                                                                        "Alias": "n",
                                                                                                        "Startup Cost": 0.43,
                                                                                                        "Total Cost": 1.48,
                                                                                                        "Plan Rows": 1,
                                                                                                        "Plan Width": 4,
                                                                                                        "Actual Startup Time": 0.003,
                                                                                                        "Actual Total Time": 0.003,
                                                                                                        "Actual Rows": 0,
                                                                                                        "Actual Loops": 43534,
                                                                                                        "Index Cond": "(id = ci.person_id)",
                                                                                                        "Rows Removed by Index Recheck": 0,
                                                                                                        "Filter": "((((gender)::text = 'f'::text) OR (gender IS NULL)) AND (((name_pcode_nf)::text = ANY ('{A5362,J2452,J5162,M2345,M252,M6453,R2562,S26,S3151,S3152,T5252,T6252}'::text[])) OR (name_pcode_nf IS NULL)))",
                                                                                                        "Rows Removed by Filter": 1,
                                                                                                        "Workers": []
                                                                                                    }
                                                                                                ]
                                                                                            }
                                                                                        ]
                                                                                    },
                                                                                    {
                                                                                        "Node Type": "Index Scan",
                                                                                        "Parent Relationship": "Inner",
                                                                                        "Parallel Aware": false,
                                                                                        "Async Capable": false,
                                                                                        "Scan Direction": "Forward",
                                                                                        "Index Name": "movie_id_movie_info",
                                                                                        "Relation Name": "movie_info",
                                                                                        "Alias": "mi1",
                                                                                        "Startup Cost": 0.43,
                                                                                        "Total Cost": 25.18,
                                                                                        "Plan Rows": 1,
                                                                                        "Plan Width": 8,
                                                                                        "Actual Startup Time": 0.01,
                                                                                        "Actual Total Time": 0.01,
                                                                                        "Actual Rows": 1,
                                                                                        "Actual Loops": 1502,
                                                                                        "Index Cond": "(movie_id = ci.movie_id)",
                                                                                        "Rows Removed by Index Recheck": 0,
                                                                                        "Filter": "((info_type_id = 8) AND (info = ANY ('{Argentina,Canada,France,Germany,Italy,Japan,Mexico,Netherlands,Spain,UK,USA}'::text[])))",
                                                                                        "Rows Removed by Filter": 9
                                                                                    }
                                                                                ]
                                                                            },
                                                                            {
                                                                                "Node Type": "Index Scan",
                                                                                "Parent Relationship": "Inner",
                                                                                "Parallel Aware": false,
                                                                                "Async Capable": false,
                                                                                "Scan Direction": "Forward",
                                                                                "Index Name": "kind_type_pkey",
                                                                                "Relation Name": "kind_type",
                                                                                "Alias": "kt",
                                                                                "Startup Cost": 0.13,
                                                                                "Total Cost": 0.15,
                                                                                "Plan Rows": 1,
                                                                                "Plan Width": 4,
                                                                                "Actual Startup Time": 0.0,
                                                                                "Actual Total Time": 0.0,
                                                                                "Actual Rows": 0,
                                                                                "Actual Loops": 1092,
                                                                                "Index Cond": "(id = t.kind_id)",
                                                                                "Rows Removed by Index Recheck": 0,
                                                                                "Filter": "((kind)::text = ANY ('{episode,movie}'::text[]))",
                                                                                "Rows Removed by Filter": 1
                                                                            }
                                                                        ]
                                                                    },
                                                                    {
                                                                        "Node Type": "Seq Scan",
                                                                        "Parent Relationship": "Inner",
                                                                        "Parallel Aware": false,
                                                                        "Async Capable": false,
                                                                        "Relation Name": "info_type",
                                                                        "Alias": "it1",
                                                                        "Startup Cost": 0.0,
                                                                        "Total Cost": 2.41,
                                                                        "Plan Rows": 1,
                                                                        "Plan Width": 4,
                                                                        "Actual Startup Time": 0.001,
                                                                        "Actual Total Time": 0.002,
                                                                        "Actual Rows": 1,
                                                                        "Actual Loops": 473,
                                                                        "Filter": "(id = 8)",
                                                                        "Rows Removed by Filter": 112
                                                                    }
                                                                ]
                                                            },
                                                            {
                                                                "Node Type": "Seq Scan",
                                                                "Parent Relationship": "Inner",
                                                                "Parallel Aware": false,
                                                                "Async Capable": false,
                                                                "Relation Name": "info_type",
                                                                "Alias": "it3",
                                                                "Startup Cost": 0.0,
                                                                "Total Cost": 2.41,
                                                                "Plan Rows": 1,
                                                                "Plan Width": 4,
                                                                "Actual Startup Time": 0.002,
                                                                "Actual Total Time": 0.002,
                                                                "Actual Rows": 1,
                                                                "Actual Loops": 473,
                                                                "Filter": "(id = 100)",
                                                                "Rows Removed by Filter": 112
                                                            }
                                                        ]
                                                    },
                                                    {
                                                        "Node Type": "Seq Scan",
                                                        "Parent Relationship": "Inner",
                                                        "Parallel Aware": false,
                                                        "Async Capable": false,
                                                        "Relation Name": "info_type",
                                                        "Alias": "it4",
                                                        "Startup Cost": 0.0,
                                                        "Total Cost": 2.41,
                                                        "Plan Rows": 1,
                                                        "Plan Width": 4,
                                                        "Actual Startup Time": 0.002,
                                                        "Actual Total Time": 0.002,
                                                        "Actual Rows": 1,
                                                        "Actual Loops": 473,
                                                        "Filter": "(id = 101)",
                                                        "Rows Removed by Filter": 112
                                                    }
                                                ]
                                            },
                                            {
                                                "Node Type": "Index Only Scan",
                                                "Parent Relationship": "Inner",
                                                "Parallel Aware": false,
                                                "Async Capable": false,
                                                "Scan Direction": "Forward",
                                                "Index Name": "person_id_aka_name",
                                                "Relation Name": "aka_name",
                                                "Alias": "an",
                                                "Startup Cost": 0.42,
                                                "Total Cost": 1.75,
                                                "Plan Rows": 2,
                                                "Plan Width": 4,
                                                "Actual Startup Time": 0.003,
                                                "Actual Total Time": 0.004,
                                                "Actual Rows": 3,
                                                "Actual Loops": 473,
                                                "Index Cond": "(person_id = ci.person_id)",
                                                "Rows Removed by Index Recheck": 0,
                                                "Heap Fetches": 1234
                                            }
                                        ]
                                    },
                                    {
                                        "Node Type": "Seq Scan",
                                        "Parent Relationship": "Inner",
                                        "Parallel Aware": false,
                                        "Async Capable": false,
                                        "Relation Name": "info_type",
                                        "Alias": "it5",
                                        "Startup Cost": 0.0,
                                        "Total Cost": 2.41,
                                        "Plan Rows": 1,
                                        "Plan Width": 4,
                                        "Actual Startup Time": 0.001,
                                        "Actual Total Time": 0.002,
                                        "Actual Rows": 1,
                                        "Actual Loops": 1234,
                                        "Filter": "(id = 19)",
                                        "Rows Removed by Filter": 112
                                    }
                                ]
                            }
                        ]
                    },
                    "Planning Time": 52.526,
                    "Triggers": [],
                    "Execution Time": 965.607
                }
            ],
            "hints": [
                "SET enable_hashjoin TO on",
                "SET enable_indexonlyscan TO on",
                "SET enable_indexscan TO on",
                "SET enable_mergejoin TO on",
                "SET enable_nestloop TO on",
                "SET enable_seqscan TO on"
            ]
        },
        {
            "arm": 1,
            "execution_time": 7270.053,
            "plan": [
                {
                    "Plan": {
                        "Node Type": "Aggregate",
                        "Strategy": "Plain",
                        "Partial Mode": "Simple",
                        "Parallel Aware": false,
                        "Async Capable": false,
                        "Startup Cost": 40002719630.77,
                        "Total Cost": 40002719630.78,
                        "Plan Rows": 1,
                        "Plan Width": 8,
                        "Actual Startup Time": 7256.519,
                        "Actual Total Time": 7256.533,
                        "Actual Rows": 1,
                        "Actual Loops": 1,
                        "Plans": [
                            {
                                "Node Type": "Nested Loop",
                                "Parent Relationship": "Outer",
                                "Parallel Aware": false,
                                "Async Capable": false,
                                "Join Type": "Inner",
                                "Startup Cost": 40002631196.44,
                                "Total Cost": 40002719630.77,
                                "Plan Rows": 1,
                                "Plan Width": 0,
                                "Actual Startup Time": 7112.252,
                                "Actual Total Time": 7256.494,
                                "Actual Rows": 1234,
                                "Actual Loops": 1,
                                "Inner Unique": false,
                                "Plans": [
                                    {
                                        "Node Type": "Nested Loop",
                                        "Parent Relationship": "Outer",
                                        "Parallel Aware": false,
                                        "Async Capable": false,
                                        "Join Type": "Inner",
                                        "Startup Cost": 30002631196.44,
                                        "Total Cost": 30002719628.35,
                                        "Plan Rows": 1,
                                        "Plan Width": 4,
                                        "Actual Startup Time": 7112.249,
                                        "Actual Total Time": 7253.671,
                                        "Actual Rows": 1234,
                                        "Actual Loops": 1,
                                        "Inner Unique": false,
                                        "Plans": [
                                            {
                                                "Node Type": "Nested Loop",
                                                "Parent Relationship": "Outer",
                                                "Parallel Aware": false,
                                                "Async Capable": false,
                                                "Join Type": "Inner",
                                                "Startup Cost": 20002631196.44,
                                                "Total Cost": 20002719625.92,
                                                "Plan Rows": 1,
                                                "Plan Width": 8,
                                                "Actual Startup Time": 7112.246,
                                                "Actual Total Time": 7250.697,
                                                "Actual Rows": 1234,
                                                "Actual Loops": 1,
                                                "Inner Unique": false,
                                                "Plans": [
                                                    {
                                                        "Node Type": "Hash Join",
                                                        "Parent Relationship": "Outer",
                                                        "Parallel Aware": false,
                                                        "Async Capable": false,
                                                        "Join Type": "Inner",
                                                        "Startup Cost": 10002631196.44,
                                                        "Total Cost": 10002719623.5,
                                                        "Plan Rows": 1,
                                                        "Plan Width": 12,
                                                        "Actual Startup Time": 7112.24,
                                                        "Actual Total Time": 7247.806,
                                                        "Actual Rows": 1234,
                                                        "Actual Loops": 1,
                                                        "Inner Unique": false,
                                                        "Hash Cond": "(pi1.person_id = n.id)",
                                                        "Plans": [
                                                            {
                                                                "Node Type": "Seq Scan",
                                                                "Parent Relationship": "Outer",
                                                                "Parallel Aware": false,
                                                                "Async Capable": false,
                                                                "Relation Name": "person_info",
                                                                "Alias": "pi1",
                                                                "Startup Cost": 0.0,
                                                                "Total Cost": 88093.19,
                                                                "Plan Rows": 89029,
                                                                "Plan Width": 8,
                                                                "Actual Startup Time": 0.012,
                                                                "Actual Total Time": 133.629,
                                                                "Actual Rows": 84184,
                                                                "Actual Loops": 1,
                                                                "Filter": "(info_type_id = 19)",
                                                                "Rows Removed by Filter": 2879480
                                                            },
                                                            {
                                                                "Node Type": "Hash",
                                                                "Parent Relationship": "Inner",
                                                                "Parallel Aware": false,
                                                                "Async Capable": false,
                                                                "Startup Cost": 10002631196.43,
                                                                "Total Cost": 10002631196.43,
                                                                "Plan Rows": 1,
                                                                "Plan Width": 20,
                                                                "Actual Startup Time": 7110.932,
                                                                "Actual Total Time": 7110.944,
                                                                "Actual Rows": 2756,
                                                                "Actual Loops": 1,
                                                                "Hash Buckets": 4096,
                                                                "Original Hash Buckets": 1024,
                                                                "Hash Batches": 1,
                                                                "Original Hash Batches": 1,
                                                                "Peak Memory Usage": 172,
                                                                "Plans": [
                                                                    {
                                                                        "Node Type": "Merge Join",
                                                                        "Parent Relationship": "Outer",
                                                                        "Parallel Aware": false,
                                                                        "Async Capable": false,
                                                                        "Join Type": "Inner",
                                                                        "Startup Cost": 10002382265.82,
                                                                        "Total Cost": 10002631196.43,
                                                                        "Plan Rows": 1,
                                                                        "Plan Width": 20,
                                                                        "Actual Startup Time": 6674.161,
                                                                        "Actual Total Time": 7110.751,
                                                                        "Actual Rows": 2756,
                                                                        "Actual Loops": 1,
                                                                        "Inner Unique": true,
                                                                        "Merge Cond": "(ci.person_id = n.id)",
                                                                        "Plans": [
                                                                            {
                                                                                "Node Type": "Merge Join",
                                                                                "Parent Relationship": "Outer",
                                                                                "Parallel Aware": false,
                                                                                "Async Capable": false,
                                                                                "Join Type": "Inner",
                                                                                "Startup Cost": 10002382252.04,
                                                                                "Total Cost": 10002386125.44,
                                                                                "Plan Rows": 6,
                                                                                "Plan Width": 16,
                                                                                "Actual Startup Time": 6429.016,
                                                                                "Actual Total Time": 6484.074,
                                                                                "Actual Rows": 105179,
                                                                                "Actual Loops": 1,
                                                                                "Inner Unique": false,
                                                                                "Merge Cond": "(an.person_id = ci.person_id)",
                                                                                "Plans": [
                                                                                    {
                                                                                        "Node Type": "Sort",
                                                                                        "Parent Relationship": "Outer",
                                                                                        "Parallel Aware": false,
                                                                                        "Async Capable": false,
                                                                                        "Startup Cost": 121903.49,
                                                                                        "Total Cost": 124156.85,
                                                                                        "Plan Rows": 901343,
                                                                                        "Plan Width": 4,
                                                                                        "Actual Startup Time": 117.668,
                                                                                        "Actual Total Time": 141.292,
                                                                                        "Actual Rows": 704694,
                                                                                        "Actual Loops": 1,
                                                                                        "Sort Key": [
                                                                                            "an.person_id"
                                                                                        ],
                                                                                        "Sort Method": "external merge",
                                                                                        "Sort Space Used": 10600,
                                                                                        "Sort Space Type": "Disk",
                                                                                        "Plans": [
                                                                                            {
                                                                                                "Node Type": "Seq Scan",
                                                                                                "Parent Relationship": "Outer",
                                                                                                "Parallel Aware": false,
                                                                                                "Async Capable": false,
                                                                                                "Relation Name": "aka_name",
                                                                                                "Alias": "an",
                                                                                                "Startup Cost": 0.0,
                                                                                                "Total Cost": 20429.43,
                                                                                                "Plan Rows": 901343,
                                                                                                "Plan Width": 4,
                                                                                                "Actual Startup Time": 0.005,
                                                                                                "Actual Total Time": 47.198,
                                                                                                "Actual Rows": 901343,
                                                                                                "Actual Loops": 1
                                                                                            }
                                                                                        ]
                                                                                    },
                                                                                    {
                                                                                        "Node Type": "Sort",
                                                                                        "Parent Relationship": "Inner",
                                                                                        "Parallel Aware": false,
                                                                                        "Async Capable": false,
                                                                                        "Startup Cost": 10002260348.27,
                                                                                        "Total Cost": 10002260348.27,
                                                                                        "Plan Rows": 2,
                                                                                        "Plan Width": 12,
                                                                                        "Actual Startup Time": 6311.329,
                                                                                        "Actual Total Time": 6317.7,
                                                                                        "Actual Rows": 204002,
                                                                                        "Actual Loops": 1,
                                                                                        "Sort Key": [
                                                                                            "ci.person_id"
                                                                                        ],
                                                                                        "Sort Method": "external sort",
                                                                                        "Sort Space Used": 3704,
                                                                                        "Sort Space Type": "Disk",
                                                                                        "Plans": [
                                                                                            {
                                                                                                "Node Type": "Hash Join",
                                                                                                "Parent Relationship": "Outer",
                                                                                                "Parallel Aware": false,
                                                                                                "Async Capable": false,
                                                                                                "Join Type": "Inner",
                                                                                                "Startup Cost": 10001709475.69,
                                                                                                "Total Cost": 10002260348.26,
                                                                                                "Plan Rows": 2,
                                                                                                "Plan Width": 12,
                                                                                                "Actual Startup Time": 6033.179,
                                                                                                "Actual Total Time": 6289.436,
                                                                                                "Actual Rows": 145352,
                                                                                                "Actual Loops": 1,
                                                                                                "Inner Unique": true,
                                                                                                "Hash Cond": "(t.kind_id = kt.id)",
                                                                                                "Plans": [
                                                                                                    {
                                                                                                        "Node Type": "Hash Join",
                                                                                                        "Parent Relationship": "Outer",
                                                                                                        "Parallel Aware": false,
                                                                                                        "Async Capable": false,
                                                                                                        "Join Type": "Inner",
                                                                                                        "Startup Cost": 10001709474.58,
                                                                                                        "Total Cost": 10002260347.14,
                                                                                                        "Plan Rows": 2,
                                                                                                        "Plan Width": 16,
                                                                                                        "Actual Startup Time": 6033.045,
                                                                                                        "Actual Total Time": 6277.989,
                                                                                                        "Actual Rows": 219307,
                                                                                                        "Actual Loops": 1,
                                                                                                        "Inner Unique": false,
                                                                                                        "Hash Cond": "(mi1.movie_id = t.id)",
                                                                                                        "Plans": [
                                                                                                            {
                                                                                                                "Node Type": "Seq Scan",
                                                                                                                "Parent Relationship": "Outer",
                                                                                                                "Parallel Aware": false,
                                                                                                                "Async Capable": false,
                                                                                                                "Relation Name": "movie_info",
                                                                                                                "Alias": "mi1",
                                                                                                                "Startup Cost": 0.0,
                                                                                                                "Total Cost": 550520.15,
                                                                                                                "Plan Rows": 93975,
                                                                                                                "Plan Width": 8,
                                                                                                                "Actual Startup Time": 387.409,
                                                                                                                "Actual Total Time": 538.826,
                                                                                                                "Actual Rows": 1006143,
                                                                                                                "Actual Loops": 1,
                                                                                                                "Filter": "((info_type_id = 8) AND (info = ANY ('{Argentina,Canada,France,Germany,Italy,Japan,Mexico,Netherlands,Spain,UK,USA}'::text[])))",
                                                                                                                "Rows Removed by Filter": 13829577
                                                                                                            },
                                                                                                            {
                                                                                                                "Node Type": "Hash",
                                                                                                                "Parent Relationship": "Inner",
                                                                                                                "Parallel Aware": false,
                                                                                                                "Async Capable": false,
                                                                                                                "Startup Cost": 10001709474.55,
                                                                                                                "Total Cost": 10001709474.55,
                                                                                                                "Plan Rows": 2,
                                                                                                                "Plan Width": 28,
                                                                                                                "Actual Startup Time": 5645.586,
                                                                                                                "Actual Total Time": 5645.593,
                                                                                                                "Actual Rows": 282883,
                                                                                                                "Actual Loops": 1,
                                                                                                                "Hash Buckets": 262144,
                                                                                                                "Original Hash Buckets": 1024,
                                                                                                                "Hash Batches": 2,
                                                                                                                "Original Hash Batches": 1,
                                                                                                                "Peak Memory Usage": 14337,
                                                                                                                "Plans": [
                                                                                                                    {
                                                                                                                        "Node Type": "Merge Join",
                                                                                                                        "Parent Relationship": "Outer",
                                                                                                                        "Parallel Aware": false,
                                                                                                                        "Async Capable": false,
                                                                                                                        "Join Type": "Inner",
                                                                                                                        "Startup Cost": 10001392712.56,
                                                                                                                        "Total Cost": 10001709474.55,
                                                                                                                        "Plan Rows": 2,
                                                                                                                        "Plan Width": 28,
                                                                                                                        "Actual Startup Time": 3418.563,
                                                                                                                        "Actual Total Time": 5620.999,
                                                                                                                        "Actual Rows": 282883,
                                                                                                                        "Actual Loops": 1,
                                                                                                                        "Inner Unique": false,
                                                                                                                        "Merge Cond": "(t.id = miidx.movie_id)",
                                                                                                                        "Plans": [
                                                                                                                            {
                                                                                                                                "Node Type": "Merge Join",
                                                                                                                                "Parent Relationship": "Outer",
                                                                                                                                "Parallel Aware": false,
                                                                                                                                "Async Capable": false,
                                                                                                                                "Join Type": "Inner",
                                                                                                                                "Startup Cost": 10001392712.13,
                                                                                                                                "Total Cost": 10001631255.33,
                                                                                                                                "Plan Rows": 1945,
                                                                                                                                "Plan Width": 20,
                                                                                                                                "Actual Startup Time": 3418.556,
                                                                                                                                "Actual Total Time": 4980.58,
                                                                                                                                "Actual Rows": 293887,
                                                                                                                                "Actual Loops": 1,
                                                                                                                                "Inner Unique": false,
                                                                                                                                "Merge Cond": "(ci.movie_id = t.id)",
                                                                                                                                "Plans": [
                                                                                                                                    {
                                                                                                                                        "Node Type": "Sort",
                                                                                                                                        "Parent Relationship": "Outer",
                                                                                                                                        "Parallel Aware": false,
                                                                                                                                        "Async Capable": false,
                                                                                                                                        "Startup Cost": 1392711.28,
                                                                                                                                        "Total Cost": 1406604.94,
                                                                                                                                        "Plan Rows": 5557466,
                                                                                                                                        "Plan Width": 8,
                                                                                                                                        "Actual Startup Time": 3418.485,
                                                                                                                                        "Actual Total Time": 3737.189,
                                                                                                                                        "Actual Rows": 8939469,
                                                                                                                                        "Actual Loops": 1,
                                                                                                                                        "Sort Key": [
                                                                                                                                            "ci.movie_id"
                                                                                                                                        ],
                                                                                                                                        "Sort Method": "external merge",
                                                                                                                                        "Sort Space Used": 157520,
                                                                                                                                        "Sort Space Type": "Disk",
                                                                                                                                        "Plans": [
                                                                                                                                            {
                                                                                                                                                "Node Type": "Hash Join",
                                                                                                                                                "Parent Relationship": "Outer",
                                                                                                                                                "Parallel Aware": false,
                                                                                                                                                "Async Capable": false,
                                                                                                                                                "Join Type": "Inner",
                                                                                                                                                "Startup Cost": 1.2,
                                                                                                                                                "Total Cost": 694126.98,
                                                                                                                                                "Plan Rows": 5557466,
                                                                                                                                                "Plan Width": 8,
                                                                                                                                                "Actual Startup Time": 0.015,
                                                                                                                                                "Actual Total Time": 2240.273,
                                                                                                                                                "Actual Rows": 8940291,
                                                                                                                                                "Actual Loops": 1,
                                                                                                                                                "Inner Unique": true,
                                                                                                                                                "Hash Cond": "(ci.role_id = rt.id)",
                                                                                                                                                "Plans": [
                                                                                                                                                    {
                                                                                                                                                        "Node Type": "Seq Scan",
                                                                                                                                                        "Parent Relationship": "Outer",
                                                                                                                                                        "Parallel Aware": false,
                                                                                                                                                        "Async Capable": false,
                                                                                                                                                        "Relation Name": "cast_info",
                                                                                                                                                        "Alias": "ci",
                                                                                                                                                        "Startup Cost": 0.0,
                                                                                                                                                        "Total Cost": 615163.44,
                                                                                                                                                        "Plan Rows": 22229865,
                                                                                                                                                        "Plan Width": 12,
                                                                                                                                                        "Actual Startup Time": 0.004,
                                                                                                                                                        "Actual Total Time": 1262.922,
                                                                                                                                                        "Actual Rows": 22007252,
                                                                                                                                                        "Actual Loops": 1,
                                                                                                                                                        "Filter": "(note IS NULL)",
                                                                                                                                                        "Rows Removed by Filter": 14237092
                                                                                                                                                    },
                                                                                                                                                    {
                                                                                                                                                        "Node Type": "Hash",
                                                                                                                                                        "Parent Relationship": "Inner",
                                                                                                                                                        "Parallel Aware": false,
                                                                                                                                                        "Async Capable": false,
                                                                                                                                                        "Startup Cost": 1.17,
                                                                                                                                                        "Total Cost": 1.17,
                                                                                                                                                        "Plan Rows": 3,
                                                                                                                                                        "Plan Width": 4,
                                                                                                                                                        "Actual Startup Time": 0.006,
                                                                                                                                                        "Actual Total Time": 0.007,
                                                                                                                                                        "Actual Rows": 3,
                                                                                                                                                        "Actual Loops": 1,
                                                                                                                                                        "Hash Buckets": 1024,
                                                                                                                                                        "Original Hash Buckets": 1024,
                                                                                                                                                        "Hash Batches": 1,
                                                                                                                                                        "Original Hash Batches": 1,
                                                                                                                                                        "Peak Memory Usage": 9,
                                                                                                                                                        "Plans": [
                                                                                                                                                            {
                                                                                                                                                                "Node Type": "Seq Scan",
                                                                                                                                                                "Parent Relationship": "Outer",
                                                                                                                                                                "Parallel Aware": false,
                                                                                                                                                                "Async Capable": false,
                                                                                                                                                                "Relation Name": "role_type",
                                                                                                                                                                "Alias": "rt",
                                                                                                                                                                "Startup Cost": 0.0,
                                                                                                                                                                "Total Cost": 1.17,
                                                                                                                                                                "Plan Rows": 3,
                                                                                                                                                                "Plan Width": 4,
                                                                                                                                                                "Actual Startup Time": 0.003,
                                                                                                                                                                "Actual Total Time": 0.004,
                                                                                                                                                                "Actual Rows": 3,
                                                                                                                                                                "Actual Loops": 1,
                                                                                                                                                                "Filter": "((role)::text = ANY ('{actress,director,editor}'::text[]))",
                                                                                                                                                                "Rows Removed by Filter": 9
                                                                                                                                                            }
                                                                                                                                                        ]
                                                                                                                                                    }
                                                                                                                                                ]
                                                                                                                                            }
                                                                                                                                        ]
                                                                                                                                    },
                                                                                                                                    {
                                                                                                                                        "Node Type": "Materialize",
                                                                                                                                        "Parent Relationship": "Inner",
                                                                                                                                        "Parallel Aware": false,
                                                                                                                                        "Async Capable": false,
                                                                                                                                        "Startup Cost": 10000000000.86,
                                                                                                                                        "Total Cost": 10000210968.14,
                                                                                                                                        "Plan Rows": 885,
                                                                                                                                        "Plan Width": 12,
                                                                                                                                        "Actual Startup Time": 0.066,
                                                                                                                                        "Actual Total Time": 1009.299,
                                                                                                                                        "Actual Rows": 297890,
                                                                                                                                        "Actual Loops": 1,
                                                                                                                                        "Plans": [
                                                                                                                                            {
                                                                                                                                                "Node Type": "Merge Join",
                                                                                                                                                "Parent Relationship": "Outer",
                                                                                                                                                "Parallel Aware": false,
                                                                                                                                                "Async Capable": false,
                                                                                                                                                "Join Type": "Inner",
                                                                                                                                                "Startup Cost": 10000000000.86,
                                                                                                                                                "Total Cost": 10000210965.93,
                                                                                                                                                "Plan Rows": 885,
                                                                                                                                                "Plan Width": 12,
                                                                                                                                                "Actual Startup Time": 0.063,
                                                                                                                                                "Actual Total Time": 999.248,
                                                                                                                                                "Actual Rows": 48715,
                                                                                                                                                "Actual Loops": 1,
                                                                                                                                                "Inner Unique": true,
                                                                                                                                                "Merge Cond": "(mii2.movie_id = t.id)",
                                                                                                                                                "Plans": [
                                                                                                                                                    {
                                                                                                                                                        "Node Type": "Nested Loop",
                                                                                                                                                        "Parent Relationship": "Outer",
                                                                                                                                                        "Parallel Aware": false,
                                                                                                                                                        "Async Capable": false,
                                                                                                                                                        "Join Type": "Inner",
                                                                                                                                                        "Startup Cost": 10000000000.43,
                                                                                                                                                        "Total Cost": 10000078473.11,
                                                                                                                                                        "Plan Rows": 1107,
                                                                                                                                                        "Plan Width": 4,
                                                                                                                                                        "Actual Startup Time": 0.039,
                                                                                                                                                        "Actual Total Time": 386.92,
                                                                                                                                                        "Actual Rows": 55073,
                                                                                                                                                        "Actual Loops": 1,
                                                                                                                                                        "Inner Unique": false,
                                                                                                                                                        "Plans": [
                                                                                                                                                            {
                                                                                                                                                                "Node Type": "Index Scan",
                                                                                                                                                                "Parent Relationship": "Outer",
                                                                                                                                                                "Parallel Aware": false,
                                                                                                                                                                "Async Capable": false,
                                                                                                                                                                "Scan Direction": "Forward",
                                                                                                                                                                "Index Name": "movie_id_movie_info_idx",
                                                                                                                                                                "Relation Name": "movie_info_idx",
                                                                                                                                                                "Alias": "mii2",
                                                                                                                                                                "Startup Cost": 0.43,
                                                                                                                                                                "Total Cost": 78456.85,
                                                                                                                                                                "Plan Rows": 1107,
                                                                                                                                                                "Plan Width": 8,
                                                                                                                                                                "Actual Startup Time": 0.027,
                                                                                                                                                                "Actual Total Time": 379.968,
                                                                                                                                                                "Actual Rows": 55073,
                                                                                                                                                                "Actual Loops": 1,
                                                                                                                                                                "Filter": "((info ~ '^(?:[1-9]\\d*|0)?(?:\\.\\d+)?$'::text) AND (info ~ '^(?:[1-9]\\d*|0)?(?:\\.\\d+)?$'::text) AND (info_type_id = 101) AND ((info)::double precision <= '4'::double precision) AND ('0'::double precision <= (info)::double precision))",
                                                                                                                                                                "Rows Removed by Filter": 1324962
                                                                                                                                                            },
                                                                                                                                                            {
                                                                                                                                                                "Node Type": "Materialize",
                                                                                                                                                                "Parent Relationship": "Inner",
                                                                                                                                                                "Parallel Aware": false,
                                                                                                                                                                "Async Capable": false,
                                                                                                                                                                "Startup Cost": 0.0,
                                                                                                                                                                "Total Cost": 2.42,
                                                                                                                                                                "Plan Rows": 1,
                                                                                                                                                                "Plan Width": 4,
                                                                                                                                                                "Actual Startup Time": 0.0,
                                                                                                                                                                "Actual Total Time": 0.0,
                                                                                                                                                                "Actual Rows": 1,
                                                                                                                                                                "Actual Loops": 55073,
                                                                                                                                                                "Plans": [
                                                                                                                                                                    {
                                                                                                                                                                        "Node Type": "Seq Scan",
                                                                                                                                                                        "Parent Relationship": "Outer",
                                                                                                                                                                        "Parallel Aware": false,
                                                                                                                                                                        "Async Capable": false,
                                                                                                                                                                        "Relation Name": "info_type",
                                                                                                                                                                        "Alias": "it4",
                                                                                                                                                                        "Startup Cost": 0.0,
                                                                                                                                                                        "Total Cost": 2.41,
                                                                                                                                                                        "Plan Rows": 1,
                                                                                                                                                                        "Plan Width": 4,
                                                                                                                                                                        "Actual Startup Time": 0.009,
                                                                                                                                                                        "Actual Total Time": 0.009,
                                                                                                                                                                        "Actual Rows": 1,
                                                                                                                                                                        "Actual Loops": 1,
                                                                                                                                                                        "Filter": "(id = 101)",
                                                                                                                                                                        "Rows Removed by Filter": 112
                                                                                                                                                                    }
                                                                                                                                                                ]
                                                                                                                                                            }
                                                                                                                                                        ]
                                                                                                                                                    },
                                                                                                                                                    {
                                                                                                                                                        "Node Type": "Index Scan",
                                                                                                                                                        "Parent Relationship": "Inner",
                                                                                                                                                        "Parallel Aware": false,
                                                                                                                                                        "Async Capable": false,
                                                                                                                                                        "Scan Direction": "Forward",
                                                                                                                                                        "Index Name": "title_pkey",
                                                                                                                                                        "Relation Name": "title",
                                                                                                                                                        "Alias": "t",
                                                                                                                                                        "Startup Cost": 0.43,
                                                                                                                                                        "Total Cost": 127564.72,
                                                                                                                                                        "Plan Rows": 2021622,
                                                                                                                                                        "Plan Width": 8,
                                                                                                                                                        "Actual Startup Time": 0.019,
                                                                                                                                                        "Actual Total Time": 562.102,
                                                                                                                                                        "Actual Rows": 2017779,
                                                                                                                                                        "Actual Loops": 1,
                                                                                                                                                        "Filter": "((production_year <= 2015) AND (production_year >= 1975))",
                                                                                                                                                        "Rows Removed by Filter": 507887
                                                                                                                                                    }
                                                                                                                                                ]
                                                                                                                                            }
                                                                                                                                        ]
                                                                                                                                    }
                                                                                                                                ]
                                                                                                                            },
                                                                                                                            {
                                                                                                                                "Node Type": "Index Scan",
                                                                                                                                "Parent Relationship": "Inner",
                                                                                                                                "Parallel Aware": false,
                                                                                                                                "Async Capable": false,
                                                                                                                                "Scan Direction": "Forward",
                                                                                                                                "Index Name": "movie_id_movie_info_idx",
                                                                                                                                "Relation Name": "movie_info_idx",
                                                                                                                                "Alias": "miidx",
                                                                                                                                "Startup Cost": 0.43,
                                                                                                                                "Total Cost": 78456.85,
                                                                                                                                "Plan Rows": 1117,
                                                                                                                                "Plan Width": 8,
                                                                                                                                "Actual Startup Time": 0.004,
                                                                                                                                "Actual Total Time": 604.986,
                                                                                                                                "Actual Rows": 678367,
                                                                                                                                "Actual Loops": 1,
                                                                                                                                "Filter": "((info ~ '^(?:[1-9]\\d*|0)?(?:\\.\\d+)?$'::text) AND (info ~ '^(?:[1-9]\\d*|0)?(?:\\.\\d+)?$'::text) AND (info_type_id = 100) AND ('0'::double precision <= (info)::double precision) AND ((info)::double precision <= '1000'::double precision))",
                                                                                                                                "Rows Removed by Filter": 1459849
                                                                                                                            }
                                                                                                                        ]
                                                                                                                    }
                                                                                                                ]
                                                                                                            }
                                                                                                        ]
                                                                                                    },
                                                                                                    {
                                                                                                        "Node Type": "Hash",
                                                                                                        "Parent Relationship": "Inner",
                                                                                                        "Parallel Aware": false,
                                                                                                        "Async Capable": false,
                                                                                                        "Startup Cost": 1.09,
                                                                                                        "Total Cost": 1.09,
                                                                                                        "Plan Rows": 2,
                                                                                                        "Plan Width": 4,
                                                                                                        "Actual Startup Time": 0.01,
                                                                                                        "Actual Total Time": 0.01,
                                                                                                        "Actual Rows": 2,
                                                                                                        "Actual Loops": 1,
                                                                                                        "Hash Buckets": 1024,
                                                                                                        "Original Hash Buckets": 1024,
                                                                                                        "Hash Batches": 1,
                                                                                                        "Original Hash Batches": 1,
                                                                                                        "Peak Memory Usage": 9,
                                                                                                        "Plans": [
                                                                                                            {
                                                                                                                "Node Type": "Seq Scan",
                                                                                                                "Parent Relationship": "Outer",
                                                                                                                "Parallel Aware": false,
                                                                                                                "Async Capable": false,
                                                                                                                "Relation Name": "kind_type",
                                                                                                                "Alias": "kt",
                                                                                                                "Startup Cost": 0.0,
                                                                                                                "Total Cost": 1.09,
                                                                                                                "Plan Rows": 2,
                                                                                                                "Plan Width": 4,
                                                                                                                "Actual Startup Time": 0.007,
                                                                                                                "Actual Total Time": 0.007,
                                                                                                                "Actual Rows": 2,
                                                                                                                "Actual Loops": 1,
                                                                                                                "Filter": "((kind)::text = ANY ('{episode,movie}'::text[]))",
                                                                                                                "Rows Removed by Filter": 5
                                                                                                            }
                                                                                                        ]
                                                                                                    }
                                                                                                ]
                                                                                            }
                                                                                        ]
                                                                                    }
                                                                                ]
                                                                            },
                                                                            {
                                                                                "Node Type": "Index Scan",
                                                                                "Parent Relationship": "Inner",
                                                                                "Parallel Aware": false,
                                                                                "Async Capable": false,
                                                                                "Scan Direction": "Forward",
                                                                                "Index Name": "name_pkey",
                                                                                "Relation Name": "name",
                                                                                "Alias": "n",
                                                                                "Startup Cost": 0.43,
                                                                                "Total Cost": 251148.71,
                                                                                "Plan Rows": 75289,
                                                                                "Plan Width": 4,
                                                                                "Actual Startup Time": 219.096,
                                                                                "Actual Total Time": 622.478,
                                                                                "Actual Rows": 71752,
                                                                                "Actual Loops": 1,
                                                                                "Filter": "((((gender)::text = 'f'::text) OR (gender IS NULL)) AND (((name_pcode_nf)::text = ANY ('{A5362,J2452,J5162,M2345,M252,M6453,R2562,S26,S3151,S3152,T5252,T6252}'::text[])) OR (name_pcode_nf IS NULL)))",
                                                                                "Rows Removed by Filter": 3492505
                                                                            }
                                                                        ]
                                                                    }
                                                                ]
                                                            }
                                                        ]
                                                    },
                                                    {
                                                        "Node Type": "Seq Scan",
                                                        "Parent Relationship": "Inner",
                                                        "Parallel Aware": false,
                                                        "Async Capable": false,
                                                        "Relation Name": "info_type",
                                                        "Alias": "it1",
                                                        "Startup Cost": 0.0,
                                                        "Total Cost": 2.41,
                                                        "Plan Rows": 1,
                                                        "Plan Width": 4,
                                                        "Actual Startup Time": 0.001,
                                                        "Actual Total Time": 0.002,
                                                        "Actual Rows": 1,
                                                        "Actual Loops": 1234,
                                                        "Filter": "(id = 8)",
                                                        "Rows Removed by Filter": 112
                                                    }
                                                ]
                                            },
                                            {
                                                "Node Type": "Seq Scan",
                                                "Parent Relationship": "Inner",
                                                "Parallel Aware": false,
                                                "Async Capable": false,
                                                "Relation Name": "info_type",
                                                "Alias": "it3",
                                                "Startup Cost": 0.0,
                                                "Total Cost": 2.41,
                                                "Plan Rows": 1,
                                                "Plan Width": 4,
                                                "Actual Startup Time": 0.002,
                                                "Actual Total Time": 0.002,
                                                "Actual Rows": 1,
                                                "Actual Loops": 1234,
                                                "Filter": "(id = 100)",
                                                "Rows Removed by Filter": 112
                                            }
                                        ]
                                    },
                                    {
                                        "Node Type": "Seq Scan",
                                        "Parent Relationship": "Inner",
                                        "Parallel Aware": false,
                                        "Async Capable": false,
                                        "Relation Name": "info_type",
                                        "Alias": "it5",
                                        "Startup Cost": 0.0,
                                        "Total Cost": 2.41,
                                        "Plan Rows": 1,
                                        "Plan Width": 4,
                                        "Actual Startup Time": 0.001,
                                        "Actual Total Time": 0.002,
                                        "Actual Rows": 1,
                                        "Actual Loops": 1234,
                                        "Filter": "(id = 19)",
                                        "Rows Removed by Filter": 112
                                    }
                                ]
                            }
                        ]
                    },
                    "Planning Time": 76.084,
                    "Triggers": [],
                    "Execution Time": 7270.053
                }
            ],
            "hints": [
                "SET enable_hashjoin TO on",
                "SET enable_indexonlyscan TO on",
                "SET enable_indexscan TO on",
                "SET enable_mergejoin TO on",
                "SET enable_nestloop TO off",
                "SET enable_seqscan TO on"
            ]
        },
        {
            "arm": 2,
            "execution_time": 1054.235,
            "plan": [
                {
                    "Plan": {
                        "Node Type": "Aggregate",
                        "Strategy": "Plain",
                        "Partial Mode": "Finalize",
                        "Parallel Aware": false,
                        "Async Capable": false,
                        "Startup Cost": 824687.51,
                        "Total Cost": 824687.52,
                        "Plan Rows": 1,
                        "Plan Width": 8,
                        "Actual Startup Time": 1033.937,
                        "Actual Total Time": 1054.169,
                        "Actual Rows": 1,
                        "Actual Loops": 1,
                        "Plans": [
                            {
                                "Node Type": "Gather",
                                "Parent Relationship": "Outer",
                                "Parallel Aware": false,
                                "Async Capable": false,
                                "Startup Cost": 824687.09,
                                "Total Cost": 824687.5,
                                "Plan Rows": 4,
                                "Plan Width": 8,
                                "Actual Startup Time": 1033.483,
                                "Actual Total Time": 1054.164,
                                "Actual Rows": 5,
                                "Actual Loops": 1,
                                "Workers Planned": 4,
                                "Workers Launched": 4,
                                "Single Copy": false,
                                "Plans": [
                                    {
                                        "Node Type": "Aggregate",
                                        "Strategy": "Plain",
                                        "Partial Mode": "Partial",
                                        "Parent Relationship": "Outer",
                                        "Parallel Aware": false,
                                        "Async Capable": false,
                                        "Startup Cost": 823687.09,
                                        "Total Cost": 823687.1,
                                        "Plan Rows": 1,
                                        "Plan Width": 8,
                                        "Actual Startup Time": 1031.124,
                                        "Actual Total Time": 1031.139,
                                        "Actual Rows": 1,
                                        "Actual Loops": 5,
                                        "Workers": [],
                                        "Plans": [
                                            {
                                                "Node Type": "Nested Loop",
                                                "Parent Relationship": "Outer",
                                                "Parallel Aware": false,
                                                "Async Capable": false,
                                                "Join Type": "Inner",
                                                "Startup Cost": 763266.69,
                                                "Total Cost": 823687.08,
                                                "Plan Rows": 1,
                                                "Plan Width": 0,
                                                "Actual Startup Time": 1002.152,
                                                "Actual Total Time": 1031.127,
                                                "Actual Rows": 247,
                                                "Actual Loops": 5,
                                                "Inner Unique": true,
                                                "Join Filter": "(ci.role_id = rt.id)",
                                                "Rows Removed by Join Filter": 60,
                                                "Workers": [],
                                                "Plans": [
                                                    {
                                                        "Node Type": "Nested Loop",
                                                        "Parent Relationship": "Outer",
                                                        "Parallel Aware": false,
                                                        "Async Capable": false,
                                                        "Join Type": "Inner",
                                                        "Startup Cost": 763266.69,
                                                        "Total Cost": 823685.88,
                                                        "Plan Rows": 1,
                                                        "Plan Width": 4,
                                                        "Actual Startup Time": 1002.143,
                                                        "Actual Total Time": 1031.014,
                                                        "Actual Rows": 260,
                                                        "Actual Loops": 5,
                                                        "Inner Unique": false,
                                                        "Workers": [],
                                                        "Plans": [
                                                            {
                                                                "Node Type": "Hash Join",
                                                                "Parent Relationship": "Outer",
                                                                "Parallel Aware": true,
                                                                "Async Capable": false,
                                                                "Join Type": "Inner",
                                                                "Startup Cost": 763266.69,
                                                                "Total Cost": 823683.46,
                                                                "Plan Rows": 1,
                                                                "Plan Width": 8,
                                                                "Actual Startup Time": 1002.137,
                                                                "Actual Total Time": 1030.384,
                                                                "Actual Rows": 260,
                                                                "Actual Loops": 5,
                                                                "Inner Unique": false,
                                                                "Hash Cond": "(pi1.person_id = n.id)",
                                                                "Workers": [],
                                                                "Plans": [
                                                                    {
                                                                        "Node Type": "Seq Scan",
                                                                        "Parent Relationship": "Outer",
                                                                        "Parallel Aware": true,
                                                                        "Async Capable": false,
                                                                        "Relation Name": "person_info",
                                                                        "Alias": "pi1",
                                                                        "Startup Cost": 0.0,
                                                                        "Total Cost": 60333.3,
                                                                        "Plan Rows": 22257,
                                                                        "Plan Width": 8,
                                                                        "Actual Startup Time": 0.008,
                                                                        "Actual Total Time": 29.262,
                                                                        "Actual Rows": 16837,
                                                                        "Actual Loops": 5,
                                                                        "Filter": "(info_type_id = 19)",
                                                                        "Rows Removed by Filter": 575896,
                                                                        "Workers": []
                                                                    },
                                                                    {
                                                                        "Node Type": "Hash",
                                                                        "Parent Relationship": "Inner",
                                                                        "Parallel Aware": true,
                                                                        "Async Capable": false,
                                                                        "Startup Cost": 763266.68,
                                                                        "Total Cost": 763266.68,
                                                                        "Plan Rows": 1,
                                                                        "Plan Width": 16,
                                                                        "Actual Startup Time": 1000.311,
                                                                        "Actual Total Time": 1000.325,
                                                                        "Actual Rows": 653,
                                                                        "Actual Loops": 5,
                                                                        "Hash Buckets": 4096,
                                                                        "Original Hash Buckets": 1024,
                                                                        "Hash Batches": 1,
                                                                        "Original Hash Batches": 1,
                                                                        "Peak Memory Usage": 280,
                                                                        "Workers": [],
                                                                        "Plans": [
                                                                            {
                                                                                "Node Type": "Hash Join",
                                                                                "Parent Relationship": "Outer",
                                                                                "Parallel Aware": true,
                                                                                "Async Capable": false,
                                                                                "Join Type": "Inner",
                                                                                "Startup Cost": 747852.77,
                                                                                "Total Cost": 763266.68,
                                                                                "Plan Rows": 1,
                                                                                "Plan Width": 16,
                                                                                "Actual Startup Time": 982.209,
                                                                                "Actual Total Time": 999.74,
                                                                                "Actual Rows": 653,
                                                                                "Actual Loops": 5,
                                                                                "Inner Unique": false,
                                                                                "Hash Cond": "(an.person_id = n.id)",
                                                                                "Workers": [],
                                                                                "Plans": [
                                                                                    {
                                                                                        "Node Type": "Seq Scan",
                                                                                        "Parent Relationship": "Outer",
                                                                                        "Parallel Aware": true,
                                                                                        "Async Capable": false,
                                                                                        "Relation Name": "aka_name",
                                                                                        "Alias": "an",
                                                                                        "Startup Cost": 0.0,
                                                                                        "Total Cost": 14323.56,
                                                                                        "Plan Rows": 290756,
                                                                                        "Plan Width": 4,
                                                                                        "Actual Startup Time": 0.016,
                                                                                        "Actual Total Time": 11.222,
                                                                                        "Actual Rows": 180269,
                                                                                        "Actual Loops": 5,
                                                                                        "Workers": []
                                                                                    },
                                                                                    {
                                                                                        "Node Type": "Hash",
                                                                                        "Parent Relationship": "Inner",
                                                                                        "Parallel Aware": true,
                                                                                        "Async Capable": false,
                                                                                        "Startup Cost": 747852.76,
                                                                                        "Total Cost": 747852.76,
                                                                                        "Plan Rows": 1,
                                                                                        "Plan Width": 12,
                                                                                        "Actual Startup Time": 981.598,
                                                                                        "Actual Total Time": 981.611,
                                                                                        "Actual Rows": 949,
                                                                                        "Actual Loops": 5,
                                                                                        "Hash Buckets": 8192,
                                                                                        "Original Hash Buckets": 1024,
                                                                                        "Hash Batches": 1,
                                                                                        "Original Hash Batches": 1,
                                                                                        "Peak Memory Usage": 472,
                                                                                        "Workers": [],
                                                                                        "Plans": [
                                                                                            {
                                                                                                "Node Type": "Nested Loop",
                                                                                                "Parent Relationship": "Outer",
                                                                                                "Parallel Aware": false,
                                                                                                "Async Capable": false,
                                                                                                "Join Type": "Inner",
                                                                                                "Startup Cost": 508351.46,
                                                                                                "Total Cost": 747852.76,
                                                                                                "Plan Rows": 1,
                                                                                                "Plan Width": 12,
                                                                                                "Actual Startup Time": 899.599,
                                                                                                "Actual Total Time": 946.569,
                                                                                                "Actual Rows": 949,
                                                                                                "Actual Loops": 5,
                                                                                                "Inner Unique": false,
                                                                                                "Workers": [],
                                                                                                "Plans": [
                                                                                                    {
                                                                                                        "Node Type": "Nested Loop",
                                                                                                        "Parent Relationship": "Outer",
                                                                                                        "Parallel Aware": false,
                                                                                                        "Async Capable": false,
                                                                                                        "Join Type": "Inner",
                                                                                                        "Startup Cost": 508351.46,
                                                                                                        "Total Cost": 747850.34,
                                                                                                        "Plan Rows": 1,
                                                                                                        "Plan Width": 16,
                                                                                                        "Actual Startup Time": 899.596,
                                                                                                        "Actual Total Time": 944.278,
                                                                                                        "Actual Rows": 949,
                                                                                                        "Actual Loops": 5,
                                                                                                        "Inner Unique": false,
                                                                                                        "Workers": [],
                                                                                                        "Plans": [
                                                                                                            {
                                                                                                                "Node Type": "Nested Loop",
                                                                                                                "Parent Relationship": "Outer",
                                                                                                                "Parallel Aware": false,
                                                                                                                "Async Capable": false,
                                                                                                                "Join Type": "Inner",
                                                                                                                "Startup Cost": 508351.46,
                                                                                                                "Total Cost": 747847.92,
                                                                                                                "Plan Rows": 1,
                                                                                                                "Plan Width": 20,
                                                                                                                "Actual Startup Time": 899.59,
                                                                                                                "Actual Total Time": 941.945,
                                                                                                                "Actual Rows": 949,
                                                                                                                "Actual Loops": 5,
                                                                                                                "Inner Unique": false,
                                                                                                                "Workers": [],
                                                                                                                "Plans": [
                                                                                                                    {
                                                                                                                        "Node Type": "Nested Loop",
                                                                                                                        "Parent Relationship": "Outer",
                                                                                                                        "Parallel Aware": false,
                                                                                                                        "Async Capable": false,
                                                                                                                        "Join Type": "Inner",
                                                                                                                        "Startup Cost": 508351.46,
                                                                                                                        "Total Cost": 747845.49,
                                                                                                                        "Plan Rows": 1,
                                                                                                                        "Plan Width": 24,
                                                                                                                        "Actual Startup Time": 899.584,
                                                                                                                        "Actual Total Time": 939.62,
                                                                                                                        "Actual Rows": 949,
                                                                                                                        "Actual Loops": 5,
                                                                                                                        "Inner Unique": true,
                                                                                                                        "Join Filter": "(t.kind_id = kt.id)",
                                                                                                                        "Rows Removed by Join Filter": 1492,
                                                                                                                        "Workers": [],
                                                                                                                        "Plans": [
                                                                                                                            {
                                                                                                                                "Node Type": "Hash Join",
                                                                                                                                "Parent Relationship": "Outer",
                                                                                                                                "Parallel Aware": true,
                                                                                                                                "Async Capable": false,
                                                                                                                                "Join Type": "Inner",
                                                                                                                                "Startup Cost": 508351.46,
                                                                                                                                "Total Cost": 747844.38,
                                                                                                                                "Plan Rows": 1,
                                                                                                                                "Plan Width": 28,
                                                                                                                                "Actual Startup Time": 899.374,
                                                                                                                                "Actual Total Time": 938.877,
                                                                                                                                "Actual Rows": 1660,
                                                                                                                                "Actual Loops": 5,
                                                                                                                                "Inner Unique": false,
                                                                                                                                "Hash Cond": "(mi1.movie_id = t.id)",
                                                                                                                                "Workers": [],
                                                                                                                                "Plans": [
                                                                                                                                    {
                                                                                                                                        "Node Type": "Seq Scan",
                                                                                                                                        "Parent Relationship": "Outer",
                                                                                                                                        "Parallel Aware": true,
                                                                                                                                        "Async Capable": false,
                                                                                                                                        "Relation Name": "movie_info",
                                                                                                                                        "Alias": "mi1",
                                                                                                                                        "Startup Cost": 0.0,
                                                                                                                                        "Total Cost": 239422.43,
                                                                                                                                        "Plan Rows": 18795,
                                                                                                                                        "Plan Width": 8,
                                                                                                                                        "Actual Startup Time": 86.649,
                                                                                                                                        "Actual Total Time": 118.153,
                                                                                                                                        "Actual Rows": 201229,
                                                                                                                                        "Actual Loops": 5,
                                                                                                                                        "Filter": "((info_type_id = 8) AND (info = ANY ('{Argentina,Canada,France,Germany,Italy,Japan,Mexico,Netherlands,Spain,UK,USA}'::text[])))",
                                                                                                                                        "Rows Removed by Filter": 2765915,
                                                                                                                                        "Workers": []
                                                                                                                                    },
                                                                                                                                    {
                                                                                                                                        "Node Type": "Hash",
                                                                                                                                        "Parent Relationship": "Inner",
                                                                                                                                        "Parallel Aware": true,
                                                                                                                                        "Async Capable": false,
                                                                                                                                        "Startup Cost": 508351.45,
                                                                                                                                        "Total Cost": 508351.45,
                                                                                                                                        "Plan Rows": 1,
                                                                                                                                        "Plan Width": 40,
                                                                                                                                        "Actual Startup Time": 812.553,
                                                                                                                                        "Actual Total Time": 812.561,
                                                                                                                                        "Actual Rows": 2365,
                                                                                                                                        "Actual Loops": 5,
                                                                                                                                        "Hash Buckets": 16384,
                                                                                                                                        "Original Hash Buckets": 1024,
                                                                                                                                        "Hash Batches": 1,
                                                                                                                                        "Original Hash Batches": 1,
                                                                                                                                        "Peak Memory Usage": 1144,
                                                                                                                                        "Workers": [],
                                                                                                                                        "Plans": [
                                                                                                                                            {
                                                                                                                                                "Node Type": "Hash Join",
                                                                                                                                                "Parent Relationship": "Outer",
                                                                                                                                                "Parallel Aware": true,
                                                                                                                                                "Async Capable": false,
                                                                                                                                                "Join Type": "Inner",
                                                                                                                                                "Startup Cost": 460966.09,
                                                                                                                                                "Total Cost": 508351.45,
                                                                                                                                                "Plan Rows": 1,
                                                                                                                                                "Plan Width": 40,
                                                                                                                                                "Actual Startup Time": 759.187,
                                                                                                                                                "Actual Total Time": 806.558,
                                                                                                                                                "Actual Rows": 2365,
                                                                                                                                                "Actual Loops": 5,
                                                                                                                                                "Inner Unique": false,
                                                                                                                                                "Hash Cond": "(t.id = ci.movie_id)",
                                                                                                                                                "Workers": [],
                                                                                                                                                "Plans": [
                                                                                                                                                    {
                                                                                                                                                        "Node Type": "Seq Scan",
                                                                                                                                                        "Parent Relationship": "Outer",
                                                                                                                                                        "Parallel Aware": true,
                                                                                                                                                        "Async Capable": false,
                                                                                                                                                        "Relation Name": "title",
                                                                                                                                                        "Alias": "t",
                                                                                                                                                        "Startup Cost": 0.0,
                                                                                                                                                        "Total Cost": 45490.07,
                                                                                                                                                        "Plan Rows": 505406,
                                                                                                                                                        "Plan Width": 8,
                                                                                                                                                        "Actual Startup Time": 0.004,
                                                                                                                                                        "Actual Total Time": 30.805,
                                                                                                                                                        "Actual Rows": 403733,
                                                                                                                                                        "Actual Loops": 5,
                                                                                                                                                        "Filter": "((production_year <= 2015) AND (production_year >= 1975))",
                                                                                                                                                        "Rows Removed by Filter": 101929,
                                                                                                                                                        "Workers": []
                                                                                                                                                    },
                                                                                                                                                    {
                                                                                                                                                        "Node Type": "Hash",
                                                                                                                                                        "Parent Relationship": "Inner",
                                                                                                                                                        "Parallel Aware": true,
                                                                                                                                                        "Async Capable": false,
                                                                                                                                                        "Startup Cost": 460966.08,
                                                                                                                                                        "Total Cost": 460966.08,
                                                                                                                                                        "Plan Rows": 1,
                                                                                                                                                        "Plan Width": 32,
                                                                                                                                                        "Actual Startup Time": 759.025,
                                                                                                                                                        "Actual Total Time": 759.032,
                                                                                                                                                        "Actual Rows": 2553,
                                                                                                                                                        "Actual Loops": 5,
                                                                                                                                                        "Hash Buckets": 16384,
                                                                                                                                                        "Original Hash Buckets": 1024,
                                                                                                                                                        "Hash Batches": 1,
                                                                                                                                                        "Original Hash Batches": 1,
                                                                                                                                                        "Peak Memory Usage": 1080,
                                                                                                                                                        "Workers": [],
                                                                                                                                                        "Plans": [
                                                                                                                                                            {
                                                                                                                                                                "Node Type": "Hash Join",
                                                                                                                                                                "Parent Relationship": "Outer",
                                                                                                                                                                "Parallel Aware": true,
                                                                                                                                                                "Async Capable": false,
                                                                                                                                                                "Join Type": "Inner",
                                                                                                                                                                "Startup Cost": 137862.25,
                                                                                                                                                                "Total Cost": 460966.08,
                                                                                                                                                                "Plan Rows": 1,
                                                                                                                                                                "Plan Width": 32,
                                                                                                                                                                "Actual Startup Time": 309.095,
                                                                                                                                                                "Actual Total Time": 708.601,
                                                                                                                                                                "Actual Rows": 2553,
                                                                                                                                                                "Actual Loops": 5,
                                                                                                                                                                "Inner Unique": false,
                                                                                                                                                                "Hash Cond": "(ci.movie_id = miidx.movie_id)",
                                                                                                                                                                "Workers": [],
                                                                                                                                                                "Plans": [
                                                                                                                                                                    {
                                                                                                                                                                        "Node Type": "Hash Join",
                                                                                                                                                                        "Parent Relationship": "Outer",
                                                                                                                                                                        "Parallel Aware": true,
                                                                                                                                                                        "Async Capable": false,
                                                                                                                                                                        "Join Type": "Inner",
                                                                                                                                                                        "Startup Cost": 84542.78,
                                                                                                                                                                        "Total Cost": 407395.59,
                                                                                                                                                                        "Plan Rows": 66933,
                                                                                                                                                                        "Plan Width": 16,
                                                                                                                                                                        "Actual Startup Time": 110.909,
                                                                                                                                                                        "Actual Total Time": 504.758,
                                                                                                                                                                        "Actual Rows": 61328,
                                                                                                                                                                        "Actual Loops": 5,
                                                                                                                                                                        "Inner Unique": true,
                                                                                                                                                                        "Hash Cond": "(ci.person_id = n.id)",
                                                                                                                                                                        "Workers": [],
                                                                                                                                                                        "Plans": [
                                                                                                                                                                            {
                                                                                                                                                                                "Node Type": "Seq Scan",
                                                                                                                                                                                "Parent Relationship": "Outer",
                                                                                                                                                                                "Parallel Aware": true,
                                                                                                                                                                                "Async Capable": false,
                                                                                                                                                                                "Relation Name": "cast_info",
                                                                                                                                                                                "Alias": "ci",
                                                                                                                                                                                "Startup Cost": 0.0,
                                                                                                                                                                                "Total Cost": 313127.24,
                                                                                                                                                                                "Plan Rows": 3704978,
                                                                                                                                                                                "Plan Width": 12,
                                                                                                                                                                                "Actual Startup Time": 19.33,
                                                                                                                                                                                "Actual Total Time": 278.947,
                                                                                                                                                                                "Actual Rows": 4401450,
                                                                                                                                                                                "Actual Loops": 5,
                                                                                                                                                                                "Filter": "(note IS NULL)",
                                                                                                                                                                                "Rows Removed by Filter": 2847418,
                                                                                                                                                                                "Workers": []
                                                                                                                                                                            },
                                                                                                                                                                            {
                                                                                                                                                                                "Node Type": "Hash",
                                                                                                                                                                                "Parent Relationship": "Inner",
                                                                                                                                                                                "Parallel Aware": true,
                                                                                                                                                                                "Async Capable": false,
                                                                                                                                                                                "Startup Cost": 84307.5,
                                                                                                                                                                                "Total Cost": 84307.5,
                                                                                                                                                                                "Plan Rows": 18822,
                                                                                                                                                                                "Plan Width": 4,
                                                                                                                                                                                "Actual Startup Time": 89.425,
                                                                                                                                                                                "Actual Total Time": 89.426,
                                                                                                                                                                                "Actual Rows": 17676,
                                                                                                                                                                                "Actual Loops": 5,
                                                                                                                                                                                "Hash Buckets": 131072,
                                                                                                                                                                                "Original Hash Buckets": 131072,
                                                                                                                                                                                "Hash Batches": 1,
                                                                                                                                                                                "Original Hash Batches": 1,
                                                                                                                                                                                "Peak Memory Usage": 4544,
                                                                                                                                                                                "Workers": [],
                                                                                                                                                                                "Plans": [
                                                                                                                                                                                    {
                                                                                                                                                                                        "Node Type": "Seq Scan",
                                                                                                                                                                                        "Parent Relationship": "Outer",
                                                                                                                                                                                        "Parallel Aware": true,
                                                                                                                                                                                        "Async Capable": false,
                                                                                                                                                                                        "Relation Name": "name",
                                                                                                                                                                                        "Alias": "n",
                                                                                                                                                                                        "Startup Cost": 0.0,
                                                                                                                                                                                        "Total Cost": 84307.5,
                                                                                                                                                                                        "Plan Rows": 18822,
                                                                                                                                                                                        "Plan Width": 4,
                                                                                                                                                                                        "Actual Startup Time": 12.702,
                                                                                                                                                                                        "Actual Total Time": 88.037,
                                                                                                                                                                                        "Actual Rows": 17676,
                                                                                                                                                                                        "Actual Loops": 5,
                                                                                                                                                                                        "Filter": "((((gender)::text = 'f'::text) OR (gender IS NULL)) AND (((name_pcode_nf)::text = ANY ('{A5362,J2452,J5162,M2345,M252,M6453,R2562,S26,S3151,S3152,T5252,T6252}'::text[])) OR (name_pcode_nf IS NULL)))",
                                                                                                                                                                                        "Rows Removed by Filter": 815822,
                                                                                                                                                                                        "Workers": []
                                                                                                                                                                                    }
                                                                                                                                                                                ]
                                                                                                                                                                            }
                                                                                                                                                                        ]
                                                                                                                                                                    },
                                                                                                                                                                    {
                                                                                                                                                                        "Node Type": "Hash",
                                                                                                                                                                        "Parent Relationship": "Inner",
                                                                                                                                                                        "Parallel Aware": true,
                                                                                                                                                                        "Async Capable": false,
                                                                                                                                                                        "Startup Cost": 53319.46,
                                                                                                                                                                        "Total Cost": 53319.46,
                                                                                                                                                                        "Plan Rows": 1,
                                                                                                                                                                        "Plan Width": 16,
                                                                                                                                                                        "Actual Startup Time": 198.018,
                                                                                                                                                                        "Actual Total Time": 198.02,
                                                                                                                                                                        "Actual Rows": 10811,
                                                                                                                                                                        "Actual Loops": 5,
                                                                                                                                                                        "Hash Buckets": 65536,
                                                                                                                                                                        "Original Hash Buckets": 1024,
                                                                                                                                                                        "Hash Batches": 1,
                                                                                                                                                                        "Original Hash Batches": 1,
                                                                                                                                                                        "Peak Memory Usage": 3672,
                                                                                                                                                                        "Workers": [],
                                                                                                                                                                        "Plans": [
                                                                                                                                                                            {
                                                                                                                                                                                "Node Type": "Hash Join",
                                                                                                                                                                                "Parent Relationship": "Outer",
                                                                                                                                                                                "Parallel Aware": true,
                                                                                                                                                                                "Async Capable": false,
                                                                                                                                                                                "Join Type": "Inner",
                                                                                                                                                                                "Startup Cost": 26661.74,
                                                                                                                                                                                "Total Cost": 53319.46,
                                                                                                                                                                                "Plan Rows": 1,
                                                                                                                                                                                "Plan Width": 16,
                                                                                                                                                                                "Actual Startup Time": 96.776,
                                                                                                                                                                                "Actual Total Time": 175.074,
                                                                                                                                                                                "Actual Rows": 10811,
                                                                                                                                                                                "Actual Loops": 5,
                                                                                                                                                                                "Inner Unique": false,
                                                                                                                                                                                "Hash Cond": "(miidx.movie_id = mii2.movie_id)",
                                                                                                                                                                                "Workers": [],
                                                                                                                                                                                "Plans": [
                                                                                                                                                                                    {
                                                                                                                                                                                        "Node Type": "Seq Scan",
                                                                                                                                                                                        "Parent Relationship": "Outer",
                                                                                                                                                                                        "Parallel Aware": true,
                                                                                                                                                                                        "Async Capable": false,
                                                                                                                                                                                        "Relation Name": "movie_info_idx",
                                                                                                                                                                                        "Alias": "miidx",
                                                                                                                                                                                        "Startup Cost": 0.0,
                                                                                                                                                                                        "Total Cost": 26655.97,
                                                                                                                                                                                        "Plan Rows": 465,
                                                                                                                                                                                        "Plan Width": 8,
                                                                                                                                                                                        "Actual Startup Time": 0.007,
                                                                                                                                                                                        "Actual Total Time": 73.158,
                                                                                                                                                                                        "Actual Rows": 87859,
                                                                                                                                                                                        "Actual Loops": 5,
                                                                                                                                                                                        "Filter": "((info ~ '^(?:[1-9]\\d*|0)?(?:\\.\\d+)?$'::text) AND (info ~ '^(?:[1-9]\\d*|0)?(?:\\.\\d+)?$'::text) AND (info_type_id = 100) AND ('0'::double precision <= (info)::double precision) AND ((info)::double precision <= '1000'::double precision))",
                                                                                                                                                                                        "Rows Removed by Filter": 188148,
                                                                                                                                                                                        "Workers": []
                                                                                                                                                                                    },
                                                                                                                                                                                    {
                                                                                                                                                                                        "Node Type": "Hash",
                                                                                                                                                                                        "Parent Relationship": "Inner",
                                                                                                                                                                                        "Parallel Aware": true,
                                                                                                                                                                                        "Async Capable": false,
                                                                                                                                                                                        "Startup Cost": 26655.97,
                                                                                                                                                                                        "Total Cost": 26655.97,
                                                                                                                                                                                        "Plan Rows": 461,
                                                                                                                                                                                        "Plan Width": 8,
                                                                                                                                                                                        "Actual Startup Time": 96.751,
                                                                                                                                                                                        "Actual Total Time": 96.752,
                                                                                                                                                                                        "Actual Rows": 11015,
                                                                                                                                                                                        "Actual Loops": 5,
                                                                                                                                                                                        "Hash Buckets": 65536,
                                                                                                                                                                                        "Original Hash Buckets": 2048,
                                                                                                                                                                                        "Hash Batches": 1,
                                                                                                                                                                                        "Original Hash Batches": 1,
                                                                                                                                                                                        "Peak Memory Usage": 3248,
                                                                                                                                                                                        "Workers": [],
                                                                                                                                                                                        "Plans": [
                                                                                                                                                                                            {
                                                                                                                                                                                                "Node Type": "Seq Scan",
                                                                                                                                                                                                "Parent Relationship": "Outer",
                                                                                                                                                                                                "Parallel Aware": true,
                                                                                                                                                                                                "Async Capable": false,
                                                                                                                                                                                                "Relation Name": "movie_info_idx",
                                                                                                                                                                                                "Alias": "mii2",
                                                                                                                                                                                                "Startup Cost": 0.0,
                                                                                                                                                                                                "Total Cost": 26655.97,
                                                                                                                                                                                                "Plan Rows": 461,
                                                                                                                                                                                                "Plan Width": 8,
                                                                                                                                                                                                "Actual Startup Time": 0.075,
                                                                                                                                                                                                "Actual Total Time": 76.114,
                                                                                                                                                                                                "Actual Rows": 11015,
                                                                                                                                                                                                "Actual Loops": 5,
                                                                                                                                                                                                "Filter": "((info ~ '^(?:[1-9]\\d*|0)?(?:\\.\\d+)?$'::text) AND (info ~ '^(?:[1-9]\\d*|0)?(?:\\.\\d+)?$'::text) AND (info_type_id = 101) AND ((info)::double precision <= '4'::double precision) AND ('0'::double precision <= (info)::double precision))",
                                                                                                                                                                                                "Rows Removed by Filter": 264992,
                                                                                                                                                                                                "Workers": []
                                                                                                                                                                                            }
                                                                                                                                                                                        ]
                                                                                                                                                                                    }
                                                                                                                                                                                ]
                                                                                                                                                                            }
                                                                                                                                                                        ]
                                                                                                                                                                    }
                                                                                                                                                                ]
                                                                                                                                                            }
                                                                                                                                                        ]
                                                                                                                                                    }
                                                                                                                                                ]
                                                                                                                                            }
                                                                                                                                        ]
                                                                                                                                    }
                                                                                                                                ]
                                                                                                                            },
                                                                                                                            {
                                                                                                                                "Node Type": "Seq Scan",
                                                                                                                                "Parent Relationship": "Inner",
                                                                                                                                "Parallel Aware": false,
                                                                                                                                "Async Capable": false,
                                                                                                                                "Relation Name": "kind_type",
                                                                                                                                "Alias": "kt",
                                                                                                                                "Startup Cost": 0.0,
                                                                                                                                "Total Cost": 1.09,
                                                                                                                                "Plan Rows": 2,
                                                                                                                                "Plan Width": 4,
                                                                                                                                "Actual Startup Time": 0.0,
                                                                                                                                "Actual Total Time": 0.0,
                                                                                                                                "Actual Rows": 1,
                                                                                                                                "Actual Loops": 8301,
                                                                                                                                "Filter": "((kind)::text = ANY ('{episode,movie}'::text[]))",
                                                                                                                                "Rows Removed by Filter": 2,
                                                                                                                                "Workers": []
                                                                                                                            }
                                                                                                                        ]
                                                                                                                    },
                                                                                                                    {
                                                                                                                        "Node Type": "Seq Scan",
                                                                                                                        "Parent Relationship": "Inner",
                                                                                                                        "Parallel Aware": false,
                                                                                                                        "Async Capable": false,
                                                                                                                        "Relation Name": "info_type",
                                                                                                                        "Alias": "it1",
                                                                                                                        "Startup Cost": 0.0,
                                                                                                                        "Total Cost": 2.41,
                                                                                                                        "Plan Rows": 1,
                                                                                                                        "Plan Width": 4,
                                                                                                                        "Actual Startup Time": 0.001,
                                                                                                                        "Actual Total Time": 0.002,
                                                                                                                        "Actual Rows": 1,
                                                                                                                        "Actual Loops": 4744,
                                                                                                                        "Filter": "(id = 8)",
                                                                                                                        "Rows Removed by Filter": 112,
                                                                                                                        "Workers": []
                                                                                                                    }
                                                                                                                ]
                                                                                                            },
                                                                                                            {
                                                                                                                "Node Type": "Seq Scan",
                                                                                                                "Parent Relationship": "Inner",
                                                                                                                "Parallel Aware": false,
                                                                                                                "Async Capable": false,
                                                                                                                "Relation Name": "info_type",
                                                                                                                "Alias": "it3",
                                                                                                                "Startup Cost": 0.0,
                                                                                                                "Total Cost": 2.41,
                                                                                                                "Plan Rows": 1,
                                                                                                                "Plan Width": 4,
                                                                                                                "Actual Startup Time": 0.002,
                                                                                                                "Actual Total Time": 0.002,
                                                                                                                "Actual Rows": 1,
                                                                                                                "Actual Loops": 4744,
                                                                                                                "Filter": "(id = 100)",
                                                                                                                "Rows Removed by Filter": 112,
                                                                                                                "Workers": []
                                                                                                            }
                                                                                                        ]
                                                                                                    },
                                                                                                    {
                                                                                                        "Node Type": "Seq Scan",
                                                                                                        "Parent Relationship": "Inner",
                                                                                                        "Parallel Aware": false,
                                                                                                        "Async Capable": false,
                                                                                                        "Relation Name": "info_type",
                                                                                                        "Alias": "it4",
                                                                                                        "Startup Cost": 0.0,
                                                                                                        "Total Cost": 2.41,
                                                                                                        "Plan Rows": 1,
                                                                                                        "Plan Width": 4,
                                                                                                        "Actual Startup Time": 0.002,
                                                                                                        "Actual Total Time": 0.002,
                                                                                                        "Actual Rows": 1,
                                                                                                        "Actual Loops": 4744,
                                                                                                        "Filter": "(id = 101)",
                                                                                                        "Rows Removed by Filter": 112,
                                                                                                        "Workers": []
                                                                                                    }
                                                                                                ]
                                                                                            }
                                                                                        ]
                                                                                    }
                                                                                ]
                                                                            }
                                                                        ]
                                                                    }
                                                                ]
                                                            },
                                                            {
                                                                "Node Type": "Seq Scan",
                                                                "Parent Relationship": "Inner",
                                                                "Parallel Aware": false,
                                                                "Async Capable": false,
                                                                "Relation Name": "info_type",
                                                                "Alias": "it5",
                                                                "Startup Cost": 0.0,
                                                                "Total Cost": 2.41,
                                                                "Plan Rows": 1,
                                                                "Plan Width": 4,
                                                                "Actual Startup Time": 0.001,
                                                                "Actual Total Time": 0.002,
                                                                "Actual Rows": 1,
                                                                "Actual Loops": 1301,
                                                                "Filter": "(id = 19)",
                                                                "Rows Removed by Filter": 112,
                                                                "Workers": []
                                                            }
                                                        ]
                                                    },
                                                    {
                                                        "Node Type": "Seq Scan",
                                                        "Parent Relationship": "Inner",
                                                        "Parallel Aware": false,
                                                        "Async Capable": false,
                                                        "Relation Name": "role_type",
                                                        "Alias": "rt",
                                                        "Startup Cost": 0.0,
                                                        "Total Cost": 1.17,
                                                        "Plan Rows": 3,
                                                        "Plan Width": 4,
                                                        "Actual Startup Time": 0.0,
                                                        "Actual Total Time": 0.0,
                                                        "Actual Rows": 1,
                                                        "Actual Loops": 1301,
                                                        "Filter": "((role)::text = ANY ('{actress,director,editor}'::text[]))",
                                                        "Rows Removed by Filter": 2,
                                                        "Workers": []
                                                    }
                                                ]
                                            }
                                        ]
                                    }
                                ]
                            }
                        ]
                    },
                    "Planning Time": 36.87,
                    "Triggers": [],
                    "Execution Time": 1054.235
                }
            ],
            "hints": [
                "SET enable_hashjoin TO on",
                "SET enable_indexonlyscan TO on",
                "SET enable_indexscan TO off",
                "SET enable_mergejoin TO off",
                "SET enable_nestloop TO on",
                "SET enable_seqscan TO on"
            ]
        },
        {
            "arm": 3,
            "execution_time": 4728.271,
            "plan": [
                {
                    "Plan": {
                        "Node Type": "Aggregate",
                        "Strategy": "Plain",
                        "Partial Mode": "Simple",
                        "Parallel Aware": false,
                        "Async Capable": false,
                        "Startup Cost": 40001719382.55,
                        "Total Cost": 40001719382.56,
                        "Plan Rows": 1,
                        "Plan Width": 8,
                        "Actual Startup Time": 4728.17,
                        "Actual Total Time": 4728.183,
                        "Actual Rows": 1,
                        "Actual Loops": 1,
                        "Plans": [
                            {
                                "Node Type": "Hash Join",
                                "Parent Relationship": "Outer",
                                "Parallel Aware": false,
                                "Async Capable": false,
                                "Join Type": "Inner",
                                "Startup Cost": 40001168502.71,
                                "Total Cost": 40001719382.55,
                                "Plan Rows": 1,
                                "Plan Width": 0,
                                "Actual Startup Time": 4142.776,
                                "Actual Total Time": 4728.146,
                                "Actual Rows": 1234,
                                "Actual Loops": 1,
                                "Inner Unique": true,
                                "Hash Cond": "(ci.role_id = rt.id)",
                                "Plans": [
                                    {
                                        "Node Type": "Nested Loop",
                                        "Parent Relationship": "Outer",
                                        "Parallel Aware": false,
                                        "Async Capable": false,
                                        "Join Type": "Inner",
                                        "Startup Cost": 40001168501.51,
                                        "Total Cost": 40001719381.34,
                                        "Plan Rows": 1,
                                        "Plan Width": 4,
                                        "Actual Startup Time": 4142.756,
                                        "Actual Total Time": 4728.027,
                                        "Actual Rows": 1301,
                                        "Actual Loops": 1,
                                        "Inner Unique": false,
                                        "Plans": [
                                            {
                                                "Node Type": "Nested Loop",
                                                "Parent Relationship": "Outer",
                                                "Parallel Aware": false,
                                                "Async Capable": false,
                                                "Join Type": "Inner",
                                                "Startup Cost": 30001168501.51,
                                                "Total Cost": 30001719378.92,
                                                "Plan Rows": 1,
                                                "Plan Width": 8,
                                                "Actual Startup Time": 4142.754,
                                                "Actual Total Time": 4725.101,
                                                "Actual Rows": 1301,
                                                "Actual Loops": 1,
                                                "Inner Unique": false,
                                                "Plans": [
                                                    {
                                                        "Node Type": "Nested Loop",
                                                        "Parent Relationship": "Outer",
                                                        "Parallel Aware": false,
                                                        "Async Capable": false,
                                                        "Join Type": "Inner",
                                                        "Startup Cost": 20001168501.51,
                                                        "Total Cost": 20001719376.5,
                                                        "Plan Rows": 1,
                                                        "Plan Width": 12,
                                                        "Actual Startup Time": 4142.751,
                                                        "Actual Total Time": 4722.187,
                                                        "Actual Rows": 1301,
                                                        "Actual Loops": 1,
                                                        "Inner Unique": false,
                                                        "Plans": [
                                                            {
                                                                "Node Type": "Hash Join",
                                                                "Parent Relationship": "Outer",
                                                                "Parallel Aware": false,
                                                                "Async Capable": false,
                                                                "Join Type": "Inner",
                                                                "Startup Cost": 10001168501.51,
                                                                "Total Cost": 10001719374.07,
                                                                "Plan Rows": 1,
                                                                "Plan Width": 16,
                                                                "Actual Startup Time": 4142.742,
                                                                "Actual Total Time": 4719.202,
                                                                "Actual Rows": 1301,
                                                                "Actual Loops": 1,
                                                                "Inner Unique": true,
                                                                "Hash Cond": "(t.kind_id = kt.id)",
                                                                "Plans": [
                                                                    {
                                                                        "Node Type": "Hash Join",
                                                                        "Parent Relationship": "Outer",
                                                                        "Parallel Aware": false,
                                                                        "Async Capable": false,
                                                                        "Join Type": "Inner",
                                                                        "Startup Cost": 10001168500.4,
                                                                        "Total Cost": 10001719372.96,
                                                                        "Plan Rows": 1,
                                                                        "Plan Width": 20,
                                                                        "Actual Startup Time": 4142.736,
                                                                        "Actual Total Time": 4719.031,
                                                                        "Actual Rows": 3869,
                                                                        "Actual Loops": 1,
                                                                        "Inner Unique": false,
                                                                        "Hash Cond": "(mi1.movie_id = t.id)",
                                                                        "Plans": [
                                                                            {
                                                                                "Node Type": "Seq Scan",
                                                                                "Parent Relationship": "Outer",
                                                                                "Parallel Aware": false,
                                                                                "Async Capable": false,
                                                                                "Relation Name": "movie_info",
                                                                                "Alias": "mi1",
                                                                                "Startup Cost": 0.0,
                                                                                "Total Cost": 550520.15,
                                                                                "Plan Rows": 93975,
                                                                                "Plan Width": 8,
                                                                                "Actual Startup Time": 0.006,
                                                                                "Actual Total Time": 546.393,
                                                                                "Actual Rows": 1006143,
                                                                                "Actual Loops": 1,
                                                                                "Filter": "((info_type_id = 8) AND (info = ANY ('{Argentina,Canada,France,Germany,Italy,Japan,Mexico,Netherlands,Spain,UK,USA}'::text[])))",
                                                                                "Rows Removed by Filter": 13829577
                                                                            },
                                                                            {
                                                                                "Node Type": "Hash",
                                                                                "Parent Relationship": "Inner",
                                                                                "Parallel Aware": false,
                                                                                "Async Capable": false,
                                                                                "Startup Cost": 10001168500.38,
                                                                                "Total Cost": 10001168500.38,
                                                                                "Plan Rows": 1,
                                                                                "Plan Width": 32,
                                                                                "Actual Startup Time": 4142.537,
                                                                                "Actual Total Time": 4142.547,
                                                                                "Actual Rows": 5263,
                                                                                "Actual Loops": 1,
                                                                                "Hash Buckets": 8192,
                                                                                "Original Hash Buckets": 1024,
                                                                                "Hash Batches": 1,
                                                                                "Original Hash Batches": 1,
                                                                                "Peak Memory Usage": 393,
                                                                                "Plans": [
                                                                                    {
                                                                                        "Node Type": "Hash Join",
                                                                                        "Parent Relationship": "Outer",
                                                                                        "Parallel Aware": false,
                                                                                        "Async Capable": false,
                                                                                        "Join Type": "Inner",
                                                                                        "Startup Cost": 10000997956.04,
                                                                                        "Total Cost": 10001168500.38,
                                                                                        "Plan Rows": 1,
                                                                                        "Plan Width": 32,
                                                                                        "Actual Startup Time": 3817.362,
                                                                                        "Actual Total Time": 4142.208,
                                                                                        "Actual Rows": 5263,
                                                                                        "Actual Loops": 1,
                                                                                        "Inner Unique": false,
                                                                                        "Hash Cond": "(n.id = ci.person_id)",
                                                                                        "Plans": [
                                                                                            {
                                                                                                "Node Type": "Seq Scan",
                                                                                                "Parent Relationship": "Outer",
                                                                                                "Parallel Aware": false,
                                                                                                "Async Capable": false,
                                                                                                "Relation Name": "name",
                                                                                                "Alias": "n",
                                                                                                "Startup Cost": 0.0,
                                                                                                "Total Cost": 170262.0,
                                                                                                "Plan Rows": 75289,
                                                                                                "Plan Width": 4,
                                                                                                "Actual Startup Time": 13.263,
                                                                                                "Actual Total Time": 387.739,
                                                                                                "Actual Rows": 88379,
                                                                                                "Actual Loops": 1,
                                                                                                "Filter": "((((gender)::text = 'f'::text) OR (gender IS NULL)) AND (((name_pcode_nf)::text = ANY ('{A5362,J2452,J5162,M2345,M252,M6453,R2562,S26,S3151,S3152,T5252,T6252}'::text[])) OR (name_pcode_nf IS NULL)))",
                                                                                                "Rows Removed by Filter": 4079112
                                                                                            },
                                                                                            {
                                                                                                "Node Type": "Hash",
                                                                                                "Parent Relationship": "Inner",
                                                                                                "Parallel Aware": false,
                                                                                                "Async Capable": false,
                                                                                                "Startup Cost": 10000997955.82,
                                                                                                "Total Cost": 10000997955.82,
                                                                                                "Plan Rows": 17,
                                                                                                "Plan Width": 44,
                                                                                                "Actual Startup Time": 3737.724,
                                                                                                "Actual Total Time": 3737.733,
                                                                                                "Actual Rows": 251818,
                                                                                                "Actual Loops": 1,
                                                                                                "Hash Buckets": 262144,
                                                                                                "Original Hash Buckets": 1024,
                                                                                                "Hash Batches": 2,
                                                                                                "Original Hash Batches": 1,
                                                                                                "Peak Memory Usage": 14337,
                                                                                                "Plans": [
                                                                                                    {
                                                                                                        "Node Type": "Hash Join",
                                                                                                        "Parent Relationship": "Outer",
                                                                                                        "Parallel Aware": false,
                                                                                                        "Async Capable": false,
                                                                                                        "Join Type": "Inner",
                                                                                                        "Startup Cost": 10000909528.61,
                                                                                                        "Total Cost": 10000997955.82,
                                                                                                        "Plan Rows": 17,
                                                                                                        "Plan Width": 44,
                                                                                                        "Actual Startup Time": 3536.898,
                                                                                                        "Actual Total Time": 3718.607,
                                                                                                        "Actual Rows": 251818,
                                                                                                        "Actual Loops": 1,
                                                                                                        "Inner Unique": false,
                                                                                                        "Hash Cond": "(pi1.person_id = ci.person_id)",
                                                                                                        "Plans": [
                                                                                                            {
                                                                                                                "Node Type": "Seq Scan",
                                                                                                                "Parent Relationship": "Outer",
                                                                                                                "Parallel Aware": false,
                                                                                                                "Async Capable": false,
                                                                                                                "Relation Name": "person_info",
                                                                                                                "Alias": "pi1",
                                                                                                                "Startup Cost": 0.0,
                                                                                                                "Total Cost": 88093.19,
                                                                                                                "Plan Rows": 89029,
                                                                                                                "Plan Width": 8,
                                                                                                                "Actual Startup Time": 0.004,
                                                                                                                "Actual Total Time": 119.114,
                                                                                                                "Actual Rows": 84184,
                                                                                                                "Actual Loops": 1,
                                                                                                                "Filter": "(info_type_id = 19)",
                                                                                                                "Rows Removed by Filter": 2879480
                                                                                                            },
                                                                                                            {
                                                                                                                "Node Type": "Hash",
                                                                                                                "Parent Relationship": "Inner",
                                                                                                                "Parallel Aware": false,
                                                                                                                "Async Capable": false,
                                                                                                                "Startup Cost": 10000909528.33,
                                                                                                                "Total Cost": 10000909528.33,
                                                                                                                "Plan Rows": 22,
                                                                                                                "Plan Width": 36,
                                                                                                                "Actual Startup Time": 3536.748,
                                                                                                                "Actual Total Time": 3536.756,
                                                                                                                "Actual Rows": 643250,
                                                                                                                "Actual Loops": 1,
                                                                                                                "Hash Buckets": 262144,
                                                                                                                "Original Hash Buckets": 1024,
                                                                                                                "Hash Batches": 4,
                                                                                                                "Original Hash Batches": 1,
                                                                                                                "Peak Memory Usage": 14337,
                                                                                                                "Plans": [
                                                                                                                    {
                                                                                                                        "Node Type": "Hash Join",
                                                                                                                        "Parent Relationship": "Outer",
                                                                                                                        "Parallel Aware": false,
                                                                                                                        "Async Capable": false,
                                                                                                                        "Join Type": "Inner",
                                                                                                                        "Startup Cost": 10000885718.65,
                                                                                                                        "Total Cost": 10000909528.33,
                                                                                                                        "Plan Rows": 22,
                                                                                                                        "Plan Width": 36,
                                                                                                                        "Actual Startup Time": 3264.864,
                                                                                                                        "Actual Total Time": 3491.234,
                                                                                                                        "Actual Rows": 643250,
                                                                                                                        "Actual Loops": 1,
                                                                                                                        "Inner Unique": false,
                                                                                                                        "Hash Cond": "(an.person_id = ci.person_id)",
                                                                                                                        "Plans": [
                                                                                                                            {
                                                                                                                                "Node Type": "Seq Scan",
                                                                                                                                "Parent Relationship": "Outer",
                                                                                                                                "Parallel Aware": false,
                                                                                                                                "Async Capable": false,
                                                                                                                                "Relation Name": "aka_name",
                                                                                                                                "Alias": "an",
                                                                                                                                "Startup Cost": 0.0,
                                                                                                                                "Total Cost": 20429.43,
                                                                                                                                "Plan Rows": 901343,
                                                                                                                                "Plan Width": 4,
                                                                                                                                "Actual Startup Time": 0.003,
                                                                                                                                "Actual Total Time": 37.739,
                                                                                                                                "Actual Rows": 901343,
                                                                                                                                "Actual Loops": 1
                                                                                                                            },
                                                                                                                            {
                                                                                                                                "Node Type": "Hash",
                                                                                                                                "Parent Relationship": "Inner",
                                                                                                                                "Parallel Aware": false,
                                                                                                                                "Async Capable": false,
                                                                                                                                "Startup Cost": 10000885718.53,
                                                                                                                                "Total Cost": 10000885718.53,
                                                                                                                                "Plan Rows": 9,
                                                                                                                                "Plan Width": 32,
                                                                                                                                "Actual Startup Time": 3264.808,
                                                                                                                                "Actual Total Time": 3264.815,
                                                                                                                                "Actual Rows": 741586,
                                                                                                                                "Actual Loops": 1,
                                                                                                                                "Hash Buckets": 262144,
                                                                                                                                "Original Hash Buckets": 1024,
                                                                                                                                "Hash Batches": 4,
                                                                                                                                "Original Hash Batches": 1,
                                                                                                                                "Peak Memory Usage": 14337,
                                                                                                                                "Plans": [
                                                                                                                                    {
                                                                                                                                        "Node Type": "Hash Join",
                                                                                                                                        "Parent Relationship": "Outer",
                                                                                                                                        "Parallel Aware": false,
                                                                                                                                        "Async Capable": false,
                                                                                                                                        "Join Type": "Inner",
                                                                                                                                        "Startup Cost": 10000187193.01,
                                                                                                                                        "Total Cost": 10000885718.53,
                                                                                                                                        "Plan Rows": 9,
                                                                                                                                        "Plan Width": 32,
                                                                                                                                        "Actual Startup Time": 999.561,
                                                                                                                                        "Actual Total Time": 3200.114,
                                                                                                                                        "Actual Rows": 741586,
                                                                                                                                        "Actual Loops": 1,
                                                                                                                                        "Inner Unique": false,
                                                                                                                                        "Hash Cond": "(ci.movie_id = t.id)",
                                                                                                                                        "Plans": [
                                                                                                                                            {
                                                                                                                                                "Node Type": "Seq Scan",
                                                                                                                                                "Parent Relationship": "Outer",
                                                                                                                                                "Parallel Aware": false,
                                                                                                                                                "Async Capable": false,
                                                                                                                                                "Relation Name": "cast_info",
                                                                                                                                                "Alias": "ci",
                                                                                                                                                "Startup Cost": 0.0,
                                                                                                                                                "Total Cost": 615163.44,
                                                                                                                                                "Plan Rows": 22229865,
                                                                                                                                                "Plan Width": 12,
                                                                                                                                                "Actual Startup Time": 0.003,
                                                                                                                                                "Actual Total Time": 1268.884,
                                                                                                                                                "Actual Rows": 22007252,
                                                                                                                                                "Actual Loops": 1,
                                                                                                                                                "Filter": "(note IS NULL)",
                                                                                                                                                "Rows Removed by Filter": 14237092
                                                                                                                                            },
                                                                                                                                            {
                                                                                                                                                "Node Type": "Hash",
                                                                                                                                                "Parent Relationship": "Inner",
                                                                                                                                                "Parallel Aware": false,
                                                                                                                                                "Async Capable": false,
                                                                                                                                                "Startup Cost": 10000187193.0,
                                                                                                                                                "Total Cost": 10000187193.0,
                                                                                                                                                "Plan Rows": 1,
                                                                                                                                                "Plan Width": 20,
                                                                                                                                                "Actual Startup Time": 999.552,
                                                                                                                                                "Actual Total Time": 999.558,
                                                                                                                                                "Actual Rows": 47783,
                                                                                                                                                "Actual Loops": 1,
                                                                                                                                                "Hash Buckets": 65536,
                                                                                                                                                "Original Hash Buckets": 1024,
                                                                                                                                                "Hash Batches": 1,
                                                                                                                                                "Original Hash Batches": 1,
                                                                                                                                                "Peak Memory Usage": 2939,
                                                                                                                                                "Plans": [
                                                                                                                                                    {
                                                                                                                                                        "Node Type": "Hash Join",
                                                                                                                                                        "Parent Relationship": "Outer",
                                                                                                                                                        "Parallel Aware": false,
                                                                                                                                                        "Async Capable": false,
                                                                                                                                                        "Join Type": "Inner",
                                                                                                                                                        "Startup Cost": 10000105675.6,
                                                                                                                                                        "Total Cost": 10000187193.0,
                                                                                                                                                        "Plan Rows": 1,
                                                                                                                                                        "Plan Width": 20,
                                                                                                                                                        "Actual Startup Time": 791.307,
                                                                                                                                                        "Actual Total Time": 996.978,
                                                                                                                                                        "Actual Rows": 47783,
                                                                                                                                                        "Actual Loops": 1,
                                                                                                                                                        "Inner Unique": false,
                                                                                                                                                        "Hash Cond": "(t.id = miidx.movie_id)",
                                                                                                                                                        "Plans": [
                                                                                                                                                            {
                                                                                                                                                                "Node Type": "Seq Scan",
                                                                                                                                                                "Parent Relationship": "Outer",
                                                                                                                                                                "Parallel Aware": false,
                                                                                                                                                                "Async Capable": false,
                                                                                                                                                                "Relation Name": "title",
                                                                                                                                                                "Alias": "t",
                                                                                                                                                                "Startup Cost": 0.0,
                                                                                                                                                                "Total Cost": 73936.29,
                                                                                                                                                                "Plan Rows": 2021622,
                                                                                                                                                                "Plan Width": 8,
                                                                                                                                                                "Actual Startup Time": 0.003,
                                                                                                                                                                "Actual Total Time": 121.088,
                                                                                                                                                                "Actual Rows": 2018666,
                                                                                                                                                                "Actual Loops": 1,
                                                                                                                                                                "Filter": "((production_year <= 2015) AND (production_year >= 1975))",
                                                                                                                                                                "Rows Removed by Filter": 509646
                                                                                                                                                            },
                                                                                                                                                            {
                                                                                                                                                                "Node Type": "Hash",
                                                                                                                                                                "Parent Relationship": "Inner",
                                                                                                                                                                "Parallel Aware": false,
                                                                                                                                                                "Async Capable": false,
                                                                                                                                                                "Startup Cost": 10000105675.56,
                                                                                                                                                                "Total Cost": 10000105675.56,
                                                                                                                                                                "Plan Rows": 3,
                                                                                                                                                                "Plan Width": 12,
                                                                                                                                                                "Actual Startup Time": 791.286,
                                                                                                                                                                "Actual Total Time": 791.29,
                                                                                                                                                                "Actual Rows": 54055,
                                                                                                                                                                "Actual Loops": 1,
                                                                                                                                                                "Hash Buckets": 65536,
                                                                                                                                                                "Original Hash Buckets": 1024,
                                                                                                                                                                "Hash Batches": 1,
                                                                                                                                                                "Original Hash Batches": 1,
                                                                                                                                                                "Peak Memory Usage": 2835,
                                                                                                                                                                "Plans": [
                                                                                                                                                                    {
                                                                                                                                                                        "Node Type": "Hash Join",
                                                                                                                                                                        "Parent Relationship": "Outer",
                                                                                                                                                                        "Parallel Aware": false,
                                                                                                                                                                        "Async Capable": false,
                                                                                                                                                                        "Join Type": "Inner",
                                                                                                                                                                        "Startup Cost": 10000052849.48,
                                                                                                                                                                        "Total Cost": 10000105675.56,
                                                                                                                                                                        "Plan Rows": 3,
                                                                                                                                                                        "Plan Width": 12,
                                                                                                                                                                        "Actual Startup Time": 423.958,
                                                                                                                                                                        "Actual Total Time": 788.705,
                                                                                                                                                                        "Actual Rows": 54055,
                                                                                                                                                                        "Actual Loops": 1,
                                                                                                                                                                        "Inner Unique": false,
                                                                                                                                                                        "Hash Cond": "(mii2.movie_id = miidx.movie_id)",
                                                                                                                                                                        "Plans": [
                                                                                                                                                                            {
                                                                                                                                                                                "Node Type": "Seq Scan",
                                                                                                                                                                                "Parent Relationship": "Outer",
                                                                                                                                                                                "Parallel Aware": false,
                                                                                                                                                                                "Async Capable": false,
                                                                                                                                                                                "Relation Name": "movie_info_idx",
                                                                                                                                                                                "Alias": "mii2",
                                                                                                                                                                                "Startup Cost": 0.0,
                                                                                                                                                                                "Total Cost": 52819.14,
                                                                                                                                                                                "Plan Rows": 1107,
                                                                                                                                                                                "Plan Width": 8,
                                                                                                                                                                                "Actual Startup Time": 0.011,
                                                                                                                                                                                "Actual Total Time": 345.928,
                                                                                                                                                                                "Actual Rows": 55073,
                                                                                                                                                                                "Actual Loops": 1,
                                                                                                                                                                                "Filter": "((info ~ '^(?:[1-9]\\d*|0)?(?:\\.\\d+)?$'::text) AND (info ~ '^(?:[1-9]\\d*|0)?(?:\\.\\d+)?$'::text) AND (info_type_id = 101) AND ((info)::double precision <= '4'::double precision) AND ('0'::double precision <= (info)::double precision))",
                                                                                                                                                                                "Rows Removed by Filter": 1324962
                                                                                                                                                                            },
                                                                                                                                                                            {
                                                                                                                                                                                "Node Type": "Hash",
                                                                                                                                                                                "Parent Relationship": "Inner",
                                                                                                                                                                                "Parallel Aware": false,
                                                                                                                                                                                "Async Capable": false,
                                                                                                                                                                                "Startup Cost": 10000052835.51,
                                                                                                                                                                                "Total Cost": 10000052835.51,
                                                                                                                                                                                "Plan Rows": 1117,
                                                                                                                                                                                "Plan Width": 4,
                                                                                                                                                                                "Actual Startup Time": 423.918,
                                                                                                                                                                                "Actual Total Time": 423.92,
                                                                                                                                                                                "Actual Rows": 439294,
                                                                                                                                                                                "Actual Loops": 1,
                                                                                                                                                                                "Hash Buckets": 524288,
                                                                                                                                                                                "Original Hash Buckets": 2048,
                                                                                                                                                                                "Hash Batches": 2,
                                                                                                                                                                                "Original Hash Batches": 1,
                                                                                                                                                                                "Peak Memory Usage": 12289,
                                                                                                                                                                                "Plans": [
                                                                                                                                                                                    {
                                                                                                                                                                                        "Node Type": "Nested Loop",
                                                                                                                                                                                        "Parent Relationship": "Outer",
                                                                                                                                                                                        "Parallel Aware": false,
                                                                                                                                                                                        "Async Capable": false,
                                                                                                                                                                                        "Join Type": "Inner",
                                                                                                                                                                                        "Startup Cost": 10000000000.0,
                                                                                                                                                                                        "Total Cost": 10000052835.51,
                                                                                                                                                                                        "Plan Rows": 1117,
                                                                                                                                                                                        "Plan Width": 4,
                                                                                                                                                                                        "Actual Startup Time": 0.011,
                                                                                                                                                                                        "Actual Total Time": 401.23,
                                                                                                                                                                                        "Actual Rows": 439294,
                                                                                                                                                                                        "Actual Loops": 1,
                                                                                                                                                                                        "Inner Unique": false,
                                                                                                                                                                                        "Plans": [
                                                                                                                                                                                            {
                                                                                                                                                                                                "Node Type": "Seq Scan",
                                                                                                                                                                                                "Parent Relationship": "Outer",
                                                                                                                                                                                                "Parallel Aware": false,
                                                                                                                                                                                                "Async Capable": false,
                                                                                                                                                                                                "Relation Name": "movie_info_idx",
                                                                                                                                                                                                "Alias": "miidx",
                                                                                                                                                                                                "Startup Cost": 0.0,
                                                                                                                                                                                                "Total Cost": 52819.14,
                                                                                                                                                                                                "Plan Rows": 1117,
                                                                                                                                                                                                "Plan Width": 8,
                                                                                                                                                                                                "Actual Startup Time": 0.004,
                                                                                                                                                                                                "Actual Total Time": 345.99,
                                                                                                                                                                                                "Actual Rows": 439294,
                                                                                                                                                                                                "Actual Loops": 1,
                                                                                                                                                                                                "Filter": "((info ~ '^(?:[1-9]\\d*|0)?(?:\\.\\d+)?$'::text) AND (info ~ '^(?:[1-9]\\d*|0)?(?:\\.\\d+)?$'::text) AND (info_type_id = 100) AND ('0'::double precision <= (info)::double precision) AND ((info)::double precision <= '1000'::double precision))",
                                                                                                                                                                                                "Rows Removed by Filter": 940741
                                                                                                                                                                                            },
                                                                                                                                                                                            {
                                                                                                                                                                                                "Node Type": "Materialize",
                                                                                                                                                                                                "Parent Relationship": "Inner",
                                                                                                                                                                                                "Parallel Aware": false,
                                                                                                                                                                                                "Async Capable": false,
                                                                                                                                                                                                "Startup Cost": 0.0,
                                                                                                                                                                                                "Total Cost": 2.42,
                                                                                                                                                                                                "Plan Rows": 1,
                                                                                                                                                                                                "Plan Width": 4,
                                                                                                                                                                                                "Actual Startup Time": 0.0,
                                                                                                                                                                                                "Actual Total Time": 0.0,
                                                                                                                                                                                                "Actual Rows": 1,
                                                                                                                                                                                                "Actual Loops": 439294,
                                                                                                                                                                                                "Plans": [
                                                                                                                                                                                                    {
                                                                                                                                                                                                        "Node Type": "Seq Scan",
                                                                                                                                                                                                        "Parent Relationship": "Outer",
                                                                                                                                                                                                        "Parallel Aware": false,
                                                                                                                                                                                                        "Async Capable": false,
                                                                                                                                                                                                        "Relation Name": "info_type",
                                                                                                                                                                                                        "Alias": "it3",
                                                                                                                                                                                                        "Startup Cost": 0.0,
                                                                                                                                                                                                        "Total Cost": 2.41,
                                                                                                                                                                                                        "Plan Rows": 1,
                                                                                                                                                                                                        "Plan Width": 4,
                                                                                                                                                                                                        "Actual Startup Time": 0.005,
                                                                                                                                                                                                        "Actual Total Time": 0.005,
                                                                                                                                                                                                        "Actual Rows": 1,
                                                                                                                                                                                                        "Actual Loops": 1,
                                                                                                                                                                                                        "Filter": "(id = 100)",
                                                                                                                                                                                                        "Rows Removed by Filter": 112
                                                                                                                                                                                                    }
                                                                                                                                                                                                ]
                                                                                                                                                                                            }
                                                                                                                                                                                        ]
                                                                                                                                                                                    }
                                                                                                                                                                                ]
                                                                                                                                                                            }
                                                                                                                                                                        ]
                                                                                                                                                                    }
                                                                                                                                                                ]
                                                                                                                                                            }
                                                                                                                                                        ]
                                                                                                                                                    }
                                                                                                                                                ]
                                                                                                                                            }
                                                                                                                                        ]
                                                                                                                                    }
                                                                                                                                ]
                                                                                                                            }
                                                                                                                        ]
                                                                                                                    }
                                                                                                                ]
                                                                                                            }
                                                                                                        ]
                                                                                                    }
                                                                                                ]
                                                                                            }
                                                                                        ]
                                                                                    }
                                                                                ]
                                                                            }
                                                                        ]
                                                                    },
                                                                    {
                                                                        "Node Type": "Hash",
                                                                        "Parent Relationship": "Inner",
                                                                        "Parallel Aware": false,
                                                                        "Async Capable": false,
                                                                        "Startup Cost": 1.09,
                                                                        "Total Cost": 1.09,
                                                                        "Plan Rows": 2,
                                                                        "Plan Width": 4,
                                                                        "Actual Startup Time": 0.004,
                                                                        "Actual Total Time": 0.004,
                                                                        "Actual Rows": 2,
                                                                        "Actual Loops": 1,
                                                                        "Hash Buckets": 1024,
                                                                        "Original Hash Buckets": 1024,
                                                                        "Hash Batches": 1,
                                                                        "Original Hash Batches": 1,
                                                                        "Peak Memory Usage": 9,
                                                                        "Plans": [
                                                                            {
                                                                                "Node Type": "Seq Scan",
                                                                                "Parent Relationship": "Outer",
                                                                                "Parallel Aware": false,
                                                                                "Async Capable": false,
                                                                                "Relation Name": "kind_type",
                                                                                "Alias": "kt",
                                                                                "Startup Cost": 0.0,
                                                                                "Total Cost": 1.09,
                                                                                "Plan Rows": 2,
                                                                                "Plan Width": 4,
                                                                                "Actual Startup Time": 0.003,
                                                                                "Actual Total Time": 0.003,
                                                                                "Actual Rows": 2,
                                                                                "Actual Loops": 1,
                                                                                "Filter": "((kind)::text = ANY ('{episode,movie}'::text[]))",
                                                                                "Rows Removed by Filter": 5
                                                                            }
                                                                        ]
                                                                    }
                                                                ]
                                                            },
                                                            {
                                                                "Node Type": "Seq Scan",
                                                                "Parent Relationship": "Inner",
                                                                "Parallel Aware": false,
                                                                "Async Capable": false,
                                                                "Relation Name": "info_type",
                                                                "Alias": "it1",
                                                                "Startup Cost": 0.0,
                                                                "Total Cost": 2.41,
                                                                "Plan Rows": 1,
                                                                "Plan Width": 4,
                                                                "Actual Startup Time": 0.001,
                                                                "Actual Total Time": 0.002,
                                                                "Actual Rows": 1,
                                                                "Actual Loops": 1301,
                                                                "Filter": "(id = 8)",
                                                                "Rows Removed by Filter": 112
                                                            }
                                                        ]
                                                    },
                                                    {
                                                        "Node Type": "Seq Scan",
                                                        "Parent Relationship": "Inner",
                                                        "Parallel Aware": false,
                                                        "Async Capable": false,
                                                        "Relation Name": "info_type",
                                                        "Alias": "it4",
                                                        "Startup Cost": 0.0,
                                                        "Total Cost": 2.41,
                                                        "Plan Rows": 1,
                                                        "Plan Width": 4,
                                                        "Actual Startup Time": 0.002,
                                                        "Actual Total Time": 0.002,
                                                        "Actual Rows": 1,
                                                        "Actual Loops": 1301,
                                                        "Filter": "(id = 101)",
                                                        "Rows Removed by Filter": 112
                                                    }
                                                ]
                                            },
                                            {
                                                "Node Type": "Seq Scan",
                                                "Parent Relationship": "Inner",
                                                "Parallel Aware": false,
                                                "Async Capable": false,
                                                "Relation Name": "info_type",
                                                "Alias": "it5",
                                                "Startup Cost": 0.0,
                                                "Total Cost": 2.41,
                                                "Plan Rows": 1,
                                                "Plan Width": 4,
                                                "Actual Startup Time": 0.001,
                                                "Actual Total Time": 0.002,
                                                "Actual Rows": 1,
                                                "Actual Loops": 1301,
                                                "Filter": "(id = 19)",
                                                "Rows Removed by Filter": 112
                                            }
                                        ]
                                    },
                                    {
                                        "Node Type": "Hash",
                                        "Parent Relationship": "Inner",
                                        "Parallel Aware": false,
                                        "Async Capable": false,
                                        "Startup Cost": 1.17,
                                        "Total Cost": 1.17,
                                        "Plan Rows": 3,
                                        "Plan Width": 4,
                                        "Actual Startup Time": 0.017,
                                        "Actual Total Time": 0.017,
                                        "Actual Rows": 3,
                                        "Actual Loops": 1,
                                        "Hash Buckets": 1024,
                                        "Original Hash Buckets": 1024,
                                        "Hash Batches": 1,
                                        "Original Hash Batches": 1,
                                        "Peak Memory Usage": 9,
                                        "Plans": [
                                            {
                                                "Node Type": "Seq Scan",
                                                "Parent Relationship": "Outer",
                                                "Parallel Aware": false,
                                                "Async Capable": false,
                                                "Relation Name": "role_type",
                                                "Alias": "rt",
                                                "Startup Cost": 0.0,
                                                "Total Cost": 1.17,
                                                "Plan Rows": 3,
                                                "Plan Width": 4,
                                                "Actual Startup Time": 0.013,
                                                "Actual Total Time": 0.014,
                                                "Actual Rows": 3,
                                                "Actual Loops": 1,
                                                "Filter": "((role)::text = ANY ('{actress,director,editor}'::text[]))",
                                                "Rows Removed by Filter": 9
                                            }
                                        ]
                                    }
                                ]
                            }
                        ]
                    },
                    "Planning Time": 44.674,
                    "Triggers": [],
                    "Execution Time": 4728.271
                }
            ],
            "hints": [
                "SET enable_hashjoin TO on",
                "SET enable_indexonlyscan TO on",
                "SET enable_indexscan TO off",
                "SET enable_mergejoin TO off",
                "SET enable_nestloop TO off",
                "SET enable_seqscan TO on"
            ]
        },
        {
            "arm": 4,
            "execution_time": 989.946,
            "plan": [
                {
                    "Plan": {
                        "Node Type": "Aggregate",
                        "Strategy": "Plain",
                        "Partial Mode": "Simple",
                        "Parallel Aware": false,
                        "Async Capable": false,
                        "Startup Cost": 31372.34,
                        "Total Cost": 31372.35,
                        "Plan Rows": 1,
                        "Plan Width": 8,
                        "Actual Startup Time": 952.492,
                        "Actual Total Time": 989.877,
                        "Actual Rows": 1,
                        "Actual Loops": 1,
                        "Plans": [
                            {
                                "Node Type": "Nested Loop",
                                "Parent Relationship": "Outer",
                                "Parallel Aware": false,
                                "Async Capable": false,
                                "Join Type": "Inner",
                                "Startup Cost": 1003.28,
                                "Total Cost": 31372.33,
                                "Plan Rows": 1,
                                "Plan Width": 0,
                                "Actual Startup Time": 12.75,
                                "Actual Total Time": 989.817,
                                "Actual Rows": 1234,
                                "Actual Loops": 1,
                                "Inner Unique": false,
                                "Plans": [
                                    {
                                        "Node Type": "Nested Loop",
                                        "Parent Relationship": "Outer",
                                        "Parallel Aware": false,
                                        "Async Capable": false,
                                        "Join Type": "Inner",
                                        "Startup Cost": 1003.28,
                                        "Total Cost": 31369.91,
                                        "Plan Rows": 1,
                                        "Plan Width": 4,
                                        "Actual Startup Time": 12.748,
                                        "Actual Total Time": 986.832,
                                        "Actual Rows": 1234,
                                        "Actual Loops": 1,
                                        "Inner Unique": false,
                                        "Join Filter": "(an.person_id = n.id)",
                                        "Rows Removed by Join Filter": 0,
                                        "Plans": [
                                            {
                                                "Node Type": "Nested Loop",
                                                "Parent Relationship": "Outer",
                                                "Parallel Aware": false,
                                                "Async Capable": false,
                                                "Join Type": "Inner",
                                                "Startup Cost": 1002.86,
                                                "Total Cost": 31368.14,
                                                "Plan Rows": 1,
                                                "Plan Width": 16,
                                                "Actual Startup Time": 12.737,
                                                "Actual Total Time": 985.044,
                                                "Actual Rows": 473,
                                                "Actual Loops": 1,
                                                "Inner Unique": false,
                                                "Plans": [
                                                    {
                                                        "Node Type": "Nested Loop",
                                                        "Parent Relationship": "Outer",
                                                        "Parallel Aware": false,
                                                        "Async Capable": false,
                                                        "Join Type": "Inner",
                                                        "Startup Cost": 1002.86,
                                                        "Total Cost": 31365.72,
                                                        "Plan Rows": 1,
                                                        "Plan Width": 20,
                                                        "Actual Startup Time": 12.734,
                                                        "Actual Total Time": 983.925,
                                                        "Actual Rows": 473,
                                                        "Actual Loops": 1,
                                                        "Inner Unique": false,
                                                        "Plans": [
                                                            {
                                                                "Node Type": "Nested Loop",
                                                                "Parent Relationship": "Outer",
                                                                "Parallel Aware": false,
                                                                "Async Capable": false,
                                                                "Join Type": "Inner",
                                                                "Startup Cost": 1002.86,
                                                                "Total Cost": 31363.3,
                                                                "Plan Rows": 1,
                                                                "Plan Width": 24,
                                                                "Actual Startup Time": 12.73,
                                                                "Actual Total Time": 982.715,
                                                                "Actual Rows": 473,
                                                                "Actual Loops": 1,
                                                                "Inner Unique": false,
                                                                "Plans": [
                                                                    {
                                                                        "Node Type": "Nested Loop",
                                                                        "Parent Relationship": "Outer",
                                                                        "Parallel Aware": false,
                                                                        "Async Capable": false,
                                                                        "Join Type": "Inner",
                                                                        "Startup Cost": 1002.86,
                                                                        "Total Cost": 31360.87,
                                                                        "Plan Rows": 1,
                                                                        "Plan Width": 28,
                                                                        "Actual Startup Time": 12.724,
                                                                        "Actual Total Time": 981.514,
                                                                        "Actual Rows": 473,
                                                                        "Actual Loops": 1,
                                                                        "Inner Unique": true,
                                                                        "Plans": [
                                                                            {
                                                                                "Node Type": "Nested Loop",
                                                                                "Parent Relationship": "Outer",
                                                                                "Parallel Aware": false,
                                                                                "Async Capable": false,
                                                                                "Join Type": "Inner",
                                                                                "Startup Cost": 1002.73,
                                                                                "Total Cost": 31360.71,
                                                                                "Plan Rows": 1,
                                                                                "Plan Width": 32,
                                                                                "Actual Startup Time": 12.718,
                                                                                "Actual Total Time": 980.979,
                                                                                "Actual Rows": 1092,
                                                                                "Actual Loops": 1,
                                                                                "Inner Unique": false,
                                                                                "Join Filter": "(t.id = mi1.movie_id)",
                                                                                "Rows Removed by Join Filter": 0,
                                                                                "Plans": [
                                                                                    {
                                                                                        "Node Type": "Gather",
                                                                                        "Parent Relationship": "Outer",
                                                                                        "Parallel Aware": false,
                                                                                        "Async Capable": false,
                                                                                        "Startup Cost": 1002.29,
                                                                                        "Total Cost": 31335.51,
                                                                                        "Plan Rows": 1,
                                                                                        "Plan Width": 44,
                                                                                        "Actual Startup Time": 0.811,
                                                                                        "Actual Total Time": 964.443,
                                                                                        "Actual Rows": 1502,
                                                                                        "Actual Loops": 1,
                                                                                        "Workers Planned": 2,
                                                                                        "Workers Launched": 2,
                                                                                        "Single Copy": false,
                                                                                        "Plans": [
                                                                                            {
                                                                                                "Node Type": "Nested Loop",
                                                                                                "Parent Relationship": "Outer",
                                                                                                "Parallel Aware": false,
                                                                                                "Async Capable": false,
                                                                                                "Join Type": "Inner",
                                                                                                "Startup Cost": 2.29,
                                                                                                "Total Cost": 30335.41,
                                                                                                "Plan Rows": 1,
                                                                                                "Plan Width": 44,
                                                                                                "Actual Startup Time": 5.601,
                                                                                                "Actual Total Time": 938.294,
                                                                                                "Actual Rows": 501,
                                                                                                "Actual Loops": 3,
                                                                                                "Inner Unique": true,
                                                                                                "Workers": [],
                                                                                                "Plans": [
                                                                                                    {
                                                                                                        "Node Type": "Nested Loop",
                                                                                                        "Parent Relationship": "Outer",
                                                                                                        "Parallel Aware": false,
                                                                                                        "Async Capable": false,
                                                                                                        "Join Type": "Inner",
                                                                                                        "Startup Cost": 1.86,
                                                                                                        "Total Cost": 30333.93,
                                                                                                        "Plan Rows": 1,
                                                                                                        "Plan Width": 40,
                                                                                                        "Actual Startup Time": 0.637,
                                                                                                        "Actual Total Time": 901.635,
                                                                                                        "Actual Rows": 14511,
                                                                                                        "Actual Loops": 3,
                                                                                                        "Inner Unique": false,
                                                                                                        "Workers": [],
                                                                                                        "Plans": [
                                                                                                            {
                                                                                                                "Node Type": "Nested Loop",
                                                                                                                "Parent Relationship": "Outer",
                                                                                                                "Parallel Aware": false,
                                                                                                                "Async Capable": false,
                                                                                                                "Join Type": "Inner",
                                                                                                                "Startup Cost": 1.43,
                                                                                                                "Total Cost": 30322.91,
                                                                                                                "Plan Rows": 1,
                                                                                                                "Plan Width": 32,
                                                                                                                "Actual Startup Time": 0.14,
                                                                                                                "Actual Total Time": 697.54,
                                                                                                                "Actual Rows": 94294,
                                                                                                                "Actual Loops": 3,
                                                                                                                "Inner Unique": true,
                                                                                                                "Workers": [],
                                                                                                                "Plans": [
                                                                                                                    {
                                                                                                                        "Node Type": "Nested Loop",
                                                                                                                        "Parent Relationship": "Outer",
                                                                                                                        "Parallel Aware": false,
                                                                                                                        "Async Capable": false,
                                                                                                                        "Join Type": "Inner",
                                                                                                                        "Startup Cost": 1.3,
                                                                                                                        "Total Cost": 30322.28,
                                                                                                                        "Plan Rows": 4,
                                                                                                                        "Plan Width": 36,
                                                                                                                        "Actual Startup Time": 0.125,
                                                                                                                        "Actual Total Time": 601.282,
                                                                                                                        "Actual Rows": 247195,
                                                                                                                        "Actual Loops": 3,
                                                                                                                        "Inner Unique": false,
                                                                                                                        "Workers": [],
                                                                                                                        "Plans": [
                                                                                                                            {
                                                                                                                                "Node Type": "Nested Loop",
                                                                                                                                "Parent Relationship": "Outer",
                                                                                                                                "Parallel Aware": false,
                                                                                                                                "Async Capable": false,
                                                                                                                                "Join Type": "Inner",
                                                                                                                                "Startup Cost": 0.86,
                                                                                                                                "Total Cost": 30293.82,
                                                                                                                                "Plan Rows": 1,
                                                                                                                                "Plan Width": 24,
                                                                                                                                "Actual Startup Time": 0.084,
                                                                                                                                "Actual Total Time": 187.383,
                                                                                                                                "Actual Rows": 15928,
                                                                                                                                "Actual Loops": 3,
                                                                                                                                "Inner Unique": true,
                                                                                                                                "Workers": [],
                                                                                                                                "Plans": [
                                                                                                                                    {
                                                                                                                                        "Node Type": "Nested Loop",
                                                                                                                                        "Parent Relationship": "Outer",
                                                                                                                                        "Parallel Aware": false,
                                                                                                                                        "Async Capable": false,
                                                                                                                                        "Join Type": "Inner",
                                                                                                                                        "Startup Cost": 0.43,
                                                                                                                                        "Total Cost": 30285.66,
                                                                                                                                        "Plan Rows": 1,
                                                                                                                                        "Plan Width": 16,
                                                                                                                                        "Actual Startup Time": 0.062,
                                                                                                                                        "Actual Total Time": 153.858,
                                                                                                                                        "Actual Rows": 18018,
                                                                                                                                        "Actual Loops": 3,
                                                                                                                                        "Inner Unique": false,
                                                                                                                                        "Workers": [],
                                                                                                                                        "Plans": [
                                                                                                                                            {
                                                                                                                                                "Node Type": "Seq Scan",
                                                                                                                                                "Parent Relationship": "Outer",
                                                                                                                                                "Parallel Aware": true,
                                                                                                                                                "Async Capable": false,
                                                                                                                                                "Relation Name": "movie_info_idx",
                                                                                                                                                "Alias": "mii2",
                                                                                                                                                "Startup Cost": 0.0,
                                                                                                                                                "Total Cost": 26655.97,
                                                                                                                                                "Plan Rows": 461,
                                                                                                                                                "Plan Width": 8,
                                                                                                                                                "Actual Startup Time": 0.038,
                                                                                                                                                "Actual Total Time": 118.982,
                                                                                                                                                "Actual Rows": 18358,
                                                                                                                                                "Actual Loops": 3,
                                                                                                                                                "Filter": "((info ~ '^(?:[1-9]\\d*|0)?(?:\\.\\d+)?$'::text) AND (info ~ '^(?:[1-9]\\d*|0)?(?:\\.\\d+)?$'::text) AND (info_type_id = 101) AND ((info)::double precision <= '4'::double precision) AND ('0'::double precision <= (info)::double precision))",
                                                                                                                                                "Rows Removed by Filter": 441654,
                                                                                                                                                "Workers": []
                                                                                                                                            },
                                                                                                                                            {
                                                                                                                                                "Node Type": "Index Scan",
                                                                                                                                                "Parent Relationship": "Inner",
                                                                                                                                                "Parallel Aware": false,
                                                                                                                                                "Async Capable": false,
                                                                                                                                                "Scan Direction": "Forward",
                                                                                                                                                "Index Name": "movie_id_movie_info_idx",
                                                                                                                                                "Relation Name": "movie_info_idx",
                                                                                                                                                "Alias": "miidx",
                                                                                                                                                "Startup Cost": 0.43,
                                                                                                                                                "Total Cost": 7.86,
                                                                                                                                                "Plan Rows": 1,
                                                                                                                                                "Plan Width": 8,
                                                                                                                                                "Actual Startup Time": 0.001,
                                                                                                                                                "Actual Total Time": 0.002,
                                                                                                                                                "Actual Rows": 1,
                                                                                                                                                "Actual Loops": 55073,
                                                                                                                                                "Index Cond": "(movie_id = mii2.movie_id)",
                                                                                                                                                "Rows Removed by Index Recheck": 0,
                                                                                                                                                "Filter": "((info ~ '^(?:[1-9]\\d*|0)?(?:\\.\\d+)?$'::text) AND (info ~ '^(?:[1-9]\\d*|0)?(?:\\.\\d+)?$'::text) AND (info_type_id = 100) AND ('0'::double precision <= (info)::double precision) AND ((info)::double precision <= '1000'::double precision))",
                                                                                                                                                "Rows Removed by Filter": 2,
                                                                                                                                                "Workers": []
                                                                                                                                            }
                                                                                                                                        ]
                                                                                                                                    },
                                                                                                                                    {
                                                                                                                                        "Node Type": "Index Scan",
                                                                                                                                        "Parent Relationship": "Inner",
                                                                                                                                        "Parallel Aware": false,
                                                                                                                                        "Async Capable": false,
                                                                                                                                        "Scan Direction": "Forward",
                                                                                                                                        "Index Name": "title_pkey",
                                                                                                                                        "Relation Name": "title",
                                                                                                                                        "Alias": "t",
                                                                                                                                        "Startup Cost": 0.43,
                                                                                                                                        "Total Cost": 8.16,
                                                                                                                                        "Plan Rows": 1,
                                                                                                                                        "Plan Width": 8,
                                                                                                                                        "Actual Startup Time": 0.002,
                                                                                                                                        "Actual Total Time": 0.002,
                                                                                                                                        "Actual Rows": 1,
                                                                                                                                        "Actual Loops": 54055,
                                                                                                                                        "Index Cond": "(id = miidx.movie_id)",
                                                                                                                                        "Rows Removed by Index Recheck": 0,
                                                                                                                                        "Filter": "((production_year <= 2015) AND (production_year >= 1975))",
                                                                                                                                        "Rows Removed by Filter": 0,
                                                                                                                                        "Workers": []
                                                                                                                                    }
                                                                                                                                ]
                                                                                                                            },
                                                                                                                            {
                                                                                                                                "Node Type": "Index Scan",
                                                                                                                                "Parent Relationship": "Inner",
                                                                                                                                "Parallel Aware": false,
                                                                                                                                "Async Capable": false,
                                                                                                                                "Scan Direction": "Forward",
                                                                                                                                "Index Name": "movie_id_cast_info",
                                                                                                                                "Relation Name": "cast_info",
                                                                                                                                "Alias": "ci",
                                                                                                                                "Startup Cost": 0.44,
                                                                                                                                "Total Cost": 28.23,
                                                                                                                                "Plan Rows": 23,
                                                                                                                                "Plan Width": 12,
                                                                                                                                "Actual Startup Time": 0.003,
                                                                                                                                "Actual Total Time": 0.025,
                                                                                                                                "Actual Rows": 16,
                                                                                                                                "Actual Loops": 47783,
                                                                                                                                "Index Cond": "(movie_id = t.id)",
                                                                                                                                "Rows Removed by Index Recheck": 0,
                                                                                                                                "Filter": "(note IS NULL)",
                                                                                                                                "Rows Removed by Filter": 9,
                                                                                                                                "Workers": []
                                                                                                                            }
                                                                                                                        ]
                                                                                                                    },
                                                                                                                    {
                                                                                                                        "Node Type": "Index Scan",
                                                                                                                        "Parent Relationship": "Inner",
                                                                                                                        "Parallel Aware": false,
                                                                                                                        "Async Capable": false,
                                                                                                                        "Scan Direction": "Forward",
                                                                                                                        "Index Name": "role_type_pkey",
                                                                                                                        "Relation Name": "role_type",
                                                                                                                        "Alias": "rt",
                                                                                                                        "Startup Cost": 0.14,
                                                                                                                        "Total Cost": 0.16,
                                                                                                                        "Plan Rows": 1,
                                                                                                                        "Plan Width": 4,
                                                                                                                        "Actual Startup Time": 0.0,
                                                                                                                        "Actual Total Time": 0.0,
                                                                                                                        "Actual Rows": 0,
                                                                                                                        "Actual Loops": 741586,
                                                                                                                        "Index Cond": "(id = ci.role_id)",
                                                                                                                        "Rows Removed by Index Recheck": 0,
                                                                                                                        "Filter": "((role)::text = ANY ('{actress,director,editor}'::text[]))",
                                                                                                                        "Rows Removed by Filter": 1,
                                                                                                                        "Workers": []
                                                                                                                    }
                                                                                                                ]
                                                                                                            },
                                                                                                            {
                                                                                                                "Node Type": "Index Scan",
                                                                                                                "Parent Relationship": "Inner",
                                                                                                                "Parallel Aware": false,
                                                                                                                "Async Capable": false,
                                                                                                                "Scan Direction": "Forward",
                                                                                                                "Index Name": "person_id_person_info",
                                                                                                                "Relation Name": "person_info",
                                                                                                                "Alias": "pi1",
                                                                                                                "Startup Cost": 0.43,
                                                                                                                "Total Cost": 11.01,
                                                                                                                "Plan Rows": 1,
                                                                                                                "Plan Width": 8,
                                                                                                                "Actual Startup Time": 0.002,
                                                                                                                "Actual Total Time": 0.002,
                                                                                                                "Actual Rows": 0,
                                                                                                                "Actual Loops": 282883,
                                                                                                                "Index Cond": "(person_id = ci.person_id)",
                                                                                                                "Rows Removed by Index Recheck": 0,
                                                                                                                "Filter": "(info_type_id = 19)",
                                                                                                                "Rows Removed by Filter": 9,
                                                                                                                "Workers": []
                                                                                                            }
                                                                                                        ]
                                                                                                    },
                                                                                                    {
                                                                                                        "Node Type": "Index Scan",
                                                                                                        "Parent Relationship": "Inner",
                                                                                                        "Parallel Aware": false,
                                                                                                        "Async Capable": false,
                                                                                                        "Scan Direction": "Forward",
                                                                                                        "Index Name": "name_pkey",
                                                                                                        "Relation Name": "name",
                                                                                                        "Alias": "n",
                                                                                                        "Startup Cost": 0.43,
                                                                                                        "Total Cost": 1.48,
                                                                                                        "Plan Rows": 1,
                                                                                                        "Plan Width": 4,
                                                                                                        "Actual Startup Time": 0.002,
                                                                                                        "Actual Total Time": 0.002,
                                                                                                        "Actual Rows": 0,
                                                                                                        "Actual Loops": 43534,
                                                                                                        "Index Cond": "(id = ci.person_id)",
                                                                                                        "Rows Removed by Index Recheck": 0,
                                                                                                        "Filter": "((((gender)::text = 'f'::text) OR (gender IS NULL)) AND (((name_pcode_nf)::text = ANY ('{A5362,J2452,J5162,M2345,M252,M6453,R2562,S26,S3151,S3152,T5252,T6252}'::text[])) OR (name_pcode_nf IS NULL)))",
                                                                                                        "Rows Removed by Filter": 1,
                                                                                                        "Workers": []
                                                                                                    }
                                                                                                ]
                                                                                            }
                                                                                        ]
                                                                                    },
                                                                                    {
                                                                                        "Node Type": "Index Scan",
                                                                                        "Parent Relationship": "Inner",
                                                                                        "Parallel Aware": false,
                                                                                        "Async Capable": false,
                                                                                        "Scan Direction": "Forward",
                                                                                        "Index Name": "movie_id_movie_info",
                                                                                        "Relation Name": "movie_info",
                                                                                        "Alias": "mi1",
                                                                                        "Startup Cost": 0.43,
                                                                                        "Total Cost": 25.18,
                                                                                        "Plan Rows": 1,
                                                                                        "Plan Width": 8,
                                                                                        "Actual Startup Time": 0.01,
                                                                                        "Actual Total Time": 0.011,
                                                                                        "Actual Rows": 1,
                                                                                        "Actual Loops": 1502,
                                                                                        "Index Cond": "(movie_id = ci.movie_id)",
                                                                                        "Rows Removed by Index Recheck": 0,
                                                                                        "Filter": "((info_type_id = 8) AND (info = ANY ('{Argentina,Canada,France,Germany,Italy,Japan,Mexico,Netherlands,Spain,UK,USA}'::text[])))",
                                                                                        "Rows Removed by Filter": 9
                                                                                    }
                                                                                ]
                                                                            },
                                                                            {
                                                                                "Node Type": "Index Scan",
                                                                                "Parent Relationship": "Inner",
                                                                                "Parallel Aware": false,
                                                                                "Async Capable": false,
                                                                                "Scan Direction": "Forward",
                                                                                "Index Name": "kind_type_pkey",
                                                                                "Relation Name": "kind_type",
                                                                                "Alias": "kt",
                                                                                "Startup Cost": 0.13,
                                                                                "Total Cost": 0.15,
                                                                                "Plan Rows": 1,
                                                                                "Plan Width": 4,
                                                                                "Actual Startup Time": 0.0,
                                                                                "Actual Total Time": 0.0,
                                                                                "Actual Rows": 0,
                                                                                "Actual Loops": 1092,
                                                                                "Index Cond": "(id = t.kind_id)",
                                                                                "Rows Removed by Index Recheck": 0,
                                                                                "Filter": "((kind)::text = ANY ('{episode,movie}'::text[]))",
                                                                                "Rows Removed by Filter": 1
                                                                            }
                                                                        ]
                                                                    },
                                                                    {
                                                                        "Node Type": "Seq Scan",
                                                                        "Parent Relationship": "Inner",
                                                                        "Parallel Aware": false,
                                                                        "Async Capable": false,
                                                                        "Relation Name": "info_type",
                                                                        "Alias": "it1",
                                                                        "Startup Cost": 0.0,
                                                                        "Total Cost": 2.41,
                                                                        "Plan Rows": 1,
                                                                        "Plan Width": 4,
                                                                        "Actual Startup Time": 0.001,
                                                                        "Actual Total Time": 0.002,
                                                                        "Actual Rows": 1,
                                                                        "Actual Loops": 473,
                                                                        "Filter": "(id = 8)",
                                                                        "Rows Removed by Filter": 112
                                                                    }
                                                                ]
                                                            },
                                                            {
                                                                "Node Type": "Seq Scan",
                                                                "Parent Relationship": "Inner",
                                                                "Parallel Aware": false,
                                                                "Async Capable": false,
                                                                "Relation Name": "info_type",
                                                                "Alias": "it3",
                                                                "Startup Cost": 0.0,
                                                                "Total Cost": 2.41,
                                                                "Plan Rows": 1,
                                                                "Plan Width": 4,
                                                                "Actual Startup Time": 0.002,
                                                                "Actual Total Time": 0.002,
                                                                "Actual Rows": 1,
                                                                "Actual Loops": 473,
                                                                "Filter": "(id = 100)",
                                                                "Rows Removed by Filter": 112
                                                            }
                                                        ]
                                                    },
                                                    {
                                                        "Node Type": "Seq Scan",
                                                        "Parent Relationship": "Inner",
                                                        "Parallel Aware": false,
                                                        "Async Capable": false,
                                                        "Relation Name": "info_type",
                                                        "Alias": "it4",
                                                        "Startup Cost": 0.0,
                                                        "Total Cost": 2.41,
                                                        "Plan Rows": 1,
                                                        "Plan Width": 4,
                                                        "Actual Startup Time": 0.002,
                                                        "Actual Total Time": 0.002,
                                                        "Actual Rows": 1,
                                                        "Actual Loops": 473,
                                                        "Filter": "(id = 101)",
                                                        "Rows Removed by Filter": 112
                                                    }
                                                ]
                                            },
                                            {
                                                "Node Type": "Index Only Scan",
                                                "Parent Relationship": "Inner",
                                                "Parallel Aware": false,
                                                "Async Capable": false,
                                                "Scan Direction": "Forward",
                                                "Index Name": "person_id_aka_name",
                                                "Relation Name": "aka_name",
                                                "Alias": "an",
                                                "Startup Cost": 0.42,
                                                "Total Cost": 1.75,
                                                "Plan Rows": 2,
                                                "Plan Width": 4,
                                                "Actual Startup Time": 0.003,
                                                "Actual Total Time": 0.003,
                                                "Actual Rows": 3,
                                                "Actual Loops": 473,
                                                "Index Cond": "(person_id = ci.person_id)",
                                                "Rows Removed by Index Recheck": 0,
                                                "Heap Fetches": 1234
                                            }
                                        ]
                                    },
                                    {
                                        "Node Type": "Seq Scan",
                                        "Parent Relationship": "Inner",
                                        "Parallel Aware": false,
                                        "Async Capable": false,
                                        "Relation Name": "info_type",
                                        "Alias": "it5",
                                        "Startup Cost": 0.0,
                                        "Total Cost": 2.41,
                                        "Plan Rows": 1,
                                        "Plan Width": 4,
                                        "Actual Startup Time": 0.001,
                                        "Actual Total Time": 0.002,
                                        "Actual Rows": 1,
                                        "Actual Loops": 1234,
                                        "Filter": "(id = 19)",
                                        "Rows Removed by Filter": 112
                                    }
                                ]
                            }
                        ]
                    },
                    "Planning Time": 39.287,
                    "Triggers": [],
                    "Execution Time": 989.946
                }
            ],
            "hints": [
                "SET enable_hashjoin TO on",
                "SET enable_indexonlyscan TO on",
                "SET enable_indexscan TO on",
                "SET enable_mergejoin TO off",
                "SET enable_nestloop TO on",
                "SET enable_seqscan TO on"
            ]
        }
    ]
}