{
    "sql_file": "7a63.sql",
    "query": "SELECT COUNT(*)\nFROM title as t,\nmovie_info as mi1,\nkind_type as kt,\ninfo_type as it1,\ninfo_type as it3,\ninfo_type as it4,\nmovie_info_idx as mii1,\nmovie_info_idx as mii2,\nmovie_keyword as mk,\nkeyword as k,\naka_name as an,\nname as n,\ninfo_type as it5,\nperson_info AS pi1,\ncast_info as ci,\nrole_type as rt\nWHERE\nt.id = mi1.movie_id\nAND t.id = ci.movie_id\nAND t.id = mii1.movie_id\nAND t.id = mii2.movie_id\nAND t.id = mk.movie_id\nAND mk.keyword_id = k.id\nAND mi1.info_type_id = it1.id\nAND mii1.info_type_id = it3.id\nAND mii2.info_type_id = it4.id\nAND t.kind_id = kt.id\nAND (kt.kind IN ('episode','movie'))\nAND (t.production_year <= 1990)\nAND (t.production_year >= 1950)\nAND (mi1.info IN ('Comedy','Documentary','Drama'))\nAND (it1.id IN ('103','3','6'))\nAND it3.id = '100'\nAND it4.id = '101'\nAND (mii2.info ~ '^(?:[1-9]\\d*|0)?(?:\\.\\d+)?$' AND mii2.info::float <= 11.0)\nAND (mii2.info ~ '^(?:[1-9]\\d*|0)?(?:\\.\\d+)?$' AND 7.0 <= mii2.info::float)\nAND (mii1.info ~ '^(?:[1-9]\\d*|0)?(?:\\.\\d+)?$' AND 0.0 <= mii1.info::float)\nAND (mii1.info ~ '^(?:[1-9]\\d*|0)?(?:\\.\\d+)?$' AND mii1.info::float <= 1000.0)\nAND n.id = ci.person_id\nAND ci.person_id = pi1.person_id\nAND it5.id = pi1.info_type_id\nAND n.id = pi1.person_id\nAND n.id = an.person_id\nAND rt.id = ci.role_id\nAND (n.gender in ('f') OR n.gender IS NULL)\nAND (n.name_pcode_nf in ('B6161','C6235','C6416','C6452','D5162','E4213','J5215','M6216','M6263','R3565'))\nAND (ci.note IS NULL)\nAND (rt.role in ('actress','director'))\nAND (it5.id in ('31'))",
    "results": [
        {
            "arm": 0,
            "execution_time": 1494.537,
            "plan": [
                {
                    "Plan": {
                        "Node Type": "Aggregate",
                        "Strategy": "Plain",
                        "Partial Mode": "Simple",
                        "Parallel Aware": false,
                        "Async Capable": false,
                        "Startup Cost": 31389.64,
                        "Total Cost": 31389.65,
                        "Plan Rows": 1,
                        "Plan Width": 8,
                        "Actual Startup Time": 1474.627,
                        "Actual Total Time": 1494.438,
                        "Actual Rows": 1,
                        "Actual Loops": 1,
                        "Plans": [
                            {
                                "Node Type": "Nested Loop",
                                "Parent Relationship": "Outer",
                                "Parallel Aware": false,
                                "Async Capable": false,
                                "Join Type": "Inner",
                                "Startup Cost": 1005.33,
                                "Total Cost": 31389.64,
                                "Plan Rows": 1,
                                "Plan Width": 0,
                                "Actual Startup Time": 175.771,
                                "Actual Total Time": 1494.366,
                                "Actual Rows": 2345,
                                "Actual Loops": 1,
                                "Inner Unique": false,
                                "Plans": [
                                    {
                                        "Node Type": "Nested Loop",
                                        "Parent Relationship": "Outer",
                                        "Parallel Aware": false,
                                        "Async Capable": false,
                                        "Join Type": "Inner",
                                        "Startup Cost": 1005.33,
                                        "Total Cost": 31387.22,
                                        "Plan Rows": 1,
                                        "Plan Width": 4,
                                        "Actual Startup Time": 175.768,
                                        "Actual Total Time": 1488.403,
                                        "Actual Rows": 2345,
                                        "Actual Loops": 1,
                                        "Inner Unique": true,
                                        "Plans": [
                                            {
                                                "Node Type": "Nested Loop",
                                                "Parent Relationship": "Outer",
                                                "Parallel Aware": false,
                                                "Async Capable": false,
                                                "Join Type": "Inner",
                                                "Startup Cost": 1004.9,
                                                "Total Cost": 31385.46,
                                                "Plan Rows": 1,
                                                "Plan Width": 16,
                                                "Actual Startup Time": 39.11,
                                                "Actual Total Time": 1435.554,
                                                "Actual Rows": 88379,
                                                "Actual Loops": 1,
                                                "Inner Unique": false,
                                                "Plans": [
                                                    {
                                                        "Node Type": "Nested Loop",
                                                        "Parent Relationship": "Outer",
                                                        "Parallel Aware": false,
                                                        "Async Capable": false,
                                                        "Join Type": "Inner",
                                                        "Startup Cost": 1004.48,
                                                        "Total Cost": 31383.25,
                                                        "Plan Rows": 1,
                                                        "Plan Width": 12,
                                                        "Actual Startup Time": 39.097,
                                                        "Actual Total Time": 1412.769,
                                                        "Actual Rows": 20364,
                                                        "Actual Loops": 1,
                                                        "Inner Unique": true,
                                                        "Plans": [
                                                            {
                                                                "Node Type": "Nested Loop",
                                                                "Parent Relationship": "Outer",
                                                                "Parallel Aware": false,
                                                                "Async Capable": false,
                                                                "Join Type": "Inner",
                                                                "Startup Cost": 1004.06,
                                                                "Total Cost": 31381.68,
                                                                "Plan Rows": 1,
                                                                "Plan Width": 16,
                                                                "Actual Startup Time": 39.081,
                                                                "Actual Total Time": 1393.168,
                                                                "Actual Rows": 20364,
                                                                "Actual Loops": 1,
                                                                "Inner Unique": false,
                                                                "Plans": [
                                                                    {
                                                                        "Node Type": "Nested Loop",
                                                                        "Parent Relationship": "Outer",
                                                                        "Parallel Aware": false,
                                                                        "Async Capable": false,
                                                                        "Join Type": "Inner",
                                                                        "Startup Cost": 1004.06,
                                                                        "Total Cost": 31379.26,
                                                                        "Plan Rows": 1,
                                                                        "Plan Width": 20,
                                                                        "Actual Startup Time": 39.076,
                                                                        "Actual Total Time": 1344.96,
                                                                        "Actual Rows": 20364,
                                                                        "Actual Loops": 1,
                                                                        "Inner Unique": false,
                                                                        "Plans": [
                                                                            {
                                                                                "Node Type": "Nested Loop",
                                                                                "Parent Relationship": "Outer",
                                                                                "Parallel Aware": false,
                                                                                "Async Capable": false,
                                                                                "Join Type": "Inner",
                                                                                "Startup Cost": 1004.06,
                                                                                "Total Cost": 31376.84,
                                                                                "Plan Rows": 1,
                                                                                "Plan Width": 24,
                                                                                "Actual Startup Time": 39.07,
                                                                                "Actual Total Time": 1296.112,
                                                                                "Actual Rows": 20364,
                                                                                "Actual Loops": 1,
                                                                                "Inner Unique": true,
                                                                                "Plans": [
                                                                                    {
                                                                                        "Node Type": "Gather",
                                                                                        "Parent Relationship": "Outer",
                                                                                        "Parallel Aware": false,
                                                                                        "Async Capable": false,
                                                                                        "Startup Cost": 1003.92,
                                                                                        "Total Cost": 31376.67,
                                                                                        "Plan Rows": 1,
                                                                                        "Plan Width": 28,
                                                                                        "Actual Startup Time": 32.749,
                                                                                        "Actual Total Time": 1285.324,
                                                                                        "Actual Rows": 28389,
                                                                                        "Actual Loops": 1,
                                                                                        "Workers Planned": 2,
                                                                                        "Workers Launched": 2,
                                                                                        "Single Copy": false,
                                                                                        "Plans": [
                                                                                            {
                                                                                                "Node Type": "Nested Loop",
                                                                                                "Parent Relationship": "Outer",
                                                                                                "Parallel Aware": false,
                                                                                                "Async Capable": false,
                                                                                                "Join Type": "Inner",
                                                                                                "Startup Cost": 3.92,
                                                                                                "Total Cost": 30376.57,
                                                                                                "Plan Rows": 1,
                                                                                                "Plan Width": 28,
                                                                                                "Actual Startup Time": 22.655,
                                                                                                "Actual Total Time": 1386.434,
                                                                                                "Actual Rows": 9463,
                                                                                                "Actual Loops": 3,
                                                                                                "Inner Unique": false,
                                                                                                "Workers": [],
                                                                                                "Plans": [
                                                                                                    {
                                                                                                        "Node Type": "Nested Loop",
                                                                                                        "Parent Relationship": "Outer",
                                                                                                        "Parallel Aware": false,
                                                                                                        "Async Capable": false,
                                                                                                        "Join Type": "Inner",
                                                                                                        "Startup Cost": 3.49,
                                                                                                        "Total Cost": 30362.32,
                                                                                                        "Plan Rows": 1,
                                                                                                        "Plan Width": 20,
                                                                                                        "Actual Startup Time": 2.634,
                                                                                                        "Actual Total Time": 1228.208,
                                                                                                        "Actual Rows": 136073,
                                                                                                        "Actual Loops": 3,
                                                                                                        "Inner Unique": true,
                                                                                                        "Workers": [],
                                                                                                        "Plans": [
                                                                                                            {
                                                                                                                "Node Type": "Nested Loop",
                                                                                                                "Parent Relationship": "Outer",
                                                                                                                "Parallel Aware": false,
                                                                                                                "Async Capable": false,
                                                                                                                "Join Type": "Inner",
                                                                                                                "Startup Cost": 3.34,
                                                                                                                "Total Cost": 30361.83,
                                                                                                                "Plan Rows": 1,
                                                                                                                "Plan Width": 24,
                                                                                                                "Actual Startup Time": 2.616,
                                                                                                                "Actual Total Time": 1208.298,
                                                                                                                "Actual Rows": 137220,
                                                                                                                "Actual Loops": 3,
                                                                                                                "Inner Unique": false,
                                                                                                                "Join Filter": "(t.id = mi1.movie_id)",
                                                                                                                "Rows Removed by Join Filter": 0,
                                                                                                                "Workers": [],
                                                                                                                "Plans": [
                                                                                                                    {
                                                                                                                        "Node Type": "Hash Join",
                                                                                                                        "Parent Relationship": "Outer",
                                                                                                                        "Parallel Aware": false,
                                                                                                                        "Async Capable": false,
                                                                                                                        "Join Type": "Inner",
                                                                                                                        "Startup Cost": 2.9,
                                                                                                                        "Total Cost": 30331.44,
                                                                                                                        "Plan Rows": 1,
                                                                                                                        "Plan Width": 40,
                                                                                                                        "Actual Startup Time": 0.979,
                                                                                                                        "Actual Total Time": 666.436,
                                                                                                                        "Actual Rows": 210691,
                                                                                                                        "Actual Loops": 3,
                                                                                                                        "Inner Unique": true,
                                                                                                                        "Hash Cond": "(ci.role_id = rt.id)",
                                                                                                                        "Workers": [],
                                                                                                                        "Plans": [
                                                                                                                            {
                                                                                                                                "Node Type": "Nested Loop",
                                                                                                                                "Parent Relationship": "Outer",
                                                                                                                                "Parallel Aware": false,
                                                                                                                                "Async Capable": false,
                                                                                                                                "Join Type": "Inner",
                                                                                                                                "Startup Cost": 1.73,
                                                                                                                                "Total Cost": 30330.23,
                                                                                                                                "Plan Rows": 8,
                                                                                                                                "Plan Width": 44,
                                                                                                                                "Actual Startup Time": 0.719,
                                                                                                                                "Actual Total Time": 632.671,
                                                                                                                                "Actual Rows": 772901,
                                                                                                                                "Actual Loops": 3,
                                                                                                                                "Inner Unique": false,
                                                                                                                                "Join Filter": "(t.id = ci.movie_id)",
                                                                                                                                "Rows Removed by Join Filter": 0,
                                                                                                                                "Workers": [],
                                                                                                                                "Plans": [
                                                                                                                                    {
                                                                                                                                        "Node Type": "Nested Loop",
                                                                                                                                        "Parent Relationship": "Outer",
                                                                                                                                        "Parallel Aware": false,
                                                                                                                                        "Async Capable": false,
                                                                                                                                        "Join Type": "Inner",
                                                                                                                                        "Startup Cost": 1.29,
                                                                                                                                        "Total Cost": 30296.92,
                                                                                                                                        "Plan Rows": 1,
                                                                                                                                        "Plan Width": 32,
                                                                                                                                        "Actual Startup Time": 0.697,
                                                                                                                                        "Actual Total Time": 279.253,
                                                                                                                                        "Actual Rows": 48195,
                                                                                                                                        "Actual Loops": 3,
                                                                                                                                        "Inner Unique": false,
                                                                                                                                        "Workers": [],
                                                                                                                                        "Plans": [
                                                                                                                                            {
                                                                                                                                                "Node Type": "Nested Loop",
                                                                                                                                                "Parent Relationship": "Outer",
                                                                                                                                                "Parallel Aware": false,
                                                                                                                                                "Async Capable": false,
                                                                                                                                                "Join Type": "Inner",
                                                                                                                                                "Startup Cost": 0.86,
                                                                                                                                                "Total Cost": 30293.82,
                                                                                                                                                "Plan Rows": 1,
                                                                                                                                                "Plan Width": 24,
                                                                                                                                                "Actual Startup Time": 0.106,
                                                                                                                                                "Actual Total Time": 259.74,
                                                                                                                                                "Actual Rows": 11374,
                                                                                                                                                "Actual Loops": 3,
                                                                                                                                                "Inner Unique": true,
                                                                                                                                                "Workers": [],
                                                                                                                                                "Plans": [
                                                                                                                                                    {
                                                                                                                                                        "Node Type": "Nested Loop",
                                                                                                                                                        "Parent Relationship": "Outer",
                                                                                                                                                        "Parallel Aware": false,
                                                                                                                                                        "Async Capable": false,
                                                                                                                                                        "Join Type": "Inner",
                                                                                                                                                        "Startup Cost": 0.43,
                                                                                                                                                        "Total Cost": 30285.66,
                                                                                                                                                        "Plan Rows": 1,
                                                                                                                                                        "Plan Width": 16,
                                                                                                                                                        "Actual Startup Time": 0.068,
                                                                                                                                                        "Actual Total Time": 198.527,
                                                                                                                                                        "Actual Rows": 42457,
                                                                                                                                                        "Actual Loops": 3,
                                                                                                                                                        "Inner Unique": false,
                                                                                                                                                        "Workers": [],
                                                                                                                                                        "Plans": [
                                                                                                                                                            {
                                                                                                                                                                "Node Type": "Seq Scan",
                                                                                                                                                                "Parent Relationship": "Outer",
                                                                                                                                                                "Parallel Aware": true,
                                                                                                                                                                "Async Capable": false,
                                                                                                                                                                "Relation Name": "movie_info_idx",
                                                                                                                                                                "Alias": "mii2",
                                                                                                                                                                "Startup Cost": 0.0,
                                                                                                                                                                "Total Cost": 26655.97,
                                                                                                                                                                "Plan Rows": 461,
                                                                                                                                                                "Plan Width": 8,
                                                                                                                                                                "Actual Startup Time": 0.042,
                                                                                                                                                                "Actual Total Time": 124.085,
                                                                                                                                                                "Actual Rows": 45275,
                                                                                                                                                                "Actual Loops": 3,
                                                                                                                                                                "Filter": "((info ~ '^(?:[1-9]\\d*|0)?(?:\\.\\d+)?$'::text) AND (info ~ '^(?:[1-9]\\d*|0)?(?:\\.\\d+)?$'::text) AND (info_type_id = 101) AND ((info)::double precision <= '11'::double precision) AND ('7'::double precision <= (info)::double precision))",
                                                                                                                                                                "Rows Removed by Filter": 414736,
                                                                                                                                                                "Workers": []
                                                                                                                                                            },
                                                                                                                                                            {
                                                                                                                                                                "Node Type": "Index Scan",
                                                                                                                                                                "Parent Relationship": "Inner",
                                                                                                                                                                "Parallel Aware": false,
                                                                                                                                                                "Async Capable": false,
                                                                                                                                                                "Scan Direction": "Forward",
                                                                                                                                                                "Index Name": "movie_id_movie_info_idx",
                                                                                                                                                                "Relation Name": "movie_info_idx",
                                                                                                                                                                "Alias": "mii1",
                                                                                                                                                                "Startup Cost": 0.43,
                                                                                                                                                                "Total Cost": 7.86,
                                                                                                                                                                "Plan Rows": 1,
                                                                                                                                                                "Plan Width": 8,
                                                                                                                                                                "Actual Startup Time": 0.001,
                                                                                                                                                                "Actual Total Time": 0.002,
                                                                                                                                                                "Actual Rows": 1,
                                                                                                                                                                "Actual Loops": 135826,
                                                                                                                                                                "Index Cond": "(movie_id = mii2.movie_id)",
                                                                                                                                                                "Rows Removed by Index Recheck": 0,
                                                                                                                                                                "Filter": "((info ~ '^(?:[1-9]\\d*|0)?(?:\\.\\d+)?$'::text) AND (info ~ '^(?:[1-9]\\d*|0)?(?:\\.\\d+)?$'::text) AND (info_type_id = 100) AND ('0'::double precision <= (info)::double precision) AND ((info)::double precision <= '1000'::double precision))",
                                                                                                                                                                "Rows Removed by Filter": 2,
                                                                                                                                                                "Workers": []
                                                                                                                                                            }
                                                                                                                                                        ]
                                                                                                                                                    },
                                                                                                                                                    {
                                                                                                                                                        "Node Type": "Index Scan",
                                                                                                                                                        "Parent Relationship": "Inner",
                                                                                                                                                        "Parallel Aware": false,
                                                                                                                                                        "Async Capable": false,
                                                                                                                                                        "Scan Direction": "Forward",
                                                                                                                                                        "Index Name": "title_pkey",
                                                                                                                                                        "Relation Name": "title",
                                                                                                                                                        "Alias": "t",
                                                                                                                                                        "Startup Cost": 0.43,
                                                                                                                                                        "Total Cost": 8.16,
                                                                                                                                                        "Plan Rows": 1,
                                                                                                                                                        "Plan Width": 8,
                                                                                                                                                        "Actual Startup Time": 0.001,
                                                                                                                                                        "Actual Total Time": 0.001,
                                                                                                                                                        "Actual Rows": 0,
                                                                                                                                                        "Actual Loops": 127371,
                                                                                                                                                        "Index Cond": "(id = mii1.movie_id)",
                                                                                                                                                        "Rows Removed by Index Recheck": 0,
                                                                                                                                                        "Filter": "((production_year <= 1990) AND (production_year >= 1950))",
                                                                                                                                                        "Rows Removed by Filter": 1,
                                                                                                                                                        "Workers": []
                                                                                                                                                    }
                                                                                                                                                ]
                                                                                                                                            },
                                                                                                                                            {
                                                                                                                                                "Node Type": "Index Scan",
                                                                                                                                                "Parent Relationship": "Inner",
                                                                                                                                                "Parallel Aware": false,
                                                                                                                                                "Async Capable": false,
                                                                                                                                                "Scan Direction": "Forward",
                                                                                                                                                "Index Name": "movie_id_movie_keyword",
                                                                                                                                                "Relation Name": "movie_keyword",
                                                                                                                                                "Alias": "mk",
                                                                                                                                                "Startup Cost": 0.43,
                                                                                                                                                "Total Cost": 2.64,
                                                                                                                                                "Plan Rows": 46,
                                                                                                                                                "Plan Width": 8,
                                                                                                                                                "Actual Startup Time": 0.001,
                                                                                                                                                "Actual Total Time": 0.001,
                                                                                                                                                "Actual Rows": 4,
                                                                                                                                                "Actual Loops": 34121,
                                                                                                                                                "Index Cond": "(movie_id = t.id)",
                                                                                                                                                "Rows Removed by Index Recheck": 0,
                                                                                                                                                "Workers": []
                                                                                                                                            }
                                                                                                                                        ]
                                                                                                                                    },
                                                                                                                                    {
                                                                                                                                        "Node Type": "Index Scan",
                                                                                                                                        "Parent Relationship": "Inner",
                                                                                                                                        "Parallel Aware": false,
                                                                                                                                        "Async Capable": false,
                                                                                                                                        "Scan Direction": "Forward",
                                                                                                                                        "Index Name": "movie_id_cast_info",
                                                                                                                                        "Relation Name": "cast_info",
                                                                                                                                        "Alias": "ci",
                                                                                                                                        "Startup Cost": 0.44,
                                                                                                                                        "Total Cost": 33.02,
                                                                                                                                        "Plan Rows": 23,
                                                                                                                                        "Plan Width": 12,
                                                                                                                                        "Actual Startup Time": 0.001,
                                                                                                                                        "Actual Total Time": 0.006,
                                                                                                                                        "Actual Rows": 16,
                                                                                                                                        "Actual Loops": 144586,
                                                                                                                                        "Index Cond": "(movie_id = mk.movie_id)",
                                                                                                                                        "Rows Removed by Index Recheck": 0,
                                                                                                                                        "Filter": "(note IS NULL)",
                                                                                                                                        "Rows Removed by Filter": 12,
                                                                                                                                        "Workers": []
                                                                                                                                    }
                                                                                                                                ]
                                                                                                                            },
                                                                                                                            {
                                                                                                                                "Node Type": "Hash",
                                                                                                                                "Parent Relationship": "Inner",
                                                                                                                                "Parallel Aware": false,
                                                                                                                                "Async Capable": false,
                                                                                                                                "Startup Cost": 1.15,
                                                                                                                                "Total Cost": 1.15,
                                                                                                                                "Plan Rows": 2,
                                                                                                                                "Plan Width": 4,
                                                                                                                                "Actual Startup Time": 0.015,
                                                                                                                                "Actual Total Time": 0.016,
                                                                                                                                "Actual Rows": 2,
                                                                                                                                "Actual Loops": 3,
                                                                                                                                "Hash Buckets": 1024,
                                                                                                                                "Original Hash Buckets": 1024,
                                                                                                                                "Hash Batches": 1,
                                                                                                                                "Original Hash Batches": 1,
                                                                                                                                "Peak Memory Usage": 9,
                                                                                                                                "Workers": [],
                                                                                                                                "Plans": [
                                                                                                                                    {
                                                                                                                                        "Node Type": "Seq Scan",
                                                                                                                                        "Parent Relationship": "Outer",
                                                                                                                                        "Parallel Aware": false,
                                                                                                                                        "Async Capable": false,
                                                                                                                                        "Relation Name": "role_type",
                                                                                                                                        "Alias": "rt",
                                                                                                                                        "Startup Cost": 0.0,
                                                                                                                                        "Total Cost": 1.15,
                                                                                                                                        "Plan Rows": 2,
                                                                                                                                        "Plan Width": 4,
                                                                                                                                        "Actual Startup Time": 0.012,
                                                                                                                                        "Actual Total Time": 0.012,
                                                                                                                                        "Actual Rows": 2,
                                                                                                                                        "Actual Loops": 3,
                                                                                                                                        "Filter": "((role)::text = ANY ('{actress,director}'::text[]))",
                                                                                                                                        "Rows Removed by Filter": 10,
                                                                                                                                        "Workers": []
                                                                                                                                    }
                                                                                                                                ]
                                                                                                                            }
                                                                                                                        ]
                                                                                                                    },
                                                                                                                    {
                                                                                                                        "Node Type": "Index Scan",
                                                                                                                        "Parent Relationship": "Inner",
                                                                                                                        "Parallel Aware": false,
                                                                                                                        "Async Capable": false,
                                                                                                                        "Scan Direction": "Forward",
                                                                                                                        "Index Name": "movie_id_movie_info",
                                                                                                                        "Relation Name": "movie_info",
                                                                                                                        "Alias": "mi1",
                                                                                                                        "Startup Cost": 0.43,
                                                                                                                        "Total Cost": 30.37,
                                                                                                                        "Plan Rows": 2,
                                                                                                                        "Plan Width": 8,
                                                                                                                        "Actual Startup Time": 0.002,
                                                                                                                        "Actual Total Time": 0.002,
                                                                                                                        "Actual Rows": 1,
                                                                                                                        "Actual Loops": 632074,
                                                                                                                        "Index Cond": "(movie_id = ci.movie_id)",
                                                                                                                        "Rows Removed by Index Recheck": 0,
                                                                                                                        "Filter": "(info = ANY ('{Comedy,Documentary,Drama}'::text[]))",
                                                                                                                        "Rows Removed by Filter": 19,
                                                                                                                        "Workers": []
                                                                                                                    }
                                                                                                                ]
                                                                                                            },
                                                                                                            {
                                                                                                                "Node Type": "Memoize",
                                                                                                                "Parent Relationship": "Inner",
                                                                                                                "Parallel Aware": false,
                                                                                                                "Async Capable": false,
                                                                                                                "Startup Cost": 0.15,
                                                                                                                "Total Cost": 0.48,
                                                                                                                "Plan Rows": 1,
                                                                                                                "Plan Width": 4,
                                                                                                                "Actual Startup Time": 0.0,
                                                                                                                "Actual Total Time": 0.0,
                                                                                                                "Actual Rows": 1,
                                                                                                                "Actual Loops": 411661,
                                                                                                                "Cache Key": "mi1.info_type_id",
                                                                                                                "Cache Mode": "logical",
                                                                                                                "Cache Hits": 123561,
                                                                                                                "Cache Misses": 2,
                                                                                                                "Cache Evictions": 0,
                                                                                                                "Cache Overflows": 0,
                                                                                                                "Peak Memory Usage": 1,
                                                                                                                "Workers": [
                                                                                                                    {
                                                                                                                        "Worker Number": 0,
                                                                                                                        "Cache Hits": 144861,
                                                                                                                        "Cache Misses": 2,
                                                                                                                        "Cache Evictions": 0,
                                                                                                                        "Cache Overflows": 0,
                                                                                                                        "Peak Memory Usage": 1
                                                                                                                    },
                                                                                                                    {
                                                                                                                        "Worker Number": 1,
                                                                                                                        "Cache Hits": 143233,
                                                                                                                        "Cache Misses": 2,
                                                                                                                        "Cache Evictions": 0,
                                                                                                                        "Cache Overflows": 0,
                                                                                                                        "Peak Memory Usage": 1
                                                                                                                    }
                                                                                                                ],
                                                                                                                "Plans": [
                                                                                                                    {
                                                                                                                        "Node Type": "Index Only Scan",
                                                                                                                        "Parent Relationship": "Outer",
                                                                                                                        "Parallel Aware": false,
                                                                                                                        "Async Capable": false,
                                                                                                                        "Scan Direction": "Forward",
                                                                                                                        "Index Name": "info_type_pkey",
                                                                                                                        "Relation Name": "info_type",
                                                                                                                        "Alias": "it1",
                                                                                                                        "Startup Cost": 0.14,
                                                                                                                        "Total Cost": 0.47,
                                                                                                                        "Plan Rows": 1,
                                                                                                                        "Plan Width": 4,
                                                                                                                        "Actual Startup Time": 0.008,
                                                                                                                        "Actual Total Time": 0.008,
                                                                                                                        "Actual Rows": 0,
                                                                                                                        "Actual Loops": 6,
                                                                                                                        "Index Cond": "((id = mi1.info_type_id) AND (id = ANY ('{103,3,6}'::integer[])))",
                                                                                                                        "Rows Removed by Index Recheck": 0,
                                                                                                                        "Heap Fetches": 3,
                                                                                                                        "Workers": []
                                                                                                                    }
                                                                                                                ]
                                                                                                            }
                                                                                                        ]
                                                                                                    },
                                                                                                    {
                                                                                                        "Node Type": "Index Scan",
                                                                                                        "Parent Relationship": "Inner",
                                                                                                        "Parallel Aware": false,
                                                                                                        "Async Capable": false,
                                                                                                        "Scan Direction": "Forward",
                                                                                                        "Index Name": "person_id_person_info",
                                                                                                        "Relation Name": "person_info",
                                                                                                        "Alias": "pi1",
                                                                                                        "Startup Cost": 0.43,
                                                                                                        "Total Cost": 14.24,
                                                                                                        "Plan Rows": 1,
                                                                                                        "Plan Width": 8,
                                                                                                        "Actual Startup Time": 0.001,
                                                                                                        "Actual Total Time": 0.001,
                                                                                                        "Actual Rows": 0,
                                                                                                        "Actual Loops": 408220,
                                                                                                        "Index Cond": "(person_id = ci.person_id)",
                                                                                                        "Rows Removed by Index Recheck": 0,
                                                                                                        "Filter": "(info_type_id = 31)",
                                                                                                        "Rows Removed by Filter": 11,
                                                                                                        "Workers": []
                                                                                                    }
                                                                                                ]
                                                                                            }
                                                                                        ]
                                                                                    },
                                                                                    {
                                                                                        "Node Type": "Index Scan",
                                                                                        "Parent Relationship": "Inner",
                                                                                        "Parallel Aware": false,
                                                                                        "Async Capable": false,
                                                                                        "Scan Direction": "Forward",
                                                                                        "Index Name": "kind_type_pkey",
                                                                                        "Relation Name": "kind_type",
                                                                                        "Alias": "kt",
                                                                                        "Startup Cost": 0.13,
                                                                                        "Total Cost": 0.15,
                                                                                        "Plan Rows": 1,
                                                                                        "Plan Width": 4,
                                                                                        "Actual Startup Time": 0.0,
                                                                                        "Actual Total Time": 0.0,
                                                                                        "Actual Rows": 1,
                                                                                        "Actual Loops": 28389,
                                                                                        "Index Cond": "(id = t.kind_id)",
                                                                                        "Rows Removed by Index Recheck": 0,
                                                                                        "Filter": "((kind)::text = ANY ('{episode,movie}'::text[]))",
                                                                                        "Rows Removed by Filter": 0
                                                                                    }
                                                                                ]
                                                                            },
                                                                            {
                                                                                "Node Type": "Seq Scan",
                                                                                "Parent Relationship": "Inner",
                                                                                "Parallel Aware": false,
                                                                                "Async Capable": false,
                                                                                "Relation Name": "info_type",
                                                                                "Alias": "it3",
                                                                                "Startup Cost": 0.0,
                                                                                "Total Cost": 2.41,
                                                                                "Plan Rows": 1,
                                                                                "Plan Width": 4,
                                                                                "Actual Startup Time": 0.002,
                                                                                "Actual Total Time": 0.002,
                                                                                "Actual Rows": 1,
                                                                                "Actual Loops": 20364,
                                                                                "Filter": "(id = 100)",
                                                                                "Rows Removed by Filter": 112
                                                                            }
                                                                        ]
                                                                    },
                                                                    {
                                                                        "Node Type": "Seq Scan",
                                                                        "Parent Relationship": "Inner",
                                                                        "Parallel Aware": false,
                                                                        "Async Capable": false,
                                                                        "Relation Name": "info_type",
                                                                        "Alias": "it4",
                                                                        "Startup Cost": 0.0,
                                                                        "Total Cost": 2.41,
                                                                        "Plan Rows": 1,
                                                                        "Plan Width": 4,
                                                                        "Actual Startup Time": 0.002,
                                                                        "Actual Total Time": 0.002,
                                                                        "Actual Rows": 1,
                                                                        "Actual Loops": 20364,
                                                                        "Filter": "(id = 101)",
                                                                        "Rows Removed by Filter": 112
                                                                    }
                                                                ]
                                                            },
                                                            {
                                                                "Node Type": "Index Only Scan",
                                                                "Parent Relationship": "Inner",
                                                                "Parallel Aware": false,
                                                                "Async Capable": false,
                                                                "Scan Direction": "Forward",
                                                                "Index Name": "keyword_pkey",
                                                                "Relation Name": "keyword",
                                                                "Alias": "k",
                                                                "Startup Cost": 0.42,
                                                                "Total Cost": 1.57,
                                                                "Plan Rows": 1,
                                                                "Plan Width": 4,
                                                                "Actual Startup Time": 0.001,
                                                                "Actual Total Time": 0.001,
                                                                "Actual Rows": 1,
                                                                "Actual Loops": 20364,
                                                                "Index Cond": "(id = mk.keyword_id)",
                                                                "Rows Removed by Index Recheck": 0,
                                                                "Heap Fetches": 20364
                                                            }
                                                        ]
                                                    },
                                                    {
                                                        "Node Type": "Index Only Scan",
                                                        "Parent Relationship": "Inner",
                                                        "Parallel Aware": false,
                                                        "Async Capable": false,
                                                        "Scan Direction": "Forward",
                                                        "Index Name": "person_id_aka_name",
                                                        "Relation Name": "aka_name",
                                                        "Alias": "an",
                                                        "Startup Cost": 0.42,
                                                        "Total Cost": 2.19,
                                                        "Plan Rows": 2,
                                                        "Plan Width": 4,
                                                        "Actual Startup Time": 0.001,
                                                        "Actual Total Time": 0.001,
                                                        "Actual Rows": 4,
                                                        "Actual Loops": 20364,
                                                        "Index Cond": "(person_id = ci.person_id)",
                                                        "Rows Removed by Index Recheck": 0,
                                                        "Heap Fetches": 88379
                                                    }
                                                ]
                                            },
                                            {
                                                "Node Type": "Index Scan",
                                                "Parent Relationship": "Inner",
                                                "Parallel Aware": false,
                                                "Async Capable": false,
                                                "Scan Direction": "Forward",
                                                "Index Name": "name_pkey",
                                                "Relation Name": "name",
                                                "Alias": "n",
                                                "Startup Cost": 0.43,
                                                "Total Cost": 1.76,
                                                "Plan Rows": 1,
                                                "Plan Width": 4,
                                                "Actual Startup Time": 0.001,
                                                "Actual Total Time": 0.001,
                                                "Actual Rows": 0,
                                                "Actual Loops": 88379,
                                                "Index Cond": "(id = ci.person_id)",
                                                "Rows Removed by Index Recheck": 0,
                                                "Filter": "((((gender)::text = 'f'::text) OR (gender IS NULL)) AND ((name_pcode_nf)::text = ANY ('{B6161,C6235,C6416,C6452,D5162,E4213,J5215,M6216,M6263,R3565}'::text[])))",
                                                "Rows Removed by Filter": 1
                                            }
                                        ]
                                    },
                                    {
                                        "Node Type": "Seq Scan",
                                        "Parent Relationship": "Inner",
                                        "Parallel Aware": false,
                                        "Async Capable": false,
                                        "Relation Name": "info_type",
                                        "Alias": "it5",
                                        "Startup Cost": 0.0,
                                        "Total Cost": 2.41,
                                        "Plan Rows": 1,
                                        "Plan Width": 4,
                                        "Actual Startup Time": 0.001,
                                        "Actual Total Time": 0.002,
                                        "Actual Rows": 1,
                                        "Actual Loops": 2345,
                                        "Filter": "(id = 31)",
                                        "Rows Removed by Filter": 112
                                    }
                                ]
                            }
                        ]
                    },
                    "Planning Time": 323.013,
                    "Triggers": [],
                    "Execution Time": 1494.537
                }
            ],
            "hints": [
                "SET enable_hashjoin TO on",
                "SET enable_indexonlyscan TO on",
                "SET enable_indexscan TO on",
                "SET enable_mergejoin TO on",
                "SET enable_nestloop TO on",
                "SET enable_seqscan TO on"
            ]
        },
        {
            "arm": 1,
            "execution_time": 5232.314,
            "plan": [
                {
                    "Plan": {
                        "Node Type": "Aggregate",
                        "Strategy": "Plain",
                        "Partial Mode": "Simple",
                        "Parallel Aware": false,
                        "Async Capable": false,
                        "Startup Cost": 30001887450.75,
                        "Total Cost": 30001887450.76,
                        "Plan Rows": 1,
                        "Plan Width": 8,
                        "Actual Startup Time": 5231.495,
                        "Actual Total Time": 5231.51,
                        "Actual Rows": 1,
                        "Actual Loops": 1,
                        "Plans": [
                            {
                                "Node Type": "Hash Join",
                                "Parent Relationship": "Outer",
                                "Parallel Aware": false,
                                "Async Capable": false,
                                "Join Type": "Inner",
                                "Startup Cost": 30001884597.9,
                                "Total Cost": 30001887450.75,
                                "Plan Rows": 1,
                                "Plan Width": 0,
                                "Actual Startup Time": 5222.959,
                                "Actual Total Time": 5231.441,
                                "Actual Rows": 2345,
                                "Actual Loops": 1,
                                "Inner Unique": true,
                                "Hash Cond": "(ci.role_id = rt.id)",
                                "Plans": [
                                    {
                                        "Node Type": "Hash Join",
                                        "Parent Relationship": "Outer",
                                        "Parallel Aware": false,
                                        "Async Capable": false,
                                        "Join Type": "Inner",
                                        "Startup Cost": 30001884596.72,
                                        "Total Cost": 30001887449.57,
                                        "Plan Rows": 1,
                                        "Plan Width": 4,
                                        "Actual Startup Time": 5222.937,
                                        "Actual Total Time": 5231.29,
                                        "Actual Rows": 2345,
                                        "Actual Loops": 1,
                                        "Inner Unique": false,
                                        "Hash Cond": "(k.id = mk.keyword_id)",
                                        "Plans": [
                                            {
                                                "Node Type": "Seq Scan",
                                                "Parent Relationship": "Outer",
                                                "Parallel Aware": false,
                                                "Async Capable": false,
                                                "Relation Name": "keyword",
                                                "Alias": "k",
                                                "Startup Cost": 0.0,
                                                "Total Cost": 2349.7,
                                                "Plan Rows": 134170,
                                                "Plan Width": 4,
                                                "Actual Startup Time": 0.004,
                                                "Actual Total Time": 4.631,
                                                "Actual Rows": 134170,
                                                "Actual Loops": 1
                                            },
                                            {
                                                "Node Type": "Hash",
                                                "Parent Relationship": "Inner",
                                                "Parallel Aware": false,
                                                "Async Capable": false,
                                                "Startup Cost": 30001884596.71,
                                                "Total Cost": 30001884596.71,
                                                "Plan Rows": 1,
                                                "Plan Width": 8,
                                                "Actual Startup Time": 5222.926,
                                                "Actual Total Time": 5222.939,
                                                "Actual Rows": 2345,
                                                "Actual Loops": 1,
                                                "Hash Buckets": 4096,
                                                "Original Hash Buckets": 1024,
                                                "Hash Batches": 1,
                                                "Original Hash Batches": 1,
                                                "Peak Memory Usage": 124,
                                                "Plans": [
                                                    {
                                                        "Node Type": "Nested Loop",
                                                        "Parent Relationship": "Outer",
                                                        "Parallel Aware": false,
                                                        "Async Capable": false,
                                                        "Join Type": "Inner",
                                                        "Startup Cost": 30001516988.47,
                                                        "Total Cost": 30001884596.71,
                                                        "Plan Rows": 1,
                                                        "Plan Width": 8,
                                                        "Actual Startup Time": 4598.069,
                                                        "Actual Total Time": 5222.82,
                                                        "Actual Rows": 2345,
                                                        "Actual Loops": 1,
                                                        "Inner Unique": false,
                                                        "Plans": [
                                                            {
                                                                "Node Type": "Hash Join",
                                                                "Parent Relationship": "Outer",
                                                                "Parallel Aware": false,
                                                                "Async Capable": false,
                                                                "Join Type": "Inner",
                                                                "Startup Cost": 20001516988.47,
                                                                "Total Cost": 20001884594.29,
                                                                "Plan Rows": 1,
                                                                "Plan Width": 12,
                                                                "Actual Startup Time": 4598.06,
                                                                "Actual Total Time": 5217.432,
                                                                "Actual Rows": 2345,
                                                                "Actual Loops": 1,
                                                                "Inner Unique": true,
                                                                "Hash Cond": "(mi1.info_type_id = it1.id)",
                                                                "Plans": [
                                                                    {
                                                                        "Node Type": "Hash Join",
                                                                        "Parent Relationship": "Outer",
                                                                        "Parallel Aware": false,
                                                                        "Async Capable": false,
                                                                        "Join Type": "Inner",
                                                                        "Startup Cost": 20001516985.88,
                                                                        "Total Cost": 20001884591.69,
                                                                        "Plan Rows": 1,
                                                                        "Plan Width": 16,
                                                                        "Actual Startup Time": 4598.05,
                                                                        "Actual Total Time": 5217.283,
                                                                        "Actual Rows": 2345,
                                                                        "Actual Loops": 1,
                                                                        "Inner Unique": true,
                                                                        "Hash Cond": "(t.kind_id = kt.id)",
                                                                        "Plans": [
                                                                            {
                                                                                "Node Type": "Hash Join",
                                                                                "Parent Relationship": "Outer",
                                                                                "Parallel Aware": false,
                                                                                "Async Capable": false,
                                                                                "Join Type": "Inner",
                                                                                "Startup Cost": 20001516984.77,
                                                                                "Total Cost": 20001884590.58,
                                                                                "Plan Rows": 1,
                                                                                "Plan Width": 20,
                                                                                "Actual Startup Time": 4597.808,
                                                                                "Actual Total Time": 5217.115,
                                                                                "Actual Rows": 2758,
                                                                                "Actual Loops": 1,
                                                                                "Inner Unique": false,
                                                                                "Hash Cond": "(mi1.movie_id = t.id)",
                                                                                "Plans": [
                                                                                    {
                                                                                        "Node Type": "Seq Scan",
                                                                                        "Parent Relationship": "Outer",
                                                                                        "Parallel Aware": false,
                                                                                        "Async Capable": false,
                                                                                        "Relation Name": "movie_info",
                                                                                        "Alias": "mi1",
                                                                                        "Startup Cost": 0.0,
                                                                                        "Total Cost": 365342.93,
                                                                                        "Plan Rows": 603431,
                                                                                        "Plan Width": 8,
                                                                                        "Actual Startup Time": 118.078,
                                                                                        "Actual Total Time": 724.117,
                                                                                        "Actual Rows": 591037,
                                                                                        "Actual Loops": 1,
                                                                                        "Filter": "(info = ANY ('{Comedy,Documentary,Drama}'::text[]))",
                                                                                        "Rows Removed by Filter": 14244683
                                                                                    },
                                                                                    {
                                                                                        "Node Type": "Hash",
                                                                                        "Parent Relationship": "Inner",
                                                                                        "Parallel Aware": false,
                                                                                        "Async Capable": false,
                                                                                        "Startup Cost": 20001516984.75,
                                                                                        "Total Cost": 20001516984.75,
                                                                                        "Plan Rows": 1,
                                                                                        "Plan Width": 36,
                                                                                        "Actual Startup Time": 4477.216,
                                                                                        "Actual Total Time": 4477.227,
                                                                                        "Actual Rows": 3403,
                                                                                        "Actual Loops": 1,
                                                                                        "Hash Buckets": 4096,
                                                                                        "Original Hash Buckets": 1024,
                                                                                        "Hash Batches": 1,
                                                                                        "Original Hash Batches": 1,
                                                                                        "Peak Memory Usage": 258,
                                                                                        "Plans": [
                                                                                            {
                                                                                                "Node Type": "Merge Join",
                                                                                                "Parent Relationship": "Outer",
                                                                                                "Parallel Aware": false,
                                                                                                "Async Capable": false,
                                                                                                "Join Type": "Inner",
                                                                                                "Startup Cost": 20001087658.22,
                                                                                                "Total Cost": 20001516984.75,
                                                                                                "Plan Rows": 1,
                                                                                                "Plan Width": 36,
                                                                                                "Actual Startup Time": 2783.334,
                                                                                                "Actual Total Time": 4476.987,
                                                                                                "Actual Rows": 3403,
                                                                                                "Actual Loops": 1,
                                                                                                "Inner Unique": false,
                                                                                                "Merge Cond": "(t.id = ci.movie_id)",
                                                                                                "Plans": [
                                                                                                    {
                                                                                                        "Node Type": "Merge Join",
                                                                                                        "Parent Relationship": "Outer",
                                                                                                        "Parallel Aware": false,
                                                                                                        "Async Capable": false,
                                                                                                        "Join Type": "Inner",
                                                                                                        "Startup Cost": 10000000001.72,
                                                                                                        "Total Cost": 10000429328.02,
                                                                                                        "Plan Rows": 2,
                                                                                                        "Plan Width": 28,
                                                                                                        "Actual Startup Time": 0.387,
                                                                                                        "Actual Total Time": 1754.253,
                                                                                                        "Actual Rows": 143634,
                                                                                                        "Actual Loops": 1,
                                                                                                        "Inner Unique": true,
                                                                                                        "Merge Cond": "(mii1.movie_id = t.id)",
                                                                                                        "Plans": [
                                                                                                            {
                                                                                                                "Node Type": "Merge Join",
                                                                                                                "Parent Relationship": "Outer",
                                                                                                                "Parallel Aware": false,
                                                                                                                "Async Capable": false,
                                                                                                                "Join Type": "Inner",
                                                                                                                "Startup Cost": 10000000001.29,
                                                                                                                "Total Cost": 10000299106.16,
                                                                                                                "Plan Rows": 30,
                                                                                                                "Plan Width": 20,
                                                                                                                "Actual Startup Time": 0.117,
                                                                                                                "Actual Total Time": 1206.432,
                                                                                                                "Actual Rows": 556001,
                                                                                                                "Actual Loops": 1,
                                                                                                                "Inner Unique": false,
                                                                                                                "Merge Cond": "(mii1.movie_id = mk.movie_id)",
                                                                                                                "Plans": [
                                                                                                                    {
                                                                                                                        "Node Type": "Merge Join",
                                                                                                                        "Parent Relationship": "Outer",
                                                                                                                        "Parallel Aware": false,
                                                                                                                        "Async Capable": false,
                                                                                                                        "Join Type": "Inner",
                                                                                                                        "Startup Cost": 10000000000.85,
                                                                                                                        "Total Cost": 10000157336.14,
                                                                                                                        "Plan Rows": 3,
                                                                                                                        "Plan Width": 12,
                                                                                                                        "Actual Startup Time": 0.069,
                                                                                                                        "Actual Total Time": 853.593,
                                                                                                                        "Actual Rows": 127033,
                                                                                                                        "Actual Loops": 1,
                                                                                                                        "Inner Unique": false,
                                                                                                                        "Merge Cond": "(mii1.movie_id = mii2.movie_id)",
                                                                                                                        "Plans": [
                                                                                                                            {
                                                                                                                                "Node Type": "Nested Loop",
                                                                                                                                "Parent Relationship": "Outer",
                                                                                                                                "Parallel Aware": false,
                                                                                                                                "Async Capable": false,
                                                                                                                                "Join Type": "Inner",
                                                                                                                                "Startup Cost": 10000000000.43,
                                                                                                                                "Total Cost": 10000078673.46,
                                                                                                                                "Plan Rows": 1117,
                                                                                                                                "Plan Width": 4,
                                                                                                                                "Actual Startup Time": 0.033,
                                                                                                                                "Actual Total Time": 434.322,
                                                                                                                                "Actual Rows": 436793,
                                                                                                                                "Actual Loops": 1,
                                                                                                                                "Inner Unique": false,
                                                                                                                                "Plans": [
                                                                                                                                    {
                                                                                                                                        "Node Type": "Index Scan",
                                                                                                                                        "Parent Relationship": "Outer",
                                                                                                                                        "Parallel Aware": false,
                                                                                                                                        "Async Capable": false,
                                                                                                                                        "Scan Direction": "Forward",
                                                                                                                                        "Index Name": "movie_id_movie_info_idx",
                                                                                                                                        "Relation Name": "movie_info_idx",
                                                                                                                                        "Alias": "mii1",
                                                                                                                                        "Startup Cost": 0.43,
                                                                                                                                        "Total Cost": 78657.09,
                                                                                                                                        "Plan Rows": 1117,
                                                                                                                                        "Plan Width": 8,
                                                                                                                                        "Actual Startup Time": 0.023,
                                                                                                                                        "Actual Total Time": 379.608,
                                                                                                                                        "Actual Rows": 436793,
                                                                                                                                        "Actual Loops": 1,
                                                                                                                                        "Filter": "((info ~ '^(?:[1-9]\\d*|0)?(?:\\.\\d+)?$'::text) AND (info ~ '^(?:[1-9]\\d*|0)?(?:\\.\\d+)?$'::text) AND (info_type_id = 100) AND ('0'::double precision <= (info)::double precision) AND ((info)::double precision <= '1000'::double precision))",
                                                                                                                                        "Rows Removed by Filter": 935345
                                                                                                                                    },
                                                                                                                                    {
                                                                                                                                        "Node Type": "Materialize",
                                                                                                                                        "Parent Relationship": "Inner",
                                                                                                                                        "Parallel Aware": false,
                                                                                                                                        "Async Capable": false,
                                                                                                                                        "Startup Cost": 0.0,
                                                                                                                                        "Total Cost": 2.42,
                                                                                                                                        "Plan Rows": 1,
                                                                                                                                        "Plan Width": 4,
                                                                                                                                        "Actual Startup Time": 0.0,
                                                                                                                                        "Actual Total Time": 0.0,
                                                                                                                                        "Actual Rows": 1,
                                                                                                                                        "Actual Loops": 436793,
                                                                                                                                        "Plans": [
                                                                                                                                            {
                                                                                                                                                "Node Type": "Seq Scan",
                                                                                                                                                "Parent Relationship": "Outer",
                                                                                                                                                "Parallel Aware": false,
                                                                                                                                                "Async Capable": false,
                                                                                                                                                "Relation Name": "info_type",
                                                                                                                                                "Alias": "it3",
                                                                                                                                                "Startup Cost": 0.0,
                                                                                                                                                "Total Cost": 2.41,
                                                                                                                                                "Plan Rows": 1,
                                                                                                                                                "Plan Width": 4,
                                                                                                                                                "Actual Startup Time": 0.005,
                                                                                                                                                "Actual Total Time": 0.006,
                                                                                                                                                "Actual Rows": 1,
                                                                                                                                                "Actual Loops": 1,
                                                                                                                                                "Filter": "(id = 100)",
                                                                                                                                                "Rows Removed by Filter": 112
                                                                                                                                            }
                                                                                                                                        ]
                                                                                                                                    }
                                                                                                                                ]
                                                                                                                            },
                                                                                                                            {
                                                                                                                                "Node Type": "Index Scan",
                                                                                                                                "Parent Relationship": "Inner",
                                                                                                                                "Parallel Aware": false,
                                                                                                                                "Async Capable": false,
                                                                                                                                "Scan Direction": "Forward",
                                                                                                                                "Index Name": "movie_id_movie_info_idx",
                                                                                                                                "Relation Name": "movie_info_idx",
                                                                                                                                "Alias": "mii2",
                                                                                                                                "Startup Cost": 0.43,
                                                                                                                                "Total Cost": 78657.09,
                                                                                                                                "Plan Rows": 1107,
                                                                                                                                "Plan Width": 8,
                                                                                                                                "Actual Startup Time": 0.019,
                                                                                                                                "Actual Total Time": 398.454,
                                                                                                                                "Actual Rows": 135425,
                                                                                                                                "Actual Loops": 1,
                                                                                                                                "Filter": "((info ~ '^(?:[1-9]\\d*|0)?(?:\\.\\d+)?$'::text) AND (info ~ '^(?:[1-9]\\d*|0)?(?:\\.\\d+)?$'::text) AND (info_type_id = 101) AND ((info)::double precision <= '11'::double precision) AND ('7'::double precision <= (info)::double precision))",
                                                                                                                                "Rows Removed by Filter": 1236714
                                                                                                                            }
                                                                                                                        ]
                                                                                                                    },
                                                                                                                    {
                                                                                                                        "Node Type": "Index Scan",
                                                                                                                        "Parent Relationship": "Inner",
                                                                                                                        "Parallel Aware": false,
                                                                                                                        "Async Capable": false,
                                                                                                                        "Scan Direction": "Forward",
                                                                                                                        "Index Name": "movie_id_movie_keyword",
                                                                                                                        "Relation Name": "movie_keyword",
                                                                                                                        "Alias": "mk",
                                                                                                                        "Startup Cost": 0.43,
                                                                                                                        "Total Cost": 130496.09,
                                                                                                                        "Plan Rows": 4523930,
                                                                                                                        "Plan Width": 8,
                                                                                                                        "Actual Startup Time": 0.007,
                                                                                                                        "Actual Total Time": 222.292,
                                                                                                                        "Actual Rows": 4499932,
                                                                                                                        "Actual Loops": 1
                                                                                                                    }
                                                                                                                ]
                                                                                                            },
                                                                                                            {
                                                                                                                "Node Type": "Index Scan",
                                                                                                                "Parent Relationship": "Inner",
                                                                                                                "Parallel Aware": false,
                                                                                                                "Async Capable": false,
                                                                                                                "Scan Direction": "Forward",
                                                                                                                "Index Name": "title_pkey",
                                                                                                                "Relation Name": "title",
                                                                                                                "Alias": "t",
                                                                                                                "Startup Cost": 0.43,
                                                                                                                "Total Cost": 128991.25,
                                                                                                                "Plan Rows": 546309,
                                                                                                                "Plan Width": 8,
                                                                                                                "Actual Startup Time": 0.058,
                                                                                                                "Actual Total Time": 517.934,
                                                                                                                "Actual Rows": 539789,
                                                                                                                "Actual Loops": 1,
                                                                                                                "Filter": "((production_year <= 1990) AND (production_year >= 1950))",
                                                                                                                "Rows Removed by Filter": 1978505
                                                                                                            }
                                                                                                        ]
                                                                                                    },
                                                                                                    {
                                                                                                        "Node Type": "Sort",
                                                                                                        "Parent Relationship": "Inner",
                                                                                                        "Parallel Aware": false,
                                                                                                        "Async Capable": false,
                                                                                                        "Startup Cost": 10001087656.5,
                                                                                                        "Total Cost": 10001087656.61,
                                                                                                        "Plan Rows": 43,
                                                                                                        "Plan Width": 8,
                                                                                                        "Actual Startup Time": 2718.445,
                                                                                                        "Actual Total Time": 2718.917,
                                                                                                        "Actual Rows": 17399,
                                                                                                        "Actual Loops": 1,
                                                                                                        "Sort Key": [
                                                                                                            "ci.movie_id"
                                                                                                        ],
                                                                                                        "Sort Method": "quicksort",
                                                                                                        "Sort Space Used": 830,
                                                                                                        "Sort Space Type": "Memory",
                                                                                                        "Plans": [
                                                                                                            {
                                                                                                                "Node Type": "Hash Join",
                                                                                                                "Parent Relationship": "Outer",
                                                                                                                "Parallel Aware": false,
                                                                                                                "Async Capable": false,
                                                                                                                "Join Type": "Inner",
                                                                                                                "Startup Cost": 10000389129.47,
                                                                                                                "Total Cost": 10001087655.34,
                                                                                                                "Plan Rows": 43,
                                                                                                                "Plan Width": 8,
                                                                                                                "Actual Startup Time": 1826.437,
                                                                                                                "Actual Total Time": 2717.783,
                                                                                                                "Actual Rows": 14263,
                                                                                                                "Actual Loops": 1,
                                                                                                                "Inner Unique": false,
                                                                                                                "Hash Cond": "(ci.person_id = n.id)",
                                                                                                                "Plans": [
                                                                                                                    {
                                                                                                                        "Node Type": "Seq Scan",
                                                                                                                        "Parent Relationship": "Outer",
                                                                                                                        "Parallel Aware": false,
                                                                                                                        "Async Capable": false,
                                                                                                                        "Relation Name": "cast_info",
                                                                                                                        "Alias": "ci",
                                                                                                                        "Startup Cost": 0.0,
                                                                                                                        "Total Cost": 615163.44,
                                                                                                                        "Plan Rows": 22229865,
                                                                                                                        "Plan Width": 12,
                                                                                                                        "Actual Startup Time": 0.003,
                                                                                                                        "Actual Total Time": 1253.734,
                                                                                                                        "Actual Rows": 22007252,
                                                                                                                        "Actual Loops": 1,
                                                                                                                        "Filter": "(note IS NULL)",
                                                                                                                        "Rows Removed by Filter": 14237092
                                                                                                                    },
                                                                                                                    {
                                                                                                                        "Node Type": "Hash",
                                                                                                                        "Parent Relationship": "Inner",
                                                                                                                        "Parallel Aware": false,
                                                                                                                        "Async Capable": false,
                                                                                                                        "Startup Cost": 10000389129.37,
                                                                                                                        "Total Cost": 10000389129.37,
                                                                                                                        "Plan Rows": 8,
                                                                                                                        "Plan Width": 12,
                                                                                                                        "Actual Startup Time": 932.943,
                                                                                                                        "Actual Total Time": 932.947,
                                                                                                                        "Actual Rows": 115,
                                                                                                                        "Actual Loops": 1,
                                                                                                                        "Hash Buckets": 1024,
                                                                                                                        "Original Hash Buckets": 1024,
                                                                                                                        "Hash Batches": 1,
                                                                                                                        "Original Hash Batches": 1,
                                                                                                                        "Peak Memory Usage": 13,
                                                                                                                        "Plans": [
                                                                                                                            {
                                                                                                                                "Node Type": "Merge Join",
                                                                                                                                "Parent Relationship": "Outer",
                                                                                                                                "Parallel Aware": false,
                                                                                                                                "Async Capable": false,
                                                                                                                                "Join Type": "Inner",
                                                                                                                                "Startup Cost": 10000143428.26,
                                                                                                                                "Total Cost": 10000389129.37,
                                                                                                                                "Plan Rows": 8,
                                                                                                                                "Plan Width": 12,
                                                                                                                                "Actual Startup Time": 405.253,
                                                                                                                                "Actual Total Time": 932.93,
                                                                                                                                "Actual Rows": 115,
                                                                                                                                "Actual Loops": 1,
                                                                                                                                "Inner Unique": true,
                                                                                                                                "Merge Cond": "(pi1.person_id = n.id)",
                                                                                                                                "Plans": [
                                                                                                                                    {
                                                                                                                                        "Node Type": "Nested Loop",
                                                                                                                                        "Parent Relationship": "Outer",
                                                                                                                                        "Parallel Aware": false,
                                                                                                                                        "Async Capable": false,
                                                                                                                                        "Join Type": "Inner",
                                                                                                                                        "Startup Cost": 10000143409.27,
                                                                                                                                        "Total Cost": 10000148298.9,
                                                                                                                                        "Plan Rows": 13851,
                                                                                                                                        "Plan Width": 8,
                                                                                                                                        "Actual Startup Time": 123.366,
                                                                                                                                        "Actual Total Time": 175.725,
                                                                                                                                        "Actual Rows": 17952,
                                                                                                                                        "Actual Loops": 1,
                                                                                                                                        "Inner Unique": false,
                                                                                                                                        "Plans": [
                                                                                                                                            {
                                                                                                                                                "Node Type": "Merge Join",
                                                                                                                                                "Parent Relationship": "Outer",
                                                                                                                                                "Parallel Aware": false,
                                                                                                                                                "Async Capable": false,
                                                                                                                                                "Join Type": "Inner",
                                                                                                                                                "Startup Cost": 143409.27,
                                                                                                                                                "Total Cost": 148123.35,
                                                                                                                                                "Plan Rows": 13851,
                                                                                                                                                "Plan Width": 12,
                                                                                                                                                "Actual Startup Time": 123.358,
                                                                                                                                                "Actual Total Time": 173.499,
                                                                                                                                                "Actual Rows": 17952,
                                                                                                                                                "Actual Loops": 1,
                                                                                                                                                "Inner Unique": false,
                                                                                                                                                "Merge Cond": "(an.person_id = pi1.person_id)",
                                                                                                                                                "Plans": [
                                                                                                                                                    {
                                                                                                                                                        "Node Type": "Sort",
                                                                                                                                                        "Parent Relationship": "Outer",
                                                                                                                                                        "Parallel Aware": false,
                                                                                                                                                        "Async Capable": false,
                                                                                                                                                        "Startup Cost": 121903.49,
                                                                                                                                                        "Total Cost": 124156.85,
                                                                                                                                                        "Plan Rows": 901343,
                                                                                                                                                        "Plan Width": 4,
                                                                                                                                                        "Actual Startup Time": 117.919,
                                                                                                                                                        "Actual Total Time": 146.631,
                                                                                                                                                        "Actual Rows": 901177,
                                                                                                                                                        "Actual Loops": 1,
                                                                                                                                                        "Sort Key": [
                                                                                                                                                            "an.person_id"
                                                                                                                                                        ],
                                                                                                                                                        "Sort Method": "external merge",
                                                                                                                                                        "Sort Space Used": 10600,
                                                                                                                                                        "Sort Space Type": "Disk",
                                                                                                                                                        "Plans": [
                                                                                                                                                            {
                                                                                                                                                                "Node Type": "Seq Scan",
                                                                                                                                                                "Parent Relationship": "Outer",
                                                                                                                                                                "Parallel Aware": false,
                                                                                                                                                                "Async Capable": false,
                                                                                                                                                                "Relation Name": "aka_name",
                                                                                                                                                                "Alias": "an",
                                                                                                                                                                "Startup Cost": 0.0,
                                                                                                                                                                "Total Cost": 20429.43,
                                                                                                                                                                "Plan Rows": 901343,
                                                                                                                                                                "Plan Width": 4,
                                                                                                                                                                "Actual Startup Time": 0.003,
                                                                                                                                                                "Actual Total Time": 47.185,
                                                                                                                                                                "Actual Rows": 901343,
                                                                                                                                                                "Actual Loops": 1
                                                                                                                                                            }
                                                                                                                                                        ]
                                                                                                                                                    },
                                                                                                                                                    {
                                                                                                                                                        "Node Type": "Sort",
                                                                                                                                                        "Parent Relationship": "Inner",
                                                                                                                                                        "Parallel Aware": false,
                                                                                                                                                        "Async Capable": false,
                                                                                                                                                        "Startup Cost": 21505.38,
                                                                                                                                                        "Total Cost": 21519.44,
                                                                                                                                                        "Plan Rows": 5626,
                                                                                                                                                        "Plan Width": 8,
                                                                                                                                                        "Actual Startup Time": 5.427,
                                                                                                                                                        "Actual Total Time": 5.924,
                                                                                                                                                        "Actual Rows": 18820,
                                                                                                                                                        "Actual Loops": 1,
                                                                                                                                                        "Sort Key": [
                                                                                                                                                            "pi1.person_id"
                                                                                                                                                        ],
                                                                                                                                                        "Sort Method": "quicksort",
                                                                                                                                                        "Sort Space Used": 374,
                                                                                                                                                        "Sort Space Type": "Memory",
                                                                                                                                                        "Plans": [
                                                                                                                                                            {
                                                                                                                                                                "Node Type": "Index Scan",
                                                                                                                                                                "Parent Relationship": "Outer",
                                                                                                                                                                "Parallel Aware": false,
                                                                                                                                                                "Async Capable": false,
                                                                                                                                                                "Scan Direction": "Forward",
                                                                                                                                                                "Index Name": "info_type_id_person_info",
                                                                                                                                                                "Relation Name": "person_info",
                                                                                                                                                                "Alias": "pi1",
                                                                                                                                                                "Startup Cost": 0.43,
                                                                                                                                                                "Total Cost": 21154.94,
                                                                                                                                                                "Plan Rows": 5626,
                                                                                                                                                                "Plan Width": 8,
                                                                                                                                                                "Actual Startup Time": 0.028,
                                                                                                                                                                "Actual Total Time": 5.028,
                                                                                                                                                                "Actual Rows": 5797,
                                                                                                                                                                "Actual Loops": 1,
                                                                                                                                                                "Index Cond": "(info_type_id = 31)",
                                                                                                                                                                "Rows Removed by Index Recheck": 0
                                                                                                                                                            }
                                                                                                                                                        ]
                                                                                                                                                    }
                                                                                                                                                ]
                                                                                                                                            },
                                                                                                                                            {
                                                                                                                                                "Node Type": "Materialize",
                                                                                                                                                "Parent Relationship": "Inner",
                                                                                                                                                "Parallel Aware": false,
                                                                                                                                                "Async Capable": false,
                                                                                                                                                "Startup Cost": 0.0,
                                                                                                                                                "Total Cost": 2.42,
                                                                                                                                                "Plan Rows": 1,
                                                                                                                                                "Plan Width": 4,
                                                                                                                                                "Actual Startup Time": 0.0,
                                                                                                                                                "Actual Total Time": 0.0,
                                                                                                                                                "Actual Rows": 1,
                                                                                                                                                "Actual Loops": 17952,
                                                                                                                                                "Plans": [
                                                                                                                                                    {
                                                                                                                                                        "Node Type": "Seq Scan",
                                                                                                                                                        "Parent Relationship": "Outer",
                                                                                                                                                        "Parallel Aware": false,
                                                                                                                                                        "Async Capable": false,
                                                                                                                                                        "Relation Name": "info_type",
                                                                                                                                                        "Alias": "it5",
                                                                                                                                                        "Startup Cost": 0.0,
                                                                                                                                                        "Total Cost": 2.41,
                                                                                                                                                        "Plan Rows": 1,
                                                                                                                                                        "Plan Width": 4,
                                                                                                                                                        "Actual Startup Time": 0.005,
                                                                                                                                                        "Actual Total Time": 0.008,
                                                                                                                                                        "Actual Rows": 1,
                                                                                                                                                        "Actual Loops": 1,
                                                                                                                                                        "Filter": "(id = 31)",
                                                                                                                                                        "Rows Removed by Filter": 112
                                                                                                                                                    }
                                                                                                                                                ]
                                                                                                                                            }
                                                                                                                                        ]
                                                                                                                                    },
                                                                                                                                    {
                                                                                                                                        "Node Type": "Index Scan",
                                                                                                                                        "Parent Relationship": "Inner",
                                                                                                                                        "Parallel Aware": false,
                                                                                                                                        "Async Capable": false,
                                                                                                                                        "Scan Direction": "Forward",
                                                                                                                                        "Index Name": "name_pkey",
                                                                                                                                        "Relation Name": "name",
                                                                                                                                        "Alias": "n",
                                                                                                                                        "Startup Cost": 0.43,
                                                                                                                                        "Total Cost": 240730.47,
                                                                                                                                        "Plan Rows": 25950,
                                                                                                                                        "Plan Width": 4,
                                                                                                                                        "Actual Startup Time": 249.092,
                                                                                                                                        "Actual Total Time": 755.738,
                                                                                                                                        "Actual Rows": 43746,
                                                                                                                                        "Actual Loops": 1,
                                                                                                                                        "Filter": "((((gender)::text = 'f'::text) OR (gender IS NULL)) AND ((name_pcode_nf)::text = ANY ('{B6161,C6235,C6416,C6452,D5162,E4213,J5215,M6216,M6263,R3565}'::text[])))",
                                                                                                                                        "Rows Removed by Filter": 4120041
                                                                                                                                    }
                                                                                                                                ]
                                                                                                                            }
                                                                                                                        ]
                                                                                                                    }
                                                                                                                ]
                                                                                                            }
                                                                                                        ]
                                                                                                    }
                                                                                                ]
                                                                                            }
                                                                                        ]
                                                                                    }
                                                                                ]
                                                                            },
                                                                            {
                                                                                "Node Type": "Hash",
                                                                                "Parent Relationship": "Inner",
                                                                                "Parallel Aware": false,
                                                                                "Async Capable": false,
                                                                                "Startup Cost": 1.09,
                                                                                "Total Cost": 1.09,
                                                                                "Plan Rows": 2,
                                                                                "Plan Width": 4,
                                                                                "Actual Startup Time": 0.004,
                                                                                "Actual Total Time": 0.004,
                                                                                "Actual Rows": 2,
                                                                                "Actual Loops": 1,
                                                                                "Hash Buckets": 1024,
                                                                                "Original Hash Buckets": 1024,
                                                                                "Hash Batches": 1,
                                                                                "Original Hash Batches": 1,
                                                                                "Peak Memory Usage": 9,
                                                                                "Plans": [
                                                                                    {
                                                                                        "Node Type": "Seq Scan",
                                                                                        "Parent Relationship": "Outer",
                                                                                        "Parallel Aware": false,
                                                                                        "Async Capable": false,
                                                                                        "Relation Name": "kind_type",
                                                                                        "Alias": "kt",
                                                                                        "Startup Cost": 0.0,
                                                                                        "Total Cost": 1.09,
                                                                                        "Plan Rows": 2,
                                                                                        "Plan Width": 4,
                                                                                        "Actual Startup Time": 0.003,
                                                                                        "Actual Total Time": 0.003,
                                                                                        "Actual Rows": 2,
                                                                                        "Actual Loops": 1,
                                                                                        "Filter": "((kind)::text = ANY ('{episode,movie}'::text[]))",
                                                                                        "Rows Removed by Filter": 5
                                                                                    }
                                                                                ]
                                                                            }
                                                                        ]
                                                                    },
                                                                    {
                                                                        "Node Type": "Hash",
                                                                        "Parent Relationship": "Inner",
                                                                        "Parallel Aware": false,
                                                                        "Async Capable": false,
                                                                        "Startup Cost": 2.55,
                                                                        "Total Cost": 2.55,
                                                                        "Plan Rows": 3,
                                                                        "Plan Width": 4,
                                                                        "Actual Startup Time": 0.007,
                                                                        "Actual Total Time": 0.007,
                                                                        "Actual Rows": 3,
                                                                        "Actual Loops": 1,
                                                                        "Hash Buckets": 1024,
                                                                        "Original Hash Buckets": 1024,
                                                                        "Hash Batches": 1,
                                                                        "Original Hash Batches": 1,
                                                                        "Peak Memory Usage": 9,
                                                                        "Plans": [
                                                                            {
                                                                                "Node Type": "Seq Scan",
                                                                                "Parent Relationship": "Outer",
                                                                                "Parallel Aware": false,
                                                                                "Async Capable": false,
                                                                                "Relation Name": "info_type",
                                                                                "Alias": "it1",
                                                                                "Startup Cost": 0.0,
                                                                                "Total Cost": 2.55,
                                                                                "Plan Rows": 3,
                                                                                "Plan Width": 4,
                                                                                "Actual Startup Time": 0.004,
                                                                                "Actual Total Time": 0.006,
                                                                                "Actual Rows": 3,
                                                                                "Actual Loops": 1,
                                                                                "Filter": "(id = ANY ('{103,3,6}'::integer[]))",
                                                                                "Rows Removed by Filter": 110
                                                                            }
                                                                        ]
                                                                    }
                                                                ]
                                                            },
                                                            {
                                                                "Node Type": "Seq Scan",
                                                                "Parent Relationship": "Inner",
                                                                "Parallel Aware": false,
                                                                "Async Capable": false,
                                                                "Relation Name": "info_type",
                                                                "Alias": "it4",
                                                                "Startup Cost": 0.0,
                                                                "Total Cost": 2.41,
                                                                "Plan Rows": 1,
                                                                "Plan Width": 4,
                                                                "Actual Startup Time": 0.002,
                                                                "Actual Total Time": 0.002,
                                                                "Actual Rows": 1,
                                                                "Actual Loops": 2345,
                                                                "Filter": "(id = 101)",
                                                                "Rows Removed by Filter": 112
                                                            }
                                                        ]
                                                    }
                                                ]
                                            }
                                        ]
                                    },
                                    {
                                        "Node Type": "Hash",
                                        "Parent Relationship": "Inner",
                                        "Parallel Aware": false,
                                        "Async Capable": false,
                                        "Startup Cost": 1.15,
                                        "Total Cost": 1.15,
                                        "Plan Rows": 2,
                                        "Plan Width": 4,
                                        "Actual Startup Time": 0.016,
                                        "Actual Total Time": 0.016,
                                        "Actual Rows": 2,
                                        "Actual Loops": 1,
                                        "Hash Buckets": 1024,
                                        "Original Hash Buckets": 1024,
                                        "Hash Batches": 1,
                                        "Original Hash Batches": 1,
                                        "Peak Memory Usage": 9,
                                        "Plans": [
                                            {
                                                "Node Type": "Seq Scan",
                                                "Parent Relationship": "Outer",
                                                "Parallel Aware": false,
                                                "Async Capable": false,
                                                "Relation Name": "role_type",
                                                "Alias": "rt",
                                                "Startup Cost": 0.0,
                                                "Total Cost": 1.15,
                                                "Plan Rows": 2,
                                                "Plan Width": 4,
                                                "Actual Startup Time": 0.012,
                                                "Actual Total Time": 0.013,
                                                "Actual Rows": 2,
                                                "Actual Loops": 1,
                                                "Filter": "((role)::text = ANY ('{actress,director}'::text[]))",
                                                "Rows Removed by Filter": 10
                                            }
                                        ]
                                    }
                                ]
                            }
                        ]
                    },
                    "Planning Time": 421.858,
                    "Triggers": [],
                    "Execution Time": 5232.314
                }
            ],
            "hints": [
                "SET enable_hashjoin TO on",
                "SET enable_indexonlyscan TO on",
                "SET enable_indexscan TO on",
                "SET enable_mergejoin TO on",
                "SET enable_nestloop TO off",
                "SET enable_seqscan TO on"
            ]
        },
        {
            "arm": 2,
            "execution_time": 3594.723,
            "plan": [
                {
                    "Plan": {
                        "Node Type": "Aggregate",
                        "Strategy": "Plain",
                        "Partial Mode": "Simple",
                        "Parallel Aware": false,
                        "Async Capable": false,
                        "Startup Cost": 832110.12,
                        "Total Cost": 832110.13,
                        "Plan Rows": 1,
                        "Plan Width": 8,
                        "Actual Startup Time": 3575.387,
                        "Actual Total Time": 3594.633,
                        "Actual Rows": 1,
                        "Actual Loops": 1,
                        "Plans": [
                            {
                                "Node Type": "Gather",
                                "Parent Relationship": "Outer",
                                "Parallel Aware": false,
                                "Async Capable": false,
                                "Startup Cost": 771767.84,
                                "Total Cost": 832110.12,
                                "Plan Rows": 1,
                                "Plan Width": 0,
                                "Actual Startup Time": 3538.513,
                                "Actual Total Time": 3594.565,
                                "Actual Rows": 2345,
                                "Actual Loops": 1,
                                "Workers Planned": 4,
                                "Workers Launched": 4,
                                "Single Copy": false,
                                "Plans": [
                                    {
                                        "Node Type": "Nested Loop",
                                        "Parent Relationship": "Outer",
                                        "Parallel Aware": false,
                                        "Async Capable": false,
                                        "Join Type": "Inner",
                                        "Startup Cost": 770767.84,
                                        "Total Cost": 831110.02,
                                        "Plan Rows": 1,
                                        "Plan Width": 0,
                                        "Actual Startup Time": 3550.62,
                                        "Actual Total Time": 3570.88,
                                        "Actual Rows": 469,
                                        "Actual Loops": 5,
                                        "Inner Unique": true,
                                        "Join Filter": "(ci.role_id = rt.id)",
                                        "Rows Removed by Join Filter": 0,
                                        "Workers": [],
                                        "Plans": [
                                            {
                                                "Node Type": "Nested Loop",
                                                "Parent Relationship": "Outer",
                                                "Parallel Aware": false,
                                                "Async Capable": false,
                                                "Join Type": "Inner",
                                                "Startup Cost": 770767.84,
                                                "Total Cost": 831108.85,
                                                "Plan Rows": 1,
                                                "Plan Width": 4,
                                                "Actual Startup Time": 3550.609,
                                                "Actual Total Time": 3570.689,
                                                "Actual Rows": 469,
                                                "Actual Loops": 5,
                                                "Inner Unique": false,
                                                "Workers": [],
                                                "Plans": [
                                                    {
                                                        "Node Type": "Hash Join",
                                                        "Parent Relationship": "Outer",
                                                        "Parallel Aware": true,
                                                        "Async Capable": false,
                                                        "Join Type": "Inner",
                                                        "Startup Cost": 770767.84,
                                                        "Total Cost": 831106.42,
                                                        "Plan Rows": 1,
                                                        "Plan Width": 8,
                                                        "Actual Startup Time": 3550.604,
                                                        "Actual Total Time": 3569.483,
                                                        "Actual Rows": 469,
                                                        "Actual Loops": 5,
                                                        "Inner Unique": false,
                                                        "Hash Cond": "(pi1.person_id = n.id)",
                                                        "Workers": [],
                                                        "Plans": [
                                                            {
                                                                "Node Type": "Seq Scan",
                                                                "Parent Relationship": "Outer",
                                                                "Parallel Aware": true,
                                                                "Async Capable": false,
                                                                "Relation Name": "person_info",
                                                                "Alias": "pi1",
                                                                "Startup Cost": 0.0,
                                                                "Total Cost": 60333.3,
                                                                "Plan Rows": 1406,
                                                                "Plan Width": 8,
                                                                "Actual Startup Time": 0.091,
                                                                "Actual Total Time": 38.325,
                                                                "Actual Rows": 1159,
                                                                "Actual Loops": 5,
                                                                "Filter": "(info_type_id = 31)",
                                                                "Rows Removed by Filter": 591573,
                                                                "Workers": []
                                                            },
                                                            {
                                                                "Node Type": "Hash",
                                                                "Parent Relationship": "Inner",
                                                                "Parallel Aware": true,
                                                                "Async Capable": false,
                                                                "Startup Cost": 770767.83,
                                                                "Total Cost": 770767.83,
                                                                "Plan Rows": 1,
                                                                "Plan Width": 16,
                                                                "Actual Startup Time": 3530.843,
                                                                "Actual Total Time": 3530.861,
                                                                "Actual Rows": 1153,
                                                                "Actual Loops": 5,
                                                                "Hash Buckets": 8192,
                                                                "Original Hash Buckets": 1024,
                                                                "Hash Batches": 1,
                                                                "Original Hash Batches": 1,
                                                                "Peak Memory Usage": 536,
                                                                "Workers": [],
                                                                "Plans": [
                                                                    {
                                                                        "Node Type": "Hash Join",
                                                                        "Parent Relationship": "Outer",
                                                                        "Parallel Aware": true,
                                                                        "Async Capable": false,
                                                                        "Join Type": "Inner",
                                                                        "Startup Cost": 755353.93,
                                                                        "Total Cost": 770767.83,
                                                                        "Plan Rows": 1,
                                                                        "Plan Width": 16,
                                                                        "Actual Startup Time": 3504.259,
                                                                        "Actual Total Time": 3520.305,
                                                                        "Actual Rows": 1153,
                                                                        "Actual Loops": 5,
                                                                        "Inner Unique": false,
                                                                        "Hash Cond": "(an.person_id = n.id)",
                                                                        "Workers": [],
                                                                        "Plans": [
                                                                            {
                                                                                "Node Type": "Seq Scan",
                                                                                "Parent Relationship": "Outer",
                                                                                "Parallel Aware": true,
                                                                                "Async Capable": false,
                                                                                "Relation Name": "aka_name",
                                                                                "Alias": "an",
                                                                                "Startup Cost": 0.0,
                                                                                "Total Cost": 14323.56,
                                                                                "Plan Rows": 290756,
                                                                                "Plan Width": 4,
                                                                                "Actual Startup Time": 0.016,
                                                                                "Actual Total Time": 10.538,
                                                                                "Actual Rows": 180269,
                                                                                "Actual Loops": 5,
                                                                                "Workers": []
                                                                            },
                                                                            {
                                                                                "Node Type": "Hash",
                                                                                "Parent Relationship": "Inner",
                                                                                "Parallel Aware": true,
                                                                                "Async Capable": false,
                                                                                "Startup Cost": 755353.92,
                                                                                "Total Cost": 755353.92,
                                                                                "Plan Rows": 1,
                                                                                "Plan Width": 12,
                                                                                "Actual Startup Time": 3503.439,
                                                                                "Actual Total Time": 3503.456,
                                                                                "Actual Rows": 1410,
                                                                                "Actual Loops": 5,
                                                                                "Hash Buckets": 8192,
                                                                                "Original Hash Buckets": 1024,
                                                                                "Hash Batches": 1,
                                                                                "Original Hash Batches": 1,
                                                                                "Peak Memory Usage": 536,
                                                                                "Workers": [],
                                                                                "Plans": [
                                                                                    {
                                                                                        "Node Type": "Nested Loop",
                                                                                        "Parent Relationship": "Outer",
                                                                                        "Parallel Aware": false,
                                                                                        "Async Capable": false,
                                                                                        "Join Type": "Inner",
                                                                                        "Startup Cost": 706781.26,
                                                                                        "Total Cost": 755353.92,
                                                                                        "Plan Rows": 1,
                                                                                        "Plan Width": 12,
                                                                                        "Actual Startup Time": 1360.076,
                                                                                        "Actual Total Time": 2465.15,
                                                                                        "Actual Rows": 1410,
                                                                                        "Actual Loops": 5,
                                                                                        "Inner Unique": true,
                                                                                        "Join Filter": "(mk.keyword_id = k.id)",
                                                                                        "Rows Removed by Join Filter": 20164001,
                                                                                        "Workers": [],
                                                                                        "Plans": [
                                                                                            {
                                                                                                "Node Type": "Hash Join",
                                                                                                "Parent Relationship": "Outer",
                                                                                                "Parallel Aware": true,
                                                                                                "Async Capable": false,
                                                                                                "Join Type": "Inner",
                                                                                                "Startup Cost": 706781.26,
                                                                                                "Total Cost": 751327.09,
                                                                                                "Plan Rows": 1,
                                                                                                "Plan Width": 16,
                                                                                                "Actual Startup Time": 1359.884,
                                                                                                "Actual Total Time": 1416.505,
                                                                                                "Actual Rows": 1410,
                                                                                                "Actual Loops": 5,
                                                                                                "Inner Unique": false,
                                                                                                "Hash Cond": "(mk.movie_id = t.id)",
                                                                                                "Workers": [],
                                                                                                "Plans": [
                                                                                                    {
                                                                                                        "Node Type": "Seq Scan",
                                                                                                        "Parent Relationship": "Outer",
                                                                                                        "Parallel Aware": true,
                                                                                                        "Async Capable": false,
                                                                                                        "Relation Name": "movie_keyword",
                                                                                                        "Alias": "mk",
                                                                                                        "Startup Cost": 0.0,
                                                                                                        "Total Cost": 39073.32,
                                                                                                        "Plan Rows": 1459332,
                                                                                                        "Plan Width": 8,
                                                                                                        "Actual Startup Time": 0.004,
                                                                                                        "Actual Total Time": 30.475,
                                                                                                        "Actual Rows": 904786,
                                                                                                        "Actual Loops": 5,
                                                                                                        "Workers": []
                                                                                                    },
                                                                                                    {
                                                                                                        "Node Type": "Hash",
                                                                                                        "Parent Relationship": "Inner",
                                                                                                        "Parallel Aware": true,
                                                                                                        "Async Capable": false,
                                                                                                        "Startup Cost": 706781.25,
                                                                                                        "Total Cost": 706781.25,
                                                                                                        "Plan Rows": 1,
                                                                                                        "Plan Width": 32,
                                                                                                        "Actual Startup Time": 1359.288,
                                                                                                        "Actual Total Time": 1359.302,
                                                                                                        "Actual Rows": 133,
                                                                                                        "Actual Loops": 5,
                                                                                                        "Hash Buckets": 1024,
                                                                                                        "Original Hash Buckets": 1024,
                                                                                                        "Hash Batches": 1,
                                                                                                        "Original Hash Batches": 1,
                                                                                                        "Peak Memory Usage": 168,
                                                                                                        "Workers": [],
                                                                                                        "Plans": [
                                                                                                            {
                                                                                                                "Node Type": "Nested Loop",
                                                                                                                "Parent Relationship": "Outer",
                                                                                                                "Parallel Aware": false,
                                                                                                                "Async Capable": false,
                                                                                                                "Join Type": "Inner",
                                                                                                                "Startup Cost": 660773.05,
                                                                                                                "Total Cost": 706781.25,
                                                                                                                "Plan Rows": 1,
                                                                                                                "Plan Width": 32,
                                                                                                                "Actual Startup Time": 1327.115,
                                                                                                                "Actual Total Time": 1359.202,
                                                                                                                "Actual Rows": 133,
                                                                                                                "Actual Loops": 5,
                                                                                                                "Inner Unique": false,
                                                                                                                "Workers": [],
                                                                                                                "Plans": [
                                                                                                                    {
                                                                                                                        "Node Type": "Nested Loop",
                                                                                                                        "Parent Relationship": "Outer",
                                                                                                                        "Parallel Aware": false,
                                                                                                                        "Async Capable": false,
                                                                                                                        "Join Type": "Inner",
                                                                                                                        "Startup Cost": 660773.05,
                                                                                                                        "Total Cost": 706778.83,
                                                                                                                        "Plan Rows": 1,
                                                                                                                        "Plan Width": 36,
                                                                                                                        "Actual Startup Time": 1327.11,
                                                                                                                        "Actual Total Time": 1358.876,
                                                                                                                        "Actual Rows": 133,
                                                                                                                        "Actual Loops": 5,
                                                                                                                        "Inner Unique": false,
                                                                                                                        "Workers": [],
                                                                                                                        "Plans": [
                                                                                                                            {
                                                                                                                                "Node Type": "Nested Loop",
                                                                                                                                "Parent Relationship": "Outer",
                                                                                                                                "Parallel Aware": false,
                                                                                                                                "Async Capable": false,
                                                                                                                                "Join Type": "Inner",
                                                                                                                                "Startup Cost": 660773.05,
                                                                                                                                "Total Cost": 706776.41,
                                                                                                                                "Plan Rows": 1,
                                                                                                                                "Plan Width": 40,
                                                                                                                                "Actual Startup Time": 1327.103,
                                                                                                                                "Actual Total Time": 1358.544,
                                                                                                                                "Actual Rows": 133,
                                                                                                                                "Actual Loops": 5,
                                                                                                                                "Inner Unique": true,
                                                                                                                                "Join Filter": "(t.kind_id = kt.id)",
                                                                                                                                "Rows Removed by Join Filter": 145,
                                                                                                                                "Workers": [],
                                                                                                                                "Plans": [
                                                                                                                                    {
                                                                                                                                        "Node Type": "Hash Join",
                                                                                                                                        "Parent Relationship": "Outer",
                                                                                                                                        "Parallel Aware": true,
                                                                                                                                        "Async Capable": false,
                                                                                                                                        "Join Type": "Inner",
                                                                                                                                        "Startup Cost": 660773.05,
                                                                                                                                        "Total Cost": 706775.29,
                                                                                                                                        "Plan Rows": 1,
                                                                                                                                        "Plan Width": 44,
                                                                                                                                        "Actual Startup Time": 1326.982,
                                                                                                                                        "Actual Total Time": 1358.432,
                                                                                                                                        "Actual Rows": 196,
                                                                                                                                        "Actual Loops": 5,
                                                                                                                                        "Inner Unique": false,
                                                                                                                                        "Hash Cond": "(t.id = mi1.movie_id)",
                                                                                                                                        "Workers": [],
                                                                                                                                        "Plans": [
                                                                                                                                            {
                                                                                                                                                "Node Type": "Seq Scan",
                                                                                                                                                "Parent Relationship": "Outer",
                                                                                                                                                "Parallel Aware": true,
                                                                                                                                                "Async Capable": false,
                                                                                                                                                "Relation Name": "title",
                                                                                                                                                "Alias": "t",
                                                                                                                                                "Startup Cost": 0.0,
                                                                                                                                                "Total Cost": 45490.07,
                                                                                                                                                "Plan Rows": 136577,
                                                                                                                                                "Plan Width": 8,
                                                                                                                                                "Actual Startup Time": 0.005,
                                                                                                                                                "Actual Total Time": 27.211,
                                                                                                                                                "Actual Rows": 108600,
                                                                                                                                                "Actual Loops": 5,
                                                                                                                                                "Filter": "((production_year <= 1990) AND (production_year >= 1950))",
                                                                                                                                                "Rows Removed by Filter": 397062,
                                                                                                                                                "Workers": []
                                                                                                                                            },
                                                                                                                                            {
                                                                                                                                                "Node Type": "Hash",
                                                                                                                                                "Parent Relationship": "Inner",
                                                                                                                                                "Parallel Aware": true,
                                                                                                                                                "Async Capable": false,
                                                                                                                                                "Startup Cost": 660773.03,
                                                                                                                                                "Total Cost": 660773.03,
                                                                                                                                                "Plan Rows": 1,
                                                                                                                                                "Plan Width": 36,
                                                                                                                                                "Actual Startup Time": 1326.498,
                                                                                                                                                "Actual Total Time": 1326.508,
                                                                                                                                                "Actual Rows": 717,
                                                                                                                                                "Actual Loops": 5,
                                                                                                                                                "Hash Buckets": 4096,
                                                                                                                                                "Original Hash Buckets": 1024,
                                                                                                                                                "Hash Batches": 1,
                                                                                                                                                "Original Hash Batches": 1,
                                                                                                                                                "Peak Memory Usage": 440,
                                                                                                                                                "Workers": [],
                                                                                                                                                "Plans": [
                                                                                                                                                    {
                                                                                                                                                        "Node Type": "Hash Join",
                                                                                                                                                        "Parent Relationship": "Outer",
                                                                                                                                                        "Parallel Aware": true,
                                                                                                                                                        "Async Capable": false,
                                                                                                                                                        "Join Type": "Inner",
                                                                                                                                                        "Startup Cost": 458045.34,
                                                                                                                                                        "Total Cost": 660773.03,
                                                                                                                                                        "Plan Rows": 1,
                                                                                                                                                        "Plan Width": 36,
                                                                                                                                                        "Actual Startup Time": 737.299,
                                                                                                                                                        "Actual Total Time": 875.01,
                                                                                                                                                        "Actual Rows": 717,
                                                                                                                                                        "Actual Loops": 5,
                                                                                                                                                        "Inner Unique": false,
                                                                                                                                                        "Hash Cond": "(mi1.movie_id = ci.movie_id)",
                                                                                                                                                        "Workers": [],
                                                                                                                                                        "Plans": [
                                                                                                                                                            {
                                                                                                                                                                "Node Type": "Hash Join",
                                                                                                                                                                "Parent Relationship": "Outer",
                                                                                                                                                                "Parallel Aware": false,
                                                                                                                                                                "Async Capable": false,
                                                                                                                                                                "Join Type": "Inner",
                                                                                                                                                                "Startup Cost": 2.59,
                                                                                                                                                                "Total Cost": 202718.26,
                                                                                                                                                                "Plan Rows": 3204,
                                                                                                                                                                "Plan Width": 4,
                                                                                                                                                                "Actual Startup Time": 25.609,
                                                                                                                                                                "Actual Total Time": 157.367,
                                                                                                                                                                "Actual Rows": 117627,
                                                                                                                                                                "Actual Loops": 5,
                                                                                                                                                                "Inner Unique": true,
                                                                                                                                                                "Hash Cond": "(mi1.info_type_id = it1.id)",
                                                                                                                                                                "Workers": [],
                                                                                                                                                                "Plans": [
                                                                                                                                                                    {
                                                                                                                                                                        "Node Type": "Seq Scan",
                                                                                                                                                                        "Parent Relationship": "Outer",
                                                                                                                                                                        "Parallel Aware": true,
                                                                                                                                                                        "Async Capable": false,
                                                                                                                                                                        "Relation Name": "movie_info",
                                                                                                                                                                        "Alias": "mi1",
                                                                                                                                                                        "Startup Cost": 0.0,
                                                                                                                                                                        "Total Cost": 202386.99,
                                                                                                                                                                        "Plan Rows": 120686,
                                                                                                                                                                        "Plan Width": 8,
                                                                                                                                                                        "Actual Startup Time": 25.58,
                                                                                                                                                                        "Actual Total Time": 149.994,
                                                                                                                                                                        "Actual Rows": 118207,
                                                                                                                                                                        "Actual Loops": 5,
                                                                                                                                                                        "Filter": "(info = ANY ('{Comedy,Documentary,Drama}'::text[]))",
                                                                                                                                                                        "Rows Removed by Filter": 2848937,
                                                                                                                                                                        "Workers": []
                                                                                                                                                                    },
                                                                                                                                                                    {
                                                                                                                                                                        "Node Type": "Hash",
                                                                                                                                                                        "Parent Relationship": "Inner",
                                                                                                                                                                        "Parallel Aware": false,
                                                                                                                                                                        "Async Capable": false,
                                                                                                                                                                        "Startup Cost": 2.55,
                                                                                                                                                                        "Total Cost": 2.55,
                                                                                                                                                                        "Plan Rows": 3,
                                                                                                                                                                        "Plan Width": 4,
                                                                                                                                                                        "Actual Startup Time": 0.017,
                                                                                                                                                                        "Actual Total Time": 0.017,
                                                                                                                                                                        "Actual Rows": 3,
                                                                                                                                                                        "Actual Loops": 5,
                                                                                                                                                                        "Hash Buckets": 1024,
                                                                                                                                                                        "Original Hash Buckets": 1024,
                                                                                                                                                                        "Hash Batches": 1,
                                                                                                                                                                        "Original Hash Batches": 1,
                                                                                                                                                                        "Peak Memory Usage": 9,
                                                                                                                                                                        "Workers": [],
                                                                                                                                                                        "Plans": [
                                                                                                                                                                            {
                                                                                                                                                                                "Node Type": "Seq Scan",
                                                                                                                                                                                "Parent Relationship": "Outer",
                                                                                                                                                                                "Parallel Aware": false,
                                                                                                                                                                                "Async Capable": false,
                                                                                                                                                                                "Relation Name": "info_type",
                                                                                                                                                                                "Alias": "it1",
                                                                                                                                                                                "Startup Cost": 0.0,
                                                                                                                                                                                "Total Cost": 2.55,
                                                                                                                                                                                "Plan Rows": 3,
                                                                                                                                                                                "Plan Width": 4,
                                                                                                                                                                                "Actual Startup Time": 0.011,
                                                                                                                                                                                "Actual Total Time": 0.013,
                                                                                                                                                                                "Actual Rows": 3,
                                                                                                                                                                                "Actual Loops": 5,
                                                                                                                                                                                "Filter": "(id = ANY ('{103,3,6}'::integer[]))",
                                                                                                                                                                                "Rows Removed by Filter": 110,
                                                                                                                                                                                "Workers": []
                                                                                                                                                                            }
                                                                                                                                                                        ]
                                                                                                                                                                    }
                                                                                                                                                                ]
                                                                                                                                                            },
                                                                                                                                                            {
                                                                                                                                                                "Node Type": "Hash",
                                                                                                                                                                "Parent Relationship": "Inner",
                                                                                                                                                                "Parallel Aware": true,
                                                                                                                                                                "Async Capable": false,
                                                                                                                                                                "Startup Cost": 458042.74,
                                                                                                                                                                "Total Cost": 458042.74,
                                                                                                                                                                "Plan Rows": 1,
                                                                                                                                                                "Plan Width": 32,
                                                                                                                                                                "Actual Startup Time": 711.415,
                                                                                                                                                                "Actual Total Time": 711.421,
                                                                                                                                                                "Actual Rows": 3383,
                                                                                                                                                                "Actual Loops": 5,
                                                                                                                                                                "Hash Buckets": 16384,
                                                                                                                                                                "Original Hash Buckets": 1024,
                                                                                                                                                                "Hash Batches": 1,
                                                                                                                                                                "Original Hash Batches": 1,
                                                                                                                                                                "Peak Memory Usage": 1368,
                                                                                                                                                                "Workers": [],
                                                                                                                                                                "Plans": [
                                                                                                                                                                    {
                                                                                                                                                                        "Node Type": "Hash Join",
                                                                                                                                                                        "Parent Relationship": "Outer",
                                                                                                                                                                        "Parallel Aware": true,
                                                                                                                                                                        "Async Capable": false,
                                                                                                                                                                        "Join Type": "Inner",
                                                                                                                                                                        "Startup Cost": 135103.4,
                                                                                                                                                                        "Total Cost": 458042.74,
                                                                                                                                                                        "Plan Rows": 1,
                                                                                                                                                                        "Plan Width": 32,
                                                                                                                                                                        "Actual Startup Time": 283.153,
                                                                                                                                                                        "Actual Total Time": 668.416,
                                                                                                                                                                        "Actual Rows": 3383,
                                                                                                                                                                        "Actual Loops": 5,
                                                                                                                                                                        "Inner Unique": false,
                                                                                                                                                                        "Hash Cond": "(ci.movie_id = mii1.movie_id)",
                                                                                                                                                                        "Workers": [],
                                                                                                                                                                        "Plans": [
                                                                                                                                                                            {
                                                                                                                                                                                "Node Type": "Hash Join",
                                                                                                                                                                                "Parent Relationship": "Outer",
                                                                                                                                                                                "Parallel Aware": true,
                                                                                                                                                                                "Async Capable": false,
                                                                                                                                                                                "Join Type": "Inner",
                                                                                                                                                                                "Startup Cost": 81783.92,
                                                                                                                                                                                "Total Cost": 404636.74,
                                                                                                                                                                                "Plan Rows": 23070,
                                                                                                                                                                                "Plan Width": 16,
                                                                                                                                                                                "Actual Startup Time": 108.414,
                                                                                                                                                                                "Actual Total Time": 487.766,
                                                                                                                                                                                "Actual Rows": 48328,
                                                                                                                                                                                "Actual Loops": 5,
                                                                                                                                                                                "Inner Unique": true,
                                                                                                                                                                                "Hash Cond": "(ci.person_id = n.id)",
                                                                                                                                                                                "Workers": [],
                                                                                                                                                                                "Plans": [
                                                                                                                                                                                    {
                                                                                                                                                                                        "Node Type": "Seq Scan",
                                                                                                                                                                                        "Parent Relationship": "Outer",
                                                                                                                                                                                        "Parallel Aware": true,
                                                                                                                                                                                        "Async Capable": false,
                                                                                                                                                                                        "Relation Name": "cast_info",
                                                                                                                                                                                        "Alias": "ci",
                                                                                                                                                                                        "Startup Cost": 0.0,
                                                                                                                                                                                        "Total Cost": 313127.24,
                                                                                                                                                                                        "Plan Rows": 3704978,
                                                                                                                                                                                        "Plan Width": 12,
                                                                                                                                                                                        "Actual Startup Time": 18.729,
                                                                                                                                                                                        "Actual Total Time": 270.977,
                                                                                                                                                                                        "Actual Rows": 4401450,
                                                                                                                                                                                        "Actual Loops": 5,
                                                                                                                                                                                        "Filter": "(note IS NULL)",
                                                                                                                                                                                        "Rows Removed by Filter": 2847418,
                                                                                                                                                                                        "Workers": []
                                                                                                                                                                                    },
                                                                                                                                                                                    {
                                                                                                                                                                                        "Node Type": "Hash",
                                                                                                                                                                                        "Parent Relationship": "Inner",
                                                                                                                                                                                        "Parallel Aware": true,
                                                                                                                                                                                        "Async Capable": false,
                                                                                                                                                                                        "Startup Cost": 81702.82,
                                                                                                                                                                                        "Total Cost": 81702.82,
                                                                                                                                                                                        "Plan Rows": 6488,
                                                                                                                                                                                        "Plan Width": 4,
                                                                                                                                                                                        "Actual Startup Time": 87.693,
                                                                                                                                                                                        "Actual Total Time": 87.694,
                                                                                                                                                                                        "Actual Rows": 8757,
                                                                                                                                                                                        "Actual Loops": 5,
                                                                                                                                                                                        "Hash Buckets": 65536,
                                                                                                                                                                                        "Original Hash Buckets": 32768,
                                                                                                                                                                                        "Hash Batches": 1,
                                                                                                                                                                                        "Original Hash Batches": 1,
                                                                                                                                                                                        "Peak Memory Usage": 2528,
                                                                                                                                                                                        "Workers": [],
                                                                                                                                                                                        "Plans": [
                                                                                                                                                                                            {
                                                                                                                                                                                                "Node Type": "Seq Scan",
                                                                                                                                                                                                "Parent Relationship": "Outer",
                                                                                                                                                                                                "Parallel Aware": true,
                                                                                                                                                                                                "Async Capable": false,
                                                                                                                                                                                                "Relation Name": "name",
                                                                                                                                                                                                "Alias": "n",
                                                                                                                                                                                                "Startup Cost": 0.0,
                                                                                                                                                                                                "Total Cost": 81702.82,
                                                                                                                                                                                                "Plan Rows": 6488,
                                                                                                                                                                                                "Plan Width": 4,
                                                                                                                                                                                                "Actual Startup Time": 20.565,
                                                                                                                                                                                                "Actual Total Time": 82.956,
                                                                                                                                                                                                "Actual Rows": 8757,
                                                                                                                                                                                                "Actual Loops": 5,
                                                                                                                                                                                                "Filter": "((((gender)::text = 'f'::text) OR (gender IS NULL)) AND ((name_pcode_nf)::text = ANY ('{B6161,C6235,C6416,C6452,D5162,E4213,J5215,M6216,M6263,R3565}'::text[])))",
                                                                                                                                                                                                "Rows Removed by Filter": 824741,
                                                                                                                                                                                                "Workers": []
                                                                                                                                                                                            }
                                                                                                                                                                                        ]
                                                                                                                                                                                    }
                                                                                                                                                                                ]
                                                                                                                                                                            },
                                                                                                                                                                            {
                                                                                                                                                                                "Node Type": "Hash",
                                                                                                                                                                                "Parent Relationship": "Inner",
                                                                                                                                                                                "Parallel Aware": true,
                                                                                                                                                                                "Async Capable": false,
                                                                                                                                                                                "Startup Cost": 53319.46,
                                                                                                                                                                                "Total Cost": 53319.46,
                                                                                                                                                                                "Plan Rows": 1,
                                                                                                                                                                                "Plan Width": 16,
                                                                                                                                                                                "Actual Startup Time": 174.07,
                                                                                                                                                                                "Actual Total Time": 174.072,
                                                                                                                                                                                "Actual Rows": 25474,
                                                                                                                                                                                "Actual Loops": 5,
                                                                                                                                                                                "Hash Buckets": 131072,
                                                                                                                                                                                "Original Hash Buckets": 1024,
                                                                                                                                                                                "Hash Batches": 1,
                                                                                                                                                                                "Original Hash Batches": 1,
                                                                                                                                                                                "Peak Memory Usage": 8120,
                                                                                                                                                                                "Workers": [],
                                                                                                                                                                                "Plans": [
                                                                                                                                                                                    {
                                                                                                                                                                                        "Node Type": "Hash Join",
                                                                                                                                                                                        "Parent Relationship": "Outer",
                                                                                                                                                                                        "Parallel Aware": true,
                                                                                                                                                                                        "Async Capable": false,
                                                                                                                                                                                        "Join Type": "Inner",
                                                                                                                                                                                        "Startup Cost": 26661.74,
                                                                                                                                                                                        "Total Cost": 53319.46,
                                                                                                                                                                                        "Plan Rows": 1,
                                                                                                                                                                                        "Plan Width": 16,
                                                                                                                                                                                        "Actual Startup Time": 85.604,
                                                                                                                                                                                        "Actual Total Time": 166.497,
                                                                                                                                                                                        "Actual Rows": 25474,
                                                                                                                                                                                        "Actual Loops": 5,
                                                                                                                                                                                        "Inner Unique": false,
                                                                                                                                                                                        "Hash Cond": "(mii1.movie_id = mii2.movie_id)",
                                                                                                                                                                                        "Workers": [],
                                                                                                                                                                                        "Plans": [
                                                                                                                                                                                            {
                                                                                                                                                                                                "Node Type": "Seq Scan",
                                                                                                                                                                                                "Parent Relationship": "Outer",
                                                                                                                                                                                                "Parallel Aware": true,
                                                                                                                                                                                                "Async Capable": false,
                                                                                                                                                                                                "Relation Name": "movie_info_idx",
                                                                                                                                                                                                "Alias": "mii1",
                                                                                                                                                                                                "Startup Cost": 0.0,
                                                                                                                                                                                                "Total Cost": 26655.97,
                                                                                                                                                                                                "Plan Rows": 465,
                                                                                                                                                                                                "Plan Width": 8,
                                                                                                                                                                                                "Actual Startup Time": 0.008,
                                                                                                                                                                                                "Actual Total Time": 74.289,
                                                                                                                                                                                                "Actual Rows": 87859,
                                                                                                                                                                                                "Actual Loops": 5,
                                                                                                                                                                                                "Filter": "((info ~ '^(?:[1-9]\\d*|0)?(?:\\.\\d+)?$'::text) AND (info ~ '^(?:[1-9]\\d*|0)?(?:\\.\\d+)?$'::text) AND (info_type_id = 100) AND ('0'::double precision <= (info)::double precision) AND ((info)::double precision <= '1000'::double precision))",
                                                                                                                                                                                                "Rows Removed by Filter": 188148,
                                                                                                                                                                                                "Workers": []
                                                                                                                                                                                            },
                                                                                                                                                                                            {
                                                                                                                                                                                                "Node Type": "Hash",
                                                                                                                                                                                                "Parent Relationship": "Inner",
                                                                                                                                                                                                "Parallel Aware": true,
                                                                                                                                                                                                "Async Capable": false,
                                                                                                                                                                                                "Startup Cost": 26655.97,
                                                                                                                                                                                                "Total Cost": 26655.97,
                                                                                                                                                                                                "Plan Rows": 461,
                                                                                                                                                                                                "Plan Width": 8,
                                                                                                                                                                                                "Actual Startup Time": 85.58,
                                                                                                                                                                                                "Actual Total Time": 85.58,
                                                                                                                                                                                                "Actual Rows": 27165,
                                                                                                                                                                                                "Actual Loops": 5,
                                                                                                                                                                                                "Hash Buckets": 262144,
                                                                                                                                                                                                "Original Hash Buckets": 2048,
                                                                                                                                                                                                "Hash Batches": 1,
                                                                                                                                                                                                "Original Hash Batches": 1,
                                                                                                                                                                                                "Peak Memory Usage": 9520,
                                                                                                                                                                                                "Workers": [],
                                                                                                                                                                                                "Plans": [
                                                                                                                                                                                                    {
                                                                                                                                                                                                        "Node Type": "Seq Scan",
                                                                                                                                                                                                        "Parent Relationship": "Outer",
                                                                                                                                                                                                        "Parallel Aware": true,
                                                                                                                                                                                                        "Async Capable": false,
                                                                                                                                                                                                        "Relation Name": "movie_info_idx",
                                                                                                                                                                                                        "Alias": "mii2",
                                                                                                                                                                                                        "Startup Cost": 0.0,
                                                                                                                                                                                                        "Total Cost": 26655.97,
                                                                                                                                                                                                        "Plan Rows": 461,
                                                                                                                                                                                                        "Plan Width": 8,
                                                                                                                                                                                                        "Actual Startup Time": 0.046,
                                                                                                                                                                                                        "Actual Total Time": 77.395,
                                                                                                                                                                                                        "Actual Rows": 27165,
                                                                                                                                                                                                        "Actual Loops": 5,
                                                                                                                                                                                                        "Filter": "((info ~ '^(?:[1-9]\\d*|0)?(?:\\.\\d+)?$'::text) AND (info ~ '^(?:[1-9]\\d*|0)?(?:\\.\\d+)?$'::text) AND (info_type_id = 101) AND ((info)::double precision <= '11'::double precision) AND ('7'::double precision <= (info)::double precision))",
                                                                                                                                                                                                        "Rows Removed by Filter": 248842,
                                                                                                                                                                                                        "Workers": []
                                                                                                                                                                                                    }
                                                                                                                                                                                                ]
                                                                                                                                                                                            }
                                                                                                                                                                                        ]
                                                                                                                                                                                    }
                                                                                                                                                                                ]
                                                                                                                                                                            }
                                                                                                                                                                        ]
                                                                                                                                                                    }
                                                                                                                                                                ]
                                                                                                                                                            }
                                                                                                                                                        ]
                                                                                                                                                    }
                                                                                                                                                ]
                                                                                                                                            }
                                                                                                                                        ]
                                                                                                                                    },
                                                                                                                                    {
                                                                                                                                        "Node Type": "Seq Scan",
                                                                                                                                        "Parent Relationship": "Inner",
                                                                                                                                        "Parallel Aware": false,
                                                                                                                                        "Async Capable": false,
                                                                                                                                        "Relation Name": "kind_type",
                                                                                                                                        "Alias": "kt",
                                                                                                                                        "Startup Cost": 0.0,
                                                                                                                                        "Total Cost": 1.09,
                                                                                                                                        "Plan Rows": 2,
                                                                                                                                        "Plan Width": 4,
                                                                                                                                        "Actual Startup Time": 0.0,
                                                                                                                                        "Actual Total Time": 0.0,
                                                                                                                                        "Actual Rows": 1,
                                                                                                                                        "Actual Loops": 980,
                                                                                                                                        "Filter": "((kind)::text = ANY ('{episode,movie}'::text[]))",
                                                                                                                                        "Rows Removed by Filter": 2,
                                                                                                                                        "Workers": []
                                                                                                                                    }
                                                                                                                                ]
                                                                                                                            },
                                                                                                                            {
                                                                                                                                "Node Type": "Seq Scan",
                                                                                                                                "Parent Relationship": "Inner",
                                                                                                                                "Parallel Aware": false,
                                                                                                                                "Async Capable": false,
                                                                                                                                "Relation Name": "info_type",
                                                                                                                                "Alias": "it3",
                                                                                                                                "Startup Cost": 0.0,
                                                                                                                                "Total Cost": 2.41,
                                                                                                                                "Plan Rows": 1,
                                                                                                                                "Plan Width": 4,
                                                                                                                                "Actual Startup Time": 0.002,
                                                                                                                                "Actual Total Time": 0.002,
                                                                                                                                "Actual Rows": 1,
                                                                                                                                "Actual Loops": 666,
                                                                                                                                "Filter": "(id = 100)",
                                                                                                                                "Rows Removed by Filter": 112,
                                                                                                                                "Workers": []
                                                                                                                            }
                                                                                                                        ]
                                                                                                                    },
                                                                                                                    {
                                                                                                                        "Node Type": "Seq Scan",
                                                                                                                        "Parent Relationship": "Inner",
                                                                                                                        "Parallel Aware": false,
                                                                                                                        "Async Capable": false,
                                                                                                                        "Relation Name": "info_type",
                                                                                                                        "Alias": "it4",
                                                                                                                        "Startup Cost": 0.0,
                                                                                                                        "Total Cost": 2.41,
                                                                                                                        "Plan Rows": 1,
                                                                                                                        "Plan Width": 4,
                                                                                                                        "Actual Startup Time": 0.002,
                                                                                                                        "Actual Total Time": 0.002,
                                                                                                                        "Actual Rows": 1,
                                                                                                                        "Actual Loops": 666,
                                                                                                                        "Filter": "(id = 101)",
                                                                                                                        "Rows Removed by Filter": 112,
                                                                                                                        "Workers": []
                                                                                                                    }
                                                                                                                ]
                                                                                                            }
                                                                                                        ]
                                                                                                    }
                                                                                                ]
                                                                                            },
                                                                                            {
                                                                                                "Node Type": "Seq Scan",
                                                                                                "Parent Relationship": "Inner",
                                                                                                "Parallel Aware": false,
                                                                                                "Async Capable": false,
                                                                                                "Relation Name": "keyword",
                                                                                                "Alias": "k",
                                                                                                "Startup Cost": 0.0,
                                                                                                "Total Cost": 2349.7,
                                                                                                "Plan Rows": 134170,
                                                                                                "Plan Width": 4,
                                                                                                "Actual Startup Time": 0.001,
                                                                                                "Actual Total Time": 0.404,
                                                                                                "Actual Rows": 14306,
                                                                                                "Actual Loops": 7048,
                                                                                                "Workers": []
                                                                                            }
                                                                                        ]
                                                                                    }
                                                                                ]
                                                                            }
                                                                        ]
                                                                    }
                                                                ]
                                                            }
                                                        ]
                                                    },
                                                    {
                                                        "Node Type": "Seq Scan",
                                                        "Parent Relationship": "Inner",
                                                        "Parallel Aware": false,
                                                        "Async Capable": false,
                                                        "Relation Name": "info_type",
                                                        "Alias": "it5",
                                                        "Startup Cost": 0.0,
                                                        "Total Cost": 2.41,
                                                        "Plan Rows": 1,
                                                        "Plan Width": 4,
                                                        "Actual Startup Time": 0.001,
                                                        "Actual Total Time": 0.002,
                                                        "Actual Rows": 1,
                                                        "Actual Loops": 2345,
                                                        "Filter": "(id = 31)",
                                                        "Rows Removed by Filter": 112,
                                                        "Workers": []
                                                    }
                                                ]
                                            },
                                            {
                                                "Node Type": "Seq Scan",
                                                "Parent Relationship": "Inner",
                                                "Parallel Aware": false,
                                                "Async Capable": false,
                                                "Relation Name": "role_type",
                                                "Alias": "rt",
                                                "Startup Cost": 0.0,
                                                "Total Cost": 1.15,
                                                "Plan Rows": 2,
                                                "Plan Width": 4,
                                                "Actual Startup Time": 0.0,
                                                "Actual Total Time": 0.0,
                                                "Actual Rows": 1,
                                                "Actual Loops": 2345,
                                                "Filter": "((role)::text = ANY ('{actress,director}'::text[]))",
                                                "Rows Removed by Filter": 1,
                                                "Workers": []
                                            }
                                        ]
                                    }
                                ]
                            }
                        ]
                    },
                    "Planning Time": 176.742,
                    "Triggers": [],
                    "Execution Time": 3594.723
                }
            ],
            "hints": [
                "SET enable_hashjoin TO on",
                "SET enable_indexonlyscan TO on",
                "SET enable_indexscan TO off",
                "SET enable_mergejoin TO off",
                "SET enable_nestloop TO on",
                "SET enable_seqscan TO on"
            ]
        },
        {
            "arm": 3,
            "execution_time": 5755.075,
            "plan": [
                {
                    "Plan": {
                        "Node Type": "Aggregate",
                        "Strategy": "Plain",
                        "Partial Mode": "Simple",
                        "Parallel Aware": false,
                        "Async Capable": false,
                        "Startup Cost": 30001608644.94,
                        "Total Cost": 30001608644.95,
                        "Plan Rows": 1,
                        "Plan Width": 8,
                        "Actual Startup Time": 5754.889,
                        "Actual Total Time": 5754.905,
                        "Actual Rows": 1,
                        "Actual Loops": 1,
                        "Plans": [
                            {
                                "Node Type": "Hash Join",
                                "Parent Relationship": "Outer",
                                "Parallel Aware": false,
                                "Async Capable": false,
                                "Join Type": "Inner",
                                "Startup Cost": 30001241593.66,
                                "Total Cost": 30001608644.94,
                                "Plan Rows": 1,
                                "Plan Width": 0,
                                "Actual Startup Time": 5658.933,
                                "Actual Total Time": 5754.848,
                                "Actual Rows": 2345,
                                "Actual Loops": 1,
                                "Inner Unique": true,
                                "Hash Cond": "(ci.role_id = rt.id)",
                                "Plans": [
                                    {
                                        "Node Type": "Nested Loop",
                                        "Parent Relationship": "Outer",
                                        "Parallel Aware": false,
                                        "Async Capable": false,
                                        "Join Type": "Inner",
                                        "Startup Cost": 30001241592.48,
                                        "Total Cost": 30001608643.76,
                                        "Plan Rows": 1,
                                        "Plan Width": 4,
                                        "Actual Startup Time": 5658.911,
                                        "Actual Total Time": 5754.661,
                                        "Actual Rows": 2345,
                                        "Actual Loops": 1,
                                        "Inner Unique": false,
                                        "Plans": [
                                            {
                                                "Node Type": "Nested Loop",
                                                "Parent Relationship": "Outer",
                                                "Parallel Aware": false,
                                                "Async Capable": false,
                                                "Join Type": "Inner",
                                                "Startup Cost": 20001241592.48,
                                                "Total Cost": 20001608641.34,
                                                "Plan Rows": 1,
                                                "Plan Width": 8,
                                                "Actual Startup Time": 5658.908,
                                                "Actual Total Time": 5749.243,
                                                "Actual Rows": 2345,
                                                "Actual Loops": 1,
                                                "Inner Unique": false,
                                                "Plans": [
                                                    {
                                                        "Node Type": "Hash Join",
                                                        "Parent Relationship": "Outer",
                                                        "Parallel Aware": false,
                                                        "Async Capable": false,
                                                        "Join Type": "Inner",
                                                        "Startup Cost": 10001241592.48,
                                                        "Total Cost": 10001608638.92,
                                                        "Plan Rows": 1,
                                                        "Plan Width": 12,
                                                        "Actual Startup Time": 5658.899,
                                                        "Actual Total Time": 5743.797,
                                                        "Actual Rows": 2345,
                                                        "Actual Loops": 1,
                                                        "Inner Unique": true,
                                                        "Hash Cond": "(t.kind_id = kt.id)",
                                                        "Plans": [
                                                            {
                                                                "Node Type": "Hash Join",
                                                                "Parent Relationship": "Outer",
                                                                "Parallel Aware": false,
                                                                "Async Capable": false,
                                                                "Join Type": "Inner",
                                                                "Startup Cost": 10001241591.37,
                                                                "Total Cost": 10001608637.8,
                                                                "Plan Rows": 1,
                                                                "Plan Width": 16,
                                                                "Actual Startup Time": 4983.875,
                                                                "Actual Total Time": 5743.637,
                                                                "Actual Rows": 2758,
                                                                "Actual Loops": 1,
                                                                "Inner Unique": false,
                                                                "Hash Cond": "(mi1.movie_id = t.id)",
                                                                "Plans": [
                                                                    {
                                                                        "Node Type": "Hash Join",
                                                                        "Parent Relationship": "Outer",
                                                                        "Parallel Aware": false,
                                                                        "Async Capable": false,
                                                                        "Join Type": "Inner",
                                                                        "Startup Cost": 2.59,
                                                                        "Total Cost": 366988.94,
                                                                        "Plan Rows": 16020,
                                                                        "Plan Width": 4,
                                                                        "Actual Startup Time": 0.014,
                                                                        "Actual Total Time": 761.911,
                                                                        "Actual Rows": 588134,
                                                                        "Actual Loops": 1,
                                                                        "Inner Unique": true,
                                                                        "Hash Cond": "(mi1.info_type_id = it1.id)",
                                                                        "Plans": [
                                                                            {
                                                                                "Node Type": "Seq Scan",
                                                                                "Parent Relationship": "Outer",
                                                                                "Parallel Aware": false,
                                                                                "Async Capable": false,
                                                                                "Relation Name": "movie_info",
                                                                                "Alias": "mi1",
                                                                                "Startup Cost": 0.0,
                                                                                "Total Cost": 365342.93,
                                                                                "Plan Rows": 603431,
                                                                                "Plan Width": 8,
                                                                                "Actual Startup Time": 0.005,
                                                                                "Actual Total Time": 728.477,
                                                                                "Actual Rows": 591037,
                                                                                "Actual Loops": 1,
                                                                                "Filter": "(info = ANY ('{Comedy,Documentary,Drama}'::text[]))",
                                                                                "Rows Removed by Filter": 14244683
                                                                            },
                                                                            {
                                                                                "Node Type": "Hash",
                                                                                "Parent Relationship": "Inner",
                                                                                "Parallel Aware": false,
                                                                                "Async Capable": false,
                                                                                "Startup Cost": 2.55,
                                                                                "Total Cost": 2.55,
                                                                                "Plan Rows": 3,
                                                                                "Plan Width": 4,
                                                                                "Actual Startup Time": 0.006,
                                                                                "Actual Total Time": 0.007,
                                                                                "Actual Rows": 3,
                                                                                "Actual Loops": 1,
                                                                                "Hash Buckets": 1024,
                                                                                "Original Hash Buckets": 1024,
                                                                                "Hash Batches": 1,
                                                                                "Original Hash Batches": 1,
                                                                                "Peak Memory Usage": 9,
                                                                                "Plans": [
                                                                                    {
                                                                                        "Node Type": "Seq Scan",
                                                                                        "Parent Relationship": "Outer",
                                                                                        "Parallel Aware": false,
                                                                                        "Async Capable": false,
                                                                                        "Relation Name": "info_type",
                                                                                        "Alias": "it1",
                                                                                        "Startup Cost": 0.0,
                                                                                        "Total Cost": 2.55,
                                                                                        "Plan Rows": 3,
                                                                                        "Plan Width": 4,
                                                                                        "Actual Startup Time": 0.003,
                                                                                        "Actual Total Time": 0.006,
                                                                                        "Actual Rows": 3,
                                                                                        "Actual Loops": 1,
                                                                                        "Filter": "(id = ANY ('{103,3,6}'::integer[]))",
                                                                                        "Rows Removed by Filter": 110
                                                                                    }
                                                                                ]
                                                                            }
                                                                        ]
                                                                    },
                                                                    {
                                                                        "Node Type": "Hash",
                                                                        "Parent Relationship": "Inner",
                                                                        "Parallel Aware": false,
                                                                        "Async Capable": false,
                                                                        "Startup Cost": 10001241588.77,
                                                                        "Total Cost": 10001241588.77,
                                                                        "Plan Rows": 1,
                                                                        "Plan Width": 36,
                                                                        "Actual Startup Time": 4965.394,
                                                                        "Actual Total Time": 4965.406,
                                                                        "Actual Rows": 3403,
                                                                        "Actual Loops": 1,
                                                                        "Hash Buckets": 4096,
                                                                        "Original Hash Buckets": 1024,
                                                                        "Hash Batches": 1,
                                                                        "Original Hash Batches": 1,
                                                                        "Peak Memory Usage": 258,
                                                                        "Plans": [
                                                                            {
                                                                                "Node Type": "Hash Join",
                                                                                "Parent Relationship": "Outer",
                                                                                "Parallel Aware": false,
                                                                                "Async Capable": false,
                                                                                "Join Type": "Inner",
                                                                                "Startup Cost": 10001081648.17,
                                                                                "Total Cost": 10001241588.77,
                                                                                "Plan Rows": 1,
                                                                                "Plan Width": 36,
                                                                                "Actual Startup Time": 4691.871,
                                                                                "Actual Total Time": 4965.184,
                                                                                "Actual Rows": 3403,
                                                                                "Actual Loops": 1,
                                                                                "Inner Unique": false,
                                                                                "Hash Cond": "(n.id = ci.person_id)",
                                                                                "Plans": [
                                                                                    {
                                                                                        "Node Type": "Seq Scan",
                                                                                        "Parent Relationship": "Outer",
                                                                                        "Parallel Aware": false,
                                                                                        "Async Capable": false,
                                                                                        "Relation Name": "name",
                                                                                        "Alias": "n",
                                                                                        "Startup Cost": 0.0,
                                                                                        "Total Cost": 159843.28,
                                                                                        "Plan Rows": 25950,
                                                                                        "Plan Width": 4,
                                                                                        "Actual Startup Time": 79.879,
                                                                                        "Actual Total Time": 355.306,
                                                                                        "Actual Rows": 43787,
                                                                                        "Actual Loops": 1,
                                                                                        "Filter": "((((gender)::text = 'f'::text) OR (gender IS NULL)) AND ((name_pcode_nf)::text = ANY ('{B6161,C6235,C6416,C6452,D5162,E4213,J5215,M6216,M6263,R3565}'::text[])))",
                                                                                        "Rows Removed by Filter": 4123704
                                                                                    },
                                                                                    {
                                                                                        "Node Type": "Hash",
                                                                                        "Parent Relationship": "Inner",
                                                                                        "Parallel Aware": false,
                                                                                        "Async Capable": false,
                                                                                        "Startup Cost": 10001081648.14,
                                                                                        "Total Cost": 10001081648.14,
                                                                                        "Plan Rows": 2,
                                                                                        "Plan Width": 48,
                                                                                        "Actual Startup Time": 4590.639,
                                                                                        "Actual Total Time": 4590.65,
                                                                                        "Actual Rows": 990433,
                                                                                        "Actual Loops": 1,
                                                                                        "Hash Buckets": 262144,
                                                                                        "Original Hash Buckets": 1024,
                                                                                        "Hash Batches": 2,
                                                                                        "Original Hash Batches": 1,
                                                                                        "Peak Memory Usage": 47820,
                                                                                        "Plans": [
                                                                                            {
                                                                                                "Node Type": "Hash Join",
                                                                                                "Parent Relationship": "Outer",
                                                                                                "Parallel Aware": false,
                                                                                                "Async Capable": false,
                                                                                                "Join Type": "Inner",
                                                                                                "Startup Cost": 10000993533.84,
                                                                                                "Total Cost": 10001081648.14,
                                                                                                "Plan Rows": 2,
                                                                                                "Plan Width": 48,
                                                                                                "Actual Startup Time": 4303.304,
                                                                                                "Actual Total Time": 4514.828,
                                                                                                "Actual Rows": 990433,
                                                                                                "Actual Loops": 1,
                                                                                                "Inner Unique": false,
                                                                                                "Hash Cond": "(pi1.person_id = ci.person_id)",
                                                                                                "Plans": [
                                                                                                    {
                                                                                                        "Node Type": "Seq Scan",
                                                                                                        "Parent Relationship": "Outer",
                                                                                                        "Parallel Aware": false,
                                                                                                        "Async Capable": false,
                                                                                                        "Relation Name": "person_info",
                                                                                                        "Alias": "pi1",
                                                                                                        "Startup Cost": 0.0,
                                                                                                        "Total Cost": 88093.19,
                                                                                                        "Plan Rows": 5626,
                                                                                                        "Plan Width": 8,
                                                                                                        "Actual Startup Time": 0.037,
                                                                                                        "Actual Total Time": 119.933,
                                                                                                        "Actual Rows": 5797,
                                                                                                        "Actual Loops": 1,
                                                                                                        "Filter": "(info_type_id = 31)",
                                                                                                        "Rows Removed by Filter": 2957867
                                                                                                    },
                                                                                                    {
                                                                                                        "Node Type": "Hash",
                                                                                                        "Parent Relationship": "Inner",
                                                                                                        "Parallel Aware": false,
                                                                                                        "Async Capable": false,
                                                                                                        "Startup Cost": 10000993533.29,
                                                                                                        "Total Cost": 10000993533.29,
                                                                                                        "Plan Rows": 44,
                                                                                                        "Plan Width": 40,
                                                                                                        "Actual Startup Time": 4303.217,
                                                                                                        "Actual Total Time": 4303.227,
                                                                                                        "Actual Rows": 3249105,
                                                                                                        "Actual Loops": 1,
                                                                                                        "Hash Buckets": 262144,
                                                                                                        "Original Hash Buckets": 1024,
                                                                                                        "Hash Batches": 2,
                                                                                                        "Original Hash Batches": 1,
                                                                                                        "Peak Memory Usage": 117334,
                                                                                                        "Plans": [
                                                                                                            {
                                                                                                                "Node Type": "Hash Join",
                                                                                                                "Parent Relationship": "Outer",
                                                                                                                "Parallel Aware": false,
                                                                                                                "Async Capable": false,
                                                                                                                "Join Type": "Inner",
                                                                                                                "Startup Cost": 10000969723.38,
                                                                                                                "Total Cost": 10000993533.29,
                                                                                                                "Plan Rows": 44,
                                                                                                                "Plan Width": 40,
                                                                                                                "Actual Startup Time": 3671.393,
                                                                                                                "Actual Total Time": 4088.537,
                                                                                                                "Actual Rows": 3249105,
                                                                                                                "Actual Loops": 1,
                                                                                                                "Inner Unique": false,
                                                                                                                "Hash Cond": "(an.person_id = ci.person_id)",
                                                                                                                "Plans": [
                                                                                                                    {
                                                                                                                        "Node Type": "Seq Scan",
                                                                                                                        "Parent Relationship": "Outer",
                                                                                                                        "Parallel Aware": false,
                                                                                                                        "Async Capable": false,
                                                                                                                        "Relation Name": "aka_name",
                                                                                                                        "Alias": "an",
                                                                                                                        "Startup Cost": 0.0,
                                                                                                                        "Total Cost": 20429.43,
                                                                                                                        "Plan Rows": 901343,
                                                                                                                        "Plan Width": 4,
                                                                                                                        "Actual Startup Time": 0.004,
                                                                                                                        "Actual Total Time": 37.782,
                                                                                                                        "Actual Rows": 901343,
                                                                                                                        "Actual Loops": 1
                                                                                                                    },
                                                                                                                    {
                                                                                                                        "Node Type": "Hash",
                                                                                                                        "Parent Relationship": "Inner",
                                                                                                                        "Parallel Aware": false,
                                                                                                                        "Async Capable": false,
                                                                                                                        "Startup Cost": 10000969723.16,
                                                                                                                        "Total Cost": 10000969723.16,
                                                                                                                        "Plan Rows": 18,
                                                                                                                        "Plan Width": 36,
                                                                                                                        "Actual Startup Time": 3671.214,
                                                                                                                        "Actual Total Time": 3671.222,
                                                                                                                        "Actual Rows": 2318703,
                                                                                                                        "Actual Loops": 1,
                                                                                                                        "Hash Buckets": 262144,
                                                                                                                        "Original Hash Buckets": 1024,
                                                                                                                        "Hash Batches": 16,
                                                                                                                        "Original Hash Batches": 1,
                                                                                                                        "Peak Memory Usage": 14337,
                                                                                                                        "Plans": [
                                                                                                                            {
                                                                                                                                "Node Type": "Hash Join",
                                                                                                                                "Parent Relationship": "Outer",
                                                                                                                                "Parallel Aware": false,
                                                                                                                                "Async Capable": false,
                                                                                                                                "Join Type": "Inner",
                                                                                                                                "Startup Cost": 10000271197.54,
                                                                                                                                "Total Cost": 10000969723.16,
                                                                                                                                "Plan Rows": 18,
                                                                                                                                "Plan Width": 36,
                                                                                                                                "Actual Startup Time": 1276.314,
                                                                                                                                "Actual Total Time": 3500.974,
                                                                                                                                "Actual Rows": 2318703,
                                                                                                                                "Actual Loops": 1,
                                                                                                                                "Inner Unique": false,
                                                                                                                                "Hash Cond": "(ci.movie_id = t.id)",
                                                                                                                                "Plans": [
                                                                                                                                    {
                                                                                                                                        "Node Type": "Seq Scan",
                                                                                                                                        "Parent Relationship": "Outer",
                                                                                                                                        "Parallel Aware": false,
                                                                                                                                        "Async Capable": false,
                                                                                                                                        "Relation Name": "cast_info",
                                                                                                                                        "Alias": "ci",
                                                                                                                                        "Startup Cost": 0.0,
                                                                                                                                        "Total Cost": 615163.44,
                                                                                                                                        "Plan Rows": 22229865,
                                                                                                                                        "Plan Width": 12,
                                                                                                                                        "Actual Startup Time": 0.004,
                                                                                                                                        "Actual Total Time": 1257.621,
                                                                                                                                        "Actual Rows": 22007252,
                                                                                                                                        "Actual Loops": 1,
                                                                                                                                        "Filter": "(note IS NULL)",
                                                                                                                                        "Rows Removed by Filter": 14237092
                                                                                                                                    },
                                                                                                                                    {
                                                                                                                                        "Node Type": "Hash",
                                                                                                                                        "Parent Relationship": "Inner",
                                                                                                                                        "Parallel Aware": false,
                                                                                                                                        "Async Capable": false,
                                                                                                                                        "Startup Cost": 10000271197.52,
                                                                                                                                        "Total Cost": 10000271197.52,
                                                                                                                                        "Plan Rows": 2,
                                                                                                                                        "Plan Width": 24,
                                                                                                                                        "Actual Startup Time": 1276.294,
                                                                                                                                        "Actual Total Time": 1276.301,
                                                                                                                                        "Actual Rows": 144586,
                                                                                                                                        "Actual Loops": 1,
                                                                                                                                        "Hash Buckets": 262144,
                                                                                                                                        "Original Hash Buckets": 1024,
                                                                                                                                        "Hash Batches": 1,
                                                                                                                                        "Original Hash Batches": 1,
                                                                                                                                        "Peak Memory Usage": 9956,
                                                                                                                                        "Plans": [
                                                                                                                                            {
                                                                                                                                                "Node Type": "Hash Join",
                                                                                                                                                "Parent Relationship": "Outer",
                                                                                                                                                "Parallel Aware": false,
                                                                                                                                                "Async Capable": false,
                                                                                                                                                "Join Type": "Inner",
                                                                                                                                                "Startup Cost": 10000268344.66,
                                                                                                                                                "Total Cost": 10000271197.52,
                                                                                                                                                "Plan Rows": 2,
                                                                                                                                                "Plan Width": 24,
                                                                                                                                                "Actual Startup Time": 1246.925,
                                                                                                                                                "Actual Total Time": 1268.797,
                                                                                                                                                "Actual Rows": 144586,
                                                                                                                                                "Actual Loops": 1,
                                                                                                                                                "Inner Unique": false,
                                                                                                                                                "Hash Cond": "(k.id = mk.keyword_id)",
                                                                                                                                                "Plans": [
                                                                                                                                                    {
                                                                                                                                                        "Node Type": "Seq Scan",
                                                                                                                                                        "Parent Relationship": "Outer",
                                                                                                                                                        "Parallel Aware": false,
                                                                                                                                                        "Async Capable": false,
                                                                                                                                                        "Relation Name": "keyword",
                                                                                                                                                        "Alias": "k",
                                                                                                                                                        "Startup Cost": 0.0,
                                                                                                                                                        "Total Cost": 2349.7,
                                                                                                                                                        "Plan Rows": 134170,
                                                                                                                                                        "Plan Width": 4,
                                                                                                                                                        "Actual Startup Time": 0.004,
                                                                                                                                                        "Actual Total Time": 4.607,
                                                                                                                                                        "Actual Rows": 134170,
                                                                                                                                                        "Actual Loops": 1
                                                                                                                                                    },
                                                                                                                                                    {
                                                                                                                                                        "Node Type": "Hash",
                                                                                                                                                        "Parent Relationship": "Inner",
                                                                                                                                                        "Parallel Aware": false,
                                                                                                                                                        "Async Capable": false,
                                                                                                                                                        "Startup Cost": 10000268344.64,
                                                                                                                                                        "Total Cost": 10000268344.64,
                                                                                                                                                        "Plan Rows": 2,
                                                                                                                                                        "Plan Width": 28,
                                                                                                                                                        "Actual Startup Time": 1246.917,
                                                                                                                                                        "Actual Total Time": 1246.924,
                                                                                                                                                        "Actual Rows": 144586,
                                                                                                                                                        "Actual Loops": 1,
                                                                                                                                                        "Hash Buckets": 262144,
                                                                                                                                                        "Original Hash Buckets": 1024,
                                                                                                                                                        "Hash Batches": 1,
                                                                                                                                                        "Original Hash Batches": 1,
                                                                                                                                                        "Peak Memory Usage": 10520,
                                                                                                                                                        "Plans": [
                                                                                                                                                            {
                                                                                                                                                                "Node Type": "Hash Join",
                                                                                                                                                                "Parent Relationship": "Outer",
                                                                                                                                                                "Parallel Aware": false,
                                                                                                                                                                "Async Capable": false,
                                                                                                                                                                "Join Type": "Inner",
                                                                                                                                                                "Startup Cost": 10000181660.58,
                                                                                                                                                                "Total Cost": 10000268344.64,
                                                                                                                                                                "Plan Rows": 2,
                                                                                                                                                                "Plan Width": 28,
                                                                                                                                                                "Actual Startup Time": 957.804,
                                                                                                                                                                "Actual Total Time": 1238.86,
                                                                                                                                                                "Actual Rows": 144586,
                                                                                                                                                                "Actual Loops": 1,
                                                                                                                                                                "Inner Unique": false,
                                                                                                                                                                "Hash Cond": "(mk.movie_id = t.id)",
                                                                                                                                                                "Plans": [
                                                                                                                                                                    {
                                                                                                                                                                        "Node Type": "Seq Scan",
                                                                                                                                                                        "Parent Relationship": "Outer",
                                                                                                                                                                        "Parallel Aware": false,
                                                                                                                                                                        "Async Capable": false,
                                                                                                                                                                        "Relation Name": "movie_keyword",
                                                                                                                                                                        "Alias": "mk",
                                                                                                                                                                        "Startup Cost": 0.0,
                                                                                                                                                                        "Total Cost": 69719.3,
                                                                                                                                                                        "Plan Rows": 4523930,
                                                                                                                                                                        "Plan Width": 8,
                                                                                                                                                                        "Actual Startup Time": 0.002,
                                                                                                                                                                        "Actual Total Time": 144.116,
                                                                                                                                                                        "Actual Rows": 4523930,
                                                                                                                                                                        "Actual Loops": 1
                                                                                                                                                                    },
                                                                                                                                                                    {
                                                                                                                                                                        "Node Type": "Hash",
                                                                                                                                                                        "Parent Relationship": "Inner",
                                                                                                                                                                        "Parallel Aware": false,
                                                                                                                                                                        "Async Capable": false,
                                                                                                                                                                        "Startup Cost": 10000181660.57,
                                                                                                                                                                        "Total Cost": 10000181660.57,
                                                                                                                                                                        "Plan Rows": 1,
                                                                                                                                                                        "Plan Width": 20,
                                                                                                                                                                        "Actual Startup Time": 957.79,
                                                                                                                                                                        "Actual Total Time": 957.795,
                                                                                                                                                                        "Actual Rows": 34121,
                                                                                                                                                                        "Actual Loops": 1,
                                                                                                                                                                        "Hash Buckets": 65536,
                                                                                                                                                                        "Original Hash Buckets": 1024,
                                                                                                                                                                        "Hash Batches": 1,
                                                                                                                                                                        "Original Hash Batches": 1,
                                                                                                                                                                        "Peak Memory Usage": 2245,
                                                                                                                                                                        "Plans": [
                                                                                                                                                                            {
                                                                                                                                                                                "Node Type": "Hash Join",
                                                                                                                                                                                "Parent Relationship": "Outer",
                                                                                                                                                                                "Parallel Aware": false,
                                                                                                                                                                                "Async Capable": false,
                                                                                                                                                                                "Join Type": "Inner",
                                                                                                                                                                                "Startup Cost": 10000105675.6,
                                                                                                                                                                                "Total Cost": 10000181660.57,
                                                                                                                                                                                "Plan Rows": 1,
                                                                                                                                                                                "Plan Width": 20,
                                                                                                                                                                                "Actual Startup Time": 814.613,
                                                                                                                                                                                "Actual Total Time": 955.88,
                                                                                                                                                                                "Actual Rows": 34121,
                                                                                                                                                                                "Actual Loops": 1,
                                                                                                                                                                                "Inner Unique": false,
                                                                                                                                                                                "Hash Cond": "(t.id = mii1.movie_id)",
                                                                                                                                                                                "Plans": [
                                                                                                                                                                                    {
                                                                                                                                                                                        "Node Type": "Seq Scan",
                                                                                                                                                                                        "Parent Relationship": "Outer",
                                                                                                                                                                                        "Parallel Aware": false,
                                                                                                                                                                                        "Async Capable": false,
                                                                                                                                                                                        "Relation Name": "title",
                                                                                                                                                                                        "Alias": "t",
                                                                                                                                                                                        "Startup Cost": 0.0,
                                                                                                                                                                                        "Total Cost": 73936.29,
                                                                                                                                                                                        "Plan Rows": 546309,
                                                                                                                                                                                        "Plan Width": 8,
                                                                                                                                                                                        "Actual Startup Time": 0.002,
                                                                                                                                                                                        "Actual Total Time": 106.391,
                                                                                                                                                                                        "Actual Rows": 543002,
                                                                                                                                                                                        "Actual Loops": 1,
                                                                                                                                                                                        "Filter": "((production_year <= 1990) AND (production_year >= 1950))",
                                                                                                                                                                                        "Rows Removed by Filter": 1985310
                                                                                                                                                                                    },
                                                                                                                                                                                    {
                                                                                                                                                                                        "Node Type": "Hash",
                                                                                                                                                                                        "Parent Relationship": "Inner",
                                                                                                                                                                                        "Parallel Aware": false,
                                                                                                                                                                                        "Async Capable": false,
                                                                                                                                                                                        "Startup Cost": 10000105675.56,
                                                                                                                                                                                        "Total Cost": 10000105675.56,
                                                                                                                                                                                        "Plan Rows": 3,
                                                                                                                                                                                        "Plan Width": 12,
                                                                                                                                                                                        "Actual Startup Time": 814.6,
                                                                                                                                                                                        "Actual Total Time": 814.603,
                                                                                                                                                                                        "Actual Rows": 127371,
                                                                                                                                                                                        "Actual Loops": 1,
                                                                                                                                                                                        "Hash Buckets": 131072,
                                                                                                                                                                                        "Original Hash Buckets": 1024,
                                                                                                                                                                                        "Hash Batches": 1,
                                                                                                                                                                                        "Original Hash Batches": 1,
                                                                                                                                                                                        "Peak Memory Usage": 6497,
                                                                                                                                                                                        "Plans": [
                                                                                                                                                                                            {
                                                                                                                                                                                                "Node Type": "Hash Join",
                                                                                                                                                                                                "Parent Relationship": "Outer",
                                                                                                                                                                                                "Parallel Aware": false,
                                                                                                                                                                                                "Async Capable": false,
                                                                                                                                                                                                "Join Type": "Inner",
                                                                                                                                                                                                "Startup Cost": 10000052849.48,
                                                                                                                                                                                                "Total Cost": 10000105675.56,
                                                                                                                                                                                                "Plan Rows": 3,
                                                                                                                                                                                                "Plan Width": 12,
                                                                                                                                                                                                "Actual Startup Time": 428.625,
                                                                                                                                                                                                "Actual Total Time": 808.47,
                                                                                                                                                                                                "Actual Rows": 127371,
                                                                                                                                                                                                "Actual Loops": 1,
                                                                                                                                                                                                "Inner Unique": false,
                                                                                                                                                                                                "Hash Cond": "(mii2.movie_id = mii1.movie_id)",
                                                                                                                                                                                                "Plans": [
                                                                                                                                                                                                    {
                                                                                                                                                                                                        "Node Type": "Seq Scan",
                                                                                                                                                                                                        "Parent Relationship": "Outer",
                                                                                                                                                                                                        "Parallel Aware": false,
                                                                                                                                                                                                        "Async Capable": false,
                                                                                                                                                                                                        "Relation Name": "movie_info_idx",
                                                                                                                                                                                                        "Alias": "mii2",
                                                                                                                                                                                                        "Startup Cost": 0.0,
                                                                                                                                                                                                        "Total Cost": 52819.14,
                                                                                                                                                                                                        "Plan Rows": 1107,
                                                                                                                                                                                                        "Plan Width": 8,
                                                                                                                                                                                                        "Actual Startup Time": 0.026,
                                                                                                                                                                                                        "Actual Total Time": 353.421,
                                                                                                                                                                                                        "Actual Rows": 135826,
                                                                                                                                                                                                        "Actual Loops": 1,
                                                                                                                                                                                                        "Filter": "((info ~ '^(?:[1-9]\\d*|0)?(?:\\.\\d+)?$'::text) AND (info ~ '^(?:[1-9]\\d*|0)?(?:\\.\\d+)?$'::text) AND (info_type_id = 101) AND ((info)::double precision <= '11'::double precision) AND ('7'::double precision <= (info)::double precision))",
                                                                                                                                                                                                        "Rows Removed by Filter": 1244209
                                                                                                                                                                                                    },
                                                                                                                                                                                                    {
                                                                                                                                                                                                        "Node Type": "Hash",
                                                                                                                                                                                                        "Parent Relationship": "Inner",
                                                                                                                                                                                                        "Parallel Aware": false,
                                                                                                                                                                                                        "Async Capable": false,
                                                                                                                                                                                                        "Startup Cost": 10000052835.51,
                                                                                                                                                                                                        "Total Cost": 10000052835.51,
                                                                                                                                                                                                        "Plan Rows": 1117,
                                                                                                                                                                                                        "Plan Width": 4,
                                                                                                                                                                                                        "Actual Startup Time": 428.594,
                                                                                                                                                                                                        "Actual Total Time": 428.596,
                                                                                                                                                                                                        "Actual Rows": 439294,
                                                                                                                                                                                                        "Actual Loops": 1,
                                                                                                                                                                                                        "Hash Buckets": 524288,
                                                                                                                                                                                                        "Original Hash Buckets": 2048,
                                                                                                                                                                                                        "Hash Batches": 2,
                                                                                                                                                                                                        "Original Hash Batches": 1,
                                                                                                                                                                                                        "Peak Memory Usage": 12289,
                                                                                                                                                                                                        "Plans": [
                                                                                                                                                                                                            {
                                                                                                                                                                                                                "Node Type": "Nested Loop",
                                                                                                                                                                                                                "Parent Relationship": "Outer",
                                                                                                                                                                                                                "Parallel Aware": false,
                                                                                                                                                                                                                "Async Capable": false,
                                                                                                                                                                                                                "Join Type": "Inner",
                                                                                                                                                                                                                "Startup Cost": 10000000000.0,
                                                                                                                                                                                                                "Total Cost": 10000052835.51,
                                                                                                                                                                                                                "Plan Rows": 1117,
                                                                                                                                                                                                                "Plan Width": 4,
                                                                                                                                                                                                                "Actual Startup Time": 0.011,
                                                                                                                                                                                                                "Actual Total Time": 403.448,
                                                                                                                                                                                                                "Actual Rows": 439294,
                                                                                                                                                                                                                "Actual Loops": 1,
                                                                                                                                                                                                                "Inner Unique": false,
                                                                                                                                                                                                                "Plans": [
                                                                                                                                                                                                                    {
                                                                                                                                                                                                                        "Node Type": "Seq Scan",
                                                                                                                                                                                                                        "Parent Relationship": "Outer",
                                                                                                                                                                                                                        "Parallel Aware": false,
                                                                                                                                                                                                                        "Async Capable": false,
                                                                                                                                                                                                                        "Relation Name": "movie_info_idx",
                                                                                                                                                                                                                        "Alias": "mii1",
                                                                                                                                                                                                                        "Startup Cost": 0.0,
                                                                                                                                                                                                                        "Total Cost": 52819.14,
                                                                                                                                                                                                                        "Plan Rows": 1117,
                                                                                                                                                                                                                        "Plan Width": 8,
                                                                                                                                                                                                                        "Actual Startup Time": 0.003,
                                                                                                                                                                                                                        "Actual Total Time": 348.506,
                                                                                                                                                                                                                        "Actual Rows": 439294,
                                                                                                                                                                                                                        "Actual Loops": 1,
                                                                                                                                                                                                                        "Filter": "((info ~ '^(?:[1-9]\\d*|0)?(?:\\.\\d+)?$'::text) AND (info ~ '^(?:[1-9]\\d*|0)?(?:\\.\\d+)?$'::text) AND (info_type_id = 100) AND ('0'::double precision <= (info)::double precision) AND ((info)::double precision <= '1000'::double precision))",
                                                                                                                                                                                                                        "Rows Removed by Filter": 940741
                                                                                                                                                                                                                    },
                                                                                                                                                                                                                    {
                                                                                                                                                                                                                        "Node Type": "Materialize",
                                                                                                                                                                                                                        "Parent Relationship": "Inner",
                                                                                                                                                                                                                        "Parallel Aware": false,
                                                                                                                                                                                                                        "Async Capable": false,
                                                                                                                                                                                                                        "Startup Cost": 0.0,
                                                                                                                                                                                                                        "Total Cost": 2.42,
                                                                                                                                                                                                                        "Plan Rows": 1,
                                                                                                                                                                                                                        "Plan Width": 4,
                                                                                                                                                                                                                        "Actual Startup Time": 0.0,
                                                                                                                                                                                                                        "Actual Total Time": 0.0,
                                                                                                                                                                                                                        "Actual Rows": 1,
                                                                                                                                                                                                                        "Actual Loops": 439294,
                                                                                                                                                                                                                        "Plans": [
                                                                                                                                                                                                                            {
                                                                                                                                                                                                                                "Node Type": "Seq Scan",
                                                                                                                                                                                                                                "Parent Relationship": "Outer",
                                                                                                                                                                                                                                "Parallel Aware": false,
                                                                                                                                                                                                                                "Async Capable": false,
                                                                                                                                                                                                                                "Relation Name": "info_type",
                                                                                                                                                                                                                                "Alias": "it3",
                                                                                                                                                                                                                                "Startup Cost": 0.0,
                                                                                                                                                                                                                                "Total Cost": 2.41,
                                                                                                                                                                                                                                "Plan Rows": 1,
                                                                                                                                                                                                                                "Plan Width": 4,
                                                                                                                                                                                                                                "Actual Startup Time": 0.004,
                                                                                                                                                                                                                                "Actual Total Time": 0.005,
                                                                                                                                                                                                                                "Actual Rows": 1,
                                                                                                                                                                                                                                "Actual Loops": 1,
                                                                                                                                                                                                                                "Filter": "(id = 100)",
                                                                                                                                                                                                                                "Rows Removed by Filter": 112
                                                                                                                                                                                                                            }
                                                                                                                                                                                                                        ]
                                                                                                                                                                                                                    }
                                                                                                                                                                                                                ]
                                                                                                                                                                                                            }
                                                                                                                                                                                                        ]
                                                                                                                                                                                                    }
                                                                                                                                                                                                ]
                                                                                                                                                                                            }
                                                                                                                                                                                        ]
                                                                                                                                                                                    }
                                                                                                                                                                                ]
                                                                                                                                                                            }
                                                                                                                                                                        ]
                                                                                                                                                                    }
                                                                                                                                                                ]
                                                                                                                                                            }
                                                                                                                                                        ]
                                                                                                                                                    }
                                                                                                                                                ]
                                                                                                                                            }
                                                                                                                                        ]
                                                                                                                                    }
                                                                                                                                ]
                                                                                                                            }
                                                                                                                        ]
                                                                                                                    }
                                                                                                                ]
                                                                                                            }
                                                                                                        ]
                                                                                                    }
                                                                                                ]
                                                                                            }
                                                                                        ]
                                                                                    }
                                                                                ]
                                                                            }
                                                                        ]
                                                                    }
                                                                ]
                                                            },
                                                            {
                                                                "Node Type": "Hash",
                                                                "Parent Relationship": "Inner",
                                                                "Parallel Aware": false,
                                                                "Async Capable": false,
                                                                "Startup Cost": 1.09,
                                                                "Total Cost": 1.09,
                                                                "Plan Rows": 2,
                                                                "Plan Width": 4,
                                                                "Actual Startup Time": 0.004,
                                                                "Actual Total Time": 0.004,
                                                                "Actual Rows": 2,
                                                                "Actual Loops": 1,
                                                                "Hash Buckets": 1024,
                                                                "Original Hash Buckets": 1024,
                                                                "Hash Batches": 1,
                                                                "Original Hash Batches": 1,
                                                                "Peak Memory Usage": 9,
                                                                "Plans": [
                                                                    {
                                                                        "Node Type": "Seq Scan",
                                                                        "Parent Relationship": "Outer",
                                                                        "Parallel Aware": false,
                                                                        "Async Capable": false,
                                                                        "Relation Name": "kind_type",
                                                                        "Alias": "kt",
                                                                        "Startup Cost": 0.0,
                                                                        "Total Cost": 1.09,
                                                                        "Plan Rows": 2,
                                                                        "Plan Width": 4,
                                                                        "Actual Startup Time": 0.003,
                                                                        "Actual Total Time": 0.004,
                                                                        "Actual Rows": 2,
                                                                        "Actual Loops": 1,
                                                                        "Filter": "((kind)::text = ANY ('{episode,movie}'::text[]))",
                                                                        "Rows Removed by Filter": 5
                                                                    }
                                                                ]
                                                            }
                                                        ]
                                                    },
                                                    {
                                                        "Node Type": "Seq Scan",
                                                        "Parent Relationship": "Inner",
                                                        "Parallel Aware": false,
                                                        "Async Capable": false,
                                                        "Relation Name": "info_type",
                                                        "Alias": "it4",
                                                        "Startup Cost": 0.0,
                                                        "Total Cost": 2.41,
                                                        "Plan Rows": 1,
                                                        "Plan Width": 4,
                                                        "Actual Startup Time": 0.002,
                                                        "Actual Total Time": 0.002,
                                                        "Actual Rows": 1,
                                                        "Actual Loops": 2345,
                                                        "Filter": "(id = 101)",
                                                        "Rows Removed by Filter": 112
                                                    }
                                                ]
                                            },
                                            {
                                                "Node Type": "Seq Scan",
                                                "Parent Relationship": "Inner",
                                                "Parallel Aware": false,
                                                "Async Capable": false,
                                                "Relation Name": "info_type",
                                                "Alias": "it5",
                                                "Startup Cost": 0.0,
                                                "Total Cost": 2.41,
                                                "Plan Rows": 1,
                                                "Plan Width": 4,
                                                "Actual Startup Time": 0.001,
                                                "Actual Total Time": 0.002,
                                                "Actual Rows": 1,
                                                "Actual Loops": 2345,
                                                "Filter": "(id = 31)",
                                                "Rows Removed by Filter": 112
                                            }
                                        ]
                                    },
                                    {
                                        "Node Type": "Hash",
                                        "Parent Relationship": "Inner",
                                        "Parallel Aware": false,
                                        "Async Capable": false,
                                        "Startup Cost": 1.15,
                                        "Total Cost": 1.15,
                                        "Plan Rows": 2,
                                        "Plan Width": 4,
                                        "Actual Startup Time": 0.018,
                                        "Actual Total Time": 0.019,
                                        "Actual Rows": 2,
                                        "Actual Loops": 1,
                                        "Hash Buckets": 1024,
                                        "Original Hash Buckets": 1024,
                                        "Hash Batches": 1,
                                        "Original Hash Batches": 1,
                                        "Peak Memory Usage": 9,
                                        "Plans": [
                                            {
                                                "Node Type": "Seq Scan",
                                                "Parent Relationship": "Outer",
                                                "Parallel Aware": false,
                                                "Async Capable": false,
                                                "Relation Name": "role_type",
                                                "Alias": "rt",
                                                "Startup Cost": 0.0,
                                                "Total Cost": 1.15,
                                                "Plan Rows": 2,
                                                "Plan Width": 4,
                                                "Actual Startup Time": 0.015,
                                                "Actual Total Time": 0.016,
                                                "Actual Rows": 2,
                                                "Actual Loops": 1,
                                                "Filter": "((role)::text = ANY ('{actress,director}'::text[]))",
                                                "Rows Removed by Filter": 10
                                            }
                                        ]
                                    }
                                ]
                            }
                        ]
                    },
                    "Planning Time": 214.383,
                    "Triggers": [],
                    "Execution Time": 5755.075
                }
            ],
            "hints": [
                "SET enable_hashjoin TO on",
                "SET enable_indexonlyscan TO on",
                "SET enable_indexscan TO off",
                "SET enable_mergejoin TO off",
                "SET enable_nestloop TO off",
                "SET enable_seqscan TO on"
            ]
        },
        {
            "arm": 4,
            "execution_time": 1495.25,
            "plan": [
                {
                    "Plan": {
                        "Node Type": "Aggregate",
                        "Strategy": "Plain",
                        "Partial Mode": "Simple",
                        "Parallel Aware": false,
                        "Async Capable": false,
                        "Startup Cost": 31389.64,
                        "Total Cost": 31389.65,
                        "Plan Rows": 1,
                        "Plan Width": 8,
                        "Actual Startup Time": 1471.671,
                        "Actual Total Time": 1495.156,
                        "Actual Rows": 1,
                        "Actual Loops": 1,
                        "Plans": [
                            {
                                "Node Type": "Nested Loop",
                                "Parent Relationship": "Outer",
                                "Parallel Aware": false,
                                "Async Capable": false,
                                "Join Type": "Inner",
                                "Startup Cost": 1005.33,
                                "Total Cost": 31389.64,
                                "Plan Rows": 1,
                                "Plan Width": 0,
                                "Actual Startup Time": 408.321,
                                "Actual Total Time": 1495.088,
                                "Actual Rows": 2345,
                                "Actual Loops": 1,
                                "Inner Unique": false,
                                "Plans": [
                                    {
                                        "Node Type": "Nested Loop",
                                        "Parent Relationship": "Outer",
                                        "Parallel Aware": false,
                                        "Async Capable": false,
                                        "Join Type": "Inner",
                                        "Startup Cost": 1005.33,
                                        "Total Cost": 31387.22,
                                        "Plan Rows": 1,
                                        "Plan Width": 4,
                                        "Actual Startup Time": 408.318,
                                        "Actual Total Time": 1489.563,
                                        "Actual Rows": 2345,
                                        "Actual Loops": 1,
                                        "Inner Unique": true,
                                        "Plans": [
                                            {
                                                "Node Type": "Nested Loop",
                                                "Parent Relationship": "Outer",
                                                "Parallel Aware": false,
                                                "Async Capable": false,
                                                "Join Type": "Inner",
                                                "Startup Cost": 1004.9,
                                                "Total Cost": 31385.46,
                                                "Plan Rows": 1,
                                                "Plan Width": 16,
                                                "Actual Startup Time": 63.707,
                                                "Actual Total Time": 1436.575,
                                                "Actual Rows": 88379,
                                                "Actual Loops": 1,
                                                "Inner Unique": false,
                                                "Plans": [
                                                    {
                                                        "Node Type": "Nested Loop",
                                                        "Parent Relationship": "Outer",
                                                        "Parallel Aware": false,
                                                        "Async Capable": false,
                                                        "Join Type": "Inner",
                                                        "Startup Cost": 1004.48,
                                                        "Total Cost": 31383.25,
                                                        "Plan Rows": 1,
                                                        "Plan Width": 12,
                                                        "Actual Startup Time": 63.693,
                                                        "Actual Total Time": 1413.916,
                                                        "Actual Rows": 20364,
                                                        "Actual Loops": 1,
                                                        "Inner Unique": true,
                                                        "Plans": [
                                                            {
                                                                "Node Type": "Nested Loop",
                                                                "Parent Relationship": "Outer",
                                                                "Parallel Aware": false,
                                                                "Async Capable": false,
                                                                "Join Type": "Inner",
                                                                "Startup Cost": 1004.06,
                                                                "Total Cost": 31381.68,
                                                                "Plan Rows": 1,
                                                                "Plan Width": 16,
                                                                "Actual Startup Time": 63.677,
                                                                "Actual Total Time": 1394.95,
                                                                "Actual Rows": 20364,
                                                                "Actual Loops": 1,
                                                                "Inner Unique": false,
                                                                "Plans": [
                                                                    {
                                                                        "Node Type": "Nested Loop",
                                                                        "Parent Relationship": "Outer",
                                                                        "Parallel Aware": false,
                                                                        "Async Capable": false,
                                                                        "Join Type": "Inner",
                                                                        "Startup Cost": 1004.06,
                                                                        "Total Cost": 31379.26,
                                                                        "Plan Rows": 1,
                                                                        "Plan Width": 20,
                                                                        "Actual Startup Time": 63.674,
                                                                        "Actual Total Time": 1347.048,
                                                                        "Actual Rows": 20364,
                                                                        "Actual Loops": 1,
                                                                        "Inner Unique": false,
                                                                        "Plans": [
                                                                            {
                                                                                "Node Type": "Nested Loop",
                                                                                "Parent Relationship": "Outer",
                                                                                "Parallel Aware": false,
                                                                                "Async Capable": false,
                                                                                "Join Type": "Inner",
                                                                                "Startup Cost": 1004.06,
                                                                                "Total Cost": 31376.84,
                                                                                "Plan Rows": 1,
                                                                                "Plan Width": 24,
                                                                                "Actual Startup Time": 63.667,
                                                                                "Actual Total Time": 1296.133,
                                                                                "Actual Rows": 20364,
                                                                                "Actual Loops": 1,
                                                                                "Inner Unique": true,
                                                                                "Plans": [
                                                                                    {
                                                                                        "Node Type": "Gather",
                                                                                        "Parent Relationship": "Outer",
                                                                                        "Parallel Aware": false,
                                                                                        "Async Capable": false,
                                                                                        "Startup Cost": 1003.92,
                                                                                        "Total Cost": 31376.67,
                                                                                        "Plan Rows": 1,
                                                                                        "Plan Width": 28,
                                                                                        "Actual Startup Time": 30.837,
                                                                                        "Actual Total Time": 1285.22,
                                                                                        "Actual Rows": 28389,
                                                                                        "Actual Loops": 1,
                                                                                        "Workers Planned": 2,
                                                                                        "Workers Launched": 2,
                                                                                        "Single Copy": false,
                                                                                        "Plans": [
                                                                                            {
                                                                                                "Node Type": "Nested Loop",
                                                                                                "Parent Relationship": "Outer",
                                                                                                "Parallel Aware": false,
                                                                                                "Async Capable": false,
                                                                                                "Join Type": "Inner",
                                                                                                "Startup Cost": 3.92,
                                                                                                "Total Cost": 30376.57,
                                                                                                "Plan Rows": 1,
                                                                                                "Plan Width": 28,
                                                                                                "Actual Startup Time": 20.351,
                                                                                                "Actual Total Time": 1390.158,
                                                                                                "Actual Rows": 9463,
                                                                                                "Actual Loops": 3,
                                                                                                "Inner Unique": false,
                                                                                                "Workers": [],
                                                                                                "Plans": [
                                                                                                    {
                                                                                                        "Node Type": "Nested Loop",
                                                                                                        "Parent Relationship": "Outer",
                                                                                                        "Parallel Aware": false,
                                                                                                        "Async Capable": false,
                                                                                                        "Join Type": "Inner",
                                                                                                        "Startup Cost": 3.49,
                                                                                                        "Total Cost": 30362.32,
                                                                                                        "Plan Rows": 1,
                                                                                                        "Plan Width": 20,
                                                                                                        "Actual Startup Time": 2.653,
                                                                                                        "Actual Total Time": 1232.533,
                                                                                                        "Actual Rows": 136073,
                                                                                                        "Actual Loops": 3,
                                                                                                        "Inner Unique": true,
                                                                                                        "Workers": [],
                                                                                                        "Plans": [
                                                                                                            {
                                                                                                                "Node Type": "Nested Loop",
                                                                                                                "Parent Relationship": "Outer",
                                                                                                                "Parallel Aware": false,
                                                                                                                "Async Capable": false,
                                                                                                                "Join Type": "Inner",
                                                                                                                "Startup Cost": 3.34,
                                                                                                                "Total Cost": 30361.83,
                                                                                                                "Plan Rows": 1,
                                                                                                                "Plan Width": 24,
                                                                                                                "Actual Startup Time": 2.635,
                                                                                                                "Actual Total Time": 1212.828,
                                                                                                                "Actual Rows": 137220,
                                                                                                                "Actual Loops": 3,
                                                                                                                "Inner Unique": false,
                                                                                                                "Join Filter": "(t.id = mi1.movie_id)",
                                                                                                                "Rows Removed by Join Filter": 0,
                                                                                                                "Workers": [],
                                                                                                                "Plans": [
                                                                                                                    {
                                                                                                                        "Node Type": "Hash Join",
                                                                                                                        "Parent Relationship": "Outer",
                                                                                                                        "Parallel Aware": false,
                                                                                                                        "Async Capable": false,
                                                                                                                        "Join Type": "Inner",
                                                                                                                        "Startup Cost": 2.9,
                                                                                                                        "Total Cost": 30331.44,
                                                                                                                        "Plan Rows": 1,
                                                                                                                        "Plan Width": 40,
                                                                                                                        "Actual Startup Time": 0.92,
                                                                                                                        "Actual Total Time": 660.929,
                                                                                                                        "Actual Rows": 210691,
                                                                                                                        "Actual Loops": 3,
                                                                                                                        "Inner Unique": true,
                                                                                                                        "Hash Cond": "(ci.role_id = rt.id)",
                                                                                                                        "Workers": [],
                                                                                                                        "Plans": [
                                                                                                                            {
                                                                                                                                "Node Type": "Nested Loop",
                                                                                                                                "Parent Relationship": "Outer",
                                                                                                                                "Parallel Aware": false,
                                                                                                                                "Async Capable": false,
                                                                                                                                "Join Type": "Inner",
                                                                                                                                "Startup Cost": 1.73,
                                                                                                                                "Total Cost": 30330.23,
                                                                                                                                "Plan Rows": 8,
                                                                                                                                "Plan Width": 44,
                                                                                                                                "Actual Startup Time": 0.682,
                                                                                                                                "Actual Total Time": 627.055,
                                                                                                                                "Actual Rows": 772901,
                                                                                                                                "Actual Loops": 3,
                                                                                                                                "Inner Unique": false,
                                                                                                                                "Join Filter": "(t.id = ci.movie_id)",
                                                                                                                                "Rows Removed by Join Filter": 0,
                                                                                                                                "Workers": [],
                                                                                                                                "Plans": [
                                                                                                                                    {
                                                                                                                                        "Node Type": "Nested Loop",
                                                                                                                                        "Parent Relationship": "Outer",
                                                                                                                                        "Parallel Aware": false,
                                                                                                                                        "Async Capable": false,
                                                                                                                                        "Join Type": "Inner",
                                                                                                                                        "Startup Cost": 1.29,
                                                                                                                                        "Total Cost": 30296.92,
                                                                                                                                        "Plan Rows": 1,
                                                                                                                                        "Plan Width": 32,
                                                                                                                                        "Actual Startup Time": 0.644,
                                                                                                                                        "Actual Total Time": 277.682,
                                                                                                                                        "Actual Rows": 48195,
                                                                                                                                        "Actual Loops": 3,
                                                                                                                                        "Inner Unique": false,
                                                                                                                                        "Workers": [],
                                                                                                                                        "Plans": [
                                                                                                                                            {
                                                                                                                                                "Node Type": "Nested Loop",
                                                                                                                                                "Parent Relationship": "Outer",
                                                                                                                                                "Parallel Aware": false,
                                                                                                                                                "Async Capable": false,
                                                                                                                                                "Join Type": "Inner",
                                                                                                                                                "Startup Cost": 0.86,
                                                                                                                                                "Total Cost": 30293.82,
                                                                                                                                                "Plan Rows": 1,
                                                                                                                                                "Plan Width": 24,
                                                                                                                                                "Actual Startup Time": 0.11,
                                                                                                                                                "Actual Total Time": 258.376,
                                                                                                                                                "Actual Rows": 11374,
                                                                                                                                                "Actual Loops": 3,
                                                                                                                                                "Inner Unique": true,
                                                                                                                                                "Workers": [],
                                                                                                                                                "Plans": [
                                                                                                                                                    {
                                                                                                                                                        "Node Type": "Nested Loop",
                                                                                                                                                        "Parent Relationship": "Outer",
                                                                                                                                                        "Parallel Aware": false,
                                                                                                                                                        "Async Capable": false,
                                                                                                                                                        "Join Type": "Inner",
                                                                                                                                                        "Startup Cost": 0.43,
                                                                                                                                                        "Total Cost": 30285.66,
                                                                                                                                                        "Plan Rows": 1,
                                                                                                                                                        "Plan Width": 16,
                                                                                                                                                        "Actual Startup Time": 0.07,
                                                                                                                                                        "Actual Total Time": 196.516,
                                                                                                                                                        "Actual Rows": 42457,
                                                                                                                                                        "Actual Loops": 3,
                                                                                                                                                        "Inner Unique": false,
                                                                                                                                                        "Workers": [],
                                                                                                                                                        "Plans": [
                                                                                                                                                            {
                                                                                                                                                                "Node Type": "Seq Scan",
                                                                                                                                                                "Parent Relationship": "Outer",
                                                                                                                                                                "Parallel Aware": true,
                                                                                                                                                                "Async Capable": false,
                                                                                                                                                                "Relation Name": "movie_info_idx",
                                                                                                                                                                "Alias": "mii2",
                                                                                                                                                                "Startup Cost": 0.0,
                                                                                                                                                                "Total Cost": 26655.97,
                                                                                                                                                                "Plan Rows": 461,
                                                                                                                                                                "Plan Width": 8,
                                                                                                                                                                "Actual Startup Time": 0.043,
                                                                                                                                                                "Actual Total Time": 122.313,
                                                                                                                                                                "Actual Rows": 45275,
                                                                                                                                                                "Actual Loops": 3,
                                                                                                                                                                "Filter": "((info ~ '^(?:[1-9]\\d*|0)?(?:\\.\\d+)?$'::text) AND (info ~ '^(?:[1-9]\\d*|0)?(?:\\.\\d+)?$'::text) AND (info_type_id = 101) AND ((info)::double precision <= '11'::double precision) AND ('7'::double precision <= (info)::double precision))",
                                                                                                                                                                "Rows Removed by Filter": 414736,
                                                                                                                                                                "Workers": []
                                                                                                                                                            },
                                                                                                                                                            {
                                                                                                                                                                "Node Type": "Index Scan",
                                                                                                                                                                "Parent Relationship": "Inner",
                                                                                                                                                                "Parallel Aware": false,
                                                                                                                                                                "Async Capable": false,
                                                                                                                                                                "Scan Direction": "Forward",
                                                                                                                                                                "Index Name": "movie_id_movie_info_idx",
                                                                                                                                                                "Relation Name": "movie_info_idx",
                                                                                                                                                                "Alias": "mii1",
                                                                                                                                                                "Startup Cost": 0.43,
                                                                                                                                                                "Total Cost": 7.86,
                                                                                                                                                                "Plan Rows": 1,
                                                                                                                                                                "Plan Width": 8,
                                                                                                                                                                "Actual Startup Time": 0.001,
                                                                                                                                                                "Actual Total Time": 0.002,
                                                                                                                                                                "Actual Rows": 1,
                                                                                                                                                                "Actual Loops": 135826,
                                                                                                                                                                "Index Cond": "(movie_id = mii2.movie_id)",
                                                                                                                                                                "Rows Removed by Index Recheck": 0,
                                                                                                                                                                "Filter": "((info ~ '^(?:[1-9]\\d*|0)?(?:\\.\\d+)?$'::text) AND (info ~ '^(?:[1-9]\\d*|0)?(?:\\.\\d+)?$'::text) AND (info_type_id = 100) AND ('0'::double precision <= (info)::double precision) AND ((info)::double precision <= '1000'::double precision))",
                                                                                                                                                                "Rows Removed by Filter": 2,
                                                                                                                                                                "Workers": []
                                                                                                                                                            }
                                                                                                                                                        ]
                                                                                                                                                    },
                                                                                                                                                    {
                                                                                                                                                        "Node Type": "Index Scan",
                                                                                                                                                        "Parent Relationship": "Inner",
                                                                                                                                                        "Parallel Aware": false,
                                                                                                                                                        "Async Capable": false,
                                                                                                                                                        "Scan Direction": "Forward",
                                                                                                                                                        "Index Name": "title_pkey",
                                                                                                                                                        "Relation Name": "title",
                                                                                                                                                        "Alias": "t",
                                                                                                                                                        "Startup Cost": 0.43,
                                                                                                                                                        "Total Cost": 8.16,
                                                                                                                                                        "Plan Rows": 1,
                                                                                                                                                        "Plan Width": 8,
                                                                                                                                                        "Actual Startup Time": 0.001,
                                                                                                                                                        "Actual Total Time": 0.001,
                                                                                                                                                        "Actual Rows": 0,
                                                                                                                                                        "Actual Loops": 127371,
                                                                                                                                                        "Index Cond": "(id = mii1.movie_id)",
                                                                                                                                                        "Rows Removed by Index Recheck": 0,
                                                                                                                                                        "Filter": "((production_year <= 1990) AND (production_year >= 1950))",
                                                                                                                                                        "Rows Removed by Filter": 1,
                                                                                                                                                        "Workers": []
                                                                                                                                                    }
                                                                                                                                                ]
                                                                                                                                            },
                                                                                                                                            {
                                                                                                                                                "Node Type": "Index Scan",
                                                                                                                                                "Parent Relationship": "Inner",
                                                                                                                                                "Parallel Aware": false,
                                                                                                                                                "Async Capable": false,
                                                                                                                                                "Scan Direction": "Forward",
                                                                                                                                                "Index Name": "movie_id_movie_keyword",
                                                                                                                                                "Relation Name": "movie_keyword",
                                                                                                                                                "Alias": "mk",
                                                                                                                                                "Startup Cost": 0.43,
                                                                                                                                                "Total Cost": 2.64,
                                                                                                                                                "Plan Rows": 46,
                                                                                                                                                "Plan Width": 8,
                                                                                                                                                "Actual Startup Time": 0.001,
                                                                                                                                                "Actual Total Time": 0.001,
                                                                                                                                                "Actual Rows": 4,
                                                                                                                                                "Actual Loops": 34121,
                                                                                                                                                "Index Cond": "(movie_id = t.id)",
                                                                                                                                                "Rows Removed by Index Recheck": 0,
                                                                                                                                                "Workers": []
                                                                                                                                            }
                                                                                                                                        ]
                                                                                                                                    },
                                                                                                                                    {
                                                                                                                                        "Node Type": "Index Scan",
                                                                                                                                        "Parent Relationship": "Inner",
                                                                                                                                        "Parallel Aware": false,
                                                                                                                                        "Async Capable": false,
                                                                                                                                        "Scan Direction": "Forward",
                                                                                                                                        "Index Name": "movie_id_cast_info",
                                                                                                                                        "Relation Name": "cast_info",
                                                                                                                                        "Alias": "ci",
                                                                                                                                        "Startup Cost": 0.44,
                                                                                                                                        "Total Cost": 33.02,
                                                                                                                                        "Plan Rows": 23,
                                                                                                                                        "Plan Width": 12,
                                                                                                                                        "Actual Startup Time": 0.001,
                                                                                                                                        "Actual Total Time": 0.006,
                                                                                                                                        "Actual Rows": 16,
                                                                                                                                        "Actual Loops": 144586,
                                                                                                                                        "Index Cond": "(movie_id = mk.movie_id)",
                                                                                                                                        "Rows Removed by Index Recheck": 0,
                                                                                                                                        "Filter": "(note IS NULL)",
                                                                                                                                        "Rows Removed by Filter": 12,
                                                                                                                                        "Workers": []
                                                                                                                                    }
                                                                                                                                ]
                                                                                                                            },
                                                                                                                            {
                                                                                                                                "Node Type": "Hash",
                                                                                                                                "Parent Relationship": "Inner",
                                                                                                                                "Parallel Aware": false,
                                                                                                                                "Async Capable": false,
                                                                                                                                "Startup Cost": 1.15,
                                                                                                                                "Total Cost": 1.15,
                                                                                                                                "Plan Rows": 2,
                                                                                                                                "Plan Width": 4,
                                                                                                                                "Actual Startup Time": 0.013,
                                                                                                                                "Actual Total Time": 0.013,
                                                                                                                                "Actual Rows": 2,
                                                                                                                                "Actual Loops": 3,
                                                                                                                                "Hash Buckets": 1024,
                                                                                                                                "Original Hash Buckets": 1024,
                                                                                                                                "Hash Batches": 1,
                                                                                                                                "Original Hash Batches": 1,
                                                                                                                                "Peak Memory Usage": 9,
                                                                                                                                "Workers": [],
                                                                                                                                "Plans": [
                                                                                                                                    {
                                                                                                                                        "Node Type": "Seq Scan",
                                                                                                                                        "Parent Relationship": "Outer",
                                                                                                                                        "Parallel Aware": false,
                                                                                                                                        "Async Capable": false,
                                                                                                                                        "Relation Name": "role_type",
                                                                                                                                        "Alias": "rt",
                                                                                                                                        "Startup Cost": 0.0,
                                                                                                                                        "Total Cost": 1.15,
                                                                                                                                        "Plan Rows": 2,
                                                                                                                                        "Plan Width": 4,
                                                                                                                                        "Actual Startup Time": 0.01,
                                                                                                                                        "Actual Total Time": 0.011,
                                                                                                                                        "Actual Rows": 2,
                                                                                                                                        "Actual Loops": 3,
                                                                                                                                        "Filter": "((role)::text = ANY ('{actress,director}'::text[]))",
                                                                                                                                        "Rows Removed by Filter": 10,
                                                                                                                                        "Workers": []
                                                                                                                                    }
                                                                                                                                ]
                                                                                                                            }
                                                                                                                        ]
                                                                                                                    },
                                                                                                                    {
                                                                                                                        "Node Type": "Index Scan",
                                                                                                                        "Parent Relationship": "Inner",
                                                                                                                        "Parallel Aware": false,
                                                                                                                        "Async Capable": false,
                                                                                                                        "Scan Direction": "Forward",
                                                                                                                        "Index Name": "movie_id_movie_info",
                                                                                                                        "Relation Name": "movie_info",
                                                                                                                        "Alias": "mi1",
                                                                                                                        "Startup Cost": 0.43,
                                                                                                                        "Total Cost": 30.37,
                                                                                                                        "Plan Rows": 2,
                                                                                                                        "Plan Width": 8,
                                                                                                                        "Actual Startup Time": 0.002,
                                                                                                                        "Actual Total Time": 0.003,
                                                                                                                        "Actual Rows": 1,
                                                                                                                        "Actual Loops": 632074,
                                                                                                                        "Index Cond": "(movie_id = ci.movie_id)",
                                                                                                                        "Rows Removed by Index Recheck": 0,
                                                                                                                        "Filter": "(info = ANY ('{Comedy,Documentary,Drama}'::text[]))",
                                                                                                                        "Rows Removed by Filter": 19,
                                                                                                                        "Workers": []
                                                                                                                    }
                                                                                                                ]
                                                                                                            },
                                                                                                            {
                                                                                                                "Node Type": "Memoize",
                                                                                                                "Parent Relationship": "Inner",
                                                                                                                "Parallel Aware": false,
                                                                                                                "Async Capable": false,
                                                                                                                "Startup Cost": 0.15,
                                                                                                                "Total Cost": 0.48,
                                                                                                                "Plan Rows": 1,
                                                                                                                "Plan Width": 4,
                                                                                                                "Actual Startup Time": 0.0,
                                                                                                                "Actual Total Time": 0.0,
                                                                                                                "Actual Rows": 1,
                                                                                                                "Actual Loops": 411661,
                                                                                                                "Cache Key": "mi1.info_type_id",
                                                                                                                "Cache Mode": "logical",
                                                                                                                "Cache Hits": 115086,
                                                                                                                "Cache Misses": 2,
                                                                                                                "Cache Evictions": 0,
                                                                                                                "Cache Overflows": 0,
                                                                                                                "Peak Memory Usage": 1,
                                                                                                                "Workers": [
                                                                                                                    {
                                                                                                                        "Worker Number": 0,
                                                                                                                        "Cache Hits": 153252,
                                                                                                                        "Cache Misses": 2,
                                                                                                                        "Cache Evictions": 0,
                                                                                                                        "Cache Overflows": 0,
                                                                                                                        "Peak Memory Usage": 1
                                                                                                                    },
                                                                                                                    {
                                                                                                                        "Worker Number": 1,
                                                                                                                        "Cache Hits": 143317,
                                                                                                                        "Cache Misses": 2,
                                                                                                                        "Cache Evictions": 0,
                                                                                                                        "Cache Overflows": 0,
                                                                                                                        "Peak Memory Usage": 1
                                                                                                                    }
                                                                                                                ],
                                                                                                                "Plans": [
                                                                                                                    {
                                                                                                                        "Node Type": "Index Only Scan",
                                                                                                                        "Parent Relationship": "Outer",
                                                                                                                        "Parallel Aware": false,
                                                                                                                        "Async Capable": false,
                                                                                                                        "Scan Direction": "Forward",
                                                                                                                        "Index Name": "info_type_pkey",
                                                                                                                        "Relation Name": "info_type",
                                                                                                                        "Alias": "it1",
                                                                                                                        "Startup Cost": 0.14,
                                                                                                                        "Total Cost": 0.47,
                                                                                                                        "Plan Rows": 1,
                                                                                                                        "Plan Width": 4,
                                                                                                                        "Actual Startup Time": 0.008,
                                                                                                                        "Actual Total Time": 0.008,
                                                                                                                        "Actual Rows": 0,
                                                                                                                        "Actual Loops": 6,
                                                                                                                        "Index Cond": "((id = mi1.info_type_id) AND (id = ANY ('{103,3,6}'::integer[])))",
                                                                                                                        "Rows Removed by Index Recheck": 0,
                                                                                                                        "Heap Fetches": 3,
                                                                                                                        "Workers": []
                                                                                                                    }
                                                                                                                ]
                                                                                                            }
                                                                                                        ]
                                                                                                    },
                                                                                                    {
                                                                                                        "Node Type": "Index Scan",
                                                                                                        "Parent Relationship": "Inner",
                                                                                                        "Parallel Aware": false,
                                                                                                        "Async Capable": false,
                                                                                                        "Scan Direction": "Forward",
                                                                                                        "Index Name": "person_id_person_info",
                                                                                                        "Relation Name": "person_info",
                                                                                                        "Alias": "pi1",
                                                                                                        "Startup Cost": 0.43,
                                                                                                        "Total Cost": 14.24,
                                                                                                        "Plan Rows": 1,
                                                                                                        "Plan Width": 8,
                                                                                                        "Actual Startup Time": 0.001,
                                                                                                        "Actual Total Time": 0.001,
                                                                                                        "Actual Rows": 0,
                                                                                                        "Actual Loops": 408220,
                                                                                                        "Index Cond": "(person_id = ci.person_id)",
                                                                                                        "Rows Removed by Index Recheck": 0,
                                                                                                        "Filter": "(info_type_id = 31)",
                                                                                                        "Rows Removed by Filter": 11,
                                                                                                        "Workers": []
                                                                                                    }
                                                                                                ]
                                                                                            }
                                                                                        ]
                                                                                    },
                                                                                    {
                                                                                        "Node Type": "Index Scan",
                                                                                        "Parent Relationship": "Inner",
                                                                                        "Parallel Aware": false,
                                                                                        "Async Capable": false,
                                                                                        "Scan Direction": "Forward",
                                                                                        "Index Name": "kind_type_pkey",
                                                                                        "Relation Name": "kind_type",
                                                                                        "Alias": "kt",
                                                                                        "Startup Cost": 0.13,
                                                                                        "Total Cost": 0.15,
                                                                                        "Plan Rows": 1,
                                                                                        "Plan Width": 4,
                                                                                        "Actual Startup Time": 0.0,
                                                                                        "Actual Total Time": 0.0,
                                                                                        "Actual Rows": 1,
                                                                                        "Actual Loops": 28389,
                                                                                        "Index Cond": "(id = t.kind_id)",
                                                                                        "Rows Removed by Index Recheck": 0,
                                                                                        "Filter": "((kind)::text = ANY ('{episode,movie}'::text[]))",
                                                                                        "Rows Removed by Filter": 0
                                                                                    }
                                                                                ]
                                                                            },
                                                                            {
                                                                                "Node Type": "Seq Scan",
                                                                                "Parent Relationship": "Inner",
                                                                                "Parallel Aware": false,
                                                                                "Async Capable": false,
                                                                                "Relation Name": "info_type",
                                                                                "Alias": "it3",
                                                                                "Startup Cost": 0.0,
                                                                                "Total Cost": 2.41,
                                                                                "Plan Rows": 1,
                                                                                "Plan Width": 4,
                                                                                "Actual Startup Time": 0.002,
                                                                                "Actual Total Time": 0.002,
                                                                                "Actual Rows": 1,
                                                                                "Actual Loops": 20364,
                                                                                "Filter": "(id = 100)",
                                                                                "Rows Removed by Filter": 112
                                                                            }
                                                                        ]
                                                                    },
                                                                    {
                                                                        "Node Type": "Seq Scan",
                                                                        "Parent Relationship": "Inner",
                                                                        "Parallel Aware": false,
                                                                        "Async Capable": false,
                                                                        "Relation Name": "info_type",
                                                                        "Alias": "it4",
                                                                        "Startup Cost": 0.0,
                                                                        "Total Cost": 2.41,
                                                                        "Plan Rows": 1,
                                                                        "Plan Width": 4,
                                                                        "Actual Startup Time": 0.002,
                                                                        "Actual Total Time": 0.002,
                                                                        "Actual Rows": 1,
                                                                        "Actual Loops": 20364,
                                                                        "Filter": "(id = 101)",
                                                                        "Rows Removed by Filter": 112
                                                                    }
                                                                ]
                                                            },
                                                            {
                                                                "Node Type": "Index Only Scan",
                                                                "Parent Relationship": "Inner",
                                                                "Parallel Aware": false,
                                                                "Async Capable": false,
                                                                "Scan Direction": "Forward",
                                                                "Index Name": "keyword_pkey",
                                                                "Relation Name": "keyword",
                                                                "Alias": "k",
                                                                "Startup Cost": 0.42,
                                                                "Total Cost": 1.57,
                                                                "Plan Rows": 1,
                                                                "Plan Width": 4,
                                                                "Actual Startup Time": 0.001,
                                                                "Actual Total Time": 0.001,
                                                                "Actual Rows": 1,
                                                                "Actual Loops": 20364,
                                                                "Index Cond": "(id = mk.keyword_id)",
                                                                "Rows Removed by Index Recheck": 0,
                                                                "Heap Fetches": 20364
                                                            }
                                                        ]
                                                    },
                                                    {
                                                        "Node Type": "Index Only Scan",
                                                        "Parent Relationship": "Inner",
                                                        "Parallel Aware": false,
                                                        "Async Capable": false,
                                                        "Scan Direction": "Forward",
                                                        "Index Name": "person_id_aka_name",
                                                        "Relation Name": "aka_name",
                                                        "Alias": "an",
                                                        "Startup Cost": 0.42,
                                                        "Total Cost": 2.19,
                                                        "Plan Rows": 2,
                                                        "Plan Width": 4,
                                                        "Actual Startup Time": 0.001,
                                                        "Actual Total Time": 0.001,
                                                        "Actual Rows": 4,
                                                        "Actual Loops": 20364,
                                                        "Index Cond": "(person_id = ci.person_id)",
                                                        "Rows Removed by Index Recheck": 0,
                                                        "Heap Fetches": 88379
                                                    }
                                                ]
                                            },
                                            {
                                                "Node Type": "Index Scan",
                                                "Parent Relationship": "Inner",
                                                "Parallel Aware": false,
                                                "Async Capable": false,
                                                "Scan Direction": "Forward",
                                                "Index Name": "name_pkey",
                                                "Relation Name": "name",
                                                "Alias": "n",
                                                "Startup Cost": 0.43,
                                                "Total Cost": 1.76,
                                                "Plan Rows": 1,
                                                "Plan Width": 4,
                                                "Actual Startup Time": 0.001,
                                                "Actual Total Time": 0.001,
                                                "Actual Rows": 0,
                                                "Actual Loops": 88379,
                                                "Index Cond": "(id = ci.person_id)",
                                                "Rows Removed by Index Recheck": 0,
                                                "Filter": "((((gender)::text = 'f'::text) OR (gender IS NULL)) AND ((name_pcode_nf)::text = ANY ('{B6161,C6235,C6416,C6452,D5162,E4213,J5215,M6216,M6263,R3565}'::text[])))",
                                                "Rows Removed by Filter": 1
                                            }
                                        ]
                                    },
                                    {
                                        "Node Type": "Seq Scan",
                                        "Parent Relationship": "Inner",
                                        "Parallel Aware": false,
                                        "Async Capable": false,
                                        "Relation Name": "info_type",
                                        "Alias": "it5",
                                        "Startup Cost": 0.0,
                                        "Total Cost": 2.41,
                                        "Plan Rows": 1,
                                        "Plan Width": 4,
                                        "Actual Startup Time": 0.001,
                                        "Actual Total Time": 0.002,
                                        "Actual Rows": 1,
                                        "Actual Loops": 2345,
                                        "Filter": "(id = 31)",
                                        "Rows Removed by Filter": 112
                                    }
                                ]
                            }
                        ]
                    },
                    "Planning Time": 199.107,
                    "Triggers": [],
                    "Execution Time": 1495.25
                }
            ],
            "hints": [
                "SET enable_hashjoin TO on",
                "SET enable_indexonlyscan TO on",
                "SET enable_indexscan TO on",
                "SET enable_mergejoin TO off",
                "SET enable_nestloop TO on",
                "SET enable_seqscan TO on"
            ]
        }
    ]
}