{
    "sql_file": "7a64.sql",
    "query": "SELECT COUNT(*)\nFROM title as t,\nmovie_info as mi1,\nkind_type as kt,\ninfo_type as it1,\ninfo_type as it3,\ninfo_type as it4,\nmovie_info_idx as mii1,\nmovie_info_idx as mii2,\nmovie_keyword as mk,\nkeyword as k,\naka_name as an,\nname as n,\ninfo_type as it5,\nperson_info AS pi1,\ncast_info as ci,\nrole_type as rt\nWHERE\nt.id = mi1.movie_id\nAND t.id = ci.movie_id\nAND t.id = mii1.movie_id\nAND t.id = mii2.movie_id\nAND t.id = mk.movie_id\nAND mk.keyword_id = k.id\nAND mi1.info_type_id = it1.id\nAND mii1.info_type_id = it3.id\nAND mii2.info_type_id = it4.id\nAND t.kind_id = kt.id\nAND (kt.kind IN ('episode','movie'))\nAND (t.production_year <= 1990)\nAND (t.production_year >= 1950)\nAND (mi1.info IN ('30','60'))\nAND (it1.id IN ('1','17','98'))\nAND it3.id = '100'\nAND it4.id = '101'\nAND (mii2.info ~ '^(?:[1-9]\\d*|0)?(?:\\.\\d+)?$' AND mii2.info::float <= 11.0)\nAND (mii2.info ~ '^(?:[1-9]\\d*|0)?(?:\\.\\d+)?$' AND 7.0 <= mii2.info::float)\nAND (mii1.info ~ '^(?:[1-9]\\d*|0)?(?:\\.\\d+)?$' AND 0.0 <= mii1.info::float)\nAND (mii1.info ~ '^(?:[1-9]\\d*|0)?(?:\\.\\d+)?$' AND mii1.info::float <= 10000.0)\nAND n.id = ci.person_id\nAND ci.person_id = pi1.person_id\nAND it5.id = pi1.info_type_id\nAND n.id = pi1.person_id\nAND n.id = an.person_id\nAND rt.id = ci.role_id\nAND (n.gender in ('m') OR n.gender IS NULL)\nAND (n.name_pcode_nf in ('A5351','C6235','C6421','C6425','F6362','F6521','J5216','J525','P3623','R1632','R1636','V4356','V5253') OR n.name_pcode_nf IS NULL)\nAND (ci.note in ('(producer)') OR ci.note IS NULL)\nAND (rt.role in ('actor','composer','producer'))\nAND (it5.id in ('31'))",
    "results": [
        {
            "arm": 0,
            "execution_time": 1137.089,
            "plan": [
                {
                    "Plan": {
                        "Node Type": "Aggregate",
                        "Strategy": "Plain",
                        "Partial Mode": "Simple",
                        "Parallel Aware": false,
                        "Async Capable": false,
                        "Startup Cost": 31390.05,
                        "Total Cost": 31390.06,
                        "Plan Rows": 1,
                        "Plan Width": 8,
                        "Actual Startup Time": 1105.92,
                        "Actual Total Time": 1137.003,
                        "Actual Rows": 1,
                        "Actual Loops": 1,
                        "Plans": [
                            {
                                "Node Type": "Nested Loop",
                                "Parent Relationship": "Outer",
                                "Parallel Aware": false,
                                "Async Capable": false,
                                "Join Type": "Inner",
                                "Startup Cost": 1004.29,
                                "Total Cost": 31390.05,
                                "Plan Rows": 1,
                                "Plan Width": 0,
                                "Actual Startup Time": 23.694,
                                "Actual Total Time": 1136.917,
                                "Actual Rows": 2630,
                                "Actual Loops": 1,
                                "Inner Unique": false,
                                "Plans": [
                                    {
                                        "Node Type": "Nested Loop",
                                        "Parent Relationship": "Outer",
                                        "Parallel Aware": false,
                                        "Async Capable": false,
                                        "Join Type": "Inner",
                                        "Startup Cost": 1004.29,
                                        "Total Cost": 31387.62,
                                        "Plan Rows": 1,
                                        "Plan Width": 4,
                                        "Actual Startup Time": 23.691,
                                        "Actual Total Time": 1130.764,
                                        "Actual Rows": 2630,
                                        "Actual Loops": 1,
                                        "Inner Unique": true,
                                        "Plans": [
                                            {
                                                "Node Type": "Nested Loop",
                                                "Parent Relationship": "Outer",
                                                "Parallel Aware": false,
                                                "Async Capable": false,
                                                "Join Type": "Inner",
                                                "Startup Cost": 1003.86,
                                                "Total Cost": 31385.86,
                                                "Plan Rows": 1,
                                                "Plan Width": 16,
                                                "Actual Startup Time": 11.517,
                                                "Actual Total Time": 952.273,
                                                "Actual Rows": 268315,
                                                "Actual Loops": 1,
                                                "Inner Unique": false,
                                                "Plans": [
                                                    {
                                                        "Node Type": "Nested Loop",
                                                        "Parent Relationship": "Outer",
                                                        "Parallel Aware": false,
                                                        "Async Capable": false,
                                                        "Join Type": "Inner",
                                                        "Startup Cost": 1003.44,
                                                        "Total Cost": 31383.65,
                                                        "Plan Rows": 1,
                                                        "Plan Width": 12,
                                                        "Actual Startup Time": 11.504,
                                                        "Actual Total Time": 890.514,
                                                        "Actual Rows": 60504,
                                                        "Actual Loops": 1,
                                                        "Inner Unique": true,
                                                        "Plans": [
                                                            {
                                                                "Node Type": "Nested Loop",
                                                                "Parent Relationship": "Outer",
                                                                "Parallel Aware": false,
                                                                "Async Capable": false,
                                                                "Join Type": "Inner",
                                                                "Startup Cost": 1003.02,
                                                                "Total Cost": 31382.08,
                                                                "Plan Rows": 1,
                                                                "Plan Width": 16,
                                                                "Actual Startup Time": 11.498,
                                                                "Actual Total Time": 851.461,
                                                                "Actual Rows": 60504,
                                                                "Actual Loops": 1,
                                                                "Inner Unique": false,
                                                                "Join Filter": "(t.id = mk.movie_id)",
                                                                "Rows Removed by Join Filter": 0,
                                                                "Plans": [
                                                                    {
                                                                        "Node Type": "Nested Loop",
                                                                        "Parent Relationship": "Outer",
                                                                        "Parallel Aware": false,
                                                                        "Async Capable": false,
                                                                        "Join Type": "Inner",
                                                                        "Startup Cost": 1002.58,
                                                                        "Total Cost": 31379.01,
                                                                        "Plan Rows": 1,
                                                                        "Plan Width": 32,
                                                                        "Actual Startup Time": 3.174,
                                                                        "Actual Total Time": 837.508,
                                                                        "Actual Rows": 13554,
                                                                        "Actual Loops": 1,
                                                                        "Inner Unique": false,
                                                                        "Plans": [
                                                                            {
                                                                                "Node Type": "Nested Loop",
                                                                                "Parent Relationship": "Outer",
                                                                                "Parallel Aware": false,
                                                                                "Async Capable": false,
                                                                                "Join Type": "Inner",
                                                                                "Startup Cost": 1002.58,
                                                                                "Total Cost": 31376.59,
                                                                                "Plan Rows": 1,
                                                                                "Plan Width": 36,
                                                                                "Actual Startup Time": 3.171,
                                                                                "Actual Total Time": 805.862,
                                                                                "Actual Rows": 13554,
                                                                                "Actual Loops": 1,
                                                                                "Inner Unique": false,
                                                                                "Plans": [
                                                                                    {
                                                                                        "Node Type": "Nested Loop",
                                                                                        "Parent Relationship": "Outer",
                                                                                        "Parallel Aware": false,
                                                                                        "Async Capable": false,
                                                                                        "Join Type": "Inner",
                                                                                        "Startup Cost": 1002.58,
                                                                                        "Total Cost": 31374.17,
                                                                                        "Plan Rows": 1,
                                                                                        "Plan Width": 40,
                                                                                        "Actual Startup Time": 3.167,
                                                                                        "Actual Total Time": 773.818,
                                                                                        "Actual Rows": 13554,
                                                                                        "Actual Loops": 1,
                                                                                        "Inner Unique": true,
                                                                                        "Plans": [
                                                                                            {
                                                                                                "Node Type": "Gather",
                                                                                                "Parent Relationship": "Outer",
                                                                                                "Parallel Aware": false,
                                                                                                "Async Capable": false,
                                                                                                "Startup Cost": 1002.45,
                                                                                                "Total Cost": 31374.0,
                                                                                                "Plan Rows": 1,
                                                                                                "Plan Width": 44,
                                                                                                "Actual Startup Time": 3.162,
                                                                                                "Actual Total Time": 768.405,
                                                                                                "Actual Rows": 13966,
                                                                                                "Actual Loops": 1,
                                                                                                "Workers Planned": 2,
                                                                                                "Workers Launched": 2,
                                                                                                "Single Copy": false,
                                                                                                "Plans": [
                                                                                                    {
                                                                                                        "Node Type": "Nested Loop",
                                                                                                        "Parent Relationship": "Outer",
                                                                                                        "Parallel Aware": false,
                                                                                                        "Async Capable": false,
                                                                                                        "Join Type": "Inner",
                                                                                                        "Startup Cost": 2.45,
                                                                                                        "Total Cost": 30373.9,
                                                                                                        "Plan Rows": 1,
                                                                                                        "Plan Width": 44,
                                                                                                        "Actual Startup Time": 7.343,
                                                                                                        "Actual Total Time": 914.864,
                                                                                                        "Actual Rows": 4655,
                                                                                                        "Actual Loops": 3,
                                                                                                        "Inner Unique": false,
                                                                                                        "Workers": [],
                                                                                                        "Plans": [
                                                                                                            {
                                                                                                                "Node Type": "Nested Loop",
                                                                                                                "Parent Relationship": "Outer",
                                                                                                                "Parallel Aware": false,
                                                                                                                "Async Capable": false,
                                                                                                                "Join Type": "Inner",
                                                                                                                "Startup Cost": 2.02,
                                                                                                                "Total Cost": 30359.65,
                                                                                                                "Plan Rows": 1,
                                                                                                                "Plan Width": 36,
                                                                                                                "Actual Startup Time": 1.29,
                                                                                                                "Actual Total Time": 846.927,
                                                                                                                "Actual Rows": 23841,
                                                                                                                "Actual Loops": 3,
                                                                                                                "Inner Unique": true,
                                                                                                                "Workers": [],
                                                                                                                "Plans": [
                                                                                                                    {
                                                                                                                        "Node Type": "Nested Loop",
                                                                                                                        "Parent Relationship": "Outer",
                                                                                                                        "Parallel Aware": false,
                                                                                                                        "Async Capable": false,
                                                                                                                        "Join Type": "Inner",
                                                                                                                        "Startup Cost": 1.87,
                                                                                                                        "Total Cost": 30359.16,
                                                                                                                        "Plan Rows": 1,
                                                                                                                        "Plan Width": 40,
                                                                                                                        "Actual Startup Time": 1.275,
                                                                                                                        "Actual Total Time": 843.361,
                                                                                                                        "Actual Rows": 23847,
                                                                                                                        "Actual Loops": 3,
                                                                                                                        "Inner Unique": false,
                                                                                                                        "Join Filter": "(t.id = mi1.movie_id)",
                                                                                                                        "Rows Removed by Join Filter": 0,
                                                                                                                        "Workers": [],
                                                                                                                        "Plans": [
                                                                                                                            {
                                                                                                                                "Node Type": "Nested Loop",
                                                                                                                                "Parent Relationship": "Outer",
                                                                                                                                "Parallel Aware": false,
                                                                                                                                "Async Capable": false,
                                                                                                                                "Join Type": "Inner",
                                                                                                                                "Startup Cost": 1.43,
                                                                                                                                "Total Cost": 30328.83,
                                                                                                                                "Plan Rows": 1,
                                                                                                                                "Plan Width": 32,
                                                                                                                                "Actual Startup Time": 0.303,
                                                                                                                                "Actual Total Time": 572.871,
                                                                                                                                "Actual Rows": 109970,
                                                                                                                                "Actual Loops": 3,
                                                                                                                                "Inner Unique": true,
                                                                                                                                "Workers": [],
                                                                                                                                "Plans": [
                                                                                                                                    {
                                                                                                                                        "Node Type": "Nested Loop",
                                                                                                                                        "Parent Relationship": "Outer",
                                                                                                                                        "Parallel Aware": false,
                                                                                                                                        "Async Capable": false,
                                                                                                                                        "Join Type": "Inner",
                                                                                                                                        "Startup Cost": 1.3,
                                                                                                                                        "Total Cost": 30328.2,
                                                                                                                                        "Plan Rows": 4,
                                                                                                                                        "Plan Width": 36,
                                                                                                                                        "Actual Startup Time": 0.294,
                                                                                                                                        "Actual Total Time": 501.982,
                                                                                                                                        "Actual Rows": 178084,
                                                                                                                                        "Actual Loops": 3,
                                                                                                                                        "Inner Unique": false,
                                                                                                                                        "Workers": [],
                                                                                                                                        "Plans": [
                                                                                                                                            {
                                                                                                                                                "Node Type": "Nested Loop",
                                                                                                                                                "Parent Relationship": "Outer",
                                                                                                                                                "Parallel Aware": false,
                                                                                                                                                "Async Capable": false,
                                                                                                                                                "Join Type": "Inner",
                                                                                                                                                "Startup Cost": 0.86,
                                                                                                                                                "Total Cost": 30293.82,
                                                                                                                                                "Plan Rows": 1,
                                                                                                                                                "Plan Width": 24,
                                                                                                                                                "Actual Startup Time": 0.269,
                                                                                                                                                "Actual Total Time": 270.68,
                                                                                                                                                "Actual Rows": 11966,
                                                                                                                                                "Actual Loops": 3,
                                                                                                                                                "Inner Unique": true,
                                                                                                                                                "Workers": [],
                                                                                                                                                "Plans": [
                                                                                                                                                    {
                                                                                                                                                        "Node Type": "Nested Loop",
                                                                                                                                                        "Parent Relationship": "Outer",
                                                                                                                                                        "Parallel Aware": false,
                                                                                                                                                        "Async Capable": false,
                                                                                                                                                        "Join Type": "Inner",
                                                                                                                                                        "Startup Cost": 0.43,
                                                                                                                                                        "Total Cost": 30285.66,
                                                                                                                                                        "Plan Rows": 1,
                                                                                                                                                        "Plan Width": 16,
                                                                                                                                                        "Actual Startup Time": 0.061,
                                                                                                                                                        "Actual Total Time": 200.344,
                                                                                                                                                        "Actual Rows": 44513,
                                                                                                                                                        "Actual Loops": 3,
                                                                                                                                                        "Inner Unique": false,
                                                                                                                                                        "Workers": [],
                                                                                                                                                        "Plans": [
                                                                                                                                                            {
                                                                                                                                                                "Node Type": "Seq Scan",
                                                                                                                                                                "Parent Relationship": "Outer",
                                                                                                                                                                "Parallel Aware": true,
                                                                                                                                                                "Async Capable": false,
                                                                                                                                                                "Relation Name": "movie_info_idx",
                                                                                                                                                                "Alias": "mii2",
                                                                                                                                                                "Startup Cost": 0.0,
                                                                                                                                                                "Total Cost": 26655.97,
                                                                                                                                                                "Plan Rows": 461,
                                                                                                                                                                "Plan Width": 8,
                                                                                                                                                                "Actual Startup Time": 0.04,
                                                                                                                                                                "Actual Total Time": 124.869,
                                                                                                                                                                "Actual Rows": 45275,
                                                                                                                                                                "Actual Loops": 3,
                                                                                                                                                                "Filter": "((info ~ '^(?:[1-9]\\d*|0)?(?:\\.\\d+)?$'::text) AND (info ~ '^(?:[1-9]\\d*|0)?(?:\\.\\d+)?$'::text) AND (info_type_id = 101) AND ((info)::double precision <= '11'::double precision) AND ('7'::double precision <= (info)::double precision))",
                                                                                                                                                                "Rows Removed by Filter": 414736,
                                                                                                                                                                "Workers": []
                                                                                                                                                            },
                                                                                                                                                            {
                                                                                                                                                                "Node Type": "Index Scan",
                                                                                                                                                                "Parent Relationship": "Inner",
                                                                                                                                                                "Parallel Aware": false,
                                                                                                                                                                "Async Capable": false,
                                                                                                                                                                "Scan Direction": "Forward",
                                                                                                                                                                "Index Name": "movie_id_movie_info_idx",
                                                                                                                                                                "Relation Name": "movie_info_idx",
                                                                                                                                                                "Alias": "mii1",
                                                                                                                                                                "Startup Cost": 0.43,
                                                                                                                                                                "Total Cost": 7.86,
                                                                                                                                                                "Plan Rows": 1,
                                                                                                                                                                "Plan Width": 8,
                                                                                                                                                                "Actual Startup Time": 0.001,
                                                                                                                                                                "Actual Total Time": 0.002,
                                                                                                                                                                "Actual Rows": 1,
                                                                                                                                                                "Actual Loops": 135826,
                                                                                                                                                                "Index Cond": "(movie_id = mii2.movie_id)",
                                                                                                                                                                "Rows Removed by Index Recheck": 0,
                                                                                                                                                                "Filter": "((info ~ '^(?:[1-9]\\d*|0)?(?:\\.\\d+)?$'::text) AND (info ~ '^(?:[1-9]\\d*|0)?(?:\\.\\d+)?$'::text) AND (info_type_id = 100) AND ('0'::double precision <= (info)::double precision) AND ((info)::double precision <= '10000'::double precision))",
                                                                                                                                                                "Rows Removed by Filter": 2,
                                                                                                                                                                "Workers": []
                                                                                                                                                            }
                                                                                                                                                        ]
                                                                                                                                                    },
                                                                                                                                                    {
                                                                                                                                                        "Node Type": "Index Scan",
                                                                                                                                                        "Parent Relationship": "Inner",
                                                                                                                                                        "Parallel Aware": false,
                                                                                                                                                        "Async Capable": false,
                                                                                                                                                        "Scan Direction": "Forward",
                                                                                                                                                        "Index Name": "title_pkey",
                                                                                                                                                        "Relation Name": "title",
                                                                                                                                                        "Alias": "t",
                                                                                                                                                        "Startup Cost": 0.43,
                                                                                                                                                        "Total Cost": 8.16,
                                                                                                                                                        "Plan Rows": 1,
                                                                                                                                                        "Plan Width": 8,
                                                                                                                                                        "Actual Startup Time": 0.001,
                                                                                                                                                        "Actual Total Time": 0.001,
                                                                                                                                                        "Actual Rows": 0,
                                                                                                                                                        "Actual Loops": 133540,
                                                                                                                                                        "Index Cond": "(id = mii1.movie_id)",
                                                                                                                                                        "Rows Removed by Index Recheck": 0,
                                                                                                                                                        "Filter": "((production_year <= 1990) AND (production_year >= 1950))",
                                                                                                                                                        "Rows Removed by Filter": 1,
                                                                                                                                                        "Workers": []
                                                                                                                                                    }
                                                                                                                                                ]
                                                                                                                                            },
                                                                                                                                            {
                                                                                                                                                "Node Type": "Index Scan",
                                                                                                                                                "Parent Relationship": "Inner",
                                                                                                                                                "Parallel Aware": false,
                                                                                                                                                "Async Capable": false,
                                                                                                                                                "Scan Direction": "Forward",
                                                                                                                                                "Index Name": "movie_id_cast_info",
                                                                                                                                                "Relation Name": "cast_info",
                                                                                                                                                "Alias": "ci",
                                                                                                                                                "Startup Cost": 0.44,
                                                                                                                                                "Total Cost": 34.14,
                                                                                                                                                "Plan Rows": 24,
                                                                                                                                                "Plan Width": 12,
                                                                                                                                                "Actual Startup Time": 0.003,
                                                                                                                                                "Actual Total Time": 0.018,
                                                                                                                                                "Actual Rows": 15,
                                                                                                                                                "Actual Loops": 35899,
                                                                                                                                                "Index Cond": "(movie_id = t.id)",
                                                                                                                                                "Rows Removed by Index Recheck": 0,
                                                                                                                                                "Filter": "((note = '(producer)'::text) OR (note IS NULL))",
                                                                                                                                                "Rows Removed by Filter": 10,
                                                                                                                                                "Workers": []
                                                                                                                                            }
                                                                                                                                        ]
                                                                                                                                    },
                                                                                                                                    {
                                                                                                                                        "Node Type": "Index Scan",
                                                                                                                                        "Parent Relationship": "Inner",
                                                                                                                                        "Parallel Aware": false,
                                                                                                                                        "Async Capable": false,
                                                                                                                                        "Scan Direction": "Forward",
                                                                                                                                        "Index Name": "role_type_pkey",
                                                                                                                                        "Relation Name": "role_type",
                                                                                                                                        "Alias": "rt",
                                                                                                                                        "Startup Cost": 0.14,
                                                                                                                                        "Total Cost": 0.16,
                                                                                                                                        "Plan Rows": 1,
                                                                                                                                        "Plan Width": 4,
                                                                                                                                        "Actual Startup Time": 0.0,
                                                                                                                                        "Actual Total Time": 0.0,
                                                                                                                                        "Actual Rows": 1,
                                                                                                                                        "Actual Loops": 534251,
                                                                                                                                        "Index Cond": "(id = ci.role_id)",
                                                                                                                                        "Rows Removed by Index Recheck": 0,
                                                                                                                                        "Filter": "((role)::text = ANY ('{actor,composer,producer}'::text[]))",
                                                                                                                                        "Rows Removed by Filter": 0,
                                                                                                                                        "Workers": []
                                                                                                                                    }
                                                                                                                                ]
                                                                                                                            },
                                                                                                                            {
                                                                                                                                "Node Type": "Index Scan",
                                                                                                                                "Parent Relationship": "Inner",
                                                                                                                                "Parallel Aware": false,
                                                                                                                                "Async Capable": false,
                                                                                                                                "Scan Direction": "Forward",
                                                                                                                                "Index Name": "movie_id_movie_info",
                                                                                                                                "Relation Name": "movie_info",
                                                                                                                                "Alias": "mi1",
                                                                                                                                "Startup Cost": 0.43,
                                                                                                                                "Total Cost": 30.31,
                                                                                                                                "Plan Rows": 1,
                                                                                                                                "Plan Width": 8,
                                                                                                                                "Actual Startup Time": 0.002,
                                                                                                                                "Actual Total Time": 0.002,
                                                                                                                                "Actual Rows": 0,
                                                                                                                                "Actual Loops": 329909,
                                                                                                                                "Index Cond": "(movie_id = ci.movie_id)",
                                                                                                                                "Rows Removed by Index Recheck": 0,
                                                                                                                                "Filter": "(info = ANY ('{30,60}'::text[]))",
                                                                                                                                "Rows Removed by Filter": 17,
                                                                                                                                "Workers": []
                                                                                                                            }
                                                                                                                        ]
                                                                                                                    },
                                                                                                                    {
                                                                                                                        "Node Type": "Memoize",
                                                                                                                        "Parent Relationship": "Inner",
                                                                                                                        "Parallel Aware": false,
                                                                                                                        "Async Capable": false,
                                                                                                                        "Startup Cost": 0.15,
                                                                                                                        "Total Cost": 0.48,
                                                                                                                        "Plan Rows": 1,
                                                                                                                        "Plan Width": 4,
                                                                                                                        "Actual Startup Time": 0.0,
                                                                                                                        "Actual Total Time": 0.0,
                                                                                                                        "Actual Rows": 1,
                                                                                                                        "Actual Loops": 71542,
                                                                                                                        "Cache Key": "mi1.info_type_id",
                                                                                                                        "Cache Mode": "logical",
                                                                                                                        "Cache Hits": 15459,
                                                                                                                        "Cache Misses": 3,
                                                                                                                        "Cache Evictions": 0,
                                                                                                                        "Cache Overflows": 0,
                                                                                                                        "Peak Memory Usage": 1,
                                                                                                                        "Workers": [
                                                                                                                            {
                                                                                                                                "Worker Number": 0,
                                                                                                                                "Cache Hits": 28187,
                                                                                                                                "Cache Misses": 1,
                                                                                                                                "Cache Evictions": 0,
                                                                                                                                "Cache Overflows": 0,
                                                                                                                                "Peak Memory Usage": 1
                                                                                                                            },
                                                                                                                            {
                                                                                                                                "Worker Number": 1,
                                                                                                                                "Cache Hits": 27890,
                                                                                                                                "Cache Misses": 2,
                                                                                                                                "Cache Evictions": 0,
                                                                                                                                "Cache Overflows": 0,
                                                                                                                                "Peak Memory Usage": 1
                                                                                                                            }
                                                                                                                        ],
                                                                                                                        "Plans": [
                                                                                                                            {
                                                                                                                                "Node Type": "Index Only Scan",
                                                                                                                                "Parent Relationship": "Outer",
                                                                                                                                "Parallel Aware": false,
                                                                                                                                "Async Capable": false,
                                                                                                                                "Scan Direction": "Forward",
                                                                                                                                "Index Name": "info_type_pkey",
                                                                                                                                "Relation Name": "info_type",
                                                                                                                                "Alias": "it1",
                                                                                                                                "Startup Cost": 0.14,
                                                                                                                                "Total Cost": 0.47,
                                                                                                                                "Plan Rows": 1,
                                                                                                                                "Plan Width": 4,
                                                                                                                                "Actual Startup Time": 0.007,
                                                                                                                                "Actual Total Time": 0.007,
                                                                                                                                "Actual Rows": 0,
                                                                                                                                "Actual Loops": 6,
                                                                                                                                "Index Cond": "((id = mi1.info_type_id) AND (id = ANY ('{1,17,98}'::integer[])))",
                                                                                                                                "Rows Removed by Index Recheck": 0,
                                                                                                                                "Heap Fetches": 3,
                                                                                                                                "Workers": []
                                                                                                                            }
                                                                                                                        ]
                                                                                                                    }
                                                                                                                ]
                                                                                                            },
                                                                                                            {
                                                                                                                "Node Type": "Index Scan",
                                                                                                                "Parent Relationship": "Inner",
                                                                                                                "Parallel Aware": false,
                                                                                                                "Async Capable": false,
                                                                                                                "Scan Direction": "Forward",
                                                                                                                "Index Name": "person_id_person_info",
                                                                                                                "Relation Name": "person_info",
                                                                                                                "Alias": "pi1",
                                                                                                                "Startup Cost": 0.43,
                                                                                                                "Total Cost": 14.24,
                                                                                                                "Plan Rows": 1,
                                                                                                                "Plan Width": 8,
                                                                                                                "Actual Startup Time": 0.003,
                                                                                                                "Actual Total Time": 0.003,
                                                                                                                "Actual Rows": 0,
                                                                                                                "Actual Loops": 71524,
                                                                                                                "Index Cond": "(person_id = ci.person_id)",
                                                                                                                "Rows Removed by Index Recheck": 0,
                                                                                                                "Filter": "(info_type_id = 31)",
                                                                                                                "Rows Removed by Filter": 24,
                                                                                                                "Workers": []
                                                                                                            }
                                                                                                        ]
                                                                                                    }
                                                                                                ]
                                                                                            },
                                                                                            {
                                                                                                "Node Type": "Index Scan",
                                                                                                "Parent Relationship": "Inner",
                                                                                                "Parallel Aware": false,
                                                                                                "Async Capable": false,
                                                                                                "Scan Direction": "Forward",
                                                                                                "Index Name": "kind_type_pkey",
                                                                                                "Relation Name": "kind_type",
                                                                                                "Alias": "kt",
                                                                                                "Startup Cost": 0.13,
                                                                                                "Total Cost": 0.15,
                                                                                                "Plan Rows": 1,
                                                                                                "Plan Width": 4,
                                                                                                "Actual Startup Time": 0.0,
                                                                                                "Actual Total Time": 0.0,
                                                                                                "Actual Rows": 1,
                                                                                                "Actual Loops": 13966,
                                                                                                "Index Cond": "(id = t.kind_id)",
                                                                                                "Rows Removed by Index Recheck": 0,
                                                                                                "Filter": "((kind)::text = ANY ('{episode,movie}'::text[]))",
                                                                                                "Rows Removed by Filter": 0
                                                                                            }
                                                                                        ]
                                                                                    },
                                                                                    {
                                                                                        "Node Type": "Seq Scan",
                                                                                        "Parent Relationship": "Inner",
                                                                                        "Parallel Aware": false,
                                                                                        "Async Capable": false,
                                                                                        "Relation Name": "info_type",
                                                                                        "Alias": "it3",
                                                                                        "Startup Cost": 0.0,
                                                                                        "Total Cost": 2.41,
                                                                                        "Plan Rows": 1,
                                                                                        "Plan Width": 4,
                                                                                        "Actual Startup Time": 0.002,
                                                                                        "Actual Total Time": 0.002,
                                                                                        "Actual Rows": 1,
                                                                                        "Actual Loops": 13554,
                                                                                        "Filter": "(id = 100)",
                                                                                        "Rows Removed by Filter": 112
                                                                                    }
                                                                                ]
                                                                            },
                                                                            {
                                                                                "Node Type": "Seq Scan",
                                                                                "Parent Relationship": "Inner",
                                                                                "Parallel Aware": false,
                                                                                "Async Capable": false,
                                                                                "Relation Name": "info_type",
                                                                                "Alias": "it4",
                                                                                "Startup Cost": 0.0,
                                                                                "Total Cost": 2.41,
                                                                                "Plan Rows": 1,
                                                                                "Plan Width": 4,
                                                                                "Actual Startup Time": 0.002,
                                                                                "Actual Total Time": 0.002,
                                                                                "Actual Rows": 1,
                                                                                "Actual Loops": 13554,
                                                                                "Filter": "(id = 101)",
                                                                                "Rows Removed by Filter": 112
                                                                            }
                                                                        ]
                                                                    },
                                                                    {
                                                                        "Node Type": "Index Scan",
                                                                        "Parent Relationship": "Inner",
                                                                        "Parallel Aware": false,
                                                                        "Async Capable": false,
                                                                        "Scan Direction": "Forward",
                                                                        "Index Name": "movie_id_movie_keyword",
                                                                        "Relation Name": "movie_keyword",
                                                                        "Alias": "mk",
                                                                        "Startup Cost": 0.43,
                                                                        "Total Cost": 2.49,
                                                                        "Plan Rows": 46,
                                                                        "Plan Width": 8,
                                                                        "Actual Startup Time": 0.0,
                                                                        "Actual Total Time": 0.001,
                                                                        "Actual Rows": 4,
                                                                        "Actual Loops": 13554,
                                                                        "Index Cond": "(movie_id = ci.movie_id)",
                                                                        "Rows Removed by Index Recheck": 0
                                                                    }
                                                                ]
                                                            },
                                                            {
                                                                "Node Type": "Index Only Scan",
                                                                "Parent Relationship": "Inner",
                                                                "Parallel Aware": false,
                                                                "Async Capable": false,
                                                                "Scan Direction": "Forward",
                                                                "Index Name": "keyword_pkey",
                                                                "Relation Name": "keyword",
                                                                "Alias": "k",
                                                                "Startup Cost": 0.42,
                                                                "Total Cost": 1.57,
                                                                "Plan Rows": 1,
                                                                "Plan Width": 4,
                                                                "Actual Startup Time": 0.001,
                                                                "Actual Total Time": 0.001,
                                                                "Actual Rows": 1,
                                                                "Actual Loops": 60504,
                                                                "Index Cond": "(id = mk.keyword_id)",
                                                                "Rows Removed by Index Recheck": 0,
                                                                "Heap Fetches": 60504
                                                            }
                                                        ]
                                                    },
                                                    {
                                                        "Node Type": "Index Only Scan",
                                                        "Parent Relationship": "Inner",
                                                        "Parallel Aware": false,
                                                        "Async Capable": false,
                                                        "Scan Direction": "Forward",
                                                        "Index Name": "person_id_aka_name",
                                                        "Relation Name": "aka_name",
                                                        "Alias": "an",
                                                        "Startup Cost": 0.42,
                                                        "Total Cost": 2.19,
                                                        "Plan Rows": 2,
                                                        "Plan Width": 4,
                                                        "Actual Startup Time": 0.0,
                                                        "Actual Total Time": 0.001,
                                                        "Actual Rows": 4,
                                                        "Actual Loops": 60504,
                                                        "Index Cond": "(person_id = ci.person_id)",
                                                        "Rows Removed by Index Recheck": 0,
                                                        "Heap Fetches": 268315
                                                    }
                                                ]
                                            },
                                            {
                                                "Node Type": "Index Scan",
                                                "Parent Relationship": "Inner",
                                                "Parallel Aware": false,
                                                "Async Capable": false,
                                                "Scan Direction": "Forward",
                                                "Index Name": "name_pkey",
                                                "Relation Name": "name",
                                                "Alias": "n",
                                                "Startup Cost": 0.43,
                                                "Total Cost": 1.76,
                                                "Plan Rows": 1,
                                                "Plan Width": 4,
                                                "Actual Startup Time": 0.001,
                                                "Actual Total Time": 0.001,
                                                "Actual Rows": 0,
                                                "Actual Loops": 268315,
                                                "Index Cond": "(id = ci.person_id)",
                                                "Rows Removed by Index Recheck": 0,
                                                "Filter": "((((gender)::text = 'm'::text) OR (gender IS NULL)) AND (((name_pcode_nf)::text = ANY ('{A5351,C6235,C6421,C6425,F6362,F6521,J5216,J525,P3623,R1632,R1636,V4356,V5253}'::text[])) OR (name_pcode_nf IS NULL)))",
                                                "Rows Removed by Filter": 1
                                            }
                                        ]
                                    },
                                    {
                                        "Node Type": "Seq Scan",
                                        "Parent Relationship": "Inner",
                                        "Parallel Aware": false,
                                        "Async Capable": false,
                                        "Relation Name": "info_type",
                                        "Alias": "it5",
                                        "Startup Cost": 0.0,
                                        "Total Cost": 2.41,
                                        "Plan Rows": 1,
                                        "Plan Width": 4,
                                        "Actual Startup Time": 0.001,
                                        "Actual Total Time": 0.002,
                                        "Actual Rows": 1,
                                        "Actual Loops": 2630,
                                        "Filter": "(id = 31)",
                                        "Rows Removed by Filter": 112
                                    }
                                ]
                            }
                        ]
                    },
                    "Planning Time": 264.253,
                    "Triggers": [],
                    "Execution Time": 1137.089
                }
            ],
            "hints": [
                "SET enable_hashjoin TO on",
                "SET enable_indexonlyscan TO on",
                "SET enable_indexscan TO on",
                "SET enable_mergejoin TO on",
                "SET enable_nestloop TO on",
                "SET enable_seqscan TO on"
            ]
        },
        {
            "arm": 1,
            "execution_time": 6457.532,
            "plan": [
                {
                    "Plan": {
                        "Node Type": "Aggregate",
                        "Strategy": "Plain",
                        "Partial Mode": "Simple",
                        "Parallel Aware": false,
                        "Async Capable": false,
                        "Startup Cost": 30001975241.76,
                        "Total Cost": 30001975241.77,
                        "Plan Rows": 1,
                        "Plan Width": 8,
                        "Actual Startup Time": 6456.631,
                        "Actual Total Time": 6456.645,
                        "Actual Rows": 1,
                        "Actual Loops": 1,
                        "Plans": [
                            {
                                "Node Type": "Hash Join",
                                "Parent Relationship": "Outer",
                                "Parallel Aware": false,
                                "Async Capable": false,
                                "Join Type": "Inner",
                                "Startup Cost": 30001972384.06,
                                "Total Cost": 30001975241.76,
                                "Plan Rows": 1,
                                "Plan Width": 0,
                                "Actual Startup Time": 6435.231,
                                "Actual Total Time": 6456.58,
                                "Actual Rows": 2630,
                                "Actual Loops": 1,
                                "Inner Unique": true,
                                "Hash Cond": "(ci.role_id = rt.id)",
                                "Plans": [
                                    {
                                        "Node Type": "Nested Loop",
                                        "Parent Relationship": "Outer",
                                        "Parallel Aware": false,
                                        "Async Capable": false,
                                        "Join Type": "Inner",
                                        "Startup Cost": 30001972382.86,
                                        "Total Cost": 30001975240.55,
                                        "Plan Rows": 1,
                                        "Plan Width": 4,
                                        "Actual Startup Time": 6435.211,
                                        "Actual Total Time": 6456.365,
                                        "Actual Rows": 2630,
                                        "Actual Loops": 1,
                                        "Inner Unique": false,
                                        "Plans": [
                                            {
                                                "Node Type": "Nested Loop",
                                                "Parent Relationship": "Outer",
                                                "Parallel Aware": false,
                                                "Async Capable": false,
                                                "Join Type": "Inner",
                                                "Startup Cost": 20001972382.86,
                                                "Total Cost": 20001975238.13,
                                                "Plan Rows": 1,
                                                "Plan Width": 8,
                                                "Actual Startup Time": 6435.208,
                                                "Actual Total Time": 6450.16,
                                                "Actual Rows": 2630,
                                                "Actual Loops": 1,
                                                "Inner Unique": false,
                                                "Plans": [
                                                    {
                                                        "Node Type": "Hash Join",
                                                        "Parent Relationship": "Outer",
                                                        "Parallel Aware": false,
                                                        "Async Capable": false,
                                                        "Join Type": "Inner",
                                                        "Startup Cost": 10001972382.86,
                                                        "Total Cost": 10001975235.71,
                                                        "Plan Rows": 1,
                                                        "Plan Width": 12,
                                                        "Actual Startup Time": 6435.199,
                                                        "Actual Total Time": 6443.931,
                                                        "Actual Rows": 2630,
                                                        "Actual Loops": 1,
                                                        "Inner Unique": false,
                                                        "Hash Cond": "(k.id = mk.keyword_id)",
                                                        "Plans": [
                                                            {
                                                                "Node Type": "Seq Scan",
                                                                "Parent Relationship": "Outer",
                                                                "Parallel Aware": false,
                                                                "Async Capable": false,
                                                                "Relation Name": "keyword",
                                                                "Alias": "k",
                                                                "Startup Cost": 0.0,
                                                                "Total Cost": 2349.7,
                                                                "Plan Rows": 134170,
                                                                "Plan Width": 4,
                                                                "Actual Startup Time": 0.003,
                                                                "Actual Total Time": 4.741,
                                                                "Actual Rows": 134170,
                                                                "Actual Loops": 1
                                                            },
                                                            {
                                                                "Node Type": "Hash",
                                                                "Parent Relationship": "Inner",
                                                                "Parallel Aware": false,
                                                                "Async Capable": false,
                                                                "Startup Cost": 10001972382.85,
                                                                "Total Cost": 10001972382.85,
                                                                "Plan Rows": 1,
                                                                "Plan Width": 16,
                                                                "Actual Startup Time": 6435.186,
                                                                "Actual Total Time": 6435.198,
                                                                "Actual Rows": 2630,
                                                                "Actual Loops": 1,
                                                                "Hash Buckets": 4096,
                                                                "Original Hash Buckets": 1024,
                                                                "Hash Batches": 1,
                                                                "Original Hash Batches": 1,
                                                                "Peak Memory Usage": 156,
                                                                "Plans": [
                                                                    {
                                                                        "Node Type": "Hash Join",
                                                                        "Parent Relationship": "Outer",
                                                                        "Parallel Aware": false,
                                                                        "Async Capable": false,
                                                                        "Join Type": "Inner",
                                                                        "Startup Cost": 10001625229.85,
                                                                        "Total Cost": 10001972382.85,
                                                                        "Plan Rows": 1,
                                                                        "Plan Width": 16,
                                                                        "Actual Startup Time": 5983.023,
                                                                        "Actual Total Time": 6435.03,
                                                                        "Actual Rows": 2630,
                                                                        "Actual Loops": 1,
                                                                        "Inner Unique": true,
                                                                        "Hash Cond": "(mi1.info_type_id = it1.id)",
                                                                        "Plans": [
                                                                            {
                                                                                "Node Type": "Hash Join",
                                                                                "Parent Relationship": "Outer",
                                                                                "Parallel Aware": false,
                                                                                "Async Capable": false,
                                                                                "Join Type": "Inner",
                                                                                "Startup Cost": 10001625227.26,
                                                                                "Total Cost": 10001972380.25,
                                                                                "Plan Rows": 1,
                                                                                "Plan Width": 20,
                                                                                "Actual Startup Time": 5983.014,
                                                                                "Actual Total Time": 6434.867,
                                                                                "Actual Rows": 2630,
                                                                                "Actual Loops": 1,
                                                                                "Inner Unique": true,
                                                                                "Hash Cond": "(t.kind_id = kt.id)",
                                                                                "Plans": [
                                                                                    {
                                                                                        "Node Type": "Hash Join",
                                                                                        "Parent Relationship": "Outer",
                                                                                        "Parallel Aware": false,
                                                                                        "Async Capable": false,
                                                                                        "Join Type": "Inner",
                                                                                        "Startup Cost": 10001625226.15,
                                                                                        "Total Cost": 10001972379.14,
                                                                                        "Plan Rows": 1,
                                                                                        "Plan Width": 24,
                                                                                        "Actual Startup Time": 5983.009,
                                                                                        "Actual Total Time": 6434.705,
                                                                                        "Actual Rows": 2812,
                                                                                        "Actual Loops": 1,
                                                                                        "Inner Unique": false,
                                                                                        "Hash Cond": "(mi1.movie_id = t.id)",
                                                                                        "Plans": [
                                                                                            {
                                                                                                "Node Type": "Seq Scan",
                                                                                                "Parent Relationship": "Outer",
                                                                                                "Parallel Aware": false,
                                                                                                "Async Capable": false,
                                                                                                "Relation Name": "movie_info",
                                                                                                "Alias": "mi1",
                                                                                                "Startup Cost": 0.0,
                                                                                                "Total Cost": 346825.21,
                                                                                                "Plan Rows": 87404,
                                                                                                "Plan Width": 8,
                                                                                                "Actual Startup Time": 188.066,
                                                                                                "Actual Total Time": 636.075,
                                                                                                "Actual Rows": 91890,
                                                                                                "Actual Loops": 1,
                                                                                                "Filter": "(info = ANY ('{30,60}'::text[]))",
                                                                                                "Rows Removed by Filter": 14743830
                                                                                            },
                                                                                            {
                                                                                                "Node Type": "Hash",
                                                                                                "Parent Relationship": "Inner",
                                                                                                "Parallel Aware": false,
                                                                                                "Async Capable": false,
                                                                                                "Startup Cost": 10001625226.14,
                                                                                                "Total Cost": 10001625226.14,
                                                                                                "Plan Rows": 1,
                                                                                                "Plan Width": 40,
                                                                                                "Actual Startup Time": 5794.016,
                                                                                                "Actual Total Time": 5794.025,
                                                                                                "Actual Rows": 162851,
                                                                                                "Actual Loops": 1,
                                                                                                "Hash Buckets": 262144,
                                                                                                "Original Hash Buckets": 1024,
                                                                                                "Hash Batches": 1,
                                                                                                "Original Hash Batches": 1,
                                                                                                "Peak Memory Usage": 13499,
                                                                                                "Plans": [
                                                                                                    {
                                                                                                        "Node Type": "Merge Join",
                                                                                                        "Parent Relationship": "Outer",
                                                                                                        "Parallel Aware": false,
                                                                                                        "Async Capable": false,
                                                                                                        "Join Type": "Inner",
                                                                                                        "Startup Cost": 10001196214.89,
                                                                                                        "Total Cost": 10001625226.14,
                                                                                                        "Plan Rows": 1,
                                                                                                        "Plan Width": 40,
                                                                                                        "Actual Startup Time": 3054.663,
                                                                                                        "Actual Total Time": 5777.758,
                                                                                                        "Actual Rows": 162851,
                                                                                                        "Actual Loops": 1,
                                                                                                        "Inner Unique": false,
                                                                                                        "Merge Cond": "(t.id = mii2.movie_id)",
                                                                                                        "Plans": [
                                                                                                            {
                                                                                                                "Node Type": "Merge Join",
                                                                                                                "Parent Relationship": "Outer",
                                                                                                                "Parallel Aware": false,
                                                                                                                "Async Capable": false,
                                                                                                                "Join Type": "Inner",
                                                                                                                "Startup Cost": 10001196214.46,
                                                                                                                "Total Cost": 10001546566.27,
                                                                                                                "Plan Rows": 1,
                                                                                                                "Plan Width": 32,
                                                                                                                "Actual Startup Time": 3041.571,
                                                                                                                "Actual Total Time": 4650.831,
                                                                                                                "Actual Rows": 338267,
                                                                                                                "Actual Loops": 1,
                                                                                                                "Inner Unique": false,
                                                                                                                "Merge Cond": "(t.id = mii1.movie_id)",
                                                                                                                "Plans": [
                                                                                                                    {
                                                                                                                        "Node Type": "Merge Join",
                                                                                                                        "Parent Relationship": "Outer",
                                                                                                                        "Parallel Aware": false,
                                                                                                                        "Async Capable": false,
                                                                                                                        "Join Type": "Inner",
                                                                                                                        "Startup Cost": 10001196214.03,
                                                                                                                        "Total Cost": 10001468243.15,
                                                                                                                        "Plan Rows": 803,
                                                                                                                        "Plan Width": 24,
                                                                                                                        "Actual Startup Time": 3039.025,
                                                                                                                        "Actual Total Time": 3951.43,
                                                                                                                        "Actual Rows": 400753,
                                                                                                                        "Actual Loops": 1,
                                                                                                                        "Inner Unique": false,
                                                                                                                        "Merge Cond": "(t.id = mk.movie_id)",
                                                                                                                        "Plans": [
                                                                                                                            {
                                                                                                                                "Node Type": "Merge Join",
                                                                                                                                "Parent Relationship": "Outer",
                                                                                                                                "Parallel Aware": false,
                                                                                                                                "Async Capable": false,
                                                                                                                                "Join Type": "Inner",
                                                                                                                                "Startup Cost": 10001196213.6,
                                                                                                                                "Total Cost": 10001326428.07,
                                                                                                                                "Plan Rows": 449,
                                                                                                                                "Plan Width": 16,
                                                                                                                                "Actual Startup Time": 3033.93,
                                                                                                                                "Actual Total Time": 3583.656,
                                                                                                                                "Actual Rows": 53577,
                                                                                                                                "Actual Loops": 1,
                                                                                                                                "Inner Unique": false,
                                                                                                                                "Merge Cond": "(t.id = ci.movie_id)",
                                                                                                                                "Plans": [
                                                                                                                                    {
                                                                                                                                        "Node Type": "Index Scan",
                                                                                                                                        "Parent Relationship": "Outer",
                                                                                                                                        "Parallel Aware": false,
                                                                                                                                        "Async Capable": false,
                                                                                                                                        "Scan Direction": "Forward",
                                                                                                                                        "Index Name": "title_pkey",
                                                                                                                                        "Relation Name": "title",
                                                                                                                                        "Alias": "t",
                                                                                                                                        "Startup Cost": 0.43,
                                                                                                                                        "Total Cost": 128991.25,
                                                                                                                                        "Plan Rows": 546309,
                                                                                                                                        "Plan Width": 8,
                                                                                                                                        "Actual Startup Time": 0.104,
                                                                                                                                        "Actual Total Time": 533.198,
                                                                                                                                        "Actual Rows": 541710,
                                                                                                                                        "Actual Loops": 1,
                                                                                                                                        "Filter": "((production_year <= 1990) AND (production_year >= 1950))",
                                                                                                                                        "Rows Removed by Filter": 1981980
                                                                                                                                    },
                                                                                                                                    {
                                                                                                                                        "Node Type": "Sort",
                                                                                                                                        "Parent Relationship": "Inner",
                                                                                                                                        "Parallel Aware": false,
                                                                                                                                        "Async Capable": false,
                                                                                                                                        "Startup Cost": 10001196197.42,
                                                                                                                                        "Total Cost": 10001196197.87,
                                                                                                                                        "Plan Rows": 180,
                                                                                                                                        "Plan Width": 8,
                                                                                                                                        "Actual Startup Time": 3029.571,
                                                                                                                                        "Actual Total Time": 3033.1,
                                                                                                                                        "Actual Rows": 117435,
                                                                                                                                        "Actual Loops": 1,
                                                                                                                                        "Sort Key": [
                                                                                                                                            "ci.movie_id"
                                                                                                                                        ],
                                                                                                                                        "Sort Method": "quicksort",
                                                                                                                                        "Sort Space Used": 6742,
                                                                                                                                        "Sort Space Type": "Memory",
                                                                                                                                        "Plans": [
                                                                                                                                            {
                                                                                                                                                "Node Type": "Hash Join",
                                                                                                                                                "Parent Relationship": "Outer",
                                                                                                                                                "Parallel Aware": false,
                                                                                                                                                "Async Capable": false,
                                                                                                                                                "Join Type": "Inner",
                                                                                                                                                "Startup Cost": 10000404981.95,
                                                                                                                                                "Total Cost": 10001196190.68,
                                                                                                                                                "Plan Rows": 180,
                                                                                                                                                "Plan Width": 8,
                                                                                                                                                "Actual Startup Time": 1184.95,
                                                                                                                                                "Actual Total Time": 3023.666,
                                                                                                                                                "Actual Rows": 117435,
                                                                                                                                                "Actual Loops": 1,
                                                                                                                                                "Inner Unique": false,
                                                                                                                                                "Hash Cond": "(ci.person_id = n.id)",
                                                                                                                                                "Plans": [
                                                                                                                                                    {
                                                                                                                                                        "Node Type": "Seq Scan",
                                                                                                                                                        "Parent Relationship": "Outer",
                                                                                                                                                        "Parallel Aware": false,
                                                                                                                                                        "Async Capable": false,
                                                                                                                                                        "Relation Name": "cast_info",
                                                                                                                                                        "Alias": "ci",
                                                                                                                                                        "Startup Cost": 0.0,
                                                                                                                                                        "Total Cost": 705774.3,
                                                                                                                                                        "Plan Rows": 22782035,
                                                                                                                                                        "Plan Width": 12,
                                                                                                                                                        "Actual Startup Time": 0.004,
                                                                                                                                                        "Actual Total Time": 1391.802,
                                                                                                                                                        "Actual Rows": 23376607,
                                                                                                                                                        "Actual Loops": 1,
                                                                                                                                                        "Filter": "((note = '(producer)'::text) OR (note IS NULL))",
                                                                                                                                                        "Rows Removed by Filter": 12867737
                                                                                                                                                    },
                                                                                                                                                    {
                                                                                                                                                        "Node Type": "Hash",
                                                                                                                                                        "Parent Relationship": "Inner",
                                                                                                                                                        "Parallel Aware": false,
                                                                                                                                                        "Async Capable": false,
                                                                                                                                                        "Startup Cost": 10000404981.54,
                                                                                                                                                        "Total Cost": 10000404981.54,
                                                                                                                                                        "Plan Rows": 33,
                                                                                                                                                        "Plan Width": 12,
                                                                                                                                                        "Actual Startup Time": 1036.147,
                                                                                                                                                        "Actual Total Time": 1036.151,
                                                                                                                                                        "Actual Rows": 985,
                                                                                                                                                        "Actual Loops": 1,
                                                                                                                                                        "Hash Buckets": 1024,
                                                                                                                                                        "Original Hash Buckets": 1024,
                                                                                                                                                        "Hash Batches": 1,
                                                                                                                                                        "Original Hash Batches": 1,
                                                                                                                                                        "Peak Memory Usage": 51,
                                                                                                                                                        "Plans": [
                                                                                                                                                            {
                                                                                                                                                                "Node Type": "Merge Join",
                                                                                                                                                                "Parent Relationship": "Outer",
                                                                                                                                                                "Parallel Aware": false,
                                                                                                                                                                "Async Capable": false,
                                                                                                                                                                "Join Type": "Inner",
                                                                                                                                                                "Startup Cost": 10000143429.89,
                                                                                                                                                                "Total Cost": 10000404981.54,
                                                                                                                                                                "Plan Rows": 33,
                                                                                                                                                                "Plan Width": 12,
                                                                                                                                                                "Actual Startup Time": 123.241,
                                                                                                                                                                "Actual Total Time": 1036.076,
                                                                                                                                                                "Actual Rows": 985,
                                                                                                                                                                "Actual Loops": 1,
                                                                                                                                                                "Inner Unique": true,
                                                                                                                                                                "Merge Cond": "(pi1.person_id = n.id)",
                                                                                                                                                                "Plans": [
                                                                                                                                                                    {
                                                                                                                                                                        "Node Type": "Nested Loop",
                                                                                                                                                                        "Parent Relationship": "Outer",
                                                                                                                                                                        "Parallel Aware": false,
                                                                                                                                                                        "Async Capable": false,
                                                                                                                                                                        "Join Type": "Inner",
                                                                                                                                                                        "Startup Cost": 10000143409.27,
                                                                                                                                                                        "Total Cost": 10000148298.9,
                                                                                                                                                                        "Plan Rows": 13851,
                                                                                                                                                                        "Plan Width": 8,
                                                                                                                                                                        "Actual Startup Time": 122.884,
                                                                                                                                                                        "Actual Total Time": 175.054,
                                                                                                                                                                        "Actual Rows": 17952,
                                                                                                                                                                        "Actual Loops": 1,
                                                                                                                                                                        "Inner Unique": false,
                                                                                                                                                                        "Plans": [
                                                                                                                                                                            {
                                                                                                                                                                                "Node Type": "Merge Join",
                                                                                                                                                                                "Parent Relationship": "Outer",
                                                                                                                                                                                "Parallel Aware": false,
                                                                                                                                                                                "Async Capable": false,
                                                                                                                                                                                "Join Type": "Inner",
                                                                                                                                                                                "Startup Cost": 143409.27,
                                                                                                                                                                                "Total Cost": 148123.35,
                                                                                                                                                                                "Plan Rows": 13851,
                                                                                                                                                                                "Plan Width": 12,
                                                                                                                                                                                "Actual Startup Time": 122.875,
                                                                                                                                                                                "Actual Total Time": 172.736,
                                                                                                                                                                                "Actual Rows": 17952,
                                                                                                                                                                                "Actual Loops": 1,
                                                                                                                                                                                "Inner Unique": false,
                                                                                                                                                                                "Merge Cond": "(an.person_id = pi1.person_id)",
                                                                                                                                                                                "Plans": [
                                                                                                                                                                                    {
                                                                                                                                                                                        "Node Type": "Sort",
                                                                                                                                                                                        "Parent Relationship": "Outer",
                                                                                                                                                                                        "Parallel Aware": false,
                                                                                                                                                                                        "Async Capable": false,
                                                                                                                                                                                        "Startup Cost": 121903.49,
                                                                                                                                                                                        "Total Cost": 124156.85,
                                                                                                                                                                                        "Plan Rows": 901343,
                                                                                                                                                                                        "Plan Width": 4,
                                                                                                                                                                                        "Actual Startup Time": 117.377,
                                                                                                                                                                                        "Actual Total Time": 146.592,
                                                                                                                                                                                        "Actual Rows": 901177,
                                                                                                                                                                                        "Actual Loops": 1,
                                                                                                                                                                                        "Sort Key": [
                                                                                                                                                                                            "an.person_id"
                                                                                                                                                                                        ],
                                                                                                                                                                                        "Sort Method": "external merge",
                                                                                                                                                                                        "Sort Space Used": 10600,
                                                                                                                                                                                        "Sort Space Type": "Disk",
                                                                                                                                                                                        "Plans": [
                                                                                                                                                                                            {
                                                                                                                                                                                                "Node Type": "Seq Scan",
                                                                                                                                                                                                "Parent Relationship": "Outer",
                                                                                                                                                                                                "Parallel Aware": false,
                                                                                                                                                                                                "Async Capable": false,
                                                                                                                                                                                                "Relation Name": "aka_name",
                                                                                                                                                                                                "Alias": "an",
                                                                                                                                                                                                "Startup Cost": 0.0,
                                                                                                                                                                                                "Total Cost": 20429.43,
                                                                                                                                                                                                "Plan Rows": 901343,
                                                                                                                                                                                                "Plan Width": 4,
                                                                                                                                                                                                "Actual Startup Time": 0.004,
                                                                                                                                                                                                "Actual Total Time": 46.488,
                                                                                                                                                                                                "Actual Rows": 901343,
                                                                                                                                                                                                "Actual Loops": 1
                                                                                                                                                                                            }
                                                                                                                                                                                        ]
                                                                                                                                                                                    },
                                                                                                                                                                                    {
                                                                                                                                                                                        "Node Type": "Sort",
                                                                                                                                                                                        "Parent Relationship": "Inner",
                                                                                                                                                                                        "Parallel Aware": false,
                                                                                                                                                                                        "Async Capable": false,
                                                                                                                                                                                        "Startup Cost": 21505.38,
                                                                                                                                                                                        "Total Cost": 21519.44,
                                                                                                                                                                                        "Plan Rows": 5626,
                                                                                                                                                                                        "Plan Width": 8,
                                                                                                                                                                                        "Actual Startup Time": 5.484,
                                                                                                                                                                                        "Actual Total Time": 6.014,
                                                                                                                                                                                        "Actual Rows": 18820,
                                                                                                                                                                                        "Actual Loops": 1,
                                                                                                                                                                                        "Sort Key": [
                                                                                                                                                                                            "pi1.person_id"
                                                                                                                                                                                        ],
                                                                                                                                                                                        "Sort Method": "quicksort",
                                                                                                                                                                                        "Sort Space Used": 374,
                                                                                                                                                                                        "Sort Space Type": "Memory",
                                                                                                                                                                                        "Plans": [
                                                                                                                                                                                            {
                                                                                                                                                                                                "Node Type": "Index Scan",
                                                                                                                                                                                                "Parent Relationship": "Outer",
                                                                                                                                                                                                "Parallel Aware": false,
                                                                                                                                                                                                "Async Capable": false,
                                                                                                                                                                                                "Scan Direction": "Forward",
                                                                                                                                                                                                "Index Name": "info_type_id_person_info",
                                                                                                                                                                                                "Relation Name": "person_info",
                                                                                                                                                                                                "Alias": "pi1",
                                                                                                                                                                                                "Startup Cost": 0.43,
                                                                                                                                                                                                "Total Cost": 21154.94,
                                                                                                                                                                                                "Plan Rows": 5626,
                                                                                                                                                                                                "Plan Width": 8,
                                                                                                                                                                                                "Actual Startup Time": 0.022,
                                                                                                                                                                                                "Actual Total Time": 5.112,
                                                                                                                                                                                                "Actual Rows": 5797,
                                                                                                                                                                                                "Actual Loops": 1,
                                                                                                                                                                                                "Index Cond": "(info_type_id = 31)",
                                                                                                                                                                                                "Rows Removed by Index Recheck": 0
                                                                                                                                                                                            }
                                                                                                                                                                                        ]
                                                                                                                                                                                    }
                                                                                                                                                                                ]
                                                                                                                                                                            },
                                                                                                                                                                            {
                                                                                                                                                                                "Node Type": "Materialize",
                                                                                                                                                                                "Parent Relationship": "Inner",
                                                                                                                                                                                "Parallel Aware": false,
                                                                                                                                                                                "Async Capable": false,
                                                                                                                                                                                "Startup Cost": 0.0,
                                                                                                                                                                                "Total Cost": 2.42,
                                                                                                                                                                                "Plan Rows": 1,
                                                                                                                                                                                "Plan Width": 4,
                                                                                                                                                                                "Actual Startup Time": 0.0,
                                                                                                                                                                                "Actual Total Time": 0.0,
                                                                                                                                                                                "Actual Rows": 1,
                                                                                                                                                                                "Actual Loops": 17952,
                                                                                                                                                                                "Plans": [
                                                                                                                                                                                    {
                                                                                                                                                                                        "Node Type": "Seq Scan",
                                                                                                                                                                                        "Parent Relationship": "Outer",
                                                                                                                                                                                        "Parallel Aware": false,
                                                                                                                                                                                        "Async Capable": false,
                                                                                                                                                                                        "Relation Name": "info_type",
                                                                                                                                                                                        "Alias": "it5",
                                                                                                                                                                                        "Startup Cost": 0.0,
                                                                                                                                                                                        "Total Cost": 2.41,
                                                                                                                                                                                        "Plan Rows": 1,
                                                                                                                                                                                        "Plan Width": 4,
                                                                                                                                                                                        "Actual Startup Time": 0.005,
                                                                                                                                                                                        "Actual Total Time": 0.007,
                                                                                                                                                                                        "Actual Rows": 1,
                                                                                                                                                                                        "Actual Loops": 1,
                                                                                                                                                                                        "Filter": "(id = 31)",
                                                                                                                                                                                        "Rows Removed by Filter": 112
                                                                                                                                                                                    }
                                                                                                                                                                                ]
                                                                                                                                                                            }
                                                                                                                                                                        ]
                                                                                                                                                                    },
                                                                                                                                                                    {
                                                                                                                                                                        "Node Type": "Index Scan",
                                                                                                                                                                        "Parent Relationship": "Inner",
                                                                                                                                                                        "Parallel Aware": false,
                                                                                                                                                                        "Async Capable": false,
                                                                                                                                                                        "Scan Direction": "Forward",
                                                                                                                                                                        "Index Name": "name_pkey",
                                                                                                                                                                        "Relation Name": "name",
                                                                                                                                                                        "Alias": "n",
                                                                                                                                                                        "Startup Cost": 0.43,
                                                                                                                                                                        "Total Cost": 256358.56,
                                                                                                                                                                        "Plan Rows": 114403,
                                                                                                                                                                        "Plan Width": 4,
                                                                                                                                                                        "Actual Startup Time": 0.011,
                                                                                                                                                                        "Actual Total Time": 857.242,
                                                                                                                                                                        "Actual Rows": 145550,
                                                                                                                                                                        "Actual Loops": 1,
                                                                                                                                                                        "Filter": "((((gender)::text = 'm'::text) OR (gender IS NULL)) AND (((name_pcode_nf)::text = ANY ('{A5351,C6235,C6421,C6425,F6362,F6521,J5216,J525,P3623,R1632,R1636,V4356,V5253}'::text[])) OR (name_pcode_nf IS NULL)))",
                                                                                                                                                                        "Rows Removed by Filter": 4018184
                                                                                                                                                                    }
                                                                                                                                                                ]
                                                                                                                                                            }
                                                                                                                                                        ]
                                                                                                                                                    }
                                                                                                                                                ]
                                                                                                                                            }
                                                                                                                                        ]
                                                                                                                                    }
                                                                                                                                ]
                                                                                                                            },
                                                                                                                            {
                                                                                                                                "Node Type": "Index Scan",
                                                                                                                                "Parent Relationship": "Inner",
                                                                                                                                "Parallel Aware": false,
                                                                                                                                "Async Capable": false,
                                                                                                                                "Scan Direction": "Forward",
                                                                                                                                "Index Name": "movie_id_movie_keyword",
                                                                                                                                "Relation Name": "movie_keyword",
                                                                                                                                "Alias": "mk",
                                                                                                                                "Startup Cost": 0.43,
                                                                                                                                "Total Cost": 130496.09,
                                                                                                                                "Plan Rows": 4523930,
                                                                                                                                "Plan Width": 8,
                                                                                                                                "Actual Startup Time": 0.009,
                                                                                                                                "Actual Total Time": 236.107,
                                                                                                                                "Actual Rows": 4886132,
                                                                                                                                "Actual Loops": 1
                                                                                                                            }
                                                                                                                        ]
                                                                                                                    },
                                                                                                                    {
                                                                                                                        "Node Type": "Index Scan",
                                                                                                                        "Parent Relationship": "Inner",
                                                                                                                        "Parallel Aware": false,
                                                                                                                        "Async Capable": false,
                                                                                                                        "Scan Direction": "Forward",
                                                                                                                        "Index Name": "movie_id_movie_info_idx",
                                                                                                                        "Relation Name": "movie_info_idx",
                                                                                                                        "Alias": "mii1",
                                                                                                                        "Startup Cost": 0.43,
                                                                                                                        "Total Cost": 78657.09,
                                                                                                                        "Plan Rows": 1117,
                                                                                                                        "Plan Width": 8,
                                                                                                                        "Actual Startup Time": 0.014,
                                                                                                                        "Actual Total Time": 658.787,
                                                                                                                        "Actual Rows": 789169,
                                                                                                                        "Actual Loops": 1,
                                                                                                                        "Filter": "((info ~ '^(?:[1-9]\\d*|0)?(?:\\.\\d+)?$'::text) AND (info ~ '^(?:[1-9]\\d*|0)?(?:\\.\\d+)?$'::text) AND (info_type_id = 100) AND ('0'::double precision <= (info)::double precision) AND ((info)::double precision <= '10000'::double precision))",
                                                                                                                        "Rows Removed by Filter": 1611645
                                                                                                                    }
                                                                                                                ]
                                                                                                            },
                                                                                                            {
                                                                                                                "Node Type": "Index Scan",
                                                                                                                "Parent Relationship": "Inner",
                                                                                                                "Parallel Aware": false,
                                                                                                                "Async Capable": false,
                                                                                                                "Scan Direction": "Forward",
                                                                                                                "Index Name": "movie_id_movie_info_idx",
                                                                                                                "Relation Name": "movie_info_idx",
                                                                                                                "Alias": "mii2",
                                                                                                                "Startup Cost": 0.43,
                                                                                                                "Total Cost": 78657.09,
                                                                                                                "Plan Rows": 1107,
                                                                                                                "Plan Width": 8,
                                                                                                                "Actual Startup Time": 0.017,
                                                                                                                "Actual Total Time": 1106.173,
                                                                                                                "Actual Rows": 297871,
                                                                                                                "Actual Loops": 1,
                                                                                                                "Filter": "((info ~ '^(?:[1-9]\\d*|0)?(?:\\.\\d+)?$'::text) AND (info ~ '^(?:[1-9]\\d*|0)?(?:\\.\\d+)?$'::text) AND (info_type_id = 101) AND ((info)::double precision <= '11'::double precision) AND ('7'::double precision <= (info)::double precision))",
                                                                                                                "Rows Removed by Filter": 3835882
                                                                                                            }
                                                                                                        ]
                                                                                                    }
                                                                                                ]
                                                                                            }
                                                                                        ]
                                                                                    },
                                                                                    {
                                                                                        "Node Type": "Hash",
                                                                                        "Parent Relationship": "Inner",
                                                                                        "Parallel Aware": false,
                                                                                        "Async Capable": false,
                                                                                        "Startup Cost": 1.09,
                                                                                        "Total Cost": 1.09,
                                                                                        "Plan Rows": 2,
                                                                                        "Plan Width": 4,
                                                                                        "Actual Startup Time": 0.003,
                                                                                        "Actual Total Time": 0.004,
                                                                                        "Actual Rows": 2,
                                                                                        "Actual Loops": 1,
                                                                                        "Hash Buckets": 1024,
                                                                                        "Original Hash Buckets": 1024,
                                                                                        "Hash Batches": 1,
                                                                                        "Original Hash Batches": 1,
                                                                                        "Peak Memory Usage": 9,
                                                                                        "Plans": [
                                                                                            {
                                                                                                "Node Type": "Seq Scan",
                                                                                                "Parent Relationship": "Outer",
                                                                                                "Parallel Aware": false,
                                                                                                "Async Capable": false,
                                                                                                "Relation Name": "kind_type",
                                                                                                "Alias": "kt",
                                                                                                "Startup Cost": 0.0,
                                                                                                "Total Cost": 1.09,
                                                                                                "Plan Rows": 2,
                                                                                                "Plan Width": 4,
                                                                                                "Actual Startup Time": 0.002,
                                                                                                "Actual Total Time": 0.003,
                                                                                                "Actual Rows": 2,
                                                                                                "Actual Loops": 1,
                                                                                                "Filter": "((kind)::text = ANY ('{episode,movie}'::text[]))",
                                                                                                "Rows Removed by Filter": 5
                                                                                            }
                                                                                        ]
                                                                                    }
                                                                                ]
                                                                            },
                                                                            {
                                                                                "Node Type": "Hash",
                                                                                "Parent Relationship": "Inner",
                                                                                "Parallel Aware": false,
                                                                                "Async Capable": false,
                                                                                "Startup Cost": 2.55,
                                                                                "Total Cost": 2.55,
                                                                                "Plan Rows": 3,
                                                                                "Plan Width": 4,
                                                                                "Actual Startup Time": 0.007,
                                                                                "Actual Total Time": 0.007,
                                                                                "Actual Rows": 3,
                                                                                "Actual Loops": 1,
                                                                                "Hash Buckets": 1024,
                                                                                "Original Hash Buckets": 1024,
                                                                                "Hash Batches": 1,
                                                                                "Original Hash Batches": 1,
                                                                                "Peak Memory Usage": 9,
                                                                                "Plans": [
                                                                                    {
                                                                                        "Node Type": "Seq Scan",
                                                                                        "Parent Relationship": "Outer",
                                                                                        "Parallel Aware": false,
                                                                                        "Async Capable": false,
                                                                                        "Relation Name": "info_type",
                                                                                        "Alias": "it1",
                                                                                        "Startup Cost": 0.0,
                                                                                        "Total Cost": 2.55,
                                                                                        "Plan Rows": 3,
                                                                                        "Plan Width": 4,
                                                                                        "Actual Startup Time": 0.004,
                                                                                        "Actual Total Time": 0.006,
                                                                                        "Actual Rows": 3,
                                                                                        "Actual Loops": 1,
                                                                                        "Filter": "(id = ANY ('{1,17,98}'::integer[]))",
                                                                                        "Rows Removed by Filter": 110
                                                                                    }
                                                                                ]
                                                                            }
                                                                        ]
                                                                    }
                                                                ]
                                                            }
                                                        ]
                                                    },
                                                    {
                                                        "Node Type": "Seq Scan",
                                                        "Parent Relationship": "Inner",
                                                        "Parallel Aware": false,
                                                        "Async Capable": false,
                                                        "Relation Name": "info_type",
                                                        "Alias": "it3",
                                                        "Startup Cost": 0.0,
                                                        "Total Cost": 2.41,
                                                        "Plan Rows": 1,
                                                        "Plan Width": 4,
                                                        "Actual Startup Time": 0.002,
                                                        "Actual Total Time": 0.002,
                                                        "Actual Rows": 1,
                                                        "Actual Loops": 2630,
                                                        "Filter": "(id = 100)",
                                                        "Rows Removed by Filter": 112
                                                    }
                                                ]
                                            },
                                            {
                                                "Node Type": "Seq Scan",
                                                "Parent Relationship": "Inner",
                                                "Parallel Aware": false,
                                                "Async Capable": false,
                                                "Relation Name": "info_type",
                                                "Alias": "it4",
                                                "Startup Cost": 0.0,
                                                "Total Cost": 2.41,
                                                "Plan Rows": 1,
                                                "Plan Width": 4,
                                                "Actual Startup Time": 0.002,
                                                "Actual Total Time": 0.002,
                                                "Actual Rows": 1,
                                                "Actual Loops": 2630,
                                                "Filter": "(id = 101)",
                                                "Rows Removed by Filter": 112
                                            }
                                        ]
                                    },
                                    {
                                        "Node Type": "Hash",
                                        "Parent Relationship": "Inner",
                                        "Parallel Aware": false,
                                        "Async Capable": false,
                                        "Startup Cost": 1.17,
                                        "Total Cost": 1.17,
                                        "Plan Rows": 3,
                                        "Plan Width": 4,
                                        "Actual Startup Time": 0.015,
                                        "Actual Total Time": 0.016,
                                        "Actual Rows": 3,
                                        "Actual Loops": 1,
                                        "Hash Buckets": 1024,
                                        "Original Hash Buckets": 1024,
                                        "Hash Batches": 1,
                                        "Original Hash Batches": 1,
                                        "Peak Memory Usage": 9,
                                        "Plans": [
                                            {
                                                "Node Type": "Seq Scan",
                                                "Parent Relationship": "Outer",
                                                "Parallel Aware": false,
                                                "Async Capable": false,
                                                "Relation Name": "role_type",
                                                "Alias": "rt",
                                                "Startup Cost": 0.0,
                                                "Total Cost": 1.17,
                                                "Plan Rows": 3,
                                                "Plan Width": 4,
                                                "Actual Startup Time": 0.012,
                                                "Actual Total Time": 0.013,
                                                "Actual Rows": 3,
                                                "Actual Loops": 1,
                                                "Filter": "((role)::text = ANY ('{actor,composer,producer}'::text[]))",
                                                "Rows Removed by Filter": 9
                                            }
                                        ]
                                    }
                                ]
                            }
                        ]
                    },
                    "Planning Time": 371.978,
                    "Triggers": [],
                    "Execution Time": 6457.532
                }
            ],
            "hints": [
                "SET enable_hashjoin TO on",
                "SET enable_indexonlyscan TO on",
                "SET enable_indexscan TO on",
                "SET enable_mergejoin TO on",
                "SET enable_nestloop TO off",
                "SET enable_seqscan TO on"
            ]
        },
        {
            "arm": 2,
            "execution_time": 4290.587,
            "plan": [
                {
                    "Plan": {
                        "Node Type": "Aggregate",
                        "Strategy": "Plain",
                        "Partial Mode": "Finalize",
                        "Parallel Aware": false,
                        "Async Capable": false,
                        "Startup Cost": 847946.76,
                        "Total Cost": 847946.77,
                        "Plan Rows": 1,
                        "Plan Width": 8,
                        "Actual Startup Time": 4269.485,
                        "Actual Total Time": 4290.506,
                        "Actual Rows": 1,
                        "Actual Loops": 1,
                        "Plans": [
                            {
                                "Node Type": "Gather",
                                "Parent Relationship": "Outer",
                                "Parallel Aware": false,
                                "Async Capable": false,
                                "Startup Cost": 847946.34,
                                "Total Cost": 847946.75,
                                "Plan Rows": 4,
                                "Plan Width": 8,
                                "Actual Startup Time": 4268.832,
                                "Actual Total Time": 4290.5,
                                "Actual Rows": 5,
                                "Actual Loops": 1,
                                "Workers Planned": 4,
                                "Workers Launched": 4,
                                "Single Copy": false,
                                "Plans": [
                                    {
                                        "Node Type": "Aggregate",
                                        "Strategy": "Plain",
                                        "Partial Mode": "Partial",
                                        "Parent Relationship": "Outer",
                                        "Parallel Aware": false,
                                        "Async Capable": false,
                                        "Startup Cost": 846946.34,
                                        "Total Cost": 846946.35,
                                        "Plan Rows": 1,
                                        "Plan Width": 8,
                                        "Actual Startup Time": 4266.5,
                                        "Actual Total Time": 4266.52,
                                        "Actual Rows": 1,
                                        "Actual Loops": 5,
                                        "Workers": [],
                                        "Plans": [
                                            {
                                                "Node Type": "Nested Loop",
                                                "Parent Relationship": "Outer",
                                                "Parallel Aware": false,
                                                "Async Capable": false,
                                                "Join Type": "Inner",
                                                "Startup Cost": 786604.14,
                                                "Total Cost": 846946.34,
                                                "Plan Rows": 1,
                                                "Plan Width": 0,
                                                "Actual Startup Time": 4254.51,
                                                "Actual Total Time": 4266.501,
                                                "Actual Rows": 526,
                                                "Actual Loops": 5,
                                                "Inner Unique": true,
                                                "Join Filter": "(ci.role_id = rt.id)",
                                                "Rows Removed by Join Filter": 0,
                                                "Workers": [],
                                                "Plans": [
                                                    {
                                                        "Node Type": "Nested Loop",
                                                        "Parent Relationship": "Outer",
                                                        "Parallel Aware": false,
                                                        "Async Capable": false,
                                                        "Join Type": "Inner",
                                                        "Startup Cost": 786604.14,
                                                        "Total Cost": 846945.14,
                                                        "Plan Rows": 1,
                                                        "Plan Width": 4,
                                                        "Actual Startup Time": 4254.49,
                                                        "Actual Total Time": 4266.317,
                                                        "Actual Rows": 526,
                                                        "Actual Loops": 5,
                                                        "Inner Unique": false,
                                                        "Workers": [],
                                                        "Plans": [
                                                            {
                                                                "Node Type": "Hash Join",
                                                                "Parent Relationship": "Outer",
                                                                "Parallel Aware": true,
                                                                "Async Capable": false,
                                                                "Join Type": "Inner",
                                                                "Startup Cost": 786604.14,
                                                                "Total Cost": 846942.71,
                                                                "Plan Rows": 1,
                                                                "Plan Width": 8,
                                                                "Actual Startup Time": 4254.483,
                                                                "Actual Total Time": 4265.088,
                                                                "Actual Rows": 526,
                                                                "Actual Loops": 5,
                                                                "Inner Unique": false,
                                                                "Hash Cond": "(pi1.person_id = n.id)",
                                                                "Workers": [],
                                                                "Plans": [
                                                                    {
                                                                        "Node Type": "Seq Scan",
                                                                        "Parent Relationship": "Outer",
                                                                        "Parallel Aware": true,
                                                                        "Async Capable": false,
                                                                        "Relation Name": "person_info",
                                                                        "Alias": "pi1",
                                                                        "Startup Cost": 0.0,
                                                                        "Total Cost": 60333.3,
                                                                        "Plan Rows": 1406,
                                                                        "Plan Width": 8,
                                                                        "Actual Startup Time": 0.081,
                                                                        "Actual Total Time": 38.377,
                                                                        "Actual Rows": 1159,
                                                                        "Actual Loops": 5,
                                                                        "Filter": "(info_type_id = 31)",
                                                                        "Rows Removed by Filter": 591573,
                                                                        "Workers": []
                                                                    },
                                                                    {
                                                                        "Node Type": "Hash",
                                                                        "Parent Relationship": "Inner",
                                                                        "Parallel Aware": true,
                                                                        "Async Capable": false,
                                                                        "Startup Cost": 786604.12,
                                                                        "Total Cost": 786604.12,
                                                                        "Plan Rows": 1,
                                                                        "Plan Width": 16,
                                                                        "Actual Startup Time": 4226.407,
                                                                        "Actual Total Time": 4226.425,
                                                                        "Actual Rows": 3310,
                                                                        "Actual Loops": 5,
                                                                        "Hash Buckets": 16384,
                                                                        "Original Hash Buckets": 1024,
                                                                        "Hash Batches": 1,
                                                                        "Original Hash Batches": 1,
                                                                        "Peak Memory Usage": 1112,
                                                                        "Workers": [],
                                                                        "Plans": [
                                                                            {
                                                                                "Node Type": "Hash Join",
                                                                                "Parent Relationship": "Outer",
                                                                                "Parallel Aware": true,
                                                                                "Async Capable": false,
                                                                                "Join Type": "Inner",
                                                                                "Startup Cost": 771190.22,
                                                                                "Total Cost": 786604.12,
                                                                                "Plan Rows": 1,
                                                                                "Plan Width": 16,
                                                                                "Actual Startup Time": 4190.775,
                                                                                "Actual Total Time": 4208.038,
                                                                                "Actual Rows": 3310,
                                                                                "Actual Loops": 5,
                                                                                "Inner Unique": false,
                                                                                "Hash Cond": "(an.person_id = n.id)",
                                                                                "Workers": [],
                                                                                "Plans": [
                                                                                    {
                                                                                        "Node Type": "Seq Scan",
                                                                                        "Parent Relationship": "Outer",
                                                                                        "Parallel Aware": true,
                                                                                        "Async Capable": false,
                                                                                        "Relation Name": "aka_name",
                                                                                        "Alias": "an",
                                                                                        "Startup Cost": 0.0,
                                                                                        "Total Cost": 14323.56,
                                                                                        "Plan Rows": 290756,
                                                                                        "Plan Width": 4,
                                                                                        "Actual Startup Time": 0.016,
                                                                                        "Actual Total Time": 11.232,
                                                                                        "Actual Rows": 180269,
                                                                                        "Actual Loops": 5,
                                                                                        "Workers": []
                                                                                    },
                                                                                    {
                                                                                        "Node Type": "Hash",
                                                                                        "Parent Relationship": "Inner",
                                                                                        "Parallel Aware": true,
                                                                                        "Async Capable": false,
                                                                                        "Startup Cost": 771190.21,
                                                                                        "Total Cost": 771190.21,
                                                                                        "Plan Rows": 1,
                                                                                        "Plan Width": 12,
                                                                                        "Actual Startup Time": 4189.883,
                                                                                        "Actual Total Time": 4189.899,
                                                                                        "Actual Rows": 2190,
                                                                                        "Actual Loops": 5,
                                                                                        "Hash Buckets": 16384,
                                                                                        "Original Hash Buckets": 1024,
                                                                                        "Hash Batches": 1,
                                                                                        "Original Hash Batches": 1,
                                                                                        "Peak Memory Usage": 856,
                                                                                        "Workers": [],
                                                                                        "Plans": [
                                                                                            {
                                                                                                "Node Type": "Nested Loop",
                                                                                                "Parent Relationship": "Outer",
                                                                                                "Parallel Aware": false,
                                                                                                "Async Capable": false,
                                                                                                "Join Type": "Inner",
                                                                                                "Startup Cost": 722617.55,
                                                                                                "Total Cost": 771190.21,
                                                                                                "Plan Rows": 1,
                                                                                                "Plan Width": 12,
                                                                                                "Actual Startup Time": 1306.37,
                                                                                                "Actual Total Time": 2990.616,
                                                                                                "Actual Rows": 2190,
                                                                                                "Actual Loops": 5,
                                                                                                "Inner Unique": true,
                                                                                                "Join Filter": "(mk.keyword_id = k.id)",
                                                                                                "Rows Removed by Join Filter": 31175704,
                                                                                                "Workers": [],
                                                                                                "Plans": [
                                                                                                    {
                                                                                                        "Node Type": "Hash Join",
                                                                                                        "Parent Relationship": "Outer",
                                                                                                        "Parallel Aware": true,
                                                                                                        "Async Capable": false,
                                                                                                        "Join Type": "Inner",
                                                                                                        "Startup Cost": 722617.55,
                                                                                                        "Total Cost": 767163.38,
                                                                                                        "Plan Rows": 1,
                                                                                                        "Plan Width": 16,
                                                                                                        "Actual Startup Time": 1305.933,
                                                                                                        "Actual Total Time": 1363.901,
                                                                                                        "Actual Rows": 2190,
                                                                                                        "Actual Loops": 5,
                                                                                                        "Inner Unique": false,
                                                                                                        "Hash Cond": "(mk.movie_id = t.id)",
                                                                                                        "Workers": [],
                                                                                                        "Plans": [
                                                                                                            {
                                                                                                                "Node Type": "Seq Scan",
                                                                                                                "Parent Relationship": "Outer",
                                                                                                                "Parallel Aware": true,
                                                                                                                "Async Capable": false,
                                                                                                                "Relation Name": "movie_keyword",
                                                                                                                "Alias": "mk",
                                                                                                                "Startup Cost": 0.0,
                                                                                                                "Total Cost": 39073.32,
                                                                                                                "Plan Rows": 1459332,
                                                                                                                "Plan Width": 8,
                                                                                                                "Actual Startup Time": 0.014,
                                                                                                                "Actual Total Time": 30.491,
                                                                                                                "Actual Rows": 904786,
                                                                                                                "Actual Loops": 5,
                                                                                                                "Workers": []
                                                                                                            },
                                                                                                            {
                                                                                                                "Node Type": "Hash",
                                                                                                                "Parent Relationship": "Inner",
                                                                                                                "Parallel Aware": true,
                                                                                                                "Async Capable": false,
                                                                                                                "Startup Cost": 722617.54,
                                                                                                                "Total Cost": 722617.54,
                                                                                                                "Plan Rows": 1,
                                                                                                                "Plan Width": 32,
                                                                                                                "Actual Startup Time": 1305.526,
                                                                                                                "Actual Total Time": 1305.54,
                                                                                                                "Actual Rows": 735,
                                                                                                                "Actual Loops": 5,
                                                                                                                "Hash Buckets": 4096,
                                                                                                                "Original Hash Buckets": 1024,
                                                                                                                "Hash Batches": 1,
                                                                                                                "Original Hash Batches": 1,
                                                                                                                "Peak Memory Usage": 408,
                                                                                                                "Workers": [],
                                                                                                                "Plans": [
                                                                                                                    {
                                                                                                                        "Node Type": "Nested Loop",
                                                                                                                        "Parent Relationship": "Outer",
                                                                                                                        "Parallel Aware": false,
                                                                                                                        "Async Capable": false,
                                                                                                                        "Join Type": "Inner",
                                                                                                                        "Startup Cost": 695954.97,
                                                                                                                        "Total Cost": 722617.54,
                                                                                                                        "Plan Rows": 1,
                                                                                                                        "Plan Width": 32,
                                                                                                                        "Actual Startup Time": 1098.679,
                                                                                                                        "Actual Total Time": 1176.281,
                                                                                                                        "Actual Rows": 735,
                                                                                                                        "Actual Loops": 5,
                                                                                                                        "Inner Unique": false,
                                                                                                                        "Workers": [],
                                                                                                                        "Plans": [
                                                                                                                            {
                                                                                                                                "Node Type": "Nested Loop",
                                                                                                                                "Parent Relationship": "Outer",
                                                                                                                                "Parallel Aware": false,
                                                                                                                                "Async Capable": false,
                                                                                                                                "Join Type": "Inner",
                                                                                                                                "Startup Cost": 695954.97,
                                                                                                                                "Total Cost": 722615.12,
                                                                                                                                "Plan Rows": 1,
                                                                                                                                "Plan Width": 36,
                                                                                                                                "Actual Startup Time": 1098.675,
                                                                                                                                "Actual Total Time": 1174.457,
                                                                                                                                "Actual Rows": 735,
                                                                                                                                "Actual Loops": 5,
                                                                                                                                "Inner Unique": false,
                                                                                                                                "Workers": [],
                                                                                                                                "Plans": [
                                                                                                                                    {
                                                                                                                                        "Node Type": "Hash Join",
                                                                                                                                        "Parent Relationship": "Outer",
                                                                                                                                        "Parallel Aware": true,
                                                                                                                                        "Async Capable": false,
                                                                                                                                        "Join Type": "Inner",
                                                                                                                                        "Startup Cost": 695954.97,
                                                                                                                                        "Total Cost": 722612.7,
                                                                                                                                        "Plan Rows": 1,
                                                                                                                                        "Plan Width": 40,
                                                                                                                                        "Actual Startup Time": 1098.666,
                                                                                                                                        "Actual Total Time": 1172.602,
                                                                                                                                        "Actual Rows": 735,
                                                                                                                                        "Actual Loops": 5,
                                                                                                                                        "Inner Unique": false,
                                                                                                                                        "Hash Cond": "(mii1.movie_id = t.id)",
                                                                                                                                        "Workers": [],
                                                                                                                                        "Plans": [
                                                                                                                                            {
                                                                                                                                                "Node Type": "Seq Scan",
                                                                                                                                                "Parent Relationship": "Outer",
                                                                                                                                                "Parallel Aware": true,
                                                                                                                                                "Async Capable": false,
                                                                                                                                                "Relation Name": "movie_info_idx",
                                                                                                                                                "Alias": "mii1",
                                                                                                                                                "Startup Cost": 0.0,
                                                                                                                                                "Total Cost": 26655.97,
                                                                                                                                                "Plan Rows": 465,
                                                                                                                                                "Plan Width": 8,
                                                                                                                                                "Actual Startup Time": 0.019,
                                                                                                                                                "Actual Total Time": 70.919,
                                                                                                                                                "Actual Rows": 90976,
                                                                                                                                                "Actual Loops": 5,
                                                                                                                                                "Filter": "((info ~ '^(?:[1-9]\\d*|0)?(?:\\.\\d+)?$'::text) AND (info ~ '^(?:[1-9]\\d*|0)?(?:\\.\\d+)?$'::text) AND (info_type_id = 100) AND ('0'::double precision <= (info)::double precision) AND ((info)::double precision <= '10000'::double precision))",
                                                                                                                                                "Rows Removed by Filter": 185031,
                                                                                                                                                "Workers": []
                                                                                                                                            },
                                                                                                                                            {
                                                                                                                                                "Node Type": "Hash",
                                                                                                                                                "Parent Relationship": "Inner",
                                                                                                                                                "Parallel Aware": true,
                                                                                                                                                "Async Capable": false,
                                                                                                                                                "Startup Cost": 695954.96,
                                                                                                                                                "Total Cost": 695954.96,
                                                                                                                                                "Plan Rows": 1,
                                                                                                                                                "Plan Width": 32,
                                                                                                                                                "Actual Startup Time": 1097.973,
                                                                                                                                                "Actual Total Time": 1097.984,
                                                                                                                                                "Actual Rows": 735,
                                                                                                                                                "Actual Loops": 5,
                                                                                                                                                "Hash Buckets": 4096,
                                                                                                                                                "Original Hash Buckets": 1024,
                                                                                                                                                "Hash Batches": 1,
                                                                                                                                                "Original Hash Batches": 1,
                                                                                                                                                "Peak Memory Usage": 440,
                                                                                                                                                "Workers": [],
                                                                                                                                                "Plans": [
                                                                                                                                                    {
                                                                                                                                                        "Node Type": "Nested Loop",
                                                                                                                                                        "Parent Relationship": "Outer",
                                                                                                                                                        "Parallel Aware": false,
                                                                                                                                                        "Async Capable": false,
                                                                                                                                                        "Join Type": "Inner",
                                                                                                                                                        "Startup Cost": 649951.6,
                                                                                                                                                        "Total Cost": 695954.96,
                                                                                                                                                        "Plan Rows": 1,
                                                                                                                                                        "Plan Width": 32,
                                                                                                                                                        "Actual Startup Time": 1012.444,
                                                                                                                                                        "Actual Total Time": 1043.879,
                                                                                                                                                        "Actual Rows": 735,
                                                                                                                                                        "Actual Loops": 5,
                                                                                                                                                        "Inner Unique": true,
                                                                                                                                                        "Join Filter": "(t.kind_id = kt.id)",
                                                                                                                                                        "Rows Removed by Join Filter": 801,
                                                                                                                                                        "Workers": [],
                                                                                                                                                        "Plans": [
                                                                                                                                                            {
                                                                                                                                                                "Node Type": "Hash Join",
                                                                                                                                                                "Parent Relationship": "Outer",
                                                                                                                                                                "Parallel Aware": true,
                                                                                                                                                                "Async Capable": false,
                                                                                                                                                                "Join Type": "Inner",
                                                                                                                                                                "Startup Cost": 649951.6,
                                                                                                                                                                "Total Cost": 695953.84,
                                                                                                                                                                "Plan Rows": 1,
                                                                                                                                                                "Plan Width": 36,
                                                                                                                                                                "Actual Startup Time": 1012.426,
                                                                                                                                                                "Actual Total Time": 1043.397,
                                                                                                                                                                "Actual Rows": 771,
                                                                                                                                                                "Actual Loops": 5,
                                                                                                                                                                "Inner Unique": false,
                                                                                                                                                                "Hash Cond": "(t.id = mi1.movie_id)",
                                                                                                                                                                "Workers": [],
                                                                                                                                                                "Plans": [
                                                                                                                                                                    {
                                                                                                                                                                        "Node Type": "Seq Scan",
                                                                                                                                                                        "Parent Relationship": "Outer",
                                                                                                                                                                        "Parallel Aware": true,
                                                                                                                                                                        "Async Capable": false,
                                                                                                                                                                        "Relation Name": "title",
                                                                                                                                                                        "Alias": "t",
                                                                                                                                                                        "Startup Cost": 0.0,
                                                                                                                                                                        "Total Cost": 45490.07,
                                                                                                                                                                        "Plan Rows": 136577,
                                                                                                                                                                        "Plan Width": 8,
                                                                                                                                                                        "Actual Startup Time": 0.006,
                                                                                                                                                                        "Actual Total Time": 26.337,
                                                                                                                                                                        "Actual Rows": 108600,
                                                                                                                                                                        "Actual Loops": 5,
                                                                                                                                                                        "Filter": "((production_year <= 1990) AND (production_year >= 1950))",
                                                                                                                                                                        "Rows Removed by Filter": 397062,
                                                                                                                                                                        "Workers": []
                                                                                                                                                                    },
                                                                                                                                                                    {
                                                                                                                                                                        "Node Type": "Hash",
                                                                                                                                                                        "Parent Relationship": "Inner",
                                                                                                                                                                        "Parallel Aware": true,
                                                                                                                                                                        "Async Capable": false,
                                                                                                                                                                        "Startup Cost": 649951.58,
                                                                                                                                                                        "Total Cost": 649951.58,
                                                                                                                                                                        "Plan Rows": 1,
                                                                                                                                                                        "Plan Width": 28,
                                                                                                                                                                        "Actual Startup Time": 1012.363,
                                                                                                                                                                        "Actual Total Time": 1012.371,
                                                                                                                                                                        "Actual Rows": 1309,
                                                                                                                                                                        "Actual Loops": 5,
                                                                                                                                                                        "Hash Buckets": 8192,
                                                                                                                                                                        "Original Hash Buckets": 1024,
                                                                                                                                                                        "Hash Batches": 1,
                                                                                                                                                                        "Original Hash Batches": 1,
                                                                                                                                                                        "Peak Memory Usage": 664,
                                                                                                                                                                        "Workers": [],
                                                                                                                                                                        "Plans": [
                                                                                                                                                                            {
                                                                                                                                                                                "Node Type": "Hash Join",
                                                                                                                                                                                "Parent Relationship": "Outer",
                                                                                                                                                                                "Parallel Aware": true,
                                                                                                                                                                                "Async Capable": false,
                                                                                                                                                                                "Join Type": "Inner",
                                                                                                                                                                                "Startup Cost": 311364.5,
                                                                                                                                                                                "Total Cost": 649951.58,
                                                                                                                                                                                "Plan Rows": 1,
                                                                                                                                                                                "Plan Width": 28,
                                                                                                                                                                                "Actual Startup Time": 389.172,
                                                                                                                                                                                "Actual Total Time": 805.789,
                                                                                                                                                                                "Actual Rows": 1309,
                                                                                                                                                                                "Actual Loops": 5,
                                                                                                                                                                                "Inner Unique": false,
                                                                                                                                                                                "Hash Cond": "(ci.movie_id = mi1.movie_id)",
                                                                                                                                                                                "Workers": [],
                                                                                                                                                                                "Plans": [
                                                                                                                                                                                    {
                                                                                                                                                                                        "Node Type": "Hash Join",
                                                                                                                                                                                        "Parent Relationship": "Outer",
                                                                                                                                                                                        "Parallel Aware": true,
                                                                                                                                                                                        "Async Capable": false,
                                                                                                                                                                                        "Join Type": "Inner",
                                                                                                                                                                                        "Startup Cost": 85967.35,
                                                                                                                                                                                        "Total Cost": 424163.56,
                                                                                                                                                                                        "Plan Rows": 104233,
                                                                                                                                                                                        "Plan Width": 16,
                                                                                                                                                                                        "Actual Startup Time": 142.03,
                                                                                                                                                                                        "Actual Total Time": 558.308,
                                                                                                                                                                                        "Actual Rows": 142800,
                                                                                                                                                                                        "Actual Loops": 5,
                                                                                                                                                                                        "Inner Unique": true,
                                                                                                                                                                                        "Hash Cond": "(ci.person_id = n.id)",
                                                                                                                                                                                        "Workers": [],
                                                                                                                                                                                        "Plans": [
                                                                                                                                                                                            {
                                                                                                                                                                                                "Node Type": "Seq Scan",
                                                                                                                                                                                                "Parent Relationship": "Outer",
                                                                                                                                                                                                "Parallel Aware": true,
                                                                                                                                                                                                "Async Capable": false,
                                                                                                                                                                                                "Relation Name": "cast_info",
                                                                                                                                                                                                "Alias": "ci",
                                                                                                                                                                                                "Startup Cost": 0.0,
                                                                                                                                                                                                "Total Cost": 328229.05,
                                                                                                                                                                                                "Plan Rows": 3797006,
                                                                                                                                                                                                "Plan Width": 12,
                                                                                                                                                                                                "Actual Startup Time": 18.731,
                                                                                                                                                                                                "Actual Total Time": 293.537,
                                                                                                                                                                                                "Actual Rows": 4675321,
                                                                                                                                                                                                "Actual Loops": 5,
                                                                                                                                                                                                "Filter": "((note = '(producer)'::text) OR (note IS NULL))",
                                                                                                                                                                                                "Rows Removed by Filter": 2573547,
                                                                                                                                                                                                "Workers": []
                                                                                                                                                                                            },
                                                                                                                                                                                            {
                                                                                                                                                                                                "Node Type": "Hash",
                                                                                                                                                                                                "Parent Relationship": "Inner",
                                                                                                                                                                                                "Parallel Aware": true,
                                                                                                                                                                                                "Async Capable": false,
                                                                                                                                                                                                "Startup Cost": 85609.84,
                                                                                                                                                                                                "Total Cost": 85609.84,
                                                                                                                                                                                                "Plan Rows": 28601,
                                                                                                                                                                                                "Plan Width": 4,
                                                                                                                                                                                                "Actual Startup Time": 117.735,
                                                                                                                                                                                                "Actual Total Time": 117.736,
                                                                                                                                                                                                "Actual Rows": 29136,
                                                                                                                                                                                                "Actual Loops": 5,
                                                                                                                                                                                                "Hash Buckets": 262144,
                                                                                                                                                                                                "Original Hash Buckets": 131072,
                                                                                                                                                                                                "Hash Batches": 1,
                                                                                                                                                                                                "Original Hash Batches": 1,
                                                                                                                                                                                                "Peak Memory Usage": 8832,
                                                                                                                                                                                                "Workers": [],
                                                                                                                                                                                                "Plans": [
                                                                                                                                                                                                    {
                                                                                                                                                                                                        "Node Type": "Seq Scan",
                                                                                                                                                                                                        "Parent Relationship": "Outer",
                                                                                                                                                                                                        "Parallel Aware": true,
                                                                                                                                                                                                        "Async Capable": false,
                                                                                                                                                                                                        "Relation Name": "name",
                                                                                                                                                                                                        "Alias": "n",
                                                                                                                                                                                                        "Startup Cost": 0.0,
                                                                                                                                                                                                        "Total Cost": 85609.84,
                                                                                                                                                                                                        "Plan Rows": 28601,
                                                                                                                                                                                                        "Plan Width": 4,
                                                                                                                                                                                                        "Actual Startup Time": 0.008,
                                                                                                                                                                                                        "Actual Total Time": 112.197,
                                                                                                                                                                                                        "Actual Rows": 29136,
                                                                                                                                                                                                        "Actual Loops": 5,
                                                                                                                                                                                                        "Filter": "((((gender)::text = 'm'::text) OR (gender IS NULL)) AND (((name_pcode_nf)::text = ANY ('{A5351,C6235,C6421,C6425,F6362,F6521,J5216,J525,P3623,R1632,R1636,V4356,V5253}'::text[])) OR (name_pcode_nf IS NULL)))",
                                                                                                                                                                                                        "Rows Removed by Filter": 804362,
                                                                                                                                                                                                        "Workers": []
                                                                                                                                                                                                    }
                                                                                                                                                                                                ]
                                                                                                                                                                                            }
                                                                                                                                                                                        ]
                                                                                                                                                                                    },
                                                                                                                                                                                    {
                                                                                                                                                                                        "Node Type": "Hash",
                                                                                                                                                                                        "Parent Relationship": "Inner",
                                                                                                                                                                                        "Parallel Aware": true,
                                                                                                                                                                                        "Async Capable": false,
                                                                                                                                                                                        "Startup Cost": 225397.13,
                                                                                                                                                                                        "Total Cost": 225397.13,
                                                                                                                                                                                        "Plan Rows": 1,
                                                                                                                                                                                        "Plan Width": 12,
                                                                                                                                                                                        "Actual Startup Time": 239.856,
                                                                                                                                                                                        "Actual Total Time": 239.86,
                                                                                                                                                                                        "Actual Rows": 2981,
                                                                                                                                                                                        "Actual Loops": 5,
                                                                                                                                                                                        "Hash Buckets": 16384,
                                                                                                                                                                                        "Original Hash Buckets": 1024,
                                                                                                                                                                                        "Hash Batches": 1,
                                                                                                                                                                                        "Original Hash Batches": 1,
                                                                                                                                                                                        "Peak Memory Usage": 1016,
                                                                                                                                                                                        "Workers": [],
                                                                                                                                                                                        "Plans": [
                                                                                                                                                                                            {
                                                                                                                                                                                                "Node Type": "Hash Join",
                                                                                                                                                                                                "Parent Relationship": "Outer",
                                                                                                                                                                                                "Parallel Aware": true,
                                                                                                                                                                                                "Async Capable": false,
                                                                                                                                                                                                "Join Type": "Inner",
                                                                                                                                                                                                "Startup Cost": 26664.33,
                                                                                                                                                                                                "Total Cost": 225397.13,
                                                                                                                                                                                                "Plan Rows": 1,
                                                                                                                                                                                                "Plan Width": 12,
                                                                                                                                                                                                "Actual Startup Time": 129.689,
                                                                                                                                                                                                "Actual Total Time": 236.616,
                                                                                                                                                                                                "Actual Rows": 2981,
                                                                                                                                                                                                "Actual Loops": 5,
                                                                                                                                                                                                "Inner Unique": false,
                                                                                                                                                                                                "Hash Cond": "(mi1.movie_id = mii2.movie_id)",
                                                                                                                                                                                                "Workers": [],
                                                                                                                                                                                                "Plans": [
                                                                                                                                                                                                    {
                                                                                                                                                                                                        "Node Type": "Hash Join",
                                                                                                                                                                                                        "Parent Relationship": "Outer",
                                                                                                                                                                                                        "Parallel Aware": false,
                                                                                                                                                                                                        "Async Capable": false,
                                                                                                                                                                                                        "Join Type": "Inner",
                                                                                                                                                                                                        "Startup Cost": 2.59,
                                                                                                                                                                                                        "Total Cost": 198733.65,
                                                                                                                                                                                                        "Plan Rows": 464,
                                                                                                                                                                                                        "Plan Width": 4,
                                                                                                                                                                                                        "Actual Startup Time": 43.636,
                                                                                                                                                                                                        "Actual Total Time": 148.404,
                                                                                                                                                                                                        "Actual Rows": 18362,
                                                                                                                                                                                                        "Actual Loops": 5,
                                                                                                                                                                                                        "Inner Unique": true,
                                                                                                                                                                                                        "Hash Cond": "(mi1.info_type_id = it1.id)",
                                                                                                                                                                                                        "Workers": [],
                                                                                                                                                                                                        "Plans": [
                                                                                                                                                                                                            {
                                                                                                                                                                                                                "Node Type": "Seq Scan",
                                                                                                                                                                                                                "Parent Relationship": "Outer",
                                                                                                                                                                                                                "Parallel Aware": true,
                                                                                                                                                                                                                "Async Capable": false,
                                                                                                                                                                                                                "Relation Name": "movie_info",
                                                                                                                                                                                                                "Alias": "mi1",
                                                                                                                                                                                                                "Startup Cost": 0.0,
                                                                                                                                                                                                                "Total Cost": 198683.44,
                                                                                                                                                                                                                "Plan Rows": 17481,
                                                                                                                                                                                                                "Plan Width": 8,
                                                                                                                                                                                                                "Actual Startup Time": 43.604,
                                                                                                                                                                                                                "Actual Total Time": 147.101,
                                                                                                                                                                                                                "Actual Rows": 18378,
                                                                                                                                                                                                                "Actual Loops": 5,
                                                                                                                                                                                                                "Filter": "(info = ANY ('{30,60}'::text[]))",
                                                                                                                                                                                                                "Rows Removed by Filter": 2948766,
                                                                                                                                                                                                                "Workers": []
                                                                                                                                                                                                            },
                                                                                                                                                                                                            {
                                                                                                                                                                                                                "Node Type": "Hash",
                                                                                                                                                                                                                "Parent Relationship": "Inner",
                                                                                                                                                                                                                "Parallel Aware": false,
                                                                                                                                                                                                                "Async Capable": false,
                                                                                                                                                                                                                "Startup Cost": 2.55,
                                                                                                                                                                                                                "Total Cost": 2.55,
                                                                                                                                                                                                                "Plan Rows": 3,
                                                                                                                                                                                                                "Plan Width": 4,
                                                                                                                                                                                                                "Actual Startup Time": 0.016,
                                                                                                                                                                                                                "Actual Total Time": 0.017,
                                                                                                                                                                                                                "Actual Rows": 3,
                                                                                                                                                                                                                "Actual Loops": 5,
                                                                                                                                                                                                                "Hash Buckets": 1024,
                                                                                                                                                                                                                "Original Hash Buckets": 1024,
                                                                                                                                                                                                                "Hash Batches": 1,
                                                                                                                                                                                                                "Original Hash Batches": 1,
                                                                                                                                                                                                                "Peak Memory Usage": 9,
                                                                                                                                                                                                                "Workers": [],
                                                                                                                                                                                                                "Plans": [
                                                                                                                                                                                                                    {
                                                                                                                                                                                                                        "Node Type": "Seq Scan",
                                                                                                                                                                                                                        "Parent Relationship": "Outer",
                                                                                                                                                                                                                        "Parallel Aware": false,
                                                                                                                                                                                                                        "Async Capable": false,
                                                                                                                                                                                                                        "Relation Name": "info_type",
                                                                                                                                                                                                                        "Alias": "it1",
                                                                                                                                                                                                                        "Startup Cost": 0.0,
                                                                                                                                                                                                                        "Total Cost": 2.55,
                                                                                                                                                                                                                        "Plan Rows": 3,
                                                                                                                                                                                                                        "Plan Width": 4,
                                                                                                                                                                                                                        "Actual Startup Time": 0.011,
                                                                                                                                                                                                                        "Actual Total Time": 0.014,
                                                                                                                                                                                                                        "Actual Rows": 3,
                                                                                                                                                                                                                        "Actual Loops": 5,
                                                                                                                                                                                                                        "Filter": "(id = ANY ('{1,17,98}'::integer[]))",
                                                                                                                                                                                                                        "Rows Removed by Filter": 110,
                                                                                                                                                                                                                        "Workers": []
                                                                                                                                                                                                                    }
                                                                                                                                                                                                                ]
                                                                                                                                                                                                            }
                                                                                                                                                                                                        ]
                                                                                                                                                                                                    },
                                                                                                                                                                                                    {
                                                                                                                                                                                                        "Node Type": "Hash",
                                                                                                                                                                                                        "Parent Relationship": "Inner",
                                                                                                                                                                                                        "Parallel Aware": true,
                                                                                                                                                                                                        "Async Capable": false,
                                                                                                                                                                                                        "Startup Cost": 26655.97,
                                                                                                                                                                                                        "Total Cost": 26655.97,
                                                                                                                                                                                                        "Plan Rows": 461,
                                                                                                                                                                                                        "Plan Width": 8,
                                                                                                                                                                                                        "Actual Startup Time": 86.008,
                                                                                                                                                                                                        "Actual Total Time": 86.008,
                                                                                                                                                                                                        "Actual Rows": 27165,
                                                                                                                                                                                                        "Actual Loops": 5,
                                                                                                                                                                                                        "Hash Buckets": 262144,
                                                                                                                                                                                                        "Original Hash Buckets": 2048,
                                                                                                                                                                                                        "Hash Batches": 1,
                                                                                                                                                                                                        "Original Hash Batches": 1,
                                                                                                                                                                                                        "Peak Memory Usage": 9520,
                                                                                                                                                                                                        "Workers": [],
                                                                                                                                                                                                        "Plans": [
                                                                                                                                                                                                            {
                                                                                                                                                                                                                "Node Type": "Seq Scan",
                                                                                                                                                                                                                "Parent Relationship": "Outer",
                                                                                                                                                                                                                "Parallel Aware": true,
                                                                                                                                                                                                                "Async Capable": false,
                                                                                                                                                                                                                "Relation Name": "movie_info_idx",
                                                                                                                                                                                                                "Alias": "mii2",
                                                                                                                                                                                                                "Startup Cost": 0.0,
                                                                                                                                                                                                                "Total Cost": 26655.97,
                                                                                                                                                                                                                "Plan Rows": 461,
                                                                                                                                                                                                                "Plan Width": 8,
                                                                                                                                                                                                                "Actual Startup Time": 0.046,
                                                                                                                                                                                                                "Actual Total Time": 77.68,
                                                                                                                                                                                                                "Actual Rows": 27165,
                                                                                                                                                                                                                "Actual Loops": 5,
                                                                                                                                                                                                                "Filter": "((info ~ '^(?:[1-9]\\d*|0)?(?:\\.\\d+)?$'::text) AND (info ~ '^(?:[1-9]\\d*|0)?(?:\\.\\d+)?$'::text) AND (info_type_id = 101) AND ((info)::double precision <= '11'::double precision) AND ('7'::double precision <= (info)::double precision))",
                                                                                                                                                                                                                "Rows Removed by Filter": 248842,
                                                                                                                                                                                                                "Workers": []
                                                                                                                                                                                                            }
                                                                                                                                                                                                        ]
                                                                                                                                                                                                    }
                                                                                                                                                                                                ]
                                                                                                                                                                                            }
                                                                                                                                                                                        ]
                                                                                                                                                                                    }
                                                                                                                                                                                ]
                                                                                                                                                                            }
                                                                                                                                                                        ]
                                                                                                                                                                    }
                                                                                                                                                                ]
                                                                                                                                                            },
                                                                                                                                                            {
                                                                                                                                                                "Node Type": "Seq Scan",
                                                                                                                                                                "Parent Relationship": "Inner",
                                                                                                                                                                "Parallel Aware": false,
                                                                                                                                                                "Async Capable": false,
                                                                                                                                                                "Relation Name": "kind_type",
                                                                                                                                                                "Alias": "kt",
                                                                                                                                                                "Startup Cost": 0.0,
                                                                                                                                                                "Total Cost": 1.09,
                                                                                                                                                                "Plan Rows": 2,
                                                                                                                                                                "Plan Width": 4,
                                                                                                                                                                "Actual Startup Time": 0.0,
                                                                                                                                                                "Actual Total Time": 0.0,
                                                                                                                                                                "Actual Rows": 2,
                                                                                                                                                                "Actual Loops": 3857,
                                                                                                                                                                "Filter": "((kind)::text = ANY ('{episode,movie}'::text[]))",
                                                                                                                                                                "Rows Removed by Filter": 5,
                                                                                                                                                                "Workers": []
                                                                                                                                                            }
                                                                                                                                                        ]
                                                                                                                                                    }
                                                                                                                                                ]
                                                                                                                                            }
                                                                                                                                        ]
                                                                                                                                    },
                                                                                                                                    {
                                                                                                                                        "Node Type": "Seq Scan",
                                                                                                                                        "Parent Relationship": "Inner",
                                                                                                                                        "Parallel Aware": false,
                                                                                                                                        "Async Capable": false,
                                                                                                                                        "Relation Name": "info_type",
                                                                                                                                        "Alias": "it3",
                                                                                                                                        "Startup Cost": 0.0,
                                                                                                                                        "Total Cost": 2.41,
                                                                                                                                        "Plan Rows": 1,
                                                                                                                                        "Plan Width": 4,
                                                                                                                                        "Actual Startup Time": 0.002,
                                                                                                                                        "Actual Total Time": 0.002,
                                                                                                                                        "Actual Rows": 1,
                                                                                                                                        "Actual Loops": 3675,
                                                                                                                                        "Filter": "(id = 100)",
                                                                                                                                        "Rows Removed by Filter": 112,
                                                                                                                                        "Workers": []
                                                                                                                                    }
                                                                                                                                ]
                                                                                                                            },
                                                                                                                            {
                                                                                                                                "Node Type": "Seq Scan",
                                                                                                                                "Parent Relationship": "Inner",
                                                                                                                                "Parallel Aware": false,
                                                                                                                                "Async Capable": false,
                                                                                                                                "Relation Name": "info_type",
                                                                                                                                "Alias": "it4",
                                                                                                                                "Startup Cost": 0.0,
                                                                                                                                "Total Cost": 2.41,
                                                                                                                                "Plan Rows": 1,
                                                                                                                                "Plan Width": 4,
                                                                                                                                "Actual Startup Time": 0.002,
                                                                                                                                "Actual Total Time": 0.002,
                                                                                                                                "Actual Rows": 1,
                                                                                                                                "Actual Loops": 3675,
                                                                                                                                "Filter": "(id = 101)",
                                                                                                                                "Rows Removed by Filter": 112,
                                                                                                                                "Workers": []
                                                                                                                            }
                                                                                                                        ]
                                                                                                                    }
                                                                                                                ]
                                                                                                            }
                                                                                                        ]
                                                                                                    },
                                                                                                    {
                                                                                                        "Node Type": "Seq Scan",
                                                                                                        "Parent Relationship": "Inner",
                                                                                                        "Parallel Aware": false,
                                                                                                        "Async Capable": false,
                                                                                                        "Relation Name": "keyword",
                                                                                                        "Alias": "k",
                                                                                                        "Startup Cost": 0.0,
                                                                                                        "Total Cost": 2349.7,
                                                                                                        "Plan Rows": 134170,
                                                                                                        "Plan Width": 4,
                                                                                                        "Actual Startup Time": 0.001,
                                                                                                        "Actual Total Time": 0.403,
                                                                                                        "Actual Rows": 14234,
                                                                                                        "Actual Loops": 10952,
                                                                                                        "Workers": []
                                                                                                    }
                                                                                                ]
                                                                                            }
                                                                                        ]
                                                                                    }
                                                                                ]
                                                                            }
                                                                        ]
                                                                    }
                                                                ]
                                                            },
                                                            {
                                                                "Node Type": "Seq Scan",
                                                                "Parent Relationship": "Inner",
                                                                "Parallel Aware": false,
                                                                "Async Capable": false,
                                                                "Relation Name": "info_type",
                                                                "Alias": "it5",
                                                                "Startup Cost": 0.0,
                                                                "Total Cost": 2.41,
                                                                "Plan Rows": 1,
                                                                "Plan Width": 4,
                                                                "Actual Startup Time": 0.001,
                                                                "Actual Total Time": 0.002,
                                                                "Actual Rows": 1,
                                                                "Actual Loops": 2630,
                                                                "Filter": "(id = 31)",
                                                                "Rows Removed by Filter": 112,
                                                                "Workers": []
                                                            }
                                                        ]
                                                    },
                                                    {
                                                        "Node Type": "Seq Scan",
                                                        "Parent Relationship": "Inner",
                                                        "Parallel Aware": false,
                                                        "Async Capable": false,
                                                        "Relation Name": "role_type",
                                                        "Alias": "rt",
                                                        "Startup Cost": 0.0,
                                                        "Total Cost": 1.17,
                                                        "Plan Rows": 3,
                                                        "Plan Width": 4,
                                                        "Actual Startup Time": 0.0,
                                                        "Actual Total Time": 0.0,
                                                        "Actual Rows": 1,
                                                        "Actual Loops": 2630,
                                                        "Filter": "((role)::text = ANY ('{actor,composer,producer}'::text[]))",
                                                        "Rows Removed by Filter": 0,
                                                        "Workers": []
                                                    }
                                                ]
                                            }
                                        ]
                                    }
                                ]
                            }
                        ]
                    },
                    "Planning Time": 176.153,
                    "Triggers": [],
                    "Execution Time": 4290.587
                }
            ],
            "hints": [
                "SET enable_hashjoin TO on",
                "SET enable_indexonlyscan TO on",
                "SET enable_indexscan TO off",
                "SET enable_mergejoin TO off",
                "SET enable_nestloop TO on",
                "SET enable_seqscan TO on"
            ]
        },
        {
            "arm": 3,
            "execution_time": 7212.989,
            "plan": [
                {
                    "Plan": {
                        "Node Type": "Aggregate",
                        "Strategy": "Plain",
                        "Partial Mode": "Simple",
                        "Parallel Aware": false,
                        "Async Capable": false,
                        "Startup Cost": 30001697311.78,
                        "Total Cost": 30001697311.79,
                        "Plan Rows": 1,
                        "Plan Width": 8,
                        "Actual Startup Time": 7212.691,
                        "Actual Total Time": 7212.709,
                        "Actual Rows": 1,
                        "Actual Loops": 1,
                        "Plans": [
                            {
                                "Node Type": "Hash Join",
                                "Parent Relationship": "Outer",
                                "Parallel Aware": false,
                                "Async Capable": false,
                                "Join Type": "Inner",
                                "Startup Cost": 30001350234.97,
                                "Total Cost": 30001697311.78,
                                "Plan Rows": 1,
                                "Plan Width": 0,
                                "Actual Startup Time": 6735.873,
                                "Actual Total Time": 7212.645,
                                "Actual Rows": 2630,
                                "Actual Loops": 1,
                                "Inner Unique": true,
                                "Hash Cond": "(ci.role_id = rt.id)",
                                "Plans": [
                                    {
                                        "Node Type": "Nested Loop",
                                        "Parent Relationship": "Outer",
                                        "Parallel Aware": false,
                                        "Async Capable": false,
                                        "Join Type": "Inner",
                                        "Startup Cost": 30001350233.77,
                                        "Total Cost": 30001697310.57,
                                        "Plan Rows": 1,
                                        "Plan Width": 4,
                                        "Actual Startup Time": 6735.851,
                                        "Actual Total Time": 7212.429,
                                        "Actual Rows": 2630,
                                        "Actual Loops": 1,
                                        "Inner Unique": false,
                                        "Plans": [
                                            {
                                                "Node Type": "Nested Loop",
                                                "Parent Relationship": "Outer",
                                                "Parallel Aware": false,
                                                "Async Capable": false,
                                                "Join Type": "Inner",
                                                "Startup Cost": 20001350233.77,
                                                "Total Cost": 20001697308.15,
                                                "Plan Rows": 1,
                                                "Plan Width": 8,
                                                "Actual Startup Time": 6735.849,
                                                "Actual Total Time": 7206.479,
                                                "Actual Rows": 2630,
                                                "Actual Loops": 1,
                                                "Inner Unique": false,
                                                "Plans": [
                                                    {
                                                        "Node Type": "Hash Join",
                                                        "Parent Relationship": "Outer",
                                                        "Parallel Aware": false,
                                                        "Async Capable": false,
                                                        "Join Type": "Inner",
                                                        "Startup Cost": 10001350233.77,
                                                        "Total Cost": 10001697305.73,
                                                        "Plan Rows": 1,
                                                        "Plan Width": 12,
                                                        "Actual Startup Time": 6735.838,
                                                        "Actual Total Time": 7200.5,
                                                        "Actual Rows": 2630,
                                                        "Actual Loops": 1,
                                                        "Inner Unique": true,
                                                        "Hash Cond": "(t.kind_id = kt.id)",
                                                        "Plans": [
                                                            {
                                                                "Node Type": "Hash Join",
                                                                "Parent Relationship": "Outer",
                                                                "Parallel Aware": false,
                                                                "Async Capable": false,
                                                                "Join Type": "Inner",
                                                                "Startup Cost": 10001350232.66,
                                                                "Total Cost": 10001697304.61,
                                                                "Plan Rows": 1,
                                                                "Plan Width": 16,
                                                                "Actual Startup Time": 6735.832,
                                                                "Actual Total Time": 7200.325,
                                                                "Actual Rows": 2812,
                                                                "Actual Loops": 1,
                                                                "Inner Unique": false,
                                                                "Hash Cond": "(mi1.movie_id = t.id)",
                                                                "Plans": [
                                                                    {
                                                                        "Node Type": "Hash Join",
                                                                        "Parent Relationship": "Outer",
                                                                        "Parallel Aware": false,
                                                                        "Async Capable": false,
                                                                        "Join Type": "Inner",
                                                                        "Startup Cost": 2.59,
                                                                        "Total Cost": 347065.84,
                                                                        "Plan Rows": 2320,
                                                                        "Plan Width": 4,
                                                                        "Actual Startup Time": 183.556,
                                                                        "Actual Total Time": 645.754,
                                                                        "Actual Rows": 91811,
                                                                        "Actual Loops": 1,
                                                                        "Inner Unique": true,
                                                                        "Hash Cond": "(mi1.info_type_id = it1.id)",
                                                                        "Plans": [
                                                                            {
                                                                                "Node Type": "Seq Scan",
                                                                                "Parent Relationship": "Outer",
                                                                                "Parallel Aware": false,
                                                                                "Async Capable": false,
                                                                                "Relation Name": "movie_info",
                                                                                "Alias": "mi1",
                                                                                "Startup Cost": 0.0,
                                                                                "Total Cost": 346825.21,
                                                                                "Plan Rows": 87404,
                                                                                "Plan Width": 8,
                                                                                "Actual Startup Time": 183.537,
                                                                                "Actual Total Time": 640.164,
                                                                                "Actual Rows": 91890,
                                                                                "Actual Loops": 1,
                                                                                "Filter": "(info = ANY ('{30,60}'::text[]))",
                                                                                "Rows Removed by Filter": 14743830
                                                                            },
                                                                            {
                                                                                "Node Type": "Hash",
                                                                                "Parent Relationship": "Inner",
                                                                                "Parallel Aware": false,
                                                                                "Async Capable": false,
                                                                                "Startup Cost": 2.55,
                                                                                "Total Cost": 2.55,
                                                                                "Plan Rows": 3,
                                                                                "Plan Width": 4,
                                                                                "Actual Startup Time": 0.011,
                                                                                "Actual Total Time": 0.013,
                                                                                "Actual Rows": 3,
                                                                                "Actual Loops": 1,
                                                                                "Hash Buckets": 1024,
                                                                                "Original Hash Buckets": 1024,
                                                                                "Hash Batches": 1,
                                                                                "Original Hash Batches": 1,
                                                                                "Peak Memory Usage": 9,
                                                                                "Plans": [
                                                                                    {
                                                                                        "Node Type": "Seq Scan",
                                                                                        "Parent Relationship": "Outer",
                                                                                        "Parallel Aware": false,
                                                                                        "Async Capable": false,
                                                                                        "Relation Name": "info_type",
                                                                                        "Alias": "it1",
                                                                                        "Startup Cost": 0.0,
                                                                                        "Total Cost": 2.55,
                                                                                        "Plan Rows": 3,
                                                                                        "Plan Width": 4,
                                                                                        "Actual Startup Time": 0.007,
                                                                                        "Actual Total Time": 0.01,
                                                                                        "Actual Rows": 3,
                                                                                        "Actual Loops": 1,
                                                                                        "Filter": "(id = ANY ('{1,17,98}'::integer[]))",
                                                                                        "Rows Removed by Filter": 110
                                                                                    }
                                                                                ]
                                                                            }
                                                                        ]
                                                                    },
                                                                    {
                                                                        "Node Type": "Hash",
                                                                        "Parent Relationship": "Inner",
                                                                        "Parallel Aware": false,
                                                                        "Async Capable": false,
                                                                        "Startup Cost": 10001350230.05,
                                                                        "Total Cost": 10001350230.05,
                                                                        "Plan Rows": 1,
                                                                        "Plan Width": 36,
                                                                        "Actual Startup Time": 6551.336,
                                                                        "Actual Total Time": 6551.348,
                                                                        "Actual Rows": 162851,
                                                                        "Actual Loops": 1,
                                                                        "Hash Buckets": 262144,
                                                                        "Original Hash Buckets": 1024,
                                                                        "Hash Batches": 1,
                                                                        "Original Hash Batches": 1,
                                                                        "Peak Memory Usage": 12863,
                                                                        "Plans": [
                                                                            {
                                                                                "Node Type": "Hash Join",
                                                                                "Parent Relationship": "Outer",
                                                                                "Parallel Aware": false,
                                                                                "Async Capable": false,
                                                                                "Join Type": "Inner",
                                                                                "Startup Cost": 10001174329.67,
                                                                                "Total Cost": 10001350230.05,
                                                                                "Plan Rows": 1,
                                                                                "Plan Width": 36,
                                                                                "Actual Startup Time": 5991.125,
                                                                                "Actual Total Time": 6540.04,
                                                                                "Actual Rows": 162851,
                                                                                "Actual Loops": 1,
                                                                                "Inner Unique": false,
                                                                                "Hash Cond": "(n.id = ci.person_id)",
                                                                                "Plans": [
                                                                                    {
                                                                                        "Node Type": "Seq Scan",
                                                                                        "Parent Relationship": "Outer",
                                                                                        "Parallel Aware": false,
                                                                                        "Async Capable": false,
                                                                                        "Relation Name": "name",
                                                                                        "Alias": "n",
                                                                                        "Startup Cost": 0.0,
                                                                                        "Total Cost": 175471.37,
                                                                                        "Plan Rows": 114403,
                                                                                        "Plan Width": 4,
                                                                                        "Actual Startup Time": 0.005,
                                                                                        "Actual Total Time": 490.704,
                                                                                        "Actual Rows": 145680,
                                                                                        "Actual Loops": 1,
                                                                                        "Filter": "((((gender)::text = 'm'::text) OR (gender IS NULL)) AND (((name_pcode_nf)::text = ANY ('{A5351,C6235,C6421,C6425,F6362,F6521,J5216,J525,P3623,R1632,R1636,V4356,V5253}'::text[])) OR (name_pcode_nf IS NULL)))",
                                                                                        "Rows Removed by Filter": 4021811
                                                                                    },
                                                                                    {
                                                                                        "Node Type": "Hash",
                                                                                        "Parent Relationship": "Inner",
                                                                                        "Parallel Aware": false,
                                                                                        "Async Capable": false,
                                                                                        "Startup Cost": 10001174329.64,
                                                                                        "Total Cost": 10001174329.64,
                                                                                        "Plan Rows": 2,
                                                                                        "Plan Width": 48,
                                                                                        "Actual Startup Time": 5981.833,
                                                                                        "Actual Total Time": 5981.844,
                                                                                        "Actual Rows": 2538749,
                                                                                        "Actual Loops": 1,
                                                                                        "Hash Buckets": 262144,
                                                                                        "Original Hash Buckets": 1024,
                                                                                        "Hash Batches": 2,
                                                                                        "Original Hash Batches": 1,
                                                                                        "Peak Memory Usage": 103288,
                                                                                        "Plans": [
                                                                                            {
                                                                                                "Node Type": "Hash Join",
                                                                                                "Parent Relationship": "Outer",
                                                                                                "Parallel Aware": false,
                                                                                                "Async Capable": false,
                                                                                                "Join Type": "Inner",
                                                                                                "Startup Cost": 10001086215.34,
                                                                                                "Total Cost": 10001174329.64,
                                                                                                "Plan Rows": 2,
                                                                                                "Plan Width": 48,
                                                                                                "Actual Startup Time": 5461.277,
                                                                                                "Actual Total Time": 5780.637,
                                                                                                "Actual Rows": 2538749,
                                                                                                "Actual Loops": 1,
                                                                                                "Inner Unique": false,
                                                                                                "Hash Cond": "(pi1.person_id = ci.person_id)",
                                                                                                "Plans": [
                                                                                                    {
                                                                                                        "Node Type": "Seq Scan",
                                                                                                        "Parent Relationship": "Outer",
                                                                                                        "Parallel Aware": false,
                                                                                                        "Async Capable": false,
                                                                                                        "Relation Name": "person_info",
                                                                                                        "Alias": "pi1",
                                                                                                        "Startup Cost": 0.0,
                                                                                                        "Total Cost": 88093.19,
                                                                                                        "Plan Rows": 5626,
                                                                                                        "Plan Width": 8,
                                                                                                        "Actual Startup Time": 0.035,
                                                                                                        "Actual Total Time": 118.492,
                                                                                                        "Actual Rows": 5797,
                                                                                                        "Actual Loops": 1,
                                                                                                        "Filter": "(info_type_id = 31)",
                                                                                                        "Rows Removed by Filter": 2957867
                                                                                                    },
                                                                                                    {
                                                                                                        "Node Type": "Hash",
                                                                                                        "Parent Relationship": "Inner",
                                                                                                        "Parallel Aware": false,
                                                                                                        "Async Capable": false,
                                                                                                        "Startup Cost": 10001086214.79,
                                                                                                        "Total Cost": 10001086214.79,
                                                                                                        "Plan Rows": 44,
                                                                                                        "Plan Width": 40,
                                                                                                        "Actual Startup Time": 5461.181,
                                                                                                        "Actual Total Time": 5461.191,
                                                                                                        "Actual Rows": 6104159,
                                                                                                        "Actual Loops": 1,
                                                                                                        "Hash Buckets": 262144,
                                                                                                        "Original Hash Buckets": 1024,
                                                                                                        "Hash Batches": 2,
                                                                                                        "Original Hash Batches": 1,
                                                                                                        "Peak Memory Usage": 215880,
                                                                                                        "Plans": [
                                                                                                            {
                                                                                                                "Node Type": "Hash Join",
                                                                                                                "Parent Relationship": "Outer",
                                                                                                                "Parallel Aware": false,
                                                                                                                "Async Capable": false,
                                                                                                                "Join Type": "Inner",
                                                                                                                "Startup Cost": 10001062404.88,
                                                                                                                "Total Cost": 10001086214.79,
                                                                                                                "Plan Rows": 44,
                                                                                                                "Plan Width": 40,
                                                                                                                "Actual Startup Time": 4384.328,
                                                                                                                "Actual Total Time": 5048.316,
                                                                                                                "Actual Rows": 6104159,
                                                                                                                "Actual Loops": 1,
                                                                                                                "Inner Unique": false,
                                                                                                                "Hash Cond": "(an.person_id = ci.person_id)",
                                                                                                                "Plans": [
                                                                                                                    {
                                                                                                                        "Node Type": "Seq Scan",
                                                                                                                        "Parent Relationship": "Outer",
                                                                                                                        "Parallel Aware": false,
                                                                                                                        "Async Capable": false,
                                                                                                                        "Relation Name": "aka_name",
                                                                                                                        "Alias": "an",
                                                                                                                        "Startup Cost": 0.0,
                                                                                                                        "Total Cost": 20429.43,
                                                                                                                        "Plan Rows": 901343,
                                                                                                                        "Plan Width": 4,
                                                                                                                        "Actual Startup Time": 0.003,
                                                                                                                        "Actual Total Time": 38.649,
                                                                                                                        "Actual Rows": 901343,
                                                                                                                        "Actual Loops": 1
                                                                                                                    },
                                                                                                                    {
                                                                                                                        "Node Type": "Hash",
                                                                                                                        "Parent Relationship": "Inner",
                                                                                                                        "Parallel Aware": false,
                                                                                                                        "Async Capable": false,
                                                                                                                        "Startup Cost": 10001062404.65,
                                                                                                                        "Total Cost": 10001062404.65,
                                                                                                                        "Plan Rows": 18,
                                                                                                                        "Plan Width": 36,
                                                                                                                        "Actual Startup Time": 4384.05,
                                                                                                                        "Actual Total Time": 4384.059,
                                                                                                                        "Actual Rows": 4694145,
                                                                                                                        "Actual Loops": 1,
                                                                                                                        "Hash Buckets": 262144,
                                                                                                                        "Original Hash Buckets": 1024,
                                                                                                                        "Hash Batches": 32,
                                                                                                                        "Original Hash Batches": 1,
                                                                                                                        "Peak Memory Usage": 14337,
                                                                                                                        "Plans": [
                                                                                                                            {
                                                                                                                                "Node Type": "Hash Join",
                                                                                                                                "Parent Relationship": "Outer",
                                                                                                                                "Parallel Aware": false,
                                                                                                                                "Async Capable": false,
                                                                                                                                "Join Type": "Inner",
                                                                                                                                "Startup Cost": 10000271197.54,
                                                                                                                                "Total Cost": 10001062404.65,
                                                                                                                                "Plan Rows": 18,
                                                                                                                                "Plan Width": 36,
                                                                                                                                "Actual Startup Time": 1315.024,
                                                                                                                                "Actual Total Time": 4039.135,
                                                                                                                                "Actual Rows": 4694145,
                                                                                                                                "Actual Loops": 1,
                                                                                                                                "Inner Unique": false,
                                                                                                                                "Hash Cond": "(ci.movie_id = t.id)",
                                                                                                                                "Plans": [
                                                                                                                                    {
                                                                                                                                        "Node Type": "Seq Scan",
                                                                                                                                        "Parent Relationship": "Outer",
                                                                                                                                        "Parallel Aware": false,
                                                                                                                                        "Async Capable": false,
                                                                                                                                        "Relation Name": "cast_info",
                                                                                                                                        "Alias": "ci",
                                                                                                                                        "Startup Cost": 0.0,
                                                                                                                                        "Total Cost": 705774.3,
                                                                                                                                        "Plan Rows": 22782035,
                                                                                                                                        "Plan Width": 12,
                                                                                                                                        "Actual Startup Time": 0.003,
                                                                                                                                        "Actual Total Time": 1419.031,
                                                                                                                                        "Actual Rows": 23376607,
                                                                                                                                        "Actual Loops": 1,
                                                                                                                                        "Filter": "((note = '(producer)'::text) OR (note IS NULL))",
                                                                                                                                        "Rows Removed by Filter": 12867737
                                                                                                                                    },
                                                                                                                                    {
                                                                                                                                        "Node Type": "Hash",
                                                                                                                                        "Parent Relationship": "Inner",
                                                                                                                                        "Parallel Aware": false,
                                                                                                                                        "Async Capable": false,
                                                                                                                                        "Startup Cost": 10000271197.52,
                                                                                                                                        "Total Cost": 10000271197.52,
                                                                                                                                        "Plan Rows": 2,
                                                                                                                                        "Plan Width": 24,
                                                                                                                                        "Actual Startup Time": 1314.955,
                                                                                                                                        "Actual Total Time": 1314.963,
                                                                                                                                        "Actual Rows": 232956,
                                                                                                                                        "Actual Loops": 1,
                                                                                                                                        "Hash Buckets": 262144,
                                                                                                                                        "Original Hash Buckets": 1024,
                                                                                                                                        "Hash Batches": 1,
                                                                                                                                        "Original Hash Batches": 1,
                                                                                                                                        "Peak Memory Usage": 14788,
                                                                                                                                        "Plans": [
                                                                                                                                            {
                                                                                                                                                "Node Type": "Hash Join",
                                                                                                                                                "Parent Relationship": "Outer",
                                                                                                                                                "Parallel Aware": false,
                                                                                                                                                "Async Capable": false,
                                                                                                                                                "Join Type": "Inner",
                                                                                                                                                "Startup Cost": 10000268344.66,
                                                                                                                                                "Total Cost": 10000271197.52,
                                                                                                                                                "Plan Rows": 2,
                                                                                                                                                "Plan Width": 24,
                                                                                                                                                "Actual Startup Time": 1262.992,
                                                                                                                                                "Actual Total Time": 1302.817,
                                                                                                                                                "Actual Rows": 232956,
                                                                                                                                                "Actual Loops": 1,
                                                                                                                                                "Inner Unique": false,
                                                                                                                                                "Hash Cond": "(k.id = mk.keyword_id)",
                                                                                                                                                "Plans": [
                                                                                                                                                    {
                                                                                                                                                        "Node Type": "Seq Scan",
                                                                                                                                                        "Parent Relationship": "Outer",
                                                                                                                                                        "Parallel Aware": false,
                                                                                                                                                        "Async Capable": false,
                                                                                                                                                        "Relation Name": "keyword",
                                                                                                                                                        "Alias": "k",
                                                                                                                                                        "Startup Cost": 0.0,
                                                                                                                                                        "Total Cost": 2349.7,
                                                                                                                                                        "Plan Rows": 134170,
                                                                                                                                                        "Plan Width": 4,
                                                                                                                                                        "Actual Startup Time": 0.003,
                                                                                                                                                        "Actual Total Time": 4.64,
                                                                                                                                                        "Actual Rows": 134170,
                                                                                                                                                        "Actual Loops": 1
                                                                                                                                                    },
                                                                                                                                                    {
                                                                                                                                                        "Node Type": "Hash",
                                                                                                                                                        "Parent Relationship": "Inner",
                                                                                                                                                        "Parallel Aware": false,
                                                                                                                                                        "Async Capable": false,
                                                                                                                                                        "Startup Cost": 10000268344.64,
                                                                                                                                                        "Total Cost": 10000268344.64,
                                                                                                                                                        "Plan Rows": 2,
                                                                                                                                                        "Plan Width": 28,
                                                                                                                                                        "Actual Startup Time": 1262.984,
                                                                                                                                                        "Actual Total Time": 1262.99,
                                                                                                                                                        "Actual Rows": 232956,
                                                                                                                                                        "Actual Loops": 1,
                                                                                                                                                        "Hash Buckets": 262144,
                                                                                                                                                        "Original Hash Buckets": 1024,
                                                                                                                                                        "Hash Batches": 1,
                                                                                                                                                        "Original Hash Batches": 1,
                                                                                                                                                        "Peak Memory Usage": 15698,
                                                                                                                                                        "Plans": [
                                                                                                                                                            {
                                                                                                                                                                "Node Type": "Hash Join",
                                                                                                                                                                "Parent Relationship": "Outer",
                                                                                                                                                                "Parallel Aware": false,
                                                                                                                                                                "Async Capable": false,
                                                                                                                                                                "Join Type": "Inner",
                                                                                                                                                                "Startup Cost": 10000181660.58,
                                                                                                                                                                "Total Cost": 10000268344.64,
                                                                                                                                                                "Plan Rows": 2,
                                                                                                                                                                "Plan Width": 28,
                                                                                                                                                                "Actual Startup Time": 964.194,
                                                                                                                                                                "Actual Total Time": 1249.731,
                                                                                                                                                                "Actual Rows": 232956,
                                                                                                                                                                "Actual Loops": 1,
                                                                                                                                                                "Inner Unique": false,
                                                                                                                                                                "Hash Cond": "(mk.movie_id = t.id)",
                                                                                                                                                                "Plans": [
                                                                                                                                                                    {
                                                                                                                                                                        "Node Type": "Seq Scan",
                                                                                                                                                                        "Parent Relationship": "Outer",
                                                                                                                                                                        "Parallel Aware": false,
                                                                                                                                                                        "Async Capable": false,
                                                                                                                                                                        "Relation Name": "movie_keyword",
                                                                                                                                                                        "Alias": "mk",
                                                                                                                                                                        "Startup Cost": 0.0,
                                                                                                                                                                        "Total Cost": 69719.3,
                                                                                                                                                                        "Plan Rows": 4523930,
                                                                                                                                                                        "Plan Width": 8,
                                                                                                                                                                        "Actual Startup Time": 0.003,
                                                                                                                                                                        "Actual Total Time": 144.695,
                                                                                                                                                                        "Actual Rows": 4523930,
                                                                                                                                                                        "Actual Loops": 1
                                                                                                                                                                    },
                                                                                                                                                                    {
                                                                                                                                                                        "Node Type": "Hash",
                                                                                                                                                                        "Parent Relationship": "Inner",
                                                                                                                                                                        "Parallel Aware": false,
                                                                                                                                                                        "Async Capable": false,
                                                                                                                                                                        "Startup Cost": 10000181660.57,
                                                                                                                                                                        "Total Cost": 10000181660.57,
                                                                                                                                                                        "Plan Rows": 1,
                                                                                                                                                                        "Plan Width": 20,
                                                                                                                                                                        "Actual Startup Time": 964.178,
                                                                                                                                                                        "Actual Total Time": 964.183,
                                                                                                                                                                        "Actual Rows": 35899,
                                                                                                                                                                        "Actual Loops": 1,
                                                                                                                                                                        "Hash Buckets": 65536,
                                                                                                                                                                        "Original Hash Buckets": 1024,
                                                                                                                                                                        "Hash Batches": 1,
                                                                                                                                                                        "Original Hash Batches": 1,
                                                                                                                                                                        "Peak Memory Usage": 2335,
                                                                                                                                                                        "Plans": [
                                                                                                                                                                            {
                                                                                                                                                                                "Node Type": "Hash Join",
                                                                                                                                                                                "Parent Relationship": "Outer",
                                                                                                                                                                                "Parallel Aware": false,
                                                                                                                                                                                "Async Capable": false,
                                                                                                                                                                                "Join Type": "Inner",
                                                                                                                                                                                "Startup Cost": 10000105675.6,
                                                                                                                                                                                "Total Cost": 10000181660.57,
                                                                                                                                                                                "Plan Rows": 1,
                                                                                                                                                                                "Plan Width": 20,
                                                                                                                                                                                "Actual Startup Time": 818.117,
                                                                                                                                                                                "Actual Total Time": 962.222,
                                                                                                                                                                                "Actual Rows": 35899,
                                                                                                                                                                                "Actual Loops": 1,
                                                                                                                                                                                "Inner Unique": false,
                                                                                                                                                                                "Hash Cond": "(t.id = mii1.movie_id)",
                                                                                                                                                                                "Plans": [
                                                                                                                                                                                    {
                                                                                                                                                                                        "Node Type": "Seq Scan",
                                                                                                                                                                                        "Parent Relationship": "Outer",
                                                                                                                                                                                        "Parallel Aware": false,
                                                                                                                                                                                        "Async Capable": false,
                                                                                                                                                                                        "Relation Name": "title",
                                                                                                                                                                                        "Alias": "t",
                                                                                                                                                                                        "Startup Cost": 0.0,
                                                                                                                                                                                        "Total Cost": 73936.29,
                                                                                                                                                                                        "Plan Rows": 546309,
                                                                                                                                                                                        "Plan Width": 8,
                                                                                                                                                                                        "Actual Startup Time": 0.003,
                                                                                                                                                                                        "Actual Total Time": 103.587,
                                                                                                                                                                                        "Actual Rows": 543002,
                                                                                                                                                                                        "Actual Loops": 1,
                                                                                                                                                                                        "Filter": "((production_year <= 1990) AND (production_year >= 1950))",
                                                                                                                                                                                        "Rows Removed by Filter": 1985310
                                                                                                                                                                                    },
                                                                                                                                                                                    {
                                                                                                                                                                                        "Node Type": "Hash",
                                                                                                                                                                                        "Parent Relationship": "Inner",
                                                                                                                                                                                        "Parallel Aware": false,
                                                                                                                                                                                        "Async Capable": false,
                                                                                                                                                                                        "Startup Cost": 10000105675.56,
                                                                                                                                                                                        "Total Cost": 10000105675.56,
                                                                                                                                                                                        "Plan Rows": 3,
                                                                                                                                                                                        "Plan Width": 12,
                                                                                                                                                                                        "Actual Startup Time": 818.103,
                                                                                                                                                                                        "Actual Total Time": 818.105,
                                                                                                                                                                                        "Actual Rows": 133540,
                                                                                                                                                                                        "Actual Loops": 1,
                                                                                                                                                                                        "Hash Buckets": 262144,
                                                                                                                                                                                        "Original Hash Buckets": 1024,
                                                                                                                                                                                        "Hash Batches": 1,
                                                                                                                                                                                        "Original Hash Batches": 1,
                                                                                                                                                                                        "Peak Memory Usage": 7787,
                                                                                                                                                                                        "Plans": [
                                                                                                                                                                                            {
                                                                                                                                                                                                "Node Type": "Hash Join",
                                                                                                                                                                                                "Parent Relationship": "Outer",
                                                                                                                                                                                                "Parallel Aware": false,
                                                                                                                                                                                                "Async Capable": false,
                                                                                                                                                                                                "Join Type": "Inner",
                                                                                                                                                                                                "Startup Cost": 10000052849.48,
                                                                                                                                                                                                "Total Cost": 10000105675.56,
                                                                                                                                                                                                "Plan Rows": 3,
                                                                                                                                                                                                "Plan Width": 12,
                                                                                                                                                                                                "Actual Startup Time": 428.69,
                                                                                                                                                                                                "Actual Total Time": 811.76,
                                                                                                                                                                                                "Actual Rows": 133540,
                                                                                                                                                                                                "Actual Loops": 1,
                                                                                                                                                                                                "Inner Unique": false,
                                                                                                                                                                                                "Hash Cond": "(mii2.movie_id = mii1.movie_id)",
                                                                                                                                                                                                "Plans": [
                                                                                                                                                                                                    {
                                                                                                                                                                                                        "Node Type": "Seq Scan",
                                                                                                                                                                                                        "Parent Relationship": "Outer",
                                                                                                                                                                                                        "Parallel Aware": false,
                                                                                                                                                                                                        "Async Capable": false,
                                                                                                                                                                                                        "Relation Name": "movie_info_idx",
                                                                                                                                                                                                        "Alias": "mii2",
                                                                                                                                                                                                        "Startup Cost": 0.0,
                                                                                                                                                                                                        "Total Cost": 52819.14,
                                                                                                                                                                                                        "Plan Rows": 1107,
                                                                                                                                                                                                        "Plan Width": 8,
                                                                                                                                                                                                        "Actual Startup Time": 0.024,
                                                                                                                                                                                                        "Actual Total Time": 355.805,
                                                                                                                                                                                                        "Actual Rows": 135826,
                                                                                                                                                                                                        "Actual Loops": 1,
                                                                                                                                                                                                        "Filter": "((info ~ '^(?:[1-9]\\d*|0)?(?:\\.\\d+)?$'::text) AND (info ~ '^(?:[1-9]\\d*|0)?(?:\\.\\d+)?$'::text) AND (info_type_id = 101) AND ((info)::double precision <= '11'::double precision) AND ('7'::double precision <= (info)::double precision))",
                                                                                                                                                                                                        "Rows Removed by Filter": 1244209
                                                                                                                                                                                                    },
                                                                                                                                                                                                    {
                                                                                                                                                                                                        "Node Type": "Hash",
                                                                                                                                                                                                        "Parent Relationship": "Inner",
                                                                                                                                                                                                        "Parallel Aware": false,
                                                                                                                                                                                                        "Async Capable": false,
                                                                                                                                                                                                        "Startup Cost": 10000052835.51,
                                                                                                                                                                                                        "Total Cost": 10000052835.51,
                                                                                                                                                                                                        "Plan Rows": 1117,
                                                                                                                                                                                                        "Plan Width": 4,
                                                                                                                                                                                                        "Actual Startup Time": 428.661,
                                                                                                                                                                                                        "Actual Total Time": 428.663,
                                                                                                                                                                                                        "Actual Rows": 454882,
                                                                                                                                                                                                        "Actual Loops": 1,
                                                                                                                                                                                                        "Hash Buckets": 524288,
                                                                                                                                                                                                        "Original Hash Buckets": 2048,
                                                                                                                                                                                                        "Hash Batches": 2,
                                                                                                                                                                                                        "Original Hash Batches": 1,
                                                                                                                                                                                                        "Peak Memory Usage": 12289,
                                                                                                                                                                                                        "Plans": [
                                                                                                                                                                                                            {
                                                                                                                                                                                                                "Node Type": "Nested Loop",
                                                                                                                                                                                                                "Parent Relationship": "Outer",
                                                                                                                                                                                                                "Parallel Aware": false,
                                                                                                                                                                                                                "Async Capable": false,
                                                                                                                                                                                                                "Join Type": "Inner",
                                                                                                                                                                                                                "Startup Cost": 10000000000.0,
                                                                                                                                                                                                                "Total Cost": 10000052835.51,
                                                                                                                                                                                                                "Plan Rows": 1117,
                                                                                                                                                                                                                "Plan Width": 4,
                                                                                                                                                                                                                "Actual Startup Time": 0.01,
                                                                                                                                                                                                                "Actual Total Time": 402.382,
                                                                                                                                                                                                                "Actual Rows": 454882,
                                                                                                                                                                                                                "Actual Loops": 1,
                                                                                                                                                                                                                "Inner Unique": false,
                                                                                                                                                                                                                "Plans": [
                                                                                                                                                                                                                    {
                                                                                                                                                                                                                        "Node Type": "Seq Scan",
                                                                                                                                                                                                                        "Parent Relationship": "Outer",
                                                                                                                                                                                                                        "Parallel Aware": false,
                                                                                                                                                                                                                        "Async Capable": false,
                                                                                                                                                                                                                        "Relation Name": "movie_info_idx",
                                                                                                                                                                                                                        "Alias": "mii1",
                                                                                                                                                                                                                        "Startup Cost": 0.0,
                                                                                                                                                                                                                        "Total Cost": 52819.14,
                                                                                                                                                                                                                        "Plan Rows": 1117,
                                                                                                                                                                                                                        "Plan Width": 8,
                                                                                                                                                                                                                        "Actual Startup Time": 0.003,
                                                                                                                                                                                                                        "Actual Total Time": 345.259,
                                                                                                                                                                                                                        "Actual Rows": 454882,
                                                                                                                                                                                                                        "Actual Loops": 1,
                                                                                                                                                                                                                        "Filter": "((info ~ '^(?:[1-9]\\d*|0)?(?:\\.\\d+)?$'::text) AND (info ~ '^(?:[1-9]\\d*|0)?(?:\\.\\d+)?$'::text) AND (info_type_id = 100) AND ('0'::double precision <= (info)::double precision) AND ((info)::double precision <= '10000'::double precision))",
                                                                                                                                                                                                                        "Rows Removed by Filter": 925153
                                                                                                                                                                                                                    },
                                                                                                                                                                                                                    {
                                                                                                                                                                                                                        "Node Type": "Materialize",
                                                                                                                                                                                                                        "Parent Relationship": "Inner",
                                                                                                                                                                                                                        "Parallel Aware": false,
                                                                                                                                                                                                                        "Async Capable": false,
                                                                                                                                                                                                                        "Startup Cost": 0.0,
                                                                                                                                                                                                                        "Total Cost": 2.42,
                                                                                                                                                                                                                        "Plan Rows": 1,
                                                                                                                                                                                                                        "Plan Width": 4,
                                                                                                                                                                                                                        "Actual Startup Time": 0.0,
                                                                                                                                                                                                                        "Actual Total Time": 0.0,
                                                                                                                                                                                                                        "Actual Rows": 1,
                                                                                                                                                                                                                        "Actual Loops": 454882,
                                                                                                                                                                                                                        "Plans": [
                                                                                                                                                                                                                            {
                                                                                                                                                                                                                                "Node Type": "Seq Scan",
                                                                                                                                                                                                                                "Parent Relationship": "Outer",
                                                                                                                                                                                                                                "Parallel Aware": false,
                                                                                                                                                                                                                                "Async Capable": false,
                                                                                                                                                                                                                                "Relation Name": "info_type",
                                                                                                                                                                                                                                "Alias": "it3",
                                                                                                                                                                                                                                "Startup Cost": 0.0,
                                                                                                                                                                                                                                "Total Cost": 2.41,
                                                                                                                                                                                                                                "Plan Rows": 1,
                                                                                                                                                                                                                                "Plan Width": 4,
                                                                                                                                                                                                                                "Actual Startup Time": 0.003,
                                                                                                                                                                                                                                "Actual Total Time": 0.004,
                                                                                                                                                                                                                                "Actual Rows": 1,
                                                                                                                                                                                                                                "Actual Loops": 1,
                                                                                                                                                                                                                                "Filter": "(id = 100)",
                                                                                                                                                                                                                                "Rows Removed by Filter": 112
                                                                                                                                                                                                                            }
                                                                                                                                                                                                                        ]
                                                                                                                                                                                                                    }
                                                                                                                                                                                                                ]
                                                                                                                                                                                                            }
                                                                                                                                                                                                        ]
                                                                                                                                                                                                    }
                                                                                                                                                                                                ]
                                                                                                                                                                                            }
                                                                                                                                                                                        ]
                                                                                                                                                                                    }
                                                                                                                                                                                ]
                                                                                                                                                                            }
                                                                                                                                                                        ]
                                                                                                                                                                    }
                                                                                                                                                                ]
                                                                                                                                                            }
                                                                                                                                                        ]
                                                                                                                                                    }
                                                                                                                                                ]
                                                                                                                                            }
                                                                                                                                        ]
                                                                                                                                    }
                                                                                                                                ]
                                                                                                                            }
                                                                                                                        ]
                                                                                                                    }
                                                                                                                ]
                                                                                                            }
                                                                                                        ]
                                                                                                    }
                                                                                                ]
                                                                                            }
                                                                                        ]
                                                                                    }
                                                                                ]
                                                                            }
                                                                        ]
                                                                    }
                                                                ]
                                                            },
                                                            {
                                                                "Node Type": "Hash",
                                                                "Parent Relationship": "Inner",
                                                                "Parallel Aware": false,
                                                                "Async Capable": false,
                                                                "Startup Cost": 1.09,
                                                                "Total Cost": 1.09,
                                                                "Plan Rows": 2,
                                                                "Plan Width": 4,
                                                                "Actual Startup Time": 0.004,
                                                                "Actual Total Time": 0.005,
                                                                "Actual Rows": 2,
                                                                "Actual Loops": 1,
                                                                "Hash Buckets": 1024,
                                                                "Original Hash Buckets": 1024,
                                                                "Hash Batches": 1,
                                                                "Original Hash Batches": 1,
                                                                "Peak Memory Usage": 9,
                                                                "Plans": [
                                                                    {
                                                                        "Node Type": "Seq Scan",
                                                                        "Parent Relationship": "Outer",
                                                                        "Parallel Aware": false,
                                                                        "Async Capable": false,
                                                                        "Relation Name": "kind_type",
                                                                        "Alias": "kt",
                                                                        "Startup Cost": 0.0,
                                                                        "Total Cost": 1.09,
                                                                        "Plan Rows": 2,
                                                                        "Plan Width": 4,
                                                                        "Actual Startup Time": 0.003,
                                                                        "Actual Total Time": 0.004,
                                                                        "Actual Rows": 2,
                                                                        "Actual Loops": 1,
                                                                        "Filter": "((kind)::text = ANY ('{episode,movie}'::text[]))",
                                                                        "Rows Removed by Filter": 5
                                                                    }
                                                                ]
                                                            }
                                                        ]
                                                    },
                                                    {
                                                        "Node Type": "Seq Scan",
                                                        "Parent Relationship": "Inner",
                                                        "Parallel Aware": false,
                                                        "Async Capable": false,
                                                        "Relation Name": "info_type",
                                                        "Alias": "it4",
                                                        "Startup Cost": 0.0,
                                                        "Total Cost": 2.41,
                                                        "Plan Rows": 1,
                                                        "Plan Width": 4,
                                                        "Actual Startup Time": 0.002,
                                                        "Actual Total Time": 0.002,
                                                        "Actual Rows": 1,
                                                        "Actual Loops": 2630,
                                                        "Filter": "(id = 101)",
                                                        "Rows Removed by Filter": 112
                                                    }
                                                ]
                                            },
                                            {
                                                "Node Type": "Seq Scan",
                                                "Parent Relationship": "Inner",
                                                "Parallel Aware": false,
                                                "Async Capable": false,
                                                "Relation Name": "info_type",
                                                "Alias": "it5",
                                                "Startup Cost": 0.0,
                                                "Total Cost": 2.41,
                                                "Plan Rows": 1,
                                                "Plan Width": 4,
                                                "Actual Startup Time": 0.001,
                                                "Actual Total Time": 0.002,
                                                "Actual Rows": 1,
                                                "Actual Loops": 2630,
                                                "Filter": "(id = 31)",
                                                "Rows Removed by Filter": 112
                                            }
                                        ]
                                    },
                                    {
                                        "Node Type": "Hash",
                                        "Parent Relationship": "Inner",
                                        "Parallel Aware": false,
                                        "Async Capable": false,
                                        "Startup Cost": 1.17,
                                        "Total Cost": 1.17,
                                        "Plan Rows": 3,
                                        "Plan Width": 4,
                                        "Actual Startup Time": 0.017,
                                        "Actual Total Time": 0.018,
                                        "Actual Rows": 3,
                                        "Actual Loops": 1,
                                        "Hash Buckets": 1024,
                                        "Original Hash Buckets": 1024,
                                        "Hash Batches": 1,
                                        "Original Hash Batches": 1,
                                        "Peak Memory Usage": 9,
                                        "Plans": [
                                            {
                                                "Node Type": "Seq Scan",
                                                "Parent Relationship": "Outer",
                                                "Parallel Aware": false,
                                                "Async Capable": false,
                                                "Relation Name": "role_type",
                                                "Alias": "rt",
                                                "Startup Cost": 0.0,
                                                "Total Cost": 1.17,
                                                "Plan Rows": 3,
                                                "Plan Width": 4,
                                                "Actual Startup Time": 0.014,
                                                "Actual Total Time": 0.015,
                                                "Actual Rows": 3,
                                                "Actual Loops": 1,
                                                "Filter": "((role)::text = ANY ('{actor,composer,producer}'::text[]))",
                                                "Rows Removed by Filter": 9
                                            }
                                        ]
                                    }
                                ]
                            }
                        ]
                    },
                    "Planning Time": 215.575,
                    "Triggers": [],
                    "Execution Time": 7212.989
                }
            ],
            "hints": [
                "SET enable_hashjoin TO on",
                "SET enable_indexonlyscan TO on",
                "SET enable_indexscan TO off",
                "SET enable_mergejoin TO off",
                "SET enable_nestloop TO off",
                "SET enable_seqscan TO on"
            ]
        },
        {
            "arm": 4,
            "execution_time": 1107.112,
            "plan": [
                {
                    "Plan": {
                        "Node Type": "Aggregate",
                        "Strategy": "Plain",
                        "Partial Mode": "Simple",
                        "Parallel Aware": false,
                        "Async Capable": false,
                        "Startup Cost": 31390.05,
                        "Total Cost": 31390.06,
                        "Plan Rows": 1,
                        "Plan Width": 8,
                        "Actual Startup Time": 1071.24,
                        "Actual Total Time": 1107.022,
                        "Actual Rows": 1,
                        "Actual Loops": 1,
                        "Plans": [
                            {
                                "Node Type": "Nested Loop",
                                "Parent Relationship": "Outer",
                                "Parallel Aware": false,
                                "Async Capable": false,
                                "Join Type": "Inner",
                                "Startup Cost": 1004.29,
                                "Total Cost": 31390.05,
                                "Plan Rows": 1,
                                "Plan Width": 0,
                                "Actual Startup Time": 42.757,
                                "Actual Total Time": 1106.936,
                                "Actual Rows": 2630,
                                "Actual Loops": 1,
                                "Inner Unique": false,
                                "Plans": [
                                    {
                                        "Node Type": "Nested Loop",
                                        "Parent Relationship": "Outer",
                                        "Parallel Aware": false,
                                        "Async Capable": false,
                                        "Join Type": "Inner",
                                        "Startup Cost": 1004.29,
                                        "Total Cost": 31387.62,
                                        "Plan Rows": 1,
                                        "Plan Width": 4,
                                        "Actual Startup Time": 42.754,
                                        "Actual Total Time": 1100.477,
                                        "Actual Rows": 2630,
                                        "Actual Loops": 1,
                                        "Inner Unique": true,
                                        "Plans": [
                                            {
                                                "Node Type": "Nested Loop",
                                                "Parent Relationship": "Outer",
                                                "Parallel Aware": false,
                                                "Async Capable": false,
                                                "Join Type": "Inner",
                                                "Startup Cost": 1003.86,
                                                "Total Cost": 31385.86,
                                                "Plan Rows": 1,
                                                "Plan Width": 16,
                                                "Actual Startup Time": 11.996,
                                                "Actual Total Time": 919.72,
                                                "Actual Rows": 268315,
                                                "Actual Loops": 1,
                                                "Inner Unique": false,
                                                "Plans": [
                                                    {
                                                        "Node Type": "Nested Loop",
                                                        "Parent Relationship": "Outer",
                                                        "Parallel Aware": false,
                                                        "Async Capable": false,
                                                        "Join Type": "Inner",
                                                        "Startup Cost": 1003.44,
                                                        "Total Cost": 31383.65,
                                                        "Plan Rows": 1,
                                                        "Plan Width": 12,
                                                        "Actual Startup Time": 11.985,
                                                        "Actual Total Time": 858.114,
                                                        "Actual Rows": 60504,
                                                        "Actual Loops": 1,
                                                        "Inner Unique": true,
                                                        "Plans": [
                                                            {
                                                                "Node Type": "Nested Loop",
                                                                "Parent Relationship": "Outer",
                                                                "Parallel Aware": false,
                                                                "Async Capable": false,
                                                                "Join Type": "Inner",
                                                                "Startup Cost": 1003.02,
                                                                "Total Cost": 31382.08,
                                                                "Plan Rows": 1,
                                                                "Plan Width": 16,
                                                                "Actual Startup Time": 11.977,
                                                                "Actual Total Time": 818.152,
                                                                "Actual Rows": 60504,
                                                                "Actual Loops": 1,
                                                                "Inner Unique": false,
                                                                "Join Filter": "(t.id = mk.movie_id)",
                                                                "Rows Removed by Join Filter": 0,
                                                                "Plans": [
                                                                    {
                                                                        "Node Type": "Nested Loop",
                                                                        "Parent Relationship": "Outer",
                                                                        "Parallel Aware": false,
                                                                        "Async Capable": false,
                                                                        "Join Type": "Inner",
                                                                        "Startup Cost": 1002.58,
                                                                        "Total Cost": 31379.01,
                                                                        "Plan Rows": 1,
                                                                        "Plan Width": 32,
                                                                        "Actual Startup Time": 3.448,
                                                                        "Actual Total Time": 803.97,
                                                                        "Actual Rows": 13554,
                                                                        "Actual Loops": 1,
                                                                        "Inner Unique": false,
                                                                        "Plans": [
                                                                            {
                                                                                "Node Type": "Nested Loop",
                                                                                "Parent Relationship": "Outer",
                                                                                "Parallel Aware": false,
                                                                                "Async Capable": false,
                                                                                "Join Type": "Inner",
                                                                                "Startup Cost": 1002.58,
                                                                                "Total Cost": 31376.59,
                                                                                "Plan Rows": 1,
                                                                                "Plan Width": 36,
                                                                                "Actual Startup Time": 3.446,
                                                                                "Actual Total Time": 771.564,
                                                                                "Actual Rows": 13554,
                                                                                "Actual Loops": 1,
                                                                                "Inner Unique": false,
                                                                                "Plans": [
                                                                                    {
                                                                                        "Node Type": "Nested Loop",
                                                                                        "Parent Relationship": "Outer",
                                                                                        "Parallel Aware": false,
                                                                                        "Async Capable": false,
                                                                                        "Join Type": "Inner",
                                                                                        "Startup Cost": 1002.58,
                                                                                        "Total Cost": 31374.17,
                                                                                        "Plan Rows": 1,
                                                                                        "Plan Width": 40,
                                                                                        "Actual Startup Time": 3.441,
                                                                                        "Actual Total Time": 737.123,
                                                                                        "Actual Rows": 13554,
                                                                                        "Actual Loops": 1,
                                                                                        "Inner Unique": true,
                                                                                        "Plans": [
                                                                                            {
                                                                                                "Node Type": "Gather",
                                                                                                "Parent Relationship": "Outer",
                                                                                                "Parallel Aware": false,
                                                                                                "Async Capable": false,
                                                                                                "Startup Cost": 1002.45,
                                                                                                "Total Cost": 31374.0,
                                                                                                "Plan Rows": 1,
                                                                                                "Plan Width": 44,
                                                                                                "Actual Startup Time": 3.436,
                                                                                                "Actual Total Time": 731.521,
                                                                                                "Actual Rows": 13966,
                                                                                                "Actual Loops": 1,
                                                                                                "Workers Planned": 2,
                                                                                                "Workers Launched": 2,
                                                                                                "Single Copy": false,
                                                                                                "Plans": [
                                                                                                    {
                                                                                                        "Node Type": "Nested Loop",
                                                                                                        "Parent Relationship": "Outer",
                                                                                                        "Parallel Aware": false,
                                                                                                        "Async Capable": false,
                                                                                                        "Join Type": "Inner",
                                                                                                        "Startup Cost": 2.45,
                                                                                                        "Total Cost": 30373.9,
                                                                                                        "Plan Rows": 1,
                                                                                                        "Plan Width": 44,
                                                                                                        "Actual Startup Time": 1.819,
                                                                                                        "Actual Total Time": 938.176,
                                                                                                        "Actual Rows": 4655,
                                                                                                        "Actual Loops": 3,
                                                                                                        "Inner Unique": false,
                                                                                                        "Workers": [],
                                                                                                        "Plans": [
                                                                                                            {
                                                                                                                "Node Type": "Nested Loop",
                                                                                                                "Parent Relationship": "Outer",
                                                                                                                "Parallel Aware": false,
                                                                                                                "Async Capable": false,
                                                                                                                "Join Type": "Inner",
                                                                                                                "Startup Cost": 2.02,
                                                                                                                "Total Cost": 30359.65,
                                                                                                                "Plan Rows": 1,
                                                                                                                "Plan Width": 36,
                                                                                                                "Actual Startup Time": 1.386,
                                                                                                                "Actual Total Time": 868.634,
                                                                                                                "Actual Rows": 23841,
                                                                                                                "Actual Loops": 3,
                                                                                                                "Inner Unique": true,
                                                                                                                "Workers": [],
                                                                                                                "Plans": [
                                                                                                                    {
                                                                                                                        "Node Type": "Nested Loop",
                                                                                                                        "Parent Relationship": "Outer",
                                                                                                                        "Parallel Aware": false,
                                                                                                                        "Async Capable": false,
                                                                                                                        "Join Type": "Inner",
                                                                                                                        "Startup Cost": 1.87,
                                                                                                                        "Total Cost": 30359.16,
                                                                                                                        "Plan Rows": 1,
                                                                                                                        "Plan Width": 40,
                                                                                                                        "Actual Startup Time": 1.369,
                                                                                                                        "Actual Total Time": 865.054,
                                                                                                                        "Actual Rows": 23847,
                                                                                                                        "Actual Loops": 3,
                                                                                                                        "Inner Unique": false,
                                                                                                                        "Join Filter": "(t.id = mi1.movie_id)",
                                                                                                                        "Rows Removed by Join Filter": 0,
                                                                                                                        "Workers": [],
                                                                                                                        "Plans": [
                                                                                                                            {
                                                                                                                                "Node Type": "Nested Loop",
                                                                                                                                "Parent Relationship": "Outer",
                                                                                                                                "Parallel Aware": false,
                                                                                                                                "Async Capable": false,
                                                                                                                                "Join Type": "Inner",
                                                                                                                                "Startup Cost": 1.43,
                                                                                                                                "Total Cost": 30328.83,
                                                                                                                                "Plan Rows": 1,
                                                                                                                                "Plan Width": 32,
                                                                                                                                "Actual Startup Time": 0.311,
                                                                                                                                "Actual Total Time": 591.107,
                                                                                                                                "Actual Rows": 109970,
                                                                                                                                "Actual Loops": 3,
                                                                                                                                "Inner Unique": true,
                                                                                                                                "Workers": [],
                                                                                                                                "Plans": [
                                                                                                                                    {
                                                                                                                                        "Node Type": "Nested Loop",
                                                                                                                                        "Parent Relationship": "Outer",
                                                                                                                                        "Parallel Aware": false,
                                                                                                                                        "Async Capable": false,
                                                                                                                                        "Join Type": "Inner",
                                                                                                                                        "Startup Cost": 1.3,
                                                                                                                                        "Total Cost": 30328.2,
                                                                                                                                        "Plan Rows": 4,
                                                                                                                                        "Plan Width": 36,
                                                                                                                                        "Actual Startup Time": 0.301,
                                                                                                                                        "Actual Total Time": 519.839,
                                                                                                                                        "Actual Rows": 178084,
                                                                                                                                        "Actual Loops": 3,
                                                                                                                                        "Inner Unique": false,
                                                                                                                                        "Workers": [],
                                                                                                                                        "Plans": [
                                                                                                                                            {
                                                                                                                                                "Node Type": "Nested Loop",
                                                                                                                                                "Parent Relationship": "Outer",
                                                                                                                                                "Parallel Aware": false,
                                                                                                                                                "Async Capable": false,
                                                                                                                                                "Join Type": "Inner",
                                                                                                                                                "Startup Cost": 0.86,
                                                                                                                                                "Total Cost": 30293.82,
                                                                                                                                                "Plan Rows": 1,
                                                                                                                                                "Plan Width": 24,
                                                                                                                                                "Actual Startup Time": 0.27,
                                                                                                                                                "Actual Total Time": 262.887,
                                                                                                                                                "Actual Rows": 11966,
                                                                                                                                                "Actual Loops": 3,
                                                                                                                                                "Inner Unique": true,
                                                                                                                                                "Workers": [],
                                                                                                                                                "Plans": [
                                                                                                                                                    {
                                                                                                                                                        "Node Type": "Nested Loop",
                                                                                                                                                        "Parent Relationship": "Outer",
                                                                                                                                                        "Parallel Aware": false,
                                                                                                                                                        "Async Capable": false,
                                                                                                                                                        "Join Type": "Inner",
                                                                                                                                                        "Startup Cost": 0.43,
                                                                                                                                                        "Total Cost": 30285.66,
                                                                                                                                                        "Plan Rows": 1,
                                                                                                                                                        "Plan Width": 16,
                                                                                                                                                        "Actual Startup Time": 0.074,
                                                                                                                                                        "Actual Total Time": 199.358,
                                                                                                                                                        "Actual Rows": 44513,
                                                                                                                                                        "Actual Loops": 3,
                                                                                                                                                        "Inner Unique": false,
                                                                                                                                                        "Workers": [],
                                                                                                                                                        "Plans": [
                                                                                                                                                            {
                                                                                                                                                                "Node Type": "Seq Scan",
                                                                                                                                                                "Parent Relationship": "Outer",
                                                                                                                                                                "Parallel Aware": true,
                                                                                                                                                                "Async Capable": false,
                                                                                                                                                                "Relation Name": "movie_info_idx",
                                                                                                                                                                "Alias": "mii2",
                                                                                                                                                                "Startup Cost": 0.0,
                                                                                                                                                                "Total Cost": 26655.97,
                                                                                                                                                                "Plan Rows": 461,
                                                                                                                                                                "Plan Width": 8,
                                                                                                                                                                "Actual Startup Time": 0.046,
                                                                                                                                                                "Actual Total Time": 123.615,
                                                                                                                                                                "Actual Rows": 45275,
                                                                                                                                                                "Actual Loops": 3,
                                                                                                                                                                "Filter": "((info ~ '^(?:[1-9]\\d*|0)?(?:\\.\\d+)?$'::text) AND (info ~ '^(?:[1-9]\\d*|0)?(?:\\.\\d+)?$'::text) AND (info_type_id = 101) AND ((info)::double precision <= '11'::double precision) AND ('7'::double precision <= (info)::double precision))",
                                                                                                                                                                "Rows Removed by Filter": 414736,
                                                                                                                                                                "Workers": []
                                                                                                                                                            },
                                                                                                                                                            {
                                                                                                                                                                "Node Type": "Index Scan",
                                                                                                                                                                "Parent Relationship": "Inner",
                                                                                                                                                                "Parallel Aware": false,
                                                                                                                                                                "Async Capable": false,
                                                                                                                                                                "Scan Direction": "Forward",
                                                                                                                                                                "Index Name": "movie_id_movie_info_idx",
                                                                                                                                                                "Relation Name": "movie_info_idx",
                                                                                                                                                                "Alias": "mii1",
                                                                                                                                                                "Startup Cost": 0.43,
                                                                                                                                                                "Total Cost": 7.86,
                                                                                                                                                                "Plan Rows": 1,
                                                                                                                                                                "Plan Width": 8,
                                                                                                                                                                "Actual Startup Time": 0.001,
                                                                                                                                                                "Actual Total Time": 0.002,
                                                                                                                                                                "Actual Rows": 1,
                                                                                                                                                                "Actual Loops": 135826,
                                                                                                                                                                "Index Cond": "(movie_id = mii2.movie_id)",
                                                                                                                                                                "Rows Removed by Index Recheck": 0,
                                                                                                                                                                "Filter": "((info ~ '^(?:[1-9]\\d*|0)?(?:\\.\\d+)?$'::text) AND (info ~ '^(?:[1-9]\\d*|0)?(?:\\.\\d+)?$'::text) AND (info_type_id = 100) AND ('0'::double precision <= (info)::double precision) AND ((info)::double precision <= '10000'::double precision))",
                                                                                                                                                                "Rows Removed by Filter": 2,
                                                                                                                                                                "Workers": []
                                                                                                                                                            }
                                                                                                                                                        ]
                                                                                                                                                    },
                                                                                                                                                    {
                                                                                                                                                        "Node Type": "Index Scan",
                                                                                                                                                        "Parent Relationship": "Inner",
                                                                                                                                                        "Parallel Aware": false,
                                                                                                                                                        "Async Capable": false,
                                                                                                                                                        "Scan Direction": "Forward",
                                                                                                                                                        "Index Name": "title_pkey",
                                                                                                                                                        "Relation Name": "title",
                                                                                                                                                        "Alias": "t",
                                                                                                                                                        "Startup Cost": 0.43,
                                                                                                                                                        "Total Cost": 8.16,
                                                                                                                                                        "Plan Rows": 1,
                                                                                                                                                        "Plan Width": 8,
                                                                                                                                                        "Actual Startup Time": 0.001,
                                                                                                                                                        "Actual Total Time": 0.001,
                                                                                                                                                        "Actual Rows": 0,
                                                                                                                                                        "Actual Loops": 133540,
                                                                                                                                                        "Index Cond": "(id = mii1.movie_id)",
                                                                                                                                                        "Rows Removed by Index Recheck": 0,
                                                                                                                                                        "Filter": "((production_year <= 1990) AND (production_year >= 1950))",
                                                                                                                                                        "Rows Removed by Filter": 1,
                                                                                                                                                        "Workers": []
                                                                                                                                                    }
                                                                                                                                                ]
                                                                                                                                            },
                                                                                                                                            {
                                                                                                                                                "Node Type": "Index Scan",
                                                                                                                                                "Parent Relationship": "Inner",
                                                                                                                                                "Parallel Aware": false,
                                                                                                                                                "Async Capable": false,
                                                                                                                                                "Scan Direction": "Forward",
                                                                                                                                                "Index Name": "movie_id_cast_info",
                                                                                                                                                "Relation Name": "cast_info",
                                                                                                                                                "Alias": "ci",
                                                                                                                                                "Startup Cost": 0.44,
                                                                                                                                                "Total Cost": 34.14,
                                                                                                                                                "Plan Rows": 24,
                                                                                                                                                "Plan Width": 12,
                                                                                                                                                "Actual Startup Time": 0.003,
                                                                                                                                                "Actual Total Time": 0.021,
                                                                                                                                                "Actual Rows": 15,
                                                                                                                                                "Actual Loops": 35899,
                                                                                                                                                "Index Cond": "(movie_id = t.id)",
                                                                                                                                                "Rows Removed by Index Recheck": 0,
                                                                                                                                                "Filter": "((note = '(producer)'::text) OR (note IS NULL))",
                                                                                                                                                "Rows Removed by Filter": 10,
                                                                                                                                                "Workers": []
                                                                                                                                            }
                                                                                                                                        ]
                                                                                                                                    },
                                                                                                                                    {
                                                                                                                                        "Node Type": "Index Scan",
                                                                                                                                        "Parent Relationship": "Inner",
                                                                                                                                        "Parallel Aware": false,
                                                                                                                                        "Async Capable": false,
                                                                                                                                        "Scan Direction": "Forward",
                                                                                                                                        "Index Name": "role_type_pkey",
                                                                                                                                        "Relation Name": "role_type",
                                                                                                                                        "Alias": "rt",
                                                                                                                                        "Startup Cost": 0.14,
                                                                                                                                        "Total Cost": 0.16,
                                                                                                                                        "Plan Rows": 1,
                                                                                                                                        "Plan Width": 4,
                                                                                                                                        "Actual Startup Time": 0.0,
                                                                                                                                        "Actual Total Time": 0.0,
                                                                                                                                        "Actual Rows": 1,
                                                                                                                                        "Actual Loops": 534251,
                                                                                                                                        "Index Cond": "(id = ci.role_id)",
                                                                                                                                        "Rows Removed by Index Recheck": 0,
                                                                                                                                        "Filter": "((role)::text = ANY ('{actor,composer,producer}'::text[]))",
                                                                                                                                        "Rows Removed by Filter": 0,
                                                                                                                                        "Workers": []
                                                                                                                                    }
                                                                                                                                ]
                                                                                                                            },
                                                                                                                            {
                                                                                                                                "Node Type": "Index Scan",
                                                                                                                                "Parent Relationship": "Inner",
                                                                                                                                "Parallel Aware": false,
                                                                                                                                "Async Capable": false,
                                                                                                                                "Scan Direction": "Forward",
                                                                                                                                "Index Name": "movie_id_movie_info",
                                                                                                                                "Relation Name": "movie_info",
                                                                                                                                "Alias": "mi1",
                                                                                                                                "Startup Cost": 0.43,
                                                                                                                                "Total Cost": 30.31,
                                                                                                                                "Plan Rows": 1,
                                                                                                                                "Plan Width": 8,
                                                                                                                                "Actual Startup Time": 0.002,
                                                                                                                                "Actual Total Time": 0.002,
                                                                                                                                "Actual Rows": 0,
                                                                                                                                "Actual Loops": 329909,
                                                                                                                                "Index Cond": "(movie_id = ci.movie_id)",
                                                                                                                                "Rows Removed by Index Recheck": 0,
                                                                                                                                "Filter": "(info = ANY ('{30,60}'::text[]))",
                                                                                                                                "Rows Removed by Filter": 17,
                                                                                                                                "Workers": []
                                                                                                                            }
                                                                                                                        ]
                                                                                                                    },
                                                                                                                    {
                                                                                                                        "Node Type": "Memoize",
                                                                                                                        "Parent Relationship": "Inner",
                                                                                                                        "Parallel Aware": false,
                                                                                                                        "Async Capable": false,
                                                                                                                        "Startup Cost": 0.15,
                                                                                                                        "Total Cost": 0.48,
                                                                                                                        "Plan Rows": 1,
                                                                                                                        "Plan Width": 4,
                                                                                                                        "Actual Startup Time": 0.0,
                                                                                                                        "Actual Total Time": 0.0,
                                                                                                                        "Actual Rows": 1,
                                                                                                                        "Actual Loops": 71542,
                                                                                                                        "Cache Key": "mi1.info_type_id",
                                                                                                                        "Cache Mode": "logical",
                                                                                                                        "Cache Hits": 16510,
                                                                                                                        "Cache Misses": 3,
                                                                                                                        "Cache Evictions": 0,
                                                                                                                        "Cache Overflows": 0,
                                                                                                                        "Peak Memory Usage": 1,
                                                                                                                        "Workers": [
                                                                                                                            {
                                                                                                                                "Worker Number": 0,
                                                                                                                                "Cache Hits": 28389,
                                                                                                                                "Cache Misses": 2,
                                                                                                                                "Cache Evictions": 0,
                                                                                                                                "Cache Overflows": 0,
                                                                                                                                "Peak Memory Usage": 1
                                                                                                                            },
                                                                                                                            {
                                                                                                                                "Worker Number": 1,
                                                                                                                                "Cache Hits": 26636,
                                                                                                                                "Cache Misses": 2,
                                                                                                                                "Cache Evictions": 0,
                                                                                                                                "Cache Overflows": 0,
                                                                                                                                "Peak Memory Usage": 1
                                                                                                                            }
                                                                                                                        ],
                                                                                                                        "Plans": [
                                                                                                                            {
                                                                                                                                "Node Type": "Index Only Scan",
                                                                                                                                "Parent Relationship": "Outer",
                                                                                                                                "Parallel Aware": false,
                                                                                                                                "Async Capable": false,
                                                                                                                                "Scan Direction": "Forward",
                                                                                                                                "Index Name": "info_type_pkey",
                                                                                                                                "Relation Name": "info_type",
                                                                                                                                "Alias": "it1",
                                                                                                                                "Startup Cost": 0.14,
                                                                                                                                "Total Cost": 0.47,
                                                                                                                                "Plan Rows": 1,
                                                                                                                                "Plan Width": 4,
                                                                                                                                "Actual Startup Time": 0.007,
                                                                                                                                "Actual Total Time": 0.007,
                                                                                                                                "Actual Rows": 0,
                                                                                                                                "Actual Loops": 7,
                                                                                                                                "Index Cond": "((id = mi1.info_type_id) AND (id = ANY ('{1,17,98}'::integer[])))",
                                                                                                                                "Rows Removed by Index Recheck": 0,
                                                                                                                                "Heap Fetches": 3,
                                                                                                                                "Workers": []
                                                                                                                            }
                                                                                                                        ]
                                                                                                                    }
                                                                                                                ]
                                                                                                            },
                                                                                                            {
                                                                                                                "Node Type": "Index Scan",
                                                                                                                "Parent Relationship": "Inner",
                                                                                                                "Parallel Aware": false,
                                                                                                                "Async Capable": false,
                                                                                                                "Scan Direction": "Forward",
                                                                                                                "Index Name": "person_id_person_info",
                                                                                                                "Relation Name": "person_info",
                                                                                                                "Alias": "pi1",
                                                                                                                "Startup Cost": 0.43,
                                                                                                                "Total Cost": 14.24,
                                                                                                                "Plan Rows": 1,
                                                                                                                "Plan Width": 8,
                                                                                                                "Actual Startup Time": 0.003,
                                                                                                                "Actual Total Time": 0.003,
                                                                                                                "Actual Rows": 0,
                                                                                                                "Actual Loops": 71524,
                                                                                                                "Index Cond": "(person_id = ci.person_id)",
                                                                                                                "Rows Removed by Index Recheck": 0,
                                                                                                                "Filter": "(info_type_id = 31)",
                                                                                                                "Rows Removed by Filter": 24,
                                                                                                                "Workers": []
                                                                                                            }
                                                                                                        ]
                                                                                                    }
                                                                                                ]
                                                                                            },
                                                                                            {
                                                                                                "Node Type": "Index Scan",
                                                                                                "Parent Relationship": "Inner",
                                                                                                "Parallel Aware": false,
                                                                                                "Async Capable": false,
                                                                                                "Scan Direction": "Forward",
                                                                                                "Index Name": "kind_type_pkey",
                                                                                                "Relation Name": "kind_type",
                                                                                                "Alias": "kt",
                                                                                                "Startup Cost": 0.13,
                                                                                                "Total Cost": 0.15,
                                                                                                "Plan Rows": 1,
                                                                                                "Plan Width": 4,
                                                                                                "Actual Startup Time": 0.0,
                                                                                                "Actual Total Time": 0.0,
                                                                                                "Actual Rows": 1,
                                                                                                "Actual Loops": 13966,
                                                                                                "Index Cond": "(id = t.kind_id)",
                                                                                                "Rows Removed by Index Recheck": 0,
                                                                                                "Filter": "((kind)::text = ANY ('{episode,movie}'::text[]))",
                                                                                                "Rows Removed by Filter": 0
                                                                                            }
                                                                                        ]
                                                                                    },
                                                                                    {
                                                                                        "Node Type": "Seq Scan",
                                                                                        "Parent Relationship": "Inner",
                                                                                        "Parallel Aware": false,
                                                                                        "Async Capable": false,
                                                                                        "Relation Name": "info_type",
                                                                                        "Alias": "it3",
                                                                                        "Startup Cost": 0.0,
                                                                                        "Total Cost": 2.41,
                                                                                        "Plan Rows": 1,
                                                                                        "Plan Width": 4,
                                                                                        "Actual Startup Time": 0.002,
                                                                                        "Actual Total Time": 0.002,
                                                                                        "Actual Rows": 1,
                                                                                        "Actual Loops": 13554,
                                                                                        "Filter": "(id = 100)",
                                                                                        "Rows Removed by Filter": 112
                                                                                    }
                                                                                ]
                                                                            },
                                                                            {
                                                                                "Node Type": "Seq Scan",
                                                                                "Parent Relationship": "Inner",
                                                                                "Parallel Aware": false,
                                                                                "Async Capable": false,
                                                                                "Relation Name": "info_type",
                                                                                "Alias": "it4",
                                                                                "Startup Cost": 0.0,
                                                                                "Total Cost": 2.41,
                                                                                "Plan Rows": 1,
                                                                                "Plan Width": 4,
                                                                                "Actual Startup Time": 0.002,
                                                                                "Actual Total Time": 0.002,
                                                                                "Actual Rows": 1,
                                                                                "Actual Loops": 13554,
                                                                                "Filter": "(id = 101)",
                                                                                "Rows Removed by Filter": 112
                                                                            }
                                                                        ]
                                                                    },
                                                                    {
                                                                        "Node Type": "Index Scan",
                                                                        "Parent Relationship": "Inner",
                                                                        "Parallel Aware": false,
                                                                        "Async Capable": false,
                                                                        "Scan Direction": "Forward",
                                                                        "Index Name": "movie_id_movie_keyword",
                                                                        "Relation Name": "movie_keyword",
                                                                        "Alias": "mk",
                                                                        "Startup Cost": 0.43,
                                                                        "Total Cost": 2.49,
                                                                        "Plan Rows": 46,
                                                                        "Plan Width": 8,
                                                                        "Actual Startup Time": 0.0,
                                                                        "Actual Total Time": 0.001,
                                                                        "Actual Rows": 4,
                                                                        "Actual Loops": 13554,
                                                                        "Index Cond": "(movie_id = ci.movie_id)",
                                                                        "Rows Removed by Index Recheck": 0
                                                                    }
                                                                ]
                                                            },
                                                            {
                                                                "Node Type": "Index Only Scan",
                                                                "Parent Relationship": "Inner",
                                                                "Parallel Aware": false,
                                                                "Async Capable": false,
                                                                "Scan Direction": "Forward",
                                                                "Index Name": "keyword_pkey",
                                                                "Relation Name": "keyword",
                                                                "Alias": "k",
                                                                "Startup Cost": 0.42,
                                                                "Total Cost": 1.57,
                                                                "Plan Rows": 1,
                                                                "Plan Width": 4,
                                                                "Actual Startup Time": 0.001,
                                                                "Actual Total Time": 0.001,
                                                                "Actual Rows": 1,
                                                                "Actual Loops": 60504,
                                                                "Index Cond": "(id = mk.keyword_id)",
                                                                "Rows Removed by Index Recheck": 0,
                                                                "Heap Fetches": 60504
                                                            }
                                                        ]
                                                    },
                                                    {
                                                        "Node Type": "Index Only Scan",
                                                        "Parent Relationship": "Inner",
                                                        "Parallel Aware": false,
                                                        "Async Capable": false,
                                                        "Scan Direction": "Forward",
                                                        "Index Name": "person_id_aka_name",
                                                        "Relation Name": "aka_name",
                                                        "Alias": "an",
                                                        "Startup Cost": 0.42,
                                                        "Total Cost": 2.19,
                                                        "Plan Rows": 2,
                                                        "Plan Width": 4,
                                                        "Actual Startup Time": 0.0,
                                                        "Actual Total Time": 0.001,
                                                        "Actual Rows": 4,
                                                        "Actual Loops": 60504,
                                                        "Index Cond": "(person_id = ci.person_id)",
                                                        "Rows Removed by Index Recheck": 0,
                                                        "Heap Fetches": 268315
                                                    }
                                                ]
                                            },
                                            {
                                                "Node Type": "Index Scan",
                                                "Parent Relationship": "Inner",
                                                "Parallel Aware": false,
                                                "Async Capable": false,
                                                "Scan Direction": "Forward",
                                                "Index Name": "name_pkey",
                                                "Relation Name": "name",
                                                "Alias": "n",
                                                "Startup Cost": 0.43,
                                                "Total Cost": 1.76,
                                                "Plan Rows": 1,
                                                "Plan Width": 4,
                                                "Actual Startup Time": 0.001,
                                                "Actual Total Time": 0.001,
                                                "Actual Rows": 0,
                                                "Actual Loops": 268315,
                                                "Index Cond": "(id = ci.person_id)",
                                                "Rows Removed by Index Recheck": 0,
                                                "Filter": "((((gender)::text = 'm'::text) OR (gender IS NULL)) AND (((name_pcode_nf)::text = ANY ('{A5351,C6235,C6421,C6425,F6362,F6521,J5216,J525,P3623,R1632,R1636,V4356,V5253}'::text[])) OR (name_pcode_nf IS NULL)))",
                                                "Rows Removed by Filter": 1
                                            }
                                        ]
                                    },
                                    {
                                        "Node Type": "Seq Scan",
                                        "Parent Relationship": "Inner",
                                        "Parallel Aware": false,
                                        "Async Capable": false,
                                        "Relation Name": "info_type",
                                        "Alias": "it5",
                                        "Startup Cost": 0.0,
                                        "Total Cost": 2.41,
                                        "Plan Rows": 1,
                                        "Plan Width": 4,
                                        "Actual Startup Time": 0.001,
                                        "Actual Total Time": 0.002,
                                        "Actual Rows": 1,
                                        "Actual Loops": 2630,
                                        "Filter": "(id = 31)",
                                        "Rows Removed by Filter": 112
                                    }
                                ]
                            }
                        ]
                    },
                    "Planning Time": 194.854,
                    "Triggers": [],
                    "Execution Time": 1107.112
                }
            ],
            "hints": [
                "SET enable_hashjoin TO on",
                "SET enable_indexonlyscan TO on",
                "SET enable_indexscan TO on",
                "SET enable_mergejoin TO off",
                "SET enable_nestloop TO on",
                "SET enable_seqscan TO on"
            ]
        }
    ]
}