{
    "sql_file": "8a117.sql",
    "query": "SELECT COUNT(*) FROM title as t,\nkind_type as kt,\ninfo_type as it1,\nmovie_info as mi1,\ncast_info as ci,\nrole_type as rt,\nname as n,\nmovie_keyword as mk,\nkeyword as k,\nmovie_companies as mc,\ncompany_type as ct,\ncompany_name as cn\nWHERE\nt.id = ci.movie_id\nAND t.id = mc.movie_id\nAND t.id = mi1.movie_id\nAND t.id = mk.movie_id\nAND mc.company_type_id = ct.id\nAND mc.company_id = cn.id\nAND k.id = mk.keyword_id\nAND mi1.info_type_id = it1.id\nAND t.kind_id = kt.id\nAND ci.person_id = n.id\nAND ci.role_id = rt.id\nAND (it1.id IN ('7'))\nAND (mi1.info in ('OFM:35 mm','PFM:35 mm','RAT:1.33 : 1','RAT:1.78 : 1','RAT:16:9 HD'))\nAND (kt.kind in ('episode','movie','tv movie','tv series'))\nAND (rt.role in ('actor','composer','editor','miscellaneous crew','producer'))\nAND (n.gender in ('m') OR n.gender IS NULL)\nAND (n.name_pcode_cf in ('A2365','A6252','C52','C6325','E1524','J5252','P6235','Q5325','R1632','R2425','R25','R3626','V4524','V4626'))\nAND (t.production_year <= 2015)\nAND (t.production_year >= 1925)\nAND (cn.name in ('ABS-CBN','British Broadcasting Corporation (BBC)','Granada Television','National Broadcasting Company (NBC)'))\nAND (ct.kind in ('distributors','production companies'))",
    "results": [
        {
            "arm": 0,
            "execution_time": 2995.366,
            "plan": [
                {
                    "Plan": {
                        "Node Type": "Aggregate",
                        "Strategy": "Plain",
                        "Partial Mode": "Simple",
                        "Parallel Aware": false,
                        "Async Capable": false,
                        "Startup Cost": 6987.42,
                        "Total Cost": 6987.43,
                        "Plan Rows": 1,
                        "Plan Width": 8,
                        "Actual Startup Time": 2995.241,
                        "Actual Total Time": 2995.313,
                        "Actual Rows": 1,
                        "Actual Loops": 1,
                        "Plans": [
                            {
                                "Node Type": "Nested Loop",
                                "Parent Relationship": "Outer",
                                "Parallel Aware": false,
                                "Async Capable": false,
                                "Join Type": "Inner",
                                "Startup Cost": 1004.45,
                                "Total Cost": 6987.42,
                                "Plan Rows": 1,
                                "Plan Width": 0,
                                "Actual Startup Time": 5.057,
                                "Actual Total Time": 2991.424,
                                "Actual Rows": 172982,
                                "Actual Loops": 1,
                                "Inner Unique": true,
                                "Plans": [
                                    {
                                        "Node Type": "Nested Loop",
                                        "Parent Relationship": "Outer",
                                        "Parallel Aware": false,
                                        "Async Capable": false,
                                        "Join Type": "Inner",
                                        "Startup Cost": 1004.03,
                                        "Total Cost": 6986.56,
                                        "Plan Rows": 1,
                                        "Plan Width": 4,
                                        "Actual Startup Time": 5.046,
                                        "Actual Total Time": 2871.588,
                                        "Actual Rows": 172982,
                                        "Actual Loops": 1,
                                        "Inner Unique": false,
                                        "Plans": [
                                            {
                                                "Node Type": "Nested Loop",
                                                "Parent Relationship": "Outer",
                                                "Parallel Aware": false,
                                                "Async Capable": false,
                                                "Join Type": "Inner",
                                                "Startup Cost": 1003.6,
                                                "Total Cost": 6984.27,
                                                "Plan Rows": 1,
                                                "Plan Width": 16,
                                                "Actual Startup Time": 3.653,
                                                "Actual Total Time": 2843.193,
                                                "Actual Rows": 13497,
                                                "Actual Loops": 1,
                                                "Inner Unique": false,
                                                "Plans": [
                                                    {
                                                        "Node Type": "Gather",
                                                        "Parent Relationship": "Outer",
                                                        "Parallel Aware": false,
                                                        "Async Capable": false,
                                                        "Startup Cost": 1003.6,
                                                        "Total Cost": 6981.84,
                                                        "Plan Rows": 1,
                                                        "Plan Width": 20,
                                                        "Actual Startup Time": 3.649,
                                                        "Actual Total Time": 2811.003,
                                                        "Actual Rows": 13497,
                                                        "Actual Loops": 1,
                                                        "Workers Planned": 1,
                                                        "Workers Launched": 1,
                                                        "Single Copy": false,
                                                        "Plans": [
                                                            {
                                                                "Node Type": "Nested Loop",
                                                                "Parent Relationship": "Outer",
                                                                "Parallel Aware": false,
                                                                "Async Capable": false,
                                                                "Join Type": "Inner",
                                                                "Startup Cost": 3.6,
                                                                "Total Cost": 5981.74,
                                                                "Plan Rows": 1,
                                                                "Plan Width": 20,
                                                                "Actual Startup Time": 2.585,
                                                                "Actual Total Time": 1842.797,
                                                                "Actual Rows": 6748,
                                                                "Actual Loops": 2,
                                                                "Inner Unique": true,
                                                                "Workers": [],
                                                                "Plans": [
                                                                    {
                                                                        "Node Type": "Nested Loop",
                                                                        "Parent Relationship": "Outer",
                                                                        "Parallel Aware": false,
                                                                        "Async Capable": false,
                                                                        "Join Type": "Inner",
                                                                        "Startup Cost": 3.17,
                                                                        "Total Cost": 5980.65,
                                                                        "Plan Rows": 1,
                                                                        "Plan Width": 24,
                                                                        "Actual Startup Time": 0.578,
                                                                        "Actual Total Time": 1075.124,
                                                                        "Actual Rows": 680860,
                                                                        "Actual Loops": 2,
                                                                        "Inner Unique": true,
                                                                        "Workers": [],
                                                                        "Plans": [
                                                                            {
                                                                                "Node Type": "Nested Loop",
                                                                                "Parent Relationship": "Outer",
                                                                                "Parallel Aware": false,
                                                                                "Async Capable": false,
                                                                                "Join Type": "Inner",
                                                                                "Startup Cost": 3.03,
                                                                                "Total Cost": 5980.01,
                                                                                "Plan Rows": 4,
                                                                                "Plan Width": 28,
                                                                                "Actual Startup Time": 0.457,
                                                                                "Actual Total Time": 706.269,
                                                                                "Actual Rows": 987842,
                                                                                "Actual Loops": 2,
                                                                                "Inner Unique": false,
                                                                                "Workers": [],
                                                                                "Plans": [
                                                                                    {
                                                                                        "Node Type": "Nested Loop",
                                                                                        "Parent Relationship": "Outer",
                                                                                        "Parallel Aware": false,
                                                                                        "Async Capable": false,
                                                                                        "Join Type": "Inner",
                                                                                        "Startup Cost": 2.59,
                                                                                        "Total Cost": 5958.08,
                                                                                        "Plan Rows": 1,
                                                                                        "Plan Width": 16,
                                                                                        "Actual Startup Time": 0.444,
                                                                                        "Actual Total Time": 276.168,
                                                                                        "Actual Rows": 42039,
                                                                                        "Actual Loops": 2,
                                                                                        "Inner Unique": false,
                                                                                        "Join Filter": "(t.id = mi1.movie_id)",
                                                                                        "Rows Removed by Join Filter": 0,
                                                                                        "Workers": [],
                                                                                        "Plans": [
                                                                                            {
                                                                                                "Node Type": "Hash Join",
                                                                                                "Parent Relationship": "Outer",
                                                                                                "Parallel Aware": false,
                                                                                                "Async Capable": false,
                                                                                                "Join Type": "Inner",
                                                                                                "Startup Cost": 2.15,
                                                                                                "Total Cost": 5835.88,
                                                                                                "Plan Rows": 7,
                                                                                                "Plan Width": 8,
                                                                                                "Actual Startup Time": 0.41,
                                                                                                "Actual Total Time": 107.302,
                                                                                                "Actual Rows": 49336,
                                                                                                "Actual Loops": 2,
                                                                                                "Inner Unique": true,
                                                                                                "Hash Cond": "(t.kind_id = kt.id)",
                                                                                                "Workers": [],
                                                                                                "Plans": [
                                                                                                    {
                                                                                                        "Node Type": "Nested Loop",
                                                                                                        "Parent Relationship": "Outer",
                                                                                                        "Parallel Aware": false,
                                                                                                        "Async Capable": false,
                                                                                                        "Join Type": "Inner",
                                                                                                        "Startup Cost": 1.0,
                                                                                                        "Total Cost": 5834.67,
                                                                                                        "Plan Rows": 12,
                                                                                                        "Plan Width": 12,
                                                                                                        "Actual Startup Time": 0.385,
                                                                                                        "Actual Total Time": 103.662,
                                                                                                        "Actual Rows": 49394,
                                                                                                        "Actual Loops": 2,
                                                                                                        "Inner Unique": true,
                                                                                                        "Workers": [],
                                                                                                        "Plans": [
                                                                                                            {
                                                                                                                "Node Type": "Nested Loop",
                                                                                                                "Parent Relationship": "Outer",
                                                                                                                "Parallel Aware": false,
                                                                                                                "Async Capable": false,
                                                                                                                "Join Type": "Inner",
                                                                                                                "Startup Cost": 0.57,
                                                                                                                "Total Cost": 5821.02,
                                                                                                                "Plan Rows": 13,
                                                                                                                "Plan Width": 4,
                                                                                                                "Actual Startup Time": 0.37,
                                                                                                                "Actual Total Time": 30.059,
                                                                                                                "Actual Rows": 49740,
                                                                                                                "Actual Loops": 2,
                                                                                                                "Inner Unique": true,
                                                                                                                "Workers": [],
                                                                                                                "Plans": [
                                                                                                                    {
                                                                                                                        "Node Type": "Nested Loop",
                                                                                                                        "Parent Relationship": "Outer",
                                                                                                                        "Parallel Aware": false,
                                                                                                                        "Async Capable": false,
                                                                                                                        "Join Type": "Inner",
                                                                                                                        "Startup Cost": 0.43,
                                                                                                                        "Total Cost": 5819.97,
                                                                                                                        "Plan Rows": 26,
                                                                                                                        "Plan Width": 8,
                                                                                                                        "Actual Startup Time": 0.361,
                                                                                                                        "Actual Total Time": 22.962,
                                                                                                                        "Actual Rows": 49740,
                                                                                                                        "Actual Loops": 2,
                                                                                                                        "Inner Unique": false,
                                                                                                                        "Workers": [],
                                                                                                                        "Plans": [
                                                                                                                            {
                                                                                                                                "Node Type": "Seq Scan",
                                                                                                                                "Parent Relationship": "Outer",
                                                                                                                                "Parallel Aware": true,
                                                                                                                                "Async Capable": false,
                                                                                                                                "Relation Name": "company_name",
                                                                                                                                "Alias": "cn",
                                                                                                                                "Startup Cost": 0.0,
                                                                                                                                "Total Cost": 5113.5,
                                                                                                                                "Plan Rows": 2,
                                                                                                                                "Plan Width": 4,
                                                                                                                                "Actual Startup Time": 0.339,
                                                                                                                                "Actual Total Time": 7.005,
                                                                                                                                "Actual Rows": 3,
                                                                                                                                "Actual Loops": 2,
                                                                                                                                "Filter": "(name = ANY ('{ABS-CBN,\"British Broadcasting Corporation (BBC)\",\"Granada Television\",\"National Broadcasting Company (NBC)\"}'::text[]))",
                                                                                                                                "Rows Removed by Filter": 117496,
                                                                                                                                "Workers": []
                                                                                                                            },
                                                                                                                            {
                                                                                                                                "Node Type": "Index Scan",
                                                                                                                                "Parent Relationship": "Inner",
                                                                                                                                "Parallel Aware": false,
                                                                                                                                "Async Capable": false,
                                                                                                                                "Scan Direction": "Forward",
                                                                                                                                "Index Name": "company_id_movie_companies",
                                                                                                                                "Relation Name": "movie_companies",
                                                                                                                                "Alias": "mc",
                                                                                                                                "Startup Cost": 0.43,
                                                                                                                                "Total Cost": 351.9,
                                                                                                                                "Plan Rows": 133,
                                                                                                                                "Plan Width": 12,
                                                                                                                                "Actual Startup Time": 0.012,
                                                                                                                                "Actual Total Time": 4.508,
                                                                                                                                "Actual Rows": 16580,
                                                                                                                                "Actual Loops": 6,
                                                                                                                                "Index Cond": "(company_id = cn.id)",
                                                                                                                                "Rows Removed by Index Recheck": 0,
                                                                                                                                "Workers": []
                                                                                                                            }
                                                                                                                        ]
                                                                                                                    },
                                                                                                                    {
                                                                                                                        "Node Type": "Memoize",
                                                                                                                        "Parent Relationship": "Inner",
                                                                                                                        "Parallel Aware": false,
                                                                                                                        "Async Capable": false,
                                                                                                                        "Startup Cost": 0.14,
                                                                                                                        "Total Cost": 0.16,
                                                                                                                        "Plan Rows": 1,
                                                                                                                        "Plan Width": 4,
                                                                                                                        "Actual Startup Time": 0.0,
                                                                                                                        "Actual Total Time": 0.0,
                                                                                                                        "Actual Rows": 1,
                                                                                                                        "Actual Loops": 99481,
                                                                                                                        "Cache Key": "mc.company_type_id",
                                                                                                                        "Cache Mode": "logical",
                                                                                                                        "Cache Hits": 47250,
                                                                                                                        "Cache Misses": 2,
                                                                                                                        "Cache Evictions": 0,
                                                                                                                        "Cache Overflows": 0,
                                                                                                                        "Peak Memory Usage": 1,
                                                                                                                        "Workers": [
                                                                                                                            {
                                                                                                                                "Worker Number": 0,
                                                                                                                                "Cache Hits": 52227,
                                                                                                                                "Cache Misses": 2,
                                                                                                                                "Cache Evictions": 0,
                                                                                                                                "Cache Overflows": 0,
                                                                                                                                "Peak Memory Usage": 1
                                                                                                                            }
                                                                                                                        ],
                                                                                                                        "Plans": [
                                                                                                                            {
                                                                                                                                "Node Type": "Index Scan",
                                                                                                                                "Parent Relationship": "Outer",
                                                                                                                                "Parallel Aware": false,
                                                                                                                                "Async Capable": false,
                                                                                                                                "Scan Direction": "Forward",
                                                                                                                                "Index Name": "company_type_pkey",
                                                                                                                                "Relation Name": "company_type",
                                                                                                                                "Alias": "ct",
                                                                                                                                "Startup Cost": 0.13,
                                                                                                                                "Total Cost": 0.15,
                                                                                                                                "Plan Rows": 1,
                                                                                                                                "Plan Width": 4,
                                                                                                                                "Actual Startup Time": 0.005,
                                                                                                                                "Actual Total Time": 0.005,
                                                                                                                                "Actual Rows": 1,
                                                                                                                                "Actual Loops": 4,
                                                                                                                                "Index Cond": "(id = mc.company_type_id)",
                                                                                                                                "Rows Removed by Index Recheck": 0,
                                                                                                                                "Filter": "((kind)::text = ANY ('{distributors,\"production companies\"}'::text[]))",
                                                                                                                                "Rows Removed by Filter": 0,
                                                                                                                                "Workers": []
                                                                                                                            }
                                                                                                                        ]
                                                                                                                    }
                                                                                                                ]
                                                                                                            },
                                                                                                            {
                                                                                                                "Node Type": "Index Scan",
                                                                                                                "Parent Relationship": "Inner",
                                                                                                                "Parallel Aware": false,
                                                                                                                "Async Capable": false,
                                                                                                                "Scan Direction": "Forward",
                                                                                                                "Index Name": "title_pkey",
                                                                                                                "Relation Name": "title",
                                                                                                                "Alias": "t",
                                                                                                                "Startup Cost": 0.43,
                                                                                                                "Total Cost": 1.05,
                                                                                                                "Plan Rows": 1,
                                                                                                                "Plan Width": 8,
                                                                                                                "Actual Startup Time": 0.001,
                                                                                                                "Actual Total Time": 0.001,
                                                                                                                "Actual Rows": 1,
                                                                                                                "Actual Loops": 99481,
                                                                                                                "Index Cond": "(id = mc.movie_id)",
                                                                                                                "Rows Removed by Index Recheck": 0,
                                                                                                                "Filter": "((production_year <= 2015) AND (production_year >= 1925))",
                                                                                                                "Rows Removed by Filter": 0,
                                                                                                                "Workers": []
                                                                                                            }
                                                                                                        ]
                                                                                                    },
                                                                                                    {
                                                                                                        "Node Type": "Hash",
                                                                                                        "Parent Relationship": "Inner",
                                                                                                        "Parallel Aware": false,
                                                                                                        "Async Capable": false,
                                                                                                        "Startup Cost": 1.1,
                                                                                                        "Total Cost": 1.1,
                                                                                                        "Plan Rows": 4,
                                                                                                        "Plan Width": 4,
                                                                                                        "Actual Startup Time": 0.008,
                                                                                                        "Actual Total Time": 0.008,
                                                                                                        "Actual Rows": 4,
                                                                                                        "Actual Loops": 2,
                                                                                                        "Hash Buckets": 1024,
                                                                                                        "Original Hash Buckets": 1024,
                                                                                                        "Hash Batches": 1,
                                                                                                        "Original Hash Batches": 1,
                                                                                                        "Peak Memory Usage": 9,
                                                                                                        "Workers": [],
                                                                                                        "Plans": [
                                                                                                            {
                                                                                                                "Node Type": "Seq Scan",
                                                                                                                "Parent Relationship": "Outer",
                                                                                                                "Parallel Aware": false,
                                                                                                                "Async Capable": false,
                                                                                                                "Relation Name": "kind_type",
                                                                                                                "Alias": "kt",
                                                                                                                "Startup Cost": 0.0,
                                                                                                                "Total Cost": 1.1,
                                                                                                                "Plan Rows": 4,
                                                                                                                "Plan Width": 4,
                                                                                                                "Actual Startup Time": 0.005,
                                                                                                                "Actual Total Time": 0.006,
                                                                                                                "Actual Rows": 4,
                                                                                                                "Actual Loops": 2,
                                                                                                                "Filter": "((kind)::text = ANY ('{episode,movie,\"tv movie\",\"tv series\"}'::text[]))",
                                                                                                                "Rows Removed by Filter": 3,
                                                                                                                "Workers": []
                                                                                                            }
                                                                                                        ]
                                                                                                    }
                                                                                                ]
                                                                                            },
                                                                                            {
                                                                                                "Node Type": "Index Scan",
                                                                                                "Parent Relationship": "Inner",
                                                                                                "Parallel Aware": false,
                                                                                                "Async Capable": false,
                                                                                                "Scan Direction": "Forward",
                                                                                                "Index Name": "movie_id_movie_info",
                                                                                                "Relation Name": "movie_info",
                                                                                                "Alias": "mi1",
                                                                                                "Startup Cost": 0.43,
                                                                                                "Total Cost": 17.44,
                                                                                                "Plan Rows": 1,
                                                                                                "Plan Width": 8,
                                                                                                "Actual Startup Time": 0.002,
                                                                                                "Actual Total Time": 0.003,
                                                                                                "Actual Rows": 1,
                                                                                                "Actual Loops": 98672,
                                                                                                "Index Cond": "(movie_id = mc.movie_id)",
                                                                                                "Rows Removed by Index Recheck": 0,
                                                                                                "Filter": "((info_type_id = 7) AND (info = ANY ('{\"OFM:35 mm\",\"PFM:35 mm\",\"RAT:1.33 : 1\",\"RAT:1.78 : 1\",\"RAT:16:9 HD\"}'::text[])))",
                                                                                                "Rows Removed by Filter": 9,
                                                                                                "Workers": []
                                                                                            }
                                                                                        ]
                                                                                    },
                                                                                    {
                                                                                        "Node Type": "Index Scan",
                                                                                        "Parent Relationship": "Inner",
                                                                                        "Parallel Aware": false,
                                                                                        "Async Capable": false,
                                                                                        "Scan Direction": "Forward",
                                                                                        "Index Name": "movie_id_cast_info",
                                                                                        "Relation Name": "cast_info",
                                                                                        "Alias": "ci",
                                                                                        "Startup Cost": 0.44,
                                                                                        "Total Cost": 21.55,
                                                                                        "Plan Rows": 38,
                                                                                        "Plan Width": 12,
                                                                                        "Actual Startup Time": 0.001,
                                                                                        "Actual Total Time": 0.009,
                                                                                        "Actual Rows": 23,
                                                                                        "Actual Loops": 84078,
                                                                                        "Index Cond": "(movie_id = t.id)",
                                                                                        "Rows Removed by Index Recheck": 0,
                                                                                        "Workers": []
                                                                                    }
                                                                                ]
                                                                            },
                                                                            {
                                                                                "Node Type": "Index Scan",
                                                                                "Parent Relationship": "Inner",
                                                                                "Parallel Aware": false,
                                                                                "Async Capable": false,
                                                                                "Scan Direction": "Forward",
                                                                                "Index Name": "role_type_pkey",
                                                                                "Relation Name": "role_type",
                                                                                "Alias": "rt",
                                                                                "Startup Cost": 0.14,
                                                                                "Total Cost": 0.16,
                                                                                "Plan Rows": 1,
                                                                                "Plan Width": 4,
                                                                                "Actual Startup Time": 0.0,
                                                                                "Actual Total Time": 0.0,
                                                                                "Actual Rows": 1,
                                                                                "Actual Loops": 1975683,
                                                                                "Index Cond": "(id = ci.role_id)",
                                                                                "Rows Removed by Index Recheck": 0,
                                                                                "Filter": "((role)::text = ANY ('{actor,composer,editor,\"miscellaneous crew\",producer}'::text[]))",
                                                                                "Rows Removed by Filter": 0,
                                                                                "Workers": []
                                                                            }
                                                                        ]
                                                                    },
                                                                    {
                                                                        "Node Type": "Index Scan",
                                                                        "Parent Relationship": "Inner",
                                                                        "Parallel Aware": false,
                                                                        "Async Capable": false,
                                                                        "Scan Direction": "Forward",
                                                                        "Index Name": "name_pkey",
                                                                        "Relation Name": "name",
                                                                        "Alias": "n",
                                                                        "Startup Cost": 0.43,
                                                                        "Total Cost": 1.09,
                                                                        "Plan Rows": 1,
                                                                        "Plan Width": 4,
                                                                        "Actual Startup Time": 0.001,
                                                                        "Actual Total Time": 0.001,
                                                                        "Actual Rows": 0,
                                                                        "Actual Loops": 1361720,
                                                                        "Index Cond": "(id = ci.person_id)",
                                                                        "Rows Removed by Index Recheck": 0,
                                                                        "Filter": "((((gender)::text = 'm'::text) OR (gender IS NULL)) AND ((name_pcode_cf)::text = ANY ('{A2365,A6252,C52,C6325,E1524,J5252,P6235,Q5325,R1632,R2425,R25,R3626,V4524,V4626}'::text[])))",
                                                                        "Rows Removed by Filter": 1,
                                                                        "Workers": []
                                                                    }
                                                                ]
                                                            }
                                                        ]
                                                    },
                                                    {
                                                        "Node Type": "Seq Scan",
                                                        "Parent Relationship": "Inner",
                                                        "Parallel Aware": false,
                                                        "Async Capable": false,
                                                        "Relation Name": "info_type",
                                                        "Alias": "it1",
                                                        "Startup Cost": 0.0,
                                                        "Total Cost": 2.41,
                                                        "Plan Rows": 1,
                                                        "Plan Width": 4,
                                                        "Actual Startup Time": 0.001,
                                                        "Actual Total Time": 0.002,
                                                        "Actual Rows": 1,
                                                        "Actual Loops": 13497,
                                                        "Filter": "(id = 7)",
                                                        "Rows Removed by Filter": 112
                                                    }
                                                ]
                                            },
                                            {
                                                "Node Type": "Index Scan",
                                                "Parent Relationship": "Inner",
                                                "Parallel Aware": false,
                                                "Async Capable": false,
                                                "Scan Direction": "Forward",
                                                "Index Name": "movie_id_movie_keyword",
                                                "Relation Name": "movie_keyword",
                                                "Alias": "mk",
                                                "Startup Cost": 0.43,
                                                "Total Cost": 1.84,
                                                "Plan Rows": 46,
                                                "Plan Width": 8,
                                                "Actual Startup Time": 0.001,
                                                "Actual Total Time": 0.001,
                                                "Actual Rows": 13,
                                                "Actual Loops": 13497,
                                                "Index Cond": "(movie_id = t.id)",
                                                "Rows Removed by Index Recheck": 0
                                            }
                                        ]
                                    },
                                    {
                                        "Node Type": "Index Only Scan",
                                        "Parent Relationship": "Inner",
                                        "Parallel Aware": false,
                                        "Async Capable": false,
                                        "Scan Direction": "Forward",
                                        "Index Name": "keyword_pkey",
                                        "Relation Name": "keyword",
                                        "Alias": "k",
                                        "Startup Cost": 0.42,
                                        "Total Cost": 0.86,
                                        "Plan Rows": 1,
                                        "Plan Width": 4,
                                        "Actual Startup Time": 0.001,
                                        "Actual Total Time": 0.001,
                                        "Actual Rows": 1,
                                        "Actual Loops": 172982,
                                        "Index Cond": "(id = mk.keyword_id)",
                                        "Rows Removed by Index Recheck": 0,
                                        "Heap Fetches": 172982
                                    }
                                ]
                            }
                        ]
                    },
                    "Planning Time": 21.98,
                    "Triggers": [],
                    "Execution Time": 2995.366
                }
            ],
            "hints": [
                "SET enable_hashjoin TO on",
                "SET enable_indexonlyscan TO on",
                "SET enable_indexscan TO on",
                "SET enable_mergejoin TO on",
                "SET enable_nestloop TO on",
                "SET enable_seqscan TO on"
            ]
        },
        {
            "arm": 1,
            "execution_time": 20000,
            "plan": "Query execution error: canceling statement due to statement timeout\n",
            "hints": [
                "SET enable_hashjoin TO on",
                "SET enable_indexonlyscan TO on",
                "SET enable_indexscan TO on",
                "SET enable_mergejoin TO on",
                "SET enable_nestloop TO off",
                "SET enable_seqscan TO on"
            ]
        },
        {
            "arm": 2,
            "execution_time": 20000,
            "plan": "Query execution error: canceling statement due to statement timeout\n",
            "hints": [
                "SET enable_hashjoin TO on",
                "SET enable_indexonlyscan TO on",
                "SET enable_indexscan TO off",
                "SET enable_mergejoin TO off",
                "SET enable_nestloop TO on",
                "SET enable_seqscan TO on"
            ]
        },
        {
            "arm": 3,
            "execution_time": 10361.355,
            "plan": [
                {
                    "Plan": {
                        "Node Type": "Aggregate",
                        "Strategy": "Plain",
                        "Partial Mode": "Simple",
                        "Parallel Aware": false,
                        "Async Capable": false,
                        "Startup Cost": 10001636865.09,
                        "Total Cost": 10001636865.1,
                        "Plan Rows": 1,
                        "Plan Width": 8,
                        "Actual Startup Time": 10361.234,
                        "Actual Total Time": 10361.249,
                        "Actual Rows": 1,
                        "Actual Loops": 1,
                        "Plans": [
                            {
                                "Node Type": "Hash Join",
                                "Parent Relationship": "Outer",
                                "Parallel Aware": false,
                                "Async Capable": false,
                                "Join Type": "Inner",
                                "Startup Cost": 10001456130.49,
                                "Total Cost": 10001636865.09,
                                "Plan Rows": 1,
                                "Plan Width": 0,
                                "Actual Startup Time": 9279.304,
                                "Actual Total Time": 10357.683,
                                "Actual Rows": 172982,
                                "Actual Loops": 1,
                                "Inner Unique": false,
                                "Hash Cond": "(n.id = ci.person_id)",
                                "Plans": [
                                    {
                                        "Node Type": "Seq Scan",
                                        "Parent Relationship": "Outer",
                                        "Parallel Aware": false,
                                        "Async Capable": false,
                                        "Relation Name": "name",
                                        "Alias": "n",
                                        "Startup Cost": 0.0,
                                        "Total Cost": 180680.73,
                                        "Plan Rows": 14363,
                                        "Plan Width": 4,
                                        "Actual Startup Time": 0.117,
                                        "Actual Total Time": 510.761,
                                        "Actual Rows": 25664,
                                        "Actual Loops": 1,
                                        "Filter": "((((gender)::text = 'm'::text) OR (gender IS NULL)) AND ((name_pcode_cf)::text = ANY ('{A2365,A6252,C52,C6325,E1524,J5252,P6235,Q5325,R1632,R2425,R25,R3626,V4524,V4626}'::text[])))",
                                        "Rows Removed by Filter": 4141827
                                    },
                                    {
                                        "Node Type": "Hash",
                                        "Parent Relationship": "Inner",
                                        "Parallel Aware": false,
                                        "Async Capable": false,
                                        "Startup Cost": 10001456130.44,
                                        "Total Cost": 10001456130.44,
                                        "Plan Rows": 4,
                                        "Plan Width": 4,
                                        "Actual Startup Time": 9270.686,
                                        "Actual Total Time": 9270.7,
                                        "Actual Rows": 18813286,
                                        "Actual Loops": 1,
                                        "Hash Buckets": 524288,
                                        "Original Hash Buckets": 1024,
                                        "Hash Batches": 64,
                                        "Original Hash Batches": 1,
                                        "Peak Memory Usage": 13574,
                                        "Plans": [
                                            {
                                                "Node Type": "Hash Join",
                                                "Parent Relationship": "Outer",
                                                "Parallel Aware": false,
                                                "Async Capable": false,
                                                "Join Type": "Inner",
                                                "Startup Cost": 10000705050.53,
                                                "Total Cost": 10001456130.44,
                                                "Plan Rows": 4,
                                                "Plan Width": 4,
                                                "Actual Startup Time": 2318.374,
                                                "Actual Total Time": 8446.144,
                                                "Actual Rows": 18813286,
                                                "Actual Loops": 1,
                                                "Inner Unique": true,
                                                "Hash Cond": "(ci.role_id = rt.id)",
                                                "Plans": [
                                                    {
                                                        "Node Type": "Hash Join",
                                                        "Parent Relationship": "Outer",
                                                        "Parallel Aware": false,
                                                        "Async Capable": false,
                                                        "Join Type": "Inner",
                                                        "Startup Cost": 10000705049.27,
                                                        "Total Cost": 10001456129.14,
                                                        "Plan Rows": 10,
                                                        "Plan Width": 8,
                                                        "Actual Startup Time": 2318.365,
                                                        "Actual Total Time": 7306.791,
                                                        "Actual Rows": 24545348,
                                                        "Actual Loops": 1,
                                                        "Inner Unique": false,
                                                        "Hash Cond": "(ci.movie_id = t.id)",
                                                        "Plans": [
                                                            {
                                                                "Node Type": "Seq Scan",
                                                                "Parent Relationship": "Outer",
                                                                "Parallel Aware": false,
                                                                "Async Capable": false,
                                                                "Relation Name": "cast_info",
                                                                "Alias": "ci",
                                                                "Startup Cost": 0.0,
                                                                "Total Cost": 615163.44,
                                                                "Plan Rows": 36244344,
                                                                "Plan Width": 12,
                                                                "Actual Startup Time": 0.003,
                                                                "Actual Total Time": 1143.943,
                                                                "Actual Rows": 36244344,
                                                                "Actual Loops": 1
                                                            },
                                                            {
                                                                "Node Type": "Hash",
                                                                "Parent Relationship": "Inner",
                                                                "Parallel Aware": false,
                                                                "Async Capable": false,
                                                                "Startup Cost": 10000705049.26,
                                                                "Total Cost": 10000705049.26,
                                                                "Plan Rows": 1,
                                                                "Plan Width": 16,
                                                                "Actual Startup Time": 2318.209,
                                                                "Actual Total Time": 2318.221,
                                                                "Actual Rows": 373622,
                                                                "Actual Loops": 1,
                                                                "Hash Buckets": 524288,
                                                                "Original Hash Buckets": 1024,
                                                                "Hash Batches": 2,
                                                                "Original Hash Batches": 1,
                                                                "Peak Memory Usage": 12509,
                                                                "Plans": [
                                                                    {
                                                                        "Node Type": "Hash Join",
                                                                        "Parent Relationship": "Outer",
                                                                        "Parallel Aware": false,
                                                                        "Async Capable": false,
                                                                        "Join Type": "Inner",
                                                                        "Startup Cost": 10000702196.41,
                                                                        "Total Cost": 10000705049.26,
                                                                        "Plan Rows": 1,
                                                                        "Plan Width": 16,
                                                                        "Actual Startup Time": 2253.384,
                                                                        "Actual Total Time": 2298.256,
                                                                        "Actual Rows": 373622,
                                                                        "Actual Loops": 1,
                                                                        "Inner Unique": false,
                                                                        "Hash Cond": "(k.id = mk.keyword_id)",
                                                                        "Plans": [
                                                                            {
                                                                                "Node Type": "Seq Scan",
                                                                                "Parent Relationship": "Outer",
                                                                                "Parallel Aware": false,
                                                                                "Async Capable": false,
                                                                                "Relation Name": "keyword",
                                                                                "Alias": "k",
                                                                                "Startup Cost": 0.0,
                                                                                "Total Cost": 2349.7,
                                                                                "Plan Rows": 134170,
                                                                                "Plan Width": 4,
                                                                                "Actual Startup Time": 0.003,
                                                                                "Actual Total Time": 4.878,
                                                                                "Actual Rows": 134170,
                                                                                "Actual Loops": 1
                                                                            },
                                                                            {
                                                                                "Node Type": "Hash",
                                                                                "Parent Relationship": "Inner",
                                                                                "Parallel Aware": false,
                                                                                "Async Capable": false,
                                                                                "Startup Cost": 10000702196.4,
                                                                                "Total Cost": 10000702196.4,
                                                                                "Plan Rows": 1,
                                                                                "Plan Width": 20,
                                                                                "Actual Startup Time": 2253.378,
                                                                                "Actual Total Time": 2253.389,
                                                                                "Actual Rows": 373622,
                                                                                "Actual Loops": 1,
                                                                                "Hash Buckets": 524288,
                                                                                "Original Hash Buckets": 1024,
                                                                                "Hash Batches": 2,
                                                                                "Original Hash Batches": 1,
                                                                                "Peak Memory Usage": 13504,
                                                                                "Plans": [
                                                                                    {
                                                                                        "Node Type": "Hash Join",
                                                                                        "Parent Relationship": "Outer",
                                                                                        "Parallel Aware": false,
                                                                                        "Async Capable": false,
                                                                                        "Join Type": "Inner",
                                                                                        "Startup Cost": 10000615512.34,
                                                                                        "Total Cost": 10000702196.4,
                                                                                        "Plan Rows": 1,
                                                                                        "Plan Width": 20,
                                                                                        "Actual Startup Time": 1933.616,
                                                                                        "Actual Total Time": 2230.82,
                                                                                        "Actual Rows": 373622,
                                                                                        "Actual Loops": 1,
                                                                                        "Inner Unique": false,
                                                                                        "Hash Cond": "(mk.movie_id = t.id)",
                                                                                        "Plans": [
                                                                                            {
                                                                                                "Node Type": "Seq Scan",
                                                                                                "Parent Relationship": "Outer",
                                                                                                "Parallel Aware": false,
                                                                                                "Async Capable": false,
                                                                                                "Relation Name": "movie_keyword",
                                                                                                "Alias": "mk",
                                                                                                "Startup Cost": 0.0,
                                                                                                "Total Cost": 69719.3,
                                                                                                "Plan Rows": 4523930,
                                                                                                "Plan Width": 8,
                                                                                                "Actual Startup Time": 0.003,
                                                                                                "Actual Total Time": 148.559,
                                                                                                "Actual Rows": 4523930,
                                                                                                "Actual Loops": 1
                                                                                            },
                                                                                            {
                                                                                                "Node Type": "Hash",
                                                                                                "Parent Relationship": "Inner",
                                                                                                "Parallel Aware": false,
                                                                                                "Async Capable": false,
                                                                                                "Startup Cost": 10000615512.33,
                                                                                                "Total Cost": 10000615512.33,
                                                                                                "Plan Rows": 1,
                                                                                                "Plan Width": 12,
                                                                                                "Actual Startup Time": 1933.604,
                                                                                                "Actual Total Time": 1933.613,
                                                                                                "Actual Rows": 84078,
                                                                                                "Actual Loops": 1,
                                                                                                "Hash Buckets": 131072,
                                                                                                "Original Hash Buckets": 1024,
                                                                                                "Hash Batches": 1,
                                                                                                "Original Hash Batches": 1,
                                                                                                "Peak Memory Usage": 4637,
                                                                                                "Plans": [
                                                                                                    {
                                                                                                        "Node Type": "Hash Join",
                                                                                                        "Parent Relationship": "Outer",
                                                                                                        "Parallel Aware": false,
                                                                                                        "Async Capable": false,
                                                                                                        "Join Type": "Inner",
                                                                                                        "Startup Cost": 10000608944.51,
                                                                                                        "Total Cost": 10000615512.33,
                                                                                                        "Plan Rows": 1,
                                                                                                        "Plan Width": 12,
                                                                                                        "Actual Startup Time": 1840.96,
                                                                                                        "Actual Total Time": 1930.081,
                                                                                                        "Actual Rows": 84078,
                                                                                                        "Actual Loops": 1,
                                                                                                        "Inner Unique": false,
                                                                                                        "Hash Cond": "(cn.id = mc.company_id)",
                                                                                                        "Plans": [
                                                                                                            {
                                                                                                                "Node Type": "Seq Scan",
                                                                                                                "Parent Relationship": "Outer",
                                                                                                                "Parallel Aware": false,
                                                                                                                "Async Capable": false,
                                                                                                                "Relation Name": "company_name",
                                                                                                                "Alias": "cn",
                                                                                                                "Startup Cost": 0.0,
                                                                                                                "Total Cost": 6564.95,
                                                                                                                "Plan Rows": 4,
                                                                                                                "Plan Width": 4,
                                                                                                                "Actual Startup Time": 0.475,
                                                                                                                "Actual Total Time": 13.849,
                                                                                                                "Actual Rows": 6,
                                                                                                                "Actual Loops": 1,
                                                                                                                "Filter": "(name = ANY ('{ABS-CBN,\"British Broadcasting Corporation (BBC)\",\"Granada Television\",\"National Broadcasting Company (NBC)\"}'::text[]))",
                                                                                                                "Rows Removed by Filter": 234991
                                                                                                            },
                                                                                                            {
                                                                                                                "Node Type": "Hash",
                                                                                                                "Parent Relationship": "Inner",
                                                                                                                "Parallel Aware": false,
                                                                                                                "Async Capable": false,
                                                                                                                "Startup Cost": 10000608653.23,
                                                                                                                "Total Cost": 10000608653.23,
                                                                                                                "Plan Rows": 23302,
                                                                                                                "Plan Width": 16,
                                                                                                                "Actual Startup Time": 1840.47,
                                                                                                                "Actual Total Time": 1840.478,
                                                                                                                "Actual Rows": 1968418,
                                                                                                                "Actual Loops": 1,
                                                                                                                "Hash Buckets": 524288,
                                                                                                                "Original Hash Buckets": 32768,
                                                                                                                "Hash Batches": 16,
                                                                                                                "Original Hash Batches": 1,
                                                                                                                "Peak Memory Usage": 12289,
                                                                                                                "Plans": [
                                                                                                                    {
                                                                                                                        "Node Type": "Hash Join",
                                                                                                                        "Parent Relationship": "Outer",
                                                                                                                        "Parallel Aware": false,
                                                                                                                        "Async Capable": false,
                                                                                                                        "Join Type": "Inner",
                                                                                                                        "Startup Cost": 10000553235.71,
                                                                                                                        "Total Cost": 10000608653.23,
                                                                                                                        "Plan Rows": 23302,
                                                                                                                        "Plan Width": 16,
                                                                                                                        "Actual Startup Time": 1148.31,
                                                                                                                        "Actual Total Time": 1726.421,
                                                                                                                        "Actual Rows": 1968418,
                                                                                                                        "Actual Loops": 1,
                                                                                                                        "Inner Unique": true,
                                                                                                                        "Hash Cond": "(mc.company_type_id = ct.id)",
                                                                                                                        "Plans": [
                                                                                                                            {
                                                                                                                                "Node Type": "Hash Join",
                                                                                                                                "Parent Relationship": "Outer",
                                                                                                                                "Parallel Aware": false,
                                                                                                                                "Async Capable": false,
                                                                                                                                "Join Type": "Inner",
                                                                                                                                "Startup Cost": 10000553234.64,
                                                                                                                                "Total Cost": 10000608400.2,
                                                                                                                                "Plan Rows": 46604,
                                                                                                                                "Plan Width": 20,
                                                                                                                                "Actual Startup Time": 1148.304,
                                                                                                                                "Actual Total Time": 1606.77,
                                                                                                                                "Actual Rows": 1968418,
                                                                                                                                "Actual Loops": 1,
                                                                                                                                "Inner Unique": false,
                                                                                                                                "Hash Cond": "(mc.movie_id = t.id)",
                                                                                                                                "Plans": [
                                                                                                                                    {
                                                                                                                                        "Node Type": "Seq Scan",
                                                                                                                                        "Parent Relationship": "Outer",
                                                                                                                                        "Parallel Aware": false,
                                                                                                                                        "Async Capable": false,
                                                                                                                                        "Relation Name": "movie_companies",
                                                                                                                                        "Alias": "mc",
                                                                                                                                        "Startup Cost": 0.0,
                                                                                                                                        "Total Cost": 44915.29,
                                                                                                                                        "Plan Rows": 2609129,
                                                                                                                                        "Plan Width": 12,
                                                                                                                                        "Actual Startup Time": 0.004,
                                                                                                                                        "Actual Total Time": 105.593,
                                                                                                                                        "Actual Rows": 2609129,
                                                                                                                                        "Actual Loops": 1
                                                                                                                                    },
                                                                                                                                    {
                                                                                                                                        "Node Type": "Hash",
                                                                                                                                        "Parent Relationship": "Inner",
                                                                                                                                        "Parallel Aware": false,
                                                                                                                                        "Async Capable": false,
                                                                                                                                        "Startup Cost": 10000552670.08,
                                                                                                                                        "Total Cost": 10000552670.08,
                                                                                                                                        "Plan Rows": 45165,
                                                                                                                                        "Plan Width": 8,
                                                                                                                                        "Actual Startup Time": 1148.258,
                                                                                                                                        "Actual Total Time": 1148.264,
                                                                                                                                        "Actual Rows": 556845,
                                                                                                                                        "Actual Loops": 1,
                                                                                                                                        "Hash Buckets": 524288,
                                                                                                                                        "Original Hash Buckets": 65536,
                                                                                                                                        "Hash Batches": 2,
                                                                                                                                        "Original Hash Batches": 1,
                                                                                                                                        "Peak Memory Usage": 14953,
                                                                                                                                        "Plans": [
                                                                                                                                            {
                                                                                                                                                "Node Type": "Nested Loop",
                                                                                                                                                "Parent Relationship": "Outer",
                                                                                                                                                "Parallel Aware": false,
                                                                                                                                                "Async Capable": false,
                                                                                                                                                "Join Type": "Inner",
                                                                                                                                                "Startup Cost": 10000105991.9,
                                                                                                                                                "Total Cost": 10000552670.08,
                                                                                                                                                "Plan Rows": 45165,
                                                                                                                                                "Plan Width": 8,
                                                                                                                                                "Actual Startup Time": 528.821,
                                                                                                                                                "Actual Total Time": 1118.814,
                                                                                                                                                "Actual Rows": 556845,
                                                                                                                                                "Actual Loops": 1,
                                                                                                                                                "Inner Unique": false,
                                                                                                                                                "Plans": [
                                                                                                                                                    {
                                                                                                                                                        "Node Type": "Hash Join",
                                                                                                                                                        "Parent Relationship": "Outer",
                                                                                                                                                        "Parallel Aware": false,
                                                                                                                                                        "Async Capable": false,
                                                                                                                                                        "Join Type": "Inner",
                                                                                                                                                        "Startup Cost": 105991.9,
                                                                                                                                                        "Total Cost": 552103.1,
                                                                                                                                                        "Plan Rows": 45165,
                                                                                                                                                        "Plan Width": 12,
                                                                                                                                                        "Actual Startup Time": 528.812,
                                                                                                                                                        "Actual Total Time": 1048.711,
                                                                                                                                                        "Actual Rows": 556845,
                                                                                                                                                        "Actual Loops": 1,
                                                                                                                                                        "Inner Unique": false,
                                                                                                                                                        "Hash Cond": "(mi1.movie_id = t.id)",
                                                                                                                                                        "Plans": [
                                                                                                                                                            {
                                                                                                                                                                "Node Type": "Seq Scan",
                                                                                                                                                                "Parent Relationship": "Outer",
                                                                                                                                                                "Parallel Aware": false,
                                                                                                                                                                "Async Capable": false,
                                                                                                                                                                "Relation Name": "movie_info",
                                                                                                                                                                "Alias": "mi1",
                                                                                                                                                                "Startup Cost": 0.0,
                                                                                                                                                                "Total Cost": 439413.82,
                                                                                                                                                                "Plan Rows": 84729,
                                                                                                                                                                "Plan Width": 8,
                                                                                                                                                                "Actual Startup Time": 171.75,
                                                                                                                                                                "Actual Total Time": 554.065,
                                                                                                                                                                "Actual Rows": 795126,
                                                                                                                                                                "Actual Loops": 1,
                                                                                                                                                                "Filter": "((info_type_id = 7) AND (info = ANY ('{\"OFM:35 mm\",\"PFM:35 mm\",\"RAT:1.33 : 1\",\"RAT:1.78 : 1\",\"RAT:16:9 HD\"}'::text[])))",
                                                                                                                                                                "Rows Removed by Filter": 14040594
                                                                                                                                                            },
                                                                                                                                                            {
                                                                                                                                                                "Node Type": "Hash",
                                                                                                                                                                "Parent Relationship": "Inner",
                                                                                                                                                                "Parallel Aware": false,
                                                                                                                                                                "Async Capable": false,
                                                                                                                                                                "Startup Cost": 83877.82,
                                                                                                                                                                "Total Cost": 83877.82,
                                                                                                                                                                "Plan Rows": 1347846,
                                                                                                                                                                "Plan Width": 4,
                                                                                                                                                                "Actual Startup Time": 356.945,
                                                                                                                                                                "Actual Total Time": 356.948,
                                                                                                                                                                "Actual Rows": 2224633,
                                                                                                                                                                "Actual Loops": 1,
                                                                                                                                                                "Hash Buckets": 524288,
                                                                                                                                                                "Original Hash Buckets": 524288,
                                                                                                                                                                "Hash Batches": 8,
                                                                                                                                                                "Original Hash Batches": 8,
                                                                                                                                                                "Peak Memory Usage": 13875,
                                                                                                                                                                "Plans": [
                                                                                                                                                                    {
                                                                                                                                                                        "Node Type": "Hash Join",
                                                                                                                                                                        "Parent Relationship": "Outer",
                                                                                                                                                                        "Parallel Aware": false,
                                                                                                                                                                        "Async Capable": false,
                                                                                                                                                                        "Join Type": "Inner",
                                                                                                                                                                        "Startup Cost": 1.16,
                                                                                                                                                                        "Total Cost": 83877.82,
                                                                                                                                                                        "Plan Rows": 1347846,
                                                                                                                                                                        "Plan Width": 4,
                                                                                                                                                                        "Actual Startup Time": 0.018,
                                                                                                                                                                        "Actual Total Time": 253.659,
                                                                                                                                                                        "Actual Rows": 2224633,
                                                                                                                                                                        "Actual Loops": 1,
                                                                                                                                                                        "Inner Unique": true,
                                                                                                                                                                        "Hash Cond": "(t.kind_id = kt.id)",
                                                                                                                                                                        "Plans": [
                                                                                                                                                                            {
                                                                                                                                                                                "Node Type": "Seq Scan",
                                                                                                                                                                                "Parent Relationship": "Outer",
                                                                                                                                                                                "Parallel Aware": false,
                                                                                                                                                                                "Async Capable": false,
                                                                                                                                                                                "Relation Name": "title",
                                                                                                                                                                                "Alias": "t",
                                                                                                                                                                                "Startup Cost": 0.0,
                                                                                                                                                                                "Total Cost": 73936.29,
                                                                                                                                                                                "Plan Rows": 2358731,
                                                                                                                                                                                "Plan Width": 8,
                                                                                                                                                                                "Actual Startup Time": 0.006,
                                                                                                                                                                                "Actual Total Time": 123.719,
                                                                                                                                                                                "Actual Rows": 2354987,
                                                                                                                                                                                "Actual Loops": 1,
                                                                                                                                                                                "Filter": "((production_year <= 2015) AND (production_year >= 1925))",
                                                                                                                                                                                "Rows Removed by Filter": 173325
                                                                                                                                                                            },
                                                                                                                                                                            {
                                                                                                                                                                                "Node Type": "Hash",
                                                                                                                                                                                "Parent Relationship": "Inner",
                                                                                                                                                                                "Parallel Aware": false,
                                                                                                                                                                                "Async Capable": false,
                                                                                                                                                                                "Startup Cost": 1.1,
                                                                                                                                                                                "Total Cost": 1.1,
                                                                                                                                                                                "Plan Rows": 4,
                                                                                                                                                                                "Plan Width": 4,
                                                                                                                                                                                "Actual Startup Time": 0.007,
                                                                                                                                                                                "Actual Total Time": 0.008,
                                                                                                                                                                                "Actual Rows": 4,
                                                                                                                                                                                "Actual Loops": 1,
                                                                                                                                                                                "Hash Buckets": 1024,
                                                                                                                                                                                "Original Hash Buckets": 1024,
                                                                                                                                                                                "Hash Batches": 1,
                                                                                                                                                                                "Original Hash Batches": 1,
                                                                                                                                                                                "Peak Memory Usage": 9,
                                                                                                                                                                                "Plans": [
                                                                                                                                                                                    {
                                                                                                                                                                                        "Node Type": "Seq Scan",
                                                                                                                                                                                        "Parent Relationship": "Outer",
                                                                                                                                                                                        "Parallel Aware": false,
                                                                                                                                                                                        "Async Capable": false,
                                                                                                                                                                                        "Relation Name": "kind_type",
                                                                                                                                                                                        "Alias": "kt",
                                                                                                                                                                                        "Startup Cost": 0.0,
                                                                                                                                                                                        "Total Cost": 1.1,
                                                                                                                                                                                        "Plan Rows": 4,
                                                                                                                                                                                        "Plan Width": 4,
                                                                                                                                                                                        "Actual Startup Time": 0.004,
                                                                                                                                                                                        "Actual Total Time": 0.005,
                                                                                                                                                                                        "Actual Rows": 4,
                                                                                                                                                                                        "Actual Loops": 1,
                                                                                                                                                                                        "Filter": "((kind)::text = ANY ('{episode,movie,\"tv movie\",\"tv series\"}'::text[]))",
                                                                                                                                                                                        "Rows Removed by Filter": 3
                                                                                                                                                                                    }
                                                                                                                                                                                ]
                                                                                                                                                                            }
                                                                                                                                                                        ]
                                                                                                                                                                    }
                                                                                                                                                                ]
                                                                                                                                                            }
                                                                                                                                                        ]
                                                                                                                                                    },
                                                                                                                                                    {
                                                                                                                                                        "Node Type": "Materialize",
                                                                                                                                                        "Parent Relationship": "Inner",
                                                                                                                                                        "Parallel Aware": false,
                                                                                                                                                        "Async Capable": false,
                                                                                                                                                        "Startup Cost": 0.0,
                                                                                                                                                        "Total Cost": 2.42,
                                                                                                                                                        "Plan Rows": 1,
                                                                                                                                                        "Plan Width": 4,
                                                                                                                                                        "Actual Startup Time": 0.0,
                                                                                                                                                        "Actual Total Time": 0.0,
                                                                                                                                                        "Actual Rows": 1,
                                                                                                                                                        "Actual Loops": 556845,
                                                                                                                                                        "Plans": [
                                                                                                                                                            {
                                                                                                                                                                "Node Type": "Seq Scan",
                                                                                                                                                                "Parent Relationship": "Outer",
                                                                                                                                                                "Parallel Aware": false,
                                                                                                                                                                "Async Capable": false,
                                                                                                                                                                "Relation Name": "info_type",
                                                                                                                                                                "Alias": "it1",
                                                                                                                                                                "Startup Cost": 0.0,
                                                                                                                                                                "Total Cost": 2.41,
                                                                                                                                                                "Plan Rows": 1,
                                                                                                                                                                "Plan Width": 4,
                                                                                                                                                                "Actual Startup Time": 0.006,
                                                                                                                                                                "Actual Total Time": 0.008,
                                                                                                                                                                "Actual Rows": 1,
                                                                                                                                                                "Actual Loops": 1,
                                                                                                                                                                "Filter": "(id = 7)",
                                                                                                                                                                "Rows Removed by Filter": 112
                                                                                                                                                            }
                                                                                                                                                        ]
                                                                                                                                                    }
                                                                                                                                                ]
                                                                                                                                            }
                                                                                                                                        ]
                                                                                                                                    }
                                                                                                                                ]
                                                                                                                            },
                                                                                                                            {
                                                                                                                                "Node Type": "Hash",
                                                                                                                                "Parent Relationship": "Inner",
                                                                                                                                "Parallel Aware": false,
                                                                                                                                "Async Capable": false,
                                                                                                                                "Startup Cost": 1.05,
                                                                                                                                "Total Cost": 1.05,
                                                                                                                                "Plan Rows": 2,
                                                                                                                                "Plan Width": 4,
                                                                                                                                "Actual Startup Time": 0.003,
                                                                                                                                "Actual Total Time": 0.004,
                                                                                                                                "Actual Rows": 2,
                                                                                                                                "Actual Loops": 1,
                                                                                                                                "Hash Buckets": 1024,
                                                                                                                                "Original Hash Buckets": 1024,
                                                                                                                                "Hash Batches": 1,
                                                                                                                                "Original Hash Batches": 1,
                                                                                                                                "Peak Memory Usage": 9,
                                                                                                                                "Plans": [
                                                                                                                                    {
                                                                                                                                        "Node Type": "Seq Scan",
                                                                                                                                        "Parent Relationship": "Outer",
                                                                                                                                        "Parallel Aware": false,
                                                                                                                                        "Async Capable": false,
                                                                                                                                        "Relation Name": "company_type",
                                                                                                                                        "Alias": "ct",
                                                                                                                                        "Startup Cost": 0.0,
                                                                                                                                        "Total Cost": 1.05,
                                                                                                                                        "Plan Rows": 2,
                                                                                                                                        "Plan Width": 4,
                                                                                                                                        "Actual Startup Time": 0.003,
                                                                                                                                        "Actual Total Time": 0.003,
                                                                                                                                        "Actual Rows": 2,
                                                                                                                                        "Actual Loops": 1,
                                                                                                                                        "Filter": "((kind)::text = ANY ('{distributors,\"production companies\"}'::text[]))",
                                                                                                                                        "Rows Removed by Filter": 2
                                                                                                                                    }
                                                                                                                                ]
                                                                                                                            }
                                                                                                                        ]
                                                                                                                    }
                                                                                                                ]
                                                                                                            }
                                                                                                        ]
                                                                                                    }
                                                                                                ]
                                                                                            }
                                                                                        ]
                                                                                    }
                                                                                ]
                                                                            }
                                                                        ]
                                                                    }
                                                                ]
                                                            }
                                                        ]
                                                    },
                                                    {
                                                        "Node Type": "Hash",
                                                        "Parent Relationship": "Inner",
                                                        "Parallel Aware": false,
                                                        "Async Capable": false,
                                                        "Startup Cost": 1.2,
                                                        "Total Cost": 1.2,
                                                        "Plan Rows": 5,
                                                        "Plan Width": 4,
                                                        "Actual Startup Time": 0.006,
                                                        "Actual Total Time": 0.007,
                                                        "Actual Rows": 5,
                                                        "Actual Loops": 1,
                                                        "Hash Buckets": 1024,
                                                        "Original Hash Buckets": 1024,
                                                        "Hash Batches": 1,
                                                        "Original Hash Batches": 1,
                                                        "Peak Memory Usage": 9,
                                                        "Plans": [
                                                            {
                                                                "Node Type": "Seq Scan",
                                                                "Parent Relationship": "Outer",
                                                                "Parallel Aware": false,
                                                                "Async Capable": false,
                                                                "Relation Name": "role_type",
                                                                "Alias": "rt",
                                                                "Startup Cost": 0.0,
                                                                "Total Cost": 1.2,
                                                                "Plan Rows": 5,
                                                                "Plan Width": 4,
                                                                "Actual Startup Time": 0.003,
                                                                "Actual Total Time": 0.004,
                                                                "Actual Rows": 5,
                                                                "Actual Loops": 1,
                                                                "Filter": "((role)::text = ANY ('{actor,composer,editor,\"miscellaneous crew\",producer}'::text[]))",
                                                                "Rows Removed by Filter": 7
                                                            }
                                                        ]
                                                    }
                                                ]
                                            }
                                        ]
                                    }
                                ]
                            }
                        ]
                    },
                    "Planning Time": 14.682,
                    "Triggers": [],
                    "Execution Time": 10361.355
                }
            ],
            "hints": [
                "SET enable_hashjoin TO on",
                "SET enable_indexonlyscan TO on",
                "SET enable_indexscan TO off",
                "SET enable_mergejoin TO off",
                "SET enable_nestloop TO off",
                "SET enable_seqscan TO on"
            ]
        },
        {
            "arm": 4,
            "execution_time": 3009.958,
            "plan": [
                {
                    "Plan": {
                        "Node Type": "Aggregate",
                        "Strategy": "Plain",
                        "Partial Mode": "Simple",
                        "Parallel Aware": false,
                        "Async Capable": false,
                        "Startup Cost": 6987.42,
                        "Total Cost": 6987.43,
                        "Plan Rows": 1,
                        "Plan Width": 8,
                        "Actual Startup Time": 3009.831,
                        "Actual Total Time": 3009.903,
                        "Actual Rows": 1,
                        "Actual Loops": 1,
                        "Plans": [
                            {
                                "Node Type": "Nested Loop",
                                "Parent Relationship": "Outer",
                                "Parallel Aware": false,
                                "Async Capable": false,
                                "Join Type": "Inner",
                                "Startup Cost": 1004.45,
                                "Total Cost": 6987.42,
                                "Plan Rows": 1,
                                "Plan Width": 0,
                                "Actual Startup Time": 5.171,
                                "Actual Total Time": 3006.048,
                                "Actual Rows": 172982,
                                "Actual Loops": 1,
                                "Inner Unique": true,
                                "Plans": [
                                    {
                                        "Node Type": "Nested Loop",
                                        "Parent Relationship": "Outer",
                                        "Parallel Aware": false,
                                        "Async Capable": false,
                                        "Join Type": "Inner",
                                        "Startup Cost": 1004.03,
                                        "Total Cost": 6986.56,
                                        "Plan Rows": 1,
                                        "Plan Width": 4,
                                        "Actual Startup Time": 5.157,
                                        "Actual Total Time": 2885.008,
                                        "Actual Rows": 172982,
                                        "Actual Loops": 1,
                                        "Inner Unique": false,
                                        "Plans": [
                                            {
                                                "Node Type": "Nested Loop",
                                                "Parent Relationship": "Outer",
                                                "Parallel Aware": false,
                                                "Async Capable": false,
                                                "Join Type": "Inner",
                                                "Startup Cost": 1003.6,
                                                "Total Cost": 6984.27,
                                                "Plan Rows": 1,
                                                "Plan Width": 16,
                                                "Actual Startup Time": 3.728,
                                                "Actual Total Time": 2857.038,
                                                "Actual Rows": 13497,
                                                "Actual Loops": 1,
                                                "Inner Unique": false,
                                                "Plans": [
                                                    {
                                                        "Node Type": "Gather",
                                                        "Parent Relationship": "Outer",
                                                        "Parallel Aware": false,
                                                        "Async Capable": false,
                                                        "Startup Cost": 1003.6,
                                                        "Total Cost": 6981.84,
                                                        "Plan Rows": 1,
                                                        "Plan Width": 20,
                                                        "Actual Startup Time": 3.724,
                                                        "Actual Total Time": 2824.897,
                                                        "Actual Rows": 13497,
                                                        "Actual Loops": 1,
                                                        "Workers Planned": 1,
                                                        "Workers Launched": 1,
                                                        "Single Copy": false,
                                                        "Plans": [
                                                            {
                                                                "Node Type": "Nested Loop",
                                                                "Parent Relationship": "Outer",
                                                                "Parallel Aware": false,
                                                                "Async Capable": false,
                                                                "Join Type": "Inner",
                                                                "Startup Cost": 3.6,
                                                                "Total Cost": 5981.74,
                                                                "Plan Rows": 1,
                                                                "Plan Width": 20,
                                                                "Actual Startup Time": 2.544,
                                                                "Actual Total Time": 1855.566,
                                                                "Actual Rows": 6748,
                                                                "Actual Loops": 2,
                                                                "Inner Unique": true,
                                                                "Workers": [],
                                                                "Plans": [
                                                                    {
                                                                        "Node Type": "Nested Loop",
                                                                        "Parent Relationship": "Outer",
                                                                        "Parallel Aware": false,
                                                                        "Async Capable": false,
                                                                        "Join Type": "Inner",
                                                                        "Startup Cost": 3.17,
                                                                        "Total Cost": 5980.65,
                                                                        "Plan Rows": 1,
                                                                        "Plan Width": 24,
                                                                        "Actual Startup Time": 0.561,
                                                                        "Actual Total Time": 1081.117,
                                                                        "Actual Rows": 680860,
                                                                        "Actual Loops": 2,
                                                                        "Inner Unique": true,
                                                                        "Workers": [],
                                                                        "Plans": [
                                                                            {
                                                                                "Node Type": "Nested Loop",
                                                                                "Parent Relationship": "Outer",
                                                                                "Parallel Aware": false,
                                                                                "Async Capable": false,
                                                                                "Join Type": "Inner",
                                                                                "Startup Cost": 3.03,
                                                                                "Total Cost": 5980.01,
                                                                                "Plan Rows": 4,
                                                                                "Plan Width": 28,
                                                                                "Actual Startup Time": 0.435,
                                                                                "Actual Total Time": 710.781,
                                                                                "Actual Rows": 987842,
                                                                                "Actual Loops": 2,
                                                                                "Inner Unique": false,
                                                                                "Workers": [],
                                                                                "Plans": [
                                                                                    {
                                                                                        "Node Type": "Nested Loop",
                                                                                        "Parent Relationship": "Outer",
                                                                                        "Parallel Aware": false,
                                                                                        "Async Capable": false,
                                                                                        "Join Type": "Inner",
                                                                                        "Startup Cost": 2.59,
                                                                                        "Total Cost": 5958.08,
                                                                                        "Plan Rows": 1,
                                                                                        "Plan Width": 16,
                                                                                        "Actual Startup Time": 0.417,
                                                                                        "Actual Total Time": 280.989,
                                                                                        "Actual Rows": 42039,
                                                                                        "Actual Loops": 2,
                                                                                        "Inner Unique": false,
                                                                                        "Join Filter": "(t.id = mi1.movie_id)",
                                                                                        "Rows Removed by Join Filter": 0,
                                                                                        "Workers": [],
                                                                                        "Plans": [
                                                                                            {
                                                                                                "Node Type": "Hash Join",
                                                                                                "Parent Relationship": "Outer",
                                                                                                "Parallel Aware": false,
                                                                                                "Async Capable": false,
                                                                                                "Join Type": "Inner",
                                                                                                "Startup Cost": 2.15,
                                                                                                "Total Cost": 5835.88,
                                                                                                "Plan Rows": 7,
                                                                                                "Plan Width": 8,
                                                                                                "Actual Startup Time": 0.377,
                                                                                                "Actual Total Time": 109.717,
                                                                                                "Actual Rows": 49336,
                                                                                                "Actual Loops": 2,
                                                                                                "Inner Unique": true,
                                                                                                "Hash Cond": "(t.kind_id = kt.id)",
                                                                                                "Workers": [],
                                                                                                "Plans": [
                                                                                                    {
                                                                                                        "Node Type": "Nested Loop",
                                                                                                        "Parent Relationship": "Outer",
                                                                                                        "Parallel Aware": false,
                                                                                                        "Async Capable": false,
                                                                                                        "Join Type": "Inner",
                                                                                                        "Startup Cost": 1.0,
                                                                                                        "Total Cost": 5834.67,
                                                                                                        "Plan Rows": 12,
                                                                                                        "Plan Width": 12,
                                                                                                        "Actual Startup Time": 0.353,
                                                                                                        "Actual Total Time": 106.066,
                                                                                                        "Actual Rows": 49394,
                                                                                                        "Actual Loops": 2,
                                                                                                        "Inner Unique": true,
                                                                                                        "Workers": [],
                                                                                                        "Plans": [
                                                                                                            {
                                                                                                                "Node Type": "Nested Loop",
                                                                                                                "Parent Relationship": "Outer",
                                                                                                                "Parallel Aware": false,
                                                                                                                "Async Capable": false,
                                                                                                                "Join Type": "Inner",
                                                                                                                "Startup Cost": 0.57,
                                                                                                                "Total Cost": 5821.02,
                                                                                                                "Plan Rows": 13,
                                                                                                                "Plan Width": 4,
                                                                                                                "Actual Startup Time": 0.338,
                                                                                                                "Actual Total Time": 29.806,
                                                                                                                "Actual Rows": 49740,
                                                                                                                "Actual Loops": 2,
                                                                                                                "Inner Unique": true,
                                                                                                                "Workers": [],
                                                                                                                "Plans": [
                                                                                                                    {
                                                                                                                        "Node Type": "Nested Loop",
                                                                                                                        "Parent Relationship": "Outer",
                                                                                                                        "Parallel Aware": false,
                                                                                                                        "Async Capable": false,
                                                                                                                        "Join Type": "Inner",
                                                                                                                        "Startup Cost": 0.43,
                                                                                                                        "Total Cost": 5819.97,
                                                                                                                        "Plan Rows": 26,
                                                                                                                        "Plan Width": 8,
                                                                                                                        "Actual Startup Time": 0.325,
                                                                                                                        "Actual Total Time": 22.705,
                                                                                                                        "Actual Rows": 49740,
                                                                                                                        "Actual Loops": 2,
                                                                                                                        "Inner Unique": false,
                                                                                                                        "Workers": [],
                                                                                                                        "Plans": [
                                                                                                                            {
                                                                                                                                "Node Type": "Seq Scan",
                                                                                                                                "Parent Relationship": "Outer",
                                                                                                                                "Parallel Aware": true,
                                                                                                                                "Async Capable": false,
                                                                                                                                "Relation Name": "company_name",
                                                                                                                                "Alias": "cn",
                                                                                                                                "Startup Cost": 0.0,
                                                                                                                                "Total Cost": 5113.5,
                                                                                                                                "Plan Rows": 2,
                                                                                                                                "Plan Width": 4,
                                                                                                                                "Actual Startup Time": 0.297,
                                                                                                                                "Actual Total Time": 6.886,
                                                                                                                                "Actual Rows": 3,
                                                                                                                                "Actual Loops": 2,
                                                                                                                                "Filter": "(name = ANY ('{ABS-CBN,\"British Broadcasting Corporation (BBC)\",\"Granada Television\",\"National Broadcasting Company (NBC)\"}'::text[]))",
                                                                                                                                "Rows Removed by Filter": 117496,
                                                                                                                                "Workers": []
                                                                                                                            },
                                                                                                                            {
                                                                                                                                "Node Type": "Index Scan",
                                                                                                                                "Parent Relationship": "Inner",
                                                                                                                                "Parallel Aware": false,
                                                                                                                                "Async Capable": false,
                                                                                                                                "Scan Direction": "Forward",
                                                                                                                                "Index Name": "company_id_movie_companies",
                                                                                                                                "Relation Name": "movie_companies",
                                                                                                                                "Alias": "mc",
                                                                                                                                "Startup Cost": 0.43,
                                                                                                                                "Total Cost": 351.9,
                                                                                                                                "Plan Rows": 133,
                                                                                                                                "Plan Width": 12,
                                                                                                                                "Actual Startup Time": 0.013,
                                                                                                                                "Actual Total Time": 4.453,
                                                                                                                                "Actual Rows": 16580,
                                                                                                                                "Actual Loops": 6,
                                                                                                                                "Index Cond": "(company_id = cn.id)",
                                                                                                                                "Rows Removed by Index Recheck": 0,
                                                                                                                                "Workers": []
                                                                                                                            }
                                                                                                                        ]
                                                                                                                    },
                                                                                                                    {
                                                                                                                        "Node Type": "Memoize",
                                                                                                                        "Parent Relationship": "Inner",
                                                                                                                        "Parallel Aware": false,
                                                                                                                        "Async Capable": false,
                                                                                                                        "Startup Cost": 0.14,
                                                                                                                        "Total Cost": 0.16,
                                                                                                                        "Plan Rows": 1,
                                                                                                                        "Plan Width": 4,
                                                                                                                        "Actual Startup Time": 0.0,
                                                                                                                        "Actual Total Time": 0.0,
                                                                                                                        "Actual Rows": 1,
                                                                                                                        "Actual Loops": 99481,
                                                                                                                        "Cache Key": "mc.company_type_id",
                                                                                                                        "Cache Mode": "logical",
                                                                                                                        "Cache Hits": 47250,
                                                                                                                        "Cache Misses": 2,
                                                                                                                        "Cache Evictions": 0,
                                                                                                                        "Cache Overflows": 0,
                                                                                                                        "Peak Memory Usage": 1,
                                                                                                                        "Workers": [
                                                                                                                            {
                                                                                                                                "Worker Number": 0,
                                                                                                                                "Cache Hits": 52227,
                                                                                                                                "Cache Misses": 2,
                                                                                                                                "Cache Evictions": 0,
                                                                                                                                "Cache Overflows": 0,
                                                                                                                                "Peak Memory Usage": 1
                                                                                                                            }
                                                                                                                        ],
                                                                                                                        "Plans": [
                                                                                                                            {
                                                                                                                                "Node Type": "Index Scan",
                                                                                                                                "Parent Relationship": "Outer",
                                                                                                                                "Parallel Aware": false,
                                                                                                                                "Async Capable": false,
                                                                                                                                "Scan Direction": "Forward",
                                                                                                                                "Index Name": "company_type_pkey",
                                                                                                                                "Relation Name": "company_type",
                                                                                                                                "Alias": "ct",
                                                                                                                                "Startup Cost": 0.13,
                                                                                                                                "Total Cost": 0.15,
                                                                                                                                "Plan Rows": 1,
                                                                                                                                "Plan Width": 4,
                                                                                                                                "Actual Startup Time": 0.007,
                                                                                                                                "Actual Total Time": 0.007,
                                                                                                                                "Actual Rows": 1,
                                                                                                                                "Actual Loops": 4,
                                                                                                                                "Index Cond": "(id = mc.company_type_id)",
                                                                                                                                "Rows Removed by Index Recheck": 0,
                                                                                                                                "Filter": "((kind)::text = ANY ('{distributors,\"production companies\"}'::text[]))",
                                                                                                                                "Rows Removed by Filter": 0,
                                                                                                                                "Workers": []
                                                                                                                            }
                                                                                                                        ]
                                                                                                                    }
                                                                                                                ]
                                                                                                            },
                                                                                                            {
                                                                                                                "Node Type": "Index Scan",
                                                                                                                "Parent Relationship": "Inner",
                                                                                                                "Parallel Aware": false,
                                                                                                                "Async Capable": false,
                                                                                                                "Scan Direction": "Forward",
                                                                                                                "Index Name": "title_pkey",
                                                                                                                "Relation Name": "title",
                                                                                                                "Alias": "t",
                                                                                                                "Startup Cost": 0.43,
                                                                                                                "Total Cost": 1.05,
                                                                                                                "Plan Rows": 1,
                                                                                                                "Plan Width": 8,
                                                                                                                "Actual Startup Time": 0.001,
                                                                                                                "Actual Total Time": 0.001,
                                                                                                                "Actual Rows": 1,
                                                                                                                "Actual Loops": 99481,
                                                                                                                "Index Cond": "(id = mc.movie_id)",
                                                                                                                "Rows Removed by Index Recheck": 0,
                                                                                                                "Filter": "((production_year <= 2015) AND (production_year >= 1925))",
                                                                                                                "Rows Removed by Filter": 0,
                                                                                                                "Workers": []
                                                                                                            }
                                                                                                        ]
                                                                                                    },
                                                                                                    {
                                                                                                        "Node Type": "Hash",
                                                                                                        "Parent Relationship": "Inner",
                                                                                                        "Parallel Aware": false,
                                                                                                        "Async Capable": false,
                                                                                                        "Startup Cost": 1.1,
                                                                                                        "Total Cost": 1.1,
                                                                                                        "Plan Rows": 4,
                                                                                                        "Plan Width": 4,
                                                                                                        "Actual Startup Time": 0.007,
                                                                                                        "Actual Total Time": 0.007,
                                                                                                        "Actual Rows": 4,
                                                                                                        "Actual Loops": 2,
                                                                                                        "Hash Buckets": 1024,
                                                                                                        "Original Hash Buckets": 1024,
                                                                                                        "Hash Batches": 1,
                                                                                                        "Original Hash Batches": 1,
                                                                                                        "Peak Memory Usage": 9,
                                                                                                        "Workers": [],
                                                                                                        "Plans": [
                                                                                                            {
                                                                                                                "Node Type": "Seq Scan",
                                                                                                                "Parent Relationship": "Outer",
                                                                                                                "Parallel Aware": false,
                                                                                                                "Async Capable": false,
                                                                                                                "Relation Name": "kind_type",
                                                                                                                "Alias": "kt",
                                                                                                                "Startup Cost": 0.0,
                                                                                                                "Total Cost": 1.1,
                                                                                                                "Plan Rows": 4,
                                                                                                                "Plan Width": 4,
                                                                                                                "Actual Startup Time": 0.005,
                                                                                                                "Actual Total Time": 0.005,
                                                                                                                "Actual Rows": 4,
                                                                                                                "Actual Loops": 2,
                                                                                                                "Filter": "((kind)::text = ANY ('{episode,movie,\"tv movie\",\"tv series\"}'::text[]))",
                                                                                                                "Rows Removed by Filter": 3,
                                                                                                                "Workers": []
                                                                                                            }
                                                                                                        ]
                                                                                                    }
                                                                                                ]
                                                                                            },
                                                                                            {
                                                                                                "Node Type": "Index Scan",
                                                                                                "Parent Relationship": "Inner",
                                                                                                "Parallel Aware": false,
                                                                                                "Async Capable": false,
                                                                                                "Scan Direction": "Forward",
                                                                                                "Index Name": "movie_id_movie_info",
                                                                                                "Relation Name": "movie_info",
                                                                                                "Alias": "mi1",
                                                                                                "Startup Cost": 0.43,
                                                                                                "Total Cost": 17.44,
                                                                                                "Plan Rows": 1,
                                                                                                "Plan Width": 8,
                                                                                                "Actual Startup Time": 0.002,
                                                                                                "Actual Total Time": 0.003,
                                                                                                "Actual Rows": 1,
                                                                                                "Actual Loops": 98672,
                                                                                                "Index Cond": "(movie_id = mc.movie_id)",
                                                                                                "Rows Removed by Index Recheck": 0,
                                                                                                "Filter": "((info_type_id = 7) AND (info = ANY ('{\"OFM:35 mm\",\"PFM:35 mm\",\"RAT:1.33 : 1\",\"RAT:1.78 : 1\",\"RAT:16:9 HD\"}'::text[])))",
                                                                                                "Rows Removed by Filter": 9,
                                                                                                "Workers": []
                                                                                            }
                                                                                        ]
                                                                                    },
                                                                                    {
                                                                                        "Node Type": "Index Scan",
                                                                                        "Parent Relationship": "Inner",
                                                                                        "Parallel Aware": false,
                                                                                        "Async Capable": false,
                                                                                        "Scan Direction": "Forward",
                                                                                        "Index Name": "movie_id_cast_info",
                                                                                        "Relation Name": "cast_info",
                                                                                        "Alias": "ci",
                                                                                        "Startup Cost": 0.44,
                                                                                        "Total Cost": 21.55,
                                                                                        "Plan Rows": 38,
                                                                                        "Plan Width": 12,
                                                                                        "Actual Startup Time": 0.001,
                                                                                        "Actual Total Time": 0.009,
                                                                                        "Actual Rows": 23,
                                                                                        "Actual Loops": 84078,
                                                                                        "Index Cond": "(movie_id = t.id)",
                                                                                        "Rows Removed by Index Recheck": 0,
                                                                                        "Workers": []
                                                                                    }
                                                                                ]
                                                                            },
                                                                            {
                                                                                "Node Type": "Index Scan",
                                                                                "Parent Relationship": "Inner",
                                                                                "Parallel Aware": false,
                                                                                "Async Capable": false,
                                                                                "Scan Direction": "Forward",
                                                                                "Index Name": "role_type_pkey",
                                                                                "Relation Name": "role_type",
                                                                                "Alias": "rt",
                                                                                "Startup Cost": 0.14,
                                                                                "Total Cost": 0.16,
                                                                                "Plan Rows": 1,
                                                                                "Plan Width": 4,
                                                                                "Actual Startup Time": 0.0,
                                                                                "Actual Total Time": 0.0,
                                                                                "Actual Rows": 1,
                                                                                "Actual Loops": 1975683,
                                                                                "Index Cond": "(id = ci.role_id)",
                                                                                "Rows Removed by Index Recheck": 0,
                                                                                "Filter": "((role)::text = ANY ('{actor,composer,editor,\"miscellaneous crew\",producer}'::text[]))",
                                                                                "Rows Removed by Filter": 0,
                                                                                "Workers": []
                                                                            }
                                                                        ]
                                                                    },
                                                                    {
                                                                        "Node Type": "Index Scan",
                                                                        "Parent Relationship": "Inner",
                                                                        "Parallel Aware": false,
                                                                        "Async Capable": false,
                                                                        "Scan Direction": "Forward",
                                                                        "Index Name": "name_pkey",
                                                                        "Relation Name": "name",
                                                                        "Alias": "n",
                                                                        "Startup Cost": 0.43,
                                                                        "Total Cost": 1.09,
                                                                        "Plan Rows": 1,
                                                                        "Plan Width": 4,
                                                                        "Actual Startup Time": 0.001,
                                                                        "Actual Total Time": 0.001,
                                                                        "Actual Rows": 0,
                                                                        "Actual Loops": 1361720,
                                                                        "Index Cond": "(id = ci.person_id)",
                                                                        "Rows Removed by Index Recheck": 0,
                                                                        "Filter": "((((gender)::text = 'm'::text) OR (gender IS NULL)) AND ((name_pcode_cf)::text = ANY ('{A2365,A6252,C52,C6325,E1524,J5252,P6235,Q5325,R1632,R2425,R25,R3626,V4524,V4626}'::text[])))",
                                                                        "Rows Removed by Filter": 1,
                                                                        "Workers": []
                                                                    }
                                                                ]
                                                            }
                                                        ]
                                                    },
                                                    {
                                                        "Node Type": "Seq Scan",
                                                        "Parent Relationship": "Inner",
                                                        "Parallel Aware": false,
                                                        "Async Capable": false,
                                                        "Relation Name": "info_type",
                                                        "Alias": "it1",
                                                        "Startup Cost": 0.0,
                                                        "Total Cost": 2.41,
                                                        "Plan Rows": 1,
                                                        "Plan Width": 4,
                                                        "Actual Startup Time": 0.001,
                                                        "Actual Total Time": 0.002,
                                                        "Actual Rows": 1,
                                                        "Actual Loops": 13497,
                                                        "Filter": "(id = 7)",
                                                        "Rows Removed by Filter": 112
                                                    }
                                                ]
                                            },
                                            {
                                                "Node Type": "Index Scan",
                                                "Parent Relationship": "Inner",
                                                "Parallel Aware": false,
                                                "Async Capable": false,
                                                "Scan Direction": "Forward",
                                                "Index Name": "movie_id_movie_keyword",
                                                "Relation Name": "movie_keyword",
                                                "Alias": "mk",
                                                "Startup Cost": 0.43,
                                                "Total Cost": 1.84,
                                                "Plan Rows": 46,
                                                "Plan Width": 8,
                                                "Actual Startup Time": 0.001,
                                                "Actual Total Time": 0.001,
                                                "Actual Rows": 13,
                                                "Actual Loops": 13497,
                                                "Index Cond": "(movie_id = t.id)",
                                                "Rows Removed by Index Recheck": 0
                                            }
                                        ]
                                    },
                                    {
                                        "Node Type": "Index Only Scan",
                                        "Parent Relationship": "Inner",
                                        "Parallel Aware": false,
                                        "Async Capable": false,
                                        "Scan Direction": "Forward",
                                        "Index Name": "keyword_pkey",
                                        "Relation Name": "keyword",
                                        "Alias": "k",
                                        "Startup Cost": 0.42,
                                        "Total Cost": 0.86,
                                        "Plan Rows": 1,
                                        "Plan Width": 4,
                                        "Actual Startup Time": 0.001,
                                        "Actual Total Time": 0.001,
                                        "Actual Rows": 1,
                                        "Actual Loops": 172982,
                                        "Index Cond": "(id = mk.keyword_id)",
                                        "Rows Removed by Index Recheck": 0,
                                        "Heap Fetches": 172982
                                    }
                                ]
                            }
                        ]
                    },
                    "Planning Time": 16.671,
                    "Triggers": [],
                    "Execution Time": 3009.958
                }
            ],
            "hints": [
                "SET enable_hashjoin TO on",
                "SET enable_indexonlyscan TO on",
                "SET enable_indexscan TO on",
                "SET enable_mergejoin TO off",
                "SET enable_nestloop TO on",
                "SET enable_seqscan TO on"
            ]
        }
    ]
}