{
    "sql_file": "8a6.sql",
    "query": "SELECT COUNT(*) FROM title as t,\nkind_type as kt,\ninfo_type as it1,\nmovie_info as mi1,\ncast_info as ci,\nrole_type as rt,\nname as n,\nmovie_keyword as mk,\nkeyword as k,\nmovie_companies as mc,\ncompany_type as ct,\ncompany_name as cn\nWHERE\nt.id = ci.movie_id\nAND t.id = mc.movie_id\nAND t.id = mi1.movie_id\nAND t.id = mk.movie_id\nAND mc.company_type_id = ct.id\nAND mc.company_id = cn.id\nAND k.id = mk.keyword_id\nAND mi1.info_type_id = it1.id\nAND t.kind_id = kt.id\nAND ci.person_id = n.id\nAND ci.role_id = rt.id\nAND (it1.id IN ('1'))\nAND (mi1.info in ('30'))\nAND (kt.kind in ('episode'))\nAND (rt.role in ('miscellaneous crew'))\nAND (n.gender in ('f') OR n.gender IS NULL)\nAND (n.name_pcode_cf in ('A3654','B4353','B6156','C6264','D4253','D4262','L2562','L5326','M5323','R2461','S4362','S5236','S5245'))\nAND (t.production_year <= 2015)\nAND (t.production_year >= 1990)\nAND (cn.name in ('ABS-CBN','American Broadcasting Company (ABC)','British Broadcasting Corporation (BBC)'))\nAND (ct.kind in ('distributors','production companies'))",
    "results": [
        {
            "arm": 0,
            "execution_time": 187.356,
            "plan": [
                {
                    "Plan": {
                        "Node Type": "Aggregate",
                        "Strategy": "Plain",
                        "Partial Mode": "Simple",
                        "Parallel Aware": false,
                        "Async Capable": false,
                        "Startup Cost": 6707.96,
                        "Total Cost": 6707.97,
                        "Plan Rows": 1,
                        "Plan Width": 8,
                        "Actual Startup Time": 175.002,
                        "Actual Total Time": 187.282,
                        "Actual Rows": 1,
                        "Actual Loops": 1,
                        "Plans": [
                            {
                                "Node Type": "Nested Loop",
                                "Parent Relationship": "Outer",
                                "Parallel Aware": false,
                                "Async Capable": false,
                                "Join Type": "Inner",
                                "Startup Cost": 1003.46,
                                "Total Cost": 6707.96,
                                "Plan Rows": 1,
                                "Plan Width": 0,
                                "Actual Startup Time": 162.667,
                                "Actual Total Time": 187.276,
                                "Actual Rows": 1,
                                "Actual Loops": 1,
                                "Inner Unique": true,
                                "Plans": [
                                    {
                                        "Node Type": "Nested Loop",
                                        "Parent Relationship": "Outer",
                                        "Parallel Aware": false,
                                        "Async Capable": false,
                                        "Join Type": "Inner",
                                        "Startup Cost": 1003.04,
                                        "Total Cost": 6707.1,
                                        "Plan Rows": 1,
                                        "Plan Width": 4,
                                        "Actual Startup Time": 162.656,
                                        "Actual Total Time": 187.265,
                                        "Actual Rows": 1,
                                        "Actual Loops": 1,
                                        "Inner Unique": true,
                                        "Plans": [
                                            {
                                                "Node Type": "Nested Loop",
                                                "Parent Relationship": "Outer",
                                                "Parallel Aware": false,
                                                "Async Capable": false,
                                                "Join Type": "Inner",
                                                "Startup Cost": 1002.58,
                                                "Total Cost": 6705.99,
                                                "Plan Rows": 1,
                                                "Plan Width": 8,
                                                "Actual Startup Time": 20.362,
                                                "Actual Total Time": 171.601,
                                                "Actual Rows": 20033,
                                                "Actual Loops": 1,
                                                "Inner Unique": true,
                                                "Plans": [
                                                    {
                                                        "Node Type": "Nested Loop",
                                                        "Parent Relationship": "Outer",
                                                        "Parallel Aware": false,
                                                        "Async Capable": false,
                                                        "Join Type": "Inner",
                                                        "Startup Cost": 1002.44,
                                                        "Total Cost": 6705.81,
                                                        "Plan Rows": 1,
                                                        "Plan Width": 12,
                                                        "Actual Startup Time": 20.338,
                                                        "Actual Total Time": 147.323,
                                                        "Actual Rows": 74601,
                                                        "Actual Loops": 1,
                                                        "Inner Unique": false,
                                                        "Join Filter": "(t.id = ci.movie_id)",
                                                        "Rows Removed by Join Filter": 0,
                                                        "Plans": [
                                                            {
                                                                "Node Type": "Nested Loop",
                                                                "Parent Relationship": "Outer",
                                                                "Parallel Aware": false,
                                                                "Async Capable": false,
                                                                "Join Type": "Inner",
                                                                "Startup Cost": 1002.0,
                                                                "Total Cost": 6683.95,
                                                                "Plan Rows": 1,
                                                                "Plan Width": 20,
                                                                "Actual Startup Time": 20.328,
                                                                "Actual Total Time": 129.279,
                                                                "Actual Rows": 1898,
                                                                "Actual Loops": 1,
                                                                "Inner Unique": false,
                                                                "Plans": [
                                                                    {
                                                                        "Node Type": "Nested Loop",
                                                                        "Parent Relationship": "Outer",
                                                                        "Parallel Aware": false,
                                                                        "Async Capable": false,
                                                                        "Join Type": "Inner",
                                                                        "Startup Cost": 1001.57,
                                                                        "Total Cost": 6681.64,
                                                                        "Plan Rows": 1,
                                                                        "Plan Width": 12,
                                                                        "Actual Startup Time": 16.443,
                                                                        "Actual Total Time": 128.421,
                                                                        "Actual Rows": 645,
                                                                        "Actual Loops": 1,
                                                                        "Inner Unique": false,
                                                                        "Plans": [
                                                                            {
                                                                                "Node Type": "Gather",
                                                                                "Parent Relationship": "Outer",
                                                                                "Parallel Aware": false,
                                                                                "Async Capable": false,
                                                                                "Startup Cost": 1001.57,
                                                                                "Total Cost": 6679.22,
                                                                                "Plan Rows": 1,
                                                                                "Plan Width": 16,
                                                                                "Actual Startup Time": 16.435,
                                                                                "Actual Total Time": 126.804,
                                                                                "Actual Rows": 645,
                                                                                "Actual Loops": 1,
                                                                                "Workers Planned": 1,
                                                                                "Workers Launched": 1,
                                                                                "Single Copy": false,
                                                                                "Plans": [
                                                                                    {
                                                                                        "Node Type": "Nested Loop",
                                                                                        "Parent Relationship": "Outer",
                                                                                        "Parallel Aware": false,
                                                                                        "Async Capable": false,
                                                                                        "Join Type": "Inner",
                                                                                        "Startup Cost": 1.57,
                                                                                        "Total Cost": 5679.12,
                                                                                        "Plan Rows": 1,
                                                                                        "Plan Width": 16,
                                                                                        "Actual Startup Time": 39.358,
                                                                                        "Actual Total Time": 138.495,
                                                                                        "Actual Rows": 322,
                                                                                        "Actual Loops": 2,
                                                                                        "Inner Unique": false,
                                                                                        "Join Filter": "(t.id = mi1.movie_id)",
                                                                                        "Rows Removed by Join Filter": 0,
                                                                                        "Workers": [],
                                                                                        "Plans": [
                                                                                            {
                                                                                                "Node Type": "Nested Loop",
                                                                                                "Parent Relationship": "Outer",
                                                                                                "Parallel Aware": false,
                                                                                                "Async Capable": false,
                                                                                                "Join Type": "Inner",
                                                                                                "Startup Cost": 1.13,
                                                                                                "Total Cost": 5661.82,
                                                                                                "Plan Rows": 1,
                                                                                                "Plan Width": 8,
                                                                                                "Actual Startup Time": 1.011,
                                                                                                "Actual Total Time": 111.344,
                                                                                                "Actual Rows": 14376,
                                                                                                "Actual Loops": 2,
                                                                                                "Inner Unique": true,
                                                                                                "Workers": [],
                                                                                                "Plans": [
                                                                                                    {
                                                                                                        "Node Type": "Nested Loop",
                                                                                                        "Parent Relationship": "Outer",
                                                                                                        "Parallel Aware": false,
                                                                                                        "Async Capable": false,
                                                                                                        "Join Type": "Inner",
                                                                                                        "Startup Cost": 1.0,
                                                                                                        "Total Cost": 5660.74,
                                                                                                        "Plan Rows": 7,
                                                                                                        "Plan Width": 12,
                                                                                                        "Actual Startup Time": 0.961,
                                                                                                        "Actual Total Time": 104.461,
                                                                                                        "Actual Rows": 19636,
                                                                                                        "Actual Loops": 2,
                                                                                                        "Inner Unique": true,
                                                                                                        "Workers": [],
                                                                                                        "Plans": [
                                                                                                            {
                                                                                                                "Node Type": "Nested Loop",
                                                                                                                "Parent Relationship": "Outer",
                                                                                                                "Parallel Aware": false,
                                                                                                                "Async Capable": false,
                                                                                                                "Join Type": "Inner",
                                                                                                                "Startup Cost": 0.57,
                                                                                                                "Total Cost": 5650.24,
                                                                                                                "Plan Rows": 10,
                                                                                                                "Plan Width": 4,
                                                                                                                "Actual Startup Time": 0.931,
                                                                                                                "Actual Total Time": 27.352,
                                                                                                                "Actual Rows": 39831,
                                                                                                                "Actual Loops": 2,
                                                                                                                "Inner Unique": true,
                                                                                                                "Workers": [],
                                                                                                                "Plans": [
                                                                                                                    {
                                                                                                                        "Node Type": "Nested Loop",
                                                                                                                        "Parent Relationship": "Outer",
                                                                                                                        "Parallel Aware": false,
                                                                                                                        "Async Capable": false,
                                                                                                                        "Join Type": "Inner",
                                                                                                                        "Startup Cost": 0.43,
                                                                                                                        "Total Cost": 5649.36,
                                                                                                                        "Plan Rows": 19,
                                                                                                                        "Plan Width": 8,
                                                                                                                        "Actual Startup Time": 0.919,
                                                                                                                        "Actual Total Time": 22.018,
                                                                                                                        "Actual Rows": 39831,
                                                                                                                        "Actual Loops": 2,
                                                                                                                        "Inner Unique": false,
                                                                                                                        "Workers": [],
                                                                                                                        "Plans": [
                                                                                                                            {
                                                                                                                                "Node Type": "Seq Scan",
                                                                                                                                "Parent Relationship": "Outer",
                                                                                                                                "Parallel Aware": true,
                                                                                                                                "Async Capable": false,
                                                                                                                                "Relation Name": "company_name",
                                                                                                                                "Alias": "cn",
                                                                                                                                "Startup Cost": 0.0,
                                                                                                                                "Total Cost": 4940.71,
                                                                                                                                "Plan Rows": 2,
                                                                                                                                "Plan Width": 4,
                                                                                                                                "Actual Startup Time": 0.897,
                                                                                                                                "Actual Total Time": 6.908,
                                                                                                                                "Actual Rows": 2,
                                                                                                                                "Actual Loops": 2,
                                                                                                                                "Filter": "(name = ANY ('{ABS-CBN,\"American Broadcasting Company (ABC)\",\"British Broadcasting Corporation (BBC)\"}'::text[]))",
                                                                                                                                "Rows Removed by Filter": 117496,
                                                                                                                                "Workers": []
                                                                                                                            },
                                                                                                                            {
                                                                                                                                "Node Type": "Index Scan",
                                                                                                                                "Parent Relationship": "Inner",
                                                                                                                                "Parallel Aware": false,
                                                                                                                                "Async Capable": false,
                                                                                                                                "Scan Direction": "Forward",
                                                                                                                                "Index Name": "company_id_movie_companies",
                                                                                                                                "Relation Name": "movie_companies",
                                                                                                                                "Alias": "mc",
                                                                                                                                "Startup Cost": 0.43,
                                                                                                                                "Total Cost": 353.0,
                                                                                                                                "Plan Rows": 133,
                                                                                                                                "Plan Width": 12,
                                                                                                                                "Actual Startup Time": 0.015,
                                                                                                                                "Actual Total Time": 6.607,
                                                                                                                                "Actual Rows": 19916,
                                                                                                                                "Actual Loops": 4,
                                                                                                                                "Index Cond": "(company_id = cn.id)",
                                                                                                                                "Rows Removed by Index Recheck": 0,
                                                                                                                                "Workers": []
                                                                                                                            }
                                                                                                                        ]
                                                                                                                    },
                                                                                                                    {
                                                                                                                        "Node Type": "Memoize",
                                                                                                                        "Parent Relationship": "Inner",
                                                                                                                        "Parallel Aware": false,
                                                                                                                        "Async Capable": false,
                                                                                                                        "Startup Cost": 0.14,
                                                                                                                        "Total Cost": 0.16,
                                                                                                                        "Plan Rows": 1,
                                                                                                                        "Plan Width": 4,
                                                                                                                        "Actual Startup Time": 0.0,
                                                                                                                        "Actual Total Time": 0.0,
                                                                                                                        "Actual Rows": 1,
                                                                                                                        "Actual Loops": 79662,
                                                                                                                        "Cache Key": "mc.company_type_id",
                                                                                                                        "Cache Mode": "logical",
                                                                                                                        "Cache Hits": 27301,
                                                                                                                        "Cache Misses": 2,
                                                                                                                        "Cache Evictions": 0,
                                                                                                                        "Cache Overflows": 0,
                                                                                                                        "Peak Memory Usage": 1,
                                                                                                                        "Workers": [
                                                                                                                            {
                                                                                                                                "Worker Number": 0,
                                                                                                                                "Cache Hits": 52357,
                                                                                                                                "Cache Misses": 2,
                                                                                                                                "Cache Evictions": 0,
                                                                                                                                "Cache Overflows": 0,
                                                                                                                                "Peak Memory Usage": 1
                                                                                                                            }
                                                                                                                        ],
                                                                                                                        "Plans": [
                                                                                                                            {
                                                                                                                                "Node Type": "Index Scan",
                                                                                                                                "Parent Relationship": "Outer",
                                                                                                                                "Parallel Aware": false,
                                                                                                                                "Async Capable": false,
                                                                                                                                "Scan Direction": "Forward",
                                                                                                                                "Index Name": "company_type_pkey",
                                                                                                                                "Relation Name": "company_type",
                                                                                                                                "Alias": "ct",
                                                                                                                                "Startup Cost": 0.13,
                                                                                                                                "Total Cost": 0.15,
                                                                                                                                "Plan Rows": 1,
                                                                                                                                "Plan Width": 4,
                                                                                                                                "Actual Startup Time": 0.005,
                                                                                                                                "Actual Total Time": 0.005,
                                                                                                                                "Actual Rows": 1,
                                                                                                                                "Actual Loops": 4,
                                                                                                                                "Index Cond": "(id = mc.company_type_id)",
                                                                                                                                "Rows Removed by Index Recheck": 0,
                                                                                                                                "Filter": "((kind)::text = ANY ('{distributors,\"production companies\"}'::text[]))",
                                                                                                                                "Rows Removed by Filter": 0,
                                                                                                                                "Workers": []
                                                                                                                            }
                                                                                                                        ]
                                                                                                                    }
                                                                                                                ]
                                                                                                            },
                                                                                                            {
                                                                                                                "Node Type": "Index Scan",
                                                                                                                "Parent Relationship": "Inner",
                                                                                                                "Parallel Aware": false,
                                                                                                                "Async Capable": false,
                                                                                                                "Scan Direction": "Forward",
                                                                                                                "Index Name": "title_pkey",
                                                                                                                "Relation Name": "title",
                                                                                                                "Alias": "t",
                                                                                                                "Startup Cost": 0.43,
                                                                                                                "Total Cost": 1.05,
                                                                                                                "Plan Rows": 1,
                                                                                                                "Plan Width": 8,
                                                                                                                "Actual Startup Time": 0.002,
                                                                                                                "Actual Total Time": 0.002,
                                                                                                                "Actual Rows": 0,
                                                                                                                "Actual Loops": 79662,
                                                                                                                "Index Cond": "(id = mc.movie_id)",
                                                                                                                "Rows Removed by Index Recheck": 0,
                                                                                                                "Filter": "((production_year <= 2015) AND (production_year >= 1990))",
                                                                                                                "Rows Removed by Filter": 1,
                                                                                                                "Workers": []
                                                                                                            }
                                                                                                        ]
                                                                                                    },
                                                                                                    {
                                                                                                        "Node Type": "Index Scan",
                                                                                                        "Parent Relationship": "Inner",
                                                                                                        "Parallel Aware": false,
                                                                                                        "Async Capable": false,
                                                                                                        "Scan Direction": "Forward",
                                                                                                        "Index Name": "kind_type_pkey",
                                                                                                        "Relation Name": "kind_type",
                                                                                                        "Alias": "kt",
                                                                                                        "Startup Cost": 0.13,
                                                                                                        "Total Cost": 0.15,
                                                                                                        "Plan Rows": 1,
                                                                                                        "Plan Width": 4,
                                                                                                        "Actual Startup Time": 0.0,
                                                                                                        "Actual Total Time": 0.0,
                                                                                                        "Actual Rows": 1,
                                                                                                        "Actual Loops": 39273,
                                                                                                        "Index Cond": "(id = t.kind_id)",
                                                                                                        "Rows Removed by Index Recheck": 0,
                                                                                                        "Filter": "((kind)::text = 'episode'::text)",
                                                                                                        "Rows Removed by Filter": 0,
                                                                                                        "Workers": []
                                                                                                    }
                                                                                                ]
                                                                                            },
                                                                                            {
                                                                                                "Node Type": "Index Scan",
                                                                                                "Parent Relationship": "Inner",
                                                                                                "Parallel Aware": false,
                                                                                                "Async Capable": false,
                                                                                                "Scan Direction": "Forward",
                                                                                                "Index Name": "movie_id_movie_info",
                                                                                                "Relation Name": "movie_info",
                                                                                                "Alias": "mi1",
                                                                                                "Startup Cost": 0.43,
                                                                                                "Total Cost": 17.29,
                                                                                                "Plan Rows": 1,
                                                                                                "Plan Width": 8,
                                                                                                "Actual Startup Time": 0.002,
                                                                                                "Actual Total Time": 0.002,
                                                                                                "Actual Rows": 0,
                                                                                                "Actual Loops": 28752,
                                                                                                "Index Cond": "(movie_id = mc.movie_id)",
                                                                                                "Rows Removed by Index Recheck": 0,
                                                                                                "Filter": "((info_type_id = 1) AND (info = '30'::text))",
                                                                                                "Rows Removed by Filter": 5,
                                                                                                "Workers": []
                                                                                            }
                                                                                        ]
                                                                                    }
                                                                                ]
                                                                            },
                                                                            {
                                                                                "Node Type": "Seq Scan",
                                                                                "Parent Relationship": "Inner",
                                                                                "Parallel Aware": false,
                                                                                "Async Capable": false,
                                                                                "Relation Name": "info_type",
                                                                                "Alias": "it1",
                                                                                "Startup Cost": 0.0,
                                                                                "Total Cost": 2.41,
                                                                                "Plan Rows": 1,
                                                                                "Plan Width": 4,
                                                                                "Actual Startup Time": 0.001,
                                                                                "Actual Total Time": 0.002,
                                                                                "Actual Rows": 1,
                                                                                "Actual Loops": 645,
                                                                                "Filter": "(id = 1)",
                                                                                "Rows Removed by Filter": 112
                                                                            }
                                                                        ]
                                                                    },
                                                                    {
                                                                        "Node Type": "Index Scan",
                                                                        "Parent Relationship": "Inner",
                                                                        "Parallel Aware": false,
                                                                        "Async Capable": false,
                                                                        "Scan Direction": "Forward",
                                                                        "Index Name": "movie_id_movie_keyword",
                                                                        "Relation Name": "movie_keyword",
                                                                        "Alias": "mk",
                                                                        "Startup Cost": 0.43,
                                                                        "Total Cost": 1.85,
                                                                        "Plan Rows": 46,
                                                                        "Plan Width": 8,
                                                                        "Actual Startup Time": 0.001,
                                                                        "Actual Total Time": 0.001,
                                                                        "Actual Rows": 3,
                                                                        "Actual Loops": 645,
                                                                        "Index Cond": "(movie_id = t.id)",
                                                                        "Rows Removed by Index Recheck": 0
                                                                    }
                                                                ]
                                                            },
                                                            {
                                                                "Node Type": "Index Scan",
                                                                "Parent Relationship": "Inner",
                                                                "Parallel Aware": false,
                                                                "Async Capable": false,
                                                                "Scan Direction": "Forward",
                                                                "Index Name": "movie_id_cast_info",
                                                                "Relation Name": "cast_info",
                                                                "Alias": "ci",
                                                                "Startup Cost": 0.44,
                                                                "Total Cost": 21.39,
                                                                "Plan Rows": 38,
                                                                "Plan Width": 12,
                                                                "Actual Startup Time": 0.001,
                                                                "Actual Total Time": 0.007,
                                                                "Actual Rows": 39,
                                                                "Actual Loops": 1898,
                                                                "Index Cond": "(movie_id = mk.movie_id)",
                                                                "Rows Removed by Index Recheck": 0
                                                            }
                                                        ]
                                                    },
                                                    {
                                                        "Node Type": "Index Scan",
                                                        "Parent Relationship": "Inner",
                                                        "Parallel Aware": false,
                                                        "Async Capable": false,
                                                        "Scan Direction": "Forward",
                                                        "Index Name": "role_type_pkey",
                                                        "Relation Name": "role_type",
                                                        "Alias": "rt",
                                                        "Startup Cost": 0.14,
                                                        "Total Cost": 0.16,
                                                        "Plan Rows": 1,
                                                        "Plan Width": 4,
                                                        "Actual Startup Time": 0.0,
                                                        "Actual Total Time": 0.0,
                                                        "Actual Rows": 0,
                                                        "Actual Loops": 74601,
                                                        "Index Cond": "(id = ci.role_id)",
                                                        "Rows Removed by Index Recheck": 0,
                                                        "Filter": "((role)::text = 'miscellaneous crew'::text)",
                                                        "Rows Removed by Filter": 1
                                                    }
                                                ]
                                            },
                                            {
                                                "Node Type": "Index Scan",
                                                "Parent Relationship": "Inner",
                                                "Parallel Aware": false,
                                                "Async Capable": false,
                                                "Scan Direction": "Forward",
                                                "Index Name": "name_pkey",
                                                "Relation Name": "name",
                                                "Alias": "n",
                                                "Startup Cost": 0.46,
                                                "Total Cost": 1.11,
                                                "Plan Rows": 1,
                                                "Plan Width": 4,
                                                "Actual Startup Time": 0.001,
                                                "Actual Total Time": 0.001,
                                                "Actual Rows": 0,
                                                "Actual Loops": 20033,
                                                "Index Cond": "(id = ci.person_id)",
                                                "Rows Removed by Index Recheck": 0,
                                                "Filter": "((((gender)::text = 'f'::text) OR (gender IS NULL)) AND ((name_pcode_cf)::text = ANY ('{A3654,B4353,B6156,C6264,D4253,D4262,L2562,L5326,M5323,R2461,S4362,S5236,S5245}'::text[])))",
                                                "Rows Removed by Filter": 1
                                            }
                                        ]
                                    },
                                    {
                                        "Node Type": "Index Only Scan",
                                        "Parent Relationship": "Inner",
                                        "Parallel Aware": false,
                                        "Async Capable": false,
                                        "Scan Direction": "Forward",
                                        "Index Name": "keyword_pkey",
                                        "Relation Name": "keyword",
                                        "Alias": "k",
                                        "Startup Cost": 0.42,
                                        "Total Cost": 0.86,
                                        "Plan Rows": 1,
                                        "Plan Width": 4,
                                        "Actual Startup Time": 0.009,
                                        "Actual Total Time": 0.009,
                                        "Actual Rows": 1,
                                        "Actual Loops": 1,
                                        "Index Cond": "(id = mk.keyword_id)",
                                        "Rows Removed by Index Recheck": 0,
                                        "Heap Fetches": 1
                                    }
                                ]
                            }
                        ]
                    },
                    "Planning Time": 20.611,
                    "Triggers": [],
                    "Execution Time": 187.356
                }
            ],
            "hints": [
                "SET enable_hashjoin TO on",
                "SET enable_indexonlyscan TO on",
                "SET enable_indexscan TO on",
                "SET enable_mergejoin TO on",
                "SET enable_nestloop TO on",
                "SET enable_seqscan TO on"
            ]
        },
        {
            "arm": 1,
            "execution_time": 6207.574,
            "plan": [
                {
                    "Plan": {
                        "Node Type": "Aggregate",
                        "Strategy": "Plain",
                        "Partial Mode": "Simple",
                        "Parallel Aware": false,
                        "Async Capable": false,
                        "Startup Cost": 10007778309.25,
                        "Total Cost": 10007778309.26,
                        "Plan Rows": 1,
                        "Plan Width": 8,
                        "Actual Startup Time": 6203.393,
                        "Actual Total Time": 6203.407,
                        "Actual Rows": 1,
                        "Actual Loops": 1,
                        "Plans": [
                            {
                                "Node Type": "Hash Join",
                                "Parent Relationship": "Outer",
                                "Parallel Aware": false,
                                "Async Capable": false,
                                "Join Type": "Inner",
                                "Startup Cost": 10007649710.01,
                                "Total Cost": 10007778309.25,
                                "Plan Rows": 1,
                                "Plan Width": 0,
                                "Actual Startup Time": 6126.833,
                                "Actual Total Time": 6203.4,
                                "Actual Rows": 1,
                                "Actual Loops": 1,
                                "Inner Unique": false,
                                "Hash Cond": "(n.id = ci.person_id)",
                                "Plans": [
                                    {
                                        "Node Type": "Seq Scan",
                                        "Parent Relationship": "Outer",
                                        "Parallel Aware": false,
                                        "Async Capable": false,
                                        "Relation Name": "name",
                                        "Alias": "n",
                                        "Startup Cost": 0.03,
                                        "Total Cost": 128587.13,
                                        "Plan Rows": 3237,
                                        "Plan Width": 4,
                                        "Actual Startup Time": 86.743,
                                        "Actual Total Time": 249.609,
                                        "Actual Rows": 5667,
                                        "Actual Loops": 1,
                                        "Filter": "((((gender)::text = 'f'::text) OR (gender IS NULL)) AND ((name_pcode_cf)::text = ANY ('{A3654,B4353,B6156,C6264,D4253,D4262,L2562,L5326,M5323,R2461,S4362,S5236,S5245}'::text[])))",
                                        "Rows Removed by Filter": 4161824
                                    },
                                    {
                                        "Node Type": "Hash",
                                        "Parent Relationship": "Inner",
                                        "Parallel Aware": false,
                                        "Async Capable": false,
                                        "Startup Cost": 10007649709.97,
                                        "Total Cost": 10007649709.97,
                                        "Plan Rows": 1,
                                        "Plan Width": 4,
                                        "Actual Startup Time": 5953.129,
                                        "Actual Total Time": 5953.142,
                                        "Actual Rows": 20033,
                                        "Actual Loops": 1,
                                        "Hash Buckets": 32768,
                                        "Original Hash Buckets": 1024,
                                        "Hash Batches": 1,
                                        "Original Hash Batches": 1,
                                        "Peak Memory Usage": 961,
                                        "Plans": [
                                            {
                                                "Node Type": "Hash Join",
                                                "Parent Relationship": "Outer",
                                                "Parallel Aware": false,
                                                "Async Capable": false,
                                                "Join Type": "Inner",
                                                "Startup Cost": 10007646857.12,
                                                "Total Cost": 10007649709.97,
                                                "Plan Rows": 1,
                                                "Plan Width": 4,
                                                "Actual Startup Time": 5942.023,
                                                "Actual Total Time": 5952.314,
                                                "Actual Rows": 20033,
                                                "Actual Loops": 1,
                                                "Inner Unique": false,
                                                "Hash Cond": "(k.id = mk.keyword_id)",
                                                "Plans": [
                                                    {
                                                        "Node Type": "Seq Scan",
                                                        "Parent Relationship": "Outer",
                                                        "Parallel Aware": false,
                                                        "Async Capable": false,
                                                        "Relation Name": "keyword",
                                                        "Alias": "k",
                                                        "Startup Cost": 0.0,
                                                        "Total Cost": 2349.7,
                                                        "Plan Rows": 134170,
                                                        "Plan Width": 4,
                                                        "Actual Startup Time": 0.007,
                                                        "Actual Total Time": 5.049,
                                                        "Actual Rows": 134170,
                                                        "Actual Loops": 1
                                                    },
                                                    {
                                                        "Node Type": "Hash",
                                                        "Parent Relationship": "Inner",
                                                        "Parallel Aware": false,
                                                        "Async Capable": false,
                                                        "Startup Cost": 10007646857.11,
                                                        "Total Cost": 10007646857.11,
                                                        "Plan Rows": 1,
                                                        "Plan Width": 8,
                                                        "Actual Startup Time": 5942.01,
                                                        "Actual Total Time": 5942.022,
                                                        "Actual Rows": 20033,
                                                        "Actual Loops": 1,
                                                        "Hash Buckets": 32768,
                                                        "Original Hash Buckets": 1024,
                                                        "Hash Batches": 1,
                                                        "Original Hash Batches": 1,
                                                        "Peak Memory Usage": 1039,
                                                        "Plans": [
                                                            {
                                                                "Node Type": "Hash Join",
                                                                "Parent Relationship": "Outer",
                                                                "Parallel Aware": false,
                                                                "Async Capable": false,
                                                                "Join Type": "Inner",
                                                                "Startup Cost": 10007640585.85,
                                                                "Total Cost": 10007646857.11,
                                                                "Plan Rows": 1,
                                                                "Plan Width": 8,
                                                                "Actual Startup Time": 5926.098,
                                                                "Actual Total Time": 5941.182,
                                                                "Actual Rows": 20033,
                                                                "Actual Loops": 1,
                                                                "Inner Unique": false,
                                                                "Hash Cond": "(cn.id = mc.company_id)",
                                                                "Plans": [
                                                                    {
                                                                        "Node Type": "Seq Scan",
                                                                        "Parent Relationship": "Outer",
                                                                        "Parallel Aware": false,
                                                                        "Async Capable": false,
                                                                        "Relation Name": "company_name",
                                                                        "Alias": "cn",
                                                                        "Startup Cost": 0.0,
                                                                        "Total Cost": 6271.21,
                                                                        "Plan Rows": 3,
                                                                        "Plan Width": 4,
                                                                        "Actual Startup Time": 0.447,
                                                                        "Actual Total Time": 12.188,
                                                                        "Actual Rows": 4,
                                                                        "Actual Loops": 1,
                                                                        "Filter": "(name = ANY ('{ABS-CBN,\"American Broadcasting Company (ABC)\",\"British Broadcasting Corporation (BBC)\"}'::text[]))",
                                                                        "Rows Removed by Filter": 234993
                                                                    },
                                                                    {
                                                                        "Node Type": "Hash",
                                                                        "Parent Relationship": "Inner",
                                                                        "Parallel Aware": false,
                                                                        "Async Capable": false,
                                                                        "Startup Cost": 10007640582.45,
                                                                        "Total Cost": 10007640582.45,
                                                                        "Plan Rows": 272,
                                                                        "Plan Width": 12,
                                                                        "Actual Startup Time": 5922.495,
                                                                        "Actual Total Time": 5922.506,
                                                                        "Actual Rows": 433280,
                                                                        "Actual Loops": 1,
                                                                        "Hash Buckets": 524288,
                                                                        "Original Hash Buckets": 1024,
                                                                        "Hash Batches": 2,
                                                                        "Original Hash Batches": 1,
                                                                        "Peak Memory Usage": 12289,
                                                                        "Plans": [
                                                                            {
                                                                                "Node Type": "Hash Join",
                                                                                "Parent Relationship": "Outer",
                                                                                "Parallel Aware": false,
                                                                                "Async Capable": false,
                                                                                "Join Type": "Inner",
                                                                                "Startup Cost": 10006889185.43,
                                                                                "Total Cost": 10007640582.45,
                                                                                "Plan Rows": 272,
                                                                                "Plan Width": 12,
                                                                                "Actual Startup Time": 3183.247,
                                                                                "Actual Total Time": 5901.131,
                                                                                "Actual Rows": 433280,
                                                                                "Actual Loops": 1,
                                                                                "Inner Unique": true,
                                                                                "Hash Cond": "(t.kind_id = kt.id)",
                                                                                "Plans": [
                                                                                    {
                                                                                        "Node Type": "Hash Join",
                                                                                        "Parent Relationship": "Outer",
                                                                                        "Parallel Aware": false,
                                                                                        "Async Capable": false,
                                                                                        "Join Type": "Inner",
                                                                                        "Startup Cost": 10006889184.33,
                                                                                        "Total Cost": 10007640573.33,
                                                                                        "Plan Rows": 1902,
                                                                                        "Plan Width": 16,
                                                                                        "Actual Startup Time": 3182.673,
                                                                                        "Actual Total Time": 5858.564,
                                                                                        "Actual Rows": 1136239,
                                                                                        "Actual Loops": 1,
                                                                                        "Inner Unique": true,
                                                                                        "Hash Cond": "(ci.role_id = rt.id)",
                                                                                        "Plans": [
                                                                                            {
                                                                                                "Node Type": "Hash Join",
                                                                                                "Parent Relationship": "Outer",
                                                                                                "Parallel Aware": false,
                                                                                                "Async Capable": false,
                                                                                                "Join Type": "Inner",
                                                                                                "Startup Cost": 10006889183.17,
                                                                                                "Total Cost": 10007640491.1,
                                                                                                "Plan Rows": 22824,
                                                                                                "Plan Width": 20,
                                                                                                "Actual Startup Time": 3181.905,
                                                                                                "Actual Total Time": 5732.623,
                                                                                                "Actual Rows": 3524843,
                                                                                                "Actual Loops": 1,
                                                                                                "Inner Unique": false,
                                                                                                "Hash Cond": "(ci.movie_id = t.id)",
                                                                                                "Plans": [
                                                                                                    {
                                                                                                        "Node Type": "Seq Scan",
                                                                                                        "Parent Relationship": "Outer",
                                                                                                        "Parallel Aware": false,
                                                                                                        "Async Capable": false,
                                                                                                        "Relation Name": "cast_info",
                                                                                                        "Alias": "ci",
                                                                                                        "Startup Cost": 0.0,
                                                                                                        "Total Cost": 615163.44,
                                                                                                        "Plan Rows": 36244344,
                                                                                                        "Plan Width": 12,
                                                                                                        "Actual Startup Time": 0.003,
                                                                                                        "Actual Total Time": 1105.949,
                                                                                                        "Actual Rows": 36244344,
                                                                                                        "Actual Loops": 1
                                                                                                    },
                                                                                                    {
                                                                                                        "Node Type": "Hash",
                                                                                                        "Parent Relationship": "Inner",
                                                                                                        "Parallel Aware": false,
                                                                                                        "Async Capable": false,
                                                                                                        "Startup Cost": 10006889163.27,
                                                                                                        "Total Cost": 10006889163.27,
                                                                                                        "Plan Rows": 1592,
                                                                                                        "Plan Width": 28,
                                                                                                        "Actual Startup Time": 3181.791,
                                                                                                        "Actual Total Time": 3181.798,
                                                                                                        "Actual Rows": 134917,
                                                                                                        "Actual Loops": 1,
                                                                                                        "Hash Buckets": 262144,
                                                                                                        "Original Hash Buckets": 2048,
                                                                                                        "Hash Batches": 1,
                                                                                                        "Original Hash Batches": 1,
                                                                                                        "Peak Memory Usage": 9954,
                                                                                                        "Plans": [
                                                                                                            {
                                                                                                                "Node Type": "Merge Join",
                                                                                                                "Parent Relationship": "Outer",
                                                                                                                "Parallel Aware": false,
                                                                                                                "Async Capable": false,
                                                                                                                "Join Type": "Inner",
                                                                                                                "Startup Cost": 10000209371.45,
                                                                                                                "Total Cost": 10006889163.27,
                                                                                                                "Plan Rows": 1592,
                                                                                                                "Plan Width": 28,
                                                                                                                "Actual Startup Time": 440.455,
                                                                                                                "Actual Total Time": 3173.765,
                                                                                                                "Actual Rows": 134917,
                                                                                                                "Actual Loops": 1,
                                                                                                                "Inner Unique": false,
                                                                                                                "Merge Cond": "(t.id = mk.movie_id)",
                                                                                                                "Plans": [
                                                                                                                    {
                                                                                                                        "Node Type": "Merge Join",
                                                                                                                        "Parent Relationship": "Outer",
                                                                                                                        "Parallel Aware": false,
                                                                                                                        "Async Capable": false,
                                                                                                                        "Join Type": "Inner",
                                                                                                                        "Startup Cost": 10000209371.02,
                                                                                                                        "Total Cost": 10006756552.71,
                                                                                                                        "Plan Rows": 890,
                                                                                                                        "Plan Width": 20,
                                                                                                                        "Actual Startup Time": 440.446,
                                                                                                                        "Actual Total Time": 2830.294,
                                                                                                                        "Actual Rows": 28089,
                                                                                                                        "Actual Loops": 1,
                                                                                                                        "Inner Unique": false,
                                                                                                                        "Merge Cond": "(mc.movie_id = t.id)",
                                                                                                                        "Plans": [
                                                                                                                            {
                                                                                                                                "Node Type": "Sort",
                                                                                                                                "Parent Relationship": "Outer",
                                                                                                                                "Parallel Aware": false,
                                                                                                                                "Async Capable": false,
                                                                                                                                "Startup Cost": 209369.94,
                                                                                                                                "Total Cost": 212631.35,
                                                                                                                                "Plan Rows": 1304564,
                                                                                                                                "Plan Width": 8,
                                                                                                                                "Actual Startup Time": 440.39,
                                                                                                                                "Actual Total Time": 535.054,
                                                                                                                                "Actual Rows": 2608750,
                                                                                                                                "Actual Loops": 1,
                                                                                                                                "Sort Key": [
                                                                                                                                    "mc.movie_id"
                                                                                                                                ],
                                                                                                                                "Sort Method": "external merge",
                                                                                                                                "Sort Space Used": 45976,
                                                                                                                                "Sort Space Type": "Disk",
                                                                                                                                "Plans": [
                                                                                                                                    {
                                                                                                                                        "Node Type": "Hash Join",
                                                                                                                                        "Parent Relationship": "Outer",
                                                                                                                                        "Parallel Aware": false,
                                                                                                                                        "Async Capable": false,
                                                                                                                                        "Join Type": "Inner",
                                                                                                                                        "Startup Cost": 1.07,
                                                                                                                                        "Total Cost": 59021.97,
                                                                                                                                        "Plan Rows": 1304564,
                                                                                                                                        "Plan Width": 8,
                                                                                                                                        "Actual Startup Time": 0.012,
                                                                                                                                        "Actual Total Time": 269.642,
                                                                                                                                        "Actual Rows": 2609129,
                                                                                                                                        "Actual Loops": 1,
                                                                                                                                        "Inner Unique": true,
                                                                                                                                        "Hash Cond": "(mc.company_type_id = ct.id)",
                                                                                                                                        "Plans": [
                                                                                                                                            {
                                                                                                                                                "Node Type": "Seq Scan",
                                                                                                                                                "Parent Relationship": "Outer",
                                                                                                                                                "Parallel Aware": false,
                                                                                                                                                "Async Capable": false,
                                                                                                                                                "Relation Name": "movie_companies",
                                                                                                                                                "Alias": "mc",
                                                                                                                                                "Startup Cost": 0.0,
                                                                                                                                                "Total Cost": 44915.29,
                                                                                                                                                "Plan Rows": 2609129,
                                                                                                                                                "Plan Width": 12,
                                                                                                                                                "Actual Startup Time": 0.003,
                                                                                                                                                "Actual Total Time": 96.059,
                                                                                                                                                "Actual Rows": 2609129,
                                                                                                                                                "Actual Loops": 1
                                                                                                                                            },
                                                                                                                                            {
                                                                                                                                                "Node Type": "Hash",
                                                                                                                                                "Parent Relationship": "Inner",
                                                                                                                                                "Parallel Aware": false,
                                                                                                                                                "Async Capable": false,
                                                                                                                                                "Startup Cost": 1.05,
                                                                                                                                                "Total Cost": 1.05,
                                                                                                                                                "Plan Rows": 2,
                                                                                                                                                "Plan Width": 4,
                                                                                                                                                "Actual Startup Time": 0.004,
                                                                                                                                                "Actual Total Time": 0.006,
                                                                                                                                                "Actual Rows": 2,
                                                                                                                                                "Actual Loops": 1,
                                                                                                                                                "Hash Buckets": 1024,
                                                                                                                                                "Original Hash Buckets": 1024,
                                                                                                                                                "Hash Batches": 1,
                                                                                                                                                "Original Hash Batches": 1,
                                                                                                                                                "Peak Memory Usage": 9,
                                                                                                                                                "Plans": [
                                                                                                                                                    {
                                                                                                                                                        "Node Type": "Seq Scan",
                                                                                                                                                        "Parent Relationship": "Outer",
                                                                                                                                                        "Parallel Aware": false,
                                                                                                                                                        "Async Capable": false,
                                                                                                                                                        "Relation Name": "company_type",
                                                                                                                                                        "Alias": "ct",
                                                                                                                                                        "Startup Cost": 0.0,
                                                                                                                                                        "Total Cost": 1.05,
                                                                                                                                                        "Plan Rows": 2,
                                                                                                                                                        "Plan Width": 4,
                                                                                                                                                        "Actual Startup Time": 0.003,
                                                                                                                                                        "Actual Total Time": 0.003,
                                                                                                                                                        "Actual Rows": 2,
                                                                                                                                                        "Actual Loops": 1,
                                                                                                                                                        "Filter": "((kind)::text = ANY ('{distributors,\"production companies\"}'::text[]))",
                                                                                                                                                        "Rows Removed by Filter": 2
                                                                                                                                                    }
                                                                                                                                                ]
                                                                                                                                            }
                                                                                                                                        ]
                                                                                                                                    }
                                                                                                                                ]
                                                                                                                            },
                                                                                                                            {
                                                                                                                                "Node Type": "Materialize",
                                                                                                                                "Parent Relationship": "Inner",
                                                                                                                                "Parallel Aware": false,
                                                                                                                                "Async Capable": false,
                                                                                                                                "Startup Cost": 10000000000.86,
                                                                                                                                "Total Cost": 10006548238.9,
                                                                                                                                "Plan Rows": 1725,
                                                                                                                                "Plan Width": 12,
                                                                                                                                "Actual Startup Time": 0.053,
                                                                                                                                "Actual Total Time": 2230.53,
                                                                                                                                "Actual Rows": 34095,
                                                                                                                                "Actual Loops": 1,
                                                                                                                                "Plans": [
                                                                                                                                    {
                                                                                                                                        "Node Type": "Merge Join",
                                                                                                                                        "Parent Relationship": "Outer",
                                                                                                                                        "Parallel Aware": false,
                                                                                                                                        "Async Capable": false,
                                                                                                                                        "Join Type": "Inner",
                                                                                                                                        "Startup Cost": 10000000000.86,
                                                                                                                                        "Total Cost": 10006548234.59,
                                                                                                                                        "Plan Rows": 1725,
                                                                                                                                        "Plan Width": 12,
                                                                                                                                        "Actual Startup Time": 0.05,
                                                                                                                                        "Actual Total Time": 2228.535,
                                                                                                                                        "Actual Rows": 16245,
                                                                                                                                        "Actual Loops": 1,
                                                                                                                                        "Inner Unique": true,
                                                                                                                                        "Merge Cond": "(mi1.movie_id = t.id)",
                                                                                                                                        "Plans": [
                                                                                                                                            {
                                                                                                                                                "Node Type": "Nested Loop",
                                                                                                                                                "Parent Relationship": "Outer",
                                                                                                                                                "Parallel Aware": false,
                                                                                                                                                "Async Capable": false,
                                                                                                                                                "Join Type": "Inner",
                                                                                                                                                "Startup Cost": 10000000000.43,
                                                                                                                                                "Total Cost": 10006418220.9,
                                                                                                                                                "Plan Rows": 2457,
                                                                                                                                                "Plan Width": 4,
                                                                                                                                                "Actual Startup Time": 0.038,
                                                                                                                                                "Actual Total Time": 1486.833,
                                                                                                                                                "Actual Rows": 54332,
                                                                                                                                                "Actual Loops": 1,
                                                                                                                                                "Inner Unique": false,
                                                                                                                                                "Plans": [
                                                                                                                                                    {
                                                                                                                                                        "Node Type": "Index Scan",
                                                                                                                                                        "Parent Relationship": "Outer",
                                                                                                                                                        "Parallel Aware": false,
                                                                                                                                                        "Async Capable": false,
                                                                                                                                                        "Scan Direction": "Forward",
                                                                                                                                                        "Index Name": "movie_id_movie_info",
                                                                                                                                                        "Relation Name": "movie_info",
                                                                                                                                                        "Alias": "mi1",
                                                                                                                                                        "Startup Cost": 0.43,
                                                                                                                                                        "Total Cost": 6418187.78,
                                                                                                                                                        "Plan Rows": 2457,
                                                                                                                                                        "Plan Width": 8,
                                                                                                                                                        "Actual Startup Time": 0.03,
                                                                                                                                                        "Actual Total Time": 1479.847,
                                                                                                                                                        "Actual Rows": 54332,
                                                                                                                                                        "Actual Loops": 1,
                                                                                                                                                        "Filter": "((info_type_id = 1) AND (info = '30'::text))",
                                                                                                                                                        "Rows Removed by Filter": 14781388
                                                                                                                                                    },
                                                                                                                                                    {
                                                                                                                                                        "Node Type": "Materialize",
                                                                                                                                                        "Parent Relationship": "Inner",
                                                                                                                                                        "Parallel Aware": false,
                                                                                                                                                        "Async Capable": false,
                                                                                                                                                        "Startup Cost": 0.0,
                                                                                                                                                        "Total Cost": 2.42,
                                                                                                                                                        "Plan Rows": 1,
                                                                                                                                                        "Plan Width": 4,
                                                                                                                                                        "Actual Startup Time": 0.0,
                                                                                                                                                        "Actual Total Time": 0.0,
                                                                                                                                                        "Actual Rows": 1,
                                                                                                                                                        "Actual Loops": 54332,
                                                                                                                                                        "Plans": [
                                                                                                                                                            {
                                                                                                                                                                "Node Type": "Seq Scan",
                                                                                                                                                                "Parent Relationship": "Outer",
                                                                                                                                                                "Parallel Aware": false,
                                                                                                                                                                "Async Capable": false,
                                                                                                                                                                "Relation Name": "info_type",
                                                                                                                                                                "Alias": "it1",
                                                                                                                                                                "Startup Cost": 0.0,
                                                                                                                                                                "Total Cost": 2.41,
                                                                                                                                                                "Plan Rows": 1,
                                                                                                                                                                "Plan Width": 4,
                                                                                                                                                                "Actual Startup Time": 0.005,
                                                                                                                                                                "Actual Total Time": 0.007,
                                                                                                                                                                "Actual Rows": 1,
                                                                                                                                                                "Actual Loops": 1,
                                                                                                                                                                "Filter": "(id = 1)",
                                                                                                                                                                "Rows Removed by Filter": 112
                                                                                                                                                            }
                                                                                                                                                        ]
                                                                                                                                                    }
                                                                                                                                                ]
                                                                                                                                            },
                                                                                                                                            {
                                                                                                                                                "Node Type": "Index Scan",
                                                                                                                                                "Parent Relationship": "Inner",
                                                                                                                                                "Parallel Aware": false,
                                                                                                                                                "Async Capable": false,
                                                                                                                                                "Scan Direction": "Forward",
                                                                                                                                                "Index Name": "title_pkey",
                                                                                                                                                "Relation Name": "title",
                                                                                                                                                "Alias": "t",
                                                                                                                                                "Startup Cost": 0.43,
                                                                                                                                                "Total Cost": 125657.29,
                                                                                                                                                "Plan Rows": 1775378,
                                                                                                                                                "Plan Width": 8,
                                                                                                                                                "Actual Startup Time": 0.007,
                                                                                                                                                "Actual Total Time": 699.432,
                                                                                                                                                "Actual Rows": 1771338,
                                                                                                                                                "Actual Loops": 1,
                                                                                                                                                "Filter": "((production_year <= 2015) AND (production_year >= 1990))",
                                                                                                                                                "Rows Removed by Filter": 754265
                                                                                                                                            }
                                                                                                                                        ]
                                                                                                                                    }
                                                                                                                                ]
                                                                                                                            }
                                                                                                                        ]
                                                                                                                    },
                                                                                                                    {
                                                                                                                        "Node Type": "Index Scan",
                                                                                                                        "Parent Relationship": "Inner",
                                                                                                                        "Parallel Aware": false,
                                                                                                                        "Async Capable": false,
                                                                                                                        "Scan Direction": "Forward",
                                                                                                                        "Index Name": "movie_id_movie_keyword",
                                                                                                                        "Relation Name": "movie_keyword",
                                                                                                                        "Alias": "mk",
                                                                                                                        "Startup Cost": 0.43,
                                                                                                                        "Total Cost": 128638.97,
                                                                                                                        "Plan Rows": 4523930,
                                                                                                                        "Plan Width": 8,
                                                                                                                        "Actual Startup Time": 0.006,
                                                                                                                        "Actual Total Time": 226.714,
                                                                                                                        "Actual Rows": 4629492,
                                                                                                                        "Actual Loops": 1
                                                                                                                    }
                                                                                                                ]
                                                                                                            }
                                                                                                        ]
                                                                                                    }
                                                                                                ]
                                                                                            },
                                                                                            {
                                                                                                "Node Type": "Hash",
                                                                                                "Parent Relationship": "Inner",
                                                                                                "Parallel Aware": false,
                                                                                                "Async Capable": false,
                                                                                                "Startup Cost": 1.15,
                                                                                                "Total Cost": 1.15,
                                                                                                "Plan Rows": 1,
                                                                                                "Plan Width": 4,
                                                                                                "Actual Startup Time": 0.004,
                                                                                                "Actual Total Time": 0.005,
                                                                                                "Actual Rows": 1,
                                                                                                "Actual Loops": 1,
                                                                                                "Hash Buckets": 1024,
                                                                                                "Original Hash Buckets": 1024,
                                                                                                "Hash Batches": 1,
                                                                                                "Original Hash Batches": 1,
                                                                                                "Peak Memory Usage": 9,
                                                                                                "Plans": [
                                                                                                    {
                                                                                                        "Node Type": "Seq Scan",
                                                                                                        "Parent Relationship": "Outer",
                                                                                                        "Parallel Aware": false,
                                                                                                        "Async Capable": false,
                                                                                                        "Relation Name": "role_type",
                                                                                                        "Alias": "rt",
                                                                                                        "Startup Cost": 0.0,
                                                                                                        "Total Cost": 1.15,
                                                                                                        "Plan Rows": 1,
                                                                                                        "Plan Width": 4,
                                                                                                        "Actual Startup Time": 0.003,
                                                                                                        "Actual Total Time": 0.003,
                                                                                                        "Actual Rows": 1,
                                                                                                        "Actual Loops": 1,
                                                                                                        "Filter": "((role)::text = 'miscellaneous crew'::text)",
                                                                                                        "Rows Removed by Filter": 11
                                                                                                    }
                                                                                                ]
                                                                                            }
                                                                                        ]
                                                                                    },
                                                                                    {
                                                                                        "Node Type": "Hash",
                                                                                        "Parent Relationship": "Inner",
                                                                                        "Parallel Aware": false,
                                                                                        "Async Capable": false,
                                                                                        "Startup Cost": 1.09,
                                                                                        "Total Cost": 1.09,
                                                                                        "Plan Rows": 1,
                                                                                        "Plan Width": 4,
                                                                                        "Actual Startup Time": 0.007,
                                                                                        "Actual Total Time": 0.008,
                                                                                        "Actual Rows": 1,
                                                                                        "Actual Loops": 1,
                                                                                        "Hash Buckets": 1024,
                                                                                        "Original Hash Buckets": 1024,
                                                                                        "Hash Batches": 1,
                                                                                        "Original Hash Batches": 1,
                                                                                        "Peak Memory Usage": 9,
                                                                                        "Plans": [
                                                                                            {
                                                                                                "Node Type": "Seq Scan",
                                                                                                "Parent Relationship": "Outer",
                                                                                                "Parallel Aware": false,
                                                                                                "Async Capable": false,
                                                                                                "Relation Name": "kind_type",
                                                                                                "Alias": "kt",
                                                                                                "Startup Cost": 0.0,
                                                                                                "Total Cost": 1.09,
                                                                                                "Plan Rows": 1,
                                                                                                "Plan Width": 4,
                                                                                                "Actual Startup Time": 0.004,
                                                                                                "Actual Total Time": 0.004,
                                                                                                "Actual Rows": 1,
                                                                                                "Actual Loops": 1,
                                                                                                "Filter": "((kind)::text = 'episode'::text)",
                                                                                                "Rows Removed by Filter": 6
                                                                                            }
                                                                                        ]
                                                                                    }
                                                                                ]
                                                                            }
                                                                        ]
                                                                    }
                                                                ]
                                                            }
                                                        ]
                                                    }
                                                ]
                                            }
                                        ]
                                    }
                                ]
                            }
                        ]
                    },
                    "Planning Time": 24.592,
                    "Triggers": [],
                    "Execution Time": 6207.574
                }
            ],
            "hints": [
                "SET enable_hashjoin TO on",
                "SET enable_indexonlyscan TO on",
                "SET enable_indexscan TO on",
                "SET enable_mergejoin TO on",
                "SET enable_nestloop TO off",
                "SET enable_seqscan TO on"
            ]
        },
        {
            "arm": 2,
            "execution_time": 1086.025,
            "plan": [
                {
                    "Plan": {
                        "Node Type": "Aggregate",
                        "Strategy": "Plain",
                        "Partial Mode": "Finalize",
                        "Parallel Aware": false,
                        "Async Capable": false,
                        "Startup Cost": 740117.12,
                        "Total Cost": 740117.13,
                        "Plan Rows": 1,
                        "Plan Width": 8,
                        "Actual Startup Time": 1061.114,
                        "Actual Total Time": 1085.968,
                        "Actual Rows": 1,
                        "Actual Loops": 1,
                        "Plans": [
                            {
                                "Node Type": "Gather",
                                "Parent Relationship": "Outer",
                                "Parallel Aware": false,
                                "Async Capable": false,
                                "Startup Cost": 740116.8,
                                "Total Cost": 740117.11,
                                "Plan Rows": 3,
                                "Plan Width": 8,
                                "Actual Startup Time": 1060.657,
                                "Actual Total Time": 1085.96,
                                "Actual Rows": 4,
                                "Actual Loops": 1,
                                "Workers Planned": 3,
                                "Workers Launched": 3,
                                "Single Copy": false,
                                "Plans": [
                                    {
                                        "Node Type": "Aggregate",
                                        "Strategy": "Plain",
                                        "Partial Mode": "Partial",
                                        "Parent Relationship": "Outer",
                                        "Parallel Aware": false,
                                        "Async Capable": false,
                                        "Startup Cost": 739116.8,
                                        "Total Cost": 739116.81,
                                        "Plan Rows": 1,
                                        "Plan Width": 8,
                                        "Actual Startup Time": 1058.664,
                                        "Actual Total Time": 1058.681,
                                        "Actual Rows": 1,
                                        "Actual Loops": 4,
                                        "Workers": [],
                                        "Plans": [
                                            {
                                                "Node Type": "Nested Loop",
                                                "Parent Relationship": "Outer",
                                                "Parallel Aware": false,
                                                "Async Capable": false,
                                                "Join Type": "Inner",
                                                "Startup Cost": 690544.15,
                                                "Total Cost": 739116.8,
                                                "Plan Rows": 1,
                                                "Plan Width": 0,
                                                "Actual Startup Time": 1042.415,
                                                "Actual Total Time": 1058.676,
                                                "Actual Rows": 0,
                                                "Actual Loops": 4,
                                                "Inner Unique": true,
                                                "Join Filter": "(mk.keyword_id = k.id)",
                                                "Rows Removed by Join Filter": 602,
                                                "Workers": [],
                                                "Plans": [
                                                    {
                                                        "Node Type": "Hash Join",
                                                        "Parent Relationship": "Outer",
                                                        "Parallel Aware": true,
                                                        "Async Capable": false,
                                                        "Join Type": "Inner",
                                                        "Startup Cost": 690544.15,
                                                        "Total Cost": 735089.98,
                                                        "Plan Rows": 1,
                                                        "Plan Width": 4,
                                                        "Actual Startup Time": 1042.374,
                                                        "Actual Total Time": 1058.635,
                                                        "Actual Rows": 0,
                                                        "Actual Loops": 4,
                                                        "Inner Unique": false,
                                                        "Hash Cond": "(mk.movie_id = t.id)",
                                                        "Workers": [],
                                                        "Plans": [
                                                            {
                                                                "Node Type": "Seq Scan",
                                                                "Parent Relationship": "Outer",
                                                                "Parallel Aware": true,
                                                                "Async Capable": false,
                                                                "Relation Name": "movie_keyword",
                                                                "Alias": "mk",
                                                                "Startup Cost": 0.0,
                                                                "Total Cost": 39073.32,
                                                                "Plan Rows": 1459332,
                                                                "Plan Width": 8,
                                                                "Actual Startup Time": 0.013,
                                                                "Actual Total Time": 43.725,
                                                                "Actual Rows": 1130982,
                                                                "Actual Loops": 4,
                                                                "Workers": []
                                                            },
                                                            {
                                                                "Node Type": "Hash",
                                                                "Parent Relationship": "Inner",
                                                                "Parallel Aware": true,
                                                                "Async Capable": false,
                                                                "Startup Cost": 690544.14,
                                                                "Total Cost": 690544.14,
                                                                "Plan Rows": 1,
                                                                "Plan Width": 16,
                                                                "Actual Startup Time": 983.663,
                                                                "Actual Total Time": 983.678,
                                                                "Actual Rows": 0,
                                                                "Actual Loops": 4,
                                                                "Hash Buckets": 1024,
                                                                "Original Hash Buckets": 1024,
                                                                "Hash Batches": 1,
                                                                "Original Hash Batches": 1,
                                                                "Peak Memory Usage": 40,
                                                                "Workers": [],
                                                                "Plans": [
                                                                    {
                                                                        "Node Type": "Nested Loop",
                                                                        "Parent Relationship": "Outer",
                                                                        "Parallel Aware": false,
                                                                        "Async Capable": false,
                                                                        "Join Type": "Inner",
                                                                        "Startup Cost": 484448.17,
                                                                        "Total Cost": 690544.14,
                                                                        "Plan Rows": 1,
                                                                        "Plan Width": 16,
                                                                        "Actual Startup Time": 954.116,
                                                                        "Actual Total Time": 983.65,
                                                                        "Actual Rows": 0,
                                                                        "Actual Loops": 4,
                                                                        "Inner Unique": true,
                                                                        "Join Filter": "(ci.role_id = rt.id)",
                                                                        "Rows Removed by Join Filter": 3,
                                                                        "Workers": [],
                                                                        "Plans": [
                                                                            {
                                                                                "Node Type": "Nested Loop",
                                                                                "Parent Relationship": "Outer",
                                                                                "Parallel Aware": false,
                                                                                "Async Capable": false,
                                                                                "Join Type": "Inner",
                                                                                "Startup Cost": 484448.17,
                                                                                "Total Cost": 690542.97,
                                                                                "Plan Rows": 1,
                                                                                "Plan Width": 20,
                                                                                "Actual Startup Time": 865.275,
                                                                                "Actual Total Time": 983.642,
                                                                                "Actual Rows": 4,
                                                                                "Actual Loops": 4,
                                                                                "Inner Unique": false,
                                                                                "Workers": [],
                                                                                "Plans": [
                                                                                    {
                                                                                        "Node Type": "Hash Join",
                                                                                        "Parent Relationship": "Outer",
                                                                                        "Parallel Aware": true,
                                                                                        "Async Capable": false,
                                                                                        "Join Type": "Inner",
                                                                                        "Startup Cost": 484448.17,
                                                                                        "Total Cost": 690540.55,
                                                                                        "Plan Rows": 1,
                                                                                        "Plan Width": 24,
                                                                                        "Actual Startup Time": 865.264,
                                                                                        "Actual Total Time": 983.622,
                                                                                        "Actual Rows": 4,
                                                                                        "Actual Loops": 4,
                                                                                        "Inner Unique": false,
                                                                                        "Hash Cond": "(mi1.movie_id = t.id)",
                                                                                        "Workers": [],
                                                                                        "Plans": [
                                                                                            {
                                                                                                "Node Type": "Seq Scan",
                                                                                                "Parent Relationship": "Outer",
                                                                                                "Parallel Aware": true,
                                                                                                "Async Capable": false,
                                                                                                "Relation Name": "movie_info",
                                                                                                "Alias": "mi1",
                                                                                                "Startup Cost": 0.0,
                                                                                                "Total Cost": 206090.53,
                                                                                                "Plan Rows": 491,
                                                                                                "Plan Width": 8,
                                                                                                "Actual Startup Time": 33.849,
                                                                                                "Actual Total Time": 152.716,
                                                                                                "Actual Rows": 13583,
                                                                                                "Actual Loops": 4,
                                                                                                "Filter": "((info_type_id = 1) AND (info = '30'::text))",
                                                                                                "Rows Removed by Filter": 3695347,
                                                                                                "Workers": []
                                                                                            },
                                                                                            {
                                                                                                "Node Type": "Hash",
                                                                                                "Parent Relationship": "Inner",
                                                                                                "Parallel Aware": true,
                                                                                                "Async Capable": false,
                                                                                                "Startup Cost": 484448.16,
                                                                                                "Total Cost": 484448.16,
                                                                                                "Plan Rows": 1,
                                                                                                "Plan Width": 16,
                                                                                                "Actual Startup Time": 830.037,
                                                                                                "Actual Total Time": 830.049,
                                                                                                "Actual Rows": 16299,
                                                                                                "Actual Loops": 4,
                                                                                                "Hash Buckets": 65536,
                                                                                                "Original Hash Buckets": 1024,
                                                                                                "Hash Batches": 1,
                                                                                                "Original Hash Batches": 1,
                                                                                                "Peak Memory Usage": 4152,
                                                                                                "Workers": [],
                                                                                                "Plans": [
                                                                                                    {
                                                                                                        "Node Type": "Nested Loop",
                                                                                                        "Parent Relationship": "Outer",
                                                                                                        "Parallel Aware": false,
                                                                                                        "Async Capable": false,
                                                                                                        "Join Type": "Inner",
                                                                                                        "Startup Cost": 437292.56,
                                                                                                        "Total Cost": 484448.16,
                                                                                                        "Plan Rows": 1,
                                                                                                        "Plan Width": 16,
                                                                                                        "Actual Startup Time": 755.699,
                                                                                                        "Actual Total Time": 821.39,
                                                                                                        "Actual Rows": 16299,
                                                                                                        "Actual Loops": 4,
                                                                                                        "Inner Unique": true,
                                                                                                        "Join Filter": "(t.kind_id = kt.id)",
                                                                                                        "Rows Removed by Join Filter": 93,
                                                                                                        "Workers": [],
                                                                                                        "Plans": [
                                                                                                            {
                                                                                                                "Node Type": "Hash Join",
                                                                                                                "Parent Relationship": "Outer",
                                                                                                                "Parallel Aware": true,
                                                                                                                "Async Capable": false,
                                                                                                                "Join Type": "Inner",
                                                                                                                "Startup Cost": 437292.56,
                                                                                                                "Total Cost": 484447.06,
                                                                                                                "Plan Rows": 1,
                                                                                                                "Plan Width": 20,
                                                                                                                "Actual Startup Time": 755.681,
                                                                                                                "Actual Total Time": 814.441,
                                                                                                                "Actual Rows": 16392,
                                                                                                                "Actual Loops": 4,
                                                                                                                "Inner Unique": false,
                                                                                                                "Hash Cond": "(t.id = ci.movie_id)",
                                                                                                                "Workers": [],
                                                                                                                "Plans": [
                                                                                                                    {
                                                                                                                        "Node Type": "Seq Scan",
                                                                                                                        "Parent Relationship": "Outer",
                                                                                                                        "Parallel Aware": true,
                                                                                                                        "Async Capable": false,
                                                                                                                        "Relation Name": "title",
                                                                                                                        "Alias": "t",
                                                                                                                        "Startup Cost": 0.0,
                                                                                                                        "Total Cost": 45490.07,
                                                                                                                        "Plan Rows": 443844,
                                                                                                                        "Plan Width": 8,
                                                                                                                        "Actual Startup Time": 0.012,
                                                                                                                        "Actual Total Time": 39.408,
                                                                                                                        "Actual Rows": 443009,
                                                                                                                        "Actual Loops": 4,
                                                                                                                        "Filter": "((production_year <= 2015) AND (production_year >= 1990))",
                                                                                                                        "Rows Removed by Filter": 189069,
                                                                                                                        "Workers": []
                                                                                                                    },
                                                                                                                    {
                                                                                                                        "Node Type": "Hash",
                                                                                                                        "Parent Relationship": "Inner",
                                                                                                                        "Parallel Aware": true,
                                                                                                                        "Async Capable": false,
                                                                                                                        "Startup Cost": 437292.54,
                                                                                                                        "Total Cost": 437292.54,
                                                                                                                        "Plan Rows": 1,
                                                                                                                        "Plan Width": 12,
                                                                                                                        "Actual Startup Time": 755.607,
                                                                                                                        "Actual Total Time": 755.616,
                                                                                                                        "Actual Rows": 16498,
                                                                                                                        "Actual Loops": 4,
                                                                                                                        "Hash Buckets": 65536,
                                                                                                                        "Original Hash Buckets": 1024,
                                                                                                                        "Hash Batches": 1,
                                                                                                                        "Original Hash Batches": 1,
                                                                                                                        "Peak Memory Usage": 4184,
                                                                                                                        "Workers": [],
                                                                                                                        "Plans": [
                                                                                                                            {
                                                                                                                                "Node Type": "Hash Join",
                                                                                                                                "Parent Relationship": "Outer",
                                                                                                                                "Parallel Aware": true,
                                                                                                                                "Async Capable": false,
                                                                                                                                "Join Type": "Inner",
                                                                                                                                "Startup Cost": 108290.79,
                                                                                                                                "Total Cost": 437292.54,
                                                                                                                                "Plan Rows": 1,
                                                                                                                                "Plan Width": 12,
                                                                                                                                "Actual Startup Time": 138.528,
                                                                                                                                "Actual Total Time": 713.966,
                                                                                                                                "Actual Rows": 16498,
                                                                                                                                "Actual Loops": 4,
                                                                                                                                "Inner Unique": false,
                                                                                                                                "Hash Cond": "(ci.movie_id = mc.movie_id)",
                                                                                                                                "Workers": [],
                                                                                                                                "Plans": [
                                                                                                                                    {
                                                                                                                                        "Node Type": "Hash Join",
                                                                                                                                        "Parent Relationship": "Outer",
                                                                                                                                        "Parallel Aware": true,
                                                                                                                                        "Async Capable": false,
                                                                                                                                        "Join Type": "Inner",
                                                                                                                                        "Startup Cost": 73898.92,
                                                                                                                                        "Total Cost": 402883.07,
                                                                                                                                        "Plan Rows": 4692,
                                                                                                                                        "Plan Width": 8,
                                                                                                                                        "Actual Startup Time": 75.403,
                                                                                                                                        "Actual Total Time": 652.082,
                                                                                                                                        "Actual Rows": 18418,
                                                                                                                                        "Actual Loops": 4,
                                                                                                                                        "Inner Unique": true,
                                                                                                                                        "Hash Cond": "(ci.person_id = n.id)",
                                                                                                                                        "Workers": [],
                                                                                                                                        "Plans": [
                                                                                                                                            {
                                                                                                                                                "Node Type": "Seq Scan",
                                                                                                                                                "Parent Relationship": "Outer",
                                                                                                                                                "Parallel Aware": true,
                                                                                                                                                "Async Capable": false,
                                                                                                                                                "Relation Name": "cast_info",
                                                                                                                                                "Alias": "ci",
                                                                                                                                                "Startup Cost": 0.0,
                                                                                                                                                "Total Cost": 313127.24,
                                                                                                                                                "Plan Rows": 6040724,
                                                                                                                                                "Plan Width": 12,
                                                                                                                                                "Actual Startup Time": 0.02,
                                                                                                                                                "Actual Total Time": 279.041,
                                                                                                                                                "Actual Rows": 9061086,
                                                                                                                                                "Actual Loops": 4,
                                                                                                                                                "Workers": []
                                                                                                                                            },
                                                                                                                                            {
                                                                                                                                                "Node Type": "Hash",
                                                                                                                                                "Parent Relationship": "Inner",
                                                                                                                                                "Parallel Aware": true,
                                                                                                                                                "Async Capable": false,
                                                                                                                                                "Startup Cost": 73888.81,
                                                                                                                                                "Total Cost": 73888.81,
                                                                                                                                                "Plan Rows": 809,
                                                                                                                                                "Plan Width": 4,
                                                                                                                                                "Actual Startup Time": 72.989,
                                                                                                                                                "Actual Total Time": 72.99,
                                                                                                                                                "Actual Rows": 1417,
                                                                                                                                                "Actual Loops": 4,
                                                                                                                                                "Hash Buckets": 4096,
                                                                                                                                                "Original Hash Buckets": 4096,
                                                                                                                                                "Hash Batches": 1,
                                                                                                                                                "Original Hash Batches": 1,
                                                                                                                                                "Peak Memory Usage": 320,
                                                                                                                                                "Workers": [],
                                                                                                                                                "Plans": [
                                                                                                                                                    {
                                                                                                                                                        "Node Type": "Seq Scan",
                                                                                                                                                        "Parent Relationship": "Outer",
                                                                                                                                                        "Parallel Aware": true,
                                                                                                                                                        "Async Capable": false,
                                                                                                                                                        "Relation Name": "name",
                                                                                                                                                        "Alias": "n",
                                                                                                                                                        "Startup Cost": 0.03,
                                                                                                                                                        "Total Cost": 73888.81,
                                                                                                                                                        "Plan Rows": 809,
                                                                                                                                                        "Plan Width": 4,
                                                                                                                                                        "Actual Startup Time": 29.538,
                                                                                                                                                        "Actual Total Time": 72.846,
                                                                                                                                                        "Actual Rows": 1417,
                                                                                                                                                        "Actual Loops": 4,
                                                                                                                                                        "Filter": "((((gender)::text = 'f'::text) OR (gender IS NULL)) AND ((name_pcode_cf)::text = ANY ('{A3654,B4353,B6156,C6264,D4253,D4262,L2562,L5326,M5323,R2461,S4362,S5236,S5245}'::text[])))",
                                                                                                                                                        "Rows Removed by Filter": 1040456,
                                                                                                                                                        "Workers": []
                                                                                                                                                    }
                                                                                                                                                ]
                                                                                                                                            }
                                                                                                                                        ]
                                                                                                                                    },
                                                                                                                                    {
                                                                                                                                        "Node Type": "Hash",
                                                                                                                                        "Parent Relationship": "Inner",
                                                                                                                                        "Parallel Aware": true,
                                                                                                                                        "Async Capable": false,
                                                                                                                                        "Startup Cost": 34391.81,
                                                                                                                                        "Total Cost": 34391.81,
                                                                                                                                        "Plan Rows": 5,
                                                                                                                                        "Plan Width": 4,
                                                                                                                                        "Actual Startup Time": 59.05,
                                                                                                                                        "Actual Total Time": 59.054,
                                                                                                                                        "Actual Rows": 19916,
                                                                                                                                        "Actual Loops": 4,
                                                                                                                                        "Hash Buckets": 131072,
                                                                                                                                        "Original Hash Buckets": 1024,
                                                                                                                                        "Hash Batches": 1,
                                                                                                                                        "Original Hash Batches": 1,
                                                                                                                                        "Peak Memory Usage": 5240,
                                                                                                                                        "Workers": [],
                                                                                                                                        "Plans": [
                                                                                                                                            {
                                                                                                                                                "Node Type": "Hash Join",
                                                                                                                                                "Parent Relationship": "Outer",
                                                                                                                                                "Parallel Aware": false,
                                                                                                                                                "Async Capable": false,
                                                                                                                                                "Join Type": "Inner",
                                                                                                                                                "Startup Cost": 4941.81,
                                                                                                                                                "Total Cost": 34391.81,
                                                                                                                                                "Plan Rows": 5,
                                                                                                                                                "Plan Width": 4,
                                                                                                                                                "Actual Startup Time": 3.824,
                                                                                                                                                "Actual Total Time": 54.631,
                                                                                                                                                "Actual Rows": 19916,
                                                                                                                                                "Actual Loops": 4,
                                                                                                                                                "Inner Unique": true,
                                                                                                                                                "Hash Cond": "(mc.company_type_id = ct.id)",
                                                                                                                                                "Workers": [],
                                                                                                                                                "Plans": [
                                                                                                                                                    {
                                                                                                                                                        "Node Type": "Hash Join",
                                                                                                                                                        "Parent Relationship": "Outer",
                                                                                                                                                        "Parallel Aware": true,
                                                                                                                                                        "Async Capable": false,
                                                                                                                                                        "Join Type": "Inner",
                                                                                                                                                        "Startup Cost": 4940.74,
                                                                                                                                                        "Total Cost": 34390.67,
                                                                                                                                                        "Plan Rows": 11,
                                                                                                                                                        "Plan Width": 8,
                                                                                                                                                        "Actual Startup Time": 3.806,
                                                                                                                                                        "Actual Total Time": 53.436,
                                                                                                                                                        "Actual Rows": 19916,
                                                                                                                                                        "Actual Loops": 4,
                                                                                                                                                        "Inner Unique": true,
                                                                                                                                                        "Hash Cond": "(mc.company_id = cn.id)",
                                                                                                                                                        "Workers": [],
                                                                                                                                                        "Plans": [
                                                                                                                                                            {
                                                                                                                                                                "Node Type": "Seq Scan",
                                                                                                                                                                "Parent Relationship": "Outer",
                                                                                                                                                                "Parallel Aware": true,
                                                                                                                                                                "Async Capable": false,
                                                                                                                                                                "Relation Name": "movie_companies",
                                                                                                                                                                "Alias": "mc",
                                                                                                                                                                "Startup Cost": 0.0,
                                                                                                                                                                "Total Cost": 27240.55,
                                                                                                                                                                "Plan Rows": 841655,
                                                                                                                                                                "Plan Width": 12,
                                                                                                                                                                "Actual Startup Time": 0.006,
                                                                                                                                                                "Actual Total Time": 29.65,
                                                                                                                                                                "Actual Rows": 652282,
                                                                                                                                                                "Actual Loops": 4,
                                                                                                                                                                "Workers": []
                                                                                                                                                            },
                                                                                                                                                            {
                                                                                                                                                                "Node Type": "Hash",
                                                                                                                                                                "Parent Relationship": "Inner",
                                                                                                                                                                "Parallel Aware": true,
                                                                                                                                                                "Async Capable": false,
                                                                                                                                                                "Startup Cost": 4940.71,
                                                                                                                                                                "Total Cost": 4940.71,
                                                                                                                                                                "Plan Rows": 2,
                                                                                                                                                                "Plan Width": 4,
                                                                                                                                                                "Actual Startup Time": 3.776,
                                                                                                                                                                "Actual Total Time": 3.777,
                                                                                                                                                                "Actual Rows": 1,
                                                                                                                                                                "Actual Loops": 4,
                                                                                                                                                                "Hash Buckets": 1024,
                                                                                                                                                                "Original Hash Buckets": 1024,
                                                                                                                                                                "Hash Batches": 1,
                                                                                                                                                                "Original Hash Batches": 1,
                                                                                                                                                                "Peak Memory Usage": 40,
                                                                                                                                                                "Workers": [],
                                                                                                                                                                "Plans": [
                                                                                                                                                                    {
                                                                                                                                                                        "Node Type": "Seq Scan",
                                                                                                                                                                        "Parent Relationship": "Outer",
                                                                                                                                                                        "Parallel Aware": true,
                                                                                                                                                                        "Async Capable": false,
                                                                                                                                                                        "Relation Name": "company_name",
                                                                                                                                                                        "Alias": "cn",
                                                                                                                                                                        "Startup Cost": 0.0,
                                                                                                                                                                        "Total Cost": 4940.71,
                                                                                                                                                                        "Plan Rows": 2,
                                                                                                                                                                        "Plan Width": 4,
                                                                                                                                                                        "Actual Startup Time": 2.523,
                                                                                                                                                                        "Actual Total Time": 3.77,
                                                                                                                                                                        "Actual Rows": 1,
                                                                                                                                                                        "Actual Loops": 4,
                                                                                                                                                                        "Filter": "(name = ANY ('{ABS-CBN,\"American Broadcasting Company (ABC)\",\"British Broadcasting Corporation (BBC)\"}'::text[]))",
                                                                                                                                                                        "Rows Removed by Filter": 58748,
                                                                                                                                                                        "Workers": []
                                                                                                                                                                    }
                                                                                                                                                                ]
                                                                                                                                                            }
                                                                                                                                                        ]
                                                                                                                                                    },
                                                                                                                                                    {
                                                                                                                                                        "Node Type": "Hash",
                                                                                                                                                        "Parent Relationship": "Inner",
                                                                                                                                                        "Parallel Aware": false,
                                                                                                                                                        "Async Capable": false,
                                                                                                                                                        "Startup Cost": 1.05,
                                                                                                                                                        "Total Cost": 1.05,
                                                                                                                                                        "Plan Rows": 2,
                                                                                                                                                        "Plan Width": 4,
                                                                                                                                                        "Actual Startup Time": 0.012,
                                                                                                                                                        "Actual Total Time": 0.012,
                                                                                                                                                        "Actual Rows": 2,
                                                                                                                                                        "Actual Loops": 4,
                                                                                                                                                        "Hash Buckets": 1024,
                                                                                                                                                        "Original Hash Buckets": 1024,
                                                                                                                                                        "Hash Batches": 1,
                                                                                                                                                        "Original Hash Batches": 1,
                                                                                                                                                        "Peak Memory Usage": 9,
                                                                                                                                                        "Workers": [],
                                                                                                                                                        "Plans": [
                                                                                                                                                            {
                                                                                                                                                                "Node Type": "Seq Scan",
                                                                                                                                                                "Parent Relationship": "Outer",
                                                                                                                                                                "Parallel Aware": false,
                                                                                                                                                                "Async Capable": false,
                                                                                                                                                                "Relation Name": "company_type",
                                                                                                                                                                "Alias": "ct",
                                                                                                                                                                "Startup Cost": 0.0,
                                                                                                                                                                "Total Cost": 1.05,
                                                                                                                                                                "Plan Rows": 2,
                                                                                                                                                                "Plan Width": 4,
                                                                                                                                                                "Actual Startup Time": 0.009,
                                                                                                                                                                "Actual Total Time": 0.01,
                                                                                                                                                                "Actual Rows": 2,
                                                                                                                                                                "Actual Loops": 4,
                                                                                                                                                                "Filter": "((kind)::text = ANY ('{distributors,\"production companies\"}'::text[]))",
                                                                                                                                                                "Rows Removed by Filter": 2,
                                                                                                                                                                "Workers": []
                                                                                                                                                            }
                                                                                                                                                        ]
                                                                                                                                                    }
                                                                                                                                                ]
                                                                                                                                            }
                                                                                                                                        ]
                                                                                                                                    }
                                                                                                                                ]
                                                                                                                            }
                                                                                                                        ]
                                                                                                                    }
                                                                                                                ]
                                                                                                            },
                                                                                                            {
                                                                                                                "Node Type": "Seq Scan",
                                                                                                                "Parent Relationship": "Inner",
                                                                                                                "Parallel Aware": false,
                                                                                                                "Async Capable": false,
                                                                                                                "Relation Name": "kind_type",
                                                                                                                "Alias": "kt",
                                                                                                                "Startup Cost": 0.0,
                                                                                                                "Total Cost": 1.09,
                                                                                                                "Plan Rows": 1,
                                                                                                                "Plan Width": 4,
                                                                                                                "Actual Startup Time": 0.0,
                                                                                                                "Actual Total Time": 0.0,
                                                                                                                "Actual Rows": 1,
                                                                                                                "Actual Loops": 65568,
                                                                                                                "Filter": "((kind)::text = 'episode'::text)",
                                                                                                                "Rows Removed by Filter": 6,
                                                                                                                "Workers": []
                                                                                                            }
                                                                                                        ]
                                                                                                    }
                                                                                                ]
                                                                                            }
                                                                                        ]
                                                                                    },
                                                                                    {
                                                                                        "Node Type": "Seq Scan",
                                                                                        "Parent Relationship": "Inner",
                                                                                        "Parallel Aware": false,
                                                                                        "Async Capable": false,
                                                                                        "Relation Name": "info_type",
                                                                                        "Alias": "it1",
                                                                                        "Startup Cost": 0.0,
                                                                                        "Total Cost": 2.41,
                                                                                        "Plan Rows": 1,
                                                                                        "Plan Width": 4,
                                                                                        "Actual Startup Time": 0.003,
                                                                                        "Actual Total Time": 0.005,
                                                                                        "Actual Rows": 1,
                                                                                        "Actual Loops": 14,
                                                                                        "Filter": "(id = 1)",
                                                                                        "Rows Removed by Filter": 112,
                                                                                        "Workers": []
                                                                                    }
                                                                                ]
                                                                            },
                                                                            {
                                                                                "Node Type": "Seq Scan",
                                                                                "Parent Relationship": "Inner",
                                                                                "Parallel Aware": false,
                                                                                "Async Capable": false,
                                                                                "Relation Name": "role_type",
                                                                                "Alias": "rt",
                                                                                "Startup Cost": 0.0,
                                                                                "Total Cost": 1.15,
                                                                                "Plan Rows": 1,
                                                                                "Plan Width": 4,
                                                                                "Actual Startup Time": 0.001,
                                                                                "Actual Total Time": 0.001,
                                                                                "Actual Rows": 1,
                                                                                "Actual Loops": 14,
                                                                                "Filter": "((role)::text = 'miscellaneous crew'::text)",
                                                                                "Rows Removed by Filter": 11,
                                                                                "Workers": []
                                                                            }
                                                                        ]
                                                                    }
                                                                ]
                                                            }
                                                        ]
                                                    },
                                                    {
                                                        "Node Type": "Seq Scan",
                                                        "Parent Relationship": "Inner",
                                                        "Parallel Aware": false,
                                                        "Async Capable": false,
                                                        "Relation Name": "keyword",
                                                        "Alias": "k",
                                                        "Startup Cost": 0.0,
                                                        "Total Cost": 2349.7,
                                                        "Plan Rows": 134170,
                                                        "Plan Width": 4,
                                                        "Actual Startup Time": 0.008,
                                                        "Actual Total Time": 0.099,
                                                        "Actual Rows": 2410,
                                                        "Actual Loops": 1,
                                                        "Workers": []
                                                    }
                                                ]
                                            }
                                        ]
                                    }
                                ]
                            }
                        ]
                    },
                    "Planning Time": 12.102,
                    "Triggers": [],
                    "Execution Time": 1086.025
                }
            ],
            "hints": [
                "SET enable_hashjoin TO on",
                "SET enable_indexonlyscan TO on",
                "SET enable_indexscan TO off",
                "SET enable_mergejoin TO off",
                "SET enable_nestloop TO on",
                "SET enable_seqscan TO on"
            ]
        },
        {
            "arm": 3,
            "execution_time": 3772.154,
            "plan": [
                {
                    "Plan": {
                        "Node Type": "Aggregate",
                        "Strategy": "Plain",
                        "Partial Mode": "Simple",
                        "Parallel Aware": false,
                        "Async Capable": false,
                        "Startup Cost": 10001524117.88,
                        "Total Cost": 10001524117.89,
                        "Plan Rows": 1,
                        "Plan Width": 8,
                        "Actual Startup Time": 3772.08,
                        "Actual Total Time": 3772.094,
                        "Actual Rows": 1,
                        "Actual Loops": 1,
                        "Plans": [
                            {
                                "Node Type": "Hash Join",
                                "Parent Relationship": "Outer",
                                "Parallel Aware": false,
                                "Async Capable": false,
                                "Join Type": "Inner",
                                "Startup Cost": 10001395518.63,
                                "Total Cost": 10001524117.87,
                                "Plan Rows": 1,
                                "Plan Width": 0,
                                "Actual Startup Time": 3697.564,
                                "Actual Total Time": 3772.087,
                                "Actual Rows": 1,
                                "Actual Loops": 1,
                                "Inner Unique": true,
                                "Hash Cond": "(mc.company_type_id = ct.id)",
                                "Plans": [
                                    {
                                        "Node Type": "Hash Join",
                                        "Parent Relationship": "Outer",
                                        "Parallel Aware": false,
                                        "Async Capable": false,
                                        "Join Type": "Inner",
                                        "Startup Cost": 10001395517.56,
                                        "Total Cost": 10001524116.8,
                                        "Plan Rows": 1,
                                        "Plan Width": 4,
                                        "Actual Startup Time": 3697.549,
                                        "Actual Total Time": 3772.072,
                                        "Actual Rows": 1,
                                        "Actual Loops": 1,
                                        "Inner Unique": false,
                                        "Hash Cond": "(n.id = ci.person_id)",
                                        "Plans": [
                                            {
                                                "Node Type": "Seq Scan",
                                                "Parent Relationship": "Outer",
                                                "Parallel Aware": false,
                                                "Async Capable": false,
                                                "Relation Name": "name",
                                                "Alias": "n",
                                                "Startup Cost": 0.03,
                                                "Total Cost": 128587.13,
                                                "Plan Rows": 3237,
                                                "Plan Width": 4,
                                                "Actual Startup Time": 76.266,
                                                "Actual Total Time": 231.824,
                                                "Actual Rows": 5667,
                                                "Actual Loops": 1,
                                                "Filter": "((((gender)::text = 'f'::text) OR (gender IS NULL)) AND ((name_pcode_cf)::text = ANY ('{A3654,B4353,B6156,C6264,D4253,D4262,L2562,L5326,M5323,R2461,S4362,S5236,S5245}'::text[])))",
                                                "Rows Removed by Filter": 4161824
                                            },
                                            {
                                                "Node Type": "Hash",
                                                "Parent Relationship": "Inner",
                                                "Parallel Aware": false,
                                                "Async Capable": false,
                                                "Startup Cost": 10001395517.51,
                                                "Total Cost": 10001395517.51,
                                                "Plan Rows": 1,
                                                "Plan Width": 8,
                                                "Actual Startup Time": 3539.668,
                                                "Actual Total Time": 3539.681,
                                                "Actual Rows": 20033,
                                                "Actual Loops": 1,
                                                "Hash Buckets": 32768,
                                                "Original Hash Buckets": 1024,
                                                "Hash Batches": 1,
                                                "Original Hash Batches": 1,
                                                "Peak Memory Usage": 1039,
                                                "Plans": [
                                                    {
                                                        "Node Type": "Hash Join",
                                                        "Parent Relationship": "Outer",
                                                        "Parallel Aware": false,
                                                        "Async Capable": false,
                                                        "Join Type": "Inner",
                                                        "Startup Cost": 10000644437.64,
                                                        "Total Cost": 10001395517.51,
                                                        "Plan Rows": 1,
                                                        "Plan Width": 8,
                                                        "Actual Startup Time": 1259.05,
                                                        "Actual Total Time": 3538.795,
                                                        "Actual Rows": 20033,
                                                        "Actual Loops": 1,
                                                        "Inner Unique": true,
                                                        "Hash Cond": "(ci.role_id = rt.id)",
                                                        "Plans": [
                                                            {
                                                                "Node Type": "Hash Join",
                                                                "Parent Relationship": "Outer",
                                                                "Parallel Aware": false,
                                                                "Async Capable": false,
                                                                "Join Type": "Inner",
                                                                "Startup Cost": 10000644436.48,
                                                                "Total Cost": 10001395516.35,
                                                                "Plan Rows": 1,
                                                                "Plan Width": 12,
                                                                "Actual Startup Time": 1259.039,
                                                                "Actual Total Time": 3536.205,
                                                                "Actual Rows": 74601,
                                                                "Actual Loops": 1,
                                                                "Inner Unique": false,
                                                                "Hash Cond": "(ci.movie_id = t.id)",
                                                                "Plans": [
                                                                    {
                                                                        "Node Type": "Seq Scan",
                                                                        "Parent Relationship": "Outer",
                                                                        "Parallel Aware": false,
                                                                        "Async Capable": false,
                                                                        "Relation Name": "cast_info",
                                                                        "Alias": "ci",
                                                                        "Startup Cost": 0.0,
                                                                        "Total Cost": 615163.44,
                                                                        "Plan Rows": 36244344,
                                                                        "Plan Width": 12,
                                                                        "Actual Startup Time": 0.004,
                                                                        "Actual Total Time": 1098.697,
                                                                        "Actual Rows": 36244344,
                                                                        "Actual Loops": 1
                                                                    },
                                                                    {
                                                                        "Node Type": "Hash",
                                                                        "Parent Relationship": "Inner",
                                                                        "Parallel Aware": false,
                                                                        "Async Capable": false,
                                                                        "Startup Cost": 10000644436.46,
                                                                        "Total Cost": 10000644436.46,
                                                                        "Plan Rows": 1,
                                                                        "Plan Width": 20,
                                                                        "Actual Startup Time": 1258.123,
                                                                        "Actual Total Time": 1258.134,
                                                                        "Actual Rows": 1898,
                                                                        "Actual Loops": 1,
                                                                        "Hash Buckets": 2048,
                                                                        "Original Hash Buckets": 1024,
                                                                        "Hash Batches": 1,
                                                                        "Original Hash Batches": 1,
                                                                        "Peak Memory Usage": 113,
                                                                        "Plans": [
                                                                            {
                                                                                "Node Type": "Hash Join",
                                                                                "Parent Relationship": "Outer",
                                                                                "Parallel Aware": false,
                                                                                "Async Capable": false,
                                                                                "Join Type": "Inner",
                                                                                "Startup Cost": 10000641583.62,
                                                                                "Total Cost": 10000644436.46,
                                                                                "Plan Rows": 1,
                                                                                "Plan Width": 20,
                                                                                "Actual Startup Time": 1248.591,
                                                                                "Actual Total Time": 1258.019,
                                                                                "Actual Rows": 1898,
                                                                                "Actual Loops": 1,
                                                                                "Inner Unique": false,
                                                                                "Hash Cond": "(k.id = mk.keyword_id)",
                                                                                "Plans": [
                                                                                    {
                                                                                        "Node Type": "Seq Scan",
                                                                                        "Parent Relationship": "Outer",
                                                                                        "Parallel Aware": false,
                                                                                        "Async Capable": false,
                                                                                        "Relation Name": "keyword",
                                                                                        "Alias": "k",
                                                                                        "Startup Cost": 0.0,
                                                                                        "Total Cost": 2349.7,
                                                                                        "Plan Rows": 134170,
                                                                                        "Plan Width": 4,
                                                                                        "Actual Startup Time": 0.003,
                                                                                        "Actual Total Time": 4.944,
                                                                                        "Actual Rows": 134170,
                                                                                        "Actual Loops": 1
                                                                                    },
                                                                                    {
                                                                                        "Node Type": "Hash",
                                                                                        "Parent Relationship": "Inner",
                                                                                        "Parallel Aware": false,
                                                                                        "Async Capable": false,
                                                                                        "Startup Cost": 10000641583.6,
                                                                                        "Total Cost": 10000641583.6,
                                                                                        "Plan Rows": 1,
                                                                                        "Plan Width": 24,
                                                                                        "Actual Startup Time": 1248.58,
                                                                                        "Actual Total Time": 1248.59,
                                                                                        "Actual Rows": 1898,
                                                                                        "Actual Loops": 1,
                                                                                        "Hash Buckets": 2048,
                                                                                        "Original Hash Buckets": 1024,
                                                                                        "Hash Batches": 1,
                                                                                        "Original Hash Batches": 1,
                                                                                        "Peak Memory Usage": 120,
                                                                                        "Plans": [
                                                                                            {
                                                                                                "Node Type": "Hash Join",
                                                                                                "Parent Relationship": "Outer",
                                                                                                "Parallel Aware": false,
                                                                                                "Async Capable": false,
                                                                                                "Join Type": "Inner",
                                                                                                "Startup Cost": 10000554899.55,
                                                                                                "Total Cost": 10000641583.6,
                                                                                                "Plan Rows": 1,
                                                                                                "Plan Width": 24,
                                                                                                "Actual Startup Time": 981.355,
                                                                                                "Actual Total Time": 1248.466,
                                                                                                "Actual Rows": 1898,
                                                                                                "Actual Loops": 1,
                                                                                                "Inner Unique": false,
                                                                                                "Hash Cond": "(mk.movie_id = t.id)",
                                                                                                "Plans": [
                                                                                                    {
                                                                                                        "Node Type": "Seq Scan",
                                                                                                        "Parent Relationship": "Outer",
                                                                                                        "Parallel Aware": false,
                                                                                                        "Async Capable": false,
                                                                                                        "Relation Name": "movie_keyword",
                                                                                                        "Alias": "mk",
                                                                                                        "Startup Cost": 0.0,
                                                                                                        "Total Cost": 69719.3,
                                                                                                        "Plan Rows": 4523930,
                                                                                                        "Plan Width": 8,
                                                                                                        "Actual Startup Time": 0.002,
                                                                                                        "Actual Total Time": 143.923,
                                                                                                        "Actual Rows": 4523930,
                                                                                                        "Actual Loops": 1
                                                                                                    },
                                                                                                    {
                                                                                                        "Node Type": "Hash",
                                                                                                        "Parent Relationship": "Inner",
                                                                                                        "Parallel Aware": false,
                                                                                                        "Async Capable": false,
                                                                                                        "Startup Cost": 10000554899.53,
                                                                                                        "Total Cost": 10000554899.53,
                                                                                                        "Plan Rows": 1,
                                                                                                        "Plan Width": 16,
                                                                                                        "Actual Startup Time": 980.411,
                                                                                                        "Actual Total Time": 980.42,
                                                                                                        "Actual Rows": 645,
                                                                                                        "Actual Loops": 1,
                                                                                                        "Hash Buckets": 1024,
                                                                                                        "Original Hash Buckets": 1024,
                                                                                                        "Hash Batches": 1,
                                                                                                        "Original Hash Batches": 1,
                                                                                                        "Peak Memory Usage": 39,
                                                                                                        "Plans": [
                                                                                                            {
                                                                                                                "Node Type": "Hash Join",
                                                                                                                "Parent Relationship": "Outer",
                                                                                                                "Parallel Aware": false,
                                                                                                                "Async Capable": false,
                                                                                                                "Join Type": "Inner",
                                                                                                                "Startup Cost": 10000548628.28,
                                                                                                                "Total Cost": 10000554899.53,
                                                                                                                "Plan Rows": 1,
                                                                                                                "Plan Width": 16,
                                                                                                                "Actual Startup Time": 968.357,
                                                                                                                "Actual Total Time": 980.376,
                                                                                                                "Actual Rows": 645,
                                                                                                                "Actual Loops": 1,
                                                                                                                "Inner Unique": false,
                                                                                                                "Hash Cond": "(cn.id = mc.company_id)",
                                                                                                                "Plans": [
                                                                                                                    {
                                                                                                                        "Node Type": "Seq Scan",
                                                                                                                        "Parent Relationship": "Outer",
                                                                                                                        "Parallel Aware": false,
                                                                                                                        "Async Capable": false,
                                                                                                                        "Relation Name": "company_name",
                                                                                                                        "Alias": "cn",
                                                                                                                        "Startup Cost": 0.0,
                                                                                                                        "Total Cost": 6271.21,
                                                                                                                        "Plan Rows": 3,
                                                                                                                        "Plan Width": 4,
                                                                                                                        "Actual Startup Time": 0.492,
                                                                                                                        "Actual Total Time": 12.477,
                                                                                                                        "Actual Rows": 4,
                                                                                                                        "Actual Loops": 1,
                                                                                                                        "Filter": "(name = ANY ('{ABS-CBN,\"American Broadcasting Company (ABC)\",\"British Broadcasting Corporation (BBC)\"}'::text[]))",
                                                                                                                        "Rows Removed by Filter": 234993
                                                                                                                    },
                                                                                                                    {
                                                                                                                        "Node Type": "Hash",
                                                                                                                        "Parent Relationship": "Inner",
                                                                                                                        "Parallel Aware": false,
                                                                                                                        "Async Capable": false,
                                                                                                                        "Startup Cost": 10000548625.11,
                                                                                                                        "Total Cost": 10000548625.11,
                                                                                                                        "Plan Rows": 254,
                                                                                                                        "Plan Width": 20,
                                                                                                                        "Actual Startup Time": 967.861,
                                                                                                                        "Actual Total Time": 967.868,
                                                                                                                        "Actual Rows": 10601,
                                                                                                                        "Actual Loops": 1,
                                                                                                                        "Hash Buckets": 16384,
                                                                                                                        "Original Hash Buckets": 1024,
                                                                                                                        "Hash Batches": 1,
                                                                                                                        "Original Hash Batches": 1,
                                                                                                                        "Peak Memory Usage": 667,
                                                                                                                        "Plans": [
                                                                                                                            {
                                                                                                                                "Node Type": "Hash Join",
                                                                                                                                "Parent Relationship": "Outer",
                                                                                                                                "Parallel Aware": false,
                                                                                                                                "Async Capable": false,
                                                                                                                                "Join Type": "Inner",
                                                                                                                                "Startup Cost": 10000493923.04,
                                                                                                                                "Total Cost": 10000548625.11,
                                                                                                                                "Plan Rows": 254,
                                                                                                                                "Plan Width": 20,
                                                                                                                                "Actual Startup Time": 778.566,
                                                                                                                                "Actual Total Time": 967.276,
                                                                                                                                "Actual Rows": 10601,
                                                                                                                                "Actual Loops": 1,
                                                                                                                                "Inner Unique": false,
                                                                                                                                "Hash Cond": "(mc.movie_id = t.id)",
                                                                                                                                "Plans": [
                                                                                                                                    {
                                                                                                                                        "Node Type": "Seq Scan",
                                                                                                                                        "Parent Relationship": "Outer",
                                                                                                                                        "Parallel Aware": false,
                                                                                                                                        "Async Capable": false,
                                                                                                                                        "Relation Name": "movie_companies",
                                                                                                                                        "Alias": "mc",
                                                                                                                                        "Startup Cost": 0.0,
                                                                                                                                        "Total Cost": 44915.29,
                                                                                                                                        "Plan Rows": 2609129,
                                                                                                                                        "Plan Width": 12,
                                                                                                                                        "Actual Startup Time": 0.004,
                                                                                                                                        "Actual Total Time": 98.269,
                                                                                                                                        "Actual Rows": 2609129,
                                                                                                                                        "Actual Loops": 1
                                                                                                                                    },
                                                                                                                                    {
                                                                                                                                        "Node Type": "Hash",
                                                                                                                                        "Parent Relationship": "Inner",
                                                                                                                                        "Parallel Aware": false,
                                                                                                                                        "Async Capable": false,
                                                                                                                                        "Startup Cost": 10000493919.97,
                                                                                                                                        "Total Cost": 10000493919.97,
                                                                                                                                        "Plan Rows": 246,
                                                                                                                                        "Plan Width": 8,
                                                                                                                                        "Actual Startup Time": 778.555,
                                                                                                                                        "Actual Total Time": 778.561,
                                                                                                                                        "Actual Rows": 7337,
                                                                                                                                        "Actual Loops": 1,
                                                                                                                                        "Hash Buckets": 8192,
                                                                                                                                        "Original Hash Buckets": 1024,
                                                                                                                                        "Hash Batches": 1,
                                                                                                                                        "Original Hash Batches": 1,
                                                                                                                                        "Peak Memory Usage": 351,
                                                                                                                                        "Plans": [
                                                                                                                                            {
                                                                                                                                                "Node Type": "Hash Join",
                                                                                                                                                "Parent Relationship": "Outer",
                                                                                                                                                "Parallel Aware": false,
                                                                                                                                                "Async Capable": false,
                                                                                                                                                "Join Type": "Inner",
                                                                                                                                                "Startup Cost": 10000103065.62,
                                                                                                                                                "Total Cost": 10000493919.97,
                                                                                                                                                "Plan Rows": 246,
                                                                                                                                                "Plan Width": 8,
                                                                                                                                                "Actual Startup Time": 325.062,
                                                                                                                                                "Actual Total Time": 778.207,
                                                                                                                                                "Actual Rows": 7337,
                                                                                                                                                "Actual Loops": 1,
                                                                                                                                                "Inner Unique": true,
                                                                                                                                                "Hash Cond": "(t.kind_id = kt.id)",
                                                                                                                                                "Plans": [
                                                                                                                                                    {
                                                                                                                                                        "Node Type": "Nested Loop",
                                                                                                                                                        "Parent Relationship": "Outer",
                                                                                                                                                        "Parallel Aware": false,
                                                                                                                                                        "Async Capable": false,
                                                                                                                                                        "Join Type": "Inner",
                                                                                                                                                        "Startup Cost": 10000103064.52,
                                                                                                                                                        "Total Cost": 10000493911.6,
                                                                                                                                                        "Plan Rows": 1725,
                                                                                                                                                        "Plan Width": 12,
                                                                                                                                                        "Actual Startup Time": 325.046,
                                                                                                                                                        "Actual Total Time": 777.486,
                                                                                                                                                        "Actual Rows": 16245,
                                                                                                                                                        "Actual Loops": 1,
                                                                                                                                                        "Inner Unique": false,
                                                                                                                                                        "Plans": [
                                                                                                                                                            {
                                                                                                                                                                "Node Type": "Hash Join",
                                                                                                                                                                "Parent Relationship": "Outer",
                                                                                                                                                                "Parallel Aware": false,
                                                                                                                                                                "Async Capable": false,
                                                                                                                                                                "Join Type": "Inner",
                                                                                                                                                                "Startup Cost": 103064.52,
                                                                                                                                                                "Total Cost": 493887.62,
                                                                                                                                                                "Plan Rows": 1725,
                                                                                                                                                                "Plan Width": 16,
                                                                                                                                                                "Actual Startup Time": 325.036,
                                                                                                                                                                "Actual Total Time": 775.405,
                                                                                                                                                                "Actual Rows": 16245,
                                                                                                                                                                "Actual Loops": 1,
                                                                                                                                                                "Inner Unique": true,
                                                                                                                                                                "Hash Cond": "(mi1.movie_id = t.id)",
                                                                                                                                                                "Plans": [
                                                                                                                                                                    {
                                                                                                                                                                        "Node Type": "Seq Scan",
                                                                                                                                                                        "Parent Relationship": "Outer",
                                                                                                                                                                        "Parallel Aware": false,
                                                                                                                                                                        "Async Capable": false,
                                                                                                                                                                        "Relation Name": "movie_info",
                                                                                                                                                                        "Alias": "mi1",
                                                                                                                                                                        "Startup Cost": 0.0,
                                                                                                                                                                        "Total Cost": 383860.66,
                                                                                                                                                                        "Plan Rows": 2457,
                                                                                                                                                                        "Plan Width": 8,
                                                                                                                                                                        "Actual Startup Time": 108.041,
                                                                                                                                                                        "Actual Total Time": 514.918,
                                                                                                                                                                        "Actual Rows": 54332,
                                                                                                                                                                        "Actual Loops": 1,
                                                                                                                                                                        "Filter": "((info_type_id = 1) AND (info = '30'::text))",
                                                                                                                                                                        "Rows Removed by Filter": 14781388
                                                                                                                                                                    },
                                                                                                                                                                    {
                                                                                                                                                                        "Node Type": "Hash",
                                                                                                                                                                        "Parent Relationship": "Inner",
                                                                                                                                                                        "Parallel Aware": false,
                                                                                                                                                                        "Async Capable": false,
                                                                                                                                                                        "Startup Cost": 73936.29,
                                                                                                                                                                        "Total Cost": 73936.29,
                                                                                                                                                                        "Plan Rows": 1775378,
                                                                                                                                                                        "Plan Width": 8,
                                                                                                                                                                        "Actual Startup Time": 216.821,
                                                                                                                                                                        "Actual Total Time": 216.822,
                                                                                                                                                                        "Actual Rows": 1772035,
                                                                                                                                                                        "Actual Loops": 1,
                                                                                                                                                                        "Hash Buckets": 524288,
                                                                                                                                                                        "Original Hash Buckets": 524288,
                                                                                                                                                                        "Hash Batches": 8,
                                                                                                                                                                        "Original Hash Batches": 8,
                                                                                                                                                                        "Peak Memory Usage": 12757,
                                                                                                                                                                        "Plans": [
                                                                                                                                                                            {
                                                                                                                                                                                "Node Type": "Seq Scan",
                                                                                                                                                                                "Parent Relationship": "Outer",
                                                                                                                                                                                "Parallel Aware": false,
                                                                                                                                                                                "Async Capable": false,
                                                                                                                                                                                "Relation Name": "title",
                                                                                                                                                                                "Alias": "t",
                                                                                                                                                                                "Startup Cost": 0.0,
                                                                                                                                                                                "Total Cost": 73936.29,
                                                                                                                                                                                "Plan Rows": 1775378,
                                                                                                                                                                                "Plan Width": 8,
                                                                                                                                                                                "Actual Startup Time": 0.005,
                                                                                                                                                                                "Actual Total Time": 128.795,
                                                                                                                                                                                "Actual Rows": 1772035,
                                                                                                                                                                                "Actual Loops": 1,
                                                                                                                                                                                "Filter": "((production_year <= 2015) AND (production_year >= 1990))",
                                                                                                                                                                                "Rows Removed by Filter": 756277
                                                                                                                                                                            }
                                                                                                                                                                        ]
                                                                                                                                                                    }
                                                                                                                                                                ]
                                                                                                                                                            },
                                                                                                                                                            {
                                                                                                                                                                "Node Type": "Materialize",
                                                                                                                                                                "Parent Relationship": "Inner",
                                                                                                                                                                "Parallel Aware": false,
                                                                                                                                                                "Async Capable": false,
                                                                                                                                                                "Startup Cost": 0.0,
                                                                                                                                                                "Total Cost": 2.42,
                                                                                                                                                                "Plan Rows": 1,
                                                                                                                                                                "Plan Width": 4,
                                                                                                                                                                "Actual Startup Time": 0.0,
                                                                                                                                                                "Actual Total Time": 0.0,
                                                                                                                                                                "Actual Rows": 1,
                                                                                                                                                                "Actual Loops": 16245,
                                                                                                                                                                "Plans": [
                                                                                                                                                                    {
                                                                                                                                                                        "Node Type": "Seq Scan",
                                                                                                                                                                        "Parent Relationship": "Outer",
                                                                                                                                                                        "Parallel Aware": false,
                                                                                                                                                                        "Async Capable": false,
                                                                                                                                                                        "Relation Name": "info_type",
                                                                                                                                                                        "Alias": "it1",
                                                                                                                                                                        "Startup Cost": 0.0,
                                                                                                                                                                        "Total Cost": 2.41,
                                                                                                                                                                        "Plan Rows": 1,
                                                                                                                                                                        "Plan Width": 4,
                                                                                                                                                                        "Actual Startup Time": 0.005,
                                                                                                                                                                        "Actual Total Time": 0.008,
                                                                                                                                                                        "Actual Rows": 1,
                                                                                                                                                                        "Actual Loops": 1,
                                                                                                                                                                        "Filter": "(id = 1)",
                                                                                                                                                                        "Rows Removed by Filter": 112
                                                                                                                                                                    }
                                                                                                                                                                ]
                                                                                                                                                            }
                                                                                                                                                        ]
                                                                                                                                                    },
                                                                                                                                                    {
                                                                                                                                                        "Node Type": "Hash",
                                                                                                                                                        "Parent Relationship": "Inner",
                                                                                                                                                        "Parallel Aware": false,
                                                                                                                                                        "Async Capable": false,
                                                                                                                                                        "Startup Cost": 1.09,
                                                                                                                                                        "Total Cost": 1.09,
                                                                                                                                                        "Plan Rows": 1,
                                                                                                                                                        "Plan Width": 4,
                                                                                                                                                        "Actual Startup Time": 0.004,
                                                                                                                                                        "Actual Total Time": 0.005,
                                                                                                                                                        "Actual Rows": 1,
                                                                                                                                                        "Actual Loops": 1,
                                                                                                                                                        "Hash Buckets": 1024,
                                                                                                                                                        "Original Hash Buckets": 1024,
                                                                                                                                                        "Hash Batches": 1,
                                                                                                                                                        "Original Hash Batches": 1,
                                                                                                                                                        "Peak Memory Usage": 9,
                                                                                                                                                        "Plans": [
                                                                                                                                                            {
                                                                                                                                                                "Node Type": "Seq Scan",
                                                                                                                                                                "Parent Relationship": "Outer",
                                                                                                                                                                "Parallel Aware": false,
                                                                                                                                                                "Async Capable": false,
                                                                                                                                                                "Relation Name": "kind_type",
                                                                                                                                                                "Alias": "kt",
                                                                                                                                                                "Startup Cost": 0.0,
                                                                                                                                                                "Total Cost": 1.09,
                                                                                                                                                                "Plan Rows": 1,
                                                                                                                                                                "Plan Width": 4,
                                                                                                                                                                "Actual Startup Time": 0.003,
                                                                                                                                                                "Actual Total Time": 0.004,
                                                                                                                                                                "Actual Rows": 1,
                                                                                                                                                                "Actual Loops": 1,
                                                                                                                                                                "Filter": "((kind)::text = 'episode'::text)",
                                                                                                                                                                "Rows Removed by Filter": 6
                                                                                                                                                            }
                                                                                                                                                        ]
                                                                                                                                                    }
                                                                                                                                                ]
                                                                                                                                            }
                                                                                                                                        ]
                                                                                                                                    }
                                                                                                                                ]
                                                                                                                            }
                                                                                                                        ]
                                                                                                                    }
                                                                                                                ]
                                                                                                            }
                                                                                                        ]
                                                                                                    }
                                                                                                ]
                                                                                            }
                                                                                        ]
                                                                                    }
                                                                                ]
                                                                            }
                                                                        ]
                                                                    }
                                                                ]
                                                            },
                                                            {
                                                                "Node Type": "Hash",
                                                                "Parent Relationship": "Inner",
                                                                "Parallel Aware": false,
                                                                "Async Capable": false,
                                                                "Startup Cost": 1.15,
                                                                "Total Cost": 1.15,
                                                                "Plan Rows": 1,
                                                                "Plan Width": 4,
                                                                "Actual Startup Time": 0.008,
                                                                "Actual Total Time": 0.008,
                                                                "Actual Rows": 1,
                                                                "Actual Loops": 1,
                                                                "Hash Buckets": 1024,
                                                                "Original Hash Buckets": 1024,
                                                                "Hash Batches": 1,
                                                                "Original Hash Batches": 1,
                                                                "Peak Memory Usage": 9,
                                                                "Plans": [
                                                                    {
                                                                        "Node Type": "Seq Scan",
                                                                        "Parent Relationship": "Outer",
                                                                        "Parallel Aware": false,
                                                                        "Async Capable": false,
                                                                        "Relation Name": "role_type",
                                                                        "Alias": "rt",
                                                                        "Startup Cost": 0.0,
                                                                        "Total Cost": 1.15,
                                                                        "Plan Rows": 1,
                                                                        "Plan Width": 4,
                                                                        "Actual Startup Time": 0.006,
                                                                        "Actual Total Time": 0.007,
                                                                        "Actual Rows": 1,
                                                                        "Actual Loops": 1,
                                                                        "Filter": "((role)::text = 'miscellaneous crew'::text)",
                                                                        "Rows Removed by Filter": 11
                                                                    }
                                                                ]
                                                            }
                                                        ]
                                                    }
                                                ]
                                            }
                                        ]
                                    },
                                    {
                                        "Node Type": "Hash",
                                        "Parent Relationship": "Inner",
                                        "Parallel Aware": false,
                                        "Async Capable": false,
                                        "Startup Cost": 1.05,
                                        "Total Cost": 1.05,
                                        "Plan Rows": 2,
                                        "Plan Width": 4,
                                        "Actual Startup Time": 0.011,
                                        "Actual Total Time": 0.011,
                                        "Actual Rows": 2,
                                        "Actual Loops": 1,
                                        "Hash Buckets": 1024,
                                        "Original Hash Buckets": 1024,
                                        "Hash Batches": 1,
                                        "Original Hash Batches": 1,
                                        "Peak Memory Usage": 9,
                                        "Plans": [
                                            {
                                                "Node Type": "Seq Scan",
                                                "Parent Relationship": "Outer",
                                                "Parallel Aware": false,
                                                "Async Capable": false,
                                                "Relation Name": "company_type",
                                                "Alias": "ct",
                                                "Startup Cost": 0.0,
                                                "Total Cost": 1.05,
                                                "Plan Rows": 2,
                                                "Plan Width": 4,
                                                "Actual Startup Time": 0.008,
                                                "Actual Total Time": 0.009,
                                                "Actual Rows": 2,
                                                "Actual Loops": 1,
                                                "Filter": "((kind)::text = ANY ('{distributors,\"production companies\"}'::text[]))",
                                                "Rows Removed by Filter": 2
                                            }
                                        ]
                                    }
                                ]
                            }
                        ]
                    },
                    "Planning Time": 13.312,
                    "Triggers": [],
                    "Execution Time": 3772.154
                }
            ],
            "hints": [
                "SET enable_hashjoin TO on",
                "SET enable_indexonlyscan TO on",
                "SET enable_indexscan TO off",
                "SET enable_mergejoin TO off",
                "SET enable_nestloop TO off",
                "SET enable_seqscan TO on"
            ]
        },
        {
            "arm": 4,
            "execution_time": 157.856,
            "plan": [
                {
                    "Plan": {
                        "Node Type": "Aggregate",
                        "Strategy": "Plain",
                        "Partial Mode": "Simple",
                        "Parallel Aware": false,
                        "Async Capable": false,
                        "Startup Cost": 6707.96,
                        "Total Cost": 6707.97,
                        "Plan Rows": 1,
                        "Plan Width": 8,
                        "Actual Startup Time": 149.194,
                        "Actual Total Time": 157.801,
                        "Actual Rows": 1,
                        "Actual Loops": 1,
                        "Plans": [
                            {
                                "Node Type": "Nested Loop",
                                "Parent Relationship": "Outer",
                                "Parallel Aware": false,
                                "Async Capable": false,
                                "Join Type": "Inner",
                                "Startup Cost": 1003.46,
                                "Total Cost": 6707.96,
                                "Plan Rows": 1,
                                "Plan Width": 0,
                                "Actual Startup Time": 140.586,
                                "Actual Total Time": 157.795,
                                "Actual Rows": 1,
                                "Actual Loops": 1,
                                "Inner Unique": true,
                                "Plans": [
                                    {
                                        "Node Type": "Nested Loop",
                                        "Parent Relationship": "Outer",
                                        "Parallel Aware": false,
                                        "Async Capable": false,
                                        "Join Type": "Inner",
                                        "Startup Cost": 1003.04,
                                        "Total Cost": 6707.1,
                                        "Plan Rows": 1,
                                        "Plan Width": 4,
                                        "Actual Startup Time": 140.571,
                                        "Actual Total Time": 157.779,
                                        "Actual Rows": 1,
                                        "Actual Loops": 1,
                                        "Inner Unique": true,
                                        "Plans": [
                                            {
                                                "Node Type": "Nested Loop",
                                                "Parent Relationship": "Outer",
                                                "Parallel Aware": false,
                                                "Async Capable": false,
                                                "Join Type": "Inner",
                                                "Startup Cost": 1002.58,
                                                "Total Cost": 6705.99,
                                                "Plan Rows": 1,
                                                "Plan Width": 8,
                                                "Actual Startup Time": 14.782,
                                                "Actual Total Time": 143.068,
                                                "Actual Rows": 20033,
                                                "Actual Loops": 1,
                                                "Inner Unique": true,
                                                "Plans": [
                                                    {
                                                        "Node Type": "Nested Loop",
                                                        "Parent Relationship": "Outer",
                                                        "Parallel Aware": false,
                                                        "Async Capable": false,
                                                        "Join Type": "Inner",
                                                        "Startup Cost": 1002.44,
                                                        "Total Cost": 6705.81,
                                                        "Plan Rows": 1,
                                                        "Plan Width": 12,
                                                        "Actual Startup Time": 14.751,
                                                        "Actual Total Time": 119.068,
                                                        "Actual Rows": 74601,
                                                        "Actual Loops": 1,
                                                        "Inner Unique": false,
                                                        "Join Filter": "(t.id = ci.movie_id)",
                                                        "Rows Removed by Join Filter": 0,
                                                        "Plans": [
                                                            {
                                                                "Node Type": "Nested Loop",
                                                                "Parent Relationship": "Outer",
                                                                "Parallel Aware": false,
                                                                "Async Capable": false,
                                                                "Join Type": "Inner",
                                                                "Startup Cost": 1002.0,
                                                                "Total Cost": 6683.95,
                                                                "Plan Rows": 1,
                                                                "Plan Width": 20,
                                                                "Actual Startup Time": 14.737,
                                                                "Actual Total Time": 99.587,
                                                                "Actual Rows": 1898,
                                                                "Actual Loops": 1,
                                                                "Inner Unique": false,
                                                                "Plans": [
                                                                    {
                                                                        "Node Type": "Nested Loop",
                                                                        "Parent Relationship": "Outer",
                                                                        "Parallel Aware": false,
                                                                        "Async Capable": false,
                                                                        "Join Type": "Inner",
                                                                        "Startup Cost": 1001.57,
                                                                        "Total Cost": 6681.64,
                                                                        "Plan Rows": 1,
                                                                        "Plan Width": 12,
                                                                        "Actual Startup Time": 11.854,
                                                                        "Actual Total Time": 98.757,
                                                                        "Actual Rows": 645,
                                                                        "Actual Loops": 1,
                                                                        "Inner Unique": false,
                                                                        "Plans": [
                                                                            {
                                                                                "Node Type": "Gather",
                                                                                "Parent Relationship": "Outer",
                                                                                "Parallel Aware": false,
                                                                                "Async Capable": false,
                                                                                "Startup Cost": 1001.57,
                                                                                "Total Cost": 6679.22,
                                                                                "Plan Rows": 1,
                                                                                "Plan Width": 16,
                                                                                "Actual Startup Time": 11.851,
                                                                                "Actual Total Time": 97.168,
                                                                                "Actual Rows": 645,
                                                                                "Actual Loops": 1,
                                                                                "Workers Planned": 1,
                                                                                "Workers Launched": 1,
                                                                                "Single Copy": false,
                                                                                "Plans": [
                                                                                    {
                                                                                        "Node Type": "Nested Loop",
                                                                                        "Parent Relationship": "Outer",
                                                                                        "Parallel Aware": false,
                                                                                        "Async Capable": false,
                                                                                        "Join Type": "Inner",
                                                                                        "Startup Cost": 1.57,
                                                                                        "Total Cost": 5679.12,
                                                                                        "Plan Rows": 1,
                                                                                        "Plan Width": 16,
                                                                                        "Actual Startup Time": 31.415,
                                                                                        "Actual Total Time": 110.155,
                                                                                        "Actual Rows": 322,
                                                                                        "Actual Loops": 2,
                                                                                        "Inner Unique": false,
                                                                                        "Join Filter": "(t.id = mi1.movie_id)",
                                                                                        "Rows Removed by Join Filter": 0,
                                                                                        "Workers": [],
                                                                                        "Plans": [
                                                                                            {
                                                                                                "Node Type": "Nested Loop",
                                                                                                "Parent Relationship": "Outer",
                                                                                                "Parallel Aware": false,
                                                                                                "Async Capable": false,
                                                                                                "Join Type": "Inner",
                                                                                                "Startup Cost": 1.13,
                                                                                                "Total Cost": 5661.82,
                                                                                                "Plan Rows": 1,
                                                                                                "Plan Width": 8,
                                                                                                "Actual Startup Time": 0.967,
                                                                                                "Actual Total Time": 86.635,
                                                                                                "Actual Rows": 14376,
                                                                                                "Actual Loops": 2,
                                                                                                "Inner Unique": true,
                                                                                                "Workers": [],
                                                                                                "Plans": [
                                                                                                    {
                                                                                                        "Node Type": "Nested Loop",
                                                                                                        "Parent Relationship": "Outer",
                                                                                                        "Parallel Aware": false,
                                                                                                        "Async Capable": false,
                                                                                                        "Join Type": "Inner",
                                                                                                        "Startup Cost": 1.0,
                                                                                                        "Total Cost": 5660.74,
                                                                                                        "Plan Rows": 7,
                                                                                                        "Plan Width": 12,
                                                                                                        "Actual Startup Time": 0.925,
                                                                                                        "Actual Total Time": 80.045,
                                                                                                        "Actual Rows": 19636,
                                                                                                        "Actual Loops": 2,
                                                                                                        "Inner Unique": true,
                                                                                                        "Workers": [],
                                                                                                        "Plans": [
                                                                                                            {
                                                                                                                "Node Type": "Nested Loop",
                                                                                                                "Parent Relationship": "Outer",
                                                                                                                "Parallel Aware": false,
                                                                                                                "Async Capable": false,
                                                                                                                "Join Type": "Inner",
                                                                                                                "Startup Cost": 0.57,
                                                                                                                "Total Cost": 5650.24,
                                                                                                                "Plan Rows": 10,
                                                                                                                "Plan Width": 4,
                                                                                                                "Actual Startup Time": 0.909,
                                                                                                                "Actual Total Time": 22.084,
                                                                                                                "Actual Rows": 39831,
                                                                                                                "Actual Loops": 2,
                                                                                                                "Inner Unique": true,
                                                                                                                "Workers": [],
                                                                                                                "Plans": [
                                                                                                                    {
                                                                                                                        "Node Type": "Nested Loop",
                                                                                                                        "Parent Relationship": "Outer",
                                                                                                                        "Parallel Aware": false,
                                                                                                                        "Async Capable": false,
                                                                                                                        "Join Type": "Inner",
                                                                                                                        "Startup Cost": 0.43,
                                                                                                                        "Total Cost": 5649.36,
                                                                                                                        "Plan Rows": 19,
                                                                                                                        "Plan Width": 8,
                                                                                                                        "Actual Startup Time": 0.895,
                                                                                                                        "Actual Total Time": 16.931,
                                                                                                                        "Actual Rows": 39831,
                                                                                                                        "Actual Loops": 2,
                                                                                                                        "Inner Unique": false,
                                                                                                                        "Workers": [],
                                                                                                                        "Plans": [
                                                                                                                            {
                                                                                                                                "Node Type": "Seq Scan",
                                                                                                                                "Parent Relationship": "Outer",
                                                                                                                                "Parallel Aware": true,
                                                                                                                                "Async Capable": false,
                                                                                                                                "Relation Name": "company_name",
                                                                                                                                "Alias": "cn",
                                                                                                                                "Startup Cost": 0.0,
                                                                                                                                "Total Cost": 4940.71,
                                                                                                                                "Plan Rows": 2,
                                                                                                                                "Plan Width": 4,
                                                                                                                                "Actual Startup Time": 0.861,
                                                                                                                                "Actual Total Time": 6.051,
                                                                                                                                "Actual Rows": 2,
                                                                                                                                "Actual Loops": 2,
                                                                                                                                "Filter": "(name = ANY ('{ABS-CBN,\"American Broadcasting Company (ABC)\",\"British Broadcasting Corporation (BBC)\"}'::text[]))",
                                                                                                                                "Rows Removed by Filter": 117496,
                                                                                                                                "Workers": []
                                                                                                                            },
                                                                                                                            {
                                                                                                                                "Node Type": "Index Scan",
                                                                                                                                "Parent Relationship": "Inner",
                                                                                                                                "Parallel Aware": false,
                                                                                                                                "Async Capable": false,
                                                                                                                                "Scan Direction": "Forward",
                                                                                                                                "Index Name": "company_id_movie_companies",
                                                                                                                                "Relation Name": "movie_companies",
                                                                                                                                "Alias": "mc",
                                                                                                                                "Startup Cost": 0.43,
                                                                                                                                "Total Cost": 353.0,
                                                                                                                                "Plan Rows": 133,
                                                                                                                                "Plan Width": 12,
                                                                                                                                "Actual Startup Time": 0.022,
                                                                                                                                "Actual Total Time": 4.481,
                                                                                                                                "Actual Rows": 19916,
                                                                                                                                "Actual Loops": 4,
                                                                                                                                "Index Cond": "(company_id = cn.id)",
                                                                                                                                "Rows Removed by Index Recheck": 0,
                                                                                                                                "Workers": []
                                                                                                                            }
                                                                                                                        ]
                                                                                                                    },
                                                                                                                    {
                                                                                                                        "Node Type": "Memoize",
                                                                                                                        "Parent Relationship": "Inner",
                                                                                                                        "Parallel Aware": false,
                                                                                                                        "Async Capable": false,
                                                                                                                        "Startup Cost": 0.14,
                                                                                                                        "Total Cost": 0.16,
                                                                                                                        "Plan Rows": 1,
                                                                                                                        "Plan Width": 4,
                                                                                                                        "Actual Startup Time": 0.0,
                                                                                                                        "Actual Total Time": 0.0,
                                                                                                                        "Actual Rows": 1,
                                                                                                                        "Actual Loops": 79662,
                                                                                                                        "Cache Key": "mc.company_type_id",
                                                                                                                        "Cache Mode": "logical",
                                                                                                                        "Cache Hits": 27301,
                                                                                                                        "Cache Misses": 2,
                                                                                                                        "Cache Evictions": 0,
                                                                                                                        "Cache Overflows": 0,
                                                                                                                        "Peak Memory Usage": 1,
                                                                                                                        "Workers": [
                                                                                                                            {
                                                                                                                                "Worker Number": 0,
                                                                                                                                "Cache Hits": 52357,
                                                                                                                                "Cache Misses": 2,
                                                                                                                                "Cache Evictions": 0,
                                                                                                                                "Cache Overflows": 0,
                                                                                                                                "Peak Memory Usage": 1
                                                                                                                            }
                                                                                                                        ],
                                                                                                                        "Plans": [
                                                                                                                            {
                                                                                                                                "Node Type": "Index Scan",
                                                                                                                                "Parent Relationship": "Outer",
                                                                                                                                "Parallel Aware": false,
                                                                                                                                "Async Capable": false,
                                                                                                                                "Scan Direction": "Forward",
                                                                                                                                "Index Name": "company_type_pkey",
                                                                                                                                "Relation Name": "company_type",
                                                                                                                                "Alias": "ct",
                                                                                                                                "Startup Cost": 0.13,
                                                                                                                                "Total Cost": 0.15,
                                                                                                                                "Plan Rows": 1,
                                                                                                                                "Plan Width": 4,
                                                                                                                                "Actual Startup Time": 0.007,
                                                                                                                                "Actual Total Time": 0.007,
                                                                                                                                "Actual Rows": 1,
                                                                                                                                "Actual Loops": 4,
                                                                                                                                "Index Cond": "(id = mc.company_type_id)",
                                                                                                                                "Rows Removed by Index Recheck": 0,
                                                                                                                                "Filter": "((kind)::text = ANY ('{distributors,\"production companies\"}'::text[]))",
                                                                                                                                "Rows Removed by Filter": 0,
                                                                                                                                "Workers": []
                                                                                                                            }
                                                                                                                        ]
                                                                                                                    }
                                                                                                                ]
                                                                                                            },
                                                                                                            {
                                                                                                                "Node Type": "Index Scan",
                                                                                                                "Parent Relationship": "Inner",
                                                                                                                "Parallel Aware": false,
                                                                                                                "Async Capable": false,
                                                                                                                "Scan Direction": "Forward",
                                                                                                                "Index Name": "title_pkey",
                                                                                                                "Relation Name": "title",
                                                                                                                "Alias": "t",
                                                                                                                "Startup Cost": 0.43,
                                                                                                                "Total Cost": 1.05,
                                                                                                                "Plan Rows": 1,
                                                                                                                "Plan Width": 8,
                                                                                                                "Actual Startup Time": 0.001,
                                                                                                                "Actual Total Time": 0.001,
                                                                                                                "Actual Rows": 0,
                                                                                                                "Actual Loops": 79662,
                                                                                                                "Index Cond": "(id = mc.movie_id)",
                                                                                                                "Rows Removed by Index Recheck": 0,
                                                                                                                "Filter": "((production_year <= 2015) AND (production_year >= 1990))",
                                                                                                                "Rows Removed by Filter": 1,
                                                                                                                "Workers": []
                                                                                                            }
                                                                                                        ]
                                                                                                    },
                                                                                                    {
                                                                                                        "Node Type": "Index Scan",
                                                                                                        "Parent Relationship": "Inner",
                                                                                                        "Parallel Aware": false,
                                                                                                        "Async Capable": false,
                                                                                                        "Scan Direction": "Forward",
                                                                                                        "Index Name": "kind_type_pkey",
                                                                                                        "Relation Name": "kind_type",
                                                                                                        "Alias": "kt",
                                                                                                        "Startup Cost": 0.13,
                                                                                                        "Total Cost": 0.15,
                                                                                                        "Plan Rows": 1,
                                                                                                        "Plan Width": 4,
                                                                                                        "Actual Startup Time": 0.0,
                                                                                                        "Actual Total Time": 0.0,
                                                                                                        "Actual Rows": 1,
                                                                                                        "Actual Loops": 39273,
                                                                                                        "Index Cond": "(id = t.kind_id)",
                                                                                                        "Rows Removed by Index Recheck": 0,
                                                                                                        "Filter": "((kind)::text = 'episode'::text)",
                                                                                                        "Rows Removed by Filter": 0,
                                                                                                        "Workers": []
                                                                                                    }
                                                                                                ]
                                                                                            },
                                                                                            {
                                                                                                "Node Type": "Index Scan",
                                                                                                "Parent Relationship": "Inner",
                                                                                                "Parallel Aware": false,
                                                                                                "Async Capable": false,
                                                                                                "Scan Direction": "Forward",
                                                                                                "Index Name": "movie_id_movie_info",
                                                                                                "Relation Name": "movie_info",
                                                                                                "Alias": "mi1",
                                                                                                "Startup Cost": 0.43,
                                                                                                "Total Cost": 17.29,
                                                                                                "Plan Rows": 1,
                                                                                                "Plan Width": 8,
                                                                                                "Actual Startup Time": 0.002,
                                                                                                "Actual Total Time": 0.002,
                                                                                                "Actual Rows": 0,
                                                                                                "Actual Loops": 28752,
                                                                                                "Index Cond": "(movie_id = mc.movie_id)",
                                                                                                "Rows Removed by Index Recheck": 0,
                                                                                                "Filter": "((info_type_id = 1) AND (info = '30'::text))",
                                                                                                "Rows Removed by Filter": 5,
                                                                                                "Workers": []
                                                                                            }
                                                                                        ]
                                                                                    }
                                                                                ]
                                                                            },
                                                                            {
                                                                                "Node Type": "Seq Scan",
                                                                                "Parent Relationship": "Inner",
                                                                                "Parallel Aware": false,
                                                                                "Async Capable": false,
                                                                                "Relation Name": "info_type",
                                                                                "Alias": "it1",
                                                                                "Startup Cost": 0.0,
                                                                                "Total Cost": 2.41,
                                                                                "Plan Rows": 1,
                                                                                "Plan Width": 4,
                                                                                "Actual Startup Time": 0.001,
                                                                                "Actual Total Time": 0.002,
                                                                                "Actual Rows": 1,
                                                                                "Actual Loops": 645,
                                                                                "Filter": "(id = 1)",
                                                                                "Rows Removed by Filter": 112
                                                                            }
                                                                        ]
                                                                    },
                                                                    {
                                                                        "Node Type": "Index Scan",
                                                                        "Parent Relationship": "Inner",
                                                                        "Parallel Aware": false,
                                                                        "Async Capable": false,
                                                                        "Scan Direction": "Forward",
                                                                        "Index Name": "movie_id_movie_keyword",
                                                                        "Relation Name": "movie_keyword",
                                                                        "Alias": "mk",
                                                                        "Startup Cost": 0.43,
                                                                        "Total Cost": 1.85,
                                                                        "Plan Rows": 46,
                                                                        "Plan Width": 8,
                                                                        "Actual Startup Time": 0.001,
                                                                        "Actual Total Time": 0.001,
                                                                        "Actual Rows": 3,
                                                                        "Actual Loops": 645,
                                                                        "Index Cond": "(movie_id = t.id)",
                                                                        "Rows Removed by Index Recheck": 0
                                                                    }
                                                                ]
                                                            },
                                                            {
                                                                "Node Type": "Index Scan",
                                                                "Parent Relationship": "Inner",
                                                                "Parallel Aware": false,
                                                                "Async Capable": false,
                                                                "Scan Direction": "Forward",
                                                                "Index Name": "movie_id_cast_info",
                                                                "Relation Name": "cast_info",
                                                                "Alias": "ci",
                                                                "Startup Cost": 0.44,
                                                                "Total Cost": 21.39,
                                                                "Plan Rows": 38,
                                                                "Plan Width": 12,
                                                                "Actual Startup Time": 0.001,
                                                                "Actual Total Time": 0.008,
                                                                "Actual Rows": 39,
                                                                "Actual Loops": 1898,
                                                                "Index Cond": "(movie_id = mk.movie_id)",
                                                                "Rows Removed by Index Recheck": 0
                                                            }
                                                        ]
                                                    },
                                                    {
                                                        "Node Type": "Index Scan",
                                                        "Parent Relationship": "Inner",
                                                        "Parallel Aware": false,
                                                        "Async Capable": false,
                                                        "Scan Direction": "Forward",
                                                        "Index Name": "role_type_pkey",
                                                        "Relation Name": "role_type",
                                                        "Alias": "rt",
                                                        "Startup Cost": 0.14,
                                                        "Total Cost": 0.16,
                                                        "Plan Rows": 1,
                                                        "Plan Width": 4,
                                                        "Actual Startup Time": 0.0,
                                                        "Actual Total Time": 0.0,
                                                        "Actual Rows": 0,
                                                        "Actual Loops": 74601,
                                                        "Index Cond": "(id = ci.role_id)",
                                                        "Rows Removed by Index Recheck": 0,
                                                        "Filter": "((role)::text = 'miscellaneous crew'::text)",
                                                        "Rows Removed by Filter": 1
                                                    }
                                                ]
                                            },
                                            {
                                                "Node Type": "Index Scan",
                                                "Parent Relationship": "Inner",
                                                "Parallel Aware": false,
                                                "Async Capable": false,
                                                "Scan Direction": "Forward",
                                                "Index Name": "name_pkey",
                                                "Relation Name": "name",
                                                "Alias": "n",
                                                "Startup Cost": 0.46,
                                                "Total Cost": 1.11,
                                                "Plan Rows": 1,
                                                "Plan Width": 4,
                                                "Actual Startup Time": 0.001,
                                                "Actual Total Time": 0.001,
                                                "Actual Rows": 0,
                                                "Actual Loops": 20033,
                                                "Index Cond": "(id = ci.person_id)",
                                                "Rows Removed by Index Recheck": 0,
                                                "Filter": "((((gender)::text = 'f'::text) OR (gender IS NULL)) AND ((name_pcode_cf)::text = ANY ('{A3654,B4353,B6156,C6264,D4253,D4262,L2562,L5326,M5323,R2461,S4362,S5236,S5245}'::text[])))",
                                                "Rows Removed by Filter": 1
                                            }
                                        ]
                                    },
                                    {
                                        "Node Type": "Index Only Scan",
                                        "Parent Relationship": "Inner",
                                        "Parallel Aware": false,
                                        "Async Capable": false,
                                        "Scan Direction": "Forward",
                                        "Index Name": "keyword_pkey",
                                        "Relation Name": "keyword",
                                        "Alias": "k",
                                        "Startup Cost": 0.42,
                                        "Total Cost": 0.86,
                                        "Plan Rows": 1,
                                        "Plan Width": 4,
                                        "Actual Startup Time": 0.014,
                                        "Actual Total Time": 0.014,
                                        "Actual Rows": 1,
                                        "Actual Loops": 1,
                                        "Index Cond": "(id = mk.keyword_id)",
                                        "Rows Removed by Index Recheck": 0,
                                        "Heap Fetches": 1
                                    }
                                ]
                            }
                        ]
                    },
                    "Planning Time": 15.72,
                    "Triggers": [],
                    "Execution Time": 157.856
                }
            ],
            "hints": [
                "SET enable_hashjoin TO on",
                "SET enable_indexonlyscan TO on",
                "SET enable_indexscan TO on",
                "SET enable_mergejoin TO off",
                "SET enable_nestloop TO on",
                "SET enable_seqscan TO on"
            ]
        }
    ]
}