{
    "sql_file": "9a1.sql",
    "query": "SELECT mi1.info, pi1.info, COUNT(*)\nFROM title as t,\nkind_type as kt,\nmovie_info as mi1,\ninfo_type as it1,\ncast_info as ci,\nrole_type as rt,\nname as n,\ninfo_type as it2,\nperson_info AS pi1\nWHERE\nt.id = ci.movie_id\nAND t.id = mi1.movie_id\nAND mi1.info_type_id = it1.id\nAND t.kind_id = kt.id\nAND ci.person_id = n.id\nAND ci.movie_id = mi1.movie_id\nAND ci.role_id = rt.id\nAND n.id = pi1.person_id\nAND pi1.info_type_id = it2.id\nAND (it1.id IN ('16'))\nAND (it2.id IN ('23'))\nAND (mi1.info ILIKE '%usa%')\nAND (pi1.info ILIKE '%19%')\nAND (kt.kind IN ('movie','tv mini series','tv movie','video game'))\nAND (rt.role IN ('cinematographer','composer','costume designer','director','editor','miscellaneous crew','producer','writer'))\nGROUP BY mi1.info, pi1.info",
    "results": [
        {
            "arm": 0,
            "execution_time": 1384.154,
            "plan": [
                {
                    "Plan": {
                        "Node Type": "Aggregate",
                        "Strategy": "Sorted",
                        "Partial Mode": "Simple",
                        "Parallel Aware": false,
                        "Async Capable": false,
                        "Startup Cost": 651239.4,
                        "Total Cost": 655527.11,
                        "Plan Rows": 26207,
                        "Plan Width": 147,
                        "Actual Startup Time": 1169.624,
                        "Actual Total Time": 1377.292,
                        "Actual Rows": 356475,
                        "Actual Loops": 1,
                        "Group Key": [
                            "mi1.info",
                            "pi1.info"
                        ],
                        "Plans": [
                            {
                                "Node Type": "Nested Loop",
                                "Parent Relationship": "Outer",
                                "Parallel Aware": false,
                                "Async Capable": false,
                                "Join Type": "Inner",
                                "Startup Cost": 651239.4,
                                "Total Cost": 655068.48,
                                "Plan Rows": 26207,
                                "Plan Width": 139,
                                "Actual Startup Time": 1169.613,
                                "Actual Total Time": 1337.508,
                                "Actual Rows": 414709,
                                "Actual Loops": 1,
                                "Inner Unique": false,
                                "Plans": [
                                    {
                                        "Node Type": "Nested Loop",
                                        "Parent Relationship": "Outer",
                                        "Parallel Aware": false,
                                        "Async Capable": false,
                                        "Join Type": "Inner",
                                        "Startup Cost": 651239.4,
                                        "Total Cost": 654738.48,
                                        "Plan Rows": 26207,
                                        "Plan Width": 143,
                                        "Actual Startup Time": 1169.609,
                                        "Actual Total Time": 1286.019,
                                        "Actual Rows": 414709,
                                        "Actual Loops": 1,
                                        "Inner Unique": false,
                                        "Plans": [
                                            {
                                                "Node Type": "Gather Merge",
                                                "Parent Relationship": "Outer",
                                                "Parallel Aware": false,
                                                "Async Capable": false,
                                                "Startup Cost": 651239.4,
                                                "Total Cost": 654408.48,
                                                "Plan Rows": 26207,
                                                "Plan Width": 147,
                                                "Actual Startup Time": 1169.592,
                                                "Actual Total Time": 1233.064,
                                                "Actual Rows": 414709,
                                                "Actual Loops": 1,
                                                "Workers Planned": 5,
                                                "Workers Launched": 5,
                                                "Plans": [
                                                    {
                                                        "Node Type": "Sort",
                                                        "Parent Relationship": "Outer",
                                                        "Parallel Aware": false,
                                                        "Async Capable": false,
                                                        "Startup Cost": 650239.33,
                                                        "Total Cost": 650252.43,
                                                        "Plan Rows": 5241,
                                                        "Plan Width": 147,
                                                        "Actual Startup Time": 1164.646,
                                                        "Actual Total Time": 1168.229,
                                                        "Actual Rows": 69118,
                                                        "Actual Loops": 6,
                                                        "Sort Key": [
                                                            "mi1.info COLLATE \"C\"",
                                                            "pi1.info COLLATE \"C\""
                                                        ],
                                                        "Sort Method": "quicksort",
                                                        "Sort Space Used": 7603,
                                                        "Sort Space Type": "Memory",
                                                        "Workers": [
                                                            {
                                                                "Worker Number": 0,
                                                                "Sort Method": "quicksort",
                                                                "Sort Space Used": 6674,
                                                                "Sort Space Type": "Memory"
                                                            },
                                                            {
                                                                "Worker Number": 1,
                                                                "Sort Method": "quicksort",
                                                                "Sort Space Used": 6018,
                                                                "Sort Space Type": "Memory"
                                                            },
                                                            {
                                                                "Worker Number": 2,
                                                                "Sort Method": "quicksort",
                                                                "Sort Space Used": 6891,
                                                                "Sort Space Type": "Memory"
                                                            },
                                                            {
                                                                "Worker Number": 3,
                                                                "Sort Method": "quicksort",
                                                                "Sort Space Used": 6904,
                                                                "Sort Space Type": "Memory"
                                                            },
                                                            {
                                                                "Worker Number": 4,
                                                                "Sort Method": "quicksort",
                                                                "Sort Space Used": 5946,
                                                                "Sort Space Type": "Memory"
                                                            }
                                                        ],
                                                        "Plans": [
                                                            {
                                                                "Node Type": "Hash Join",
                                                                "Parent Relationship": "Outer",
                                                                "Parallel Aware": false,
                                                                "Async Capable": false,
                                                                "Join Type": "Inner",
                                                                "Startup Cost": 417892.27,
                                                                "Total Cost": 649915.55,
                                                                "Plan Rows": 5241,
                                                                "Plan Width": 147,
                                                                "Actual Startup Time": 699.106,
                                                                "Actual Total Time": 1143.125,
                                                                "Actual Rows": 69118,
                                                                "Actual Loops": 6,
                                                                "Inner Unique": true,
                                                                "Hash Cond": "(t.kind_id = kt.id)",
                                                                "Workers": [],
                                                                "Plans": [
                                                                    {
                                                                        "Node Type": "Nested Loop",
                                                                        "Parent Relationship": "Outer",
                                                                        "Parallel Aware": false,
                                                                        "Async Capable": false,
                                                                        "Join Type": "Inner",
                                                                        "Startup Cost": 417891.11,
                                                                        "Total Cost": 649875.74,
                                                                        "Plan Rows": 9172,
                                                                        "Plan Width": 151,
                                                                        "Actual Startup Time": 684.841,
                                                                        "Actual Total Time": 1136.857,
                                                                        "Actual Rows": 107245,
                                                                        "Actual Loops": 6,
                                                                        "Inner Unique": true,
                                                                        "Workers": [],
                                                                        "Plans": [
                                                                            {
                                                                                "Node Type": "Hash Join",
                                                                                "Parent Relationship": "Outer",
                                                                                "Parallel Aware": true,
                                                                                "Async Capable": false,
                                                                                "Join Type": "Inner",
                                                                                "Startup Cost": 417890.68,
                                                                                "Total Cost": 624419.98,
                                                                                "Plan Rows": 24420,
                                                                                "Plan Width": 155,
                                                                                "Actual Startup Time": 684.82,
                                                                                "Actual Total Time": 1051.26,
                                                                                "Actual Rows": 107245,
                                                                                "Actual Loops": 6,
                                                                                "Inner Unique": false,
                                                                                "Hash Cond": "(mi1.movie_id = ci.movie_id)",
                                                                                "Workers": [],
                                                                                "Plans": [
                                                                                    {
                                                                                        "Node Type": "Seq Scan",
                                                                                        "Parent Relationship": "Outer",
                                                                                        "Parallel Aware": true,
                                                                                        "Async Capable": false,
                                                                                        "Relation Name": "movie_info",
                                                                                        "Alias": "mi1",
                                                                                        "Startup Cost": 0.0,
                                                                                        "Total Cost": 206090.53,
                                                                                        "Plan Rows": 106150,
                                                                                        "Plan Width": 50,
                                                                                        "Actual Startup Time": 54.223,
                                                                                        "Actual Total Time": 381.354,
                                                                                        "Actual Rows": 176275,
                                                                                        "Actual Loops": 6,
                                                                                        "Filter": "((info ~~* '%usa%'::text) AND (info_type_id = 16))",
                                                                                        "Rows Removed by Filter": 2296345,
                                                                                        "Workers": []
                                                                                    },
                                                                                    {
                                                                                        "Node Type": "Hash",
                                                                                        "Parent Relationship": "Inner",
                                                                                        "Parallel Aware": true,
                                                                                        "Async Capable": false,
                                                                                        "Startup Cost": 417435.5,
                                                                                        "Total Cost": 417435.5,
                                                                                        "Plan Rows": 36415,
                                                                                        "Plan Width": 105,
                                                                                        "Actual Startup Time": 630.457,
                                                                                        "Actual Total Time": 630.463,
                                                                                        "Actual Rows": 151761,
                                                                                        "Actual Loops": 6,
                                                                                        "Hash Buckets": 1048576,
                                                                                        "Original Hash Buckets": 262144,
                                                                                        "Hash Batches": 1,
                                                                                        "Original Hash Batches": 1,
                                                                                        "Peak Memory Usage": 65792,
                                                                                        "Workers": [],
                                                                                        "Plans": [
                                                                                            {
                                                                                                "Node Type": "Hash Join",
                                                                                                "Parent Relationship": "Outer",
                                                                                                "Parallel Aware": false,
                                                                                                "Async Capable": false,
                                                                                                "Join Type": "Inner",
                                                                                                "Startup Cost": 81324.96,
                                                                                                "Total Cost": 417435.5,
                                                                                                "Plan Rows": 36415,
                                                                                                "Plan Width": 105,
                                                                                                "Actual Startup Time": 165.255,
                                                                                                "Actual Total Time": 604.042,
                                                                                                "Actual Rows": 151761,
                                                                                                "Actual Loops": 6,
                                                                                                "Inner Unique": true,
                                                                                                "Hash Cond": "(ci.role_id = rt.id)",
                                                                                                "Workers": [],
                                                                                                "Plans": [
                                                                                                    {
                                                                                                        "Node Type": "Hash Join",
                                                                                                        "Parent Relationship": "Outer",
                                                                                                        "Parallel Aware": true,
                                                                                                        "Async Capable": false,
                                                                                                        "Join Type": "Inner",
                                                                                                        "Startup Cost": 81323.62,
                                                                                                        "Total Cost": 417240.13,
                                                                                                        "Plan Rows": 54622,
                                                                                                        "Plan Width": 109,
                                                                                                        "Actual Startup Time": 162.354,
                                                                                                        "Actual Total Time": 586.719,
                                                                                                        "Actual Rows": 453627,
                                                                                                        "Actual Loops": 6,
                                                                                                        "Inner Unique": false,
                                                                                                        "Hash Cond": "(ci.person_id = n.id)",
                                                                                                        "Workers": [],
                                                                                                        "Plans": [
                                                                                                            {
                                                                                                                "Node Type": "Seq Scan",
                                                                                                                "Parent Relationship": "Outer",
                                                                                                                "Parallel Aware": true,
                                                                                                                "Async Capable": false,
                                                                                                                "Relation Name": "cast_info",
                                                                                                                "Alias": "ci",
                                                                                                                "Startup Cost": 0.0,
                                                                                                                "Total Cost": 313127.24,
                                                                                                                "Plan Rows": 6040724,
                                                                                                                "Plan Width": 12,
                                                                                                                "Actual Startup Time": 0.014,
                                                                                                                "Actual Total Time": 198.187,
                                                                                                                "Actual Rows": 6040724,
                                                                                                                "Actual Loops": 6,
                                                                                                                "Workers": []
                                                                                                            },
                                                                                                            {
                                                                                                                "Node Type": "Hash",
                                                                                                                "Parent Relationship": "Inner",
                                                                                                                "Parallel Aware": true,
                                                                                                                "Async Capable": false,
                                                                                                                "Startup Cost": 81205.85,
                                                                                                                "Total Cost": 81205.85,
                                                                                                                "Plan Rows": 9421,
                                                                                                                "Plan Width": 109,
                                                                                                                "Actual Startup Time": 162.282,
                                                                                                                "Actual Total Time": 162.284,
                                                                                                                "Actual Rows": 12538,
                                                                                                                "Actual Loops": 6,
                                                                                                                "Hash Buckets": 131072,
                                                                                                                "Original Hash Buckets": 65536,
                                                                                                                "Hash Batches": 1,
                                                                                                                "Original Hash Batches": 1,
                                                                                                                "Peak Memory Usage": 6272,
                                                                                                                "Workers": [],
                                                                                                                "Plans": [
                                                                                                                    {
                                                                                                                        "Node Type": "Nested Loop",
                                                                                                                        "Parent Relationship": "Outer",
                                                                                                                        "Parallel Aware": false,
                                                                                                                        "Async Capable": false,
                                                                                                                        "Join Type": "Inner",
                                                                                                                        "Startup Cost": 0.43,
                                                                                                                        "Total Cost": 81205.85,
                                                                                                                        "Plan Rows": 9421,
                                                                                                                        "Plan Width": 109,
                                                                                                                        "Actual Startup Time": 0.055,
                                                                                                                        "Actual Total Time": 157.223,
                                                                                                                        "Actual Rows": 12538,
                                                                                                                        "Actual Loops": 6,
                                                                                                                        "Inner Unique": true,
                                                                                                                        "Workers": [],
                                                                                                                        "Plans": [
                                                                                                                            {
                                                                                                                                "Node Type": "Seq Scan",
                                                                                                                                "Parent Relationship": "Outer",
                                                                                                                                "Parallel Aware": true,
                                                                                                                                "Async Capable": false,
                                                                                                                                "Relation Name": "person_info",
                                                                                                                                "Alias": "pi1",
                                                                                                                                "Startup Cost": 0.0,
                                                                                                                                "Total Cost": 62183.96,
                                                                                                                                "Plan Rows": 9421,
                                                                                                                                "Plan Width": 105,
                                                                                                                                "Actual Startup Time": 0.03,
                                                                                                                                "Actual Total Time": 142.073,
                                                                                                                                "Actual Rows": 12538,
                                                                                                                                "Actual Loops": 6,
                                                                                                                                "Filter": "((info ~~* '%19%'::text) AND (info_type_id = 23))",
                                                                                                                                "Rows Removed by Filter": 481406,
                                                                                                                                "Workers": []
                                                                                                                            },
                                                                                                                            {
                                                                                                                                "Node Type": "Index Only Scan",
                                                                                                                                "Parent Relationship": "Inner",
                                                                                                                                "Parallel Aware": false,
                                                                                                                                "Async Capable": false,
                                                                                                                                "Scan Direction": "Forward",
                                                                                                                                "Index Name": "name_pkey",
                                                                                                                                "Relation Name": "name",
                                                                                                                                "Alias": "n",
                                                                                                                                "Startup Cost": 0.43,
                                                                                                                                "Total Cost": 2.02,
                                                                                                                                "Plan Rows": 1,
                                                                                                                                "Plan Width": 4,
                                                                                                                                "Actual Startup Time": 0.001,
                                                                                                                                "Actual Total Time": 0.001,
                                                                                                                                "Actual Rows": 1,
                                                                                                                                "Actual Loops": 75229,
                                                                                                                                "Index Cond": "(id = pi1.person_id)",
                                                                                                                                "Rows Removed by Index Recheck": 0,
                                                                                                                                "Heap Fetches": 0,
                                                                                                                                "Workers": []
                                                                                                                            }
                                                                                                                        ]
                                                                                                                    }
                                                                                                                ]
                                                                                                            }
                                                                                                        ]
                                                                                                    },
                                                                                                    {
                                                                                                        "Node Type": "Hash",
                                                                                                        "Parent Relationship": "Inner",
                                                                                                        "Parallel Aware": false,
                                                                                                        "Async Capable": false,
                                                                                                        "Startup Cost": 1.24,
                                                                                                        "Total Cost": 1.24,
                                                                                                        "Plan Rows": 8,
                                                                                                        "Plan Width": 4,
                                                                                                        "Actual Startup Time": 0.009,
                                                                                                        "Actual Total Time": 0.01,
                                                                                                        "Actual Rows": 8,
                                                                                                        "Actual Loops": 6,
                                                                                                        "Hash Buckets": 1024,
                                                                                                        "Original Hash Buckets": 1024,
                                                                                                        "Hash Batches": 1,
                                                                                                        "Original Hash Batches": 1,
                                                                                                        "Peak Memory Usage": 9,
                                                                                                        "Workers": [],
                                                                                                        "Plans": [
                                                                                                            {
                                                                                                                "Node Type": "Seq Scan",
                                                                                                                "Parent Relationship": "Outer",
                                                                                                                "Parallel Aware": false,
                                                                                                                "Async Capable": false,
                                                                                                                "Relation Name": "role_type",
                                                                                                                "Alias": "rt",
                                                                                                                "Startup Cost": 0.0,
                                                                                                                "Total Cost": 1.24,
                                                                                                                "Plan Rows": 8,
                                                                                                                "Plan Width": 4,
                                                                                                                "Actual Startup Time": 0.007,
                                                                                                                "Actual Total Time": 0.008,
                                                                                                                "Actual Rows": 8,
                                                                                                                "Actual Loops": 6,
                                                                                                                "Filter": "((role)::text = ANY ('{cinematographer,composer,\"costume designer\",director,editor,\"miscellaneous crew\",producer,writer}'::text[]))",
                                                                                                                "Rows Removed by Filter": 4,
                                                                                                                "Workers": []
                                                                                                            }
                                                                                                        ]
                                                                                                    }
                                                                                                ]
                                                                                            }
                                                                                        ]
                                                                                    }
                                                                                ]
                                                                            },
                                                                            {
                                                                                "Node Type": "Index Scan",
                                                                                "Parent Relationship": "Inner",
                                                                                "Parallel Aware": false,
                                                                                "Async Capable": false,
                                                                                "Scan Direction": "Forward",
                                                                                "Index Name": "title_pkey",
                                                                                "Relation Name": "title",
                                                                                "Alias": "t",
                                                                                "Startup Cost": 0.43,
                                                                                "Total Cost": 1.04,
                                                                                "Plan Rows": 1,
                                                                                "Plan Width": 8,
                                                                                "Actual Startup Time": 0.001,
                                                                                "Actual Total Time": 0.001,
                                                                                "Actual Rows": 1,
                                                                                "Actual Loops": 643471,
                                                                                "Index Cond": "(id = ci.movie_id)",
                                                                                "Rows Removed by Index Recheck": 0,
                                                                                "Workers": []
                                                                            }
                                                                        ]
                                                                    },
                                                                    {
                                                                        "Node Type": "Hash",
                                                                        "Parent Relationship": "Inner",
                                                                        "Parallel Aware": false,
                                                                        "Async Capable": false,
                                                                        "Startup Cost": 1.1,
                                                                        "Total Cost": 1.1,
                                                                        "Plan Rows": 4,
                                                                        "Plan Width": 4,
                                                                        "Actual Startup Time": 0.01,
                                                                        "Actual Total Time": 0.011,
                                                                        "Actual Rows": 4,
                                                                        "Actual Loops": 6,
                                                                        "Hash Buckets": 1024,
                                                                        "Original Hash Buckets": 1024,
                                                                        "Hash Batches": 1,
                                                                        "Original Hash Batches": 1,
                                                                        "Peak Memory Usage": 9,
                                                                        "Workers": [],
                                                                        "Plans": [
                                                                            {
                                                                                "Node Type": "Seq Scan",
                                                                                "Parent Relationship": "Outer",
                                                                                "Parallel Aware": false,
                                                                                "Async Capable": false,
                                                                                "Relation Name": "kind_type",
                                                                                "Alias": "kt",
                                                                                "Startup Cost": 0.0,
                                                                                "Total Cost": 1.1,
                                                                                "Plan Rows": 4,
                                                                                "Plan Width": 4,
                                                                                "Actual Startup Time": 0.008,
                                                                                "Actual Total Time": 0.009,
                                                                                "Actual Rows": 4,
                                                                                "Actual Loops": 6,
                                                                                "Filter": "((kind)::text = ANY ('{movie,\"tv mini series\",\"tv movie\",\"video game\"}'::text[]))",
                                                                                "Rows Removed by Filter": 3,
                                                                                "Workers": []
                                                                            }
                                                                        ]
                                                                    }
                                                                ]
                                                            }
                                                        ]
                                                    }
                                                ]
                                            },
                                            {
                                                "Node Type": "Materialize",
                                                "Parent Relationship": "Inner",
                                                "Parallel Aware": false,
                                                "Async Capable": false,
                                                "Startup Cost": 0.0,
                                                "Total Cost": 2.42,
                                                "Plan Rows": 1,
                                                "Plan Width": 4,
                                                "Actual Startup Time": 0.0,
                                                "Actual Total Time": 0.0,
                                                "Actual Rows": 1,
                                                "Actual Loops": 414709,
                                                "Plans": [
                                                    {
                                                        "Node Type": "Seq Scan",
                                                        "Parent Relationship": "Outer",
                                                        "Parallel Aware": false,
                                                        "Async Capable": false,
                                                        "Relation Name": "info_type",
                                                        "Alias": "it1",
                                                        "Startup Cost": 0.0,
                                                        "Total Cost": 2.41,
                                                        "Plan Rows": 1,
                                                        "Plan Width": 4,
                                                        "Actual Startup Time": 0.012,
                                                        "Actual Total Time": 0.014,
                                                        "Actual Rows": 1,
                                                        "Actual Loops": 1,
                                                        "Filter": "(id = 16)",
                                                        "Rows Removed by Filter": 112
                                                    }
                                                ]
                                            }
                                        ]
                                    },
                                    {
                                        "Node Type": "Materialize",
                                        "Parent Relationship": "Inner",
                                        "Parallel Aware": false,
                                        "Async Capable": false,
                                        "Startup Cost": 0.0,
                                        "Total Cost": 2.42,
                                        "Plan Rows": 1,
                                        "Plan Width": 4,
                                        "Actual Startup Time": 0.0,
                                        "Actual Total Time": 0.0,
                                        "Actual Rows": 1,
                                        "Actual Loops": 414709,
                                        "Plans": [
                                            {
                                                "Node Type": "Seq Scan",
                                                "Parent Relationship": "Outer",
                                                "Parallel Aware": false,
                                                "Async Capable": false,
                                                "Relation Name": "info_type",
                                                "Alias": "it2",
                                                "Startup Cost": 0.0,
                                                "Total Cost": 2.41,
                                                "Plan Rows": 1,
                                                "Plan Width": 4,
                                                "Actual Startup Time": 0.002,
                                                "Actual Total Time": 0.004,
                                                "Actual Rows": 1,
                                                "Actual Loops": 1,
                                                "Filter": "(id = 23)",
                                                "Rows Removed by Filter": 112
                                            }
                                        ]
                                    }
                                ]
                            }
                        ]
                    },
                    "Planning Time": 2.205,
                    "Triggers": [],
                    "Execution Time": 1384.154
                }
            ],
            "hints": [
                "SET enable_hashjoin TO on",
                "SET enable_indexonlyscan TO on",
                "SET enable_indexscan TO on",
                "SET enable_mergejoin TO on",
                "SET enable_nestloop TO on",
                "SET enable_seqscan TO on"
            ]
        },
        {
            "arm": 1,
            "execution_time": 1670.845,
            "plan": [
                {
                    "Plan": {
                        "Node Type": "Aggregate",
                        "Strategy": "Sorted",
                        "Partial Mode": "Simple",
                        "Parallel Aware": false,
                        "Async Capable": false,
                        "Startup Cost": 20000739506.0,
                        "Total Cost": 20000743762.52,
                        "Plan Rows": 26207,
                        "Plan Width": 147,
                        "Actual Startup Time": 1458.677,
                        "Actual Total Time": 1663.769,
                        "Actual Rows": 356475,
                        "Actual Loops": 1,
                        "Group Key": [
                            "mi1.info",
                            "pi1.info"
                        ],
                        "Plans": [
                            {
                                "Node Type": "Nested Loop",
                                "Parent Relationship": "Outer",
                                "Parallel Aware": false,
                                "Async Capable": false,
                                "Join Type": "Inner",
                                "Startup Cost": 20000739506.0,
                                "Total Cost": 20000743303.9,
                                "Plan Rows": 26207,
                                "Plan Width": 139,
                                "Actual Startup Time": 1458.664,
                                "Actual Total Time": 1624.305,
                                "Actual Rows": 414709,
                                "Actual Loops": 1,
                                "Inner Unique": false,
                                "Plans": [
                                    {
                                        "Node Type": "Nested Loop",
                                        "Parent Relationship": "Outer",
                                        "Parallel Aware": false,
                                        "Async Capable": false,
                                        "Join Type": "Inner",
                                        "Startup Cost": 10000739506.0,
                                        "Total Cost": 10000742973.89,
                                        "Plan Rows": 26207,
                                        "Plan Width": 143,
                                        "Actual Startup Time": 1458.661,
                                        "Actual Total Time": 1572.653,
                                        "Actual Rows": 414709,
                                        "Actual Loops": 1,
                                        "Inner Unique": false,
                                        "Plans": [
                                            {
                                                "Node Type": "Gather Merge",
                                                "Parent Relationship": "Outer",
                                                "Parallel Aware": false,
                                                "Async Capable": false,
                                                "Startup Cost": 739506.0,
                                                "Total Cost": 742643.89,
                                                "Plan Rows": 26207,
                                                "Plan Width": 147,
                                                "Actual Startup Time": 1458.645,
                                                "Actual Total Time": 1519.581,
                                                "Actual Rows": 414709,
                                                "Actual Loops": 1,
                                                "Workers Planned": 4,
                                                "Workers Launched": 4,
                                                "Plans": [
                                                    {
                                                        "Node Type": "Sort",
                                                        "Parent Relationship": "Outer",
                                                        "Parallel Aware": false,
                                                        "Async Capable": false,
                                                        "Startup Cost": 738505.95,
                                                        "Total Cost": 738522.33,
                                                        "Plan Rows": 6552,
                                                        "Plan Width": 147,
                                                        "Actual Startup Time": 1456.131,
                                                        "Actual Total Time": 1460.119,
                                                        "Actual Rows": 82942,
                                                        "Actual Loops": 5,
                                                        "Sort Key": [
                                                            "mi1.info COLLATE \"C\"",
                                                            "pi1.info COLLATE \"C\""
                                                        ],
                                                        "Sort Method": "quicksort",
                                                        "Sort Space Used": 8080,
                                                        "Sort Space Type": "Memory",
                                                        "Workers": [
                                                            {
                                                                "Worker Number": 0,
                                                                "Sort Method": "quicksort",
                                                                "Sort Space Used": 7761,
                                                                "Sort Space Type": "Memory"
                                                            },
                                                            {
                                                                "Worker Number": 1,
                                                                "Sort Method": "quicksort",
                                                                "Sort Space Used": 7706,
                                                                "Sort Space Type": "Memory"
                                                            },
                                                            {
                                                                "Worker Number": 2,
                                                                "Sort Method": "quicksort",
                                                                "Sort Space Used": 7778,
                                                                "Sort Space Type": "Memory"
                                                            },
                                                            {
                                                                "Worker Number": 3,
                                                                "Sort Method": "quicksort",
                                                                "Sort Space Used": 7717,
                                                                "Sort Space Type": "Memory"
                                                            }
                                                        ],
                                                        "Plans": [
                                                            {
                                                                "Node Type": "Hash Join",
                                                                "Parent Relationship": "Outer",
                                                                "Parallel Aware": false,
                                                                "Async Capable": false,
                                                                "Join Type": "Inner",
                                                                "Startup Cost": 693281.35,
                                                                "Total Cost": 738090.62,
                                                                "Plan Rows": 6552,
                                                                "Plan Width": 147,
                                                                "Actual Startup Time": 1393.832,
                                                                "Actual Total Time": 1432.311,
                                                                "Actual Rows": 82942,
                                                                "Actual Loops": 5,
                                                                "Inner Unique": true,
                                                                "Hash Cond": "(t.kind_id = kt.id)",
                                                                "Workers": [],
                                                                "Plans": [
                                                                    {
                                                                        "Node Type": "Hash Join",
                                                                        "Parent Relationship": "Outer",
                                                                        "Parallel Aware": true,
                                                                        "Async Capable": false,
                                                                        "Join Type": "Inner",
                                                                        "Startup Cost": 693280.2,
                                                                        "Total Cost": 738041.15,
                                                                        "Plan Rows": 11466,
                                                                        "Plan Width": 151,
                                                                        "Actual Startup Time": 1350.631,
                                                                        "Actual Total Time": 1426.029,
                                                                        "Actual Rows": 128694,
                                                                        "Actual Loops": 5,
                                                                        "Inner Unique": false,
                                                                        "Hash Cond": "(t.id = ci.movie_id)",
                                                                        "Workers": [],
                                                                        "Plans": [
                                                                            {
                                                                                "Node Type": "Seq Scan",
                                                                                "Parent Relationship": "Outer",
                                                                                "Parallel Aware": true,
                                                                                "Async Capable": false,
                                                                                "Relation Name": "title",
                                                                                "Alias": "t",
                                                                                "Startup Cost": 0.0,
                                                                                "Total Cost": 42329.38,
                                                                                "Plan Rows": 632138,
                                                                                "Plan Width": 8,
                                                                                "Actual Startup Time": 0.004,
                                                                                "Actual Total Time": 21.112,
                                                                                "Actual Rows": 505662,
                                                                                "Actual Loops": 5,
                                                                                "Workers": []
                                                                            },
                                                                            {
                                                                                "Node Type": "Hash",
                                                                                "Parent Relationship": "Inner",
                                                                                "Parallel Aware": true,
                                                                                "Async Capable": false,
                                                                                "Startup Cost": 692974.95,
                                                                                "Total Cost": 692974.95,
                                                                                "Plan Rows": 24420,
                                                                                "Plan Width": 155,
                                                                                "Actual Startup Time": 1350.518,
                                                                                "Actual Total Time": 1350.903,
                                                                                "Actual Rows": 128694,
                                                                                "Actual Loops": 5,
                                                                                "Hash Buckets": 1048576,
                                                                                "Original Hash Buckets": 131072,
                                                                                "Hash Batches": 1,
                                                                                "Original Hash Batches": 1,
                                                                                "Peak Memory Usage": 70208,
                                                                                "Workers": [],
                                                                                "Plans": [
                                                                                    {
                                                                                        "Node Type": "Hash Join",
                                                                                        "Parent Relationship": "Outer",
                                                                                        "Parallel Aware": true,
                                                                                        "Async Capable": false,
                                                                                        "Join Type": "Inner",
                                                                                        "Startup Cost": 486445.66,
                                                                                        "Total Cost": 692974.95,
                                                                                        "Plan Rows": 24420,
                                                                                        "Plan Width": 155,
                                                                                        "Actual Startup Time": 836.384,
                                                                                        "Actual Total Time": 1328.508,
                                                                                        "Actual Rows": 128694,
                                                                                        "Actual Loops": 5,
                                                                                        "Inner Unique": false,
                                                                                        "Hash Cond": "(mi1.movie_id = ci.movie_id)",
                                                                                        "Workers": [],
                                                                                        "Plans": [
                                                                                            {
                                                                                                "Node Type": "Seq Scan",
                                                                                                "Parent Relationship": "Outer",
                                                                                                "Parallel Aware": true,
                                                                                                "Async Capable": false,
                                                                                                "Relation Name": "movie_info",
                                                                                                "Alias": "mi1",
                                                                                                "Startup Cost": 0.0,
                                                                                                "Total Cost": 206090.53,
                                                                                                "Plan Rows": 106150,
                                                                                                "Plan Width": 50,
                                                                                                "Actual Startup Time": 0.014,
                                                                                                "Actual Total Time": 448.19,
                                                                                                "Actual Rows": 211530,
                                                                                                "Actual Loops": 5,
                                                                                                "Filter": "((info ~~* '%usa%'::text) AND (info_type_id = 16))",
                                                                                                "Rows Removed by Filter": 2755614,
                                                                                                "Workers": []
                                                                                            },
                                                                                            {
                                                                                                "Node Type": "Hash",
                                                                                                "Parent Relationship": "Inner",
                                                                                                "Parallel Aware": true,
                                                                                                "Async Capable": false,
                                                                                                "Startup Cost": 485990.47,
                                                                                                "Total Cost": 485990.47,
                                                                                                "Plan Rows": 36415,
                                                                                                "Plan Width": 105,
                                                                                                "Actual Startup Time": 836.263,
                                                                                                "Actual Total Time": 836.647,
                                                                                                "Actual Rows": 182113,
                                                                                                "Actual Loops": 5,
                                                                                                "Hash Buckets": 1048576,
                                                                                                "Original Hash Buckets": 262144,
                                                                                                "Hash Batches": 1,
                                                                                                "Original Hash Batches": 1,
                                                                                                "Peak Memory Usage": 65792,
                                                                                                "Workers": [],
                                                                                                "Plans": [
                                                                                                    {
                                                                                                        "Node Type": "Hash Join",
                                                                                                        "Parent Relationship": "Outer",
                                                                                                        "Parallel Aware": false,
                                                                                                        "Async Capable": false,
                                                                                                        "Join Type": "Inner",
                                                                                                        "Startup Cost": 149879.93,
                                                                                                        "Total Cost": 485990.47,
                                                                                                        "Plan Rows": 36415,
                                                                                                        "Plan Width": 105,
                                                                                                        "Actual Startup Time": 307.042,
                                                                                                        "Actual Total Time": 819.935,
                                                                                                        "Actual Rows": 182113,
                                                                                                        "Actual Loops": 5,
                                                                                                        "Inner Unique": true,
                                                                                                        "Hash Cond": "(ci.role_id = rt.id)",
                                                                                                        "Workers": [],
                                                                                                        "Plans": [
                                                                                                            {
                                                                                                                "Node Type": "Hash Join",
                                                                                                                "Parent Relationship": "Outer",
                                                                                                                "Parallel Aware": true,
                                                                                                                "Async Capable": false,
                                                                                                                "Join Type": "Inner",
                                                                                                                "Startup Cost": 149878.59,
                                                                                                                "Total Cost": 485795.1,
                                                                                                                "Plan Rows": 54622,
                                                                                                                "Plan Width": 109,
                                                                                                                "Actual Startup Time": 303.069,
                                                                                                                "Actual Total Time": 799.676,
                                                                                                                "Actual Rows": 544353,
                                                                                                                "Actual Loops": 5,
                                                                                                                "Inner Unique": false,
                                                                                                                "Hash Cond": "(ci.person_id = n.id)",
                                                                                                                "Workers": [],
                                                                                                                "Plans": [
                                                                                                                    {
                                                                                                                        "Node Type": "Seq Scan",
                                                                                                                        "Parent Relationship": "Outer",
                                                                                                                        "Parallel Aware": true,
                                                                                                                        "Async Capable": false,
                                                                                                                        "Relation Name": "cast_info",
                                                                                                                        "Alias": "ci",
                                                                                                                        "Startup Cost": 0.0,
                                                                                                                        "Total Cost": 313127.24,
                                                                                                                        "Plan Rows": 6040724,
                                                                                                                        "Plan Width": 12,
                                                                                                                        "Actual Startup Time": 0.026,
                                                                                                                        "Actual Total Time": 231.708,
                                                                                                                        "Actual Rows": 7248869,
                                                                                                                        "Actual Loops": 5,
                                                                                                                        "Workers": []
                                                                                                                    },
                                                                                                                    {
                                                                                                                        "Node Type": "Hash",
                                                                                                                        "Parent Relationship": "Inner",
                                                                                                                        "Parallel Aware": true,
                                                                                                                        "Async Capable": false,
                                                                                                                        "Startup Cost": 149760.83,
                                                                                                                        "Total Cost": 149760.83,
                                                                                                                        "Plan Rows": 9421,
                                                                                                                        "Plan Width": 109,
                                                                                                                        "Actual Startup Time": 303.001,
                                                                                                                        "Actual Total Time": 303.381,
                                                                                                                        "Actual Rows": 15046,
                                                                                                                        "Actual Loops": 5,
                                                                                                                        "Hash Buckets": 131072,
                                                                                                                        "Original Hash Buckets": 65536,
                                                                                                                        "Hash Batches": 1,
                                                                                                                        "Original Hash Batches": 1,
                                                                                                                        "Peak Memory Usage": 6208,
                                                                                                                        "Workers": [],
                                                                                                                        "Plans": [
                                                                                                                            {
                                                                                                                                "Node Type": "Hash Join",
                                                                                                                                "Parent Relationship": "Outer",
                                                                                                                                "Parallel Aware": true,
                                                                                                                                "Async Capable": false,
                                                                                                                                "Join Type": "Inner",
                                                                                                                                "Startup Cost": 83168.14,
                                                                                                                                "Total Cost": 149760.83,
                                                                                                                                "Plan Rows": 9421,
                                                                                                                                "Plan Width": 109,
                                                                                                                                "Actual Startup Time": 272.323,
                                                                                                                                "Actual Total Time": 299.443,
                                                                                                                                "Actual Rows": 15046,
                                                                                                                                "Actual Loops": 5,
                                                                                                                                "Inner Unique": true,
                                                                                                                                "Hash Cond": "(pi1.person_id = n.id)",
                                                                                                                                "Workers": [],
                                                                                                                                "Plans": [
                                                                                                                                    {
                                                                                                                                        "Node Type": "Seq Scan",
                                                                                                                                        "Parent Relationship": "Outer",
                                                                                                                                        "Parallel Aware": true,
                                                                                                                                        "Async Capable": false,
                                                                                                                                        "Relation Name": "person_info",
                                                                                                                                        "Alias": "pi1",
                                                                                                                                        "Startup Cost": 0.0,
                                                                                                                                        "Total Cost": 62183.96,
                                                                                                                                        "Plan Rows": 9421,
                                                                                                                                        "Plan Width": 105,
                                                                                                                                        "Actual Startup Time": 0.044,
                                                                                                                                        "Actual Total Time": 164.31,
                                                                                                                                        "Actual Rows": 15046,
                                                                                                                                        "Actual Loops": 5,
                                                                                                                                        "Filter": "((info ~~* '%19%'::text) AND (info_type_id = 23))",
                                                                                                                                        "Rows Removed by Filter": 577687,
                                                                                                                                        "Workers": []
                                                                                                                                    },
                                                                                                                                    {
                                                                                                                                        "Node Type": "Hash",
                                                                                                                                        "Parent Relationship": "Inner",
                                                                                                                                        "Parallel Aware": true,
                                                                                                                                        "Async Capable": false,
                                                                                                                                        "Startup Cost": 66074.73,
                                                                                                                                        "Total Cost": 66074.73,
                                                                                                                                        "Plan Rows": 1041873,
                                                                                                                                        "Plan Width": 4,
                                                                                                                                        "Actual Startup Time": 89.335,
                                                                                                                                        "Actual Total Time": 89.336,
                                                                                                                                        "Actual Rows": 833498,
                                                                                                                                        "Actual Loops": 5,
                                                                                                                                        "Hash Buckets": 524288,
                                                                                                                                        "Original Hash Buckets": 524288,
                                                                                                                                        "Hash Batches": 16,
                                                                                                                                        "Original Hash Batches": 16,
                                                                                                                                        "Peak Memory Usage": 14368,
                                                                                                                                        "Workers": [],
                                                                                                                                        "Plans": [
                                                                                                                                            {
                                                                                                                                                "Node Type": "Seq Scan",
                                                                                                                                                "Parent Relationship": "Outer",
                                                                                                                                                "Parallel Aware": true,
                                                                                                                                                "Async Capable": false,
                                                                                                                                                "Relation Name": "name",
                                                                                                                                                "Alias": "n",
                                                                                                                                                "Startup Cost": 0.0,
                                                                                                                                                "Total Cost": 66074.73,
                                                                                                                                                "Plan Rows": 1041873,
                                                                                                                                                "Plan Width": 4,
                                                                                                                                                "Actual Startup Time": 0.006,
                                                                                                                                                "Actual Total Time": 47.42,
                                                                                                                                                "Actual Rows": 833498,
                                                                                                                                                "Actual Loops": 5,
                                                                                                                                                "Workers": []
                                                                                                                                            }
                                                                                                                                        ]
                                                                                                                                    }
                                                                                                                                ]
                                                                                                                            }
                                                                                                                        ]
                                                                                                                    }
                                                                                                                ]
                                                                                                            },
                                                                                                            {
                                                                                                                "Node Type": "Hash",
                                                                                                                "Parent Relationship": "Inner",
                                                                                                                "Parallel Aware": false,
                                                                                                                "Async Capable": false,
                                                                                                                "Startup Cost": 1.24,
                                                                                                                "Total Cost": 1.24,
                                                                                                                "Plan Rows": 8,
                                                                                                                "Plan Width": 4,
                                                                                                                "Actual Startup Time": 0.01,
                                                                                                                "Actual Total Time": 0.01,
                                                                                                                "Actual Rows": 8,
                                                                                                                "Actual Loops": 5,
                                                                                                                "Hash Buckets": 1024,
                                                                                                                "Original Hash Buckets": 1024,
                                                                                                                "Hash Batches": 1,
                                                                                                                "Original Hash Batches": 1,
                                                                                                                "Peak Memory Usage": 9,
                                                                                                                "Workers": [],
                                                                                                                "Plans": [
                                                                                                                    {
                                                                                                                        "Node Type": "Seq Scan",
                                                                                                                        "Parent Relationship": "Outer",
                                                                                                                        "Parallel Aware": false,
                                                                                                                        "Async Capable": false,
                                                                                                                        "Relation Name": "role_type",
                                                                                                                        "Alias": "rt",
                                                                                                                        "Startup Cost": 0.0,
                                                                                                                        "Total Cost": 1.24,
                                                                                                                        "Plan Rows": 8,
                                                                                                                        "Plan Width": 4,
                                                                                                                        "Actual Startup Time": 0.007,
                                                                                                                        "Actual Total Time": 0.008,
                                                                                                                        "Actual Rows": 8,
                                                                                                                        "Actual Loops": 5,
                                                                                                                        "Filter": "((role)::text = ANY ('{cinematographer,composer,\"costume designer\",director,editor,\"miscellaneous crew\",producer,writer}'::text[]))",
                                                                                                                        "Rows Removed by Filter": 4,
                                                                                                                        "Workers": []
                                                                                                                    }
                                                                                                                ]
                                                                                                            }
                                                                                                        ]
                                                                                                    }
                                                                                                ]
                                                                                            }
                                                                                        ]
                                                                                    }
                                                                                ]
                                                                            }
                                                                        ]
                                                                    },
                                                                    {
                                                                        "Node Type": "Hash",
                                                                        "Parent Relationship": "Inner",
                                                                        "Parallel Aware": false,
                                                                        "Async Capable": false,
                                                                        "Startup Cost": 1.1,
                                                                        "Total Cost": 1.1,
                                                                        "Plan Rows": 4,
                                                                        "Plan Width": 4,
                                                                        "Actual Startup Time": 0.011,
                                                                        "Actual Total Time": 0.011,
                                                                        "Actual Rows": 4,
                                                                        "Actual Loops": 5,
                                                                        "Hash Buckets": 1024,
                                                                        "Original Hash Buckets": 1024,
                                                                        "Hash Batches": 1,
                                                                        "Original Hash Batches": 1,
                                                                        "Peak Memory Usage": 9,
                                                                        "Workers": [],
                                                                        "Plans": [
                                                                            {
                                                                                "Node Type": "Seq Scan",
                                                                                "Parent Relationship": "Outer",
                                                                                "Parallel Aware": false,
                                                                                "Async Capable": false,
                                                                                "Relation Name": "kind_type",
                                                                                "Alias": "kt",
                                                                                "Startup Cost": 0.0,
                                                                                "Total Cost": 1.1,
                                                                                "Plan Rows": 4,
                                                                                "Plan Width": 4,
                                                                                "Actual Startup Time": 0.008,
                                                                                "Actual Total Time": 0.009,
                                                                                "Actual Rows": 4,
                                                                                "Actual Loops": 5,
                                                                                "Filter": "((kind)::text = ANY ('{movie,\"tv mini series\",\"tv movie\",\"video game\"}'::text[]))",
                                                                                "Rows Removed by Filter": 3,
                                                                                "Workers": []
                                                                            }
                                                                        ]
                                                                    }
                                                                ]
                                                            }
                                                        ]
                                                    }
                                                ]
                                            },
                                            {
                                                "Node Type": "Materialize",
                                                "Parent Relationship": "Inner",
                                                "Parallel Aware": false,
                                                "Async Capable": false,
                                                "Startup Cost": 0.0,
                                                "Total Cost": 2.42,
                                                "Plan Rows": 1,
                                                "Plan Width": 4,
                                                "Actual Startup Time": 0.0,
                                                "Actual Total Time": 0.0,
                                                "Actual Rows": 1,
                                                "Actual Loops": 414709,
                                                "Plans": [
                                                    {
                                                        "Node Type": "Seq Scan",
                                                        "Parent Relationship": "Outer",
                                                        "Parallel Aware": false,
                                                        "Async Capable": false,
                                                        "Relation Name": "info_type",
                                                        "Alias": "it1",
                                                        "Startup Cost": 0.0,
                                                        "Total Cost": 2.41,
                                                        "Plan Rows": 1,
                                                        "Plan Width": 4,
                                                        "Actual Startup Time": 0.011,
                                                        "Actual Total Time": 0.013,
                                                        "Actual Rows": 1,
                                                        "Actual Loops": 1,
                                                        "Filter": "(id = 16)",
                                                        "Rows Removed by Filter": 112
                                                    }
                                                ]
                                            }
                                        ]
                                    },
                                    {
                                        "Node Type": "Materialize",
                                        "Parent Relationship": "Inner",
                                        "Parallel Aware": false,
                                        "Async Capable": false,
                                        "Startup Cost": 0.0,
                                        "Total Cost": 2.42,
                                        "Plan Rows": 1,
                                        "Plan Width": 4,
                                        "Actual Startup Time": 0.0,
                                        "Actual Total Time": 0.0,
                                        "Actual Rows": 1,
                                        "Actual Loops": 414709,
                                        "Plans": [
                                            {
                                                "Node Type": "Seq Scan",
                                                "Parent Relationship": "Outer",
                                                "Parallel Aware": false,
                                                "Async Capable": false,
                                                "Relation Name": "info_type",
                                                "Alias": "it2",
                                                "Startup Cost": 0.0,
                                                "Total Cost": 2.41,
                                                "Plan Rows": 1,
                                                "Plan Width": 4,
                                                "Actual Startup Time": 0.002,
                                                "Actual Total Time": 0.003,
                                                "Actual Rows": 1,
                                                "Actual Loops": 1,
                                                "Filter": "(id = 23)",
                                                "Rows Removed by Filter": 112
                                            }
                                        ]
                                    }
                                ]
                            }
                        ]
                    },
                    "Planning Time": 2.604,
                    "Triggers": [],
                    "Execution Time": 1670.845
                }
            ],
            "hints": [
                "SET enable_hashjoin TO on",
                "SET enable_indexonlyscan TO on",
                "SET enable_indexscan TO on",
                "SET enable_mergejoin TO on",
                "SET enable_nestloop TO off",
                "SET enable_seqscan TO on"
            ]
        },
        {
            "arm": 2,
            "execution_time": 1669.096,
            "plan": [
                {
                    "Plan": {
                        "Node Type": "Aggregate",
                        "Strategy": "Sorted",
                        "Partial Mode": "Simple",
                        "Parallel Aware": false,
                        "Async Capable": false,
                        "Startup Cost": 739506.0,
                        "Total Cost": 743762.52,
                        "Plan Rows": 26207,
                        "Plan Width": 147,
                        "Actual Startup Time": 1455.014,
                        "Actual Total Time": 1662.227,
                        "Actual Rows": 356475,
                        "Actual Loops": 1,
                        "Group Key": [
                            "mi1.info",
                            "pi1.info"
                        ],
                        "Plans": [
                            {
                                "Node Type": "Nested Loop",
                                "Parent Relationship": "Outer",
                                "Parallel Aware": false,
                                "Async Capable": false,
                                "Join Type": "Inner",
                                "Startup Cost": 739506.0,
                                "Total Cost": 743303.9,
                                "Plan Rows": 26207,
                                "Plan Width": 139,
                                "Actual Startup Time": 1455.002,
                                "Actual Total Time": 1622.692,
                                "Actual Rows": 414709,
                                "Actual Loops": 1,
                                "Inner Unique": false,
                                "Plans": [
                                    {
                                        "Node Type": "Nested Loop",
                                        "Parent Relationship": "Outer",
                                        "Parallel Aware": false,
                                        "Async Capable": false,
                                        "Join Type": "Inner",
                                        "Startup Cost": 739506.0,
                                        "Total Cost": 742973.89,
                                        "Plan Rows": 26207,
                                        "Plan Width": 143,
                                        "Actual Startup Time": 1454.999,
                                        "Actual Total Time": 1571.101,
                                        "Actual Rows": 414709,
                                        "Actual Loops": 1,
                                        "Inner Unique": false,
                                        "Plans": [
                                            {
                                                "Node Type": "Gather Merge",
                                                "Parent Relationship": "Outer",
                                                "Parallel Aware": false,
                                                "Async Capable": false,
                                                "Startup Cost": 739506.0,
                                                "Total Cost": 742643.89,
                                                "Plan Rows": 26207,
                                                "Plan Width": 147,
                                                "Actual Startup Time": 1454.984,
                                                "Actual Total Time": 1517.944,
                                                "Actual Rows": 414709,
                                                "Actual Loops": 1,
                                                "Workers Planned": 4,
                                                "Workers Launched": 4,
                                                "Plans": [
                                                    {
                                                        "Node Type": "Sort",
                                                        "Parent Relationship": "Outer",
                                                        "Parallel Aware": false,
                                                        "Async Capable": false,
                                                        "Startup Cost": 738505.95,
                                                        "Total Cost": 738522.33,
                                                        "Plan Rows": 6552,
                                                        "Plan Width": 147,
                                                        "Actual Startup Time": 1452.398,
                                                        "Actual Total Time": 1457.351,
                                                        "Actual Rows": 82942,
                                                        "Actual Loops": 5,
                                                        "Sort Key": [
                                                            "mi1.info COLLATE \"C\"",
                                                            "pi1.info COLLATE \"C\""
                                                        ],
                                                        "Sort Method": "quicksort",
                                                        "Sort Space Used": 8142,
                                                        "Sort Space Type": "Memory",
                                                        "Workers": [
                                                            {
                                                                "Worker Number": 0,
                                                                "Sort Method": "quicksort",
                                                                "Sort Space Used": 7743,
                                                                "Sort Space Type": "Memory"
                                                            },
                                                            {
                                                                "Worker Number": 1,
                                                                "Sort Method": "quicksort",
                                                                "Sort Space Used": 7687,
                                                                "Sort Space Type": "Memory"
                                                            },
                                                            {
                                                                "Worker Number": 2,
                                                                "Sort Method": "quicksort",
                                                                "Sort Space Used": 7714,
                                                                "Sort Space Type": "Memory"
                                                            },
                                                            {
                                                                "Worker Number": 3,
                                                                "Sort Method": "quicksort",
                                                                "Sort Space Used": 7755,
                                                                "Sort Space Type": "Memory"
                                                            }
                                                        ],
                                                        "Plans": [
                                                            {
                                                                "Node Type": "Hash Join",
                                                                "Parent Relationship": "Outer",
                                                                "Parallel Aware": false,
                                                                "Async Capable": false,
                                                                "Join Type": "Inner",
                                                                "Startup Cost": 693281.35,
                                                                "Total Cost": 738090.62,
                                                                "Plan Rows": 6552,
                                                                "Plan Width": 147,
                                                                "Actual Startup Time": 1390.226,
                                                                "Actual Total Time": 1428.193,
                                                                "Actual Rows": 82942,
                                                                "Actual Loops": 5,
                                                                "Inner Unique": true,
                                                                "Hash Cond": "(t.kind_id = kt.id)",
                                                                "Workers": [],
                                                                "Plans": [
                                                                    {
                                                                        "Node Type": "Hash Join",
                                                                        "Parent Relationship": "Outer",
                                                                        "Parallel Aware": true,
                                                                        "Async Capable": false,
                                                                        "Join Type": "Inner",
                                                                        "Startup Cost": 693280.2,
                                                                        "Total Cost": 738041.15,
                                                                        "Plan Rows": 11466,
                                                                        "Plan Width": 151,
                                                                        "Actual Startup Time": 1348.434,
                                                                        "Actual Total Time": 1421.869,
                                                                        "Actual Rows": 128694,
                                                                        "Actual Loops": 5,
                                                                        "Inner Unique": false,
                                                                        "Hash Cond": "(t.id = ci.movie_id)",
                                                                        "Workers": [],
                                                                        "Plans": [
                                                                            {
                                                                                "Node Type": "Seq Scan",
                                                                                "Parent Relationship": "Outer",
                                                                                "Parallel Aware": true,
                                                                                "Async Capable": false,
                                                                                "Relation Name": "title",
                                                                                "Alias": "t",
                                                                                "Startup Cost": 0.0,
                                                                                "Total Cost": 42329.38,
                                                                                "Plan Rows": 632138,
                                                                                "Plan Width": 8,
                                                                                "Actual Startup Time": 0.004,
                                                                                "Actual Total Time": 20.743,
                                                                                "Actual Rows": 505662,
                                                                                "Actual Loops": 5,
                                                                                "Workers": []
                                                                            },
                                                                            {
                                                                                "Node Type": "Hash",
                                                                                "Parent Relationship": "Inner",
                                                                                "Parallel Aware": true,
                                                                                "Async Capable": false,
                                                                                "Startup Cost": 692974.95,
                                                                                "Total Cost": 692974.95,
                                                                                "Plan Rows": 24420,
                                                                                "Plan Width": 155,
                                                                                "Actual Startup Time": 1348.339,
                                                                                "Actual Total Time": 1348.502,
                                                                                "Actual Rows": 128694,
                                                                                "Actual Loops": 5,
                                                                                "Hash Buckets": 1048576,
                                                                                "Original Hash Buckets": 131072,
                                                                                "Hash Batches": 1,
                                                                                "Original Hash Batches": 1,
                                                                                "Peak Memory Usage": 70176,
                                                                                "Workers": [],
                                                                                "Plans": [
                                                                                    {
                                                                                        "Node Type": "Hash Join",
                                                                                        "Parent Relationship": "Outer",
                                                                                        "Parallel Aware": true,
                                                                                        "Async Capable": false,
                                                                                        "Join Type": "Inner",
                                                                                        "Startup Cost": 486445.66,
                                                                                        "Total Cost": 692974.95,
                                                                                        "Plan Rows": 24420,
                                                                                        "Plan Width": 155,
                                                                                        "Actual Startup Time": 835.519,
                                                                                        "Actual Total Time": 1326.775,
                                                                                        "Actual Rows": 128694,
                                                                                        "Actual Loops": 5,
                                                                                        "Inner Unique": false,
                                                                                        "Hash Cond": "(mi1.movie_id = ci.movie_id)",
                                                                                        "Workers": [],
                                                                                        "Plans": [
                                                                                            {
                                                                                                "Node Type": "Seq Scan",
                                                                                                "Parent Relationship": "Outer",
                                                                                                "Parallel Aware": true,
                                                                                                "Async Capable": false,
                                                                                                "Relation Name": "movie_info",
                                                                                                "Alias": "mi1",
                                                                                                "Startup Cost": 0.0,
                                                                                                "Total Cost": 206090.53,
                                                                                                "Plan Rows": 106150,
                                                                                                "Plan Width": 50,
                                                                                                "Actual Startup Time": 0.015,
                                                                                                "Actual Total Time": 447.664,
                                                                                                "Actual Rows": 211530,
                                                                                                "Actual Loops": 5,
                                                                                                "Filter": "((info ~~* '%usa%'::text) AND (info_type_id = 16))",
                                                                                                "Rows Removed by Filter": 2755614,
                                                                                                "Workers": []
                                                                                            },
                                                                                            {
                                                                                                "Node Type": "Hash",
                                                                                                "Parent Relationship": "Inner",
                                                                                                "Parallel Aware": true,
                                                                                                "Async Capable": false,
                                                                                                "Startup Cost": 485990.47,
                                                                                                "Total Cost": 485990.47,
                                                                                                "Plan Rows": 36415,
                                                                                                "Plan Width": 105,
                                                                                                "Actual Startup Time": 835.407,
                                                                                                "Actual Total Time": 835.568,
                                                                                                "Actual Rows": 182113,
                                                                                                "Actual Loops": 5,
                                                                                                "Hash Buckets": 1048576,
                                                                                                "Original Hash Buckets": 262144,
                                                                                                "Hash Batches": 1,
                                                                                                "Original Hash Batches": 1,
                                                                                                "Peak Memory Usage": 65792,
                                                                                                "Workers": [],
                                                                                                "Plans": [
                                                                                                    {
                                                                                                        "Node Type": "Hash Join",
                                                                                                        "Parent Relationship": "Outer",
                                                                                                        "Parallel Aware": false,
                                                                                                        "Async Capable": false,
                                                                                                        "Join Type": "Inner",
                                                                                                        "Startup Cost": 149879.93,
                                                                                                        "Total Cost": 485990.47,
                                                                                                        "Plan Rows": 36415,
                                                                                                        "Plan Width": 105,
                                                                                                        "Actual Startup Time": 308.032,
                                                                                                        "Actual Total Time": 819.868,
                                                                                                        "Actual Rows": 182113,
                                                                                                        "Actual Loops": 5,
                                                                                                        "Inner Unique": true,
                                                                                                        "Hash Cond": "(ci.role_id = rt.id)",
                                                                                                        "Workers": [],
                                                                                                        "Plans": [
                                                                                                            {
                                                                                                                "Node Type": "Hash Join",
                                                                                                                "Parent Relationship": "Outer",
                                                                                                                "Parallel Aware": true,
                                                                                                                "Async Capable": false,
                                                                                                                "Join Type": "Inner",
                                                                                                                "Startup Cost": 149878.59,
                                                                                                                "Total Cost": 485795.1,
                                                                                                                "Plan Rows": 54622,
                                                                                                                "Plan Width": 109,
                                                                                                                "Actual Startup Time": 304.683,
                                                                                                                "Actual Total Time": 799.687,
                                                                                                                "Actual Rows": 544353,
                                                                                                                "Actual Loops": 5,
                                                                                                                "Inner Unique": false,
                                                                                                                "Hash Cond": "(ci.person_id = n.id)",
                                                                                                                "Workers": [],
                                                                                                                "Plans": [
                                                                                                                    {
                                                                                                                        "Node Type": "Seq Scan",
                                                                                                                        "Parent Relationship": "Outer",
                                                                                                                        "Parallel Aware": true,
                                                                                                                        "Async Capable": false,
                                                                                                                        "Relation Name": "cast_info",
                                                                                                                        "Alias": "ci",
                                                                                                                        "Startup Cost": 0.0,
                                                                                                                        "Total Cost": 313127.24,
                                                                                                                        "Plan Rows": 6040724,
                                                                                                                        "Plan Width": 12,
                                                                                                                        "Actual Startup Time": 0.025,
                                                                                                                        "Actual Total Time": 231.606,
                                                                                                                        "Actual Rows": 7248869,
                                                                                                                        "Actual Loops": 5,
                                                                                                                        "Workers": []
                                                                                                                    },
                                                                                                                    {
                                                                                                                        "Node Type": "Hash",
                                                                                                                        "Parent Relationship": "Inner",
                                                                                                                        "Parallel Aware": true,
                                                                                                                        "Async Capable": false,
                                                                                                                        "Startup Cost": 149760.83,
                                                                                                                        "Total Cost": 149760.83,
                                                                                                                        "Plan Rows": 9421,
                                                                                                                        "Plan Width": 109,
                                                                                                                        "Actual Startup Time": 304.616,
                                                                                                                        "Actual Total Time": 304.774,
                                                                                                                        "Actual Rows": 15046,
                                                                                                                        "Actual Loops": 5,
                                                                                                                        "Hash Buckets": 131072,
                                                                                                                        "Original Hash Buckets": 65536,
                                                                                                                        "Hash Batches": 1,
                                                                                                                        "Original Hash Batches": 1,
                                                                                                                        "Peak Memory Usage": 6240,
                                                                                                                        "Workers": [],
                                                                                                                        "Plans": [
                                                                                                                            {
                                                                                                                                "Node Type": "Hash Join",
                                                                                                                                "Parent Relationship": "Outer",
                                                                                                                                "Parallel Aware": true,
                                                                                                                                "Async Capable": false,
                                                                                                                                "Join Type": "Inner",
                                                                                                                                "Startup Cost": 83168.14,
                                                                                                                                "Total Cost": 149760.83,
                                                                                                                                "Plan Rows": 9421,
                                                                                                                                "Plan Width": 109,
                                                                                                                                "Actual Startup Time": 273.793,
                                                                                                                                "Actual Total Time": 301.215,
                                                                                                                                "Actual Rows": 15046,
                                                                                                                                "Actual Loops": 5,
                                                                                                                                "Inner Unique": true,
                                                                                                                                "Hash Cond": "(pi1.person_id = n.id)",
                                                                                                                                "Workers": [],
                                                                                                                                "Plans": [
                                                                                                                                    {
                                                                                                                                        "Node Type": "Seq Scan",
                                                                                                                                        "Parent Relationship": "Outer",
                                                                                                                                        "Parallel Aware": true,
                                                                                                                                        "Async Capable": false,
                                                                                                                                        "Relation Name": "person_info",
                                                                                                                                        "Alias": "pi1",
                                                                                                                                        "Startup Cost": 0.0,
                                                                                                                                        "Total Cost": 62183.96,
                                                                                                                                        "Plan Rows": 9421,
                                                                                                                                        "Plan Width": 105,
                                                                                                                                        "Actual Startup Time": 0.034,
                                                                                                                                        "Actual Total Time": 164.046,
                                                                                                                                        "Actual Rows": 15046,
                                                                                                                                        "Actual Loops": 5,
                                                                                                                                        "Filter": "((info ~~* '%19%'::text) AND (info_type_id = 23))",
                                                                                                                                        "Rows Removed by Filter": 577687,
                                                                                                                                        "Workers": []
                                                                                                                                    },
                                                                                                                                    {
                                                                                                                                        "Node Type": "Hash",
                                                                                                                                        "Parent Relationship": "Inner",
                                                                                                                                        "Parallel Aware": true,
                                                                                                                                        "Async Capable": false,
                                                                                                                                        "Startup Cost": 66074.73,
                                                                                                                                        "Total Cost": 66074.73,
                                                                                                                                        "Plan Rows": 1041873,
                                                                                                                                        "Plan Width": 4,
                                                                                                                                        "Actual Startup Time": 91.239,
                                                                                                                                        "Actual Total Time": 91.24,
                                                                                                                                        "Actual Rows": 833498,
                                                                                                                                        "Actual Loops": 5,
                                                                                                                                        "Hash Buckets": 524288,
                                                                                                                                        "Original Hash Buckets": 524288,
                                                                                                                                        "Hash Batches": 16,
                                                                                                                                        "Original Hash Batches": 16,
                                                                                                                                        "Peak Memory Usage": 14336,
                                                                                                                                        "Workers": [],
                                                                                                                                        "Plans": [
                                                                                                                                            {
                                                                                                                                                "Node Type": "Seq Scan",
                                                                                                                                                "Parent Relationship": "Outer",
                                                                                                                                                "Parallel Aware": true,
                                                                                                                                                "Async Capable": false,
                                                                                                                                                "Relation Name": "name",
                                                                                                                                                "Alias": "n",
                                                                                                                                                "Startup Cost": 0.0,
                                                                                                                                                "Total Cost": 66074.73,
                                                                                                                                                "Plan Rows": 1041873,
                                                                                                                                                "Plan Width": 4,
                                                                                                                                                "Actual Startup Time": 0.006,
                                                                                                                                                "Actual Total Time": 47.723,
                                                                                                                                                "Actual Rows": 833498,
                                                                                                                                                "Actual Loops": 5,
                                                                                                                                                "Workers": []
                                                                                                                                            }
                                                                                                                                        ]
                                                                                                                                    }
                                                                                                                                ]
                                                                                                                            }
                                                                                                                        ]
                                                                                                                    }
                                                                                                                ]
                                                                                                            },
                                                                                                            {
                                                                                                                "Node Type": "Hash",
                                                                                                                "Parent Relationship": "Inner",
                                                                                                                "Parallel Aware": false,
                                                                                                                "Async Capable": false,
                                                                                                                "Startup Cost": 1.24,
                                                                                                                "Total Cost": 1.24,
                                                                                                                "Plan Rows": 8,
                                                                                                                "Plan Width": 4,
                                                                                                                "Actual Startup Time": 0.014,
                                                                                                                "Actual Total Time": 0.014,
                                                                                                                "Actual Rows": 8,
                                                                                                                "Actual Loops": 5,
                                                                                                                "Hash Buckets": 1024,
                                                                                                                "Original Hash Buckets": 1024,
                                                                                                                "Hash Batches": 1,
                                                                                                                "Original Hash Batches": 1,
                                                                                                                "Peak Memory Usage": 9,
                                                                                                                "Workers": [],
                                                                                                                "Plans": [
                                                                                                                    {
                                                                                                                        "Node Type": "Seq Scan",
                                                                                                                        "Parent Relationship": "Outer",
                                                                                                                        "Parallel Aware": false,
                                                                                                                        "Async Capable": false,
                                                                                                                        "Relation Name": "role_type",
                                                                                                                        "Alias": "rt",
                                                                                                                        "Startup Cost": 0.0,
                                                                                                                        "Total Cost": 1.24,
                                                                                                                        "Plan Rows": 8,
                                                                                                                        "Plan Width": 4,
                                                                                                                        "Actual Startup Time": 0.011,
                                                                                                                        "Actual Total Time": 0.012,
                                                                                                                        "Actual Rows": 8,
                                                                                                                        "Actual Loops": 5,
                                                                                                                        "Filter": "((role)::text = ANY ('{cinematographer,composer,\"costume designer\",director,editor,\"miscellaneous crew\",producer,writer}'::text[]))",
                                                                                                                        "Rows Removed by Filter": 4,
                                                                                                                        "Workers": []
                                                                                                                    }
                                                                                                                ]
                                                                                                            }
                                                                                                        ]
                                                                                                    }
                                                                                                ]
                                                                                            }
                                                                                        ]
                                                                                    }
                                                                                ]
                                                                            }
                                                                        ]
                                                                    },
                                                                    {
                                                                        "Node Type": "Hash",
                                                                        "Parent Relationship": "Inner",
                                                                        "Parallel Aware": false,
                                                                        "Async Capable": false,
                                                                        "Startup Cost": 1.1,
                                                                        "Total Cost": 1.1,
                                                                        "Plan Rows": 4,
                                                                        "Plan Width": 4,
                                                                        "Actual Startup Time": 0.013,
                                                                        "Actual Total Time": 0.014,
                                                                        "Actual Rows": 4,
                                                                        "Actual Loops": 5,
                                                                        "Hash Buckets": 1024,
                                                                        "Original Hash Buckets": 1024,
                                                                        "Hash Batches": 1,
                                                                        "Original Hash Batches": 1,
                                                                        "Peak Memory Usage": 9,
                                                                        "Workers": [],
                                                                        "Plans": [
                                                                            {
                                                                                "Node Type": "Seq Scan",
                                                                                "Parent Relationship": "Outer",
                                                                                "Parallel Aware": false,
                                                                                "Async Capable": false,
                                                                                "Relation Name": "kind_type",
                                                                                "Alias": "kt",
                                                                                "Startup Cost": 0.0,
                                                                                "Total Cost": 1.1,
                                                                                "Plan Rows": 4,
                                                                                "Plan Width": 4,
                                                                                "Actual Startup Time": 0.011,
                                                                                "Actual Total Time": 0.012,
                                                                                "Actual Rows": 4,
                                                                                "Actual Loops": 5,
                                                                                "Filter": "((kind)::text = ANY ('{movie,\"tv mini series\",\"tv movie\",\"video game\"}'::text[]))",
                                                                                "Rows Removed by Filter": 3,
                                                                                "Workers": []
                                                                            }
                                                                        ]
                                                                    }
                                                                ]
                                                            }
                                                        ]
                                                    }
                                                ]
                                            },
                                            {
                                                "Node Type": "Materialize",
                                                "Parent Relationship": "Inner",
                                                "Parallel Aware": false,
                                                "Async Capable": false,
                                                "Startup Cost": 0.0,
                                                "Total Cost": 2.42,
                                                "Plan Rows": 1,
                                                "Plan Width": 4,
                                                "Actual Startup Time": 0.0,
                                                "Actual Total Time": 0.0,
                                                "Actual Rows": 1,
                                                "Actual Loops": 414709,
                                                "Plans": [
                                                    {
                                                        "Node Type": "Seq Scan",
                                                        "Parent Relationship": "Outer",
                                                        "Parallel Aware": false,
                                                        "Async Capable": false,
                                                        "Relation Name": "info_type",
                                                        "Alias": "it1",
                                                        "Startup Cost": 0.0,
                                                        "Total Cost": 2.41,
                                                        "Plan Rows": 1,
                                                        "Plan Width": 4,
                                                        "Actual Startup Time": 0.011,
                                                        "Actual Total Time": 0.013,
                                                        "Actual Rows": 1,
                                                        "Actual Loops": 1,
                                                        "Filter": "(id = 16)",
                                                        "Rows Removed by Filter": 112
                                                    }
                                                ]
                                            }
                                        ]
                                    },
                                    {
                                        "Node Type": "Materialize",
                                        "Parent Relationship": "Inner",
                                        "Parallel Aware": false,
                                        "Async Capable": false,
                                        "Startup Cost": 0.0,
                                        "Total Cost": 2.42,
                                        "Plan Rows": 1,
                                        "Plan Width": 4,
                                        "Actual Startup Time": 0.0,
                                        "Actual Total Time": 0.0,
                                        "Actual Rows": 1,
                                        "Actual Loops": 414709,
                                        "Plans": [
                                            {
                                                "Node Type": "Seq Scan",
                                                "Parent Relationship": "Outer",
                                                "Parallel Aware": false,
                                                "Async Capable": false,
                                                "Relation Name": "info_type",
                                                "Alias": "it2",
                                                "Startup Cost": 0.0,
                                                "Total Cost": 2.41,
                                                "Plan Rows": 1,
                                                "Plan Width": 4,
                                                "Actual Startup Time": 0.002,
                                                "Actual Total Time": 0.003,
                                                "Actual Rows": 1,
                                                "Actual Loops": 1,
                                                "Filter": "(id = 23)",
                                                "Rows Removed by Filter": 112
                                            }
                                        ]
                                    }
                                ]
                            }
                        ]
                    },
                    "Planning Time": 1.436,
                    "Triggers": [],
                    "Execution Time": 1669.096
                }
            ],
            "hints": [
                "SET enable_hashjoin TO on",
                "SET enable_indexonlyscan TO on",
                "SET enable_indexscan TO off",
                "SET enable_mergejoin TO off",
                "SET enable_nestloop TO on",
                "SET enable_seqscan TO on"
            ]
        },
        {
            "arm": 3,
            "execution_time": 1665.996,
            "plan": [
                {
                    "Plan": {
                        "Node Type": "Aggregate",
                        "Strategy": "Sorted",
                        "Partial Mode": "Simple",
                        "Parallel Aware": false,
                        "Async Capable": false,
                        "Startup Cost": 20000739506.0,
                        "Total Cost": 20000743762.52,
                        "Plan Rows": 26207,
                        "Plan Width": 147,
                        "Actual Startup Time": 1453.338,
                        "Actual Total Time": 1659.139,
                        "Actual Rows": 356475,
                        "Actual Loops": 1,
                        "Group Key": [
                            "mi1.info",
                            "pi1.info"
                        ],
                        "Plans": [
                            {
                                "Node Type": "Nested Loop",
                                "Parent Relationship": "Outer",
                                "Parallel Aware": false,
                                "Async Capable": false,
                                "Join Type": "Inner",
                                "Startup Cost": 20000739506.0,
                                "Total Cost": 20000743303.9,
                                "Plan Rows": 26207,
                                "Plan Width": 139,
                                "Actual Startup Time": 1453.325,
                                "Actual Total Time": 1619.696,
                                "Actual Rows": 414709,
                                "Actual Loops": 1,
                                "Inner Unique": false,
                                "Plans": [
                                    {
                                        "Node Type": "Nested Loop",
                                        "Parent Relationship": "Outer",
                                        "Parallel Aware": false,
                                        "Async Capable": false,
                                        "Join Type": "Inner",
                                        "Startup Cost": 10000739506.0,
                                        "Total Cost": 10000742973.89,
                                        "Plan Rows": 26207,
                                        "Plan Width": 143,
                                        "Actual Startup Time": 1453.322,
                                        "Actual Total Time": 1568.155,
                                        "Actual Rows": 414709,
                                        "Actual Loops": 1,
                                        "Inner Unique": false,
                                        "Plans": [
                                            {
                                                "Node Type": "Gather Merge",
                                                "Parent Relationship": "Outer",
                                                "Parallel Aware": false,
                                                "Async Capable": false,
                                                "Startup Cost": 739506.0,
                                                "Total Cost": 742643.89,
                                                "Plan Rows": 26207,
                                                "Plan Width": 147,
                                                "Actual Startup Time": 1453.306,
                                                "Actual Total Time": 1515.301,
                                                "Actual Rows": 414709,
                                                "Actual Loops": 1,
                                                "Workers Planned": 4,
                                                "Workers Launched": 4,
                                                "Plans": [
                                                    {
                                                        "Node Type": "Sort",
                                                        "Parent Relationship": "Outer",
                                                        "Parallel Aware": false,
                                                        "Async Capable": false,
                                                        "Startup Cost": 738505.95,
                                                        "Total Cost": 738522.33,
                                                        "Plan Rows": 6552,
                                                        "Plan Width": 147,
                                                        "Actual Startup Time": 1449.84,
                                                        "Actual Total Time": 1452.916,
                                                        "Actual Rows": 82942,
                                                        "Actual Loops": 5,
                                                        "Sort Key": [
                                                            "mi1.info COLLATE \"C\"",
                                                            "pi1.info COLLATE \"C\""
                                                        ],
                                                        "Sort Method": "quicksort",
                                                        "Sort Space Used": 8134,
                                                        "Sort Space Type": "Memory",
                                                        "Workers": [
                                                            {
                                                                "Worker Number": 0,
                                                                "Sort Method": "quicksort",
                                                                "Sort Space Used": 7745,
                                                                "Sort Space Type": "Memory"
                                                            },
                                                            {
                                                                "Worker Number": 1,
                                                                "Sort Method": "quicksort",
                                                                "Sort Space Used": 7675,
                                                                "Sort Space Type": "Memory"
                                                            },
                                                            {
                                                                "Worker Number": 2,
                                                                "Sort Method": "quicksort",
                                                                "Sort Space Used": 7809,
                                                                "Sort Space Type": "Memory"
                                                            },
                                                            {
                                                                "Worker Number": 3,
                                                                "Sort Method": "quicksort",
                                                                "Sort Space Used": 7679,
                                                                "Sort Space Type": "Memory"
                                                            }
                                                        ],
                                                        "Plans": [
                                                            {
                                                                "Node Type": "Hash Join",
                                                                "Parent Relationship": "Outer",
                                                                "Parallel Aware": false,
                                                                "Async Capable": false,
                                                                "Join Type": "Inner",
                                                                "Startup Cost": 693281.35,
                                                                "Total Cost": 738090.62,
                                                                "Plan Rows": 6552,
                                                                "Plan Width": 147,
                                                                "Actual Startup Time": 1388.103,
                                                                "Actual Total Time": 1425.752,
                                                                "Actual Rows": 82942,
                                                                "Actual Loops": 5,
                                                                "Inner Unique": true,
                                                                "Hash Cond": "(t.kind_id = kt.id)",
                                                                "Workers": [],
                                                                "Plans": [
                                                                    {
                                                                        "Node Type": "Hash Join",
                                                                        "Parent Relationship": "Outer",
                                                                        "Parallel Aware": true,
                                                                        "Async Capable": false,
                                                                        "Join Type": "Inner",
                                                                        "Startup Cost": 693280.2,
                                                                        "Total Cost": 738041.15,
                                                                        "Plan Rows": 11466,
                                                                        "Plan Width": 151,
                                                                        "Actual Startup Time": 1344.908,
                                                                        "Actual Total Time": 1419.452,
                                                                        "Actual Rows": 128694,
                                                                        "Actual Loops": 5,
                                                                        "Inner Unique": false,
                                                                        "Hash Cond": "(t.id = ci.movie_id)",
                                                                        "Workers": [],
                                                                        "Plans": [
                                                                            {
                                                                                "Node Type": "Seq Scan",
                                                                                "Parent Relationship": "Outer",
                                                                                "Parallel Aware": true,
                                                                                "Async Capable": false,
                                                                                "Relation Name": "title",
                                                                                "Alias": "t",
                                                                                "Startup Cost": 0.0,
                                                                                "Total Cost": 42329.38,
                                                                                "Plan Rows": 632138,
                                                                                "Plan Width": 8,
                                                                                "Actual Startup Time": 0.003,
                                                                                "Actual Total Time": 20.757,
                                                                                "Actual Rows": 505662,
                                                                                "Actual Loops": 5,
                                                                                "Workers": []
                                                                            },
                                                                            {
                                                                                "Node Type": "Hash",
                                                                                "Parent Relationship": "Inner",
                                                                                "Parallel Aware": true,
                                                                                "Async Capable": false,
                                                                                "Startup Cost": 692974.95,
                                                                                "Total Cost": 692974.95,
                                                                                "Plan Rows": 24420,
                                                                                "Plan Width": 155,
                                                                                "Actual Startup Time": 1344.793,
                                                                                "Actual Total Time": 1344.801,
                                                                                "Actual Rows": 128694,
                                                                                "Actual Loops": 5,
                                                                                "Hash Buckets": 1048576,
                                                                                "Original Hash Buckets": 131072,
                                                                                "Hash Batches": 1,
                                                                                "Original Hash Batches": 1,
                                                                                "Peak Memory Usage": 70208,
                                                                                "Workers": [],
                                                                                "Plans": [
                                                                                    {
                                                                                        "Node Type": "Hash Join",
                                                                                        "Parent Relationship": "Outer",
                                                                                        "Parallel Aware": true,
                                                                                        "Async Capable": false,
                                                                                        "Join Type": "Inner",
                                                                                        "Startup Cost": 486445.66,
                                                                                        "Total Cost": 692974.95,
                                                                                        "Plan Rows": 24420,
                                                                                        "Plan Width": 155,
                                                                                        "Actual Startup Time": 831.83,
                                                                                        "Actual Total Time": 1321.989,
                                                                                        "Actual Rows": 128694,
                                                                                        "Actual Loops": 5,
                                                                                        "Inner Unique": false,
                                                                                        "Hash Cond": "(mi1.movie_id = ci.movie_id)",
                                                                                        "Workers": [],
                                                                                        "Plans": [
                                                                                            {
                                                                                                "Node Type": "Seq Scan",
                                                                                                "Parent Relationship": "Outer",
                                                                                                "Parallel Aware": true,
                                                                                                "Async Capable": false,
                                                                                                "Relation Name": "movie_info",
                                                                                                "Alias": "mi1",
                                                                                                "Startup Cost": 0.0,
                                                                                                "Total Cost": 206090.53,
                                                                                                "Plan Rows": 106150,
                                                                                                "Plan Width": 50,
                                                                                                "Actual Startup Time": 0.016,
                                                                                                "Actual Total Time": 446.664,
                                                                                                "Actual Rows": 211530,
                                                                                                "Actual Loops": 5,
                                                                                                "Filter": "((info ~~* '%usa%'::text) AND (info_type_id = 16))",
                                                                                                "Rows Removed by Filter": 2755614,
                                                                                                "Workers": []
                                                                                            },
                                                                                            {
                                                                                                "Node Type": "Hash",
                                                                                                "Parent Relationship": "Inner",
                                                                                                "Parallel Aware": true,
                                                                                                "Async Capable": false,
                                                                                                "Startup Cost": 485990.47,
                                                                                                "Total Cost": 485990.47,
                                                                                                "Plan Rows": 36415,
                                                                                                "Plan Width": 105,
                                                                                                "Actual Startup Time": 831.715,
                                                                                                "Actual Total Time": 831.721,
                                                                                                "Actual Rows": 182113,
                                                                                                "Actual Loops": 5,
                                                                                                "Hash Buckets": 1048576,
                                                                                                "Original Hash Buckets": 262144,
                                                                                                "Hash Batches": 1,
                                                                                                "Original Hash Batches": 1,
                                                                                                "Peak Memory Usage": 65760,
                                                                                                "Workers": [],
                                                                                                "Plans": [
                                                                                                    {
                                                                                                        "Node Type": "Hash Join",
                                                                                                        "Parent Relationship": "Outer",
                                                                                                        "Parallel Aware": false,
                                                                                                        "Async Capable": false,
                                                                                                        "Join Type": "Inner",
                                                                                                        "Startup Cost": 149879.93,
                                                                                                        "Total Cost": 485990.47,
                                                                                                        "Plan Rows": 36415,
                                                                                                        "Plan Width": 105,
                                                                                                        "Actual Startup Time": 304.19,
                                                                                                        "Actual Total Time": 816.279,
                                                                                                        "Actual Rows": 182113,
                                                                                                        "Actual Loops": 5,
                                                                                                        "Inner Unique": true,
                                                                                                        "Hash Cond": "(ci.role_id = rt.id)",
                                                                                                        "Workers": [],
                                                                                                        "Plans": [
                                                                                                            {
                                                                                                                "Node Type": "Hash Join",
                                                                                                                "Parent Relationship": "Outer",
                                                                                                                "Parallel Aware": true,
                                                                                                                "Async Capable": false,
                                                                                                                "Join Type": "Inner",
                                                                                                                "Startup Cost": 149878.59,
                                                                                                                "Total Cost": 485795.1,
                                                                                                                "Plan Rows": 54622,
                                                                                                                "Plan Width": 109,
                                                                                                                "Actual Startup Time": 300.883,
                                                                                                                "Actual Total Time": 796.057,
                                                                                                                "Actual Rows": 544353,
                                                                                                                "Actual Loops": 5,
                                                                                                                "Inner Unique": false,
                                                                                                                "Hash Cond": "(ci.person_id = n.id)",
                                                                                                                "Workers": [],
                                                                                                                "Plans": [
                                                                                                                    {
                                                                                                                        "Node Type": "Seq Scan",
                                                                                                                        "Parent Relationship": "Outer",
                                                                                                                        "Parallel Aware": true,
                                                                                                                        "Async Capable": false,
                                                                                                                        "Relation Name": "cast_info",
                                                                                                                        "Alias": "ci",
                                                                                                                        "Startup Cost": 0.0,
                                                                                                                        "Total Cost": 313127.24,
                                                                                                                        "Plan Rows": 6040724,
                                                                                                                        "Plan Width": 12,
                                                                                                                        "Actual Startup Time": 0.028,
                                                                                                                        "Actual Total Time": 231.45,
                                                                                                                        "Actual Rows": 7248869,
                                                                                                                        "Actual Loops": 5,
                                                                                                                        "Workers": []
                                                                                                                    },
                                                                                                                    {
                                                                                                                        "Node Type": "Hash",
                                                                                                                        "Parent Relationship": "Inner",
                                                                                                                        "Parallel Aware": true,
                                                                                                                        "Async Capable": false,
                                                                                                                        "Startup Cost": 149760.83,
                                                                                                                        "Total Cost": 149760.83,
                                                                                                                        "Plan Rows": 9421,
                                                                                                                        "Plan Width": 109,
                                                                                                                        "Actual Startup Time": 300.813,
                                                                                                                        "Actual Total Time": 300.817,
                                                                                                                        "Actual Rows": 15046,
                                                                                                                        "Actual Loops": 5,
                                                                                                                        "Hash Buckets": 131072,
                                                                                                                        "Original Hash Buckets": 65536,
                                                                                                                        "Hash Batches": 1,
                                                                                                                        "Original Hash Batches": 1,
                                                                                                                        "Peak Memory Usage": 6208,
                                                                                                                        "Workers": [],
                                                                                                                        "Plans": [
                                                                                                                            {
                                                                                                                                "Node Type": "Hash Join",
                                                                                                                                "Parent Relationship": "Outer",
                                                                                                                                "Parallel Aware": true,
                                                                                                                                "Async Capable": false,
                                                                                                                                "Join Type": "Inner",
                                                                                                                                "Startup Cost": 83168.14,
                                                                                                                                "Total Cost": 149760.83,
                                                                                                                                "Plan Rows": 9421,
                                                                                                                                "Plan Width": 109,
                                                                                                                                "Actual Startup Time": 271.934,
                                                                                                                                "Actual Total Time": 295.901,
                                                                                                                                "Actual Rows": 15046,
                                                                                                                                "Actual Loops": 5,
                                                                                                                                "Inner Unique": true,
                                                                                                                                "Hash Cond": "(pi1.person_id = n.id)",
                                                                                                                                "Workers": [],
                                                                                                                                "Plans": [
                                                                                                                                    {
                                                                                                                                        "Node Type": "Seq Scan",
                                                                                                                                        "Parent Relationship": "Outer",
                                                                                                                                        "Parallel Aware": true,
                                                                                                                                        "Async Capable": false,
                                                                                                                                        "Relation Name": "person_info",
                                                                                                                                        "Alias": "pi1",
                                                                                                                                        "Startup Cost": 0.0,
                                                                                                                                        "Total Cost": 62183.96,
                                                                                                                                        "Plan Rows": 9421,
                                                                                                                                        "Plan Width": 105,
                                                                                                                                        "Actual Startup Time": 0.033,
                                                                                                                                        "Actual Total Time": 163.296,
                                                                                                                                        "Actual Rows": 15046,
                                                                                                                                        "Actual Loops": 5,
                                                                                                                                        "Filter": "((info ~~* '%19%'::text) AND (info_type_id = 23))",
                                                                                                                                        "Rows Removed by Filter": 577687,
                                                                                                                                        "Workers": []
                                                                                                                                    },
                                                                                                                                    {
                                                                                                                                        "Node Type": "Hash",
                                                                                                                                        "Parent Relationship": "Inner",
                                                                                                                                        "Parallel Aware": true,
                                                                                                                                        "Async Capable": false,
                                                                                                                                        "Startup Cost": 66074.73,
                                                                                                                                        "Total Cost": 66074.73,
                                                                                                                                        "Plan Rows": 1041873,
                                                                                                                                        "Plan Width": 4,
                                                                                                                                        "Actual Startup Time": 89.24,
                                                                                                                                        "Actual Total Time": 89.241,
                                                                                                                                        "Actual Rows": 833498,
                                                                                                                                        "Actual Loops": 5,
                                                                                                                                        "Hash Buckets": 524288,
                                                                                                                                        "Original Hash Buckets": 524288,
                                                                                                                                        "Hash Batches": 16,
                                                                                                                                        "Original Hash Batches": 16,
                                                                                                                                        "Peak Memory Usage": 14368,
                                                                                                                                        "Workers": [],
                                                                                                                                        "Plans": [
                                                                                                                                            {
                                                                                                                                                "Node Type": "Seq Scan",
                                                                                                                                                "Parent Relationship": "Outer",
                                                                                                                                                "Parallel Aware": true,
                                                                                                                                                "Async Capable": false,
                                                                                                                                                "Relation Name": "name",
                                                                                                                                                "Alias": "n",
                                                                                                                                                "Startup Cost": 0.0,
                                                                                                                                                "Total Cost": 66074.73,
                                                                                                                                                "Plan Rows": 1041873,
                                                                                                                                                "Plan Width": 4,
                                                                                                                                                "Actual Startup Time": 0.006,
                                                                                                                                                "Actual Total Time": 47.166,
                                                                                                                                                "Actual Rows": 833498,
                                                                                                                                                "Actual Loops": 5,
                                                                                                                                                "Workers": []
                                                                                                                                            }
                                                                                                                                        ]
                                                                                                                                    }
                                                                                                                                ]
                                                                                                                            }
                                                                                                                        ]
                                                                                                                    }
                                                                                                                ]
                                                                                                            },
                                                                                                            {
                                                                                                                "Node Type": "Hash",
                                                                                                                "Parent Relationship": "Inner",
                                                                                                                "Parallel Aware": false,
                                                                                                                "Async Capable": false,
                                                                                                                "Startup Cost": 1.24,
                                                                                                                "Total Cost": 1.24,
                                                                                                                "Plan Rows": 8,
                                                                                                                "Plan Width": 4,
                                                                                                                "Actual Startup Time": 0.01,
                                                                                                                "Actual Total Time": 0.011,
                                                                                                                "Actual Rows": 8,
                                                                                                                "Actual Loops": 5,
                                                                                                                "Hash Buckets": 1024,
                                                                                                                "Original Hash Buckets": 1024,
                                                                                                                "Hash Batches": 1,
                                                                                                                "Original Hash Batches": 1,
                                                                                                                "Peak Memory Usage": 9,
                                                                                                                "Workers": [],
                                                                                                                "Plans": [
                                                                                                                    {
                                                                                                                        "Node Type": "Seq Scan",
                                                                                                                        "Parent Relationship": "Outer",
                                                                                                                        "Parallel Aware": false,
                                                                                                                        "Async Capable": false,
                                                                                                                        "Relation Name": "role_type",
                                                                                                                        "Alias": "rt",
                                                                                                                        "Startup Cost": 0.0,
                                                                                                                        "Total Cost": 1.24,
                                                                                                                        "Plan Rows": 8,
                                                                                                                        "Plan Width": 4,
                                                                                                                        "Actual Startup Time": 0.008,
                                                                                                                        "Actual Total Time": 0.009,
                                                                                                                        "Actual Rows": 8,
                                                                                                                        "Actual Loops": 5,
                                                                                                                        "Filter": "((role)::text = ANY ('{cinematographer,composer,\"costume designer\",director,editor,\"miscellaneous crew\",producer,writer}'::text[]))",
                                                                                                                        "Rows Removed by Filter": 4,
                                                                                                                        "Workers": []
                                                                                                                    }
                                                                                                                ]
                                                                                                            }
                                                                                                        ]
                                                                                                    }
                                                                                                ]
                                                                                            }
                                                                                        ]
                                                                                    }
                                                                                ]
                                                                            }
                                                                        ]
                                                                    },
                                                                    {
                                                                        "Node Type": "Hash",
                                                                        "Parent Relationship": "Inner",
                                                                        "Parallel Aware": false,
                                                                        "Async Capable": false,
                                                                        "Startup Cost": 1.1,
                                                                        "Total Cost": 1.1,
                                                                        "Plan Rows": 4,
                                                                        "Plan Width": 4,
                                                                        "Actual Startup Time": 0.012,
                                                                        "Actual Total Time": 0.012,
                                                                        "Actual Rows": 4,
                                                                        "Actual Loops": 5,
                                                                        "Hash Buckets": 1024,
                                                                        "Original Hash Buckets": 1024,
                                                                        "Hash Batches": 1,
                                                                        "Original Hash Batches": 1,
                                                                        "Peak Memory Usage": 9,
                                                                        "Workers": [],
                                                                        "Plans": [
                                                                            {
                                                                                "Node Type": "Seq Scan",
                                                                                "Parent Relationship": "Outer",
                                                                                "Parallel Aware": false,
                                                                                "Async Capable": false,
                                                                                "Relation Name": "kind_type",
                                                                                "Alias": "kt",
                                                                                "Startup Cost": 0.0,
                                                                                "Total Cost": 1.1,
                                                                                "Plan Rows": 4,
                                                                                "Plan Width": 4,
                                                                                "Actual Startup Time": 0.009,
                                                                                "Actual Total Time": 0.01,
                                                                                "Actual Rows": 4,
                                                                                "Actual Loops": 5,
                                                                                "Filter": "((kind)::text = ANY ('{movie,\"tv mini series\",\"tv movie\",\"video game\"}'::text[]))",
                                                                                "Rows Removed by Filter": 3,
                                                                                "Workers": []
                                                                            }
                                                                        ]
                                                                    }
                                                                ]
                                                            }
                                                        ]
                                                    }
                                                ]
                                            },
                                            {
                                                "Node Type": "Materialize",
                                                "Parent Relationship": "Inner",
                                                "Parallel Aware": false,
                                                "Async Capable": false,
                                                "Startup Cost": 0.0,
                                                "Total Cost": 2.42,
                                                "Plan Rows": 1,
                                                "Plan Width": 4,
                                                "Actual Startup Time": 0.0,
                                                "Actual Total Time": 0.0,
                                                "Actual Rows": 1,
                                                "Actual Loops": 414709,
                                                "Plans": [
                                                    {
                                                        "Node Type": "Seq Scan",
                                                        "Parent Relationship": "Outer",
                                                        "Parallel Aware": false,
                                                        "Async Capable": false,
                                                        "Relation Name": "info_type",
                                                        "Alias": "it1",
                                                        "Startup Cost": 0.0,
                                                        "Total Cost": 2.41,
                                                        "Plan Rows": 1,
                                                        "Plan Width": 4,
                                                        "Actual Startup Time": 0.012,
                                                        "Actual Total Time": 0.013,
                                                        "Actual Rows": 1,
                                                        "Actual Loops": 1,
                                                        "Filter": "(id = 16)",
                                                        "Rows Removed by Filter": 112
                                                    }
                                                ]
                                            }
                                        ]
                                    },
                                    {
                                        "Node Type": "Materialize",
                                        "Parent Relationship": "Inner",
                                        "Parallel Aware": false,
                                        "Async Capable": false,
                                        "Startup Cost": 0.0,
                                        "Total Cost": 2.42,
                                        "Plan Rows": 1,
                                        "Plan Width": 4,
                                        "Actual Startup Time": 0.0,
                                        "Actual Total Time": 0.0,
                                        "Actual Rows": 1,
                                        "Actual Loops": 414709,
                                        "Plans": [
                                            {
                                                "Node Type": "Seq Scan",
                                                "Parent Relationship": "Outer",
                                                "Parallel Aware": false,
                                                "Async Capable": false,
                                                "Relation Name": "info_type",
                                                "Alias": "it2",
                                                "Startup Cost": 0.0,
                                                "Total Cost": 2.41,
                                                "Plan Rows": 1,
                                                "Plan Width": 4,
                                                "Actual Startup Time": 0.002,
                                                "Actual Total Time": 0.003,
                                                "Actual Rows": 1,
                                                "Actual Loops": 1,
                                                "Filter": "(id = 23)",
                                                "Rows Removed by Filter": 112
                                            }
                                        ]
                                    }
                                ]
                            }
                        ]
                    },
                    "Planning Time": 1.619,
                    "Triggers": [],
                    "Execution Time": 1665.996
                }
            ],
            "hints": [
                "SET enable_hashjoin TO on",
                "SET enable_indexonlyscan TO on",
                "SET enable_indexscan TO off",
                "SET enable_mergejoin TO off",
                "SET enable_nestloop TO off",
                "SET enable_seqscan TO on"
            ]
        },
        {
            "arm": 4,
            "execution_time": 1379.638,
            "plan": [
                {
                    "Plan": {
                        "Node Type": "Aggregate",
                        "Strategy": "Sorted",
                        "Partial Mode": "Simple",
                        "Parallel Aware": false,
                        "Async Capable": false,
                        "Startup Cost": 651239.4,
                        "Total Cost": 655527.11,
                        "Plan Rows": 26207,
                        "Plan Width": 147,
                        "Actual Startup Time": 1167.182,
                        "Actual Total Time": 1372.775,
                        "Actual Rows": 356475,
                        "Actual Loops": 1,
                        "Group Key": [
                            "mi1.info",
                            "pi1.info"
                        ],
                        "Plans": [
                            {
                                "Node Type": "Nested Loop",
                                "Parent Relationship": "Outer",
                                "Parallel Aware": false,
                                "Async Capable": false,
                                "Join Type": "Inner",
                                "Startup Cost": 651239.4,
                                "Total Cost": 655068.48,
                                "Plan Rows": 26207,
                                "Plan Width": 139,
                                "Actual Startup Time": 1167.168,
                                "Actual Total Time": 1332.992,
                                "Actual Rows": 414709,
                                "Actual Loops": 1,
                                "Inner Unique": false,
                                "Plans": [
                                    {
                                        "Node Type": "Nested Loop",
                                        "Parent Relationship": "Outer",
                                        "Parallel Aware": false,
                                        "Async Capable": false,
                                        "Join Type": "Inner",
                                        "Startup Cost": 651239.4,
                                        "Total Cost": 654738.48,
                                        "Plan Rows": 26207,
                                        "Plan Width": 143,
                                        "Actual Startup Time": 1167.165,
                                        "Actual Total Time": 1281.483,
                                        "Actual Rows": 414709,
                                        "Actual Loops": 1,
                                        "Inner Unique": false,
                                        "Plans": [
                                            {
                                                "Node Type": "Gather Merge",
                                                "Parent Relationship": "Outer",
                                                "Parallel Aware": false,
                                                "Async Capable": false,
                                                "Startup Cost": 651239.4,
                                                "Total Cost": 654408.48,
                                                "Plan Rows": 26207,
                                                "Plan Width": 147,
                                                "Actual Startup Time": 1167.149,
                                                "Actual Total Time": 1227.677,
                                                "Actual Rows": 414709,
                                                "Actual Loops": 1,
                                                "Workers Planned": 5,
                                                "Workers Launched": 5,
                                                "Plans": [
                                                    {
                                                        "Node Type": "Sort",
                                                        "Parent Relationship": "Outer",
                                                        "Parallel Aware": false,
                                                        "Async Capable": false,
                                                        "Startup Cost": 650239.33,
                                                        "Total Cost": 650252.43,
                                                        "Plan Rows": 5241,
                                                        "Plan Width": 147,
                                                        "Actual Startup Time": 1164.065,
                                                        "Actual Total Time": 1166.606,
                                                        "Actual Rows": 69118,
                                                        "Actual Loops": 6,
                                                        "Sort Key": [
                                                            "mi1.info COLLATE \"C\"",
                                                            "pi1.info COLLATE \"C\""
                                                        ],
                                                        "Sort Method": "quicksort",
                                                        "Sort Space Used": 6924,
                                                        "Sort Space Type": "Memory",
                                                        "Workers": [
                                                            {
                                                                "Worker Number": 0,
                                                                "Sort Method": "quicksort",
                                                                "Sort Space Used": 6910,
                                                                "Sort Space Type": "Memory"
                                                            },
                                                            {
                                                                "Worker Number": 1,
                                                                "Sort Method": "quicksort",
                                                                "Sort Space Used": 6824,
                                                                "Sort Space Type": "Memory"
                                                            },
                                                            {
                                                                "Worker Number": 2,
                                                                "Sort Method": "quicksort",
                                                                "Sort Space Used": 5931,
                                                                "Sort Space Type": "Memory"
                                                            },
                                                            {
                                                                "Worker Number": 3,
                                                                "Sort Method": "quicksort",
                                                                "Sort Space Used": 6804,
                                                                "Sort Space Type": "Memory"
                                                            },
                                                            {
                                                                "Worker Number": 4,
                                                                "Sort Method": "quicksort",
                                                                "Sort Space Used": 7183,
                                                                "Sort Space Type": "Memory"
                                                            }
                                                        ],
                                                        "Plans": [
                                                            {
                                                                "Node Type": "Hash Join",
                                                                "Parent Relationship": "Outer",
                                                                "Parallel Aware": false,
                                                                "Async Capable": false,
                                                                "Join Type": "Inner",
                                                                "Startup Cost": 417892.27,
                                                                "Total Cost": 649915.55,
                                                                "Plan Rows": 5241,
                                                                "Plan Width": 147,
                                                                "Actual Startup Time": 700.485,
                                                                "Actual Total Time": 1142.546,
                                                                "Actual Rows": 69118,
                                                                "Actual Loops": 6,
                                                                "Inner Unique": true,
                                                                "Hash Cond": "(t.kind_id = kt.id)",
                                                                "Workers": [],
                                                                "Plans": [
                                                                    {
                                                                        "Node Type": "Nested Loop",
                                                                        "Parent Relationship": "Outer",
                                                                        "Parallel Aware": false,
                                                                        "Async Capable": false,
                                                                        "Join Type": "Inner",
                                                                        "Startup Cost": 417891.11,
                                                                        "Total Cost": 649875.74,
                                                                        "Plan Rows": 9172,
                                                                        "Plan Width": 151,
                                                                        "Actual Startup Time": 686.209,
                                                                        "Actual Total Time": 1136.242,
                                                                        "Actual Rows": 107245,
                                                                        "Actual Loops": 6,
                                                                        "Inner Unique": true,
                                                                        "Workers": [],
                                                                        "Plans": [
                                                                            {
                                                                                "Node Type": "Hash Join",
                                                                                "Parent Relationship": "Outer",
                                                                                "Parallel Aware": true,
                                                                                "Async Capable": false,
                                                                                "Join Type": "Inner",
                                                                                "Startup Cost": 417890.68,
                                                                                "Total Cost": 624419.98,
                                                                                "Plan Rows": 24420,
                                                                                "Plan Width": 155,
                                                                                "Actual Startup Time": 686.19,
                                                                                "Actual Total Time": 1051.324,
                                                                                "Actual Rows": 107245,
                                                                                "Actual Loops": 6,
                                                                                "Inner Unique": false,
                                                                                "Hash Cond": "(mi1.movie_id = ci.movie_id)",
                                                                                "Workers": [],
                                                                                "Plans": [
                                                                                    {
                                                                                        "Node Type": "Seq Scan",
                                                                                        "Parent Relationship": "Outer",
                                                                                        "Parallel Aware": true,
                                                                                        "Async Capable": false,
                                                                                        "Relation Name": "movie_info",
                                                                                        "Alias": "mi1",
                                                                                        "Startup Cost": 0.0,
                                                                                        "Total Cost": 206090.53,
                                                                                        "Plan Rows": 106150,
                                                                                        "Plan Width": 50,
                                                                                        "Actual Startup Time": 54.344,
                                                                                        "Actual Total Time": 381.486,
                                                                                        "Actual Rows": 176275,
                                                                                        "Actual Loops": 6,
                                                                                        "Filter": "((info ~~* '%usa%'::text) AND (info_type_id = 16))",
                                                                                        "Rows Removed by Filter": 2296345,
                                                                                        "Workers": []
                                                                                    },
                                                                                    {
                                                                                        "Node Type": "Hash",
                                                                                        "Parent Relationship": "Inner",
                                                                                        "Parallel Aware": true,
                                                                                        "Async Capable": false,
                                                                                        "Startup Cost": 417435.5,
                                                                                        "Total Cost": 417435.5,
                                                                                        "Plan Rows": 36415,
                                                                                        "Plan Width": 105,
                                                                                        "Actual Startup Time": 631.656,
                                                                                        "Actual Total Time": 631.698,
                                                                                        "Actual Rows": 151761,
                                                                                        "Actual Loops": 6,
                                                                                        "Hash Buckets": 1048576,
                                                                                        "Original Hash Buckets": 262144,
                                                                                        "Hash Batches": 1,
                                                                                        "Original Hash Batches": 1,
                                                                                        "Peak Memory Usage": 65792,
                                                                                        "Workers": [],
                                                                                        "Plans": [
                                                                                            {
                                                                                                "Node Type": "Hash Join",
                                                                                                "Parent Relationship": "Outer",
                                                                                                "Parallel Aware": false,
                                                                                                "Async Capable": false,
                                                                                                "Join Type": "Inner",
                                                                                                "Startup Cost": 81324.96,
                                                                                                "Total Cost": 417435.5,
                                                                                                "Plan Rows": 36415,
                                                                                                "Plan Width": 105,
                                                                                                "Actual Startup Time": 163.929,
                                                                                                "Actual Total Time": 605.492,
                                                                                                "Actual Rows": 151761,
                                                                                                "Actual Loops": 6,
                                                                                                "Inner Unique": true,
                                                                                                "Hash Cond": "(ci.role_id = rt.id)",
                                                                                                "Workers": [],
                                                                                                "Plans": [
                                                                                                    {
                                                                                                        "Node Type": "Hash Join",
                                                                                                        "Parent Relationship": "Outer",
                                                                                                        "Parallel Aware": true,
                                                                                                        "Async Capable": false,
                                                                                                        "Join Type": "Inner",
                                                                                                        "Startup Cost": 81323.62,
                                                                                                        "Total Cost": 417240.13,
                                                                                                        "Plan Rows": 54622,
                                                                                                        "Plan Width": 109,
                                                                                                        "Actual Startup Time": 160.974,
                                                                                                        "Actual Total Time": 588.029,
                                                                                                        "Actual Rows": 453627,
                                                                                                        "Actual Loops": 6,
                                                                                                        "Inner Unique": false,
                                                                                                        "Hash Cond": "(ci.person_id = n.id)",
                                                                                                        "Workers": [],
                                                                                                        "Plans": [
                                                                                                            {
                                                                                                                "Node Type": "Seq Scan",
                                                                                                                "Parent Relationship": "Outer",
                                                                                                                "Parallel Aware": true,
                                                                                                                "Async Capable": false,
                                                                                                                "Relation Name": "cast_info",
                                                                                                                "Alias": "ci",
                                                                                                                "Startup Cost": 0.0,
                                                                                                                "Total Cost": 313127.24,
                                                                                                                "Plan Rows": 6040724,
                                                                                                                "Plan Width": 12,
                                                                                                                "Actual Startup Time": 0.027,
                                                                                                                "Actual Total Time": 198.737,
                                                                                                                "Actual Rows": 6040724,
                                                                                                                "Actual Loops": 6,
                                                                                                                "Workers": []
                                                                                                            },
                                                                                                            {
                                                                                                                "Node Type": "Hash",
                                                                                                                "Parent Relationship": "Inner",
                                                                                                                "Parallel Aware": true,
                                                                                                                "Async Capable": false,
                                                                                                                "Startup Cost": 81205.85,
                                                                                                                "Total Cost": 81205.85,
                                                                                                                "Plan Rows": 9421,
                                                                                                                "Plan Width": 109,
                                                                                                                "Actual Startup Time": 160.889,
                                                                                                                "Actual Total Time": 160.891,
                                                                                                                "Actual Rows": 12538,
                                                                                                                "Actual Loops": 6,
                                                                                                                "Hash Buckets": 131072,
                                                                                                                "Original Hash Buckets": 65536,
                                                                                                                "Hash Batches": 1,
                                                                                                                "Original Hash Batches": 1,
                                                                                                                "Peak Memory Usage": 6304,
                                                                                                                "Workers": [],
                                                                                                                "Plans": [
                                                                                                                    {
                                                                                                                        "Node Type": "Nested Loop",
                                                                                                                        "Parent Relationship": "Outer",
                                                                                                                        "Parallel Aware": false,
                                                                                                                        "Async Capable": false,
                                                                                                                        "Join Type": "Inner",
                                                                                                                        "Startup Cost": 0.43,
                                                                                                                        "Total Cost": 81205.85,
                                                                                                                        "Plan Rows": 9421,
                                                                                                                        "Plan Width": 109,
                                                                                                                        "Actual Startup Time": 0.054,
                                                                                                                        "Actual Total Time": 155.891,
                                                                                                                        "Actual Rows": 12538,
                                                                                                                        "Actual Loops": 6,
                                                                                                                        "Inner Unique": true,
                                                                                                                        "Workers": [],
                                                                                                                        "Plans": [
                                                                                                                            {
                                                                                                                                "Node Type": "Seq Scan",
                                                                                                                                "Parent Relationship": "Outer",
                                                                                                                                "Parallel Aware": true,
                                                                                                                                "Async Capable": false,
                                                                                                                                "Relation Name": "person_info",
                                                                                                                                "Alias": "pi1",
                                                                                                                                "Startup Cost": 0.0,
                                                                                                                                "Total Cost": 62183.96,
                                                                                                                                "Plan Rows": 9421,
                                                                                                                                "Plan Width": 105,
                                                                                                                                "Actual Startup Time": 0.032,
                                                                                                                                "Actual Total Time": 140.489,
                                                                                                                                "Actual Rows": 12538,
                                                                                                                                "Actual Loops": 6,
                                                                                                                                "Filter": "((info ~~* '%19%'::text) AND (info_type_id = 23))",
                                                                                                                                "Rows Removed by Filter": 481406,
                                                                                                                                "Workers": []
                                                                                                                            },
                                                                                                                            {
                                                                                                                                "Node Type": "Index Only Scan",
                                                                                                                                "Parent Relationship": "Inner",
                                                                                                                                "Parallel Aware": false,
                                                                                                                                "Async Capable": false,
                                                                                                                                "Scan Direction": "Forward",
                                                                                                                                "Index Name": "name_pkey",
                                                                                                                                "Relation Name": "name",
                                                                                                                                "Alias": "n",
                                                                                                                                "Startup Cost": 0.43,
                                                                                                                                "Total Cost": 2.02,
                                                                                                                                "Plan Rows": 1,
                                                                                                                                "Plan Width": 4,
                                                                                                                                "Actual Startup Time": 0.001,
                                                                                                                                "Actual Total Time": 0.001,
                                                                                                                                "Actual Rows": 1,
                                                                                                                                "Actual Loops": 75229,
                                                                                                                                "Index Cond": "(id = pi1.person_id)",
                                                                                                                                "Rows Removed by Index Recheck": 0,
                                                                                                                                "Heap Fetches": 0,
                                                                                                                                "Workers": []
                                                                                                                            }
                                                                                                                        ]
                                                                                                                    }
                                                                                                                ]
                                                                                                            }
                                                                                                        ]
                                                                                                    },
                                                                                                    {
                                                                                                        "Node Type": "Hash",
                                                                                                        "Parent Relationship": "Inner",
                                                                                                        "Parallel Aware": false,
                                                                                                        "Async Capable": false,
                                                                                                        "Startup Cost": 1.24,
                                                                                                        "Total Cost": 1.24,
                                                                                                        "Plan Rows": 8,
                                                                                                        "Plan Width": 4,
                                                                                                        "Actual Startup Time": 0.011,
                                                                                                        "Actual Total Time": 0.012,
                                                                                                        "Actual Rows": 8,
                                                                                                        "Actual Loops": 6,
                                                                                                        "Hash Buckets": 1024,
                                                                                                        "Original Hash Buckets": 1024,
                                                                                                        "Hash Batches": 1,
                                                                                                        "Original Hash Batches": 1,
                                                                                                        "Peak Memory Usage": 9,
                                                                                                        "Workers": [],
                                                                                                        "Plans": [
                                                                                                            {
                                                                                                                "Node Type": "Seq Scan",
                                                                                                                "Parent Relationship": "Outer",
                                                                                                                "Parallel Aware": false,
                                                                                                                "Async Capable": false,
                                                                                                                "Relation Name": "role_type",
                                                                                                                "Alias": "rt",
                                                                                                                "Startup Cost": 0.0,
                                                                                                                "Total Cost": 1.24,
                                                                                                                "Plan Rows": 8,
                                                                                                                "Plan Width": 4,
                                                                                                                "Actual Startup Time": 0.009,
                                                                                                                "Actual Total Time": 0.01,
                                                                                                                "Actual Rows": 8,
                                                                                                                "Actual Loops": 6,
                                                                                                                "Filter": "((role)::text = ANY ('{cinematographer,composer,\"costume designer\",director,editor,\"miscellaneous crew\",producer,writer}'::text[]))",
                                                                                                                "Rows Removed by Filter": 4,
                                                                                                                "Workers": []
                                                                                                            }
                                                                                                        ]
                                                                                                    }
                                                                                                ]
                                                                                            }
                                                                                        ]
                                                                                    }
                                                                                ]
                                                                            },
                                                                            {
                                                                                "Node Type": "Index Scan",
                                                                                "Parent Relationship": "Inner",
                                                                                "Parallel Aware": false,
                                                                                "Async Capable": false,
                                                                                "Scan Direction": "Forward",
                                                                                "Index Name": "title_pkey",
                                                                                "Relation Name": "title",
                                                                                "Alias": "t",
                                                                                "Startup Cost": 0.43,
                                                                                "Total Cost": 1.04,
                                                                                "Plan Rows": 1,
                                                                                "Plan Width": 8,
                                                                                "Actual Startup Time": 0.001,
                                                                                "Actual Total Time": 0.001,
                                                                                "Actual Rows": 1,
                                                                                "Actual Loops": 643471,
                                                                                "Index Cond": "(id = ci.movie_id)",
                                                                                "Rows Removed by Index Recheck": 0,
                                                                                "Workers": []
                                                                            }
                                                                        ]
                                                                    },
                                                                    {
                                                                        "Node Type": "Hash",
                                                                        "Parent Relationship": "Inner",
                                                                        "Parallel Aware": false,
                                                                        "Async Capable": false,
                                                                        "Startup Cost": 1.1,
                                                                        "Total Cost": 1.1,
                                                                        "Plan Rows": 4,
                                                                        "Plan Width": 4,
                                                                        "Actual Startup Time": 0.014,
                                                                        "Actual Total Time": 0.014,
                                                                        "Actual Rows": 4,
                                                                        "Actual Loops": 6,
                                                                        "Hash Buckets": 1024,
                                                                        "Original Hash Buckets": 1024,
                                                                        "Hash Batches": 1,
                                                                        "Original Hash Batches": 1,
                                                                        "Peak Memory Usage": 9,
                                                                        "Workers": [],
                                                                        "Plans": [
                                                                            {
                                                                                "Node Type": "Seq Scan",
                                                                                "Parent Relationship": "Outer",
                                                                                "Parallel Aware": false,
                                                                                "Async Capable": false,
                                                                                "Relation Name": "kind_type",
                                                                                "Alias": "kt",
                                                                                "Startup Cost": 0.0,
                                                                                "Total Cost": 1.1,
                                                                                "Plan Rows": 4,
                                                                                "Plan Width": 4,
                                                                                "Actual Startup Time": 0.011,
                                                                                "Actual Total Time": 0.012,
                                                                                "Actual Rows": 4,
                                                                                "Actual Loops": 6,
                                                                                "Filter": "((kind)::text = ANY ('{movie,\"tv mini series\",\"tv movie\",\"video game\"}'::text[]))",
                                                                                "Rows Removed by Filter": 3,
                                                                                "Workers": []
                                                                            }
                                                                        ]
                                                                    }
                                                                ]
                                                            }
                                                        ]
                                                    }
                                                ]
                                            },
                                            {
                                                "Node Type": "Materialize",
                                                "Parent Relationship": "Inner",
                                                "Parallel Aware": false,
                                                "Async Capable": false,
                                                "Startup Cost": 0.0,
                                                "Total Cost": 2.42,
                                                "Plan Rows": 1,
                                                "Plan Width": 4,
                                                "Actual Startup Time": 0.0,
                                                "Actual Total Time": 0.0,
                                                "Actual Rows": 1,
                                                "Actual Loops": 414709,
                                                "Plans": [
                                                    {
                                                        "Node Type": "Seq Scan",
                                                        "Parent Relationship": "Outer",
                                                        "Parallel Aware": false,
                                                        "Async Capable": false,
                                                        "Relation Name": "info_type",
                                                        "Alias": "it1",
                                                        "Startup Cost": 0.0,
                                                        "Total Cost": 2.41,
                                                        "Plan Rows": 1,
                                                        "Plan Width": 4,
                                                        "Actual Startup Time": 0.011,
                                                        "Actual Total Time": 0.013,
                                                        "Actual Rows": 1,
                                                        "Actual Loops": 1,
                                                        "Filter": "(id = 16)",
                                                        "Rows Removed by Filter": 112
                                                    }
                                                ]
                                            }
                                        ]
                                    },
                                    {
                                        "Node Type": "Materialize",
                                        "Parent Relationship": "Inner",
                                        "Parallel Aware": false,
                                        "Async Capable": false,
                                        "Startup Cost": 0.0,
                                        "Total Cost": 2.42,
                                        "Plan Rows": 1,
                                        "Plan Width": 4,
                                        "Actual Startup Time": 0.0,
                                        "Actual Total Time": 0.0,
                                        "Actual Rows": 1,
                                        "Actual Loops": 414709,
                                        "Plans": [
                                            {
                                                "Node Type": "Seq Scan",
                                                "Parent Relationship": "Outer",
                                                "Parallel Aware": false,
                                                "Async Capable": false,
                                                "Relation Name": "info_type",
                                                "Alias": "it2",
                                                "Startup Cost": 0.0,
                                                "Total Cost": 2.41,
                                                "Plan Rows": 1,
                                                "Plan Width": 4,
                                                "Actual Startup Time": 0.002,
                                                "Actual Total Time": 0.003,
                                                "Actual Rows": 1,
                                                "Actual Loops": 1,
                                                "Filter": "(id = 23)",
                                                "Rows Removed by Filter": 112
                                            }
                                        ]
                                    }
                                ]
                            }
                        ]
                    },
                    "Planning Time": 1.582,
                    "Triggers": [],
                    "Execution Time": 1379.638
                }
            ],
            "hints": [
                "SET enable_hashjoin TO on",
                "SET enable_indexonlyscan TO on",
                "SET enable_indexscan TO on",
                "SET enable_mergejoin TO off",
                "SET enable_nestloop TO on",
                "SET enable_seqscan TO on"
            ]
        }
    ]
}