{
    "sql_file": "9a2.sql",
    "query": "SELECT mi1.info, pi1.info, COUNT(*)\nFROM title as t,\nkind_type as kt,\nmovie_info as mi1,\ninfo_type as it1,\ncast_info as ci,\nrole_type as rt,\nname as n,\ninfo_type as it2,\nperson_info AS pi1\nWHERE\nt.id = ci.movie_id\nAND t.id = mi1.movie_id\nAND mi1.info_type_id = it1.id\nAND t.kind_id = kt.id\nAND ci.person_id = n.id\nAND ci.movie_id = mi1.movie_id\nAND ci.role_id = rt.id\nAND n.id = pi1.person_id\nAND pi1.info_type_id = it2.id\nAND (it1.id IN ('16'))\nAND (it2.id IN ('21'))\nAND (mi1.info ILIKE '%spai%')\nAND (pi1.info ILIKE '%196%')\nAND (kt.kind IN ('episode','movie','tv mini series','tv movie','video game','video movie'))\nAND (rt.role IN ('actor','actress','cinematographer','composer','costume designer','director','guest','miscellaneous crew','producer','production designer','writer'))\nGROUP BY mi1.info, pi1.info",
    "results": [
        {
            "arm": 0,
            "execution_time": 1147.904,
            "plan": [
                {
                    "Plan": {
                        "Node Type": "Aggregate",
                        "Strategy": "Sorted",
                        "Partial Mode": "Simple",
                        "Parallel Aware": false,
                        "Async Capable": false,
                        "Startup Cost": 474439.86,
                        "Total Cost": 474635.4,
                        "Plan Rows": 1167,
                        "Plan Width": 147,
                        "Actual Startup Time": 980.912,
                        "Actual Total Time": 1143.472,
                        "Actual Rows": 220060,
                        "Actual Loops": 1,
                        "Group Key": [
                            "mi1.info",
                            "pi1.info"
                        ],
                        "Plans": [
                            {
                                "Node Type": "Nested Loop",
                                "Parent Relationship": "Outer",
                                "Parallel Aware": false,
                                "Async Capable": false,
                                "Join Type": "Inner",
                                "Startup Cost": 474439.86,
                                "Total Cost": 474614.98,
                                "Plan Rows": 1167,
                                "Plan Width": 139,
                                "Actual Startup Time": 980.9,
                                "Actual Total Time": 1117.563,
                                "Actual Rows": 278924,
                                "Actual Loops": 1,
                                "Inner Unique": false,
                                "Plans": [
                                    {
                                        "Node Type": "Nested Loop",
                                        "Parent Relationship": "Outer",
                                        "Parallel Aware": false,
                                        "Async Capable": false,
                                        "Join Type": "Inner",
                                        "Startup Cost": 474439.86,
                                        "Total Cost": 474597.98,
                                        "Plan Rows": 1167,
                                        "Plan Width": 143,
                                        "Actual Startup Time": 980.896,
                                        "Actual Total Time": 1082.753,
                                        "Actual Rows": 278924,
                                        "Actual Loops": 1,
                                        "Inner Unique": false,
                                        "Plans": [
                                            {
                                                "Node Type": "Gather Merge",
                                                "Parent Relationship": "Outer",
                                                "Parallel Aware": false,
                                                "Async Capable": false,
                                                "Startup Cost": 474439.86,
                                                "Total Cost": 474580.98,
                                                "Plan Rows": 1167,
                                                "Plan Width": 147,
                                                "Actual Startup Time": 980.881,
                                                "Actual Total Time": 1047.062,
                                                "Actual Rows": 278924,
                                                "Actual Loops": 1,
                                                "Workers Planned": 5,
                                                "Workers Launched": 5,
                                                "Plans": [
                                                    {
                                                        "Node Type": "Sort",
                                                        "Parent Relationship": "Outer",
                                                        "Parallel Aware": false,
                                                        "Async Capable": false,
                                                        "Startup Cost": 473439.78,
                                                        "Total Cost": 473440.36,
                                                        "Plan Rows": 233,
                                                        "Plan Width": 147,
                                                        "Actual Startup Time": 977.282,
                                                        "Actual Total Time": 978.581,
                                                        "Actual Rows": 46487,
                                                        "Actual Loops": 6,
                                                        "Sort Key": [
                                                            "mi1.info COLLATE \"C\"",
                                                            "pi1.info COLLATE \"C\""
                                                        ],
                                                        "Sort Method": "quicksort",
                                                        "Sort Space Used": 5321,
                                                        "Sort Space Type": "Memory",
                                                        "Workers": [
                                                            {
                                                                "Worker Number": 0,
                                                                "Sort Method": "quicksort",
                                                                "Sort Space Used": 4245,
                                                                "Sort Space Type": "Memory"
                                                            },
                                                            {
                                                                "Worker Number": 1,
                                                                "Sort Method": "quicksort",
                                                                "Sort Space Used": 4901,
                                                                "Sort Space Type": "Memory"
                                                            },
                                                            {
                                                                "Worker Number": 2,
                                                                "Sort Method": "quicksort",
                                                                "Sort Space Used": 4633,
                                                                "Sort Space Type": "Memory"
                                                            },
                                                            {
                                                                "Worker Number": 3,
                                                                "Sort Method": "quicksort",
                                                                "Sort Space Used": 4682,
                                                                "Sort Space Type": "Memory"
                                                            },
                                                            {
                                                                "Worker Number": 4,
                                                                "Sort Method": "quicksort",
                                                                "Sort Space Used": 4597,
                                                                "Sort Space Type": "Memory"
                                                            }
                                                        ],
                                                        "Plans": [
                                                            {
                                                                "Node Type": "Hash Join",
                                                                "Parent Relationship": "Outer",
                                                                "Parallel Aware": false,
                                                                "Async Capable": false,
                                                                "Join Type": "Inner",
                                                                "Startup Cost": 71081.21,
                                                                "Total Cost": 473430.62,
                                                                "Plan Rows": 233,
                                                                "Plan Width": 147,
                                                                "Actual Startup Time": 306.745,
                                                                "Actual Total Time": 962.355,
                                                                "Actual Rows": 46487,
                                                                "Actual Loops": 6,
                                                                "Inner Unique": true,
                                                                "Hash Cond": "(ci.role_id = rt.id)",
                                                                "Workers": [],
                                                                "Plans": [
                                                                    {
                                                                        "Node Type": "Hash Join",
                                                                        "Parent Relationship": "Outer",
                                                                        "Parallel Aware": true,
                                                                        "Async Capable": false,
                                                                        "Join Type": "Inner",
                                                                        "Startup Cost": 71079.79,
                                                                        "Total Cost": 473428.29,
                                                                        "Plan Rows": 255,
                                                                        "Plan Width": 151,
                                                                        "Actual Startup Time": 306.679,
                                                                        "Actual Total Time": 958.991,
                                                                        "Actual Rows": 46712,
                                                                        "Actual Loops": 6,
                                                                        "Inner Unique": false,
                                                                        "Hash Cond": "(ci.person_id = n.id)",
                                                                        "Workers": [],
                                                                        "Plans": [
                                                                            {
                                                                                "Node Type": "Nested Loop",
                                                                                "Parent Relationship": "Outer",
                                                                                "Parallel Aware": false,
                                                                                "Async Capable": false,
                                                                                "Join Type": "Inner",
                                                                                "Startup Cost": 2.07,
                                                                                "Total Cost": 401965.23,
                                                                                "Plan Rows": 102586,
                                                                                "Plan Width": 54,
                                                                                "Actual Startup Time": 127.629,
                                                                                "Actual Total Time": 745.625,
                                                                                "Actual Rows": 503508,
                                                                                "Actual Loops": 6,
                                                                                "Inner Unique": false,
                                                                                "Workers": [],
                                                                                "Plans": [
                                                                                    {
                                                                                        "Node Type": "Hash Join",
                                                                                        "Parent Relationship": "Outer",
                                                                                        "Parallel Aware": false,
                                                                                        "Async Capable": false,
                                                                                        "Join Type": "Inner",
                                                                                        "Startup Cost": 1.63,
                                                                                        "Total Cost": 239227.35,
                                                                                        "Plan Rows": 7157,
                                                                                        "Plan Width": 54,
                                                                                        "Actual Startup Time": 127.607,
                                                                                        "Actual Total Time": 446.776,
                                                                                        "Actual Rows": 31456,
                                                                                        "Actual Loops": 6,
                                                                                        "Inner Unique": true,
                                                                                        "Hash Cond": "(t.kind_id = kt.id)",
                                                                                        "Workers": [],
                                                                                        "Plans": [
                                                                                            {
                                                                                                "Node Type": "Nested Loop",
                                                                                                "Parent Relationship": "Outer",
                                                                                                "Parallel Aware": false,
                                                                                                "Async Capable": false,
                                                                                                "Join Type": "Inner",
                                                                                                "Startup Cost": 0.43,
                                                                                                "Total Cost": 239190.96,
                                                                                                "Plan Rows": 8350,
                                                                                                "Plan Width": 58,
                                                                                                "Actual Startup Time": 127.53,
                                                                                                "Actual Total Time": 444.354,
                                                                                                "Actual Rows": 32060,
                                                                                                "Actual Loops": 6,
                                                                                                "Inner Unique": true,
                                                                                                "Workers": [],
                                                                                                "Plans": [
                                                                                                    {
                                                                                                        "Node Type": "Seq Scan",
                                                                                                        "Parent Relationship": "Outer",
                                                                                                        "Parallel Aware": true,
                                                                                                        "Async Capable": false,
                                                                                                        "Relation Name": "movie_info",
                                                                                                        "Alias": "mi1",
                                                                                                        "Startup Cost": 0.0,
                                                                                                        "Total Cost": 206090.53,
                                                                                                        "Plan Rows": 8350,
                                                                                                        "Plan Width": 50,
                                                                                                        "Actual Startup Time": 127.507,
                                                                                                        "Actual Total Time": 398.181,
                                                                                                        "Actual Rows": 32060,
                                                                                                        "Actual Loops": 6,
                                                                                                        "Filter": "((info ~~* '%spai%'::text) AND (info_type_id = 16))",
                                                                                                        "Rows Removed by Filter": 2440560,
                                                                                                        "Workers": []
                                                                                                    },
                                                                                                    {
                                                                                                        "Node Type": "Index Scan",
                                                                                                        "Parent Relationship": "Inner",
                                                                                                        "Parallel Aware": false,
                                                                                                        "Async Capable": false,
                                                                                                        "Scan Direction": "Forward",
                                                                                                        "Index Name": "title_pkey",
                                                                                                        "Relation Name": "title",
                                                                                                        "Alias": "t",
                                                                                                        "Startup Cost": 0.43,
                                                                                                        "Total Cost": 3.96,
                                                                                                        "Plan Rows": 1,
                                                                                                        "Plan Width": 8,
                                                                                                        "Actual Startup Time": 0.001,
                                                                                                        "Actual Total Time": 0.001,
                                                                                                        "Actual Rows": 1,
                                                                                                        "Actual Loops": 192360,
                                                                                                        "Index Cond": "(id = mi1.movie_id)",
                                                                                                        "Rows Removed by Index Recheck": 0,
                                                                                                        "Workers": []
                                                                                                    }
                                                                                                ]
                                                                                            },
                                                                                            {
                                                                                                "Node Type": "Hash",
                                                                                                "Parent Relationship": "Inner",
                                                                                                "Parallel Aware": false,
                                                                                                "Async Capable": false,
                                                                                                "Startup Cost": 1.12,
                                                                                                "Total Cost": 1.12,
                                                                                                "Plan Rows": 6,
                                                                                                "Plan Width": 4,
                                                                                                "Actual Startup Time": 0.008,
                                                                                                "Actual Total Time": 0.009,
                                                                                                "Actual Rows": 6,
                                                                                                "Actual Loops": 6,
                                                                                                "Hash Buckets": 1024,
                                                                                                "Original Hash Buckets": 1024,
                                                                                                "Hash Batches": 1,
                                                                                                "Original Hash Batches": 1,
                                                                                                "Peak Memory Usage": 9,
                                                                                                "Workers": [],
                                                                                                "Plans": [
                                                                                                    {
                                                                                                        "Node Type": "Seq Scan",
                                                                                                        "Parent Relationship": "Outer",
                                                                                                        "Parallel Aware": false,
                                                                                                        "Async Capable": false,
                                                                                                        "Relation Name": "kind_type",
                                                                                                        "Alias": "kt",
                                                                                                        "Startup Cost": 0.0,
                                                                                                        "Total Cost": 1.12,
                                                                                                        "Plan Rows": 6,
                                                                                                        "Plan Width": 4,
                                                                                                        "Actual Startup Time": 0.006,
                                                                                                        "Actual Total Time": 0.007,
                                                                                                        "Actual Rows": 6,
                                                                                                        "Actual Loops": 6,
                                                                                                        "Filter": "((kind)::text = ANY ('{episode,movie,\"tv mini series\",\"tv movie\",\"video game\",\"video movie\"}'::text[]))",
                                                                                                        "Rows Removed by Filter": 1,
                                                                                                        "Workers": []
                                                                                                    }
                                                                                                ]
                                                                                            }
                                                                                        ]
                                                                                    },
                                                                                    {
                                                                                        "Node Type": "Index Scan",
                                                                                        "Parent Relationship": "Inner",
                                                                                        "Parallel Aware": false,
                                                                                        "Async Capable": false,
                                                                                        "Scan Direction": "Forward",
                                                                                        "Index Name": "movie_id_cast_info",
                                                                                        "Relation Name": "cast_info",
                                                                                        "Alias": "ci",
                                                                                        "Startup Cost": 0.44,
                                                                                        "Total Cost": 22.36,
                                                                                        "Plan Rows": 38,
                                                                                        "Plan Width": 12,
                                                                                        "Actual Startup Time": 0.001,
                                                                                        "Actual Total Time": 0.008,
                                                                                        "Actual Rows": 16,
                                                                                        "Actual Loops": 188733,
                                                                                        "Index Cond": "(movie_id = t.id)",
                                                                                        "Rows Removed by Index Recheck": 0,
                                                                                        "Workers": []
                                                                                    }
                                                                                ]
                                                                            },
                                                                            {
                                                                                "Node Type": "Hash",
                                                                                "Parent Relationship": "Inner",
                                                                                "Parallel Aware": true,
                                                                                "Async Capable": false,
                                                                                "Startup Cost": 71045.38,
                                                                                "Total Cost": 71045.38,
                                                                                "Plan Rows": 2587,
                                                                                "Plan Width": 109,
                                                                                "Actual Startup Time": 178.971,
                                                                                "Actual Total Time": 178.972,
                                                                                "Actual Rows": 7520,
                                                                                "Actual Loops": 6,
                                                                                "Hash Buckets": 65536,
                                                                                "Original Hash Buckets": 16384,
                                                                                "Hash Batches": 1,
                                                                                "Original Hash Batches": 1,
                                                                                "Peak Memory Usage": 3744,
                                                                                "Workers": [],
                                                                                "Plans": [
                                                                                    {
                                                                                        "Node Type": "Nested Loop",
                                                                                        "Parent Relationship": "Outer",
                                                                                        "Parallel Aware": false,
                                                                                        "Async Capable": false,
                                                                                        "Join Type": "Inner",
                                                                                        "Startup Cost": 0.43,
                                                                                        "Total Cost": 71045.38,
                                                                                        "Plan Rows": 2587,
                                                                                        "Plan Width": 109,
                                                                                        "Actual Startup Time": 0.061,
                                                                                        "Actual Total Time": 169.152,
                                                                                        "Actual Rows": 7520,
                                                                                        "Actual Loops": 6,
                                                                                        "Inner Unique": true,
                                                                                        "Workers": [],
                                                                                        "Plans": [
                                                                                            {
                                                                                                "Node Type": "Seq Scan",
                                                                                                "Parent Relationship": "Outer",
                                                                                                "Parallel Aware": true,
                                                                                                "Async Capable": false,
                                                                                                "Relation Name": "person_info",
                                                                                                "Alias": "pi1",
                                                                                                "Startup Cost": 0.0,
                                                                                                "Total Cost": 62183.96,
                                                                                                "Plan Rows": 2587,
                                                                                                "Plan Width": 105,
                                                                                                "Actual Startup Time": 0.039,
                                                                                                "Actual Total Time": 155.422,
                                                                                                "Actual Rows": 7520,
                                                                                                "Actual Loops": 6,
                                                                                                "Filter": "((info ~~* '%196%'::text) AND (info_type_id = 21))",
                                                                                                "Rows Removed by Filter": 486424,
                                                                                                "Workers": []
                                                                                            },
                                                                                            {
                                                                                                "Node Type": "Index Only Scan",
                                                                                                "Parent Relationship": "Inner",
                                                                                                "Parallel Aware": false,
                                                                                                "Async Capable": false,
                                                                                                "Scan Direction": "Forward",
                                                                                                "Index Name": "name_pkey",
                                                                                                "Relation Name": "name",
                                                                                                "Alias": "n",
                                                                                                "Startup Cost": 0.43,
                                                                                                "Total Cost": 3.43,
                                                                                                "Plan Rows": 1,
                                                                                                "Plan Width": 4,
                                                                                                "Actual Startup Time": 0.002,
                                                                                                "Actual Total Time": 0.002,
                                                                                                "Actual Rows": 1,
                                                                                                "Actual Loops": 45123,
                                                                                                "Index Cond": "(id = pi1.person_id)",
                                                                                                "Rows Removed by Index Recheck": 0,
                                                                                                "Heap Fetches": 0,
                                                                                                "Workers": []
                                                                                            }
                                                                                        ]
                                                                                    }
                                                                                ]
                                                                            }
                                                                        ]
                                                                    },
                                                                    {
                                                                        "Node Type": "Hash",
                                                                        "Parent Relationship": "Inner",
                                                                        "Parallel Aware": false,
                                                                        "Async Capable": false,
                                                                        "Startup Cost": 1.29,
                                                                        "Total Cost": 1.29,
                                                                        "Plan Rows": 11,
                                                                        "Plan Width": 4,
                                                                        "Actual Startup Time": 0.01,
                                                                        "Actual Total Time": 0.011,
                                                                        "Actual Rows": 11,
                                                                        "Actual Loops": 6,
                                                                        "Hash Buckets": 1024,
                                                                        "Original Hash Buckets": 1024,
                                                                        "Hash Batches": 1,
                                                                        "Original Hash Batches": 1,
                                                                        "Peak Memory Usage": 9,
                                                                        "Workers": [],
                                                                        "Plans": [
                                                                            {
                                                                                "Node Type": "Seq Scan",
                                                                                "Parent Relationship": "Outer",
                                                                                "Parallel Aware": false,
                                                                                "Async Capable": false,
                                                                                "Relation Name": "role_type",
                                                                                "Alias": "rt",
                                                                                "Startup Cost": 0.0,
                                                                                "Total Cost": 1.29,
                                                                                "Plan Rows": 11,
                                                                                "Plan Width": 4,
                                                                                "Actual Startup Time": 0.006,
                                                                                "Actual Total Time": 0.008,
                                                                                "Actual Rows": 11,
                                                                                "Actual Loops": 6,
                                                                                "Filter": "((role)::text = ANY ('{actor,actress,cinematographer,composer,\"costume designer\",director,guest,\"miscellaneous crew\",producer,\"production designer\",writer}'::text[]))",
                                                                                "Rows Removed by Filter": 1,
                                                                                "Workers": []
                                                                            }
                                                                        ]
                                                                    }
                                                                ]
                                                            }
                                                        ]
                                                    }
                                                ]
                                            },
                                            {
                                                "Node Type": "Materialize",
                                                "Parent Relationship": "Inner",
                                                "Parallel Aware": false,
                                                "Async Capable": false,
                                                "Startup Cost": 0.0,
                                                "Total Cost": 2.42,
                                                "Plan Rows": 1,
                                                "Plan Width": 4,
                                                "Actual Startup Time": 0.0,
                                                "Actual Total Time": 0.0,
                                                "Actual Rows": 1,
                                                "Actual Loops": 278924,
                                                "Plans": [
                                                    {
                                                        "Node Type": "Seq Scan",
                                                        "Parent Relationship": "Outer",
                                                        "Parallel Aware": false,
                                                        "Async Capable": false,
                                                        "Relation Name": "info_type",
                                                        "Alias": "it1",
                                                        "Startup Cost": 0.0,
                                                        "Total Cost": 2.41,
                                                        "Plan Rows": 1,
                                                        "Plan Width": 4,
                                                        "Actual Startup Time": 0.012,
                                                        "Actual Total Time": 0.014,
                                                        "Actual Rows": 1,
                                                        "Actual Loops": 1,
                                                        "Filter": "(id = 16)",
                                                        "Rows Removed by Filter": 112
                                                    }
                                                ]
                                            }
                                        ]
                                    },
                                    {
                                        "Node Type": "Materialize",
                                        "Parent Relationship": "Inner",
                                        "Parallel Aware": false,
                                        "Async Capable": false,
                                        "Startup Cost": 0.0,
                                        "Total Cost": 2.42,
                                        "Plan Rows": 1,
                                        "Plan Width": 4,
                                        "Actual Startup Time": 0.0,
                                        "Actual Total Time": 0.0,
                                        "Actual Rows": 1,
                                        "Actual Loops": 278924,
                                        "Plans": [
                                            {
                                                "Node Type": "Seq Scan",
                                                "Parent Relationship": "Outer",
                                                "Parallel Aware": false,
                                                "Async Capable": false,
                                                "Relation Name": "info_type",
                                                "Alias": "it2",
                                                "Startup Cost": 0.0,
                                                "Total Cost": 2.41,
                                                "Plan Rows": 1,
                                                "Plan Width": 4,
                                                "Actual Startup Time": 0.002,
                                                "Actual Total Time": 0.004,
                                                "Actual Rows": 1,
                                                "Actual Loops": 1,
                                                "Filter": "(id = 21)",
                                                "Rows Removed by Filter": 112
                                            }
                                        ]
                                    }
                                ]
                            }
                        ]
                    },
                    "Planning Time": 2.46,
                    "Triggers": [],
                    "Execution Time": 1147.904
                }
            ],
            "hints": [
                "SET enable_hashjoin TO on",
                "SET enable_indexonlyscan TO on",
                "SET enable_indexscan TO on",
                "SET enable_mergejoin TO on",
                "SET enable_nestloop TO on",
                "SET enable_seqscan TO on"
            ]
        },
        {
            "arm": 1,
            "execution_time": 1854.966,
            "plan": [
                {
                    "Plan": {
                        "Node Type": "Aggregate",
                        "Strategy": "Sorted",
                        "Partial Mode": "Simple",
                        "Parallel Aware": false,
                        "Async Capable": false,
                        "Startup Cost": 20000737298.09,
                        "Total Cost": 20000737492.25,
                        "Plan Rows": 1167,
                        "Plan Width": 147,
                        "Actual Startup Time": 1690.993,
                        "Actual Total Time": 1850.648,
                        "Actual Rows": 220060,
                        "Actual Loops": 1,
                        "Group Key": [
                            "mi1.info",
                            "pi1.info"
                        ],
                        "Plans": [
                            {
                                "Node Type": "Nested Loop",
                                "Parent Relationship": "Outer",
                                "Parallel Aware": false,
                                "Async Capable": false,
                                "Join Type": "Inner",
                                "Startup Cost": 20000737298.09,
                                "Total Cost": 20000737471.83,
                                "Plan Rows": 1167,
                                "Plan Width": 139,
                                "Actual Startup Time": 1690.981,
                                "Actual Total Time": 1823.689,
                                "Actual Rows": 278924,
                                "Actual Loops": 1,
                                "Inner Unique": false,
                                "Plans": [
                                    {
                                        "Node Type": "Nested Loop",
                                        "Parent Relationship": "Outer",
                                        "Parallel Aware": false,
                                        "Async Capable": false,
                                        "Join Type": "Inner",
                                        "Startup Cost": 10000737298.09,
                                        "Total Cost": 10000737454.83,
                                        "Plan Rows": 1167,
                                        "Plan Width": 143,
                                        "Actual Startup Time": 1690.977,
                                        "Actual Total Time": 1788.471,
                                        "Actual Rows": 278924,
                                        "Actual Loops": 1,
                                        "Inner Unique": false,
                                        "Plans": [
                                            {
                                                "Node Type": "Gather Merge",
                                                "Parent Relationship": "Outer",
                                                "Parallel Aware": false,
                                                "Async Capable": false,
                                                "Startup Cost": 737298.09,
                                                "Total Cost": 737437.82,
                                                "Plan Rows": 1167,
                                                "Plan Width": 147,
                                                "Actual Startup Time": 1690.96,
                                                "Actual Total Time": 1752.361,
                                                "Actual Rows": 278924,
                                                "Actual Loops": 1,
                                                "Workers Planned": 4,
                                                "Workers Launched": 4,
                                                "Plans": [
                                                    {
                                                        "Node Type": "Sort",
                                                        "Parent Relationship": "Outer",
                                                        "Parallel Aware": false,
                                                        "Async Capable": false,
                                                        "Startup Cost": 736298.04,
                                                        "Total Cost": 736298.77,
                                                        "Plan Rows": 292,
                                                        "Plan Width": 147,
                                                        "Actual Startup Time": 1688.097,
                                                        "Actual Total Time": 1690.506,
                                                        "Actual Rows": 55785,
                                                        "Actual Loops": 5,
                                                        "Sort Key": [
                                                            "mi1.info COLLATE \"C\"",
                                                            "pi1.info COLLATE \"C\""
                                                        ],
                                                        "Sort Method": "quicksort",
                                                        "Sort Space Used": 5748,
                                                        "Sort Space Type": "Memory",
                                                        "Workers": [
                                                            {
                                                                "Worker Number": 0,
                                                                "Sort Method": "quicksort",
                                                                "Sort Space Used": 5362,
                                                                "Sort Space Type": "Memory"
                                                            },
                                                            {
                                                                "Worker Number": 1,
                                                                "Sort Method": "quicksort",
                                                                "Sort Space Used": 5238,
                                                                "Sort Space Type": "Memory"
                                                            },
                                                            {
                                                                "Worker Number": 2,
                                                                "Sort Method": "quicksort",
                                                                "Sort Space Used": 5046,
                                                                "Sort Space Type": "Memory"
                                                            },
                                                            {
                                                                "Worker Number": 3,
                                                                "Sort Method": "quicksort",
                                                                "Sort Space Used": 5450,
                                                                "Sort Space Type": "Memory"
                                                            }
                                                        ],
                                                        "Plans": [
                                                            {
                                                                "Node Type": "Hash Join",
                                                                "Parent Relationship": "Outer",
                                                                "Parallel Aware": false,
                                                                "Async Capable": false,
                                                                "Join Type": "Inner",
                                                                "Startup Cost": 661065.43,
                                                                "Total Cost": 736286.08,
                                                                "Plan Rows": 292,
                                                                "Plan Width": 147,
                                                                "Actual Startup Time": 1579.066,
                                                                "Actual Total Time": 1671.739,
                                                                "Actual Rows": 55785,
                                                                "Actual Loops": 5,
                                                                "Inner Unique": true,
                                                                "Hash Cond": "(ci.role_id = rt.id)",
                                                                "Workers": [],
                                                                "Plans": [
                                                                    {
                                                                        "Node Type": "Hash Join",
                                                                        "Parent Relationship": "Outer",
                                                                        "Parallel Aware": true,
                                                                        "Async Capable": false,
                                                                        "Join Type": "Inner",
                                                                        "Startup Cost": 661064.01,
                                                                        "Total Cost": 736283.53,
                                                                        "Plan Rows": 318,
                                                                        "Plan Width": 151,
                                                                        "Actual Startup Time": 1578.98,
                                                                        "Actual Total Time": 1668.186,
                                                                        "Actual Rows": 56055,
                                                                        "Actual Loops": 5,
                                                                        "Inner Unique": false,
                                                                        "Hash Cond": "(n.id = ci.person_id)",
                                                                        "Workers": [],
                                                                        "Plans": [
                                                                            {
                                                                                "Node Type": "Seq Scan",
                                                                                "Parent Relationship": "Outer",
                                                                                "Parallel Aware": true,
                                                                                "Async Capable": false,
                                                                                "Relation Name": "name",
                                                                                "Alias": "n",
                                                                                "Startup Cost": 0.0,
                                                                                "Total Cost": 66074.73,
                                                                                "Plan Rows": 1041873,
                                                                                "Plan Width": 4,
                                                                                "Actual Startup Time": 0.016,
                                                                                "Actual Total Time": 45.643,
                                                                                "Actual Rows": 833498,
                                                                                "Actual Loops": 5,
                                                                                "Workers": []
                                                                            },
                                                                            {
                                                                                "Node Type": "Hash",
                                                                                "Parent Relationship": "Inner",
                                                                                "Parallel Aware": true,
                                                                                "Async Capable": false,
                                                                                "Startup Cost": 660921.96,
                                                                                "Total Cost": 660921.96,
                                                                                "Plan Rows": 11364,
                                                                                "Plan Width": 159,
                                                                                "Actual Startup Time": 1578.898,
                                                                                "Actual Total Time": 1579.072,
                                                                                "Actual Rows": 56055,
                                                                                "Actual Loops": 5,
                                                                                "Hash Buckets": 524288,
                                                                                "Original Hash Buckets": 65536,
                                                                                "Hash Batches": 1,
                                                                                "Original Hash Batches": 1,
                                                                                "Peak Memory Usage": 32608,
                                                                                "Workers": [],
                                                                                "Plans": [
                                                                                    {
                                                                                        "Node Type": "Hash Join",
                                                                                        "Parent Relationship": "Outer",
                                                                                        "Parallel Aware": true,
                                                                                        "Async Capable": false,
                                                                                        "Join Type": "Inner",
                                                                                        "Startup Cost": 598592.94,
                                                                                        "Total Cost": 660921.96,
                                                                                        "Plan Rows": 11364,
                                                                                        "Plan Width": 159,
                                                                                        "Actual Startup Time": 1548.929,
                                                                                        "Actual Total Time": 1567.707,
                                                                                        "Actual Rows": 56055,
                                                                                        "Actual Loops": 5,
                                                                                        "Inner Unique": false,
                                                                                        "Hash Cond": "(pi1.person_id = ci.person_id)",
                                                                                        "Workers": [],
                                                                                        "Plans": [
                                                                                            {
                                                                                                "Node Type": "Seq Scan",
                                                                                                "Parent Relationship": "Outer",
                                                                                                "Parallel Aware": true,
                                                                                                "Async Capable": false,
                                                                                                "Relation Name": "person_info",
                                                                                                "Alias": "pi1",
                                                                                                "Startup Cost": 0.0,
                                                                                                "Total Cost": 62183.96,
                                                                                                "Plan Rows": 2587,
                                                                                                "Plan Width": 105,
                                                                                                "Actual Startup Time": 0.048,
                                                                                                "Actual Total Time": 177.968,
                                                                                                "Actual Rows": 9025,
                                                                                                "Actual Loops": 5,
                                                                                                "Filter": "((info ~~* '%196%'::text) AND (info_type_id = 21))",
                                                                                                "Rows Removed by Filter": 583708,
                                                                                                "Workers": []
                                                                                            },
                                                                                            {
                                                                                                "Node Type": "Hash",
                                                                                                "Parent Relationship": "Inner",
                                                                                                "Parallel Aware": true,
                                                                                                "Async Capable": false,
                                                                                                "Startup Cost": 597524.34,
                                                                                                "Total Cost": 597524.34,
                                                                                                "Plan Rows": 85488,
                                                                                                "Plan Width": 54,
                                                                                                "Actual Startup Time": 1364.015,
                                                                                                "Actual Total Time": 1364.122,
                                                                                                "Actual Rows": 604210,
                                                                                                "Actual Loops": 5,
                                                                                                "Hash Buckets": 262144,
                                                                                                "Original Hash Buckets": 524288,
                                                                                                "Hash Batches": 16,
                                                                                                "Original Hash Batches": 1,
                                                                                                "Peak Memory Usage": 15456,
                                                                                                "Workers": [],
                                                                                                "Plans": [
                                                                                                    {
                                                                                                        "Node Type": "Hash Join",
                                                                                                        "Parent Relationship": "Outer",
                                                                                                        "Parallel Aware": true,
                                                                                                        "Async Capable": false,
                                                                                                        "Join Type": "Inner",
                                                                                                        "Startup Cost": 261573.41,
                                                                                                        "Total Cost": 597524.34,
                                                                                                        "Plan Rows": 85488,
                                                                                                        "Plan Width": 54,
                                                                                                        "Actual Startup Time": 580.973,
                                                                                                        "Actual Total Time": 1295.158,
                                                                                                        "Actual Rows": 604210,
                                                                                                        "Actual Loops": 5,
                                                                                                        "Inner Unique": false,
                                                                                                        "Hash Cond": "(ci.movie_id = t.id)",
                                                                                                        "Workers": [],
                                                                                                        "Plans": [
                                                                                                            {
                                                                                                                "Node Type": "Seq Scan",
                                                                                                                "Parent Relationship": "Outer",
                                                                                                                "Parallel Aware": true,
                                                                                                                "Async Capable": false,
                                                                                                                "Relation Name": "cast_info",
                                                                                                                "Alias": "ci",
                                                                                                                "Startup Cost": 0.0,
                                                                                                                "Total Cost": 313127.24,
                                                                                                                "Plan Rows": 6040724,
                                                                                                                "Plan Width": 12,
                                                                                                                "Actual Startup Time": 0.011,
                                                                                                                "Actual Total Time": 254.406,
                                                                                                                "Actual Rows": 7248869,
                                                                                                                "Actual Loops": 5,
                                                                                                                "Workers": []
                                                                                                            },
                                                                                                            {
                                                                                                                "Node Type": "Hash",
                                                                                                                "Parent Relationship": "Inner",
                                                                                                                "Parallel Aware": true,
                                                                                                                "Async Capable": false,
                                                                                                                "Startup Cost": 261483.95,
                                                                                                                "Total Cost": 261483.95,
                                                                                                                "Plan Rows": 7157,
                                                                                                                "Plan Width": 54,
                                                                                                                "Actual Startup Time": 580.88,
                                                                                                                "Actual Total Time": 580.986,
                                                                                                                "Actual Rows": 37747,
                                                                                                                "Actual Loops": 5,
                                                                                                                "Hash Buckets": 262144,
                                                                                                                "Original Hash Buckets": 65536,
                                                                                                                "Hash Batches": 1,
                                                                                                                "Original Hash Batches": 1,
                                                                                                                "Peak Memory Usage": 16224,
                                                                                                                "Workers": [],
                                                                                                                "Plans": [
                                                                                                                    {
                                                                                                                        "Node Type": "Hash Join",
                                                                                                                        "Parent Relationship": "Outer",
                                                                                                                        "Parallel Aware": false,
                                                                                                                        "Async Capable": false,
                                                                                                                        "Join Type": "Inner",
                                                                                                                        "Startup Cost": 52702.3,
                                                                                                                        "Total Cost": 261483.95,
                                                                                                                        "Plan Rows": 7157,
                                                                                                                        "Plan Width": 54,
                                                                                                                        "Actual Startup Time": 546.005,
                                                                                                                        "Actual Total Time": 570.558,
                                                                                                                        "Actual Rows": 37747,
                                                                                                                        "Actual Loops": 5,
                                                                                                                        "Inner Unique": true,
                                                                                                                        "Hash Cond": "(t.kind_id = kt.id)",
                                                                                                                        "Workers": [],
                                                                                                                        "Plans": [
                                                                                                                            {
                                                                                                                                "Node Type": "Hash Join",
                                                                                                                                "Parent Relationship": "Outer",
                                                                                                                                "Parallel Aware": true,
                                                                                                                                "Async Capable": false,
                                                                                                                                "Join Type": "Inner",
                                                                                                                                "Startup Cost": 52701.11,
                                                                                                                                "Total Cost": 261447.56,
                                                                                                                                "Plan Rows": 8350,
                                                                                                                                "Plan Width": 58,
                                                                                                                                "Actual Startup Time": 545.989,
                                                                                                                                "Actual Total Time": 568.132,
                                                                                                                                "Actual Rows": 38472,
                                                                                                                                "Actual Loops": 5,
                                                                                                                                "Inner Unique": true,
                                                                                                                                "Hash Cond": "(mi1.movie_id = t.id)",
                                                                                                                                "Workers": [],
                                                                                                                                "Plans": [
                                                                                                                                    {
                                                                                                                                        "Node Type": "Seq Scan",
                                                                                                                                        "Parent Relationship": "Outer",
                                                                                                                                        "Parallel Aware": true,
                                                                                                                                        "Async Capable": false,
                                                                                                                                        "Relation Name": "movie_info",
                                                                                                                                        "Alias": "mi1",
                                                                                                                                        "Startup Cost": 0.0,
                                                                                                                                        "Total Cost": 206090.53,
                                                                                                                                        "Plan Rows": 8350,
                                                                                                                                        "Plan Width": 50,
                                                                                                                                        "Actual Startup Time": 150.076,
                                                                                                                                        "Actual Total Time": 470.064,
                                                                                                                                        "Actual Rows": 38472,
                                                                                                                                        "Actual Loops": 5,
                                                                                                                                        "Filter": "((info ~~* '%spai%'::text) AND (info_type_id = 16))",
                                                                                                                                        "Rows Removed by Filter": 2928672,
                                                                                                                                        "Workers": []
                                                                                                                                    },
                                                                                                                                    {
                                                                                                                                        "Node Type": "Hash",
                                                                                                                                        "Parent Relationship": "Inner",
                                                                                                                                        "Parallel Aware": true,
                                                                                                                                        "Async Capable": false,
                                                                                                                                        "Startup Cost": 42329.38,
                                                                                                                                        "Total Cost": 42329.38,
                                                                                                                                        "Plan Rows": 632138,
                                                                                                                                        "Plan Width": 8,
                                                                                                                                        "Actual Startup Time": 63.23,
                                                                                                                                        "Actual Total Time": 63.231,
                                                                                                                                        "Actual Rows": 505662,
                                                                                                                                        "Actual Loops": 5,
                                                                                                                                        "Hash Buckets": 524288,
                                                                                                                                        "Original Hash Buckets": 524288,
                                                                                                                                        "Hash Batches": 16,
                                                                                                                                        "Original Hash Batches": 16,
                                                                                                                                        "Peak Memory Usage": 10368,
                                                                                                                                        "Workers": [],
                                                                                                                                        "Plans": [
                                                                                                                                            {
                                                                                                                                                "Node Type": "Seq Scan",
                                                                                                                                                "Parent Relationship": "Outer",
                                                                                                                                                "Parallel Aware": true,
                                                                                                                                                "Async Capable": false,
                                                                                                                                                "Relation Name": "title",
                                                                                                                                                "Alias": "t",
                                                                                                                                                "Startup Cost": 0.0,
                                                                                                                                                "Total Cost": 42329.38,
                                                                                                                                                "Plan Rows": 632138,
                                                                                                                                                "Plan Width": 8,
                                                                                                                                                "Actual Startup Time": 0.007,
                                                                                                                                                "Actual Total Time": 34.396,
                                                                                                                                                "Actual Rows": 505662,
                                                                                                                                                "Actual Loops": 5,
                                                                                                                                                "Workers": []
                                                                                                                                            }
                                                                                                                                        ]
                                                                                                                                    }
                                                                                                                                ]
                                                                                                                            },
                                                                                                                            {
                                                                                                                                "Node Type": "Hash",
                                                                                                                                "Parent Relationship": "Inner",
                                                                                                                                "Parallel Aware": false,
                                                                                                                                "Async Capable": false,
                                                                                                                                "Startup Cost": 1.12,
                                                                                                                                "Total Cost": 1.12,
                                                                                                                                "Plan Rows": 6,
                                                                                                                                "Plan Width": 4,
                                                                                                                                "Actual Startup Time": 0.007,
                                                                                                                                "Actual Total Time": 0.008,
                                                                                                                                "Actual Rows": 6,
                                                                                                                                "Actual Loops": 5,
                                                                                                                                "Hash Buckets": 1024,
                                                                                                                                "Original Hash Buckets": 1024,
                                                                                                                                "Hash Batches": 1,
                                                                                                                                "Original Hash Batches": 1,
                                                                                                                                "Peak Memory Usage": 9,
                                                                                                                                "Workers": [],
                                                                                                                                "Plans": [
                                                                                                                                    {
                                                                                                                                        "Node Type": "Seq Scan",
                                                                                                                                        "Parent Relationship": "Outer",
                                                                                                                                        "Parallel Aware": false,
                                                                                                                                        "Async Capable": false,
                                                                                                                                        "Relation Name": "kind_type",
                                                                                                                                        "Alias": "kt",
                                                                                                                                        "Startup Cost": 0.0,
                                                                                                                                        "Total Cost": 1.12,
                                                                                                                                        "Plan Rows": 6,
                                                                                                                                        "Plan Width": 4,
                                                                                                                                        "Actual Startup Time": 0.005,
                                                                                                                                        "Actual Total Time": 0.006,
                                                                                                                                        "Actual Rows": 6,
                                                                                                                                        "Actual Loops": 5,
                                                                                                                                        "Filter": "((kind)::text = ANY ('{episode,movie,\"tv mini series\",\"tv movie\",\"video game\",\"video movie\"}'::text[]))",
                                                                                                                                        "Rows Removed by Filter": 1,
                                                                                                                                        "Workers": []
                                                                                                                                    }
                                                                                                                                ]
                                                                                                                            }
                                                                                                                        ]
                                                                                                                    }
                                                                                                                ]
                                                                                                            }
                                                                                                        ]
                                                                                                    }
                                                                                                ]
                                                                                            }
                                                                                        ]
                                                                                    }
                                                                                ]
                                                                            }
                                                                        ]
                                                                    },
                                                                    {
                                                                        "Node Type": "Hash",
                                                                        "Parent Relationship": "Inner",
                                                                        "Parallel Aware": false,
                                                                        "Async Capable": false,
                                                                        "Startup Cost": 1.29,
                                                                        "Total Cost": 1.29,
                                                                        "Plan Rows": 11,
                                                                        "Plan Width": 4,
                                                                        "Actual Startup Time": 0.013,
                                                                        "Actual Total Time": 0.013,
                                                                        "Actual Rows": 11,
                                                                        "Actual Loops": 5,
                                                                        "Hash Buckets": 1024,
                                                                        "Original Hash Buckets": 1024,
                                                                        "Hash Batches": 1,
                                                                        "Original Hash Batches": 1,
                                                                        "Peak Memory Usage": 9,
                                                                        "Workers": [],
                                                                        "Plans": [
                                                                            {
                                                                                "Node Type": "Seq Scan",
                                                                                "Parent Relationship": "Outer",
                                                                                "Parallel Aware": false,
                                                                                "Async Capable": false,
                                                                                "Relation Name": "role_type",
                                                                                "Alias": "rt",
                                                                                "Startup Cost": 0.0,
                                                                                "Total Cost": 1.29,
                                                                                "Plan Rows": 11,
                                                                                "Plan Width": 4,
                                                                                "Actual Startup Time": 0.01,
                                                                                "Actual Total Time": 0.011,
                                                                                "Actual Rows": 11,
                                                                                "Actual Loops": 5,
                                                                                "Filter": "((role)::text = ANY ('{actor,actress,cinematographer,composer,\"costume designer\",director,guest,\"miscellaneous crew\",producer,\"production designer\",writer}'::text[]))",
                                                                                "Rows Removed by Filter": 1,
                                                                                "Workers": []
                                                                            }
                                                                        ]
                                                                    }
                                                                ]
                                                            }
                                                        ]
                                                    }
                                                ]
                                            },
                                            {
                                                "Node Type": "Materialize",
                                                "Parent Relationship": "Inner",
                                                "Parallel Aware": false,
                                                "Async Capable": false,
                                                "Startup Cost": 0.0,
                                                "Total Cost": 2.42,
                                                "Plan Rows": 1,
                                                "Plan Width": 4,
                                                "Actual Startup Time": 0.0,
                                                "Actual Total Time": 0.0,
                                                "Actual Rows": 1,
                                                "Actual Loops": 278924,
                                                "Plans": [
                                                    {
                                                        "Node Type": "Seq Scan",
                                                        "Parent Relationship": "Outer",
                                                        "Parallel Aware": false,
                                                        "Async Capable": false,
                                                        "Relation Name": "info_type",
                                                        "Alias": "it1",
                                                        "Startup Cost": 0.0,
                                                        "Total Cost": 2.41,
                                                        "Plan Rows": 1,
                                                        "Plan Width": 4,
                                                        "Actual Startup Time": 0.012,
                                                        "Actual Total Time": 0.014,
                                                        "Actual Rows": 1,
                                                        "Actual Loops": 1,
                                                        "Filter": "(id = 16)",
                                                        "Rows Removed by Filter": 112
                                                    }
                                                ]
                                            }
                                        ]
                                    },
                                    {
                                        "Node Type": "Materialize",
                                        "Parent Relationship": "Inner",
                                        "Parallel Aware": false,
                                        "Async Capable": false,
                                        "Startup Cost": 0.0,
                                        "Total Cost": 2.42,
                                        "Plan Rows": 1,
                                        "Plan Width": 4,
                                        "Actual Startup Time": 0.0,
                                        "Actual Total Time": 0.0,
                                        "Actual Rows": 1,
                                        "Actual Loops": 278924,
                                        "Plans": [
                                            {
                                                "Node Type": "Seq Scan",
                                                "Parent Relationship": "Outer",
                                                "Parallel Aware": false,
                                                "Async Capable": false,
                                                "Relation Name": "info_type",
                                                "Alias": "it2",
                                                "Startup Cost": 0.0,
                                                "Total Cost": 2.41,
                                                "Plan Rows": 1,
                                                "Plan Width": 4,
                                                "Actual Startup Time": 0.002,
                                                "Actual Total Time": 0.003,
                                                "Actual Rows": 1,
                                                "Actual Loops": 1,
                                                "Filter": "(id = 21)",
                                                "Rows Removed by Filter": 112
                                            }
                                        ]
                                    }
                                ]
                            }
                        ]
                    },
                    "Planning Time": 2.75,
                    "Triggers": [],
                    "Execution Time": 1854.966
                }
            ],
            "hints": [
                "SET enable_hashjoin TO on",
                "SET enable_indexonlyscan TO on",
                "SET enable_indexscan TO on",
                "SET enable_mergejoin TO on",
                "SET enable_nestloop TO off",
                "SET enable_seqscan TO on"
            ]
        },
        {
            "arm": 2,
            "execution_time": 1840.606,
            "plan": [
                {
                    "Plan": {
                        "Node Type": "Aggregate",
                        "Strategy": "Sorted",
                        "Partial Mode": "Simple",
                        "Parallel Aware": false,
                        "Async Capable": false,
                        "Startup Cost": 737298.09,
                        "Total Cost": 737492.25,
                        "Plan Rows": 1167,
                        "Plan Width": 147,
                        "Actual Startup Time": 1675.779,
                        "Actual Total Time": 1836.317,
                        "Actual Rows": 220060,
                        "Actual Loops": 1,
                        "Group Key": [
                            "mi1.info",
                            "pi1.info"
                        ],
                        "Plans": [
                            {
                                "Node Type": "Nested Loop",
                                "Parent Relationship": "Outer",
                                "Parallel Aware": false,
                                "Async Capable": false,
                                "Join Type": "Inner",
                                "Startup Cost": 737298.09,
                                "Total Cost": 737471.83,
                                "Plan Rows": 1167,
                                "Plan Width": 139,
                                "Actual Startup Time": 1675.765,
                                "Actual Total Time": 1810.312,
                                "Actual Rows": 278924,
                                "Actual Loops": 1,
                                "Inner Unique": false,
                                "Plans": [
                                    {
                                        "Node Type": "Nested Loop",
                                        "Parent Relationship": "Outer",
                                        "Parallel Aware": false,
                                        "Async Capable": false,
                                        "Join Type": "Inner",
                                        "Startup Cost": 737298.09,
                                        "Total Cost": 737454.83,
                                        "Plan Rows": 1167,
                                        "Plan Width": 143,
                                        "Actual Startup Time": 1675.762,
                                        "Actual Total Time": 1775.42,
                                        "Actual Rows": 278924,
                                        "Actual Loops": 1,
                                        "Inner Unique": false,
                                        "Plans": [
                                            {
                                                "Node Type": "Gather Merge",
                                                "Parent Relationship": "Outer",
                                                "Parallel Aware": false,
                                                "Async Capable": false,
                                                "Startup Cost": 737298.09,
                                                "Total Cost": 737437.82,
                                                "Plan Rows": 1167,
                                                "Plan Width": 147,
                                                "Actual Startup Time": 1675.741,
                                                "Actual Total Time": 1739.648,
                                                "Actual Rows": 278924,
                                                "Actual Loops": 1,
                                                "Workers Planned": 4,
                                                "Workers Launched": 4,
                                                "Plans": [
                                                    {
                                                        "Node Type": "Sort",
                                                        "Parent Relationship": "Outer",
                                                        "Parallel Aware": false,
                                                        "Async Capable": false,
                                                        "Startup Cost": 736298.04,
                                                        "Total Cost": 736298.77,
                                                        "Plan Rows": 292,
                                                        "Plan Width": 147,
                                                        "Actual Startup Time": 1670.277,
                                                        "Actual Total Time": 1674.209,
                                                        "Actual Rows": 55785,
                                                        "Actual Loops": 5,
                                                        "Sort Key": [
                                                            "mi1.info COLLATE \"C\"",
                                                            "pi1.info COLLATE \"C\""
                                                        ],
                                                        "Sort Method": "quicksort",
                                                        "Sort Space Used": 5482,
                                                        "Sort Space Type": "Memory",
                                                        "Workers": [
                                                            {
                                                                "Worker Number": 0,
                                                                "Sort Method": "quicksort",
                                                                "Sort Space Used": 5034,
                                                                "Sort Space Type": "Memory"
                                                            },
                                                            {
                                                                "Worker Number": 1,
                                                                "Sort Method": "quicksort",
                                                                "Sort Space Used": 5991,
                                                                "Sort Space Type": "Memory"
                                                            },
                                                            {
                                                                "Worker Number": 2,
                                                                "Sort Method": "quicksort",
                                                                "Sort Space Used": 5367,
                                                                "Sort Space Type": "Memory"
                                                            },
                                                            {
                                                                "Worker Number": 3,
                                                                "Sort Method": "quicksort",
                                                                "Sort Space Used": 4970,
                                                                "Sort Space Type": "Memory"
                                                            }
                                                        ],
                                                        "Plans": [
                                                            {
                                                                "Node Type": "Hash Join",
                                                                "Parent Relationship": "Outer",
                                                                "Parallel Aware": false,
                                                                "Async Capable": false,
                                                                "Join Type": "Inner",
                                                                "Startup Cost": 661065.43,
                                                                "Total Cost": 736286.08,
                                                                "Plan Rows": 292,
                                                                "Plan Width": 147,
                                                                "Actual Startup Time": 1567.322,
                                                                "Actual Total Time": 1652.968,
                                                                "Actual Rows": 55785,
                                                                "Actual Loops": 5,
                                                                "Inner Unique": true,
                                                                "Hash Cond": "(ci.role_id = rt.id)",
                                                                "Workers": [],
                                                                "Plans": [
                                                                    {
                                                                        "Node Type": "Hash Join",
                                                                        "Parent Relationship": "Outer",
                                                                        "Parallel Aware": true,
                                                                        "Async Capable": false,
                                                                        "Join Type": "Inner",
                                                                        "Startup Cost": 661064.01,
                                                                        "Total Cost": 736283.53,
                                                                        "Plan Rows": 318,
                                                                        "Plan Width": 151,
                                                                        "Actual Startup Time": 1567.261,
                                                                        "Actual Total Time": 1649.414,
                                                                        "Actual Rows": 56055,
                                                                        "Actual Loops": 5,
                                                                        "Inner Unique": false,
                                                                        "Hash Cond": "(n.id = ci.person_id)",
                                                                        "Workers": [],
                                                                        "Plans": [
                                                                            {
                                                                                "Node Type": "Seq Scan",
                                                                                "Parent Relationship": "Outer",
                                                                                "Parallel Aware": true,
                                                                                "Async Capable": false,
                                                                                "Relation Name": "name",
                                                                                "Alias": "n",
                                                                                "Startup Cost": 0.0,
                                                                                "Total Cost": 66074.73,
                                                                                "Plan Rows": 1041873,
                                                                                "Plan Width": 4,
                                                                                "Actual Startup Time": 0.016,
                                                                                "Actual Total Time": 40.249,
                                                                                "Actual Rows": 833498,
                                                                                "Actual Loops": 5,
                                                                                "Workers": []
                                                                            },
                                                                            {
                                                                                "Node Type": "Hash",
                                                                                "Parent Relationship": "Inner",
                                                                                "Parallel Aware": true,
                                                                                "Async Capable": false,
                                                                                "Startup Cost": 660921.96,
                                                                                "Total Cost": 660921.96,
                                                                                "Plan Rows": 11364,
                                                                                "Plan Width": 159,
                                                                                "Actual Startup Time": 1567.185,
                                                                                "Actual Total Time": 1567.299,
                                                                                "Actual Rows": 56055,
                                                                                "Actual Loops": 5,
                                                                                "Hash Buckets": 524288,
                                                                                "Original Hash Buckets": 65536,
                                                                                "Hash Batches": 1,
                                                                                "Original Hash Batches": 1,
                                                                                "Peak Memory Usage": 32608,
                                                                                "Workers": [],
                                                                                "Plans": [
                                                                                    {
                                                                                        "Node Type": "Hash Join",
                                                                                        "Parent Relationship": "Outer",
                                                                                        "Parallel Aware": true,
                                                                                        "Async Capable": false,
                                                                                        "Join Type": "Inner",
                                                                                        "Startup Cost": 598592.94,
                                                                                        "Total Cost": 660921.96,
                                                                                        "Plan Rows": 11364,
                                                                                        "Plan Width": 159,
                                                                                        "Actual Startup Time": 1537.759,
                                                                                        "Actual Total Time": 1556.575,
                                                                                        "Actual Rows": 56055,
                                                                                        "Actual Loops": 5,
                                                                                        "Inner Unique": false,
                                                                                        "Hash Cond": "(pi1.person_id = ci.person_id)",
                                                                                        "Workers": [],
                                                                                        "Plans": [
                                                                                            {
                                                                                                "Node Type": "Seq Scan",
                                                                                                "Parent Relationship": "Outer",
                                                                                                "Parallel Aware": true,
                                                                                                "Async Capable": false,
                                                                                                "Relation Name": "person_info",
                                                                                                "Alias": "pi1",
                                                                                                "Startup Cost": 0.0,
                                                                                                "Total Cost": 62183.96,
                                                                                                "Plan Rows": 2587,
                                                                                                "Plan Width": 105,
                                                                                                "Actual Startup Time": 0.039,
                                                                                                "Actual Total Time": 177.77,
                                                                                                "Actual Rows": 9025,
                                                                                                "Actual Loops": 5,
                                                                                                "Filter": "((info ~~* '%196%'::text) AND (info_type_id = 21))",
                                                                                                "Rows Removed by Filter": 583708,
                                                                                                "Workers": []
                                                                                            },
                                                                                            {
                                                                                                "Node Type": "Hash",
                                                                                                "Parent Relationship": "Inner",
                                                                                                "Parallel Aware": true,
                                                                                                "Async Capable": false,
                                                                                                "Startup Cost": 597524.34,
                                                                                                "Total Cost": 597524.34,
                                                                                                "Plan Rows": 85488,
                                                                                                "Plan Width": 54,
                                                                                                "Actual Startup Time": 1352.817,
                                                                                                "Actual Total Time": 1352.878,
                                                                                                "Actual Rows": 604210,
                                                                                                "Actual Loops": 5,
                                                                                                "Hash Buckets": 262144,
                                                                                                "Original Hash Buckets": 524288,
                                                                                                "Hash Batches": 16,
                                                                                                "Original Hash Batches": 1,
                                                                                                "Peak Memory Usage": 15424,
                                                                                                "Workers": [],
                                                                                                "Plans": [
                                                                                                    {
                                                                                                        "Node Type": "Hash Join",
                                                                                                        "Parent Relationship": "Outer",
                                                                                                        "Parallel Aware": true,
                                                                                                        "Async Capable": false,
                                                                                                        "Join Type": "Inner",
                                                                                                        "Startup Cost": 261573.41,
                                                                                                        "Total Cost": 597524.34,
                                                                                                        "Plan Rows": 85488,
                                                                                                        "Plan Width": 54,
                                                                                                        "Actual Startup Time": 585.268,
                                                                                                        "Actual Total Time": 1284.871,
                                                                                                        "Actual Rows": 604210,
                                                                                                        "Actual Loops": 5,
                                                                                                        "Inner Unique": false,
                                                                                                        "Hash Cond": "(ci.movie_id = t.id)",
                                                                                                        "Workers": [],
                                                                                                        "Plans": [
                                                                                                            {
                                                                                                                "Node Type": "Seq Scan",
                                                                                                                "Parent Relationship": "Outer",
                                                                                                                "Parallel Aware": true,
                                                                                                                "Async Capable": false,
                                                                                                                "Relation Name": "cast_info",
                                                                                                                "Alias": "ci",
                                                                                                                "Startup Cost": 0.0,
                                                                                                                "Total Cost": 313127.24,
                                                                                                                "Plan Rows": 6040724,
                                                                                                                "Plan Width": 12,
                                                                                                                "Actual Startup Time": 0.011,
                                                                                                                "Actual Total Time": 253.503,
                                                                                                                "Actual Rows": 7248869,
                                                                                                                "Actual Loops": 5,
                                                                                                                "Workers": []
                                                                                                            },
                                                                                                            {
                                                                                                                "Node Type": "Hash",
                                                                                                                "Parent Relationship": "Inner",
                                                                                                                "Parallel Aware": true,
                                                                                                                "Async Capable": false,
                                                                                                                "Startup Cost": 261483.95,
                                                                                                                "Total Cost": 261483.95,
                                                                                                                "Plan Rows": 7157,
                                                                                                                "Plan Width": 54,
                                                                                                                "Actual Startup Time": 585.187,
                                                                                                                "Actual Total Time": 585.247,
                                                                                                                "Actual Rows": 37747,
                                                                                                                "Actual Loops": 5,
                                                                                                                "Hash Buckets": 262144,
                                                                                                                "Original Hash Buckets": 65536,
                                                                                                                "Hash Batches": 1,
                                                                                                                "Original Hash Batches": 1,
                                                                                                                "Peak Memory Usage": 16256,
                                                                                                                "Workers": [],
                                                                                                                "Plans": [
                                                                                                                    {
                                                                                                                        "Node Type": "Hash Join",
                                                                                                                        "Parent Relationship": "Outer",
                                                                                                                        "Parallel Aware": false,
                                                                                                                        "Async Capable": false,
                                                                                                                        "Join Type": "Inner",
                                                                                                                        "Startup Cost": 52702.3,
                                                                                                                        "Total Cost": 261483.95,
                                                                                                                        "Plan Rows": 7157,
                                                                                                                        "Plan Width": 54,
                                                                                                                        "Actual Startup Time": 548.685,
                                                                                                                        "Actual Total Time": 571.267,
                                                                                                                        "Actual Rows": 37747,
                                                                                                                        "Actual Loops": 5,
                                                                                                                        "Inner Unique": true,
                                                                                                                        "Hash Cond": "(t.kind_id = kt.id)",
                                                                                                                        "Workers": [],
                                                                                                                        "Plans": [
                                                                                                                            {
                                                                                                                                "Node Type": "Hash Join",
                                                                                                                                "Parent Relationship": "Outer",
                                                                                                                                "Parallel Aware": true,
                                                                                                                                "Async Capable": false,
                                                                                                                                "Join Type": "Inner",
                                                                                                                                "Startup Cost": 52701.11,
                                                                                                                                "Total Cost": 261447.56,
                                                                                                                                "Plan Rows": 8350,
                                                                                                                                "Plan Width": 58,
                                                                                                                                "Actual Startup Time": 548.669,
                                                                                                                                "Actual Total Time": 568.809,
                                                                                                                                "Actual Rows": 38472,
                                                                                                                                "Actual Loops": 5,
                                                                                                                                "Inner Unique": true,
                                                                                                                                "Hash Cond": "(mi1.movie_id = t.id)",
                                                                                                                                "Workers": [],
                                                                                                                                "Plans": [
                                                                                                                                    {
                                                                                                                                        "Node Type": "Seq Scan",
                                                                                                                                        "Parent Relationship": "Outer",
                                                                                                                                        "Parallel Aware": true,
                                                                                                                                        "Async Capable": false,
                                                                                                                                        "Relation Name": "movie_info",
                                                                                                                                        "Alias": "mi1",
                                                                                                                                        "Startup Cost": 0.0,
                                                                                                                                        "Total Cost": 206090.53,
                                                                                                                                        "Plan Rows": 8350,
                                                                                                                                        "Plan Width": 50,
                                                                                                                                        "Actual Startup Time": 149.284,
                                                                                                                                        "Actual Total Time": 469.715,
                                                                                                                                        "Actual Rows": 38472,
                                                                                                                                        "Actual Loops": 5,
                                                                                                                                        "Filter": "((info ~~* '%spai%'::text) AND (info_type_id = 16))",
                                                                                                                                        "Rows Removed by Filter": 2928672,
                                                                                                                                        "Workers": []
                                                                                                                                    },
                                                                                                                                    {
                                                                                                                                        "Node Type": "Hash",
                                                                                                                                        "Parent Relationship": "Inner",
                                                                                                                                        "Parallel Aware": true,
                                                                                                                                        "Async Capable": false,
                                                                                                                                        "Startup Cost": 42329.38,
                                                                                                                                        "Total Cost": 42329.38,
                                                                                                                                        "Plan Rows": 632138,
                                                                                                                                        "Plan Width": 8,
                                                                                                                                        "Actual Startup Time": 65.04,
                                                                                                                                        "Actual Total Time": 65.041,
                                                                                                                                        "Actual Rows": 505662,
                                                                                                                                        "Actual Loops": 5,
                                                                                                                                        "Hash Buckets": 524288,
                                                                                                                                        "Original Hash Buckets": 524288,
                                                                                                                                        "Hash Batches": 16,
                                                                                                                                        "Original Hash Batches": 16,
                                                                                                                                        "Peak Memory Usage": 10336,
                                                                                                                                        "Workers": [],
                                                                                                                                        "Plans": [
                                                                                                                                            {
                                                                                                                                                "Node Type": "Seq Scan",
                                                                                                                                                "Parent Relationship": "Outer",
                                                                                                                                                "Parallel Aware": true,
                                                                                                                                                "Async Capable": false,
                                                                                                                                                "Relation Name": "title",
                                                                                                                                                "Alias": "t",
                                                                                                                                                "Startup Cost": 0.0,
                                                                                                                                                "Total Cost": 42329.38,
                                                                                                                                                "Plan Rows": 632138,
                                                                                                                                                "Plan Width": 8,
                                                                                                                                                "Actual Startup Time": 0.007,
                                                                                                                                                "Actual Total Time": 35.574,
                                                                                                                                                "Actual Rows": 505662,
                                                                                                                                                "Actual Loops": 5,
                                                                                                                                                "Workers": []
                                                                                                                                            }
                                                                                                                                        ]
                                                                                                                                    }
                                                                                                                                ]
                                                                                                                            },
                                                                                                                            {
                                                                                                                                "Node Type": "Hash",
                                                                                                                                "Parent Relationship": "Inner",
                                                                                                                                "Parallel Aware": false,
                                                                                                                                "Async Capable": false,
                                                                                                                                "Startup Cost": 1.12,
                                                                                                                                "Total Cost": 1.12,
                                                                                                                                "Plan Rows": 6,
                                                                                                                                "Plan Width": 4,
                                                                                                                                "Actual Startup Time": 0.007,
                                                                                                                                "Actual Total Time": 0.008,
                                                                                                                                "Actual Rows": 6,
                                                                                                                                "Actual Loops": 5,
                                                                                                                                "Hash Buckets": 1024,
                                                                                                                                "Original Hash Buckets": 1024,
                                                                                                                                "Hash Batches": 1,
                                                                                                                                "Original Hash Batches": 1,
                                                                                                                                "Peak Memory Usage": 9,
                                                                                                                                "Workers": [],
                                                                                                                                "Plans": [
                                                                                                                                    {
                                                                                                                                        "Node Type": "Seq Scan",
                                                                                                                                        "Parent Relationship": "Outer",
                                                                                                                                        "Parallel Aware": false,
                                                                                                                                        "Async Capable": false,
                                                                                                                                        "Relation Name": "kind_type",
                                                                                                                                        "Alias": "kt",
                                                                                                                                        "Startup Cost": 0.0,
                                                                                                                                        "Total Cost": 1.12,
                                                                                                                                        "Plan Rows": 6,
                                                                                                                                        "Plan Width": 4,
                                                                                                                                        "Actual Startup Time": 0.006,
                                                                                                                                        "Actual Total Time": 0.007,
                                                                                                                                        "Actual Rows": 6,
                                                                                                                                        "Actual Loops": 5,
                                                                                                                                        "Filter": "((kind)::text = ANY ('{episode,movie,\"tv mini series\",\"tv movie\",\"video game\",\"video movie\"}'::text[]))",
                                                                                                                                        "Rows Removed by Filter": 1,
                                                                                                                                        "Workers": []
                                                                                                                                    }
                                                                                                                                ]
                                                                                                                            }
                                                                                                                        ]
                                                                                                                    }
                                                                                                                ]
                                                                                                            }
                                                                                                        ]
                                                                                                    }
                                                                                                ]
                                                                                            }
                                                                                        ]
                                                                                    }
                                                                                ]
                                                                            }
                                                                        ]
                                                                    },
                                                                    {
                                                                        "Node Type": "Hash",
                                                                        "Parent Relationship": "Inner",
                                                                        "Parallel Aware": false,
                                                                        "Async Capable": false,
                                                                        "Startup Cost": 1.29,
                                                                        "Total Cost": 1.29,
                                                                        "Plan Rows": 11,
                                                                        "Plan Width": 4,
                                                                        "Actual Startup Time": 0.011,
                                                                        "Actual Total Time": 0.012,
                                                                        "Actual Rows": 11,
                                                                        "Actual Loops": 5,
                                                                        "Hash Buckets": 1024,
                                                                        "Original Hash Buckets": 1024,
                                                                        "Hash Batches": 1,
                                                                        "Original Hash Batches": 1,
                                                                        "Peak Memory Usage": 9,
                                                                        "Workers": [],
                                                                        "Plans": [
                                                                            {
                                                                                "Node Type": "Seq Scan",
                                                                                "Parent Relationship": "Outer",
                                                                                "Parallel Aware": false,
                                                                                "Async Capable": false,
                                                                                "Relation Name": "role_type",
                                                                                "Alias": "rt",
                                                                                "Startup Cost": 0.0,
                                                                                "Total Cost": 1.29,
                                                                                "Plan Rows": 11,
                                                                                "Plan Width": 4,
                                                                                "Actual Startup Time": 0.008,
                                                                                "Actual Total Time": 0.01,
                                                                                "Actual Rows": 11,
                                                                                "Actual Loops": 5,
                                                                                "Filter": "((role)::text = ANY ('{actor,actress,cinematographer,composer,\"costume designer\",director,guest,\"miscellaneous crew\",producer,\"production designer\",writer}'::text[]))",
                                                                                "Rows Removed by Filter": 1,
                                                                                "Workers": []
                                                                            }
                                                                        ]
                                                                    }
                                                                ]
                                                            }
                                                        ]
                                                    }
                                                ]
                                            },
                                            {
                                                "Node Type": "Materialize",
                                                "Parent Relationship": "Inner",
                                                "Parallel Aware": false,
                                                "Async Capable": false,
                                                "Startup Cost": 0.0,
                                                "Total Cost": 2.42,
                                                "Plan Rows": 1,
                                                "Plan Width": 4,
                                                "Actual Startup Time": 0.0,
                                                "Actual Total Time": 0.0,
                                                "Actual Rows": 1,
                                                "Actual Loops": 278924,
                                                "Plans": [
                                                    {
                                                        "Node Type": "Seq Scan",
                                                        "Parent Relationship": "Outer",
                                                        "Parallel Aware": false,
                                                        "Async Capable": false,
                                                        "Relation Name": "info_type",
                                                        "Alias": "it1",
                                                        "Startup Cost": 0.0,
                                                        "Total Cost": 2.41,
                                                        "Plan Rows": 1,
                                                        "Plan Width": 4,
                                                        "Actual Startup Time": 0.012,
                                                        "Actual Total Time": 0.014,
                                                        "Actual Rows": 1,
                                                        "Actual Loops": 1,
                                                        "Filter": "(id = 16)",
                                                        "Rows Removed by Filter": 112
                                                    }
                                                ]
                                            }
                                        ]
                                    },
                                    {
                                        "Node Type": "Materialize",
                                        "Parent Relationship": "Inner",
                                        "Parallel Aware": false,
                                        "Async Capable": false,
                                        "Startup Cost": 0.0,
                                        "Total Cost": 2.42,
                                        "Plan Rows": 1,
                                        "Plan Width": 4,
                                        "Actual Startup Time": 0.0,
                                        "Actual Total Time": 0.0,
                                        "Actual Rows": 1,
                                        "Actual Loops": 278924,
                                        "Plans": [
                                            {
                                                "Node Type": "Seq Scan",
                                                "Parent Relationship": "Outer",
                                                "Parallel Aware": false,
                                                "Async Capable": false,
                                                "Relation Name": "info_type",
                                                "Alias": "it2",
                                                "Startup Cost": 0.0,
                                                "Total Cost": 2.41,
                                                "Plan Rows": 1,
                                                "Plan Width": 4,
                                                "Actual Startup Time": 0.002,
                                                "Actual Total Time": 0.004,
                                                "Actual Rows": 1,
                                                "Actual Loops": 1,
                                                "Filter": "(id = 21)",
                                                "Rows Removed by Filter": 112
                                            }
                                        ]
                                    }
                                ]
                            }
                        ]
                    },
                    "Planning Time": 1.442,
                    "Triggers": [],
                    "Execution Time": 1840.606
                }
            ],
            "hints": [
                "SET enable_hashjoin TO on",
                "SET enable_indexonlyscan TO on",
                "SET enable_indexscan TO off",
                "SET enable_mergejoin TO off",
                "SET enable_nestloop TO on",
                "SET enable_seqscan TO on"
            ]
        },
        {
            "arm": 3,
            "execution_time": 1815.623,
            "plan": [
                {
                    "Plan": {
                        "Node Type": "Aggregate",
                        "Strategy": "Sorted",
                        "Partial Mode": "Simple",
                        "Parallel Aware": false,
                        "Async Capable": false,
                        "Startup Cost": 20000737298.09,
                        "Total Cost": 20000737492.25,
                        "Plan Rows": 1167,
                        "Plan Width": 147,
                        "Actual Startup Time": 1654.188,
                        "Actual Total Time": 1811.338,
                        "Actual Rows": 220060,
                        "Actual Loops": 1,
                        "Group Key": [
                            "mi1.info",
                            "pi1.info"
                        ],
                        "Plans": [
                            {
                                "Node Type": "Nested Loop",
                                "Parent Relationship": "Outer",
                                "Parallel Aware": false,
                                "Async Capable": false,
                                "Join Type": "Inner",
                                "Startup Cost": 20000737298.09,
                                "Total Cost": 20000737471.83,
                                "Plan Rows": 1167,
                                "Plan Width": 139,
                                "Actual Startup Time": 1654.177,
                                "Actual Total Time": 1785.369,
                                "Actual Rows": 278924,
                                "Actual Loops": 1,
                                "Inner Unique": false,
                                "Plans": [
                                    {
                                        "Node Type": "Nested Loop",
                                        "Parent Relationship": "Outer",
                                        "Parallel Aware": false,
                                        "Async Capable": false,
                                        "Join Type": "Inner",
                                        "Startup Cost": 10000737298.09,
                                        "Total Cost": 10000737454.83,
                                        "Plan Rows": 1167,
                                        "Plan Width": 143,
                                        "Actual Startup Time": 1654.173,
                                        "Actual Total Time": 1750.517,
                                        "Actual Rows": 278924,
                                        "Actual Loops": 1,
                                        "Inner Unique": false,
                                        "Plans": [
                                            {
                                                "Node Type": "Gather Merge",
                                                "Parent Relationship": "Outer",
                                                "Parallel Aware": false,
                                                "Async Capable": false,
                                                "Startup Cost": 737298.09,
                                                "Total Cost": 737437.82,
                                                "Plan Rows": 1167,
                                                "Plan Width": 147,
                                                "Actual Startup Time": 1654.157,
                                                "Actual Total Time": 1714.778,
                                                "Actual Rows": 278924,
                                                "Actual Loops": 1,
                                                "Workers Planned": 4,
                                                "Workers Launched": 4,
                                                "Plans": [
                                                    {
                                                        "Node Type": "Sort",
                                                        "Parent Relationship": "Outer",
                                                        "Parallel Aware": false,
                                                        "Async Capable": false,
                                                        "Startup Cost": 736298.04,
                                                        "Total Cost": 736298.77,
                                                        "Plan Rows": 292,
                                                        "Plan Width": 147,
                                                        "Actual Startup Time": 1651.016,
                                                        "Actual Total Time": 1652.933,
                                                        "Actual Rows": 55785,
                                                        "Actual Loops": 5,
                                                        "Sort Key": [
                                                            "mi1.info COLLATE \"C\"",
                                                            "pi1.info COLLATE \"C\""
                                                        ],
                                                        "Sort Method": "quicksort",
                                                        "Sort Space Used": 5557,
                                                        "Sort Space Type": "Memory",
                                                        "Workers": [
                                                            {
                                                                "Worker Number": 0,
                                                                "Sort Method": "quicksort",
                                                                "Sort Space Used": 5024,
                                                                "Sort Space Type": "Memory"
                                                            },
                                                            {
                                                                "Worker Number": 1,
                                                                "Sort Method": "quicksort",
                                                                "Sort Space Used": 5273,
                                                                "Sort Space Type": "Memory"
                                                            },
                                                            {
                                                                "Worker Number": 2,
                                                                "Sort Method": "quicksort",
                                                                "Sort Space Used": 5623,
                                                                "Sort Space Type": "Memory"
                                                            },
                                                            {
                                                                "Worker Number": 3,
                                                                "Sort Method": "quicksort",
                                                                "Sort Space Used": 5367,
                                                                "Sort Space Type": "Memory"
                                                            }
                                                        ],
                                                        "Plans": [
                                                            {
                                                                "Node Type": "Hash Join",
                                                                "Parent Relationship": "Outer",
                                                                "Parallel Aware": false,
                                                                "Async Capable": false,
                                                                "Join Type": "Inner",
                                                                "Startup Cost": 661065.43,
                                                                "Total Cost": 736286.08,
                                                                "Plan Rows": 292,
                                                                "Plan Width": 147,
                                                                "Actual Startup Time": 1556.518,
                                                                "Actual Total Time": 1634.64,
                                                                "Actual Rows": 55785,
                                                                "Actual Loops": 5,
                                                                "Inner Unique": true,
                                                                "Hash Cond": "(ci.role_id = rt.id)",
                                                                "Workers": [],
                                                                "Plans": [
                                                                    {
                                                                        "Node Type": "Hash Join",
                                                                        "Parent Relationship": "Outer",
                                                                        "Parallel Aware": true,
                                                                        "Async Capable": false,
                                                                        "Join Type": "Inner",
                                                                        "Startup Cost": 661064.01,
                                                                        "Total Cost": 736283.53,
                                                                        "Plan Rows": 318,
                                                                        "Plan Width": 151,
                                                                        "Actual Startup Time": 1556.442,
                                                                        "Actual Total Time": 1631.119,
                                                                        "Actual Rows": 56055,
                                                                        "Actual Loops": 5,
                                                                        "Inner Unique": false,
                                                                        "Hash Cond": "(n.id = ci.person_id)",
                                                                        "Workers": [],
                                                                        "Plans": [
                                                                            {
                                                                                "Node Type": "Seq Scan",
                                                                                "Parent Relationship": "Outer",
                                                                                "Parallel Aware": true,
                                                                                "Async Capable": false,
                                                                                "Relation Name": "name",
                                                                                "Alias": "n",
                                                                                "Startup Cost": 0.0,
                                                                                "Total Cost": 66074.73,
                                                                                "Plan Rows": 1041873,
                                                                                "Plan Width": 4,
                                                                                "Actual Startup Time": 0.007,
                                                                                "Actual Total Time": 32.345,
                                                                                "Actual Rows": 833498,
                                                                                "Actual Loops": 5,
                                                                                "Workers": []
                                                                            },
                                                                            {
                                                                                "Node Type": "Hash",
                                                                                "Parent Relationship": "Inner",
                                                                                "Parallel Aware": true,
                                                                                "Async Capable": false,
                                                                                "Startup Cost": 660921.96,
                                                                                "Total Cost": 660921.96,
                                                                                "Plan Rows": 11364,
                                                                                "Plan Width": 159,
                                                                                "Actual Startup Time": 1556.371,
                                                                                "Actual Total Time": 1556.452,
                                                                                "Actual Rows": 56055,
                                                                                "Actual Loops": 5,
                                                                                "Hash Buckets": 524288,
                                                                                "Original Hash Buckets": 65536,
                                                                                "Hash Batches": 1,
                                                                                "Original Hash Batches": 1,
                                                                                "Peak Memory Usage": 32576,
                                                                                "Workers": [],
                                                                                "Plans": [
                                                                                    {
                                                                                        "Node Type": "Hash Join",
                                                                                        "Parent Relationship": "Outer",
                                                                                        "Parallel Aware": true,
                                                                                        "Async Capable": false,
                                                                                        "Join Type": "Inner",
                                                                                        "Startup Cost": 598592.94,
                                                                                        "Total Cost": 660921.96,
                                                                                        "Plan Rows": 11364,
                                                                                        "Plan Width": 159,
                                                                                        "Actual Startup Time": 1525.423,
                                                                                        "Actual Total Time": 1544.141,
                                                                                        "Actual Rows": 56055,
                                                                                        "Actual Loops": 5,
                                                                                        "Inner Unique": false,
                                                                                        "Hash Cond": "(pi1.person_id = ci.person_id)",
                                                                                        "Workers": [],
                                                                                        "Plans": [
                                                                                            {
                                                                                                "Node Type": "Seq Scan",
                                                                                                "Parent Relationship": "Outer",
                                                                                                "Parallel Aware": true,
                                                                                                "Async Capable": false,
                                                                                                "Relation Name": "person_info",
                                                                                                "Alias": "pi1",
                                                                                                "Startup Cost": 0.0,
                                                                                                "Total Cost": 62183.96,
                                                                                                "Plan Rows": 2587,
                                                                                                "Plan Width": 105,
                                                                                                "Actual Startup Time": 0.035,
                                                                                                "Actual Total Time": 174.362,
                                                                                                "Actual Rows": 9025,
                                                                                                "Actual Loops": 5,
                                                                                                "Filter": "((info ~~* '%196%'::text) AND (info_type_id = 21))",
                                                                                                "Rows Removed by Filter": 583708,
                                                                                                "Workers": []
                                                                                            },
                                                                                            {
                                                                                                "Node Type": "Hash",
                                                                                                "Parent Relationship": "Inner",
                                                                                                "Parallel Aware": true,
                                                                                                "Async Capable": false,
                                                                                                "Startup Cost": 597524.34,
                                                                                                "Total Cost": 597524.34,
                                                                                                "Plan Rows": 85488,
                                                                                                "Plan Width": 54,
                                                                                                "Actual Startup Time": 1344.58,
                                                                                                "Actual Total Time": 1344.658,
                                                                                                "Actual Rows": 604210,
                                                                                                "Actual Loops": 5,
                                                                                                "Hash Buckets": 262144,
                                                                                                "Original Hash Buckets": 524288,
                                                                                                "Hash Batches": 16,
                                                                                                "Original Hash Batches": 1,
                                                                                                "Peak Memory Usage": 15424,
                                                                                                "Workers": [],
                                                                                                "Plans": [
                                                                                                    {
                                                                                                        "Node Type": "Hash Join",
                                                                                                        "Parent Relationship": "Outer",
                                                                                                        "Parallel Aware": true,
                                                                                                        "Async Capable": false,
                                                                                                        "Join Type": "Inner",
                                                                                                        "Startup Cost": 261573.41,
                                                                                                        "Total Cost": 597524.34,
                                                                                                        "Plan Rows": 85488,
                                                                                                        "Plan Width": 54,
                                                                                                        "Actual Startup Time": 577.225,
                                                                                                        "Actual Total Time": 1276.524,
                                                                                                        "Actual Rows": 604210,
                                                                                                        "Actual Loops": 5,
                                                                                                        "Inner Unique": false,
                                                                                                        "Hash Cond": "(ci.movie_id = t.id)",
                                                                                                        "Workers": [],
                                                                                                        "Plans": [
                                                                                                            {
                                                                                                                "Node Type": "Seq Scan",
                                                                                                                "Parent Relationship": "Outer",
                                                                                                                "Parallel Aware": true,
                                                                                                                "Async Capable": false,
                                                                                                                "Relation Name": "cast_info",
                                                                                                                "Alias": "ci",
                                                                                                                "Startup Cost": 0.0,
                                                                                                                "Total Cost": 313127.24,
                                                                                                                "Plan Rows": 6040724,
                                                                                                                "Plan Width": 12,
                                                                                                                "Actual Startup Time": 0.013,
                                                                                                                "Actual Total Time": 251.225,
                                                                                                                "Actual Rows": 7248869,
                                                                                                                "Actual Loops": 5,
                                                                                                                "Workers": []
                                                                                                            },
                                                                                                            {
                                                                                                                "Node Type": "Hash",
                                                                                                                "Parent Relationship": "Inner",
                                                                                                                "Parallel Aware": true,
                                                                                                                "Async Capable": false,
                                                                                                                "Startup Cost": 261483.95,
                                                                                                                "Total Cost": 261483.95,
                                                                                                                "Plan Rows": 7157,
                                                                                                                "Plan Width": 54,
                                                                                                                "Actual Startup Time": 577.132,
                                                                                                                "Actual Total Time": 577.208,
                                                                                                                "Actual Rows": 37747,
                                                                                                                "Actual Loops": 5,
                                                                                                                "Hash Buckets": 262144,
                                                                                                                "Original Hash Buckets": 65536,
                                                                                                                "Hash Batches": 1,
                                                                                                                "Original Hash Batches": 1,
                                                                                                                "Peak Memory Usage": 16224,
                                                                                                                "Workers": [],
                                                                                                                "Plans": [
                                                                                                                    {
                                                                                                                        "Node Type": "Hash Join",
                                                                                                                        "Parent Relationship": "Outer",
                                                                                                                        "Parallel Aware": false,
                                                                                                                        "Async Capable": false,
                                                                                                                        "Join Type": "Inner",
                                                                                                                        "Startup Cost": 52702.3,
                                                                                                                        "Total Cost": 261483.95,
                                                                                                                        "Plan Rows": 7157,
                                                                                                                        "Plan Width": 54,
                                                                                                                        "Actual Startup Time": 541.708,
                                                                                                                        "Actual Total Time": 565.438,
                                                                                                                        "Actual Rows": 37747,
                                                                                                                        "Actual Loops": 5,
                                                                                                                        "Inner Unique": true,
                                                                                                                        "Hash Cond": "(t.kind_id = kt.id)",
                                                                                                                        "Workers": [],
                                                                                                                        "Plans": [
                                                                                                                            {
                                                                                                                                "Node Type": "Hash Join",
                                                                                                                                "Parent Relationship": "Outer",
                                                                                                                                "Parallel Aware": true,
                                                                                                                                "Async Capable": false,
                                                                                                                                "Join Type": "Inner",
                                                                                                                                "Startup Cost": 52701.11,
                                                                                                                                "Total Cost": 261447.56,
                                                                                                                                "Plan Rows": 8350,
                                                                                                                                "Plan Width": 58,
                                                                                                                                "Actual Startup Time": 541.689,
                                                                                                                                "Actual Total Time": 562.976,
                                                                                                                                "Actual Rows": 38472,
                                                                                                                                "Actual Loops": 5,
                                                                                                                                "Inner Unique": true,
                                                                                                                                "Hash Cond": "(mi1.movie_id = t.id)",
                                                                                                                                "Workers": [],
                                                                                                                                "Plans": [
                                                                                                                                    {
                                                                                                                                        "Node Type": "Seq Scan",
                                                                                                                                        "Parent Relationship": "Outer",
                                                                                                                                        "Parallel Aware": true,
                                                                                                                                        "Async Capable": false,
                                                                                                                                        "Relation Name": "movie_info",
                                                                                                                                        "Alias": "mi1",
                                                                                                                                        "Startup Cost": 0.0,
                                                                                                                                        "Total Cost": 206090.53,
                                                                                                                                        "Plan Rows": 8350,
                                                                                                                                        "Plan Width": 50,
                                                                                                                                        "Actual Startup Time": 147.882,
                                                                                                                                        "Actual Total Time": 466.707,
                                                                                                                                        "Actual Rows": 38472,
                                                                                                                                        "Actual Loops": 5,
                                                                                                                                        "Filter": "((info ~~* '%spai%'::text) AND (info_type_id = 16))",
                                                                                                                                        "Rows Removed by Filter": 2928672,
                                                                                                                                        "Workers": []
                                                                                                                                    },
                                                                                                                                    {
                                                                                                                                        "Node Type": "Hash",
                                                                                                                                        "Parent Relationship": "Inner",
                                                                                                                                        "Parallel Aware": true,
                                                                                                                                        "Async Capable": false,
                                                                                                                                        "Startup Cost": 42329.38,
                                                                                                                                        "Total Cost": 42329.38,
                                                                                                                                        "Plan Rows": 632138,
                                                                                                                                        "Plan Width": 8,
                                                                                                                                        "Actual Startup Time": 62.349,
                                                                                                                                        "Actual Total Time": 62.35,
                                                                                                                                        "Actual Rows": 505662,
                                                                                                                                        "Actual Loops": 5,
                                                                                                                                        "Hash Buckets": 524288,
                                                                                                                                        "Original Hash Buckets": 524288,
                                                                                                                                        "Hash Batches": 16,
                                                                                                                                        "Original Hash Batches": 16,
                                                                                                                                        "Peak Memory Usage": 10368,
                                                                                                                                        "Workers": [],
                                                                                                                                        "Plans": [
                                                                                                                                            {
                                                                                                                                                "Node Type": "Seq Scan",
                                                                                                                                                "Parent Relationship": "Outer",
                                                                                                                                                "Parallel Aware": true,
                                                                                                                                                "Async Capable": false,
                                                                                                                                                "Relation Name": "title",
                                                                                                                                                "Alias": "t",
                                                                                                                                                "Startup Cost": 0.0,
                                                                                                                                                "Total Cost": 42329.38,
                                                                                                                                                "Plan Rows": 632138,
                                                                                                                                                "Plan Width": 8,
                                                                                                                                                "Actual Startup Time": 0.007,
                                                                                                                                                "Actual Total Time": 33.064,
                                                                                                                                                "Actual Rows": 505662,
                                                                                                                                                "Actual Loops": 5,
                                                                                                                                                "Workers": []
                                                                                                                                            }
                                                                                                                                        ]
                                                                                                                                    }
                                                                                                                                ]
                                                                                                                            },
                                                                                                                            {
                                                                                                                                "Node Type": "Hash",
                                                                                                                                "Parent Relationship": "Inner",
                                                                                                                                "Parallel Aware": false,
                                                                                                                                "Async Capable": false,
                                                                                                                                "Startup Cost": 1.12,
                                                                                                                                "Total Cost": 1.12,
                                                                                                                                "Plan Rows": 6,
                                                                                                                                "Plan Width": 4,
                                                                                                                                "Actual Startup Time": 0.01,
                                                                                                                                "Actual Total Time": 0.01,
                                                                                                                                "Actual Rows": 6,
                                                                                                                                "Actual Loops": 5,
                                                                                                                                "Hash Buckets": 1024,
                                                                                                                                "Original Hash Buckets": 1024,
                                                                                                                                "Hash Batches": 1,
                                                                                                                                "Original Hash Batches": 1,
                                                                                                                                "Peak Memory Usage": 9,
                                                                                                                                "Workers": [],
                                                                                                                                "Plans": [
                                                                                                                                    {
                                                                                                                                        "Node Type": "Seq Scan",
                                                                                                                                        "Parent Relationship": "Outer",
                                                                                                                                        "Parallel Aware": false,
                                                                                                                                        "Async Capable": false,
                                                                                                                                        "Relation Name": "kind_type",
                                                                                                                                        "Alias": "kt",
                                                                                                                                        "Startup Cost": 0.0,
                                                                                                                                        "Total Cost": 1.12,
                                                                                                                                        "Plan Rows": 6,
                                                                                                                                        "Plan Width": 4,
                                                                                                                                        "Actual Startup Time": 0.008,
                                                                                                                                        "Actual Total Time": 0.009,
                                                                                                                                        "Actual Rows": 6,
                                                                                                                                        "Actual Loops": 5,
                                                                                                                                        "Filter": "((kind)::text = ANY ('{episode,movie,\"tv mini series\",\"tv movie\",\"video game\",\"video movie\"}'::text[]))",
                                                                                                                                        "Rows Removed by Filter": 1,
                                                                                                                                        "Workers": []
                                                                                                                                    }
                                                                                                                                ]
                                                                                                                            }
                                                                                                                        ]
                                                                                                                    }
                                                                                                                ]
                                                                                                            }
                                                                                                        ]
                                                                                                    }
                                                                                                ]
                                                                                            }
                                                                                        ]
                                                                                    }
                                                                                ]
                                                                            }
                                                                        ]
                                                                    },
                                                                    {
                                                                        "Node Type": "Hash",
                                                                        "Parent Relationship": "Inner",
                                                                        "Parallel Aware": false,
                                                                        "Async Capable": false,
                                                                        "Startup Cost": 1.29,
                                                                        "Total Cost": 1.29,
                                                                        "Plan Rows": 11,
                                                                        "Plan Width": 4,
                                                                        "Actual Startup Time": 0.013,
                                                                        "Actual Total Time": 0.014,
                                                                        "Actual Rows": 11,
                                                                        "Actual Loops": 5,
                                                                        "Hash Buckets": 1024,
                                                                        "Original Hash Buckets": 1024,
                                                                        "Hash Batches": 1,
                                                                        "Original Hash Batches": 1,
                                                                        "Peak Memory Usage": 9,
                                                                        "Workers": [],
                                                                        "Plans": [
                                                                            {
                                                                                "Node Type": "Seq Scan",
                                                                                "Parent Relationship": "Outer",
                                                                                "Parallel Aware": false,
                                                                                "Async Capable": false,
                                                                                "Relation Name": "role_type",
                                                                                "Alias": "rt",
                                                                                "Startup Cost": 0.0,
                                                                                "Total Cost": 1.29,
                                                                                "Plan Rows": 11,
                                                                                "Plan Width": 4,
                                                                                "Actual Startup Time": 0.009,
                                                                                "Actual Total Time": 0.011,
                                                                                "Actual Rows": 11,
                                                                                "Actual Loops": 5,
                                                                                "Filter": "((role)::text = ANY ('{actor,actress,cinematographer,composer,\"costume designer\",director,guest,\"miscellaneous crew\",producer,\"production designer\",writer}'::text[]))",
                                                                                "Rows Removed by Filter": 1,
                                                                                "Workers": []
                                                                            }
                                                                        ]
                                                                    }
                                                                ]
                                                            }
                                                        ]
                                                    }
                                                ]
                                            },
                                            {
                                                "Node Type": "Materialize",
                                                "Parent Relationship": "Inner",
                                                "Parallel Aware": false,
                                                "Async Capable": false,
                                                "Startup Cost": 0.0,
                                                "Total Cost": 2.42,
                                                "Plan Rows": 1,
                                                "Plan Width": 4,
                                                "Actual Startup Time": 0.0,
                                                "Actual Total Time": 0.0,
                                                "Actual Rows": 1,
                                                "Actual Loops": 278924,
                                                "Plans": [
                                                    {
                                                        "Node Type": "Seq Scan",
                                                        "Parent Relationship": "Outer",
                                                        "Parallel Aware": false,
                                                        "Async Capable": false,
                                                        "Relation Name": "info_type",
                                                        "Alias": "it1",
                                                        "Startup Cost": 0.0,
                                                        "Total Cost": 2.41,
                                                        "Plan Rows": 1,
                                                        "Plan Width": 4,
                                                        "Actual Startup Time": 0.01,
                                                        "Actual Total Time": 0.013,
                                                        "Actual Rows": 1,
                                                        "Actual Loops": 1,
                                                        "Filter": "(id = 16)",
                                                        "Rows Removed by Filter": 112
                                                    }
                                                ]
                                            }
                                        ]
                                    },
                                    {
                                        "Node Type": "Materialize",
                                        "Parent Relationship": "Inner",
                                        "Parallel Aware": false,
                                        "Async Capable": false,
                                        "Startup Cost": 0.0,
                                        "Total Cost": 2.42,
                                        "Plan Rows": 1,
                                        "Plan Width": 4,
                                        "Actual Startup Time": 0.0,
                                        "Actual Total Time": 0.0,
                                        "Actual Rows": 1,
                                        "Actual Loops": 278924,
                                        "Plans": [
                                            {
                                                "Node Type": "Seq Scan",
                                                "Parent Relationship": "Outer",
                                                "Parallel Aware": false,
                                                "Async Capable": false,
                                                "Relation Name": "info_type",
                                                "Alias": "it2",
                                                "Startup Cost": 0.0,
                                                "Total Cost": 2.41,
                                                "Plan Rows": 1,
                                                "Plan Width": 4,
                                                "Actual Startup Time": 0.002,
                                                "Actual Total Time": 0.003,
                                                "Actual Rows": 1,
                                                "Actual Loops": 1,
                                                "Filter": "(id = 21)",
                                                "Rows Removed by Filter": 112
                                            }
                                        ]
                                    }
                                ]
                            }
                        ]
                    },
                    "Planning Time": 1.63,
                    "Triggers": [],
                    "Execution Time": 1815.623
                }
            ],
            "hints": [
                "SET enable_hashjoin TO on",
                "SET enable_indexonlyscan TO on",
                "SET enable_indexscan TO off",
                "SET enable_mergejoin TO off",
                "SET enable_nestloop TO off",
                "SET enable_seqscan TO on"
            ]
        },
        {
            "arm": 4,
            "execution_time": 1150.123,
            "plan": [
                {
                    "Plan": {
                        "Node Type": "Aggregate",
                        "Strategy": "Sorted",
                        "Partial Mode": "Simple",
                        "Parallel Aware": false,
                        "Async Capable": false,
                        "Startup Cost": 474439.86,
                        "Total Cost": 474635.4,
                        "Plan Rows": 1167,
                        "Plan Width": 147,
                        "Actual Startup Time": 984.464,
                        "Actual Total Time": 1145.842,
                        "Actual Rows": 220060,
                        "Actual Loops": 1,
                        "Group Key": [
                            "mi1.info",
                            "pi1.info"
                        ],
                        "Plans": [
                            {
                                "Node Type": "Nested Loop",
                                "Parent Relationship": "Outer",
                                "Parallel Aware": false,
                                "Async Capable": false,
                                "Join Type": "Inner",
                                "Startup Cost": 474439.86,
                                "Total Cost": 474614.98,
                                "Plan Rows": 1167,
                                "Plan Width": 139,
                                "Actual Startup Time": 984.453,
                                "Actual Total Time": 1119.895,
                                "Actual Rows": 278924,
                                "Actual Loops": 1,
                                "Inner Unique": false,
                                "Plans": [
                                    {
                                        "Node Type": "Nested Loop",
                                        "Parent Relationship": "Outer",
                                        "Parallel Aware": false,
                                        "Async Capable": false,
                                        "Join Type": "Inner",
                                        "Startup Cost": 474439.86,
                                        "Total Cost": 474597.98,
                                        "Plan Rows": 1167,
                                        "Plan Width": 143,
                                        "Actual Startup Time": 984.45,
                                        "Actual Total Time": 1085.089,
                                        "Actual Rows": 278924,
                                        "Actual Loops": 1,
                                        "Inner Unique": false,
                                        "Plans": [
                                            {
                                                "Node Type": "Gather Merge",
                                                "Parent Relationship": "Outer",
                                                "Parallel Aware": false,
                                                "Async Capable": false,
                                                "Startup Cost": 474439.86,
                                                "Total Cost": 474580.98,
                                                "Plan Rows": 1167,
                                                "Plan Width": 147,
                                                "Actual Startup Time": 984.435,
                                                "Actual Total Time": 1049.399,
                                                "Actual Rows": 278924,
                                                "Actual Loops": 1,
                                                "Workers Planned": 5,
                                                "Workers Launched": 5,
                                                "Plans": [
                                                    {
                                                        "Node Type": "Sort",
                                                        "Parent Relationship": "Outer",
                                                        "Parallel Aware": false,
                                                        "Async Capable": false,
                                                        "Startup Cost": 473439.78,
                                                        "Total Cost": 473440.36,
                                                        "Plan Rows": 233,
                                                        "Plan Width": 147,
                                                        "Actual Startup Time": 981.312,
                                                        "Actual Total Time": 982.739,
                                                        "Actual Rows": 46487,
                                                        "Actual Loops": 6,
                                                        "Sort Key": [
                                                            "mi1.info COLLATE \"C\"",
                                                            "pi1.info COLLATE \"C\""
                                                        ],
                                                        "Sort Method": "quicksort",
                                                        "Sort Space Used": 4790,
                                                        "Sort Space Type": "Memory",
                                                        "Workers": [
                                                            {
                                                                "Worker Number": 0,
                                                                "Sort Method": "quicksort",
                                                                "Sort Space Used": 4643,
                                                                "Sort Space Type": "Memory"
                                                            },
                                                            {
                                                                "Worker Number": 1,
                                                                "Sort Method": "quicksort",
                                                                "Sort Space Used": 4702,
                                                                "Sort Space Type": "Memory"
                                                            },
                                                            {
                                                                "Worker Number": 2,
                                                                "Sort Method": "quicksort",
                                                                "Sort Space Used": 4455,
                                                                "Sort Space Type": "Memory"
                                                            },
                                                            {
                                                                "Worker Number": 3,
                                                                "Sort Method": "quicksort",
                                                                "Sort Space Used": 5078,
                                                                "Sort Space Type": "Memory"
                                                            },
                                                            {
                                                                "Worker Number": 4,
                                                                "Sort Method": "quicksort",
                                                                "Sort Space Used": 4712,
                                                                "Sort Space Type": "Memory"
                                                            }
                                                        ],
                                                        "Plans": [
                                                            {
                                                                "Node Type": "Hash Join",
                                                                "Parent Relationship": "Outer",
                                                                "Parallel Aware": false,
                                                                "Async Capable": false,
                                                                "Join Type": "Inner",
                                                                "Startup Cost": 71081.21,
                                                                "Total Cost": 473430.62,
                                                                "Plan Rows": 233,
                                                                "Plan Width": 147,
                                                                "Actual Startup Time": 298.86,
                                                                "Actual Total Time": 966.402,
                                                                "Actual Rows": 46487,
                                                                "Actual Loops": 6,
                                                                "Inner Unique": true,
                                                                "Hash Cond": "(ci.role_id = rt.id)",
                                                                "Workers": [],
                                                                "Plans": [
                                                                    {
                                                                        "Node Type": "Hash Join",
                                                                        "Parent Relationship": "Outer",
                                                                        "Parallel Aware": true,
                                                                        "Async Capable": false,
                                                                        "Join Type": "Inner",
                                                                        "Startup Cost": 71079.79,
                                                                        "Total Cost": 473428.29,
                                                                        "Plan Rows": 255,
                                                                        "Plan Width": 151,
                                                                        "Actual Startup Time": 298.803,
                                                                        "Actual Total Time": 963.07,
                                                                        "Actual Rows": 46712,
                                                                        "Actual Loops": 6,
                                                                        "Inner Unique": false,
                                                                        "Hash Cond": "(ci.person_id = n.id)",
                                                                        "Workers": [],
                                                                        "Plans": [
                                                                            {
                                                                                "Node Type": "Nested Loop",
                                                                                "Parent Relationship": "Outer",
                                                                                "Parallel Aware": false,
                                                                                "Async Capable": false,
                                                                                "Join Type": "Inner",
                                                                                "Startup Cost": 2.07,
                                                                                "Total Cost": 401965.23,
                                                                                "Plan Rows": 102586,
                                                                                "Plan Width": 54,
                                                                                "Actual Startup Time": 125.891,
                                                                                "Actual Total Time": 755.389,
                                                                                "Actual Rows": 503508,
                                                                                "Actual Loops": 6,
                                                                                "Inner Unique": false,
                                                                                "Workers": [],
                                                                                "Plans": [
                                                                                    {
                                                                                        "Node Type": "Hash Join",
                                                                                        "Parent Relationship": "Outer",
                                                                                        "Parallel Aware": false,
                                                                                        "Async Capable": false,
                                                                                        "Join Type": "Inner",
                                                                                        "Startup Cost": 1.63,
                                                                                        "Total Cost": 239227.35,
                                                                                        "Plan Rows": 7157,
                                                                                        "Plan Width": 54,
                                                                                        "Actual Startup Time": 125.875,
                                                                                        "Actual Total Time": 438.979,
                                                                                        "Actual Rows": 31456,
                                                                                        "Actual Loops": 6,
                                                                                        "Inner Unique": true,
                                                                                        "Hash Cond": "(t.kind_id = kt.id)",
                                                                                        "Workers": [],
                                                                                        "Plans": [
                                                                                            {
                                                                                                "Node Type": "Nested Loop",
                                                                                                "Parent Relationship": "Outer",
                                                                                                "Parallel Aware": false,
                                                                                                "Async Capable": false,
                                                                                                "Join Type": "Inner",
                                                                                                "Startup Cost": 0.43,
                                                                                                "Total Cost": 239190.96,
                                                                                                "Plan Rows": 8350,
                                                                                                "Plan Width": 58,
                                                                                                "Actual Startup Time": 125.798,
                                                                                                "Actual Total Time": 436.557,
                                                                                                "Actual Rows": 32060,
                                                                                                "Actual Loops": 6,
                                                                                                "Inner Unique": true,
                                                                                                "Workers": [],
                                                                                                "Plans": [
                                                                                                    {
                                                                                                        "Node Type": "Seq Scan",
                                                                                                        "Parent Relationship": "Outer",
                                                                                                        "Parallel Aware": true,
                                                                                                        "Async Capable": false,
                                                                                                        "Relation Name": "movie_info",
                                                                                                        "Alias": "mi1",
                                                                                                        "Startup Cost": 0.0,
                                                                                                        "Total Cost": 206090.53,
                                                                                                        "Plan Rows": 8350,
                                                                                                        "Plan Width": 50,
                                                                                                        "Actual Startup Time": 125.779,
                                                                                                        "Actual Total Time": 395.021,
                                                                                                        "Actual Rows": 32060,
                                                                                                        "Actual Loops": 6,
                                                                                                        "Filter": "((info ~~* '%spai%'::text) AND (info_type_id = 16))",
                                                                                                        "Rows Removed by Filter": 2440560,
                                                                                                        "Workers": []
                                                                                                    },
                                                                                                    {
                                                                                                        "Node Type": "Index Scan",
                                                                                                        "Parent Relationship": "Inner",
                                                                                                        "Parallel Aware": false,
                                                                                                        "Async Capable": false,
                                                                                                        "Scan Direction": "Forward",
                                                                                                        "Index Name": "title_pkey",
                                                                                                        "Relation Name": "title",
                                                                                                        "Alias": "t",
                                                                                                        "Startup Cost": 0.43,
                                                                                                        "Total Cost": 3.96,
                                                                                                        "Plan Rows": 1,
                                                                                                        "Plan Width": 8,
                                                                                                        "Actual Startup Time": 0.001,
                                                                                                        "Actual Total Time": 0.001,
                                                                                                        "Actual Rows": 1,
                                                                                                        "Actual Loops": 192360,
                                                                                                        "Index Cond": "(id = mi1.movie_id)",
                                                                                                        "Rows Removed by Index Recheck": 0,
                                                                                                        "Workers": []
                                                                                                    }
                                                                                                ]
                                                                                            },
                                                                                            {
                                                                                                "Node Type": "Hash",
                                                                                                "Parent Relationship": "Inner",
                                                                                                "Parallel Aware": false,
                                                                                                "Async Capable": false,
                                                                                                "Startup Cost": 1.12,
                                                                                                "Total Cost": 1.12,
                                                                                                "Plan Rows": 6,
                                                                                                "Plan Width": 4,
                                                                                                "Actual Startup Time": 0.01,
                                                                                                "Actual Total Time": 0.011,
                                                                                                "Actual Rows": 6,
                                                                                                "Actual Loops": 6,
                                                                                                "Hash Buckets": 1024,
                                                                                                "Original Hash Buckets": 1024,
                                                                                                "Hash Batches": 1,
                                                                                                "Original Hash Batches": 1,
                                                                                                "Peak Memory Usage": 9,
                                                                                                "Workers": [],
                                                                                                "Plans": [
                                                                                                    {
                                                                                                        "Node Type": "Seq Scan",
                                                                                                        "Parent Relationship": "Outer",
                                                                                                        "Parallel Aware": false,
                                                                                                        "Async Capable": false,
                                                                                                        "Relation Name": "kind_type",
                                                                                                        "Alias": "kt",
                                                                                                        "Startup Cost": 0.0,
                                                                                                        "Total Cost": 1.12,
                                                                                                        "Plan Rows": 6,
                                                                                                        "Plan Width": 4,
                                                                                                        "Actual Startup Time": 0.007,
                                                                                                        "Actual Total Time": 0.008,
                                                                                                        "Actual Rows": 6,
                                                                                                        "Actual Loops": 6,
                                                                                                        "Filter": "((kind)::text = ANY ('{episode,movie,\"tv mini series\",\"tv movie\",\"video game\",\"video movie\"}'::text[]))",
                                                                                                        "Rows Removed by Filter": 1,
                                                                                                        "Workers": []
                                                                                                    }
                                                                                                ]
                                                                                            }
                                                                                        ]
                                                                                    },
                                                                                    {
                                                                                        "Node Type": "Index Scan",
                                                                                        "Parent Relationship": "Inner",
                                                                                        "Parallel Aware": false,
                                                                                        "Async Capable": false,
                                                                                        "Scan Direction": "Forward",
                                                                                        "Index Name": "movie_id_cast_info",
                                                                                        "Relation Name": "cast_info",
                                                                                        "Alias": "ci",
                                                                                        "Startup Cost": 0.44,
                                                                                        "Total Cost": 22.36,
                                                                                        "Plan Rows": 38,
                                                                                        "Plan Width": 12,
                                                                                        "Actual Startup Time": 0.001,
                                                                                        "Actual Total Time": 0.009,
                                                                                        "Actual Rows": 16,
                                                                                        "Actual Loops": 188733,
                                                                                        "Index Cond": "(movie_id = t.id)",
                                                                                        "Rows Removed by Index Recheck": 0,
                                                                                        "Workers": []
                                                                                    }
                                                                                ]
                                                                            },
                                                                            {
                                                                                "Node Type": "Hash",
                                                                                "Parent Relationship": "Inner",
                                                                                "Parallel Aware": true,
                                                                                "Async Capable": false,
                                                                                "Startup Cost": 71045.38,
                                                                                "Total Cost": 71045.38,
                                                                                "Plan Rows": 2587,
                                                                                "Plan Width": 109,
                                                                                "Actual Startup Time": 172.845,
                                                                                "Actual Total Time": 172.846,
                                                                                "Actual Rows": 7520,
                                                                                "Actual Loops": 6,
                                                                                "Hash Buckets": 65536,
                                                                                "Original Hash Buckets": 16384,
                                                                                "Hash Batches": 1,
                                                                                "Original Hash Batches": 1,
                                                                                "Peak Memory Usage": 3712,
                                                                                "Workers": [],
                                                                                "Plans": [
                                                                                    {
                                                                                        "Node Type": "Nested Loop",
                                                                                        "Parent Relationship": "Outer",
                                                                                        "Parallel Aware": false,
                                                                                        "Async Capable": false,
                                                                                        "Join Type": "Inner",
                                                                                        "Startup Cost": 0.43,
                                                                                        "Total Cost": 71045.38,
                                                                                        "Plan Rows": 2587,
                                                                                        "Plan Width": 109,
                                                                                        "Actual Startup Time": 0.06,
                                                                                        "Actual Total Time": 164.777,
                                                                                        "Actual Rows": 7520,
                                                                                        "Actual Loops": 6,
                                                                                        "Inner Unique": true,
                                                                                        "Workers": [],
                                                                                        "Plans": [
                                                                                            {
                                                                                                "Node Type": "Seq Scan",
                                                                                                "Parent Relationship": "Outer",
                                                                                                "Parallel Aware": true,
                                                                                                "Async Capable": false,
                                                                                                "Relation Name": "person_info",
                                                                                                "Alias": "pi1",
                                                                                                "Startup Cost": 0.0,
                                                                                                "Total Cost": 62183.96,
                                                                                                "Plan Rows": 2587,
                                                                                                "Plan Width": 105,
                                                                                                "Actual Startup Time": 0.031,
                                                                                                "Actual Total Time": 153.404,
                                                                                                "Actual Rows": 7520,
                                                                                                "Actual Loops": 6,
                                                                                                "Filter": "((info ~~* '%196%'::text) AND (info_type_id = 21))",
                                                                                                "Rows Removed by Filter": 486424,
                                                                                                "Workers": []
                                                                                            },
                                                                                            {
                                                                                                "Node Type": "Index Only Scan",
                                                                                                "Parent Relationship": "Inner",
                                                                                                "Parallel Aware": false,
                                                                                                "Async Capable": false,
                                                                                                "Scan Direction": "Forward",
                                                                                                "Index Name": "name_pkey",
                                                                                                "Relation Name": "name",
                                                                                                "Alias": "n",
                                                                                                "Startup Cost": 0.43,
                                                                                                "Total Cost": 3.43,
                                                                                                "Plan Rows": 1,
                                                                                                "Plan Width": 4,
                                                                                                "Actual Startup Time": 0.001,
                                                                                                "Actual Total Time": 0.001,
                                                                                                "Actual Rows": 1,
                                                                                                "Actual Loops": 45123,
                                                                                                "Index Cond": "(id = pi1.person_id)",
                                                                                                "Rows Removed by Index Recheck": 0,
                                                                                                "Heap Fetches": 0,
                                                                                                "Workers": []
                                                                                            }
                                                                                        ]
                                                                                    }
                                                                                ]
                                                                            }
                                                                        ]
                                                                    },
                                                                    {
                                                                        "Node Type": "Hash",
                                                                        "Parent Relationship": "Inner",
                                                                        "Parallel Aware": false,
                                                                        "Async Capable": false,
                                                                        "Startup Cost": 1.29,
                                                                        "Total Cost": 1.29,
                                                                        "Plan Rows": 11,
                                                                        "Plan Width": 4,
                                                                        "Actual Startup Time": 0.011,
                                                                        "Actual Total Time": 0.011,
                                                                        "Actual Rows": 11,
                                                                        "Actual Loops": 6,
                                                                        "Hash Buckets": 1024,
                                                                        "Original Hash Buckets": 1024,
                                                                        "Hash Batches": 1,
                                                                        "Original Hash Batches": 1,
                                                                        "Peak Memory Usage": 9,
                                                                        "Workers": [],
                                                                        "Plans": [
                                                                            {
                                                                                "Node Type": "Seq Scan",
                                                                                "Parent Relationship": "Outer",
                                                                                "Parallel Aware": false,
                                                                                "Async Capable": false,
                                                                                "Relation Name": "role_type",
                                                                                "Alias": "rt",
                                                                                "Startup Cost": 0.0,
                                                                                "Total Cost": 1.29,
                                                                                "Plan Rows": 11,
                                                                                "Plan Width": 4,
                                                                                "Actual Startup Time": 0.007,
                                                                                "Actual Total Time": 0.009,
                                                                                "Actual Rows": 11,
                                                                                "Actual Loops": 6,
                                                                                "Filter": "((role)::text = ANY ('{actor,actress,cinematographer,composer,\"costume designer\",director,guest,\"miscellaneous crew\",producer,\"production designer\",writer}'::text[]))",
                                                                                "Rows Removed by Filter": 1,
                                                                                "Workers": []
                                                                            }
                                                                        ]
                                                                    }
                                                                ]
                                                            }
                                                        ]
                                                    }
                                                ]
                                            },
                                            {
                                                "Node Type": "Materialize",
                                                "Parent Relationship": "Inner",
                                                "Parallel Aware": false,
                                                "Async Capable": false,
                                                "Startup Cost": 0.0,
                                                "Total Cost": 2.42,
                                                "Plan Rows": 1,
                                                "Plan Width": 4,
                                                "Actual Startup Time": 0.0,
                                                "Actual Total Time": 0.0,
                                                "Actual Rows": 1,
                                                "Actual Loops": 278924,
                                                "Plans": [
                                                    {
                                                        "Node Type": "Seq Scan",
                                                        "Parent Relationship": "Outer",
                                                        "Parallel Aware": false,
                                                        "Async Capable": false,
                                                        "Relation Name": "info_type",
                                                        "Alias": "it1",
                                                        "Startup Cost": 0.0,
                                                        "Total Cost": 2.41,
                                                        "Plan Rows": 1,
                                                        "Plan Width": 4,
                                                        "Actual Startup Time": 0.01,
                                                        "Actual Total Time": 0.012,
                                                        "Actual Rows": 1,
                                                        "Actual Loops": 1,
                                                        "Filter": "(id = 16)",
                                                        "Rows Removed by Filter": 112
                                                    }
                                                ]
                                            }
                                        ]
                                    },
                                    {
                                        "Node Type": "Materialize",
                                        "Parent Relationship": "Inner",
                                        "Parallel Aware": false,
                                        "Async Capable": false,
                                        "Startup Cost": 0.0,
                                        "Total Cost": 2.42,
                                        "Plan Rows": 1,
                                        "Plan Width": 4,
                                        "Actual Startup Time": 0.0,
                                        "Actual Total Time": 0.0,
                                        "Actual Rows": 1,
                                        "Actual Loops": 278924,
                                        "Plans": [
                                            {
                                                "Node Type": "Seq Scan",
                                                "Parent Relationship": "Outer",
                                                "Parallel Aware": false,
                                                "Async Capable": false,
                                                "Relation Name": "info_type",
                                                "Alias": "it2",
                                                "Startup Cost": 0.0,
                                                "Total Cost": 2.41,
                                                "Plan Rows": 1,
                                                "Plan Width": 4,
                                                "Actual Startup Time": 0.002,
                                                "Actual Total Time": 0.004,
                                                "Actual Rows": 1,
                                                "Actual Loops": 1,
                                                "Filter": "(id = 21)",
                                                "Rows Removed by Filter": 112
                                            }
                                        ]
                                    }
                                ]
                            }
                        ]
                    },
                    "Planning Time": 1.666,
                    "Triggers": [],
                    "Execution Time": 1150.123
                }
            ],
            "hints": [
                "SET enable_hashjoin TO on",
                "SET enable_indexonlyscan TO on",
                "SET enable_indexscan TO on",
                "SET enable_mergejoin TO off",
                "SET enable_nestloop TO on",
                "SET enable_seqscan TO on"
            ]
        }
    ]
}