{
    "sql_file": "9b1.sql",
    "query": "SELECT mi1.info, n.name, COUNT(*)\nFROM title as t,\nkind_type as kt,\nmovie_info as mi1,\ninfo_type as it1,\ncast_info as ci,\nrole_type as rt,\nname as n,\ninfo_type as it2,\nperson_info AS pi1\nWHERE\nt.id = ci.movie_id\nAND t.id = mi1.movie_id\nAND mi1.info_type_id = it1.id\nAND t.kind_id = kt.id\nAND ci.person_id = n.id\nAND ci.movie_id = mi1.movie_id\nAND ci.role_id = rt.id\nAND n.id = pi1.person_id\nAND pi1.info_type_id = it2.id\nAND (it1.id IN ('3','6','8'))\nAND (it2.id IN ('24'))\nAND (mi1.info IN ('Animation','Belgium','Brazil','Comedy','Crime','Documentary','Family','France','Italy','Mexico','Mono','Musical','Mystery','Netherlands','Romance','Sport','Stereo','Thriller','UK'))\nAND (n.name ILIKE '%co%')\nAND (kt.kind IN ('tv movie','tv series','video game'))\nAND (rt.role IN ('actress','director','miscellaneous crew','producer'))\nAND (t.production_year <= 1975)\nAND (t.production_year >= 1875)\nGROUP BY mi1.info, n.name",
    "results": [
        {
            "arm": 0,
            "execution_time": 757.291,
            "plan": [
                {
                    "Plan": {
                        "Node Type": "Aggregate",
                        "Strategy": "Sorted",
                        "Partial Mode": "Simple",
                        "Parallel Aware": false,
                        "Async Capable": false,
                        "Startup Cost": 284602.09,
                        "Total Cost": 284602.35,
                        "Plan Rows": 13,
                        "Plan Width": 65,
                        "Actual Startup Time": 725.135,
                        "Actual Total Time": 757.226,
                        "Actual Rows": 882,
                        "Actual Loops": 1,
                        "Group Key": [
                            "mi1.info",
                            "n.name"
                        ],
                        "Plans": [
                            {
                                "Node Type": "Sort",
                                "Parent Relationship": "Outer",
                                "Parallel Aware": false,
                                "Async Capable": false,
                                "Startup Cost": 284602.09,
                                "Total Cost": 284602.12,
                                "Plan Rows": 13,
                                "Plan Width": 57,
                                "Actual Startup Time": 725.127,
                                "Actual Total Time": 757.044,
                                "Actual Rows": 2542,
                                "Actual Loops": 1,
                                "Sort Key": [
                                    "mi1.info COLLATE \"C\"",
                                    "n.name COLLATE \"C\""
                                ],
                                "Sort Method": "quicksort",
                                "Sort Space Used": 218,
                                "Sort Space Type": "Memory",
                                "Plans": [
                                    {
                                        "Node Type": "Nested Loop",
                                        "Parent Relationship": "Outer",
                                        "Parallel Aware": false,
                                        "Async Capable": false,
                                        "Join Type": "Inner",
                                        "Startup Cost": 1006.68,
                                        "Total Cost": 284601.85,
                                        "Plan Rows": 13,
                                        "Plan Width": 57,
                                        "Actual Startup Time": 5.862,
                                        "Actual Total Time": 756.283,
                                        "Actual Rows": 2542,
                                        "Actual Loops": 1,
                                        "Inner Unique": false,
                                        "Plans": [
                                            {
                                                "Node Type": "Seq Scan",
                                                "Parent Relationship": "Outer",
                                                "Parallel Aware": false,
                                                "Async Capable": false,
                                                "Relation Name": "info_type",
                                                "Alias": "it2",
                                                "Startup Cost": 0.0,
                                                "Total Cost": 2.41,
                                                "Plan Rows": 1,
                                                "Plan Width": 4,
                                                "Actual Startup Time": 0.005,
                                                "Actual Total Time": 0.008,
                                                "Actual Rows": 1,
                                                "Actual Loops": 1,
                                                "Filter": "(id = 24)",
                                                "Rows Removed by Filter": 112
                                            },
                                            {
                                                "Node Type": "Gather",
                                                "Parent Relationship": "Inner",
                                                "Parallel Aware": false,
                                                "Async Capable": false,
                                                "Startup Cost": 1006.68,
                                                "Total Cost": 284599.31,
                                                "Plan Rows": 13,
                                                "Plan Width": 61,
                                                "Actual Startup Time": 5.856,
                                                "Actual Total Time": 756.135,
                                                "Actual Rows": 2542,
                                                "Actual Loops": 1,
                                                "Workers Planned": 5,
                                                "Workers Launched": 5,
                                                "Single Copy": false,
                                                "Plans": [
                                                    {
                                                        "Node Type": "Nested Loop",
                                                        "Parent Relationship": "Outer",
                                                        "Parallel Aware": false,
                                                        "Async Capable": false,
                                                        "Join Type": "Inner",
                                                        "Startup Cost": 6.68,
                                                        "Total Cost": 283598.01,
                                                        "Plan Rows": 3,
                                                        "Plan Width": 61,
                                                        "Actual Startup Time": 4.849,
                                                        "Actual Total Time": 722.324,
                                                        "Actual Rows": 424,
                                                        "Actual Loops": 6,
                                                        "Inner Unique": false,
                                                        "Workers": [],
                                                        "Plans": [
                                                            {
                                                                "Node Type": "Nested Loop",
                                                                "Parent Relationship": "Outer",
                                                                "Parallel Aware": false,
                                                                "Async Capable": false,
                                                                "Join Type": "Inner",
                                                                "Startup Cost": 6.25,
                                                                "Total Cost": 282941.06,
                                                                "Plan Rows": 91,
                                                                "Plan Width": 65,
                                                                "Actual Startup Time": 2.697,
                                                                "Actual Total Time": 719.219,
                                                                "Actual Rows": 970,
                                                                "Actual Loops": 6,
                                                                "Inner Unique": true,
                                                                "Workers": [],
                                                                "Plans": [
                                                                    {
                                                                        "Node Type": "Hash Join",
                                                                        "Parent Relationship": "Outer",
                                                                        "Parallel Aware": false,
                                                                        "Async Capable": false,
                                                                        "Join Type": "Inner",
                                                                        "Startup Cost": 5.82,
                                                                        "Total Cost": 280411.21,
                                                                        "Plan Rows": 2249,
                                                                        "Plan Width": 46,
                                                                        "Actual Startup Time": 1.904,
                                                                        "Actual Total Time": 658.866,
                                                                        "Actual Rows": 23369,
                                                                        "Actual Loops": 6,
                                                                        "Inner Unique": true,
                                                                        "Hash Cond": "(ci.role_id = rt.id)",
                                                                        "Workers": [],
                                                                        "Plans": [
                                                                            {
                                                                                "Node Type": "Nested Loop",
                                                                                "Parent Relationship": "Outer",
                                                                                "Parallel Aware": false,
                                                                                "Async Capable": false,
                                                                                "Join Type": "Inner",
                                                                                "Startup Cost": 4.59,
                                                                                "Total Cost": 280386.02,
                                                                                "Plan Rows": 6746,
                                                                                "Plan Width": 50,
                                                                                "Actual Startup Time": 1.751,
                                                                                "Actual Total Time": 655.667,
                                                                                "Actual Rows": 64666,
                                                                                "Actual Loops": 6,
                                                                                "Inner Unique": false,
                                                                                "Join Filter": "(t.id = ci.movie_id)",
                                                                                "Rows Removed by Join Filter": 0,
                                                                                "Workers": [],
                                                                                "Plans": [
                                                                                    {
                                                                                        "Node Type": "Hash Join",
                                                                                        "Parent Relationship": "Outer",
                                                                                        "Parallel Aware": false,
                                                                                        "Async Capable": false,
                                                                                        "Join Type": "Inner",
                                                                                        "Startup Cost": 4.15,
                                                                                        "Total Cost": 269455.7,
                                                                                        "Plan Rows": 471,
                                                                                        "Plan Width": 50,
                                                                                        "Actual Startup Time": 1.638,
                                                                                        "Actual Total Time": 576.709,
                                                                                        "Actual Rows": 5674,
                                                                                        "Actual Loops": 6,
                                                                                        "Inner Unique": true,
                                                                                        "Hash Cond": "(t.kind_id = kt.id)",
                                                                                        "Workers": [],
                                                                                        "Plans": [
                                                                                            {
                                                                                                "Node Type": "Nested Loop",
                                                                                                "Parent Relationship": "Outer",
                                                                                                "Parallel Aware": false,
                                                                                                "Async Capable": false,
                                                                                                "Join Type": "Inner",
                                                                                                "Startup Cost": 3.02,
                                                                                                "Total Cost": 269449.94,
                                                                                                "Plan Rows": 1098,
                                                                                                "Plan Width": 54,
                                                                                                "Actual Startup Time": 1.623,
                                                                                                "Actual Total Time": 574.329,
                                                                                                "Actual Rows": 68586,
                                                                                                "Actual Loops": 6,
                                                                                                "Inner Unique": true,
                                                                                                "Workers": [],
                                                                                                "Plans": [
                                                                                                    {
                                                                                                        "Node Type": "Hash Join",
                                                                                                        "Parent Relationship": "Outer",
                                                                                                        "Parallel Aware": false,
                                                                                                        "Async Capable": false,
                                                                                                        "Join Type": "Inner",
                                                                                                        "Startup Cost": 2.59,
                                                                                                        "Total Cost": 262276.43,
                                                                                                        "Plan Rows": 6143,
                                                                                                        "Plan Width": 46,
                                                                                                        "Actual Startup Time": 0.637,
                                                                                                        "Actual Total Time": 381.68,
                                                                                                        "Actual Rows": 195692,
                                                                                                        "Actual Loops": 6,
                                                                                                        "Inner Unique": true,
                                                                                                        "Hash Cond": "(mi1.info_type_id = it1.id)",
                                                                                                        "Workers": [],
                                                                                                        "Plans": [
                                                                                                            {
                                                                                                                "Node Type": "Seq Scan",
                                                                                                                "Parent Relationship": "Outer",
                                                                                                                "Parallel Aware": true,
                                                                                                                "Async Capable": false,
                                                                                                                "Relation Name": "movie_info",
                                                                                                                "Alias": "mi1",
                                                                                                                "Startup Cost": 0.0,
                                                                                                                "Total Cost": 261643.69,
                                                                                                                "Plan Rows": 231374,
                                                                                                                "Plan Width": 50,
                                                                                                                "Actual Startup Time": 0.619,
                                                                                                                "Actual Total Time": 368.247,
                                                                                                                "Actual Rows": 199605,
                                                                                                                "Actual Loops": 6,
                                                                                                                "Filter": "(info = ANY ('{Animation,Belgium,Brazil,Comedy,Crime,Documentary,Family,France,Italy,Mexico,Mono,Musical,Mystery,Netherlands,Romance,Sport,Stereo,Thriller,UK}'::text[]))",
                                                                                                                "Rows Removed by Filter": 2273015,
                                                                                                                "Workers": []
                                                                                                            },
                                                                                                            {
                                                                                                                "Node Type": "Hash",
                                                                                                                "Parent Relationship": "Inner",
                                                                                                                "Parallel Aware": false,
                                                                                                                "Async Capable": false,
                                                                                                                "Startup Cost": 2.55,
                                                                                                                "Total Cost": 2.55,
                                                                                                                "Plan Rows": 3,
                                                                                                                "Plan Width": 4,
                                                                                                                "Actual Startup Time": 0.008,
                                                                                                                "Actual Total Time": 0.008,
                                                                                                                "Actual Rows": 3,
                                                                                                                "Actual Loops": 6,
                                                                                                                "Hash Buckets": 1024,
                                                                                                                "Original Hash Buckets": 1024,
                                                                                                                "Hash Batches": 1,
                                                                                                                "Original Hash Batches": 1,
                                                                                                                "Peak Memory Usage": 9,
                                                                                                                "Workers": [],
                                                                                                                "Plans": [
                                                                                                                    {
                                                                                                                        "Node Type": "Seq Scan",
                                                                                                                        "Parent Relationship": "Outer",
                                                                                                                        "Parallel Aware": false,
                                                                                                                        "Async Capable": false,
                                                                                                                        "Relation Name": "info_type",
                                                                                                                        "Alias": "it1",
                                                                                                                        "Startup Cost": 0.0,
                                                                                                                        "Total Cost": 2.55,
                                                                                                                        "Plan Rows": 3,
                                                                                                                        "Plan Width": 4,
                                                                                                                        "Actual Startup Time": 0.003,
                                                                                                                        "Actual Total Time": 0.006,
                                                                                                                        "Actual Rows": 3,
                                                                                                                        "Actual Loops": 6,
                                                                                                                        "Filter": "(id = ANY ('{3,6,8}'::integer[]))",
                                                                                                                        "Rows Removed by Filter": 110,
                                                                                                                        "Workers": []
                                                                                                                    }
                                                                                                                ]
                                                                                                            }
                                                                                                        ]
                                                                                                    },
                                                                                                    {
                                                                                                        "Node Type": "Index Scan",
                                                                                                        "Parent Relationship": "Inner",
                                                                                                        "Parallel Aware": false,
                                                                                                        "Async Capable": false,
                                                                                                        "Scan Direction": "Forward",
                                                                                                        "Index Name": "title_pkey",
                                                                                                        "Relation Name": "title",
                                                                                                        "Alias": "t",
                                                                                                        "Startup Cost": 0.43,
                                                                                                        "Total Cost": 1.17,
                                                                                                        "Plan Rows": 1,
                                                                                                        "Plan Width": 8,
                                                                                                        "Actual Startup Time": 0.001,
                                                                                                        "Actual Total Time": 0.001,
                                                                                                        "Actual Rows": 0,
                                                                                                        "Actual Loops": 1174149,
                                                                                                        "Index Cond": "(id = mi1.movie_id)",
                                                                                                        "Rows Removed by Index Recheck": 0,
                                                                                                        "Filter": "((production_year <= 1975) AND (production_year >= 1875))",
                                                                                                        "Rows Removed by Filter": 1,
                                                                                                        "Workers": []
                                                                                                    }
                                                                                                ]
                                                                                            },
                                                                                            {
                                                                                                "Node Type": "Hash",
                                                                                                "Parent Relationship": "Inner",
                                                                                                "Parallel Aware": false,
                                                                                                "Async Capable": false,
                                                                                                "Startup Cost": 1.1,
                                                                                                "Total Cost": 1.1,
                                                                                                "Plan Rows": 3,
                                                                                                "Plan Width": 4,
                                                                                                "Actual Startup Time": 0.008,
                                                                                                "Actual Total Time": 0.008,
                                                                                                "Actual Rows": 3,
                                                                                                "Actual Loops": 6,
                                                                                                "Hash Buckets": 1024,
                                                                                                "Original Hash Buckets": 1024,
                                                                                                "Hash Batches": 1,
                                                                                                "Original Hash Batches": 1,
                                                                                                "Peak Memory Usage": 9,
                                                                                                "Workers": [],
                                                                                                "Plans": [
                                                                                                    {
                                                                                                        "Node Type": "Seq Scan",
                                                                                                        "Parent Relationship": "Outer",
                                                                                                        "Parallel Aware": false,
                                                                                                        "Async Capable": false,
                                                                                                        "Relation Name": "kind_type",
                                                                                                        "Alias": "kt",
                                                                                                        "Startup Cost": 0.0,
                                                                                                        "Total Cost": 1.1,
                                                                                                        "Plan Rows": 3,
                                                                                                        "Plan Width": 4,
                                                                                                        "Actual Startup Time": 0.006,
                                                                                                        "Actual Total Time": 0.006,
                                                                                                        "Actual Rows": 3,
                                                                                                        "Actual Loops": 6,
                                                                                                        "Filter": "((kind)::text = ANY ('{\"tv movie\",\"tv series\",\"video game\"}'::text[]))",
                                                                                                        "Rows Removed by Filter": 4,
                                                                                                        "Workers": []
                                                                                                    }
                                                                                                ]
                                                                                            }
                                                                                        ]
                                                                                    },
                                                                                    {
                                                                                        "Node Type": "Index Scan",
                                                                                        "Parent Relationship": "Inner",
                                                                                        "Parallel Aware": false,
                                                                                        "Async Capable": false,
                                                                                        "Scan Direction": "Forward",
                                                                                        "Index Name": "movie_id_cast_info",
                                                                                        "Relation Name": "cast_info",
                                                                                        "Alias": "ci",
                                                                                        "Startup Cost": 0.44,
                                                                                        "Total Cost": 22.73,
                                                                                        "Plan Rows": 38,
                                                                                        "Plan Width": 12,
                                                                                        "Actual Startup Time": 0.003,
                                                                                        "Actual Total Time": 0.013,
                                                                                        "Actual Rows": 11,
                                                                                        "Actual Loops": 34045,
                                                                                        "Index Cond": "(movie_id = mi1.movie_id)",
                                                                                        "Rows Removed by Index Recheck": 0,
                                                                                        "Workers": []
                                                                                    }
                                                                                ]
                                                                            },
                                                                            {
                                                                                "Node Type": "Hash",
                                                                                "Parent Relationship": "Inner",
                                                                                "Parallel Aware": false,
                                                                                "Async Capable": false,
                                                                                "Startup Cost": 1.18,
                                                                                "Total Cost": 1.18,
                                                                                "Plan Rows": 4,
                                                                                "Plan Width": 4,
                                                                                "Actual Startup Time": 0.01,
                                                                                "Actual Total Time": 0.011,
                                                                                "Actual Rows": 4,
                                                                                "Actual Loops": 6,
                                                                                "Hash Buckets": 1024,
                                                                                "Original Hash Buckets": 1024,
                                                                                "Hash Batches": 1,
                                                                                "Original Hash Batches": 1,
                                                                                "Peak Memory Usage": 9,
                                                                                "Workers": [],
                                                                                "Plans": [
                                                                                    {
                                                                                        "Node Type": "Seq Scan",
                                                                                        "Parent Relationship": "Outer",
                                                                                        "Parallel Aware": false,
                                                                                        "Async Capable": false,
                                                                                        "Relation Name": "role_type",
                                                                                        "Alias": "rt",
                                                                                        "Startup Cost": 0.0,
                                                                                        "Total Cost": 1.18,
                                                                                        "Plan Rows": 4,
                                                                                        "Plan Width": 4,
                                                                                        "Actual Startup Time": 0.007,
                                                                                        "Actual Total Time": 0.008,
                                                                                        "Actual Rows": 4,
                                                                                        "Actual Loops": 6,
                                                                                        "Filter": "((role)::text = ANY ('{actress,director,\"miscellaneous crew\",producer}'::text[]))",
                                                                                        "Rows Removed by Filter": 8,
                                                                                        "Workers": []
                                                                                    }
                                                                                ]
                                                                            }
                                                                        ]
                                                                    },
                                                                    {
                                                                        "Node Type": "Index Scan",
                                                                        "Parent Relationship": "Inner",
                                                                        "Parallel Aware": false,
                                                                        "Async Capable": false,
                                                                        "Scan Direction": "Forward",
                                                                        "Index Name": "name_pkey",
                                                                        "Relation Name": "name",
                                                                        "Alias": "n",
                                                                        "Startup Cost": 0.43,
                                                                        "Total Cost": 1.12,
                                                                        "Plan Rows": 1,
                                                                        "Plan Width": 19,
                                                                        "Actual Startup Time": 0.003,
                                                                        "Actual Total Time": 0.003,
                                                                        "Actual Rows": 0,
                                                                        "Actual Loops": 140215,
                                                                        "Index Cond": "(id = ci.person_id)",
                                                                        "Rows Removed by Index Recheck": 0,
                                                                        "Filter": "(name ~~* '%co%'::text)",
                                                                        "Rows Removed by Filter": 1,
                                                                        "Workers": []
                                                                    }
                                                                ]
                                                            },
                                                            {
                                                                "Node Type": "Index Scan",
                                                                "Parent Relationship": "Inner",
                                                                "Parallel Aware": false,
                                                                "Async Capable": false,
                                                                "Scan Direction": "Forward",
                                                                "Index Name": "person_id_person_info",
                                                                "Relation Name": "person_info",
                                                                "Alias": "pi1",
                                                                "Startup Cost": 0.43,
                                                                "Total Cost": 7.21,
                                                                "Plan Rows": 1,
                                                                "Plan Width": 8,
                                                                "Actual Startup Time": 0.003,
                                                                "Actual Total Time": 0.003,
                                                                "Actual Rows": 0,
                                                                "Actual Loops": 5820,
                                                                "Index Cond": "(person_id = ci.person_id)",
                                                                "Rows Removed by Index Recheck": 0,
                                                                "Filter": "(info_type_id = 24)",
                                                                "Rows Removed by Filter": 7,
                                                                "Workers": []
                                                            }
                                                        ]
                                                    }
                                                ]
                                            }
                                        ]
                                    }
                                ]
                            }
                        ]
                    },
                    "Planning Time": 2.391,
                    "Triggers": [],
                    "Execution Time": 757.291
                }
            ],
            "hints": [
                "SET enable_hashjoin TO on",
                "SET enable_indexonlyscan TO on",
                "SET enable_indexscan TO on",
                "SET enable_mergejoin TO on",
                "SET enable_nestloop TO on",
                "SET enable_seqscan TO on"
            ]
        },
        {
            "arm": 1,
            "execution_time": 1503.112,
            "plan": [
                {
                    "Plan": {
                        "Node Type": "Aggregate",
                        "Strategy": "Sorted",
                        "Partial Mode": "Simple",
                        "Parallel Aware": false,
                        "Async Capable": false,
                        "Startup Cost": 10000769432.31,
                        "Total Cost": 10000769436.67,
                        "Plan Rows": 13,
                        "Plan Width": 65,
                        "Actual Startup Time": 1479.964,
                        "Actual Total Time": 1503.032,
                        "Actual Rows": 882,
                        "Actual Loops": 1,
                        "Group Key": [
                            "mi1.info",
                            "n.name"
                        ],
                        "Plans": [
                            {
                                "Node Type": "Nested Loop",
                                "Parent Relationship": "Outer",
                                "Parallel Aware": false,
                                "Async Capable": false,
                                "Join Type": "Inner",
                                "Startup Cost": 10000769432.31,
                                "Total Cost": 10000769436.44,
                                "Plan Rows": 13,
                                "Plan Width": 57,
                                "Actual Startup Time": 1479.954,
                                "Actual Total Time": 1502.867,
                                "Actual Rows": 2542,
                                "Actual Loops": 1,
                                "Inner Unique": false,
                                "Plans": [
                                    {
                                        "Node Type": "Gather Merge",
                                        "Parent Relationship": "Outer",
                                        "Parallel Aware": false,
                                        "Async Capable": false,
                                        "Startup Cost": 769432.31,
                                        "Total Cost": 769433.86,
                                        "Plan Rows": 13,
                                        "Plan Width": 61,
                                        "Actual Startup Time": 1479.941,
                                        "Actual Total Time": 1502.517,
                                        "Actual Rows": 2542,
                                        "Actual Loops": 1,
                                        "Workers Planned": 4,
                                        "Workers Launched": 4,
                                        "Plans": [
                                            {
                                                "Node Type": "Sort",
                                                "Parent Relationship": "Outer",
                                                "Parallel Aware": false,
                                                "Async Capable": false,
                                                "Startup Cost": 768432.25,
                                                "Total Cost": 768432.26,
                                                "Plan Rows": 3,
                                                "Plan Width": 61,
                                                "Actual Startup Time": 1478.099,
                                                "Actual Total Time": 1478.121,
                                                "Actual Rows": 508,
                                                "Actual Loops": 5,
                                                "Sort Key": [
                                                    "mi1.info COLLATE \"C\"",
                                                    "n.name COLLATE \"C\""
                                                ],
                                                "Sort Method": "quicksort",
                                                "Sort Space Used": 59,
                                                "Sort Space Type": "Memory",
                                                "Workers": [
                                                    {
                                                        "Worker Number": 0,
                                                        "Sort Method": "quicksort",
                                                        "Sort Space Used": 50,
                                                        "Sort Space Type": "Memory"
                                                    },
                                                    {
                                                        "Worker Number": 1,
                                                        "Sort Method": "quicksort",
                                                        "Sort Space Used": 54,
                                                        "Sort Space Type": "Memory"
                                                    },
                                                    {
                                                        "Worker Number": 2,
                                                        "Sort Method": "quicksort",
                                                        "Sort Space Used": 47,
                                                        "Sort Space Type": "Memory"
                                                    },
                                                    {
                                                        "Worker Number": 3,
                                                        "Sort Method": "quicksort",
                                                        "Sort Space Used": 45,
                                                        "Sort Space Type": "Memory"
                                                    }
                                                ],
                                                "Plans": [
                                                    {
                                                        "Node Type": "Hash Join",
                                                        "Parent Relationship": "Outer",
                                                        "Parallel Aware": true,
                                                        "Async Capable": false,
                                                        "Join Type": "Inner",
                                                        "Startup Cost": 707987.98,
                                                        "Total Cost": 768432.23,
                                                        "Plan Rows": 3,
                                                        "Plan Width": 61,
                                                        "Actual Startup Time": 1438.698,
                                                        "Actual Total Time": 1477.903,
                                                        "Actual Rows": 508,
                                                        "Actual Loops": 5,
                                                        "Inner Unique": false,
                                                        "Hash Cond": "(pi1.person_id = ci.person_id)",
                                                        "Workers": [],
                                                        "Plans": [
                                                            {
                                                                "Node Type": "Seq Scan",
                                                                "Parent Relationship": "Outer",
                                                                "Parallel Aware": true,
                                                                "Async Capable": false,
                                                                "Relation Name": "person_info",
                                                                "Alias": "pi1",
                                                                "Startup Cost": 0.0,
                                                                "Total Cost": 60333.3,
                                                                "Plan Rows": 29536,
                                                                "Plan Width": 8,
                                                                "Actual Startup Time": 0.016,
                                                                "Actual Total Time": 39.734,
                                                                "Actual Rows": 24556,
                                                                "Actual Loops": 5,
                                                                "Filter": "(info_type_id = 24)",
                                                                "Rows Removed by Filter": 568177,
                                                                "Workers": []
                                                            },
                                                            {
                                                                "Node Type": "Hash",
                                                                "Parent Relationship": "Inner",
                                                                "Parallel Aware": true,
                                                                "Async Capable": false,
                                                                "Startup Cost": 707987.03,
                                                                "Total Cost": 707987.03,
                                                                "Plan Rows": 76,
                                                                "Plan Width": 65,
                                                                "Actual Startup Time": 1436.912,
                                                                "Actual Total Time": 1436.923,
                                                                "Actual Rows": 1164,
                                                                "Actual Loops": 5,
                                                                "Hash Buckets": 8192,
                                                                "Original Hash Buckets": 1024,
                                                                "Hash Batches": 1,
                                                                "Original Hash Batches": 1,
                                                                "Peak Memory Usage": 600,
                                                                "Workers": [],
                                                                "Plans": [
                                                                    {
                                                                        "Node Type": "Hash Join",
                                                                        "Parent Relationship": "Outer",
                                                                        "Parallel Aware": false,
                                                                        "Async Capable": false,
                                                                        "Join Type": "Inner",
                                                                        "Startup Cost": 378086.36,
                                                                        "Total Cost": 707987.03,
                                                                        "Plan Rows": 76,
                                                                        "Plan Width": 65,
                                                                        "Actual Startup Time": 704.222,
                                                                        "Actual Total Time": 1234.371,
                                                                        "Actual Rows": 1164,
                                                                        "Actual Loops": 5,
                                                                        "Inner Unique": true,
                                                                        "Hash Cond": "(ci.role_id = rt.id)",
                                                                        "Workers": [],
                                                                        "Plans": [
                                                                            {
                                                                                "Node Type": "Hash Join",
                                                                                "Parent Relationship": "Outer",
                                                                                "Parallel Aware": true,
                                                                                "Async Capable": false,
                                                                                "Join Type": "Inner",
                                                                                "Startup Cost": 378085.13,
                                                                                "Total Cost": 707984.99,
                                                                                "Plan Rows": 227,
                                                                                "Plan Width": 69,
                                                                                "Actual Startup Time": 704.206,
                                                                                "Actual Total Time": 1234.19,
                                                                                "Actual Rows": 3433,
                                                                                "Actual Loops": 5,
                                                                                "Inner Unique": false,
                                                                                "Hash Cond": "(ci.movie_id = t.id)",
                                                                                "Workers": [],
                                                                                "Plans": [
                                                                                    {
                                                                                        "Node Type": "Hash Join",
                                                                                        "Parent Relationship": "Outer",
                                                                                        "Parallel Aware": true,
                                                                                        "Async Capable": false,
                                                                                        "Join Type": "Inner",
                                                                                        "Startup Cost": 69205.61,
                                                                                        "Total Cost": 398189.76,
                                                                                        "Plan Rows": 244069,
                                                                                        "Plan Width": 31,
                                                                                        "Actual Startup Time": 115.214,
                                                                                        "Actual Total Time": 627.572,
                                                                                        "Actual Rows": 373233,
                                                                                        "Actual Loops": 5,
                                                                                        "Inner Unique": true,
                                                                                        "Hash Cond": "(ci.person_id = n.id)",
                                                                                        "Workers": [],
                                                                                        "Plans": [
                                                                                            {
                                                                                                "Node Type": "Seq Scan",
                                                                                                "Parent Relationship": "Outer",
                                                                                                "Parallel Aware": true,
                                                                                                "Async Capable": false,
                                                                                                "Relation Name": "cast_info",
                                                                                                "Alias": "ci",
                                                                                                "Startup Cost": 0.0,
                                                                                                "Total Cost": 313127.24,
                                                                                                "Plan Rows": 6040724,
                                                                                                "Plan Width": 12,
                                                                                                "Actual Startup Time": 0.014,
                                                                                                "Actual Total Time": 236.082,
                                                                                                "Actual Rows": 7248869,
                                                                                                "Actual Loops": 5,
                                                                                                "Workers": []
                                                                                            },
                                                                                            {
                                                                                                "Node Type": "Hash",
                                                                                                "Parent Relationship": "Inner",
                                                                                                "Parallel Aware": true,
                                                                                                "Async Capable": false,
                                                                                                "Startup Cost": 68679.41,
                                                                                                "Total Cost": 68679.41,
                                                                                                "Plan Rows": 42096,
                                                                                                "Plan Width": 19,
                                                                                                "Actual Startup Time": 115.15,
                                                                                                "Actual Total Time": 115.151,
                                                                                                "Actual Rows": 40673,
                                                                                                "Actual Loops": 5,
                                                                                                "Hash Buckets": 262144,
                                                                                                "Original Hash Buckets": 262144,
                                                                                                "Hash Batches": 1,
                                                                                                "Original Hash Batches": 1,
                                                                                                "Peak Memory Usage": 13280,
                                                                                                "Workers": [],
                                                                                                "Plans": [
                                                                                                    {
                                                                                                        "Node Type": "Seq Scan",
                                                                                                        "Parent Relationship": "Outer",
                                                                                                        "Parallel Aware": true,
                                                                                                        "Async Capable": false,
                                                                                                        "Relation Name": "name",
                                                                                                        "Alias": "n",
                                                                                                        "Startup Cost": 0.0,
                                                                                                        "Total Cost": 68679.41,
                                                                                                        "Plan Rows": 42096,
                                                                                                        "Plan Width": 19,
                                                                                                        "Actual Startup Time": 0.04,
                                                                                                        "Actual Total Time": 109.309,
                                                                                                        "Actual Rows": 40673,
                                                                                                        "Actual Loops": 5,
                                                                                                        "Filter": "(name ~~* '%co%'::text)",
                                                                                                        "Rows Removed by Filter": 792825,
                                                                                                        "Workers": []
                                                                                                    }
                                                                                                ]
                                                                                            }
                                                                                        ]
                                                                                    },
                                                                                    {
                                                                                        "Node Type": "Hash",
                                                                                        "Parent Relationship": "Inner",
                                                                                        "Parallel Aware": true,
                                                                                        "Async Capable": false,
                                                                                        "Startup Cost": 308873.64,
                                                                                        "Total Cost": 308873.64,
                                                                                        "Plan Rows": 471,
                                                                                        "Plan Width": 50,
                                                                                        "Actual Startup Time": 587.906,
                                                                                        "Actual Total Time": 587.911,
                                                                                        "Actual Rows": 6809,
                                                                                        "Actual Loops": 5,
                                                                                        "Hash Buckets": 65536,
                                                                                        "Original Hash Buckets": 4096,
                                                                                        "Hash Batches": 1,
                                                                                        "Original Hash Batches": 1,
                                                                                        "Peak Memory Usage": 2720,
                                                                                        "Workers": [],
                                                                                        "Plans": [
                                                                                            {
                                                                                                "Node Type": "Hash Join",
                                                                                                "Parent Relationship": "Outer",
                                                                                                "Parallel Aware": true,
                                                                                                "Async Capable": false,
                                                                                                "Join Type": "Inner",
                                                                                                "Startup Cost": 46575.58,
                                                                                                "Total Cost": 308873.64,
                                                                                                "Plan Rows": 471,
                                                                                                "Plan Width": 50,
                                                                                                "Actual Startup Time": 32.829,
                                                                                                "Actual Total Time": 497.239,
                                                                                                "Actual Rows": 6809,
                                                                                                "Actual Loops": 5,
                                                                                                "Inner Unique": false,
                                                                                                "Hash Cond": "(mi1.movie_id = t.id)",
                                                                                                "Workers": [],
                                                                                                "Plans": [
                                                                                                    {
                                                                                                        "Node Type": "Hash Join",
                                                                                                        "Parent Relationship": "Outer",
                                                                                                        "Parallel Aware": false,
                                                                                                        "Async Capable": false,
                                                                                                        "Join Type": "Inner",
                                                                                                        "Startup Cost": 2.59,
                                                                                                        "Total Cost": 262276.43,
                                                                                                        "Plan Rows": 6143,
                                                                                                        "Plan Width": 46,
                                                                                                        "Actual Startup Time": 0.708,
                                                                                                        "Actual Total Time": 454.794,
                                                                                                        "Actual Rows": 234830,
                                                                                                        "Actual Loops": 5,
                                                                                                        "Inner Unique": true,
                                                                                                        "Hash Cond": "(mi1.info_type_id = it1.id)",
                                                                                                        "Workers": [],
                                                                                                        "Plans": [
                                                                                                            {
                                                                                                                "Node Type": "Seq Scan",
                                                                                                                "Parent Relationship": "Outer",
                                                                                                                "Parallel Aware": true,
                                                                                                                "Async Capable": false,
                                                                                                                "Relation Name": "movie_info",
                                                                                                                "Alias": "mi1",
                                                                                                                "Startup Cost": 0.0,
                                                                                                                "Total Cost": 261643.69,
                                                                                                                "Plan Rows": 231374,
                                                                                                                "Plan Width": 50,
                                                                                                                "Actual Startup Time": 0.689,
                                                                                                                "Actual Total Time": 439.94,
                                                                                                                "Actual Rows": 239526,
                                                                                                                "Actual Loops": 5,
                                                                                                                "Filter": "(info = ANY ('{Animation,Belgium,Brazil,Comedy,Crime,Documentary,Family,France,Italy,Mexico,Mono,Musical,Mystery,Netherlands,Romance,Sport,Stereo,Thriller,UK}'::text[]))",
                                                                                                                "Rows Removed by Filter": 2727618,
                                                                                                                "Workers": []
                                                                                                            },
                                                                                                            {
                                                                                                                "Node Type": "Hash",
                                                                                                                "Parent Relationship": "Inner",
                                                                                                                "Parallel Aware": false,
                                                                                                                "Async Capable": false,
                                                                                                                "Startup Cost": 2.55,
                                                                                                                "Total Cost": 2.55,
                                                                                                                "Plan Rows": 3,
                                                                                                                "Plan Width": 4,
                                                                                                                "Actual Startup Time": 0.009,
                                                                                                                "Actual Total Time": 0.01,
                                                                                                                "Actual Rows": 3,
                                                                                                                "Actual Loops": 5,
                                                                                                                "Hash Buckets": 1024,
                                                                                                                "Original Hash Buckets": 1024,
                                                                                                                "Hash Batches": 1,
                                                                                                                "Original Hash Batches": 1,
                                                                                                                "Peak Memory Usage": 9,
                                                                                                                "Workers": [],
                                                                                                                "Plans": [
                                                                                                                    {
                                                                                                                        "Node Type": "Seq Scan",
                                                                                                                        "Parent Relationship": "Outer",
                                                                                                                        "Parallel Aware": false,
                                                                                                                        "Async Capable": false,
                                                                                                                        "Relation Name": "info_type",
                                                                                                                        "Alias": "it1",
                                                                                                                        "Startup Cost": 0.0,
                                                                                                                        "Total Cost": 2.55,
                                                                                                                        "Plan Rows": 3,
                                                                                                                        "Plan Width": 4,
                                                                                                                        "Actual Startup Time": 0.005,
                                                                                                                        "Actual Total Time": 0.008,
                                                                                                                        "Actual Rows": 3,
                                                                                                                        "Actual Loops": 5,
                                                                                                                        "Filter": "(id = ANY ('{3,6,8}'::integer[]))",
                                                                                                                        "Rows Removed by Filter": 110,
                                                                                                                        "Workers": []
                                                                                                                    }
                                                                                                                ]
                                                                                                            }
                                                                                                        ]
                                                                                                    },
                                                                                                    {
                                                                                                        "Node Type": "Hash",
                                                                                                        "Parent Relationship": "Inner",
                                                                                                        "Parallel Aware": true,
                                                                                                        "Async Capable": false,
                                                                                                        "Startup Cost": 45967.52,
                                                                                                        "Total Cost": 45967.52,
                                                                                                        "Plan Rows": 48438,
                                                                                                        "Plan Width": 4,
                                                                                                        "Actual Startup Time": 31.802,
                                                                                                        "Actual Total Time": 31.804,
                                                                                                        "Actual Rows": 5880,
                                                                                                        "Actual Loops": 5,
                                                                                                        "Hash Buckets": 262144,
                                                                                                        "Original Hash Buckets": 262144,
                                                                                                        "Hash Batches": 1,
                                                                                                        "Original Hash Batches": 1,
                                                                                                        "Peak Memory Usage": 3264,
                                                                                                        "Workers": [],
                                                                                                        "Plans": [
                                                                                                            {
                                                                                                                "Node Type": "Hash Join",
                                                                                                                "Parent Relationship": "Outer",
                                                                                                                "Parallel Aware": false,
                                                                                                                "Async Capable": false,
                                                                                                                "Join Type": "Inner",
                                                                                                                "Startup Cost": 1.13,
                                                                                                                "Total Cost": 45967.52,
                                                                                                                "Plan Rows": 48438,
                                                                                                                "Plan Width": 4,
                                                                                                                "Actual Startup Time": 0.03,
                                                                                                                "Actual Total Time": 30.865,
                                                                                                                "Actual Rows": 5880,
                                                                                                                "Actual Loops": 5,
                                                                                                                "Inner Unique": true,
                                                                                                                "Hash Cond": "(t.kind_id = kt.id)",
                                                                                                                "Workers": [],
                                                                                                                "Plans": [
                                                                                                                    {
                                                                                                                        "Node Type": "Seq Scan",
                                                                                                                        "Parent Relationship": "Outer",
                                                                                                                        "Parallel Aware": true,
                                                                                                                        "Async Capable": false,
                                                                                                                        "Relation Name": "title",
                                                                                                                        "Alias": "t",
                                                                                                                        "Startup Cost": 0.0,
                                                                                                                        "Total Cost": 45490.07,
                                                                                                                        "Plan Rows": 113023,
                                                                                                                        "Plan Width": 8,
                                                                                                                        "Actual Startup Time": 0.005,
                                                                                                                        "Actual Total Time": 28.267,
                                                                                                                        "Actual Rows": 90314,
                                                                                                                        "Actual Loops": 5,
                                                                                                                        "Filter": "((production_year <= 1975) AND (production_year >= 1875))",
                                                                                                                        "Rows Removed by Filter": 415349,
                                                                                                                        "Workers": []
                                                                                                                    },
                                                                                                                    {
                                                                                                                        "Node Type": "Hash",
                                                                                                                        "Parent Relationship": "Inner",
                                                                                                                        "Parallel Aware": false,
                                                                                                                        "Async Capable": false,
                                                                                                                        "Startup Cost": 1.1,
                                                                                                                        "Total Cost": 1.1,
                                                                                                                        "Plan Rows": 3,
                                                                                                                        "Plan Width": 4,
                                                                                                                        "Actual Startup Time": 0.007,
                                                                                                                        "Actual Total Time": 0.008,
                                                                                                                        "Actual Rows": 3,
                                                                                                                        "Actual Loops": 5,
                                                                                                                        "Hash Buckets": 1024,
                                                                                                                        "Original Hash Buckets": 1024,
                                                                                                                        "Hash Batches": 1,
                                                                                                                        "Original Hash Batches": 1,
                                                                                                                        "Peak Memory Usage": 9,
                                                                                                                        "Workers": [],
                                                                                                                        "Plans": [
                                                                                                                            {
                                                                                                                                "Node Type": "Seq Scan",
                                                                                                                                "Parent Relationship": "Outer",
                                                                                                                                "Parallel Aware": false,
                                                                                                                                "Async Capable": false,
                                                                                                                                "Relation Name": "kind_type",
                                                                                                                                "Alias": "kt",
                                                                                                                                "Startup Cost": 0.0,
                                                                                                                                "Total Cost": 1.1,
                                                                                                                                "Plan Rows": 3,
                                                                                                                                "Plan Width": 4,
                                                                                                                                "Actual Startup Time": 0.006,
                                                                                                                                "Actual Total Time": 0.006,
                                                                                                                                "Actual Rows": 3,
                                                                                                                                "Actual Loops": 5,
                                                                                                                                "Filter": "((kind)::text = ANY ('{\"tv movie\",\"tv series\",\"video game\"}'::text[]))",
                                                                                                                                "Rows Removed by Filter": 4,
                                                                                                                                "Workers": []
                                                                                                                            }
                                                                                                                        ]
                                                                                                                    }
                                                                                                                ]
                                                                                                            }
                                                                                                        ]
                                                                                                    }
                                                                                                ]
                                                                                            }
                                                                                        ]
                                                                                    }
                                                                                ]
                                                                            },
                                                                            {
                                                                                "Node Type": "Hash",
                                                                                "Parent Relationship": "Inner",
                                                                                "Parallel Aware": false,
                                                                                "Async Capable": false,
                                                                                "Startup Cost": 1.18,
                                                                                "Total Cost": 1.18,
                                                                                "Plan Rows": 4,
                                                                                "Plan Width": 4,
                                                                                "Actual Startup Time": 0.01,
                                                                                "Actual Total Time": 0.011,
                                                                                "Actual Rows": 4,
                                                                                "Actual Loops": 5,
                                                                                "Hash Buckets": 1024,
                                                                                "Original Hash Buckets": 1024,
                                                                                "Hash Batches": 1,
                                                                                "Original Hash Batches": 1,
                                                                                "Peak Memory Usage": 9,
                                                                                "Workers": [],
                                                                                "Plans": [
                                                                                    {
                                                                                        "Node Type": "Seq Scan",
                                                                                        "Parent Relationship": "Outer",
                                                                                        "Parallel Aware": false,
                                                                                        "Async Capable": false,
                                                                                        "Relation Name": "role_type",
                                                                                        "Alias": "rt",
                                                                                        "Startup Cost": 0.0,
                                                                                        "Total Cost": 1.18,
                                                                                        "Plan Rows": 4,
                                                                                        "Plan Width": 4,
                                                                                        "Actual Startup Time": 0.007,
                                                                                        "Actual Total Time": 0.008,
                                                                                        "Actual Rows": 4,
                                                                                        "Actual Loops": 5,
                                                                                        "Filter": "((role)::text = ANY ('{actress,director,\"miscellaneous crew\",producer}'::text[]))",
                                                                                        "Rows Removed by Filter": 8,
                                                                                        "Workers": []
                                                                                    }
                                                                                ]
                                                                            }
                                                                        ]
                                                                    }
                                                                ]
                                                            }
                                                        ]
                                                    }
                                                ]
                                            }
                                        ]
                                    },
                                    {
                                        "Node Type": "Materialize",
                                        "Parent Relationship": "Inner",
                                        "Parallel Aware": false,
                                        "Async Capable": false,
                                        "Startup Cost": 0.0,
                                        "Total Cost": 2.42,
                                        "Plan Rows": 1,
                                        "Plan Width": 4,
                                        "Actual Startup Time": 0.0,
                                        "Actual Total Time": 0.0,
                                        "Actual Rows": 1,
                                        "Actual Loops": 2542,
                                        "Plans": [
                                            {
                                                "Node Type": "Seq Scan",
                                                "Parent Relationship": "Outer",
                                                "Parallel Aware": false,
                                                "Async Capable": false,
                                                "Relation Name": "info_type",
                                                "Alias": "it2",
                                                "Startup Cost": 0.0,
                                                "Total Cost": 2.41,
                                                "Plan Rows": 1,
                                                "Plan Width": 4,
                                                "Actual Startup Time": 0.008,
                                                "Actual Total Time": 0.01,
                                                "Actual Rows": 1,
                                                "Actual Loops": 1,
                                                "Filter": "(id = 24)",
                                                "Rows Removed by Filter": 112
                                            }
                                        ]
                                    }
                                ]
                            }
                        ]
                    },
                    "Planning Time": 3.405,
                    "Triggers": [],
                    "Execution Time": 1503.112
                }
            ],
            "hints": [
                "SET enable_hashjoin TO on",
                "SET enable_indexonlyscan TO on",
                "SET enable_indexscan TO on",
                "SET enable_mergejoin TO on",
                "SET enable_nestloop TO off",
                "SET enable_seqscan TO on"
            ]
        },
        {
            "arm": 2,
            "execution_time": 1344.943,
            "plan": [
                {
                    "Plan": {
                        "Node Type": "Aggregate",
                        "Strategy": "Sorted",
                        "Partial Mode": "Simple",
                        "Parallel Aware": false,
                        "Async Capable": false,
                        "Startup Cost": 769432.31,
                        "Total Cost": 769436.67,
                        "Plan Rows": 13,
                        "Plan Width": 65,
                        "Actual Startup Time": 1321.292,
                        "Actual Total Time": 1344.876,
                        "Actual Rows": 882,
                        "Actual Loops": 1,
                        "Group Key": [
                            "mi1.info",
                            "n.name"
                        ],
                        "Plans": [
                            {
                                "Node Type": "Nested Loop",
                                "Parent Relationship": "Outer",
                                "Parallel Aware": false,
                                "Async Capable": false,
                                "Join Type": "Inner",
                                "Startup Cost": 769432.31,
                                "Total Cost": 769436.44,
                                "Plan Rows": 13,
                                "Plan Width": 57,
                                "Actual Startup Time": 1321.283,
                                "Actual Total Time": 1344.696,
                                "Actual Rows": 2542,
                                "Actual Loops": 1,
                                "Inner Unique": false,
                                "Plans": [
                                    {
                                        "Node Type": "Gather Merge",
                                        "Parent Relationship": "Outer",
                                        "Parallel Aware": false,
                                        "Async Capable": false,
                                        "Startup Cost": 769432.31,
                                        "Total Cost": 769433.86,
                                        "Plan Rows": 13,
                                        "Plan Width": 61,
                                        "Actual Startup Time": 1321.271,
                                        "Actual Total Time": 1344.358,
                                        "Actual Rows": 2542,
                                        "Actual Loops": 1,
                                        "Workers Planned": 4,
                                        "Workers Launched": 4,
                                        "Plans": [
                                            {
                                                "Node Type": "Sort",
                                                "Parent Relationship": "Outer",
                                                "Parallel Aware": false,
                                                "Async Capable": false,
                                                "Startup Cost": 768432.25,
                                                "Total Cost": 768432.26,
                                                "Plan Rows": 3,
                                                "Plan Width": 61,
                                                "Actual Startup Time": 1319.528,
                                                "Actual Total Time": 1319.549,
                                                "Actual Rows": 508,
                                                "Actual Loops": 5,
                                                "Sort Key": [
                                                    "mi1.info COLLATE \"C\"",
                                                    "n.name COLLATE \"C\""
                                                ],
                                                "Sort Method": "quicksort",
                                                "Sort Space Used": 60,
                                                "Sort Space Type": "Memory",
                                                "Workers": [
                                                    {
                                                        "Worker Number": 0,
                                                        "Sort Method": "quicksort",
                                                        "Sort Space Used": 43,
                                                        "Sort Space Type": "Memory"
                                                    },
                                                    {
                                                        "Worker Number": 1,
                                                        "Sort Method": "quicksort",
                                                        "Sort Space Used": 51,
                                                        "Sort Space Type": "Memory"
                                                    },
                                                    {
                                                        "Worker Number": 2,
                                                        "Sort Method": "quicksort",
                                                        "Sort Space Used": 55,
                                                        "Sort Space Type": "Memory"
                                                    },
                                                    {
                                                        "Worker Number": 3,
                                                        "Sort Method": "quicksort",
                                                        "Sort Space Used": 46,
                                                        "Sort Space Type": "Memory"
                                                    }
                                                ],
                                                "Plans": [
                                                    {
                                                        "Node Type": "Hash Join",
                                                        "Parent Relationship": "Outer",
                                                        "Parallel Aware": true,
                                                        "Async Capable": false,
                                                        "Join Type": "Inner",
                                                        "Startup Cost": 707987.98,
                                                        "Total Cost": 768432.23,
                                                        "Plan Rows": 3,
                                                        "Plan Width": 61,
                                                        "Actual Startup Time": 1289.505,
                                                        "Actual Total Time": 1319.345,
                                                        "Actual Rows": 508,
                                                        "Actual Loops": 5,
                                                        "Inner Unique": false,
                                                        "Hash Cond": "(pi1.person_id = ci.person_id)",
                                                        "Workers": [],
                                                        "Plans": [
                                                            {
                                                                "Node Type": "Seq Scan",
                                                                "Parent Relationship": "Outer",
                                                                "Parallel Aware": true,
                                                                "Async Capable": false,
                                                                "Relation Name": "person_info",
                                                                "Alias": "pi1",
                                                                "Startup Cost": 0.0,
                                                                "Total Cost": 60333.3,
                                                                "Plan Rows": 29536,
                                                                "Plan Width": 8,
                                                                "Actual Startup Time": 0.006,
                                                                "Actual Total Time": 30.099,
                                                                "Actual Rows": 24556,
                                                                "Actual Loops": 5,
                                                                "Filter": "(info_type_id = 24)",
                                                                "Rows Removed by Filter": 568177,
                                                                "Workers": []
                                                            },
                                                            {
                                                                "Node Type": "Hash",
                                                                "Parent Relationship": "Inner",
                                                                "Parallel Aware": true,
                                                                "Async Capable": false,
                                                                "Startup Cost": 707987.03,
                                                                "Total Cost": 707987.03,
                                                                "Plan Rows": 76,
                                                                "Plan Width": 65,
                                                                "Actual Startup Time": 1288.042,
                                                                "Actual Total Time": 1288.052,
                                                                "Actual Rows": 1164,
                                                                "Actual Loops": 5,
                                                                "Hash Buckets": 4096,
                                                                "Original Hash Buckets": 1024,
                                                                "Hash Batches": 1,
                                                                "Original Hash Batches": 1,
                                                                "Peak Memory Usage": 472,
                                                                "Workers": [],
                                                                "Plans": [
                                                                    {
                                                                        "Node Type": "Hash Join",
                                                                        "Parent Relationship": "Outer",
                                                                        "Parallel Aware": false,
                                                                        "Async Capable": false,
                                                                        "Join Type": "Inner",
                                                                        "Startup Cost": 378086.36,
                                                                        "Total Cost": 707987.03,
                                                                        "Plan Rows": 76,
                                                                        "Plan Width": 65,
                                                                        "Actual Startup Time": 623.416,
                                                                        "Actual Total Time": 1154.263,
                                                                        "Actual Rows": 1164,
                                                                        "Actual Loops": 5,
                                                                        "Inner Unique": true,
                                                                        "Hash Cond": "(ci.role_id = rt.id)",
                                                                        "Workers": [],
                                                                        "Plans": [
                                                                            {
                                                                                "Node Type": "Hash Join",
                                                                                "Parent Relationship": "Outer",
                                                                                "Parallel Aware": true,
                                                                                "Async Capable": false,
                                                                                "Join Type": "Inner",
                                                                                "Startup Cost": 378085.13,
                                                                                "Total Cost": 707984.99,
                                                                                "Plan Rows": 227,
                                                                                "Plan Width": 69,
                                                                                "Actual Startup Time": 623.398,
                                                                                "Actual Total Time": 1154.08,
                                                                                "Actual Rows": 3433,
                                                                                "Actual Loops": 5,
                                                                                "Inner Unique": false,
                                                                                "Hash Cond": "(ci.movie_id = t.id)",
                                                                                "Workers": [],
                                                                                "Plans": [
                                                                                    {
                                                                                        "Node Type": "Hash Join",
                                                                                        "Parent Relationship": "Outer",
                                                                                        "Parallel Aware": true,
                                                                                        "Async Capable": false,
                                                                                        "Join Type": "Inner",
                                                                                        "Startup Cost": 69205.61,
                                                                                        "Total Cost": 398189.76,
                                                                                        "Plan Rows": 244069,
                                                                                        "Plan Width": 31,
                                                                                        "Actual Startup Time": 108.638,
                                                                                        "Actual Total Time": 622.718,
                                                                                        "Actual Rows": 373233,
                                                                                        "Actual Loops": 5,
                                                                                        "Inner Unique": true,
                                                                                        "Hash Cond": "(ci.person_id = n.id)",
                                                                                        "Workers": [],
                                                                                        "Plans": [
                                                                                            {
                                                                                                "Node Type": "Seq Scan",
                                                                                                "Parent Relationship": "Outer",
                                                                                                "Parallel Aware": true,
                                                                                                "Async Capable": false,
                                                                                                "Relation Name": "cast_info",
                                                                                                "Alias": "ci",
                                                                                                "Startup Cost": 0.0,
                                                                                                "Total Cost": 313127.24,
                                                                                                "Plan Rows": 6040724,
                                                                                                "Plan Width": 12,
                                                                                                "Actual Startup Time": 0.013,
                                                                                                "Actual Total Time": 235.953,
                                                                                                "Actual Rows": 7248869,
                                                                                                "Actual Loops": 5,
                                                                                                "Workers": []
                                                                                            },
                                                                                            {
                                                                                                "Node Type": "Hash",
                                                                                                "Parent Relationship": "Inner",
                                                                                                "Parallel Aware": true,
                                                                                                "Async Capable": false,
                                                                                                "Startup Cost": 68679.41,
                                                                                                "Total Cost": 68679.41,
                                                                                                "Plan Rows": 42096,
                                                                                                "Plan Width": 19,
                                                                                                "Actual Startup Time": 108.518,
                                                                                                "Actual Total Time": 108.519,
                                                                                                "Actual Rows": 40673,
                                                                                                "Actual Loops": 5,
                                                                                                "Hash Buckets": 262144,
                                                                                                "Original Hash Buckets": 262144,
                                                                                                "Hash Batches": 1,
                                                                                                "Original Hash Batches": 1,
                                                                                                "Peak Memory Usage": 13312,
                                                                                                "Workers": [],
                                                                                                "Plans": [
                                                                                                    {
                                                                                                        "Node Type": "Seq Scan",
                                                                                                        "Parent Relationship": "Outer",
                                                                                                        "Parallel Aware": true,
                                                                                                        "Async Capable": false,
                                                                                                        "Relation Name": "name",
                                                                                                        "Alias": "n",
                                                                                                        "Startup Cost": 0.0,
                                                                                                        "Total Cost": 68679.41,
                                                                                                        "Plan Rows": 42096,
                                                                                                        "Plan Width": 19,
                                                                                                        "Actual Startup Time": 0.028,
                                                                                                        "Actual Total Time": 103.997,
                                                                                                        "Actual Rows": 40673,
                                                                                                        "Actual Loops": 5,
                                                                                                        "Filter": "(name ~~* '%co%'::text)",
                                                                                                        "Rows Removed by Filter": 792825,
                                                                                                        "Workers": []
                                                                                                    }
                                                                                                ]
                                                                                            }
                                                                                        ]
                                                                                    },
                                                                                    {
                                                                                        "Node Type": "Hash",
                                                                                        "Parent Relationship": "Inner",
                                                                                        "Parallel Aware": true,
                                                                                        "Async Capable": false,
                                                                                        "Startup Cost": 308873.64,
                                                                                        "Total Cost": 308873.64,
                                                                                        "Plan Rows": 471,
                                                                                        "Plan Width": 50,
                                                                                        "Actual Startup Time": 510.065,
                                                                                        "Actual Total Time": 510.07,
                                                                                        "Actual Rows": 6809,
                                                                                        "Actual Loops": 5,
                                                                                        "Hash Buckets": 32768,
                                                                                        "Original Hash Buckets": 4096,
                                                                                        "Hash Batches": 1,
                                                                                        "Original Hash Batches": 1,
                                                                                        "Peak Memory Usage": 2176,
                                                                                        "Workers": [],
                                                                                        "Plans": [
                                                                                            {
                                                                                                "Node Type": "Hash Join",
                                                                                                "Parent Relationship": "Outer",
                                                                                                "Parallel Aware": true,
                                                                                                "Async Capable": false,
                                                                                                "Join Type": "Inner",
                                                                                                "Startup Cost": 46575.58,
                                                                                                "Total Cost": 308873.64,
                                                                                                "Plan Rows": 471,
                                                                                                "Plan Width": 50,
                                                                                                "Actual Startup Time": 291.053,
                                                                                                "Actual Total Time": 493.435,
                                                                                                "Actual Rows": 6809,
                                                                                                "Actual Loops": 5,
                                                                                                "Inner Unique": false,
                                                                                                "Hash Cond": "(mi1.movie_id = t.id)",
                                                                                                "Workers": [],
                                                                                                "Plans": [
                                                                                                    {
                                                                                                        "Node Type": "Hash Join",
                                                                                                        "Parent Relationship": "Outer",
                                                                                                        "Parallel Aware": false,
                                                                                                        "Async Capable": false,
                                                                                                        "Join Type": "Inner",
                                                                                                        "Startup Cost": 2.59,
                                                                                                        "Total Cost": 262276.43,
                                                                                                        "Plan Rows": 6143,
                                                                                                        "Plan Width": 46,
                                                                                                        "Actual Startup Time": 258.727,
                                                                                                        "Actual Total Time": 451.123,
                                                                                                        "Actual Rows": 234830,
                                                                                                        "Actual Loops": 5,
                                                                                                        "Inner Unique": true,
                                                                                                        "Hash Cond": "(mi1.info_type_id = it1.id)",
                                                                                                        "Workers": [],
                                                                                                        "Plans": [
                                                                                                            {
                                                                                                                "Node Type": "Seq Scan",
                                                                                                                "Parent Relationship": "Outer",
                                                                                                                "Parallel Aware": true,
                                                                                                                "Async Capable": false,
                                                                                                                "Relation Name": "movie_info",
                                                                                                                "Alias": "mi1",
                                                                                                                "Startup Cost": 0.0,
                                                                                                                "Total Cost": 261643.69,
                                                                                                                "Plan Rows": 231374,
                                                                                                                "Plan Width": 50,
                                                                                                                "Actual Startup Time": 125.816,
                                                                                                                "Actual Total Time": 435.255,
                                                                                                                "Actual Rows": 239526,
                                                                                                                "Actual Loops": 5,
                                                                                                                "Filter": "(info = ANY ('{Animation,Belgium,Brazil,Comedy,Crime,Documentary,Family,France,Italy,Mexico,Mono,Musical,Mystery,Netherlands,Romance,Sport,Stereo,Thriller,UK}'::text[]))",
                                                                                                                "Rows Removed by Filter": 2727618,
                                                                                                                "Workers": []
                                                                                                            },
                                                                                                            {
                                                                                                                "Node Type": "Hash",
                                                                                                                "Parent Relationship": "Inner",
                                                                                                                "Parallel Aware": false,
                                                                                                                "Async Capable": false,
                                                                                                                "Startup Cost": 2.55,
                                                                                                                "Total Cost": 2.55,
                                                                                                                "Plan Rows": 3,
                                                                                                                "Plan Width": 4,
                                                                                                                "Actual Startup Time": 0.016,
                                                                                                                "Actual Total Time": 0.016,
                                                                                                                "Actual Rows": 3,
                                                                                                                "Actual Loops": 5,
                                                                                                                "Hash Buckets": 1024,
                                                                                                                "Original Hash Buckets": 1024,
                                                                                                                "Hash Batches": 1,
                                                                                                                "Original Hash Batches": 1,
                                                                                                                "Peak Memory Usage": 9,
                                                                                                                "Workers": [],
                                                                                                                "Plans": [
                                                                                                                    {
                                                                                                                        "Node Type": "Seq Scan",
                                                                                                                        "Parent Relationship": "Outer",
                                                                                                                        "Parallel Aware": false,
                                                                                                                        "Async Capable": false,
                                                                                                                        "Relation Name": "info_type",
                                                                                                                        "Alias": "it1",
                                                                                                                        "Startup Cost": 0.0,
                                                                                                                        "Total Cost": 2.55,
                                                                                                                        "Plan Rows": 3,
                                                                                                                        "Plan Width": 4,
                                                                                                                        "Actual Startup Time": 0.011,
                                                                                                                        "Actual Total Time": 0.014,
                                                                                                                        "Actual Rows": 3,
                                                                                                                        "Actual Loops": 5,
                                                                                                                        "Filter": "(id = ANY ('{3,6,8}'::integer[]))",
                                                                                                                        "Rows Removed by Filter": 110,
                                                                                                                        "Workers": []
                                                                                                                    }
                                                                                                                ]
                                                                                                            }
                                                                                                        ]
                                                                                                    },
                                                                                                    {
                                                                                                        "Node Type": "Hash",
                                                                                                        "Parent Relationship": "Inner",
                                                                                                        "Parallel Aware": true,
                                                                                                        "Async Capable": false,
                                                                                                        "Startup Cost": 45967.52,
                                                                                                        "Total Cost": 45967.52,
                                                                                                        "Plan Rows": 48438,
                                                                                                        "Plan Width": 4,
                                                                                                        "Actual Startup Time": 32.005,
                                                                                                        "Actual Total Time": 32.007,
                                                                                                        "Actual Rows": 5880,
                                                                                                        "Actual Loops": 5,
                                                                                                        "Hash Buckets": 262144,
                                                                                                        "Original Hash Buckets": 262144,
                                                                                                        "Hash Batches": 1,
                                                                                                        "Original Hash Batches": 1,
                                                                                                        "Peak Memory Usage": 3264,
                                                                                                        "Workers": [],
                                                                                                        "Plans": [
                                                                                                            {
                                                                                                                "Node Type": "Hash Join",
                                                                                                                "Parent Relationship": "Outer",
                                                                                                                "Parallel Aware": false,
                                                                                                                "Async Capable": false,
                                                                                                                "Join Type": "Inner",
                                                                                                                "Startup Cost": 1.13,
                                                                                                                "Total Cost": 45967.52,
                                                                                                                "Plan Rows": 48438,
                                                                                                                "Plan Width": 4,
                                                                                                                "Actual Startup Time": 0.035,
                                                                                                                "Actual Total Time": 31.058,
                                                                                                                "Actual Rows": 5880,
                                                                                                                "Actual Loops": 5,
                                                                                                                "Inner Unique": true,
                                                                                                                "Hash Cond": "(t.kind_id = kt.id)",
                                                                                                                "Workers": [],
                                                                                                                "Plans": [
                                                                                                                    {
                                                                                                                        "Node Type": "Seq Scan",
                                                                                                                        "Parent Relationship": "Outer",
                                                                                                                        "Parallel Aware": true,
                                                                                                                        "Async Capable": false,
                                                                                                                        "Relation Name": "title",
                                                                                                                        "Alias": "t",
                                                                                                                        "Startup Cost": 0.0,
                                                                                                                        "Total Cost": 45490.07,
                                                                                                                        "Plan Rows": 113023,
                                                                                                                        "Plan Width": 8,
                                                                                                                        "Actual Startup Time": 0.007,
                                                                                                                        "Actual Total Time": 28.419,
                                                                                                                        "Actual Rows": 90314,
                                                                                                                        "Actual Loops": 5,
                                                                                                                        "Filter": "((production_year <= 1975) AND (production_year >= 1875))",
                                                                                                                        "Rows Removed by Filter": 415349,
                                                                                                                        "Workers": []
                                                                                                                    },
                                                                                                                    {
                                                                                                                        "Node Type": "Hash",
                                                                                                                        "Parent Relationship": "Inner",
                                                                                                                        "Parallel Aware": false,
                                                                                                                        "Async Capable": false,
                                                                                                                        "Startup Cost": 1.1,
                                                                                                                        "Total Cost": 1.1,
                                                                                                                        "Plan Rows": 3,
                                                                                                                        "Plan Width": 4,
                                                                                                                        "Actual Startup Time": 0.009,
                                                                                                                        "Actual Total Time": 0.009,
                                                                                                                        "Actual Rows": 3,
                                                                                                                        "Actual Loops": 5,
                                                                                                                        "Hash Buckets": 1024,
                                                                                                                        "Original Hash Buckets": 1024,
                                                                                                                        "Hash Batches": 1,
                                                                                                                        "Original Hash Batches": 1,
                                                                                                                        "Peak Memory Usage": 9,
                                                                                                                        "Workers": [],
                                                                                                                        "Plans": [
                                                                                                                            {
                                                                                                                                "Node Type": "Seq Scan",
                                                                                                                                "Parent Relationship": "Outer",
                                                                                                                                "Parallel Aware": false,
                                                                                                                                "Async Capable": false,
                                                                                                                                "Relation Name": "kind_type",
                                                                                                                                "Alias": "kt",
                                                                                                                                "Startup Cost": 0.0,
                                                                                                                                "Total Cost": 1.1,
                                                                                                                                "Plan Rows": 3,
                                                                                                                                "Plan Width": 4,
                                                                                                                                "Actual Startup Time": 0.007,
                                                                                                                                "Actual Total Time": 0.008,
                                                                                                                                "Actual Rows": 3,
                                                                                                                                "Actual Loops": 5,
                                                                                                                                "Filter": "((kind)::text = ANY ('{\"tv movie\",\"tv series\",\"video game\"}'::text[]))",
                                                                                                                                "Rows Removed by Filter": 4,
                                                                                                                                "Workers": []
                                                                                                                            }
                                                                                                                        ]
                                                                                                                    }
                                                                                                                ]
                                                                                                            }
                                                                                                        ]
                                                                                                    }
                                                                                                ]
                                                                                            }
                                                                                        ]
                                                                                    }
                                                                                ]
                                                                            },
                                                                            {
                                                                                "Node Type": "Hash",
                                                                                "Parent Relationship": "Inner",
                                                                                "Parallel Aware": false,
                                                                                "Async Capable": false,
                                                                                "Startup Cost": 1.18,
                                                                                "Total Cost": 1.18,
                                                                                "Plan Rows": 4,
                                                                                "Plan Width": 4,
                                                                                "Actual Startup Time": 0.013,
                                                                                "Actual Total Time": 0.013,
                                                                                "Actual Rows": 4,
                                                                                "Actual Loops": 5,
                                                                                "Hash Buckets": 1024,
                                                                                "Original Hash Buckets": 1024,
                                                                                "Hash Batches": 1,
                                                                                "Original Hash Batches": 1,
                                                                                "Peak Memory Usage": 9,
                                                                                "Workers": [],
                                                                                "Plans": [
                                                                                    {
                                                                                        "Node Type": "Seq Scan",
                                                                                        "Parent Relationship": "Outer",
                                                                                        "Parallel Aware": false,
                                                                                        "Async Capable": false,
                                                                                        "Relation Name": "role_type",
                                                                                        "Alias": "rt",
                                                                                        "Startup Cost": 0.0,
                                                                                        "Total Cost": 1.18,
                                                                                        "Plan Rows": 4,
                                                                                        "Plan Width": 4,
                                                                                        "Actual Startup Time": 0.01,
                                                                                        "Actual Total Time": 0.011,
                                                                                        "Actual Rows": 4,
                                                                                        "Actual Loops": 5,
                                                                                        "Filter": "((role)::text = ANY ('{actress,director,\"miscellaneous crew\",producer}'::text[]))",
                                                                                        "Rows Removed by Filter": 8,
                                                                                        "Workers": []
                                                                                    }
                                                                                ]
                                                                            }
                                                                        ]
                                                                    }
                                                                ]
                                                            }
                                                        ]
                                                    }
                                                ]
                                            }
                                        ]
                                    },
                                    {
                                        "Node Type": "Materialize",
                                        "Parent Relationship": "Inner",
                                        "Parallel Aware": false,
                                        "Async Capable": false,
                                        "Startup Cost": 0.0,
                                        "Total Cost": 2.42,
                                        "Plan Rows": 1,
                                        "Plan Width": 4,
                                        "Actual Startup Time": 0.0,
                                        "Actual Total Time": 0.0,
                                        "Actual Rows": 1,
                                        "Actual Loops": 2542,
                                        "Plans": [
                                            {
                                                "Node Type": "Seq Scan",
                                                "Parent Relationship": "Outer",
                                                "Parallel Aware": false,
                                                "Async Capable": false,
                                                "Relation Name": "info_type",
                                                "Alias": "it2",
                                                "Startup Cost": 0.0,
                                                "Total Cost": 2.41,
                                                "Plan Rows": 1,
                                                "Plan Width": 4,
                                                "Actual Startup Time": 0.007,
                                                "Actual Total Time": 0.009,
                                                "Actual Rows": 1,
                                                "Actual Loops": 1,
                                                "Filter": "(id = 24)",
                                                "Rows Removed by Filter": 112
                                            }
                                        ]
                                    }
                                ]
                            }
                        ]
                    },
                    "Planning Time": 1.536,
                    "Triggers": [],
                    "Execution Time": 1344.943
                }
            ],
            "hints": [
                "SET enable_hashjoin TO on",
                "SET enable_indexonlyscan TO on",
                "SET enable_indexscan TO off",
                "SET enable_mergejoin TO off",
                "SET enable_nestloop TO on",
                "SET enable_seqscan TO on"
            ]
        },
        {
            "arm": 3,
            "execution_time": 1353.869,
            "plan": [
                {
                    "Plan": {
                        "Node Type": "Aggregate",
                        "Strategy": "Sorted",
                        "Partial Mode": "Simple",
                        "Parallel Aware": false,
                        "Async Capable": false,
                        "Startup Cost": 10000769432.31,
                        "Total Cost": 10000769436.67,
                        "Plan Rows": 13,
                        "Plan Width": 65,
                        "Actual Startup Time": 1330.217,
                        "Actual Total Time": 1353.797,
                        "Actual Rows": 882,
                        "Actual Loops": 1,
                        "Group Key": [
                            "mi1.info",
                            "n.name"
                        ],
                        "Plans": [
                            {
                                "Node Type": "Nested Loop",
                                "Parent Relationship": "Outer",
                                "Parallel Aware": false,
                                "Async Capable": false,
                                "Join Type": "Inner",
                                "Startup Cost": 10000769432.31,
                                "Total Cost": 10000769436.44,
                                "Plan Rows": 13,
                                "Plan Width": 57,
                                "Actual Startup Time": 1330.208,
                                "Actual Total Time": 1353.625,
                                "Actual Rows": 2542,
                                "Actual Loops": 1,
                                "Inner Unique": false,
                                "Plans": [
                                    {
                                        "Node Type": "Gather Merge",
                                        "Parent Relationship": "Outer",
                                        "Parallel Aware": false,
                                        "Async Capable": false,
                                        "Startup Cost": 769432.31,
                                        "Total Cost": 769433.86,
                                        "Plan Rows": 13,
                                        "Plan Width": 61,
                                        "Actual Startup Time": 1330.197,
                                        "Actual Total Time": 1353.287,
                                        "Actual Rows": 2542,
                                        "Actual Loops": 1,
                                        "Workers Planned": 4,
                                        "Workers Launched": 4,
                                        "Plans": [
                                            {
                                                "Node Type": "Sort",
                                                "Parent Relationship": "Outer",
                                                "Parallel Aware": false,
                                                "Async Capable": false,
                                                "Startup Cost": 768432.25,
                                                "Total Cost": 768432.26,
                                                "Plan Rows": 3,
                                                "Plan Width": 61,
                                                "Actual Startup Time": 1328.3,
                                                "Actual Total Time": 1328.321,
                                                "Actual Rows": 508,
                                                "Actual Loops": 5,
                                                "Sort Key": [
                                                    "mi1.info COLLATE \"C\"",
                                                    "n.name COLLATE \"C\""
                                                ],
                                                "Sort Method": "quicksort",
                                                "Sort Space Used": 60,
                                                "Sort Space Type": "Memory",
                                                "Workers": [
                                                    {
                                                        "Worker Number": 0,
                                                        "Sort Method": "quicksort",
                                                        "Sort Space Used": 46,
                                                        "Sort Space Type": "Memory"
                                                    },
                                                    {
                                                        "Worker Number": 1,
                                                        "Sort Method": "quicksort",
                                                        "Sort Space Used": 49,
                                                        "Sort Space Type": "Memory"
                                                    },
                                                    {
                                                        "Worker Number": 2,
                                                        "Sort Method": "quicksort",
                                                        "Sort Space Used": 52,
                                                        "Sort Space Type": "Memory"
                                                    },
                                                    {
                                                        "Worker Number": 3,
                                                        "Sort Method": "quicksort",
                                                        "Sort Space Used": 49,
                                                        "Sort Space Type": "Memory"
                                                    }
                                                ],
                                                "Plans": [
                                                    {
                                                        "Node Type": "Hash Join",
                                                        "Parent Relationship": "Outer",
                                                        "Parallel Aware": true,
                                                        "Async Capable": false,
                                                        "Join Type": "Inner",
                                                        "Startup Cost": 707987.98,
                                                        "Total Cost": 768432.23,
                                                        "Plan Rows": 3,
                                                        "Plan Width": 61,
                                                        "Actual Startup Time": 1297.999,
                                                        "Actual Total Time": 1328.107,
                                                        "Actual Rows": 508,
                                                        "Actual Loops": 5,
                                                        "Inner Unique": false,
                                                        "Hash Cond": "(pi1.person_id = ci.person_id)",
                                                        "Workers": [],
                                                        "Plans": [
                                                            {
                                                                "Node Type": "Seq Scan",
                                                                "Parent Relationship": "Outer",
                                                                "Parallel Aware": true,
                                                                "Async Capable": false,
                                                                "Relation Name": "person_info",
                                                                "Alias": "pi1",
                                                                "Startup Cost": 0.0,
                                                                "Total Cost": 60333.3,
                                                                "Plan Rows": 29536,
                                                                "Plan Width": 8,
                                                                "Actual Startup Time": 0.007,
                                                                "Actual Total Time": 30.991,
                                                                "Actual Rows": 24556,
                                                                "Actual Loops": 5,
                                                                "Filter": "(info_type_id = 24)",
                                                                "Rows Removed by Filter": 568177,
                                                                "Workers": []
                                                            },
                                                            {
                                                                "Node Type": "Hash",
                                                                "Parent Relationship": "Inner",
                                                                "Parallel Aware": true,
                                                                "Async Capable": false,
                                                                "Startup Cost": 707987.03,
                                                                "Total Cost": 707987.03,
                                                                "Plan Rows": 76,
                                                                "Plan Width": 65,
                                                                "Actual Startup Time": 1295.963,
                                                                "Actual Total Time": 1295.973,
                                                                "Actual Rows": 1164,
                                                                "Actual Loops": 5,
                                                                "Hash Buckets": 8192,
                                                                "Original Hash Buckets": 1024,
                                                                "Hash Batches": 1,
                                                                "Original Hash Batches": 1,
                                                                "Peak Memory Usage": 568,
                                                                "Workers": [],
                                                                "Plans": [
                                                                    {
                                                                        "Node Type": "Hash Join",
                                                                        "Parent Relationship": "Outer",
                                                                        "Parallel Aware": false,
                                                                        "Async Capable": false,
                                                                        "Join Type": "Inner",
                                                                        "Startup Cost": 378086.36,
                                                                        "Total Cost": 707987.03,
                                                                        "Plan Rows": 76,
                                                                        "Plan Width": 65,
                                                                        "Actual Startup Time": 615.851,
                                                                        "Actual Total Time": 1142.139,
                                                                        "Actual Rows": 1164,
                                                                        "Actual Loops": 5,
                                                                        "Inner Unique": true,
                                                                        "Hash Cond": "(ci.role_id = rt.id)",
                                                                        "Workers": [],
                                                                        "Plans": [
                                                                            {
                                                                                "Node Type": "Hash Join",
                                                                                "Parent Relationship": "Outer",
                                                                                "Parallel Aware": true,
                                                                                "Async Capable": false,
                                                                                "Join Type": "Inner",
                                                                                "Startup Cost": 378085.13,
                                                                                "Total Cost": 707984.99,
                                                                                "Plan Rows": 227,
                                                                                "Plan Width": 69,
                                                                                "Actual Startup Time": 615.832,
                                                                                "Actual Total Time": 1141.957,
                                                                                "Actual Rows": 3433,
                                                                                "Actual Loops": 5,
                                                                                "Inner Unique": false,
                                                                                "Hash Cond": "(ci.movie_id = t.id)",
                                                                                "Workers": [],
                                                                                "Plans": [
                                                                                    {
                                                                                        "Node Type": "Hash Join",
                                                                                        "Parent Relationship": "Outer",
                                                                                        "Parallel Aware": true,
                                                                                        "Async Capable": false,
                                                                                        "Join Type": "Inner",
                                                                                        "Startup Cost": 69205.61,
                                                                                        "Total Cost": 398189.76,
                                                                                        "Plan Rows": 244069,
                                                                                        "Plan Width": 31,
                                                                                        "Actual Startup Time": 105.341,
                                                                                        "Actual Total Time": 618.304,
                                                                                        "Actual Rows": 373233,
                                                                                        "Actual Loops": 5,
                                                                                        "Inner Unique": true,
                                                                                        "Hash Cond": "(ci.person_id = n.id)",
                                                                                        "Workers": [],
                                                                                        "Plans": [
                                                                                            {
                                                                                                "Node Type": "Seq Scan",
                                                                                                "Parent Relationship": "Outer",
                                                                                                "Parallel Aware": true,
                                                                                                "Async Capable": false,
                                                                                                "Relation Name": "cast_info",
                                                                                                "Alias": "ci",
                                                                                                "Startup Cost": 0.0,
                                                                                                "Total Cost": 313127.24,
                                                                                                "Plan Rows": 6040724,
                                                                                                "Plan Width": 12,
                                                                                                "Actual Startup Time": 0.013,
                                                                                                "Actual Total Time": 235.159,
                                                                                                "Actual Rows": 7248869,
                                                                                                "Actual Loops": 5,
                                                                                                "Workers": []
                                                                                            },
                                                                                            {
                                                                                                "Node Type": "Hash",
                                                                                                "Parent Relationship": "Inner",
                                                                                                "Parallel Aware": true,
                                                                                                "Async Capable": false,
                                                                                                "Startup Cost": 68679.41,
                                                                                                "Total Cost": 68679.41,
                                                                                                "Plan Rows": 42096,
                                                                                                "Plan Width": 19,
                                                                                                "Actual Startup Time": 105.225,
                                                                                                "Actual Total Time": 105.225,
                                                                                                "Actual Rows": 40673,
                                                                                                "Actual Loops": 5,
                                                                                                "Hash Buckets": 262144,
                                                                                                "Original Hash Buckets": 262144,
                                                                                                "Hash Batches": 1,
                                                                                                "Original Hash Batches": 1,
                                                                                                "Peak Memory Usage": 13280,
                                                                                                "Workers": [],
                                                                                                "Plans": [
                                                                                                    {
                                                                                                        "Node Type": "Seq Scan",
                                                                                                        "Parent Relationship": "Outer",
                                                                                                        "Parallel Aware": true,
                                                                                                        "Async Capable": false,
                                                                                                        "Relation Name": "name",
                                                                                                        "Alias": "n",
                                                                                                        "Startup Cost": 0.0,
                                                                                                        "Total Cost": 68679.41,
                                                                                                        "Plan Rows": 42096,
                                                                                                        "Plan Width": 19,
                                                                                                        "Actual Startup Time": 0.023,
                                                                                                        "Actual Total Time": 100.203,
                                                                                                        "Actual Rows": 40673,
                                                                                                        "Actual Loops": 5,
                                                                                                        "Filter": "(name ~~* '%co%'::text)",
                                                                                                        "Rows Removed by Filter": 792825,
                                                                                                        "Workers": []
                                                                                                    }
                                                                                                ]
                                                                                            }
                                                                                        ]
                                                                                    },
                                                                                    {
                                                                                        "Node Type": "Hash",
                                                                                        "Parent Relationship": "Inner",
                                                                                        "Parallel Aware": true,
                                                                                        "Async Capable": false,
                                                                                        "Startup Cost": 308873.64,
                                                                                        "Total Cost": 308873.64,
                                                                                        "Plan Rows": 471,
                                                                                        "Plan Width": 50,
                                                                                        "Actual Startup Time": 504.803,
                                                                                        "Actual Total Time": 504.808,
                                                                                        "Actual Rows": 6809,
                                                                                        "Actual Loops": 5,
                                                                                        "Hash Buckets": 65536,
                                                                                        "Original Hash Buckets": 4096,
                                                                                        "Hash Batches": 1,
                                                                                        "Original Hash Batches": 1,
                                                                                        "Peak Memory Usage": 2720,
                                                                                        "Workers": [],
                                                                                        "Plans": [
                                                                                            {
                                                                                                "Node Type": "Hash Join",
                                                                                                "Parent Relationship": "Outer",
                                                                                                "Parallel Aware": true,
                                                                                                "Async Capable": false,
                                                                                                "Join Type": "Inner",
                                                                                                "Startup Cost": 46575.58,
                                                                                                "Total Cost": 308873.64,
                                                                                                "Plan Rows": 471,
                                                                                                "Plan Width": 50,
                                                                                                "Actual Startup Time": 285.568,
                                                                                                "Actual Total Time": 487.623,
                                                                                                "Actual Rows": 6809,
                                                                                                "Actual Loops": 5,
                                                                                                "Inner Unique": false,
                                                                                                "Hash Cond": "(mi1.movie_id = t.id)",
                                                                                                "Workers": [],
                                                                                                "Plans": [
                                                                                                    {
                                                                                                        "Node Type": "Hash Join",
                                                                                                        "Parent Relationship": "Outer",
                                                                                                        "Parallel Aware": false,
                                                                                                        "Async Capable": false,
                                                                                                        "Join Type": "Inner",
                                                                                                        "Startup Cost": 2.59,
                                                                                                        "Total Cost": 262276.43,
                                                                                                        "Plan Rows": 6143,
                                                                                                        "Plan Width": 46,
                                                                                                        "Actual Startup Time": 253.47,
                                                                                                        "Actual Total Time": 445.434,
                                                                                                        "Actual Rows": 234830,
                                                                                                        "Actual Loops": 5,
                                                                                                        "Inner Unique": true,
                                                                                                        "Hash Cond": "(mi1.info_type_id = it1.id)",
                                                                                                        "Workers": [],
                                                                                                        "Plans": [
                                                                                                            {
                                                                                                                "Node Type": "Seq Scan",
                                                                                                                "Parent Relationship": "Outer",
                                                                                                                "Parallel Aware": true,
                                                                                                                "Async Capable": false,
                                                                                                                "Relation Name": "movie_info",
                                                                                                                "Alias": "mi1",
                                                                                                                "Startup Cost": 0.0,
                                                                                                                "Total Cost": 261643.69,
                                                                                                                "Plan Rows": 231374,
                                                                                                                "Plan Width": 50,
                                                                                                                "Actual Startup Time": 122.111,
                                                                                                                "Actual Total Time": 430.156,
                                                                                                                "Actual Rows": 239526,
                                                                                                                "Actual Loops": 5,
                                                                                                                "Filter": "(info = ANY ('{Animation,Belgium,Brazil,Comedy,Crime,Documentary,Family,France,Italy,Mexico,Mono,Musical,Mystery,Netherlands,Romance,Sport,Stereo,Thriller,UK}'::text[]))",
                                                                                                                "Rows Removed by Filter": 2727618,
                                                                                                                "Workers": []
                                                                                                            },
                                                                                                            {
                                                                                                                "Node Type": "Hash",
                                                                                                                "Parent Relationship": "Inner",
                                                                                                                "Parallel Aware": false,
                                                                                                                "Async Capable": false,
                                                                                                                "Startup Cost": 2.55,
                                                                                                                "Total Cost": 2.55,
                                                                                                                "Plan Rows": 3,
                                                                                                                "Plan Width": 4,
                                                                                                                "Actual Startup Time": 0.013,
                                                                                                                "Actual Total Time": 0.014,
                                                                                                                "Actual Rows": 3,
                                                                                                                "Actual Loops": 5,
                                                                                                                "Hash Buckets": 1024,
                                                                                                                "Original Hash Buckets": 1024,
                                                                                                                "Hash Batches": 1,
                                                                                                                "Original Hash Batches": 1,
                                                                                                                "Peak Memory Usage": 9,
                                                                                                                "Workers": [],
                                                                                                                "Plans": [
                                                                                                                    {
                                                                                                                        "Node Type": "Seq Scan",
                                                                                                                        "Parent Relationship": "Outer",
                                                                                                                        "Parallel Aware": false,
                                                                                                                        "Async Capable": false,
                                                                                                                        "Relation Name": "info_type",
                                                                                                                        "Alias": "it1",
                                                                                                                        "Startup Cost": 0.0,
                                                                                                                        "Total Cost": 2.55,
                                                                                                                        "Plan Rows": 3,
                                                                                                                        "Plan Width": 4,
                                                                                                                        "Actual Startup Time": 0.009,
                                                                                                                        "Actual Total Time": 0.012,
                                                                                                                        "Actual Rows": 3,
                                                                                                                        "Actual Loops": 5,
                                                                                                                        "Filter": "(id = ANY ('{3,6,8}'::integer[]))",
                                                                                                                        "Rows Removed by Filter": 110,
                                                                                                                        "Workers": []
                                                                                                                    }
                                                                                                                ]
                                                                                                            }
                                                                                                        ]
                                                                                                    },
                                                                                                    {
                                                                                                        "Node Type": "Hash",
                                                                                                        "Parent Relationship": "Inner",
                                                                                                        "Parallel Aware": true,
                                                                                                        "Async Capable": false,
                                                                                                        "Startup Cost": 45967.52,
                                                                                                        "Total Cost": 45967.52,
                                                                                                        "Plan Rows": 48438,
                                                                                                        "Plan Width": 4,
                                                                                                        "Actual Startup Time": 31.739,
                                                                                                        "Actual Total Time": 31.741,
                                                                                                        "Actual Rows": 5880,
                                                                                                        "Actual Loops": 5,
                                                                                                        "Hash Buckets": 262144,
                                                                                                        "Original Hash Buckets": 262144,
                                                                                                        "Hash Batches": 1,
                                                                                                        "Original Hash Batches": 1,
                                                                                                        "Peak Memory Usage": 3264,
                                                                                                        "Workers": [],
                                                                                                        "Plans": [
                                                                                                            {
                                                                                                                "Node Type": "Hash Join",
                                                                                                                "Parent Relationship": "Outer",
                                                                                                                "Parallel Aware": false,
                                                                                                                "Async Capable": false,
                                                                                                                "Join Type": "Inner",
                                                                                                                "Startup Cost": 1.13,
                                                                                                                "Total Cost": 45967.52,
                                                                                                                "Plan Rows": 48438,
                                                                                                                "Plan Width": 4,
                                                                                                                "Actual Startup Time": 0.034,
                                                                                                                "Actual Total Time": 30.761,
                                                                                                                "Actual Rows": 5880,
                                                                                                                "Actual Loops": 5,
                                                                                                                "Inner Unique": true,
                                                                                                                "Hash Cond": "(t.kind_id = kt.id)",
                                                                                                                "Workers": [],
                                                                                                                "Plans": [
                                                                                                                    {
                                                                                                                        "Node Type": "Seq Scan",
                                                                                                                        "Parent Relationship": "Outer",
                                                                                                                        "Parallel Aware": true,
                                                                                                                        "Async Capable": false,
                                                                                                                        "Relation Name": "title",
                                                                                                                        "Alias": "t",
                                                                                                                        "Startup Cost": 0.0,
                                                                                                                        "Total Cost": 45490.07,
                                                                                                                        "Plan Rows": 113023,
                                                                                                                        "Plan Width": 8,
                                                                                                                        "Actual Startup Time": 0.006,
                                                                                                                        "Actual Total Time": 28.155,
                                                                                                                        "Actual Rows": 90314,
                                                                                                                        "Actual Loops": 5,
                                                                                                                        "Filter": "((production_year <= 1975) AND (production_year >= 1875))",
                                                                                                                        "Rows Removed by Filter": 415349,
                                                                                                                        "Workers": []
                                                                                                                    },
                                                                                                                    {
                                                                                                                        "Node Type": "Hash",
                                                                                                                        "Parent Relationship": "Inner",
                                                                                                                        "Parallel Aware": false,
                                                                                                                        "Async Capable": false,
                                                                                                                        "Startup Cost": 1.1,
                                                                                                                        "Total Cost": 1.1,
                                                                                                                        "Plan Rows": 3,
                                                                                                                        "Plan Width": 4,
                                                                                                                        "Actual Startup Time": 0.011,
                                                                                                                        "Actual Total Time": 0.012,
                                                                                                                        "Actual Rows": 3,
                                                                                                                        "Actual Loops": 5,
                                                                                                                        "Hash Buckets": 1024,
                                                                                                                        "Original Hash Buckets": 1024,
                                                                                                                        "Hash Batches": 1,
                                                                                                                        "Original Hash Batches": 1,
                                                                                                                        "Peak Memory Usage": 9,
                                                                                                                        "Workers": [],
                                                                                                                        "Plans": [
                                                                                                                            {
                                                                                                                                "Node Type": "Seq Scan",
                                                                                                                                "Parent Relationship": "Outer",
                                                                                                                                "Parallel Aware": false,
                                                                                                                                "Async Capable": false,
                                                                                                                                "Relation Name": "kind_type",
                                                                                                                                "Alias": "kt",
                                                                                                                                "Startup Cost": 0.0,
                                                                                                                                "Total Cost": 1.1,
                                                                                                                                "Plan Rows": 3,
                                                                                                                                "Plan Width": 4,
                                                                                                                                "Actual Startup Time": 0.01,
                                                                                                                                "Actual Total Time": 0.01,
                                                                                                                                "Actual Rows": 3,
                                                                                                                                "Actual Loops": 5,
                                                                                                                                "Filter": "((kind)::text = ANY ('{\"tv movie\",\"tv series\",\"video game\"}'::text[]))",
                                                                                                                                "Rows Removed by Filter": 4,
                                                                                                                                "Workers": []
                                                                                                                            }
                                                                                                                        ]
                                                                                                                    }
                                                                                                                ]
                                                                                                            }
                                                                                                        ]
                                                                                                    }
                                                                                                ]
                                                                                            }
                                                                                        ]
                                                                                    }
                                                                                ]
                                                                            },
                                                                            {
                                                                                "Node Type": "Hash",
                                                                                "Parent Relationship": "Inner",
                                                                                "Parallel Aware": false,
                                                                                "Async Capable": false,
                                                                                "Startup Cost": 1.18,
                                                                                "Total Cost": 1.18,
                                                                                "Plan Rows": 4,
                                                                                "Plan Width": 4,
                                                                                "Actual Startup Time": 0.013,
                                                                                "Actual Total Time": 0.014,
                                                                                "Actual Rows": 4,
                                                                                "Actual Loops": 5,
                                                                                "Hash Buckets": 1024,
                                                                                "Original Hash Buckets": 1024,
                                                                                "Hash Batches": 1,
                                                                                "Original Hash Batches": 1,
                                                                                "Peak Memory Usage": 9,
                                                                                "Workers": [],
                                                                                "Plans": [
                                                                                    {
                                                                                        "Node Type": "Seq Scan",
                                                                                        "Parent Relationship": "Outer",
                                                                                        "Parallel Aware": false,
                                                                                        "Async Capable": false,
                                                                                        "Relation Name": "role_type",
                                                                                        "Alias": "rt",
                                                                                        "Startup Cost": 0.0,
                                                                                        "Total Cost": 1.18,
                                                                                        "Plan Rows": 4,
                                                                                        "Plan Width": 4,
                                                                                        "Actual Startup Time": 0.01,
                                                                                        "Actual Total Time": 0.011,
                                                                                        "Actual Rows": 4,
                                                                                        "Actual Loops": 5,
                                                                                        "Filter": "((role)::text = ANY ('{actress,director,\"miscellaneous crew\",producer}'::text[]))",
                                                                                        "Rows Removed by Filter": 8,
                                                                                        "Workers": []
                                                                                    }
                                                                                ]
                                                                            }
                                                                        ]
                                                                    }
                                                                ]
                                                            }
                                                        ]
                                                    }
                                                ]
                                            }
                                        ]
                                    },
                                    {
                                        "Node Type": "Materialize",
                                        "Parent Relationship": "Inner",
                                        "Parallel Aware": false,
                                        "Async Capable": false,
                                        "Startup Cost": 0.0,
                                        "Total Cost": 2.42,
                                        "Plan Rows": 1,
                                        "Plan Width": 4,
                                        "Actual Startup Time": 0.0,
                                        "Actual Total Time": 0.0,
                                        "Actual Rows": 1,
                                        "Actual Loops": 2542,
                                        "Plans": [
                                            {
                                                "Node Type": "Seq Scan",
                                                "Parent Relationship": "Outer",
                                                "Parallel Aware": false,
                                                "Async Capable": false,
                                                "Relation Name": "info_type",
                                                "Alias": "it2",
                                                "Startup Cost": 0.0,
                                                "Total Cost": 2.41,
                                                "Plan Rows": 1,
                                                "Plan Width": 4,
                                                "Actual Startup Time": 0.007,
                                                "Actual Total Time": 0.009,
                                                "Actual Rows": 1,
                                                "Actual Loops": 1,
                                                "Filter": "(id = 24)",
                                                "Rows Removed by Filter": 112
                                            }
                                        ]
                                    }
                                ]
                            }
                        ]
                    },
                    "Planning Time": 1.647,
                    "Triggers": [],
                    "Execution Time": 1353.869
                }
            ],
            "hints": [
                "SET enable_hashjoin TO on",
                "SET enable_indexonlyscan TO on",
                "SET enable_indexscan TO off",
                "SET enable_mergejoin TO off",
                "SET enable_nestloop TO off",
                "SET enable_seqscan TO on"
            ]
        },
        {
            "arm": 4,
            "execution_time": 727.346,
            "plan": [
                {
                    "Plan": {
                        "Node Type": "Aggregate",
                        "Strategy": "Sorted",
                        "Partial Mode": "Simple",
                        "Parallel Aware": false,
                        "Async Capable": false,
                        "Startup Cost": 284602.09,
                        "Total Cost": 284602.35,
                        "Plan Rows": 13,
                        "Plan Width": 65,
                        "Actual Startup Time": 696.597,
                        "Actual Total Time": 727.281,
                        "Actual Rows": 882,
                        "Actual Loops": 1,
                        "Group Key": [
                            "mi1.info",
                            "n.name"
                        ],
                        "Plans": [
                            {
                                "Node Type": "Sort",
                                "Parent Relationship": "Outer",
                                "Parallel Aware": false,
                                "Async Capable": false,
                                "Startup Cost": 284602.09,
                                "Total Cost": 284602.12,
                                "Plan Rows": 13,
                                "Plan Width": 57,
                                "Actual Startup Time": 696.59,
                                "Actual Total Time": 727.107,
                                "Actual Rows": 2542,
                                "Actual Loops": 1,
                                "Sort Key": [
                                    "mi1.info COLLATE \"C\"",
                                    "n.name COLLATE \"C\""
                                ],
                                "Sort Method": "quicksort",
                                "Sort Space Used": 218,
                                "Sort Space Type": "Memory",
                                "Plans": [
                                    {
                                        "Node Type": "Nested Loop",
                                        "Parent Relationship": "Outer",
                                        "Parallel Aware": false,
                                        "Async Capable": false,
                                        "Join Type": "Inner",
                                        "Startup Cost": 1006.68,
                                        "Total Cost": 284601.85,
                                        "Plan Rows": 13,
                                        "Plan Width": 57,
                                        "Actual Startup Time": 222.151,
                                        "Actual Total Time": 726.383,
                                        "Actual Rows": 2542,
                                        "Actual Loops": 1,
                                        "Inner Unique": false,
                                        "Plans": [
                                            {
                                                "Node Type": "Seq Scan",
                                                "Parent Relationship": "Outer",
                                                "Parallel Aware": false,
                                                "Async Capable": false,
                                                "Relation Name": "info_type",
                                                "Alias": "it2",
                                                "Startup Cost": 0.0,
                                                "Total Cost": 2.41,
                                                "Plan Rows": 1,
                                                "Plan Width": 4,
                                                "Actual Startup Time": 0.007,
                                                "Actual Total Time": 0.01,
                                                "Actual Rows": 1,
                                                "Actual Loops": 1,
                                                "Filter": "(id = 24)",
                                                "Rows Removed by Filter": 112
                                            },
                                            {
                                                "Node Type": "Gather",
                                                "Parent Relationship": "Inner",
                                                "Parallel Aware": false,
                                                "Async Capable": false,
                                                "Startup Cost": 1006.68,
                                                "Total Cost": 284599.31,
                                                "Plan Rows": 13,
                                                "Plan Width": 61,
                                                "Actual Startup Time": 222.143,
                                                "Actual Total Time": 726.239,
                                                "Actual Rows": 2542,
                                                "Actual Loops": 1,
                                                "Workers Planned": 5,
                                                "Workers Launched": 5,
                                                "Single Copy": false,
                                                "Plans": [
                                                    {
                                                        "Node Type": "Nested Loop",
                                                        "Parent Relationship": "Outer",
                                                        "Parallel Aware": false,
                                                        "Async Capable": false,
                                                        "Join Type": "Inner",
                                                        "Startup Cost": 6.68,
                                                        "Total Cost": 283598.01,
                                                        "Plan Rows": 3,
                                                        "Plan Width": 61,
                                                        "Actual Startup Time": 219.952,
                                                        "Actual Total Time": 694.059,
                                                        "Actual Rows": 424,
                                                        "Actual Loops": 6,
                                                        "Inner Unique": false,
                                                        "Workers": [],
                                                        "Plans": [
                                                            {
                                                                "Node Type": "Nested Loop",
                                                                "Parent Relationship": "Outer",
                                                                "Parallel Aware": false,
                                                                "Async Capable": false,
                                                                "Join Type": "Inner",
                                                                "Startup Cost": 6.25,
                                                                "Total Cost": 282941.06,
                                                                "Plan Rows": 91,
                                                                "Plan Width": 65,
                                                                "Actual Startup Time": 217.962,
                                                                "Actual Total Time": 691.374,
                                                                "Actual Rows": 970,
                                                                "Actual Loops": 6,
                                                                "Inner Unique": true,
                                                                "Workers": [],
                                                                "Plans": [
                                                                    {
                                                                        "Node Type": "Hash Join",
                                                                        "Parent Relationship": "Outer",
                                                                        "Parallel Aware": false,
                                                                        "Async Capable": false,
                                                                        "Join Type": "Inner",
                                                                        "Startup Cost": 5.82,
                                                                        "Total Cost": 280411.21,
                                                                        "Plan Rows": 2249,
                                                                        "Plan Width": 46,
                                                                        "Actual Startup Time": 217.48,
                                                                        "Actual Total Time": 640.698,
                                                                        "Actual Rows": 23369,
                                                                        "Actual Loops": 6,
                                                                        "Inner Unique": true,
                                                                        "Hash Cond": "(ci.role_id = rt.id)",
                                                                        "Workers": [],
                                                                        "Plans": [
                                                                            {
                                                                                "Node Type": "Nested Loop",
                                                                                "Parent Relationship": "Outer",
                                                                                "Parallel Aware": false,
                                                                                "Async Capable": false,
                                                                                "Join Type": "Inner",
                                                                                "Startup Cost": 4.59,
                                                                                "Total Cost": 280386.02,
                                                                                "Plan Rows": 6746,
                                                                                "Plan Width": 50,
                                                                                "Actual Startup Time": 217.379,
                                                                                "Actual Total Time": 637.612,
                                                                                "Actual Rows": 64666,
                                                                                "Actual Loops": 6,
                                                                                "Inner Unique": false,
                                                                                "Join Filter": "(t.id = ci.movie_id)",
                                                                                "Rows Removed by Join Filter": 0,
                                                                                "Workers": [],
                                                                                "Plans": [
                                                                                    {
                                                                                        "Node Type": "Hash Join",
                                                                                        "Parent Relationship": "Outer",
                                                                                        "Parallel Aware": false,
                                                                                        "Async Capable": false,
                                                                                        "Join Type": "Inner",
                                                                                        "Startup Cost": 4.15,
                                                                                        "Total Cost": 269455.7,
                                                                                        "Plan Rows": 471,
                                                                                        "Plan Width": 50,
                                                                                        "Actual Startup Time": 217.215,
                                                                                        "Actual Total Time": 568.804,
                                                                                        "Actual Rows": 5674,
                                                                                        "Actual Loops": 6,
                                                                                        "Inner Unique": true,
                                                                                        "Hash Cond": "(t.kind_id = kt.id)",
                                                                                        "Workers": [],
                                                                                        "Plans": [
                                                                                            {
                                                                                                "Node Type": "Nested Loop",
                                                                                                "Parent Relationship": "Outer",
                                                                                                "Parallel Aware": false,
                                                                                                "Async Capable": false,
                                                                                                "Join Type": "Inner",
                                                                                                "Startup Cost": 3.02,
                                                                                                "Total Cost": 269449.94,
                                                                                                "Plan Rows": 1098,
                                                                                                "Plan Width": 54,
                                                                                                "Actual Startup Time": 217.203,
                                                                                                "Actual Total Time": 566.416,
                                                                                                "Actual Rows": 68586,
                                                                                                "Actual Loops": 6,
                                                                                                "Inner Unique": true,
                                                                                                "Workers": [],
                                                                                                "Plans": [
                                                                                                    {
                                                                                                        "Node Type": "Hash Join",
                                                                                                        "Parent Relationship": "Outer",
                                                                                                        "Parallel Aware": false,
                                                                                                        "Async Capable": false,
                                                                                                        "Join Type": "Inner",
                                                                                                        "Startup Cost": 2.59,
                                                                                                        "Total Cost": 262276.43,
                                                                                                        "Plan Rows": 6143,
                                                                                                        "Plan Width": 46,
                                                                                                        "Actual Startup Time": 216.566,
                                                                                                        "Actual Total Time": 380.405,
                                                                                                        "Actual Rows": 195692,
                                                                                                        "Actual Loops": 6,
                                                                                                        "Inner Unique": true,
                                                                                                        "Hash Cond": "(mi1.info_type_id = it1.id)",
                                                                                                        "Workers": [],
                                                                                                        "Plans": [
                                                                                                            {
                                                                                                                "Node Type": "Seq Scan",
                                                                                                                "Parent Relationship": "Outer",
                                                                                                                "Parallel Aware": true,
                                                                                                                "Async Capable": false,
                                                                                                                "Relation Name": "movie_info",
                                                                                                                "Alias": "mi1",
                                                                                                                "Startup Cost": 0.0,
                                                                                                                "Total Cost": 261643.69,
                                                                                                                "Plan Rows": 231374,
                                                                                                                "Plan Width": 50,
                                                                                                                "Actual Startup Time": 103.247,
                                                                                                                "Actual Total Time": 366.604,
                                                                                                                "Actual Rows": 199605,
                                                                                                                "Actual Loops": 6,
                                                                                                                "Filter": "(info = ANY ('{Animation,Belgium,Brazil,Comedy,Crime,Documentary,Family,France,Italy,Mexico,Mono,Musical,Mystery,Netherlands,Romance,Sport,Stereo,Thriller,UK}'::text[]))",
                                                                                                                "Rows Removed by Filter": 2273015,
                                                                                                                "Workers": []
                                                                                                            },
                                                                                                            {
                                                                                                                "Node Type": "Hash",
                                                                                                                "Parent Relationship": "Inner",
                                                                                                                "Parallel Aware": false,
                                                                                                                "Async Capable": false,
                                                                                                                "Startup Cost": 2.55,
                                                                                                                "Total Cost": 2.55,
                                                                                                                "Plan Rows": 3,
                                                                                                                "Plan Width": 4,
                                                                                                                "Actual Startup Time": 0.018,
                                                                                                                "Actual Total Time": 0.018,
                                                                                                                "Actual Rows": 3,
                                                                                                                "Actual Loops": 6,
                                                                                                                "Hash Buckets": 1024,
                                                                                                                "Original Hash Buckets": 1024,
                                                                                                                "Hash Batches": 1,
                                                                                                                "Original Hash Batches": 1,
                                                                                                                "Peak Memory Usage": 9,
                                                                                                                "Workers": [],
                                                                                                                "Plans": [
                                                                                                                    {
                                                                                                                        "Node Type": "Seq Scan",
                                                                                                                        "Parent Relationship": "Outer",
                                                                                                                        "Parallel Aware": false,
                                                                                                                        "Async Capable": false,
                                                                                                                        "Relation Name": "info_type",
                                                                                                                        "Alias": "it1",
                                                                                                                        "Startup Cost": 0.0,
                                                                                                                        "Total Cost": 2.55,
                                                                                                                        "Plan Rows": 3,
                                                                                                                        "Plan Width": 4,
                                                                                                                        "Actual Startup Time": 0.011,
                                                                                                                        "Actual Total Time": 0.014,
                                                                                                                        "Actual Rows": 3,
                                                                                                                        "Actual Loops": 6,
                                                                                                                        "Filter": "(id = ANY ('{3,6,8}'::integer[]))",
                                                                                                                        "Rows Removed by Filter": 110,
                                                                                                                        "Workers": []
                                                                                                                    }
                                                                                                                ]
                                                                                                            }
                                                                                                        ]
                                                                                                    },
                                                                                                    {
                                                                                                        "Node Type": "Index Scan",
                                                                                                        "Parent Relationship": "Inner",
                                                                                                        "Parallel Aware": false,
                                                                                                        "Async Capable": false,
                                                                                                        "Scan Direction": "Forward",
                                                                                                        "Index Name": "title_pkey",
                                                                                                        "Relation Name": "title",
                                                                                                        "Alias": "t",
                                                                                                        "Startup Cost": 0.43,
                                                                                                        "Total Cost": 1.17,
                                                                                                        "Plan Rows": 1,
                                                                                                        "Plan Width": 8,
                                                                                                        "Actual Startup Time": 0.001,
                                                                                                        "Actual Total Time": 0.001,
                                                                                                        "Actual Rows": 0,
                                                                                                        "Actual Loops": 1174149,
                                                                                                        "Index Cond": "(id = mi1.movie_id)",
                                                                                                        "Rows Removed by Index Recheck": 0,
                                                                                                        "Filter": "((production_year <= 1975) AND (production_year >= 1875))",
                                                                                                        "Rows Removed by Filter": 1,
                                                                                                        "Workers": []
                                                                                                    }
                                                                                                ]
                                                                                            },
                                                                                            {
                                                                                                "Node Type": "Hash",
                                                                                                "Parent Relationship": "Inner",
                                                                                                "Parallel Aware": false,
                                                                                                "Async Capable": false,
                                                                                                "Startup Cost": 1.1,
                                                                                                "Total Cost": 1.1,
                                                                                                "Plan Rows": 3,
                                                                                                "Plan Width": 4,
                                                                                                "Actual Startup Time": 0.007,
                                                                                                "Actual Total Time": 0.007,
                                                                                                "Actual Rows": 3,
                                                                                                "Actual Loops": 6,
                                                                                                "Hash Buckets": 1024,
                                                                                                "Original Hash Buckets": 1024,
                                                                                                "Hash Batches": 1,
                                                                                                "Original Hash Batches": 1,
                                                                                                "Peak Memory Usage": 9,
                                                                                                "Workers": [],
                                                                                                "Plans": [
                                                                                                    {
                                                                                                        "Node Type": "Seq Scan",
                                                                                                        "Parent Relationship": "Outer",
                                                                                                        "Parallel Aware": false,
                                                                                                        "Async Capable": false,
                                                                                                        "Relation Name": "kind_type",
                                                                                                        "Alias": "kt",
                                                                                                        "Startup Cost": 0.0,
                                                                                                        "Total Cost": 1.1,
                                                                                                        "Plan Rows": 3,
                                                                                                        "Plan Width": 4,
                                                                                                        "Actual Startup Time": 0.005,
                                                                                                        "Actual Total Time": 0.006,
                                                                                                        "Actual Rows": 3,
                                                                                                        "Actual Loops": 6,
                                                                                                        "Filter": "((kind)::text = ANY ('{\"tv movie\",\"tv series\",\"video game\"}'::text[]))",
                                                                                                        "Rows Removed by Filter": 4,
                                                                                                        "Workers": []
                                                                                                    }
                                                                                                ]
                                                                                            }
                                                                                        ]
                                                                                    },
                                                                                    {
                                                                                        "Node Type": "Index Scan",
                                                                                        "Parent Relationship": "Inner",
                                                                                        "Parallel Aware": false,
                                                                                        "Async Capable": false,
                                                                                        "Scan Direction": "Forward",
                                                                                        "Index Name": "movie_id_cast_info",
                                                                                        "Relation Name": "cast_info",
                                                                                        "Alias": "ci",
                                                                                        "Startup Cost": 0.44,
                                                                                        "Total Cost": 22.73,
                                                                                        "Plan Rows": 38,
                                                                                        "Plan Width": 12,
                                                                                        "Actual Startup Time": 0.003,
                                                                                        "Actual Total Time": 0.011,
                                                                                        "Actual Rows": 11,
                                                                                        "Actual Loops": 34045,
                                                                                        "Index Cond": "(movie_id = mi1.movie_id)",
                                                                                        "Rows Removed by Index Recheck": 0,
                                                                                        "Workers": []
                                                                                    }
                                                                                ]
                                                                            },
                                                                            {
                                                                                "Node Type": "Hash",
                                                                                "Parent Relationship": "Inner",
                                                                                "Parallel Aware": false,
                                                                                "Async Capable": false,
                                                                                "Startup Cost": 1.18,
                                                                                "Total Cost": 1.18,
                                                                                "Plan Rows": 4,
                                                                                "Plan Width": 4,
                                                                                "Actual Startup Time": 0.01,
                                                                                "Actual Total Time": 0.01,
                                                                                "Actual Rows": 4,
                                                                                "Actual Loops": 6,
                                                                                "Hash Buckets": 1024,
                                                                                "Original Hash Buckets": 1024,
                                                                                "Hash Batches": 1,
                                                                                "Original Hash Batches": 1,
                                                                                "Peak Memory Usage": 9,
                                                                                "Workers": [],
                                                                                "Plans": [
                                                                                    {
                                                                                        "Node Type": "Seq Scan",
                                                                                        "Parent Relationship": "Outer",
                                                                                        "Parallel Aware": false,
                                                                                        "Async Capable": false,
                                                                                        "Relation Name": "role_type",
                                                                                        "Alias": "rt",
                                                                                        "Startup Cost": 0.0,
                                                                                        "Total Cost": 1.18,
                                                                                        "Plan Rows": 4,
                                                                                        "Plan Width": 4,
                                                                                        "Actual Startup Time": 0.007,
                                                                                        "Actual Total Time": 0.008,
                                                                                        "Actual Rows": 4,
                                                                                        "Actual Loops": 6,
                                                                                        "Filter": "((role)::text = ANY ('{actress,director,\"miscellaneous crew\",producer}'::text[]))",
                                                                                        "Rows Removed by Filter": 8,
                                                                                        "Workers": []
                                                                                    }
                                                                                ]
                                                                            }
                                                                        ]
                                                                    },
                                                                    {
                                                                        "Node Type": "Index Scan",
                                                                        "Parent Relationship": "Inner",
                                                                        "Parallel Aware": false,
                                                                        "Async Capable": false,
                                                                        "Scan Direction": "Forward",
                                                                        "Index Name": "name_pkey",
                                                                        "Relation Name": "name",
                                                                        "Alias": "n",
                                                                        "Startup Cost": 0.43,
                                                                        "Total Cost": 1.12,
                                                                        "Plan Rows": 1,
                                                                        "Plan Width": 19,
                                                                        "Actual Startup Time": 0.002,
                                                                        "Actual Total Time": 0.002,
                                                                        "Actual Rows": 0,
                                                                        "Actual Loops": 140215,
                                                                        "Index Cond": "(id = ci.person_id)",
                                                                        "Rows Removed by Index Recheck": 0,
                                                                        "Filter": "(name ~~* '%co%'::text)",
                                                                        "Rows Removed by Filter": 1,
                                                                        "Workers": []
                                                                    }
                                                                ]
                                                            },
                                                            {
                                                                "Node Type": "Index Scan",
                                                                "Parent Relationship": "Inner",
                                                                "Parallel Aware": false,
                                                                "Async Capable": false,
                                                                "Scan Direction": "Forward",
                                                                "Index Name": "person_id_person_info",
                                                                "Relation Name": "person_info",
                                                                "Alias": "pi1",
                                                                "Startup Cost": 0.43,
                                                                "Total Cost": 7.21,
                                                                "Plan Rows": 1,
                                                                "Plan Width": 8,
                                                                "Actual Startup Time": 0.003,
                                                                "Actual Total Time": 0.003,
                                                                "Actual Rows": 0,
                                                                "Actual Loops": 5820,
                                                                "Index Cond": "(person_id = ci.person_id)",
                                                                "Rows Removed by Index Recheck": 0,
                                                                "Filter": "(info_type_id = 24)",
                                                                "Rows Removed by Filter": 7,
                                                                "Workers": []
                                                            }
                                                        ]
                                                    }
                                                ]
                                            }
                                        ]
                                    }
                                ]
                            }
                        ]
                    },
                    "Planning Time": 1.811,
                    "Triggers": [],
                    "Execution Time": 727.346
                }
            ],
            "hints": [
                "SET enable_hashjoin TO on",
                "SET enable_indexonlyscan TO on",
                "SET enable_indexscan TO on",
                "SET enable_mergejoin TO off",
                "SET enable_nestloop TO on",
                "SET enable_seqscan TO on"
            ]
        }
    ]
}