{
    "sql_file": "9b2.sql",
    "query": "SELECT mi1.info, n.name, COUNT(*)\nFROM title as t,\nkind_type as kt,\nmovie_info as mi1,\ninfo_type as it1,\ncast_info as ci,\nrole_type as rt,\nname as n,\ninfo_type as it2,\nperson_info AS pi1\nWHERE\nt.id = ci.movie_id\nAND t.id = mi1.movie_id\nAND mi1.info_type_id = it1.id\nAND t.kind_id = kt.id\nAND ci.person_id = n.id\nAND ci.movie_id = mi1.movie_id\nAND ci.role_id = rt.id\nAND n.id = pi1.person_id\nAND pi1.info_type_id = it2.id\nAND (it1.id IN ('6','8'))\nAND (it2.id IN ('17'))\nAND (mi1.info IN ('Argentina','Chile','Czech Republic','DTS','Denmark','Dolby SR','Ireland','Netherlands','New Zealand','Portugal','Sweden','Turkey','Ultra Stereo','Venezuela','West Germany'))\nAND (n.name ILIKE '%cu%')\nAND (kt.kind IN ('tv series','video game','video movie'))\nAND (rt.role IN ('actor','cinematographer','composer'))\nAND (t.production_year <= 2015)\nAND (t.production_year >= 1925)\nGROUP BY mi1.info, n.name",
    "results": [
        {
            "arm": 0,
            "execution_time": 494.325,
            "plan": [
                {
                    "Plan": {
                        "Node Type": "Aggregate",
                        "Strategy": "Sorted",
                        "Partial Mode": "Simple",
                        "Parallel Aware": false,
                        "Async Capable": false,
                        "Startup Cost": 251865.6,
                        "Total Cost": 251865.66,
                        "Plan Rows": 3,
                        "Plan Width": 65,
                        "Actual Startup Time": 469.59,
                        "Actual Total Time": 494.274,
                        "Actual Rows": 65,
                        "Actual Loops": 1,
                        "Group Key": [
                            "mi1.info",
                            "n.name"
                        ],
                        "Plans": [
                            {
                                "Node Type": "Sort",
                                "Parent Relationship": "Outer",
                                "Parallel Aware": false,
                                "Async Capable": false,
                                "Startup Cost": 251865.6,
                                "Total Cost": 251865.61,
                                "Plan Rows": 3,
                                "Plan Width": 57,
                                "Actual Startup Time": 469.568,
                                "Actual Total Time": 494.214,
                                "Actual Rows": 1102,
                                "Actual Loops": 1,
                                "Sort Key": [
                                    "mi1.info COLLATE \"C\"",
                                    "n.name COLLATE \"C\""
                                ],
                                "Sort Method": "quicksort",
                                "Sort Space Used": 105,
                                "Sort Space Type": "Memory",
                                "Plans": [
                                    {
                                        "Node Type": "Gather",
                                        "Parent Relationship": "Outer",
                                        "Parallel Aware": false,
                                        "Async Capable": false,
                                        "Startup Cost": 1006.5,
                                        "Total Cost": 251865.57,
                                        "Plan Rows": 3,
                                        "Plan Width": 57,
                                        "Actual Startup Time": 172.751,
                                        "Actual Total Time": 494.025,
                                        "Actual Rows": 1102,
                                        "Actual Loops": 1,
                                        "Workers Planned": 5,
                                        "Workers Launched": 5,
                                        "Single Copy": false,
                                        "Plans": [
                                            {
                                                "Node Type": "Nested Loop",
                                                "Parent Relationship": "Outer",
                                                "Parallel Aware": false,
                                                "Async Capable": false,
                                                "Join Type": "Inner",
                                                "Startup Cost": 6.5,
                                                "Total Cost": 250865.27,
                                                "Plan Rows": 1,
                                                "Plan Width": 57,
                                                "Actual Startup Time": 168.194,
                                                "Actual Total Time": 467.259,
                                                "Actual Rows": 184,
                                                "Actual Loops": 6,
                                                "Inner Unique": false,
                                                "Workers": [],
                                                "Plans": [
                                                    {
                                                        "Node Type": "Nested Loop",
                                                        "Parent Relationship": "Outer",
                                                        "Parallel Aware": false,
                                                        "Async Capable": false,
                                                        "Join Type": "Inner",
                                                        "Startup Cost": 6.5,
                                                        "Total Cost": 250862.85,
                                                        "Plan Rows": 1,
                                                        "Plan Width": 61,
                                                        "Actual Startup Time": 168.19,
                                                        "Actual Total Time": 466.772,
                                                        "Actual Rows": 184,
                                                        "Actual Loops": 6,
                                                        "Inner Unique": false,
                                                        "Workers": [],
                                                        "Plans": [
                                                            {
                                                                "Node Type": "Nested Loop",
                                                                "Parent Relationship": "Outer",
                                                                "Parallel Aware": false,
                                                                "Async Capable": false,
                                                                "Join Type": "Inner",
                                                                "Startup Cost": 6.07,
                                                                "Total Cost": 250833.82,
                                                                "Plan Rows": 4,
                                                                "Plan Width": 65,
                                                                "Actual Startup Time": 164.67,
                                                                "Actual Total Time": 466.262,
                                                                "Actual Rows": 104,
                                                                "Actual Loops": 6,
                                                                "Inner Unique": true,
                                                                "Workers": [],
                                                                "Plans": [
                                                                    {
                                                                        "Node Type": "Hash Join",
                                                                        "Parent Relationship": "Outer",
                                                                        "Parallel Aware": false,
                                                                        "Async Capable": false,
                                                                        "Join Type": "Inner",
                                                                        "Startup Cost": 5.64,
                                                                        "Total Cost": 250363.62,
                                                                        "Plan Rows": 418,
                                                                        "Plan Width": 46,
                                                                        "Actual Startup Time": 162.054,
                                                                        "Actual Total Time": 418.237,
                                                                        "Actual Rows": 14691,
                                                                        "Actual Loops": 6,
                                                                        "Inner Unique": true,
                                                                        "Hash Cond": "(ci.role_id = rt.id)",
                                                                        "Workers": [],
                                                                        "Plans": [
                                                                            {
                                                                                "Node Type": "Nested Loop",
                                                                                "Parent Relationship": "Outer",
                                                                                "Parallel Aware": false,
                                                                                "Async Capable": false,
                                                                                "Join Type": "Inner",
                                                                                "Startup Cost": 4.44,
                                                                                "Total Cost": 250356.48,
                                                                                "Plan Rows": 1671,
                                                                                "Plan Width": 50,
                                                                                "Actual Startup Time": 161.963,
                                                                                "Actual Total Time": 416.373,
                                                                                "Actual Rows": 35604,
                                                                                "Actual Loops": 6,
                                                                                "Inner Unique": false,
                                                                                "Workers": [],
                                                                                "Plans": [
                                                                                    {
                                                                                        "Node Type": "Hash Join",
                                                                                        "Parent Relationship": "Outer",
                                                                                        "Parallel Aware": false,
                                                                                        "Async Capable": false,
                                                                                        "Join Type": "Inner",
                                                                                        "Startup Cost": 4.0,
                                                                                        "Total Cost": 247693.45,
                                                                                        "Plan Rows": 117,
                                                                                        "Plan Width": 50,
                                                                                        "Actual Startup Time": 161.943,
                                                                                        "Actual Total Time": 356.282,
                                                                                        "Actual Rows": 2727,
                                                                                        "Actual Loops": 6,
                                                                                        "Inner Unique": true,
                                                                                        "Hash Cond": "(t.kind_id = kt.id)",
                                                                                        "Workers": [],
                                                                                        "Plans": [
                                                                                            {
                                                                                                "Node Type": "Nested Loop",
                                                                                                "Parent Relationship": "Outer",
                                                                                                "Parallel Aware": false,
                                                                                                "Async Capable": false,
                                                                                                "Join Type": "Inner",
                                                                                                "Startup Cost": 2.87,
                                                                                                "Total Cost": 247691.17,
                                                                                                "Plan Rows": 272,
                                                                                                "Plan Width": 54,
                                                                                                "Actual Startup Time": 161.916,
                                                                                                "Actual Total Time": 355.557,
                                                                                                "Actual Rows": 18474,
                                                                                                "Actual Loops": 6,
                                                                                                "Inner Unique": true,
                                                                                                "Workers": [],
                                                                                                "Plans": [
                                                                                                    {
                                                                                                        "Node Type": "Hash Join",
                                                                                                        "Parent Relationship": "Outer",
                                                                                                        "Parallel Aware": false,
                                                                                                        "Async Capable": false,
                                                                                                        "Join Type": "Inner",
                                                                                                        "Startup Cost": 2.44,
                                                                                                        "Total Cost": 246876.84,
                                                                                                        "Plan Rows": 292,
                                                                                                        "Plan Width": 46,
                                                                                                        "Actual Startup Time": 161.882,
                                                                                                        "Actual Total Time": 321.146,
                                                                                                        "Actual Rows": 19042,
                                                                                                        "Actual Loops": 6,
                                                                                                        "Inner Unique": true,
                                                                                                        "Hash Cond": "(mi1.info_type_id = it1.id)",
                                                                                                        "Workers": [],
                                                                                                        "Plans": [
                                                                                                            {
                                                                                                                "Node Type": "Seq Scan",
                                                                                                                "Parent Relationship": "Outer",
                                                                                                                "Parallel Aware": true,
                                                                                                                "Async Capable": false,
                                                                                                                "Relation Name": "movie_info",
                                                                                                                "Alias": "mi1",
                                                                                                                "Startup Cost": 0.0,
                                                                                                                "Total Cost": 246829.52,
                                                                                                                "Plan Rows": 16479,
                                                                                                                "Plan Width": 50,
                                                                                                                "Actual Startup Time": 104.895,
                                                                                                                "Actual Total Time": 319.737,
                                                                                                                "Actual Rows": 19864,
                                                                                                                "Actual Loops": 6,
                                                                                                                "Filter": "(info = ANY ('{Argentina,Chile,\"Czech Republic\",DTS,Denmark,\"Dolby SR\",Ireland,Netherlands,\"New Zealand\",Portugal,Sweden,Turkey,\"Ultra Stereo\",Venezuela,\"West Germany\"}'::text[]))",
                                                                                                                "Rows Removed by Filter": 2452756,
                                                                                                                "Workers": []
                                                                                                            },
                                                                                                            {
                                                                                                                "Node Type": "Hash",
                                                                                                                "Parent Relationship": "Inner",
                                                                                                                "Parallel Aware": false,
                                                                                                                "Async Capable": false,
                                                                                                                "Startup Cost": 2.41,
                                                                                                                "Total Cost": 2.41,
                                                                                                                "Plan Rows": 2,
                                                                                                                "Plan Width": 4,
                                                                                                                "Actual Startup Time": 0.017,
                                                                                                                "Actual Total Time": 0.018,
                                                                                                                "Actual Rows": 2,
                                                                                                                "Actual Loops": 6,
                                                                                                                "Hash Buckets": 1024,
                                                                                                                "Original Hash Buckets": 1024,
                                                                                                                "Hash Batches": 1,
                                                                                                                "Original Hash Batches": 1,
                                                                                                                "Peak Memory Usage": 9,
                                                                                                                "Workers": [],
                                                                                                                "Plans": [
                                                                                                                    {
                                                                                                                        "Node Type": "Seq Scan",
                                                                                                                        "Parent Relationship": "Outer",
                                                                                                                        "Parallel Aware": false,
                                                                                                                        "Async Capable": false,
                                                                                                                        "Relation Name": "info_type",
                                                                                                                        "Alias": "it1",
                                                                                                                        "Startup Cost": 0.0,
                                                                                                                        "Total Cost": 2.41,
                                                                                                                        "Plan Rows": 2,
                                                                                                                        "Plan Width": 4,
                                                                                                                        "Actual Startup Time": 0.013,
                                                                                                                        "Actual Total Time": 0.016,
                                                                                                                        "Actual Rows": 2,
                                                                                                                        "Actual Loops": 6,
                                                                                                                        "Filter": "(id = ANY ('{6,8}'::integer[]))",
                                                                                                                        "Rows Removed by Filter": 111,
                                                                                                                        "Workers": []
                                                                                                                    }
                                                                                                                ]
                                                                                                            }
                                                                                                        ]
                                                                                                    },
                                                                                                    {
                                                                                                        "Node Type": "Index Scan",
                                                                                                        "Parent Relationship": "Inner",
                                                                                                        "Parallel Aware": false,
                                                                                                        "Async Capable": false,
                                                                                                        "Scan Direction": "Forward",
                                                                                                        "Index Name": "title_pkey",
                                                                                                        "Relation Name": "title",
                                                                                                        "Alias": "t",
                                                                                                        "Startup Cost": 0.43,
                                                                                                        "Total Cost": 2.79,
                                                                                                        "Plan Rows": 1,
                                                                                                        "Plan Width": 8,
                                                                                                        "Actual Startup Time": 0.002,
                                                                                                        "Actual Total Time": 0.002,
                                                                                                        "Actual Rows": 1,
                                                                                                        "Actual Loops": 114253,
                                                                                                        "Index Cond": "(id = mi1.movie_id)",
                                                                                                        "Rows Removed by Index Recheck": 0,
                                                                                                        "Filter": "((production_year <= 2015) AND (production_year >= 1925))",
                                                                                                        "Rows Removed by Filter": 0,
                                                                                                        "Workers": []
                                                                                                    }
                                                                                                ]
                                                                                            },
                                                                                            {
                                                                                                "Node Type": "Hash",
                                                                                                "Parent Relationship": "Inner",
                                                                                                "Parallel Aware": false,
                                                                                                "Async Capable": false,
                                                                                                "Startup Cost": 1.1,
                                                                                                "Total Cost": 1.1,
                                                                                                "Plan Rows": 3,
                                                                                                "Plan Width": 4,
                                                                                                "Actual Startup Time": 0.008,
                                                                                                "Actual Total Time": 0.008,
                                                                                                "Actual Rows": 3,
                                                                                                "Actual Loops": 6,
                                                                                                "Hash Buckets": 1024,
                                                                                                "Original Hash Buckets": 1024,
                                                                                                "Hash Batches": 1,
                                                                                                "Original Hash Batches": 1,
                                                                                                "Peak Memory Usage": 9,
                                                                                                "Workers": [],
                                                                                                "Plans": [
                                                                                                    {
                                                                                                        "Node Type": "Seq Scan",
                                                                                                        "Parent Relationship": "Outer",
                                                                                                        "Parallel Aware": false,
                                                                                                        "Async Capable": false,
                                                                                                        "Relation Name": "kind_type",
                                                                                                        "Alias": "kt",
                                                                                                        "Startup Cost": 0.0,
                                                                                                        "Total Cost": 1.1,
                                                                                                        "Plan Rows": 3,
                                                                                                        "Plan Width": 4,
                                                                                                        "Actual Startup Time": 0.006,
                                                                                                        "Actual Total Time": 0.007,
                                                                                                        "Actual Rows": 3,
                                                                                                        "Actual Loops": 6,
                                                                                                        "Filter": "((kind)::text = ANY ('{\"tv series\",\"video game\",\"video movie\"}'::text[]))",
                                                                                                        "Rows Removed by Filter": 4,
                                                                                                        "Workers": []
                                                                                                    }
                                                                                                ]
                                                                                            }
                                                                                        ]
                                                                                    },
                                                                                    {
                                                                                        "Node Type": "Index Scan",
                                                                                        "Parent Relationship": "Inner",
                                                                                        "Parallel Aware": false,
                                                                                        "Async Capable": false,
                                                                                        "Scan Direction": "Forward",
                                                                                        "Index Name": "movie_id_cast_info",
                                                                                        "Relation Name": "cast_info",
                                                                                        "Alias": "ci",
                                                                                        "Startup Cost": 0.44,
                                                                                        "Total Cost": 22.38,
                                                                                        "Plan Rows": 38,
                                                                                        "Plan Width": 12,
                                                                                        "Actual Startup Time": 0.003,
                                                                                        "Actual Total Time": 0.021,
                                                                                        "Actual Rows": 13,
                                                                                        "Actual Loops": 16361,
                                                                                        "Index Cond": "(movie_id = t.id)",
                                                                                        "Rows Removed by Index Recheck": 0,
                                                                                        "Workers": []
                                                                                    }
                                                                                ]
                                                                            },
                                                                            {
                                                                                "Node Type": "Hash",
                                                                                "Parent Relationship": "Inner",
                                                                                "Parallel Aware": false,
                                                                                "Async Capable": false,
                                                                                "Startup Cost": 1.17,
                                                                                "Total Cost": 1.17,
                                                                                "Plan Rows": 3,
                                                                                "Plan Width": 4,
                                                                                "Actual Startup Time": 0.014,
                                                                                "Actual Total Time": 0.014,
                                                                                "Actual Rows": 3,
                                                                                "Actual Loops": 6,
                                                                                "Hash Buckets": 1024,
                                                                                "Original Hash Buckets": 1024,
                                                                                "Hash Batches": 1,
                                                                                "Original Hash Batches": 1,
                                                                                "Peak Memory Usage": 9,
                                                                                "Workers": [],
                                                                                "Plans": [
                                                                                    {
                                                                                        "Node Type": "Seq Scan",
                                                                                        "Parent Relationship": "Outer",
                                                                                        "Parallel Aware": false,
                                                                                        "Async Capable": false,
                                                                                        "Relation Name": "role_type",
                                                                                        "Alias": "rt",
                                                                                        "Startup Cost": 0.0,
                                                                                        "Total Cost": 1.17,
                                                                                        "Plan Rows": 3,
                                                                                        "Plan Width": 4,
                                                                                        "Actual Startup Time": 0.011,
                                                                                        "Actual Total Time": 0.012,
                                                                                        "Actual Rows": 3,
                                                                                        "Actual Loops": 6,
                                                                                        "Filter": "((role)::text = ANY ('{actor,cinematographer,composer}'::text[]))",
                                                                                        "Rows Removed by Filter": 9,
                                                                                        "Workers": []
                                                                                    }
                                                                                ]
                                                                            }
                                                                        ]
                                                                    },
                                                                    {
                                                                        "Node Type": "Index Scan",
                                                                        "Parent Relationship": "Inner",
                                                                        "Parallel Aware": false,
                                                                        "Async Capable": false,
                                                                        "Scan Direction": "Forward",
                                                                        "Index Name": "name_pkey",
                                                                        "Relation Name": "name",
                                                                        "Alias": "n",
                                                                        "Startup Cost": 0.43,
                                                                        "Total Cost": 1.12,
                                                                        "Plan Rows": 1,
                                                                        "Plan Width": 19,
                                                                        "Actual Startup Time": 0.003,
                                                                        "Actual Total Time": 0.003,
                                                                        "Actual Rows": 0,
                                                                        "Actual Loops": 88145,
                                                                        "Index Cond": "(id = ci.person_id)",
                                                                        "Rows Removed by Index Recheck": 0,
                                                                        "Filter": "(name ~~* '%cu%'::text)",
                                                                        "Rows Removed by Filter": 1,
                                                                        "Workers": []
                                                                    }
                                                                ]
                                                            },
                                                            {
                                                                "Node Type": "Index Scan",
                                                                "Parent Relationship": "Inner",
                                                                "Parallel Aware": false,
                                                                "Async Capable": false,
                                                                "Scan Direction": "Forward",
                                                                "Index Name": "person_id_person_info",
                                                                "Relation Name": "person_info",
                                                                "Alias": "pi1",
                                                                "Startup Cost": 0.43,
                                                                "Total Cost": 7.21,
                                                                "Plan Rows": 5,
                                                                "Plan Width": 8,
                                                                "Actual Startup Time": 0.004,
                                                                "Actual Total Time": 0.005,
                                                                "Actual Rows": 2,
                                                                "Actual Loops": 625,
                                                                "Index Cond": "(person_id = ci.person_id)",
                                                                "Rows Removed by Index Recheck": 0,
                                                                "Filter": "(info_type_id = 17)",
                                                                "Rows Removed by Filter": 5,
                                                                "Workers": []
                                                            }
                                                        ]
                                                    },
                                                    {
                                                        "Node Type": "Seq Scan",
                                                        "Parent Relationship": "Inner",
                                                        "Parallel Aware": false,
                                                        "Async Capable": false,
                                                        "Relation Name": "info_type",
                                                        "Alias": "it2",
                                                        "Startup Cost": 0.0,
                                                        "Total Cost": 2.41,
                                                        "Plan Rows": 1,
                                                        "Plan Width": 4,
                                                        "Actual Startup Time": 0.001,
                                                        "Actual Total Time": 0.002,
                                                        "Actual Rows": 1,
                                                        "Actual Loops": 1102,
                                                        "Filter": "(id = 17)",
                                                        "Rows Removed by Filter": 112,
                                                        "Workers": []
                                                    }
                                                ]
                                            }
                                        ]
                                    }
                                ]
                            }
                        ]
                    },
                    "Planning Time": 2.4,
                    "Triggers": [],
                    "Execution Time": 494.325
                }
            ],
            "hints": [
                "SET enable_hashjoin TO on",
                "SET enable_indexonlyscan TO on",
                "SET enable_indexscan TO on",
                "SET enable_mergejoin TO on",
                "SET enable_nestloop TO on",
                "SET enable_seqscan TO on"
            ]
        },
        {
            "arm": 1,
            "execution_time": 1111.207,
            "plan": [
                {
                    "Plan": {
                        "Node Type": "Aggregate",
                        "Strategy": "Sorted",
                        "Partial Mode": "Simple",
                        "Parallel Aware": false,
                        "Async Capable": false,
                        "Startup Cost": 10000754697.46,
                        "Total Cost": 10000754700.33,
                        "Plan Rows": 3,
                        "Plan Width": 65,
                        "Actual Startup Time": 1087.856,
                        "Actual Total Time": 1111.145,
                        "Actual Rows": 65,
                        "Actual Loops": 1,
                        "Group Key": [
                            "mi1.info",
                            "n.name"
                        ],
                        "Plans": [
                            {
                                "Node Type": "Nested Loop",
                                "Parent Relationship": "Outer",
                                "Parallel Aware": false,
                                "Async Capable": false,
                                "Join Type": "Inner",
                                "Startup Cost": 10000754697.46,
                                "Total Cost": 10000754700.27,
                                "Plan Rows": 3,
                                "Plan Width": 57,
                                "Actual Startup Time": 1087.791,
                                "Actual Total Time": 1111.093,
                                "Actual Rows": 1102,
                                "Actual Loops": 1,
                                "Inner Unique": false,
                                "Plans": [
                                    {
                                        "Node Type": "Gather Merge",
                                        "Parent Relationship": "Outer",
                                        "Parallel Aware": false,
                                        "Async Capable": false,
                                        "Startup Cost": 754697.46,
                                        "Total Cost": 754697.82,
                                        "Plan Rows": 3,
                                        "Plan Width": 61,
                                        "Actual Startup Time": 1087.779,
                                        "Actual Total Time": 1110.94,
                                        "Actual Rows": 1102,
                                        "Actual Loops": 1,
                                        "Workers Planned": 4,
                                        "Workers Launched": 4,
                                        "Plans": [
                                            {
                                                "Node Type": "Sort",
                                                "Parent Relationship": "Outer",
                                                "Parallel Aware": false,
                                                "Async Capable": false,
                                                "Startup Cost": 753697.4,
                                                "Total Cost": 753697.41,
                                                "Plan Rows": 1,
                                                "Plan Width": 61,
                                                "Actual Startup Time": 1085.894,
                                                "Actual Total Time": 1085.911,
                                                "Actual Rows": 220,
                                                "Actual Loops": 5,
                                                "Sort Key": [
                                                    "mi1.info COLLATE \"C\"",
                                                    "n.name COLLATE \"C\""
                                                ],
                                                "Sort Method": "quicksort",
                                                "Sort Space Used": 43,
                                                "Sort Space Type": "Memory",
                                                "Workers": [
                                                    {
                                                        "Worker Number": 0,
                                                        "Sort Method": "quicksort",
                                                        "Sort Space Used": 35,
                                                        "Sort Space Type": "Memory"
                                                    },
                                                    {
                                                        "Worker Number": 1,
                                                        "Sort Method": "quicksort",
                                                        "Sort Space Used": 38,
                                                        "Sort Space Type": "Memory"
                                                    },
                                                    {
                                                        "Worker Number": 2,
                                                        "Sort Method": "quicksort",
                                                        "Sort Space Used": 40,
                                                        "Sort Space Type": "Memory"
                                                    },
                                                    {
                                                        "Worker Number": 3,
                                                        "Sort Method": "quicksort",
                                                        "Sort Space Used": 26,
                                                        "Sort Space Type": "Memory"
                                                    }
                                                ],
                                                "Plans": [
                                                    {
                                                        "Node Type": "Hash Join",
                                                        "Parent Relationship": "Outer",
                                                        "Parallel Aware": true,
                                                        "Async Capable": false,
                                                        "Join Type": "Inner",
                                                        "Startup Cost": 692784.77,
                                                        "Total Cost": 753697.39,
                                                        "Plan Rows": 1,
                                                        "Plan Width": 61,
                                                        "Actual Startup Time": 1044.568,
                                                        "Actual Total Time": 1085.786,
                                                        "Actual Rows": 220,
                                                        "Actual Loops": 5,
                                                        "Inner Unique": false,
                                                        "Hash Cond": "(pi1.person_id = ci.person_id)",
                                                        "Workers": [],
                                                        "Plans": [
                                                            {
                                                                "Node Type": "Seq Scan",
                                                                "Parent Relationship": "Outer",
                                                                "Parallel Aware": true,
                                                                "Async Capable": false,
                                                                "Relation Name": "person_info",
                                                                "Alias": "pi1",
                                                                "Startup Cost": 0.0,
                                                                "Total Cost": 60333.3,
                                                                "Plan Rows": 154468,
                                                                "Plan Width": 8,
                                                                "Actual Startup Time": 0.009,
                                                                "Actual Total Time": 39.184,
                                                                "Actual Rows": 124105,
                                                                "Actual Loops": 5,
                                                                "Filter": "(info_type_id = 17)",
                                                                "Rows Removed by Filter": 468628,
                                                                "Workers": []
                                                            },
                                                            {
                                                                "Node Type": "Hash",
                                                                "Parent Relationship": "Inner",
                                                                "Parallel Aware": true,
                                                                "Async Capable": false,
                                                                "Startup Cost": 692784.71,
                                                                "Total Cost": 692784.71,
                                                                "Plan Rows": 5,
                                                                "Plan Width": 65,
                                                                "Actual Startup Time": 1042.563,
                                                                "Actual Total Time": 1042.574,
                                                                "Actual Rows": 125,
                                                                "Actual Loops": 5,
                                                                "Hash Buckets": 1024,
                                                                "Original Hash Buckets": 1024,
                                                                "Hash Batches": 1,
                                                                "Original Hash Batches": 1,
                                                                "Peak Memory Usage": 168,
                                                                "Workers": [],
                                                                "Plans": [
                                                                    {
                                                                        "Node Type": "Hash Join",
                                                                        "Parent Relationship": "Outer",
                                                                        "Parallel Aware": false,
                                                                        "Async Capable": false,
                                                                        "Join Type": "Inner",
                                                                        "Startup Cost": 645083.2,
                                                                        "Total Cost": 692784.71,
                                                                        "Plan Rows": 5,
                                                                        "Plan Width": 65,
                                                                        "Actual Startup Time": 991.879,
                                                                        "Actual Total Time": 1042.46,
                                                                        "Actual Rows": 125,
                                                                        "Actual Loops": 5,
                                                                        "Inner Unique": true,
                                                                        "Hash Cond": "(t.kind_id = kt.id)",
                                                                        "Workers": [],
                                                                        "Plans": [
                                                                            {
                                                                                "Node Type": "Hash Join",
                                                                                "Parent Relationship": "Outer",
                                                                                "Parallel Aware": true,
                                                                                "Async Capable": false,
                                                                                "Join Type": "Inner",
                                                                                "Startup Cost": 645082.06,
                                                                                "Total Cost": 692783.52,
                                                                                "Plan Rows": 12,
                                                                                "Plan Width": 69,
                                                                                "Actual Startup Time": 991.86,
                                                                                "Actual Total Time": 1042.383,
                                                                                "Actual Rows": 1392,
                                                                                "Actual Loops": 5,
                                                                                "Inner Unique": false,
                                                                                "Hash Cond": "(t.id = ci.movie_id)",
                                                                                "Workers": [],
                                                                                "Plans": [
                                                                                    {
                                                                                        "Node Type": "Seq Scan",
                                                                                        "Parent Relationship": "Outer",
                                                                                        "Parallel Aware": true,
                                                                                        "Async Capable": false,
                                                                                        "Relation Name": "title",
                                                                                        "Alias": "t",
                                                                                        "Startup Cost": 0.0,
                                                                                        "Total Cost": 45490.07,
                                                                                        "Plan Rows": 589683,
                                                                                        "Plan Width": 8,
                                                                                        "Actual Startup Time": 0.01,
                                                                                        "Actual Total Time": 32.598,
                                                                                        "Actual Rows": 470997,
                                                                                        "Actual Loops": 5,
                                                                                        "Filter": "((production_year <= 2015) AND (production_year >= 1925))",
                                                                                        "Rows Removed by Filter": 34665,
                                                                                        "Workers": []
                                                                                    },
                                                                                    {
                                                                                        "Node Type": "Hash",
                                                                                        "Parent Relationship": "Inner",
                                                                                        "Parallel Aware": true,
                                                                                        "Async Capable": false,
                                                                                        "Startup Cost": 645081.71,
                                                                                        "Total Cost": 645081.71,
                                                                                        "Plan Rows": 28,
                                                                                        "Plan Width": 73,
                                                                                        "Actual Startup Time": 991.579,
                                                                                        "Actual Total Time": 991.587,
                                                                                        "Actual Rows": 1397,
                                                                                        "Actual Loops": 5,
                                                                                        "Hash Buckets": 8192,
                                                                                        "Original Hash Buckets": 1024,
                                                                                        "Hash Batches": 1,
                                                                                        "Original Hash Batches": 1,
                                                                                        "Peak Memory Usage": 728,
                                                                                        "Workers": [],
                                                                                        "Plans": [
                                                                                            {
                                                                                                "Node Type": "Hash Join",
                                                                                                "Parent Relationship": "Outer",
                                                                                                "Parallel Aware": true,
                                                                                                "Async Capable": false,
                                                                                                "Join Type": "Inner",
                                                                                                "Startup Cost": 398206.17,
                                                                                                "Total Cost": 645081.71,
                                                                                                "Plan Rows": 28,
                                                                                                "Plan Width": 73,
                                                                                                "Actual Startup Time": 777.149,
                                                                                                "Actual Total Time": 967.052,
                                                                                                "Actual Rows": 1397,
                                                                                                "Actual Loops": 5,
                                                                                                "Inner Unique": false,
                                                                                                "Hash Cond": "(mi1.movie_id = ci.movie_id)",
                                                                                                "Workers": [],
                                                                                                "Plans": [
                                                                                                    {
                                                                                                        "Node Type": "Hash Join",
                                                                                                        "Parent Relationship": "Outer",
                                                                                                        "Parallel Aware": false,
                                                                                                        "Async Capable": false,
                                                                                                        "Join Type": "Inner",
                                                                                                        "Startup Cost": 2.44,
                                                                                                        "Total Cost": 246876.84,
                                                                                                        "Plan Rows": 292,
                                                                                                        "Plan Width": 46,
                                                                                                        "Actual Startup Time": 184.489,
                                                                                                        "Actual Total Time": 371.311,
                                                                                                        "Actual Rows": 22851,
                                                                                                        "Actual Loops": 5,
                                                                                                        "Inner Unique": true,
                                                                                                        "Hash Cond": "(mi1.info_type_id = it1.id)",
                                                                                                        "Workers": [],
                                                                                                        "Plans": [
                                                                                                            {
                                                                                                                "Node Type": "Seq Scan",
                                                                                                                "Parent Relationship": "Outer",
                                                                                                                "Parallel Aware": true,
                                                                                                                "Async Capable": false,
                                                                                                                "Relation Name": "movie_info",
                                                                                                                "Alias": "mi1",
                                                                                                                "Startup Cost": 0.0,
                                                                                                                "Total Cost": 246829.52,
                                                                                                                "Plan Rows": 16479,
                                                                                                                "Plan Width": 50,
                                                                                                                "Actual Startup Time": 118.223,
                                                                                                                "Actual Total Time": 369.738,
                                                                                                                "Actual Rows": 23836,
                                                                                                                "Actual Loops": 5,
                                                                                                                "Filter": "(info = ANY ('{Argentina,Chile,\"Czech Republic\",DTS,Denmark,\"Dolby SR\",Ireland,Netherlands,\"New Zealand\",Portugal,Sweden,Turkey,\"Ultra Stereo\",Venezuela,\"West Germany\"}'::text[]))",
                                                                                                                "Rows Removed by Filter": 2943308,
                                                                                                                "Workers": []
                                                                                                            },
                                                                                                            {
                                                                                                                "Node Type": "Hash",
                                                                                                                "Parent Relationship": "Inner",
                                                                                                                "Parallel Aware": false,
                                                                                                                "Async Capable": false,
                                                                                                                "Startup Cost": 2.41,
                                                                                                                "Total Cost": 2.41,
                                                                                                                "Plan Rows": 2,
                                                                                                                "Plan Width": 4,
                                                                                                                "Actual Startup Time": 0.017,
                                                                                                                "Actual Total Time": 0.018,
                                                                                                                "Actual Rows": 2,
                                                                                                                "Actual Loops": 5,
                                                                                                                "Hash Buckets": 1024,
                                                                                                                "Original Hash Buckets": 1024,
                                                                                                                "Hash Batches": 1,
                                                                                                                "Original Hash Batches": 1,
                                                                                                                "Peak Memory Usage": 9,
                                                                                                                "Workers": [],
                                                                                                                "Plans": [
                                                                                                                    {
                                                                                                                        "Node Type": "Seq Scan",
                                                                                                                        "Parent Relationship": "Outer",
                                                                                                                        "Parallel Aware": false,
                                                                                                                        "Async Capable": false,
                                                                                                                        "Relation Name": "info_type",
                                                                                                                        "Alias": "it1",
                                                                                                                        "Startup Cost": 0.0,
                                                                                                                        "Total Cost": 2.41,
                                                                                                                        "Plan Rows": 2,
                                                                                                                        "Plan Width": 4,
                                                                                                                        "Actual Startup Time": 0.012,
                                                                                                                        "Actual Total Time": 0.015,
                                                                                                                        "Actual Rows": 2,
                                                                                                                        "Actual Loops": 5,
                                                                                                                        "Filter": "(id = ANY ('{6,8}'::integer[]))",
                                                                                                                        "Rows Removed by Filter": 111,
                                                                                                                        "Workers": []
                                                                                                                    }
                                                                                                                ]
                                                                                                            }
                                                                                                        ]
                                                                                                    },
                                                                                                    {
                                                                                                        "Node Type": "Hash",
                                                                                                        "Parent Relationship": "Inner",
                                                                                                        "Parallel Aware": true,
                                                                                                        "Async Capable": false,
                                                                                                        "Startup Cost": 398013.06,
                                                                                                        "Total Cost": 398013.06,
                                                                                                        "Plan Rows": 15254,
                                                                                                        "Plan Width": 27,
                                                                                                        "Actual Startup Time": 592.458,
                                                                                                        "Actual Total Time": 592.463,
                                                                                                        "Actual Rows": 23093,
                                                                                                        "Actual Loops": 5,
                                                                                                        "Hash Buckets": 131072,
                                                                                                        "Original Hash Buckets": 131072,
                                                                                                        "Hash Batches": 1,
                                                                                                        "Original Hash Batches": 1,
                                                                                                        "Peak Memory Usage": 8288,
                                                                                                        "Workers": [],
                                                                                                        "Plans": [
                                                                                                            {
                                                                                                                "Node Type": "Hash Join",
                                                                                                                "Parent Relationship": "Outer",
                                                                                                                "Parallel Aware": false,
                                                                                                                "Async Capable": false,
                                                                                                                "Join Type": "Inner",
                                                                                                                "Startup Cost": 68812.16,
                                                                                                                "Total Cost": 398013.06,
                                                                                                                "Plan Rows": 15254,
                                                                                                                "Plan Width": 27,
                                                                                                                "Actual Startup Time": 172.279,
                                                                                                                "Actual Total Time": 589.168,
                                                                                                                "Actual Rows": 23093,
                                                                                                                "Actual Loops": 5,
                                                                                                                "Inner Unique": true,
                                                                                                                "Hash Cond": "(ci.role_id = rt.id)",
                                                                                                                "Workers": [],
                                                                                                                "Plans": [
                                                                                                                    {
                                                                                                                        "Node Type": "Hash Join",
                                                                                                                        "Parent Relationship": "Outer",
                                                                                                                        "Parallel Aware": true,
                                                                                                                        "Async Capable": false,
                                                                                                                        "Join Type": "Inner",
                                                                                                                        "Startup Cost": 68810.96,
                                                                                                                        "Total Cost": 397795.11,
                                                                                                                        "Plan Rows": 61018,
                                                                                                                        "Plan Width": 31,
                                                                                                                        "Actual Startup Time": 108.247,
                                                                                                                        "Actual Total Time": 586.921,
                                                                                                                        "Actual Rows": 52971,
                                                                                                                        "Actual Loops": 5,
                                                                                                                        "Inner Unique": true,
                                                                                                                        "Hash Cond": "(ci.person_id = n.id)",
                                                                                                                        "Workers": [],
                                                                                                                        "Plans": [
                                                                                                                            {
                                                                                                                                "Node Type": "Seq Scan",
                                                                                                                                "Parent Relationship": "Outer",
                                                                                                                                "Parallel Aware": true,
                                                                                                                                "Async Capable": false,
                                                                                                                                "Relation Name": "cast_info",
                                                                                                                                "Alias": "ci",
                                                                                                                                "Startup Cost": 0.0,
                                                                                                                                "Total Cost": 313127.24,
                                                                                                                                "Plan Rows": 6040724,
                                                                                                                                "Plan Width": 12,
                                                                                                                                "Actual Startup Time": 0.018,
                                                                                                                                "Actual Total Time": 242.386,
                                                                                                                                "Actual Rows": 7248869,
                                                                                                                                "Actual Loops": 5,
                                                                                                                                "Workers": []
                                                                                                                            },
                                                                                                                            {
                                                                                                                                "Node Type": "Hash",
                                                                                                                                "Parent Relationship": "Inner",
                                                                                                                                "Parallel Aware": true,
                                                                                                                                "Async Capable": false,
                                                                                                                                "Startup Cost": 68679.41,
                                                                                                                                "Total Cost": 68679.41,
                                                                                                                                "Plan Rows": 10524,
                                                                                                                                "Plan Width": 19,
                                                                                                                                "Actual Startup Time": 108.076,
                                                                                                                                "Actual Total Time": 108.077,
                                                                                                                                "Actual Rows": 5930,
                                                                                                                                "Actual Loops": 5,
                                                                                                                                "Hash Buckets": 65536,
                                                                                                                                "Original Hash Buckets": 65536,
                                                                                                                                "Hash Batches": 1,
                                                                                                                                "Original Hash Batches": 1,
                                                                                                                                "Peak Memory Usage": 2208,
                                                                                                                                "Workers": [],
                                                                                                                                "Plans": [
                                                                                                                                    {
                                                                                                                                        "Node Type": "Seq Scan",
                                                                                                                                        "Parent Relationship": "Outer",
                                                                                                                                        "Parallel Aware": true,
                                                                                                                                        "Async Capable": false,
                                                                                                                                        "Relation Name": "name",
                                                                                                                                        "Alias": "n",
                                                                                                                                        "Startup Cost": 0.0,
                                                                                                                                        "Total Cost": 68679.41,
                                                                                                                                        "Plan Rows": 10524,
                                                                                                                                        "Plan Width": 19,
                                                                                                                                        "Actual Startup Time": 0.118,
                                                                                                                                        "Actual Total Time": 107.138,
                                                                                                                                        "Actual Rows": 5930,
                                                                                                                                        "Actual Loops": 5,
                                                                                                                                        "Filter": "(name ~~* '%cu%'::text)",
                                                                                                                                        "Rows Removed by Filter": 827568,
                                                                                                                                        "Workers": []
                                                                                                                                    }
                                                                                                                                ]
                                                                                                                            }
                                                                                                                        ]
                                                                                                                    },
                                                                                                                    {
                                                                                                                        "Node Type": "Hash",
                                                                                                                        "Parent Relationship": "Inner",
                                                                                                                        "Parallel Aware": false,
                                                                                                                        "Async Capable": false,
                                                                                                                        "Startup Cost": 1.17,
                                                                                                                        "Total Cost": 1.17,
                                                                                                                        "Plan Rows": 3,
                                                                                                                        "Plan Width": 4,
                                                                                                                        "Actual Startup Time": 0.008,
                                                                                                                        "Actual Total Time": 0.009,
                                                                                                                        "Actual Rows": 3,
                                                                                                                        "Actual Loops": 5,
                                                                                                                        "Hash Buckets": 1024,
                                                                                                                        "Original Hash Buckets": 1024,
                                                                                                                        "Hash Batches": 1,
                                                                                                                        "Original Hash Batches": 1,
                                                                                                                        "Peak Memory Usage": 9,
                                                                                                                        "Workers": [],
                                                                                                                        "Plans": [
                                                                                                                            {
                                                                                                                                "Node Type": "Seq Scan",
                                                                                                                                "Parent Relationship": "Outer",
                                                                                                                                "Parallel Aware": false,
                                                                                                                                "Async Capable": false,
                                                                                                                                "Relation Name": "role_type",
                                                                                                                                "Alias": "rt",
                                                                                                                                "Startup Cost": 0.0,
                                                                                                                                "Total Cost": 1.17,
                                                                                                                                "Plan Rows": 3,
                                                                                                                                "Plan Width": 4,
                                                                                                                                "Actual Startup Time": 0.006,
                                                                                                                                "Actual Total Time": 0.007,
                                                                                                                                "Actual Rows": 3,
                                                                                                                                "Actual Loops": 5,
                                                                                                                                "Filter": "((role)::text = ANY ('{actor,cinematographer,composer}'::text[]))",
                                                                                                                                "Rows Removed by Filter": 9,
                                                                                                                                "Workers": []
                                                                                                                            }
                                                                                                                        ]
                                                                                                                    }
                                                                                                                ]
                                                                                                            }
                                                                                                        ]
                                                                                                    }
                                                                                                ]
                                                                                            }
                                                                                        ]
                                                                                    }
                                                                                ]
                                                                            },
                                                                            {
                                                                                "Node Type": "Hash",
                                                                                "Parent Relationship": "Inner",
                                                                                "Parallel Aware": false,
                                                                                "Async Capable": false,
                                                                                "Startup Cost": 1.1,
                                                                                "Total Cost": 1.1,
                                                                                "Plan Rows": 3,
                                                                                "Plan Width": 4,
                                                                                "Actual Startup Time": 0.014,
                                                                                "Actual Total Time": 0.015,
                                                                                "Actual Rows": 3,
                                                                                "Actual Loops": 5,
                                                                                "Hash Buckets": 1024,
                                                                                "Original Hash Buckets": 1024,
                                                                                "Hash Batches": 1,
                                                                                "Original Hash Batches": 1,
                                                                                "Peak Memory Usage": 9,
                                                                                "Workers": [],
                                                                                "Plans": [
                                                                                    {
                                                                                        "Node Type": "Seq Scan",
                                                                                        "Parent Relationship": "Outer",
                                                                                        "Parallel Aware": false,
                                                                                        "Async Capable": false,
                                                                                        "Relation Name": "kind_type",
                                                                                        "Alias": "kt",
                                                                                        "Startup Cost": 0.0,
                                                                                        "Total Cost": 1.1,
                                                                                        "Plan Rows": 3,
                                                                                        "Plan Width": 4,
                                                                                        "Actual Startup Time": 0.01,
                                                                                        "Actual Total Time": 0.011,
                                                                                        "Actual Rows": 3,
                                                                                        "Actual Loops": 5,
                                                                                        "Filter": "((kind)::text = ANY ('{\"tv series\",\"video game\",\"video movie\"}'::text[]))",
                                                                                        "Rows Removed by Filter": 4,
                                                                                        "Workers": []
                                                                                    }
                                                                                ]
                                                                            }
                                                                        ]
                                                                    }
                                                                ]
                                                            }
                                                        ]
                                                    }
                                                ]
                                            }
                                        ]
                                    },
                                    {
                                        "Node Type": "Materialize",
                                        "Parent Relationship": "Inner",
                                        "Parallel Aware": false,
                                        "Async Capable": false,
                                        "Startup Cost": 0.0,
                                        "Total Cost": 2.42,
                                        "Plan Rows": 1,
                                        "Plan Width": 4,
                                        "Actual Startup Time": 0.0,
                                        "Actual Total Time": 0.0,
                                        "Actual Rows": 1,
                                        "Actual Loops": 1102,
                                        "Plans": [
                                            {
                                                "Node Type": "Seq Scan",
                                                "Parent Relationship": "Outer",
                                                "Parallel Aware": false,
                                                "Async Capable": false,
                                                "Relation Name": "info_type",
                                                "Alias": "it2",
                                                "Startup Cost": 0.0,
                                                "Total Cost": 2.41,
                                                "Plan Rows": 1,
                                                "Plan Width": 4,
                                                "Actual Startup Time": 0.007,
                                                "Actual Total Time": 0.009,
                                                "Actual Rows": 1,
                                                "Actual Loops": 1,
                                                "Filter": "(id = 17)",
                                                "Rows Removed by Filter": 112
                                            }
                                        ]
                                    }
                                ]
                            }
                        ]
                    },
                    "Planning Time": 3.279,
                    "Triggers": [],
                    "Execution Time": 1111.207
                }
            ],
            "hints": [
                "SET enable_hashjoin TO on",
                "SET enable_indexonlyscan TO on",
                "SET enable_indexscan TO on",
                "SET enable_mergejoin TO on",
                "SET enable_nestloop TO off",
                "SET enable_seqscan TO on"
            ]
        },
        {
            "arm": 2,
            "execution_time": 1084.396,
            "plan": [
                {
                    "Plan": {
                        "Node Type": "Aggregate",
                        "Strategy": "Sorted",
                        "Partial Mode": "Simple",
                        "Parallel Aware": false,
                        "Async Capable": false,
                        "Startup Cost": 754699.88,
                        "Total Cost": 754700.3,
                        "Plan Rows": 3,
                        "Plan Width": 65,
                        "Actual Startup Time": 1061.814,
                        "Actual Total Time": 1084.347,
                        "Actual Rows": 65,
                        "Actual Loops": 1,
                        "Group Key": [
                            "mi1.info",
                            "n.name"
                        ],
                        "Plans": [
                            {
                                "Node Type": "Gather Merge",
                                "Parent Relationship": "Outer",
                                "Parallel Aware": false,
                                "Async Capable": false,
                                "Startup Cost": 754699.88,
                                "Total Cost": 754700.24,
                                "Plan Rows": 3,
                                "Plan Width": 57,
                                "Actual Startup Time": 1061.783,
                                "Actual Total Time": 1084.293,
                                "Actual Rows": 1102,
                                "Actual Loops": 1,
                                "Workers Planned": 4,
                                "Workers Launched": 4,
                                "Plans": [
                                    {
                                        "Node Type": "Sort",
                                        "Parent Relationship": "Outer",
                                        "Parallel Aware": false,
                                        "Async Capable": false,
                                        "Startup Cost": 753699.82,
                                        "Total Cost": 753699.83,
                                        "Plan Rows": 1,
                                        "Plan Width": 57,
                                        "Actual Startup Time": 1059.929,
                                        "Actual Total Time": 1059.945,
                                        "Actual Rows": 220,
                                        "Actual Loops": 5,
                                        "Sort Key": [
                                            "mi1.info COLLATE \"C\"",
                                            "n.name COLLATE \"C\""
                                        ],
                                        "Sort Method": "quicksort",
                                        "Sort Space Used": 48,
                                        "Sort Space Type": "Memory",
                                        "Workers": [
                                            {
                                                "Worker Number": 0,
                                                "Sort Method": "quicksort",
                                                "Sort Space Used": 26,
                                                "Sort Space Type": "Memory"
                                            },
                                            {
                                                "Worker Number": 1,
                                                "Sort Method": "quicksort",
                                                "Sort Space Used": 47,
                                                "Sort Space Type": "Memory"
                                            },
                                            {
                                                "Worker Number": 2,
                                                "Sort Method": "quicksort",
                                                "Sort Space Used": 27,
                                                "Sort Space Type": "Memory"
                                            },
                                            {
                                                "Worker Number": 3,
                                                "Sort Method": "quicksort",
                                                "Sort Space Used": 31,
                                                "Sort Space Type": "Memory"
                                            }
                                        ],
                                        "Plans": [
                                            {
                                                "Node Type": "Nested Loop",
                                                "Parent Relationship": "Outer",
                                                "Parallel Aware": false,
                                                "Async Capable": false,
                                                "Join Type": "Inner",
                                                "Startup Cost": 692784.77,
                                                "Total Cost": 753699.81,
                                                "Plan Rows": 1,
                                                "Plan Width": 57,
                                                "Actual Startup Time": 1026.194,
                                                "Actual Total Time": 1059.863,
                                                "Actual Rows": 220,
                                                "Actual Loops": 5,
                                                "Inner Unique": false,
                                                "Workers": [],
                                                "Plans": [
                                                    {
                                                        "Node Type": "Hash Join",
                                                        "Parent Relationship": "Outer",
                                                        "Parallel Aware": true,
                                                        "Async Capable": false,
                                                        "Join Type": "Inner",
                                                        "Startup Cost": 692784.77,
                                                        "Total Cost": 753697.39,
                                                        "Plan Rows": 1,
                                                        "Plan Width": 61,
                                                        "Actual Startup Time": 1026.188,
                                                        "Actual Total Time": 1059.332,
                                                        "Actual Rows": 220,
                                                        "Actual Loops": 5,
                                                        "Inner Unique": false,
                                                        "Hash Cond": "(pi1.person_id = ci.person_id)",
                                                        "Workers": [],
                                                        "Plans": [
                                                            {
                                                                "Node Type": "Seq Scan",
                                                                "Parent Relationship": "Outer",
                                                                "Parallel Aware": true,
                                                                "Async Capable": false,
                                                                "Relation Name": "person_info",
                                                                "Alias": "pi1",
                                                                "Startup Cost": 0.0,
                                                                "Total Cost": 60333.3,
                                                                "Plan Rows": 154468,
                                                                "Plan Width": 8,
                                                                "Actual Startup Time": 0.005,
                                                                "Actual Total Time": 31.742,
                                                                "Actual Rows": 124105,
                                                                "Actual Loops": 5,
                                                                "Filter": "(info_type_id = 17)",
                                                                "Rows Removed by Filter": 468628,
                                                                "Workers": []
                                                            },
                                                            {
                                                                "Node Type": "Hash",
                                                                "Parent Relationship": "Inner",
                                                                "Parallel Aware": true,
                                                                "Async Capable": false,
                                                                "Startup Cost": 692784.71,
                                                                "Total Cost": 692784.71,
                                                                "Plan Rows": 5,
                                                                "Plan Width": 65,
                                                                "Actual Startup Time": 1023.747,
                                                                "Actual Total Time": 1023.757,
                                                                "Actual Rows": 125,
                                                                "Actual Loops": 5,
                                                                "Hash Buckets": 1024,
                                                                "Original Hash Buckets": 1024,
                                                                "Hash Batches": 1,
                                                                "Original Hash Batches": 1,
                                                                "Peak Memory Usage": 168,
                                                                "Workers": [],
                                                                "Plans": [
                                                                    {
                                                                        "Node Type": "Hash Join",
                                                                        "Parent Relationship": "Outer",
                                                                        "Parallel Aware": false,
                                                                        "Async Capable": false,
                                                                        "Join Type": "Inner",
                                                                        "Startup Cost": 645083.2,
                                                                        "Total Cost": 692784.71,
                                                                        "Plan Rows": 5,
                                                                        "Plan Width": 65,
                                                                        "Actual Startup Time": 975.168,
                                                                        "Actual Total Time": 1023.646,
                                                                        "Actual Rows": 125,
                                                                        "Actual Loops": 5,
                                                                        "Inner Unique": true,
                                                                        "Hash Cond": "(t.kind_id = kt.id)",
                                                                        "Workers": [],
                                                                        "Plans": [
                                                                            {
                                                                                "Node Type": "Hash Join",
                                                                                "Parent Relationship": "Outer",
                                                                                "Parallel Aware": true,
                                                                                "Async Capable": false,
                                                                                "Join Type": "Inner",
                                                                                "Startup Cost": 645082.06,
                                                                                "Total Cost": 692783.52,
                                                                                "Plan Rows": 12,
                                                                                "Plan Width": 69,
                                                                                "Actual Startup Time": 975.152,
                                                                                "Actual Total Time": 1023.572,
                                                                                "Actual Rows": 1392,
                                                                                "Actual Loops": 5,
                                                                                "Inner Unique": false,
                                                                                "Hash Cond": "(t.id = ci.movie_id)",
                                                                                "Workers": [],
                                                                                "Plans": [
                                                                                    {
                                                                                        "Node Type": "Seq Scan",
                                                                                        "Parent Relationship": "Outer",
                                                                                        "Parallel Aware": true,
                                                                                        "Async Capable": false,
                                                                                        "Relation Name": "title",
                                                                                        "Alias": "t",
                                                                                        "Startup Cost": 0.0,
                                                                                        "Total Cost": 45490.07,
                                                                                        "Plan Rows": 589683,
                                                                                        "Plan Width": 8,
                                                                                        "Actual Startup Time": 0.007,
                                                                                        "Actual Total Time": 30.833,
                                                                                        "Actual Rows": 470997,
                                                                                        "Actual Loops": 5,
                                                                                        "Filter": "((production_year <= 2015) AND (production_year >= 1925))",
                                                                                        "Rows Removed by Filter": 34665,
                                                                                        "Workers": []
                                                                                    },
                                                                                    {
                                                                                        "Node Type": "Hash",
                                                                                        "Parent Relationship": "Inner",
                                                                                        "Parallel Aware": true,
                                                                                        "Async Capable": false,
                                                                                        "Startup Cost": 645081.71,
                                                                                        "Total Cost": 645081.71,
                                                                                        "Plan Rows": 28,
                                                                                        "Plan Width": 73,
                                                                                        "Actual Startup Time": 974.806,
                                                                                        "Actual Total Time": 974.814,
                                                                                        "Actual Rows": 1397,
                                                                                        "Actual Loops": 5,
                                                                                        "Hash Buckets": 8192,
                                                                                        "Original Hash Buckets": 1024,
                                                                                        "Hash Batches": 1,
                                                                                        "Original Hash Batches": 1,
                                                                                        "Peak Memory Usage": 728,
                                                                                        "Workers": [],
                                                                                        "Plans": [
                                                                                            {
                                                                                                "Node Type": "Hash Join",
                                                                                                "Parent Relationship": "Outer",
                                                                                                "Parallel Aware": true,
                                                                                                "Async Capable": false,
                                                                                                "Join Type": "Inner",
                                                                                                "Startup Cost": 398206.17,
                                                                                                "Total Cost": 645081.71,
                                                                                                "Plan Rows": 28,
                                                                                                "Plan Width": 73,
                                                                                                "Actual Startup Time": 763.882,
                                                                                                "Actual Total Time": 956.066,
                                                                                                "Actual Rows": 1397,
                                                                                                "Actual Loops": 5,
                                                                                                "Inner Unique": false,
                                                                                                "Hash Cond": "(mi1.movie_id = ci.movie_id)",
                                                                                                "Workers": [],
                                                                                                "Plans": [
                                                                                                    {
                                                                                                        "Node Type": "Hash Join",
                                                                                                        "Parent Relationship": "Outer",
                                                                                                        "Parallel Aware": false,
                                                                                                        "Async Capable": false,
                                                                                                        "Join Type": "Inner",
                                                                                                        "Startup Cost": 2.44,
                                                                                                        "Total Cost": 246876.84,
                                                                                                        "Plan Rows": 292,
                                                                                                        "Plan Width": 46,
                                                                                                        "Actual Startup Time": 185.479,
                                                                                                        "Actual Total Time": 374.538,
                                                                                                        "Actual Rows": 22851,
                                                                                                        "Actual Loops": 5,
                                                                                                        "Inner Unique": true,
                                                                                                        "Hash Cond": "(mi1.info_type_id = it1.id)",
                                                                                                        "Workers": [],
                                                                                                        "Plans": [
                                                                                                            {
                                                                                                                "Node Type": "Seq Scan",
                                                                                                                "Parent Relationship": "Outer",
                                                                                                                "Parallel Aware": true,
                                                                                                                "Async Capable": false,
                                                                                                                "Relation Name": "movie_info",
                                                                                                                "Alias": "mi1",
                                                                                                                "Startup Cost": 0.0,
                                                                                                                "Total Cost": 246829.52,
                                                                                                                "Plan Rows": 16479,
                                                                                                                "Plan Width": 50,
                                                                                                                "Actual Startup Time": 120.34,
                                                                                                                "Actual Total Time": 372.926,
                                                                                                                "Actual Rows": 23836,
                                                                                                                "Actual Loops": 5,
                                                                                                                "Filter": "(info = ANY ('{Argentina,Chile,\"Czech Republic\",DTS,Denmark,\"Dolby SR\",Ireland,Netherlands,\"New Zealand\",Portugal,Sweden,Turkey,\"Ultra Stereo\",Venezuela,\"West Germany\"}'::text[]))",
                                                                                                                "Rows Removed by Filter": 2943308,
                                                                                                                "Workers": []
                                                                                                            },
                                                                                                            {
                                                                                                                "Node Type": "Hash",
                                                                                                                "Parent Relationship": "Inner",
                                                                                                                "Parallel Aware": false,
                                                                                                                "Async Capable": false,
                                                                                                                "Startup Cost": 2.41,
                                                                                                                "Total Cost": 2.41,
                                                                                                                "Plan Rows": 2,
                                                                                                                "Plan Width": 4,
                                                                                                                "Actual Startup Time": 0.016,
                                                                                                                "Actual Total Time": 0.017,
                                                                                                                "Actual Rows": 2,
                                                                                                                "Actual Loops": 5,
                                                                                                                "Hash Buckets": 1024,
                                                                                                                "Original Hash Buckets": 1024,
                                                                                                                "Hash Batches": 1,
                                                                                                                "Original Hash Batches": 1,
                                                                                                                "Peak Memory Usage": 9,
                                                                                                                "Workers": [],
                                                                                                                "Plans": [
                                                                                                                    {
                                                                                                                        "Node Type": "Seq Scan",
                                                                                                                        "Parent Relationship": "Outer",
                                                                                                                        "Parallel Aware": false,
                                                                                                                        "Async Capable": false,
                                                                                                                        "Relation Name": "info_type",
                                                                                                                        "Alias": "it1",
                                                                                                                        "Startup Cost": 0.0,
                                                                                                                        "Total Cost": 2.41,
                                                                                                                        "Plan Rows": 2,
                                                                                                                        "Plan Width": 4,
                                                                                                                        "Actual Startup Time": 0.011,
                                                                                                                        "Actual Total Time": 0.014,
                                                                                                                        "Actual Rows": 2,
                                                                                                                        "Actual Loops": 5,
                                                                                                                        "Filter": "(id = ANY ('{6,8}'::integer[]))",
                                                                                                                        "Rows Removed by Filter": 111,
                                                                                                                        "Workers": []
                                                                                                                    }
                                                                                                                ]
                                                                                                            }
                                                                                                        ]
                                                                                                    },
                                                                                                    {
                                                                                                        "Node Type": "Hash",
                                                                                                        "Parent Relationship": "Inner",
                                                                                                        "Parallel Aware": true,
                                                                                                        "Async Capable": false,
                                                                                                        "Startup Cost": 398013.06,
                                                                                                        "Total Cost": 398013.06,
                                                                                                        "Plan Rows": 15254,
                                                                                                        "Plan Width": 27,
                                                                                                        "Actual Startup Time": 578.195,
                                                                                                        "Actual Total Time": 578.199,
                                                                                                        "Actual Rows": 23093,
                                                                                                        "Actual Loops": 5,
                                                                                                        "Hash Buckets": 131072,
                                                                                                        "Original Hash Buckets": 131072,
                                                                                                        "Hash Batches": 1,
                                                                                                        "Original Hash Batches": 1,
                                                                                                        "Peak Memory Usage": 8288,
                                                                                                        "Workers": [],
                                                                                                        "Plans": [
                                                                                                            {
                                                                                                                "Node Type": "Hash Join",
                                                                                                                "Parent Relationship": "Outer",
                                                                                                                "Parallel Aware": false,
                                                                                                                "Async Capable": false,
                                                                                                                "Join Type": "Inner",
                                                                                                                "Startup Cost": 68812.16,
                                                                                                                "Total Cost": 398013.06,
                                                                                                                "Plan Rows": 15254,
                                                                                                                "Plan Width": 27,
                                                                                                                "Actual Startup Time": 167.412,
                                                                                                                "Actual Total Time": 575.107,
                                                                                                                "Actual Rows": 23093,
                                                                                                                "Actual Loops": 5,
                                                                                                                "Inner Unique": true,
                                                                                                                "Hash Cond": "(ci.role_id = rt.id)",
                                                                                                                "Workers": [],
                                                                                                                "Plans": [
                                                                                                                    {
                                                                                                                        "Node Type": "Hash Join",
                                                                                                                        "Parent Relationship": "Outer",
                                                                                                                        "Parallel Aware": true,
                                                                                                                        "Async Capable": false,
                                                                                                                        "Join Type": "Inner",
                                                                                                                        "Startup Cost": 68810.96,
                                                                                                                        "Total Cost": 397795.11,
                                                                                                                        "Plan Rows": 61018,
                                                                                                                        "Plan Width": 31,
                                                                                                                        "Actual Startup Time": 104.383,
                                                                                                                        "Actual Total Time": 572.839,
                                                                                                                        "Actual Rows": 52971,
                                                                                                                        "Actual Loops": 5,
                                                                                                                        "Inner Unique": true,
                                                                                                                        "Hash Cond": "(ci.person_id = n.id)",
                                                                                                                        "Workers": [],
                                                                                                                        "Plans": [
                                                                                                                            {
                                                                                                                                "Node Type": "Seq Scan",
                                                                                                                                "Parent Relationship": "Outer",
                                                                                                                                "Parallel Aware": true,
                                                                                                                                "Async Capable": false,
                                                                                                                                "Relation Name": "cast_info",
                                                                                                                                "Alias": "ci",
                                                                                                                                "Startup Cost": 0.0,
                                                                                                                                "Total Cost": 313127.24,
                                                                                                                                "Plan Rows": 6040724,
                                                                                                                                "Plan Width": 12,
                                                                                                                                "Actual Startup Time": 0.011,
                                                                                                                                "Actual Total Time": 236.895,
                                                                                                                                "Actual Rows": 7248869,
                                                                                                                                "Actual Loops": 5,
                                                                                                                                "Workers": []
                                                                                                                            },
                                                                                                                            {
                                                                                                                                "Node Type": "Hash",
                                                                                                                                "Parent Relationship": "Inner",
                                                                                                                                "Parallel Aware": true,
                                                                                                                                "Async Capable": false,
                                                                                                                                "Startup Cost": 68679.41,
                                                                                                                                "Total Cost": 68679.41,
                                                                                                                                "Plan Rows": 10524,
                                                                                                                                "Plan Width": 19,
                                                                                                                                "Actual Startup Time": 104.223,
                                                                                                                                "Actual Total Time": 104.224,
                                                                                                                                "Actual Rows": 5930,
                                                                                                                                "Actual Loops": 5,
                                                                                                                                "Hash Buckets": 65536,
                                                                                                                                "Original Hash Buckets": 65536,
                                                                                                                                "Hash Batches": 1,
                                                                                                                                "Original Hash Batches": 1,
                                                                                                                                "Peak Memory Usage": 2240,
                                                                                                                                "Workers": [],
                                                                                                                                "Plans": [
                                                                                                                                    {
                                                                                                                                        "Node Type": "Seq Scan",
                                                                                                                                        "Parent Relationship": "Outer",
                                                                                                                                        "Parallel Aware": true,
                                                                                                                                        "Async Capable": false,
                                                                                                                                        "Relation Name": "name",
                                                                                                                                        "Alias": "n",
                                                                                                                                        "Startup Cost": 0.0,
                                                                                                                                        "Total Cost": 68679.41,
                                                                                                                                        "Plan Rows": 10524,
                                                                                                                                        "Plan Width": 19,
                                                                                                                                        "Actual Startup Time": 0.1,
                                                                                                                                        "Actual Total Time": 103.334,
                                                                                                                                        "Actual Rows": 5930,
                                                                                                                                        "Actual Loops": 5,
                                                                                                                                        "Filter": "(name ~~* '%cu%'::text)",
                                                                                                                                        "Rows Removed by Filter": 827568,
                                                                                                                                        "Workers": []
                                                                                                                                    }
                                                                                                                                ]
                                                                                                                            }
                                                                                                                        ]
                                                                                                                    },
                                                                                                                    {
                                                                                                                        "Node Type": "Hash",
                                                                                                                        "Parent Relationship": "Inner",
                                                                                                                        "Parallel Aware": false,
                                                                                                                        "Async Capable": false,
                                                                                                                        "Startup Cost": 1.17,
                                                                                                                        "Total Cost": 1.17,
                                                                                                                        "Plan Rows": 3,
                                                                                                                        "Plan Width": 4,
                                                                                                                        "Actual Startup Time": 0.007,
                                                                                                                        "Actual Total Time": 0.008,
                                                                                                                        "Actual Rows": 3,
                                                                                                                        "Actual Loops": 5,
                                                                                                                        "Hash Buckets": 1024,
                                                                                                                        "Original Hash Buckets": 1024,
                                                                                                                        "Hash Batches": 1,
                                                                                                                        "Original Hash Batches": 1,
                                                                                                                        "Peak Memory Usage": 9,
                                                                                                                        "Workers": [],
                                                                                                                        "Plans": [
                                                                                                                            {
                                                                                                                                "Node Type": "Seq Scan",
                                                                                                                                "Parent Relationship": "Outer",
                                                                                                                                "Parallel Aware": false,
                                                                                                                                "Async Capable": false,
                                                                                                                                "Relation Name": "role_type",
                                                                                                                                "Alias": "rt",
                                                                                                                                "Startup Cost": 0.0,
                                                                                                                                "Total Cost": 1.17,
                                                                                                                                "Plan Rows": 3,
                                                                                                                                "Plan Width": 4,
                                                                                                                                "Actual Startup Time": 0.006,
                                                                                                                                "Actual Total Time": 0.007,
                                                                                                                                "Actual Rows": 3,
                                                                                                                                "Actual Loops": 5,
                                                                                                                                "Filter": "((role)::text = ANY ('{actor,cinematographer,composer}'::text[]))",
                                                                                                                                "Rows Removed by Filter": 9,
                                                                                                                                "Workers": []
                                                                                                                            }
                                                                                                                        ]
                                                                                                                    }
                                                                                                                ]
                                                                                                            }
                                                                                                        ]
                                                                                                    }
                                                                                                ]
                                                                                            }
                                                                                        ]
                                                                                    }
                                                                                ]
                                                                            },
                                                                            {
                                                                                "Node Type": "Hash",
                                                                                "Parent Relationship": "Inner",
                                                                                "Parallel Aware": false,
                                                                                "Async Capable": false,
                                                                                "Startup Cost": 1.1,
                                                                                "Total Cost": 1.1,
                                                                                "Plan Rows": 3,
                                                                                "Plan Width": 4,
                                                                                "Actual Startup Time": 0.011,
                                                                                "Actual Total Time": 0.012,
                                                                                "Actual Rows": 3,
                                                                                "Actual Loops": 5,
                                                                                "Hash Buckets": 1024,
                                                                                "Original Hash Buckets": 1024,
                                                                                "Hash Batches": 1,
                                                                                "Original Hash Batches": 1,
                                                                                "Peak Memory Usage": 9,
                                                                                "Workers": [],
                                                                                "Plans": [
                                                                                    {
                                                                                        "Node Type": "Seq Scan",
                                                                                        "Parent Relationship": "Outer",
                                                                                        "Parallel Aware": false,
                                                                                        "Async Capable": false,
                                                                                        "Relation Name": "kind_type",
                                                                                        "Alias": "kt",
                                                                                        "Startup Cost": 0.0,
                                                                                        "Total Cost": 1.1,
                                                                                        "Plan Rows": 3,
                                                                                        "Plan Width": 4,
                                                                                        "Actual Startup Time": 0.009,
                                                                                        "Actual Total Time": 0.01,
                                                                                        "Actual Rows": 3,
                                                                                        "Actual Loops": 5,
                                                                                        "Filter": "((kind)::text = ANY ('{\"tv series\",\"video game\",\"video movie\"}'::text[]))",
                                                                                        "Rows Removed by Filter": 4,
                                                                                        "Workers": []
                                                                                    }
                                                                                ]
                                                                            }
                                                                        ]
                                                                    }
                                                                ]
                                                            }
                                                        ]
                                                    },
                                                    {
                                                        "Node Type": "Seq Scan",
                                                        "Parent Relationship": "Inner",
                                                        "Parallel Aware": false,
                                                        "Async Capable": false,
                                                        "Relation Name": "info_type",
                                                        "Alias": "it2",
                                                        "Startup Cost": 0.0,
                                                        "Total Cost": 2.41,
                                                        "Plan Rows": 1,
                                                        "Plan Width": 4,
                                                        "Actual Startup Time": 0.001,
                                                        "Actual Total Time": 0.002,
                                                        "Actual Rows": 1,
                                                        "Actual Loops": 1102,
                                                        "Filter": "(id = 17)",
                                                        "Rows Removed by Filter": 112,
                                                        "Workers": []
                                                    }
                                                ]
                                            }
                                        ]
                                    }
                                ]
                            }
                        ]
                    },
                    "Planning Time": 1.541,
                    "Triggers": [],
                    "Execution Time": 1084.396
                }
            ],
            "hints": [
                "SET enable_hashjoin TO on",
                "SET enable_indexonlyscan TO on",
                "SET enable_indexscan TO off",
                "SET enable_mergejoin TO off",
                "SET enable_nestloop TO on",
                "SET enable_seqscan TO on"
            ]
        },
        {
            "arm": 3,
            "execution_time": 1083.195,
            "plan": [
                {
                    "Plan": {
                        "Node Type": "Aggregate",
                        "Strategy": "Sorted",
                        "Partial Mode": "Simple",
                        "Parallel Aware": false,
                        "Async Capable": false,
                        "Startup Cost": 10000754697.46,
                        "Total Cost": 10000754700.33,
                        "Plan Rows": 3,
                        "Plan Width": 65,
                        "Actual Startup Time": 1059.719,
                        "Actual Total Time": 1083.14,
                        "Actual Rows": 65,
                        "Actual Loops": 1,
                        "Group Key": [
                            "mi1.info",
                            "n.name"
                        ],
                        "Plans": [
                            {
                                "Node Type": "Nested Loop",
                                "Parent Relationship": "Outer",
                                "Parallel Aware": false,
                                "Async Capable": false,
                                "Join Type": "Inner",
                                "Startup Cost": 10000754697.46,
                                "Total Cost": 10000754700.27,
                                "Plan Rows": 3,
                                "Plan Width": 57,
                                "Actual Startup Time": 1059.654,
                                "Actual Total Time": 1083.088,
                                "Actual Rows": 1102,
                                "Actual Loops": 1,
                                "Inner Unique": false,
                                "Plans": [
                                    {
                                        "Node Type": "Gather Merge",
                                        "Parent Relationship": "Outer",
                                        "Parallel Aware": false,
                                        "Async Capable": false,
                                        "Startup Cost": 754697.46,
                                        "Total Cost": 754697.82,
                                        "Plan Rows": 3,
                                        "Plan Width": 61,
                                        "Actual Startup Time": 1059.642,
                                        "Actual Total Time": 1082.934,
                                        "Actual Rows": 1102,
                                        "Actual Loops": 1,
                                        "Workers Planned": 4,
                                        "Workers Launched": 4,
                                        "Plans": [
                                            {
                                                "Node Type": "Sort",
                                                "Parent Relationship": "Outer",
                                                "Parallel Aware": false,
                                                "Async Capable": false,
                                                "Startup Cost": 753697.4,
                                                "Total Cost": 753697.41,
                                                "Plan Rows": 1,
                                                "Plan Width": 61,
                                                "Actual Startup Time": 1057.812,
                                                "Actual Total Time": 1057.827,
                                                "Actual Rows": 220,
                                                "Actual Loops": 5,
                                                "Sort Key": [
                                                    "mi1.info COLLATE \"C\"",
                                                    "n.name COLLATE \"C\""
                                                ],
                                                "Sort Method": "quicksort",
                                                "Sort Space Used": 45,
                                                "Sort Space Type": "Memory",
                                                "Workers": [
                                                    {
                                                        "Worker Number": 0,
                                                        "Sort Method": "quicksort",
                                                        "Sort Space Used": 29,
                                                        "Sort Space Type": "Memory"
                                                    },
                                                    {
                                                        "Worker Number": 1,
                                                        "Sort Method": "quicksort",
                                                        "Sort Space Used": 31,
                                                        "Sort Space Type": "Memory"
                                                    },
                                                    {
                                                        "Worker Number": 2,
                                                        "Sort Method": "quicksort",
                                                        "Sort Space Used": 39,
                                                        "Sort Space Type": "Memory"
                                                    },
                                                    {
                                                        "Worker Number": 3,
                                                        "Sort Method": "quicksort",
                                                        "Sort Space Used": 37,
                                                        "Sort Space Type": "Memory"
                                                    }
                                                ],
                                                "Plans": [
                                                    {
                                                        "Node Type": "Hash Join",
                                                        "Parent Relationship": "Outer",
                                                        "Parallel Aware": true,
                                                        "Async Capable": false,
                                                        "Join Type": "Inner",
                                                        "Startup Cost": 692784.77,
                                                        "Total Cost": 753697.39,
                                                        "Plan Rows": 1,
                                                        "Plan Width": 61,
                                                        "Actual Startup Time": 1024.625,
                                                        "Actual Total Time": 1057.73,
                                                        "Actual Rows": 220,
                                                        "Actual Loops": 5,
                                                        "Inner Unique": false,
                                                        "Hash Cond": "(pi1.person_id = ci.person_id)",
                                                        "Workers": [],
                                                        "Plans": [
                                                            {
                                                                "Node Type": "Seq Scan",
                                                                "Parent Relationship": "Outer",
                                                                "Parallel Aware": true,
                                                                "Async Capable": false,
                                                                "Relation Name": "person_info",
                                                                "Alias": "pi1",
                                                                "Startup Cost": 0.0,
                                                                "Total Cost": 60333.3,
                                                                "Plan Rows": 154468,
                                                                "Plan Width": 8,
                                                                "Actual Startup Time": 0.004,
                                                                "Actual Total Time": 31.989,
                                                                "Actual Rows": 124105,
                                                                "Actual Loops": 5,
                                                                "Filter": "(info_type_id = 17)",
                                                                "Rows Removed by Filter": 468628,
                                                                "Workers": []
                                                            },
                                                            {
                                                                "Node Type": "Hash",
                                                                "Parent Relationship": "Inner",
                                                                "Parallel Aware": true,
                                                                "Async Capable": false,
                                                                "Startup Cost": 692784.71,
                                                                "Total Cost": 692784.71,
                                                                "Plan Rows": 5,
                                                                "Plan Width": 65,
                                                                "Actual Startup Time": 1021.812,
                                                                "Actual Total Time": 1021.822,
                                                                "Actual Rows": 125,
                                                                "Actual Loops": 5,
                                                                "Hash Buckets": 1024,
                                                                "Original Hash Buckets": 1024,
                                                                "Hash Batches": 1,
                                                                "Original Hash Batches": 1,
                                                                "Peak Memory Usage": 168,
                                                                "Workers": [],
                                                                "Plans": [
                                                                    {
                                                                        "Node Type": "Hash Join",
                                                                        "Parent Relationship": "Outer",
                                                                        "Parallel Aware": false,
                                                                        "Async Capable": false,
                                                                        "Join Type": "Inner",
                                                                        "Startup Cost": 645083.2,
                                                                        "Total Cost": 692784.71,
                                                                        "Plan Rows": 5,
                                                                        "Plan Width": 65,
                                                                        "Actual Startup Time": 974.173,
                                                                        "Actual Total Time": 1021.719,
                                                                        "Actual Rows": 125,
                                                                        "Actual Loops": 5,
                                                                        "Inner Unique": true,
                                                                        "Hash Cond": "(t.kind_id = kt.id)",
                                                                        "Workers": [],
                                                                        "Plans": [
                                                                            {
                                                                                "Node Type": "Hash Join",
                                                                                "Parent Relationship": "Outer",
                                                                                "Parallel Aware": true,
                                                                                "Async Capable": false,
                                                                                "Join Type": "Inner",
                                                                                "Startup Cost": 645082.06,
                                                                                "Total Cost": 692783.52,
                                                                                "Plan Rows": 12,
                                                                                "Plan Width": 69,
                                                                                "Actual Startup Time": 974.152,
                                                                                "Actual Total Time": 1021.641,
                                                                                "Actual Rows": 1392,
                                                                                "Actual Loops": 5,
                                                                                "Inner Unique": false,
                                                                                "Hash Cond": "(t.id = ci.movie_id)",
                                                                                "Workers": [],
                                                                                "Plans": [
                                                                                    {
                                                                                        "Node Type": "Seq Scan",
                                                                                        "Parent Relationship": "Outer",
                                                                                        "Parallel Aware": true,
                                                                                        "Async Capable": false,
                                                                                        "Relation Name": "title",
                                                                                        "Alias": "t",
                                                                                        "Startup Cost": 0.0,
                                                                                        "Total Cost": 45490.07,
                                                                                        "Plan Rows": 589683,
                                                                                        "Plan Width": 8,
                                                                                        "Actual Startup Time": 0.004,
                                                                                        "Actual Total Time": 29.516,
                                                                                        "Actual Rows": 470997,
                                                                                        "Actual Loops": 5,
                                                                                        "Filter": "((production_year <= 2015) AND (production_year >= 1925))",
                                                                                        "Rows Removed by Filter": 34665,
                                                                                        "Workers": []
                                                                                    },
                                                                                    {
                                                                                        "Node Type": "Hash",
                                                                                        "Parent Relationship": "Inner",
                                                                                        "Parallel Aware": true,
                                                                                        "Async Capable": false,
                                                                                        "Startup Cost": 645081.71,
                                                                                        "Total Cost": 645081.71,
                                                                                        "Plan Rows": 28,
                                                                                        "Plan Width": 73,
                                                                                        "Actual Startup Time": 973.893,
                                                                                        "Actual Total Time": 973.9,
                                                                                        "Actual Rows": 1397,
                                                                                        "Actual Loops": 5,
                                                                                        "Hash Buckets": 8192,
                                                                                        "Original Hash Buckets": 1024,
                                                                                        "Hash Batches": 1,
                                                                                        "Original Hash Batches": 1,
                                                                                        "Peak Memory Usage": 728,
                                                                                        "Workers": [],
                                                                                        "Plans": [
                                                                                            {
                                                                                                "Node Type": "Hash Join",
                                                                                                "Parent Relationship": "Outer",
                                                                                                "Parallel Aware": true,
                                                                                                "Async Capable": false,
                                                                                                "Join Type": "Inner",
                                                                                                "Startup Cost": 398206.17,
                                                                                                "Total Cost": 645081.71,
                                                                                                "Plan Rows": 28,
                                                                                                "Plan Width": 73,
                                                                                                "Actual Startup Time": 754.733,
                                                                                                "Actual Total Time": 947.098,
                                                                                                "Actual Rows": 1397,
                                                                                                "Actual Loops": 5,
                                                                                                "Inner Unique": false,
                                                                                                "Hash Cond": "(mi1.movie_id = ci.movie_id)",
                                                                                                "Workers": [],
                                                                                                "Plans": [
                                                                                                    {
                                                                                                        "Node Type": "Hash Join",
                                                                                                        "Parent Relationship": "Outer",
                                                                                                        "Parallel Aware": false,
                                                                                                        "Async Capable": false,
                                                                                                        "Join Type": "Inner",
                                                                                                        "Startup Cost": 2.44,
                                                                                                        "Total Cost": 246876.84,
                                                                                                        "Plan Rows": 292,
                                                                                                        "Plan Width": 46,
                                                                                                        "Actual Startup Time": 179.01,
                                                                                                        "Actual Total Time": 368.316,
                                                                                                        "Actual Rows": 22851,
                                                                                                        "Actual Loops": 5,
                                                                                                        "Inner Unique": true,
                                                                                                        "Hash Cond": "(mi1.info_type_id = it1.id)",
                                                                                                        "Workers": [],
                                                                                                        "Plans": [
                                                                                                            {
                                                                                                                "Node Type": "Seq Scan",
                                                                                                                "Parent Relationship": "Outer",
                                                                                                                "Parallel Aware": true,
                                                                                                                "Async Capable": false,
                                                                                                                "Relation Name": "movie_info",
                                                                                                                "Alias": "mi1",
                                                                                                                "Startup Cost": 0.0,
                                                                                                                "Total Cost": 246829.52,
                                                                                                                "Plan Rows": 16479,
                                                                                                                "Plan Width": 50,
                                                                                                                "Actual Startup Time": 114.89,
                                                                                                                "Actual Total Time": 366.688,
                                                                                                                "Actual Rows": 23836,
                                                                                                                "Actual Loops": 5,
                                                                                                                "Filter": "(info = ANY ('{Argentina,Chile,\"Czech Republic\",DTS,Denmark,\"Dolby SR\",Ireland,Netherlands,\"New Zealand\",Portugal,Sweden,Turkey,\"Ultra Stereo\",Venezuela,\"West Germany\"}'::text[]))",
                                                                                                                "Rows Removed by Filter": 2943308,
                                                                                                                "Workers": []
                                                                                                            },
                                                                                                            {
                                                                                                                "Node Type": "Hash",
                                                                                                                "Parent Relationship": "Inner",
                                                                                                                "Parallel Aware": false,
                                                                                                                "Async Capable": false,
                                                                                                                "Startup Cost": 2.41,
                                                                                                                "Total Cost": 2.41,
                                                                                                                "Plan Rows": 2,
                                                                                                                "Plan Width": 4,
                                                                                                                "Actual Startup Time": 0.014,
                                                                                                                "Actual Total Time": 0.015,
                                                                                                                "Actual Rows": 2,
                                                                                                                "Actual Loops": 5,
                                                                                                                "Hash Buckets": 1024,
                                                                                                                "Original Hash Buckets": 1024,
                                                                                                                "Hash Batches": 1,
                                                                                                                "Original Hash Batches": 1,
                                                                                                                "Peak Memory Usage": 9,
                                                                                                                "Workers": [],
                                                                                                                "Plans": [
                                                                                                                    {
                                                                                                                        "Node Type": "Seq Scan",
                                                                                                                        "Parent Relationship": "Outer",
                                                                                                                        "Parallel Aware": false,
                                                                                                                        "Async Capable": false,
                                                                                                                        "Relation Name": "info_type",
                                                                                                                        "Alias": "it1",
                                                                                                                        "Startup Cost": 0.0,
                                                                                                                        "Total Cost": 2.41,
                                                                                                                        "Plan Rows": 2,
                                                                                                                        "Plan Width": 4,
                                                                                                                        "Actual Startup Time": 0.01,
                                                                                                                        "Actual Total Time": 0.013,
                                                                                                                        "Actual Rows": 2,
                                                                                                                        "Actual Loops": 5,
                                                                                                                        "Filter": "(id = ANY ('{6,8}'::integer[]))",
                                                                                                                        "Rows Removed by Filter": 111,
                                                                                                                        "Workers": []
                                                                                                                    }
                                                                                                                ]
                                                                                                            }
                                                                                                        ]
                                                                                                    },
                                                                                                    {
                                                                                                        "Node Type": "Hash",
                                                                                                        "Parent Relationship": "Inner",
                                                                                                        "Parallel Aware": true,
                                                                                                        "Async Capable": false,
                                                                                                        "Startup Cost": 398013.06,
                                                                                                        "Total Cost": 398013.06,
                                                                                                        "Plan Rows": 15254,
                                                                                                        "Plan Width": 27,
                                                                                                        "Actual Startup Time": 575.525,
                                                                                                        "Actual Total Time": 575.529,
                                                                                                        "Actual Rows": 23093,
                                                                                                        "Actual Loops": 5,
                                                                                                        "Hash Buckets": 131072,
                                                                                                        "Original Hash Buckets": 131072,
                                                                                                        "Hash Batches": 1,
                                                                                                        "Original Hash Batches": 1,
                                                                                                        "Peak Memory Usage": 8320,
                                                                                                        "Workers": [],
                                                                                                        "Plans": [
                                                                                                            {
                                                                                                                "Node Type": "Hash Join",
                                                                                                                "Parent Relationship": "Outer",
                                                                                                                "Parallel Aware": false,
                                                                                                                "Async Capable": false,
                                                                                                                "Join Type": "Inner",
                                                                                                                "Startup Cost": 68812.16,
                                                                                                                "Total Cost": 398013.06,
                                                                                                                "Plan Rows": 15254,
                                                                                                                "Plan Width": 27,
                                                                                                                "Actual Startup Time": 164.024,
                                                                                                                "Actual Total Time": 572.568,
                                                                                                                "Actual Rows": 23093,
                                                                                                                "Actual Loops": 5,
                                                                                                                "Inner Unique": true,
                                                                                                                "Hash Cond": "(ci.role_id = rt.id)",
                                                                                                                "Workers": [],
                                                                                                                "Plans": [
                                                                                                                    {
                                                                                                                        "Node Type": "Hash Join",
                                                                                                                        "Parent Relationship": "Outer",
                                                                                                                        "Parallel Aware": true,
                                                                                                                        "Async Capable": false,
                                                                                                                        "Join Type": "Inner",
                                                                                                                        "Startup Cost": 68810.96,
                                                                                                                        "Total Cost": 397795.11,
                                                                                                                        "Plan Rows": 61018,
                                                                                                                        "Plan Width": 31,
                                                                                                                        "Actual Startup Time": 101.398,
                                                                                                                        "Actual Total Time": 570.323,
                                                                                                                        "Actual Rows": 52971,
                                                                                                                        "Actual Loops": 5,
                                                                                                                        "Inner Unique": true,
                                                                                                                        "Hash Cond": "(ci.person_id = n.id)",
                                                                                                                        "Workers": [],
                                                                                                                        "Plans": [
                                                                                                                            {
                                                                                                                                "Node Type": "Seq Scan",
                                                                                                                                "Parent Relationship": "Outer",
                                                                                                                                "Parallel Aware": true,
                                                                                                                                "Async Capable": false,
                                                                                                                                "Relation Name": "cast_info",
                                                                                                                                "Alias": "ci",
                                                                                                                                "Startup Cost": 0.0,
                                                                                                                                "Total Cost": 313127.24,
                                                                                                                                "Plan Rows": 6040724,
                                                                                                                                "Plan Width": 12,
                                                                                                                                "Actual Startup Time": 0.031,
                                                                                                                                "Actual Total Time": 236.39,
                                                                                                                                "Actual Rows": 7248869,
                                                                                                                                "Actual Loops": 5,
                                                                                                                                "Workers": []
                                                                                                                            },
                                                                                                                            {
                                                                                                                                "Node Type": "Hash",
                                                                                                                                "Parent Relationship": "Inner",
                                                                                                                                "Parallel Aware": true,
                                                                                                                                "Async Capable": false,
                                                                                                                                "Startup Cost": 68679.41,
                                                                                                                                "Total Cost": 68679.41,
                                                                                                                                "Plan Rows": 10524,
                                                                                                                                "Plan Width": 19,
                                                                                                                                "Actual Startup Time": 101.2,
                                                                                                                                "Actual Total Time": 101.201,
                                                                                                                                "Actual Rows": 5930,
                                                                                                                                "Actual Loops": 5,
                                                                                                                                "Hash Buckets": 65536,
                                                                                                                                "Original Hash Buckets": 65536,
                                                                                                                                "Hash Batches": 1,
                                                                                                                                "Original Hash Batches": 1,
                                                                                                                                "Peak Memory Usage": 2176,
                                                                                                                                "Workers": [],
                                                                                                                                "Plans": [
                                                                                                                                    {
                                                                                                                                        "Node Type": "Seq Scan",
                                                                                                                                        "Parent Relationship": "Outer",
                                                                                                                                        "Parallel Aware": true,
                                                                                                                                        "Async Capable": false,
                                                                                                                                        "Relation Name": "name",
                                                                                                                                        "Alias": "n",
                                                                                                                                        "Startup Cost": 0.0,
                                                                                                                                        "Total Cost": 68679.41,
                                                                                                                                        "Plan Rows": 10524,
                                                                                                                                        "Plan Width": 19,
                                                                                                                                        "Actual Startup Time": 0.12,
                                                                                                                                        "Actual Total Time": 100.358,
                                                                                                                                        "Actual Rows": 5930,
                                                                                                                                        "Actual Loops": 5,
                                                                                                                                        "Filter": "(name ~~* '%cu%'::text)",
                                                                                                                                        "Rows Removed by Filter": 827568,
                                                                                                                                        "Workers": []
                                                                                                                                    }
                                                                                                                                ]
                                                                                                                            }
                                                                                                                        ]
                                                                                                                    },
                                                                                                                    {
                                                                                                                        "Node Type": "Hash",
                                                                                                                        "Parent Relationship": "Inner",
                                                                                                                        "Parallel Aware": false,
                                                                                                                        "Async Capable": false,
                                                                                                                        "Startup Cost": 1.17,
                                                                                                                        "Total Cost": 1.17,
                                                                                                                        "Plan Rows": 3,
                                                                                                                        "Plan Width": 4,
                                                                                                                        "Actual Startup Time": 0.009,
                                                                                                                        "Actual Total Time": 0.01,
                                                                                                                        "Actual Rows": 3,
                                                                                                                        "Actual Loops": 5,
                                                                                                                        "Hash Buckets": 1024,
                                                                                                                        "Original Hash Buckets": 1024,
                                                                                                                        "Hash Batches": 1,
                                                                                                                        "Original Hash Batches": 1,
                                                                                                                        "Peak Memory Usage": 9,
                                                                                                                        "Workers": [],
                                                                                                                        "Plans": [
                                                                                                                            {
                                                                                                                                "Node Type": "Seq Scan",
                                                                                                                                "Parent Relationship": "Outer",
                                                                                                                                "Parallel Aware": false,
                                                                                                                                "Async Capable": false,
                                                                                                                                "Relation Name": "role_type",
                                                                                                                                "Alias": "rt",
                                                                                                                                "Startup Cost": 0.0,
                                                                                                                                "Total Cost": 1.17,
                                                                                                                                "Plan Rows": 3,
                                                                                                                                "Plan Width": 4,
                                                                                                                                "Actual Startup Time": 0.008,
                                                                                                                                "Actual Total Time": 0.009,
                                                                                                                                "Actual Rows": 3,
                                                                                                                                "Actual Loops": 5,
                                                                                                                                "Filter": "((role)::text = ANY ('{actor,cinematographer,composer}'::text[]))",
                                                                                                                                "Rows Removed by Filter": 9,
                                                                                                                                "Workers": []
                                                                                                                            }
                                                                                                                        ]
                                                                                                                    }
                                                                                                                ]
                                                                                                            }
                                                                                                        ]
                                                                                                    }
                                                                                                ]
                                                                                            }
                                                                                        ]
                                                                                    }
                                                                                ]
                                                                            },
                                                                            {
                                                                                "Node Type": "Hash",
                                                                                "Parent Relationship": "Inner",
                                                                                "Parallel Aware": false,
                                                                                "Async Capable": false,
                                                                                "Startup Cost": 1.1,
                                                                                "Total Cost": 1.1,
                                                                                "Plan Rows": 3,
                                                                                "Plan Width": 4,
                                                                                "Actual Startup Time": 0.016,
                                                                                "Actual Total Time": 0.017,
                                                                                "Actual Rows": 3,
                                                                                "Actual Loops": 5,
                                                                                "Hash Buckets": 1024,
                                                                                "Original Hash Buckets": 1024,
                                                                                "Hash Batches": 1,
                                                                                "Original Hash Batches": 1,
                                                                                "Peak Memory Usage": 9,
                                                                                "Workers": [],
                                                                                "Plans": [
                                                                                    {
                                                                                        "Node Type": "Seq Scan",
                                                                                        "Parent Relationship": "Outer",
                                                                                        "Parallel Aware": false,
                                                                                        "Async Capable": false,
                                                                                        "Relation Name": "kind_type",
                                                                                        "Alias": "kt",
                                                                                        "Startup Cost": 0.0,
                                                                                        "Total Cost": 1.1,
                                                                                        "Plan Rows": 3,
                                                                                        "Plan Width": 4,
                                                                                        "Actual Startup Time": 0.012,
                                                                                        "Actual Total Time": 0.013,
                                                                                        "Actual Rows": 3,
                                                                                        "Actual Loops": 5,
                                                                                        "Filter": "((kind)::text = ANY ('{\"tv series\",\"video game\",\"video movie\"}'::text[]))",
                                                                                        "Rows Removed by Filter": 4,
                                                                                        "Workers": []
                                                                                    }
                                                                                ]
                                                                            }
                                                                        ]
                                                                    }
                                                                ]
                                                            }
                                                        ]
                                                    }
                                                ]
                                            }
                                        ]
                                    },
                                    {
                                        "Node Type": "Materialize",
                                        "Parent Relationship": "Inner",
                                        "Parallel Aware": false,
                                        "Async Capable": false,
                                        "Startup Cost": 0.0,
                                        "Total Cost": 2.42,
                                        "Plan Rows": 1,
                                        "Plan Width": 4,
                                        "Actual Startup Time": 0.0,
                                        "Actual Total Time": 0.0,
                                        "Actual Rows": 1,
                                        "Actual Loops": 1102,
                                        "Plans": [
                                            {
                                                "Node Type": "Seq Scan",
                                                "Parent Relationship": "Outer",
                                                "Parallel Aware": false,
                                                "Async Capable": false,
                                                "Relation Name": "info_type",
                                                "Alias": "it2",
                                                "Startup Cost": 0.0,
                                                "Total Cost": 2.41,
                                                "Plan Rows": 1,
                                                "Plan Width": 4,
                                                "Actual Startup Time": 0.007,
                                                "Actual Total Time": 0.008,
                                                "Actual Rows": 1,
                                                "Actual Loops": 1,
                                                "Filter": "(id = 17)",
                                                "Rows Removed by Filter": 112
                                            }
                                        ]
                                    }
                                ]
                            }
                        ]
                    },
                    "Planning Time": 1.709,
                    "Triggers": [],
                    "Execution Time": 1083.195
                }
            ],
            "hints": [
                "SET enable_hashjoin TO on",
                "SET enable_indexonlyscan TO on",
                "SET enable_indexscan TO off",
                "SET enable_mergejoin TO off",
                "SET enable_nestloop TO off",
                "SET enable_seqscan TO on"
            ]
        },
        {
            "arm": 4,
            "execution_time": 468.451,
            "plan": [
                {
                    "Plan": {
                        "Node Type": "Aggregate",
                        "Strategy": "Sorted",
                        "Partial Mode": "Simple",
                        "Parallel Aware": false,
                        "Async Capable": false,
                        "Startup Cost": 251865.6,
                        "Total Cost": 251865.66,
                        "Plan Rows": 3,
                        "Plan Width": 65,
                        "Actual Startup Time": 444.77,
                        "Actual Total Time": 468.396,
                        "Actual Rows": 65,
                        "Actual Loops": 1,
                        "Group Key": [
                            "mi1.info",
                            "n.name"
                        ],
                        "Plans": [
                            {
                                "Node Type": "Sort",
                                "Parent Relationship": "Outer",
                                "Parallel Aware": false,
                                "Async Capable": false,
                                "Startup Cost": 251865.6,
                                "Total Cost": 251865.61,
                                "Plan Rows": 3,
                                "Plan Width": 57,
                                "Actual Startup Time": 444.748,
                                "Actual Total Time": 468.337,
                                "Actual Rows": 1102,
                                "Actual Loops": 1,
                                "Sort Key": [
                                    "mi1.info COLLATE \"C\"",
                                    "n.name COLLATE \"C\""
                                ],
                                "Sort Method": "quicksort",
                                "Sort Space Used": 105,
                                "Sort Space Type": "Memory",
                                "Plans": [
                                    {
                                        "Node Type": "Gather",
                                        "Parent Relationship": "Outer",
                                        "Parallel Aware": false,
                                        "Async Capable": false,
                                        "Startup Cost": 1006.5,
                                        "Total Cost": 251865.57,
                                        "Plan Rows": 3,
                                        "Plan Width": 57,
                                        "Actual Startup Time": 161.792,
                                        "Actual Total Time": 468.14,
                                        "Actual Rows": 1102,
                                        "Actual Loops": 1,
                                        "Workers Planned": 5,
                                        "Workers Launched": 5,
                                        "Single Copy": false,
                                        "Plans": [
                                            {
                                                "Node Type": "Nested Loop",
                                                "Parent Relationship": "Outer",
                                                "Parallel Aware": false,
                                                "Async Capable": false,
                                                "Join Type": "Inner",
                                                "Startup Cost": 6.5,
                                                "Total Cost": 250865.27,
                                                "Plan Rows": 1,
                                                "Plan Width": 57,
                                                "Actual Startup Time": 164.591,
                                                "Actual Total Time": 442.713,
                                                "Actual Rows": 184,
                                                "Actual Loops": 6,
                                                "Inner Unique": false,
                                                "Workers": [],
                                                "Plans": [
                                                    {
                                                        "Node Type": "Nested Loop",
                                                        "Parent Relationship": "Outer",
                                                        "Parallel Aware": false,
                                                        "Async Capable": false,
                                                        "Join Type": "Inner",
                                                        "Startup Cost": 6.5,
                                                        "Total Cost": 250862.85,
                                                        "Plan Rows": 1,
                                                        "Plan Width": 61,
                                                        "Actual Startup Time": 164.587,
                                                        "Actual Total Time": 442.223,
                                                        "Actual Rows": 184,
                                                        "Actual Loops": 6,
                                                        "Inner Unique": false,
                                                        "Workers": [],
                                                        "Plans": [
                                                            {
                                                                "Node Type": "Nested Loop",
                                                                "Parent Relationship": "Outer",
                                                                "Parallel Aware": false,
                                                                "Async Capable": false,
                                                                "Join Type": "Inner",
                                                                "Startup Cost": 6.07,
                                                                "Total Cost": 250833.82,
                                                                "Plan Rows": 4,
                                                                "Plan Width": 65,
                                                                "Actual Startup Time": 161.021,
                                                                "Actual Total Time": 441.773,
                                                                "Actual Rows": 104,
                                                                "Actual Loops": 6,
                                                                "Inner Unique": true,
                                                                "Workers": [],
                                                                "Plans": [
                                                                    {
                                                                        "Node Type": "Hash Join",
                                                                        "Parent Relationship": "Outer",
                                                                        "Parallel Aware": false,
                                                                        "Async Capable": false,
                                                                        "Join Type": "Inner",
                                                                        "Startup Cost": 5.64,
                                                                        "Total Cost": 250363.62,
                                                                        "Plan Rows": 418,
                                                                        "Plan Width": 46,
                                                                        "Actual Startup Time": 158.922,
                                                                        "Actual Total Time": 401.971,
                                                                        "Actual Rows": 14691,
                                                                        "Actual Loops": 6,
                                                                        "Inner Unique": true,
                                                                        "Hash Cond": "(ci.role_id = rt.id)",
                                                                        "Workers": [],
                                                                        "Plans": [
                                                                            {
                                                                                "Node Type": "Nested Loop",
                                                                                "Parent Relationship": "Outer",
                                                                                "Parallel Aware": false,
                                                                                "Async Capable": false,
                                                                                "Join Type": "Inner",
                                                                                "Startup Cost": 4.44,
                                                                                "Total Cost": 250356.48,
                                                                                "Plan Rows": 1671,
                                                                                "Plan Width": 50,
                                                                                "Actual Startup Time": 158.861,
                                                                                "Actual Total Time": 400.157,
                                                                                "Actual Rows": 35604,
                                                                                "Actual Loops": 6,
                                                                                "Inner Unique": false,
                                                                                "Workers": [],
                                                                                "Plans": [
                                                                                    {
                                                                                        "Node Type": "Hash Join",
                                                                                        "Parent Relationship": "Outer",
                                                                                        "Parallel Aware": false,
                                                                                        "Async Capable": false,
                                                                                        "Join Type": "Inner",
                                                                                        "Startup Cost": 4.0,
                                                                                        "Total Cost": 247693.45,
                                                                                        "Plan Rows": 117,
                                                                                        "Plan Width": 50,
                                                                                        "Actual Startup Time": 158.841,
                                                                                        "Actual Total Time": 346.696,
                                                                                        "Actual Rows": 2727,
                                                                                        "Actual Loops": 6,
                                                                                        "Inner Unique": true,
                                                                                        "Hash Cond": "(t.kind_id = kt.id)",
                                                                                        "Workers": [],
                                                                                        "Plans": [
                                                                                            {
                                                                                                "Node Type": "Nested Loop",
                                                                                                "Parent Relationship": "Outer",
                                                                                                "Parallel Aware": false,
                                                                                                "Async Capable": false,
                                                                                                "Join Type": "Inner",
                                                                                                "Startup Cost": 2.87,
                                                                                                "Total Cost": 247691.17,
                                                                                                "Plan Rows": 272,
                                                                                                "Plan Width": 54,
                                                                                                "Actual Startup Time": 158.819,
                                                                                                "Actual Total Time": 345.991,
                                                                                                "Actual Rows": 18474,
                                                                                                "Actual Loops": 6,
                                                                                                "Inner Unique": true,
                                                                                                "Workers": [],
                                                                                                "Plans": [
                                                                                                    {
                                                                                                        "Node Type": "Hash Join",
                                                                                                        "Parent Relationship": "Outer",
                                                                                                        "Parallel Aware": false,
                                                                                                        "Async Capable": false,
                                                                                                        "Join Type": "Inner",
                                                                                                        "Startup Cost": 2.44,
                                                                                                        "Total Cost": 246876.84,
                                                                                                        "Plan Rows": 292,
                                                                                                        "Plan Width": 46,
                                                                                                        "Actual Startup Time": 158.796,
                                                                                                        "Actual Total Time": 316.361,
                                                                                                        "Actual Rows": 19042,
                                                                                                        "Actual Loops": 6,
                                                                                                        "Inner Unique": true,
                                                                                                        "Hash Cond": "(mi1.info_type_id = it1.id)",
                                                                                                        "Workers": [],
                                                                                                        "Plans": [
                                                                                                            {
                                                                                                                "Node Type": "Seq Scan",
                                                                                                                "Parent Relationship": "Outer",
                                                                                                                "Parallel Aware": true,
                                                                                                                "Async Capable": false,
                                                                                                                "Relation Name": "movie_info",
                                                                                                                "Alias": "mi1",
                                                                                                                "Startup Cost": 0.0,
                                                                                                                "Total Cost": 246829.52,
                                                                                                                "Plan Rows": 16479,
                                                                                                                "Plan Width": 50,
                                                                                                                "Actual Startup Time": 103.623,
                                                                                                                "Actual Total Time": 314.982,
                                                                                                                "Actual Rows": 19864,
                                                                                                                "Actual Loops": 6,
                                                                                                                "Filter": "(info = ANY ('{Argentina,Chile,\"Czech Republic\",DTS,Denmark,\"Dolby SR\",Ireland,Netherlands,\"New Zealand\",Portugal,Sweden,Turkey,\"Ultra Stereo\",Venezuela,\"West Germany\"}'::text[]))",
                                                                                                                "Rows Removed by Filter": 2452756,
                                                                                                                "Workers": []
                                                                                                            },
                                                                                                            {
                                                                                                                "Node Type": "Hash",
                                                                                                                "Parent Relationship": "Inner",
                                                                                                                "Parallel Aware": false,
                                                                                                                "Async Capable": false,
                                                                                                                "Startup Cost": 2.41,
                                                                                                                "Total Cost": 2.41,
                                                                                                                "Plan Rows": 2,
                                                                                                                "Plan Width": 4,
                                                                                                                "Actual Startup Time": 0.023,
                                                                                                                "Actual Total Time": 0.023,
                                                                                                                "Actual Rows": 2,
                                                                                                                "Actual Loops": 6,
                                                                                                                "Hash Buckets": 1024,
                                                                                                                "Original Hash Buckets": 1024,
                                                                                                                "Hash Batches": 1,
                                                                                                                "Original Hash Batches": 1,
                                                                                                                "Peak Memory Usage": 9,
                                                                                                                "Workers": [],
                                                                                                                "Plans": [
                                                                                                                    {
                                                                                                                        "Node Type": "Seq Scan",
                                                                                                                        "Parent Relationship": "Outer",
                                                                                                                        "Parallel Aware": false,
                                                                                                                        "Async Capable": false,
                                                                                                                        "Relation Name": "info_type",
                                                                                                                        "Alias": "it1",
                                                                                                                        "Startup Cost": 0.0,
                                                                                                                        "Total Cost": 2.41,
                                                                                                                        "Plan Rows": 2,
                                                                                                                        "Plan Width": 4,
                                                                                                                        "Actual Startup Time": 0.017,
                                                                                                                        "Actual Total Time": 0.02,
                                                                                                                        "Actual Rows": 2,
                                                                                                                        "Actual Loops": 6,
                                                                                                                        "Filter": "(id = ANY ('{6,8}'::integer[]))",
                                                                                                                        "Rows Removed by Filter": 111,
                                                                                                                        "Workers": []
                                                                                                                    }
                                                                                                                ]
                                                                                                            }
                                                                                                        ]
                                                                                                    },
                                                                                                    {
                                                                                                        "Node Type": "Index Scan",
                                                                                                        "Parent Relationship": "Inner",
                                                                                                        "Parallel Aware": false,
                                                                                                        "Async Capable": false,
                                                                                                        "Scan Direction": "Forward",
                                                                                                        "Index Name": "title_pkey",
                                                                                                        "Relation Name": "title",
                                                                                                        "Alias": "t",
                                                                                                        "Startup Cost": 0.43,
                                                                                                        "Total Cost": 2.79,
                                                                                                        "Plan Rows": 1,
                                                                                                        "Plan Width": 8,
                                                                                                        "Actual Startup Time": 0.001,
                                                                                                        "Actual Total Time": 0.001,
                                                                                                        "Actual Rows": 1,
                                                                                                        "Actual Loops": 114253,
                                                                                                        "Index Cond": "(id = mi1.movie_id)",
                                                                                                        "Rows Removed by Index Recheck": 0,
                                                                                                        "Filter": "((production_year <= 2015) AND (production_year >= 1925))",
                                                                                                        "Rows Removed by Filter": 0,
                                                                                                        "Workers": []
                                                                                                    }
                                                                                                ]
                                                                                            },
                                                                                            {
                                                                                                "Node Type": "Hash",
                                                                                                "Parent Relationship": "Inner",
                                                                                                "Parallel Aware": false,
                                                                                                "Async Capable": false,
                                                                                                "Startup Cost": 1.1,
                                                                                                "Total Cost": 1.1,
                                                                                                "Plan Rows": 3,
                                                                                                "Plan Width": 4,
                                                                                                "Actual Startup Time": 0.009,
                                                                                                "Actual Total Time": 0.009,
                                                                                                "Actual Rows": 3,
                                                                                                "Actual Loops": 6,
                                                                                                "Hash Buckets": 1024,
                                                                                                "Original Hash Buckets": 1024,
                                                                                                "Hash Batches": 1,
                                                                                                "Original Hash Batches": 1,
                                                                                                "Peak Memory Usage": 9,
                                                                                                "Workers": [],
                                                                                                "Plans": [
                                                                                                    {
                                                                                                        "Node Type": "Seq Scan",
                                                                                                        "Parent Relationship": "Outer",
                                                                                                        "Parallel Aware": false,
                                                                                                        "Async Capable": false,
                                                                                                        "Relation Name": "kind_type",
                                                                                                        "Alias": "kt",
                                                                                                        "Startup Cost": 0.0,
                                                                                                        "Total Cost": 1.1,
                                                                                                        "Plan Rows": 3,
                                                                                                        "Plan Width": 4,
                                                                                                        "Actual Startup Time": 0.007,
                                                                                                        "Actual Total Time": 0.008,
                                                                                                        "Actual Rows": 3,
                                                                                                        "Actual Loops": 6,
                                                                                                        "Filter": "((kind)::text = ANY ('{\"tv series\",\"video game\",\"video movie\"}'::text[]))",
                                                                                                        "Rows Removed by Filter": 4,
                                                                                                        "Workers": []
                                                                                                    }
                                                                                                ]
                                                                                            }
                                                                                        ]
                                                                                    },
                                                                                    {
                                                                                        "Node Type": "Index Scan",
                                                                                        "Parent Relationship": "Inner",
                                                                                        "Parallel Aware": false,
                                                                                        "Async Capable": false,
                                                                                        "Scan Direction": "Forward",
                                                                                        "Index Name": "movie_id_cast_info",
                                                                                        "Relation Name": "cast_info",
                                                                                        "Alias": "ci",
                                                                                        "Startup Cost": 0.44,
                                                                                        "Total Cost": 22.38,
                                                                                        "Plan Rows": 38,
                                                                                        "Plan Width": 12,
                                                                                        "Actual Startup Time": 0.003,
                                                                                        "Actual Total Time": 0.019,
                                                                                        "Actual Rows": 13,
                                                                                        "Actual Loops": 16361,
                                                                                        "Index Cond": "(movie_id = t.id)",
                                                                                        "Rows Removed by Index Recheck": 0,
                                                                                        "Workers": []
                                                                                    }
                                                                                ]
                                                                            },
                                                                            {
                                                                                "Node Type": "Hash",
                                                                                "Parent Relationship": "Inner",
                                                                                "Parallel Aware": false,
                                                                                "Async Capable": false,
                                                                                "Startup Cost": 1.17,
                                                                                "Total Cost": 1.17,
                                                                                "Plan Rows": 3,
                                                                                "Plan Width": 4,
                                                                                "Actual Startup Time": 0.014,
                                                                                "Actual Total Time": 0.015,
                                                                                "Actual Rows": 3,
                                                                                "Actual Loops": 6,
                                                                                "Hash Buckets": 1024,
                                                                                "Original Hash Buckets": 1024,
                                                                                "Hash Batches": 1,
                                                                                "Original Hash Batches": 1,
                                                                                "Peak Memory Usage": 9,
                                                                                "Workers": [],
                                                                                "Plans": [
                                                                                    {
                                                                                        "Node Type": "Seq Scan",
                                                                                        "Parent Relationship": "Outer",
                                                                                        "Parallel Aware": false,
                                                                                        "Async Capable": false,
                                                                                        "Relation Name": "role_type",
                                                                                        "Alias": "rt",
                                                                                        "Startup Cost": 0.0,
                                                                                        "Total Cost": 1.17,
                                                                                        "Plan Rows": 3,
                                                                                        "Plan Width": 4,
                                                                                        "Actual Startup Time": 0.012,
                                                                                        "Actual Total Time": 0.013,
                                                                                        "Actual Rows": 3,
                                                                                        "Actual Loops": 6,
                                                                                        "Filter": "((role)::text = ANY ('{actor,cinematographer,composer}'::text[]))",
                                                                                        "Rows Removed by Filter": 9,
                                                                                        "Workers": []
                                                                                    }
                                                                                ]
                                                                            }
                                                                        ]
                                                                    },
                                                                    {
                                                                        "Node Type": "Index Scan",
                                                                        "Parent Relationship": "Inner",
                                                                        "Parallel Aware": false,
                                                                        "Async Capable": false,
                                                                        "Scan Direction": "Forward",
                                                                        "Index Name": "name_pkey",
                                                                        "Relation Name": "name",
                                                                        "Alias": "n",
                                                                        "Startup Cost": 0.43,
                                                                        "Total Cost": 1.12,
                                                                        "Plan Rows": 1,
                                                                        "Plan Width": 19,
                                                                        "Actual Startup Time": 0.003,
                                                                        "Actual Total Time": 0.003,
                                                                        "Actual Rows": 0,
                                                                        "Actual Loops": 88145,
                                                                        "Index Cond": "(id = ci.person_id)",
                                                                        "Rows Removed by Index Recheck": 0,
                                                                        "Filter": "(name ~~* '%cu%'::text)",
                                                                        "Rows Removed by Filter": 1,
                                                                        "Workers": []
                                                                    }
                                                                ]
                                                            },
                                                            {
                                                                "Node Type": "Index Scan",
                                                                "Parent Relationship": "Inner",
                                                                "Parallel Aware": false,
                                                                "Async Capable": false,
                                                                "Scan Direction": "Forward",
                                                                "Index Name": "person_id_person_info",
                                                                "Relation Name": "person_info",
                                                                "Alias": "pi1",
                                                                "Startup Cost": 0.43,
                                                                "Total Cost": 7.21,
                                                                "Plan Rows": 5,
                                                                "Plan Width": 8,
                                                                "Actual Startup Time": 0.004,
                                                                "Actual Total Time": 0.004,
                                                                "Actual Rows": 2,
                                                                "Actual Loops": 625,
                                                                "Index Cond": "(person_id = ci.person_id)",
                                                                "Rows Removed by Index Recheck": 0,
                                                                "Filter": "(info_type_id = 17)",
                                                                "Rows Removed by Filter": 5,
                                                                "Workers": []
                                                            }
                                                        ]
                                                    },
                                                    {
                                                        "Node Type": "Seq Scan",
                                                        "Parent Relationship": "Inner",
                                                        "Parallel Aware": false,
                                                        "Async Capable": false,
                                                        "Relation Name": "info_type",
                                                        "Alias": "it2",
                                                        "Startup Cost": 0.0,
                                                        "Total Cost": 2.41,
                                                        "Plan Rows": 1,
                                                        "Plan Width": 4,
                                                        "Actual Startup Time": 0.001,
                                                        "Actual Total Time": 0.002,
                                                        "Actual Rows": 1,
                                                        "Actual Loops": 1102,
                                                        "Filter": "(id = 17)",
                                                        "Rows Removed by Filter": 112,
                                                        "Workers": []
                                                    }
                                                ]
                                            }
                                        ]
                                    }
                                ]
                            }
                        ]
                    },
                    "Planning Time": 1.794,
                    "Triggers": [],
                    "Execution Time": 468.451
                }
            ],
            "hints": [
                "SET enable_hashjoin TO on",
                "SET enable_indexonlyscan TO on",
                "SET enable_indexscan TO on",
                "SET enable_mergejoin TO off",
                "SET enable_nestloop TO on",
                "SET enable_seqscan TO on"
            ]
        }
    ]
}