{
    "sql_file": "job11c.sql",
    "query": "SELECT MIN(cn.name) AS from_company, MIN(mc.note) AS production_note, MIN(t.title) AS movie_based_on_book FROM company_name AS cn, company_type AS ct, keyword AS k, link_type AS lt, movie_companies AS mc, movie_keyword AS mk, movie_link AS ml, title AS t WHERE cn.country_code  !='[pl]' and (cn.name like '20th Century Fox%' or cn.name like 'Twentieth Century Fox%') AND ct.kind  != 'production companies' and ct.kind is not NULL AND k.keyword  in ('sequel', 'revenge', 'based-on-novel') AND mc.note  is not NULL AND t.production_year  > 1950 AND lt.id = ml.link_type_id AND ml.movie_id = t.id AND t.id = mk.movie_id AND mk.keyword_id = k.id AND t.id = mc.movie_id AND mc.company_type_id = ct.id AND mc.company_id = cn.id AND ml.movie_id = mk.movie_id AND ml.movie_id = mc.movie_id AND mk.movie_id = mc.movie_id;",
    "results": [
        {
            "arm": 0,
            "execution_time": 431.969,
            "plan": [
                {
                    "Plan": {
                        "Node Type": "Aggregate",
                        "Strategy": "Plain",
                        "Partial Mode": "Simple",
                        "Parallel Aware": false,
                        "Async Capable": false,
                        "Startup Cost": 4720.25,
                        "Total Cost": 4720.26,
                        "Plan Rows": 1,
                        "Plan Width": 96,
                        "Actual Startup Time": 431.859,
                        "Actual Total Time": 431.894,
                        "Actual Rows": 1,
                        "Actual Loops": 1,
                        "Plans": [
                            {
                                "Node Type": "Nested Loop",
                                "Parent Relationship": "Outer",
                                "Parallel Aware": false,
                                "Async Capable": false,
                                "Join Type": "Inner",
                                "Startup Cost": 1003.73,
                                "Total Cost": 4720.24,
                                "Plan Rows": 1,
                                "Plan Width": 60,
                                "Actual Startup Time": 11.661,
                                "Actual Total Time": 431.459,
                                "Actual Rows": 6946,
                                "Actual Loops": 1,
                                "Inner Unique": true,
                                "Plans": [
                                    {
                                        "Node Type": "Gather",
                                        "Parent Relationship": "Outer",
                                        "Parallel Aware": false,
                                        "Async Capable": false,
                                        "Startup Cost": 1003.6,
                                        "Total Cost": 4720.08,
                                        "Plan Rows": 1,
                                        "Plan Width": 64,
                                        "Actual Startup Time": 11.656,
                                        "Actual Total Time": 429.093,
                                        "Actual Rows": 6946,
                                        "Actual Loops": 1,
                                        "Workers Planned": 3,
                                        "Workers Launched": 3,
                                        "Single Copy": false,
                                        "Plans": [
                                            {
                                                "Node Type": "Nested Loop",
                                                "Parent Relationship": "Outer",
                                                "Parallel Aware": false,
                                                "Async Capable": false,
                                                "Join Type": "Inner",
                                                "Startup Cost": 3.6,
                                                "Total Cost": 3719.98,
                                                "Plan Rows": 1,
                                                "Plan Width": 64,
                                                "Actual Startup Time": 17.154,
                                                "Actual Total Time": 130.31,
                                                "Actual Rows": 1736,
                                                "Actual Loops": 4,
                                                "Inner Unique": true,
                                                "Join Filter": "(ml.movie_id = t.id)",
                                                "Rows Removed by Join Filter": 0,
                                                "Workers": [],
                                                "Plans": [
                                                    {
                                                        "Node Type": "Nested Loop",
                                                        "Parent Relationship": "Outer",
                                                        "Parallel Aware": false,
                                                        "Async Capable": false,
                                                        "Join Type": "Inner",
                                                        "Startup Cost": 3.17,
                                                        "Total Cost": 3719.48,
                                                        "Plan Rows": 1,
                                                        "Plan Width": 59,
                                                        "Actual Startup Time": 17.143,
                                                        "Actual Total Time": 129.36,
                                                        "Actual Rows": 1736,
                                                        "Actual Loops": 4,
                                                        "Inner Unique": true,
                                                        "Workers": [],
                                                        "Plans": [
                                                            {
                                                                "Node Type": "Merge Join",
                                                                "Parent Relationship": "Outer",
                                                                "Parallel Aware": false,
                                                                "Async Capable": false,
                                                                "Join Type": "Inner",
                                                                "Startup Cost": 2.75,
                                                                "Total Cost": 3647.77,
                                                                "Plan Rows": 162,
                                                                "Plan Width": 63,
                                                                "Actual Startup Time": 0.677,
                                                                "Actual Total Time": 28.854,
                                                                "Actual Rows": 195194,
                                                                "Actual Loops": 4,
                                                                "Inner Unique": false,
                                                                "Merge Cond": "(mk.movie_id = ml.movie_id)",
                                                                "Workers": [],
                                                                "Plans": [
                                                                    {
                                                                        "Node Type": "Nested Loop",
                                                                        "Parent Relationship": "Outer",
                                                                        "Parallel Aware": false,
                                                                        "Async Capable": false,
                                                                        "Join Type": "Inner",
                                                                        "Startup Cost": 1.43,
                                                                        "Total Cost": 131683.36,
                                                                        "Plan Rows": 529,
                                                                        "Plan Width": 55,
                                                                        "Actual Startup Time": 0.404,
                                                                        "Actual Total Time": 6.779,
                                                                        "Actual Rows": 2944,
                                                                        "Actual Loops": 4,
                                                                        "Inner Unique": false,
                                                                        "Workers": [],
                                                                        "Plans": [
                                                                            {
                                                                                "Node Type": "Nested Loop",
                                                                                "Parent Relationship": "Outer",
                                                                                "Parallel Aware": false,
                                                                                "Async Capable": false,
                                                                                "Join Type": "Inner",
                                                                                "Startup Cost": 1.0,
                                                                                "Total Cost": 131580.92,
                                                                                "Plan Rows": 57,
                                                                                "Plan Width": 47,
                                                                                "Actual Startup Time": 0.388,
                                                                                "Actual Total Time": 6.359,
                                                                                "Actual Rows": 140,
                                                                                "Actual Loops": 4,
                                                                                "Inner Unique": true,
                                                                                "Workers": [],
                                                                                "Plans": [
                                                                                    {
                                                                                        "Node Type": "Nested Loop",
                                                                                        "Parent Relationship": "Outer",
                                                                                        "Parallel Aware": false,
                                                                                        "Async Capable": false,
                                                                                        "Join Type": "Inner",
                                                                                        "Startup Cost": 0.86,
                                                                                        "Total Cost": 131578.7,
                                                                                        "Plan Rows": 77,
                                                                                        "Plan Width": 51,
                                                                                        "Actual Startup Time": 0.24,
                                                                                        "Actual Total Time": 6.327,
                                                                                        "Actual Rows": 150,
                                                                                        "Actual Loops": 4,
                                                                                        "Inner Unique": true,
                                                                                        "Workers": [],
                                                                                        "Plans": [
                                                                                            {
                                                                                                "Node Type": "Index Scan",
                                                                                                "Parent Relationship": "Outer",
                                                                                                "Parallel Aware": true,
                                                                                                "Async Capable": false,
                                                                                                "Scan Direction": "Forward",
                                                                                                "Index Name": "movie_id_movie_companies",
                                                                                                "Relation Name": "movie_companies",
                                                                                                "Alias": "mc",
                                                                                                "Startup Cost": 0.43,
                                                                                                "Total Cost": 111843.57,
                                                                                                "Plan Rows": 429665,
                                                                                                "Plan Width": 36,
                                                                                                "Actual Startup Time": 0.021,
                                                                                                "Actual Total Time": 2.46,
                                                                                                "Actual Rows": 13000,
                                                                                                "Actual Loops": 4,
                                                                                                "Filter": "(note IS NOT NULL)",
                                                                                                "Rows Removed by Filter": 12655,
                                                                                                "Workers": []
                                                                                            },
                                                                                            {
                                                                                                "Node Type": "Memoize",
                                                                                                "Parent Relationship": "Inner",
                                                                                                "Parallel Aware": false,
                                                                                                "Async Capable": false,
                                                                                                "Startup Cost": 0.43,
                                                                                                "Total Cost": 0.47,
                                                                                                "Plan Rows": 1,
                                                                                                "Plan Width": 23,
                                                                                                "Actual Startup Time": 0.0,
                                                                                                "Actual Total Time": 0.0,
                                                                                                "Actual Rows": 0,
                                                                                                "Actual Loops": 51999,
                                                                                                "Cache Key": "mc.company_id",
                                                                                                "Cache Mode": "logical",
                                                                                                "Cache Hits": 2931,
                                                                                                "Cache Misses": 494,
                                                                                                "Cache Evictions": 0,
                                                                                                "Cache Overflows": 0,
                                                                                                "Peak Memory Usage": 34,
                                                                                                "Workers": [
                                                                                                    {
                                                                                                        "Worker Number": 0,
                                                                                                        "Cache Hits": 10999,
                                                                                                        "Cache Misses": 1398,
                                                                                                        "Cache Evictions": 0,
                                                                                                        "Cache Overflows": 0,
                                                                                                        "Peak Memory Usage": 94
                                                                                                    },
                                                                                                    {
                                                                                                        "Worker Number": 1,
                                                                                                        "Cache Hits": 23010,
                                                                                                        "Cache Misses": 2366,
                                                                                                        "Cache Evictions": 0,
                                                                                                        "Cache Overflows": 0,
                                                                                                        "Peak Memory Usage": 158
                                                                                                    },
                                                                                                    {
                                                                                                        "Worker Number": 2,
                                                                                                        "Cache Hits": 9500,
                                                                                                        "Cache Misses": 1301,
                                                                                                        "Cache Evictions": 0,
                                                                                                        "Cache Overflows": 0,
                                                                                                        "Peak Memory Usage": 87
                                                                                                    }
                                                                                                ],
                                                                                                "Plans": [
                                                                                                    {
                                                                                                        "Node Type": "Index Scan",
                                                                                                        "Parent Relationship": "Outer",
                                                                                                        "Parallel Aware": false,
                                                                                                        "Async Capable": false,
                                                                                                        "Scan Direction": "Forward",
                                                                                                        "Index Name": "company_name_pkey",
                                                                                                        "Relation Name": "company_name",
                                                                                                        "Alias": "cn",
                                                                                                        "Startup Cost": 0.42,
                                                                                                        "Total Cost": 0.46,
                                                                                                        "Plan Rows": 1,
                                                                                                        "Plan Width": 23,
                                                                                                        "Actual Startup Time": 0.002,
                                                                                                        "Actual Total Time": 0.002,
                                                                                                        "Actual Rows": 0,
                                                                                                        "Actual Loops": 5559,
                                                                                                        "Index Cond": "(id = mc.company_id)",
                                                                                                        "Rows Removed by Index Recheck": 0,
                                                                                                        "Filter": "(((country_code)::text <> '[pl]'::text) AND ((name ~~ '20th Century Fox%'::text) OR (name ~~ 'Twentieth Century Fox%'::text)))",
                                                                                                        "Rows Removed by Filter": 1,
                                                                                                        "Workers": []
                                                                                                    }
                                                                                                ]
                                                                                            }
                                                                                        ]
                                                                                    },
                                                                                    {
                                                                                        "Node Type": "Memoize",
                                                                                        "Parent Relationship": "Inner",
                                                                                        "Parallel Aware": false,
                                                                                        "Async Capable": false,
                                                                                        "Startup Cost": 0.14,
                                                                                        "Total Cost": 0.16,
                                                                                        "Plan Rows": 1,
                                                                                        "Plan Width": 4,
                                                                                        "Actual Startup Time": 0.0,
                                                                                        "Actual Total Time": 0.0,
                                                                                        "Actual Rows": 1,
                                                                                        "Actual Loops": 599,
                                                                                        "Cache Key": "mc.company_type_id",
                                                                                        "Cache Mode": "logical",
                                                                                        "Cache Hits": 125,
                                                                                        "Cache Misses": 2,
                                                                                        "Cache Evictions": 0,
                                                                                        "Cache Overflows": 0,
                                                                                        "Peak Memory Usage": 1,
                                                                                        "Workers": [
                                                                                            {
                                                                                                "Worker Number": 0,
                                                                                                "Cache Hits": 119,
                                                                                                "Cache Misses": 2,
                                                                                                "Cache Evictions": 0,
                                                                                                "Cache Overflows": 0,
                                                                                                "Peak Memory Usage": 1
                                                                                            },
                                                                                            {
                                                                                                "Worker Number": 1,
                                                                                                "Cache Hits": 186,
                                                                                                "Cache Misses": 2,
                                                                                                "Cache Evictions": 0,
                                                                                                "Cache Overflows": 0,
                                                                                                "Peak Memory Usage": 1
                                                                                            },
                                                                                            {
                                                                                                "Worker Number": 2,
                                                                                                "Cache Hits": 161,
                                                                                                "Cache Misses": 2,
                                                                                                "Cache Evictions": 0,
                                                                                                "Cache Overflows": 0,
                                                                                                "Peak Memory Usage": 1
                                                                                            }
                                                                                        ],
                                                                                        "Plans": [
                                                                                            {
                                                                                                "Node Type": "Index Scan",
                                                                                                "Parent Relationship": "Outer",
                                                                                                "Parallel Aware": false,
                                                                                                "Async Capable": false,
                                                                                                "Scan Direction": "Forward",
                                                                                                "Index Name": "company_type_pkey",
                                                                                                "Relation Name": "company_type",
                                                                                                "Alias": "ct",
                                                                                                "Startup Cost": 0.13,
                                                                                                "Total Cost": 0.15,
                                                                                                "Plan Rows": 1,
                                                                                                "Plan Width": 4,
                                                                                                "Actual Startup Time": 0.004,
                                                                                                "Actual Total Time": 0.004,
                                                                                                "Actual Rows": 0,
                                                                                                "Actual Loops": 8,
                                                                                                "Index Cond": "(id = mc.company_type_id)",
                                                                                                "Rows Removed by Index Recheck": 0,
                                                                                                "Filter": "((kind IS NOT NULL) AND ((kind)::text <> 'production companies'::text))",
                                                                                                "Rows Removed by Filter": 0,
                                                                                                "Workers": []
                                                                                            }
                                                                                        ]
                                                                                    }
                                                                                ]
                                                                            },
                                                                            {
                                                                                "Node Type": "Index Scan",
                                                                                "Parent Relationship": "Inner",
                                                                                "Parallel Aware": false,
                                                                                "Async Capable": false,
                                                                                "Scan Direction": "Forward",
                                                                                "Index Name": "movie_id_movie_keyword",
                                                                                "Relation Name": "movie_keyword",
                                                                                "Alias": "mk",
                                                                                "Startup Cost": 0.43,
                                                                                "Total Cost": 1.34,
                                                                                "Plan Rows": 46,
                                                                                "Plan Width": 8,
                                                                                "Actual Startup Time": 0.001,
                                                                                "Actual Total Time": 0.002,
                                                                                "Actual Rows": 21,
                                                                                "Actual Loops": 558,
                                                                                "Index Cond": "(movie_id = mc.movie_id)",
                                                                                "Rows Removed by Index Recheck": 0,
                                                                                "Workers": []
                                                                            }
                                                                        ]
                                                                    },
                                                                    {
                                                                        "Node Type": "Index Scan",
                                                                        "Parent Relationship": "Inner",
                                                                        "Parallel Aware": false,
                                                                        "Async Capable": false,
                                                                        "Scan Direction": "Forward",
                                                                        "Index Name": "movie_id_movie_link",
                                                                        "Relation Name": "movie_link",
                                                                        "Alias": "ml",
                                                                        "Startup Cost": 0.29,
                                                                        "Total Cost": 831.51,
                                                                        "Plan Rows": 29997,
                                                                        "Plan Width": 8,
                                                                        "Actual Startup Time": 0.012,
                                                                        "Actual Total Time": 9.584,
                                                                        "Actual Rows": 224886,
                                                                        "Actual Loops": 4,
                                                                        "Workers": []
                                                                    }
                                                                ]
                                                            },
                                                            {
                                                                "Node Type": "Index Scan",
                                                                "Parent Relationship": "Inner",
                                                                "Parallel Aware": false,
                                                                "Async Capable": false,
                                                                "Scan Direction": "Forward",
                                                                "Index Name": "keyword_pkey",
                                                                "Relation Name": "keyword",
                                                                "Alias": "k",
                                                                "Startup Cost": 0.42,
                                                                "Total Cost": 0.44,
                                                                "Plan Rows": 1,
                                                                "Plan Width": 4,
                                                                "Actual Startup Time": 0.0,
                                                                "Actual Total Time": 0.0,
                                                                "Actual Rows": 0,
                                                                "Actual Loops": 780776,
                                                                "Index Cond": "(id = mk.keyword_id)",
                                                                "Rows Removed by Index Recheck": 0,
                                                                "Filter": "(keyword = ANY ('{sequel,revenge,based-on-novel}'::text[]))",
                                                                "Rows Removed by Filter": 1,
                                                                "Workers": []
                                                            }
                                                        ]
                                                    },
                                                    {
                                                        "Node Type": "Index Scan",
                                                        "Parent Relationship": "Inner",
                                                        "Parallel Aware": false,
                                                        "Async Capable": false,
                                                        "Scan Direction": "Forward",
                                                        "Index Name": "title_pkey",
                                                        "Relation Name": "title",
                                                        "Alias": "t",
                                                        "Startup Cost": 0.43,
                                                        "Total Cost": 0.49,
                                                        "Plan Rows": 1,
                                                        "Plan Width": 21,
                                                        "Actual Startup Time": 0.0,
                                                        "Actual Total Time": 0.0,
                                                        "Actual Rows": 1,
                                                        "Actual Loops": 6946,
                                                        "Index Cond": "(id = mk.movie_id)",
                                                        "Rows Removed by Index Recheck": 0,
                                                        "Filter": "(production_year > 1950)",
                                                        "Rows Removed by Filter": 0,
                                                        "Workers": []
                                                    }
                                                ]
                                            }
                                        ]
                                    },
                                    {
                                        "Node Type": "Index Only Scan",
                                        "Parent Relationship": "Inner",
                                        "Parallel Aware": false,
                                        "Async Capable": false,
                                        "Scan Direction": "Forward",
                                        "Index Name": "link_type_pkey",
                                        "Relation Name": "link_type",
                                        "Alias": "lt",
                                        "Startup Cost": 0.14,
                                        "Total Cost": 0.16,
                                        "Plan Rows": 1,
                                        "Plan Width": 4,
                                        "Actual Startup Time": 0.0,
                                        "Actual Total Time": 0.0,
                                        "Actual Rows": 1,
                                        "Actual Loops": 6946,
                                        "Index Cond": "(id = ml.link_type_id)",
                                        "Rows Removed by Index Recheck": 0,
                                        "Heap Fetches": 6946
                                    }
                                ]
                            }
                        ]
                    },
                    "Planning Time": 2.06,
                    "Triggers": [],
                    "Execution Time": 431.969
                }
            ],
            "hints": [
                "SET enable_hashjoin TO on",
                "SET enable_indexonlyscan TO on",
                "SET enable_indexscan TO on",
                "SET enable_mergejoin TO on",
                "SET enable_nestloop TO on",
                "SET enable_seqscan TO on"
            ]
        },
        {
            "arm": 1,
            "execution_time": 128.948,
            "plan": [
                {
                    "Plan": {
                        "Node Type": "Aggregate",
                        "Strategy": "Plain",
                        "Partial Mode": "Simple",
                        "Parallel Aware": false,
                        "Async Capable": false,
                        "Startup Cost": 25018.83,
                        "Total Cost": 25018.84,
                        "Plan Rows": 1,
                        "Plan Width": 96,
                        "Actual Startup Time": 128.799,
                        "Actual Total Time": 128.91,
                        "Actual Rows": 1,
                        "Actual Loops": 1,
                        "Plans": [
                            {
                                "Node Type": "Hash Join",
                                "Parent Relationship": "Outer",
                                "Parallel Aware": false,
                                "Async Capable": false,
                                "Join Type": "Inner",
                                "Startup Cost": 22091.94,
                                "Total Cost": 25018.82,
                                "Plan Rows": 1,
                                "Plan Width": 60,
                                "Actual Startup Time": 93.674,
                                "Actual Total Time": 128.562,
                                "Actual Rows": 6946,
                                "Actual Loops": 1,
                                "Inner Unique": true,
                                "Hash Cond": "(ml.link_type_id = lt.id)",
                                "Plans": [
                                    {
                                        "Node Type": "Hash Join",
                                        "Parent Relationship": "Outer",
                                        "Parallel Aware": false,
                                        "Async Capable": false,
                                        "Join Type": "Inner",
                                        "Startup Cost": 22090.53,
                                        "Total Cost": 25017.42,
                                        "Plan Rows": 1,
                                        "Plan Width": 64,
                                        "Actual Startup Time": 93.665,
                                        "Actual Total Time": 128.163,
                                        "Actual Rows": 6946,
                                        "Actual Loops": 1,
                                        "Inner Unique": true,
                                        "Hash Cond": "(mk.keyword_id = k.id)",
                                        "Plans": [
                                            {
                                                "Node Type": "Merge Join",
                                                "Parent Relationship": "Outer",
                                                "Parallel Aware": false,
                                                "Async Capable": false,
                                                "Join Type": "Inner",
                                                "Startup Cost": 19237.66,
                                                "Total Cost": 22163.35,
                                                "Plan Rows": 455,
                                                "Plan Width": 68,
                                                "Actual Startup Time": 38.855,
                                                "Actual Total Time": 103.359,
                                                "Actual Rows": 780776,
                                                "Actual Loops": 1,
                                                "Inner Unique": false,
                                                "Merge Cond": "(mk.movie_id = ml.movie_id)",
                                                "Plans": [
                                                    {
                                                        "Node Type": "Index Scan",
                                                        "Parent Relationship": "Outer",
                                                        "Parallel Aware": false,
                                                        "Async Capable": false,
                                                        "Scan Direction": "Forward",
                                                        "Index Name": "movie_id_movie_keyword",
                                                        "Relation Name": "movie_keyword",
                                                        "Alias": "mk",
                                                        "Startup Cost": 0.43,
                                                        "Total Cost": 127179.83,
                                                        "Plan Rows": 4523930,
                                                        "Plan Width": 8,
                                                        "Actual Startup Time": 0.004,
                                                        "Actual Total Time": 3.802,
                                                        "Actual Rows": 77819,
                                                        "Actual Loops": 1
                                                    },
                                                    {
                                                        "Node Type": "Sort",
                                                        "Parent Relationship": "Inner",
                                                        "Parallel Aware": false,
                                                        "Async Capable": false,
                                                        "Startup Cost": 19237.23,
                                                        "Total Cost": 19237.25,
                                                        "Plan Rows": 10,
                                                        "Plan Width": 76,
                                                        "Actual Startup Time": 38.599,
                                                        "Actual Total Time": 54.743,
                                                        "Actual Rows": 780794,
                                                        "Actual Loops": 1,
                                                        "Sort Key": [
                                                            "mc.movie_id"
                                                        ],
                                                        "Sort Method": "quicksort",
                                                        "Sort Space Used": 1388,
                                                        "Sort Space Type": "Memory",
                                                        "Plans": [
                                                            {
                                                                "Node Type": "Gather",
                                                                "Parent Relationship": "Outer",
                                                                "Parallel Aware": false,
                                                                "Async Capable": false,
                                                                "Startup Cost": 6464.76,
                                                                "Total Cost": 19237.06,
                                                                "Plan Rows": 10,
                                                                "Plan Width": 76,
                                                                "Actual Startup Time": 8.523,
                                                                "Actual Total Time": 38.12,
                                                                "Actual Rows": 8393,
                                                                "Actual Loops": 1,
                                                                "Workers Planned": 4,
                                                                "Workers Launched": 4,
                                                                "Single Copy": false,
                                                                "Plans": [
                                                                    {
                                                                        "Node Type": "Hash Join",
                                                                        "Parent Relationship": "Outer",
                                                                        "Parallel Aware": false,
                                                                        "Async Capable": false,
                                                                        "Join Type": "Inner",
                                                                        "Startup Cost": 5464.76,
                                                                        "Total Cost": 18236.06,
                                                                        "Plan Rows": 2,
                                                                        "Plan Width": 76,
                                                                        "Actual Startup Time": 9.409,
                                                                        "Actual Total Time": 34.936,
                                                                        "Actual Rows": 1679,
                                                                        "Actual Loops": 5,
                                                                        "Inner Unique": true,
                                                                        "Hash Cond": "(mc.company_type_id = ct.id)",
                                                                        "Workers": [],
                                                                        "Plans": [
                                                                            {
                                                                                "Node Type": "Hash Join",
                                                                                "Parent Relationship": "Outer",
                                                                                "Parallel Aware": true,
                                                                                "Async Capable": false,
                                                                                "Join Type": "Inner",
                                                                                "Startup Cost": 5463.67,
                                                                                "Total Cost": 18234.95,
                                                                                "Plan Rows": 4,
                                                                                "Plan Width": 80,
                                                                                "Actual Startup Time": 9.327,
                                                                                "Actual Total Time": 34.744,
                                                                                "Actual Rows": 1680,
                                                                                "Actual Loops": 5,
                                                                                "Inner Unique": true,
                                                                                "Hash Cond": "(mc.company_id = cn.id)",
                                                                                "Workers": [],
                                                                                "Plans": [
                                                                                    {
                                                                                        "Node Type": "Merge Join",
                                                                                        "Parent Relationship": "Outer",
                                                                                        "Parallel Aware": false,
                                                                                        "Async Capable": false,
                                                                                        "Join Type": "Inner",
                                                                                        "Startup Cost": 4.28,
                                                                                        "Total Cost": 12727.14,
                                                                                        "Plan Rows": 18442,
                                                                                        "Plan Width": 65,
                                                                                        "Actual Startup Time": 0.346,
                                                                                        "Actual Total Time": 30.267,
                                                                                        "Actual Rows": 20987,
                                                                                        "Actual Loops": 5,
                                                                                        "Inner Unique": false,
                                                                                        "Merge Cond": "(ml.movie_id = mc.movie_id)",
                                                                                        "Workers": [],
                                                                                        "Plans": [
                                                                                            {
                                                                                                "Node Type": "Merge Join",
                                                                                                "Parent Relationship": "Outer",
                                                                                                "Parallel Aware": false,
                                                                                                "Async Capable": false,
                                                                                                "Join Type": "Inner",
                                                                                                "Startup Cost": 1.5,
                                                                                                "Total Cost": 7945.2,
                                                                                                "Plan Rows": 6798,
                                                                                                "Plan Width": 29,
                                                                                                "Actual Startup Time": 0.175,
                                                                                                "Actual Total Time": 18.341,
                                                                                                "Actual Rows": 5945,
                                                                                                "Actual Loops": 5,
                                                                                                "Inner Unique": false,
                                                                                                "Merge Cond": "(t.id = ml.movie_id)",
                                                                                                "Workers": [],
                                                                                                "Plans": [
                                                                                                    {
                                                                                                        "Node Type": "Index Scan",
                                                                                                        "Parent Relationship": "Outer",
                                                                                                        "Parallel Aware": true,
                                                                                                        "Async Capable": false,
                                                                                                        "Scan Direction": "Forward",
                                                                                                        "Index Name": "title_pkey",
                                                                                                        "Relation Name": "title",
                                                                                                        "Alias": "t",
                                                                                                        "Startup Cost": 0.43,
                                                                                                        "Total Cost": 92999.66,
                                                                                                        "Plan Rows": 573016,
                                                                                                        "Plan Width": 21,
                                                                                                        "Actual Startup Time": 0.043,
                                                                                                        "Actual Total Time": 14.857,
                                                                                                        "Actual Rows": 35586,
                                                                                                        "Actual Loops": 5,
                                                                                                        "Filter": "(production_year > 1950)",
                                                                                                        "Rows Removed by Filter": 1650,
                                                                                                        "Workers": []
                                                                                                    },
                                                                                                    {
                                                                                                        "Node Type": "Index Scan",
                                                                                                        "Parent Relationship": "Inner",
                                                                                                        "Parallel Aware": false,
                                                                                                        "Async Capable": false,
                                                                                                        "Scan Direction": "Forward",
                                                                                                        "Index Name": "movie_id_movie_link",
                                                                                                        "Relation Name": "movie_link",
                                                                                                        "Alias": "ml",
                                                                                                        "Startup Cost": 0.29,
                                                                                                        "Total Cost": 831.51,
                                                                                                        "Plan Rows": 29997,
                                                                                                        "Plan Width": 8,
                                                                                                        "Actual Startup Time": 0.017,
                                                                                                        "Actual Total Time": 1.598,
                                                                                                        "Actual Rows": 29997,
                                                                                                        "Actual Loops": 5,
                                                                                                        "Workers": []
                                                                                                    }
                                                                                                ]
                                                                                            },
                                                                                            {
                                                                                                "Node Type": "Index Scan",
                                                                                                "Parent Relationship": "Inner",
                                                                                                "Parallel Aware": false,
                                                                                                "Async Capable": false,
                                                                                                "Scan Direction": "Forward",
                                                                                                "Index Name": "movie_id_movie_companies",
                                                                                                "Relation Name": "movie_companies",
                                                                                                "Alias": "mc",
                                                                                                "Startup Cost": 0.43,
                                                                                                "Total Cost": 129518.32,
                                                                                                "Plan Rows": 1331960,
                                                                                                "Plan Width": 36,
                                                                                                "Actual Startup Time": 0.011,
                                                                                                "Actual Total Time": 9.654,
                                                                                                "Actual Rows": 63676,
                                                                                                "Actual Loops": 5,
                                                                                                "Filter": "(note IS NOT NULL)",
                                                                                                "Rows Removed by Filter": 56777,
                                                                                                "Workers": []
                                                                                            }
                                                                                        ]
                                                                                    },
                                                                                    {
                                                                                        "Node Type": "Hash",
                                                                                        "Parent Relationship": "Inner",
                                                                                        "Parallel Aware": true,
                                                                                        "Async Capable": false,
                                                                                        "Startup Cost": 5459.09,
                                                                                        "Total Cost": 5459.09,
                                                                                        "Plan Rows": 25,
                                                                                        "Plan Width": 23,
                                                                                        "Actual Startup Time": 3.734,
                                                                                        "Actual Total Time": 3.735,
                                                                                        "Actual Rows": 18,
                                                                                        "Actual Loops": 5,
                                                                                        "Hash Buckets": 1024,
                                                                                        "Original Hash Buckets": 1024,
                                                                                        "Hash Batches": 1,
                                                                                        "Original Hash Batches": 1,
                                                                                        "Peak Memory Usage": 168,
                                                                                        "Workers": [],
                                                                                        "Plans": [
                                                                                            {
                                                                                                "Node Type": "Seq Scan",
                                                                                                "Parent Relationship": "Outer",
                                                                                                "Parallel Aware": true,
                                                                                                "Async Capable": false,
                                                                                                "Relation Name": "company_name",
                                                                                                "Alias": "cn",
                                                                                                "Startup Cost": 0.0,
                                                                                                "Total Cost": 5459.09,
                                                                                                "Plan Rows": 25,
                                                                                                "Plan Width": 23,
                                                                                                "Actual Startup Time": 0.095,
                                                                                                "Actual Total Time": 3.706,
                                                                                                "Actual Rows": 18,
                                                                                                "Actual Loops": 5,
                                                                                                "Filter": "(((country_code)::text <> '[pl]'::text) AND ((name ~~ '20th Century Fox%'::text) OR (name ~~ 'Twentieth Century Fox%'::text)))",
                                                                                                "Rows Removed by Filter": 46982,
                                                                                                "Workers": []
                                                                                            }
                                                                                        ]
                                                                                    }
                                                                                ]
                                                                            },
                                                                            {
                                                                                "Node Type": "Hash",
                                                                                "Parent Relationship": "Inner",
                                                                                "Parallel Aware": false,
                                                                                "Async Capable": false,
                                                                                "Startup Cost": 1.05,
                                                                                "Total Cost": 1.05,
                                                                                "Plan Rows": 3,
                                                                                "Plan Width": 4,
                                                                                "Actual Startup Time": 0.01,
                                                                                "Actual Total Time": 0.01,
                                                                                "Actual Rows": 3,
                                                                                "Actual Loops": 5,
                                                                                "Hash Buckets": 1024,
                                                                                "Original Hash Buckets": 1024,
                                                                                "Hash Batches": 1,
                                                                                "Original Hash Batches": 1,
                                                                                "Peak Memory Usage": 9,
                                                                                "Workers": [],
                                                                                "Plans": [
                                                                                    {
                                                                                        "Node Type": "Seq Scan",
                                                                                        "Parent Relationship": "Outer",
                                                                                        "Parallel Aware": false,
                                                                                        "Async Capable": false,
                                                                                        "Relation Name": "company_type",
                                                                                        "Alias": "ct",
                                                                                        "Startup Cost": 0.0,
                                                                                        "Total Cost": 1.05,
                                                                                        "Plan Rows": 3,
                                                                                        "Plan Width": 4,
                                                                                        "Actual Startup Time": 0.008,
                                                                                        "Actual Total Time": 0.009,
                                                                                        "Actual Rows": 3,
                                                                                        "Actual Loops": 5,
                                                                                        "Filter": "((kind IS NOT NULL) AND ((kind)::text <> 'production companies'::text))",
                                                                                        "Rows Removed by Filter": 1,
                                                                                        "Workers": []
                                                                                    }
                                                                                ]
                                                                            }
                                                                        ]
                                                                    }
                                                                ]
                                                            }
                                                        ]
                                                    }
                                                ]
                                            },
                                            {
                                                "Node Type": "Hash",
                                                "Parent Relationship": "Inner",
                                                "Parallel Aware": false,
                                                "Async Capable": false,
                                                "Startup Cost": 2852.84,
                                                "Total Cost": 2852.84,
                                                "Plan Rows": 3,
                                                "Plan Width": 4,
                                                "Actual Startup Time": 5.724,
                                                "Actual Total Time": 5.725,
                                                "Actual Rows": 3,
                                                "Actual Loops": 1,
                                                "Hash Buckets": 1024,
                                                "Original Hash Buckets": 1024,
                                                "Hash Batches": 1,
                                                "Original Hash Batches": 1,
                                                "Peak Memory Usage": 9,
                                                "Plans": [
                                                    {
                                                        "Node Type": "Seq Scan",
                                                        "Parent Relationship": "Outer",
                                                        "Parallel Aware": false,
                                                        "Async Capable": false,
                                                        "Relation Name": "keyword",
                                                        "Alias": "k",
                                                        "Startup Cost": 0.0,
                                                        "Total Cost": 2852.84,
                                                        "Plan Rows": 3,
                                                        "Plan Width": 4,
                                                        "Actual Startup Time": 0.195,
                                                        "Actual Total Time": 5.724,
                                                        "Actual Rows": 3,
                                                        "Actual Loops": 1,
                                                        "Filter": "(keyword = ANY ('{sequel,revenge,based-on-novel}'::text[]))",
                                                        "Rows Removed by Filter": 134167
                                                    }
                                                ]
                                            }
                                        ]
                                    },
                                    {
                                        "Node Type": "Hash",
                                        "Parent Relationship": "Inner",
                                        "Parallel Aware": false,
                                        "Async Capable": false,
                                        "Startup Cost": 1.18,
                                        "Total Cost": 1.18,
                                        "Plan Rows": 18,
                                        "Plan Width": 4,
                                        "Actual Startup Time": 0.005,
                                        "Actual Total Time": 0.006,
                                        "Actual Rows": 18,
                                        "Actual Loops": 1,
                                        "Hash Buckets": 1024,
                                        "Original Hash Buckets": 1024,
                                        "Hash Batches": 1,
                                        "Original Hash Batches": 1,
                                        "Peak Memory Usage": 9,
                                        "Plans": [
                                            {
                                                "Node Type": "Seq Scan",
                                                "Parent Relationship": "Outer",
                                                "Parallel Aware": false,
                                                "Async Capable": false,
                                                "Relation Name": "link_type",
                                                "Alias": "lt",
                                                "Startup Cost": 0.0,
                                                "Total Cost": 1.18,
                                                "Plan Rows": 18,
                                                "Plan Width": 4,
                                                "Actual Startup Time": 0.003,
                                                "Actual Total Time": 0.004,
                                                "Actual Rows": 18,
                                                "Actual Loops": 1
                                            }
                                        ]
                                    }
                                ]
                            }
                        ]
                    },
                    "Planning Time": 1.993,
                    "Triggers": [],
                    "Execution Time": 128.948
                }
            ],
            "hints": [
                "SET enable_hashjoin TO on",
                "SET enable_indexonlyscan TO on",
                "SET enable_indexscan TO on",
                "SET enable_mergejoin TO on",
                "SET enable_nestloop TO off",
                "SET enable_seqscan TO on"
            ]
        },
        {
            "arm": 2,
            "execution_time": 2190.871,
            "plan": [
                {
                    "Plan": {
                        "Node Type": "Aggregate",
                        "Strategy": "Plain",
                        "Partial Mode": "Finalize",
                        "Parallel Aware": false,
                        "Async Capable": false,
                        "Startup Cost": 127485.05,
                        "Total Cost": 127485.06,
                        "Plan Rows": 1,
                        "Plan Width": 96,
                        "Actual Startup Time": 2180.701,
                        "Actual Total Time": 2190.828,
                        "Actual Rows": 1,
                        "Actual Loops": 1,
                        "Plans": [
                            {
                                "Node Type": "Gather",
                                "Parent Relationship": "Outer",
                                "Parallel Aware": false,
                                "Async Capable": false,
                                "Startup Cost": 127484.61,
                                "Total Cost": 127485.02,
                                "Plan Rows": 4,
                                "Plan Width": 96,
                                "Actual Startup Time": 2180.473,
                                "Actual Total Time": 2190.82,
                                "Actual Rows": 5,
                                "Actual Loops": 1,
                                "Workers Planned": 4,
                                "Workers Launched": 4,
                                "Single Copy": false,
                                "Plans": [
                                    {
                                        "Node Type": "Aggregate",
                                        "Strategy": "Plain",
                                        "Partial Mode": "Partial",
                                        "Parent Relationship": "Outer",
                                        "Parallel Aware": false,
                                        "Async Capable": false,
                                        "Startup Cost": 126484.61,
                                        "Total Cost": 126484.62,
                                        "Plan Rows": 1,
                                        "Plan Width": 96,
                                        "Actual Startup Time": 2178.854,
                                        "Actual Total Time": 2178.863,
                                        "Actual Rows": 1,
                                        "Actual Loops": 5,
                                        "Workers": [],
                                        "Plans": [
                                            {
                                                "Node Type": "Hash Join",
                                                "Parent Relationship": "Outer",
                                                "Parallel Aware": true,
                                                "Async Capable": false,
                                                "Join Type": "Inner",
                                                "Startup Cost": 80426.05,
                                                "Total Cost": 126484.6,
                                                "Plan Rows": 1,
                                                "Plan Width": 60,
                                                "Actual Startup Time": 2145.654,
                                                "Actual Total Time": 2178.768,
                                                "Actual Rows": 1389,
                                                "Actual Loops": 5,
                                                "Inner Unique": false,
                                                "Hash Cond": "(t.id = ml.movie_id)",
                                                "Workers": [],
                                                "Plans": [
                                                    {
                                                        "Node Type": "Seq Scan",
                                                        "Parent Relationship": "Outer",
                                                        "Parallel Aware": true,
                                                        "Async Capable": false,
                                                        "Relation Name": "title",
                                                        "Alias": "t",
                                                        "Startup Cost": 0.0,
                                                        "Total Cost": 43909.73,
                                                        "Plan Rows": 573016,
                                                        "Plan Width": 21,
                                                        "Actual Startup Time": 0.011,
                                                        "Actual Total Time": 30.507,
                                                        "Actual Rows": 457454,
                                                        "Actual Loops": 5,
                                                        "Filter": "(production_year > 1950)",
                                                        "Rows Removed by Filter": 48208,
                                                        "Workers": []
                                                    },
                                                    {
                                                        "Node Type": "Hash",
                                                        "Parent Relationship": "Inner",
                                                        "Parallel Aware": true,
                                                        "Async Capable": false,
                                                        "Startup Cost": 80426.04,
                                                        "Total Cost": 80426.04,
                                                        "Plan Rows": 1,
                                                        "Plan Width": 55,
                                                        "Actual Startup Time": 2135.08,
                                                        "Actual Total Time": 2135.088,
                                                        "Actual Rows": 1389,
                                                        "Actual Loops": 5,
                                                        "Hash Buckets": 8192,
                                                        "Original Hash Buckets": 1024,
                                                        "Hash Batches": 1,
                                                        "Original Hash Batches": 1,
                                                        "Peak Memory Usage": 984,
                                                        "Workers": [],
                                                        "Plans": [
                                                            {
                                                                "Node Type": "Nested Loop",
                                                                "Parent Relationship": "Outer",
                                                                "Parallel Aware": false,
                                                                "Async Capable": false,
                                                                "Join Type": "Inner",
                                                                "Startup Cost": 51216.88,
                                                                "Total Cost": 80426.04,
                                                                "Plan Rows": 1,
                                                                "Plan Width": 55,
                                                                "Actual Startup Time": 838.032,
                                                                "Actual Total Time": 1629.106,
                                                                "Actual Rows": 1389,
                                                                "Actual Loops": 5,
                                                                "Inner Unique": true,
                                                                "Join Filter": "(lt.id = ml.link_type_id)",
                                                                "Rows Removed by Join Filter": 8432,
                                                                "Workers": [],
                                                                "Plans": [
                                                                    {
                                                                        "Node Type": "Nested Loop",
                                                                        "Parent Relationship": "Outer",
                                                                        "Parallel Aware": false,
                                                                        "Async Capable": false,
                                                                        "Join Type": "Inner",
                                                                        "Startup Cost": 51216.88,
                                                                        "Total Cost": 80424.64,
                                                                        "Plan Rows": 1,
                                                                        "Plan Width": 59,
                                                                        "Actual Startup Time": 838.029,
                                                                        "Actual Total Time": 1628.287,
                                                                        "Actual Rows": 1389,
                                                                        "Actual Loops": 5,
                                                                        "Inner Unique": false,
                                                                        "Join Filter": "(mk.movie_id = ml.movie_id)",
                                                                        "Rows Removed by Join Filter": 28351775,
                                                                        "Workers": [],
                                                                        "Plans": [
                                                                            {
                                                                                "Node Type": "Nested Loop",
                                                                                "Parent Relationship": "Outer",
                                                                                "Parallel Aware": false,
                                                                                "Async Capable": false,
                                                                                "Join Type": "Inner",
                                                                                "Startup Cost": 51216.88,
                                                                                "Total Cost": 79586.7,
                                                                                "Plan Rows": 1,
                                                                                "Plan Width": 51,
                                                                                "Actual Startup Time": 81.842,
                                                                                "Actual Total Time": 109.525,
                                                                                "Actual Rows": 945,
                                                                                "Actual Loops": 5,
                                                                                "Inner Unique": true,
                                                                                "Join Filter": "(ct.id = mc.company_type_id)",
                                                                                "Rows Removed by Join Filter": 117,
                                                                                "Workers": [],
                                                                                "Plans": [
                                                                                    {
                                                                                        "Node Type": "Hash Join",
                                                                                        "Parent Relationship": "Outer",
                                                                                        "Parallel Aware": true,
                                                                                        "Async Capable": false,
                                                                                        "Join Type": "Inner",
                                                                                        "Startup Cost": 51216.88,
                                                                                        "Total Cost": 79585.62,
                                                                                        "Plan Rows": 1,
                                                                                        "Plan Width": 55,
                                                                                        "Actual Startup Time": 81.829,
                                                                                        "Actual Total Time": 109.157,
                                                                                        "Actual Rows": 984,
                                                                                        "Actual Loops": 5,
                                                                                        "Inner Unique": false,
                                                                                        "Hash Cond": "(mc.movie_id = mk.movie_id)",
                                                                                        "Workers": [],
                                                                                        "Plans": [
                                                                                            {
                                                                                                "Node Type": "Hash Join",
                                                                                                "Parent Relationship": "Outer",
                                                                                                "Parallel Aware": true,
                                                                                                "Async Capable": false,
                                                                                                "Join Type": "Inner",
                                                                                                "Startup Cost": 5459.4,
                                                                                                "Total Cost": 33827.84,
                                                                                                "Plan Rows": 77,
                                                                                                "Plan Width": 51,
                                                                                                "Actual Startup Time": 3.886,
                                                                                                "Actual Total Time": 31.963,
                                                                                                "Actual Rows": 2779,
                                                                                                "Actual Loops": 5,
                                                                                                "Inner Unique": true,
                                                                                                "Hash Cond": "(mc.company_id = cn.id)",
                                                                                                "Workers": [],
                                                                                                "Plans": [
                                                                                                    {
                                                                                                        "Node Type": "Seq Scan",
                                                                                                        "Parent Relationship": "Outer",
                                                                                                        "Parallel Aware": true,
                                                                                                        "Async Capable": false,
                                                                                                        "Relation Name": "movie_companies",
                                                                                                        "Alias": "mc",
                                                                                                        "Startup Cost": 0.0,
                                                                                                        "Total Cost": 27240.55,
                                                                                                        "Plan Rows": 429665,
                                                                                                        "Plan Width": 36,
                                                                                                        "Actual Startup Time": 0.006,
                                                                                                        "Actual Total Time": 21.071,
                                                                                                        "Actual Rows": 267428,
                                                                                                        "Actual Loops": 5,
                                                                                                        "Filter": "(note IS NOT NULL)",
                                                                                                        "Rows Removed by Filter": 254398,
                                                                                                        "Workers": []
                                                                                                    },
                                                                                                    {
                                                                                                        "Node Type": "Hash",
                                                                                                        "Parent Relationship": "Inner",
                                                                                                        "Parallel Aware": true,
                                                                                                        "Async Capable": false,
                                                                                                        "Startup Cost": 5459.09,
                                                                                                        "Total Cost": 5459.09,
                                                                                                        "Plan Rows": 25,
                                                                                                        "Plan Width": 23,
                                                                                                        "Actual Startup Time": 3.726,
                                                                                                        "Actual Total Time": 3.727,
                                                                                                        "Actual Rows": 18,
                                                                                                        "Actual Loops": 5,
                                                                                                        "Hash Buckets": 1024,
                                                                                                        "Original Hash Buckets": 1024,
                                                                                                        "Hash Batches": 1,
                                                                                                        "Original Hash Batches": 1,
                                                                                                        "Peak Memory Usage": 168,
                                                                                                        "Workers": [],
                                                                                                        "Plans": [
                                                                                                            {
                                                                                                                "Node Type": "Seq Scan",
                                                                                                                "Parent Relationship": "Outer",
                                                                                                                "Parallel Aware": true,
                                                                                                                "Async Capable": false,
                                                                                                                "Relation Name": "company_name",
                                                                                                                "Alias": "cn",
                                                                                                                "Startup Cost": 0.0,
                                                                                                                "Total Cost": 5459.09,
                                                                                                                "Plan Rows": 25,
                                                                                                                "Plan Width": 23,
                                                                                                                "Actual Startup Time": 0.171,
                                                                                                                "Actual Total Time": 3.711,
                                                                                                                "Actual Rows": 18,
                                                                                                                "Actual Loops": 5,
                                                                                                                "Filter": "(((country_code)::text <> '[pl]'::text) AND ((name ~~ '20th Century Fox%'::text) OR (name ~~ 'Twentieth Century Fox%'::text)))",
                                                                                                                "Rows Removed by Filter": 46982,
                                                                                                                "Workers": []
                                                                                                            }
                                                                                                        ]
                                                                                                    }
                                                                                                ]
                                                                                            },
                                                                                            {
                                                                                                "Node Type": "Hash",
                                                                                                "Parent Relationship": "Inner",
                                                                                                "Parallel Aware": true,
                                                                                                "Async Capable": false,
                                                                                                "Startup Cost": 45757.07,
                                                                                                "Total Cost": 45757.07,
                                                                                                "Plan Rows": 33,
                                                                                                "Plan Width": 4,
                                                                                                "Actual Startup Time": 76.727,
                                                                                                "Actual Total Time": 76.729,
                                                                                                "Actual Rows": 9481,
                                                                                                "Actual Loops": 5,
                                                                                                "Hash Buckets": 65536,
                                                                                                "Original Hash Buckets": 1024,
                                                                                                "Hash Batches": 1,
                                                                                                "Original Hash Batches": 1,
                                                                                                "Peak Memory Usage": 2936,
                                                                                                "Workers": [],
                                                                                                "Plans": [
                                                                                                    {
                                                                                                        "Node Type": "Hash Join",
                                                                                                        "Parent Relationship": "Outer",
                                                                                                        "Parallel Aware": false,
                                                                                                        "Async Capable": false,
                                                                                                        "Join Type": "Inner",
                                                                                                        "Startup Cost": 2852.88,
                                                                                                        "Total Cost": 45757.07,
                                                                                                        "Plan Rows": 33,
                                                                                                        "Plan Width": 4,
                                                                                                        "Actual Startup Time": 5.551,
                                                                                                        "Actual Total Time": 68.809,
                                                                                                        "Actual Rows": 9481,
                                                                                                        "Actual Loops": 5,
                                                                                                        "Inner Unique": true,
                                                                                                        "Hash Cond": "(mk.keyword_id = k.id)",
                                                                                                        "Workers": [],
                                                                                                        "Plans": [
                                                                                                            {
                                                                                                                "Node Type": "Seq Scan",
                                                                                                                "Parent Relationship": "Outer",
                                                                                                                "Parallel Aware": true,
                                                                                                                "Async Capable": false,
                                                                                                                "Relation Name": "movie_keyword",
                                                                                                                "Alias": "mk",
                                                                                                                "Startup Cost": 0.0,
                                                                                                                "Total Cost": 39073.32,
                                                                                                                "Plan Rows": 1459332,
                                                                                                                "Plan Width": 8,
                                                                                                                "Actual Startup Time": 0.006,
                                                                                                                "Actual Total Time": 37.209,
                                                                                                                "Actual Rows": 904786,
                                                                                                                "Actual Loops": 5,
                                                                                                                "Workers": []
                                                                                                            },
                                                                                                            {
                                                                                                                "Node Type": "Hash",
                                                                                                                "Parent Relationship": "Inner",
                                                                                                                "Parallel Aware": false,
                                                                                                                "Async Capable": false,
                                                                                                                "Startup Cost": 2852.84,
                                                                                                                "Total Cost": 2852.84,
                                                                                                                "Plan Rows": 3,
                                                                                                                "Plan Width": 4,
                                                                                                                "Actual Startup Time": 5.526,
                                                                                                                "Actual Total Time": 5.526,
                                                                                                                "Actual Rows": 3,
                                                                                                                "Actual Loops": 5,
                                                                                                                "Hash Buckets": 1024,
                                                                                                                "Original Hash Buckets": 1024,
                                                                                                                "Hash Batches": 1,
                                                                                                                "Original Hash Batches": 1,
                                                                                                                "Peak Memory Usage": 9,
                                                                                                                "Workers": [],
                                                                                                                "Plans": [
                                                                                                                    {
                                                                                                                        "Node Type": "Seq Scan",
                                                                                                                        "Parent Relationship": "Outer",
                                                                                                                        "Parallel Aware": false,
                                                                                                                        "Async Capable": false,
                                                                                                                        "Relation Name": "keyword",
                                                                                                                        "Alias": "k",
                                                                                                                        "Startup Cost": 0.0,
                                                                                                                        "Total Cost": 2852.84,
                                                                                                                        "Plan Rows": 3,
                                                                                                                        "Plan Width": 4,
                                                                                                                        "Actual Startup Time": 0.253,
                                                                                                                        "Actual Total Time": 5.524,
                                                                                                                        "Actual Rows": 3,
                                                                                                                        "Actual Loops": 5,
                                                                                                                        "Filter": "(keyword = ANY ('{sequel,revenge,based-on-novel}'::text[]))",
                                                                                                                        "Rows Removed by Filter": 134167,
                                                                                                                        "Workers": []
                                                                                                                    }
                                                                                                                ]
                                                                                                            }
                                                                                                        ]
                                                                                                    }
                                                                                                ]
                                                                                            }
                                                                                        ]
                                                                                    },
                                                                                    {
                                                                                        "Node Type": "Seq Scan",
                                                                                        "Parent Relationship": "Inner",
                                                                                        "Parallel Aware": false,
                                                                                        "Async Capable": false,
                                                                                        "Relation Name": "company_type",
                                                                                        "Alias": "ct",
                                                                                        "Startup Cost": 0.0,
                                                                                        "Total Cost": 1.05,
                                                                                        "Plan Rows": 3,
                                                                                        "Plan Width": 4,
                                                                                        "Actual Startup Time": 0.0,
                                                                                        "Actual Total Time": 0.0,
                                                                                        "Actual Rows": 1,
                                                                                        "Actual Loops": 4921,
                                                                                        "Filter": "((kind IS NOT NULL) AND ((kind)::text <> 'production companies'::text))",
                                                                                        "Rows Removed by Filter": 0,
                                                                                        "Workers": []
                                                                                    }
                                                                                ]
                                                                            },
                                                                            {
                                                                                "Node Type": "Seq Scan",
                                                                                "Parent Relationship": "Inner",
                                                                                "Parallel Aware": false,
                                                                                "Async Capable": false,
                                                                                "Relation Name": "movie_link",
                                                                                "Alias": "ml",
                                                                                "Startup Cost": 0.0,
                                                                                "Total Cost": 462.97,
                                                                                "Plan Rows": 29997,
                                                                                "Plan Width": 8,
                                                                                "Actual Startup Time": 0.001,
                                                                                "Actual Total Time": 0.854,
                                                                                "Actual Rows": 29997,
                                                                                "Actual Loops": 4726,
                                                                                "Workers": []
                                                                            }
                                                                        ]
                                                                    },
                                                                    {
                                                                        "Node Type": "Seq Scan",
                                                                        "Parent Relationship": "Inner",
                                                                        "Parallel Aware": false,
                                                                        "Async Capable": false,
                                                                        "Relation Name": "link_type",
                                                                        "Alias": "lt",
                                                                        "Startup Cost": 0.0,
                                                                        "Total Cost": 1.18,
                                                                        "Plan Rows": 18,
                                                                        "Plan Width": 4,
                                                                        "Actual Startup Time": 0.0,
                                                                        "Actual Total Time": 0.0,
                                                                        "Actual Rows": 7,
                                                                        "Actual Loops": 6946,
                                                                        "Workers": []
                                                                    }
                                                                ]
                                                            }
                                                        ]
                                                    }
                                                ]
                                            }
                                        ]
                                    }
                                ]
                            }
                        ]
                    },
                    "Planning Time": 1.272,
                    "Triggers": [],
                    "Execution Time": 2190.871
                }
            ],
            "hints": [
                "SET enable_hashjoin TO on",
                "SET enable_indexonlyscan TO on",
                "SET enable_indexscan TO off",
                "SET enable_mergejoin TO off",
                "SET enable_nestloop TO on",
                "SET enable_seqscan TO on"
            ]
        },
        {
            "arm": 3,
            "execution_time": 179.93,
            "plan": [
                {
                    "Plan": {
                        "Node Type": "Aggregate",
                        "Strategy": "Plain",
                        "Partial Mode": "Simple",
                        "Parallel Aware": false,
                        "Async Capable": false,
                        "Startup Cost": 127485.44,
                        "Total Cost": 127485.45,
                        "Plan Rows": 1,
                        "Plan Width": 96,
                        "Actual Startup Time": 168.342,
                        "Actual Total Time": 179.889,
                        "Actual Rows": 1,
                        "Actual Loops": 1,
                        "Plans": [
                            {
                                "Node Type": "Hash Join",
                                "Parent Relationship": "Outer",
                                "Parallel Aware": false,
                                "Async Capable": false,
                                "Join Type": "Inner",
                                "Startup Cost": 81426.05,
                                "Total Cost": 127485.43,
                                "Plan Rows": 1,
                                "Plan Width": 60,
                                "Actual Startup Time": 154.653,
                                "Actual Total Time": 179.552,
                                "Actual Rows": 6946,
                                "Actual Loops": 1,
                                "Inner Unique": true,
                                "Hash Cond": "(ml.link_type_id = lt.id)",
                                "Plans": [
                                    {
                                        "Node Type": "Hash Join",
                                        "Parent Relationship": "Outer",
                                        "Parallel Aware": false,
                                        "Async Capable": false,
                                        "Join Type": "Inner",
                                        "Startup Cost": 81424.65,
                                        "Total Cost": 127484.02,
                                        "Plan Rows": 1,
                                        "Plan Width": 64,
                                        "Actual Startup Time": 154.641,
                                        "Actual Total Time": 179.134,
                                        "Actual Rows": 6946,
                                        "Actual Loops": 1,
                                        "Inner Unique": false,
                                        "Hash Cond": "(t.id = ml.movie_id)",
                                        "Plans": [
                                            {
                                                "Node Type": "Hash Join",
                                                "Parent Relationship": "Outer",
                                                "Parallel Aware": false,
                                                "Async Capable": false,
                                                "Join Type": "Inner",
                                                "Startup Cost": 80586.72,
                                                "Total Cost": 126645.37,
                                                "Plan Rows": 1,
                                                "Plan Width": 72,
                                                "Actual Startup Time": 121.769,
                                                "Actual Total Time": 176.269,
                                                "Actual Rows": 4137,
                                                "Actual Loops": 1,
                                                "Inner Unique": true,
                                                "Hash Cond": "(mc.company_type_id = ct.id)",
                                                "Plans": [
                                                    {
                                                        "Node Type": "Gather",
                                                        "Parent Relationship": "Outer",
                                                        "Parallel Aware": false,
                                                        "Async Capable": false,
                                                        "Startup Cost": 80585.63,
                                                        "Total Cost": 126644.28,
                                                        "Plan Rows": 1,
                                                        "Plan Width": 76,
                                                        "Actual Startup Time": 121.763,
                                                        "Actual Total Time": 175.943,
                                                        "Actual Rows": 4279,
                                                        "Actual Loops": 1,
                                                        "Workers Planned": 4,
                                                        "Workers Launched": 4,
                                                        "Single Copy": false,
                                                        "Plans": [
                                                            {
                                                                "Node Type": "Hash Join",
                                                                "Parent Relationship": "Outer",
                                                                "Parallel Aware": true,
                                                                "Async Capable": false,
                                                                "Join Type": "Inner",
                                                                "Startup Cost": 79585.63,
                                                                "Total Cost": 125644.18,
                                                                "Plan Rows": 1,
                                                                "Plan Width": 76,
                                                                "Actual Startup Time": 124.148,
                                                                "Actual Total Time": 163.706,
                                                                "Actual Rows": 856,
                                                                "Actual Loops": 5,
                                                                "Inner Unique": false,
                                                                "Hash Cond": "(t.id = mk.movie_id)",
                                                                "Workers": [],
                                                                "Plans": [
                                                                    {
                                                                        "Node Type": "Seq Scan",
                                                                        "Parent Relationship": "Outer",
                                                                        "Parallel Aware": true,
                                                                        "Async Capable": false,
                                                                        "Relation Name": "title",
                                                                        "Alias": "t",
                                                                        "Startup Cost": 0.0,
                                                                        "Total Cost": 43909.73,
                                                                        "Plan Rows": 573016,
                                                                        "Plan Width": 21,
                                                                        "Actual Startup Time": 0.006,
                                                                        "Actual Total Time": 29.977,
                                                                        "Actual Rows": 457454,
                                                                        "Actual Loops": 5,
                                                                        "Filter": "(production_year > 1950)",
                                                                        "Rows Removed by Filter": 48208,
                                                                        "Workers": []
                                                                    },
                                                                    {
                                                                        "Node Type": "Hash",
                                                                        "Parent Relationship": "Inner",
                                                                        "Parallel Aware": true,
                                                                        "Async Capable": false,
                                                                        "Startup Cost": 79585.62,
                                                                        "Total Cost": 79585.62,
                                                                        "Plan Rows": 1,
                                                                        "Plan Width": 55,
                                                                        "Actual Startup Time": 119.447,
                                                                        "Actual Total Time": 119.453,
                                                                        "Actual Rows": 984,
                                                                        "Actual Loops": 5,
                                                                        "Hash Buckets": 8192,
                                                                        "Original Hash Buckets": 1024,
                                                                        "Hash Batches": 1,
                                                                        "Original Hash Batches": 1,
                                                                        "Peak Memory Usage": 760,
                                                                        "Workers": [],
                                                                        "Plans": [
                                                                            {
                                                                                "Node Type": "Hash Join",
                                                                                "Parent Relationship": "Outer",
                                                                                "Parallel Aware": true,
                                                                                "Async Capable": false,
                                                                                "Join Type": "Inner",
                                                                                "Startup Cost": 51216.88,
                                                                                "Total Cost": 79585.62,
                                                                                "Plan Rows": 1,
                                                                                "Plan Width": 55,
                                                                                "Actual Startup Time": 80.078,
                                                                                "Actual Total Time": 107.876,
                                                                                "Actual Rows": 984,
                                                                                "Actual Loops": 5,
                                                                                "Inner Unique": false,
                                                                                "Hash Cond": "(mc.movie_id = mk.movie_id)",
                                                                                "Workers": [],
                                                                                "Plans": [
                                                                                    {
                                                                                        "Node Type": "Hash Join",
                                                                                        "Parent Relationship": "Outer",
                                                                                        "Parallel Aware": true,
                                                                                        "Async Capable": false,
                                                                                        "Join Type": "Inner",
                                                                                        "Startup Cost": 5459.4,
                                                                                        "Total Cost": 33827.84,
                                                                                        "Plan Rows": 77,
                                                                                        "Plan Width": 51,
                                                                                        "Actual Startup Time": 3.651,
                                                                                        "Actual Total Time": 31.834,
                                                                                        "Actual Rows": 2779,
                                                                                        "Actual Loops": 5,
                                                                                        "Inner Unique": true,
                                                                                        "Hash Cond": "(mc.company_id = cn.id)",
                                                                                        "Workers": [],
                                                                                        "Plans": [
                                                                                            {
                                                                                                "Node Type": "Seq Scan",
                                                                                                "Parent Relationship": "Outer",
                                                                                                "Parallel Aware": true,
                                                                                                "Async Capable": false,
                                                                                                "Relation Name": "movie_companies",
                                                                                                "Alias": "mc",
                                                                                                "Startup Cost": 0.0,
                                                                                                "Total Cost": 27240.55,
                                                                                                "Plan Rows": 429665,
                                                                                                "Plan Width": 36,
                                                                                                "Actual Startup Time": 0.005,
                                                                                                "Actual Total Time": 21.304,
                                                                                                "Actual Rows": 267428,
                                                                                                "Actual Loops": 5,
                                                                                                "Filter": "(note IS NOT NULL)",
                                                                                                "Rows Removed by Filter": 254398,
                                                                                                "Workers": []
                                                                                            },
                                                                                            {
                                                                                                "Node Type": "Hash",
                                                                                                "Parent Relationship": "Inner",
                                                                                                "Parallel Aware": true,
                                                                                                "Async Capable": false,
                                                                                                "Startup Cost": 5459.09,
                                                                                                "Total Cost": 5459.09,
                                                                                                "Plan Rows": 25,
                                                                                                "Plan Width": 23,
                                                                                                "Actual Startup Time": 3.488,
                                                                                                "Actual Total Time": 3.489,
                                                                                                "Actual Rows": 18,
                                                                                                "Actual Loops": 5,
                                                                                                "Hash Buckets": 1024,
                                                                                                "Original Hash Buckets": 1024,
                                                                                                "Hash Batches": 1,
                                                                                                "Original Hash Batches": 1,
                                                                                                "Peak Memory Usage": 168,
                                                                                                "Workers": [],
                                                                                                "Plans": [
                                                                                                    {
                                                                                                        "Node Type": "Seq Scan",
                                                                                                        "Parent Relationship": "Outer",
                                                                                                        "Parallel Aware": true,
                                                                                                        "Async Capable": false,
                                                                                                        "Relation Name": "company_name",
                                                                                                        "Alias": "cn",
                                                                                                        "Startup Cost": 0.0,
                                                                                                        "Total Cost": 5459.09,
                                                                                                        "Plan Rows": 25,
                                                                                                        "Plan Width": 23,
                                                                                                        "Actual Startup Time": 0.081,
                                                                                                        "Actual Total Time": 3.476,
                                                                                                        "Actual Rows": 18,
                                                                                                        "Actual Loops": 5,
                                                                                                        "Filter": "(((country_code)::text <> '[pl]'::text) AND ((name ~~ '20th Century Fox%'::text) OR (name ~~ 'Twentieth Century Fox%'::text)))",
                                                                                                        "Rows Removed by Filter": 46982,
                                                                                                        "Workers": []
                                                                                                    }
                                                                                                ]
                                                                                            }
                                                                                        ]
                                                                                    },
                                                                                    {
                                                                                        "Node Type": "Hash",
                                                                                        "Parent Relationship": "Inner",
                                                                                        "Parallel Aware": true,
                                                                                        "Async Capable": false,
                                                                                        "Startup Cost": 45757.07,
                                                                                        "Total Cost": 45757.07,
                                                                                        "Plan Rows": 33,
                                                                                        "Plan Width": 4,
                                                                                        "Actual Startup Time": 75.709,
                                                                                        "Actual Total Time": 75.711,
                                                                                        "Actual Rows": 9481,
                                                                                        "Actual Loops": 5,
                                                                                        "Hash Buckets": 65536,
                                                                                        "Original Hash Buckets": 1024,
                                                                                        "Hash Batches": 1,
                                                                                        "Original Hash Batches": 1,
                                                                                        "Peak Memory Usage": 2936,
                                                                                        "Workers": [],
                                                                                        "Plans": [
                                                                                            {
                                                                                                "Node Type": "Hash Join",
                                                                                                "Parent Relationship": "Outer",
                                                                                                "Parallel Aware": false,
                                                                                                "Async Capable": false,
                                                                                                "Join Type": "Inner",
                                                                                                "Startup Cost": 2852.88,
                                                                                                "Total Cost": 45757.07,
                                                                                                "Plan Rows": 33,
                                                                                                "Plan Width": 4,
                                                                                                "Actual Startup Time": 5.635,
                                                                                                "Actual Total Time": 66.885,
                                                                                                "Actual Rows": 9481,
                                                                                                "Actual Loops": 5,
                                                                                                "Inner Unique": true,
                                                                                                "Hash Cond": "(mk.keyword_id = k.id)",
                                                                                                "Workers": [],
                                                                                                "Plans": [
                                                                                                    {
                                                                                                        "Node Type": "Seq Scan",
                                                                                                        "Parent Relationship": "Outer",
                                                                                                        "Parallel Aware": true,
                                                                                                        "Async Capable": false,
                                                                                                        "Relation Name": "movie_keyword",
                                                                                                        "Alias": "mk",
                                                                                                        "Startup Cost": 0.0,
                                                                                                        "Total Cost": 39073.32,
                                                                                                        "Plan Rows": 1459332,
                                                                                                        "Plan Width": 8,
                                                                                                        "Actual Startup Time": 0.005,
                                                                                                        "Actual Total Time": 34.654,
                                                                                                        "Actual Rows": 904786,
                                                                                                        "Actual Loops": 5,
                                                                                                        "Workers": []
                                                                                                    },
                                                                                                    {
                                                                                                        "Node Type": "Hash",
                                                                                                        "Parent Relationship": "Inner",
                                                                                                        "Parallel Aware": false,
                                                                                                        "Async Capable": false,
                                                                                                        "Startup Cost": 2852.84,
                                                                                                        "Total Cost": 2852.84,
                                                                                                        "Plan Rows": 3,
                                                                                                        "Plan Width": 4,
                                                                                                        "Actual Startup Time": 5.609,
                                                                                                        "Actual Total Time": 5.61,
                                                                                                        "Actual Rows": 3,
                                                                                                        "Actual Loops": 5,
                                                                                                        "Hash Buckets": 1024,
                                                                                                        "Original Hash Buckets": 1024,
                                                                                                        "Hash Batches": 1,
                                                                                                        "Original Hash Batches": 1,
                                                                                                        "Peak Memory Usage": 9,
                                                                                                        "Workers": [],
                                                                                                        "Plans": [
                                                                                                            {
                                                                                                                "Node Type": "Seq Scan",
                                                                                                                "Parent Relationship": "Outer",
                                                                                                                "Parallel Aware": false,
                                                                                                                "Async Capable": false,
                                                                                                                "Relation Name": "keyword",
                                                                                                                "Alias": "k",
                                                                                                                "Startup Cost": 0.0,
                                                                                                                "Total Cost": 2852.84,
                                                                                                                "Plan Rows": 3,
                                                                                                                "Plan Width": 4,
                                                                                                                "Actual Startup Time": 0.262,
                                                                                                                "Actual Total Time": 5.608,
                                                                                                                "Actual Rows": 3,
                                                                                                                "Actual Loops": 5,
                                                                                                                "Filter": "(keyword = ANY ('{sequel,revenge,based-on-novel}'::text[]))",
                                                                                                                "Rows Removed by Filter": 134167,
                                                                                                                "Workers": []
                                                                                                            }
                                                                                                        ]
                                                                                                    }
                                                                                                ]
                                                                                            }
                                                                                        ]
                                                                                    }
                                                                                ]
                                                                            }
                                                                        ]
                                                                    }
                                                                ]
                                                            }
                                                        ]
                                                    },
                                                    {
                                                        "Node Type": "Hash",
                                                        "Parent Relationship": "Inner",
                                                        "Parallel Aware": false,
                                                        "Async Capable": false,
                                                        "Startup Cost": 1.05,
                                                        "Total Cost": 1.05,
                                                        "Plan Rows": 3,
                                                        "Plan Width": 4,
                                                        "Actual Startup Time": 0.003,
                                                        "Actual Total Time": 0.005,
                                                        "Actual Rows": 3,
                                                        "Actual Loops": 1,
                                                        "Hash Buckets": 1024,
                                                        "Original Hash Buckets": 1024,
                                                        "Hash Batches": 1,
                                                        "Original Hash Batches": 1,
                                                        "Peak Memory Usage": 9,
                                                        "Plans": [
                                                            {
                                                                "Node Type": "Seq Scan",
                                                                "Parent Relationship": "Outer",
                                                                "Parallel Aware": false,
                                                                "Async Capable": false,
                                                                "Relation Name": "company_type",
                                                                "Alias": "ct",
                                                                "Startup Cost": 0.0,
                                                                "Total Cost": 1.05,
                                                                "Plan Rows": 3,
                                                                "Plan Width": 4,
                                                                "Actual Startup Time": 0.002,
                                                                "Actual Total Time": 0.003,
                                                                "Actual Rows": 3,
                                                                "Actual Loops": 1,
                                                                "Filter": "((kind IS NOT NULL) AND ((kind)::text <> 'production companies'::text))",
                                                                "Rows Removed by Filter": 1
                                                            }
                                                        ]
                                                    }
                                                ]
                                            },
                                            {
                                                "Node Type": "Hash",
                                                "Parent Relationship": "Inner",
                                                "Parallel Aware": false,
                                                "Async Capable": false,
                                                "Startup Cost": 462.97,
                                                "Total Cost": 462.97,
                                                "Plan Rows": 29997,
                                                "Plan Width": 8,
                                                "Actual Startup Time": 2.359,
                                                "Actual Total Time": 2.359,
                                                "Actual Rows": 29997,
                                                "Actual Loops": 1,
                                                "Hash Buckets": 32768,
                                                "Original Hash Buckets": 32768,
                                                "Hash Batches": 1,
                                                "Original Hash Batches": 1,
                                                "Peak Memory Usage": 1428,
                                                "Plans": [
                                                    {
                                                        "Node Type": "Seq Scan",
                                                        "Parent Relationship": "Outer",
                                                        "Parallel Aware": false,
                                                        "Async Capable": false,
                                                        "Relation Name": "movie_link",
                                                        "Alias": "ml",
                                                        "Startup Cost": 0.0,
                                                        "Total Cost": 462.97,
                                                        "Plan Rows": 29997,
                                                        "Plan Width": 8,
                                                        "Actual Startup Time": 0.003,
                                                        "Actual Total Time": 1.214,
                                                        "Actual Rows": 29997,
                                                        "Actual Loops": 1
                                                    }
                                                ]
                                            }
                                        ]
                                    },
                                    {
                                        "Node Type": "Hash",
                                        "Parent Relationship": "Inner",
                                        "Parallel Aware": false,
                                        "Async Capable": false,
                                        "Startup Cost": 1.18,
                                        "Total Cost": 1.18,
                                        "Plan Rows": 18,
                                        "Plan Width": 4,
                                        "Actual Startup Time": 0.009,
                                        "Actual Total Time": 0.009,
                                        "Actual Rows": 18,
                                        "Actual Loops": 1,
                                        "Hash Buckets": 1024,
                                        "Original Hash Buckets": 1024,
                                        "Hash Batches": 1,
                                        "Original Hash Batches": 1,
                                        "Peak Memory Usage": 9,
                                        "Plans": [
                                            {
                                                "Node Type": "Seq Scan",
                                                "Parent Relationship": "Outer",
                                                "Parallel Aware": false,
                                                "Async Capable": false,
                                                "Relation Name": "link_type",
                                                "Alias": "lt",
                                                "Startup Cost": 0.0,
                                                "Total Cost": 1.18,
                                                "Plan Rows": 18,
                                                "Plan Width": 4,
                                                "Actual Startup Time": 0.006,
                                                "Actual Total Time": 0.007,
                                                "Actual Rows": 18,
                                                "Actual Loops": 1
                                            }
                                        ]
                                    }
                                ]
                            }
                        ]
                    },
                    "Planning Time": 1.379,
                    "Triggers": [],
                    "Execution Time": 179.93
                }
            ],
            "hints": [
                "SET enable_hashjoin TO on",
                "SET enable_indexonlyscan TO on",
                "SET enable_indexscan TO off",
                "SET enable_mergejoin TO off",
                "SET enable_nestloop TO off",
                "SET enable_seqscan TO on"
            ]
        },
        {
            "arm": 4,
            "execution_time": 61.495,
            "plan": [
                {
                    "Plan": {
                        "Node Type": "Aggregate",
                        "Strategy": "Plain",
                        "Partial Mode": "Simple",
                        "Parallel Aware": false,
                        "Async Capable": false,
                        "Startup Cost": 6557.75,
                        "Total Cost": 6557.76,
                        "Plan Rows": 1,
                        "Plan Width": 96,
                        "Actual Startup Time": 61.458,
                        "Actual Total Time": 61.46,
                        "Actual Rows": 1,
                        "Actual Loops": 1,
                        "Plans": [
                            {
                                "Node Type": "Nested Loop",
                                "Parent Relationship": "Outer",
                                "Parallel Aware": false,
                                "Async Capable": false,
                                "Join Type": "Inner",
                                "Startup Cost": 2.0,
                                "Total Cost": 6557.74,
                                "Plan Rows": 1,
                                "Plan Width": 60,
                                "Actual Startup Time": 0.378,
                                "Actual Total Time": 61.028,
                                "Actual Rows": 6946,
                                "Actual Loops": 1,
                                "Inner Unique": true,
                                "Join Filter": "(ml.movie_id = t.id)",
                                "Rows Removed by Join Filter": 0,
                                "Plans": [
                                    {
                                        "Node Type": "Nested Loop",
                                        "Parent Relationship": "Outer",
                                        "Parallel Aware": false,
                                        "Async Capable": false,
                                        "Join Type": "Inner",
                                        "Startup Cost": 1.57,
                                        "Total Cost": 6557.24,
                                        "Plan Rows": 1,
                                        "Plan Width": 55,
                                        "Actual Startup Time": 0.371,
                                        "Actual Total Time": 57.338,
                                        "Actual Rows": 6946,
                                        "Actual Loops": 1,
                                        "Inner Unique": true,
                                        "Join Filter": "(lt.id = ml.link_type_id)",
                                        "Rows Removed by Join Filter": 42158,
                                        "Plans": [
                                            {
                                                "Node Type": "Nested Loop",
                                                "Parent Relationship": "Outer",
                                                "Parallel Aware": false,
                                                "Async Capable": false,
                                                "Join Type": "Inner",
                                                "Startup Cost": 1.57,
                                                "Total Cost": 6555.83,
                                                "Plan Rows": 1,
                                                "Plan Width": 59,
                                                "Actual Startup Time": 0.368,
                                                "Actual Total Time": 52.95,
                                                "Actual Rows": 6946,
                                                "Actual Loops": 1,
                                                "Inner Unique": true,
                                                "Plans": [
                                                    {
                                                        "Node Type": "Nested Loop",
                                                        "Parent Relationship": "Outer",
                                                        "Parallel Aware": false,
                                                        "Async Capable": false,
                                                        "Join Type": "Inner",
                                                        "Startup Cost": 1.15,
                                                        "Total Cost": 6527.05,
                                                        "Plan Rows": 63,
                                                        "Plan Width": 44,
                                                        "Actual Startup Time": 0.271,
                                                        "Actual Total Time": 44.562,
                                                        "Actual Rows": 14916,
                                                        "Actual Loops": 1,
                                                        "Inner Unique": true,
                                                        "Join Filter": "(ct.id = mc.company_type_id)",
                                                        "Rows Removed by Join Filter": 1782,
                                                        "Plans": [
                                                            {
                                                                "Node Type": "Nested Loop",
                                                                "Parent Relationship": "Outer",
                                                                "Parallel Aware": false,
                                                                "Async Capable": false,
                                                                "Join Type": "Inner",
                                                                "Startup Cost": 1.15,
                                                                "Total Cost": 6522.69,
                                                                "Plan Rows": 84,
                                                                "Plan Width": 48,
                                                                "Actual Startup Time": 0.267,
                                                                "Actual Total Time": 42.981,
                                                                "Actual Rows": 15510,
                                                                "Actual Loops": 1,
                                                                "Inner Unique": false,
                                                                "Join Filter": "(mc.movie_id = ml.movie_id)",
                                                                "Rows Removed by Join Filter": 0,
                                                                "Plans": [
                                                                    {
                                                                        "Node Type": "Nested Loop",
                                                                        "Parent Relationship": "Outer",
                                                                        "Parallel Aware": false,
                                                                        "Async Capable": false,
                                                                        "Join Type": "Inner",
                                                                        "Startup Cost": 0.72,
                                                                        "Total Cost": 6504.79,
                                                                        "Plan Rows": 31,
                                                                        "Plan Width": 12,
                                                                        "Actual Startup Time": 0.259,
                                                                        "Actual Total Time": 40.23,
                                                                        "Actual Rows": 1460,
                                                                        "Actual Loops": 1,
                                                                        "Inner Unique": false,
                                                                        "Plans": [
                                                                            {
                                                                                "Node Type": "Nested Loop",
                                                                                "Parent Relationship": "Outer",
                                                                                "Parallel Aware": false,
                                                                                "Async Capable": false,
                                                                                "Join Type": "Inner",
                                                                                "Startup Cost": 0.43,
                                                                                "Total Cost": 6461.84,
                                                                                "Plan Rows": 101,
                                                                                "Plan Width": 4,
                                                                                "Actual Startup Time": 0.254,
                                                                                "Actual Total Time": 27.359,
                                                                                "Actual Rows": 47403,
                                                                                "Actual Loops": 1,
                                                                                "Inner Unique": false,
                                                                                "Plans": [
                                                                                    {
                                                                                        "Node Type": "Seq Scan",
                                                                                        "Parent Relationship": "Outer",
                                                                                        "Parallel Aware": false,
                                                                                        "Async Capable": false,
                                                                                        "Relation Name": "keyword",
                                                                                        "Alias": "k",
                                                                                        "Startup Cost": 0.0,
                                                                                        "Total Cost": 2852.84,
                                                                                        "Plan Rows": 3,
                                                                                        "Plan Width": 4,
                                                                                        "Actual Startup Time": 0.231,
                                                                                        "Actual Total Time": 5.365,
                                                                                        "Actual Rows": 3,
                                                                                        "Actual Loops": 1,
                                                                                        "Filter": "(keyword = ANY ('{sequel,revenge,based-on-novel}'::text[]))",
                                                                                        "Rows Removed by Filter": 134167
                                                                                    },
                                                                                    {
                                                                                        "Node Type": "Index Scan",
                                                                                        "Parent Relationship": "Inner",
                                                                                        "Parallel Aware": false,
                                                                                        "Async Capable": false,
                                                                                        "Scan Direction": "Forward",
                                                                                        "Index Name": "keyword_id_movie_keyword",
                                                                                        "Relation Name": "movie_keyword",
                                                                                        "Alias": "mk",
                                                                                        "Startup Cost": 0.43,
                                                                                        "Total Cost": 1199.97,
                                                                                        "Plan Rows": 303,
                                                                                        "Plan Width": 8,
                                                                                        "Actual Startup Time": 0.01,
                                                                                        "Actual Total Time": 6.611,
                                                                                        "Actual Rows": 15801,
                                                                                        "Actual Loops": 3,
                                                                                        "Index Cond": "(keyword_id = k.id)",
                                                                                        "Rows Removed by Index Recheck": 0
                                                                                    }
                                                                                ]
                                                                            },
                                                                            {
                                                                                "Node Type": "Index Scan",
                                                                                "Parent Relationship": "Inner",
                                                                                "Parallel Aware": false,
                                                                                "Async Capable": false,
                                                                                "Scan Direction": "Forward",
                                                                                "Index Name": "movie_id_movie_link",
                                                                                "Relation Name": "movie_link",
                                                                                "Alias": "ml",
                                                                                "Startup Cost": 0.29,
                                                                                "Total Cost": 0.38,
                                                                                "Plan Rows": 5,
                                                                                "Plan Width": 8,
                                                                                "Actual Startup Time": 0.0,
                                                                                "Actual Total Time": 0.0,
                                                                                "Actual Rows": 0,
                                                                                "Actual Loops": 47403,
                                                                                "Index Cond": "(movie_id = mk.movie_id)",
                                                                                "Rows Removed by Index Recheck": 0
                                                                            }
                                                                        ]
                                                                    },
                                                                    {
                                                                        "Node Type": "Index Scan",
                                                                        "Parent Relationship": "Inner",
                                                                        "Parallel Aware": false,
                                                                        "Async Capable": false,
                                                                        "Scan Direction": "Forward",
                                                                        "Index Name": "movie_id_movie_companies",
                                                                        "Relation Name": "movie_companies",
                                                                        "Alias": "mc",
                                                                        "Startup Cost": 0.43,
                                                                        "Total Cost": 0.54,
                                                                        "Plan Rows": 3,
                                                                        "Plan Width": 36,
                                                                        "Actual Startup Time": 0.001,
                                                                        "Actual Total Time": 0.001,
                                                                        "Actual Rows": 11,
                                                                        "Actual Loops": 1460,
                                                                        "Index Cond": "(movie_id = mk.movie_id)",
                                                                        "Rows Removed by Index Recheck": 0,
                                                                        "Filter": "(note IS NOT NULL)",
                                                                        "Rows Removed by Filter": 2
                                                                    }
                                                                ]
                                                            },
                                                            {
                                                                "Node Type": "Materialize",
                                                                "Parent Relationship": "Inner",
                                                                "Parallel Aware": false,
                                                                "Async Capable": false,
                                                                "Startup Cost": 0.0,
                                                                "Total Cost": 1.06,
                                                                "Plan Rows": 3,
                                                                "Plan Width": 4,
                                                                "Actual Startup Time": 0.0,
                                                                "Actual Total Time": 0.0,
                                                                "Actual Rows": 1,
                                                                "Actual Loops": 15510,
                                                                "Plans": [
                                                                    {
                                                                        "Node Type": "Seq Scan",
                                                                        "Parent Relationship": "Outer",
                                                                        "Parallel Aware": false,
                                                                        "Async Capable": false,
                                                                        "Relation Name": "company_type",
                                                                        "Alias": "ct",
                                                                        "Startup Cost": 0.0,
                                                                        "Total Cost": 1.05,
                                                                        "Plan Rows": 3,
                                                                        "Plan Width": 4,
                                                                        "Actual Startup Time": 0.003,
                                                                        "Actual Total Time": 0.003,
                                                                        "Actual Rows": 3,
                                                                        "Actual Loops": 1,
                                                                        "Filter": "((kind IS NOT NULL) AND ((kind)::text <> 'production companies'::text))",
                                                                        "Rows Removed by Filter": 1
                                                                    }
                                                                ]
                                                            }
                                                        ]
                                                    },
                                                    {
                                                        "Node Type": "Index Scan",
                                                        "Parent Relationship": "Inner",
                                                        "Parallel Aware": false,
                                                        "Async Capable": false,
                                                        "Scan Direction": "Forward",
                                                        "Index Name": "company_name_pkey",
                                                        "Relation Name": "company_name",
                                                        "Alias": "cn",
                                                        "Startup Cost": 0.42,
                                                        "Total Cost": 0.46,
                                                        "Plan Rows": 1,
                                                        "Plan Width": 23,
                                                        "Actual Startup Time": 0.0,
                                                        "Actual Total Time": 0.0,
                                                        "Actual Rows": 0,
                                                        "Actual Loops": 14916,
                                                        "Index Cond": "(id = mc.company_id)",
                                                        "Rows Removed by Index Recheck": 0,
                                                        "Filter": "(((country_code)::text <> '[pl]'::text) AND ((name ~~ '20th Century Fox%'::text) OR (name ~~ 'Twentieth Century Fox%'::text)))",
                                                        "Rows Removed by Filter": 1
                                                    }
                                                ]
                                            },
                                            {
                                                "Node Type": "Seq Scan",
                                                "Parent Relationship": "Inner",
                                                "Parallel Aware": false,
                                                "Async Capable": false,
                                                "Relation Name": "link_type",
                                                "Alias": "lt",
                                                "Startup Cost": 0.0,
                                                "Total Cost": 1.18,
                                                "Plan Rows": 18,
                                                "Plan Width": 4,
                                                "Actual Startup Time": 0.0,
                                                "Actual Total Time": 0.0,
                                                "Actual Rows": 7,
                                                "Actual Loops": 6946
                                            }
                                        ]
                                    },
                                    {
                                        "Node Type": "Index Scan",
                                        "Parent Relationship": "Inner",
                                        "Parallel Aware": false,
                                        "Async Capable": false,
                                        "Scan Direction": "Forward",
                                        "Index Name": "title_pkey",
                                        "Relation Name": "title",
                                        "Alias": "t",
                                        "Startup Cost": 0.43,
                                        "Total Cost": 0.49,
                                        "Plan Rows": 1,
                                        "Plan Width": 21,
                                        "Actual Startup Time": 0.0,
                                        "Actual Total Time": 0.0,
                                        "Actual Rows": 1,
                                        "Actual Loops": 6946,
                                        "Index Cond": "(id = mk.movie_id)",
                                        "Rows Removed by Index Recheck": 0,
                                        "Filter": "(production_year > 1950)",
                                        "Rows Removed by Filter": 0
                                    }
                                ]
                            }
                        ]
                    },
                    "Planning Time": 1.412,
                    "Triggers": [],
                    "Execution Time": 61.495
                }
            ],
            "hints": [
                "SET enable_hashjoin TO on",
                "SET enable_indexonlyscan TO on",
                "SET enable_indexscan TO on",
                "SET enable_mergejoin TO off",
                "SET enable_nestloop TO on",
                "SET enable_seqscan TO on"
            ]
        }
    ]
}