{
    "sql_file": "job17a.sql",
    "query": "SELECT MIN(n.name) AS member_in_charnamed_american_movie, MIN(n.name) AS a1 FROM cast_info AS ci, company_name AS cn, keyword AS k, movie_companies AS mc, movie_keyword AS mk, name AS n, title AS t WHERE cn.country_code ='[us]' AND k.keyword ='character-name-in-title' AND n.name  LIKE 'B%' AND n.id = ci.person_id AND ci.movie_id = t.id AND t.id = mk.movie_id AND mk.keyword_id = k.id AND t.id = mc.movie_id AND mc.company_id = cn.id AND ci.movie_id = mc.movie_id AND ci.movie_id = mk.movie_id AND mc.movie_id = mk.movie_id;",
    "results": [
        {
            "arm": 0,
            "execution_time": 4037.783,
            "plan": [
                {
                    "Plan": {
                        "Node Type": "Aggregate",
                        "Strategy": "Plain",
                        "Partial Mode": "Simple",
                        "Parallel Aware": false,
                        "Async Capable": false,
                        "Startup Cost": 4727.49,
                        "Total Cost": 4727.5,
                        "Plan Rows": 1,
                        "Plan Width": 64,
                        "Actual Startup Time": 4037.749,
                        "Actual Total Time": 4037.751,
                        "Actual Rows": 1,
                        "Actual Loops": 1,
                        "Plans": [
                            {
                                "Node Type": "Nested Loop",
                                "Parent Relationship": "Outer",
                                "Parallel Aware": false,
                                "Async Capable": false,
                                "Join Type": "Inner",
                                "Startup Cost": 2.58,
                                "Total Cost": 4727.23,
                                "Plan Rows": 103,
                                "Plan Width": 15,
                                "Actual Startup Time": 0.281,
                                "Actual Total Time": 4028.328,
                                "Actual Rows": 258289,
                                "Actual Loops": 1,
                                "Inner Unique": true,
                                "Plans": [
                                    {
                                        "Node Type": "Nested Loop",
                                        "Parent Relationship": "Outer",
                                        "Parallel Aware": false,
                                        "Async Capable": false,
                                        "Join Type": "Inner",
                                        "Startup Cost": 2.15,
                                        "Total Cost": 4142.16,
                                        "Plan Rows": 1278,
                                        "Plan Width": 4,
                                        "Actual Startup Time": 0.262,
                                        "Actual Total Time": 1312.618,
                                        "Actual Rows": 2832555,
                                        "Actual Loops": 1,
                                        "Inner Unique": false,
                                        "Join Filter": "(ci.movie_id = t.id)",
                                        "Rows Removed by Join Filter": 0,
                                        "Plans": [
                                            {
                                                "Node Type": "Nested Loop",
                                                "Parent Relationship": "Outer",
                                                "Parallel Aware": false,
                                                "Async Capable": false,
                                                "Join Type": "Inner",
                                                "Startup Cost": 1.71,
                                                "Total Cost": 4022.15,
                                                "Plan Rows": 65,
                                                "Plan Width": 12,
                                                "Actual Startup Time": 0.192,
                                                "Actual Total Time": 277.007,
                                                "Actual Rows": 68316,
                                                "Actual Loops": 1,
                                                "Inner Unique": true,
                                                "Plans": [
                                                    {
                                                        "Node Type": "Nested Loop",
                                                        "Parent Relationship": "Outer",
                                                        "Parallel Aware": false,
                                                        "Async Capable": false,
                                                        "Join Type": "Inner",
                                                        "Startup Cost": 1.29,
                                                        "Total Cost": 3941.42,
                                                        "Plan Rows": 181,
                                                        "Plan Width": 16,
                                                        "Actual Startup Time": 0.18,
                                                        "Actual Total Time": 125.69,
                                                        "Actual Rows": 148552,
                                                        "Actual Loops": 1,
                                                        "Inner Unique": false,
                                                        "Join Filter": "(mc.movie_id = t.id)",
                                                        "Rows Removed by Join Filter": 0,
                                                        "Plans": [
                                                            {
                                                                "Node Type": "Nested Loop",
                                                                "Parent Relationship": "Outer",
                                                                "Parallel Aware": false,
                                                                "Async Capable": false,
                                                                "Join Type": "Inner",
                                                                "Startup Cost": 0.86,
                                                                "Total Cost": 3920.94,
                                                                "Plan Rows": 34,
                                                                "Plan Width": 8,
                                                                "Actual Startup Time": 0.169,
                                                                "Actual Total Time": 55.789,
                                                                "Actual Rows": 41840,
                                                                "Actual Loops": 1,
                                                                "Inner Unique": true,
                                                                "Plans": [
                                                                    {
                                                                        "Node Type": "Nested Loop",
                                                                        "Parent Relationship": "Outer",
                                                                        "Parallel Aware": false,
                                                                        "Async Capable": false,
                                                                        "Join Type": "Inner",
                                                                        "Startup Cost": 0.43,
                                                                        "Total Cost": 3905.45,
                                                                        "Plan Rows": 34,
                                                                        "Plan Width": 4,
                                                                        "Actual Startup Time": 0.166,
                                                                        "Actual Total Time": 22.897,
                                                                        "Actual Rows": 41840,
                                                                        "Actual Loops": 1,
                                                                        "Inner Unique": false,
                                                                        "Plans": [
                                                                            {
                                                                                "Node Type": "Seq Scan",
                                                                                "Parent Relationship": "Outer",
                                                                                "Parallel Aware": false,
                                                                                "Async Capable": false,
                                                                                "Relation Name": "keyword",
                                                                                "Alias": "k",
                                                                                "Startup Cost": 0.0,
                                                                                "Total Cost": 2685.12,
                                                                                "Plan Rows": 1,
                                                                                "Plan Width": 4,
                                                                                "Actual Startup Time": 0.158,
                                                                                "Actual Total Time": 4.305,
                                                                                "Actual Rows": 1,
                                                                                "Actual Loops": 1,
                                                                                "Filter": "(keyword = 'character-name-in-title'::text)",
                                                                                "Rows Removed by Filter": 134169
                                                                            },
                                                                            {
                                                                                "Node Type": "Index Scan",
                                                                                "Parent Relationship": "Inner",
                                                                                "Parallel Aware": false,
                                                                                "Async Capable": false,
                                                                                "Scan Direction": "Forward",
                                                                                "Index Name": "keyword_id_movie_keyword",
                                                                                "Relation Name": "movie_keyword",
                                                                                "Alias": "mk",
                                                                                "Startup Cost": 0.43,
                                                                                "Total Cost": 1217.3,
                                                                                "Plan Rows": 303,
                                                                                "Plan Width": 8,
                                                                                "Actual Startup Time": 0.007,
                                                                                "Actual Total Time": 16.49,
                                                                                "Actual Rows": 41840,
                                                                                "Actual Loops": 1,
                                                                                "Index Cond": "(keyword_id = k.id)",
                                                                                "Rows Removed by Index Recheck": 0
                                                                            }
                                                                        ]
                                                                    },
                                                                    {
                                                                        "Node Type": "Index Only Scan",
                                                                        "Parent Relationship": "Inner",
                                                                        "Parallel Aware": false,
                                                                        "Async Capable": false,
                                                                        "Scan Direction": "Forward",
                                                                        "Index Name": "title_pkey",
                                                                        "Relation Name": "title",
                                                                        "Alias": "t",
                                                                        "Startup Cost": 0.43,
                                                                        "Total Cost": 0.46,
                                                                        "Plan Rows": 1,
                                                                        "Plan Width": 4,
                                                                        "Actual Startup Time": 0.001,
                                                                        "Actual Total Time": 0.001,
                                                                        "Actual Rows": 1,
                                                                        "Actual Loops": 41840,
                                                                        "Index Cond": "(id = mk.movie_id)",
                                                                        "Rows Removed by Index Recheck": 0,
                                                                        "Heap Fetches": 0
                                                                    }
                                                                ]
                                                            },
                                                            {
                                                                "Node Type": "Index Scan",
                                                                "Parent Relationship": "Inner",
                                                                "Parallel Aware": false,
                                                                "Async Capable": false,
                                                                "Scan Direction": "Forward",
                                                                "Index Name": "movie_id_movie_companies",
                                                                "Relation Name": "movie_companies",
                                                                "Alias": "mc",
                                                                "Startup Cost": 0.43,
                                                                "Total Cost": 0.54,
                                                                "Plan Rows": 5,
                                                                "Plan Width": 8,
                                                                "Actual Startup Time": 0.001,
                                                                "Actual Total Time": 0.001,
                                                                "Actual Rows": 4,
                                                                "Actual Loops": 41840,
                                                                "Index Cond": "(movie_id = mk.movie_id)",
                                                                "Rows Removed by Index Recheck": 0
                                                            }
                                                        ]
                                                    },
                                                    {
                                                        "Node Type": "Index Scan",
                                                        "Parent Relationship": "Inner",
                                                        "Parallel Aware": false,
                                                        "Async Capable": false,
                                                        "Scan Direction": "Forward",
                                                        "Index Name": "company_name_pkey",
                                                        "Relation Name": "company_name",
                                                        "Alias": "cn",
                                                        "Startup Cost": 0.42,
                                                        "Total Cost": 0.45,
                                                        "Plan Rows": 1,
                                                        "Plan Width": 4,
                                                        "Actual Startup Time": 0.001,
                                                        "Actual Total Time": 0.001,
                                                        "Actual Rows": 0,
                                                        "Actual Loops": 148552,
                                                        "Index Cond": "(id = mc.company_id)",
                                                        "Rows Removed by Index Recheck": 0,
                                                        "Filter": "((country_code)::text = '[us]'::text)",
                                                        "Rows Removed by Filter": 1
                                                    }
                                                ]
                                            },
                                            {
                                                "Node Type": "Index Scan",
                                                "Parent Relationship": "Inner",
                                                "Parallel Aware": false,
                                                "Async Capable": false,
                                                "Scan Direction": "Forward",
                                                "Index Name": "movie_id_cast_info",
                                                "Relation Name": "cast_info",
                                                "Alias": "ci",
                                                "Startup Cost": 0.44,
                                                "Total Cost": 1.37,
                                                "Plan Rows": 38,
                                                "Plan Width": 8,
                                                "Actual Startup Time": 0.001,
                                                "Actual Total Time": 0.013,
                                                "Actual Rows": 41,
                                                "Actual Loops": 68316,
                                                "Index Cond": "(movie_id = mk.movie_id)",
                                                "Rows Removed by Index Recheck": 0
                                            }
                                        ]
                                    },
                                    {
                                        "Node Type": "Index Scan",
                                        "Parent Relationship": "Inner",
                                        "Parallel Aware": false,
                                        "Async Capable": false,
                                        "Scan Direction": "Forward",
                                        "Index Name": "name_pkey",
                                        "Relation Name": "name",
                                        "Alias": "n",
                                        "Startup Cost": 0.43,
                                        "Total Cost": 0.46,
                                        "Plan Rows": 1,
                                        "Plan Width": 19,
                                        "Actual Startup Time": 0.001,
                                        "Actual Total Time": 0.001,
                                        "Actual Rows": 0,
                                        "Actual Loops": 2832555,
                                        "Index Cond": "(id = ci.person_id)",
                                        "Rows Removed by Index Recheck": 0,
                                        "Filter": "(name ~~ 'B%'::text)",
                                        "Rows Removed by Filter": 1
                                    }
                                ]
                            }
                        ]
                    },
                    "Planning Time": 1.304,
                    "Triggers": [],
                    "Execution Time": 4037.783
                }
            ],
            "hints": [
                "SET enable_hashjoin TO on",
                "SET enable_indexonlyscan TO on",
                "SET enable_indexscan TO on",
                "SET enable_mergejoin TO on",
                "SET enable_nestloop TO on",
                "SET enable_seqscan TO on"
            ]
        },
        {
            "arm": 1,
            "execution_time": 708.209,
            "plan": [
                {
                    "Plan": {
                        "Node Type": "Aggregate",
                        "Strategy": "Plain",
                        "Partial Mode": "Finalize",
                        "Parallel Aware": false,
                        "Async Capable": false,
                        "Startup Cost": 527190.11,
                        "Total Cost": 527190.12,
                        "Plan Rows": 1,
                        "Plan Width": 64,
                        "Actual Startup Time": 689.76,
                        "Actual Total Time": 708.166,
                        "Actual Rows": 1,
                        "Actual Loops": 1,
                        "Plans": [
                            {
                                "Node Type": "Gather",
                                "Parent Relationship": "Outer",
                                "Parallel Aware": false,
                                "Async Capable": false,
                                "Startup Cost": 527189.49,
                                "Total Cost": 527190.1,
                                "Plan Rows": 6,
                                "Plan Width": 32,
                                "Actual Startup Time": 688.605,
                                "Actual Total Time": 708.16,
                                "Actual Rows": 7,
                                "Actual Loops": 1,
                                "Workers Planned": 6,
                                "Workers Launched": 6,
                                "Single Copy": false,
                                "Plans": [
                                    {
                                        "Node Type": "Aggregate",
                                        "Strategy": "Plain",
                                        "Partial Mode": "Partial",
                                        "Parent Relationship": "Outer",
                                        "Parallel Aware": false,
                                        "Async Capable": false,
                                        "Startup Cost": 526189.49,
                                        "Total Cost": 526189.5,
                                        "Plan Rows": 1,
                                        "Plan Width": 32,
                                        "Actual Startup Time": 686.347,
                                        "Actual Total Time": 686.382,
                                        "Actual Rows": 1,
                                        "Actual Loops": 7,
                                        "Workers": [],
                                        "Plans": [
                                            {
                                                "Node Type": "Hash Join",
                                                "Parent Relationship": "Outer",
                                                "Parallel Aware": true,
                                                "Async Capable": false,
                                                "Join Type": "Inner",
                                                "Startup Cost": 195374.7,
                                                "Total Cost": 526189.45,
                                                "Plan Rows": 17,
                                                "Plan Width": 15,
                                                "Actual Startup Time": 267.775,
                                                "Actual Total Time": 685.349,
                                                "Actual Rows": 36898,
                                                "Actual Loops": 7,
                                                "Inner Unique": false,
                                                "Hash Cond": "(ci.movie_id = t.id)",
                                                "Workers": [],
                                                "Plans": [
                                                    {
                                                        "Node Type": "Hash Join",
                                                        "Parent Relationship": "Outer",
                                                        "Parallel Aware": true,
                                                        "Async Capable": false,
                                                        "Join Type": "Inner",
                                                        "Startup Cost": 69731.81,
                                                        "Total Cost": 398715.96,
                                                        "Plan Rows": 488139,
                                                        "Plan Width": 19,
                                                        "Actual Startup Time": 59.321,
                                                        "Actual Total Time": 453.296,
                                                        "Actual Rows": 445433,
                                                        "Actual Loops": 7,
                                                        "Inner Unique": true,
                                                        "Hash Cond": "(ci.person_id = n.id)",
                                                        "Workers": [],
                                                        "Plans": [
                                                            {
                                                                "Node Type": "Seq Scan",
                                                                "Parent Relationship": "Outer",
                                                                "Parallel Aware": true,
                                                                "Async Capable": false,
                                                                "Relation Name": "cast_info",
                                                                "Alias": "ci",
                                                                "Startup Cost": 0.0,
                                                                "Total Cost": 313127.24,
                                                                "Plan Rows": 6040724,
                                                                "Plan Width": 8,
                                                                "Actual Startup Time": 0.018,
                                                                "Actual Total Time": 181.635,
                                                                "Actual Rows": 5177763,
                                                                "Actual Loops": 7,
                                                                "Workers": []
                                                            },
                                                            {
                                                                "Node Type": "Hash",
                                                                "Parent Relationship": "Inner",
                                                                "Parallel Aware": true,
                                                                "Async Capable": false,
                                                                "Startup Cost": 68679.41,
                                                                "Total Cost": 68679.41,
                                                                "Plan Rows": 84192,
                                                                "Plan Width": 19,
                                                                "Actual Startup Time": 41.173,
                                                                "Actual Total Time": 41.174,
                                                                "Actual Rows": 49057,
                                                                "Actual Loops": 7,
                                                                "Hash Buckets": 524288,
                                                                "Original Hash Buckets": 524288,
                                                                "Hash Batches": 1,
                                                                "Original Hash Batches": 1,
                                                                "Peak Memory Usage": 22848,
                                                                "Workers": [],
                                                                "Plans": [
                                                                    {
                                                                        "Node Type": "Seq Scan",
                                                                        "Parent Relationship": "Outer",
                                                                        "Parallel Aware": true,
                                                                        "Async Capable": false,
                                                                        "Relation Name": "name",
                                                                        "Alias": "n",
                                                                        "Startup Cost": 0.0,
                                                                        "Total Cost": 68679.41,
                                                                        "Plan Rows": 84192,
                                                                        "Plan Width": 19,
                                                                        "Actual Startup Time": 0.766,
                                                                        "Actual Total Time": 34.237,
                                                                        "Actual Rows": 49057,
                                                                        "Actual Loops": 7,
                                                                        "Filter": "(name ~~ 'B%'::text)",
                                                                        "Rows Removed by Filter": 546299,
                                                                        "Workers": []
                                                                    }
                                                                ]
                                                            }
                                                        ]
                                                    },
                                                    {
                                                        "Node Type": "Hash",
                                                        "Parent Relationship": "Inner",
                                                        "Parallel Aware": true,
                                                        "Async Capable": false,
                                                        "Startup Cost": 125642.42,
                                                        "Total Cost": 125642.42,
                                                        "Plan Rows": 38,
                                                        "Plan Width": 12,
                                                        "Actual Startup Time": 206.682,
                                                        "Actual Total Time": 206.691,
                                                        "Actual Rows": 9759,
                                                        "Actual Loops": 7,
                                                        "Hash Buckets": 131072,
                                                        "Original Hash Buckets": 1024,
                                                        "Hash Batches": 1,
                                                        "Original Hash Batches": 1,
                                                        "Peak Memory Usage": 5368,
                                                        "Workers": [],
                                                        "Plans": [
                                                            {
                                                                "Node Type": "Hash Join",
                                                                "Parent Relationship": "Outer",
                                                                "Parallel Aware": true,
                                                                "Async Capable": false,
                                                                "Join Type": "Inner",
                                                                "Startup Cost": 120687.0,
                                                                "Total Cost": 125642.42,
                                                                "Plan Rows": 38,
                                                                "Plan Width": 12,
                                                                "Actual Startup Time": 200.072,
                                                                "Actual Total Time": 203.686,
                                                                "Actual Rows": 9759,
                                                                "Actual Loops": 7,
                                                                "Inner Unique": false,
                                                                "Hash Cond": "(cn.id = mc.company_id)",
                                                                "Workers": [],
                                                                "Plans": [
                                                                    {
                                                                        "Node Type": "Seq Scan",
                                                                        "Parent Relationship": "Outer",
                                                                        "Parallel Aware": true,
                                                                        "Async Capable": false,
                                                                        "Relation Name": "company_name",
                                                                        "Alias": "cn",
                                                                        "Startup Cost": 0.0,
                                                                        "Total Cost": 4767.92,
                                                                        "Plan Rows": 49967,
                                                                        "Plan Width": 4,
                                                                        "Actual Startup Time": 0.007,
                                                                        "Actual Total Time": 2.226,
                                                                        "Actual Rows": 12120,
                                                                        "Actual Loops": 7,
                                                                        "Filter": "((country_code)::text = '[us]'::text)",
                                                                        "Rows Removed by Filter": 21451,
                                                                        "Workers": []
                                                                    },
                                                                    {
                                                                        "Node Type": "Hash",
                                                                        "Parent Relationship": "Inner",
                                                                        "Parallel Aware": true,
                                                                        "Async Capable": false,
                                                                        "Startup Cost": 120686.28,
                                                                        "Total Cost": 120686.28,
                                                                        "Plan Rows": 58,
                                                                        "Plan Width": 16,
                                                                        "Actual Startup Time": 200.051,
                                                                        "Actual Total Time": 200.059,
                                                                        "Actual Rows": 21222,
                                                                        "Actual Loops": 7,
                                                                        "Hash Buckets": 262144,
                                                                        "Original Hash Buckets": 1024,
                                                                        "Hash Batches": 1,
                                                                        "Original Hash Batches": 1,
                                                                        "Peak Memory Usage": 11160,
                                                                        "Workers": [],
                                                                        "Plans": [
                                                                            {
                                                                                "Node Type": "Hash Join",
                                                                                "Parent Relationship": "Outer",
                                                                                "Parallel Aware": true,
                                                                                "Async Capable": false,
                                                                                "Join Type": "Inner",
                                                                                "Startup Cost": 90289.5,
                                                                                "Total Cost": 120686.28,
                                                                                "Plan Rows": 58,
                                                                                "Plan Width": 16,
                                                                                "Actual Startup Time": 154.171,
                                                                                "Actual Total Time": 190.183,
                                                                                "Actual Rows": 21222,
                                                                                "Actual Loops": 7,
                                                                                "Inner Unique": false,
                                                                                "Hash Cond": "(mc.movie_id = t.id)",
                                                                                "Workers": [],
                                                                                "Plans": [
                                                                                    {
                                                                                        "Node Type": "Seq Scan",
                                                                                        "Parent Relationship": "Outer",
                                                                                        "Parallel Aware": true,
                                                                                        "Async Capable": false,
                                                                                        "Relation Name": "movie_companies",
                                                                                        "Alias": "mc",
                                                                                        "Startup Cost": 0.0,
                                                                                        "Total Cost": 27240.55,
                                                                                        "Plan Rows": 841655,
                                                                                        "Plan Width": 8,
                                                                                        "Actual Startup Time": 0.015,
                                                                                        "Actual Total Time": 18.39,
                                                                                        "Actual Rows": 372733,
                                                                                        "Actual Loops": 7,
                                                                                        "Workers": []
                                                                                    },
                                                                                    {
                                                                                        "Node Type": "Hash",
                                                                                        "Parent Relationship": "Inner",
                                                                                        "Parallel Aware": true,
                                                                                        "Async Capable": false,
                                                                                        "Startup Cost": 90289.4,
                                                                                        "Total Cost": 90289.4,
                                                                                        "Plan Rows": 8,
                                                                                        "Plan Width": 8,
                                                                                        "Actual Startup Time": 154.109,
                                                                                        "Actual Total Time": 154.114,
                                                                                        "Actual Rows": 5977,
                                                                                        "Actual Loops": 7,
                                                                                        "Hash Buckets": 65536,
                                                                                        "Original Hash Buckets": 1024,
                                                                                        "Hash Batches": 1,
                                                                                        "Original Hash Batches": 1,
                                                                                        "Peak Memory Usage": 2744,
                                                                                        "Workers": [],
                                                                                        "Plans": [
                                                                                            {
                                                                                                "Node Type": "Hash Join",
                                                                                                "Parent Relationship": "Outer",
                                                                                                "Parallel Aware": true,
                                                                                                "Async Capable": false,
                                                                                                "Join Type": "Inner",
                                                                                                "Startup Cost": 45589.47,
                                                                                                "Total Cost": 90289.4,
                                                                                                "Plan Rows": 8,
                                                                                                "Plan Width": 8,
                                                                                                "Actual Startup Time": 72.661,
                                                                                                "Actual Total Time": 116.339,
                                                                                                "Actual Rows": 5977,
                                                                                                "Actual Loops": 7,
                                                                                                "Inner Unique": false,
                                                                                                "Hash Cond": "(t.id = mk.movie_id)",
                                                                                                "Workers": [],
                                                                                                "Plans": [
                                                                                                    {
                                                                                                        "Node Type": "Seq Scan",
                                                                                                        "Parent Relationship": "Outer",
                                                                                                        "Parallel Aware": true,
                                                                                                        "Async Capable": false,
                                                                                                        "Relation Name": "title",
                                                                                                        "Alias": "t",
                                                                                                        "Startup Cost": 0.0,
                                                                                                        "Total Cost": 42329.38,
                                                                                                        "Plan Rows": 632138,
                                                                                                        "Plan Width": 4,
                                                                                                        "Actual Startup Time": 0.018,
                                                                                                        "Actual Total Time": 25.37,
                                                                                                        "Actual Rows": 361187,
                                                                                                        "Actual Loops": 7,
                                                                                                        "Workers": []
                                                                                                    },
                                                                                                    {
                                                                                                        "Node Type": "Hash",
                                                                                                        "Parent Relationship": "Inner",
                                                                                                        "Parallel Aware": true,
                                                                                                        "Async Capable": false,
                                                                                                        "Startup Cost": 45589.33,
                                                                                                        "Total Cost": 45589.33,
                                                                                                        "Plan Rows": 11,
                                                                                                        "Plan Width": 4,
                                                                                                        "Actual Startup Time": 72.614,
                                                                                                        "Actual Total Time": 72.617,
                                                                                                        "Actual Rows": 5977,
                                                                                                        "Actual Loops": 7,
                                                                                                        "Hash Buckets": 65536,
                                                                                                        "Original Hash Buckets": 1024,
                                                                                                        "Hash Batches": 1,
                                                                                                        "Original Hash Batches": 1,
                                                                                                        "Peak Memory Usage": 2744,
                                                                                                        "Workers": [],
                                                                                                        "Plans": [
                                                                                                            {
                                                                                                                "Node Type": "Hash Join",
                                                                                                                "Parent Relationship": "Outer",
                                                                                                                "Parallel Aware": false,
                                                                                                                "Async Capable": false,
                                                                                                                "Join Type": "Inner",
                                                                                                                "Startup Cost": 2685.14,
                                                                                                                "Total Cost": 45589.33,
                                                                                                                "Plan Rows": 11,
                                                                                                                "Plan Width": 4,
                                                                                                                "Actual Startup Time": 5.31,
                                                                                                                "Actual Total Time": 54.273,
                                                                                                                "Actual Rows": 5977,
                                                                                                                "Actual Loops": 7,
                                                                                                                "Inner Unique": true,
                                                                                                                "Hash Cond": "(mk.keyword_id = k.id)",
                                                                                                                "Workers": [],
                                                                                                                "Plans": [
                                                                                                                    {
                                                                                                                        "Node Type": "Seq Scan",
                                                                                                                        "Parent Relationship": "Outer",
                                                                                                                        "Parallel Aware": true,
                                                                                                                        "Async Capable": false,
                                                                                                                        "Relation Name": "movie_keyword",
                                                                                                                        "Alias": "mk",
                                                                                                                        "Startup Cost": 0.0,
                                                                                                                        "Total Cost": 39073.32,
                                                                                                                        "Plan Rows": 1459332,
                                                                                                                        "Plan Width": 8,
                                                                                                                        "Actual Startup Time": 0.008,
                                                                                                                        "Actual Total Time": 29.133,
                                                                                                                        "Actual Rows": 646276,
                                                                                                                        "Actual Loops": 7,
                                                                                                                        "Workers": []
                                                                                                                    },
                                                                                                                    {
                                                                                                                        "Node Type": "Hash",
                                                                                                                        "Parent Relationship": "Inner",
                                                                                                                        "Parallel Aware": false,
                                                                                                                        "Async Capable": false,
                                                                                                                        "Startup Cost": 2685.12,
                                                                                                                        "Total Cost": 2685.12,
                                                                                                                        "Plan Rows": 1,
                                                                                                                        "Plan Width": 4,
                                                                                                                        "Actual Startup Time": 5.269,
                                                                                                                        "Actual Total Time": 5.271,
                                                                                                                        "Actual Rows": 1,
                                                                                                                        "Actual Loops": 7,
                                                                                                                        "Hash Buckets": 1024,
                                                                                                                        "Original Hash Buckets": 1024,
                                                                                                                        "Hash Batches": 1,
                                                                                                                        "Original Hash Batches": 1,
                                                                                                                        "Peak Memory Usage": 9,
                                                                                                                        "Workers": [],
                                                                                                                        "Plans": [
                                                                                                                            {
                                                                                                                                "Node Type": "Seq Scan",
                                                                                                                                "Parent Relationship": "Outer",
                                                                                                                                "Parallel Aware": false,
                                                                                                                                "Async Capable": false,
                                                                                                                                "Relation Name": "keyword",
                                                                                                                                "Alias": "k",
                                                                                                                                "Startup Cost": 0.0,
                                                                                                                                "Total Cost": 2685.12,
                                                                                                                                "Plan Rows": 1,
                                                                                                                                "Plan Width": 4,
                                                                                                                                "Actual Startup Time": 0.222,
                                                                                                                                "Actual Total Time": 5.268,
                                                                                                                                "Actual Rows": 1,
                                                                                                                                "Actual Loops": 7,
                                                                                                                                "Filter": "(keyword = 'character-name-in-title'::text)",
                                                                                                                                "Rows Removed by Filter": 134169,
                                                                                                                                "Workers": []
                                                                                                                            }
                                                                                                                        ]
                                                                                                                    }
                                                                                                                ]
                                                                                                            }
                                                                                                        ]
                                                                                                    }
                                                                                                ]
                                                                                            }
                                                                                        ]
                                                                                    }
                                                                                ]
                                                                            }
                                                                        ]
                                                                    }
                                                                ]
                                                            }
                                                        ]
                                                    }
                                                ]
                                            }
                                        ]
                                    }
                                ]
                            }
                        ]
                    },
                    "Planning Time": 1.296,
                    "Triggers": [],
                    "Execution Time": 708.209
                }
            ],
            "hints": [
                "SET enable_hashjoin TO on",
                "SET enable_indexonlyscan TO on",
                "SET enable_indexscan TO on",
                "SET enable_mergejoin TO on",
                "SET enable_nestloop TO off",
                "SET enable_seqscan TO on"
            ]
        },
        {
            "arm": 2,
            "execution_time": 680.0,
            "plan": [
                {
                    "Plan": {
                        "Node Type": "Aggregate",
                        "Strategy": "Plain",
                        "Partial Mode": "Finalize",
                        "Parallel Aware": false,
                        "Async Capable": false,
                        "Startup Cost": 527190.11,
                        "Total Cost": 527190.12,
                        "Plan Rows": 1,
                        "Plan Width": 64,
                        "Actual Startup Time": 661.535,
                        "Actual Total Time": 679.96,
                        "Actual Rows": 1,
                        "Actual Loops": 1,
                        "Plans": [
                            {
                                "Node Type": "Gather",
                                "Parent Relationship": "Outer",
                                "Parallel Aware": false,
                                "Async Capable": false,
                                "Startup Cost": 527189.49,
                                "Total Cost": 527190.1,
                                "Plan Rows": 6,
                                "Plan Width": 32,
                                "Actual Startup Time": 660.262,
                                "Actual Total Time": 679.955,
                                "Actual Rows": 7,
                                "Actual Loops": 1,
                                "Workers Planned": 6,
                                "Workers Launched": 6,
                                "Single Copy": false,
                                "Plans": [
                                    {
                                        "Node Type": "Aggregate",
                                        "Strategy": "Plain",
                                        "Partial Mode": "Partial",
                                        "Parent Relationship": "Outer",
                                        "Parallel Aware": false,
                                        "Async Capable": false,
                                        "Startup Cost": 526189.49,
                                        "Total Cost": 526189.5,
                                        "Plan Rows": 1,
                                        "Plan Width": 32,
                                        "Actual Startup Time": 658.31,
                                        "Actual Total Time": 658.337,
                                        "Actual Rows": 1,
                                        "Actual Loops": 7,
                                        "Workers": [],
                                        "Plans": [
                                            {
                                                "Node Type": "Hash Join",
                                                "Parent Relationship": "Outer",
                                                "Parallel Aware": true,
                                                "Async Capable": false,
                                                "Join Type": "Inner",
                                                "Startup Cost": 195374.7,
                                                "Total Cost": 526189.45,
                                                "Plan Rows": 17,
                                                "Plan Width": 15,
                                                "Actual Startup Time": 243.473,
                                                "Actual Total Time": 657.307,
                                                "Actual Rows": 36898,
                                                "Actual Loops": 7,
                                                "Inner Unique": false,
                                                "Hash Cond": "(ci.movie_id = t.id)",
                                                "Workers": [],
                                                "Plans": [
                                                    {
                                                        "Node Type": "Hash Join",
                                                        "Parent Relationship": "Outer",
                                                        "Parallel Aware": true,
                                                        "Async Capable": false,
                                                        "Join Type": "Inner",
                                                        "Startup Cost": 69731.81,
                                                        "Total Cost": 398715.96,
                                                        "Plan Rows": 488139,
                                                        "Plan Width": 19,
                                                        "Actual Startup Time": 56.204,
                                                        "Actual Total Time": 446.56,
                                                        "Actual Rows": 445433,
                                                        "Actual Loops": 7,
                                                        "Inner Unique": true,
                                                        "Hash Cond": "(ci.person_id = n.id)",
                                                        "Workers": [],
                                                        "Plans": [
                                                            {
                                                                "Node Type": "Seq Scan",
                                                                "Parent Relationship": "Outer",
                                                                "Parallel Aware": true,
                                                                "Async Capable": false,
                                                                "Relation Name": "cast_info",
                                                                "Alias": "ci",
                                                                "Startup Cost": 0.0,
                                                                "Total Cost": 313127.24,
                                                                "Plan Rows": 6040724,
                                                                "Plan Width": 8,
                                                                "Actual Startup Time": 0.023,
                                                                "Actual Total Time": 179.037,
                                                                "Actual Rows": 5177763,
                                                                "Actual Loops": 7,
                                                                "Workers": []
                                                            },
                                                            {
                                                                "Node Type": "Hash",
                                                                "Parent Relationship": "Inner",
                                                                "Parallel Aware": true,
                                                                "Async Capable": false,
                                                                "Startup Cost": 68679.41,
                                                                "Total Cost": 68679.41,
                                                                "Plan Rows": 84192,
                                                                "Plan Width": 19,
                                                                "Actual Startup Time": 38.912,
                                                                "Actual Total Time": 38.913,
                                                                "Actual Rows": 49057,
                                                                "Actual Loops": 7,
                                                                "Hash Buckets": 524288,
                                                                "Original Hash Buckets": 524288,
                                                                "Hash Batches": 1,
                                                                "Original Hash Batches": 1,
                                                                "Peak Memory Usage": 22816,
                                                                "Workers": [],
                                                                "Plans": [
                                                                    {
                                                                        "Node Type": "Seq Scan",
                                                                        "Parent Relationship": "Outer",
                                                                        "Parallel Aware": true,
                                                                        "Async Capable": false,
                                                                        "Relation Name": "name",
                                                                        "Alias": "n",
                                                                        "Startup Cost": 0.0,
                                                                        "Total Cost": 68679.41,
                                                                        "Plan Rows": 84192,
                                                                        "Plan Width": 19,
                                                                        "Actual Startup Time": 0.679,
                                                                        "Actual Total Time": 32.494,
                                                                        "Actual Rows": 49057,
                                                                        "Actual Loops": 7,
                                                                        "Filter": "(name ~~ 'B%'::text)",
                                                                        "Rows Removed by Filter": 546299,
                                                                        "Workers": []
                                                                    }
                                                                ]
                                                            }
                                                        ]
                                                    },
                                                    {
                                                        "Node Type": "Hash",
                                                        "Parent Relationship": "Inner",
                                                        "Parallel Aware": true,
                                                        "Async Capable": false,
                                                        "Startup Cost": 125642.42,
                                                        "Total Cost": 125642.42,
                                                        "Plan Rows": 38,
                                                        "Plan Width": 12,
                                                        "Actual Startup Time": 185.512,
                                                        "Actual Total Time": 185.519,
                                                        "Actual Rows": 9759,
                                                        "Actual Loops": 7,
                                                        "Hash Buckets": 131072,
                                                        "Original Hash Buckets": 1024,
                                                        "Hash Batches": 1,
                                                        "Original Hash Batches": 1,
                                                        "Peak Memory Usage": 5400,
                                                        "Workers": [],
                                                        "Plans": [
                                                            {
                                                                "Node Type": "Hash Join",
                                                                "Parent Relationship": "Outer",
                                                                "Parallel Aware": true,
                                                                "Async Capable": false,
                                                                "Join Type": "Inner",
                                                                "Startup Cost": 120687.0,
                                                                "Total Cost": 125642.42,
                                                                "Plan Rows": 38,
                                                                "Plan Width": 12,
                                                                "Actual Startup Time": 179.15,
                                                                "Actual Total Time": 182.758,
                                                                "Actual Rows": 9759,
                                                                "Actual Loops": 7,
                                                                "Inner Unique": false,
                                                                "Hash Cond": "(cn.id = mc.company_id)",
                                                                "Workers": [],
                                                                "Plans": [
                                                                    {
                                                                        "Node Type": "Seq Scan",
                                                                        "Parent Relationship": "Outer",
                                                                        "Parallel Aware": true,
                                                                        "Async Capable": false,
                                                                        "Relation Name": "company_name",
                                                                        "Alias": "cn",
                                                                        "Startup Cost": 0.0,
                                                                        "Total Cost": 4767.92,
                                                                        "Plan Rows": 49967,
                                                                        "Plan Width": 4,
                                                                        "Actual Startup Time": 0.006,
                                                                        "Actual Total Time": 2.156,
                                                                        "Actual Rows": 12120,
                                                                        "Actual Loops": 7,
                                                                        "Filter": "((country_code)::text = '[us]'::text)",
                                                                        "Rows Removed by Filter": 21451,
                                                                        "Workers": []
                                                                    },
                                                                    {
                                                                        "Node Type": "Hash",
                                                                        "Parent Relationship": "Inner",
                                                                        "Parallel Aware": true,
                                                                        "Async Capable": false,
                                                                        "Startup Cost": 120686.28,
                                                                        "Total Cost": 120686.28,
                                                                        "Plan Rows": 58,
                                                                        "Plan Width": 16,
                                                                        "Actual Startup Time": 179.132,
                                                                        "Actual Total Time": 179.138,
                                                                        "Actual Rows": 21222,
                                                                        "Actual Loops": 7,
                                                                        "Hash Buckets": 262144,
                                                                        "Original Hash Buckets": 1024,
                                                                        "Hash Batches": 1,
                                                                        "Original Hash Batches": 1,
                                                                        "Peak Memory Usage": 11160,
                                                                        "Workers": [],
                                                                        "Plans": [
                                                                            {
                                                                                "Node Type": "Hash Join",
                                                                                "Parent Relationship": "Outer",
                                                                                "Parallel Aware": true,
                                                                                "Async Capable": false,
                                                                                "Join Type": "Inner",
                                                                                "Startup Cost": 90289.5,
                                                                                "Total Cost": 120686.28,
                                                                                "Plan Rows": 58,
                                                                                "Plan Width": 16,
                                                                                "Actual Startup Time": 135.181,
                                                                                "Actual Total Time": 168.553,
                                                                                "Actual Rows": 21222,
                                                                                "Actual Loops": 7,
                                                                                "Inner Unique": false,
                                                                                "Hash Cond": "(mc.movie_id = t.id)",
                                                                                "Workers": [],
                                                                                "Plans": [
                                                                                    {
                                                                                        "Node Type": "Seq Scan",
                                                                                        "Parent Relationship": "Outer",
                                                                                        "Parallel Aware": true,
                                                                                        "Async Capable": false,
                                                                                        "Relation Name": "movie_companies",
                                                                                        "Alias": "mc",
                                                                                        "Startup Cost": 0.0,
                                                                                        "Total Cost": 27240.55,
                                                                                        "Plan Rows": 841655,
                                                                                        "Plan Width": 8,
                                                                                        "Actual Startup Time": 0.006,
                                                                                        "Actual Total Time": 16.502,
                                                                                        "Actual Rows": 372733,
                                                                                        "Actual Loops": 7,
                                                                                        "Workers": []
                                                                                    },
                                                                                    {
                                                                                        "Node Type": "Hash",
                                                                                        "Parent Relationship": "Inner",
                                                                                        "Parallel Aware": true,
                                                                                        "Async Capable": false,
                                                                                        "Startup Cost": 90289.4,
                                                                                        "Total Cost": 90289.4,
                                                                                        "Plan Rows": 8,
                                                                                        "Plan Width": 8,
                                                                                        "Actual Startup Time": 135.139,
                                                                                        "Actual Total Time": 135.143,
                                                                                        "Actual Rows": 5977,
                                                                                        "Actual Loops": 7,
                                                                                        "Hash Buckets": 65536,
                                                                                        "Original Hash Buckets": 1024,
                                                                                        "Hash Batches": 1,
                                                                                        "Original Hash Batches": 1,
                                                                                        "Peak Memory Usage": 2744,
                                                                                        "Workers": [],
                                                                                        "Plans": [
                                                                                            {
                                                                                                "Node Type": "Hash Join",
                                                                                                "Parent Relationship": "Outer",
                                                                                                "Parallel Aware": true,
                                                                                                "Async Capable": false,
                                                                                                "Join Type": "Inner",
                                                                                                "Startup Cost": 45589.47,
                                                                                                "Total Cost": 90289.4,
                                                                                                "Plan Rows": 8,
                                                                                                "Plan Width": 8,
                                                                                                "Actual Startup Time": 71.396,
                                                                                                "Actual Total Time": 112.285,
                                                                                                "Actual Rows": 5977,
                                                                                                "Actual Loops": 7,
                                                                                                "Inner Unique": false,
                                                                                                "Hash Cond": "(t.id = mk.movie_id)",
                                                                                                "Workers": [],
                                                                                                "Plans": [
                                                                                                    {
                                                                                                        "Node Type": "Seq Scan",
                                                                                                        "Parent Relationship": "Outer",
                                                                                                        "Parallel Aware": true,
                                                                                                        "Async Capable": false,
                                                                                                        "Relation Name": "title",
                                                                                                        "Alias": "t",
                                                                                                        "Startup Cost": 0.0,
                                                                                                        "Total Cost": 42329.38,
                                                                                                        "Plan Rows": 632138,
                                                                                                        "Plan Width": 4,
                                                                                                        "Actual Startup Time": 0.02,
                                                                                                        "Actual Total Time": 21.863,
                                                                                                        "Actual Rows": 361187,
                                                                                                        "Actual Loops": 7,
                                                                                                        "Workers": []
                                                                                                    },
                                                                                                    {
                                                                                                        "Node Type": "Hash",
                                                                                                        "Parent Relationship": "Inner",
                                                                                                        "Parallel Aware": true,
                                                                                                        "Async Capable": false,
                                                                                                        "Startup Cost": 45589.33,
                                                                                                        "Total Cost": 45589.33,
                                                                                                        "Plan Rows": 11,
                                                                                                        "Plan Width": 4,
                                                                                                        "Actual Startup Time": 71.344,
                                                                                                        "Actual Total Time": 71.346,
                                                                                                        "Actual Rows": 5977,
                                                                                                        "Actual Loops": 7,
                                                                                                        "Hash Buckets": 65536,
                                                                                                        "Original Hash Buckets": 1024,
                                                                                                        "Hash Batches": 1,
                                                                                                        "Original Hash Batches": 1,
                                                                                                        "Peak Memory Usage": 2744,
                                                                                                        "Workers": [],
                                                                                                        "Plans": [
                                                                                                            {
                                                                                                                "Node Type": "Hash Join",
                                                                                                                "Parent Relationship": "Outer",
                                                                                                                "Parallel Aware": false,
                                                                                                                "Async Capable": false,
                                                                                                                "Join Type": "Inner",
                                                                                                                "Startup Cost": 2685.14,
                                                                                                                "Total Cost": 45589.33,
                                                                                                                "Plan Rows": 11,
                                                                                                                "Plan Width": 4,
                                                                                                                "Actual Startup Time": 5.442,
                                                                                                                "Actual Total Time": 54.547,
                                                                                                                "Actual Rows": 5977,
                                                                                                                "Actual Loops": 7,
                                                                                                                "Inner Unique": true,
                                                                                                                "Hash Cond": "(mk.keyword_id = k.id)",
                                                                                                                "Workers": [],
                                                                                                                "Plans": [
                                                                                                                    {
                                                                                                                        "Node Type": "Seq Scan",
                                                                                                                        "Parent Relationship": "Outer",
                                                                                                                        "Parallel Aware": true,
                                                                                                                        "Async Capable": false,
                                                                                                                        "Relation Name": "movie_keyword",
                                                                                                                        "Alias": "mk",
                                                                                                                        "Startup Cost": 0.0,
                                                                                                                        "Total Cost": 39073.32,
                                                                                                                        "Plan Rows": 1459332,
                                                                                                                        "Plan Width": 8,
                                                                                                                        "Actual Startup Time": 0.016,
                                                                                                                        "Actual Total Time": 29.459,
                                                                                                                        "Actual Rows": 646276,
                                                                                                                        "Actual Loops": 7,
                                                                                                                        "Workers": []
                                                                                                                    },
                                                                                                                    {
                                                                                                                        "Node Type": "Hash",
                                                                                                                        "Parent Relationship": "Inner",
                                                                                                                        "Parallel Aware": false,
                                                                                                                        "Async Capable": false,
                                                                                                                        "Startup Cost": 2685.12,
                                                                                                                        "Total Cost": 2685.12,
                                                                                                                        "Plan Rows": 1,
                                                                                                                        "Plan Width": 4,
                                                                                                                        "Actual Startup Time": 5.399,
                                                                                                                        "Actual Total Time": 5.4,
                                                                                                                        "Actual Rows": 1,
                                                                                                                        "Actual Loops": 7,
                                                                                                                        "Hash Buckets": 1024,
                                                                                                                        "Original Hash Buckets": 1024,
                                                                                                                        "Hash Batches": 1,
                                                                                                                        "Original Hash Batches": 1,
                                                                                                                        "Peak Memory Usage": 9,
                                                                                                                        "Workers": [],
                                                                                                                        "Plans": [
                                                                                                                            {
                                                                                                                                "Node Type": "Seq Scan",
                                                                                                                                "Parent Relationship": "Outer",
                                                                                                                                "Parallel Aware": false,
                                                                                                                                "Async Capable": false,
                                                                                                                                "Relation Name": "keyword",
                                                                                                                                "Alias": "k",
                                                                                                                                "Startup Cost": 0.0,
                                                                                                                                "Total Cost": 2685.12,
                                                                                                                                "Plan Rows": 1,
                                                                                                                                "Plan Width": 4,
                                                                                                                                "Actual Startup Time": 0.242,
                                                                                                                                "Actual Total Time": 5.397,
                                                                                                                                "Actual Rows": 1,
                                                                                                                                "Actual Loops": 7,
                                                                                                                                "Filter": "(keyword = 'character-name-in-title'::text)",
                                                                                                                                "Rows Removed by Filter": 134169,
                                                                                                                                "Workers": []
                                                                                                                            }
                                                                                                                        ]
                                                                                                                    }
                                                                                                                ]
                                                                                                            }
                                                                                                        ]
                                                                                                    }
                                                                                                ]
                                                                                            }
                                                                                        ]
                                                                                    }
                                                                                ]
                                                                            }
                                                                        ]
                                                                    }
                                                                ]
                                                            }
                                                        ]
                                                    }
                                                ]
                                            }
                                        ]
                                    }
                                ]
                            }
                        ]
                    },
                    "Planning Time": 0.774,
                    "Triggers": [],
                    "Execution Time": 680.0
                }
            ],
            "hints": [
                "SET enable_hashjoin TO on",
                "SET enable_indexonlyscan TO on",
                "SET enable_indexscan TO off",
                "SET enable_mergejoin TO off",
                "SET enable_nestloop TO on",
                "SET enable_seqscan TO on"
            ]
        },
        {
            "arm": 3,
            "execution_time": 676.048,
            "plan": [
                {
                    "Plan": {
                        "Node Type": "Aggregate",
                        "Strategy": "Plain",
                        "Partial Mode": "Finalize",
                        "Parallel Aware": false,
                        "Async Capable": false,
                        "Startup Cost": 527190.11,
                        "Total Cost": 527190.12,
                        "Plan Rows": 1,
                        "Plan Width": 64,
                        "Actual Startup Time": 658.092,
                        "Actual Total Time": 676.002,
                        "Actual Rows": 1,
                        "Actual Loops": 1,
                        "Plans": [
                            {
                                "Node Type": "Gather",
                                "Parent Relationship": "Outer",
                                "Parallel Aware": false,
                                "Async Capable": false,
                                "Startup Cost": 527189.49,
                                "Total Cost": 527190.1,
                                "Plan Rows": 6,
                                "Plan Width": 32,
                                "Actual Startup Time": 656.822,
                                "Actual Total Time": 675.995,
                                "Actual Rows": 7,
                                "Actual Loops": 1,
                                "Workers Planned": 6,
                                "Workers Launched": 6,
                                "Single Copy": false,
                                "Plans": [
                                    {
                                        "Node Type": "Aggregate",
                                        "Strategy": "Plain",
                                        "Partial Mode": "Partial",
                                        "Parent Relationship": "Outer",
                                        "Parallel Aware": false,
                                        "Async Capable": false,
                                        "Startup Cost": 526189.49,
                                        "Total Cost": 526189.5,
                                        "Plan Rows": 1,
                                        "Plan Width": 32,
                                        "Actual Startup Time": 654.861,
                                        "Actual Total Time": 654.897,
                                        "Actual Rows": 1,
                                        "Actual Loops": 7,
                                        "Workers": [],
                                        "Plans": [
                                            {
                                                "Node Type": "Hash Join",
                                                "Parent Relationship": "Outer",
                                                "Parallel Aware": true,
                                                "Async Capable": false,
                                                "Join Type": "Inner",
                                                "Startup Cost": 195374.7,
                                                "Total Cost": 526189.45,
                                                "Plan Rows": 17,
                                                "Plan Width": 15,
                                                "Actual Startup Time": 239.621,
                                                "Actual Total Time": 653.865,
                                                "Actual Rows": 36898,
                                                "Actual Loops": 7,
                                                "Inner Unique": false,
                                                "Hash Cond": "(ci.movie_id = t.id)",
                                                "Workers": [],
                                                "Plans": [
                                                    {
                                                        "Node Type": "Hash Join",
                                                        "Parent Relationship": "Outer",
                                                        "Parallel Aware": true,
                                                        "Async Capable": false,
                                                        "Join Type": "Inner",
                                                        "Startup Cost": 69731.81,
                                                        "Total Cost": 398715.96,
                                                        "Plan Rows": 488139,
                                                        "Plan Width": 19,
                                                        "Actual Startup Time": 55.988,
                                                        "Actual Total Time": 446.698,
                                                        "Actual Rows": 445433,
                                                        "Actual Loops": 7,
                                                        "Inner Unique": true,
                                                        "Hash Cond": "(ci.person_id = n.id)",
                                                        "Workers": [],
                                                        "Plans": [
                                                            {
                                                                "Node Type": "Seq Scan",
                                                                "Parent Relationship": "Outer",
                                                                "Parallel Aware": true,
                                                                "Async Capable": false,
                                                                "Relation Name": "cast_info",
                                                                "Alias": "ci",
                                                                "Startup Cost": 0.0,
                                                                "Total Cost": 313127.24,
                                                                "Plan Rows": 6040724,
                                                                "Plan Width": 8,
                                                                "Actual Startup Time": 0.036,
                                                                "Actual Total Time": 178.728,
                                                                "Actual Rows": 5177763,
                                                                "Actual Loops": 7,
                                                                "Workers": []
                                                            },
                                                            {
                                                                "Node Type": "Hash",
                                                                "Parent Relationship": "Inner",
                                                                "Parallel Aware": true,
                                                                "Async Capable": false,
                                                                "Startup Cost": 68679.41,
                                                                "Total Cost": 68679.41,
                                                                "Plan Rows": 84192,
                                                                "Plan Width": 19,
                                                                "Actual Startup Time": 37.861,
                                                                "Actual Total Time": 37.861,
                                                                "Actual Rows": 49057,
                                                                "Actual Loops": 7,
                                                                "Hash Buckets": 524288,
                                                                "Original Hash Buckets": 524288,
                                                                "Hash Batches": 1,
                                                                "Original Hash Batches": 1,
                                                                "Peak Memory Usage": 22848,
                                                                "Workers": [],
                                                                "Plans": [
                                                                    {
                                                                        "Node Type": "Seq Scan",
                                                                        "Parent Relationship": "Outer",
                                                                        "Parallel Aware": true,
                                                                        "Async Capable": false,
                                                                        "Relation Name": "name",
                                                                        "Alias": "n",
                                                                        "Startup Cost": 0.0,
                                                                        "Total Cost": 68679.41,
                                                                        "Plan Rows": 84192,
                                                                        "Plan Width": 19,
                                                                        "Actual Startup Time": 0.671,
                                                                        "Actual Total Time": 31.196,
                                                                        "Actual Rows": 49057,
                                                                        "Actual Loops": 7,
                                                                        "Filter": "(name ~~ 'B%'::text)",
                                                                        "Rows Removed by Filter": 546299,
                                                                        "Workers": []
                                                                    }
                                                                ]
                                                            }
                                                        ]
                                                    },
                                                    {
                                                        "Node Type": "Hash",
                                                        "Parent Relationship": "Inner",
                                                        "Parallel Aware": true,
                                                        "Async Capable": false,
                                                        "Startup Cost": 125642.42,
                                                        "Total Cost": 125642.42,
                                                        "Plan Rows": 38,
                                                        "Plan Width": 12,
                                                        "Actual Startup Time": 181.897,
                                                        "Actual Total Time": 181.904,
                                                        "Actual Rows": 9759,
                                                        "Actual Loops": 7,
                                                        "Hash Buckets": 131072,
                                                        "Original Hash Buckets": 1024,
                                                        "Hash Batches": 1,
                                                        "Original Hash Batches": 1,
                                                        "Peak Memory Usage": 5368,
                                                        "Workers": [],
                                                        "Plans": [
                                                            {
                                                                "Node Type": "Hash Join",
                                                                "Parent Relationship": "Outer",
                                                                "Parallel Aware": true,
                                                                "Async Capable": false,
                                                                "Join Type": "Inner",
                                                                "Startup Cost": 120687.0,
                                                                "Total Cost": 125642.42,
                                                                "Plan Rows": 38,
                                                                "Plan Width": 12,
                                                                "Actual Startup Time": 175.111,
                                                                "Actual Total Time": 178.711,
                                                                "Actual Rows": 9759,
                                                                "Actual Loops": 7,
                                                                "Inner Unique": false,
                                                                "Hash Cond": "(cn.id = mc.company_id)",
                                                                "Workers": [],
                                                                "Plans": [
                                                                    {
                                                                        "Node Type": "Seq Scan",
                                                                        "Parent Relationship": "Outer",
                                                                        "Parallel Aware": true,
                                                                        "Async Capable": false,
                                                                        "Relation Name": "company_name",
                                                                        "Alias": "cn",
                                                                        "Startup Cost": 0.0,
                                                                        "Total Cost": 4767.92,
                                                                        "Plan Rows": 49967,
                                                                        "Plan Width": 4,
                                                                        "Actual Startup Time": 0.007,
                                                                        "Actual Total Time": 2.193,
                                                                        "Actual Rows": 12120,
                                                                        "Actual Loops": 7,
                                                                        "Filter": "((country_code)::text = '[us]'::text)",
                                                                        "Rows Removed by Filter": 21451,
                                                                        "Workers": []
                                                                    },
                                                                    {
                                                                        "Node Type": "Hash",
                                                                        "Parent Relationship": "Inner",
                                                                        "Parallel Aware": true,
                                                                        "Async Capable": false,
                                                                        "Startup Cost": 120686.28,
                                                                        "Total Cost": 120686.28,
                                                                        "Plan Rows": 58,
                                                                        "Plan Width": 16,
                                                                        "Actual Startup Time": 175.092,
                                                                        "Actual Total Time": 175.098,
                                                                        "Actual Rows": 21222,
                                                                        "Actual Loops": 7,
                                                                        "Hash Buckets": 262144,
                                                                        "Original Hash Buckets": 1024,
                                                                        "Hash Batches": 1,
                                                                        "Original Hash Batches": 1,
                                                                        "Peak Memory Usage": 11160,
                                                                        "Workers": [],
                                                                        "Plans": [
                                                                            {
                                                                                "Node Type": "Hash Join",
                                                                                "Parent Relationship": "Outer",
                                                                                "Parallel Aware": true,
                                                                                "Async Capable": false,
                                                                                "Join Type": "Inner",
                                                                                "Startup Cost": 90289.5,
                                                                                "Total Cost": 120686.28,
                                                                                "Plan Rows": 58,
                                                                                "Plan Width": 16,
                                                                                "Actual Startup Time": 131.959,
                                                                                "Actual Total Time": 165.432,
                                                                                "Actual Rows": 21222,
                                                                                "Actual Loops": 7,
                                                                                "Inner Unique": false,
                                                                                "Hash Cond": "(mc.movie_id = t.id)",
                                                                                "Workers": [],
                                                                                "Plans": [
                                                                                    {
                                                                                        "Node Type": "Seq Scan",
                                                                                        "Parent Relationship": "Outer",
                                                                                        "Parallel Aware": true,
                                                                                        "Async Capable": false,
                                                                                        "Relation Name": "movie_companies",
                                                                                        "Alias": "mc",
                                                                                        "Startup Cost": 0.0,
                                                                                        "Total Cost": 27240.55,
                                                                                        "Plan Rows": 841655,
                                                                                        "Plan Width": 8,
                                                                                        "Actual Startup Time": 0.006,
                                                                                        "Actual Total Time": 16.316,
                                                                                        "Actual Rows": 372733,
                                                                                        "Actual Loops": 7,
                                                                                        "Workers": []
                                                                                    },
                                                                                    {
                                                                                        "Node Type": "Hash",
                                                                                        "Parent Relationship": "Inner",
                                                                                        "Parallel Aware": true,
                                                                                        "Async Capable": false,
                                                                                        "Startup Cost": 90289.4,
                                                                                        "Total Cost": 90289.4,
                                                                                        "Plan Rows": 8,
                                                                                        "Plan Width": 8,
                                                                                        "Actual Startup Time": 131.916,
                                                                                        "Actual Total Time": 131.92,
                                                                                        "Actual Rows": 5977,
                                                                                        "Actual Loops": 7,
                                                                                        "Hash Buckets": 65536,
                                                                                        "Original Hash Buckets": 1024,
                                                                                        "Hash Batches": 1,
                                                                                        "Original Hash Batches": 1,
                                                                                        "Peak Memory Usage": 2744,
                                                                                        "Workers": [],
                                                                                        "Plans": [
                                                                                            {
                                                                                                "Node Type": "Hash Join",
                                                                                                "Parent Relationship": "Outer",
                                                                                                "Parallel Aware": true,
                                                                                                "Async Capable": false,
                                                                                                "Join Type": "Inner",
                                                                                                "Startup Cost": 45589.47,
                                                                                                "Total Cost": 90289.4,
                                                                                                "Plan Rows": 8,
                                                                                                "Plan Width": 8,
                                                                                                "Actual Startup Time": 66.961,
                                                                                                "Actual Total Time": 104.032,
                                                                                                "Actual Rows": 5977,
                                                                                                "Actual Loops": 7,
                                                                                                "Inner Unique": false,
                                                                                                "Hash Cond": "(t.id = mk.movie_id)",
                                                                                                "Workers": [],
                                                                                                "Plans": [
                                                                                                    {
                                                                                                        "Node Type": "Seq Scan",
                                                                                                        "Parent Relationship": "Outer",
                                                                                                        "Parallel Aware": true,
                                                                                                        "Async Capable": false,
                                                                                                        "Relation Name": "title",
                                                                                                        "Alias": "t",
                                                                                                        "Startup Cost": 0.0,
                                                                                                        "Total Cost": 42329.38,
                                                                                                        "Plan Rows": 632138,
                                                                                                        "Plan Width": 4,
                                                                                                        "Actual Startup Time": 0.004,
                                                                                                        "Actual Total Time": 16.951,
                                                                                                        "Actual Rows": 361187,
                                                                                                        "Actual Loops": 7,
                                                                                                        "Workers": []
                                                                                                    },
                                                                                                    {
                                                                                                        "Node Type": "Hash",
                                                                                                        "Parent Relationship": "Inner",
                                                                                                        "Parallel Aware": true,
                                                                                                        "Async Capable": false,
                                                                                                        "Startup Cost": 45589.33,
                                                                                                        "Total Cost": 45589.33,
                                                                                                        "Plan Rows": 11,
                                                                                                        "Plan Width": 4,
                                                                                                        "Actual Startup Time": 66.929,
                                                                                                        "Actual Total Time": 66.931,
                                                                                                        "Actual Rows": 5977,
                                                                                                        "Actual Loops": 7,
                                                                                                        "Hash Buckets": 65536,
                                                                                                        "Original Hash Buckets": 1024,
                                                                                                        "Hash Batches": 1,
                                                                                                        "Original Hash Batches": 1,
                                                                                                        "Peak Memory Usage": 2744,
                                                                                                        "Workers": [],
                                                                                                        "Plans": [
                                                                                                            {
                                                                                                                "Node Type": "Hash Join",
                                                                                                                "Parent Relationship": "Outer",
                                                                                                                "Parallel Aware": false,
                                                                                                                "Async Capable": false,
                                                                                                                "Join Type": "Inner",
                                                                                                                "Startup Cost": 2685.14,
                                                                                                                "Total Cost": 45589.33,
                                                                                                                "Plan Rows": 11,
                                                                                                                "Plan Width": 4,
                                                                                                                "Actual Startup Time": 5.499,
                                                                                                                "Actual Total Time": 51.726,
                                                                                                                "Actual Rows": 5977,
                                                                                                                "Actual Loops": 7,
                                                                                                                "Inner Unique": true,
                                                                                                                "Hash Cond": "(mk.keyword_id = k.id)",
                                                                                                                "Workers": [],
                                                                                                                "Plans": [
                                                                                                                    {
                                                                                                                        "Node Type": "Seq Scan",
                                                                                                                        "Parent Relationship": "Outer",
                                                                                                                        "Parallel Aware": true,
                                                                                                                        "Async Capable": false,
                                                                                                                        "Relation Name": "movie_keyword",
                                                                                                                        "Alias": "mk",
                                                                                                                        "Startup Cost": 0.0,
                                                                                                                        "Total Cost": 39073.32,
                                                                                                                        "Plan Rows": 1459332,
                                                                                                                        "Plan Width": 8,
                                                                                                                        "Actual Startup Time": 0.008,
                                                                                                                        "Actual Total Time": 26.604,
                                                                                                                        "Actual Rows": 646276,
                                                                                                                        "Actual Loops": 7,
                                                                                                                        "Workers": []
                                                                                                                    },
                                                                                                                    {
                                                                                                                        "Node Type": "Hash",
                                                                                                                        "Parent Relationship": "Inner",
                                                                                                                        "Parallel Aware": false,
                                                                                                                        "Async Capable": false,
                                                                                                                        "Startup Cost": 2685.12,
                                                                                                                        "Total Cost": 2685.12,
                                                                                                                        "Plan Rows": 1,
                                                                                                                        "Plan Width": 4,
                                                                                                                        "Actual Startup Time": 5.466,
                                                                                                                        "Actual Total Time": 5.467,
                                                                                                                        "Actual Rows": 1,
                                                                                                                        "Actual Loops": 7,
                                                                                                                        "Hash Buckets": 1024,
                                                                                                                        "Original Hash Buckets": 1024,
                                                                                                                        "Hash Batches": 1,
                                                                                                                        "Original Hash Batches": 1,
                                                                                                                        "Peak Memory Usage": 9,
                                                                                                                        "Workers": [],
                                                                                                                        "Plans": [
                                                                                                                            {
                                                                                                                                "Node Type": "Seq Scan",
                                                                                                                                "Parent Relationship": "Outer",
                                                                                                                                "Parallel Aware": false,
                                                                                                                                "Async Capable": false,
                                                                                                                                "Relation Name": "keyword",
                                                                                                                                "Alias": "k",
                                                                                                                                "Startup Cost": 0.0,
                                                                                                                                "Total Cost": 2685.12,
                                                                                                                                "Plan Rows": 1,
                                                                                                                                "Plan Width": 4,
                                                                                                                                "Actual Startup Time": 0.244,
                                                                                                                                "Actual Total Time": 5.464,
                                                                                                                                "Actual Rows": 1,
                                                                                                                                "Actual Loops": 7,
                                                                                                                                "Filter": "(keyword = 'character-name-in-title'::text)",
                                                                                                                                "Rows Removed by Filter": 134169,
                                                                                                                                "Workers": []
                                                                                                                            }
                                                                                                                        ]
                                                                                                                    }
                                                                                                                ]
                                                                                                            }
                                                                                                        ]
                                                                                                    }
                                                                                                ]
                                                                                            }
                                                                                        ]
                                                                                    }
                                                                                ]
                                                                            }
                                                                        ]
                                                                    }
                                                                ]
                                                            }
                                                        ]
                                                    }
                                                ]
                                            }
                                        ]
                                    }
                                ]
                            }
                        ]
                    },
                    "Planning Time": 0.778,
                    "Triggers": [],
                    "Execution Time": 676.048
                }
            ],
            "hints": [
                "SET enable_hashjoin TO on",
                "SET enable_indexonlyscan TO on",
                "SET enable_indexscan TO off",
                "SET enable_mergejoin TO off",
                "SET enable_nestloop TO off",
                "SET enable_seqscan TO on"
            ]
        },
        {
            "arm": 4,
            "execution_time": 3824.549,
            "plan": [
                {
                    "Plan": {
                        "Node Type": "Aggregate",
                        "Strategy": "Plain",
                        "Partial Mode": "Simple",
                        "Parallel Aware": false,
                        "Async Capable": false,
                        "Startup Cost": 4727.49,
                        "Total Cost": 4727.5,
                        "Plan Rows": 1,
                        "Plan Width": 64,
                        "Actual Startup Time": 3824.516,
                        "Actual Total Time": 3824.518,
                        "Actual Rows": 1,
                        "Actual Loops": 1,
                        "Plans": [
                            {
                                "Node Type": "Nested Loop",
                                "Parent Relationship": "Outer",
                                "Parallel Aware": false,
                                "Async Capable": false,
                                "Join Type": "Inner",
                                "Startup Cost": 2.58,
                                "Total Cost": 4727.23,
                                "Plan Rows": 103,
                                "Plan Width": 15,
                                "Actual Startup Time": 0.342,
                                "Actual Total Time": 3815.265,
                                "Actual Rows": 258289,
                                "Actual Loops": 1,
                                "Inner Unique": true,
                                "Plans": [
                                    {
                                        "Node Type": "Nested Loop",
                                        "Parent Relationship": "Outer",
                                        "Parallel Aware": false,
                                        "Async Capable": false,
                                        "Join Type": "Inner",
                                        "Startup Cost": 2.15,
                                        "Total Cost": 4142.16,
                                        "Plan Rows": 1278,
                                        "Plan Width": 4,
                                        "Actual Startup Time": 0.328,
                                        "Actual Total Time": 1239.771,
                                        "Actual Rows": 2832555,
                                        "Actual Loops": 1,
                                        "Inner Unique": false,
                                        "Join Filter": "(ci.movie_id = t.id)",
                                        "Rows Removed by Join Filter": 0,
                                        "Plans": [
                                            {
                                                "Node Type": "Nested Loop",
                                                "Parent Relationship": "Outer",
                                                "Parallel Aware": false,
                                                "Async Capable": false,
                                                "Join Type": "Inner",
                                                "Startup Cost": 1.71,
                                                "Total Cost": 4022.15,
                                                "Plan Rows": 65,
                                                "Plan Width": 12,
                                                "Actual Startup Time": 0.248,
                                                "Actual Total Time": 270.516,
                                                "Actual Rows": 68316,
                                                "Actual Loops": 1,
                                                "Inner Unique": true,
                                                "Plans": [
                                                    {
                                                        "Node Type": "Nested Loop",
                                                        "Parent Relationship": "Outer",
                                                        "Parallel Aware": false,
                                                        "Async Capable": false,
                                                        "Join Type": "Inner",
                                                        "Startup Cost": 1.29,
                                                        "Total Cost": 3941.42,
                                                        "Plan Rows": 181,
                                                        "Plan Width": 16,
                                                        "Actual Startup Time": 0.233,
                                                        "Actual Total Time": 125.594,
                                                        "Actual Rows": 148552,
                                                        "Actual Loops": 1,
                                                        "Inner Unique": false,
                                                        "Join Filter": "(mc.movie_id = t.id)",
                                                        "Rows Removed by Join Filter": 0,
                                                        "Plans": [
                                                            {
                                                                "Node Type": "Nested Loop",
                                                                "Parent Relationship": "Outer",
                                                                "Parallel Aware": false,
                                                                "Async Capable": false,
                                                                "Join Type": "Inner",
                                                                "Startup Cost": 0.86,
                                                                "Total Cost": 3920.94,
                                                                "Plan Rows": 34,
                                                                "Plan Width": 8,
                                                                "Actual Startup Time": 0.212,
                                                                "Actual Total Time": 55.372,
                                                                "Actual Rows": 41840,
                                                                "Actual Loops": 1,
                                                                "Inner Unique": true,
                                                                "Plans": [
                                                                    {
                                                                        "Node Type": "Nested Loop",
                                                                        "Parent Relationship": "Outer",
                                                                        "Parallel Aware": false,
                                                                        "Async Capable": false,
                                                                        "Join Type": "Inner",
                                                                        "Startup Cost": 0.43,
                                                                        "Total Cost": 3905.45,
                                                                        "Plan Rows": 34,
                                                                        "Plan Width": 4,
                                                                        "Actual Startup Time": 0.199,
                                                                        "Actual Total Time": 23.276,
                                                                        "Actual Rows": 41840,
                                                                        "Actual Loops": 1,
                                                                        "Inner Unique": false,
                                                                        "Plans": [
                                                                            {
                                                                                "Node Type": "Seq Scan",
                                                                                "Parent Relationship": "Outer",
                                                                                "Parallel Aware": false,
                                                                                "Async Capable": false,
                                                                                "Relation Name": "keyword",
                                                                                "Alias": "k",
                                                                                "Startup Cost": 0.0,
                                                                                "Total Cost": 2685.12,
                                                                                "Plan Rows": 1,
                                                                                "Plan Width": 4,
                                                                                "Actual Startup Time": 0.174,
                                                                                "Actual Total Time": 3.753,
                                                                                "Actual Rows": 1,
                                                                                "Actual Loops": 1,
                                                                                "Filter": "(keyword = 'character-name-in-title'::text)",
                                                                                "Rows Removed by Filter": 134169
                                                                            },
                                                                            {
                                                                                "Node Type": "Index Scan",
                                                                                "Parent Relationship": "Inner",
                                                                                "Parallel Aware": false,
                                                                                "Async Capable": false,
                                                                                "Scan Direction": "Forward",
                                                                                "Index Name": "keyword_id_movie_keyword",
                                                                                "Relation Name": "movie_keyword",
                                                                                "Alias": "mk",
                                                                                "Startup Cost": 0.43,
                                                                                "Total Cost": 1217.3,
                                                                                "Plan Rows": 303,
                                                                                "Plan Width": 8,
                                                                                "Actual Startup Time": 0.024,
                                                                                "Actual Total Time": 17.437,
                                                                                "Actual Rows": 41840,
                                                                                "Actual Loops": 1,
                                                                                "Index Cond": "(keyword_id = k.id)",
                                                                                "Rows Removed by Index Recheck": 0
                                                                            }
                                                                        ]
                                                                    },
                                                                    {
                                                                        "Node Type": "Index Only Scan",
                                                                        "Parent Relationship": "Inner",
                                                                        "Parallel Aware": false,
                                                                        "Async Capable": false,
                                                                        "Scan Direction": "Forward",
                                                                        "Index Name": "title_pkey",
                                                                        "Relation Name": "title",
                                                                        "Alias": "t",
                                                                        "Startup Cost": 0.43,
                                                                        "Total Cost": 0.46,
                                                                        "Plan Rows": 1,
                                                                        "Plan Width": 4,
                                                                        "Actual Startup Time": 0.001,
                                                                        "Actual Total Time": 0.001,
                                                                        "Actual Rows": 1,
                                                                        "Actual Loops": 41840,
                                                                        "Index Cond": "(id = mk.movie_id)",
                                                                        "Rows Removed by Index Recheck": 0,
                                                                        "Heap Fetches": 0
                                                                    }
                                                                ]
                                                            },
                                                            {
                                                                "Node Type": "Index Scan",
                                                                "Parent Relationship": "Inner",
                                                                "Parallel Aware": false,
                                                                "Async Capable": false,
                                                                "Scan Direction": "Forward",
                                                                "Index Name": "movie_id_movie_companies",
                                                                "Relation Name": "movie_companies",
                                                                "Alias": "mc",
                                                                "Startup Cost": 0.43,
                                                                "Total Cost": 0.54,
                                                                "Plan Rows": 5,
                                                                "Plan Width": 8,
                                                                "Actual Startup Time": 0.001,
                                                                "Actual Total Time": 0.001,
                                                                "Actual Rows": 4,
                                                                "Actual Loops": 41840,
                                                                "Index Cond": "(movie_id = mk.movie_id)",
                                                                "Rows Removed by Index Recheck": 0
                                                            }
                                                        ]
                                                    },
                                                    {
                                                        "Node Type": "Index Scan",
                                                        "Parent Relationship": "Inner",
                                                        "Parallel Aware": false,
                                                        "Async Capable": false,
                                                        "Scan Direction": "Forward",
                                                        "Index Name": "company_name_pkey",
                                                        "Relation Name": "company_name",
                                                        "Alias": "cn",
                                                        "Startup Cost": 0.42,
                                                        "Total Cost": 0.45,
                                                        "Plan Rows": 1,
                                                        "Plan Width": 4,
                                                        "Actual Startup Time": 0.001,
                                                        "Actual Total Time": 0.001,
                                                        "Actual Rows": 0,
                                                        "Actual Loops": 148552,
                                                        "Index Cond": "(id = mc.company_id)",
                                                        "Rows Removed by Index Recheck": 0,
                                                        "Filter": "((country_code)::text = '[us]'::text)",
                                                        "Rows Removed by Filter": 1
                                                    }
                                                ]
                                            },
                                            {
                                                "Node Type": "Index Scan",
                                                "Parent Relationship": "Inner",
                                                "Parallel Aware": false,
                                                "Async Capable": false,
                                                "Scan Direction": "Forward",
                                                "Index Name": "movie_id_cast_info",
                                                "Relation Name": "cast_info",
                                                "Alias": "ci",
                                                "Startup Cost": 0.44,
                                                "Total Cost": 1.37,
                                                "Plan Rows": 38,
                                                "Plan Width": 8,
                                                "Actual Startup Time": 0.001,
                                                "Actual Total Time": 0.012,
                                                "Actual Rows": 41,
                                                "Actual Loops": 68316,
                                                "Index Cond": "(movie_id = mk.movie_id)",
                                                "Rows Removed by Index Recheck": 0
                                            }
                                        ]
                                    },
                                    {
                                        "Node Type": "Index Scan",
                                        "Parent Relationship": "Inner",
                                        "Parallel Aware": false,
                                        "Async Capable": false,
                                        "Scan Direction": "Forward",
                                        "Index Name": "name_pkey",
                                        "Relation Name": "name",
                                        "Alias": "n",
                                        "Startup Cost": 0.43,
                                        "Total Cost": 0.46,
                                        "Plan Rows": 1,
                                        "Plan Width": 19,
                                        "Actual Startup Time": 0.001,
                                        "Actual Total Time": 0.001,
                                        "Actual Rows": 0,
                                        "Actual Loops": 2832555,
                                        "Index Cond": "(id = ci.person_id)",
                                        "Rows Removed by Index Recheck": 0,
                                        "Filter": "(name ~~ 'B%'::text)",
                                        "Rows Removed by Filter": 1
                                    }
                                ]
                            }
                        ]
                    },
                    "Planning Time": 0.857,
                    "Triggers": [],
                    "Execution Time": 3824.549
                }
            ],
            "hints": [
                "SET enable_hashjoin TO on",
                "SET enable_indexonlyscan TO on",
                "SET enable_indexscan TO on",
                "SET enable_mergejoin TO off",
                "SET enable_nestloop TO on",
                "SET enable_seqscan TO on"
            ]
        }
    ]
}