{
    "sql_file": "job17f.sql",
    "query": "SELECT MIN(n.name) AS member_in_charnamed_movie FROM cast_info AS ci, company_name AS cn, keyword AS k, movie_companies AS mc, movie_keyword AS mk, name AS n, title AS t WHERE k.keyword ='character-name-in-title' AND n.name  LIKE '%B%' AND n.id = ci.person_id AND ci.movie_id = t.id AND t.id = mk.movie_id AND mk.keyword_id = k.id AND t.id = mc.movie_id AND mc.company_id = cn.id AND ci.movie_id = mc.movie_id AND ci.movie_id = mk.movie_id AND mc.movie_id = mk.movie_id;",
    "results": [
        {
            "arm": 0,
            "execution_time": 3478.032,
            "plan": [
                {
                    "Plan": {
                        "Node Type": "Aggregate",
                        "Strategy": "Plain",
                        "Partial Mode": "Simple",
                        "Parallel Aware": false,
                        "Async Capable": false,
                        "Startup Cost": 4852.76,
                        "Total Cost": 4852.77,
                        "Plan Rows": 1,
                        "Plan Width": 32,
                        "Actual Startup Time": 3478.0,
                        "Actual Total Time": 3478.002,
                        "Actual Rows": 1,
                        "Actual Loops": 1,
                        "Plans": [
                            {
                                "Node Type": "Nested Loop",
                                "Parent Relationship": "Outer",
                                "Parallel Aware": false,
                                "Async Capable": false,
                                "Join Type": "Inner",
                                "Startup Cost": 2.58,
                                "Total Cost": 4851.69,
                                "Plan Rows": 428,
                                "Plan Width": 15,
                                "Actual Startup Time": 0.467,
                                "Actual Total Time": 3441.687,
                                "Actual Rows": 1113120,
                                "Actual Loops": 1,
                                "Inner Unique": true,
                                "Plans": [
                                    {
                                        "Node Type": "Nested Loop",
                                        "Parent Relationship": "Outer",
                                        "Parallel Aware": false,
                                        "Async Capable": false,
                                        "Join Type": "Inner",
                                        "Startup Cost": 2.16,
                                        "Total Cost": 4661.87,
                                        "Plan Rows": 428,
                                        "Plan Width": 19,
                                        "Actual Startup Time": 0.461,
                                        "Actual Total Time": 2812.239,
                                        "Actual Rows": 1113120,
                                        "Actual Loops": 1,
                                        "Inner Unique": false,
                                        "Plans": [
                                            {
                                                "Node Type": "Nested Loop",
                                                "Parent Relationship": "Outer",
                                                "Parallel Aware": false,
                                                "Async Capable": false,
                                                "Join Type": "Inner",
                                                "Startup Cost": 1.73,
                                                "Total Cost": 4572.9,
                                                "Plan Rows": 156,
                                                "Plan Width": 27,
                                                "Actual Startup Time": 0.171,
                                                "Actual Total Time": 2597.067,
                                                "Actual Rows": 149494,
                                                "Actual Loops": 1,
                                                "Inner Unique": true,
                                                "Plans": [
                                                    {
                                                        "Node Type": "Nested Loop",
                                                        "Parent Relationship": "Outer",
                                                        "Parallel Aware": false,
                                                        "Async Capable": false,
                                                        "Join Type": "Inner",
                                                        "Startup Cost": 1.3,
                                                        "Total Cost": 3983.71,
                                                        "Plan Rows": 1287,
                                                        "Plan Width": 16,
                                                        "Actual Startup Time": 0.167,
                                                        "Actual Total Time": 911.063,
                                                        "Actual Rows": 1038393,
                                                        "Actual Loops": 1,
                                                        "Inner Unique": false,
                                                        "Join Filter": "(ci.movie_id = t.id)",
                                                        "Rows Removed by Join Filter": 0,
                                                        "Plans": [
                                                            {
                                                                "Node Type": "Nested Loop",
                                                                "Parent Relationship": "Outer",
                                                                "Parallel Aware": false,
                                                                "Async Capable": false,
                                                                "Join Type": "Inner",
                                                                "Startup Cost": 0.86,
                                                                "Total Cost": 3920.94,
                                                                "Plan Rows": 34,
                                                                "Plan Width": 8,
                                                                "Actual Startup Time": 0.16,
                                                                "Actual Total Time": 56.978,
                                                                "Actual Rows": 41840,
                                                                "Actual Loops": 1,
                                                                "Inner Unique": true,
                                                                "Plans": [
                                                                    {
                                                                        "Node Type": "Nested Loop",
                                                                        "Parent Relationship": "Outer",
                                                                        "Parallel Aware": false,
                                                                        "Async Capable": false,
                                                                        "Join Type": "Inner",
                                                                        "Startup Cost": 0.43,
                                                                        "Total Cost": 3905.45,
                                                                        "Plan Rows": 34,
                                                                        "Plan Width": 4,
                                                                        "Actual Startup Time": 0.157,
                                                                        "Actual Total Time": 23.503,
                                                                        "Actual Rows": 41840,
                                                                        "Actual Loops": 1,
                                                                        "Inner Unique": false,
                                                                        "Plans": [
                                                                            {
                                                                                "Node Type": "Seq Scan",
                                                                                "Parent Relationship": "Outer",
                                                                                "Parallel Aware": false,
                                                                                "Async Capable": false,
                                                                                "Relation Name": "keyword",
                                                                                "Alias": "k",
                                                                                "Startup Cost": 0.0,
                                                                                "Total Cost": 2685.12,
                                                                                "Plan Rows": 1,
                                                                                "Plan Width": 4,
                                                                                "Actual Startup Time": 0.15,
                                                                                "Actual Total Time": 4.094,
                                                                                "Actual Rows": 1,
                                                                                "Actual Loops": 1,
                                                                                "Filter": "(keyword = 'character-name-in-title'::text)",
                                                                                "Rows Removed by Filter": 134169
                                                                            },
                                                                            {
                                                                                "Node Type": "Index Scan",
                                                                                "Parent Relationship": "Inner",
                                                                                "Parallel Aware": false,
                                                                                "Async Capable": false,
                                                                                "Scan Direction": "Forward",
                                                                                "Index Name": "keyword_id_movie_keyword",
                                                                                "Relation Name": "movie_keyword",
                                                                                "Alias": "mk",
                                                                                "Startup Cost": 0.43,
                                                                                "Total Cost": 1217.3,
                                                                                "Plan Rows": 303,
                                                                                "Plan Width": 8,
                                                                                "Actual Startup Time": 0.006,
                                                                                "Actual Total Time": 17.268,
                                                                                "Actual Rows": 41840,
                                                                                "Actual Loops": 1,
                                                                                "Index Cond": "(keyword_id = k.id)",
                                                                                "Rows Removed by Index Recheck": 0
                                                                            }
                                                                        ]
                                                                    },
                                                                    {
                                                                        "Node Type": "Index Only Scan",
                                                                        "Parent Relationship": "Inner",
                                                                        "Parallel Aware": false,
                                                                        "Async Capable": false,
                                                                        "Scan Direction": "Forward",
                                                                        "Index Name": "title_pkey",
                                                                        "Relation Name": "title",
                                                                        "Alias": "t",
                                                                        "Startup Cost": 0.43,
                                                                        "Total Cost": 0.46,
                                                                        "Plan Rows": 1,
                                                                        "Plan Width": 4,
                                                                        "Actual Startup Time": 0.001,
                                                                        "Actual Total Time": 0.001,
                                                                        "Actual Rows": 1,
                                                                        "Actual Loops": 41840,
                                                                        "Index Cond": "(id = mk.movie_id)",
                                                                        "Rows Removed by Index Recheck": 0,
                                                                        "Heap Fetches": 0
                                                                    }
                                                                ]
                                                            },
                                                            {
                                                                "Node Type": "Index Scan",
                                                                "Parent Relationship": "Inner",
                                                                "Parallel Aware": false,
                                                                "Async Capable": false,
                                                                "Scan Direction": "Forward",
                                                                "Index Name": "movie_id_cast_info",
                                                                "Relation Name": "cast_info",
                                                                "Alias": "ci",
                                                                "Startup Cost": 0.44,
                                                                "Total Cost": 1.37,
                                                                "Plan Rows": 38,
                                                                "Plan Width": 8,
                                                                "Actual Startup Time": 0.002,
                                                                "Actual Total Time": 0.019,
                                                                "Actual Rows": 25,
                                                                "Actual Loops": 41840,
                                                                "Index Cond": "(movie_id = mk.movie_id)",
                                                                "Rows Removed by Index Recheck": 0
                                                            }
                                                        ]
                                                    },
                                                    {
                                                        "Node Type": "Index Scan",
                                                        "Parent Relationship": "Inner",
                                                        "Parallel Aware": false,
                                                        "Async Capable": false,
                                                        "Scan Direction": "Forward",
                                                        "Index Name": "name_pkey",
                                                        "Relation Name": "name",
                                                        "Alias": "n",
                                                        "Startup Cost": 0.43,
                                                        "Total Cost": 0.46,
                                                        "Plan Rows": 1,
                                                        "Plan Width": 19,
                                                        "Actual Startup Time": 0.002,
                                                        "Actual Total Time": 0.002,
                                                        "Actual Rows": 0,
                                                        "Actual Loops": 1038393,
                                                        "Index Cond": "(id = ci.person_id)",
                                                        "Rows Removed by Index Recheck": 0,
                                                        "Filter": "(name ~~ '%B%'::text)",
                                                        "Rows Removed by Filter": 1
                                                    }
                                                ]
                                            },
                                            {
                                                "Node Type": "Index Scan",
                                                "Parent Relationship": "Inner",
                                                "Parallel Aware": false,
                                                "Async Capable": false,
                                                "Scan Direction": "Forward",
                                                "Index Name": "movie_id_movie_companies",
                                                "Relation Name": "movie_companies",
                                                "Alias": "mc",
                                                "Startup Cost": 0.43,
                                                "Total Cost": 0.52,
                                                "Plan Rows": 5,
                                                "Plan Width": 8,
                                                "Actual Startup Time": 0.001,
                                                "Actual Total Time": 0.001,
                                                "Actual Rows": 7,
                                                "Actual Loops": 149494,
                                                "Index Cond": "(movie_id = ci.movie_id)",
                                                "Rows Removed by Index Recheck": 0
                                            }
                                        ]
                                    },
                                    {
                                        "Node Type": "Index Only Scan",
                                        "Parent Relationship": "Inner",
                                        "Parallel Aware": false,
                                        "Async Capable": false,
                                        "Scan Direction": "Forward",
                                        "Index Name": "company_name_pkey",
                                        "Relation Name": "company_name",
                                        "Alias": "cn",
                                        "Startup Cost": 0.42,
                                        "Total Cost": 0.44,
                                        "Plan Rows": 1,
                                        "Plan Width": 4,
                                        "Actual Startup Time": 0.0,
                                        "Actual Total Time": 0.0,
                                        "Actual Rows": 1,
                                        "Actual Loops": 1113120,
                                        "Index Cond": "(id = mc.company_id)",
                                        "Rows Removed by Index Recheck": 0,
                                        "Heap Fetches": 1113120
                                    }
                                ]
                            }
                        ]
                    },
                    "Planning Time": 1.346,
                    "Triggers": [],
                    "Execution Time": 3478.032
                }
            ],
            "hints": [
                "SET enable_hashjoin TO on",
                "SET enable_indexonlyscan TO on",
                "SET enable_indexscan TO on",
                "SET enable_mergejoin TO on",
                "SET enable_nestloop TO on",
                "SET enable_seqscan TO on"
            ]
        },
        {
            "arm": 1,
            "execution_time": 765.252,
            "plan": [
                {
                    "Plan": {
                        "Node Type": "Aggregate",
                        "Strategy": "Plain",
                        "Partial Mode": "Finalize",
                        "Parallel Aware": false,
                        "Async Capable": false,
                        "Startup Cost": 528618.41,
                        "Total Cost": 528618.42,
                        "Plan Rows": 1,
                        "Plan Width": 32,
                        "Actual Startup Time": 747.446,
                        "Actual Total Time": 765.206,
                        "Actual Rows": 1,
                        "Actual Loops": 1,
                        "Plans": [
                            {
                                "Node Type": "Gather",
                                "Parent Relationship": "Outer",
                                "Parallel Aware": false,
                                "Async Capable": false,
                                "Startup Cost": 528617.79,
                                "Total Cost": 528618.4,
                                "Plan Rows": 6,
                                "Plan Width": 32,
                                "Actual Startup Time": 745.05,
                                "Actual Total Time": 765.201,
                                "Actual Rows": 7,
                                "Actual Loops": 1,
                                "Workers Planned": 6,
                                "Workers Launched": 6,
                                "Single Copy": false,
                                "Plans": [
                                    {
                                        "Node Type": "Aggregate",
                                        "Strategy": "Plain",
                                        "Partial Mode": "Partial",
                                        "Parent Relationship": "Outer",
                                        "Parallel Aware": false,
                                        "Async Capable": false,
                                        "Startup Cost": 527617.79,
                                        "Total Cost": 527617.8,
                                        "Plan Rows": 1,
                                        "Plan Width": 32,
                                        "Actual Startup Time": 742.446,
                                        "Actual Total Time": 742.484,
                                        "Actual Rows": 1,
                                        "Actual Loops": 7,
                                        "Workers": [],
                                        "Plans": [
                                            {
                                                "Node Type": "Hash Join",
                                                "Parent Relationship": "Outer",
                                                "Parallel Aware": true,
                                                "Async Capable": false,
                                                "Join Type": "Inner",
                                                "Startup Cost": 195887.38,
                                                "Total Cost": 527617.61,
                                                "Plan Rows": 71,
                                                "Plan Width": 15,
                                                "Actual Startup Time": 252.354,
                                                "Actual Total Time": 738.16,
                                                "Actual Rows": 159017,
                                                "Actual Loops": 7,
                                                "Inner Unique": false,
                                                "Hash Cond": "(ci.movie_id = t.id)",
                                                "Workers": [],
                                                "Plans": [
                                                    {
                                                        "Node Type": "Hash Join",
                                                        "Parent Relationship": "Outer",
                                                        "Parallel Aware": true,
                                                        "Async Capable": false,
                                                        "Join Type": "Inner",
                                                        "Startup Cost": 70258.01,
                                                        "Total Cost": 399242.16,
                                                        "Plan Rows": 732208,
                                                        "Plan Width": 19,
                                                        "Actual Startup Time": 56.86,
                                                        "Actual Total Time": 490.411,
                                                        "Actual Rows": 693955,
                                                        "Actual Loops": 7,
                                                        "Inner Unique": true,
                                                        "Hash Cond": "(ci.person_id = n.id)",
                                                        "Workers": [],
                                                        "Plans": [
                                                            {
                                                                "Node Type": "Seq Scan",
                                                                "Parent Relationship": "Outer",
                                                                "Parallel Aware": true,
                                                                "Async Capable": false,
                                                                "Relation Name": "cast_info",
                                                                "Alias": "ci",
                                                                "Startup Cost": 0.0,
                                                                "Total Cost": 313127.24,
                                                                "Plan Rows": 6040724,
                                                                "Plan Width": 8,
                                                                "Actual Startup Time": 0.024,
                                                                "Actual Total Time": 180.462,
                                                                "Actual Rows": 5177763,
                                                                "Actual Loops": 7,
                                                                "Workers": []
                                                            },
                                                            {
                                                                "Node Type": "Hash",
                                                                "Parent Relationship": "Inner",
                                                                "Parallel Aware": true,
                                                                "Async Capable": false,
                                                                "Startup Cost": 68679.41,
                                                                "Total Cost": 68679.41,
                                                                "Plan Rows": 126288,
                                                                "Plan Width": 19,
                                                                "Actual Startup Time": 56.534,
                                                                "Actual Total Time": 56.535,
                                                                "Actual Rows": 76674,
                                                                "Actual Loops": 7,
                                                                "Hash Buckets": 1048576,
                                                                "Original Hash Buckets": 524288,
                                                                "Hash Batches": 1,
                                                                "Original Hash Batches": 1,
                                                                "Peak Memory Usage": 41568,
                                                                "Workers": [],
                                                                "Plans": [
                                                                    {
                                                                        "Node Type": "Seq Scan",
                                                                        "Parent Relationship": "Outer",
                                                                        "Parallel Aware": true,
                                                                        "Async Capable": false,
                                                                        "Relation Name": "name",
                                                                        "Alias": "n",
                                                                        "Startup Cost": 0.0,
                                                                        "Total Cost": 68679.41,
                                                                        "Plan Rows": 126288,
                                                                        "Plan Width": 19,
                                                                        "Actual Startup Time": 0.011,
                                                                        "Actual Total Time": 40.772,
                                                                        "Actual Rows": 76674,
                                                                        "Actual Loops": 7,
                                                                        "Filter": "(name ~~ '%B%'::text)",
                                                                        "Rows Removed by Filter": 518682,
                                                                        "Workers": []
                                                                    }
                                                                ]
                                                            }
                                                        ]
                                                    },
                                                    {
                                                        "Node Type": "Hash",
                                                        "Parent Relationship": "Inner",
                                                        "Parallel Aware": true,
                                                        "Async Capable": false,
                                                        "Startup Cost": 125628.06,
                                                        "Total Cost": 125628.06,
                                                        "Plan Rows": 105,
                                                        "Plan Width": 12,
                                                        "Actual Startup Time": 194.887,
                                                        "Actual Total Time": 194.894,
                                                        "Actual Rows": 21222,
                                                        "Actual Loops": 7,
                                                        "Hash Buckets": 262144,
                                                        "Original Hash Buckets": 1024,
                                                        "Hash Batches": 1,
                                                        "Original Hash Batches": 1,
                                                        "Peak Memory Usage": 11160,
                                                        "Workers": [],
                                                        "Plans": [
                                                            {
                                                                "Node Type": "Hash Join",
                                                                "Parent Relationship": "Outer",
                                                                "Parallel Aware": true,
                                                                "Async Capable": false,
                                                                "Join Type": "Inner",
                                                                "Startup Cost": 120687.0,
                                                                "Total Cost": 125628.06,
                                                                "Plan Rows": 105,
                                                                "Plan Width": 12,
                                                                "Actual Startup Time": 185.296,
                                                                "Actual Total Time": 190.659,
                                                                "Actual Rows": 21222,
                                                                "Actual Loops": 7,
                                                                "Inner Unique": false,
                                                                "Hash Cond": "(cn.id = mc.company_id)",
                                                                "Workers": [],
                                                                "Plans": [
                                                                    {
                                                                        "Node Type": "Seq Scan",
                                                                        "Parent Relationship": "Outer",
                                                                        "Parallel Aware": true,
                                                                        "Async Capable": false,
                                                                        "Relation Name": "company_name",
                                                                        "Alias": "cn",
                                                                        "Startup Cost": 0.0,
                                                                        "Total Cost": 4422.34,
                                                                        "Plan Rows": 138234,
                                                                        "Plan Width": 4,
                                                                        "Actual Startup Time": 0.005,
                                                                        "Actual Total Time": 2.145,
                                                                        "Actual Rows": 33571,
                                                                        "Actual Loops": 7,
                                                                        "Workers": []
                                                                    },
                                                                    {
                                                                        "Node Type": "Hash",
                                                                        "Parent Relationship": "Inner",
                                                                        "Parallel Aware": true,
                                                                        "Async Capable": false,
                                                                        "Startup Cost": 120686.28,
                                                                        "Total Cost": 120686.28,
                                                                        "Plan Rows": 58,
                                                                        "Plan Width": 16,
                                                                        "Actual Startup Time": 185.28,
                                                                        "Actual Total Time": 185.285,
                                                                        "Actual Rows": 21222,
                                                                        "Actual Loops": 7,
                                                                        "Hash Buckets": 262144,
                                                                        "Original Hash Buckets": 1024,
                                                                        "Hash Batches": 1,
                                                                        "Original Hash Batches": 1,
                                                                        "Peak Memory Usage": 11224,
                                                                        "Workers": [],
                                                                        "Plans": [
                                                                            {
                                                                                "Node Type": "Hash Join",
                                                                                "Parent Relationship": "Outer",
                                                                                "Parallel Aware": true,
                                                                                "Async Capable": false,
                                                                                "Join Type": "Inner",
                                                                                "Startup Cost": 90289.5,
                                                                                "Total Cost": 120686.28,
                                                                                "Plan Rows": 58,
                                                                                "Plan Width": 16,
                                                                                "Actual Startup Time": 138.342,
                                                                                "Actual Total Time": 174.367,
                                                                                "Actual Rows": 21222,
                                                                                "Actual Loops": 7,
                                                                                "Inner Unique": false,
                                                                                "Hash Cond": "(mc.movie_id = t.id)",
                                                                                "Workers": [],
                                                                                "Plans": [
                                                                                    {
                                                                                        "Node Type": "Seq Scan",
                                                                                        "Parent Relationship": "Outer",
                                                                                        "Parallel Aware": true,
                                                                                        "Async Capable": false,
                                                                                        "Relation Name": "movie_companies",
                                                                                        "Alias": "mc",
                                                                                        "Startup Cost": 0.0,
                                                                                        "Total Cost": 27240.55,
                                                                                        "Plan Rows": 841655,
                                                                                        "Plan Width": 8,
                                                                                        "Actual Startup Time": 0.016,
                                                                                        "Actual Total Time": 18.421,
                                                                                        "Actual Rows": 372733,
                                                                                        "Actual Loops": 7,
                                                                                        "Workers": []
                                                                                    },
                                                                                    {
                                                                                        "Node Type": "Hash",
                                                                                        "Parent Relationship": "Inner",
                                                                                        "Parallel Aware": true,
                                                                                        "Async Capable": false,
                                                                                        "Startup Cost": 90289.4,
                                                                                        "Total Cost": 90289.4,
                                                                                        "Plan Rows": 8,
                                                                                        "Plan Width": 8,
                                                                                        "Actual Startup Time": 138.287,
                                                                                        "Actual Total Time": 138.291,
                                                                                        "Actual Rows": 5977,
                                                                                        "Actual Loops": 7,
                                                                                        "Hash Buckets": 65536,
                                                                                        "Original Hash Buckets": 1024,
                                                                                        "Hash Batches": 1,
                                                                                        "Original Hash Batches": 1,
                                                                                        "Peak Memory Usage": 2744,
                                                                                        "Workers": [],
                                                                                        "Plans": [
                                                                                            {
                                                                                                "Node Type": "Hash Join",
                                                                                                "Parent Relationship": "Outer",
                                                                                                "Parallel Aware": true,
                                                                                                "Async Capable": false,
                                                                                                "Join Type": "Inner",
                                                                                                "Startup Cost": 45589.47,
                                                                                                "Total Cost": 90289.4,
                                                                                                "Plan Rows": 8,
                                                                                                "Plan Width": 8,
                                                                                                "Actual Startup Time": 73.765,
                                                                                                "Actual Total Time": 116.019,
                                                                                                "Actual Rows": 5977,
                                                                                                "Actual Loops": 7,
                                                                                                "Inner Unique": false,
                                                                                                "Hash Cond": "(t.id = mk.movie_id)",
                                                                                                "Workers": [],
                                                                                                "Plans": [
                                                                                                    {
                                                                                                        "Node Type": "Seq Scan",
                                                                                                        "Parent Relationship": "Outer",
                                                                                                        "Parallel Aware": true,
                                                                                                        "Async Capable": false,
                                                                                                        "Relation Name": "title",
                                                                                                        "Alias": "t",
                                                                                                        "Startup Cost": 0.0,
                                                                                                        "Total Cost": 42329.38,
                                                                                                        "Plan Rows": 632138,
                                                                                                        "Plan Width": 4,
                                                                                                        "Actual Startup Time": 0.016,
                                                                                                        "Actual Total Time": 24.235,
                                                                                                        "Actual Rows": 361187,
                                                                                                        "Actual Loops": 7,
                                                                                                        "Workers": []
                                                                                                    },
                                                                                                    {
                                                                                                        "Node Type": "Hash",
                                                                                                        "Parent Relationship": "Inner",
                                                                                                        "Parallel Aware": true,
                                                                                                        "Async Capable": false,
                                                                                                        "Startup Cost": 45589.33,
                                                                                                        "Total Cost": 45589.33,
                                                                                                        "Plan Rows": 11,
                                                                                                        "Plan Width": 4,
                                                                                                        "Actual Startup Time": 73.715,
                                                                                                        "Actual Total Time": 73.717,
                                                                                                        "Actual Rows": 5977,
                                                                                                        "Actual Loops": 7,
                                                                                                        "Hash Buckets": 65536,
                                                                                                        "Original Hash Buckets": 1024,
                                                                                                        "Hash Batches": 1,
                                                                                                        "Original Hash Batches": 1,
                                                                                                        "Peak Memory Usage": 2744,
                                                                                                        "Workers": [],
                                                                                                        "Plans": [
                                                                                                            {
                                                                                                                "Node Type": "Hash Join",
                                                                                                                "Parent Relationship": "Outer",
                                                                                                                "Parallel Aware": false,
                                                                                                                "Async Capable": false,
                                                                                                                "Join Type": "Inner",
                                                                                                                "Startup Cost": 2685.14,
                                                                                                                "Total Cost": 45589.33,
                                                                                                                "Plan Rows": 11,
                                                                                                                "Plan Width": 4,
                                                                                                                "Actual Startup Time": 4.464,
                                                                                                                "Actual Total Time": 55.267,
                                                                                                                "Actual Rows": 5977,
                                                                                                                "Actual Loops": 7,
                                                                                                                "Inner Unique": true,
                                                                                                                "Hash Cond": "(mk.keyword_id = k.id)",
                                                                                                                "Workers": [],
                                                                                                                "Plans": [
                                                                                                                    {
                                                                                                                        "Node Type": "Seq Scan",
                                                                                                                        "Parent Relationship": "Outer",
                                                                                                                        "Parallel Aware": true,
                                                                                                                        "Async Capable": false,
                                                                                                                        "Relation Name": "movie_keyword",
                                                                                                                        "Alias": "mk",
                                                                                                                        "Startup Cost": 0.0,
                                                                                                                        "Total Cost": 39073.32,
                                                                                                                        "Plan Rows": 1459332,
                                                                                                                        "Plan Width": 8,
                                                                                                                        "Actual Startup Time": 0.008,
                                                                                                                        "Actual Total Time": 29.809,
                                                                                                                        "Actual Rows": 646276,
                                                                                                                        "Actual Loops": 7,
                                                                                                                        "Workers": []
                                                                                                                    },
                                                                                                                    {
                                                                                                                        "Node Type": "Hash",
                                                                                                                        "Parent Relationship": "Inner",
                                                                                                                        "Parallel Aware": false,
                                                                                                                        "Async Capable": false,
                                                                                                                        "Startup Cost": 2685.12,
                                                                                                                        "Total Cost": 2685.12,
                                                                                                                        "Plan Rows": 1,
                                                                                                                        "Plan Width": 4,
                                                                                                                        "Actual Startup Time": 4.435,
                                                                                                                        "Actual Total Time": 4.436,
                                                                                                                        "Actual Rows": 1,
                                                                                                                        "Actual Loops": 7,
                                                                                                                        "Hash Buckets": 1024,
                                                                                                                        "Original Hash Buckets": 1024,
                                                                                                                        "Hash Batches": 1,
                                                                                                                        "Original Hash Batches": 1,
                                                                                                                        "Peak Memory Usage": 9,
                                                                                                                        "Workers": [],
                                                                                                                        "Plans": [
                                                                                                                            {
                                                                                                                                "Node Type": "Seq Scan",
                                                                                                                                "Parent Relationship": "Outer",
                                                                                                                                "Parallel Aware": false,
                                                                                                                                "Async Capable": false,
                                                                                                                                "Relation Name": "keyword",
                                                                                                                                "Alias": "k",
                                                                                                                                "Startup Cost": 0.0,
                                                                                                                                "Total Cost": 2685.12,
                                                                                                                                "Plan Rows": 1,
                                                                                                                                "Plan Width": 4,
                                                                                                                                "Actual Startup Time": 0.179,
                                                                                                                                "Actual Total Time": 4.433,
                                                                                                                                "Actual Rows": 1,
                                                                                                                                "Actual Loops": 7,
                                                                                                                                "Filter": "(keyword = 'character-name-in-title'::text)",
                                                                                                                                "Rows Removed by Filter": 134169,
                                                                                                                                "Workers": []
                                                                                                                            }
                                                                                                                        ]
                                                                                                                    }
                                                                                                                ]
                                                                                                            }
                                                                                                        ]
                                                                                                    }
                                                                                                ]
                                                                                            }
                                                                                        ]
                                                                                    }
                                                                                ]
                                                                            }
                                                                        ]
                                                                    }
                                                                ]
                                                            }
                                                        ]
                                                    }
                                                ]
                                            }
                                        ]
                                    }
                                ]
                            }
                        ]
                    },
                    "Planning Time": 1.27,
                    "Triggers": [],
                    "Execution Time": 765.252
                }
            ],
            "hints": [
                "SET enable_hashjoin TO on",
                "SET enable_indexonlyscan TO on",
                "SET enable_indexscan TO on",
                "SET enable_mergejoin TO on",
                "SET enable_nestloop TO off",
                "SET enable_seqscan TO on"
            ]
        },
        {
            "arm": 2,
            "execution_time": 754.507,
            "plan": [
                {
                    "Plan": {
                        "Node Type": "Aggregate",
                        "Strategy": "Plain",
                        "Partial Mode": "Finalize",
                        "Parallel Aware": false,
                        "Async Capable": false,
                        "Startup Cost": 528618.41,
                        "Total Cost": 528618.42,
                        "Plan Rows": 1,
                        "Plan Width": 32,
                        "Actual Startup Time": 736.55,
                        "Actual Total Time": 754.462,
                        "Actual Rows": 1,
                        "Actual Loops": 1,
                        "Plans": [
                            {
                                "Node Type": "Gather",
                                "Parent Relationship": "Outer",
                                "Parallel Aware": false,
                                "Async Capable": false,
                                "Startup Cost": 528617.79,
                                "Total Cost": 528618.4,
                                "Plan Rows": 6,
                                "Plan Width": 32,
                                "Actual Startup Time": 734.139,
                                "Actual Total Time": 754.456,
                                "Actual Rows": 7,
                                "Actual Loops": 1,
                                "Workers Planned": 6,
                                "Workers Launched": 6,
                                "Single Copy": false,
                                "Plans": [
                                    {
                                        "Node Type": "Aggregate",
                                        "Strategy": "Plain",
                                        "Partial Mode": "Partial",
                                        "Parent Relationship": "Outer",
                                        "Parallel Aware": false,
                                        "Async Capable": false,
                                        "Startup Cost": 527617.79,
                                        "Total Cost": 527617.8,
                                        "Plan Rows": 1,
                                        "Plan Width": 32,
                                        "Actual Startup Time": 732.08,
                                        "Actual Total Time": 732.107,
                                        "Actual Rows": 1,
                                        "Actual Loops": 7,
                                        "Workers": [],
                                        "Plans": [
                                            {
                                                "Node Type": "Hash Join",
                                                "Parent Relationship": "Outer",
                                                "Parallel Aware": true,
                                                "Async Capable": false,
                                                "Join Type": "Inner",
                                                "Startup Cost": 195887.38,
                                                "Total Cost": 527617.61,
                                                "Plan Rows": 71,
                                                "Plan Width": 15,
                                                "Actual Startup Time": 244.353,
                                                "Actual Total Time": 727.769,
                                                "Actual Rows": 159017,
                                                "Actual Loops": 7,
                                                "Inner Unique": false,
                                                "Hash Cond": "(ci.movie_id = t.id)",
                                                "Workers": [],
                                                "Plans": [
                                                    {
                                                        "Node Type": "Hash Join",
                                                        "Parent Relationship": "Outer",
                                                        "Parallel Aware": true,
                                                        "Async Capable": false,
                                                        "Join Type": "Inner",
                                                        "Startup Cost": 70258.01,
                                                        "Total Cost": 399242.16,
                                                        "Plan Rows": 732208,
                                                        "Plan Width": 19,
                                                        "Actual Startup Time": 54.472,
                                                        "Actual Total Time": 485.776,
                                                        "Actual Rows": 693955,
                                                        "Actual Loops": 7,
                                                        "Inner Unique": true,
                                                        "Hash Cond": "(ci.person_id = n.id)",
                                                        "Workers": [],
                                                        "Plans": [
                                                            {
                                                                "Node Type": "Seq Scan",
                                                                "Parent Relationship": "Outer",
                                                                "Parallel Aware": true,
                                                                "Async Capable": false,
                                                                "Relation Name": "cast_info",
                                                                "Alias": "ci",
                                                                "Startup Cost": 0.0,
                                                                "Total Cost": 313127.24,
                                                                "Plan Rows": 6040724,
                                                                "Plan Width": 8,
                                                                "Actual Startup Time": 0.043,
                                                                "Actual Total Time": 178.363,
                                                                "Actual Rows": 5177763,
                                                                "Actual Loops": 7,
                                                                "Workers": []
                                                            },
                                                            {
                                                                "Node Type": "Hash",
                                                                "Parent Relationship": "Inner",
                                                                "Parallel Aware": true,
                                                                "Async Capable": false,
                                                                "Startup Cost": 68679.41,
                                                                "Total Cost": 68679.41,
                                                                "Plan Rows": 126288,
                                                                "Plan Width": 19,
                                                                "Actual Startup Time": 54.09,
                                                                "Actual Total Time": 54.091,
                                                                "Actual Rows": 76674,
                                                                "Actual Loops": 7,
                                                                "Hash Buckets": 1048576,
                                                                "Original Hash Buckets": 524288,
                                                                "Hash Batches": 1,
                                                                "Original Hash Batches": 1,
                                                                "Peak Memory Usage": 41600,
                                                                "Workers": [],
                                                                "Plans": [
                                                                    {
                                                                        "Node Type": "Seq Scan",
                                                                        "Parent Relationship": "Outer",
                                                                        "Parallel Aware": true,
                                                                        "Async Capable": false,
                                                                        "Relation Name": "name",
                                                                        "Alias": "n",
                                                                        "Startup Cost": 0.0,
                                                                        "Total Cost": 68679.41,
                                                                        "Plan Rows": 126288,
                                                                        "Plan Width": 19,
                                                                        "Actual Startup Time": 0.01,
                                                                        "Actual Total Time": 38.171,
                                                                        "Actual Rows": 76674,
                                                                        "Actual Loops": 7,
                                                                        "Filter": "(name ~~ '%B%'::text)",
                                                                        "Rows Removed by Filter": 518682,
                                                                        "Workers": []
                                                                    }
                                                                ]
                                                            }
                                                        ]
                                                    },
                                                    {
                                                        "Node Type": "Hash",
                                                        "Parent Relationship": "Inner",
                                                        "Parallel Aware": true,
                                                        "Async Capable": false,
                                                        "Startup Cost": 125628.06,
                                                        "Total Cost": 125628.06,
                                                        "Plan Rows": 105,
                                                        "Plan Width": 12,
                                                        "Actual Startup Time": 189.48,
                                                        "Actual Total Time": 189.487,
                                                        "Actual Rows": 21222,
                                                        "Actual Loops": 7,
                                                        "Hash Buckets": 262144,
                                                        "Original Hash Buckets": 1024,
                                                        "Hash Batches": 1,
                                                        "Original Hash Batches": 1,
                                                        "Peak Memory Usage": 11128,
                                                        "Workers": [],
                                                        "Plans": [
                                                            {
                                                                "Node Type": "Hash Join",
                                                                "Parent Relationship": "Outer",
                                                                "Parallel Aware": true,
                                                                "Async Capable": false,
                                                                "Join Type": "Inner",
                                                                "Startup Cost": 120687.0,
                                                                "Total Cost": 125628.06,
                                                                "Plan Rows": 105,
                                                                "Plan Width": 12,
                                                                "Actual Startup Time": 180.184,
                                                                "Actual Total Time": 185.42,
                                                                "Actual Rows": 21222,
                                                                "Actual Loops": 7,
                                                                "Inner Unique": false,
                                                                "Hash Cond": "(cn.id = mc.company_id)",
                                                                "Workers": [],
                                                                "Plans": [
                                                                    {
                                                                        "Node Type": "Seq Scan",
                                                                        "Parent Relationship": "Outer",
                                                                        "Parallel Aware": true,
                                                                        "Async Capable": false,
                                                                        "Relation Name": "company_name",
                                                                        "Alias": "cn",
                                                                        "Startup Cost": 0.0,
                                                                        "Total Cost": 4422.34,
                                                                        "Plan Rows": 138234,
                                                                        "Plan Width": 4,
                                                                        "Actual Startup Time": 0.004,
                                                                        "Actual Total Time": 2.009,
                                                                        "Actual Rows": 33571,
                                                                        "Actual Loops": 7,
                                                                        "Workers": []
                                                                    },
                                                                    {
                                                                        "Node Type": "Hash",
                                                                        "Parent Relationship": "Inner",
                                                                        "Parallel Aware": true,
                                                                        "Async Capable": false,
                                                                        "Startup Cost": 120686.28,
                                                                        "Total Cost": 120686.28,
                                                                        "Plan Rows": 58,
                                                                        "Plan Width": 16,
                                                                        "Actual Startup Time": 180.169,
                                                                        "Actual Total Time": 180.175,
                                                                        "Actual Rows": 21222,
                                                                        "Actual Loops": 7,
                                                                        "Hash Buckets": 262144,
                                                                        "Original Hash Buckets": 1024,
                                                                        "Hash Batches": 1,
                                                                        "Original Hash Batches": 1,
                                                                        "Peak Memory Usage": 11128,
                                                                        "Workers": [],
                                                                        "Plans": [
                                                                            {
                                                                                "Node Type": "Hash Join",
                                                                                "Parent Relationship": "Outer",
                                                                                "Parallel Aware": true,
                                                                                "Async Capable": false,
                                                                                "Join Type": "Inner",
                                                                                "Startup Cost": 90289.5,
                                                                                "Total Cost": 120686.28,
                                                                                "Plan Rows": 58,
                                                                                "Plan Width": 16,
                                                                                "Actual Startup Time": 134.996,
                                                                                "Actual Total Time": 169.328,
                                                                                "Actual Rows": 21222,
                                                                                "Actual Loops": 7,
                                                                                "Inner Unique": false,
                                                                                "Hash Cond": "(mc.movie_id = t.id)",
                                                                                "Workers": [],
                                                                                "Plans": [
                                                                                    {
                                                                                        "Node Type": "Seq Scan",
                                                                                        "Parent Relationship": "Outer",
                                                                                        "Parallel Aware": true,
                                                                                        "Async Capable": false,
                                                                                        "Relation Name": "movie_companies",
                                                                                        "Alias": "mc",
                                                                                        "Startup Cost": 0.0,
                                                                                        "Total Cost": 27240.55,
                                                                                        "Plan Rows": 841655,
                                                                                        "Plan Width": 8,
                                                                                        "Actual Startup Time": 0.005,
                                                                                        "Actual Total Time": 16.924,
                                                                                        "Actual Rows": 372733,
                                                                                        "Actual Loops": 7,
                                                                                        "Workers": []
                                                                                    },
                                                                                    {
                                                                                        "Node Type": "Hash",
                                                                                        "Parent Relationship": "Inner",
                                                                                        "Parallel Aware": true,
                                                                                        "Async Capable": false,
                                                                                        "Startup Cost": 90289.4,
                                                                                        "Total Cost": 90289.4,
                                                                                        "Plan Rows": 8,
                                                                                        "Plan Width": 8,
                                                                                        "Actual Startup Time": 134.953,
                                                                                        "Actual Total Time": 134.957,
                                                                                        "Actual Rows": 5977,
                                                                                        "Actual Loops": 7,
                                                                                        "Hash Buckets": 65536,
                                                                                        "Original Hash Buckets": 1024,
                                                                                        "Hash Batches": 1,
                                                                                        "Original Hash Batches": 1,
                                                                                        "Peak Memory Usage": 2744,
                                                                                        "Workers": [],
                                                                                        "Plans": [
                                                                                            {
                                                                                                "Node Type": "Hash Join",
                                                                                                "Parent Relationship": "Outer",
                                                                                                "Parallel Aware": true,
                                                                                                "Async Capable": false,
                                                                                                "Join Type": "Inner",
                                                                                                "Startup Cost": 45589.47,
                                                                                                "Total Cost": 90289.4,
                                                                                                "Plan Rows": 8,
                                                                                                "Plan Width": 8,
                                                                                                "Actual Startup Time": 66.747,
                                                                                                "Actual Total Time": 104.735,
                                                                                                "Actual Rows": 5977,
                                                                                                "Actual Loops": 7,
                                                                                                "Inner Unique": false,
                                                                                                "Hash Cond": "(t.id = mk.movie_id)",
                                                                                                "Workers": [],
                                                                                                "Plans": [
                                                                                                    {
                                                                                                        "Node Type": "Seq Scan",
                                                                                                        "Parent Relationship": "Outer",
                                                                                                        "Parallel Aware": true,
                                                                                                        "Async Capable": false,
                                                                                                        "Relation Name": "title",
                                                                                                        "Alias": "t",
                                                                                                        "Startup Cost": 0.0,
                                                                                                        "Total Cost": 42329.38,
                                                                                                        "Plan Rows": 632138,
                                                                                                        "Plan Width": 4,
                                                                                                        "Actual Startup Time": 0.005,
                                                                                                        "Actual Total Time": 17.8,
                                                                                                        "Actual Rows": 361187,
                                                                                                        "Actual Loops": 7,
                                                                                                        "Workers": []
                                                                                                    },
                                                                                                    {
                                                                                                        "Node Type": "Hash",
                                                                                                        "Parent Relationship": "Inner",
                                                                                                        "Parallel Aware": true,
                                                                                                        "Async Capable": false,
                                                                                                        "Startup Cost": 45589.33,
                                                                                                        "Total Cost": 45589.33,
                                                                                                        "Plan Rows": 11,
                                                                                                        "Plan Width": 4,
                                                                                                        "Actual Startup Time": 66.708,
                                                                                                        "Actual Total Time": 66.71,
                                                                                                        "Actual Rows": 5977,
                                                                                                        "Actual Loops": 7,
                                                                                                        "Hash Buckets": 65536,
                                                                                                        "Original Hash Buckets": 1024,
                                                                                                        "Hash Batches": 1,
                                                                                                        "Original Hash Batches": 1,
                                                                                                        "Peak Memory Usage": 2744,
                                                                                                        "Workers": [],
                                                                                                        "Plans": [
                                                                                                            {
                                                                                                                "Node Type": "Hash Join",
                                                                                                                "Parent Relationship": "Outer",
                                                                                                                "Parallel Aware": false,
                                                                                                                "Async Capable": false,
                                                                                                                "Join Type": "Inner",
                                                                                                                "Startup Cost": 2685.14,
                                                                                                                "Total Cost": 45589.33,
                                                                                                                "Plan Rows": 11,
                                                                                                                "Plan Width": 4,
                                                                                                                "Actual Startup Time": 4.768,
                                                                                                                "Actual Total Time": 51.933,
                                                                                                                "Actual Rows": 5977,
                                                                                                                "Actual Loops": 7,
                                                                                                                "Inner Unique": true,
                                                                                                                "Hash Cond": "(mk.keyword_id = k.id)",
                                                                                                                "Workers": [],
                                                                                                                "Plans": [
                                                                                                                    {
                                                                                                                        "Node Type": "Seq Scan",
                                                                                                                        "Parent Relationship": "Outer",
                                                                                                                        "Parallel Aware": true,
                                                                                                                        "Async Capable": false,
                                                                                                                        "Relation Name": "movie_keyword",
                                                                                                                        "Alias": "mk",
                                                                                                                        "Startup Cost": 0.0,
                                                                                                                        "Total Cost": 39073.32,
                                                                                                                        "Plan Rows": 1459332,
                                                                                                                        "Plan Width": 8,
                                                                                                                        "Actual Startup Time": 0.005,
                                                                                                                        "Actual Total Time": 27.16,
                                                                                                                        "Actual Rows": 646276,
                                                                                                                        "Actual Loops": 7,
                                                                                                                        "Workers": []
                                                                                                                    },
                                                                                                                    {
                                                                                                                        "Node Type": "Hash",
                                                                                                                        "Parent Relationship": "Inner",
                                                                                                                        "Parallel Aware": false,
                                                                                                                        "Async Capable": false,
                                                                                                                        "Startup Cost": 2685.12,
                                                                                                                        "Total Cost": 2685.12,
                                                                                                                        "Plan Rows": 1,
                                                                                                                        "Plan Width": 4,
                                                                                                                        "Actual Startup Time": 4.739,
                                                                                                                        "Actual Total Time": 4.74,
                                                                                                                        "Actual Rows": 1,
                                                                                                                        "Actual Loops": 7,
                                                                                                                        "Hash Buckets": 1024,
                                                                                                                        "Original Hash Buckets": 1024,
                                                                                                                        "Hash Batches": 1,
                                                                                                                        "Original Hash Batches": 1,
                                                                                                                        "Peak Memory Usage": 9,
                                                                                                                        "Workers": [],
                                                                                                                        "Plans": [
                                                                                                                            {
                                                                                                                                "Node Type": "Seq Scan",
                                                                                                                                "Parent Relationship": "Outer",
                                                                                                                                "Parallel Aware": false,
                                                                                                                                "Async Capable": false,
                                                                                                                                "Relation Name": "keyword",
                                                                                                                                "Alias": "k",
                                                                                                                                "Startup Cost": 0.0,
                                                                                                                                "Total Cost": 2685.12,
                                                                                                                                "Plan Rows": 1,
                                                                                                                                "Plan Width": 4,
                                                                                                                                "Actual Startup Time": 0.208,
                                                                                                                                "Actual Total Time": 4.737,
                                                                                                                                "Actual Rows": 1,
                                                                                                                                "Actual Loops": 7,
                                                                                                                                "Filter": "(keyword = 'character-name-in-title'::text)",
                                                                                                                                "Rows Removed by Filter": 134169,
                                                                                                                                "Workers": []
                                                                                                                            }
                                                                                                                        ]
                                                                                                                    }
                                                                                                                ]
                                                                                                            }
                                                                                                        ]
                                                                                                    }
                                                                                                ]
                                                                                            }
                                                                                        ]
                                                                                    }
                                                                                ]
                                                                            }
                                                                        ]
                                                                    }
                                                                ]
                                                            }
                                                        ]
                                                    }
                                                ]
                                            }
                                        ]
                                    }
                                ]
                            }
                        ]
                    },
                    "Planning Time": 0.862,
                    "Triggers": [],
                    "Execution Time": 754.507
                }
            ],
            "hints": [
                "SET enable_hashjoin TO on",
                "SET enable_indexonlyscan TO on",
                "SET enable_indexscan TO off",
                "SET enable_mergejoin TO off",
                "SET enable_nestloop TO on",
                "SET enable_seqscan TO on"
            ]
        },
        {
            "arm": 3,
            "execution_time": 743.052,
            "plan": [
                {
                    "Plan": {
                        "Node Type": "Aggregate",
                        "Strategy": "Plain",
                        "Partial Mode": "Finalize",
                        "Parallel Aware": false,
                        "Async Capable": false,
                        "Startup Cost": 528618.41,
                        "Total Cost": 528618.42,
                        "Plan Rows": 1,
                        "Plan Width": 32,
                        "Actual Startup Time": 724.924,
                        "Actual Total Time": 743.009,
                        "Actual Rows": 1,
                        "Actual Loops": 1,
                        "Plans": [
                            {
                                "Node Type": "Gather",
                                "Parent Relationship": "Outer",
                                "Parallel Aware": false,
                                "Async Capable": false,
                                "Startup Cost": 528617.79,
                                "Total Cost": 528618.4,
                                "Plan Rows": 6,
                                "Plan Width": 32,
                                "Actual Startup Time": 722.532,
                                "Actual Total Time": 743.004,
                                "Actual Rows": 7,
                                "Actual Loops": 1,
                                "Workers Planned": 6,
                                "Workers Launched": 6,
                                "Single Copy": false,
                                "Plans": [
                                    {
                                        "Node Type": "Aggregate",
                                        "Strategy": "Plain",
                                        "Partial Mode": "Partial",
                                        "Parent Relationship": "Outer",
                                        "Parallel Aware": false,
                                        "Async Capable": false,
                                        "Startup Cost": 527617.79,
                                        "Total Cost": 527617.8,
                                        "Plan Rows": 1,
                                        "Plan Width": 32,
                                        "Actual Startup Time": 720.482,
                                        "Actual Total Time": 720.508,
                                        "Actual Rows": 1,
                                        "Actual Loops": 7,
                                        "Workers": [],
                                        "Plans": [
                                            {
                                                "Node Type": "Hash Join",
                                                "Parent Relationship": "Outer",
                                                "Parallel Aware": true,
                                                "Async Capable": false,
                                                "Join Type": "Inner",
                                                "Startup Cost": 195887.38,
                                                "Total Cost": 527617.61,
                                                "Plan Rows": 71,
                                                "Plan Width": 15,
                                                "Actual Startup Time": 231.46,
                                                "Actual Total Time": 716.172,
                                                "Actual Rows": 159017,
                                                "Actual Loops": 7,
                                                "Inner Unique": false,
                                                "Hash Cond": "(ci.movie_id = t.id)",
                                                "Workers": [],
                                                "Plans": [
                                                    {
                                                        "Node Type": "Hash Join",
                                                        "Parent Relationship": "Outer",
                                                        "Parallel Aware": true,
                                                        "Async Capable": false,
                                                        "Join Type": "Inner",
                                                        "Startup Cost": 70258.01,
                                                        "Total Cost": 399242.16,
                                                        "Plan Rows": 732208,
                                                        "Plan Width": 19,
                                                        "Actual Startup Time": 56.055,
                                                        "Actual Total Time": 488.915,
                                                        "Actual Rows": 693955,
                                                        "Actual Loops": 7,
                                                        "Inner Unique": true,
                                                        "Hash Cond": "(ci.person_id = n.id)",
                                                        "Workers": [],
                                                        "Plans": [
                                                            {
                                                                "Node Type": "Seq Scan",
                                                                "Parent Relationship": "Outer",
                                                                "Parallel Aware": true,
                                                                "Async Capable": false,
                                                                "Relation Name": "cast_info",
                                                                "Alias": "ci",
                                                                "Startup Cost": 0.0,
                                                                "Total Cost": 313127.24,
                                                                "Plan Rows": 6040724,
                                                                "Plan Width": 8,
                                                                "Actual Startup Time": 0.041,
                                                                "Actual Total Time": 179.104,
                                                                "Actual Rows": 5177763,
                                                                "Actual Loops": 7,
                                                                "Workers": []
                                                            },
                                                            {
                                                                "Node Type": "Hash",
                                                                "Parent Relationship": "Inner",
                                                                "Parallel Aware": true,
                                                                "Async Capable": false,
                                                                "Startup Cost": 68679.41,
                                                                "Total Cost": 68679.41,
                                                                "Plan Rows": 126288,
                                                                "Plan Width": 19,
                                                                "Actual Startup Time": 55.636,
                                                                "Actual Total Time": 55.637,
                                                                "Actual Rows": 76674,
                                                                "Actual Loops": 7,
                                                                "Hash Buckets": 1048576,
                                                                "Original Hash Buckets": 524288,
                                                                "Hash Batches": 1,
                                                                "Original Hash Batches": 1,
                                                                "Peak Memory Usage": 41600,
                                                                "Workers": [],
                                                                "Plans": [
                                                                    {
                                                                        "Node Type": "Seq Scan",
                                                                        "Parent Relationship": "Outer",
                                                                        "Parallel Aware": true,
                                                                        "Async Capable": false,
                                                                        "Relation Name": "name",
                                                                        "Alias": "n",
                                                                        "Startup Cost": 0.0,
                                                                        "Total Cost": 68679.41,
                                                                        "Plan Rows": 126288,
                                                                        "Plan Width": 19,
                                                                        "Actual Startup Time": 0.01,
                                                                        "Actual Total Time": 39.153,
                                                                        "Actual Rows": 76674,
                                                                        "Actual Loops": 7,
                                                                        "Filter": "(name ~~ '%B%'::text)",
                                                                        "Rows Removed by Filter": 518682,
                                                                        "Workers": []
                                                                    }
                                                                ]
                                                            }
                                                        ]
                                                    },
                                                    {
                                                        "Node Type": "Hash",
                                                        "Parent Relationship": "Inner",
                                                        "Parallel Aware": true,
                                                        "Async Capable": false,
                                                        "Startup Cost": 125628.06,
                                                        "Total Cost": 125628.06,
                                                        "Plan Rows": 105,
                                                        "Plan Width": 12,
                                                        "Actual Startup Time": 174.962,
                                                        "Actual Total Time": 174.97,
                                                        "Actual Rows": 21222,
                                                        "Actual Loops": 7,
                                                        "Hash Buckets": 262144,
                                                        "Original Hash Buckets": 1024,
                                                        "Hash Batches": 1,
                                                        "Original Hash Batches": 1,
                                                        "Peak Memory Usage": 11128,
                                                        "Workers": [],
                                                        "Plans": [
                                                            {
                                                                "Node Type": "Hash Join",
                                                                "Parent Relationship": "Outer",
                                                                "Parallel Aware": true,
                                                                "Async Capable": false,
                                                                "Join Type": "Inner",
                                                                "Startup Cost": 120687.0,
                                                                "Total Cost": 125628.06,
                                                                "Plan Rows": 105,
                                                                "Plan Width": 12,
                                                                "Actual Startup Time": 165.528,
                                                                "Actual Total Time": 170.826,
                                                                "Actual Rows": 21222,
                                                                "Actual Loops": 7,
                                                                "Inner Unique": false,
                                                                "Hash Cond": "(cn.id = mc.company_id)",
                                                                "Workers": [],
                                                                "Plans": [
                                                                    {
                                                                        "Node Type": "Seq Scan",
                                                                        "Parent Relationship": "Outer",
                                                                        "Parallel Aware": true,
                                                                        "Async Capable": false,
                                                                        "Relation Name": "company_name",
                                                                        "Alias": "cn",
                                                                        "Startup Cost": 0.0,
                                                                        "Total Cost": 4422.34,
                                                                        "Plan Rows": 138234,
                                                                        "Plan Width": 4,
                                                                        "Actual Startup Time": 0.004,
                                                                        "Actual Total Time": 2.054,
                                                                        "Actual Rows": 33571,
                                                                        "Actual Loops": 7,
                                                                        "Workers": []
                                                                    },
                                                                    {
                                                                        "Node Type": "Hash",
                                                                        "Parent Relationship": "Inner",
                                                                        "Parallel Aware": true,
                                                                        "Async Capable": false,
                                                                        "Startup Cost": 120686.28,
                                                                        "Total Cost": 120686.28,
                                                                        "Plan Rows": 58,
                                                                        "Plan Width": 16,
                                                                        "Actual Startup Time": 165.514,
                                                                        "Actual Total Time": 165.52,
                                                                        "Actual Rows": 21222,
                                                                        "Actual Loops": 7,
                                                                        "Hash Buckets": 262144,
                                                                        "Original Hash Buckets": 1024,
                                                                        "Hash Batches": 1,
                                                                        "Original Hash Batches": 1,
                                                                        "Peak Memory Usage": 11192,
                                                                        "Workers": [],
                                                                        "Plans": [
                                                                            {
                                                                                "Node Type": "Hash Join",
                                                                                "Parent Relationship": "Outer",
                                                                                "Parallel Aware": true,
                                                                                "Async Capable": false,
                                                                                "Join Type": "Inner",
                                                                                "Startup Cost": 90289.5,
                                                                                "Total Cost": 120686.28,
                                                                                "Plan Rows": 58,
                                                                                "Plan Width": 16,
                                                                                "Actual Startup Time": 123.026,
                                                                                "Actual Total Time": 156.091,
                                                                                "Actual Rows": 21222,
                                                                                "Actual Loops": 7,
                                                                                "Inner Unique": false,
                                                                                "Hash Cond": "(mc.movie_id = t.id)",
                                                                                "Workers": [],
                                                                                "Plans": [
                                                                                    {
                                                                                        "Node Type": "Seq Scan",
                                                                                        "Parent Relationship": "Outer",
                                                                                        "Parallel Aware": true,
                                                                                        "Async Capable": false,
                                                                                        "Relation Name": "movie_companies",
                                                                                        "Alias": "mc",
                                                                                        "Startup Cost": 0.0,
                                                                                        "Total Cost": 27240.55,
                                                                                        "Plan Rows": 841655,
                                                                                        "Plan Width": 8,
                                                                                        "Actual Startup Time": 0.005,
                                                                                        "Actual Total Time": 16.368,
                                                                                        "Actual Rows": 372733,
                                                                                        "Actual Loops": 7,
                                                                                        "Workers": []
                                                                                    },
                                                                                    {
                                                                                        "Node Type": "Hash",
                                                                                        "Parent Relationship": "Inner",
                                                                                        "Parallel Aware": true,
                                                                                        "Async Capable": false,
                                                                                        "Startup Cost": 90289.4,
                                                                                        "Total Cost": 90289.4,
                                                                                        "Plan Rows": 8,
                                                                                        "Plan Width": 8,
                                                                                        "Actual Startup Time": 122.983,
                                                                                        "Actual Total Time": 122.987,
                                                                                        "Actual Rows": 5977,
                                                                                        "Actual Loops": 7,
                                                                                        "Hash Buckets": 65536,
                                                                                        "Original Hash Buckets": 1024,
                                                                                        "Hash Batches": 1,
                                                                                        "Original Hash Batches": 1,
                                                                                        "Peak Memory Usage": 2744,
                                                                                        "Workers": [],
                                                                                        "Plans": [
                                                                                            {
                                                                                                "Node Type": "Hash Join",
                                                                                                "Parent Relationship": "Outer",
                                                                                                "Parallel Aware": true,
                                                                                                "Async Capable": false,
                                                                                                "Join Type": "Inner",
                                                                                                "Startup Cost": 45589.47,
                                                                                                "Total Cost": 90289.4,
                                                                                                "Plan Rows": 8,
                                                                                                "Plan Width": 8,
                                                                                                "Actual Startup Time": 67.893,
                                                                                                "Actual Total Time": 104.218,
                                                                                                "Actual Rows": 5977,
                                                                                                "Actual Loops": 7,
                                                                                                "Inner Unique": false,
                                                                                                "Hash Cond": "(t.id = mk.movie_id)",
                                                                                                "Workers": [],
                                                                                                "Plans": [
                                                                                                    {
                                                                                                        "Node Type": "Seq Scan",
                                                                                                        "Parent Relationship": "Outer",
                                                                                                        "Parallel Aware": true,
                                                                                                        "Async Capable": false,
                                                                                                        "Relation Name": "title",
                                                                                                        "Alias": "t",
                                                                                                        "Startup Cost": 0.0,
                                                                                                        "Total Cost": 42329.38,
                                                                                                        "Plan Rows": 632138,
                                                                                                        "Plan Width": 4,
                                                                                                        "Actual Startup Time": 0.004,
                                                                                                        "Actual Total Time": 17.153,
                                                                                                        "Actual Rows": 361187,
                                                                                                        "Actual Loops": 7,
                                                                                                        "Workers": []
                                                                                                    },
                                                                                                    {
                                                                                                        "Node Type": "Hash",
                                                                                                        "Parent Relationship": "Inner",
                                                                                                        "Parallel Aware": true,
                                                                                                        "Async Capable": false,
                                                                                                        "Startup Cost": 45589.33,
                                                                                                        "Total Cost": 45589.33,
                                                                                                        "Plan Rows": 11,
                                                                                                        "Plan Width": 4,
                                                                                                        "Actual Startup Time": 67.859,
                                                                                                        "Actual Total Time": 67.861,
                                                                                                        "Actual Rows": 5977,
                                                                                                        "Actual Loops": 7,
                                                                                                        "Hash Buckets": 65536,
                                                                                                        "Original Hash Buckets": 1024,
                                                                                                        "Hash Batches": 1,
                                                                                                        "Original Hash Batches": 1,
                                                                                                        "Peak Memory Usage": 2744,
                                                                                                        "Workers": [],
                                                                                                        "Plans": [
                                                                                                            {
                                                                                                                "Node Type": "Hash Join",
                                                                                                                "Parent Relationship": "Outer",
                                                                                                                "Parallel Aware": false,
                                                                                                                "Async Capable": false,
                                                                                                                "Join Type": "Inner",
                                                                                                                "Startup Cost": 2685.14,
                                                                                                                "Total Cost": 45589.33,
                                                                                                                "Plan Rows": 11,
                                                                                                                "Plan Width": 4,
                                                                                                                "Actual Startup Time": 4.979,
                                                                                                                "Actual Total Time": 51.6,
                                                                                                                "Actual Rows": 5977,
                                                                                                                "Actual Loops": 7,
                                                                                                                "Inner Unique": true,
                                                                                                                "Hash Cond": "(mk.keyword_id = k.id)",
                                                                                                                "Workers": [],
                                                                                                                "Plans": [
                                                                                                                    {
                                                                                                                        "Node Type": "Seq Scan",
                                                                                                                        "Parent Relationship": "Outer",
                                                                                                                        "Parallel Aware": true,
                                                                                                                        "Async Capable": false,
                                                                                                                        "Relation Name": "movie_keyword",
                                                                                                                        "Alias": "mk",
                                                                                                                        "Startup Cost": 0.0,
                                                                                                                        "Total Cost": 39073.32,
                                                                                                                        "Plan Rows": 1459332,
                                                                                                                        "Plan Width": 8,
                                                                                                                        "Actual Startup Time": 0.006,
                                                                                                                        "Actual Total Time": 26.87,
                                                                                                                        "Actual Rows": 646276,
                                                                                                                        "Actual Loops": 7,
                                                                                                                        "Workers": []
                                                                                                                    },
                                                                                                                    {
                                                                                                                        "Node Type": "Hash",
                                                                                                                        "Parent Relationship": "Inner",
                                                                                                                        "Parallel Aware": false,
                                                                                                                        "Async Capable": false,
                                                                                                                        "Startup Cost": 2685.12,
                                                                                                                        "Total Cost": 2685.12,
                                                                                                                        "Plan Rows": 1,
                                                                                                                        "Plan Width": 4,
                                                                                                                        "Actual Startup Time": 4.947,
                                                                                                                        "Actual Total Time": 4.948,
                                                                                                                        "Actual Rows": 1,
                                                                                                                        "Actual Loops": 7,
                                                                                                                        "Hash Buckets": 1024,
                                                                                                                        "Original Hash Buckets": 1024,
                                                                                                                        "Hash Batches": 1,
                                                                                                                        "Original Hash Batches": 1,
                                                                                                                        "Peak Memory Usage": 9,
                                                                                                                        "Workers": [],
                                                                                                                        "Plans": [
                                                                                                                            {
                                                                                                                                "Node Type": "Seq Scan",
                                                                                                                                "Parent Relationship": "Outer",
                                                                                                                                "Parallel Aware": false,
                                                                                                                                "Async Capable": false,
                                                                                                                                "Relation Name": "keyword",
                                                                                                                                "Alias": "k",
                                                                                                                                "Startup Cost": 0.0,
                                                                                                                                "Total Cost": 2685.12,
                                                                                                                                "Plan Rows": 1,
                                                                                                                                "Plan Width": 4,
                                                                                                                                "Actual Startup Time": 0.249,
                                                                                                                                "Actual Total Time": 4.946,
                                                                                                                                "Actual Rows": 1,
                                                                                                                                "Actual Loops": 7,
                                                                                                                                "Filter": "(keyword = 'character-name-in-title'::text)",
                                                                                                                                "Rows Removed by Filter": 134169,
                                                                                                                                "Workers": []
                                                                                                                            }
                                                                                                                        ]
                                                                                                                    }
                                                                                                                ]
                                                                                                            }
                                                                                                        ]
                                                                                                    }
                                                                                                ]
                                                                                            }
                                                                                        ]
                                                                                    }
                                                                                ]
                                                                            }
                                                                        ]
                                                                    }
                                                                ]
                                                            }
                                                        ]
                                                    }
                                                ]
                                            }
                                        ]
                                    }
                                ]
                            }
                        ]
                    },
                    "Planning Time": 0.833,
                    "Triggers": [],
                    "Execution Time": 743.052
                }
            ],
            "hints": [
                "SET enable_hashjoin TO on",
                "SET enable_indexonlyscan TO on",
                "SET enable_indexscan TO off",
                "SET enable_mergejoin TO off",
                "SET enable_nestloop TO off",
                "SET enable_seqscan TO on"
            ]
        },
        {
            "arm": 4,
            "execution_time": 3420.199,
            "plan": [
                {
                    "Plan": {
                        "Node Type": "Aggregate",
                        "Strategy": "Plain",
                        "Partial Mode": "Simple",
                        "Parallel Aware": false,
                        "Async Capable": false,
                        "Startup Cost": 4852.76,
                        "Total Cost": 4852.77,
                        "Plan Rows": 1,
                        "Plan Width": 32,
                        "Actual Startup Time": 3420.166,
                        "Actual Total Time": 3420.169,
                        "Actual Rows": 1,
                        "Actual Loops": 1,
                        "Plans": [
                            {
                                "Node Type": "Nested Loop",
                                "Parent Relationship": "Outer",
                                "Parallel Aware": false,
                                "Async Capable": false,
                                "Join Type": "Inner",
                                "Startup Cost": 2.58,
                                "Total Cost": 4851.69,
                                "Plan Rows": 428,
                                "Plan Width": 15,
                                "Actual Startup Time": 0.619,
                                "Actual Total Time": 3383.457,
                                "Actual Rows": 1113120,
                                "Actual Loops": 1,
                                "Inner Unique": true,
                                "Plans": [
                                    {
                                        "Node Type": "Nested Loop",
                                        "Parent Relationship": "Outer",
                                        "Parallel Aware": false,
                                        "Async Capable": false,
                                        "Join Type": "Inner",
                                        "Startup Cost": 2.16,
                                        "Total Cost": 4661.87,
                                        "Plan Rows": 428,
                                        "Plan Width": 19,
                                        "Actual Startup Time": 0.611,
                                        "Actual Total Time": 2760.963,
                                        "Actual Rows": 1113120,
                                        "Actual Loops": 1,
                                        "Inner Unique": false,
                                        "Plans": [
                                            {
                                                "Node Type": "Nested Loop",
                                                "Parent Relationship": "Outer",
                                                "Parallel Aware": false,
                                                "Async Capable": false,
                                                "Join Type": "Inner",
                                                "Startup Cost": 1.73,
                                                "Total Cost": 4572.9,
                                                "Plan Rows": 156,
                                                "Plan Width": 27,
                                                "Actual Startup Time": 0.229,
                                                "Actual Total Time": 2545.741,
                                                "Actual Rows": 149494,
                                                "Actual Loops": 1,
                                                "Inner Unique": true,
                                                "Plans": [
                                                    {
                                                        "Node Type": "Nested Loop",
                                                        "Parent Relationship": "Outer",
                                                        "Parallel Aware": false,
                                                        "Async Capable": false,
                                                        "Join Type": "Inner",
                                                        "Startup Cost": 1.3,
                                                        "Total Cost": 3983.71,
                                                        "Plan Rows": 1287,
                                                        "Plan Width": 16,
                                                        "Actual Startup Time": 0.222,
                                                        "Actual Total Time": 892.275,
                                                        "Actual Rows": 1038393,
                                                        "Actual Loops": 1,
                                                        "Inner Unique": false,
                                                        "Join Filter": "(ci.movie_id = t.id)",
                                                        "Rows Removed by Join Filter": 0,
                                                        "Plans": [
                                                            {
                                                                "Node Type": "Nested Loop",
                                                                "Parent Relationship": "Outer",
                                                                "Parallel Aware": false,
                                                                "Async Capable": false,
                                                                "Join Type": "Inner",
                                                                "Startup Cost": 0.86,
                                                                "Total Cost": 3920.94,
                                                                "Plan Rows": 34,
                                                                "Plan Width": 8,
                                                                "Actual Startup Time": 0.207,
                                                                "Actual Total Time": 57.242,
                                                                "Actual Rows": 41840,
                                                                "Actual Loops": 1,
                                                                "Inner Unique": true,
                                                                "Plans": [
                                                                    {
                                                                        "Node Type": "Nested Loop",
                                                                        "Parent Relationship": "Outer",
                                                                        "Parallel Aware": false,
                                                                        "Async Capable": false,
                                                                        "Join Type": "Inner",
                                                                        "Startup Cost": 0.43,
                                                                        "Total Cost": 3905.45,
                                                                        "Plan Rows": 34,
                                                                        "Plan Width": 4,
                                                                        "Actual Startup Time": 0.198,
                                                                        "Actual Total Time": 24.435,
                                                                        "Actual Rows": 41840,
                                                                        "Actual Loops": 1,
                                                                        "Inner Unique": false,
                                                                        "Plans": [
                                                                            {
                                                                                "Node Type": "Seq Scan",
                                                                                "Parent Relationship": "Outer",
                                                                                "Parallel Aware": false,
                                                                                "Async Capable": false,
                                                                                "Relation Name": "keyword",
                                                                                "Alias": "k",
                                                                                "Startup Cost": 0.0,
                                                                                "Total Cost": 2685.12,
                                                                                "Plan Rows": 1,
                                                                                "Plan Width": 4,
                                                                                "Actual Startup Time": 0.173,
                                                                                "Actual Total Time": 4.168,
                                                                                "Actual Rows": 1,
                                                                                "Actual Loops": 1,
                                                                                "Filter": "(keyword = 'character-name-in-title'::text)",
                                                                                "Rows Removed by Filter": 134169
                                                                            },
                                                                            {
                                                                                "Node Type": "Index Scan",
                                                                                "Parent Relationship": "Inner",
                                                                                "Parallel Aware": false,
                                                                                "Async Capable": false,
                                                                                "Scan Direction": "Forward",
                                                                                "Index Name": "keyword_id_movie_keyword",
                                                                                "Relation Name": "movie_keyword",
                                                                                "Alias": "mk",
                                                                                "Startup Cost": 0.43,
                                                                                "Total Cost": 1217.3,
                                                                                "Plan Rows": 303,
                                                                                "Plan Width": 8,
                                                                                "Actual Startup Time": 0.024,
                                                                                "Actual Total Time": 18.096,
                                                                                "Actual Rows": 41840,
                                                                                "Actual Loops": 1,
                                                                                "Index Cond": "(keyword_id = k.id)",
                                                                                "Rows Removed by Index Recheck": 0
                                                                            }
                                                                        ]
                                                                    },
                                                                    {
                                                                        "Node Type": "Index Only Scan",
                                                                        "Parent Relationship": "Inner",
                                                                        "Parallel Aware": false,
                                                                        "Async Capable": false,
                                                                        "Scan Direction": "Forward",
                                                                        "Index Name": "title_pkey",
                                                                        "Relation Name": "title",
                                                                        "Alias": "t",
                                                                        "Startup Cost": 0.43,
                                                                        "Total Cost": 0.46,
                                                                        "Plan Rows": 1,
                                                                        "Plan Width": 4,
                                                                        "Actual Startup Time": 0.001,
                                                                        "Actual Total Time": 0.001,
                                                                        "Actual Rows": 1,
                                                                        "Actual Loops": 41840,
                                                                        "Index Cond": "(id = mk.movie_id)",
                                                                        "Rows Removed by Index Recheck": 0,
                                                                        "Heap Fetches": 0
                                                                    }
                                                                ]
                                                            },
                                                            {
                                                                "Node Type": "Index Scan",
                                                                "Parent Relationship": "Inner",
                                                                "Parallel Aware": false,
                                                                "Async Capable": false,
                                                                "Scan Direction": "Forward",
                                                                "Index Name": "movie_id_cast_info",
                                                                "Relation Name": "cast_info",
                                                                "Alias": "ci",
                                                                "Startup Cost": 0.44,
                                                                "Total Cost": 1.37,
                                                                "Plan Rows": 38,
                                                                "Plan Width": 8,
                                                                "Actual Startup Time": 0.002,
                                                                "Actual Total Time": 0.018,
                                                                "Actual Rows": 25,
                                                                "Actual Loops": 41840,
                                                                "Index Cond": "(movie_id = mk.movie_id)",
                                                                "Rows Removed by Index Recheck": 0
                                                            }
                                                        ]
                                                    },
                                                    {
                                                        "Node Type": "Index Scan",
                                                        "Parent Relationship": "Inner",
                                                        "Parallel Aware": false,
                                                        "Async Capable": false,
                                                        "Scan Direction": "Forward",
                                                        "Index Name": "name_pkey",
                                                        "Relation Name": "name",
                                                        "Alias": "n",
                                                        "Startup Cost": 0.43,
                                                        "Total Cost": 0.46,
                                                        "Plan Rows": 1,
                                                        "Plan Width": 19,
                                                        "Actual Startup Time": 0.002,
                                                        "Actual Total Time": 0.002,
                                                        "Actual Rows": 0,
                                                        "Actual Loops": 1038393,
                                                        "Index Cond": "(id = ci.person_id)",
                                                        "Rows Removed by Index Recheck": 0,
                                                        "Filter": "(name ~~ '%B%'::text)",
                                                        "Rows Removed by Filter": 1
                                                    }
                                                ]
                                            },
                                            {
                                                "Node Type": "Index Scan",
                                                "Parent Relationship": "Inner",
                                                "Parallel Aware": false,
                                                "Async Capable": false,
                                                "Scan Direction": "Forward",
                                                "Index Name": "movie_id_movie_companies",
                                                "Relation Name": "movie_companies",
                                                "Alias": "mc",
                                                "Startup Cost": 0.43,
                                                "Total Cost": 0.52,
                                                "Plan Rows": 5,
                                                "Plan Width": 8,
                                                "Actual Startup Time": 0.001,
                                                "Actual Total Time": 0.001,
                                                "Actual Rows": 7,
                                                "Actual Loops": 149494,
                                                "Index Cond": "(movie_id = ci.movie_id)",
                                                "Rows Removed by Index Recheck": 0
                                            }
                                        ]
                                    },
                                    {
                                        "Node Type": "Index Only Scan",
                                        "Parent Relationship": "Inner",
                                        "Parallel Aware": false,
                                        "Async Capable": false,
                                        "Scan Direction": "Forward",
                                        "Index Name": "company_name_pkey",
                                        "Relation Name": "company_name",
                                        "Alias": "cn",
                                        "Startup Cost": 0.42,
                                        "Total Cost": 0.44,
                                        "Plan Rows": 1,
                                        "Plan Width": 4,
                                        "Actual Startup Time": 0.0,
                                        "Actual Total Time": 0.0,
                                        "Actual Rows": 1,
                                        "Actual Loops": 1113120,
                                        "Index Cond": "(id = mc.company_id)",
                                        "Rows Removed by Index Recheck": 0,
                                        "Heap Fetches": 1113120
                                    }
                                ]
                            }
                        ]
                    },
                    "Planning Time": 0.955,
                    "Triggers": [],
                    "Execution Time": 3420.199
                }
            ],
            "hints": [
                "SET enable_hashjoin TO on",
                "SET enable_indexonlyscan TO on",
                "SET enable_indexscan TO on",
                "SET enable_mergejoin TO off",
                "SET enable_nestloop TO on",
                "SET enable_seqscan TO on"
            ]
        }
    ]
}