{
    "sql_file": "job10c.sql",
    "query": "SELECT MIN(chn.name) AS character, MIN(t.title) AS movie_with_american_producer FROM char_name AS chn, cast_info AS ci, company_name AS cn, company_type AS ct, movie_companies AS mc, role_type AS rt, title AS t WHERE ci.note  like '%(producer)%' AND cn.country_code  = '[us]' AND t.production_year > 1990 AND t.id = mc.movie_id AND t.id = ci.movie_id AND ci.movie_id = mc.movie_id AND chn.id = ci.person_role_id AND rt.id = ci.role_id AND cn.id = mc.company_id AND ct.id = mc.company_type_id;",
    "results": [
        {
            "arm": 0,
            "execution_time": 1548.253,
            "plan": [
                {
                    "Plan": {
                        "Node Type": "Aggregate",
                        "Strategy": "Plain",
                        "Partial Mode": "Finalize",
                        "Parallel Aware": false,
                        "Async Capable": false,
                        "Startup Cost": 383535.75,
                        "Total Cost": 383535.76,
                        "Plan Rows": 1,
                        "Plan Width": 64,
                        "Actual Startup Time": 1508.014,
                        "Actual Total Time": 1548.181,
                        "Actual Rows": 1,
                        "Actual Loops": 1,
                        "Plans": [
                            {
                                "Node Type": "Gather",
                                "Parent Relationship": "Outer",
                                "Parallel Aware": false,
                                "Async Capable": false,
                                "Startup Cost": 383535.32,
                                "Total Cost": 383535.73,
                                "Plan Rows": 4,
                                "Plan Width": 64,
                                "Actual Startup Time": 1505.135,
                                "Actual Total Time": 1548.176,
                                "Actual Rows": 5,
                                "Actual Loops": 1,
                                "Workers Planned": 4,
                                "Workers Launched": 4,
                                "Single Copy": false,
                                "Plans": [
                                    {
                                        "Node Type": "Aggregate",
                                        "Strategy": "Plain",
                                        "Partial Mode": "Partial",
                                        "Parent Relationship": "Outer",
                                        "Parallel Aware": false,
                                        "Async Capable": false,
                                        "Startup Cost": 382535.32,
                                        "Total Cost": 382535.33,
                                        "Plan Rows": 1,
                                        "Plan Width": 64,
                                        "Actual Startup Time": 1503.059,
                                        "Actual Total Time": 1503.102,
                                        "Actual Rows": 1,
                                        "Actual Loops": 5,
                                        "Workers": [],
                                        "Plans": [
                                            {
                                                "Node Type": "Hash Join",
                                                "Parent Relationship": "Outer",
                                                "Parallel Aware": false,
                                                "Async Capable": false,
                                                "Join Type": "Inner",
                                                "Startup Cost": 38648.58,
                                                "Total Cost": 381267.2,
                                                "Plan Rows": 253624,
                                                "Plan Width": 33,
                                                "Actual Startup Time": 1173.3,
                                                "Actual Total Time": 1503.092,
                                                "Actual Rows": 2,
                                                "Actual Loops": 5,
                                                "Inner Unique": true,
                                                "Hash Cond": "(ci.role_id = rt.id)",
                                                "Workers": [],
                                                "Plans": [
                                                    {
                                                        "Node Type": "Nested Loop",
                                                        "Parent Relationship": "Outer",
                                                        "Parallel Aware": false,
                                                        "Async Capable": false,
                                                        "Join Type": "Inner",
                                                        "Startup Cost": 38647.31,
                                                        "Total Cost": 380365.05,
                                                        "Plan Rows": 253624,
                                                        "Plan Width": 37,
                                                        "Actual Startup Time": 1173.263,
                                                        "Actual Total Time": 1503.054,
                                                        "Actual Rows": 2,
                                                        "Actual Loops": 5,
                                                        "Inner Unique": true,
                                                        "Workers": [],
                                                        "Plans": [
                                                            {
                                                                "Node Type": "Nested Loop",
                                                                "Parent Relationship": "Outer",
                                                                "Parallel Aware": false,
                                                                "Async Capable": false,
                                                                "Join Type": "Inner",
                                                                "Startup Cost": 38646.87,
                                                                "Total Cost": 361003.03,
                                                                "Plan Rows": 253624,
                                                                "Plan Width": 25,
                                                                "Actual Startup Time": 98.845,
                                                                "Actual Total Time": 1487.291,
                                                                "Actual Rows": 156421,
                                                                "Actual Loops": 5,
                                                                "Inner Unique": false,
                                                                "Join Filter": "(ci.movie_id = t.id)",
                                                                "Rows Removed by Join Filter": 0,
                                                                "Workers": [],
                                                                "Plans": [
                                                                    {
                                                                        "Node Type": "Hash Join",
                                                                        "Parent Relationship": "Outer",
                                                                        "Parallel Aware": false,
                                                                        "Async Capable": false,
                                                                        "Join Type": "Inner",
                                                                        "Startup Cost": 38646.43,
                                                                        "Total Cost": 85607.07,
                                                                        "Plan Rows": 163272,
                                                                        "Plan Width": 25,
                                                                        "Actual Startup Time": 98.723,
                                                                        "Actual Total Time": 233.553,
                                                                        "Actual Rows": 119250,
                                                                        "Actual Loops": 5,
                                                                        "Inner Unique": true,
                                                                        "Hash Cond": "(mc.company_type_id = ct.id)",
                                                                        "Workers": [],
                                                                        "Plans": [
                                                                            {
                                                                                "Node Type": "Hash Join",
                                                                                "Parent Relationship": "Outer",
                                                                                "Parallel Aware": true,
                                                                                "Async Capable": false,
                                                                                "Join Type": "Inner",
                                                                                "Startup Cost": 38645.34,
                                                                                "Total Cost": 84723.29,
                                                                                "Plan Rows": 163272,
                                                                                "Plan Width": 29,
                                                                                "Actual Startup Time": 98.701,
                                                                                "Actual Total Time": 225.066,
                                                                                "Actual Rows": 119250,
                                                                                "Actual Loops": 5,
                                                                                "Inner Unique": false,
                                                                                "Hash Cond": "(t.id = mc.movie_id)",
                                                                                "Workers": [],
                                                                                "Plans": [
                                                                                    {
                                                                                        "Node Type": "Seq Scan",
                                                                                        "Parent Relationship": "Outer",
                                                                                        "Parallel Aware": true,
                                                                                        "Async Capable": false,
                                                                                        "Relation Name": "title",
                                                                                        "Alias": "t",
                                                                                        "Startup Cost": 0.0,
                                                                                        "Total Cost": 43909.73,
                                                                                        "Plan Rows": 437742,
                                                                                        "Plan Width": 21,
                                                                                        "Actual Startup Time": 0.008,
                                                                                        "Actual Total Time": 31.738,
                                                                                        "Actual Rows": 349806,
                                                                                        "Actual Loops": 5,
                                                                                        "Filter": "(production_year > 1990)",
                                                                                        "Rows Removed by Filter": 155856,
                                                                                        "Workers": []
                                                                                    },
                                                                                    {
                                                                                        "Node Type": "Hash",
                                                                                        "Parent Relationship": "Inner",
                                                                                        "Parallel Aware": true,
                                                                                        "Async Capable": false,
                                                                                        "Startup Cost": 34842.44,
                                                                                        "Total Cost": 34842.44,
                                                                                        "Plan Rows": 304232,
                                                                                        "Plan Width": 8,
                                                                                        "Actual Startup Time": 98.27,
                                                                                        "Actual Total Time": 98.309,
                                                                                        "Actual Rows": 230760,
                                                                                        "Actual Loops": 5,
                                                                                        "Hash Buckets": 2097152,
                                                                                        "Original Hash Buckets": 1048576,
                                                                                        "Hash Batches": 1,
                                                                                        "Original Hash Batches": 1,
                                                                                        "Peak Memory Usage": 69792,
                                                                                        "Workers": [],
                                                                                        "Plans": [
                                                                                            {
                                                                                                "Node Type": "Hash Join",
                                                                                                "Parent Relationship": "Outer",
                                                                                                "Parallel Aware": true,
                                                                                                "Async Capable": false,
                                                                                                "Join Type": "Inner",
                                                                                                "Startup Cost": 5392.51,
                                                                                                "Total Cost": 34842.44,
                                                                                                "Plan Rows": 304232,
                                                                                                "Plan Width": 8,
                                                                                                "Actual Startup Time": 5.119,
                                                                                                "Actual Total Time": 64.112,
                                                                                                "Actual Rows": 230760,
                                                                                                "Actual Loops": 5,
                                                                                                "Inner Unique": true,
                                                                                                "Hash Cond": "(mc.company_id = cn.id)",
                                                                                                "Workers": [],
                                                                                                "Plans": [
                                                                                                    {
                                                                                                        "Node Type": "Seq Scan",
                                                                                                        "Parent Relationship": "Outer",
                                                                                                        "Parallel Aware": true,
                                                                                                        "Async Capable": false,
                                                                                                        "Relation Name": "movie_companies",
                                                                                                        "Alias": "mc",
                                                                                                        "Startup Cost": 0.0,
                                                                                                        "Total Cost": 27240.55,
                                                                                                        "Plan Rows": 841655,
                                                                                                        "Plan Width": 12,
                                                                                                        "Actual Startup Time": 0.007,
                                                                                                        "Actual Total Time": 23.636,
                                                                                                        "Actual Rows": 521826,
                                                                                                        "Actual Loops": 5,
                                                                                                        "Workers": []
                                                                                                    },
                                                                                                    {
                                                                                                        "Node Type": "Hash",
                                                                                                        "Parent Relationship": "Inner",
                                                                                                        "Parallel Aware": true,
                                                                                                        "Async Capable": false,
                                                                                                        "Startup Cost": 4767.92,
                                                                                                        "Total Cost": 4767.92,
                                                                                                        "Plan Rows": 49967,
                                                                                                        "Plan Width": 4,
                                                                                                        "Actual Startup Time": 5.012,
                                                                                                        "Actual Total Time": 5.013,
                                                                                                        "Actual Rows": 16969,
                                                                                                        "Actual Loops": 5,
                                                                                                        "Hash Buckets": 131072,
                                                                                                        "Original Hash Buckets": 131072,
                                                                                                        "Hash Batches": 1,
                                                                                                        "Original Hash Batches": 1,
                                                                                                        "Peak Memory Usage": 4448,
                                                                                                        "Workers": [],
                                                                                                        "Plans": [
                                                                                                            {
                                                                                                                "Node Type": "Seq Scan",
                                                                                                                "Parent Relationship": "Outer",
                                                                                                                "Parallel Aware": true,
                                                                                                                "Async Capable": false,
                                                                                                                "Relation Name": "company_name",
                                                                                                                "Alias": "cn",
                                                                                                                "Startup Cost": 0.0,
                                                                                                                "Total Cost": 4767.92,
                                                                                                                "Plan Rows": 49967,
                                                                                                                "Plan Width": 4,
                                                                                                                "Actual Startup Time": 0.013,
                                                                                                                "Actual Total Time": 3.618,
                                                                                                                "Actual Rows": 16969,
                                                                                                                "Actual Loops": 5,
                                                                                                                "Filter": "((country_code)::text = '[us]'::text)",
                                                                                                                "Rows Removed by Filter": 30031,
                                                                                                                "Workers": []
                                                                                                            }
                                                                                                        ]
                                                                                                    }
                                                                                                ]
                                                                                            }
                                                                                        ]
                                                                                    }
                                                                                ]
                                                                            },
                                                                            {
                                                                                "Node Type": "Hash",
                                                                                "Parent Relationship": "Inner",
                                                                                "Parallel Aware": false,
                                                                                "Async Capable": false,
                                                                                "Startup Cost": 1.04,
                                                                                "Total Cost": 1.04,
                                                                                "Plan Rows": 4,
                                                                                "Plan Width": 4,
                                                                                "Actual Startup Time": 0.014,
                                                                                "Actual Total Time": 0.015,
                                                                                "Actual Rows": 4,
                                                                                "Actual Loops": 5,
                                                                                "Hash Buckets": 1024,
                                                                                "Original Hash Buckets": 1024,
                                                                                "Hash Batches": 1,
                                                                                "Original Hash Batches": 1,
                                                                                "Peak Memory Usage": 9,
                                                                                "Workers": [],
                                                                                "Plans": [
                                                                                    {
                                                                                        "Node Type": "Seq Scan",
                                                                                        "Parent Relationship": "Outer",
                                                                                        "Parallel Aware": false,
                                                                                        "Async Capable": false,
                                                                                        "Relation Name": "company_type",
                                                                                        "Alias": "ct",
                                                                                        "Startup Cost": 0.0,
                                                                                        "Total Cost": 1.04,
                                                                                        "Plan Rows": 4,
                                                                                        "Plan Width": 4,
                                                                                        "Actual Startup Time": 0.013,
                                                                                        "Actual Total Time": 0.013,
                                                                                        "Actual Rows": 4,
                                                                                        "Actual Loops": 5,
                                                                                        "Workers": []
                                                                                    }
                                                                                ]
                                                                            }
                                                                        ]
                                                                    },
                                                                    {
                                                                        "Node Type": "Index Scan",
                                                                        "Parent Relationship": "Inner",
                                                                        "Parallel Aware": false,
                                                                        "Async Capable": false,
                                                                        "Scan Direction": "Forward",
                                                                        "Index Name": "movie_id_cast_info",
                                                                        "Relation Name": "cast_info",
                                                                        "Alias": "ci",
                                                                        "Startup Cost": 0.44,
                                                                        "Total Cost": 1.66,
                                                                        "Plan Rows": 2,
                                                                        "Plan Width": 12,
                                                                        "Actual Startup Time": 0.006,
                                                                        "Actual Total Time": 0.01,
                                                                        "Actual Rows": 1,
                                                                        "Actual Loops": 596250,
                                                                        "Index Cond": "(movie_id = mc.movie_id)",
                                                                        "Rows Removed by Index Recheck": 0,
                                                                        "Filter": "(note ~~ '%(producer)%'::text)",
                                                                        "Rows Removed by Filter": 34,
                                                                        "Workers": []
                                                                    }
                                                                ]
                                                            },
                                                            {
                                                                "Node Type": "Memoize",
                                                                "Parent Relationship": "Inner",
                                                                "Parallel Aware": false,
                                                                "Async Capable": false,
                                                                "Startup Cost": 0.44,
                                                                "Total Cost": 0.59,
                                                                "Plan Rows": 1,
                                                                "Plan Width": 20,
                                                                "Actual Startup Time": 0.0,
                                                                "Actual Total Time": 0.0,
                                                                "Actual Rows": 0,
                                                                "Actual Loops": 782104,
                                                                "Cache Key": "ci.person_role_id",
                                                                "Cache Mode": "logical",
                                                                "Cache Hits": 159650,
                                                                "Cache Misses": 2,
                                                                "Cache Evictions": 0,
                                                                "Cache Overflows": 0,
                                                                "Peak Memory Usage": 1,
                                                                "Workers": [
                                                                    {
                                                                        "Worker Number": 0,
                                                                        "Cache Hits": 155486,
                                                                        "Cache Misses": 1,
                                                                        "Cache Evictions": 0,
                                                                        "Cache Overflows": 0,
                                                                        "Peak Memory Usage": 1
                                                                    },
                                                                    {
                                                                        "Worker Number": 1,
                                                                        "Cache Hits": 155743,
                                                                        "Cache Misses": 2,
                                                                        "Cache Evictions": 0,
                                                                        "Cache Overflows": 0,
                                                                        "Peak Memory Usage": 1
                                                                    },
                                                                    {
                                                                        "Worker Number": 2,
                                                                        "Cache Hits": 155685,
                                                                        "Cache Misses": 2,
                                                                        "Cache Evictions": 0,
                                                                        "Cache Overflows": 0,
                                                                        "Peak Memory Usage": 1
                                                                    },
                                                                    {
                                                                        "Worker Number": 3,
                                                                        "Cache Hits": 155531,
                                                                        "Cache Misses": 2,
                                                                        "Cache Evictions": 0,
                                                                        "Cache Overflows": 0,
                                                                        "Peak Memory Usage": 1
                                                                    }
                                                                ],
                                                                "Plans": [
                                                                    {
                                                                        "Node Type": "Index Scan",
                                                                        "Parent Relationship": "Outer",
                                                                        "Parallel Aware": false,
                                                                        "Async Capable": false,
                                                                        "Scan Direction": "Forward",
                                                                        "Index Name": "char_name_pkey",
                                                                        "Relation Name": "char_name",
                                                                        "Alias": "chn",
                                                                        "Startup Cost": 0.43,
                                                                        "Total Cost": 0.58,
                                                                        "Plan Rows": 1,
                                                                        "Plan Width": 20,
                                                                        "Actual Startup Time": 0.009,
                                                                        "Actual Total Time": 0.01,
                                                                        "Actual Rows": 0,
                                                                        "Actual Loops": 9,
                                                                        "Index Cond": "(id = ci.person_role_id)",
                                                                        "Rows Removed by Index Recheck": 0,
                                                                        "Workers": []
                                                                    }
                                                                ]
                                                            }
                                                        ]
                                                    },
                                                    {
                                                        "Node Type": "Hash",
                                                        "Parent Relationship": "Inner",
                                                        "Parallel Aware": false,
                                                        "Async Capable": false,
                                                        "Startup Cost": 1.12,
                                                        "Total Cost": 1.12,
                                                        "Plan Rows": 12,
                                                        "Plan Width": 4,
                                                        "Actual Startup Time": 0.017,
                                                        "Actual Total Time": 0.017,
                                                        "Actual Rows": 12,
                                                        "Actual Loops": 5,
                                                        "Hash Buckets": 1024,
                                                        "Original Hash Buckets": 1024,
                                                        "Hash Batches": 1,
                                                        "Original Hash Batches": 1,
                                                        "Peak Memory Usage": 9,
                                                        "Workers": [],
                                                        "Plans": [
                                                            {
                                                                "Node Type": "Seq Scan",
                                                                "Parent Relationship": "Outer",
                                                                "Parallel Aware": false,
                                                                "Async Capable": false,
                                                                "Relation Name": "role_type",
                                                                "Alias": "rt",
                                                                "Startup Cost": 0.0,
                                                                "Total Cost": 1.12,
                                                                "Plan Rows": 12,
                                                                "Plan Width": 4,
                                                                "Actual Startup Time": 0.014,
                                                                "Actual Total Time": 0.014,
                                                                "Actual Rows": 12,
                                                                "Actual Loops": 5,
                                                                "Workers": []
                                                            }
                                                        ]
                                                    }
                                                ]
                                            }
                                        ]
                                    }
                                ]
                            }
                        ]
                    },
                    "Planning Time": 0.989,
                    "Triggers": [],
                    "Execution Time": 1548.253
                }
            ],
            "hints": [
                "SET enable_hashjoin TO on",
                "SET enable_indexonlyscan TO on",
                "SET enable_indexscan TO on",
                "SET enable_mergejoin TO on",
                "SET enable_nestloop TO on",
                "SET enable_seqscan TO on"
            ]
        },
        {
            "arm": 1,
            "execution_time": 559.802,
            "plan": [
                {
                    "Plan": {
                        "Node Type": "Aggregate",
                        "Strategy": "Plain",
                        "Partial Mode": "Finalize",
                        "Parallel Aware": false,
                        "Async Capable": false,
                        "Startup Cost": 485146.09,
                        "Total Cost": 485146.1,
                        "Plan Rows": 1,
                        "Plan Width": 64,
                        "Actual Startup Time": 540.155,
                        "Actual Total Time": 559.755,
                        "Actual Rows": 1,
                        "Actual Loops": 1,
                        "Plans": [
                            {
                                "Node Type": "Gather",
                                "Parent Relationship": "Outer",
                                "Parallel Aware": false,
                                "Async Capable": false,
                                "Startup Cost": 485145.45,
                                "Total Cost": 485146.06,
                                "Plan Rows": 6,
                                "Plan Width": 64,
                                "Actual Startup Time": 537.036,
                                "Actual Total Time": 559.748,
                                "Actual Rows": 7,
                                "Actual Loops": 1,
                                "Workers Planned": 6,
                                "Workers Launched": 6,
                                "Single Copy": false,
                                "Plans": [
                                    {
                                        "Node Type": "Aggregate",
                                        "Strategy": "Plain",
                                        "Partial Mode": "Partial",
                                        "Parent Relationship": "Outer",
                                        "Parallel Aware": false,
                                        "Async Capable": false,
                                        "Startup Cost": 484145.45,
                                        "Total Cost": 484145.46,
                                        "Plan Rows": 1,
                                        "Plan Width": 64,
                                        "Actual Startup Time": 534.788,
                                        "Actual Total Time": 534.812,
                                        "Actual Rows": 1,
                                        "Actual Loops": 7,
                                        "Workers": [],
                                        "Plans": [
                                            {
                                                "Node Type": "Hash Join",
                                                "Parent Relationship": "Outer",
                                                "Parallel Aware": true,
                                                "Async Capable": false,
                                                "Join Type": "Inner",
                                                "Startup Cost": 146362.7,
                                                "Total Cost": 483300.04,
                                                "Plan Rows": 169083,
                                                "Plan Width": 33,
                                                "Actual Startup Time": 534.298,
                                                "Actual Total Time": 534.807,
                                                "Actual Rows": 1,
                                                "Actual Loops": 7,
                                                "Inner Unique": true,
                                                "Hash Cond": "(ci.person_role_id = chn.id)",
                                                "Workers": [],
                                                "Plans": [
                                                    {
                                                        "Node Type": "Hash Join",
                                                        "Parent Relationship": "Outer",
                                                        "Parallel Aware": false,
                                                        "Async Capable": false,
                                                        "Join Type": "Inner",
                                                        "Startup Cost": 87649.24,
                                                        "Total Cost": 417559.73,
                                                        "Plan Rows": 169083,
                                                        "Plan Width": 21,
                                                        "Actual Startup Time": 216.743,
                                                        "Actual Total Time": 441.1,
                                                        "Actual Rows": 111729,
                                                        "Actual Loops": 7,
                                                        "Inner Unique": true,
                                                        "Hash Cond": "(ci.role_id = rt.id)",
                                                        "Workers": [],
                                                        "Plans": [
                                                            {
                                                                "Node Type": "Hash Join",
                                                                "Parent Relationship": "Outer",
                                                                "Parallel Aware": true,
                                                                "Async Capable": false,
                                                                "Join Type": "Inner",
                                                                "Startup Cost": 87647.97,
                                                                "Total Cost": 416957.87,
                                                                "Plan Rows": 169083,
                                                                "Plan Width": 25,
                                                                "Actual Startup Time": 216.714,
                                                                "Actual Total Time": 434.292,
                                                                "Actual Rows": 111729,
                                                                "Actual Loops": 7,
                                                                "Inner Unique": false,
                                                                "Hash Cond": "(ci.movie_id = t.id)",
                                                                "Workers": [],
                                                                "Plans": [
                                                                    {
                                                                        "Node Type": "Seq Scan",
                                                                        "Parent Relationship": "Outer",
                                                                        "Parallel Aware": true,
                                                                        "Async Capable": false,
                                                                        "Relation Name": "cast_info",
                                                                        "Alias": "ci",
                                                                        "Startup Cost": 0.0,
                                                                        "Total Cost": 328229.05,
                                                                        "Plan Rows": 245888,
                                                                        "Plan Width": 12,
                                                                        "Actual Startup Time": 30.488,
                                                                        "Actual Total Time": 224.073,
                                                                        "Actual Rows": 205063,
                                                                        "Actual Loops": 7,
                                                                        "Filter": "(note ~~ '%(producer)%'::text)",
                                                                        "Rows Removed by Filter": 4972701,
                                                                        "Workers": []
                                                                    },
                                                                    {
                                                                        "Node Type": "Hash",
                                                                        "Parent Relationship": "Inner",
                                                                        "Parallel Aware": true,
                                                                        "Async Capable": false,
                                                                        "Startup Cost": 85607.07,
                                                                        "Total Cost": 85607.07,
                                                                        "Plan Rows": 163272,
                                                                        "Plan Width": 25,
                                                                        "Actual Startup Time": 178.271,
                                                                        "Actual Total Time": 178.279,
                                                                        "Actual Rows": 85179,
                                                                        "Actual Loops": 7,
                                                                        "Hash Buckets": 1048576,
                                                                        "Original Hash Buckets": 1048576,
                                                                        "Hash Batches": 1,
                                                                        "Original Hash Batches": 1,
                                                                        "Peak Memory Usage": 45088,
                                                                        "Workers": [],
                                                                        "Plans": [
                                                                            {
                                                                                "Node Type": "Hash Join",
                                                                                "Parent Relationship": "Outer",
                                                                                "Parallel Aware": false,
                                                                                "Async Capable": false,
                                                                                "Join Type": "Inner",
                                                                                "Startup Cost": 38646.43,
                                                                                "Total Cost": 85607.07,
                                                                                "Plan Rows": 163272,
                                                                                "Plan Width": 25,
                                                                                "Actual Startup Time": 79.518,
                                                                                "Actual Total Time": 162.867,
                                                                                "Actual Rows": 85179,
                                                                                "Actual Loops": 7,
                                                                                "Inner Unique": true,
                                                                                "Hash Cond": "(mc.company_type_id = ct.id)",
                                                                                "Workers": [],
                                                                                "Plans": [
                                                                                    {
                                                                                        "Node Type": "Hash Join",
                                                                                        "Parent Relationship": "Outer",
                                                                                        "Parallel Aware": true,
                                                                                        "Async Capable": false,
                                                                                        "Join Type": "Inner",
                                                                                        "Startup Cost": 38645.34,
                                                                                        "Total Cost": 84723.29,
                                                                                        "Plan Rows": 163272,
                                                                                        "Plan Width": 29,
                                                                                        "Actual Startup Time": 79.503,
                                                                                        "Actual Total Time": 157.555,
                                                                                        "Actual Rows": 85179,
                                                                                        "Actual Loops": 7,
                                                                                        "Inner Unique": false,
                                                                                        "Hash Cond": "(t.id = mc.movie_id)",
                                                                                        "Workers": [],
                                                                                        "Plans": [
                                                                                            {
                                                                                                "Node Type": "Seq Scan",
                                                                                                "Parent Relationship": "Outer",
                                                                                                "Parallel Aware": true,
                                                                                                "Async Capable": false,
                                                                                                "Relation Name": "title",
                                                                                                "Alias": "t",
                                                                                                "Startup Cost": 0.0,
                                                                                                "Total Cost": 43909.73,
                                                                                                "Plan Rows": 437742,
                                                                                                "Plan Width": 21,
                                                                                                "Actual Startup Time": 0.019,
                                                                                                "Actual Total Time": 26.762,
                                                                                                "Actual Rows": 249862,
                                                                                                "Actual Loops": 7,
                                                                                                "Filter": "(production_year > 1990)",
                                                                                                "Rows Removed by Filter": 111326,
                                                                                                "Workers": []
                                                                                            },
                                                                                            {
                                                                                                "Node Type": "Hash",
                                                                                                "Parent Relationship": "Inner",
                                                                                                "Parallel Aware": true,
                                                                                                "Async Capable": false,
                                                                                                "Startup Cost": 34842.44,
                                                                                                "Total Cost": 34842.44,
                                                                                                "Plan Rows": 304232,
                                                                                                "Plan Width": 8,
                                                                                                "Actual Startup Time": 79.201,
                                                                                                "Actual Total Time": 79.205,
                                                                                                "Actual Rows": 164828,
                                                                                                "Actual Loops": 7,
                                                                                                "Hash Buckets": 2097152,
                                                                                                "Original Hash Buckets": 1048576,
                                                                                                "Hash Batches": 1,
                                                                                                "Original Hash Batches": 1,
                                                                                                "Peak Memory Usage": 69824,
                                                                                                "Workers": [],
                                                                                                "Plans": [
                                                                                                    {
                                                                                                        "Node Type": "Hash Join",
                                                                                                        "Parent Relationship": "Outer",
                                                                                                        "Parallel Aware": true,
                                                                                                        "Async Capable": false,
                                                                                                        "Join Type": "Inner",
                                                                                                        "Startup Cost": 5392.51,
                                                                                                        "Total Cost": 34842.44,
                                                                                                        "Plan Rows": 304232,
                                                                                                        "Plan Width": 8,
                                                                                                        "Actual Startup Time": 5.372,
                                                                                                        "Actual Total Time": 50.999,
                                                                                                        "Actual Rows": 164828,
                                                                                                        "Actual Loops": 7,
                                                                                                        "Inner Unique": true,
                                                                                                        "Hash Cond": "(mc.company_id = cn.id)",
                                                                                                        "Workers": [],
                                                                                                        "Plans": [
                                                                                                            {
                                                                                                                "Node Type": "Seq Scan",
                                                                                                                "Parent Relationship": "Outer",
                                                                                                                "Parallel Aware": true,
                                                                                                                "Async Capable": false,
                                                                                                                "Relation Name": "movie_companies",
                                                                                                                "Alias": "mc",
                                                                                                                "Startup Cost": 0.0,
                                                                                                                "Total Cost": 27240.55,
                                                                                                                "Plan Rows": 841655,
                                                                                                                "Plan Width": 12,
                                                                                                                "Actual Startup Time": 0.01,
                                                                                                                "Actual Total Time": 18.889,
                                                                                                                "Actual Rows": 372733,
                                                                                                                "Actual Loops": 7,
                                                                                                                "Workers": []
                                                                                                            },
                                                                                                            {
                                                                                                                "Node Type": "Hash",
                                                                                                                "Parent Relationship": "Inner",
                                                                                                                "Parallel Aware": true,
                                                                                                                "Async Capable": false,
                                                                                                                "Startup Cost": 4767.92,
                                                                                                                "Total Cost": 4767.92,
                                                                                                                "Plan Rows": 49967,
                                                                                                                "Plan Width": 4,
                                                                                                                "Actual Startup Time": 5.087,
                                                                                                                "Actual Total Time": 5.088,
                                                                                                                "Actual Rows": 12120,
                                                                                                                "Actual Loops": 7,
                                                                                                                "Hash Buckets": 131072,
                                                                                                                "Original Hash Buckets": 131072,
                                                                                                                "Hash Batches": 1,
                                                                                                                "Original Hash Batches": 1,
                                                                                                                "Peak Memory Usage": 4480,
                                                                                                                "Workers": [],
                                                                                                                "Plans": [
                                                                                                                    {
                                                                                                                        "Node Type": "Seq Scan",
                                                                                                                        "Parent Relationship": "Outer",
                                                                                                                        "Parallel Aware": true,
                                                                                                                        "Async Capable": false,
                                                                                                                        "Relation Name": "company_name",
                                                                                                                        "Alias": "cn",
                                                                                                                        "Startup Cost": 0.0,
                                                                                                                        "Total Cost": 4767.92,
                                                                                                                        "Plan Rows": 49967,
                                                                                                                        "Plan Width": 4,
                                                                                                                        "Actual Startup Time": 0.017,
                                                                                                                        "Actual Total Time": 2.766,
                                                                                                                        "Actual Rows": 12120,
                                                                                                                        "Actual Loops": 7,
                                                                                                                        "Filter": "((country_code)::text = '[us]'::text)",
                                                                                                                        "Rows Removed by Filter": 21451,
                                                                                                                        "Workers": []
                                                                                                                    }
                                                                                                                ]
                                                                                                            }
                                                                                                        ]
                                                                                                    }
                                                                                                ]
                                                                                            }
                                                                                        ]
                                                                                    },
                                                                                    {
                                                                                        "Node Type": "Hash",
                                                                                        "Parent Relationship": "Inner",
                                                                                        "Parallel Aware": false,
                                                                                        "Async Capable": false,
                                                                                        "Startup Cost": 1.04,
                                                                                        "Total Cost": 1.04,
                                                                                        "Plan Rows": 4,
                                                                                        "Plan Width": 4,
                                                                                        "Actual Startup Time": 0.008,
                                                                                        "Actual Total Time": 0.009,
                                                                                        "Actual Rows": 4,
                                                                                        "Actual Loops": 7,
                                                                                        "Hash Buckets": 1024,
                                                                                        "Original Hash Buckets": 1024,
                                                                                        "Hash Batches": 1,
                                                                                        "Original Hash Batches": 1,
                                                                                        "Peak Memory Usage": 9,
                                                                                        "Workers": [],
                                                                                        "Plans": [
                                                                                            {
                                                                                                "Node Type": "Seq Scan",
                                                                                                "Parent Relationship": "Outer",
                                                                                                "Parallel Aware": false,
                                                                                                "Async Capable": false,
                                                                                                "Relation Name": "company_type",
                                                                                                "Alias": "ct",
                                                                                                "Startup Cost": 0.0,
                                                                                                "Total Cost": 1.04,
                                                                                                "Plan Rows": 4,
                                                                                                "Plan Width": 4,
                                                                                                "Actual Startup Time": 0.006,
                                                                                                "Actual Total Time": 0.006,
                                                                                                "Actual Rows": 4,
                                                                                                "Actual Loops": 7,
                                                                                                "Workers": []
                                                                                            }
                                                                                        ]
                                                                                    }
                                                                                ]
                                                                            }
                                                                        ]
                                                                    }
                                                                ]
                                                            },
                                                            {
                                                                "Node Type": "Hash",
                                                                "Parent Relationship": "Inner",
                                                                "Parallel Aware": false,
                                                                "Async Capable": false,
                                                                "Startup Cost": 1.12,
                                                                "Total Cost": 1.12,
                                                                "Plan Rows": 12,
                                                                "Plan Width": 4,
                                                                "Actual Startup Time": 0.02,
                                                                "Actual Total Time": 0.02,
                                                                "Actual Rows": 12,
                                                                "Actual Loops": 7,
                                                                "Hash Buckets": 1024,
                                                                "Original Hash Buckets": 1024,
                                                                "Hash Batches": 1,
                                                                "Original Hash Batches": 1,
                                                                "Peak Memory Usage": 9,
                                                                "Workers": [],
                                                                "Plans": [
                                                                    {
                                                                        "Node Type": "Seq Scan",
                                                                        "Parent Relationship": "Outer",
                                                                        "Parallel Aware": false,
                                                                        "Async Capable": false,
                                                                        "Relation Name": "role_type",
                                                                        "Alias": "rt",
                                                                        "Startup Cost": 0.0,
                                                                        "Total Cost": 1.12,
                                                                        "Plan Rows": 12,
                                                                        "Plan Width": 4,
                                                                        "Actual Startup Time": 0.017,
                                                                        "Actual Total Time": 0.018,
                                                                        "Actual Rows": 12,
                                                                        "Actual Loops": 7,
                                                                        "Workers": []
                                                                    }
                                                                ]
                                                            }
                                                        ]
                                                    },
                                                    {
                                                        "Node Type": "Hash",
                                                        "Parent Relationship": "Inner",
                                                        "Parallel Aware": true,
                                                        "Async Capable": false,
                                                        "Startup Cost": 44298.87,
                                                        "Total Cost": 44298.87,
                                                        "Plan Rows": 785087,
                                                        "Plan Width": 20,
                                                        "Actual Startup Time": 69.439,
                                                        "Actual Total Time": 69.44,
                                                        "Actual Rows": 448620,
                                                        "Actual Loops": 7,
                                                        "Hash Buckets": 262144,
                                                        "Original Hash Buckets": 262144,
                                                        "Hash Batches": 16,
                                                        "Original Hash Batches": 16,
                                                        "Peak Memory Usage": 12928,
                                                        "Workers": [],
                                                        "Plans": [
                                                            {
                                                                "Node Type": "Seq Scan",
                                                                "Parent Relationship": "Outer",
                                                                "Parallel Aware": true,
                                                                "Async Capable": false,
                                                                "Relation Name": "char_name",
                                                                "Alias": "chn",
                                                                "Startup Cost": 0.0,
                                                                "Total Cost": 44298.87,
                                                                "Plan Rows": 785087,
                                                                "Plan Width": 20,
                                                                "Actual Startup Time": 0.01,
                                                                "Actual Total Time": 36.29,
                                                                "Actual Rows": 448620,
                                                                "Actual Loops": 7,
                                                                "Workers": []
                                                            }
                                                        ]
                                                    }
                                                ]
                                            }
                                        ]
                                    }
                                ]
                            }
                        ]
                    },
                    "Planning Time": 1.093,
                    "Triggers": [],
                    "Execution Time": 559.802
                }
            ],
            "hints": [
                "SET enable_hashjoin TO on",
                "SET enable_indexonlyscan TO on",
                "SET enable_indexscan TO on",
                "SET enable_mergejoin TO on",
                "SET enable_nestloop TO off",
                "SET enable_seqscan TO on"
            ]
        },
        {
            "arm": 2,
            "execution_time": 544.979,
            "plan": [
                {
                    "Plan": {
                        "Node Type": "Aggregate",
                        "Strategy": "Plain",
                        "Partial Mode": "Finalize",
                        "Parallel Aware": false,
                        "Async Capable": false,
                        "Startup Cost": 485146.09,
                        "Total Cost": 485146.1,
                        "Plan Rows": 1,
                        "Plan Width": 64,
                        "Actual Startup Time": 524.89,
                        "Actual Total Time": 544.933,
                        "Actual Rows": 1,
                        "Actual Loops": 1,
                        "Plans": [
                            {
                                "Node Type": "Gather",
                                "Parent Relationship": "Outer",
                                "Parallel Aware": false,
                                "Async Capable": false,
                                "Startup Cost": 485145.45,
                                "Total Cost": 485146.06,
                                "Plan Rows": 6,
                                "Plan Width": 64,
                                "Actual Startup Time": 520.941,
                                "Actual Total Time": 544.926,
                                "Actual Rows": 7,
                                "Actual Loops": 1,
                                "Workers Planned": 6,
                                "Workers Launched": 6,
                                "Single Copy": false,
                                "Plans": [
                                    {
                                        "Node Type": "Aggregate",
                                        "Strategy": "Plain",
                                        "Partial Mode": "Partial",
                                        "Parent Relationship": "Outer",
                                        "Parallel Aware": false,
                                        "Async Capable": false,
                                        "Startup Cost": 484145.45,
                                        "Total Cost": 484145.46,
                                        "Plan Rows": 1,
                                        "Plan Width": 64,
                                        "Actual Startup Time": 518.916,
                                        "Actual Total Time": 518.943,
                                        "Actual Rows": 1,
                                        "Actual Loops": 7,
                                        "Workers": [],
                                        "Plans": [
                                            {
                                                "Node Type": "Hash Join",
                                                "Parent Relationship": "Outer",
                                                "Parallel Aware": true,
                                                "Async Capable": false,
                                                "Join Type": "Inner",
                                                "Startup Cost": 146362.7,
                                                "Total Cost": 483300.04,
                                                "Plan Rows": 169083,
                                                "Plan Width": 33,
                                                "Actual Startup Time": 517.812,
                                                "Actual Total Time": 518.936,
                                                "Actual Rows": 1,
                                                "Actual Loops": 7,
                                                "Inner Unique": true,
                                                "Hash Cond": "(ci.person_role_id = chn.id)",
                                                "Workers": [],
                                                "Plans": [
                                                    {
                                                        "Node Type": "Hash Join",
                                                        "Parent Relationship": "Outer",
                                                        "Parallel Aware": false,
                                                        "Async Capable": false,
                                                        "Join Type": "Inner",
                                                        "Startup Cost": 87649.24,
                                                        "Total Cost": 417559.73,
                                                        "Plan Rows": 169083,
                                                        "Plan Width": 21,
                                                        "Actual Startup Time": 206.09,
                                                        "Actual Total Time": 426.231,
                                                        "Actual Rows": 111729,
                                                        "Actual Loops": 7,
                                                        "Inner Unique": true,
                                                        "Hash Cond": "(ci.role_id = rt.id)",
                                                        "Workers": [],
                                                        "Plans": [
                                                            {
                                                                "Node Type": "Hash Join",
                                                                "Parent Relationship": "Outer",
                                                                "Parallel Aware": true,
                                                                "Async Capable": false,
                                                                "Join Type": "Inner",
                                                                "Startup Cost": 87647.97,
                                                                "Total Cost": 416957.87,
                                                                "Plan Rows": 169083,
                                                                "Plan Width": 25,
                                                                "Actual Startup Time": 206.055,
                                                                "Actual Total Time": 419.453,
                                                                "Actual Rows": 111729,
                                                                "Actual Loops": 7,
                                                                "Inner Unique": false,
                                                                "Hash Cond": "(ci.movie_id = t.id)",
                                                                "Workers": [],
                                                                "Plans": [
                                                                    {
                                                                        "Node Type": "Seq Scan",
                                                                        "Parent Relationship": "Outer",
                                                                        "Parallel Aware": true,
                                                                        "Async Capable": false,
                                                                        "Relation Name": "cast_info",
                                                                        "Alias": "ci",
                                                                        "Startup Cost": 0.0,
                                                                        "Total Cost": 328229.05,
                                                                        "Plan Rows": 245888,
                                                                        "Plan Width": 12,
                                                                        "Actual Startup Time": 29.438,
                                                                        "Actual Total Time": 218.993,
                                                                        "Actual Rows": 205063,
                                                                        "Actual Loops": 7,
                                                                        "Filter": "(note ~~ '%(producer)%'::text)",
                                                                        "Rows Removed by Filter": 4972701,
                                                                        "Workers": []
                                                                    },
                                                                    {
                                                                        "Node Type": "Hash",
                                                                        "Parent Relationship": "Inner",
                                                                        "Parallel Aware": true,
                                                                        "Async Capable": false,
                                                                        "Startup Cost": 85607.07,
                                                                        "Total Cost": 85607.07,
                                                                        "Plan Rows": 163272,
                                                                        "Plan Width": 25,
                                                                        "Actual Startup Time": 168.84,
                                                                        "Actual Total Time": 168.846,
                                                                        "Actual Rows": 85179,
                                                                        "Actual Loops": 7,
                                                                        "Hash Buckets": 1048576,
                                                                        "Original Hash Buckets": 1048576,
                                                                        "Hash Batches": 1,
                                                                        "Original Hash Batches": 1,
                                                                        "Peak Memory Usage": 45120,
                                                                        "Workers": [],
                                                                        "Plans": [
                                                                            {
                                                                                "Node Type": "Hash Join",
                                                                                "Parent Relationship": "Outer",
                                                                                "Parallel Aware": false,
                                                                                "Async Capable": false,
                                                                                "Join Type": "Inner",
                                                                                "Startup Cost": 38646.43,
                                                                                "Total Cost": 85607.07,
                                                                                "Plan Rows": 163272,
                                                                                "Plan Width": 25,
                                                                                "Actual Startup Time": 78.644,
                                                                                "Actual Total Time": 154.481,
                                                                                "Actual Rows": 85179,
                                                                                "Actual Loops": 7,
                                                                                "Inner Unique": true,
                                                                                "Hash Cond": "(mc.company_type_id = ct.id)",
                                                                                "Workers": [],
                                                                                "Plans": [
                                                                                    {
                                                                                        "Node Type": "Hash Join",
                                                                                        "Parent Relationship": "Outer",
                                                                                        "Parallel Aware": true,
                                                                                        "Async Capable": false,
                                                                                        "Join Type": "Inner",
                                                                                        "Startup Cost": 38645.34,
                                                                                        "Total Cost": 84723.29,
                                                                                        "Plan Rows": 163272,
                                                                                        "Plan Width": 29,
                                                                                        "Actual Startup Time": 78.628,
                                                                                        "Actual Total Time": 149.148,
                                                                                        "Actual Rows": 85179,
                                                                                        "Actual Loops": 7,
                                                                                        "Inner Unique": false,
                                                                                        "Hash Cond": "(t.id = mc.movie_id)",
                                                                                        "Workers": [],
                                                                                        "Plans": [
                                                                                            {
                                                                                                "Node Type": "Seq Scan",
                                                                                                "Parent Relationship": "Outer",
                                                                                                "Parallel Aware": true,
                                                                                                "Async Capable": false,
                                                                                                "Relation Name": "title",
                                                                                                "Alias": "t",
                                                                                                "Startup Cost": 0.0,
                                                                                                "Total Cost": 43909.73,
                                                                                                "Plan Rows": 437742,
                                                                                                "Plan Width": 21,
                                                                                                "Actual Startup Time": 0.017,
                                                                                                "Actual Total Time": 24.779,
                                                                                                "Actual Rows": 249862,
                                                                                                "Actual Loops": 7,
                                                                                                "Filter": "(production_year > 1990)",
                                                                                                "Rows Removed by Filter": 111326,
                                                                                                "Workers": []
                                                                                            },
                                                                                            {
                                                                                                "Node Type": "Hash",
                                                                                                "Parent Relationship": "Inner",
                                                                                                "Parallel Aware": true,
                                                                                                "Async Capable": false,
                                                                                                "Startup Cost": 34842.44,
                                                                                                "Total Cost": 34842.44,
                                                                                                "Plan Rows": 304232,
                                                                                                "Plan Width": 8,
                                                                                                "Actual Startup Time": 78.331,
                                                                                                "Actual Total Time": 78.335,
                                                                                                "Actual Rows": 164828,
                                                                                                "Actual Loops": 7,
                                                                                                "Hash Buckets": 2097152,
                                                                                                "Original Hash Buckets": 1048576,
                                                                                                "Hash Batches": 1,
                                                                                                "Original Hash Batches": 1,
                                                                                                "Peak Memory Usage": 69824,
                                                                                                "Workers": [],
                                                                                                "Plans": [
                                                                                                    {
                                                                                                        "Node Type": "Hash Join",
                                                                                                        "Parent Relationship": "Outer",
                                                                                                        "Parallel Aware": true,
                                                                                                        "Async Capable": false,
                                                                                                        "Join Type": "Inner",
                                                                                                        "Startup Cost": 5392.51,
                                                                                                        "Total Cost": 34842.44,
                                                                                                        "Plan Rows": 304232,
                                                                                                        "Plan Width": 8,
                                                                                                        "Actual Startup Time": 5.466,
                                                                                                        "Actual Total Time": 50.459,
                                                                                                        "Actual Rows": 164828,
                                                                                                        "Actual Loops": 7,
                                                                                                        "Inner Unique": true,
                                                                                                        "Hash Cond": "(mc.company_id = cn.id)",
                                                                                                        "Workers": [],
                                                                                                        "Plans": [
                                                                                                            {
                                                                                                                "Node Type": "Seq Scan",
                                                                                                                "Parent Relationship": "Outer",
                                                                                                                "Parallel Aware": true,
                                                                                                                "Async Capable": false,
                                                                                                                "Relation Name": "movie_companies",
                                                                                                                "Alias": "mc",
                                                                                                                "Startup Cost": 0.0,
                                                                                                                "Total Cost": 27240.55,
                                                                                                                "Plan Rows": 841655,
                                                                                                                "Plan Width": 12,
                                                                                                                "Actual Startup Time": 0.01,
                                                                                                                "Actual Total Time": 18.05,
                                                                                                                "Actual Rows": 372733,
                                                                                                                "Actual Loops": 7,
                                                                                                                "Workers": []
                                                                                                            },
                                                                                                            {
                                                                                                                "Node Type": "Hash",
                                                                                                                "Parent Relationship": "Inner",
                                                                                                                "Parallel Aware": true,
                                                                                                                "Async Capable": false,
                                                                                                                "Startup Cost": 4767.92,
                                                                                                                "Total Cost": 4767.92,
                                                                                                                "Plan Rows": 49967,
                                                                                                                "Plan Width": 4,
                                                                                                                "Actual Startup Time": 5.157,
                                                                                                                "Actual Total Time": 5.158,
                                                                                                                "Actual Rows": 12120,
                                                                                                                "Actual Loops": 7,
                                                                                                                "Hash Buckets": 131072,
                                                                                                                "Original Hash Buckets": 131072,
                                                                                                                "Hash Batches": 1,
                                                                                                                "Original Hash Batches": 1,
                                                                                                                "Peak Memory Usage": 4512,
                                                                                                                "Workers": [],
                                                                                                                "Plans": [
                                                                                                                    {
                                                                                                                        "Node Type": "Seq Scan",
                                                                                                                        "Parent Relationship": "Outer",
                                                                                                                        "Parallel Aware": true,
                                                                                                                        "Async Capable": false,
                                                                                                                        "Relation Name": "company_name",
                                                                                                                        "Alias": "cn",
                                                                                                                        "Startup Cost": 0.0,
                                                                                                                        "Total Cost": 4767.92,
                                                                                                                        "Plan Rows": 49967,
                                                                                                                        "Plan Width": 4,
                                                                                                                        "Actual Startup Time": 0.016,
                                                                                                                        "Actual Total Time": 2.667,
                                                                                                                        "Actual Rows": 12120,
                                                                                                                        "Actual Loops": 7,
                                                                                                                        "Filter": "((country_code)::text = '[us]'::text)",
                                                                                                                        "Rows Removed by Filter": 21451,
                                                                                                                        "Workers": []
                                                                                                                    }
                                                                                                                ]
                                                                                                            }
                                                                                                        ]
                                                                                                    }
                                                                                                ]
                                                                                            }
                                                                                        ]
                                                                                    },
                                                                                    {
                                                                                        "Node Type": "Hash",
                                                                                        "Parent Relationship": "Inner",
                                                                                        "Parallel Aware": false,
                                                                                        "Async Capable": false,
                                                                                        "Startup Cost": 1.04,
                                                                                        "Total Cost": 1.04,
                                                                                        "Plan Rows": 4,
                                                                                        "Plan Width": 4,
                                                                                        "Actual Startup Time": 0.008,
                                                                                        "Actual Total Time": 0.009,
                                                                                        "Actual Rows": 4,
                                                                                        "Actual Loops": 7,
                                                                                        "Hash Buckets": 1024,
                                                                                        "Original Hash Buckets": 1024,
                                                                                        "Hash Batches": 1,
                                                                                        "Original Hash Batches": 1,
                                                                                        "Peak Memory Usage": 9,
                                                                                        "Workers": [],
                                                                                        "Plans": [
                                                                                            {
                                                                                                "Node Type": "Seq Scan",
                                                                                                "Parent Relationship": "Outer",
                                                                                                "Parallel Aware": false,
                                                                                                "Async Capable": false,
                                                                                                "Relation Name": "company_type",
                                                                                                "Alias": "ct",
                                                                                                "Startup Cost": 0.0,
                                                                                                "Total Cost": 1.04,
                                                                                                "Plan Rows": 4,
                                                                                                "Plan Width": 4,
                                                                                                "Actual Startup Time": 0.006,
                                                                                                "Actual Total Time": 0.006,
                                                                                                "Actual Rows": 4,
                                                                                                "Actual Loops": 7,
                                                                                                "Workers": []
                                                                                            }
                                                                                        ]
                                                                                    }
                                                                                ]
                                                                            }
                                                                        ]
                                                                    }
                                                                ]
                                                            },
                                                            {
                                                                "Node Type": "Hash",
                                                                "Parent Relationship": "Inner",
                                                                "Parallel Aware": false,
                                                                "Async Capable": false,
                                                                "Startup Cost": 1.12,
                                                                "Total Cost": 1.12,
                                                                "Plan Rows": 12,
                                                                "Plan Width": 4,
                                                                "Actual Startup Time": 0.026,
                                                                "Actual Total Time": 0.027,
                                                                "Actual Rows": 12,
                                                                "Actual Loops": 7,
                                                                "Hash Buckets": 1024,
                                                                "Original Hash Buckets": 1024,
                                                                "Hash Batches": 1,
                                                                "Original Hash Batches": 1,
                                                                "Peak Memory Usage": 9,
                                                                "Workers": [],
                                                                "Plans": [
                                                                    {
                                                                        "Node Type": "Seq Scan",
                                                                        "Parent Relationship": "Outer",
                                                                        "Parallel Aware": false,
                                                                        "Async Capable": false,
                                                                        "Relation Name": "role_type",
                                                                        "Alias": "rt",
                                                                        "Startup Cost": 0.0,
                                                                        "Total Cost": 1.12,
                                                                        "Plan Rows": 12,
                                                                        "Plan Width": 4,
                                                                        "Actual Startup Time": 0.023,
                                                                        "Actual Total Time": 0.024,
                                                                        "Actual Rows": 12,
                                                                        "Actual Loops": 7,
                                                                        "Workers": []
                                                                    }
                                                                ]
                                                            }
                                                        ]
                                                    },
                                                    {
                                                        "Node Type": "Hash",
                                                        "Parent Relationship": "Inner",
                                                        "Parallel Aware": true,
                                                        "Async Capable": false,
                                                        "Startup Cost": 44298.87,
                                                        "Total Cost": 44298.87,
                                                        "Plan Rows": 785087,
                                                        "Plan Width": 20,
                                                        "Actual Startup Time": 69.802,
                                                        "Actual Total Time": 69.803,
                                                        "Actual Rows": 448620,
                                                        "Actual Loops": 7,
                                                        "Hash Buckets": 262144,
                                                        "Original Hash Buckets": 262144,
                                                        "Hash Batches": 16,
                                                        "Original Hash Batches": 16,
                                                        "Peak Memory Usage": 12960,
                                                        "Workers": [],
                                                        "Plans": [
                                                            {
                                                                "Node Type": "Seq Scan",
                                                                "Parent Relationship": "Outer",
                                                                "Parallel Aware": true,
                                                                "Async Capable": false,
                                                                "Relation Name": "char_name",
                                                                "Alias": "chn",
                                                                "Startup Cost": 0.0,
                                                                "Total Cost": 44298.87,
                                                                "Plan Rows": 785087,
                                                                "Plan Width": 20,
                                                                "Actual Startup Time": 0.014,
                                                                "Actual Total Time": 35.623,
                                                                "Actual Rows": 448620,
                                                                "Actual Loops": 7,
                                                                "Workers": []
                                                            }
                                                        ]
                                                    }
                                                ]
                                            }
                                        ]
                                    }
                                ]
                            }
                        ]
                    },
                    "Planning Time": 0.791,
                    "Triggers": [],
                    "Execution Time": 544.979
                }
            ],
            "hints": [
                "SET enable_hashjoin TO on",
                "SET enable_indexonlyscan TO on",
                "SET enable_indexscan TO off",
                "SET enable_mergejoin TO off",
                "SET enable_nestloop TO on",
                "SET enable_seqscan TO on"
            ]
        },
        {
            "arm": 3,
            "execution_time": 524.819,
            "plan": [
                {
                    "Plan": {
                        "Node Type": "Aggregate",
                        "Strategy": "Plain",
                        "Partial Mode": "Finalize",
                        "Parallel Aware": false,
                        "Async Capable": false,
                        "Startup Cost": 485146.09,
                        "Total Cost": 485146.1,
                        "Plan Rows": 1,
                        "Plan Width": 64,
                        "Actual Startup Time": 504.878,
                        "Actual Total Time": 524.776,
                        "Actual Rows": 1,
                        "Actual Loops": 1,
                        "Plans": [
                            {
                                "Node Type": "Gather",
                                "Parent Relationship": "Outer",
                                "Parallel Aware": false,
                                "Async Capable": false,
                                "Startup Cost": 485145.45,
                                "Total Cost": 485146.06,
                                "Plan Rows": 6,
                                "Plan Width": 64,
                                "Actual Startup Time": 501.997,
                                "Actual Total Time": 524.768,
                                "Actual Rows": 7,
                                "Actual Loops": 1,
                                "Workers Planned": 6,
                                "Workers Launched": 6,
                                "Single Copy": false,
                                "Plans": [
                                    {
                                        "Node Type": "Aggregate",
                                        "Strategy": "Plain",
                                        "Partial Mode": "Partial",
                                        "Parent Relationship": "Outer",
                                        "Parallel Aware": false,
                                        "Async Capable": false,
                                        "Startup Cost": 484145.45,
                                        "Total Cost": 484145.46,
                                        "Plan Rows": 1,
                                        "Plan Width": 64,
                                        "Actual Startup Time": 499.315,
                                        "Actual Total Time": 499.336,
                                        "Actual Rows": 1,
                                        "Actual Loops": 7,
                                        "Workers": [],
                                        "Plans": [
                                            {
                                                "Node Type": "Hash Join",
                                                "Parent Relationship": "Outer",
                                                "Parallel Aware": true,
                                                "Async Capable": false,
                                                "Join Type": "Inner",
                                                "Startup Cost": 146362.7,
                                                "Total Cost": 483300.04,
                                                "Plan Rows": 169083,
                                                "Plan Width": 33,
                                                "Actual Startup Time": 498.829,
                                                "Actual Total Time": 499.33,
                                                "Actual Rows": 1,
                                                "Actual Loops": 7,
                                                "Inner Unique": true,
                                                "Hash Cond": "(ci.person_role_id = chn.id)",
                                                "Workers": [],
                                                "Plans": [
                                                    {
                                                        "Node Type": "Hash Join",
                                                        "Parent Relationship": "Outer",
                                                        "Parallel Aware": false,
                                                        "Async Capable": false,
                                                        "Join Type": "Inner",
                                                        "Startup Cost": 87649.24,
                                                        "Total Cost": 417559.73,
                                                        "Plan Rows": 169083,
                                                        "Plan Width": 21,
                                                        "Actual Startup Time": 195.846,
                                                        "Actual Total Time": 414.327,
                                                        "Actual Rows": 111729,
                                                        "Actual Loops": 7,
                                                        "Inner Unique": true,
                                                        "Hash Cond": "(ci.role_id = rt.id)",
                                                        "Workers": [],
                                                        "Plans": [
                                                            {
                                                                "Node Type": "Hash Join",
                                                                "Parent Relationship": "Outer",
                                                                "Parallel Aware": true,
                                                                "Async Capable": false,
                                                                "Join Type": "Inner",
                                                                "Startup Cost": 87647.97,
                                                                "Total Cost": 416957.87,
                                                                "Plan Rows": 169083,
                                                                "Plan Width": 25,
                                                                "Actual Startup Time": 195.816,
                                                                "Actual Total Time": 407.581,
                                                                "Actual Rows": 111729,
                                                                "Actual Loops": 7,
                                                                "Inner Unique": false,
                                                                "Hash Cond": "(ci.movie_id = t.id)",
                                                                "Workers": [],
                                                                "Plans": [
                                                                    {
                                                                        "Node Type": "Seq Scan",
                                                                        "Parent Relationship": "Outer",
                                                                        "Parallel Aware": true,
                                                                        "Async Capable": false,
                                                                        "Relation Name": "cast_info",
                                                                        "Alias": "ci",
                                                                        "Startup Cost": 0.0,
                                                                        "Total Cost": 328229.05,
                                                                        "Plan Rows": 245888,
                                                                        "Plan Width": 12,
                                                                        "Actual Startup Time": 31.644,
                                                                        "Actual Total Time": 218.022,
                                                                        "Actual Rows": 205063,
                                                                        "Actual Loops": 7,
                                                                        "Filter": "(note ~~ '%(producer)%'::text)",
                                                                        "Rows Removed by Filter": 4972701,
                                                                        "Workers": []
                                                                    },
                                                                    {
                                                                        "Node Type": "Hash",
                                                                        "Parent Relationship": "Inner",
                                                                        "Parallel Aware": true,
                                                                        "Async Capable": false,
                                                                        "Startup Cost": 85607.07,
                                                                        "Total Cost": 85607.07,
                                                                        "Plan Rows": 163272,
                                                                        "Plan Width": 25,
                                                                        "Actual Startup Time": 158.878,
                                                                        "Actual Total Time": 158.885,
                                                                        "Actual Rows": 85179,
                                                                        "Actual Loops": 7,
                                                                        "Hash Buckets": 1048576,
                                                                        "Original Hash Buckets": 1048576,
                                                                        "Hash Batches": 1,
                                                                        "Original Hash Batches": 1,
                                                                        "Peak Memory Usage": 45088,
                                                                        "Workers": [],
                                                                        "Plans": [
                                                                            {
                                                                                "Node Type": "Hash Join",
                                                                                "Parent Relationship": "Outer",
                                                                                "Parallel Aware": false,
                                                                                "Async Capable": false,
                                                                                "Join Type": "Inner",
                                                                                "Startup Cost": 38646.43,
                                                                                "Total Cost": 85607.07,
                                                                                "Plan Rows": 163272,
                                                                                "Plan Width": 25,
                                                                                "Actual Startup Time": 72.279,
                                                                                "Actual Total Time": 144.795,
                                                                                "Actual Rows": 85179,
                                                                                "Actual Loops": 7,
                                                                                "Inner Unique": true,
                                                                                "Hash Cond": "(mc.company_type_id = ct.id)",
                                                                                "Workers": [],
                                                                                "Plans": [
                                                                                    {
                                                                                        "Node Type": "Hash Join",
                                                                                        "Parent Relationship": "Outer",
                                                                                        "Parallel Aware": true,
                                                                                        "Async Capable": false,
                                                                                        "Join Type": "Inner",
                                                                                        "Startup Cost": 38645.34,
                                                                                        "Total Cost": 84723.29,
                                                                                        "Plan Rows": 163272,
                                                                                        "Plan Width": 29,
                                                                                        "Actual Startup Time": 72.264,
                                                                                        "Actual Total Time": 139.453,
                                                                                        "Actual Rows": 85179,
                                                                                        "Actual Loops": 7,
                                                                                        "Inner Unique": false,
                                                                                        "Hash Cond": "(t.id = mc.movie_id)",
                                                                                        "Workers": [],
                                                                                        "Plans": [
                                                                                            {
                                                                                                "Node Type": "Seq Scan",
                                                                                                "Parent Relationship": "Outer",
                                                                                                "Parallel Aware": true,
                                                                                                "Async Capable": false,
                                                                                                "Relation Name": "title",
                                                                                                "Alias": "t",
                                                                                                "Startup Cost": 0.0,
                                                                                                "Total Cost": 43909.73,
                                                                                                "Plan Rows": 437742,
                                                                                                "Plan Width": 21,
                                                                                                "Actual Startup Time": 0.006,
                                                                                                "Actual Total Time": 23.073,
                                                                                                "Actual Rows": 249862,
                                                                                                "Actual Loops": 7,
                                                                                                "Filter": "(production_year > 1990)",
                                                                                                "Rows Removed by Filter": 111326,
                                                                                                "Workers": []
                                                                                            },
                                                                                            {
                                                                                                "Node Type": "Hash",
                                                                                                "Parent Relationship": "Inner",
                                                                                                "Parallel Aware": true,
                                                                                                "Async Capable": false,
                                                                                                "Startup Cost": 34842.44,
                                                                                                "Total Cost": 34842.44,
                                                                                                "Plan Rows": 304232,
                                                                                                "Plan Width": 8,
                                                                                                "Actual Startup Time": 72.014,
                                                                                                "Actual Total Time": 72.018,
                                                                                                "Actual Rows": 164828,
                                                                                                "Actual Loops": 7,
                                                                                                "Hash Buckets": 2097152,
                                                                                                "Original Hash Buckets": 1048576,
                                                                                                "Hash Batches": 1,
                                                                                                "Original Hash Batches": 1,
                                                                                                "Peak Memory Usage": 69824,
                                                                                                "Workers": [],
                                                                                                "Plans": [
                                                                                                    {
                                                                                                        "Node Type": "Hash Join",
                                                                                                        "Parent Relationship": "Outer",
                                                                                                        "Parallel Aware": true,
                                                                                                        "Async Capable": false,
                                                                                                        "Join Type": "Inner",
                                                                                                        "Startup Cost": 5392.51,
                                                                                                        "Total Cost": 34842.44,
                                                                                                        "Plan Rows": 304232,
                                                                                                        "Plan Width": 8,
                                                                                                        "Actual Startup Time": 5.084,
                                                                                                        "Actual Total Time": 46.851,
                                                                                                        "Actual Rows": 164828,
                                                                                                        "Actual Loops": 7,
                                                                                                        "Inner Unique": true,
                                                                                                        "Hash Cond": "(mc.company_id = cn.id)",
                                                                                                        "Workers": [],
                                                                                                        "Plans": [
                                                                                                            {
                                                                                                                "Node Type": "Seq Scan",
                                                                                                                "Parent Relationship": "Outer",
                                                                                                                "Parallel Aware": true,
                                                                                                                "Async Capable": false,
                                                                                                                "Relation Name": "movie_companies",
                                                                                                                "Alias": "mc",
                                                                                                                "Startup Cost": 0.0,
                                                                                                                "Total Cost": 27240.55,
                                                                                                                "Plan Rows": 841655,
                                                                                                                "Plan Width": 12,
                                                                                                                "Actual Startup Time": 0.005,
                                                                                                                "Actual Total Time": 15.666,
                                                                                                                "Actual Rows": 372733,
                                                                                                                "Actual Loops": 7,
                                                                                                                "Workers": []
                                                                                                            },
                                                                                                            {
                                                                                                                "Node Type": "Hash",
                                                                                                                "Parent Relationship": "Inner",
                                                                                                                "Parallel Aware": true,
                                                                                                                "Async Capable": false,
                                                                                                                "Startup Cost": 4767.92,
                                                                                                                "Total Cost": 4767.92,
                                                                                                                "Plan Rows": 49967,
                                                                                                                "Plan Width": 4,
                                                                                                                "Actual Startup Time": 4.781,
                                                                                                                "Actual Total Time": 4.783,
                                                                                                                "Actual Rows": 12120,
                                                                                                                "Actual Loops": 7,
                                                                                                                "Hash Buckets": 131072,
                                                                                                                "Original Hash Buckets": 131072,
                                                                                                                "Hash Batches": 1,
                                                                                                                "Original Hash Batches": 1,
                                                                                                                "Peak Memory Usage": 4480,
                                                                                                                "Workers": [],
                                                                                                                "Plans": [
                                                                                                                    {
                                                                                                                        "Node Type": "Seq Scan",
                                                                                                                        "Parent Relationship": "Outer",
                                                                                                                        "Parallel Aware": true,
                                                                                                                        "Async Capable": false,
                                                                                                                        "Relation Name": "company_name",
                                                                                                                        "Alias": "cn",
                                                                                                                        "Startup Cost": 0.0,
                                                                                                                        "Total Cost": 4767.92,
                                                                                                                        "Plan Rows": 49967,
                                                                                                                        "Plan Width": 4,
                                                                                                                        "Actual Startup Time": 0.01,
                                                                                                                        "Actual Total Time": 2.319,
                                                                                                                        "Actual Rows": 12120,
                                                                                                                        "Actual Loops": 7,
                                                                                                                        "Filter": "((country_code)::text = '[us]'::text)",
                                                                                                                        "Rows Removed by Filter": 21451,
                                                                                                                        "Workers": []
                                                                                                                    }
                                                                                                                ]
                                                                                                            }
                                                                                                        ]
                                                                                                    }
                                                                                                ]
                                                                                            }
                                                                                        ]
                                                                                    },
                                                                                    {
                                                                                        "Node Type": "Hash",
                                                                                        "Parent Relationship": "Inner",
                                                                                        "Parallel Aware": false,
                                                                                        "Async Capable": false,
                                                                                        "Startup Cost": 1.04,
                                                                                        "Total Cost": 1.04,
                                                                                        "Plan Rows": 4,
                                                                                        "Plan Width": 4,
                                                                                        "Actual Startup Time": 0.008,
                                                                                        "Actual Total Time": 0.009,
                                                                                        "Actual Rows": 4,
                                                                                        "Actual Loops": 7,
                                                                                        "Hash Buckets": 1024,
                                                                                        "Original Hash Buckets": 1024,
                                                                                        "Hash Batches": 1,
                                                                                        "Original Hash Batches": 1,
                                                                                        "Peak Memory Usage": 9,
                                                                                        "Workers": [],
                                                                                        "Plans": [
                                                                                            {
                                                                                                "Node Type": "Seq Scan",
                                                                                                "Parent Relationship": "Outer",
                                                                                                "Parallel Aware": false,
                                                                                                "Async Capable": false,
                                                                                                "Relation Name": "company_type",
                                                                                                "Alias": "ct",
                                                                                                "Startup Cost": 0.0,
                                                                                                "Total Cost": 1.04,
                                                                                                "Plan Rows": 4,
                                                                                                "Plan Width": 4,
                                                                                                "Actual Startup Time": 0.006,
                                                                                                "Actual Total Time": 0.006,
                                                                                                "Actual Rows": 4,
                                                                                                "Actual Loops": 7,
                                                                                                "Workers": []
                                                                                            }
                                                                                        ]
                                                                                    }
                                                                                ]
                                                                            }
                                                                        ]
                                                                    }
                                                                ]
                                                            },
                                                            {
                                                                "Node Type": "Hash",
                                                                "Parent Relationship": "Inner",
                                                                "Parallel Aware": false,
                                                                "Async Capable": false,
                                                                "Startup Cost": 1.12,
                                                                "Total Cost": 1.12,
                                                                "Plan Rows": 12,
                                                                "Plan Width": 4,
                                                                "Actual Startup Time": 0.021,
                                                                "Actual Total Time": 0.021,
                                                                "Actual Rows": 12,
                                                                "Actual Loops": 7,
                                                                "Hash Buckets": 1024,
                                                                "Original Hash Buckets": 1024,
                                                                "Hash Batches": 1,
                                                                "Original Hash Batches": 1,
                                                                "Peak Memory Usage": 9,
                                                                "Workers": [],
                                                                "Plans": [
                                                                    {
                                                                        "Node Type": "Seq Scan",
                                                                        "Parent Relationship": "Outer",
                                                                        "Parallel Aware": false,
                                                                        "Async Capable": false,
                                                                        "Relation Name": "role_type",
                                                                        "Alias": "rt",
                                                                        "Startup Cost": 0.0,
                                                                        "Total Cost": 1.12,
                                                                        "Plan Rows": 12,
                                                                        "Plan Width": 4,
                                                                        "Actual Startup Time": 0.018,
                                                                        "Actual Total Time": 0.019,
                                                                        "Actual Rows": 12,
                                                                        "Actual Loops": 7,
                                                                        "Workers": []
                                                                    }
                                                                ]
                                                            }
                                                        ]
                                                    },
                                                    {
                                                        "Node Type": "Hash",
                                                        "Parent Relationship": "Inner",
                                                        "Parallel Aware": true,
                                                        "Async Capable": false,
                                                        "Startup Cost": 44298.87,
                                                        "Total Cost": 44298.87,
                                                        "Plan Rows": 785087,
                                                        "Plan Width": 20,
                                                        "Actual Startup Time": 62.467,
                                                        "Actual Total Time": 62.467,
                                                        "Actual Rows": 448620,
                                                        "Actual Loops": 7,
                                                        "Hash Buckets": 262144,
                                                        "Original Hash Buckets": 262144,
                                                        "Hash Batches": 16,
                                                        "Original Hash Batches": 16,
                                                        "Peak Memory Usage": 12928,
                                                        "Workers": [],
                                                        "Plans": [
                                                            {
                                                                "Node Type": "Seq Scan",
                                                                "Parent Relationship": "Outer",
                                                                "Parallel Aware": true,
                                                                "Async Capable": false,
                                                                "Relation Name": "char_name",
                                                                "Alias": "chn",
                                                                "Startup Cost": 0.0,
                                                                "Total Cost": 44298.87,
                                                                "Plan Rows": 785087,
                                                                "Plan Width": 20,
                                                                "Actual Startup Time": 0.008,
                                                                "Actual Total Time": 29.957,
                                                                "Actual Rows": 448620,
                                                                "Actual Loops": 7,
                                                                "Workers": []
                                                            }
                                                        ]
                                                    }
                                                ]
                                            }
                                        ]
                                    }
                                ]
                            }
                        ]
                    },
                    "Planning Time": 0.744,
                    "Triggers": [],
                    "Execution Time": 524.819
                }
            ],
            "hints": [
                "SET enable_hashjoin TO on",
                "SET enable_indexonlyscan TO on",
                "SET enable_indexscan TO off",
                "SET enable_mergejoin TO off",
                "SET enable_nestloop TO off",
                "SET enable_seqscan TO on"
            ]
        },
        {
            "arm": 4,
            "execution_time": 1504.501,
            "plan": [
                {
                    "Plan": {
                        "Node Type": "Aggregate",
                        "Strategy": "Plain",
                        "Partial Mode": "Finalize",
                        "Parallel Aware": false,
                        "Async Capable": false,
                        "Startup Cost": 383535.75,
                        "Total Cost": 383535.76,
                        "Plan Rows": 1,
                        "Plan Width": 64,
                        "Actual Startup Time": 1464.552,
                        "Actual Total Time": 1504.425,
                        "Actual Rows": 1,
                        "Actual Loops": 1,
                        "Plans": [
                            {
                                "Node Type": "Gather",
                                "Parent Relationship": "Outer",
                                "Parallel Aware": false,
                                "Async Capable": false,
                                "Startup Cost": 383535.32,
                                "Total Cost": 383535.73,
                                "Plan Rows": 4,
                                "Plan Width": 64,
                                "Actual Startup Time": 1461.456,
                                "Actual Total Time": 1504.419,
                                "Actual Rows": 5,
                                "Actual Loops": 1,
                                "Workers Planned": 4,
                                "Workers Launched": 4,
                                "Single Copy": false,
                                "Plans": [
                                    {
                                        "Node Type": "Aggregate",
                                        "Strategy": "Plain",
                                        "Partial Mode": "Partial",
                                        "Parent Relationship": "Outer",
                                        "Parallel Aware": false,
                                        "Async Capable": false,
                                        "Startup Cost": 382535.32,
                                        "Total Cost": 382535.33,
                                        "Plan Rows": 1,
                                        "Plan Width": 64,
                                        "Actual Startup Time": 1459.555,
                                        "Actual Total Time": 1459.598,
                                        "Actual Rows": 1,
                                        "Actual Loops": 5,
                                        "Workers": [],
                                        "Plans": [
                                            {
                                                "Node Type": "Hash Join",
                                                "Parent Relationship": "Outer",
                                                "Parallel Aware": false,
                                                "Async Capable": false,
                                                "Join Type": "Inner",
                                                "Startup Cost": 38648.58,
                                                "Total Cost": 381267.2,
                                                "Plan Rows": 253624,
                                                "Plan Width": 33,
                                                "Actual Startup Time": 1084.933,
                                                "Actual Total Time": 1459.591,
                                                "Actual Rows": 2,
                                                "Actual Loops": 5,
                                                "Inner Unique": true,
                                                "Hash Cond": "(ci.role_id = rt.id)",
                                                "Workers": [],
                                                "Plans": [
                                                    {
                                                        "Node Type": "Nested Loop",
                                                        "Parent Relationship": "Outer",
                                                        "Parallel Aware": false,
                                                        "Async Capable": false,
                                                        "Join Type": "Inner",
                                                        "Startup Cost": 38647.31,
                                                        "Total Cost": 380365.05,
                                                        "Plan Rows": 253624,
                                                        "Plan Width": 37,
                                                        "Actual Startup Time": 1084.903,
                                                        "Actual Total Time": 1459.558,
                                                        "Actual Rows": 2,
                                                        "Actual Loops": 5,
                                                        "Inner Unique": true,
                                                        "Workers": [],
                                                        "Plans": [
                                                            {
                                                                "Node Type": "Nested Loop",
                                                                "Parent Relationship": "Outer",
                                                                "Parallel Aware": false,
                                                                "Async Capable": false,
                                                                "Join Type": "Inner",
                                                                "Startup Cost": 38646.87,
                                                                "Total Cost": 361003.03,
                                                                "Plan Rows": 253624,
                                                                "Plan Width": 25,
                                                                "Actual Startup Time": 97.53,
                                                                "Actual Total Time": 1443.443,
                                                                "Actual Rows": 156421,
                                                                "Actual Loops": 5,
                                                                "Inner Unique": false,
                                                                "Join Filter": "(ci.movie_id = t.id)",
                                                                "Rows Removed by Join Filter": 0,
                                                                "Workers": [],
                                                                "Plans": [
                                                                    {
                                                                        "Node Type": "Hash Join",
                                                                        "Parent Relationship": "Outer",
                                                                        "Parallel Aware": false,
                                                                        "Async Capable": false,
                                                                        "Join Type": "Inner",
                                                                        "Startup Cost": 38646.43,
                                                                        "Total Cost": 85607.07,
                                                                        "Plan Rows": 163272,
                                                                        "Plan Width": 25,
                                                                        "Actual Startup Time": 97.392,
                                                                        "Actual Total Time": 229.692,
                                                                        "Actual Rows": 119250,
                                                                        "Actual Loops": 5,
                                                                        "Inner Unique": true,
                                                                        "Hash Cond": "(mc.company_type_id = ct.id)",
                                                                        "Workers": [],
                                                                        "Plans": [
                                                                            {
                                                                                "Node Type": "Hash Join",
                                                                                "Parent Relationship": "Outer",
                                                                                "Parallel Aware": true,
                                                                                "Async Capable": false,
                                                                                "Join Type": "Inner",
                                                                                "Startup Cost": 38645.34,
                                                                                "Total Cost": 84723.29,
                                                                                "Plan Rows": 163272,
                                                                                "Plan Width": 29,
                                                                                "Actual Startup Time": 97.379,
                                                                                "Actual Total Time": 221.296,
                                                                                "Actual Rows": 119250,
                                                                                "Actual Loops": 5,
                                                                                "Inner Unique": false,
                                                                                "Hash Cond": "(t.id = mc.movie_id)",
                                                                                "Workers": [],
                                                                                "Plans": [
                                                                                    {
                                                                                        "Node Type": "Seq Scan",
                                                                                        "Parent Relationship": "Outer",
                                                                                        "Parallel Aware": true,
                                                                                        "Async Capable": false,
                                                                                        "Relation Name": "title",
                                                                                        "Alias": "t",
                                                                                        "Startup Cost": 0.0,
                                                                                        "Total Cost": 43909.73,
                                                                                        "Plan Rows": 437742,
                                                                                        "Plan Width": 21,
                                                                                        "Actual Startup Time": 0.005,
                                                                                        "Actual Total Time": 30.428,
                                                                                        "Actual Rows": 349806,
                                                                                        "Actual Loops": 5,
                                                                                        "Filter": "(production_year > 1990)",
                                                                                        "Rows Removed by Filter": 155856,
                                                                                        "Workers": []
                                                                                    },
                                                                                    {
                                                                                        "Node Type": "Hash",
                                                                                        "Parent Relationship": "Inner",
                                                                                        "Parallel Aware": true,
                                                                                        "Async Capable": false,
                                                                                        "Startup Cost": 34842.44,
                                                                                        "Total Cost": 34842.44,
                                                                                        "Plan Rows": 304232,
                                                                                        "Plan Width": 8,
                                                                                        "Actual Startup Time": 96.85,
                                                                                        "Actual Total Time": 96.89,
                                                                                        "Actual Rows": 230760,
                                                                                        "Actual Loops": 5,
                                                                                        "Hash Buckets": 2097152,
                                                                                        "Original Hash Buckets": 1048576,
                                                                                        "Hash Batches": 1,
                                                                                        "Original Hash Batches": 1,
                                                                                        "Peak Memory Usage": 69760,
                                                                                        "Workers": [],
                                                                                        "Plans": [
                                                                                            {
                                                                                                "Node Type": "Hash Join",
                                                                                                "Parent Relationship": "Outer",
                                                                                                "Parallel Aware": true,
                                                                                                "Async Capable": false,
                                                                                                "Join Type": "Inner",
                                                                                                "Startup Cost": 5392.51,
                                                                                                "Total Cost": 34842.44,
                                                                                                "Plan Rows": 304232,
                                                                                                "Plan Width": 8,
                                                                                                "Actual Startup Time": 5.14,
                                                                                                "Actual Total Time": 61.998,
                                                                                                "Actual Rows": 230760,
                                                                                                "Actual Loops": 5,
                                                                                                "Inner Unique": true,
                                                                                                "Hash Cond": "(mc.company_id = cn.id)",
                                                                                                "Workers": [],
                                                                                                "Plans": [
                                                                                                    {
                                                                                                        "Node Type": "Seq Scan",
                                                                                                        "Parent Relationship": "Outer",
                                                                                                        "Parallel Aware": true,
                                                                                                        "Async Capable": false,
                                                                                                        "Relation Name": "movie_companies",
                                                                                                        "Alias": "mc",
                                                                                                        "Startup Cost": 0.0,
                                                                                                        "Total Cost": 27240.55,
                                                                                                        "Plan Rows": 841655,
                                                                                                        "Plan Width": 12,
                                                                                                        "Actual Startup Time": 0.004,
                                                                                                        "Actual Total Time": 21.023,
                                                                                                        "Actual Rows": 521826,
                                                                                                        "Actual Loops": 5,
                                                                                                        "Workers": []
                                                                                                    },
                                                                                                    {
                                                                                                        "Node Type": "Hash",
                                                                                                        "Parent Relationship": "Inner",
                                                                                                        "Parallel Aware": true,
                                                                                                        "Async Capable": false,
                                                                                                        "Startup Cost": 4767.92,
                                                                                                        "Total Cost": 4767.92,
                                                                                                        "Plan Rows": 49967,
                                                                                                        "Plan Width": 4,
                                                                                                        "Actual Startup Time": 5.014,
                                                                                                        "Actual Total Time": 5.015,
                                                                                                        "Actual Rows": 16969,
                                                                                                        "Actual Loops": 5,
                                                                                                        "Hash Buckets": 131072,
                                                                                                        "Original Hash Buckets": 131072,
                                                                                                        "Hash Batches": 1,
                                                                                                        "Original Hash Batches": 1,
                                                                                                        "Peak Memory Usage": 4384,
                                                                                                        "Workers": [],
                                                                                                        "Plans": [
                                                                                                            {
                                                                                                                "Node Type": "Seq Scan",
                                                                                                                "Parent Relationship": "Outer",
                                                                                                                "Parallel Aware": true,
                                                                                                                "Async Capable": false,
                                                                                                                "Relation Name": "company_name",
                                                                                                                "Alias": "cn",
                                                                                                                "Startup Cost": 0.0,
                                                                                                                "Total Cost": 4767.92,
                                                                                                                "Plan Rows": 49967,
                                                                                                                "Plan Width": 4,
                                                                                                                "Actual Startup Time": 0.008,
                                                                                                                "Actual Total Time": 3.229,
                                                                                                                "Actual Rows": 16969,
                                                                                                                "Actual Loops": 5,
                                                                                                                "Filter": "((country_code)::text = '[us]'::text)",
                                                                                                                "Rows Removed by Filter": 30031,
                                                                                                                "Workers": []
                                                                                                            }
                                                                                                        ]
                                                                                                    }
                                                                                                ]
                                                                                            }
                                                                                        ]
                                                                                    }
                                                                                ]
                                                                            },
                                                                            {
                                                                                "Node Type": "Hash",
                                                                                "Parent Relationship": "Inner",
                                                                                "Parallel Aware": false,
                                                                                "Async Capable": false,
                                                                                "Startup Cost": 1.04,
                                                                                "Total Cost": 1.04,
                                                                                "Plan Rows": 4,
                                                                                "Plan Width": 4,
                                                                                "Actual Startup Time": 0.006,
                                                                                "Actual Total Time": 0.006,
                                                                                "Actual Rows": 4,
                                                                                "Actual Loops": 5,
                                                                                "Hash Buckets": 1024,
                                                                                "Original Hash Buckets": 1024,
                                                                                "Hash Batches": 1,
                                                                                "Original Hash Batches": 1,
                                                                                "Peak Memory Usage": 9,
                                                                                "Workers": [],
                                                                                "Plans": [
                                                                                    {
                                                                                        "Node Type": "Seq Scan",
                                                                                        "Parent Relationship": "Outer",
                                                                                        "Parallel Aware": false,
                                                                                        "Async Capable": false,
                                                                                        "Relation Name": "company_type",
                                                                                        "Alias": "ct",
                                                                                        "Startup Cost": 0.0,
                                                                                        "Total Cost": 1.04,
                                                                                        "Plan Rows": 4,
                                                                                        "Plan Width": 4,
                                                                                        "Actual Startup Time": 0.004,
                                                                                        "Actual Total Time": 0.005,
                                                                                        "Actual Rows": 4,
                                                                                        "Actual Loops": 5,
                                                                                        "Workers": []
                                                                                    }
                                                                                ]
                                                                            }
                                                                        ]
                                                                    },
                                                                    {
                                                                        "Node Type": "Index Scan",
                                                                        "Parent Relationship": "Inner",
                                                                        "Parallel Aware": false,
                                                                        "Async Capable": false,
                                                                        "Scan Direction": "Forward",
                                                                        "Index Name": "movie_id_cast_info",
                                                                        "Relation Name": "cast_info",
                                                                        "Alias": "ci",
                                                                        "Startup Cost": 0.44,
                                                                        "Total Cost": 1.66,
                                                                        "Plan Rows": 2,
                                                                        "Plan Width": 12,
                                                                        "Actual Startup Time": 0.006,
                                                                        "Actual Total Time": 0.01,
                                                                        "Actual Rows": 1,
                                                                        "Actual Loops": 596250,
                                                                        "Index Cond": "(movie_id = mc.movie_id)",
                                                                        "Rows Removed by Index Recheck": 0,
                                                                        "Filter": "(note ~~ '%(producer)%'::text)",
                                                                        "Rows Removed by Filter": 34,
                                                                        "Workers": []
                                                                    }
                                                                ]
                                                            },
                                                            {
                                                                "Node Type": "Memoize",
                                                                "Parent Relationship": "Inner",
                                                                "Parallel Aware": false,
                                                                "Async Capable": false,
                                                                "Startup Cost": 0.44,
                                                                "Total Cost": 0.59,
                                                                "Plan Rows": 1,
                                                                "Plan Width": 20,
                                                                "Actual Startup Time": 0.0,
                                                                "Actual Total Time": 0.0,
                                                                "Actual Rows": 0,
                                                                "Actual Loops": 782104,
                                                                "Cache Key": "ci.person_role_id",
                                                                "Cache Mode": "logical",
                                                                "Cache Hits": 162595,
                                                                "Cache Misses": 2,
                                                                "Cache Evictions": 0,
                                                                "Cache Overflows": 0,
                                                                "Peak Memory Usage": 1,
                                                                "Workers": [
                                                                    {
                                                                        "Worker Number": 0,
                                                                        "Cache Hits": 154979,
                                                                        "Cache Misses": 2,
                                                                        "Cache Evictions": 0,
                                                                        "Cache Overflows": 0,
                                                                        "Peak Memory Usage": 1
                                                                    },
                                                                    {
                                                                        "Worker Number": 1,
                                                                        "Cache Hits": 155530,
                                                                        "Cache Misses": 2,
                                                                        "Cache Evictions": 0,
                                                                        "Cache Overflows": 0,
                                                                        "Peak Memory Usage": 1
                                                                    },
                                                                    {
                                                                        "Worker Number": 2,
                                                                        "Cache Hits": 153452,
                                                                        "Cache Misses": 2,
                                                                        "Cache Evictions": 0,
                                                                        "Cache Overflows": 0,
                                                                        "Peak Memory Usage": 1
                                                                    },
                                                                    {
                                                                        "Worker Number": 3,
                                                                        "Cache Hits": 155539,
                                                                        "Cache Misses": 1,
                                                                        "Cache Evictions": 0,
                                                                        "Cache Overflows": 0,
                                                                        "Peak Memory Usage": 1
                                                                    }
                                                                ],
                                                                "Plans": [
                                                                    {
                                                                        "Node Type": "Index Scan",
                                                                        "Parent Relationship": "Outer",
                                                                        "Parallel Aware": false,
                                                                        "Async Capable": false,
                                                                        "Scan Direction": "Forward",
                                                                        "Index Name": "char_name_pkey",
                                                                        "Relation Name": "char_name",
                                                                        "Alias": "chn",
                                                                        "Startup Cost": 0.43,
                                                                        "Total Cost": 0.58,
                                                                        "Plan Rows": 1,
                                                                        "Plan Width": 20,
                                                                        "Actual Startup Time": 0.01,
                                                                        "Actual Total Time": 0.01,
                                                                        "Actual Rows": 0,
                                                                        "Actual Loops": 9,
                                                                        "Index Cond": "(id = ci.person_role_id)",
                                                                        "Rows Removed by Index Recheck": 0,
                                                                        "Workers": []
                                                                    }
                                                                ]
                                                            }
                                                        ]
                                                    },
                                                    {
                                                        "Node Type": "Hash",
                                                        "Parent Relationship": "Inner",
                                                        "Parallel Aware": false,
                                                        "Async Capable": false,
                                                        "Startup Cost": 1.12,
                                                        "Total Cost": 1.12,
                                                        "Plan Rows": 12,
                                                        "Plan Width": 4,
                                                        "Actual Startup Time": 0.014,
                                                        "Actual Total Time": 0.014,
                                                        "Actual Rows": 12,
                                                        "Actual Loops": 5,
                                                        "Hash Buckets": 1024,
                                                        "Original Hash Buckets": 1024,
                                                        "Hash Batches": 1,
                                                        "Original Hash Batches": 1,
                                                        "Peak Memory Usage": 9,
                                                        "Workers": [],
                                                        "Plans": [
                                                            {
                                                                "Node Type": "Seq Scan",
                                                                "Parent Relationship": "Outer",
                                                                "Parallel Aware": false,
                                                                "Async Capable": false,
                                                                "Relation Name": "role_type",
                                                                "Alias": "rt",
                                                                "Startup Cost": 0.0,
                                                                "Total Cost": 1.12,
                                                                "Plan Rows": 12,
                                                                "Plan Width": 4,
                                                                "Actual Startup Time": 0.009,
                                                                "Actual Total Time": 0.01,
                                                                "Actual Rows": 12,
                                                                "Actual Loops": 5,
                                                                "Workers": []
                                                            }
                                                        ]
                                                    }
                                                ]
                                            }
                                        ]
                                    }
                                ]
                            }
                        ]
                    },
                    "Planning Time": 0.944,
                    "Triggers": [],
                    "Execution Time": 1504.501
                }
            ],
            "hints": [
                "SET enable_hashjoin TO on",
                "SET enable_indexonlyscan TO on",
                "SET enable_indexscan TO on",
                "SET enable_mergejoin TO off",
                "SET enable_nestloop TO on",
                "SET enable_seqscan TO on"
            ]
        }
    ]
}