{
    "sql_file": "job16d.sql",
    "query": "SELECT MIN(an.name) AS cool_actor_pseudonym, MIN(t.title) AS series_named_after_char FROM aka_name AS an, cast_info AS ci, company_name AS cn, keyword AS k, movie_companies AS mc, movie_keyword AS mk, name AS n, title AS t WHERE cn.country_code ='[us]' AND k.keyword ='character-name-in-title' AND t.episode_nr >= 5 AND t.episode_nr < 100 AND an.person_id = n.id AND n.id = ci.person_id AND ci.movie_id = t.id AND t.id = mk.movie_id AND mk.keyword_id = k.id AND t.id = mc.movie_id AND mc.company_id = cn.id AND an.person_id = ci.person_id AND ci.movie_id = mc.movie_id AND ci.movie_id = mk.movie_id AND mc.movie_id = mk.movie_id;",
    "results": [
        {
            "arm": 0,
            "execution_time": 451.726,
            "plan": [
                {
                    "Plan": {
                        "Node Type": "Aggregate",
                        "Strategy": "Plain",
                        "Partial Mode": "Simple",
                        "Parallel Aware": false,
                        "Async Capable": false,
                        "Startup Cost": 4315.91,
                        "Total Cost": 4315.92,
                        "Plan Rows": 1,
                        "Plan Width": 64,
                        "Actual Startup Time": 451.692,
                        "Actual Total Time": 451.694,
                        "Actual Rows": 1,
                        "Actual Loops": 1,
                        "Plans": [
                            {
                                "Node Type": "Nested Loop",
                                "Parent Relationship": "Outer",
                                "Parallel Aware": false,
                                "Async Capable": false,
                                "Join Type": "Inner",
                                "Startup Cost": 3.01,
                                "Total Cost": 4311.59,
                                "Plan Rows": 864,
                                "Plan Width": 33,
                                "Actual Startup Time": 0.261,
                                "Actual Total Time": 442.533,
                                "Actual Rows": 249455,
                                "Actual Loops": 1,
                                "Inner Unique": false,
                                "Join Filter": "(an.person_id = n.id)",
                                "Rows Removed by Join Filter": 0,
                                "Plans": [
                                    {
                                        "Node Type": "Nested Loop",
                                        "Parent Relationship": "Outer",
                                        "Parallel Aware": false,
                                        "Async Capable": false,
                                        "Join Type": "Inner",
                                        "Startup Cost": 2.58,
                                        "Total Cost": 4140.8,
                                        "Plan Rows": 351,
                                        "Plan Width": 25,
                                        "Actual Startup Time": 0.257,
                                        "Actual Total Time": 288.184,
                                        "Actual Rows": 169273,
                                        "Actual Loops": 1,
                                        "Inner Unique": true,
                                        "Plans": [
                                            {
                                                "Node Type": "Nested Loop",
                                                "Parent Relationship": "Outer",
                                                "Parallel Aware": false,
                                                "Async Capable": false,
                                                "Join Type": "Inner",
                                                "Startup Cost": 2.15,
                                                "Total Cost": 3983.15,
                                                "Plan Rows": 351,
                                                "Plan Width": 21,
                                                "Actual Startup Time": 0.252,
                                                "Actual Total Time": 158.337,
                                                "Actual Rows": 169273,
                                                "Actual Loops": 1,
                                                "Inner Unique": false,
                                                "Join Filter": "(ci.movie_id = t.id)",
                                                "Rows Removed by Join Filter": 0,
                                                "Plans": [
                                                    {
                                                        "Node Type": "Nested Loop",
                                                        "Parent Relationship": "Outer",
                                                        "Parallel Aware": false,
                                                        "Async Capable": false,
                                                        "Join Type": "Inner",
                                                        "Startup Cost": 1.71,
                                                        "Total Cost": 3949.91,
                                                        "Plan Rows": 18,
                                                        "Plan Width": 29,
                                                        "Actual Startup Time": 0.245,
                                                        "Actual Total Time": 78.976,
                                                        "Actual Rows": 6766,
                                                        "Actual Loops": 1,
                                                        "Inner Unique": true,
                                                        "Plans": [
                                                            {
                                                                "Node Type": "Nested Loop",
                                                                "Parent Relationship": "Outer",
                                                                "Parallel Aware": false,
                                                                "Async Capable": false,
                                                                "Join Type": "Inner",
                                                                "Startup Cost": 1.29,
                                                                "Total Cost": 3927.61,
                                                                "Plan Rows": 50,
                                                                "Plan Width": 33,
                                                                "Actual Startup Time": 0.183,
                                                                "Actual Total Time": 72.214,
                                                                "Actual Rows": 8661,
                                                                "Actual Loops": 1,
                                                                "Inner Unique": false,
                                                                "Join Filter": "(mc.movie_id = t.id)",
                                                                "Rows Removed by Join Filter": 0,
                                                                "Plans": [
                                                                    {
                                                                        "Node Type": "Nested Loop",
                                                                        "Parent Relationship": "Outer",
                                                                        "Parallel Aware": false,
                                                                        "Async Capable": false,
                                                                        "Join Type": "Inner",
                                                                        "Startup Cost": 0.86,
                                                                        "Total Cost": 3922.19,
                                                                        "Plan Rows": 9,
                                                                        "Plan Width": 25,
                                                                        "Actual Startup Time": 0.167,
                                                                        "Actual Total Time": 65.576,
                                                                        "Actual Rows": 5385,
                                                                        "Actual Loops": 1,
                                                                        "Inner Unique": true,
                                                                        "Plans": [
                                                                            {
                                                                                "Node Type": "Nested Loop",
                                                                                "Parent Relationship": "Outer",
                                                                                "Parallel Aware": false,
                                                                                "Async Capable": false,
                                                                                "Join Type": "Inner",
                                                                                "Startup Cost": 0.43,
                                                                                "Total Cost": 3905.45,
                                                                                "Plan Rows": 34,
                                                                                "Plan Width": 4,
                                                                                "Actual Startup Time": 0.164,
                                                                                "Actual Total Time": 17.47,
                                                                                "Actual Rows": 41840,
                                                                                "Actual Loops": 1,
                                                                                "Inner Unique": false,
                                                                                "Plans": [
                                                                                    {
                                                                                        "Node Type": "Seq Scan",
                                                                                        "Parent Relationship": "Outer",
                                                                                        "Parallel Aware": false,
                                                                                        "Async Capable": false,
                                                                                        "Relation Name": "keyword",
                                                                                        "Alias": "k",
                                                                                        "Startup Cost": 0.0,
                                                                                        "Total Cost": 2685.12,
                                                                                        "Plan Rows": 1,
                                                                                        "Plan Width": 4,
                                                                                        "Actual Startup Time": 0.157,
                                                                                        "Actual Total Time": 3.6,
                                                                                        "Actual Rows": 1,
                                                                                        "Actual Loops": 1,
                                                                                        "Filter": "(keyword = 'character-name-in-title'::text)",
                                                                                        "Rows Removed by Filter": 134169
                                                                                    },
                                                                                    {
                                                                                        "Node Type": "Index Scan",
                                                                                        "Parent Relationship": "Inner",
                                                                                        "Parallel Aware": false,
                                                                                        "Async Capable": false,
                                                                                        "Scan Direction": "Forward",
                                                                                        "Index Name": "keyword_id_movie_keyword",
                                                                                        "Relation Name": "movie_keyword",
                                                                                        "Alias": "mk",
                                                                                        "Startup Cost": 0.43,
                                                                                        "Total Cost": 1217.3,
                                                                                        "Plan Rows": 303,
                                                                                        "Plan Width": 8,
                                                                                        "Actual Startup Time": 0.006,
                                                                                        "Actual Total Time": 11.963,
                                                                                        "Actual Rows": 41840,
                                                                                        "Actual Loops": 1,
                                                                                        "Index Cond": "(keyword_id = k.id)",
                                                                                        "Rows Removed by Index Recheck": 0
                                                                                    }
                                                                                ]
                                                                            },
                                                                            {
                                                                                "Node Type": "Index Scan",
                                                                                "Parent Relationship": "Inner",
                                                                                "Parallel Aware": false,
                                                                                "Async Capable": false,
                                                                                "Scan Direction": "Forward",
                                                                                "Index Name": "title_pkey",
                                                                                "Relation Name": "title",
                                                                                "Alias": "t",
                                                                                "Startup Cost": 0.43,
                                                                                "Total Cost": 0.49,
                                                                                "Plan Rows": 1,
                                                                                "Plan Width": 21,
                                                                                "Actual Startup Time": 0.001,
                                                                                "Actual Total Time": 0.001,
                                                                                "Actual Rows": 0,
                                                                                "Actual Loops": 41840,
                                                                                "Index Cond": "(id = mk.movie_id)",
                                                                                "Rows Removed by Index Recheck": 0,
                                                                                "Filter": "((episode_nr >= 5) AND (episode_nr < 100))",
                                                                                "Rows Removed by Filter": 1
                                                                            }
                                                                        ]
                                                                    },
                                                                    {
                                                                        "Node Type": "Index Scan",
                                                                        "Parent Relationship": "Inner",
                                                                        "Parallel Aware": false,
                                                                        "Async Capable": false,
                                                                        "Scan Direction": "Forward",
                                                                        "Index Name": "movie_id_movie_companies",
                                                                        "Relation Name": "movie_companies",
                                                                        "Alias": "mc",
                                                                        "Startup Cost": 0.43,
                                                                        "Total Cost": 0.54,
                                                                        "Plan Rows": 5,
                                                                        "Plan Width": 8,
                                                                        "Actual Startup Time": 0.001,
                                                                        "Actual Total Time": 0.001,
                                                                        "Actual Rows": 2,
                                                                        "Actual Loops": 5385,
                                                                        "Index Cond": "(movie_id = mk.movie_id)",
                                                                        "Rows Removed by Index Recheck": 0
                                                                    }
                                                                ]
                                                            },
                                                            {
                                                                "Node Type": "Index Scan",
                                                                "Parent Relationship": "Inner",
                                                                "Parallel Aware": false,
                                                                "Async Capable": false,
                                                                "Scan Direction": "Forward",
                                                                "Index Name": "company_name_pkey",
                                                                "Relation Name": "company_name",
                                                                "Alias": "cn",
                                                                "Startup Cost": 0.42,
                                                                "Total Cost": 0.45,
                                                                "Plan Rows": 1,
                                                                "Plan Width": 4,
                                                                "Actual Startup Time": 0.001,
                                                                "Actual Total Time": 0.001,
                                                                "Actual Rows": 1,
                                                                "Actual Loops": 8661,
                                                                "Index Cond": "(id = mc.company_id)",
                                                                "Rows Removed by Index Recheck": 0,
                                                                "Filter": "((country_code)::text = '[us]'::text)",
                                                                "Rows Removed by Filter": 0
                                                            }
                                                        ]
                                                    },
                                                    {
                                                        "Node Type": "Index Scan",
                                                        "Parent Relationship": "Inner",
                                                        "Parallel Aware": false,
                                                        "Async Capable": false,
                                                        "Scan Direction": "Forward",
                                                        "Index Name": "movie_id_cast_info",
                                                        "Relation Name": "cast_info",
                                                        "Alias": "ci",
                                                        "Startup Cost": 0.44,
                                                        "Total Cost": 1.37,
                                                        "Plan Rows": 38,
                                                        "Plan Width": 8,
                                                        "Actual Startup Time": 0.001,
                                                        "Actual Total Time": 0.01,
                                                        "Actual Rows": 25,
                                                        "Actual Loops": 6766,
                                                        "Index Cond": "(movie_id = mk.movie_id)",
                                                        "Rows Removed by Index Recheck": 0
                                                    }
                                                ]
                                            },
                                            {
                                                "Node Type": "Index Only Scan",
                                                "Parent Relationship": "Inner",
                                                "Parallel Aware": false,
                                                "Async Capable": false,
                                                "Scan Direction": "Forward",
                                                "Index Name": "name_pkey",
                                                "Relation Name": "name",
                                                "Alias": "n",
                                                "Startup Cost": 0.43,
                                                "Total Cost": 0.45,
                                                "Plan Rows": 1,
                                                "Plan Width": 4,
                                                "Actual Startup Time": 0.001,
                                                "Actual Total Time": 0.001,
                                                "Actual Rows": 1,
                                                "Actual Loops": 169273,
                                                "Index Cond": "(id = ci.person_id)",
                                                "Rows Removed by Index Recheck": 0,
                                                "Heap Fetches": 0
                                            }
                                        ]
                                    },
                                    {
                                        "Node Type": "Index Scan",
                                        "Parent Relationship": "Inner",
                                        "Parallel Aware": false,
                                        "Async Capable": false,
                                        "Scan Direction": "Forward",
                                        "Index Name": "person_id_aka_name",
                                        "Relation Name": "aka_name",
                                        "Alias": "an",
                                        "Startup Cost": 0.42,
                                        "Total Cost": 0.46,
                                        "Plan Rows": 2,
                                        "Plan Width": 20,
                                        "Actual Startup Time": 0.001,
                                        "Actual Total Time": 0.001,
                                        "Actual Rows": 1,
                                        "Actual Loops": 169273,
                                        "Index Cond": "(person_id = ci.person_id)",
                                        "Rows Removed by Index Recheck": 0
                                    }
                                ]
                            }
                        ]
                    },
                    "Planning Time": 2.551,
                    "Triggers": [],
                    "Execution Time": 451.726
                }
            ],
            "hints": [
                "SET enable_hashjoin TO on",
                "SET enable_indexonlyscan TO on",
                "SET enable_indexscan TO on",
                "SET enable_mergejoin TO on",
                "SET enable_nestloop TO on",
                "SET enable_seqscan TO on"
            ]
        },
        {
            "arm": 1,
            "execution_time": 1070.6,
            "plan": [
                {
                    "Plan": {
                        "Node Type": "Aggregate",
                        "Strategy": "Plain",
                        "Partial Mode": "Finalize",
                        "Parallel Aware": false,
                        "Async Capable": false,
                        "Startup Cost": 549262.48,
                        "Total Cost": 549262.49,
                        "Plan Rows": 1,
                        "Plan Width": 64,
                        "Actual Startup Time": 1049.731,
                        "Actual Total Time": 1070.557,
                        "Actual Rows": 1,
                        "Actual Loops": 1,
                        "Plans": [
                            {
                                "Node Type": "Gather",
                                "Parent Relationship": "Outer",
                                "Parallel Aware": false,
                                "Async Capable": false,
                                "Startup Cost": 549262.15,
                                "Total Cost": 549262.46,
                                "Plan Rows": 3,
                                "Plan Width": 64,
                                "Actual Startup Time": 1048.744,
                                "Actual Total Time": 1070.553,
                                "Actual Rows": 4,
                                "Actual Loops": 1,
                                "Workers Planned": 3,
                                "Workers Launched": 3,
                                "Single Copy": false,
                                "Plans": [
                                    {
                                        "Node Type": "Aggregate",
                                        "Strategy": "Plain",
                                        "Partial Mode": "Partial",
                                        "Parent Relationship": "Outer",
                                        "Parallel Aware": false,
                                        "Async Capable": false,
                                        "Startup Cost": 548262.15,
                                        "Total Cost": 548262.16,
                                        "Plan Rows": 1,
                                        "Plan Width": 64,
                                        "Actual Startup Time": 1046.956,
                                        "Actual Total Time": 1046.995,
                                        "Actual Rows": 1,
                                        "Actual Loops": 4,
                                        "Workers": [],
                                        "Plans": [
                                            {
                                                "Node Type": "Hash Join",
                                                "Parent Relationship": "Outer",
                                                "Parallel Aware": true,
                                                "Async Capable": false,
                                                "Join Type": "Inner",
                                                "Startup Cost": 532846.81,
                                                "Total Cost": 548260.76,
                                                "Plan Rows": 279,
                                                "Plan Width": 33,
                                                "Actual Startup Time": 1022.205,
                                                "Actual Total Time": 1044.945,
                                                "Actual Rows": 62364,
                                                "Actual Loops": 4,
                                                "Inner Unique": false,
                                                "Hash Cond": "(an.person_id = n.id)",
                                                "Workers": [],
                                                "Plans": [
                                                    {
                                                        "Node Type": "Seq Scan",
                                                        "Parent Relationship": "Outer",
                                                        "Parallel Aware": true,
                                                        "Async Capable": false,
                                                        "Relation Name": "aka_name",
                                                        "Alias": "an",
                                                        "Startup Cost": 0.0,
                                                        "Total Cost": 14323.56,
                                                        "Plan Rows": 290756,
                                                        "Plan Width": 20,
                                                        "Actual Startup Time": 0.008,
                                                        "Actual Total Time": 10.293,
                                                        "Actual Rows": 225336,
                                                        "Actual Loops": 4,
                                                        "Workers": []
                                                    },
                                                    {
                                                        "Node Type": "Hash",
                                                        "Parent Relationship": "Inner",
                                                        "Parallel Aware": true,
                                                        "Async Capable": false,
                                                        "Startup Cost": 532845.71,
                                                        "Total Cost": 532845.71,
                                                        "Plan Rows": 88,
                                                        "Plan Width": 25,
                                                        "Actual Startup Time": 1022.081,
                                                        "Actual Total Time": 1022.119,
                                                        "Actual Rows": 42318,
                                                        "Actual Loops": 4,
                                                        "Hash Buckets": 262144,
                                                        "Original Hash Buckets": 1024,
                                                        "Hash Batches": 1,
                                                        "Original Hash Batches": 1,
                                                        "Peak Memory Usage": 15160,
                                                        "Workers": [],
                                                        "Plans": [
                                                            {
                                                                "Node Type": "Hash Join",
                                                                "Parent Relationship": "Outer",
                                                                "Parallel Aware": true,
                                                                "Async Capable": false,
                                                                "Join Type": "Inner",
                                                                "Startup Cost": 462863.8,
                                                                "Total Cost": 532845.71,
                                                                "Plan Rows": 88,
                                                                "Plan Width": 25,
                                                                "Actual Startup Time": 913.979,
                                                                "Actual Total Time": 1012.511,
                                                                "Actual Rows": 42318,
                                                                "Actual Loops": 4,
                                                                "Inner Unique": false,
                                                                "Hash Cond": "(n.id = ci.person_id)",
                                                                "Workers": [],
                                                                "Plans": [
                                                                    {
                                                                        "Node Type": "Seq Scan",
                                                                        "Parent Relationship": "Outer",
                                                                        "Parallel Aware": true,
                                                                        "Async Capable": false,
                                                                        "Relation Name": "name",
                                                                        "Alias": "n",
                                                                        "Startup Cost": 0.0,
                                                                        "Total Cost": 66074.73,
                                                                        "Plan Rows": 1041873,
                                                                        "Plan Width": 4,
                                                                        "Actual Startup Time": 0.003,
                                                                        "Actual Total Time": 48.295,
                                                                        "Actual Rows": 1041873,
                                                                        "Actual Loops": 4,
                                                                        "Workers": []
                                                                    },
                                                                    {
                                                                        "Node Type": "Hash",
                                                                        "Parent Relationship": "Inner",
                                                                        "Parallel Aware": true,
                                                                        "Async Capable": false,
                                                                        "Startup Cost": 462863.08,
                                                                        "Total Cost": 462863.08,
                                                                        "Plan Rows": 58,
                                                                        "Plan Width": 21,
                                                                        "Actual Startup Time": 913.943,
                                                                        "Actual Total Time": 913.98,
                                                                        "Actual Rows": 42318,
                                                                        "Actual Loops": 4,
                                                                        "Hash Buckets": 262144,
                                                                        "Original Hash Buckets": 1024,
                                                                        "Hash Batches": 1,
                                                                        "Original Hash Batches": 1,
                                                                        "Peak Memory Usage": 14552,
                                                                        "Workers": [],
                                                                        "Plans": [
                                                                            {
                                                                                "Node Type": "Hash Join",
                                                                                "Parent Relationship": "Outer",
                                                                                "Parallel Aware": true,
                                                                                "Async Capable": false,
                                                                                "Join Type": "Inner",
                                                                                "Startup Cost": 127082.86,
                                                                                "Total Cost": 462863.08,
                                                                                "Plan Rows": 58,
                                                                                "Plan Width": 21,
                                                                                "Actual Startup Time": 216.153,
                                                                                "Actual Total Time": 874.559,
                                                                                "Actual Rows": 42318,
                                                                                "Actual Loops": 4,
                                                                                "Inner Unique": false,
                                                                                "Hash Cond": "(ci.movie_id = t.id)",
                                                                                "Workers": [],
                                                                                "Plans": [
                                                                                    {
                                                                                        "Node Type": "Seq Scan",
                                                                                        "Parent Relationship": "Outer",
                                                                                        "Parallel Aware": true,
                                                                                        "Async Capable": false,
                                                                                        "Relation Name": "cast_info",
                                                                                        "Alias": "ci",
                                                                                        "Startup Cost": 0.0,
                                                                                        "Total Cost": 313127.24,
                                                                                        "Plan Rows": 6040724,
                                                                                        "Plan Width": 8,
                                                                                        "Actual Startup Time": 0.023,
                                                                                        "Actual Total Time": 289.954,
                                                                                        "Actual Rows": 9061086,
                                                                                        "Actual Loops": 4,
                                                                                        "Workers": []
                                                                                    },
                                                                                    {
                                                                                        "Node Type": "Hash",
                                                                                        "Parent Relationship": "Inner",
                                                                                        "Parallel Aware": true,
                                                                                        "Async Capable": false,
                                                                                        "Startup Cost": 127082.73,
                                                                                        "Total Cost": 127082.73,
                                                                                        "Plan Rows": 11,
                                                                                        "Plan Width": 29,
                                                                                        "Actual Startup Time": 215.912,
                                                                                        "Actual Total Time": 215.948,
                                                                                        "Actual Rows": 1692,
                                                                                        "Actual Loops": 4,
                                                                                        "Hash Buckets": 8192,
                                                                                        "Original Hash Buckets": 1024,
                                                                                        "Hash Batches": 1,
                                                                                        "Original Hash Batches": 1,
                                                                                        "Peak Memory Usage": 664,
                                                                                        "Workers": [],
                                                                                        "Plans": [
                                                                                            {
                                                                                                "Node Type": "Hash Join",
                                                                                                "Parent Relationship": "Outer",
                                                                                                "Parallel Aware": true,
                                                                                                "Async Capable": false,
                                                                                                "Join Type": "Inner",
                                                                                                "Startup Cost": 122127.4,
                                                                                                "Total Cost": 127082.73,
                                                                                                "Plan Rows": 11,
                                                                                                "Plan Width": 29,
                                                                                                "Actual Startup Time": 209.743,
                                                                                                "Actual Total Time": 214.278,
                                                                                                "Actual Rows": 1692,
                                                                                                "Actual Loops": 4,
                                                                                                "Inner Unique": false,
                                                                                                "Hash Cond": "(cn.id = mc.company_id)",
                                                                                                "Workers": [],
                                                                                                "Plans": [
                                                                                                    {
                                                                                                        "Node Type": "Seq Scan",
                                                                                                        "Parent Relationship": "Outer",
                                                                                                        "Parallel Aware": true,
                                                                                                        "Async Capable": false,
                                                                                                        "Relation Name": "company_name",
                                                                                                        "Alias": "cn",
                                                                                                        "Startup Cost": 0.0,
                                                                                                        "Total Cost": 4767.92,
                                                                                                        "Plan Rows": 49967,
                                                                                                        "Plan Width": 4,
                                                                                                        "Actual Startup Time": 0.006,
                                                                                                        "Actual Total Time": 3.617,
                                                                                                        "Actual Rows": 21211,
                                                                                                        "Actual Loops": 4,
                                                                                                        "Filter": "((country_code)::text = '[us]'::text)",
                                                                                                        "Rows Removed by Filter": 37538,
                                                                                                        "Workers": []
                                                                                                    },
                                                                                                    {
                                                                                                        "Node Type": "Hash",
                                                                                                        "Parent Relationship": "Inner",
                                                                                                        "Parallel Aware": true,
                                                                                                        "Async Capable": false,
                                                                                                        "Startup Cost": 122127.2,
                                                                                                        "Total Cost": 122127.2,
                                                                                                        "Plan Rows": 16,
                                                                                                        "Plan Width": 33,
                                                                                                        "Actual Startup Time": 209.675,
                                                                                                        "Actual Total Time": 209.709,
                                                                                                        "Actual Rows": 2165,
                                                                                                        "Actual Loops": 4,
                                                                                                        "Hash Buckets": 8192,
                                                                                                        "Original Hash Buckets": 1024,
                                                                                                        "Hash Batches": 1,
                                                                                                        "Original Hash Batches": 1,
                                                                                                        "Peak Memory Usage": 824,
                                                                                                        "Workers": [],
                                                                                                        "Plans": [
                                                                                                            {
                                                                                                                "Node Type": "Hash Join",
                                                                                                                "Parent Relationship": "Outer",
                                                                                                                "Parallel Aware": true,
                                                                                                                "Async Capable": false,
                                                                                                                "Join Type": "Inner",
                                                                                                                "Startup Cost": 91730.44,
                                                                                                                "Total Cost": 122127.2,
                                                                                                                "Plan Rows": 16,
                                                                                                                "Plan Width": 33,
                                                                                                                "Actual Startup Time": 151.197,
                                                                                                                "Actual Total Time": 202.836,
                                                                                                                "Actual Rows": 2165,
                                                                                                                "Actual Loops": 4,
                                                                                                                "Inner Unique": false,
                                                                                                                "Hash Cond": "(mc.movie_id = t.id)",
                                                                                                                "Workers": [],
                                                                                                                "Plans": [
                                                                                                                    {
                                                                                                                        "Node Type": "Seq Scan",
                                                                                                                        "Parent Relationship": "Outer",
                                                                                                                        "Parallel Aware": true,
                                                                                                                        "Async Capable": false,
                                                                                                                        "Relation Name": "movie_companies",
                                                                                                                        "Alias": "mc",
                                                                                                                        "Startup Cost": 0.0,
                                                                                                                        "Total Cost": 27240.55,
                                                                                                                        "Plan Rows": 841655,
                                                                                                                        "Plan Width": 8,
                                                                                                                        "Actual Startup Time": 0.006,
                                                                                                                        "Actual Total Time": 25.803,
                                                                                                                        "Actual Rows": 652282,
                                                                                                                        "Actual Loops": 4,
                                                                                                                        "Workers": []
                                                                                                                    },
                                                                                                                    {
                                                                                                                        "Node Type": "Hash",
                                                                                                                        "Parent Relationship": "Inner",
                                                                                                                        "Parallel Aware": true,
                                                                                                                        "Async Capable": false,
                                                                                                                        "Startup Cost": 91730.42,
                                                                                                                        "Total Cost": 91730.42,
                                                                                                                        "Plan Rows": 2,
                                                                                                                        "Plan Width": 25,
                                                                                                                        "Actual Startup Time": 151.038,
                                                                                                                        "Actual Total Time": 151.07,
                                                                                                                        "Actual Rows": 1346,
                                                                                                                        "Actual Loops": 4,
                                                                                                                        "Hash Buckets": 4096,
                                                                                                                        "Original Hash Buckets": 1024,
                                                                                                                        "Hash Batches": 1,
                                                                                                                        "Original Hash Batches": 1,
                                                                                                                        "Peak Memory Usage": 440,
                                                                                                                        "Workers": [],
                                                                                                                        "Plans": [
                                                                                                                            {
                                                                                                                                "Node Type": "Hash Join",
                                                                                                                                "Parent Relationship": "Outer",
                                                                                                                                "Parallel Aware": true,
                                                                                                                                "Async Capable": false,
                                                                                                                                "Join Type": "Inner",
                                                                                                                                "Startup Cost": 45589.47,
                                                                                                                                "Total Cost": 91730.42,
                                                                                                                                "Plan Rows": 2,
                                                                                                                                "Plan Width": 25,
                                                                                                                                "Actual Startup Time": 88.818,
                                                                                                                                "Actual Total Time": 132.746,
                                                                                                                                "Actual Rows": 1346,
                                                                                                                                "Actual Loops": 4,
                                                                                                                                "Inner Unique": false,
                                                                                                                                "Hash Cond": "(t.id = mk.movie_id)",
                                                                                                                                "Workers": [],
                                                                                                                                "Plans": [
                                                                                                                                    {
                                                                                                                                        "Node Type": "Seq Scan",
                                                                                                                                        "Parent Relationship": "Outer",
                                                                                                                                        "Parallel Aware": true,
                                                                                                                                        "Async Capable": false,
                                                                                                                                        "Relation Name": "title",
                                                                                                                                        "Alias": "t",
                                                                                                                                        "Startup Cost": 0.0,
                                                                                                                                        "Total Cost": 45490.07,
                                                                                                                                        "Plan Rows": 173564,
                                                                                                                                        "Plan Width": 21,
                                                                                                                                        "Actual Startup Time": 0.006,
                                                                                                                                        "Actual Total Time": 36.153,
                                                                                                                                        "Actual Rows": 173139,
                                                                                                                                        "Actual Loops": 4,
                                                                                                                                        "Filter": "((episode_nr >= 5) AND (episode_nr < 100))",
                                                                                                                                        "Rows Removed by Filter": 458939,
                                                                                                                                        "Workers": []
                                                                                                                                    },
                                                                                                                                    {
                                                                                                                                        "Node Type": "Hash",
                                                                                                                                        "Parent Relationship": "Inner",
                                                                                                                                        "Parallel Aware": true,
                                                                                                                                        "Async Capable": false,
                                                                                                                                        "Startup Cost": 45589.33,
                                                                                                                                        "Total Cost": 45589.33,
                                                                                                                                        "Plan Rows": 11,
                                                                                                                                        "Plan Width": 4,
                                                                                                                                        "Actual Startup Time": 88.782,
                                                                                                                                        "Actual Total Time": 88.785,
                                                                                                                                        "Actual Rows": 10460,
                                                                                                                                        "Actual Loops": 4,
                                                                                                                                        "Hash Buckets": 65536,
                                                                                                                                        "Original Hash Buckets": 1024,
                                                                                                                                        "Hash Batches": 1,
                                                                                                                                        "Original Hash Batches": 1,
                                                                                                                                        "Peak Memory Usage": 2680,
                                                                                                                                        "Workers": [],
                                                                                                                                        "Plans": [
                                                                                                                                            {
                                                                                                                                                "Node Type": "Hash Join",
                                                                                                                                                "Parent Relationship": "Outer",
                                                                                                                                                "Parallel Aware": false,
                                                                                                                                                "Async Capable": false,
                                                                                                                                                "Join Type": "Inner",
                                                                                                                                                "Startup Cost": 2685.14,
                                                                                                                                                "Total Cost": 45589.33,
                                                                                                                                                "Plan Rows": 11,
                                                                                                                                                "Plan Width": 4,
                                                                                                                                                "Actual Startup Time": 3.761,
                                                                                                                                                "Actual Total Time": 77.94,
                                                                                                                                                "Actual Rows": 10460,
                                                                                                                                                "Actual Loops": 4,
                                                                                                                                                "Inner Unique": true,
                                                                                                                                                "Hash Cond": "(mk.keyword_id = k.id)",
                                                                                                                                                "Workers": [],
                                                                                                                                                "Plans": [
                                                                                                                                                    {
                                                                                                                                                        "Node Type": "Seq Scan",
                                                                                                                                                        "Parent Relationship": "Outer",
                                                                                                                                                        "Parallel Aware": true,
                                                                                                                                                        "Async Capable": false,
                                                                                                                                                        "Relation Name": "movie_keyword",
                                                                                                                                                        "Alias": "mk",
                                                                                                                                                        "Startup Cost": 0.0,
                                                                                                                                                        "Total Cost": 39073.32,
                                                                                                                                                        "Plan Rows": 1459332,
                                                                                                                                                        "Plan Width": 8,
                                                                                                                                                        "Actual Startup Time": 0.006,
                                                                                                                                                        "Actual Total Time": 41.682,
                                                                                                                                                        "Actual Rows": 1130982,
                                                                                                                                                        "Actual Loops": 4,
                                                                                                                                                        "Workers": []
                                                                                                                                                    },
                                                                                                                                                    {
                                                                                                                                                        "Node Type": "Hash",
                                                                                                                                                        "Parent Relationship": "Inner",
                                                                                                                                                        "Parallel Aware": false,
                                                                                                                                                        "Async Capable": false,
                                                                                                                                                        "Startup Cost": 2685.12,
                                                                                                                                                        "Total Cost": 2685.12,
                                                                                                                                                        "Plan Rows": 1,
                                                                                                                                                        "Plan Width": 4,
                                                                                                                                                        "Actual Startup Time": 3.74,
                                                                                                                                                        "Actual Total Time": 3.741,
                                                                                                                                                        "Actual Rows": 1,
                                                                                                                                                        "Actual Loops": 4,
                                                                                                                                                        "Hash Buckets": 1024,
                                                                                                                                                        "Original Hash Buckets": 1024,
                                                                                                                                                        "Hash Batches": 1,
                                                                                                                                                        "Original Hash Batches": 1,
                                                                                                                                                        "Peak Memory Usage": 9,
                                                                                                                                                        "Workers": [],
                                                                                                                                                        "Plans": [
                                                                                                                                                            {
                                                                                                                                                                "Node Type": "Seq Scan",
                                                                                                                                                                "Parent Relationship": "Outer",
                                                                                                                                                                "Parallel Aware": false,
                                                                                                                                                                "Async Capable": false,
                                                                                                                                                                "Relation Name": "keyword",
                                                                                                                                                                "Alias": "k",
                                                                                                                                                                "Startup Cost": 0.0,
                                                                                                                                                                "Total Cost": 2685.12,
                                                                                                                                                                "Plan Rows": 1,
                                                                                                                                                                "Plan Width": 4,
                                                                                                                                                                "Actual Startup Time": 0.212,
                                                                                                                                                                "Actual Total Time": 3.739,
                                                                                                                                                                "Actual Rows": 1,
                                                                                                                                                                "Actual Loops": 4,
                                                                                                                                                                "Filter": "(keyword = 'character-name-in-title'::text)",
                                                                                                                                                                "Rows Removed by Filter": 134169,
                                                                                                                                                                "Workers": []
                                                                                                                                                            }
                                                                                                                                                        ]
                                                                                                                                                    }
                                                                                                                                                ]
                                                                                                                                            }
                                                                                                                                        ]
                                                                                                                                    }
                                                                                                                                ]
                                                                                                                            }
                                                                                                                        ]
                                                                                                                    }
                                                                                                                ]
                                                                                                            }
                                                                                                        ]
                                                                                                    }
                                                                                                ]
                                                                                            }
                                                                                        ]
                                                                                    }
                                                                                ]
                                                                            }
                                                                        ]
                                                                    }
                                                                ]
                                                            }
                                                        ]
                                                    }
                                                ]
                                            }
                                        ]
                                    }
                                ]
                            }
                        ]
                    },
                    "Planning Time": 2.27,
                    "Triggers": [],
                    "Execution Time": 1070.6
                }
            ],
            "hints": [
                "SET enable_hashjoin TO on",
                "SET enable_indexonlyscan TO on",
                "SET enable_indexscan TO on",
                "SET enable_mergejoin TO on",
                "SET enable_nestloop TO off",
                "SET enable_seqscan TO on"
            ]
        },
        {
            "arm": 2,
            "execution_time": 1063.758,
            "plan": [
                {
                    "Plan": {
                        "Node Type": "Aggregate",
                        "Strategy": "Plain",
                        "Partial Mode": "Finalize",
                        "Parallel Aware": false,
                        "Async Capable": false,
                        "Startup Cost": 549262.48,
                        "Total Cost": 549262.49,
                        "Plan Rows": 1,
                        "Plan Width": 64,
                        "Actual Startup Time": 1041.571,
                        "Actual Total Time": 1063.708,
                        "Actual Rows": 1,
                        "Actual Loops": 1,
                        "Plans": [
                            {
                                "Node Type": "Gather",
                                "Parent Relationship": "Outer",
                                "Parallel Aware": false,
                                "Async Capable": false,
                                "Startup Cost": 549262.15,
                                "Total Cost": 549262.46,
                                "Plan Rows": 3,
                                "Plan Width": 64,
                                "Actual Startup Time": 1040.571,
                                "Actual Total Time": 1063.701,
                                "Actual Rows": 4,
                                "Actual Loops": 1,
                                "Workers Planned": 3,
                                "Workers Launched": 3,
                                "Single Copy": false,
                                "Plans": [
                                    {
                                        "Node Type": "Aggregate",
                                        "Strategy": "Plain",
                                        "Partial Mode": "Partial",
                                        "Parent Relationship": "Outer",
                                        "Parallel Aware": false,
                                        "Async Capable": false,
                                        "Startup Cost": 548262.15,
                                        "Total Cost": 548262.16,
                                        "Plan Rows": 1,
                                        "Plan Width": 64,
                                        "Actual Startup Time": 1038.923,
                                        "Actual Total Time": 1038.987,
                                        "Actual Rows": 1,
                                        "Actual Loops": 4,
                                        "Workers": [],
                                        "Plans": [
                                            {
                                                "Node Type": "Hash Join",
                                                "Parent Relationship": "Outer",
                                                "Parallel Aware": true,
                                                "Async Capable": false,
                                                "Join Type": "Inner",
                                                "Startup Cost": 532846.81,
                                                "Total Cost": 548260.76,
                                                "Plan Rows": 279,
                                                "Plan Width": 33,
                                                "Actual Startup Time": 1014.059,
                                                "Actual Total Time": 1036.926,
                                                "Actual Rows": 62364,
                                                "Actual Loops": 4,
                                                "Inner Unique": false,
                                                "Hash Cond": "(an.person_id = n.id)",
                                                "Workers": [],
                                                "Plans": [
                                                    {
                                                        "Node Type": "Seq Scan",
                                                        "Parent Relationship": "Outer",
                                                        "Parallel Aware": true,
                                                        "Async Capable": false,
                                                        "Relation Name": "aka_name",
                                                        "Alias": "an",
                                                        "Startup Cost": 0.0,
                                                        "Total Cost": 14323.56,
                                                        "Plan Rows": 290756,
                                                        "Plan Width": 20,
                                                        "Actual Startup Time": 0.011,
                                                        "Actual Total Time": 10.321,
                                                        "Actual Rows": 225336,
                                                        "Actual Loops": 4,
                                                        "Workers": []
                                                    },
                                                    {
                                                        "Node Type": "Hash",
                                                        "Parent Relationship": "Inner",
                                                        "Parallel Aware": true,
                                                        "Async Capable": false,
                                                        "Startup Cost": 532845.71,
                                                        "Total Cost": 532845.71,
                                                        "Plan Rows": 88,
                                                        "Plan Width": 25,
                                                        "Actual Startup Time": 1013.911,
                                                        "Actual Total Time": 1013.973,
                                                        "Actual Rows": 42318,
                                                        "Actual Loops": 4,
                                                        "Hash Buckets": 262144,
                                                        "Original Hash Buckets": 1024,
                                                        "Hash Batches": 1,
                                                        "Original Hash Batches": 1,
                                                        "Peak Memory Usage": 15128,
                                                        "Workers": [],
                                                        "Plans": [
                                                            {
                                                                "Node Type": "Hash Join",
                                                                "Parent Relationship": "Outer",
                                                                "Parallel Aware": true,
                                                                "Async Capable": false,
                                                                "Join Type": "Inner",
                                                                "Startup Cost": 462863.8,
                                                                "Total Cost": 532845.71,
                                                                "Plan Rows": 88,
                                                                "Plan Width": 25,
                                                                "Actual Startup Time": 914.573,
                                                                "Actual Total Time": 1005.493,
                                                                "Actual Rows": 42318,
                                                                "Actual Loops": 4,
                                                                "Inner Unique": false,
                                                                "Hash Cond": "(n.id = ci.person_id)",
                                                                "Workers": [],
                                                                "Plans": [
                                                                    {
                                                                        "Node Type": "Seq Scan",
                                                                        "Parent Relationship": "Outer",
                                                                        "Parallel Aware": true,
                                                                        "Async Capable": false,
                                                                        "Relation Name": "name",
                                                                        "Alias": "n",
                                                                        "Startup Cost": 0.0,
                                                                        "Total Cost": 66074.73,
                                                                        "Plan Rows": 1041873,
                                                                        "Plan Width": 4,
                                                                        "Actual Startup Time": 0.003,
                                                                        "Actual Total Time": 40.124,
                                                                        "Actual Rows": 1041873,
                                                                        "Actual Loops": 4,
                                                                        "Workers": []
                                                                    },
                                                                    {
                                                                        "Node Type": "Hash",
                                                                        "Parent Relationship": "Inner",
                                                                        "Parallel Aware": true,
                                                                        "Async Capable": false,
                                                                        "Startup Cost": 462863.08,
                                                                        "Total Cost": 462863.08,
                                                                        "Plan Rows": 58,
                                                                        "Plan Width": 21,
                                                                        "Actual Startup Time": 914.534,
                                                                        "Actual Total Time": 914.595,
                                                                        "Actual Rows": 42318,
                                                                        "Actual Loops": 4,
                                                                        "Hash Buckets": 262144,
                                                                        "Original Hash Buckets": 1024,
                                                                        "Hash Batches": 1,
                                                                        "Original Hash Batches": 1,
                                                                        "Peak Memory Usage": 14584,
                                                                        "Workers": [],
                                                                        "Plans": [
                                                                            {
                                                                                "Node Type": "Hash Join",
                                                                                "Parent Relationship": "Outer",
                                                                                "Parallel Aware": true,
                                                                                "Async Capable": false,
                                                                                "Join Type": "Inner",
                                                                                "Startup Cost": 127082.86,
                                                                                "Total Cost": 462863.08,
                                                                                "Plan Rows": 58,
                                                                                "Plan Width": 21,
                                                                                "Actual Startup Time": 225.644,
                                                                                "Actual Total Time": 881.105,
                                                                                "Actual Rows": 42318,
                                                                                "Actual Loops": 4,
                                                                                "Inner Unique": false,
                                                                                "Hash Cond": "(ci.movie_id = t.id)",
                                                                                "Workers": [],
                                                                                "Plans": [
                                                                                    {
                                                                                        "Node Type": "Seq Scan",
                                                                                        "Parent Relationship": "Outer",
                                                                                        "Parallel Aware": true,
                                                                                        "Async Capable": false,
                                                                                        "Relation Name": "cast_info",
                                                                                        "Alias": "ci",
                                                                                        "Startup Cost": 0.0,
                                                                                        "Total Cost": 313127.24,
                                                                                        "Plan Rows": 6040724,
                                                                                        "Plan Width": 8,
                                                                                        "Actual Startup Time": 0.028,
                                                                                        "Actual Total Time": 289.863,
                                                                                        "Actual Rows": 9061086,
                                                                                        "Actual Loops": 4,
                                                                                        "Workers": []
                                                                                    },
                                                                                    {
                                                                                        "Node Type": "Hash",
                                                                                        "Parent Relationship": "Inner",
                                                                                        "Parallel Aware": true,
                                                                                        "Async Capable": false,
                                                                                        "Startup Cost": 127082.73,
                                                                                        "Total Cost": 127082.73,
                                                                                        "Plan Rows": 11,
                                                                                        "Plan Width": 29,
                                                                                        "Actual Startup Time": 225.401,
                                                                                        "Actual Total Time": 225.461,
                                                                                        "Actual Rows": 1692,
                                                                                        "Actual Loops": 4,
                                                                                        "Hash Buckets": 8192,
                                                                                        "Original Hash Buckets": 1024,
                                                                                        "Hash Batches": 1,
                                                                                        "Original Hash Batches": 1,
                                                                                        "Peak Memory Usage": 696,
                                                                                        "Workers": [],
                                                                                        "Plans": [
                                                                                            {
                                                                                                "Node Type": "Hash Join",
                                                                                                "Parent Relationship": "Outer",
                                                                                                "Parallel Aware": true,
                                                                                                "Async Capable": false,
                                                                                                "Join Type": "Inner",
                                                                                                "Startup Cost": 122127.4,
                                                                                                "Total Cost": 127082.73,
                                                                                                "Plan Rows": 11,
                                                                                                "Plan Width": 29,
                                                                                                "Actual Startup Time": 219.634,
                                                                                                "Actual Total Time": 224.047,
                                                                                                "Actual Rows": 1692,
                                                                                                "Actual Loops": 4,
                                                                                                "Inner Unique": false,
                                                                                                "Hash Cond": "(cn.id = mc.company_id)",
                                                                                                "Workers": [],
                                                                                                "Plans": [
                                                                                                    {
                                                                                                        "Node Type": "Seq Scan",
                                                                                                        "Parent Relationship": "Outer",
                                                                                                        "Parallel Aware": true,
                                                                                                        "Async Capable": false,
                                                                                                        "Relation Name": "company_name",
                                                                                                        "Alias": "cn",
                                                                                                        "Startup Cost": 0.0,
                                                                                                        "Total Cost": 4767.92,
                                                                                                        "Plan Rows": 49967,
                                                                                                        "Plan Width": 4,
                                                                                                        "Actual Startup Time": 0.007,
                                                                                                        "Actual Total Time": 3.572,
                                                                                                        "Actual Rows": 21211,
                                                                                                        "Actual Loops": 4,
                                                                                                        "Filter": "((country_code)::text = '[us]'::text)",
                                                                                                        "Rows Removed by Filter": 37538,
                                                                                                        "Workers": []
                                                                                                    },
                                                                                                    {
                                                                                                        "Node Type": "Hash",
                                                                                                        "Parent Relationship": "Inner",
                                                                                                        "Parallel Aware": true,
                                                                                                        "Async Capable": false,
                                                                                                        "Startup Cost": 122127.2,
                                                                                                        "Total Cost": 122127.2,
                                                                                                        "Plan Rows": 16,
                                                                                                        "Plan Width": 33,
                                                                                                        "Actual Startup Time": 219.549,
                                                                                                        "Actual Total Time": 219.607,
                                                                                                        "Actual Rows": 2165,
                                                                                                        "Actual Loops": 4,
                                                                                                        "Hash Buckets": 16384,
                                                                                                        "Original Hash Buckets": 1024,
                                                                                                        "Hash Batches": 1,
                                                                                                        "Original Hash Batches": 1,
                                                                                                        "Peak Memory Usage": 984,
                                                                                                        "Workers": [],
                                                                                                        "Plans": [
                                                                                                            {
                                                                                                                "Node Type": "Hash Join",
                                                                                                                "Parent Relationship": "Outer",
                                                                                                                "Parallel Aware": true,
                                                                                                                "Async Capable": false,
                                                                                                                "Join Type": "Inner",
                                                                                                                "Startup Cost": 91730.44,
                                                                                                                "Total Cost": 122127.2,
                                                                                                                "Plan Rows": 16,
                                                                                                                "Plan Width": 33,
                                                                                                                "Actual Startup Time": 153.473,
                                                                                                                "Actual Total Time": 205.966,
                                                                                                                "Actual Rows": 2165,
                                                                                                                "Actual Loops": 4,
                                                                                                                "Inner Unique": false,
                                                                                                                "Hash Cond": "(mc.movie_id = t.id)",
                                                                                                                "Workers": [],
                                                                                                                "Plans": [
                                                                                                                    {
                                                                                                                        "Node Type": "Seq Scan",
                                                                                                                        "Parent Relationship": "Outer",
                                                                                                                        "Parallel Aware": true,
                                                                                                                        "Async Capable": false,
                                                                                                                        "Relation Name": "movie_companies",
                                                                                                                        "Alias": "mc",
                                                                                                                        "Startup Cost": 0.0,
                                                                                                                        "Total Cost": 27240.55,
                                                                                                                        "Plan Rows": 841655,
                                                                                                                        "Plan Width": 8,
                                                                                                                        "Actual Startup Time": 0.006,
                                                                                                                        "Actual Total Time": 26.406,
                                                                                                                        "Actual Rows": 652282,
                                                                                                                        "Actual Loops": 4,
                                                                                                                        "Workers": []
                                                                                                                    },
                                                                                                                    {
                                                                                                                        "Node Type": "Hash",
                                                                                                                        "Parent Relationship": "Inner",
                                                                                                                        "Parallel Aware": true,
                                                                                                                        "Async Capable": false,
                                                                                                                        "Startup Cost": 91730.42,
                                                                                                                        "Total Cost": 91730.42,
                                                                                                                        "Plan Rows": 2,
                                                                                                                        "Plan Width": 25,
                                                                                                                        "Actual Startup Time": 153.309,
                                                                                                                        "Actual Total Time": 153.365,
                                                                                                                        "Actual Rows": 1346,
                                                                                                                        "Actual Loops": 4,
                                                                                                                        "Hash Buckets": 4096,
                                                                                                                        "Original Hash Buckets": 1024,
                                                                                                                        "Hash Batches": 1,
                                                                                                                        "Original Hash Batches": 1,
                                                                                                                        "Peak Memory Usage": 440,
                                                                                                                        "Workers": [],
                                                                                                                        "Plans": [
                                                                                                                            {
                                                                                                                                "Node Type": "Hash Join",
                                                                                                                                "Parent Relationship": "Outer",
                                                                                                                                "Parallel Aware": true,
                                                                                                                                "Async Capable": false,
                                                                                                                                "Join Type": "Inner",
                                                                                                                                "Startup Cost": 45589.47,
                                                                                                                                "Total Cost": 91730.42,
                                                                                                                                "Plan Rows": 2,
                                                                                                                                "Plan Width": 25,
                                                                                                                                "Actual Startup Time": 88.582,
                                                                                                                                "Actual Total Time": 133.227,
                                                                                                                                "Actual Rows": 1346,
                                                                                                                                "Actual Loops": 4,
                                                                                                                                "Inner Unique": false,
                                                                                                                                "Hash Cond": "(t.id = mk.movie_id)",
                                                                                                                                "Workers": [],
                                                                                                                                "Plans": [
                                                                                                                                    {
                                                                                                                                        "Node Type": "Seq Scan",
                                                                                                                                        "Parent Relationship": "Outer",
                                                                                                                                        "Parallel Aware": true,
                                                                                                                                        "Async Capable": false,
                                                                                                                                        "Relation Name": "title",
                                                                                                                                        "Alias": "t",
                                                                                                                                        "Startup Cost": 0.0,
                                                                                                                                        "Total Cost": 45490.07,
                                                                                                                                        "Plan Rows": 173564,
                                                                                                                                        "Plan Width": 21,
                                                                                                                                        "Actual Startup Time": 0.006,
                                                                                                                                        "Actual Total Time": 36.752,
                                                                                                                                        "Actual Rows": 173139,
                                                                                                                                        "Actual Loops": 4,
                                                                                                                                        "Filter": "((episode_nr >= 5) AND (episode_nr < 100))",
                                                                                                                                        "Rows Removed by Filter": 458939,
                                                                                                                                        "Workers": []
                                                                                                                                    },
                                                                                                                                    {
                                                                                                                                        "Node Type": "Hash",
                                                                                                                                        "Parent Relationship": "Inner",
                                                                                                                                        "Parallel Aware": true,
                                                                                                                                        "Async Capable": false,
                                                                                                                                        "Startup Cost": 45589.33,
                                                                                                                                        "Total Cost": 45589.33,
                                                                                                                                        "Plan Rows": 11,
                                                                                                                                        "Plan Width": 4,
                                                                                                                                        "Actual Startup Time": 88.536,
                                                                                                                                        "Actual Total Time": 88.538,
                                                                                                                                        "Actual Rows": 10460,
                                                                                                                                        "Actual Loops": 4,
                                                                                                                                        "Hash Buckets": 65536,
                                                                                                                                        "Original Hash Buckets": 1024,
                                                                                                                                        "Hash Batches": 1,
                                                                                                                                        "Original Hash Batches": 1,
                                                                                                                                        "Peak Memory Usage": 2680,
                                                                                                                                        "Workers": [],
                                                                                                                                        "Plans": [
                                                                                                                                            {
                                                                                                                                                "Node Type": "Hash Join",
                                                                                                                                                "Parent Relationship": "Outer",
                                                                                                                                                "Parallel Aware": false,
                                                                                                                                                "Async Capable": false,
                                                                                                                                                "Join Type": "Inner",
                                                                                                                                                "Startup Cost": 2685.14,
                                                                                                                                                "Total Cost": 45589.33,
                                                                                                                                                "Plan Rows": 11,
                                                                                                                                                "Plan Width": 4,
                                                                                                                                                "Actual Startup Time": 3.905,
                                                                                                                                                "Actual Total Time": 78.849,
                                                                                                                                                "Actual Rows": 10460,
                                                                                                                                                "Actual Loops": 4,
                                                                                                                                                "Inner Unique": true,
                                                                                                                                                "Hash Cond": "(mk.keyword_id = k.id)",
                                                                                                                                                "Workers": [],
                                                                                                                                                "Plans": [
                                                                                                                                                    {
                                                                                                                                                        "Node Type": "Seq Scan",
                                                                                                                                                        "Parent Relationship": "Outer",
                                                                                                                                                        "Parallel Aware": true,
                                                                                                                                                        "Async Capable": false,
                                                                                                                                                        "Relation Name": "movie_keyword",
                                                                                                                                                        "Alias": "mk",
                                                                                                                                                        "Startup Cost": 0.0,
                                                                                                                                                        "Total Cost": 39073.32,
                                                                                                                                                        "Plan Rows": 1459332,
                                                                                                                                                        "Plan Width": 8,
                                                                                                                                                        "Actual Startup Time": 0.006,
                                                                                                                                                        "Actual Total Time": 42.257,
                                                                                                                                                        "Actual Rows": 1130982,
                                                                                                                                                        "Actual Loops": 4,
                                                                                                                                                        "Workers": []
                                                                                                                                                    },
                                                                                                                                                    {
                                                                                                                                                        "Node Type": "Hash",
                                                                                                                                                        "Parent Relationship": "Inner",
                                                                                                                                                        "Parallel Aware": false,
                                                                                                                                                        "Async Capable": false,
                                                                                                                                                        "Startup Cost": 2685.12,
                                                                                                                                                        "Total Cost": 2685.12,
                                                                                                                                                        "Plan Rows": 1,
                                                                                                                                                        "Plan Width": 4,
                                                                                                                                                        "Actual Startup Time": 3.882,
                                                                                                                                                        "Actual Total Time": 3.883,
                                                                                                                                                        "Actual Rows": 1,
                                                                                                                                                        "Actual Loops": 4,
                                                                                                                                                        "Hash Buckets": 1024,
                                                                                                                                                        "Original Hash Buckets": 1024,
                                                                                                                                                        "Hash Batches": 1,
                                                                                                                                                        "Original Hash Batches": 1,
                                                                                                                                                        "Peak Memory Usage": 9,
                                                                                                                                                        "Workers": [],
                                                                                                                                                        "Plans": [
                                                                                                                                                            {
                                                                                                                                                                "Node Type": "Seq Scan",
                                                                                                                                                                "Parent Relationship": "Outer",
                                                                                                                                                                "Parallel Aware": false,
                                                                                                                                                                "Async Capable": false,
                                                                                                                                                                "Relation Name": "keyword",
                                                                                                                                                                "Alias": "k",
                                                                                                                                                                "Startup Cost": 0.0,
                                                                                                                                                                "Total Cost": 2685.12,
                                                                                                                                                                "Plan Rows": 1,
                                                                                                                                                                "Plan Width": 4,
                                                                                                                                                                "Actual Startup Time": 0.215,
                                                                                                                                                                "Actual Total Time": 3.881,
                                                                                                                                                                "Actual Rows": 1,
                                                                                                                                                                "Actual Loops": 4,
                                                                                                                                                                "Filter": "(keyword = 'character-name-in-title'::text)",
                                                                                                                                                                "Rows Removed by Filter": 134169,
                                                                                                                                                                "Workers": []
                                                                                                                                                            }
                                                                                                                                                        ]
                                                                                                                                                    }
                                                                                                                                                ]
                                                                                                                                            }
                                                                                                                                        ]
                                                                                                                                    }
                                                                                                                                ]
                                                                                                                            }
                                                                                                                        ]
                                                                                                                    }
                                                                                                                ]
                                                                                                            }
                                                                                                        ]
                                                                                                    }
                                                                                                ]
                                                                                            }
                                                                                        ]
                                                                                    }
                                                                                ]
                                                                            }
                                                                        ]
                                                                    }
                                                                ]
                                                            }
                                                        ]
                                                    }
                                                ]
                                            }
                                        ]
                                    }
                                ]
                            }
                        ]
                    },
                    "Planning Time": 1.529,
                    "Triggers": [],
                    "Execution Time": 1063.758
                }
            ],
            "hints": [
                "SET enable_hashjoin TO on",
                "SET enable_indexonlyscan TO on",
                "SET enable_indexscan TO off",
                "SET enable_mergejoin TO off",
                "SET enable_nestloop TO on",
                "SET enable_seqscan TO on"
            ]
        },
        {
            "arm": 3,
            "execution_time": 1072.554,
            "plan": [
                {
                    "Plan": {
                        "Node Type": "Aggregate",
                        "Strategy": "Plain",
                        "Partial Mode": "Finalize",
                        "Parallel Aware": false,
                        "Async Capable": false,
                        "Startup Cost": 549262.48,
                        "Total Cost": 549262.49,
                        "Plan Rows": 1,
                        "Plan Width": 64,
                        "Actual Startup Time": 1050.217,
                        "Actual Total Time": 1072.509,
                        "Actual Rows": 1,
                        "Actual Loops": 1,
                        "Plans": [
                            {
                                "Node Type": "Gather",
                                "Parent Relationship": "Outer",
                                "Parallel Aware": false,
                                "Async Capable": false,
                                "Startup Cost": 549262.15,
                                "Total Cost": 549262.46,
                                "Plan Rows": 3,
                                "Plan Width": 64,
                                "Actual Startup Time": 1049.279,
                                "Actual Total Time": 1072.504,
                                "Actual Rows": 4,
                                "Actual Loops": 1,
                                "Workers Planned": 3,
                                "Workers Launched": 3,
                                "Single Copy": false,
                                "Plans": [
                                    {
                                        "Node Type": "Aggregate",
                                        "Strategy": "Plain",
                                        "Partial Mode": "Partial",
                                        "Parent Relationship": "Outer",
                                        "Parallel Aware": false,
                                        "Async Capable": false,
                                        "Startup Cost": 548262.15,
                                        "Total Cost": 548262.16,
                                        "Plan Rows": 1,
                                        "Plan Width": 64,
                                        "Actual Startup Time": 1047.542,
                                        "Actual Total Time": 1047.58,
                                        "Actual Rows": 1,
                                        "Actual Loops": 4,
                                        "Workers": [],
                                        "Plans": [
                                            {
                                                "Node Type": "Hash Join",
                                                "Parent Relationship": "Outer",
                                                "Parallel Aware": true,
                                                "Async Capable": false,
                                                "Join Type": "Inner",
                                                "Startup Cost": 532846.81,
                                                "Total Cost": 548260.76,
                                                "Plan Rows": 279,
                                                "Plan Width": 33,
                                                "Actual Startup Time": 1022.781,
                                                "Actual Total Time": 1045.53,
                                                "Actual Rows": 62364,
                                                "Actual Loops": 4,
                                                "Inner Unique": false,
                                                "Hash Cond": "(an.person_id = n.id)",
                                                "Workers": [],
                                                "Plans": [
                                                    {
                                                        "Node Type": "Seq Scan",
                                                        "Parent Relationship": "Outer",
                                                        "Parallel Aware": true,
                                                        "Async Capable": false,
                                                        "Relation Name": "aka_name",
                                                        "Alias": "an",
                                                        "Startup Cost": 0.0,
                                                        "Total Cost": 14323.56,
                                                        "Plan Rows": 290756,
                                                        "Plan Width": 20,
                                                        "Actual Startup Time": 0.011,
                                                        "Actual Total Time": 10.249,
                                                        "Actual Rows": 225336,
                                                        "Actual Loops": 4,
                                                        "Workers": []
                                                    },
                                                    {
                                                        "Node Type": "Hash",
                                                        "Parent Relationship": "Inner",
                                                        "Parallel Aware": true,
                                                        "Async Capable": false,
                                                        "Startup Cost": 532845.71,
                                                        "Total Cost": 532845.71,
                                                        "Plan Rows": 88,
                                                        "Plan Width": 25,
                                                        "Actual Startup Time": 1022.656,
                                                        "Actual Total Time": 1022.693,
                                                        "Actual Rows": 42318,
                                                        "Actual Loops": 4,
                                                        "Hash Buckets": 262144,
                                                        "Original Hash Buckets": 1024,
                                                        "Hash Batches": 1,
                                                        "Original Hash Batches": 1,
                                                        "Peak Memory Usage": 15160,
                                                        "Workers": [],
                                                        "Plans": [
                                                            {
                                                                "Node Type": "Hash Join",
                                                                "Parent Relationship": "Outer",
                                                                "Parallel Aware": true,
                                                                "Async Capable": false,
                                                                "Join Type": "Inner",
                                                                "Startup Cost": 462863.8,
                                                                "Total Cost": 532845.71,
                                                                "Plan Rows": 88,
                                                                "Plan Width": 25,
                                                                "Actual Startup Time": 921.044,
                                                                "Actual Total Time": 1012.845,
                                                                "Actual Rows": 42318,
                                                                "Actual Loops": 4,
                                                                "Inner Unique": false,
                                                                "Hash Cond": "(n.id = ci.person_id)",
                                                                "Workers": [],
                                                                "Plans": [
                                                                    {
                                                                        "Node Type": "Seq Scan",
                                                                        "Parent Relationship": "Outer",
                                                                        "Parallel Aware": true,
                                                                        "Async Capable": false,
                                                                        "Relation Name": "name",
                                                                        "Alias": "n",
                                                                        "Startup Cost": 0.0,
                                                                        "Total Cost": 66074.73,
                                                                        "Plan Rows": 1041873,
                                                                        "Plan Width": 4,
                                                                        "Actual Startup Time": 0.004,
                                                                        "Actual Total Time": 40.388,
                                                                        "Actual Rows": 1041873,
                                                                        "Actual Loops": 4,
                                                                        "Workers": []
                                                                    },
                                                                    {
                                                                        "Node Type": "Hash",
                                                                        "Parent Relationship": "Inner",
                                                                        "Parallel Aware": true,
                                                                        "Async Capable": false,
                                                                        "Startup Cost": 462863.08,
                                                                        "Total Cost": 462863.08,
                                                                        "Plan Rows": 58,
                                                                        "Plan Width": 21,
                                                                        "Actual Startup Time": 921.004,
                                                                        "Actual Total Time": 921.04,
                                                                        "Actual Rows": 42318,
                                                                        "Actual Loops": 4,
                                                                        "Hash Buckets": 262144,
                                                                        "Original Hash Buckets": 1024,
                                                                        "Hash Batches": 1,
                                                                        "Original Hash Batches": 1,
                                                                        "Peak Memory Usage": 14552,
                                                                        "Workers": [],
                                                                        "Plans": [
                                                                            {
                                                                                "Node Type": "Hash Join",
                                                                                "Parent Relationship": "Outer",
                                                                                "Parallel Aware": true,
                                                                                "Async Capable": false,
                                                                                "Join Type": "Inner",
                                                                                "Startup Cost": 127082.86,
                                                                                "Total Cost": 462863.08,
                                                                                "Plan Rows": 58,
                                                                                "Plan Width": 21,
                                                                                "Actual Startup Time": 221.094,
                                                                                "Actual Total Time": 877.147,
                                                                                "Actual Rows": 42318,
                                                                                "Actual Loops": 4,
                                                                                "Inner Unique": false,
                                                                                "Hash Cond": "(ci.movie_id = t.id)",
                                                                                "Workers": [],
                                                                                "Plans": [
                                                                                    {
                                                                                        "Node Type": "Seq Scan",
                                                                                        "Parent Relationship": "Outer",
                                                                                        "Parallel Aware": true,
                                                                                        "Async Capable": false,
                                                                                        "Relation Name": "cast_info",
                                                                                        "Alias": "ci",
                                                                                        "Startup Cost": 0.0,
                                                                                        "Total Cost": 313127.24,
                                                                                        "Plan Rows": 6040724,
                                                                                        "Plan Width": 8,
                                                                                        "Actual Startup Time": 0.031,
                                                                                        "Actual Total Time": 290.36,
                                                                                        "Actual Rows": 9061086,
                                                                                        "Actual Loops": 4,
                                                                                        "Workers": []
                                                                                    },
                                                                                    {
                                                                                        "Node Type": "Hash",
                                                                                        "Parent Relationship": "Inner",
                                                                                        "Parallel Aware": true,
                                                                                        "Async Capable": false,
                                                                                        "Startup Cost": 127082.73,
                                                                                        "Total Cost": 127082.73,
                                                                                        "Plan Rows": 11,
                                                                                        "Plan Width": 29,
                                                                                        "Actual Startup Time": 220.854,
                                                                                        "Actual Total Time": 220.889,
                                                                                        "Actual Rows": 1692,
                                                                                        "Actual Loops": 4,
                                                                                        "Hash Buckets": 8192,
                                                                                        "Original Hash Buckets": 1024,
                                                                                        "Hash Batches": 1,
                                                                                        "Original Hash Batches": 1,
                                                                                        "Peak Memory Usage": 664,
                                                                                        "Workers": [],
                                                                                        "Plans": [
                                                                                            {
                                                                                                "Node Type": "Hash Join",
                                                                                                "Parent Relationship": "Outer",
                                                                                                "Parallel Aware": true,
                                                                                                "Async Capable": false,
                                                                                                "Join Type": "Inner",
                                                                                                "Startup Cost": 122127.4,
                                                                                                "Total Cost": 127082.73,
                                                                                                "Plan Rows": 11,
                                                                                                "Plan Width": 29,
                                                                                                "Actual Startup Time": 215.608,
                                                                                                "Actual Total Time": 219.985,
                                                                                                "Actual Rows": 1692,
                                                                                                "Actual Loops": 4,
                                                                                                "Inner Unique": false,
                                                                                                "Hash Cond": "(cn.id = mc.company_id)",
                                                                                                "Workers": [],
                                                                                                "Plans": [
                                                                                                    {
                                                                                                        "Node Type": "Seq Scan",
                                                                                                        "Parent Relationship": "Outer",
                                                                                                        "Parallel Aware": true,
                                                                                                        "Async Capable": false,
                                                                                                        "Relation Name": "company_name",
                                                                                                        "Alias": "cn",
                                                                                                        "Startup Cost": 0.0,
                                                                                                        "Total Cost": 4767.92,
                                                                                                        "Plan Rows": 49967,
                                                                                                        "Plan Width": 4,
                                                                                                        "Actual Startup Time": 0.006,
                                                                                                        "Actual Total Time": 3.501,
                                                                                                        "Actual Rows": 21211,
                                                                                                        "Actual Loops": 4,
                                                                                                        "Filter": "((country_code)::text = '[us]'::text)",
                                                                                                        "Rows Removed by Filter": 37538,
                                                                                                        "Workers": []
                                                                                                    },
                                                                                                    {
                                                                                                        "Node Type": "Hash",
                                                                                                        "Parent Relationship": "Inner",
                                                                                                        "Parallel Aware": true,
                                                                                                        "Async Capable": false,
                                                                                                        "Startup Cost": 122127.2,
                                                                                                        "Total Cost": 122127.2,
                                                                                                        "Plan Rows": 16,
                                                                                                        "Plan Width": 33,
                                                                                                        "Actual Startup Time": 215.528,
                                                                                                        "Actual Total Time": 215.561,
                                                                                                        "Actual Rows": 2165,
                                                                                                        "Actual Loops": 4,
                                                                                                        "Hash Buckets": 8192,
                                                                                                        "Original Hash Buckets": 1024,
                                                                                                        "Hash Batches": 1,
                                                                                                        "Original Hash Batches": 1,
                                                                                                        "Peak Memory Usage": 824,
                                                                                                        "Workers": [],
                                                                                                        "Plans": [
                                                                                                            {
                                                                                                                "Node Type": "Hash Join",
                                                                                                                "Parent Relationship": "Outer",
                                                                                                                "Parallel Aware": true,
                                                                                                                "Async Capable": false,
                                                                                                                "Join Type": "Inner",
                                                                                                                "Startup Cost": 91730.44,
                                                                                                                "Total Cost": 122127.2,
                                                                                                                "Plan Rows": 16,
                                                                                                                "Plan Width": 33,
                                                                                                                "Actual Startup Time": 156.172,
                                                                                                                "Actual Total Time": 207.921,
                                                                                                                "Actual Rows": 2165,
                                                                                                                "Actual Loops": 4,
                                                                                                                "Inner Unique": false,
                                                                                                                "Hash Cond": "(mc.movie_id = t.id)",
                                                                                                                "Workers": [],
                                                                                                                "Plans": [
                                                                                                                    {
                                                                                                                        "Node Type": "Seq Scan",
                                                                                                                        "Parent Relationship": "Outer",
                                                                                                                        "Parallel Aware": true,
                                                                                                                        "Async Capable": false,
                                                                                                                        "Relation Name": "movie_companies",
                                                                                                                        "Alias": "mc",
                                                                                                                        "Startup Cost": 0.0,
                                                                                                                        "Total Cost": 27240.55,
                                                                                                                        "Plan Rows": 841655,
                                                                                                                        "Plan Width": 8,
                                                                                                                        "Actual Startup Time": 0.006,
                                                                                                                        "Actual Total Time": 25.887,
                                                                                                                        "Actual Rows": 652282,
                                                                                                                        "Actual Loops": 4,
                                                                                                                        "Workers": []
                                                                                                                    },
                                                                                                                    {
                                                                                                                        "Node Type": "Hash",
                                                                                                                        "Parent Relationship": "Inner",
                                                                                                                        "Parallel Aware": true,
                                                                                                                        "Async Capable": false,
                                                                                                                        "Startup Cost": 91730.42,
                                                                                                                        "Total Cost": 91730.42,
                                                                                                                        "Plan Rows": 2,
                                                                                                                        "Plan Width": 25,
                                                                                                                        "Actual Startup Time": 156.01,
                                                                                                                        "Actual Total Time": 156.042,
                                                                                                                        "Actual Rows": 1346,
                                                                                                                        "Actual Loops": 4,
                                                                                                                        "Hash Buckets": 4096,
                                                                                                                        "Original Hash Buckets": 1024,
                                                                                                                        "Hash Batches": 1,
                                                                                                                        "Original Hash Batches": 1,
                                                                                                                        "Peak Memory Usage": 440,
                                                                                                                        "Workers": [],
                                                                                                                        "Plans": [
                                                                                                                            {
                                                                                                                                "Node Type": "Hash Join",
                                                                                                                                "Parent Relationship": "Outer",
                                                                                                                                "Parallel Aware": true,
                                                                                                                                "Async Capable": false,
                                                                                                                                "Join Type": "Inner",
                                                                                                                                "Startup Cost": 45589.47,
                                                                                                                                "Total Cost": 91730.42,
                                                                                                                                "Plan Rows": 2,
                                                                                                                                "Plan Width": 25,
                                                                                                                                "Actual Startup Time": 95.223,
                                                                                                                                "Actual Total Time": 139.792,
                                                                                                                                "Actual Rows": 1346,
                                                                                                                                "Actual Loops": 4,
                                                                                                                                "Inner Unique": false,
                                                                                                                                "Hash Cond": "(t.id = mk.movie_id)",
                                                                                                                                "Workers": [],
                                                                                                                                "Plans": [
                                                                                                                                    {
                                                                                                                                        "Node Type": "Seq Scan",
                                                                                                                                        "Parent Relationship": "Outer",
                                                                                                                                        "Parallel Aware": true,
                                                                                                                                        "Async Capable": false,
                                                                                                                                        "Relation Name": "title",
                                                                                                                                        "Alias": "t",
                                                                                                                                        "Startup Cost": 0.0,
                                                                                                                                        "Total Cost": 45490.07,
                                                                                                                                        "Plan Rows": 173564,
                                                                                                                                        "Plan Width": 21,
                                                                                                                                        "Actual Startup Time": 0.007,
                                                                                                                                        "Actual Total Time": 36.779,
                                                                                                                                        "Actual Rows": 173139,
                                                                                                                                        "Actual Loops": 4,
                                                                                                                                        "Filter": "((episode_nr >= 5) AND (episode_nr < 100))",
                                                                                                                                        "Rows Removed by Filter": 458939,
                                                                                                                                        "Workers": []
                                                                                                                                    },
                                                                                                                                    {
                                                                                                                                        "Node Type": "Hash",
                                                                                                                                        "Parent Relationship": "Inner",
                                                                                                                                        "Parallel Aware": true,
                                                                                                                                        "Async Capable": false,
                                                                                                                                        "Startup Cost": 45589.33,
                                                                                                                                        "Total Cost": 45589.33,
                                                                                                                                        "Plan Rows": 11,
                                                                                                                                        "Plan Width": 4,
                                                                                                                                        "Actual Startup Time": 95.18,
                                                                                                                                        "Actual Total Time": 95.183,
                                                                                                                                        "Actual Rows": 10460,
                                                                                                                                        "Actual Loops": 4,
                                                                                                                                        "Hash Buckets": 65536,
                                                                                                                                        "Original Hash Buckets": 1024,
                                                                                                                                        "Hash Batches": 1,
                                                                                                                                        "Original Hash Batches": 1,
                                                                                                                                        "Peak Memory Usage": 2712,
                                                                                                                                        "Workers": [],
                                                                                                                                        "Plans": [
                                                                                                                                            {
                                                                                                                                                "Node Type": "Hash Join",
                                                                                                                                                "Parent Relationship": "Outer",
                                                                                                                                                "Parallel Aware": false,
                                                                                                                                                "Async Capable": false,
                                                                                                                                                "Join Type": "Inner",
                                                                                                                                                "Startup Cost": 2685.14,
                                                                                                                                                "Total Cost": 45589.33,
                                                                                                                                                "Plan Rows": 11,
                                                                                                                                                "Plan Width": 4,
                                                                                                                                                "Actual Startup Time": 4.077,
                                                                                                                                                "Actual Total Time": 81.395,
                                                                                                                                                "Actual Rows": 10460,
                                                                                                                                                "Actual Loops": 4,
                                                                                                                                                "Inner Unique": true,
                                                                                                                                                "Hash Cond": "(mk.keyword_id = k.id)",
                                                                                                                                                "Workers": [],
                                                                                                                                                "Plans": [
                                                                                                                                                    {
                                                                                                                                                        "Node Type": "Seq Scan",
                                                                                                                                                        "Parent Relationship": "Outer",
                                                                                                                                                        "Parallel Aware": true,
                                                                                                                                                        "Async Capable": false,
                                                                                                                                                        "Relation Name": "movie_keyword",
                                                                                                                                                        "Alias": "mk",
                                                                                                                                                        "Startup Cost": 0.0,
                                                                                                                                                        "Total Cost": 39073.32,
                                                                                                                                                        "Plan Rows": 1459332,
                                                                                                                                                        "Plan Width": 8,
                                                                                                                                                        "Actual Startup Time": 0.006,
                                                                                                                                                        "Actual Total Time": 43.158,
                                                                                                                                                        "Actual Rows": 1130982,
                                                                                                                                                        "Actual Loops": 4,
                                                                                                                                                        "Workers": []
                                                                                                                                                    },
                                                                                                                                                    {
                                                                                                                                                        "Node Type": "Hash",
                                                                                                                                                        "Parent Relationship": "Inner",
                                                                                                                                                        "Parallel Aware": false,
                                                                                                                                                        "Async Capable": false,
                                                                                                                                                        "Startup Cost": 2685.12,
                                                                                                                                                        "Total Cost": 2685.12,
                                                                                                                                                        "Plan Rows": 1,
                                                                                                                                                        "Plan Width": 4,
                                                                                                                                                        "Actual Startup Time": 4.056,
                                                                                                                                                        "Actual Total Time": 4.057,
                                                                                                                                                        "Actual Rows": 1,
                                                                                                                                                        "Actual Loops": 4,
                                                                                                                                                        "Hash Buckets": 1024,
                                                                                                                                                        "Original Hash Buckets": 1024,
                                                                                                                                                        "Hash Batches": 1,
                                                                                                                                                        "Original Hash Batches": 1,
                                                                                                                                                        "Peak Memory Usage": 9,
                                                                                                                                                        "Workers": [],
                                                                                                                                                        "Plans": [
                                                                                                                                                            {
                                                                                                                                                                "Node Type": "Seq Scan",
                                                                                                                                                                "Parent Relationship": "Outer",
                                                                                                                                                                "Parallel Aware": false,
                                                                                                                                                                "Async Capable": false,
                                                                                                                                                                "Relation Name": "keyword",
                                                                                                                                                                "Alias": "k",
                                                                                                                                                                "Startup Cost": 0.0,
                                                                                                                                                                "Total Cost": 2685.12,
                                                                                                                                                                "Plan Rows": 1,
                                                                                                                                                                "Plan Width": 4,
                                                                                                                                                                "Actual Startup Time": 0.204,
                                                                                                                                                                "Actual Total Time": 4.054,
                                                                                                                                                                "Actual Rows": 1,
                                                                                                                                                                "Actual Loops": 4,
                                                                                                                                                                "Filter": "(keyword = 'character-name-in-title'::text)",
                                                                                                                                                                "Rows Removed by Filter": 134169,
                                                                                                                                                                "Workers": []
                                                                                                                                                            }
                                                                                                                                                        ]
                                                                                                                                                    }
                                                                                                                                                ]
                                                                                                                                            }
                                                                                                                                        ]
                                                                                                                                    }
                                                                                                                                ]
                                                                                                                            }
                                                                                                                        ]
                                                                                                                    }
                                                                                                                ]
                                                                                                            }
                                                                                                        ]
                                                                                                    }
                                                                                                ]
                                                                                            }
                                                                                        ]
                                                                                    }
                                                                                ]
                                                                            }
                                                                        ]
                                                                    }
                                                                ]
                                                            }
                                                        ]
                                                    }
                                                ]
                                            }
                                        ]
                                    }
                                ]
                            }
                        ]
                    },
                    "Planning Time": 1.558,
                    "Triggers": [],
                    "Execution Time": 1072.554
                }
            ],
            "hints": [
                "SET enable_hashjoin TO on",
                "SET enable_indexonlyscan TO on",
                "SET enable_indexscan TO off",
                "SET enable_mergejoin TO off",
                "SET enable_nestloop TO off",
                "SET enable_seqscan TO on"
            ]
        },
        {
            "arm": 4,
            "execution_time": 409.176,
            "plan": [
                {
                    "Plan": {
                        "Node Type": "Aggregate",
                        "Strategy": "Plain",
                        "Partial Mode": "Simple",
                        "Parallel Aware": false,
                        "Async Capable": false,
                        "Startup Cost": 4315.91,
                        "Total Cost": 4315.92,
                        "Plan Rows": 1,
                        "Plan Width": 64,
                        "Actual Startup Time": 409.142,
                        "Actual Total Time": 409.144,
                        "Actual Rows": 1,
                        "Actual Loops": 1,
                        "Plans": [
                            {
                                "Node Type": "Nested Loop",
                                "Parent Relationship": "Outer",
                                "Parallel Aware": false,
                                "Async Capable": false,
                                "Join Type": "Inner",
                                "Startup Cost": 3.01,
                                "Total Cost": 4311.59,
                                "Plan Rows": 864,
                                "Plan Width": 33,
                                "Actual Startup Time": 0.311,
                                "Actual Total Time": 400.033,
                                "Actual Rows": 249455,
                                "Actual Loops": 1,
                                "Inner Unique": false,
                                "Join Filter": "(an.person_id = n.id)",
                                "Rows Removed by Join Filter": 0,
                                "Plans": [
                                    {
                                        "Node Type": "Nested Loop",
                                        "Parent Relationship": "Outer",
                                        "Parallel Aware": false,
                                        "Async Capable": false,
                                        "Join Type": "Inner",
                                        "Startup Cost": 2.58,
                                        "Total Cost": 4140.8,
                                        "Plan Rows": 351,
                                        "Plan Width": 25,
                                        "Actual Startup Time": 0.305,
                                        "Actual Total Time": 253.573,
                                        "Actual Rows": 169273,
                                        "Actual Loops": 1,
                                        "Inner Unique": true,
                                        "Plans": [
                                            {
                                                "Node Type": "Nested Loop",
                                                "Parent Relationship": "Outer",
                                                "Parallel Aware": false,
                                                "Async Capable": false,
                                                "Join Type": "Inner",
                                                "Startup Cost": 2.15,
                                                "Total Cost": 3983.15,
                                                "Plan Rows": 351,
                                                "Plan Width": 21,
                                                "Actual Startup Time": 0.298,
                                                "Actual Total Time": 131.888,
                                                "Actual Rows": 169273,
                                                "Actual Loops": 1,
                                                "Inner Unique": false,
                                                "Join Filter": "(ci.movie_id = t.id)",
                                                "Rows Removed by Join Filter": 0,
                                                "Plans": [
                                                    {
                                                        "Node Type": "Nested Loop",
                                                        "Parent Relationship": "Outer",
                                                        "Parallel Aware": false,
                                                        "Async Capable": false,
                                                        "Join Type": "Inner",
                                                        "Startup Cost": 1.71,
                                                        "Total Cost": 3949.91,
                                                        "Plan Rows": 18,
                                                        "Plan Width": 29,
                                                        "Actual Startup Time": 0.292,
                                                        "Actual Total Time": 77.375,
                                                        "Actual Rows": 6766,
                                                        "Actual Loops": 1,
                                                        "Inner Unique": true,
                                                        "Plans": [
                                                            {
                                                                "Node Type": "Nested Loop",
                                                                "Parent Relationship": "Outer",
                                                                "Parallel Aware": false,
                                                                "Async Capable": false,
                                                                "Join Type": "Inner",
                                                                "Startup Cost": 1.29,
                                                                "Total Cost": 3927.61,
                                                                "Plan Rows": 50,
                                                                "Plan Width": 33,
                                                                "Actual Startup Time": 0.221,
                                                                "Actual Total Time": 70.953,
                                                                "Actual Rows": 8661,
                                                                "Actual Loops": 1,
                                                                "Inner Unique": false,
                                                                "Join Filter": "(mc.movie_id = t.id)",
                                                                "Rows Removed by Join Filter": 0,
                                                                "Plans": [
                                                                    {
                                                                        "Node Type": "Nested Loop",
                                                                        "Parent Relationship": "Outer",
                                                                        "Parallel Aware": false,
                                                                        "Async Capable": false,
                                                                        "Join Type": "Inner",
                                                                        "Startup Cost": 0.86,
                                                                        "Total Cost": 3922.19,
                                                                        "Plan Rows": 9,
                                                                        "Plan Width": 25,
                                                                        "Actual Startup Time": 0.196,
                                                                        "Actual Total Time": 64.631,
                                                                        "Actual Rows": 5385,
                                                                        "Actual Loops": 1,
                                                                        "Inner Unique": true,
                                                                        "Plans": [
                                                                            {
                                                                                "Node Type": "Nested Loop",
                                                                                "Parent Relationship": "Outer",
                                                                                "Parallel Aware": false,
                                                                                "Async Capable": false,
                                                                                "Join Type": "Inner",
                                                                                "Startup Cost": 0.43,
                                                                                "Total Cost": 3905.45,
                                                                                "Plan Rows": 34,
                                                                                "Plan Width": 4,
                                                                                "Actual Startup Time": 0.187,
                                                                                "Actual Total Time": 17.189,
                                                                                "Actual Rows": 41840,
                                                                                "Actual Loops": 1,
                                                                                "Inner Unique": false,
                                                                                "Plans": [
                                                                                    {
                                                                                        "Node Type": "Seq Scan",
                                                                                        "Parent Relationship": "Outer",
                                                                                        "Parallel Aware": false,
                                                                                        "Async Capable": false,
                                                                                        "Relation Name": "keyword",
                                                                                        "Alias": "k",
                                                                                        "Startup Cost": 0.0,
                                                                                        "Total Cost": 2685.12,
                                                                                        "Plan Rows": 1,
                                                                                        "Plan Width": 4,
                                                                                        "Actual Startup Time": 0.172,
                                                                                        "Actual Total Time": 3.545,
                                                                                        "Actual Rows": 1,
                                                                                        "Actual Loops": 1,
                                                                                        "Filter": "(keyword = 'character-name-in-title'::text)",
                                                                                        "Rows Removed by Filter": 134169
                                                                                    },
                                                                                    {
                                                                                        "Node Type": "Index Scan",
                                                                                        "Parent Relationship": "Inner",
                                                                                        "Parallel Aware": false,
                                                                                        "Async Capable": false,
                                                                                        "Scan Direction": "Forward",
                                                                                        "Index Name": "keyword_id_movie_keyword",
                                                                                        "Relation Name": "movie_keyword",
                                                                                        "Alias": "mk",
                                                                                        "Startup Cost": 0.43,
                                                                                        "Total Cost": 1217.3,
                                                                                        "Plan Rows": 303,
                                                                                        "Plan Width": 8,
                                                                                        "Actual Startup Time": 0.013,
                                                                                        "Actual Total Time": 11.759,
                                                                                        "Actual Rows": 41840,
                                                                                        "Actual Loops": 1,
                                                                                        "Index Cond": "(keyword_id = k.id)",
                                                                                        "Rows Removed by Index Recheck": 0
                                                                                    }
                                                                                ]
                                                                            },
                                                                            {
                                                                                "Node Type": "Index Scan",
                                                                                "Parent Relationship": "Inner",
                                                                                "Parallel Aware": false,
                                                                                "Async Capable": false,
                                                                                "Scan Direction": "Forward",
                                                                                "Index Name": "title_pkey",
                                                                                "Relation Name": "title",
                                                                                "Alias": "t",
                                                                                "Startup Cost": 0.43,
                                                                                "Total Cost": 0.49,
                                                                                "Plan Rows": 1,
                                                                                "Plan Width": 21,
                                                                                "Actual Startup Time": 0.001,
                                                                                "Actual Total Time": 0.001,
                                                                                "Actual Rows": 0,
                                                                                "Actual Loops": 41840,
                                                                                "Index Cond": "(id = mk.movie_id)",
                                                                                "Rows Removed by Index Recheck": 0,
                                                                                "Filter": "((episode_nr >= 5) AND (episode_nr < 100))",
                                                                                "Rows Removed by Filter": 1
                                                                            }
                                                                        ]
                                                                    },
                                                                    {
                                                                        "Node Type": "Index Scan",
                                                                        "Parent Relationship": "Inner",
                                                                        "Parallel Aware": false,
                                                                        "Async Capable": false,
                                                                        "Scan Direction": "Forward",
                                                                        "Index Name": "movie_id_movie_companies",
                                                                        "Relation Name": "movie_companies",
                                                                        "Alias": "mc",
                                                                        "Startup Cost": 0.43,
                                                                        "Total Cost": 0.54,
                                                                        "Plan Rows": 5,
                                                                        "Plan Width": 8,
                                                                        "Actual Startup Time": 0.001,
                                                                        "Actual Total Time": 0.001,
                                                                        "Actual Rows": 2,
                                                                        "Actual Loops": 5385,
                                                                        "Index Cond": "(movie_id = mk.movie_id)",
                                                                        "Rows Removed by Index Recheck": 0
                                                                    }
                                                                ]
                                                            },
                                                            {
                                                                "Node Type": "Index Scan",
                                                                "Parent Relationship": "Inner",
                                                                "Parallel Aware": false,
                                                                "Async Capable": false,
                                                                "Scan Direction": "Forward",
                                                                "Index Name": "company_name_pkey",
                                                                "Relation Name": "company_name",
                                                                "Alias": "cn",
                                                                "Startup Cost": 0.42,
                                                                "Total Cost": 0.45,
                                                                "Plan Rows": 1,
                                                                "Plan Width": 4,
                                                                "Actual Startup Time": 0.001,
                                                                "Actual Total Time": 0.001,
                                                                "Actual Rows": 1,
                                                                "Actual Loops": 8661,
                                                                "Index Cond": "(id = mc.company_id)",
                                                                "Rows Removed by Index Recheck": 0,
                                                                "Filter": "((country_code)::text = '[us]'::text)",
                                                                "Rows Removed by Filter": 0
                                                            }
                                                        ]
                                                    },
                                                    {
                                                        "Node Type": "Index Scan",
                                                        "Parent Relationship": "Inner",
                                                        "Parallel Aware": false,
                                                        "Async Capable": false,
                                                        "Scan Direction": "Forward",
                                                        "Index Name": "movie_id_cast_info",
                                                        "Relation Name": "cast_info",
                                                        "Alias": "ci",
                                                        "Startup Cost": 0.44,
                                                        "Total Cost": 1.37,
                                                        "Plan Rows": 38,
                                                        "Plan Width": 8,
                                                        "Actual Startup Time": 0.001,
                                                        "Actual Total Time": 0.007,
                                                        "Actual Rows": 25,
                                                        "Actual Loops": 6766,
                                                        "Index Cond": "(movie_id = mk.movie_id)",
                                                        "Rows Removed by Index Recheck": 0
                                                    }
                                                ]
                                            },
                                            {
                                                "Node Type": "Index Only Scan",
                                                "Parent Relationship": "Inner",
                                                "Parallel Aware": false,
                                                "Async Capable": false,
                                                "Scan Direction": "Forward",
                                                "Index Name": "name_pkey",
                                                "Relation Name": "name",
                                                "Alias": "n",
                                                "Startup Cost": 0.43,
                                                "Total Cost": 0.45,
                                                "Plan Rows": 1,
                                                "Plan Width": 4,
                                                "Actual Startup Time": 0.001,
                                                "Actual Total Time": 0.001,
                                                "Actual Rows": 1,
                                                "Actual Loops": 169273,
                                                "Index Cond": "(id = ci.person_id)",
                                                "Rows Removed by Index Recheck": 0,
                                                "Heap Fetches": 0
                                            }
                                        ]
                                    },
                                    {
                                        "Node Type": "Index Scan",
                                        "Parent Relationship": "Inner",
                                        "Parallel Aware": false,
                                        "Async Capable": false,
                                        "Scan Direction": "Forward",
                                        "Index Name": "person_id_aka_name",
                                        "Relation Name": "aka_name",
                                        "Alias": "an",
                                        "Startup Cost": 0.42,
                                        "Total Cost": 0.46,
                                        "Plan Rows": 2,
                                        "Plan Width": 20,
                                        "Actual Startup Time": 0.001,
                                        "Actual Total Time": 0.001,
                                        "Actual Rows": 1,
                                        "Actual Loops": 169273,
                                        "Index Cond": "(person_id = ci.person_id)",
                                        "Rows Removed by Index Recheck": 0
                                    }
                                ]
                            }
                        ]
                    },
                    "Planning Time": 1.535,
                    "Triggers": [],
                    "Execution Time": 409.176
                }
            ],
            "hints": [
                "SET enable_hashjoin TO on",
                "SET enable_indexonlyscan TO on",
                "SET enable_indexscan TO on",
                "SET enable_mergejoin TO off",
                "SET enable_nestloop TO on",
                "SET enable_seqscan TO on"
            ]
        }
    ]
}