{
    "sql_file": "job13c.sql",
    "query": "SELECT MIN(cn.name) AS producing_company, MIN(miidx.info) AS rating, MIN(t.title) AS movie_about_winning FROM company_name AS cn, company_type AS ct, info_type AS it, info_type AS it2, kind_type AS kt, movie_companies AS mc, movie_info AS mi, movie_info_idx AS miidx, title AS t WHERE cn.country_code ='[us]' AND ct.kind ='production companies' AND it.info ='rating' AND it2.info ='release dates' AND kt.kind ='movie' AND t.title  != '' AND (t.title LIKE 'Champion%' OR t.title LIKE 'Loser%') AND mi.movie_id = t.id AND it2.id = mi.info_type_id AND kt.id = t.kind_id AND mc.movie_id = t.id AND cn.id = mc.company_id AND ct.id = mc.company_type_id AND miidx.movie_id = t.id AND it.id = miidx.info_type_id AND mi.movie_id = miidx.movie_id AND mi.movie_id = mc.movie_id AND miidx.movie_id = mc.movie_id;",
    "results": [
        {
            "arm": 0,
            "execution_time": 203.673,
            "plan": [
                {
                    "Plan": {
                        "Node Type": "Aggregate",
                        "Strategy": "Plain",
                        "Partial Mode": "Simple",
                        "Parallel Aware": false,
                        "Async Capable": false,
                        "Startup Cost": 19269.9,
                        "Total Cost": 19269.91,
                        "Plan Rows": 1,
                        "Plan Width": 96,
                        "Actual Startup Time": 185.327,
                        "Actual Total Time": 203.622,
                        "Actual Rows": 1,
                        "Actual Loops": 1,
                        "Plans": [
                            {
                                "Node Type": "Gather",
                                "Parent Relationship": "Outer",
                                "Parallel Aware": false,
                                "Async Capable": false,
                                "Startup Cost": 1004.57,
                                "Total Cost": 19269.89,
                                "Plan Rows": 1,
                                "Plan Width": 42,
                                "Actual Startup Time": 185.266,
                                "Actual Total Time": 203.605,
                                "Actual Rows": 53,
                                "Actual Loops": 1,
                                "Workers Planned": 2,
                                "Workers Launched": 2,
                                "Single Copy": false,
                                "Plans": [
                                    {
                                        "Node Type": "Nested Loop",
                                        "Parent Relationship": "Outer",
                                        "Parallel Aware": false,
                                        "Async Capable": false,
                                        "Join Type": "Inner",
                                        "Startup Cost": 4.57,
                                        "Total Cost": 18269.79,
                                        "Plan Rows": 1,
                                        "Plan Width": 42,
                                        "Actual Startup Time": 136.443,
                                        "Actual Total Time": 183.647,
                                        "Actual Rows": 18,
                                        "Actual Loops": 3,
                                        "Inner Unique": true,
                                        "Workers": [],
                                        "Plans": [
                                            {
                                                "Node Type": "Nested Loop",
                                                "Parent Relationship": "Outer",
                                                "Parallel Aware": false,
                                                "Async Capable": false,
                                                "Join Type": "Inner",
                                                "Startup Cost": 4.42,
                                                "Total Cost": 18269.44,
                                                "Plan Rows": 2,
                                                "Plan Width": 46,
                                                "Actual Startup Time": 136.43,
                                                "Actual Total Time": 183.613,
                                                "Actual Rows": 73,
                                                "Actual Loops": 3,
                                                "Inner Unique": false,
                                                "Join Filter": "(mi.movie_id = t.id)",
                                                "Rows Removed by Join Filter": 0,
                                                "Workers": [],
                                                "Plans": [
                                                    {
                                                        "Node Type": "Nested Loop",
                                                        "Parent Relationship": "Outer",
                                                        "Parallel Aware": false,
                                                        "Async Capable": false,
                                                        "Join Type": "Inner",
                                                        "Startup Cost": 3.99,
                                                        "Total Cost": 18267.49,
                                                        "Plan Rows": 1,
                                                        "Plan Width": 54,
                                                        "Actual Startup Time": 136.419,
                                                        "Actual Total Time": 183.557,
                                                        "Actual Rows": 5,
                                                        "Actual Loops": 3,
                                                        "Inner Unique": true,
                                                        "Workers": [],
                                                        "Plans": [
                                                            {
                                                                "Node Type": "Nested Loop",
                                                                "Parent Relationship": "Outer",
                                                                "Parallel Aware": false,
                                                                "Async Capable": false,
                                                                "Join Type": "Inner",
                                                                "Startup Cost": 3.57,
                                                                "Total Cost": 18267.05,
                                                                "Plan Rows": 1,
                                                                "Plan Width": 39,
                                                                "Actual Startup Time": 136.406,
                                                                "Actual Total Time": 183.504,
                                                                "Actual Rows": 11,
                                                                "Actual Loops": 3,
                                                                "Inner Unique": true,
                                                                "Workers": [],
                                                                "Plans": [
                                                                    {
                                                                        "Node Type": "Nested Loop",
                                                                        "Parent Relationship": "Outer",
                                                                        "Parallel Aware": false,
                                                                        "Async Capable": false,
                                                                        "Join Type": "Inner",
                                                                        "Startup Cost": 3.43,
                                                                        "Total Cost": 18266.88,
                                                                        "Plan Rows": 1,
                                                                        "Plan Width": 43,
                                                                        "Actual Startup Time": 136.394,
                                                                        "Actual Total Time": 183.491,
                                                                        "Actual Rows": 32,
                                                                        "Actual Loops": 3,
                                                                        "Inner Unique": false,
                                                                        "Join Filter": "(mc.movie_id = t.id)",
                                                                        "Rows Removed by Join Filter": 0,
                                                                        "Workers": [],
                                                                        "Plans": [
                                                                            {
                                                                                "Node Type": "Nested Loop",
                                                                                "Parent Relationship": "Outer",
                                                                                "Parallel Aware": false,
                                                                                "Async Capable": false,
                                                                                "Join Type": "Inner",
                                                                                "Startup Cost": 3.0,
                                                                                "Total Cost": 18266.22,
                                                                                "Plan Rows": 1,
                                                                                "Plan Width": 31,
                                                                                "Actual Startup Time": 136.375,
                                                                                "Actual Total Time": 183.457,
                                                                                "Actual Rows": 10,
                                                                                "Actual Loops": 3,
                                                                                "Inner Unique": true,
                                                                                "Workers": [],
                                                                                "Plans": [
                                                                                    {
                                                                                        "Node Type": "Nested Loop",
                                                                                        "Parent Relationship": "Outer",
                                                                                        "Parallel Aware": false,
                                                                                        "Async Capable": false,
                                                                                        "Join Type": "Inner",
                                                                                        "Startup Cost": 2.86,
                                                                                        "Total Cost": 18266.02,
                                                                                        "Plan Rows": 1,
                                                                                        "Plan Width": 35,
                                                                                        "Actual Startup Time": 7.508,
                                                                                        "Actual Total Time": 183.433,
                                                                                        "Actual Rows": 22,
                                                                                        "Actual Loops": 3,
                                                                                        "Inner Unique": true,
                                                                                        "Workers": [],
                                                                                        "Plans": [
                                                                                            {
                                                                                                "Node Type": "Hash Join",
                                                                                                "Parent Relationship": "Outer",
                                                                                                "Parallel Aware": false,
                                                                                                "Async Capable": false,
                                                                                                "Join Type": "Inner",
                                                                                                "Startup Cost": 2.43,
                                                                                                "Total Cost": 15286.6,
                                                                                                "Plan Rows": 5089,
                                                                                                "Plan Width": 10,
                                                                                                "Actual Startup Time": 0.043,
                                                                                                "Actual Total Time": 40.797,
                                                                                                "Actual Rows": 153308,
                                                                                                "Actual Loops": 3,
                                                                                                "Inner Unique": true,
                                                                                                "Hash Cond": "(miidx.info_type_id = it.id)",
                                                                                                "Workers": [],
                                                                                                "Plans": [
                                                                                                    {
                                                                                                        "Node Type": "Seq Scan",
                                                                                                        "Parent Relationship": "Outer",
                                                                                                        "Parallel Aware": true,
                                                                                                        "Async Capable": false,
                                                                                                        "Relation Name": "movie_info_idx",
                                                                                                        "Alias": "miidx",
                                                                                                        "Startup Cost": 0.0,
                                                                                                        "Total Cost": 13718.15,
                                                                                                        "Plan Rows": 575015,
                                                                                                        "Plan Width": 14,
                                                                                                        "Actual Startup Time": 0.007,
                                                                                                        "Actual Total Time": 17.119,
                                                                                                        "Actual Rows": 460012,
                                                                                                        "Actual Loops": 3,
                                                                                                        "Workers": []
                                                                                                    },
                                                                                                    {
                                                                                                        "Node Type": "Hash",
                                                                                                        "Parent Relationship": "Inner",
                                                                                                        "Parallel Aware": false,
                                                                                                        "Async Capable": false,
                                                                                                        "Startup Cost": 2.41,
                                                                                                        "Total Cost": 2.41,
                                                                                                        "Plan Rows": 1,
                                                                                                        "Plan Width": 4,
                                                                                                        "Actual Startup Time": 0.013,
                                                                                                        "Actual Total Time": 0.014,
                                                                                                        "Actual Rows": 1,
                                                                                                        "Actual Loops": 3,
                                                                                                        "Hash Buckets": 1024,
                                                                                                        "Original Hash Buckets": 1024,
                                                                                                        "Hash Batches": 1,
                                                                                                        "Original Hash Batches": 1,
                                                                                                        "Peak Memory Usage": 9,
                                                                                                        "Workers": [],
                                                                                                        "Plans": [
                                                                                                            {
                                                                                                                "Node Type": "Seq Scan",
                                                                                                                "Parent Relationship": "Outer",
                                                                                                                "Parallel Aware": false,
                                                                                                                "Async Capable": false,
                                                                                                                "Relation Name": "info_type",
                                                                                                                "Alias": "it",
                                                                                                                "Startup Cost": 0.0,
                                                                                                                "Total Cost": 2.41,
                                                                                                                "Plan Rows": 1,
                                                                                                                "Plan Width": 4,
                                                                                                                "Actual Startup Time": 0.01,
                                                                                                                "Actual Total Time": 0.011,
                                                                                                                "Actual Rows": 1,
                                                                                                                "Actual Loops": 3,
                                                                                                                "Filter": "((info)::text = 'rating'::text)",
                                                                                                                "Rows Removed by Filter": 112,
                                                                                                                "Workers": []
                                                                                                            }
                                                                                                        ]
                                                                                                    }
                                                                                                ]
                                                                                            },
                                                                                            {
                                                                                                "Node Type": "Index Scan",
                                                                                                "Parent Relationship": "Inner",
                                                                                                "Parallel Aware": false,
                                                                                                "Async Capable": false,
                                                                                                "Scan Direction": "Forward",
                                                                                                "Index Name": "title_pkey",
                                                                                                "Relation Name": "title",
                                                                                                "Alias": "t",
                                                                                                "Startup Cost": 0.43,
                                                                                                "Total Cost": 0.59,
                                                                                                "Plan Rows": 1,
                                                                                                "Plan Width": 25,
                                                                                                "Actual Startup Time": 0.001,
                                                                                                "Actual Total Time": 0.001,
                                                                                                "Actual Rows": 0,
                                                                                                "Actual Loops": 459925,
                                                                                                "Index Cond": "(id = miidx.movie_id)",
                                                                                                "Rows Removed by Index Recheck": 0,
                                                                                                "Filter": "((title <> ''::text) AND ((title ~~ 'Champion%'::text) OR (title ~~ 'Loser%'::text)))",
                                                                                                "Rows Removed by Filter": 1,
                                                                                                "Workers": []
                                                                                            }
                                                                                        ]
                                                                                    },
                                                                                    {
                                                                                        "Node Type": "Memoize",
                                                                                        "Parent Relationship": "Inner",
                                                                                        "Parallel Aware": false,
                                                                                        "Async Capable": false,
                                                                                        "Startup Cost": 0.14,
                                                                                        "Total Cost": 0.19,
                                                                                        "Plan Rows": 1,
                                                                                        "Plan Width": 4,
                                                                                        "Actual Startup Time": 0.001,
                                                                                        "Actual Total Time": 0.001,
                                                                                        "Actual Rows": 0,
                                                                                        "Actual Loops": 66,
                                                                                        "Cache Key": "t.kind_id",
                                                                                        "Cache Mode": "logical",
                                                                                        "Cache Hits": 6,
                                                                                        "Cache Misses": 1,
                                                                                        "Cache Evictions": 0,
                                                                                        "Cache Overflows": 0,
                                                                                        "Peak Memory Usage": 1,
                                                                                        "Workers": [
                                                                                            {
                                                                                                "Worker Number": 0,
                                                                                                "Cache Hits": 16,
                                                                                                "Cache Misses": 5,
                                                                                                "Cache Evictions": 0,
                                                                                                "Cache Overflows": 0,
                                                                                                "Peak Memory Usage": 1
                                                                                            },
                                                                                            {
                                                                                                "Worker Number": 1,
                                                                                                "Cache Hits": 33,
                                                                                                "Cache Misses": 5,
                                                                                                "Cache Evictions": 0,
                                                                                                "Cache Overflows": 0,
                                                                                                "Peak Memory Usage": 1
                                                                                            }
                                                                                        ],
                                                                                        "Plans": [
                                                                                            {
                                                                                                "Node Type": "Index Scan",
                                                                                                "Parent Relationship": "Outer",
                                                                                                "Parallel Aware": false,
                                                                                                "Async Capable": false,
                                                                                                "Scan Direction": "Forward",
                                                                                                "Index Name": "kind_type_pkey",
                                                                                                "Relation Name": "kind_type",
                                                                                                "Alias": "kt",
                                                                                                "Startup Cost": 0.13,
                                                                                                "Total Cost": 0.18,
                                                                                                "Plan Rows": 1,
                                                                                                "Plan Width": 4,
                                                                                                "Actual Startup Time": 0.003,
                                                                                                "Actual Total Time": 0.003,
                                                                                                "Actual Rows": 0,
                                                                                                "Actual Loops": 11,
                                                                                                "Index Cond": "(id = t.kind_id)",
                                                                                                "Rows Removed by Index Recheck": 0,
                                                                                                "Filter": "((kind)::text = 'movie'::text)",
                                                                                                "Rows Removed by Filter": 1,
                                                                                                "Workers": []
                                                                                            }
                                                                                        ]
                                                                                    }
                                                                                ]
                                                                            },
                                                                            {
                                                                                "Node Type": "Index Scan",
                                                                                "Parent Relationship": "Inner",
                                                                                "Parallel Aware": false,
                                                                                "Async Capable": false,
                                                                                "Scan Direction": "Forward",
                                                                                "Index Name": "movie_id_movie_companies",
                                                                                "Relation Name": "movie_companies",
                                                                                "Alias": "mc",
                                                                                "Startup Cost": 0.43,
                                                                                "Total Cost": 0.59,
                                                                                "Plan Rows": 5,
                                                                                "Plan Width": 12,
                                                                                "Actual Startup Time": 0.002,
                                                                                "Actual Total Time": 0.003,
                                                                                "Actual Rows": 3,
                                                                                "Actual Loops": 29,
                                                                                "Index Cond": "(movie_id = miidx.movie_id)",
                                                                                "Rows Removed by Index Recheck": 0,
                                                                                "Workers": []
                                                                            }
                                                                        ]
                                                                    },
                                                                    {
                                                                        "Node Type": "Memoize",
                                                                        "Parent Relationship": "Inner",
                                                                        "Parallel Aware": false,
                                                                        "Async Capable": false,
                                                                        "Startup Cost": 0.14,
                                                                        "Total Cost": 0.16,
                                                                        "Plan Rows": 1,
                                                                        "Plan Width": 4,
                                                                        "Actual Startup Time": 0.0,
                                                                        "Actual Total Time": 0.0,
                                                                        "Actual Rows": 0,
                                                                        "Actual Loops": 95,
                                                                        "Cache Key": "mc.company_type_id",
                                                                        "Cache Mode": "logical",
                                                                        "Workers": [
                                                                            {
                                                                                "Worker Number": 0,
                                                                                "Cache Hits": 41,
                                                                                "Cache Misses": 2,
                                                                                "Cache Evictions": 0,
                                                                                "Cache Overflows": 0,
                                                                                "Peak Memory Usage": 1
                                                                            },
                                                                            {
                                                                                "Worker Number": 1,
                                                                                "Cache Hits": 50,
                                                                                "Cache Misses": 2,
                                                                                "Cache Evictions": 0,
                                                                                "Cache Overflows": 0,
                                                                                "Peak Memory Usage": 1
                                                                            }
                                                                        ],
                                                                        "Plans": [
                                                                            {
                                                                                "Node Type": "Index Scan",
                                                                                "Parent Relationship": "Outer",
                                                                                "Parallel Aware": false,
                                                                                "Async Capable": false,
                                                                                "Scan Direction": "Forward",
                                                                                "Index Name": "company_type_pkey",
                                                                                "Relation Name": "company_type",
                                                                                "Alias": "ct",
                                                                                "Startup Cost": 0.13,
                                                                                "Total Cost": 0.15,
                                                                                "Plan Rows": 1,
                                                                                "Plan Width": 4,
                                                                                "Actual Startup Time": 0.005,
                                                                                "Actual Total Time": 0.005,
                                                                                "Actual Rows": 0,
                                                                                "Actual Loops": 4,
                                                                                "Index Cond": "(id = mc.company_type_id)",
                                                                                "Rows Removed by Index Recheck": 0,
                                                                                "Filter": "((kind)::text = 'production companies'::text)",
                                                                                "Rows Removed by Filter": 0,
                                                                                "Workers": []
                                                                            }
                                                                        ]
                                                                    }
                                                                ]
                                                            },
                                                            {
                                                                "Node Type": "Index Scan",
                                                                "Parent Relationship": "Inner",
                                                                "Parallel Aware": false,
                                                                "Async Capable": false,
                                                                "Scan Direction": "Forward",
                                                                "Index Name": "company_name_pkey",
                                                                "Relation Name": "company_name",
                                                                "Alias": "cn",
                                                                "Startup Cost": 0.42,
                                                                "Total Cost": 0.45,
                                                                "Plan Rows": 1,
                                                                "Plan Width": 23,
                                                                "Actual Startup Time": 0.005,
                                                                "Actual Total Time": 0.005,
                                                                "Actual Rows": 0,
                                                                "Actual Loops": 32,
                                                                "Index Cond": "(id = mc.company_id)",
                                                                "Rows Removed by Index Recheck": 0,
                                                                "Filter": "((country_code)::text = '[us]'::text)",
                                                                "Rows Removed by Filter": 1,
                                                                "Workers": []
                                                            }
                                                        ]
                                                    },
                                                    {
                                                        "Node Type": "Index Scan",
                                                        "Parent Relationship": "Inner",
                                                        "Parallel Aware": false,
                                                        "Async Capable": false,
                                                        "Scan Direction": "Forward",
                                                        "Index Name": "movie_id_movie_info",
                                                        "Relation Name": "movie_info",
                                                        "Alias": "mi",
                                                        "Startup Cost": 0.43,
                                                        "Total Cost": 1.44,
                                                        "Plan Rows": 41,
                                                        "Plan Width": 8,
                                                        "Actual Startup Time": 0.003,
                                                        "Actual Total Time": 0.011,
                                                        "Actual Rows": 16,
                                                        "Actual Loops": 14,
                                                        "Index Cond": "(movie_id = mc.movie_id)",
                                                        "Rows Removed by Index Recheck": 0,
                                                        "Workers": []
                                                    }
                                                ]
                                            },
                                            {
                                                "Node Type": "Index Scan",
                                                "Parent Relationship": "Inner",
                                                "Parallel Aware": false,
                                                "Async Capable": false,
                                                "Scan Direction": "Forward",
                                                "Index Name": "info_type_pkey",
                                                "Relation Name": "info_type",
                                                "Alias": "it2",
                                                "Startup Cost": 0.14,
                                                "Total Cost": 0.16,
                                                "Plan Rows": 1,
                                                "Plan Width": 4,
                                                "Actual Startup Time": 0.0,
                                                "Actual Total Time": 0.0,
                                                "Actual Rows": 0,
                                                "Actual Loops": 218,
                                                "Index Cond": "(id = mi.info_type_id)",
                                                "Rows Removed by Index Recheck": 0,
                                                "Filter": "((info)::text = 'release dates'::text)",
                                                "Rows Removed by Filter": 1,
                                                "Workers": []
                                            }
                                        ]
                                    }
                                ]
                            }
                        ]
                    },
                    "Planning Time": 3.137,
                    "Triggers": [],
                    "Execution Time": 203.673
                }
            ],
            "hints": [
                "SET enable_hashjoin TO on",
                "SET enable_indexonlyscan TO on",
                "SET enable_indexscan TO on",
                "SET enable_mergejoin TO on",
                "SET enable_nestloop TO on",
                "SET enable_seqscan TO on"
            ]
        },
        {
            "arm": 1,
            "execution_time": 821.88,
            "plan": [
                {
                    "Plan": {
                        "Node Type": "Aggregate",
                        "Strategy": "Plain",
                        "Partial Mode": "Finalize",
                        "Parallel Aware": false,
                        "Async Capable": false,
                        "Startup Cost": 297232.19,
                        "Total Cost": 297232.2,
                        "Plan Rows": 1,
                        "Plan Width": 96,
                        "Actual Startup Time": 800.334,
                        "Actual Total Time": 821.821,
                        "Actual Rows": 1,
                        "Actual Loops": 1,
                        "Plans": [
                            {
                                "Node Type": "Gather",
                                "Parent Relationship": "Outer",
                                "Parallel Aware": false,
                                "Async Capable": false,
                                "Startup Cost": 297232.07,
                                "Total Cost": 297232.18,
                                "Plan Rows": 1,
                                "Plan Width": 96,
                                "Actual Startup Time": 800.25,
                                "Actual Total Time": 821.817,
                                "Actual Rows": 2,
                                "Actual Loops": 1,
                                "Workers Planned": 1,
                                "Workers Launched": 1,
                                "Single Copy": false,
                                "Plans": [
                                    {
                                        "Node Type": "Aggregate",
                                        "Strategy": "Plain",
                                        "Partial Mode": "Partial",
                                        "Parent Relationship": "Outer",
                                        "Parallel Aware": false,
                                        "Async Capable": false,
                                        "Startup Cost": 296232.07,
                                        "Total Cost": 296232.08,
                                        "Plan Rows": 1,
                                        "Plan Width": 96,
                                        "Actual Startup Time": 799.221,
                                        "Actual Total Time": 799.231,
                                        "Actual Rows": 1,
                                        "Actual Loops": 2,
                                        "Workers": [],
                                        "Plans": [
                                            {
                                                "Node Type": "Hash Join",
                                                "Parent Relationship": "Outer",
                                                "Parallel Aware": true,
                                                "Async Capable": false,
                                                "Join Type": "Inner",
                                                "Startup Cost": 291276.76,
                                                "Total Cost": 296232.07,
                                                "Plan Rows": 1,
                                                "Plan Width": 42,
                                                "Actual Startup Time": 793.36,
                                                "Actual Total Time": 799.223,
                                                "Actual Rows": 26,
                                                "Actual Loops": 2,
                                                "Inner Unique": false,
                                                "Hash Cond": "(cn.id = mc.company_id)",
                                                "Workers": [],
                                                "Plans": [
                                                    {
                                                        "Node Type": "Seq Scan",
                                                        "Parent Relationship": "Outer",
                                                        "Parallel Aware": true,
                                                        "Async Capable": false,
                                                        "Relation Name": "company_name",
                                                        "Alias": "cn",
                                                        "Startup Cost": 0.0,
                                                        "Total Cost": 4767.92,
                                                        "Plan Rows": 49967,
                                                        "Plan Width": 23,
                                                        "Actual Startup Time": 0.005,
                                                        "Actual Total Time": 5.863,
                                                        "Actual Rows": 42422,
                                                        "Actual Loops": 2,
                                                        "Filter": "((country_code)::text = '[us]'::text)",
                                                        "Rows Removed by Filter": 75077,
                                                        "Workers": []
                                                    },
                                                    {
                                                        "Node Type": "Hash",
                                                        "Parent Relationship": "Inner",
                                                        "Parallel Aware": true,
                                                        "Async Capable": false,
                                                        "Startup Cost": 291276.75,
                                                        "Total Cost": 291276.75,
                                                        "Plan Rows": 1,
                                                        "Plan Width": 27,
                                                        "Actual Startup Time": 792.155,
                                                        "Actual Total Time": 792.165,
                                                        "Actual Rows": 81,
                                                        "Actual Loops": 2,
                                                        "Hash Buckets": 1024,
                                                        "Original Hash Buckets": 1024,
                                                        "Hash Batches": 1,
                                                        "Original Hash Batches": 1,
                                                        "Peak Memory Usage": 40,
                                                        "Workers": [],
                                                        "Plans": [
                                                            {
                                                                "Node Type": "Hash Join",
                                                                "Parent Relationship": "Outer",
                                                                "Parallel Aware": true,
                                                                "Async Capable": false,
                                                                "Join Type": "Inner",
                                                                "Startup Cost": 275973.48,
                                                                "Total Cost": 291276.75,
                                                                "Plan Rows": 1,
                                                                "Plan Width": 27,
                                                                "Actual Startup Time": 776.637,
                                                                "Actual Total Time": 792.151,
                                                                "Actual Rows": 81,
                                                                "Actual Loops": 2,
                                                                "Inner Unique": false,
                                                                "Hash Cond": "(miidx.movie_id = mi.movie_id)",
                                                                "Workers": [],
                                                                "Plans": [
                                                                    {
                                                                        "Node Type": "Hash Join",
                                                                        "Parent Relationship": "Outer",
                                                                        "Parallel Aware": false,
                                                                        "Async Capable": false,
                                                                        "Join Type": "Inner",
                                                                        "Startup Cost": 2.43,
                                                                        "Total Cost": 15286.6,
                                                                        "Plan Rows": 5089,
                                                                        "Plan Width": 10,
                                                                        "Actual Startup Time": 0.021,
                                                                        "Actual Total Time": 53.511,
                                                                        "Actual Rows": 229962,
                                                                        "Actual Loops": 2,
                                                                        "Inner Unique": true,
                                                                        "Hash Cond": "(miidx.info_type_id = it.id)",
                                                                        "Workers": [],
                                                                        "Plans": [
                                                                            {
                                                                                "Node Type": "Seq Scan",
                                                                                "Parent Relationship": "Outer",
                                                                                "Parallel Aware": true,
                                                                                "Async Capable": false,
                                                                                "Relation Name": "movie_info_idx",
                                                                                "Alias": "miidx",
                                                                                "Startup Cost": 0.0,
                                                                                "Total Cost": 13718.15,
                                                                                "Plan Rows": 575015,
                                                                                "Plan Width": 14,
                                                                                "Actual Startup Time": 0.003,
                                                                                "Actual Total Time": 23.205,
                                                                                "Actual Rows": 690018,
                                                                                "Actual Loops": 2,
                                                                                "Workers": []
                                                                            },
                                                                            {
                                                                                "Node Type": "Hash",
                                                                                "Parent Relationship": "Inner",
                                                                                "Parallel Aware": false,
                                                                                "Async Capable": false,
                                                                                "Startup Cost": 2.41,
                                                                                "Total Cost": 2.41,
                                                                                "Plan Rows": 1,
                                                                                "Plan Width": 4,
                                                                                "Actual Startup Time": 0.009,
                                                                                "Actual Total Time": 0.01,
                                                                                "Actual Rows": 1,
                                                                                "Actual Loops": 2,
                                                                                "Hash Buckets": 1024,
                                                                                "Original Hash Buckets": 1024,
                                                                                "Hash Batches": 1,
                                                                                "Original Hash Batches": 1,
                                                                                "Peak Memory Usage": 9,
                                                                                "Workers": [],
                                                                                "Plans": [
                                                                                    {
                                                                                        "Node Type": "Seq Scan",
                                                                                        "Parent Relationship": "Outer",
                                                                                        "Parallel Aware": false,
                                                                                        "Async Capable": false,
                                                                                        "Relation Name": "info_type",
                                                                                        "Alias": "it",
                                                                                        "Startup Cost": 0.0,
                                                                                        "Total Cost": 2.41,
                                                                                        "Plan Rows": 1,
                                                                                        "Plan Width": 4,
                                                                                        "Actual Startup Time": 0.007,
                                                                                        "Actual Total Time": 0.007,
                                                                                        "Actual Rows": 1,
                                                                                        "Actual Loops": 2,
                                                                                        "Filter": "((info)::text = 'rating'::text)",
                                                                                        "Rows Removed by Filter": 112,
                                                                                        "Workers": []
                                                                                    }
                                                                                ]
                                                                            }
                                                                        ]
                                                                    },
                                                                    {
                                                                        "Node Type": "Hash",
                                                                        "Parent Relationship": "Inner",
                                                                        "Parallel Aware": true,
                                                                        "Async Capable": false,
                                                                        "Startup Cost": 275971.04,
                                                                        "Total Cost": 275971.04,
                                                                        "Plan Rows": 1,
                                                                        "Plan Width": 33,
                                                                        "Actual Startup Time": 732.483,
                                                                        "Actual Total Time": 732.49,
                                                                        "Actual Rows": 100,
                                                                        "Actual Loops": 2,
                                                                        "Hash Buckets": 1024,
                                                                        "Original Hash Buckets": 1024,
                                                                        "Hash Batches": 1,
                                                                        "Original Hash Batches": 1,
                                                                        "Peak Memory Usage": 40,
                                                                        "Workers": [],
                                                                        "Plans": [
                                                                            {
                                                                                "Node Type": "Hash Join",
                                                                                "Parent Relationship": "Outer",
                                                                                "Parallel Aware": true,
                                                                                "Async Capable": false,
                                                                                "Join Type": "Inner",
                                                                                "Startup Cost": 76527.21,
                                                                                "Total Cost": 275971.04,
                                                                                "Plan Rows": 1,
                                                                                "Plan Width": 33,
                                                                                "Actual Startup Time": 574.536,
                                                                                "Actual Total Time": 732.47,
                                                                                "Actual Rows": 100,
                                                                                "Actual Loops": 2,
                                                                                "Inner Unique": false,
                                                                                "Hash Cond": "(mi.movie_id = t.id)",
                                                                                "Workers": [],
                                                                                "Plans": [
                                                                                    {
                                                                                        "Node Type": "Hash Join",
                                                                                        "Parent Relationship": "Outer",
                                                                                        "Parallel Aware": false,
                                                                                        "Async Capable": false,
                                                                                        "Join Type": "Inner",
                                                                                        "Startup Cost": 2.43,
                                                                                        "Total Cost": 199347.92,
                                                                                        "Plan Rows": 26220,
                                                                                        "Plan Width": 4,
                                                                                        "Actual Startup Time": 145.54,
                                                                                        "Actual Total Time": 534.964,
                                                                                        "Actual Rows": 1518360,
                                                                                        "Actual Loops": 2,
                                                                                        "Inner Unique": true,
                                                                                        "Hash Cond": "(mi.info_type_id = it2.id)",
                                                                                        "Workers": [],
                                                                                        "Plans": [
                                                                                            {
                                                                                                "Node Type": "Seq Scan",
                                                                                                "Parent Relationship": "Outer",
                                                                                                "Parallel Aware": true,
                                                                                                "Async Capable": false,
                                                                                                "Relation Name": "movie_info",
                                                                                                "Alias": "mi",
                                                                                                "Startup Cost": 0.0,
                                                                                                "Total Cost": 191276.35,
                                                                                                "Plan Rows": 2962835,
                                                                                                "Plan Width": 8,
                                                                                                "Actual Startup Time": 0.022,
                                                                                                "Actual Total Time": 275.71,
                                                                                                "Actual Rows": 7417860,
                                                                                                "Actual Loops": 2,
                                                                                                "Workers": []
                                                                                            },
                                                                                            {
                                                                                                "Node Type": "Hash",
                                                                                                "Parent Relationship": "Inner",
                                                                                                "Parallel Aware": false,
                                                                                                "Async Capable": false,
                                                                                                "Startup Cost": 2.41,
                                                                                                "Total Cost": 2.41,
                                                                                                "Plan Rows": 1,
                                                                                                "Plan Width": 4,
                                                                                                "Actual Startup Time": 0.01,
                                                                                                "Actual Total Time": 0.011,
                                                                                                "Actual Rows": 1,
                                                                                                "Actual Loops": 2,
                                                                                                "Hash Buckets": 1024,
                                                                                                "Original Hash Buckets": 1024,
                                                                                                "Hash Batches": 1,
                                                                                                "Original Hash Batches": 1,
                                                                                                "Peak Memory Usage": 9,
                                                                                                "Workers": [],
                                                                                                "Plans": [
                                                                                                    {
                                                                                                        "Node Type": "Seq Scan",
                                                                                                        "Parent Relationship": "Outer",
                                                                                                        "Parallel Aware": false,
                                                                                                        "Async Capable": false,
                                                                                                        "Relation Name": "info_type",
                                                                                                        "Alias": "it2",
                                                                                                        "Startup Cost": 0.0,
                                                                                                        "Total Cost": 2.41,
                                                                                                        "Plan Rows": 1,
                                                                                                        "Plan Width": 4,
                                                                                                        "Actual Startup Time": 0.007,
                                                                                                        "Actual Total Time": 0.009,
                                                                                                        "Actual Rows": 1,
                                                                                                        "Actual Loops": 2,
                                                                                                        "Filter": "((info)::text = 'release dates'::text)",
                                                                                                        "Rows Removed by Filter": 112,
                                                                                                        "Workers": []
                                                                                                    }
                                                                                                ]
                                                                                            }
                                                                                        ]
                                                                                    },
                                                                                    {
                                                                                        "Node Type": "Hash",
                                                                                        "Parent Relationship": "Inner",
                                                                                        "Parallel Aware": true,
                                                                                        "Async Capable": false,
                                                                                        "Startup Cost": 76524.73,
                                                                                        "Total Cost": 76524.73,
                                                                                        "Plan Rows": 5,
                                                                                        "Plan Width": 29,
                                                                                        "Actual Startup Time": 157.199,
                                                                                        "Actual Total Time": 157.204,
                                                                                        "Actual Rows": 40,
                                                                                        "Actual Loops": 2,
                                                                                        "Hash Buckets": 1024,
                                                                                        "Original Hash Buckets": 1024,
                                                                                        "Hash Batches": 1,
                                                                                        "Original Hash Batches": 1,
                                                                                        "Peak Memory Usage": 72,
                                                                                        "Workers": [],
                                                                                        "Plans": [
                                                                                            {
                                                                                                "Node Type": "Hash Join",
                                                                                                "Parent Relationship": "Outer",
                                                                                                "Parallel Aware": false,
                                                                                                "Async Capable": false,
                                                                                                "Join Type": "Inner",
                                                                                                "Startup Cost": 47074.06,
                                                                                                "Total Cost": 76524.73,
                                                                                                "Plan Rows": 5,
                                                                                                "Plan Width": 29,
                                                                                                "Actual Startup Time": 139.24,
                                                                                                "Actual Total Time": 157.18,
                                                                                                "Actual Rows": 40,
                                                                                                "Actual Loops": 2,
                                                                                                "Inner Unique": true,
                                                                                                "Hash Cond": "(mc.company_type_id = ct.id)",
                                                                                                "Workers": [],
                                                                                                "Plans": [
                                                                                                    {
                                                                                                        "Node Type": "Hash Join",
                                                                                                        "Parent Relationship": "Outer",
                                                                                                        "Parallel Aware": false,
                                                                                                        "Async Capable": false,
                                                                                                        "Join Type": "Inner",
                                                                                                        "Startup Cost": 47072.99,
                                                                                                        "Total Cost": 76523.54,
                                                                                                        "Plan Rows": 22,
                                                                                                        "Plan Width": 33,
                                                                                                        "Actual Startup Time": 116.918,
                                                                                                        "Actual Total Time": 157.16,
                                                                                                        "Actual Rows": 90,
                                                                                                        "Actual Loops": 2,
                                                                                                        "Inner Unique": true,
                                                                                                        "Hash Cond": "(t.kind_id = kt.id)",
                                                                                                        "Workers": [],
                                                                                                        "Plans": [
                                                                                                            {
                                                                                                                "Node Type": "Hash Join",
                                                                                                                "Parent Relationship": "Outer",
                                                                                                                "Parallel Aware": true,
                                                                                                                "Async Capable": false,
                                                                                                                "Join Type": "Inner",
                                                                                                                "Startup Cost": 47071.89,
                                                                                                                "Total Cost": 76521.78,
                                                                                                                "Plan Rows": 156,
                                                                                                                "Plan Width": 37,
                                                                                                                "Actual Startup Time": 72.077,
                                                                                                                "Actual Total Time": 157.136,
                                                                                                                "Actual Rows": 184,
                                                                                                                "Actual Loops": 2,
                                                                                                                "Inner Unique": true,
                                                                                                                "Hash Cond": "(mc.movie_id = t.id)",
                                                                                                                "Workers": [],
                                                                                                                "Plans": [
                                                                                                                    {
                                                                                                                        "Node Type": "Seq Scan",
                                                                                                                        "Parent Relationship": "Outer",
                                                                                                                        "Parallel Aware": true,
                                                                                                                        "Async Capable": false,
                                                                                                                        "Relation Name": "movie_companies",
                                                                                                                        "Alias": "mc",
                                                                                                                        "Startup Cost": 0.0,
                                                                                                                        "Total Cost": 27240.55,
                                                                                                                        "Plan Rows": 841655,
                                                                                                                        "Plan Width": 12,
                                                                                                                        "Actual Startup Time": 0.003,
                                                                                                                        "Actual Total Time": 45.953,
                                                                                                                        "Actual Rows": 1304564,
                                                                                                                        "Actual Loops": 2,
                                                                                                                        "Workers": []
                                                                                                                    },
                                                                                                                    {
                                                                                                                        "Node Type": "Hash",
                                                                                                                        "Parent Relationship": "Inner",
                                                                                                                        "Parallel Aware": true,
                                                                                                                        "Async Capable": false,
                                                                                                                        "Startup Cost": 47070.42,
                                                                                                                        "Total Cost": 47070.42,
                                                                                                                        "Plan Rows": 118,
                                                                                                                        "Plan Width": 25,
                                                                                                                        "Actual Startup Time": 71.768,
                                                                                                                        "Actual Total Time": 71.769,
                                                                                                                        "Actual Rows": 147,
                                                                                                                        "Actual Loops": 2,
                                                                                                                        "Hash Buckets": 1024,
                                                                                                                        "Original Hash Buckets": 1024,
                                                                                                                        "Hash Batches": 1,
                                                                                                                        "Original Hash Batches": 1,
                                                                                                                        "Peak Memory Usage": 72,
                                                                                                                        "Workers": [],
                                                                                                                        "Plans": [
                                                                                                                            {
                                                                                                                                "Node Type": "Seq Scan",
                                                                                                                                "Parent Relationship": "Outer",
                                                                                                                                "Parallel Aware": true,
                                                                                                                                "Async Capable": false,
                                                                                                                                "Relation Name": "title",
                                                                                                                                "Alias": "t",
                                                                                                                                "Startup Cost": 0.0,
                                                                                                                                "Total Cost": 47070.42,
                                                                                                                                "Plan Rows": 118,
                                                                                                                                "Plan Width": 25,
                                                                                                                                "Actual Startup Time": 0.906,
                                                                                                                                "Actual Total Time": 71.72,
                                                                                                                                "Actual Rows": 147,
                                                                                                                                "Actual Loops": 2,
                                                                                                                                "Filter": "((title <> ''::text) AND ((title ~~ 'Champion%'::text) OR (title ~~ 'Loser%'::text)))",
                                                                                                                                "Rows Removed by Filter": 1264009,
                                                                                                                                "Workers": []
                                                                                                                            }
                                                                                                                        ]
                                                                                                                    }
                                                                                                                ]
                                                                                                            },
                                                                                                            {
                                                                                                                "Node Type": "Hash",
                                                                                                                "Parent Relationship": "Inner",
                                                                                                                "Parallel Aware": false,
                                                                                                                "Async Capable": false,
                                                                                                                "Startup Cost": 1.09,
                                                                                                                "Total Cost": 1.09,
                                                                                                                "Plan Rows": 1,
                                                                                                                "Plan Width": 4,
                                                                                                                "Actual Startup Time": 0.006,
                                                                                                                "Actual Total Time": 0.007,
                                                                                                                "Actual Rows": 1,
                                                                                                                "Actual Loops": 2,
                                                                                                                "Hash Buckets": 1024,
                                                                                                                "Original Hash Buckets": 1024,
                                                                                                                "Hash Batches": 1,
                                                                                                                "Original Hash Batches": 1,
                                                                                                                "Peak Memory Usage": 9,
                                                                                                                "Workers": [],
                                                                                                                "Plans": [
                                                                                                                    {
                                                                                                                        "Node Type": "Seq Scan",
                                                                                                                        "Parent Relationship": "Outer",
                                                                                                                        "Parallel Aware": false,
                                                                                                                        "Async Capable": false,
                                                                                                                        "Relation Name": "kind_type",
                                                                                                                        "Alias": "kt",
                                                                                                                        "Startup Cost": 0.0,
                                                                                                                        "Total Cost": 1.09,
                                                                                                                        "Plan Rows": 1,
                                                                                                                        "Plan Width": 4,
                                                                                                                        "Actual Startup Time": 0.006,
                                                                                                                        "Actual Total Time": 0.006,
                                                                                                                        "Actual Rows": 1,
                                                                                                                        "Actual Loops": 2,
                                                                                                                        "Filter": "((kind)::text = 'movie'::text)",
                                                                                                                        "Rows Removed by Filter": 6,
                                                                                                                        "Workers": []
                                                                                                                    }
                                                                                                                ]
                                                                                                            }
                                                                                                        ]
                                                                                                    },
                                                                                                    {
                                                                                                        "Node Type": "Hash",
                                                                                                        "Parent Relationship": "Inner",
                                                                                                        "Parallel Aware": false,
                                                                                                        "Async Capable": false,
                                                                                                        "Startup Cost": 1.05,
                                                                                                        "Total Cost": 1.05,
                                                                                                        "Plan Rows": 1,
                                                                                                        "Plan Width": 4,
                                                                                                        "Actual Startup Time": 0.011,
                                                                                                        "Actual Total Time": 0.012,
                                                                                                        "Actual Rows": 1,
                                                                                                        "Actual Loops": 2,
                                                                                                        "Hash Buckets": 1024,
                                                                                                        "Original Hash Buckets": 1024,
                                                                                                        "Hash Batches": 1,
                                                                                                        "Original Hash Batches": 1,
                                                                                                        "Peak Memory Usage": 9,
                                                                                                        "Workers": [],
                                                                                                        "Plans": [
                                                                                                            {
                                                                                                                "Node Type": "Seq Scan",
                                                                                                                "Parent Relationship": "Outer",
                                                                                                                "Parallel Aware": false,
                                                                                                                "Async Capable": false,
                                                                                                                "Relation Name": "company_type",
                                                                                                                "Alias": "ct",
                                                                                                                "Startup Cost": 0.0,
                                                                                                                "Total Cost": 1.05,
                                                                                                                "Plan Rows": 1,
                                                                                                                "Plan Width": 4,
                                                                                                                "Actual Startup Time": 0.009,
                                                                                                                "Actual Total Time": 0.009,
                                                                                                                "Actual Rows": 1,
                                                                                                                "Actual Loops": 2,
                                                                                                                "Filter": "((kind)::text = 'production companies'::text)",
                                                                                                                "Rows Removed by Filter": 3,
                                                                                                                "Workers": []
                                                                                                            }
                                                                                                        ]
                                                                                                    }
                                                                                                ]
                                                                                            }
                                                                                        ]
                                                                                    }
                                                                                ]
                                                                            }
                                                                        ]
                                                                    }
                                                                ]
                                                            }
                                                        ]
                                                    }
                                                ]
                                            }
                                        ]
                                    }
                                ]
                            }
                        ]
                    },
                    "Planning Time": 3.35,
                    "Triggers": [],
                    "Execution Time": 821.88
                }
            ],
            "hints": [
                "SET enable_hashjoin TO on",
                "SET enable_indexonlyscan TO on",
                "SET enable_indexscan TO on",
                "SET enable_mergejoin TO on",
                "SET enable_nestloop TO off",
                "SET enable_seqscan TO on"
            ]
        },
        {
            "arm": 2,
            "execution_time": 820.231,
            "plan": [
                {
                    "Plan": {
                        "Node Type": "Aggregate",
                        "Strategy": "Plain",
                        "Partial Mode": "Simple",
                        "Parallel Aware": false,
                        "Async Capable": false,
                        "Startup Cost": 297232.17,
                        "Total Cost": 297232.18,
                        "Plan Rows": 1,
                        "Plan Width": 96,
                        "Actual Startup Time": 798.57,
                        "Actual Total Time": 820.18,
                        "Actual Rows": 1,
                        "Actual Loops": 1,
                        "Plans": [
                            {
                                "Node Type": "Gather",
                                "Parent Relationship": "Outer",
                                "Parallel Aware": false,
                                "Async Capable": false,
                                "Startup Cost": 292276.76,
                                "Total Cost": 297232.17,
                                "Plan Rows": 1,
                                "Plan Width": 42,
                                "Actual Startup Time": 792.391,
                                "Actual Total Time": 820.167,
                                "Actual Rows": 53,
                                "Actual Loops": 1,
                                "Workers Planned": 1,
                                "Workers Launched": 1,
                                "Single Copy": false,
                                "Plans": [
                                    {
                                        "Node Type": "Hash Join",
                                        "Parent Relationship": "Outer",
                                        "Parallel Aware": true,
                                        "Async Capable": false,
                                        "Join Type": "Inner",
                                        "Startup Cost": 291276.76,
                                        "Total Cost": 296232.07,
                                        "Plan Rows": 1,
                                        "Plan Width": 42,
                                        "Actual Startup Time": 791.616,
                                        "Actual Total Time": 797.419,
                                        "Actual Rows": 26,
                                        "Actual Loops": 2,
                                        "Inner Unique": false,
                                        "Hash Cond": "(cn.id = mc.company_id)",
                                        "Workers": [],
                                        "Plans": [
                                            {
                                                "Node Type": "Seq Scan",
                                                "Parent Relationship": "Outer",
                                                "Parallel Aware": true,
                                                "Async Capable": false,
                                                "Relation Name": "company_name",
                                                "Alias": "cn",
                                                "Startup Cost": 0.0,
                                                "Total Cost": 4767.92,
                                                "Plan Rows": 49967,
                                                "Plan Width": 23,
                                                "Actual Startup Time": 0.004,
                                                "Actual Total Time": 5.795,
                                                "Actual Rows": 42422,
                                                "Actual Loops": 2,
                                                "Filter": "((country_code)::text = '[us]'::text)",
                                                "Rows Removed by Filter": 75077,
                                                "Workers": []
                                            },
                                            {
                                                "Node Type": "Hash",
                                                "Parent Relationship": "Inner",
                                                "Parallel Aware": true,
                                                "Async Capable": false,
                                                "Startup Cost": 291276.75,
                                                "Total Cost": 291276.75,
                                                "Plan Rows": 1,
                                                "Plan Width": 27,
                                                "Actual Startup Time": 790.418,
                                                "Actual Total Time": 790.427,
                                                "Actual Rows": 81,
                                                "Actual Loops": 2,
                                                "Hash Buckets": 1024,
                                                "Original Hash Buckets": 1024,
                                                "Hash Batches": 1,
                                                "Original Hash Batches": 1,
                                                "Peak Memory Usage": 72,
                                                "Workers": [],
                                                "Plans": [
                                                    {
                                                        "Node Type": "Hash Join",
                                                        "Parent Relationship": "Outer",
                                                        "Parallel Aware": true,
                                                        "Async Capable": false,
                                                        "Join Type": "Inner",
                                                        "Startup Cost": 275973.48,
                                                        "Total Cost": 291276.75,
                                                        "Plan Rows": 1,
                                                        "Plan Width": 27,
                                                        "Actual Startup Time": 765.925,
                                                        "Actual Total Time": 790.412,
                                                        "Actual Rows": 81,
                                                        "Actual Loops": 2,
                                                        "Inner Unique": false,
                                                        "Hash Cond": "(miidx.movie_id = mi.movie_id)",
                                                        "Workers": [],
                                                        "Plans": [
                                                            {
                                                                "Node Type": "Hash Join",
                                                                "Parent Relationship": "Outer",
                                                                "Parallel Aware": false,
                                                                "Async Capable": false,
                                                                "Join Type": "Inner",
                                                                "Startup Cost": 2.43,
                                                                "Total Cost": 15286.6,
                                                                "Plan Rows": 5089,
                                                                "Plan Width": 10,
                                                                "Actual Startup Time": 0.022,
                                                                "Actual Total Time": 53.222,
                                                                "Actual Rows": 229962,
                                                                "Actual Loops": 2,
                                                                "Inner Unique": true,
                                                                "Hash Cond": "(miidx.info_type_id = it.id)",
                                                                "Workers": [],
                                                                "Plans": [
                                                                    {
                                                                        "Node Type": "Seq Scan",
                                                                        "Parent Relationship": "Outer",
                                                                        "Parallel Aware": true,
                                                                        "Async Capable": false,
                                                                        "Relation Name": "movie_info_idx",
                                                                        "Alias": "miidx",
                                                                        "Startup Cost": 0.0,
                                                                        "Total Cost": 13718.15,
                                                                        "Plan Rows": 575015,
                                                                        "Plan Width": 14,
                                                                        "Actual Startup Time": 0.004,
                                                                        "Actual Total Time": 23.006,
                                                                        "Actual Rows": 690018,
                                                                        "Actual Loops": 2,
                                                                        "Workers": []
                                                                    },
                                                                    {
                                                                        "Node Type": "Hash",
                                                                        "Parent Relationship": "Inner",
                                                                        "Parallel Aware": false,
                                                                        "Async Capable": false,
                                                                        "Startup Cost": 2.41,
                                                                        "Total Cost": 2.41,
                                                                        "Plan Rows": 1,
                                                                        "Plan Width": 4,
                                                                        "Actual Startup Time": 0.008,
                                                                        "Actual Total Time": 0.009,
                                                                        "Actual Rows": 1,
                                                                        "Actual Loops": 2,
                                                                        "Hash Buckets": 1024,
                                                                        "Original Hash Buckets": 1024,
                                                                        "Hash Batches": 1,
                                                                        "Original Hash Batches": 1,
                                                                        "Peak Memory Usage": 9,
                                                                        "Workers": [],
                                                                        "Plans": [
                                                                            {
                                                                                "Node Type": "Seq Scan",
                                                                                "Parent Relationship": "Outer",
                                                                                "Parallel Aware": false,
                                                                                "Async Capable": false,
                                                                                "Relation Name": "info_type",
                                                                                "Alias": "it",
                                                                                "Startup Cost": 0.0,
                                                                                "Total Cost": 2.41,
                                                                                "Plan Rows": 1,
                                                                                "Plan Width": 4,
                                                                                "Actual Startup Time": 0.006,
                                                                                "Actual Total Time": 0.007,
                                                                                "Actual Rows": 1,
                                                                                "Actual Loops": 2,
                                                                                "Filter": "((info)::text = 'rating'::text)",
                                                                                "Rows Removed by Filter": 112,
                                                                                "Workers": []
                                                                            }
                                                                        ]
                                                                    }
                                                                ]
                                                            },
                                                            {
                                                                "Node Type": "Hash",
                                                                "Parent Relationship": "Inner",
                                                                "Parallel Aware": true,
                                                                "Async Capable": false,
                                                                "Startup Cost": 275971.04,
                                                                "Total Cost": 275971.04,
                                                                "Plan Rows": 1,
                                                                "Plan Width": 33,
                                                                "Actual Startup Time": 731.049,
                                                                "Actual Total Time": 731.056,
                                                                "Actual Rows": 100,
                                                                "Actual Loops": 2,
                                                                "Hash Buckets": 1024,
                                                                "Original Hash Buckets": 1024,
                                                                "Hash Batches": 1,
                                                                "Original Hash Batches": 1,
                                                                "Peak Memory Usage": 72,
                                                                "Workers": [],
                                                                "Plans": [
                                                                    {
                                                                        "Node Type": "Hash Join",
                                                                        "Parent Relationship": "Outer",
                                                                        "Parallel Aware": true,
                                                                        "Async Capable": false,
                                                                        "Join Type": "Inner",
                                                                        "Startup Cost": 76527.21,
                                                                        "Total Cost": 275971.04,
                                                                        "Plan Rows": 1,
                                                                        "Plan Width": 33,
                                                                        "Actual Startup Time": 430.25,
                                                                        "Actual Total Time": 731.034,
                                                                        "Actual Rows": 100,
                                                                        "Actual Loops": 2,
                                                                        "Inner Unique": false,
                                                                        "Hash Cond": "(mi.movie_id = t.id)",
                                                                        "Workers": [],
                                                                        "Plans": [
                                                                            {
                                                                                "Node Type": "Hash Join",
                                                                                "Parent Relationship": "Outer",
                                                                                "Parallel Aware": false,
                                                                                "Async Capable": false,
                                                                                "Join Type": "Inner",
                                                                                "Startup Cost": 2.43,
                                                                                "Total Cost": 199347.92,
                                                                                "Plan Rows": 26220,
                                                                                "Plan Width": 4,
                                                                                "Actual Startup Time": 145.152,
                                                                                "Actual Total Time": 535.285,
                                                                                "Actual Rows": 1518360,
                                                                                "Actual Loops": 2,
                                                                                "Inner Unique": true,
                                                                                "Hash Cond": "(mi.info_type_id = it2.id)",
                                                                                "Workers": [],
                                                                                "Plans": [
                                                                                    {
                                                                                        "Node Type": "Seq Scan",
                                                                                        "Parent Relationship": "Outer",
                                                                                        "Parallel Aware": true,
                                                                                        "Async Capable": false,
                                                                                        "Relation Name": "movie_info",
                                                                                        "Alias": "mi",
                                                                                        "Startup Cost": 0.0,
                                                                                        "Total Cost": 191276.35,
                                                                                        "Plan Rows": 2962835,
                                                                                        "Plan Width": 8,
                                                                                        "Actual Startup Time": 0.024,
                                                                                        "Actual Total Time": 276.679,
                                                                                        "Actual Rows": 7417860,
                                                                                        "Actual Loops": 2,
                                                                                        "Workers": []
                                                                                    },
                                                                                    {
                                                                                        "Node Type": "Hash",
                                                                                        "Parent Relationship": "Inner",
                                                                                        "Parallel Aware": false,
                                                                                        "Async Capable": false,
                                                                                        "Startup Cost": 2.41,
                                                                                        "Total Cost": 2.41,
                                                                                        "Plan Rows": 1,
                                                                                        "Plan Width": 4,
                                                                                        "Actual Startup Time": 0.01,
                                                                                        "Actual Total Time": 0.011,
                                                                                        "Actual Rows": 1,
                                                                                        "Actual Loops": 2,
                                                                                        "Hash Buckets": 1024,
                                                                                        "Original Hash Buckets": 1024,
                                                                                        "Hash Batches": 1,
                                                                                        "Original Hash Batches": 1,
                                                                                        "Peak Memory Usage": 9,
                                                                                        "Workers": [],
                                                                                        "Plans": [
                                                                                            {
                                                                                                "Node Type": "Seq Scan",
                                                                                                "Parent Relationship": "Outer",
                                                                                                "Parallel Aware": false,
                                                                                                "Async Capable": false,
                                                                                                "Relation Name": "info_type",
                                                                                                "Alias": "it2",
                                                                                                "Startup Cost": 0.0,
                                                                                                "Total Cost": 2.41,
                                                                                                "Plan Rows": 1,
                                                                                                "Plan Width": 4,
                                                                                                "Actual Startup Time": 0.007,
                                                                                                "Actual Total Time": 0.009,
                                                                                                "Actual Rows": 1,
                                                                                                "Actual Loops": 2,
                                                                                                "Filter": "((info)::text = 'release dates'::text)",
                                                                                                "Rows Removed by Filter": 112,
                                                                                                "Workers": []
                                                                                            }
                                                                                        ]
                                                                                    }
                                                                                ]
                                                                            },
                                                                            {
                                                                                "Node Type": "Hash",
                                                                                "Parent Relationship": "Inner",
                                                                                "Parallel Aware": true,
                                                                                "Async Capable": false,
                                                                                "Startup Cost": 76524.73,
                                                                                "Total Cost": 76524.73,
                                                                                "Plan Rows": 5,
                                                                                "Plan Width": 29,
                                                                                "Actual Startup Time": 155.497,
                                                                                "Actual Total Time": 155.502,
                                                                                "Actual Rows": 40,
                                                                                "Actual Loops": 2,
                                                                                "Hash Buckets": 1024,
                                                                                "Original Hash Buckets": 1024,
                                                                                "Hash Batches": 1,
                                                                                "Original Hash Batches": 1,
                                                                                "Peak Memory Usage": 72,
                                                                                "Workers": [],
                                                                                "Plans": [
                                                                                    {
                                                                                        "Node Type": "Hash Join",
                                                                                        "Parent Relationship": "Outer",
                                                                                        "Parallel Aware": false,
                                                                                        "Async Capable": false,
                                                                                        "Join Type": "Inner",
                                                                                        "Startup Cost": 47074.06,
                                                                                        "Total Cost": 76524.73,
                                                                                        "Plan Rows": 5,
                                                                                        "Plan Width": 29,
                                                                                        "Actual Startup Time": 137.767,
                                                                                        "Actual Total Time": 155.48,
                                                                                        "Actual Rows": 40,
                                                                                        "Actual Loops": 2,
                                                                                        "Inner Unique": true,
                                                                                        "Hash Cond": "(mc.company_type_id = ct.id)",
                                                                                        "Workers": [],
                                                                                        "Plans": [
                                                                                            {
                                                                                                "Node Type": "Hash Join",
                                                                                                "Parent Relationship": "Outer",
                                                                                                "Parallel Aware": false,
                                                                                                "Async Capable": false,
                                                                                                "Join Type": "Inner",
                                                                                                "Startup Cost": 47072.99,
                                                                                                "Total Cost": 76523.54,
                                                                                                "Plan Rows": 22,
                                                                                                "Plan Width": 33,
                                                                                                "Actual Startup Time": 115.619,
                                                                                                "Actual Total Time": 155.459,
                                                                                                "Actual Rows": 90,
                                                                                                "Actual Loops": 2,
                                                                                                "Inner Unique": true,
                                                                                                "Hash Cond": "(t.kind_id = kt.id)",
                                                                                                "Workers": [],
                                                                                                "Plans": [
                                                                                                    {
                                                                                                        "Node Type": "Hash Join",
                                                                                                        "Parent Relationship": "Outer",
                                                                                                        "Parallel Aware": true,
                                                                                                        "Async Capable": false,
                                                                                                        "Join Type": "Inner",
                                                                                                        "Startup Cost": 47071.89,
                                                                                                        "Total Cost": 76521.78,
                                                                                                        "Plan Rows": 156,
                                                                                                        "Plan Width": 37,
                                                                                                        "Actual Startup Time": 71.141,
                                                                                                        "Actual Total Time": 155.434,
                                                                                                        "Actual Rows": 184,
                                                                                                        "Actual Loops": 2,
                                                                                                        "Inner Unique": true,
                                                                                                        "Hash Cond": "(mc.movie_id = t.id)",
                                                                                                        "Workers": [],
                                                                                                        "Plans": [
                                                                                                            {
                                                                                                                "Node Type": "Seq Scan",
                                                                                                                "Parent Relationship": "Outer",
                                                                                                                "Parallel Aware": true,
                                                                                                                "Async Capable": false,
                                                                                                                "Relation Name": "movie_companies",
                                                                                                                "Alias": "mc",
                                                                                                                "Startup Cost": 0.0,
                                                                                                                "Total Cost": 27240.55,
                                                                                                                "Plan Rows": 841655,
                                                                                                                "Plan Width": 12,
                                                                                                                "Actual Startup Time": 0.003,
                                                                                                                "Actual Total Time": 45.66,
                                                                                                                "Actual Rows": 1304564,
                                                                                                                "Actual Loops": 2,
                                                                                                                "Workers": []
                                                                                                            },
                                                                                                            {
                                                                                                                "Node Type": "Hash",
                                                                                                                "Parent Relationship": "Inner",
                                                                                                                "Parallel Aware": true,
                                                                                                                "Async Capable": false,
                                                                                                                "Startup Cost": 47070.42,
                                                                                                                "Total Cost": 47070.42,
                                                                                                                "Plan Rows": 118,
                                                                                                                "Plan Width": 25,
                                                                                                                "Actual Startup Time": 70.838,
                                                                                                                "Actual Total Time": 70.839,
                                                                                                                "Actual Rows": 147,
                                                                                                                "Actual Loops": 2,
                                                                                                                "Hash Buckets": 1024,
                                                                                                                "Original Hash Buckets": 1024,
                                                                                                                "Hash Batches": 1,
                                                                                                                "Original Hash Batches": 1,
                                                                                                                "Peak Memory Usage": 72,
                                                                                                                "Workers": [],
                                                                                                                "Plans": [
                                                                                                                    {
                                                                                                                        "Node Type": "Seq Scan",
                                                                                                                        "Parent Relationship": "Outer",
                                                                                                                        "Parallel Aware": true,
                                                                                                                        "Async Capable": false,
                                                                                                                        "Relation Name": "title",
                                                                                                                        "Alias": "t",
                                                                                                                        "Startup Cost": 0.0,
                                                                                                                        "Total Cost": 47070.42,
                                                                                                                        "Plan Rows": 118,
                                                                                                                        "Plan Width": 25,
                                                                                                                        "Actual Startup Time": 0.845,
                                                                                                                        "Actual Total Time": 70.796,
                                                                                                                        "Actual Rows": 147,
                                                                                                                        "Actual Loops": 2,
                                                                                                                        "Filter": "((title <> ''::text) AND ((title ~~ 'Champion%'::text) OR (title ~~ 'Loser%'::text)))",
                                                                                                                        "Rows Removed by Filter": 1264009,
                                                                                                                        "Workers": []
                                                                                                                    }
                                                                                                                ]
                                                                                                            }
                                                                                                        ]
                                                                                                    },
                                                                                                    {
                                                                                                        "Node Type": "Hash",
                                                                                                        "Parent Relationship": "Inner",
                                                                                                        "Parallel Aware": false,
                                                                                                        "Async Capable": false,
                                                                                                        "Startup Cost": 1.09,
                                                                                                        "Total Cost": 1.09,
                                                                                                        "Plan Rows": 1,
                                                                                                        "Plan Width": 4,
                                                                                                        "Actual Startup Time": 0.008,
                                                                                                        "Actual Total Time": 0.008,
                                                                                                        "Actual Rows": 1,
                                                                                                        "Actual Loops": 2,
                                                                                                        "Hash Buckets": 1024,
                                                                                                        "Original Hash Buckets": 1024,
                                                                                                        "Hash Batches": 1,
                                                                                                        "Original Hash Batches": 1,
                                                                                                        "Peak Memory Usage": 9,
                                                                                                        "Workers": [],
                                                                                                        "Plans": [
                                                                                                            {
                                                                                                                "Node Type": "Seq Scan",
                                                                                                                "Parent Relationship": "Outer",
                                                                                                                "Parallel Aware": false,
                                                                                                                "Async Capable": false,
                                                                                                                "Relation Name": "kind_type",
                                                                                                                "Alias": "kt",
                                                                                                                "Startup Cost": 0.0,
                                                                                                                "Total Cost": 1.09,
                                                                                                                "Plan Rows": 1,
                                                                                                                "Plan Width": 4,
                                                                                                                "Actual Startup Time": 0.007,
                                                                                                                "Actual Total Time": 0.007,
                                                                                                                "Actual Rows": 1,
                                                                                                                "Actual Loops": 2,
                                                                                                                "Filter": "((kind)::text = 'movie'::text)",
                                                                                                                "Rows Removed by Filter": 6,
                                                                                                                "Workers": []
                                                                                                            }
                                                                                                        ]
                                                                                                    }
                                                                                                ]
                                                                                            },
                                                                                            {
                                                                                                "Node Type": "Hash",
                                                                                                "Parent Relationship": "Inner",
                                                                                                "Parallel Aware": false,
                                                                                                "Async Capable": false,
                                                                                                "Startup Cost": 1.05,
                                                                                                "Total Cost": 1.05,
                                                                                                "Plan Rows": 1,
                                                                                                "Plan Width": 4,
                                                                                                "Actual Startup Time": 0.012,
                                                                                                "Actual Total Time": 0.013,
                                                                                                "Actual Rows": 1,
                                                                                                "Actual Loops": 2,
                                                                                                "Hash Buckets": 1024,
                                                                                                "Original Hash Buckets": 1024,
                                                                                                "Hash Batches": 1,
                                                                                                "Original Hash Batches": 1,
                                                                                                "Peak Memory Usage": 9,
                                                                                                "Workers": [],
                                                                                                "Plans": [
                                                                                                    {
                                                                                                        "Node Type": "Seq Scan",
                                                                                                        "Parent Relationship": "Outer",
                                                                                                        "Parallel Aware": false,
                                                                                                        "Async Capable": false,
                                                                                                        "Relation Name": "company_type",
                                                                                                        "Alias": "ct",
                                                                                                        "Startup Cost": 0.0,
                                                                                                        "Total Cost": 1.05,
                                                                                                        "Plan Rows": 1,
                                                                                                        "Plan Width": 4,
                                                                                                        "Actual Startup Time": 0.01,
                                                                                                        "Actual Total Time": 0.011,
                                                                                                        "Actual Rows": 1,
                                                                                                        "Actual Loops": 2,
                                                                                                        "Filter": "((kind)::text = 'production companies'::text)",
                                                                                                        "Rows Removed by Filter": 3,
                                                                                                        "Workers": []
                                                                                                    }
                                                                                                ]
                                                                                            }
                                                                                        ]
                                                                                    }
                                                                                ]
                                                                            }
                                                                        ]
                                                                    }
                                                                ]
                                                            }
                                                        ]
                                                    }
                                                ]
                                            }
                                        ]
                                    }
                                ]
                            }
                        ]
                    },
                    "Planning Time": 1.724,
                    "Triggers": [],
                    "Execution Time": 820.231
                }
            ],
            "hints": [
                "SET enable_hashjoin TO on",
                "SET enable_indexonlyscan TO on",
                "SET enable_indexscan TO off",
                "SET enable_mergejoin TO off",
                "SET enable_nestloop TO on",
                "SET enable_seqscan TO on"
            ]
        },
        {
            "arm": 3,
            "execution_time": 821.261,
            "plan": [
                {
                    "Plan": {
                        "Node Type": "Aggregate",
                        "Strategy": "Plain",
                        "Partial Mode": "Finalize",
                        "Parallel Aware": false,
                        "Async Capable": false,
                        "Startup Cost": 297232.19,
                        "Total Cost": 297232.2,
                        "Plan Rows": 1,
                        "Plan Width": 96,
                        "Actual Startup Time": 799.811,
                        "Actual Total Time": 821.21,
                        "Actual Rows": 1,
                        "Actual Loops": 1,
                        "Plans": [
                            {
                                "Node Type": "Gather",
                                "Parent Relationship": "Outer",
                                "Parallel Aware": false,
                                "Async Capable": false,
                                "Startup Cost": 297232.07,
                                "Total Cost": 297232.18,
                                "Plan Rows": 1,
                                "Plan Width": 96,
                                "Actual Startup Time": 799.726,
                                "Actual Total Time": 821.206,
                                "Actual Rows": 2,
                                "Actual Loops": 1,
                                "Workers Planned": 1,
                                "Workers Launched": 1,
                                "Single Copy": false,
                                "Plans": [
                                    {
                                        "Node Type": "Aggregate",
                                        "Strategy": "Plain",
                                        "Partial Mode": "Partial",
                                        "Parent Relationship": "Outer",
                                        "Parallel Aware": false,
                                        "Async Capable": false,
                                        "Startup Cost": 296232.07,
                                        "Total Cost": 296232.08,
                                        "Plan Rows": 1,
                                        "Plan Width": 96,
                                        "Actual Startup Time": 798.637,
                                        "Actual Total Time": 798.646,
                                        "Actual Rows": 1,
                                        "Actual Loops": 2,
                                        "Workers": [],
                                        "Plans": [
                                            {
                                                "Node Type": "Hash Join",
                                                "Parent Relationship": "Outer",
                                                "Parallel Aware": true,
                                                "Async Capable": false,
                                                "Join Type": "Inner",
                                                "Startup Cost": 291276.76,
                                                "Total Cost": 296232.07,
                                                "Plan Rows": 1,
                                                "Plan Width": 42,
                                                "Actual Startup Time": 792.816,
                                                "Actual Total Time": 798.639,
                                                "Actual Rows": 26,
                                                "Actual Loops": 2,
                                                "Inner Unique": false,
                                                "Hash Cond": "(cn.id = mc.company_id)",
                                                "Workers": [],
                                                "Plans": [
                                                    {
                                                        "Node Type": "Seq Scan",
                                                        "Parent Relationship": "Outer",
                                                        "Parallel Aware": true,
                                                        "Async Capable": false,
                                                        "Relation Name": "company_name",
                                                        "Alias": "cn",
                                                        "Startup Cost": 0.0,
                                                        "Total Cost": 4767.92,
                                                        "Plan Rows": 49967,
                                                        "Plan Width": 23,
                                                        "Actual Startup Time": 0.006,
                                                        "Actual Total Time": 5.82,
                                                        "Actual Rows": 42422,
                                                        "Actual Loops": 2,
                                                        "Filter": "((country_code)::text = '[us]'::text)",
                                                        "Rows Removed by Filter": 75077,
                                                        "Workers": []
                                                    },
                                                    {
                                                        "Node Type": "Hash",
                                                        "Parent Relationship": "Inner",
                                                        "Parallel Aware": true,
                                                        "Async Capable": false,
                                                        "Startup Cost": 291276.75,
                                                        "Total Cost": 291276.75,
                                                        "Plan Rows": 1,
                                                        "Plan Width": 27,
                                                        "Actual Startup Time": 791.627,
                                                        "Actual Total Time": 791.636,
                                                        "Actual Rows": 81,
                                                        "Actual Loops": 2,
                                                        "Hash Buckets": 1024,
                                                        "Original Hash Buckets": 1024,
                                                        "Hash Batches": 1,
                                                        "Original Hash Batches": 1,
                                                        "Peak Memory Usage": 72,
                                                        "Workers": [],
                                                        "Plans": [
                                                            {
                                                                "Node Type": "Hash Join",
                                                                "Parent Relationship": "Outer",
                                                                "Parallel Aware": true,
                                                                "Async Capable": false,
                                                                "Join Type": "Inner",
                                                                "Startup Cost": 275973.48,
                                                                "Total Cost": 291276.75,
                                                                "Plan Rows": 1,
                                                                "Plan Width": 27,
                                                                "Actual Startup Time": 767.018,
                                                                "Actual Total Time": 791.618,
                                                                "Actual Rows": 81,
                                                                "Actual Loops": 2,
                                                                "Inner Unique": false,
                                                                "Hash Cond": "(miidx.movie_id = mi.movie_id)",
                                                                "Workers": [],
                                                                "Plans": [
                                                                    {
                                                                        "Node Type": "Hash Join",
                                                                        "Parent Relationship": "Outer",
                                                                        "Parallel Aware": false,
                                                                        "Async Capable": false,
                                                                        "Join Type": "Inner",
                                                                        "Startup Cost": 2.43,
                                                                        "Total Cost": 15286.6,
                                                                        "Plan Rows": 5089,
                                                                        "Plan Width": 10,
                                                                        "Actual Startup Time": 0.021,
                                                                        "Actual Total Time": 53.4,
                                                                        "Actual Rows": 229962,
                                                                        "Actual Loops": 2,
                                                                        "Inner Unique": true,
                                                                        "Hash Cond": "(miidx.info_type_id = it.id)",
                                                                        "Workers": [],
                                                                        "Plans": [
                                                                            {
                                                                                "Node Type": "Seq Scan",
                                                                                "Parent Relationship": "Outer",
                                                                                "Parallel Aware": true,
                                                                                "Async Capable": false,
                                                                                "Relation Name": "movie_info_idx",
                                                                                "Alias": "miidx",
                                                                                "Startup Cost": 0.0,
                                                                                "Total Cost": 13718.15,
                                                                                "Plan Rows": 575015,
                                                                                "Plan Width": 14,
                                                                                "Actual Startup Time": 0.003,
                                                                                "Actual Total Time": 23.067,
                                                                                "Actual Rows": 690018,
                                                                                "Actual Loops": 2,
                                                                                "Workers": []
                                                                            },
                                                                            {
                                                                                "Node Type": "Hash",
                                                                                "Parent Relationship": "Inner",
                                                                                "Parallel Aware": false,
                                                                                "Async Capable": false,
                                                                                "Startup Cost": 2.41,
                                                                                "Total Cost": 2.41,
                                                                                "Plan Rows": 1,
                                                                                "Plan Width": 4,
                                                                                "Actual Startup Time": 0.009,
                                                                                "Actual Total Time": 0.009,
                                                                                "Actual Rows": 1,
                                                                                "Actual Loops": 2,
                                                                                "Hash Buckets": 1024,
                                                                                "Original Hash Buckets": 1024,
                                                                                "Hash Batches": 1,
                                                                                "Original Hash Batches": 1,
                                                                                "Peak Memory Usage": 9,
                                                                                "Workers": [],
                                                                                "Plans": [
                                                                                    {
                                                                                        "Node Type": "Seq Scan",
                                                                                        "Parent Relationship": "Outer",
                                                                                        "Parallel Aware": false,
                                                                                        "Async Capable": false,
                                                                                        "Relation Name": "info_type",
                                                                                        "Alias": "it",
                                                                                        "Startup Cost": 0.0,
                                                                                        "Total Cost": 2.41,
                                                                                        "Plan Rows": 1,
                                                                                        "Plan Width": 4,
                                                                                        "Actual Startup Time": 0.006,
                                                                                        "Actual Total Time": 0.007,
                                                                                        "Actual Rows": 1,
                                                                                        "Actual Loops": 2,
                                                                                        "Filter": "((info)::text = 'rating'::text)",
                                                                                        "Rows Removed by Filter": 112,
                                                                                        "Workers": []
                                                                                    }
                                                                                ]
                                                                            }
                                                                        ]
                                                                    },
                                                                    {
                                                                        "Node Type": "Hash",
                                                                        "Parent Relationship": "Inner",
                                                                        "Parallel Aware": true,
                                                                        "Async Capable": false,
                                                                        "Startup Cost": 275971.04,
                                                                        "Total Cost": 275971.04,
                                                                        "Plan Rows": 1,
                                                                        "Plan Width": 33,
                                                                        "Actual Startup Time": 732.045,
                                                                        "Actual Total Time": 732.052,
                                                                        "Actual Rows": 100,
                                                                        "Actual Loops": 2,
                                                                        "Hash Buckets": 1024,
                                                                        "Original Hash Buckets": 1024,
                                                                        "Hash Batches": 1,
                                                                        "Original Hash Batches": 1,
                                                                        "Peak Memory Usage": 72,
                                                                        "Workers": [],
                                                                        "Plans": [
                                                                            {
                                                                                "Node Type": "Hash Join",
                                                                                "Parent Relationship": "Outer",
                                                                                "Parallel Aware": true,
                                                                                "Async Capable": false,
                                                                                "Join Type": "Inner",
                                                                                "Startup Cost": 76527.21,
                                                                                "Total Cost": 275971.04,
                                                                                "Plan Rows": 1,
                                                                                "Plan Width": 33,
                                                                                "Actual Startup Time": 431.494,
                                                                                "Actual Total Time": 732.034,
                                                                                "Actual Rows": 100,
                                                                                "Actual Loops": 2,
                                                                                "Inner Unique": false,
                                                                                "Hash Cond": "(mi.movie_id = t.id)",
                                                                                "Workers": [],
                                                                                "Plans": [
                                                                                    {
                                                                                        "Node Type": "Hash Join",
                                                                                        "Parent Relationship": "Outer",
                                                                                        "Parallel Aware": false,
                                                                                        "Async Capable": false,
                                                                                        "Join Type": "Inner",
                                                                                        "Startup Cost": 2.43,
                                                                                        "Total Cost": 199347.92,
                                                                                        "Plan Rows": 26220,
                                                                                        "Plan Width": 4,
                                                                                        "Actual Startup Time": 146.27,
                                                                                        "Actual Total Time": 535.691,
                                                                                        "Actual Rows": 1518360,
                                                                                        "Actual Loops": 2,
                                                                                        "Inner Unique": true,
                                                                                        "Hash Cond": "(mi.info_type_id = it2.id)",
                                                                                        "Workers": [],
                                                                                        "Plans": [
                                                                                            {
                                                                                                "Node Type": "Seq Scan",
                                                                                                "Parent Relationship": "Outer",
                                                                                                "Parallel Aware": true,
                                                                                                "Async Capable": false,
                                                                                                "Relation Name": "movie_info",
                                                                                                "Alias": "mi",
                                                                                                "Startup Cost": 0.0,
                                                                                                "Total Cost": 191276.35,
                                                                                                "Plan Rows": 2962835,
                                                                                                "Plan Width": 8,
                                                                                                "Actual Startup Time": 0.025,
                                                                                                "Actual Total Time": 273.818,
                                                                                                "Actual Rows": 7417860,
                                                                                                "Actual Loops": 2,
                                                                                                "Workers": []
                                                                                            },
                                                                                            {
                                                                                                "Node Type": "Hash",
                                                                                                "Parent Relationship": "Inner",
                                                                                                "Parallel Aware": false,
                                                                                                "Async Capable": false,
                                                                                                "Startup Cost": 2.41,
                                                                                                "Total Cost": 2.41,
                                                                                                "Plan Rows": 1,
                                                                                                "Plan Width": 4,
                                                                                                "Actual Startup Time": 0.01,
                                                                                                "Actual Total Time": 0.011,
                                                                                                "Actual Rows": 1,
                                                                                                "Actual Loops": 2,
                                                                                                "Hash Buckets": 1024,
                                                                                                "Original Hash Buckets": 1024,
                                                                                                "Hash Batches": 1,
                                                                                                "Original Hash Batches": 1,
                                                                                                "Peak Memory Usage": 9,
                                                                                                "Workers": [],
                                                                                                "Plans": [
                                                                                                    {
                                                                                                        "Node Type": "Seq Scan",
                                                                                                        "Parent Relationship": "Outer",
                                                                                                        "Parallel Aware": false,
                                                                                                        "Async Capable": false,
                                                                                                        "Relation Name": "info_type",
                                                                                                        "Alias": "it2",
                                                                                                        "Startup Cost": 0.0,
                                                                                                        "Total Cost": 2.41,
                                                                                                        "Plan Rows": 1,
                                                                                                        "Plan Width": 4,
                                                                                                        "Actual Startup Time": 0.007,
                                                                                                        "Actual Total Time": 0.009,
                                                                                                        "Actual Rows": 1,
                                                                                                        "Actual Loops": 2,
                                                                                                        "Filter": "((info)::text = 'release dates'::text)",
                                                                                                        "Rows Removed by Filter": 112,
                                                                                                        "Workers": []
                                                                                                    }
                                                                                                ]
                                                                                            }
                                                                                        ]
                                                                                    },
                                                                                    {
                                                                                        "Node Type": "Hash",
                                                                                        "Parent Relationship": "Inner",
                                                                                        "Parallel Aware": true,
                                                                                        "Async Capable": false,
                                                                                        "Startup Cost": 76524.73,
                                                                                        "Total Cost": 76524.73,
                                                                                        "Plan Rows": 5,
                                                                                        "Plan Width": 29,
                                                                                        "Actual Startup Time": 156.357,
                                                                                        "Actual Total Time": 156.361,
                                                                                        "Actual Rows": 40,
                                                                                        "Actual Loops": 2,
                                                                                        "Hash Buckets": 1024,
                                                                                        "Original Hash Buckets": 1024,
                                                                                        "Hash Batches": 1,
                                                                                        "Original Hash Batches": 1,
                                                                                        "Peak Memory Usage": 40,
                                                                                        "Workers": [],
                                                                                        "Plans": [
                                                                                            {
                                                                                                "Node Type": "Hash Join",
                                                                                                "Parent Relationship": "Outer",
                                                                                                "Parallel Aware": false,
                                                                                                "Async Capable": false,
                                                                                                "Join Type": "Inner",
                                                                                                "Startup Cost": 47074.06,
                                                                                                "Total Cost": 76524.73,
                                                                                                "Plan Rows": 5,
                                                                                                "Plan Width": 29,
                                                                                                "Actual Startup Time": 145.075,
                                                                                                "Actual Total Time": 156.342,
                                                                                                "Actual Rows": 40,
                                                                                                "Actual Loops": 2,
                                                                                                "Inner Unique": true,
                                                                                                "Hash Cond": "(mc.company_type_id = ct.id)",
                                                                                                "Workers": [],
                                                                                                "Plans": [
                                                                                                    {
                                                                                                        "Node Type": "Hash Join",
                                                                                                        "Parent Relationship": "Outer",
                                                                                                        "Parallel Aware": false,
                                                                                                        "Async Capable": false,
                                                                                                        "Join Type": "Inner",
                                                                                                        "Startup Cost": 47072.99,
                                                                                                        "Total Cost": 76523.54,
                                                                                                        "Plan Rows": 22,
                                                                                                        "Plan Width": 33,
                                                                                                        "Actual Startup Time": 111.627,
                                                                                                        "Actual Total Time": 156.321,
                                                                                                        "Actual Rows": 90,
                                                                                                        "Actual Loops": 2,
                                                                                                        "Inner Unique": true,
                                                                                                        "Hash Cond": "(t.kind_id = kt.id)",
                                                                                                        "Workers": [],
                                                                                                        "Plans": [
                                                                                                            {
                                                                                                                "Node Type": "Hash Join",
                                                                                                                "Parent Relationship": "Outer",
                                                                                                                "Parallel Aware": true,
                                                                                                                "Async Capable": false,
                                                                                                                "Join Type": "Inner",
                                                                                                                "Startup Cost": 47071.89,
                                                                                                                "Total Cost": 76521.78,
                                                                                                                "Plan Rows": 156,
                                                                                                                "Plan Width": 37,
                                                                                                                "Actual Startup Time": 71.638,
                                                                                                                "Actual Total Time": 156.292,
                                                                                                                "Actual Rows": 184,
                                                                                                                "Actual Loops": 2,
                                                                                                                "Inner Unique": true,
                                                                                                                "Hash Cond": "(mc.movie_id = t.id)",
                                                                                                                "Workers": [],
                                                                                                                "Plans": [
                                                                                                                    {
                                                                                                                        "Node Type": "Seq Scan",
                                                                                                                        "Parent Relationship": "Outer",
                                                                                                                        "Parallel Aware": true,
                                                                                                                        "Async Capable": false,
                                                                                                                        "Relation Name": "movie_companies",
                                                                                                                        "Alias": "mc",
                                                                                                                        "Startup Cost": 0.0,
                                                                                                                        "Total Cost": 27240.55,
                                                                                                                        "Plan Rows": 841655,
                                                                                                                        "Plan Width": 12,
                                                                                                                        "Actual Startup Time": 0.003,
                                                                                                                        "Actual Total Time": 45.86,
                                                                                                                        "Actual Rows": 1304564,
                                                                                                                        "Actual Loops": 2,
                                                                                                                        "Workers": []
                                                                                                                    },
                                                                                                                    {
                                                                                                                        "Node Type": "Hash",
                                                                                                                        "Parent Relationship": "Inner",
                                                                                                                        "Parallel Aware": true,
                                                                                                                        "Async Capable": false,
                                                                                                                        "Startup Cost": 47070.42,
                                                                                                                        "Total Cost": 47070.42,
                                                                                                                        "Plan Rows": 118,
                                                                                                                        "Plan Width": 25,
                                                                                                                        "Actual Startup Time": 71.328,
                                                                                                                        "Actual Total Time": 71.328,
                                                                                                                        "Actual Rows": 147,
                                                                                                                        "Actual Loops": 2,
                                                                                                                        "Hash Buckets": 1024,
                                                                                                                        "Original Hash Buckets": 1024,
                                                                                                                        "Hash Batches": 1,
                                                                                                                        "Original Hash Batches": 1,
                                                                                                                        "Peak Memory Usage": 72,
                                                                                                                        "Workers": [],
                                                                                                                        "Plans": [
                                                                                                                            {
                                                                                                                                "Node Type": "Seq Scan",
                                                                                                                                "Parent Relationship": "Outer",
                                                                                                                                "Parallel Aware": true,
                                                                                                                                "Async Capable": false,
                                                                                                                                "Relation Name": "title",
                                                                                                                                "Alias": "t",
                                                                                                                                "Startup Cost": 0.0,
                                                                                                                                "Total Cost": 47070.42,
                                                                                                                                "Plan Rows": 118,
                                                                                                                                "Plan Width": 25,
                                                                                                                                "Actual Startup Time": 0.844,
                                                                                                                                "Actual Total Time": 71.281,
                                                                                                                                "Actual Rows": 147,
                                                                                                                                "Actual Loops": 2,
                                                                                                                                "Filter": "((title <> ''::text) AND ((title ~~ 'Champion%'::text) OR (title ~~ 'Loser%'::text)))",
                                                                                                                                "Rows Removed by Filter": 1264009,
                                                                                                                                "Workers": []
                                                                                                                            }
                                                                                                                        ]
                                                                                                                    }
                                                                                                                ]
                                                                                                            },
                                                                                                            {
                                                                                                                "Node Type": "Hash",
                                                                                                                "Parent Relationship": "Inner",
                                                                                                                "Parallel Aware": false,
                                                                                                                "Async Capable": false,
                                                                                                                "Startup Cost": 1.09,
                                                                                                                "Total Cost": 1.09,
                                                                                                                "Plan Rows": 1,
                                                                                                                "Plan Width": 4,
                                                                                                                "Actual Startup Time": 0.01,
                                                                                                                "Actual Total Time": 0.011,
                                                                                                                "Actual Rows": 1,
                                                                                                                "Actual Loops": 2,
                                                                                                                "Hash Buckets": 1024,
                                                                                                                "Original Hash Buckets": 1024,
                                                                                                                "Hash Batches": 1,
                                                                                                                "Original Hash Batches": 1,
                                                                                                                "Peak Memory Usage": 9,
                                                                                                                "Workers": [],
                                                                                                                "Plans": [
                                                                                                                    {
                                                                                                                        "Node Type": "Seq Scan",
                                                                                                                        "Parent Relationship": "Outer",
                                                                                                                        "Parallel Aware": false,
                                                                                                                        "Async Capable": false,
                                                                                                                        "Relation Name": "kind_type",
                                                                                                                        "Alias": "kt",
                                                                                                                        "Startup Cost": 0.0,
                                                                                                                        "Total Cost": 1.09,
                                                                                                                        "Plan Rows": 1,
                                                                                                                        "Plan Width": 4,
                                                                                                                        "Actual Startup Time": 0.01,
                                                                                                                        "Actual Total Time": 0.01,
                                                                                                                        "Actual Rows": 1,
                                                                                                                        "Actual Loops": 2,
                                                                                                                        "Filter": "((kind)::text = 'movie'::text)",
                                                                                                                        "Rows Removed by Filter": 6,
                                                                                                                        "Workers": []
                                                                                                                    }
                                                                                                                ]
                                                                                                            }
                                                                                                        ]
                                                                                                    },
                                                                                                    {
                                                                                                        "Node Type": "Hash",
                                                                                                        "Parent Relationship": "Inner",
                                                                                                        "Parallel Aware": false,
                                                                                                        "Async Capable": false,
                                                                                                        "Startup Cost": 1.05,
                                                                                                        "Total Cost": 1.05,
                                                                                                        "Plan Rows": 1,
                                                                                                        "Plan Width": 4,
                                                                                                        "Actual Startup Time": 0.011,
                                                                                                        "Actual Total Time": 0.012,
                                                                                                        "Actual Rows": 1,
                                                                                                        "Actual Loops": 2,
                                                                                                        "Hash Buckets": 1024,
                                                                                                        "Original Hash Buckets": 1024,
                                                                                                        "Hash Batches": 1,
                                                                                                        "Original Hash Batches": 1,
                                                                                                        "Peak Memory Usage": 9,
                                                                                                        "Workers": [],
                                                                                                        "Plans": [
                                                                                                            {
                                                                                                                "Node Type": "Seq Scan",
                                                                                                                "Parent Relationship": "Outer",
                                                                                                                "Parallel Aware": false,
                                                                                                                "Async Capable": false,
                                                                                                                "Relation Name": "company_type",
                                                                                                                "Alias": "ct",
                                                                                                                "Startup Cost": 0.0,
                                                                                                                "Total Cost": 1.05,
                                                                                                                "Plan Rows": 1,
                                                                                                                "Plan Width": 4,
                                                                                                                "Actual Startup Time": 0.009,
                                                                                                                "Actual Total Time": 0.01,
                                                                                                                "Actual Rows": 1,
                                                                                                                "Actual Loops": 2,
                                                                                                                "Filter": "((kind)::text = 'production companies'::text)",
                                                                                                                "Rows Removed by Filter": 3,
                                                                                                                "Workers": []
                                                                                                            }
                                                                                                        ]
                                                                                                    }
                                                                                                ]
                                                                                            }
                                                                                        ]
                                                                                    }
                                                                                ]
                                                                            }
                                                                        ]
                                                                    }
                                                                ]
                                                            }
                                                        ]
                                                    }
                                                ]
                                            }
                                        ]
                                    }
                                ]
                            }
                        ]
                    },
                    "Planning Time": 1.786,
                    "Triggers": [],
                    "Execution Time": 821.261
                }
            ],
            "hints": [
                "SET enable_hashjoin TO on",
                "SET enable_indexonlyscan TO on",
                "SET enable_indexscan TO off",
                "SET enable_mergejoin TO off",
                "SET enable_nestloop TO off",
                "SET enable_seqscan TO on"
            ]
        },
        {
            "arm": 4,
            "execution_time": 203.233,
            "plan": [
                {
                    "Plan": {
                        "Node Type": "Aggregate",
                        "Strategy": "Plain",
                        "Partial Mode": "Simple",
                        "Parallel Aware": false,
                        "Async Capable": false,
                        "Startup Cost": 19269.9,
                        "Total Cost": 19269.91,
                        "Plan Rows": 1,
                        "Plan Width": 96,
                        "Actual Startup Time": 185.038,
                        "Actual Total Time": 203.18,
                        "Actual Rows": 1,
                        "Actual Loops": 1,
                        "Plans": [
                            {
                                "Node Type": "Gather",
                                "Parent Relationship": "Outer",
                                "Parallel Aware": false,
                                "Async Capable": false,
                                "Startup Cost": 1004.57,
                                "Total Cost": 19269.89,
                                "Plan Rows": 1,
                                "Plan Width": 42,
                                "Actual Startup Time": 94.91,
                                "Actual Total Time": 203.162,
                                "Actual Rows": 53,
                                "Actual Loops": 1,
                                "Workers Planned": 2,
                                "Workers Launched": 2,
                                "Single Copy": false,
                                "Plans": [
                                    {
                                        "Node Type": "Nested Loop",
                                        "Parent Relationship": "Outer",
                                        "Parallel Aware": false,
                                        "Async Capable": false,
                                        "Join Type": "Inner",
                                        "Startup Cost": 4.57,
                                        "Total Cost": 18269.79,
                                        "Plan Rows": 1,
                                        "Plan Width": 42,
                                        "Actual Startup Time": 135.907,
                                        "Actual Total Time": 183.32,
                                        "Actual Rows": 18,
                                        "Actual Loops": 3,
                                        "Inner Unique": true,
                                        "Workers": [],
                                        "Plans": [
                                            {
                                                "Node Type": "Nested Loop",
                                                "Parent Relationship": "Outer",
                                                "Parallel Aware": false,
                                                "Async Capable": false,
                                                "Join Type": "Inner",
                                                "Startup Cost": 4.42,
                                                "Total Cost": 18269.44,
                                                "Plan Rows": 2,
                                                "Plan Width": 46,
                                                "Actual Startup Time": 135.901,
                                                "Actual Total Time": 183.288,
                                                "Actual Rows": 73,
                                                "Actual Loops": 3,
                                                "Inner Unique": false,
                                                "Join Filter": "(mi.movie_id = t.id)",
                                                "Rows Removed by Join Filter": 0,
                                                "Workers": [],
                                                "Plans": [
                                                    {
                                                        "Node Type": "Nested Loop",
                                                        "Parent Relationship": "Outer",
                                                        "Parallel Aware": false,
                                                        "Async Capable": false,
                                                        "Join Type": "Inner",
                                                        "Startup Cost": 3.99,
                                                        "Total Cost": 18267.49,
                                                        "Plan Rows": 1,
                                                        "Plan Width": 54,
                                                        "Actual Startup Time": 135.895,
                                                        "Actual Total Time": 183.257,
                                                        "Actual Rows": 5,
                                                        "Actual Loops": 3,
                                                        "Inner Unique": true,
                                                        "Workers": [],
                                                        "Plans": [
                                                            {
                                                                "Node Type": "Nested Loop",
                                                                "Parent Relationship": "Outer",
                                                                "Parallel Aware": false,
                                                                "Async Capable": false,
                                                                "Join Type": "Inner",
                                                                "Startup Cost": 3.57,
                                                                "Total Cost": 18267.05,
                                                                "Plan Rows": 1,
                                                                "Plan Width": 39,
                                                                "Actual Startup Time": 135.886,
                                                                "Actual Total Time": 183.223,
                                                                "Actual Rows": 11,
                                                                "Actual Loops": 3,
                                                                "Inner Unique": true,
                                                                "Workers": [],
                                                                "Plans": [
                                                                    {
                                                                        "Node Type": "Nested Loop",
                                                                        "Parent Relationship": "Outer",
                                                                        "Parallel Aware": false,
                                                                        "Async Capable": false,
                                                                        "Join Type": "Inner",
                                                                        "Startup Cost": 3.43,
                                                                        "Total Cost": 18266.88,
                                                                        "Plan Rows": 1,
                                                                        "Plan Width": 43,
                                                                        "Actual Startup Time": 135.877,
                                                                        "Actual Total Time": 183.212,
                                                                        "Actual Rows": 32,
                                                                        "Actual Loops": 3,
                                                                        "Inner Unique": false,
                                                                        "Join Filter": "(mc.movie_id = t.id)",
                                                                        "Rows Removed by Join Filter": 0,
                                                                        "Workers": [],
                                                                        "Plans": [
                                                                            {
                                                                                "Node Type": "Nested Loop",
                                                                                "Parent Relationship": "Outer",
                                                                                "Parallel Aware": false,
                                                                                "Async Capable": false,
                                                                                "Join Type": "Inner",
                                                                                "Startup Cost": 3.0,
                                                                                "Total Cost": 18266.22,
                                                                                "Plan Rows": 1,
                                                                                "Plan Width": 31,
                                                                                "Actual Startup Time": 135.868,
                                                                                "Actual Total Time": 183.189,
                                                                                "Actual Rows": 10,
                                                                                "Actual Loops": 3,
                                                                                "Inner Unique": true,
                                                                                "Workers": [],
                                                                                "Plans": [
                                                                                    {
                                                                                        "Node Type": "Nested Loop",
                                                                                        "Parent Relationship": "Outer",
                                                                                        "Parallel Aware": false,
                                                                                        "Async Capable": false,
                                                                                        "Join Type": "Inner",
                                                                                        "Startup Cost": 2.86,
                                                                                        "Total Cost": 18266.02,
                                                                                        "Plan Rows": 1,
                                                                                        "Plan Width": 35,
                                                                                        "Actual Startup Time": 8.645,
                                                                                        "Actual Total Time": 183.168,
                                                                                        "Actual Rows": 22,
                                                                                        "Actual Loops": 3,
                                                                                        "Inner Unique": true,
                                                                                        "Workers": [],
                                                                                        "Plans": [
                                                                                            {
                                                                                                "Node Type": "Hash Join",
                                                                                                "Parent Relationship": "Outer",
                                                                                                "Parallel Aware": false,
                                                                                                "Async Capable": false,
                                                                                                "Join Type": "Inner",
                                                                                                "Startup Cost": 2.43,
                                                                                                "Total Cost": 15286.6,
                                                                                                "Plan Rows": 5089,
                                                                                                "Plan Width": 10,
                                                                                                "Actual Startup Time": 0.042,
                                                                                                "Actual Total Time": 40.427,
                                                                                                "Actual Rows": 153308,
                                                                                                "Actual Loops": 3,
                                                                                                "Inner Unique": true,
                                                                                                "Hash Cond": "(miidx.info_type_id = it.id)",
                                                                                                "Workers": [],
                                                                                                "Plans": [
                                                                                                    {
                                                                                                        "Node Type": "Seq Scan",
                                                                                                        "Parent Relationship": "Outer",
                                                                                                        "Parallel Aware": true,
                                                                                                        "Async Capable": false,
                                                                                                        "Relation Name": "movie_info_idx",
                                                                                                        "Alias": "miidx",
                                                                                                        "Startup Cost": 0.0,
                                                                                                        "Total Cost": 13718.15,
                                                                                                        "Plan Rows": 575015,
                                                                                                        "Plan Width": 14,
                                                                                                        "Actual Startup Time": 0.007,
                                                                                                        "Actual Total Time": 16.962,
                                                                                                        "Actual Rows": 460012,
                                                                                                        "Actual Loops": 3,
                                                                                                        "Workers": []
                                                                                                    },
                                                                                                    {
                                                                                                        "Node Type": "Hash",
                                                                                                        "Parent Relationship": "Inner",
                                                                                                        "Parallel Aware": false,
                                                                                                        "Async Capable": false,
                                                                                                        "Startup Cost": 2.41,
                                                                                                        "Total Cost": 2.41,
                                                                                                        "Plan Rows": 1,
                                                                                                        "Plan Width": 4,
                                                                                                        "Actual Startup Time": 0.013,
                                                                                                        "Actual Total Time": 0.014,
                                                                                                        "Actual Rows": 1,
                                                                                                        "Actual Loops": 3,
                                                                                                        "Hash Buckets": 1024,
                                                                                                        "Original Hash Buckets": 1024,
                                                                                                        "Hash Batches": 1,
                                                                                                        "Original Hash Batches": 1,
                                                                                                        "Peak Memory Usage": 9,
                                                                                                        "Workers": [],
                                                                                                        "Plans": [
                                                                                                            {
                                                                                                                "Node Type": "Seq Scan",
                                                                                                                "Parent Relationship": "Outer",
                                                                                                                "Parallel Aware": false,
                                                                                                                "Async Capable": false,
                                                                                                                "Relation Name": "info_type",
                                                                                                                "Alias": "it",
                                                                                                                "Startup Cost": 0.0,
                                                                                                                "Total Cost": 2.41,
                                                                                                                "Plan Rows": 1,
                                                                                                                "Plan Width": 4,
                                                                                                                "Actual Startup Time": 0.011,
                                                                                                                "Actual Total Time": 0.011,
                                                                                                                "Actual Rows": 1,
                                                                                                                "Actual Loops": 3,
                                                                                                                "Filter": "((info)::text = 'rating'::text)",
                                                                                                                "Rows Removed by Filter": 112,
                                                                                                                "Workers": []
                                                                                                            }
                                                                                                        ]
                                                                                                    }
                                                                                                ]
                                                                                            },
                                                                                            {
                                                                                                "Node Type": "Index Scan",
                                                                                                "Parent Relationship": "Inner",
                                                                                                "Parallel Aware": false,
                                                                                                "Async Capable": false,
                                                                                                "Scan Direction": "Forward",
                                                                                                "Index Name": "title_pkey",
                                                                                                "Relation Name": "title",
                                                                                                "Alias": "t",
                                                                                                "Startup Cost": 0.43,
                                                                                                "Total Cost": 0.59,
                                                                                                "Plan Rows": 1,
                                                                                                "Plan Width": 25,
                                                                                                "Actual Startup Time": 0.001,
                                                                                                "Actual Total Time": 0.001,
                                                                                                "Actual Rows": 0,
                                                                                                "Actual Loops": 459925,
                                                                                                "Index Cond": "(id = miidx.movie_id)",
                                                                                                "Rows Removed by Index Recheck": 0,
                                                                                                "Filter": "((title <> ''::text) AND ((title ~~ 'Champion%'::text) OR (title ~~ 'Loser%'::text)))",
                                                                                                "Rows Removed by Filter": 1,
                                                                                                "Workers": []
                                                                                            }
                                                                                        ]
                                                                                    },
                                                                                    {
                                                                                        "Node Type": "Memoize",
                                                                                        "Parent Relationship": "Inner",
                                                                                        "Parallel Aware": false,
                                                                                        "Async Capable": false,
                                                                                        "Startup Cost": 0.14,
                                                                                        "Total Cost": 0.19,
                                                                                        "Plan Rows": 1,
                                                                                        "Plan Width": 4,
                                                                                        "Actual Startup Time": 0.001,
                                                                                        "Actual Total Time": 0.001,
                                                                                        "Actual Rows": 0,
                                                                                        "Actual Loops": 66,
                                                                                        "Cache Key": "t.kind_id",
                                                                                        "Cache Mode": "logical",
                                                                                        "Cache Hits": 35,
                                                                                        "Cache Misses": 5,
                                                                                        "Cache Evictions": 0,
                                                                                        "Cache Overflows": 0,
                                                                                        "Peak Memory Usage": 1,
                                                                                        "Workers": [
                                                                                            {
                                                                                                "Worker Number": 0,
                                                                                                "Cache Hits": 17,
                                                                                                "Cache Misses": 4,
                                                                                                "Cache Evictions": 0,
                                                                                                "Cache Overflows": 0,
                                                                                                "Peak Memory Usage": 1
                                                                                            },
                                                                                            {
                                                                                                "Worker Number": 1,
                                                                                                "Cache Hits": 3,
                                                                                                "Cache Misses": 2,
                                                                                                "Cache Evictions": 0,
                                                                                                "Cache Overflows": 0,
                                                                                                "Peak Memory Usage": 1
                                                                                            }
                                                                                        ],
                                                                                        "Plans": [
                                                                                            {
                                                                                                "Node Type": "Index Scan",
                                                                                                "Parent Relationship": "Outer",
                                                                                                "Parallel Aware": false,
                                                                                                "Async Capable": false,
                                                                                                "Scan Direction": "Forward",
                                                                                                "Index Name": "kind_type_pkey",
                                                                                                "Relation Name": "kind_type",
                                                                                                "Alias": "kt",
                                                                                                "Startup Cost": 0.13,
                                                                                                "Total Cost": 0.18,
                                                                                                "Plan Rows": 1,
                                                                                                "Plan Width": 4,
                                                                                                "Actual Startup Time": 0.002,
                                                                                                "Actual Total Time": 0.003,
                                                                                                "Actual Rows": 0,
                                                                                                "Actual Loops": 11,
                                                                                                "Index Cond": "(id = t.kind_id)",
                                                                                                "Rows Removed by Index Recheck": 0,
                                                                                                "Filter": "((kind)::text = 'movie'::text)",
                                                                                                "Rows Removed by Filter": 1,
                                                                                                "Workers": []
                                                                                            }
                                                                                        ]
                                                                                    }
                                                                                ]
                                                                            },
                                                                            {
                                                                                "Node Type": "Index Scan",
                                                                                "Parent Relationship": "Inner",
                                                                                "Parallel Aware": false,
                                                                                "Async Capable": false,
                                                                                "Scan Direction": "Forward",
                                                                                "Index Name": "movie_id_movie_companies",
                                                                                "Relation Name": "movie_companies",
                                                                                "Alias": "mc",
                                                                                "Startup Cost": 0.43,
                                                                                "Total Cost": 0.59,
                                                                                "Plan Rows": 5,
                                                                                "Plan Width": 12,
                                                                                "Actual Startup Time": 0.001,
                                                                                "Actual Total Time": 0.002,
                                                                                "Actual Rows": 3,
                                                                                "Actual Loops": 29,
                                                                                "Index Cond": "(movie_id = miidx.movie_id)",
                                                                                "Rows Removed by Index Recheck": 0,
                                                                                "Workers": []
                                                                            }
                                                                        ]
                                                                    },
                                                                    {
                                                                        "Node Type": "Memoize",
                                                                        "Parent Relationship": "Inner",
                                                                        "Parallel Aware": false,
                                                                        "Async Capable": false,
                                                                        "Startup Cost": 0.14,
                                                                        "Total Cost": 0.16,
                                                                        "Plan Rows": 1,
                                                                        "Plan Width": 4,
                                                                        "Actual Startup Time": 0.0,
                                                                        "Actual Total Time": 0.0,
                                                                        "Actual Rows": 0,
                                                                        "Actual Loops": 95,
                                                                        "Cache Key": "mc.company_type_id",
                                                                        "Cache Mode": "logical",
                                                                        "Cache Hits": 50,
                                                                        "Cache Misses": 2,
                                                                        "Cache Evictions": 0,
                                                                        "Cache Overflows": 0,
                                                                        "Peak Memory Usage": 1,
                                                                        "Workers": [
                                                                            {
                                                                                "Worker Number": 0,
                                                                                "Cache Hits": 41,
                                                                                "Cache Misses": 2,
                                                                                "Cache Evictions": 0,
                                                                                "Cache Overflows": 0,
                                                                                "Peak Memory Usage": 1
                                                                            }
                                                                        ],
                                                                        "Plans": [
                                                                            {
                                                                                "Node Type": "Index Scan",
                                                                                "Parent Relationship": "Outer",
                                                                                "Parallel Aware": false,
                                                                                "Async Capable": false,
                                                                                "Scan Direction": "Forward",
                                                                                "Index Name": "company_type_pkey",
                                                                                "Relation Name": "company_type",
                                                                                "Alias": "ct",
                                                                                "Startup Cost": 0.13,
                                                                                "Total Cost": 0.15,
                                                                                "Plan Rows": 1,
                                                                                "Plan Width": 4,
                                                                                "Actual Startup Time": 0.003,
                                                                                "Actual Total Time": 0.003,
                                                                                "Actual Rows": 0,
                                                                                "Actual Loops": 4,
                                                                                "Index Cond": "(id = mc.company_type_id)",
                                                                                "Rows Removed by Index Recheck": 0,
                                                                                "Filter": "((kind)::text = 'production companies'::text)",
                                                                                "Rows Removed by Filter": 0,
                                                                                "Workers": []
                                                                            }
                                                                        ]
                                                                    }
                                                                ]
                                                            },
                                                            {
                                                                "Node Type": "Index Scan",
                                                                "Parent Relationship": "Inner",
                                                                "Parallel Aware": false,
                                                                "Async Capable": false,
                                                                "Scan Direction": "Forward",
                                                                "Index Name": "company_name_pkey",
                                                                "Relation Name": "company_name",
                                                                "Alias": "cn",
                                                                "Startup Cost": 0.42,
                                                                "Total Cost": 0.45,
                                                                "Plan Rows": 1,
                                                                "Plan Width": 23,
                                                                "Actual Startup Time": 0.003,
                                                                "Actual Total Time": 0.003,
                                                                "Actual Rows": 0,
                                                                "Actual Loops": 32,
                                                                "Index Cond": "(id = mc.company_id)",
                                                                "Rows Removed by Index Recheck": 0,
                                                                "Filter": "((country_code)::text = '[us]'::text)",
                                                                "Rows Removed by Filter": 1,
                                                                "Workers": []
                                                            }
                                                        ]
                                                    },
                                                    {
                                                        "Node Type": "Index Scan",
                                                        "Parent Relationship": "Inner",
                                                        "Parallel Aware": false,
                                                        "Async Capable": false,
                                                        "Scan Direction": "Forward",
                                                        "Index Name": "movie_id_movie_info",
                                                        "Relation Name": "movie_info",
                                                        "Alias": "mi",
                                                        "Startup Cost": 0.43,
                                                        "Total Cost": 1.44,
                                                        "Plan Rows": 41,
                                                        "Plan Width": 8,
                                                        "Actual Startup Time": 0.002,
                                                        "Actual Total Time": 0.005,
                                                        "Actual Rows": 16,
                                                        "Actual Loops": 14,
                                                        "Index Cond": "(movie_id = mc.movie_id)",
                                                        "Rows Removed by Index Recheck": 0,
                                                        "Workers": []
                                                    }
                                                ]
                                            },
                                            {
                                                "Node Type": "Index Scan",
                                                "Parent Relationship": "Inner",
                                                "Parallel Aware": false,
                                                "Async Capable": false,
                                                "Scan Direction": "Forward",
                                                "Index Name": "info_type_pkey",
                                                "Relation Name": "info_type",
                                                "Alias": "it2",
                                                "Startup Cost": 0.14,
                                                "Total Cost": 0.16,
                                                "Plan Rows": 1,
                                                "Plan Width": 4,
                                                "Actual Startup Time": 0.0,
                                                "Actual Total Time": 0.0,
                                                "Actual Rows": 0,
                                                "Actual Loops": 218,
                                                "Index Cond": "(id = mi.info_type_id)",
                                                "Rows Removed by Index Recheck": 0,
                                                "Filter": "((info)::text = 'release dates'::text)",
                                                "Rows Removed by Filter": 1,
                                                "Workers": []
                                            }
                                        ]
                                    }
                                ]
                            }
                        ]
                    },
                    "Planning Time": 2.558,
                    "Triggers": [],
                    "Execution Time": 203.233
                }
            ],
            "hints": [
                "SET enable_hashjoin TO on",
                "SET enable_indexonlyscan TO on",
                "SET enable_indexscan TO on",
                "SET enable_mergejoin TO off",
                "SET enable_nestloop TO on",
                "SET enable_seqscan TO on"
            ]
        }
    ]
}