{
    "sql_file": "job16b.sql",
    "query": "SELECT MIN(an.name) AS cool_actor_pseudonym, MIN(t.title) AS series_named_after_char FROM aka_name AS an, cast_info AS ci, company_name AS cn, keyword AS k, movie_companies AS mc, movie_keyword AS mk, name AS n, title AS t WHERE cn.country_code ='[us]' AND k.keyword ='character-name-in-title' AND an.person_id = n.id AND n.id = ci.person_id AND ci.movie_id = t.id AND t.id = mk.movie_id AND mk.keyword_id = k.id AND t.id = mc.movie_id AND mc.company_id = cn.id AND an.person_id = ci.person_id AND ci.movie_id = mc.movie_id AND ci.movie_id = mk.movie_id AND mc.movie_id = mk.movie_id;",
    "results": [
        {
            "arm": 0,
            "execution_time": 6097.01,
            "plan": [
                {
                    "Plan": {
                        "Node Type": "Aggregate",
                        "Strategy": "Plain",
                        "Partial Mode": "Simple",
                        "Parallel Aware": false,
                        "Async Capable": false,
                        "Startup Cost": 5354.84,
                        "Total Cost": 5354.85,
                        "Plan Rows": 1,
                        "Plan Width": 64,
                        "Actual Startup Time": 6096.974,
                        "Actual Total Time": 6096.977,
                        "Actual Rows": 1,
                        "Actual Loops": 1,
                        "Plans": [
                            {
                                "Node Type": "Nested Loop",
                                "Parent Relationship": "Outer",
                                "Parallel Aware": false,
                                "Async Capable": false,
                                "Join Type": "Inner",
                                "Startup Cost": 3.01,
                                "Total Cost": 5339.11,
                                "Plan Rows": 3146,
                                "Plan Width": 33,
                                "Actual Startup Time": 0.307,
                                "Actual Total Time": 5961.856,
                                "Actual Rows": 3710592,
                                "Actual Loops": 1,
                                "Inner Unique": false,
                                "Join Filter": "(an.person_id = n.id)",
                                "Rows Removed by Join Filter": 0,
                                "Plans": [
                                    {
                                        "Node Type": "Nested Loop",
                                        "Parent Relationship": "Outer",
                                        "Parallel Aware": false,
                                        "Async Capable": false,
                                        "Join Type": "Inner",
                                        "Startup Cost": 2.58,
                                        "Total Cost": 4717.27,
                                        "Plan Rows": 1278,
                                        "Plan Width": 25,
                                        "Actual Startup Time": 0.297,
                                        "Actual Total Time": 3514.447,
                                        "Actual Rows": 2832555,
                                        "Actual Loops": 1,
                                        "Inner Unique": true,
                                        "Plans": [
                                            {
                                                "Node Type": "Nested Loop",
                                                "Parent Relationship": "Outer",
                                                "Parallel Aware": false,
                                                "Async Capable": false,
                                                "Join Type": "Inner",
                                                "Startup Cost": 2.15,
                                                "Total Cost": 4143.24,
                                                "Plan Rows": 1278,
                                                "Plan Width": 21,
                                                "Actual Startup Time": 0.29,
                                                "Actual Total Time": 1332.702,
                                                "Actual Rows": 2832555,
                                                "Actual Loops": 1,
                                                "Inner Unique": false,
                                                "Join Filter": "(ci.movie_id = t.id)",
                                                "Rows Removed by Join Filter": 0,
                                                "Plans": [
                                                    {
                                                        "Node Type": "Nested Loop",
                                                        "Parent Relationship": "Outer",
                                                        "Parallel Aware": false,
                                                        "Async Capable": false,
                                                        "Join Type": "Inner",
                                                        "Startup Cost": 1.71,
                                                        "Total Cost": 4023.23,
                                                        "Plan Rows": 65,
                                                        "Plan Width": 29,
                                                        "Actual Startup Time": 0.196,
                                                        "Actual Total Time": 330.132,
                                                        "Actual Rows": 68316,
                                                        "Actual Loops": 1,
                                                        "Inner Unique": true,
                                                        "Plans": [
                                                            {
                                                                "Node Type": "Nested Loop",
                                                                "Parent Relationship": "Outer",
                                                                "Parallel Aware": false,
                                                                "Async Capable": false,
                                                                "Join Type": "Inner",
                                                                "Startup Cost": 1.29,
                                                                "Total Cost": 3942.51,
                                                                "Plan Rows": 181,
                                                                "Plan Width": 33,
                                                                "Actual Startup Time": 0.18,
                                                                "Actual Total Time": 162.049,
                                                                "Actual Rows": 148552,
                                                                "Actual Loops": 1,
                                                                "Inner Unique": false,
                                                                "Join Filter": "(mc.movie_id = t.id)",
                                                                "Rows Removed by Join Filter": 0,
                                                                "Plans": [
                                                                    {
                                                                        "Node Type": "Nested Loop",
                                                                        "Parent Relationship": "Outer",
                                                                        "Parallel Aware": false,
                                                                        "Async Capable": false,
                                                                        "Join Type": "Inner",
                                                                        "Startup Cost": 0.86,
                                                                        "Total Cost": 3922.02,
                                                                        "Plan Rows": 34,
                                                                        "Plan Width": 25,
                                                                        "Actual Startup Time": 0.166,
                                                                        "Actual Total Time": 89.666,
                                                                        "Actual Rows": 41840,
                                                                        "Actual Loops": 1,
                                                                        "Inner Unique": true,
                                                                        "Plans": [
                                                                            {
                                                                                "Node Type": "Nested Loop",
                                                                                "Parent Relationship": "Outer",
                                                                                "Parallel Aware": false,
                                                                                "Async Capable": false,
                                                                                "Join Type": "Inner",
                                                                                "Startup Cost": 0.43,
                                                                                "Total Cost": 3905.45,
                                                                                "Plan Rows": 34,
                                                                                "Plan Width": 4,
                                                                                "Actual Startup Time": 0.164,
                                                                                "Actual Total Time": 24.912,
                                                                                "Actual Rows": 41840,
                                                                                "Actual Loops": 1,
                                                                                "Inner Unique": false,
                                                                                "Plans": [
                                                                                    {
                                                                                        "Node Type": "Seq Scan",
                                                                                        "Parent Relationship": "Outer",
                                                                                        "Parallel Aware": false,
                                                                                        "Async Capable": false,
                                                                                        "Relation Name": "keyword",
                                                                                        "Alias": "k",
                                                                                        "Startup Cost": 0.0,
                                                                                        "Total Cost": 2685.12,
                                                                                        "Plan Rows": 1,
                                                                                        "Plan Width": 4,
                                                                                        "Actual Startup Time": 0.155,
                                                                                        "Actual Total Time": 4.049,
                                                                                        "Actual Rows": 1,
                                                                                        "Actual Loops": 1,
                                                                                        "Filter": "(keyword = 'character-name-in-title'::text)",
                                                                                        "Rows Removed by Filter": 134169
                                                                                    },
                                                                                    {
                                                                                        "Node Type": "Index Scan",
                                                                                        "Parent Relationship": "Inner",
                                                                                        "Parallel Aware": false,
                                                                                        "Async Capable": false,
                                                                                        "Scan Direction": "Forward",
                                                                                        "Index Name": "keyword_id_movie_keyword",
                                                                                        "Relation Name": "movie_keyword",
                                                                                        "Alias": "mk",
                                                                                        "Startup Cost": 0.43,
                                                                                        "Total Cost": 1217.3,
                                                                                        "Plan Rows": 303,
                                                                                        "Plan Width": 8,
                                                                                        "Actual Startup Time": 0.008,
                                                                                        "Actual Total Time": 18.635,
                                                                                        "Actual Rows": 41840,
                                                                                        "Actual Loops": 1,
                                                                                        "Index Cond": "(keyword_id = k.id)",
                                                                                        "Rows Removed by Index Recheck": 0
                                                                                    }
                                                                                ]
                                                                            },
                                                                            {
                                                                                "Node Type": "Index Scan",
                                                                                "Parent Relationship": "Inner",
                                                                                "Parallel Aware": false,
                                                                                "Async Capable": false,
                                                                                "Scan Direction": "Forward",
                                                                                "Index Name": "title_pkey",
                                                                                "Relation Name": "title",
                                                                                "Alias": "t",
                                                                                "Startup Cost": 0.43,
                                                                                "Total Cost": 0.49,
                                                                                "Plan Rows": 1,
                                                                                "Plan Width": 21,
                                                                                "Actual Startup Time": 0.001,
                                                                                "Actual Total Time": 0.001,
                                                                                "Actual Rows": 1,
                                                                                "Actual Loops": 41840,
                                                                                "Index Cond": "(id = mk.movie_id)",
                                                                                "Rows Removed by Index Recheck": 0
                                                                            }
                                                                        ]
                                                                    },
                                                                    {
                                                                        "Node Type": "Index Scan",
                                                                        "Parent Relationship": "Inner",
                                                                        "Parallel Aware": false,
                                                                        "Async Capable": false,
                                                                        "Scan Direction": "Forward",
                                                                        "Index Name": "movie_id_movie_companies",
                                                                        "Relation Name": "movie_companies",
                                                                        "Alias": "mc",
                                                                        "Startup Cost": 0.43,
                                                                        "Total Cost": 0.54,
                                                                        "Plan Rows": 5,
                                                                        "Plan Width": 8,
                                                                        "Actual Startup Time": 0.001,
                                                                        "Actual Total Time": 0.001,
                                                                        "Actual Rows": 4,
                                                                        "Actual Loops": 41840,
                                                                        "Index Cond": "(movie_id = mk.movie_id)",
                                                                        "Rows Removed by Index Recheck": 0
                                                                    }
                                                                ]
                                                            },
                                                            {
                                                                "Node Type": "Index Scan",
                                                                "Parent Relationship": "Inner",
                                                                "Parallel Aware": false,
                                                                "Async Capable": false,
                                                                "Scan Direction": "Forward",
                                                                "Index Name": "company_name_pkey",
                                                                "Relation Name": "company_name",
                                                                "Alias": "cn",
                                                                "Startup Cost": 0.42,
                                                                "Total Cost": 0.45,
                                                                "Plan Rows": 1,
                                                                "Plan Width": 4,
                                                                "Actual Startup Time": 0.001,
                                                                "Actual Total Time": 0.001,
                                                                "Actual Rows": 0,
                                                                "Actual Loops": 148552,
                                                                "Index Cond": "(id = mc.company_id)",
                                                                "Rows Removed by Index Recheck": 0,
                                                                "Filter": "((country_code)::text = '[us]'::text)",
                                                                "Rows Removed by Filter": 1
                                                            }
                                                        ]
                                                    },
                                                    {
                                                        "Node Type": "Index Scan",
                                                        "Parent Relationship": "Inner",
                                                        "Parallel Aware": false,
                                                        "Async Capable": false,
                                                        "Scan Direction": "Forward",
                                                        "Index Name": "movie_id_cast_info",
                                                        "Relation Name": "cast_info",
                                                        "Alias": "ci",
                                                        "Startup Cost": 0.44,
                                                        "Total Cost": 1.37,
                                                        "Plan Rows": 38,
                                                        "Plan Width": 8,
                                                        "Actual Startup Time": 0.001,
                                                        "Actual Total Time": 0.012,
                                                        "Actual Rows": 41,
                                                        "Actual Loops": 68316,
                                                        "Index Cond": "(movie_id = mk.movie_id)",
                                                        "Rows Removed by Index Recheck": 0
                                                    }
                                                ]
                                            },
                                            {
                                                "Node Type": "Index Only Scan",
                                                "Parent Relationship": "Inner",
                                                "Parallel Aware": false,
                                                "Async Capable": false,
                                                "Scan Direction": "Forward",
                                                "Index Name": "name_pkey",
                                                "Relation Name": "name",
                                                "Alias": "n",
                                                "Startup Cost": 0.43,
                                                "Total Cost": 0.45,
                                                "Plan Rows": 1,
                                                "Plan Width": 4,
                                                "Actual Startup Time": 0.001,
                                                "Actual Total Time": 0.001,
                                                "Actual Rows": 1,
                                                "Actual Loops": 2832555,
                                                "Index Cond": "(id = ci.person_id)",
                                                "Rows Removed by Index Recheck": 0,
                                                "Heap Fetches": 0
                                            }
                                        ]
                                    },
                                    {
                                        "Node Type": "Index Scan",
                                        "Parent Relationship": "Inner",
                                        "Parallel Aware": false,
                                        "Async Capable": false,
                                        "Scan Direction": "Forward",
                                        "Index Name": "person_id_aka_name",
                                        "Relation Name": "aka_name",
                                        "Alias": "an",
                                        "Startup Cost": 0.42,
                                        "Total Cost": 0.46,
                                        "Plan Rows": 2,
                                        "Plan Width": 20,
                                        "Actual Startup Time": 0.001,
                                        "Actual Total Time": 0.001,
                                        "Actual Rows": 1,
                                        "Actual Loops": 2832555,
                                        "Index Cond": "(person_id = ci.person_id)",
                                        "Rows Removed by Index Recheck": 0
                                    }
                                ]
                            }
                        ]
                    },
                    "Planning Time": 2.302,
                    "Triggers": [],
                    "Execution Time": 6097.01
                }
            ],
            "hints": [
                "SET enable_hashjoin TO on",
                "SET enable_indexonlyscan TO on",
                "SET enable_indexscan TO on",
                "SET enable_mergejoin TO on",
                "SET enable_nestloop TO on",
                "SET enable_seqscan TO on"
            ]
        },
        {
            "arm": 1,
            "execution_time": 1400.912,
            "plan": [
                {
                    "Plan": {
                        "Node Type": "Aggregate",
                        "Strategy": "Plain",
                        "Partial Mode": "Finalize",
                        "Parallel Aware": false,
                        "Async Capable": false,
                        "Startup Cost": 547843.34,
                        "Total Cost": 547843.35,
                        "Plan Rows": 1,
                        "Plan Width": 64,
                        "Actual Startup Time": 1321.704,
                        "Actual Total Time": 1400.862,
                        "Actual Rows": 1,
                        "Actual Loops": 1,
                        "Plans": [
                            {
                                "Node Type": "Gather",
                                "Parent Relationship": "Outer",
                                "Parallel Aware": false,
                                "Async Capable": false,
                                "Startup Cost": 547842.91,
                                "Total Cost": 547843.32,
                                "Plan Rows": 4,
                                "Plan Width": 64,
                                "Actual Startup Time": 1318.815,
                                "Actual Total Time": 1400.852,
                                "Actual Rows": 5,
                                "Actual Loops": 1,
                                "Workers Planned": 4,
                                "Workers Launched": 4,
                                "Single Copy": false,
                                "Plans": [
                                    {
                                        "Node Type": "Aggregate",
                                        "Strategy": "Plain",
                                        "Partial Mode": "Partial",
                                        "Parent Relationship": "Outer",
                                        "Parallel Aware": false,
                                        "Async Capable": false,
                                        "Startup Cost": 546842.91,
                                        "Total Cost": 546842.92,
                                        "Plan Rows": 1,
                                        "Plan Width": 64,
                                        "Actual Startup Time": 1316.949,
                                        "Actual Total Time": 1317.289,
                                        "Actual Rows": 1,
                                        "Actual Loops": 5,
                                        "Workers": [],
                                        "Plans": [
                                            {
                                                "Node Type": "Hash Join",
                                                "Parent Relationship": "Outer",
                                                "Parallel Aware": true,
                                                "Async Capable": false,
                                                "Join Type": "Inner",
                                                "Startup Cost": 476854.69,
                                                "Total Cost": 546838.98,
                                                "Plan Rows": 786,
                                                "Plan Width": 33,
                                                "Actual Startup Time": 1191.576,
                                                "Actual Total Time": 1292.626,
                                                "Actual Rows": 742118,
                                                "Actual Loops": 5,
                                                "Inner Unique": false,
                                                "Hash Cond": "(n.id = an.person_id)",
                                                "Workers": [],
                                                "Plans": [
                                                    {
                                                        "Node Type": "Seq Scan",
                                                        "Parent Relationship": "Outer",
                                                        "Parallel Aware": true,
                                                        "Async Capable": false,
                                                        "Relation Name": "name",
                                                        "Alias": "n",
                                                        "Startup Cost": 0.0,
                                                        "Total Cost": 66074.73,
                                                        "Plan Rows": 1041873,
                                                        "Plan Width": 4,
                                                        "Actual Startup Time": 0.025,
                                                        "Actual Total Time": 51.549,
                                                        "Actual Rows": 833498,
                                                        "Actual Loops": 5,
                                                        "Workers": []
                                                    },
                                                    {
                                                        "Node Type": "Hash",
                                                        "Parent Relationship": "Inner",
                                                        "Parallel Aware": true,
                                                        "Async Capable": false,
                                                        "Startup Cost": 476842.0,
                                                        "Total Cost": 476842.0,
                                                        "Plan Rows": 1015,
                                                        "Plan Width": 41,
                                                        "Actual Startup Time": 1088.774,
                                                        "Actual Total Time": 1089.04,
                                                        "Actual Rows": 742118,
                                                        "Actual Loops": 5,
                                                        "Hash Buckets": 131072,
                                                        "Original Hash Buckets": 4096,
                                                        "Hash Batches": 32,
                                                        "Original Hash Batches": 1,
                                                        "Peak Memory Usage": 12288,
                                                        "Workers": [],
                                                        "Plans": [
                                                            {
                                                                "Node Type": "Hash Join",
                                                                "Parent Relationship": "Outer",
                                                                "Parallel Aware": true,
                                                                "Async Capable": false,
                                                                "Join Type": "Inner",
                                                                "Startup Cost": 461426.42,
                                                                "Total Cost": 476842.0,
                                                                "Plan Rows": 1015,
                                                                "Plan Width": 41,
                                                                "Actual Startup Time": 932.68,
                                                                "Actual Total Time": 1001.686,
                                                                "Actual Rows": 742118,
                                                                "Actual Loops": 5,
                                                                "Inner Unique": false,
                                                                "Hash Cond": "(an.person_id = ci.person_id)",
                                                                "Workers": [],
                                                                "Plans": [
                                                                    {
                                                                        "Node Type": "Seq Scan",
                                                                        "Parent Relationship": "Outer",
                                                                        "Parallel Aware": true,
                                                                        "Async Capable": false,
                                                                        "Relation Name": "aka_name",
                                                                        "Alias": "an",
                                                                        "Startup Cost": 0.0,
                                                                        "Total Cost": 14323.56,
                                                                        "Plan Rows": 290756,
                                                                        "Plan Width": 20,
                                                                        "Actual Startup Time": 0.006,
                                                                        "Actual Total Time": 9.423,
                                                                        "Actual Rows": 180269,
                                                                        "Actual Loops": 5,
                                                                        "Workers": []
                                                                    },
                                                                    {
                                                                        "Node Type": "Hash",
                                                                        "Parent Relationship": "Inner",
                                                                        "Parallel Aware": true,
                                                                        "Async Capable": false,
                                                                        "Startup Cost": 461423.76,
                                                                        "Total Cost": 461423.76,
                                                                        "Plan Rows": 213,
                                                                        "Plan Width": 21,
                                                                        "Actual Startup Time": 907.809,
                                                                        "Actual Total Time": 907.928,
                                                                        "Actual Rows": 566511,
                                                                        "Actual Loops": 5,
                                                                        "Hash Buckets": 262144,
                                                                        "Original Hash Buckets": 2048,
                                                                        "Hash Batches": 16,
                                                                        "Original Hash Batches": 1,
                                                                        "Peak Memory Usage": 12992,
                                                                        "Workers": [],
                                                                        "Plans": [
                                                                            {
                                                                                "Node Type": "Hash Join",
                                                                                "Parent Relationship": "Outer",
                                                                                "Parallel Aware": true,
                                                                                "Async Capable": false,
                                                                                "Join Type": "Inner",
                                                                                "Startup Cost": 125642.89,
                                                                                "Total Cost": 461423.76,
                                                                                "Plan Rows": 213,
                                                                                "Plan Width": 21,
                                                                                "Actual Startup Time": 229.401,
                                                                                "Actual Total Time": 840.376,
                                                                                "Actual Rows": 566511,
                                                                                "Actual Loops": 5,
                                                                                "Inner Unique": false,
                                                                                "Hash Cond": "(ci.movie_id = t.id)",
                                                                                "Workers": [],
                                                                                "Plans": [
                                                                                    {
                                                                                        "Node Type": "Seq Scan",
                                                                                        "Parent Relationship": "Outer",
                                                                                        "Parallel Aware": true,
                                                                                        "Async Capable": false,
                                                                                        "Relation Name": "cast_info",
                                                                                        "Alias": "ci",
                                                                                        "Startup Cost": 0.0,
                                                                                        "Total Cost": 313127.24,
                                                                                        "Plan Rows": 6040724,
                                                                                        "Plan Width": 8,
                                                                                        "Actual Startup Time": 0.006,
                                                                                        "Actual Total Time": 251.383,
                                                                                        "Actual Rows": 7248869,
                                                                                        "Actual Loops": 5,
                                                                                        "Workers": []
                                                                                    },
                                                                                    {
                                                                                        "Node Type": "Hash",
                                                                                        "Parent Relationship": "Inner",
                                                                                        "Parallel Aware": true,
                                                                                        "Async Capable": false,
                                                                                        "Startup Cost": 125642.42,
                                                                                        "Total Cost": 125642.42,
                                                                                        "Plan Rows": 38,
                                                                                        "Plan Width": 29,
                                                                                        "Actual Startup Time": 229.363,
                                                                                        "Actual Total Time": 229.48,
                                                                                        "Actual Rows": 13663,
                                                                                        "Actual Loops": 5,
                                                                                        "Hash Buckets": 131072,
                                                                                        "Original Hash Buckets": 1024,
                                                                                        "Hash Batches": 1,
                                                                                        "Original Hash Batches": 1,
                                                                                        "Peak Memory Usage": 6840,
                                                                                        "Workers": [],
                                                                                        "Plans": [
                                                                                            {
                                                                                                "Node Type": "Hash Join",
                                                                                                "Parent Relationship": "Outer",
                                                                                                "Parallel Aware": true,
                                                                                                "Async Capable": false,
                                                                                                "Join Type": "Inner",
                                                                                                "Startup Cost": 120687.0,
                                                                                                "Total Cost": 125642.42,
                                                                                                "Plan Rows": 38,
                                                                                                "Plan Width": 29,
                                                                                                "Actual Startup Time": 220.888,
                                                                                                "Actual Total Time": 226.755,
                                                                                                "Actual Rows": 13663,
                                                                                                "Actual Loops": 5,
                                                                                                "Inner Unique": false,
                                                                                                "Hash Cond": "(cn.id = mc.company_id)",
                                                                                                "Workers": [],
                                                                                                "Plans": [
                                                                                                    {
                                                                                                        "Node Type": "Seq Scan",
                                                                                                        "Parent Relationship": "Outer",
                                                                                                        "Parallel Aware": true,
                                                                                                        "Async Capable": false,
                                                                                                        "Relation Name": "company_name",
                                                                                                        "Alias": "cn",
                                                                                                        "Startup Cost": 0.0,
                                                                                                        "Total Cost": 4767.92,
                                                                                                        "Plan Rows": 49967,
                                                                                                        "Plan Width": 4,
                                                                                                        "Actual Startup Time": 0.006,
                                                                                                        "Actual Total Time": 3.243,
                                                                                                        "Actual Rows": 16969,
                                                                                                        "Actual Loops": 5,
                                                                                                        "Filter": "((country_code)::text = '[us]'::text)",
                                                                                                        "Rows Removed by Filter": 30031,
                                                                                                        "Workers": []
                                                                                                    },
                                                                                                    {
                                                                                                        "Node Type": "Hash",
                                                                                                        "Parent Relationship": "Inner",
                                                                                                        "Parallel Aware": true,
                                                                                                        "Async Capable": false,
                                                                                                        "Startup Cost": 120686.28,
                                                                                                        "Total Cost": 120686.28,
                                                                                                        "Plan Rows": 58,
                                                                                                        "Plan Width": 33,
                                                                                                        "Actual Startup Time": 220.87,
                                                                                                        "Actual Total Time": 220.986,
                                                                                                        "Actual Rows": 29710,
                                                                                                        "Actual Loops": 5,
                                                                                                        "Hash Buckets": 262144,
                                                                                                        "Original Hash Buckets": 1024,
                                                                                                        "Hash Batches": 1,
                                                                                                        "Original Hash Batches": 1,
                                                                                                        "Peak Memory Usage": 14712,
                                                                                                        "Workers": [],
                                                                                                        "Plans": [
                                                                                                            {
                                                                                                                "Node Type": "Hash Join",
                                                                                                                "Parent Relationship": "Outer",
                                                                                                                "Parallel Aware": true,
                                                                                                                "Async Capable": false,
                                                                                                                "Join Type": "Inner",
                                                                                                                "Startup Cost": 90289.5,
                                                                                                                "Total Cost": 120686.28,
                                                                                                                "Plan Rows": 58,
                                                                                                                "Plan Width": 33,
                                                                                                                "Actual Startup Time": 162.649,
                                                                                                                "Actual Total Time": 210.598,
                                                                                                                "Actual Rows": 29710,
                                                                                                                "Actual Loops": 5,
                                                                                                                "Inner Unique": false,
                                                                                                                "Hash Cond": "(mc.movie_id = t.id)",
                                                                                                                "Workers": [],
                                                                                                                "Plans": [
                                                                                                                    {
                                                                                                                        "Node Type": "Seq Scan",
                                                                                                                        "Parent Relationship": "Outer",
                                                                                                                        "Parallel Aware": true,
                                                                                                                        "Async Capable": false,
                                                                                                                        "Relation Name": "movie_companies",
                                                                                                                        "Alias": "mc",
                                                                                                                        "Startup Cost": 0.0,
                                                                                                                        "Total Cost": 27240.55,
                                                                                                                        "Plan Rows": 841655,
                                                                                                                        "Plan Width": 8,
                                                                                                                        "Actual Startup Time": 0.011,
                                                                                                                        "Actual Total Time": 23.967,
                                                                                                                        "Actual Rows": 521826,
                                                                                                                        "Actual Loops": 5,
                                                                                                                        "Workers": []
                                                                                                                    },
                                                                                                                    {
                                                                                                                        "Node Type": "Hash",
                                                                                                                        "Parent Relationship": "Inner",
                                                                                                                        "Parallel Aware": true,
                                                                                                                        "Async Capable": false,
                                                                                                                        "Startup Cost": 90289.4,
                                                                                                                        "Total Cost": 90289.4,
                                                                                                                        "Plan Rows": 8,
                                                                                                                        "Plan Width": 25,
                                                                                                                        "Actual Startup Time": 162.576,
                                                                                                                        "Actual Total Time": 162.689,
                                                                                                                        "Actual Rows": 8368,
                                                                                                                        "Actual Loops": 5,
                                                                                                                        "Hash Buckets": 65536,
                                                                                                                        "Original Hash Buckets": 1024,
                                                                                                                        "Hash Batches": 1,
                                                                                                                        "Original Hash Batches": 1,
                                                                                                                        "Peak Memory Usage": 3800,
                                                                                                                        "Workers": [],
                                                                                                                        "Plans": [
                                                                                                                            {
                                                                                                                                "Node Type": "Hash Join",
                                                                                                                                "Parent Relationship": "Outer",
                                                                                                                                "Parallel Aware": true,
                                                                                                                                "Async Capable": false,
                                                                                                                                "Join Type": "Inner",
                                                                                                                                "Startup Cost": 45589.47,
                                                                                                                                "Total Cost": 90289.4,
                                                                                                                                "Plan Rows": 8,
                                                                                                                                "Plan Width": 25,
                                                                                                                                "Actual Startup Time": 84.972,
                                                                                                                                "Actual Total Time": 141.876,
                                                                                                                                "Actual Rows": 8368,
                                                                                                                                "Actual Loops": 5,
                                                                                                                                "Inner Unique": false,
                                                                                                                                "Hash Cond": "(t.id = mk.movie_id)",
                                                                                                                                "Workers": [],
                                                                                                                                "Plans": [
                                                                                                                                    {
                                                                                                                                        "Node Type": "Seq Scan",
                                                                                                                                        "Parent Relationship": "Outer",
                                                                                                                                        "Parallel Aware": true,
                                                                                                                                        "Async Capable": false,
                                                                                                                                        "Relation Name": "title",
                                                                                                                                        "Alias": "t",
                                                                                                                                        "Startup Cost": 0.0,
                                                                                                                                        "Total Cost": 42329.38,
                                                                                                                                        "Plan Rows": 632138,
                                                                                                                                        "Plan Width": 21,
                                                                                                                                        "Actual Startup Time": 0.014,
                                                                                                                                        "Actual Total Time": 31.356,
                                                                                                                                        "Actual Rows": 505662,
                                                                                                                                        "Actual Loops": 5,
                                                                                                                                        "Workers": []
                                                                                                                                    },
                                                                                                                                    {
                                                                                                                                        "Node Type": "Hash",
                                                                                                                                        "Parent Relationship": "Inner",
                                                                                                                                        "Parallel Aware": true,
                                                                                                                                        "Async Capable": false,
                                                                                                                                        "Startup Cost": 45589.33,
                                                                                                                                        "Total Cost": 45589.33,
                                                                                                                                        "Plan Rows": 11,
                                                                                                                                        "Plan Width": 4,
                                                                                                                                        "Actual Startup Time": 84.93,
                                                                                                                                        "Actual Total Time": 84.933,
                                                                                                                                        "Actual Rows": 8368,
                                                                                                                                        "Actual Loops": 5,
                                                                                                                                        "Hash Buckets": 65536,
                                                                                                                                        "Original Hash Buckets": 1024,
                                                                                                                                        "Hash Batches": 1,
                                                                                                                                        "Original Hash Batches": 1,
                                                                                                                                        "Peak Memory Usage": 2744,
                                                                                                                                        "Workers": [],
                                                                                                                                        "Plans": [
                                                                                                                                            {
                                                                                                                                                "Node Type": "Hash Join",
                                                                                                                                                "Parent Relationship": "Outer",
                                                                                                                                                "Parallel Aware": false,
                                                                                                                                                "Async Capable": false,
                                                                                                                                                "Join Type": "Inner",
                                                                                                                                                "Startup Cost": 2685.14,
                                                                                                                                                "Total Cost": 45589.33,
                                                                                                                                                "Plan Rows": 11,
                                                                                                                                                "Plan Width": 4,
                                                                                                                                                "Actual Startup Time": 4.751,
                                                                                                                                                "Actual Total Time": 69.689,
                                                                                                                                                "Actual Rows": 8368,
                                                                                                                                                "Actual Loops": 5,
                                                                                                                                                "Inner Unique": true,
                                                                                                                                                "Hash Cond": "(mk.keyword_id = k.id)",
                                                                                                                                                "Workers": [],
                                                                                                                                                "Plans": [
                                                                                                                                                    {
                                                                                                                                                        "Node Type": "Seq Scan",
                                                                                                                                                        "Parent Relationship": "Outer",
                                                                                                                                                        "Parallel Aware": true,
                                                                                                                                                        "Async Capable": false,
                                                                                                                                                        "Relation Name": "movie_keyword",
                                                                                                                                                        "Alias": "mk",
                                                                                                                                                        "Startup Cost": 0.0,
                                                                                                                                                        "Total Cost": 39073.32,
                                                                                                                                                        "Plan Rows": 1459332,
                                                                                                                                                        "Plan Width": 8,
                                                                                                                                                        "Actual Startup Time": 0.009,
                                                                                                                                                        "Actual Total Time": 38.271,
                                                                                                                                                        "Actual Rows": 904786,
                                                                                                                                                        "Actual Loops": 5,
                                                                                                                                                        "Workers": []
                                                                                                                                                    },
                                                                                                                                                    {
                                                                                                                                                        "Node Type": "Hash",
                                                                                                                                                        "Parent Relationship": "Inner",
                                                                                                                                                        "Parallel Aware": false,
                                                                                                                                                        "Async Capable": false,
                                                                                                                                                        "Startup Cost": 2685.12,
                                                                                                                                                        "Total Cost": 2685.12,
                                                                                                                                                        "Plan Rows": 1,
                                                                                                                                                        "Plan Width": 4,
                                                                                                                                                        "Actual Startup Time": 4.717,
                                                                                                                                                        "Actual Total Time": 4.718,
                                                                                                                                                        "Actual Rows": 1,
                                                                                                                                                        "Actual Loops": 5,
                                                                                                                                                        "Hash Buckets": 1024,
                                                                                                                                                        "Original Hash Buckets": 1024,
                                                                                                                                                        "Hash Batches": 1,
                                                                                                                                                        "Original Hash Batches": 1,
                                                                                                                                                        "Peak Memory Usage": 9,
                                                                                                                                                        "Workers": [],
                                                                                                                                                        "Plans": [
                                                                                                                                                            {
                                                                                                                                                                "Node Type": "Seq Scan",
                                                                                                                                                                "Parent Relationship": "Outer",
                                                                                                                                                                "Parallel Aware": false,
                                                                                                                                                                "Async Capable": false,
                                                                                                                                                                "Relation Name": "keyword",
                                                                                                                                                                "Alias": "k",
                                                                                                                                                                "Startup Cost": 0.0,
                                                                                                                                                                "Total Cost": 2685.12,
                                                                                                                                                                "Plan Rows": 1,
                                                                                                                                                                "Plan Width": 4,
                                                                                                                                                                "Actual Startup Time": 0.231,
                                                                                                                                                                "Actual Total Time": 4.715,
                                                                                                                                                                "Actual Rows": 1,
                                                                                                                                                                "Actual Loops": 5,
                                                                                                                                                                "Filter": "(keyword = 'character-name-in-title'::text)",
                                                                                                                                                                "Rows Removed by Filter": 134169,
                                                                                                                                                                "Workers": []
                                                                                                                                                            }
                                                                                                                                                        ]
                                                                                                                                                    }
                                                                                                                                                ]
                                                                                                                                            }
                                                                                                                                        ]
                                                                                                                                    }
                                                                                                                                ]
                                                                                                                            }
                                                                                                                        ]
                                                                                                                    }
                                                                                                                ]
                                                                                                            }
                                                                                                        ]
                                                                                                    }
                                                                                                ]
                                                                                            }
                                                                                        ]
                                                                                    }
                                                                                ]
                                                                            }
                                                                        ]
                                                                    }
                                                                ]
                                                            }
                                                        ]
                                                    }
                                                ]
                                            }
                                        ]
                                    }
                                ]
                            }
                        ]
                    },
                    "Planning Time": 2.319,
                    "Triggers": [],
                    "Execution Time": 1400.912
                }
            ],
            "hints": [
                "SET enable_hashjoin TO on",
                "SET enable_indexonlyscan TO on",
                "SET enable_indexscan TO on",
                "SET enable_mergejoin TO on",
                "SET enable_nestloop TO off",
                "SET enable_seqscan TO on"
            ]
        },
        {
            "arm": 2,
            "execution_time": 1406.49,
            "plan": [
                {
                    "Plan": {
                        "Node Type": "Aggregate",
                        "Strategy": "Plain",
                        "Partial Mode": "Finalize",
                        "Parallel Aware": false,
                        "Async Capable": false,
                        "Startup Cost": 547843.34,
                        "Total Cost": 547843.35,
                        "Plan Rows": 1,
                        "Plan Width": 64,
                        "Actual Startup Time": 1317.613,
                        "Actual Total Time": 1406.443,
                        "Actual Rows": 1,
                        "Actual Loops": 1,
                        "Plans": [
                            {
                                "Node Type": "Gather",
                                "Parent Relationship": "Outer",
                                "Parallel Aware": false,
                                "Async Capable": false,
                                "Startup Cost": 547842.91,
                                "Total Cost": 547843.32,
                                "Plan Rows": 4,
                                "Plan Width": 64,
                                "Actual Startup Time": 1314.384,
                                "Actual Total Time": 1406.438,
                                "Actual Rows": 5,
                                "Actual Loops": 1,
                                "Workers Planned": 4,
                                "Workers Launched": 4,
                                "Single Copy": false,
                                "Plans": [
                                    {
                                        "Node Type": "Aggregate",
                                        "Strategy": "Plain",
                                        "Partial Mode": "Partial",
                                        "Parent Relationship": "Outer",
                                        "Parallel Aware": false,
                                        "Async Capable": false,
                                        "Startup Cost": 546842.91,
                                        "Total Cost": 546842.92,
                                        "Plan Rows": 1,
                                        "Plan Width": 64,
                                        "Actual Startup Time": 1312.574,
                                        "Actual Total Time": 1312.791,
                                        "Actual Rows": 1,
                                        "Actual Loops": 5,
                                        "Workers": [],
                                        "Plans": [
                                            {
                                                "Node Type": "Hash Join",
                                                "Parent Relationship": "Outer",
                                                "Parallel Aware": true,
                                                "Async Capable": false,
                                                "Join Type": "Inner",
                                                "Startup Cost": 476854.69,
                                                "Total Cost": 546838.98,
                                                "Plan Rows": 786,
                                                "Plan Width": 33,
                                                "Actual Startup Time": 1180.157,
                                                "Actual Total Time": 1287.978,
                                                "Actual Rows": 742118,
                                                "Actual Loops": 5,
                                                "Inner Unique": false,
                                                "Hash Cond": "(n.id = an.person_id)",
                                                "Workers": [],
                                                "Plans": [
                                                    {
                                                        "Node Type": "Seq Scan",
                                                        "Parent Relationship": "Outer",
                                                        "Parallel Aware": true,
                                                        "Async Capable": false,
                                                        "Relation Name": "name",
                                                        "Alias": "n",
                                                        "Startup Cost": 0.0,
                                                        "Total Cost": 66074.73,
                                                        "Plan Rows": 1041873,
                                                        "Plan Width": 4,
                                                        "Actual Startup Time": 0.022,
                                                        "Actual Total Time": 45.364,
                                                        "Actual Rows": 833498,
                                                        "Actual Loops": 5,
                                                        "Workers": []
                                                    },
                                                    {
                                                        "Node Type": "Hash",
                                                        "Parent Relationship": "Inner",
                                                        "Parallel Aware": true,
                                                        "Async Capable": false,
                                                        "Startup Cost": 476842.0,
                                                        "Total Cost": 476842.0,
                                                        "Plan Rows": 1015,
                                                        "Plan Width": 41,
                                                        "Actual Startup Time": 1082.331,
                                                        "Actual Total Time": 1082.547,
                                                        "Actual Rows": 742118,
                                                        "Actual Loops": 5,
                                                        "Hash Buckets": 131072,
                                                        "Original Hash Buckets": 4096,
                                                        "Hash Batches": 32,
                                                        "Original Hash Batches": 1,
                                                        "Peak Memory Usage": 12288,
                                                        "Workers": [],
                                                        "Plans": [
                                                            {
                                                                "Node Type": "Hash Join",
                                                                "Parent Relationship": "Outer",
                                                                "Parallel Aware": true,
                                                                "Async Capable": false,
                                                                "Join Type": "Inner",
                                                                "Startup Cost": 461426.42,
                                                                "Total Cost": 476842.0,
                                                                "Plan Rows": 1015,
                                                                "Plan Width": 41,
                                                                "Actual Startup Time": 923.711,
                                                                "Actual Total Time": 993.269,
                                                                "Actual Rows": 742118,
                                                                "Actual Loops": 5,
                                                                "Inner Unique": false,
                                                                "Hash Cond": "(an.person_id = ci.person_id)",
                                                                "Workers": [],
                                                                "Plans": [
                                                                    {
                                                                        "Node Type": "Seq Scan",
                                                                        "Parent Relationship": "Outer",
                                                                        "Parallel Aware": true,
                                                                        "Async Capable": false,
                                                                        "Relation Name": "aka_name",
                                                                        "Alias": "an",
                                                                        "Startup Cost": 0.0,
                                                                        "Total Cost": 14323.56,
                                                                        "Plan Rows": 290756,
                                                                        "Plan Width": 20,
                                                                        "Actual Startup Time": 0.006,
                                                                        "Actual Total Time": 9.984,
                                                                        "Actual Rows": 180269,
                                                                        "Actual Loops": 5,
                                                                        "Workers": []
                                                                    },
                                                                    {
                                                                        "Node Type": "Hash",
                                                                        "Parent Relationship": "Inner",
                                                                        "Parallel Aware": true,
                                                                        "Async Capable": false,
                                                                        "Startup Cost": 461423.76,
                                                                        "Total Cost": 461423.76,
                                                                        "Plan Rows": 213,
                                                                        "Plan Width": 21,
                                                                        "Actual Startup Time": 898.122,
                                                                        "Actual Total Time": 898.196,
                                                                        "Actual Rows": 566511,
                                                                        "Actual Loops": 5,
                                                                        "Hash Buckets": 262144,
                                                                        "Original Hash Buckets": 2048,
                                                                        "Hash Batches": 16,
                                                                        "Original Hash Batches": 1,
                                                                        "Peak Memory Usage": 12992,
                                                                        "Workers": [],
                                                                        "Plans": [
                                                                            {
                                                                                "Node Type": "Hash Join",
                                                                                "Parent Relationship": "Outer",
                                                                                "Parallel Aware": true,
                                                                                "Async Capable": false,
                                                                                "Join Type": "Inner",
                                                                                "Startup Cost": 125642.89,
                                                                                "Total Cost": 461423.76,
                                                                                "Plan Rows": 213,
                                                                                "Plan Width": 21,
                                                                                "Actual Startup Time": 222.774,
                                                                                "Actual Total Time": 832.172,
                                                                                "Actual Rows": 566511,
                                                                                "Actual Loops": 5,
                                                                                "Inner Unique": false,
                                                                                "Hash Cond": "(ci.movie_id = t.id)",
                                                                                "Workers": [],
                                                                                "Plans": [
                                                                                    {
                                                                                        "Node Type": "Seq Scan",
                                                                                        "Parent Relationship": "Outer",
                                                                                        "Parallel Aware": true,
                                                                                        "Async Capable": false,
                                                                                        "Relation Name": "cast_info",
                                                                                        "Alias": "ci",
                                                                                        "Startup Cost": 0.0,
                                                                                        "Total Cost": 313127.24,
                                                                                        "Plan Rows": 6040724,
                                                                                        "Plan Width": 8,
                                                                                        "Actual Startup Time": 0.013,
                                                                                        "Actual Total Time": 250.454,
                                                                                        "Actual Rows": 7248869,
                                                                                        "Actual Loops": 5,
                                                                                        "Workers": []
                                                                                    },
                                                                                    {
                                                                                        "Node Type": "Hash",
                                                                                        "Parent Relationship": "Inner",
                                                                                        "Parallel Aware": true,
                                                                                        "Async Capable": false,
                                                                                        "Startup Cost": 125642.42,
                                                                                        "Total Cost": 125642.42,
                                                                                        "Plan Rows": 38,
                                                                                        "Plan Width": 29,
                                                                                        "Actual Startup Time": 222.738,
                                                                                        "Actual Total Time": 222.811,
                                                                                        "Actual Rows": 13663,
                                                                                        "Actual Loops": 5,
                                                                                        "Hash Buckets": 131072,
                                                                                        "Original Hash Buckets": 1024,
                                                                                        "Hash Batches": 1,
                                                                                        "Original Hash Batches": 1,
                                                                                        "Peak Memory Usage": 6840,
                                                                                        "Workers": [],
                                                                                        "Plans": [
                                                                                            {
                                                                                                "Node Type": "Hash Join",
                                                                                                "Parent Relationship": "Outer",
                                                                                                "Parallel Aware": true,
                                                                                                "Async Capable": false,
                                                                                                "Join Type": "Inner",
                                                                                                "Startup Cost": 120687.0,
                                                                                                "Total Cost": 125642.42,
                                                                                                "Plan Rows": 38,
                                                                                                "Plan Width": 29,
                                                                                                "Actual Startup Time": 213.963,
                                                                                                "Actual Total Time": 219.804,
                                                                                                "Actual Rows": 13663,
                                                                                                "Actual Loops": 5,
                                                                                                "Inner Unique": false,
                                                                                                "Hash Cond": "(cn.id = mc.company_id)",
                                                                                                "Workers": [],
                                                                                                "Plans": [
                                                                                                    {
                                                                                                        "Node Type": "Seq Scan",
                                                                                                        "Parent Relationship": "Outer",
                                                                                                        "Parallel Aware": true,
                                                                                                        "Async Capable": false,
                                                                                                        "Relation Name": "company_name",
                                                                                                        "Alias": "cn",
                                                                                                        "Startup Cost": 0.0,
                                                                                                        "Total Cost": 4767.92,
                                                                                                        "Plan Rows": 49967,
                                                                                                        "Plan Width": 4,
                                                                                                        "Actual Startup Time": 0.006,
                                                                                                        "Actual Total Time": 3.252,
                                                                                                        "Actual Rows": 16969,
                                                                                                        "Actual Loops": 5,
                                                                                                        "Filter": "((country_code)::text = '[us]'::text)",
                                                                                                        "Rows Removed by Filter": 30031,
                                                                                                        "Workers": []
                                                                                                    },
                                                                                                    {
                                                                                                        "Node Type": "Hash",
                                                                                                        "Parent Relationship": "Inner",
                                                                                                        "Parallel Aware": true,
                                                                                                        "Async Capable": false,
                                                                                                        "Startup Cost": 120686.28,
                                                                                                        "Total Cost": 120686.28,
                                                                                                        "Plan Rows": 58,
                                                                                                        "Plan Width": 33,
                                                                                                        "Actual Startup Time": 213.944,
                                                                                                        "Actual Total Time": 214.015,
                                                                                                        "Actual Rows": 29710,
                                                                                                        "Actual Loops": 5,
                                                                                                        "Hash Buckets": 262144,
                                                                                                        "Original Hash Buckets": 1024,
                                                                                                        "Hash Batches": 1,
                                                                                                        "Original Hash Batches": 1,
                                                                                                        "Peak Memory Usage": 14744,
                                                                                                        "Workers": [],
                                                                                                        "Plans": [
                                                                                                            {
                                                                                                                "Node Type": "Hash Join",
                                                                                                                "Parent Relationship": "Outer",
                                                                                                                "Parallel Aware": true,
                                                                                                                "Async Capable": false,
                                                                                                                "Join Type": "Inner",
                                                                                                                "Startup Cost": 90289.5,
                                                                                                                "Total Cost": 120686.28,
                                                                                                                "Plan Rows": 58,
                                                                                                                "Plan Width": 33,
                                                                                                                "Actual Startup Time": 155.665,
                                                                                                                "Actual Total Time": 203.728,
                                                                                                                "Actual Rows": 29710,
                                                                                                                "Actual Loops": 5,
                                                                                                                "Inner Unique": false,
                                                                                                                "Hash Cond": "(mc.movie_id = t.id)",
                                                                                                                "Workers": [],
                                                                                                                "Plans": [
                                                                                                                    {
                                                                                                                        "Node Type": "Seq Scan",
                                                                                                                        "Parent Relationship": "Outer",
                                                                                                                        "Parallel Aware": true,
                                                                                                                        "Async Capable": false,
                                                                                                                        "Relation Name": "movie_companies",
                                                                                                                        "Alias": "mc",
                                                                                                                        "Startup Cost": 0.0,
                                                                                                                        "Total Cost": 27240.55,
                                                                                                                        "Plan Rows": 841655,
                                                                                                                        "Plan Width": 8,
                                                                                                                        "Actual Startup Time": 0.011,
                                                                                                                        "Actual Total Time": 24.222,
                                                                                                                        "Actual Rows": 521826,
                                                                                                                        "Actual Loops": 5,
                                                                                                                        "Workers": []
                                                                                                                    },
                                                                                                                    {
                                                                                                                        "Node Type": "Hash",
                                                                                                                        "Parent Relationship": "Inner",
                                                                                                                        "Parallel Aware": true,
                                                                                                                        "Async Capable": false,
                                                                                                                        "Startup Cost": 90289.4,
                                                                                                                        "Total Cost": 90289.4,
                                                                                                                        "Plan Rows": 8,
                                                                                                                        "Plan Width": 25,
                                                                                                                        "Actual Startup Time": 155.596,
                                                                                                                        "Actual Total Time": 155.666,
                                                                                                                        "Actual Rows": 8368,
                                                                                                                        "Actual Loops": 5,
                                                                                                                        "Hash Buckets": 65536,
                                                                                                                        "Original Hash Buckets": 1024,
                                                                                                                        "Hash Batches": 1,
                                                                                                                        "Original Hash Batches": 1,
                                                                                                                        "Peak Memory Usage": 3800,
                                                                                                                        "Workers": [],
                                                                                                                        "Plans": [
                                                                                                                            {
                                                                                                                                "Node Type": "Hash Join",
                                                                                                                                "Parent Relationship": "Outer",
                                                                                                                                "Parallel Aware": true,
                                                                                                                                "Async Capable": false,
                                                                                                                                "Join Type": "Inner",
                                                                                                                                "Startup Cost": 45589.47,
                                                                                                                                "Total Cost": 90289.4,
                                                                                                                                "Plan Rows": 8,
                                                                                                                                "Plan Width": 25,
                                                                                                                                "Actual Startup Time": 80.171,
                                                                                                                                "Actual Total Time": 135.96,
                                                                                                                                "Actual Rows": 8368,
                                                                                                                                "Actual Loops": 5,
                                                                                                                                "Inner Unique": false,
                                                                                                                                "Hash Cond": "(t.id = mk.movie_id)",
                                                                                                                                "Workers": [],
                                                                                                                                "Plans": [
                                                                                                                                    {
                                                                                                                                        "Node Type": "Seq Scan",
                                                                                                                                        "Parent Relationship": "Outer",
                                                                                                                                        "Parallel Aware": true,
                                                                                                                                        "Async Capable": false,
                                                                                                                                        "Relation Name": "title",
                                                                                                                                        "Alias": "t",
                                                                                                                                        "Startup Cost": 0.0,
                                                                                                                                        "Total Cost": 42329.38,
                                                                                                                                        "Plan Rows": 632138,
                                                                                                                                        "Plan Width": 21,
                                                                                                                                        "Actual Startup Time": 0.016,
                                                                                                                                        "Actual Total Time": 30.907,
                                                                                                                                        "Actual Rows": 505662,
                                                                                                                                        "Actual Loops": 5,
                                                                                                                                        "Workers": []
                                                                                                                                    },
                                                                                                                                    {
                                                                                                                                        "Node Type": "Hash",
                                                                                                                                        "Parent Relationship": "Inner",
                                                                                                                                        "Parallel Aware": true,
                                                                                                                                        "Async Capable": false,
                                                                                                                                        "Startup Cost": 45589.33,
                                                                                                                                        "Total Cost": 45589.33,
                                                                                                                                        "Plan Rows": 11,
                                                                                                                                        "Plan Width": 4,
                                                                                                                                        "Actual Startup Time": 80.127,
                                                                                                                                        "Actual Total Time": 80.129,
                                                                                                                                        "Actual Rows": 8368,
                                                                                                                                        "Actual Loops": 5,
                                                                                                                                        "Hash Buckets": 65536,
                                                                                                                                        "Original Hash Buckets": 1024,
                                                                                                                                        "Hash Batches": 1,
                                                                                                                                        "Original Hash Batches": 1,
                                                                                                                                        "Peak Memory Usage": 2776,
                                                                                                                                        "Workers": [],
                                                                                                                                        "Plans": [
                                                                                                                                            {
                                                                                                                                                "Node Type": "Hash Join",
                                                                                                                                                "Parent Relationship": "Outer",
                                                                                                                                                "Parallel Aware": false,
                                                                                                                                                "Async Capable": false,
                                                                                                                                                "Join Type": "Inner",
                                                                                                                                                "Startup Cost": 2685.14,
                                                                                                                                                "Total Cost": 45589.33,
                                                                                                                                                "Plan Rows": 11,
                                                                                                                                                "Plan Width": 4,
                                                                                                                                                "Actual Startup Time": 4.741,
                                                                                                                                                "Actual Total Time": 68.495,
                                                                                                                                                "Actual Rows": 8368,
                                                                                                                                                "Actual Loops": 5,
                                                                                                                                                "Inner Unique": true,
                                                                                                                                                "Hash Cond": "(mk.keyword_id = k.id)",
                                                                                                                                                "Workers": [],
                                                                                                                                                "Plans": [
                                                                                                                                                    {
                                                                                                                                                        "Node Type": "Seq Scan",
                                                                                                                                                        "Parent Relationship": "Outer",
                                                                                                                                                        "Parallel Aware": true,
                                                                                                                                                        "Async Capable": false,
                                                                                                                                                        "Relation Name": "movie_keyword",
                                                                                                                                                        "Alias": "mk",
                                                                                                                                                        "Startup Cost": 0.0,
                                                                                                                                                        "Total Cost": 39073.32,
                                                                                                                                                        "Plan Rows": 1459332,
                                                                                                                                                        "Plan Width": 8,
                                                                                                                                                        "Actual Startup Time": 0.015,
                                                                                                                                                        "Actual Total Time": 37.553,
                                                                                                                                                        "Actual Rows": 904786,
                                                                                                                                                        "Actual Loops": 5,
                                                                                                                                                        "Workers": []
                                                                                                                                                    },
                                                                                                                                                    {
                                                                                                                                                        "Node Type": "Hash",
                                                                                                                                                        "Parent Relationship": "Inner",
                                                                                                                                                        "Parallel Aware": false,
                                                                                                                                                        "Async Capable": false,
                                                                                                                                                        "Startup Cost": 2685.12,
                                                                                                                                                        "Total Cost": 2685.12,
                                                                                                                                                        "Plan Rows": 1,
                                                                                                                                                        "Plan Width": 4,
                                                                                                                                                        "Actual Startup Time": 4.701,
                                                                                                                                                        "Actual Total Time": 4.702,
                                                                                                                                                        "Actual Rows": 1,
                                                                                                                                                        "Actual Loops": 5,
                                                                                                                                                        "Hash Buckets": 1024,
                                                                                                                                                        "Original Hash Buckets": 1024,
                                                                                                                                                        "Hash Batches": 1,
                                                                                                                                                        "Original Hash Batches": 1,
                                                                                                                                                        "Peak Memory Usage": 9,
                                                                                                                                                        "Workers": [],
                                                                                                                                                        "Plans": [
                                                                                                                                                            {
                                                                                                                                                                "Node Type": "Seq Scan",
                                                                                                                                                                "Parent Relationship": "Outer",
                                                                                                                                                                "Parallel Aware": false,
                                                                                                                                                                "Async Capable": false,
                                                                                                                                                                "Relation Name": "keyword",
                                                                                                                                                                "Alias": "k",
                                                                                                                                                                "Startup Cost": 0.0,
                                                                                                                                                                "Total Cost": 2685.12,
                                                                                                                                                                "Plan Rows": 1,
                                                                                                                                                                "Plan Width": 4,
                                                                                                                                                                "Actual Startup Time": 0.217,
                                                                                                                                                                "Actual Total Time": 4.699,
                                                                                                                                                                "Actual Rows": 1,
                                                                                                                                                                "Actual Loops": 5,
                                                                                                                                                                "Filter": "(keyword = 'character-name-in-title'::text)",
                                                                                                                                                                "Rows Removed by Filter": 134169,
                                                                                                                                                                "Workers": []
                                                                                                                                                            }
                                                                                                                                                        ]
                                                                                                                                                    }
                                                                                                                                                ]
                                                                                                                                            }
                                                                                                                                        ]
                                                                                                                                    }
                                                                                                                                ]
                                                                                                                            }
                                                                                                                        ]
                                                                                                                    }
                                                                                                                ]
                                                                                                            }
                                                                                                        ]
                                                                                                    }
                                                                                                ]
                                                                                            }
                                                                                        ]
                                                                                    }
                                                                                ]
                                                                            }
                                                                        ]
                                                                    }
                                                                ]
                                                            }
                                                        ]
                                                    }
                                                ]
                                            }
                                        ]
                                    }
                                ]
                            }
                        ]
                    },
                    "Planning Time": 1.487,
                    "Triggers": [],
                    "Execution Time": 1406.49
                }
            ],
            "hints": [
                "SET enable_hashjoin TO on",
                "SET enable_indexonlyscan TO on",
                "SET enable_indexscan TO off",
                "SET enable_mergejoin TO off",
                "SET enable_nestloop TO on",
                "SET enable_seqscan TO on"
            ]
        },
        {
            "arm": 3,
            "execution_time": 1361.296,
            "plan": [
                {
                    "Plan": {
                        "Node Type": "Aggregate",
                        "Strategy": "Plain",
                        "Partial Mode": "Finalize",
                        "Parallel Aware": false,
                        "Async Capable": false,
                        "Startup Cost": 547843.34,
                        "Total Cost": 547843.35,
                        "Plan Rows": 1,
                        "Plan Width": 64,
                        "Actual Startup Time": 1275.984,
                        "Actual Total Time": 1361.247,
                        "Actual Rows": 1,
                        "Actual Loops": 1,
                        "Plans": [
                            {
                                "Node Type": "Gather",
                                "Parent Relationship": "Outer",
                                "Parallel Aware": false,
                                "Async Capable": false,
                                "Startup Cost": 547842.91,
                                "Total Cost": 547843.32,
                                "Plan Rows": 4,
                                "Plan Width": 64,
                                "Actual Startup Time": 1272.937,
                                "Actual Total Time": 1361.24,
                                "Actual Rows": 5,
                                "Actual Loops": 1,
                                "Workers Planned": 4,
                                "Workers Launched": 4,
                                "Single Copy": false,
                                "Plans": [
                                    {
                                        "Node Type": "Aggregate",
                                        "Strategy": "Plain",
                                        "Partial Mode": "Partial",
                                        "Parent Relationship": "Outer",
                                        "Parallel Aware": false,
                                        "Async Capable": false,
                                        "Startup Cost": 546842.91,
                                        "Total Cost": 546842.92,
                                        "Plan Rows": 1,
                                        "Plan Width": 64,
                                        "Actual Startup Time": 1270.991,
                                        "Actual Total Time": 1271.221,
                                        "Actual Rows": 1,
                                        "Actual Loops": 5,
                                        "Workers": [],
                                        "Plans": [
                                            {
                                                "Node Type": "Hash Join",
                                                "Parent Relationship": "Outer",
                                                "Parallel Aware": true,
                                                "Async Capable": false,
                                                "Join Type": "Inner",
                                                "Startup Cost": 476854.69,
                                                "Total Cost": 546838.98,
                                                "Plan Rows": 786,
                                                "Plan Width": 33,
                                                "Actual Startup Time": 1144.074,
                                                "Actual Total Time": 1246.65,
                                                "Actual Rows": 742118,
                                                "Actual Loops": 5,
                                                "Inner Unique": false,
                                                "Hash Cond": "(n.id = an.person_id)",
                                                "Workers": [],
                                                "Plans": [
                                                    {
                                                        "Node Type": "Seq Scan",
                                                        "Parent Relationship": "Outer",
                                                        "Parallel Aware": true,
                                                        "Async Capable": false,
                                                        "Relation Name": "name",
                                                        "Alias": "n",
                                                        "Startup Cost": 0.0,
                                                        "Total Cost": 66074.73,
                                                        "Plan Rows": 1041873,
                                                        "Plan Width": 4,
                                                        "Actual Startup Time": 0.011,
                                                        "Actual Total Time": 33.769,
                                                        "Actual Rows": 833498,
                                                        "Actual Loops": 5,
                                                        "Workers": []
                                                    },
                                                    {
                                                        "Node Type": "Hash",
                                                        "Parent Relationship": "Inner",
                                                        "Parallel Aware": true,
                                                        "Async Capable": false,
                                                        "Startup Cost": 476842.0,
                                                        "Total Cost": 476842.0,
                                                        "Plan Rows": 1015,
                                                        "Plan Width": 41,
                                                        "Actual Startup Time": 1057.688,
                                                        "Actual Total Time": 1057.869,
                                                        "Actual Rows": 742118,
                                                        "Actual Loops": 5,
                                                        "Hash Buckets": 131072,
                                                        "Original Hash Buckets": 4096,
                                                        "Hash Batches": 32,
                                                        "Original Hash Batches": 1,
                                                        "Peak Memory Usage": 12288,
                                                        "Workers": [],
                                                        "Plans": [
                                                            {
                                                                "Node Type": "Hash Join",
                                                                "Parent Relationship": "Outer",
                                                                "Parallel Aware": true,
                                                                "Async Capable": false,
                                                                "Join Type": "Inner",
                                                                "Startup Cost": 461426.42,
                                                                "Total Cost": 476842.0,
                                                                "Plan Rows": 1015,
                                                                "Plan Width": 41,
                                                                "Actual Startup Time": 900.205,
                                                                "Actual Total Time": 968.645,
                                                                "Actual Rows": 742118,
                                                                "Actual Loops": 5,
                                                                "Inner Unique": false,
                                                                "Hash Cond": "(an.person_id = ci.person_id)",
                                                                "Workers": [],
                                                                "Plans": [
                                                                    {
                                                                        "Node Type": "Seq Scan",
                                                                        "Parent Relationship": "Outer",
                                                                        "Parallel Aware": true,
                                                                        "Async Capable": false,
                                                                        "Relation Name": "aka_name",
                                                                        "Alias": "an",
                                                                        "Startup Cost": 0.0,
                                                                        "Total Cost": 14323.56,
                                                                        "Plan Rows": 290756,
                                                                        "Plan Width": 20,
                                                                        "Actual Startup Time": 0.006,
                                                                        "Actual Total Time": 9.24,
                                                                        "Actual Rows": 180269,
                                                                        "Actual Loops": 5,
                                                                        "Workers": []
                                                                    },
                                                                    {
                                                                        "Node Type": "Hash",
                                                                        "Parent Relationship": "Inner",
                                                                        "Parallel Aware": true,
                                                                        "Async Capable": false,
                                                                        "Startup Cost": 461423.76,
                                                                        "Total Cost": 461423.76,
                                                                        "Plan Rows": 213,
                                                                        "Plan Width": 21,
                                                                        "Actual Startup Time": 874.911,
                                                                        "Actual Total Time": 874.976,
                                                                        "Actual Rows": 566511,
                                                                        "Actual Loops": 5,
                                                                        "Hash Buckets": 262144,
                                                                        "Original Hash Buckets": 2048,
                                                                        "Hash Batches": 16,
                                                                        "Original Hash Batches": 1,
                                                                        "Peak Memory Usage": 12992,
                                                                        "Workers": [],
                                                                        "Plans": [
                                                                            {
                                                                                "Node Type": "Hash Join",
                                                                                "Parent Relationship": "Outer",
                                                                                "Parallel Aware": true,
                                                                                "Async Capable": false,
                                                                                "Join Type": "Inner",
                                                                                "Startup Cost": 125642.89,
                                                                                "Total Cost": 461423.76,
                                                                                "Plan Rows": 213,
                                                                                "Plan Width": 21,
                                                                                "Actual Startup Time": 206.648,
                                                                                "Actual Total Time": 808.295,
                                                                                "Actual Rows": 566511,
                                                                                "Actual Loops": 5,
                                                                                "Inner Unique": false,
                                                                                "Hash Cond": "(ci.movie_id = t.id)",
                                                                                "Workers": [],
                                                                                "Plans": [
                                                                                    {
                                                                                        "Node Type": "Seq Scan",
                                                                                        "Parent Relationship": "Outer",
                                                                                        "Parallel Aware": true,
                                                                                        "Async Capable": false,
                                                                                        "Relation Name": "cast_info",
                                                                                        "Alias": "ci",
                                                                                        "Startup Cost": 0.0,
                                                                                        "Total Cost": 313127.24,
                                                                                        "Plan Rows": 6040724,
                                                                                        "Plan Width": 8,
                                                                                        "Actual Startup Time": 0.022,
                                                                                        "Actual Total Time": 244.162,
                                                                                        "Actual Rows": 7248869,
                                                                                        "Actual Loops": 5,
                                                                                        "Workers": []
                                                                                    },
                                                                                    {
                                                                                        "Node Type": "Hash",
                                                                                        "Parent Relationship": "Inner",
                                                                                        "Parallel Aware": true,
                                                                                        "Async Capable": false,
                                                                                        "Startup Cost": 125642.42,
                                                                                        "Total Cost": 125642.42,
                                                                                        "Plan Rows": 38,
                                                                                        "Plan Width": 29,
                                                                                        "Actual Startup Time": 206.608,
                                                                                        "Actual Total Time": 206.671,
                                                                                        "Actual Rows": 13663,
                                                                                        "Actual Loops": 5,
                                                                                        "Hash Buckets": 131072,
                                                                                        "Original Hash Buckets": 1024,
                                                                                        "Hash Batches": 1,
                                                                                        "Original Hash Batches": 1,
                                                                                        "Peak Memory Usage": 6840,
                                                                                        "Workers": [],
                                                                                        "Plans": [
                                                                                            {
                                                                                                "Node Type": "Hash Join",
                                                                                                "Parent Relationship": "Outer",
                                                                                                "Parallel Aware": true,
                                                                                                "Async Capable": false,
                                                                                                "Join Type": "Inner",
                                                                                                "Startup Cost": 120687.0,
                                                                                                "Total Cost": 125642.42,
                                                                                                "Plan Rows": 38,
                                                                                                "Plan Width": 29,
                                                                                                "Actual Startup Time": 198.512,
                                                                                                "Actual Total Time": 203.817,
                                                                                                "Actual Rows": 13663,
                                                                                                "Actual Loops": 5,
                                                                                                "Inner Unique": false,
                                                                                                "Hash Cond": "(cn.id = mc.company_id)",
                                                                                                "Workers": [],
                                                                                                "Plans": [
                                                                                                    {
                                                                                                        "Node Type": "Seq Scan",
                                                                                                        "Parent Relationship": "Outer",
                                                                                                        "Parallel Aware": true,
                                                                                                        "Async Capable": false,
                                                                                                        "Relation Name": "company_name",
                                                                                                        "Alias": "cn",
                                                                                                        "Startup Cost": 0.0,
                                                                                                        "Total Cost": 4767.92,
                                                                                                        "Plan Rows": 49967,
                                                                                                        "Plan Width": 4,
                                                                                                        "Actual Startup Time": 0.005,
                                                                                                        "Actual Total Time": 2.848,
                                                                                                        "Actual Rows": 16969,
                                                                                                        "Actual Loops": 5,
                                                                                                        "Filter": "((country_code)::text = '[us]'::text)",
                                                                                                        "Rows Removed by Filter": 30031,
                                                                                                        "Workers": []
                                                                                                    },
                                                                                                    {
                                                                                                        "Node Type": "Hash",
                                                                                                        "Parent Relationship": "Inner",
                                                                                                        "Parallel Aware": true,
                                                                                                        "Async Capable": false,
                                                                                                        "Startup Cost": 120686.28,
                                                                                                        "Total Cost": 120686.28,
                                                                                                        "Plan Rows": 58,
                                                                                                        "Plan Width": 33,
                                                                                                        "Actual Startup Time": 198.487,
                                                                                                        "Actual Total Time": 198.549,
                                                                                                        "Actual Rows": 29710,
                                                                                                        "Actual Loops": 5,
                                                                                                        "Hash Buckets": 262144,
                                                                                                        "Original Hash Buckets": 1024,
                                                                                                        "Hash Batches": 1,
                                                                                                        "Original Hash Batches": 1,
                                                                                                        "Peak Memory Usage": 14712,
                                                                                                        "Workers": [],
                                                                                                        "Plans": [
                                                                                                            {
                                                                                                                "Node Type": "Hash Join",
                                                                                                                "Parent Relationship": "Outer",
                                                                                                                "Parallel Aware": true,
                                                                                                                "Async Capable": false,
                                                                                                                "Join Type": "Inner",
                                                                                                                "Startup Cost": 90289.5,
                                                                                                                "Total Cost": 120686.28,
                                                                                                                "Plan Rows": 58,
                                                                                                                "Plan Width": 33,
                                                                                                                "Actual Startup Time": 145.519,
                                                                                                                "Actual Total Time": 190.576,
                                                                                                                "Actual Rows": 29710,
                                                                                                                "Actual Loops": 5,
                                                                                                                "Inner Unique": false,
                                                                                                                "Hash Cond": "(mc.movie_id = t.id)",
                                                                                                                "Workers": [],
                                                                                                                "Plans": [
                                                                                                                    {
                                                                                                                        "Node Type": "Seq Scan",
                                                                                                                        "Parent Relationship": "Outer",
                                                                                                                        "Parallel Aware": true,
                                                                                                                        "Async Capable": false,
                                                                                                                        "Relation Name": "movie_companies",
                                                                                                                        "Alias": "mc",
                                                                                                                        "Startup Cost": 0.0,
                                                                                                                        "Total Cost": 27240.55,
                                                                                                                        "Plan Rows": 841655,
                                                                                                                        "Plan Width": 8,
                                                                                                                        "Actual Startup Time": 0.005,
                                                                                                                        "Actual Total Time": 21.769,
                                                                                                                        "Actual Rows": 521826,
                                                                                                                        "Actual Loops": 5,
                                                                                                                        "Workers": []
                                                                                                                    },
                                                                                                                    {
                                                                                                                        "Node Type": "Hash",
                                                                                                                        "Parent Relationship": "Inner",
                                                                                                                        "Parallel Aware": true,
                                                                                                                        "Async Capable": false,
                                                                                                                        "Startup Cost": 90289.4,
                                                                                                                        "Total Cost": 90289.4,
                                                                                                                        "Plan Rows": 8,
                                                                                                                        "Plan Width": 25,
                                                                                                                        "Actual Startup Time": 145.46,
                                                                                                                        "Actual Total Time": 145.52,
                                                                                                                        "Actual Rows": 8368,
                                                                                                                        "Actual Loops": 5,
                                                                                                                        "Hash Buckets": 65536,
                                                                                                                        "Original Hash Buckets": 1024,
                                                                                                                        "Hash Batches": 1,
                                                                                                                        "Original Hash Batches": 1,
                                                                                                                        "Peak Memory Usage": 3800,
                                                                                                                        "Workers": [],
                                                                                                                        "Plans": [
                                                                                                                            {
                                                                                                                                "Node Type": "Hash Join",
                                                                                                                                "Parent Relationship": "Outer",
                                                                                                                                "Parallel Aware": true,
                                                                                                                                "Async Capable": false,
                                                                                                                                "Join Type": "Inner",
                                                                                                                                "Startup Cost": 45589.47,
                                                                                                                                "Total Cost": 90289.4,
                                                                                                                                "Plan Rows": 8,
                                                                                                                                "Plan Width": 25,
                                                                                                                                "Actual Startup Time": 80.523,
                                                                                                                                "Actual Total Time": 129.262,
                                                                                                                                "Actual Rows": 8368,
                                                                                                                                "Actual Loops": 5,
                                                                                                                                "Inner Unique": false,
                                                                                                                                "Hash Cond": "(t.id = mk.movie_id)",
                                                                                                                                "Workers": [],
                                                                                                                                "Plans": [
                                                                                                                                    {
                                                                                                                                        "Node Type": "Seq Scan",
                                                                                                                                        "Parent Relationship": "Outer",
                                                                                                                                        "Parallel Aware": true,
                                                                                                                                        "Async Capable": false,
                                                                                                                                        "Relation Name": "title",
                                                                                                                                        "Alias": "t",
                                                                                                                                        "Startup Cost": 0.0,
                                                                                                                                        "Total Cost": 42329.38,
                                                                                                                                        "Plan Rows": 632138,
                                                                                                                                        "Plan Width": 21,
                                                                                                                                        "Actual Startup Time": 0.003,
                                                                                                                                        "Actual Total Time": 22.463,
                                                                                                                                        "Actual Rows": 505662,
                                                                                                                                        "Actual Loops": 5,
                                                                                                                                        "Workers": []
                                                                                                                                    },
                                                                                                                                    {
                                                                                                                                        "Node Type": "Hash",
                                                                                                                                        "Parent Relationship": "Inner",
                                                                                                                                        "Parallel Aware": true,
                                                                                                                                        "Async Capable": false,
                                                                                                                                        "Startup Cost": 45589.33,
                                                                                                                                        "Total Cost": 45589.33,
                                                                                                                                        "Plan Rows": 11,
                                                                                                                                        "Plan Width": 4,
                                                                                                                                        "Actual Startup Time": 80.49,
                                                                                                                                        "Actual Total Time": 80.493,
                                                                                                                                        "Actual Rows": 8368,
                                                                                                                                        "Actual Loops": 5,
                                                                                                                                        "Hash Buckets": 65536,
                                                                                                                                        "Original Hash Buckets": 1024,
                                                                                                                                        "Hash Batches": 1,
                                                                                                                                        "Original Hash Batches": 1,
                                                                                                                                        "Peak Memory Usage": 2776,
                                                                                                                                        "Workers": [],
                                                                                                                                        "Plans": [
                                                                                                                                            {
                                                                                                                                                "Node Type": "Hash Join",
                                                                                                                                                "Parent Relationship": "Outer",
                                                                                                                                                "Parallel Aware": false,
                                                                                                                                                "Async Capable": false,
                                                                                                                                                "Join Type": "Inner",
                                                                                                                                                "Startup Cost": 2685.14,
                                                                                                                                                "Total Cost": 45589.33,
                                                                                                                                                "Plan Rows": 11,
                                                                                                                                                "Plan Width": 4,
                                                                                                                                                "Actual Startup Time": 5.022,
                                                                                                                                                "Actual Total Time": 66.779,
                                                                                                                                                "Actual Rows": 8368,
                                                                                                                                                "Actual Loops": 5,
                                                                                                                                                "Inner Unique": true,
                                                                                                                                                "Hash Cond": "(mk.keyword_id = k.id)",
                                                                                                                                                "Workers": [],
                                                                                                                                                "Plans": [
                                                                                                                                                    {
                                                                                                                                                        "Node Type": "Seq Scan",
                                                                                                                                                        "Parent Relationship": "Outer",
                                                                                                                                                        "Parallel Aware": true,
                                                                                                                                                        "Async Capable": false,
                                                                                                                                                        "Relation Name": "movie_keyword",
                                                                                                                                                        "Alias": "mk",
                                                                                                                                                        "Startup Cost": 0.0,
                                                                                                                                                        "Total Cost": 39073.32,
                                                                                                                                                        "Plan Rows": 1459332,
                                                                                                                                                        "Plan Width": 8,
                                                                                                                                                        "Actual Startup Time": 0.01,
                                                                                                                                                        "Actual Total Time": 35.223,
                                                                                                                                                        "Actual Rows": 904786,
                                                                                                                                                        "Actual Loops": 5,
                                                                                                                                                        "Workers": []
                                                                                                                                                    },
                                                                                                                                                    {
                                                                                                                                                        "Node Type": "Hash",
                                                                                                                                                        "Parent Relationship": "Inner",
                                                                                                                                                        "Parallel Aware": false,
                                                                                                                                                        "Async Capable": false,
                                                                                                                                                        "Startup Cost": 2685.12,
                                                                                                                                                        "Total Cost": 2685.12,
                                                                                                                                                        "Plan Rows": 1,
                                                                                                                                                        "Plan Width": 4,
                                                                                                                                                        "Actual Startup Time": 4.988,
                                                                                                                                                        "Actual Total Time": 4.989,
                                                                                                                                                        "Actual Rows": 1,
                                                                                                                                                        "Actual Loops": 5,
                                                                                                                                                        "Hash Buckets": 1024,
                                                                                                                                                        "Original Hash Buckets": 1024,
                                                                                                                                                        "Hash Batches": 1,
                                                                                                                                                        "Original Hash Batches": 1,
                                                                                                                                                        "Peak Memory Usage": 9,
                                                                                                                                                        "Workers": [],
                                                                                                                                                        "Plans": [
                                                                                                                                                            {
                                                                                                                                                                "Node Type": "Seq Scan",
                                                                                                                                                                "Parent Relationship": "Outer",
                                                                                                                                                                "Parallel Aware": false,
                                                                                                                                                                "Async Capable": false,
                                                                                                                                                                "Relation Name": "keyword",
                                                                                                                                                                "Alias": "k",
                                                                                                                                                                "Startup Cost": 0.0,
                                                                                                                                                                "Total Cost": 2685.12,
                                                                                                                                                                "Plan Rows": 1,
                                                                                                                                                                "Plan Width": 4,
                                                                                                                                                                "Actual Startup Time": 0.284,
                                                                                                                                                                "Actual Total Time": 4.986,
                                                                                                                                                                "Actual Rows": 1,
                                                                                                                                                                "Actual Loops": 5,
                                                                                                                                                                "Filter": "(keyword = 'character-name-in-title'::text)",
                                                                                                                                                                "Rows Removed by Filter": 134169,
                                                                                                                                                                "Workers": []
                                                                                                                                                            }
                                                                                                                                                        ]
                                                                                                                                                    }
                                                                                                                                                ]
                                                                                                                                            }
                                                                                                                                        ]
                                                                                                                                    }
                                                                                                                                ]
                                                                                                                            }
                                                                                                                        ]
                                                                                                                    }
                                                                                                                ]
                                                                                                            }
                                                                                                        ]
                                                                                                    }
                                                                                                ]
                                                                                            }
                                                                                        ]
                                                                                    }
                                                                                ]
                                                                            }
                                                                        ]
                                                                    }
                                                                ]
                                                            }
                                                        ]
                                                    }
                                                ]
                                            }
                                        ]
                                    }
                                ]
                            }
                        ]
                    },
                    "Planning Time": 1.55,
                    "Triggers": [],
                    "Execution Time": 1361.296
                }
            ],
            "hints": [
                "SET enable_hashjoin TO on",
                "SET enable_indexonlyscan TO on",
                "SET enable_indexscan TO off",
                "SET enable_mergejoin TO off",
                "SET enable_nestloop TO off",
                "SET enable_seqscan TO on"
            ]
        },
        {
            "arm": 4,
            "execution_time": 6087.108,
            "plan": [
                {
                    "Plan": {
                        "Node Type": "Aggregate",
                        "Strategy": "Plain",
                        "Partial Mode": "Simple",
                        "Parallel Aware": false,
                        "Async Capable": false,
                        "Startup Cost": 5354.84,
                        "Total Cost": 5354.85,
                        "Plan Rows": 1,
                        "Plan Width": 64,
                        "Actual Startup Time": 6087.066,
                        "Actual Total Time": 6087.069,
                        "Actual Rows": 1,
                        "Actual Loops": 1,
                        "Plans": [
                            {
                                "Node Type": "Nested Loop",
                                "Parent Relationship": "Outer",
                                "Parallel Aware": false,
                                "Async Capable": false,
                                "Join Type": "Inner",
                                "Startup Cost": 3.01,
                                "Total Cost": 5339.11,
                                "Plan Rows": 3146,
                                "Plan Width": 33,
                                "Actual Startup Time": 0.336,
                                "Actual Total Time": 5950.902,
                                "Actual Rows": 3710592,
                                "Actual Loops": 1,
                                "Inner Unique": false,
                                "Join Filter": "(an.person_id = n.id)",
                                "Rows Removed by Join Filter": 0,
                                "Plans": [
                                    {
                                        "Node Type": "Nested Loop",
                                        "Parent Relationship": "Outer",
                                        "Parallel Aware": false,
                                        "Async Capable": false,
                                        "Join Type": "Inner",
                                        "Startup Cost": 2.58,
                                        "Total Cost": 4717.27,
                                        "Plan Rows": 1278,
                                        "Plan Width": 25,
                                        "Actual Startup Time": 0.33,
                                        "Actual Total Time": 3536.304,
                                        "Actual Rows": 2832555,
                                        "Actual Loops": 1,
                                        "Inner Unique": true,
                                        "Plans": [
                                            {
                                                "Node Type": "Nested Loop",
                                                "Parent Relationship": "Outer",
                                                "Parallel Aware": false,
                                                "Async Capable": false,
                                                "Join Type": "Inner",
                                                "Startup Cost": 2.15,
                                                "Total Cost": 4143.24,
                                                "Plan Rows": 1278,
                                                "Plan Width": 21,
                                                "Actual Startup Time": 0.323,
                                                "Actual Total Time": 1356.566,
                                                "Actual Rows": 2832555,
                                                "Actual Loops": 1,
                                                "Inner Unique": false,
                                                "Join Filter": "(ci.movie_id = t.id)",
                                                "Rows Removed by Join Filter": 0,
                                                "Plans": [
                                                    {
                                                        "Node Type": "Nested Loop",
                                                        "Parent Relationship": "Outer",
                                                        "Parallel Aware": false,
                                                        "Async Capable": false,
                                                        "Join Type": "Inner",
                                                        "Startup Cost": 1.71,
                                                        "Total Cost": 4023.23,
                                                        "Plan Rows": 65,
                                                        "Plan Width": 29,
                                                        "Actual Startup Time": 0.235,
                                                        "Actual Total Time": 321.83,
                                                        "Actual Rows": 68316,
                                                        "Actual Loops": 1,
                                                        "Inner Unique": true,
                                                        "Plans": [
                                                            {
                                                                "Node Type": "Nested Loop",
                                                                "Parent Relationship": "Outer",
                                                                "Parallel Aware": false,
                                                                "Async Capable": false,
                                                                "Join Type": "Inner",
                                                                "Startup Cost": 1.29,
                                                                "Total Cost": 3942.51,
                                                                "Plan Rows": 181,
                                                                "Plan Width": 33,
                                                                "Actual Startup Time": 0.22,
                                                                "Actual Total Time": 160.602,
                                                                "Actual Rows": 148552,
                                                                "Actual Loops": 1,
                                                                "Inner Unique": false,
                                                                "Join Filter": "(mc.movie_id = t.id)",
                                                                "Rows Removed by Join Filter": 0,
                                                                "Plans": [
                                                                    {
                                                                        "Node Type": "Nested Loop",
                                                                        "Parent Relationship": "Outer",
                                                                        "Parallel Aware": false,
                                                                        "Async Capable": false,
                                                                        "Join Type": "Inner",
                                                                        "Startup Cost": 0.86,
                                                                        "Total Cost": 3922.02,
                                                                        "Plan Rows": 34,
                                                                        "Plan Width": 25,
                                                                        "Actual Startup Time": 0.201,
                                                                        "Actual Total Time": 88.659,
                                                                        "Actual Rows": 41840,
                                                                        "Actual Loops": 1,
                                                                        "Inner Unique": true,
                                                                        "Plans": [
                                                                            {
                                                                                "Node Type": "Nested Loop",
                                                                                "Parent Relationship": "Outer",
                                                                                "Parallel Aware": false,
                                                                                "Async Capable": false,
                                                                                "Join Type": "Inner",
                                                                                "Startup Cost": 0.43,
                                                                                "Total Cost": 3905.45,
                                                                                "Plan Rows": 34,
                                                                                "Plan Width": 4,
                                                                                "Actual Startup Time": 0.193,
                                                                                "Actual Total Time": 24.014,
                                                                                "Actual Rows": 41840,
                                                                                "Actual Loops": 1,
                                                                                "Inner Unique": false,
                                                                                "Plans": [
                                                                                    {
                                                                                        "Node Type": "Seq Scan",
                                                                                        "Parent Relationship": "Outer",
                                                                                        "Parallel Aware": false,
                                                                                        "Async Capable": false,
                                                                                        "Relation Name": "keyword",
                                                                                        "Alias": "k",
                                                                                        "Startup Cost": 0.0,
                                                                                        "Total Cost": 2685.12,
                                                                                        "Plan Rows": 1,
                                                                                        "Plan Width": 4,
                                                                                        "Actual Startup Time": 0.166,
                                                                                        "Actual Total Time": 3.646,
                                                                                        "Actual Rows": 1,
                                                                                        "Actual Loops": 1,
                                                                                        "Filter": "(keyword = 'character-name-in-title'::text)",
                                                                                        "Rows Removed by Filter": 134169
                                                                                    },
                                                                                    {
                                                                                        "Node Type": "Index Scan",
                                                                                        "Parent Relationship": "Inner",
                                                                                        "Parallel Aware": false,
                                                                                        "Async Capable": false,
                                                                                        "Scan Direction": "Forward",
                                                                                        "Index Name": "keyword_id_movie_keyword",
                                                                                        "Relation Name": "movie_keyword",
                                                                                        "Alias": "mk",
                                                                                        "Startup Cost": 0.43,
                                                                                        "Total Cost": 1217.3,
                                                                                        "Plan Rows": 303,
                                                                                        "Plan Width": 8,
                                                                                        "Actual Startup Time": 0.025,
                                                                                        "Actual Total Time": 18.138,
                                                                                        "Actual Rows": 41840,
                                                                                        "Actual Loops": 1,
                                                                                        "Index Cond": "(keyword_id = k.id)",
                                                                                        "Rows Removed by Index Recheck": 0
                                                                                    }
                                                                                ]
                                                                            },
                                                                            {
                                                                                "Node Type": "Index Scan",
                                                                                "Parent Relationship": "Inner",
                                                                                "Parallel Aware": false,
                                                                                "Async Capable": false,
                                                                                "Scan Direction": "Forward",
                                                                                "Index Name": "title_pkey",
                                                                                "Relation Name": "title",
                                                                                "Alias": "t",
                                                                                "Startup Cost": 0.43,
                                                                                "Total Cost": 0.49,
                                                                                "Plan Rows": 1,
                                                                                "Plan Width": 21,
                                                                                "Actual Startup Time": 0.001,
                                                                                "Actual Total Time": 0.001,
                                                                                "Actual Rows": 1,
                                                                                "Actual Loops": 41840,
                                                                                "Index Cond": "(id = mk.movie_id)",
                                                                                "Rows Removed by Index Recheck": 0
                                                                            }
                                                                        ]
                                                                    },
                                                                    {
                                                                        "Node Type": "Index Scan",
                                                                        "Parent Relationship": "Inner",
                                                                        "Parallel Aware": false,
                                                                        "Async Capable": false,
                                                                        "Scan Direction": "Forward",
                                                                        "Index Name": "movie_id_movie_companies",
                                                                        "Relation Name": "movie_companies",
                                                                        "Alias": "mc",
                                                                        "Startup Cost": 0.43,
                                                                        "Total Cost": 0.54,
                                                                        "Plan Rows": 5,
                                                                        "Plan Width": 8,
                                                                        "Actual Startup Time": 0.001,
                                                                        "Actual Total Time": 0.001,
                                                                        "Actual Rows": 4,
                                                                        "Actual Loops": 41840,
                                                                        "Index Cond": "(movie_id = mk.movie_id)",
                                                                        "Rows Removed by Index Recheck": 0
                                                                    }
                                                                ]
                                                            },
                                                            {
                                                                "Node Type": "Index Scan",
                                                                "Parent Relationship": "Inner",
                                                                "Parallel Aware": false,
                                                                "Async Capable": false,
                                                                "Scan Direction": "Forward",
                                                                "Index Name": "company_name_pkey",
                                                                "Relation Name": "company_name",
                                                                "Alias": "cn",
                                                                "Startup Cost": 0.42,
                                                                "Total Cost": 0.45,
                                                                "Plan Rows": 1,
                                                                "Plan Width": 4,
                                                                "Actual Startup Time": 0.001,
                                                                "Actual Total Time": 0.001,
                                                                "Actual Rows": 0,
                                                                "Actual Loops": 148552,
                                                                "Index Cond": "(id = mc.company_id)",
                                                                "Rows Removed by Index Recheck": 0,
                                                                "Filter": "((country_code)::text = '[us]'::text)",
                                                                "Rows Removed by Filter": 1
                                                            }
                                                        ]
                                                    },
                                                    {
                                                        "Node Type": "Index Scan",
                                                        "Parent Relationship": "Inner",
                                                        "Parallel Aware": false,
                                                        "Async Capable": false,
                                                        "Scan Direction": "Forward",
                                                        "Index Name": "movie_id_cast_info",
                                                        "Relation Name": "cast_info",
                                                        "Alias": "ci",
                                                        "Startup Cost": 0.44,
                                                        "Total Cost": 1.37,
                                                        "Plan Rows": 38,
                                                        "Plan Width": 8,
                                                        "Actual Startup Time": 0.001,
                                                        "Actual Total Time": 0.013,
                                                        "Actual Rows": 41,
                                                        "Actual Loops": 68316,
                                                        "Index Cond": "(movie_id = mk.movie_id)",
                                                        "Rows Removed by Index Recheck": 0
                                                    }
                                                ]
                                            },
                                            {
                                                "Node Type": "Index Only Scan",
                                                "Parent Relationship": "Inner",
                                                "Parallel Aware": false,
                                                "Async Capable": false,
                                                "Scan Direction": "Forward",
                                                "Index Name": "name_pkey",
                                                "Relation Name": "name",
                                                "Alias": "n",
                                                "Startup Cost": 0.43,
                                                "Total Cost": 0.45,
                                                "Plan Rows": 1,
                                                "Plan Width": 4,
                                                "Actual Startup Time": 0.001,
                                                "Actual Total Time": 0.001,
                                                "Actual Rows": 1,
                                                "Actual Loops": 2832555,
                                                "Index Cond": "(id = ci.person_id)",
                                                "Rows Removed by Index Recheck": 0,
                                                "Heap Fetches": 0
                                            }
                                        ]
                                    },
                                    {
                                        "Node Type": "Index Scan",
                                        "Parent Relationship": "Inner",
                                        "Parallel Aware": false,
                                        "Async Capable": false,
                                        "Scan Direction": "Forward",
                                        "Index Name": "person_id_aka_name",
                                        "Relation Name": "aka_name",
                                        "Alias": "an",
                                        "Startup Cost": 0.42,
                                        "Total Cost": 0.46,
                                        "Plan Rows": 2,
                                        "Plan Width": 20,
                                        "Actual Startup Time": 0.001,
                                        "Actual Total Time": 0.001,
                                        "Actual Rows": 1,
                                        "Actual Loops": 2832555,
                                        "Index Cond": "(person_id = ci.person_id)",
                                        "Rows Removed by Index Recheck": 0
                                    }
                                ]
                            }
                        ]
                    },
                    "Planning Time": 1.513,
                    "Triggers": [],
                    "Execution Time": 6087.108
                }
            ],
            "hints": [
                "SET enable_hashjoin TO on",
                "SET enable_indexonlyscan TO on",
                "SET enable_indexscan TO on",
                "SET enable_mergejoin TO off",
                "SET enable_nestloop TO on",
                "SET enable_seqscan TO on"
            ]
        }
    ]
}