{
    "sql_file": "job12c.sql",
    "query": "SELECT MIN(cn.name) AS movie_company, MIN(mi_idx.info) AS rating, MIN(t.title) AS mainstream_movie FROM company_name AS cn, company_type AS ct, info_type AS it1, info_type AS it2, movie_companies AS mc, movie_info AS mi, movie_info_idx AS mi_idx, title AS t WHERE cn.country_code  = '[us]' AND ct.kind  = 'production companies' AND it1.info = 'genres' AND it2.info = 'rating' AND mi.info  in ('Drama', 'Horror', 'Western', 'Family') AND mi_idx.info  > '7.0' AND t.production_year  between 2000 and 2010 AND t.id = mi.movie_id AND t.id = mi_idx.movie_id AND mi.info_type_id = it1.id AND mi_idx.info_type_id = it2.id AND t.id = mc.movie_id AND ct.id = mc.company_type_id AND cn.id = mc.company_id AND mc.movie_id = mi.movie_id AND mc.movie_id = mi_idx.movie_id AND mi.movie_id = mi_idx.movie_id;",
    "results": [
        {
            "arm": 0,
            "execution_time": 256.15,
            "plan": [
                {
                    "Plan": {
                        "Node Type": "Aggregate",
                        "Strategy": "Plain",
                        "Partial Mode": "Simple",
                        "Parallel Aware": false,
                        "Async Capable": false,
                        "Startup Cost": 18003.95,
                        "Total Cost": 18003.96,
                        "Plan Rows": 1,
                        "Plan Width": 96,
                        "Actual Startup Time": 232.017,
                        "Actual Total Time": 256.102,
                        "Actual Rows": 1,
                        "Actual Loops": 1,
                        "Plans": [
                            {
                                "Node Type": "Gather",
                                "Parent Relationship": "Outer",
                                "Parallel Aware": false,
                                "Async Capable": false,
                                "Startup Cost": 1007.63,
                                "Total Cost": 18003.94,
                                "Plan Rows": 2,
                                "Plan Width": 42,
                                "Actual Startup Time": 0.672,
                                "Actual Total Time": 255.818,
                                "Actual Rows": 4711,
                                "Actual Loops": 1,
                                "Workers Planned": 2,
                                "Workers Launched": 2,
                                "Single Copy": false,
                                "Plans": [
                                    {
                                        "Node Type": "Hash Join",
                                        "Parent Relationship": "Outer",
                                        "Parallel Aware": false,
                                        "Async Capable": false,
                                        "Join Type": "Inner",
                                        "Startup Cost": 7.63,
                                        "Total Cost": 17003.74,
                                        "Plan Rows": 1,
                                        "Plan Width": 42,
                                        "Actual Startup Time": 1.829,
                                        "Actual Total Time": 230.278,
                                        "Actual Rows": 1570,
                                        "Actual Loops": 3,
                                        "Inner Unique": true,
                                        "Hash Cond": "(mi.info_type_id = it1.id)",
                                        "Workers": [],
                                        "Plans": [
                                            {
                                                "Node Type": "Nested Loop",
                                                "Parent Relationship": "Outer",
                                                "Parallel Aware": false,
                                                "Async Capable": false,
                                                "Join Type": "Inner",
                                                "Startup Cost": 5.2,
                                                "Total Cost": 17001.02,
                                                "Plan Rows": 108,
                                                "Plan Width": 46,
                                                "Actual Startup Time": 1.783,
                                                "Actual Total Time": 230.097,
                                                "Actual Rows": 1570,
                                                "Actual Loops": 3,
                                                "Inner Unique": false,
                                                "Join Filter": "(mi.movie_id = t.id)",
                                                "Rows Removed by Join Filter": 0,
                                                "Workers": [],
                                                "Plans": [
                                                    {
                                                        "Node Type": "Nested Loop",
                                                        "Parent Relationship": "Outer",
                                                        "Parallel Aware": false,
                                                        "Async Capable": false,
                                                        "Join Type": "Inner",
                                                        "Startup Cost": 4.77,
                                                        "Total Cost": 16760.67,
                                                        "Plan Rows": 145,
                                                        "Plan Width": 54,
                                                        "Actual Startup Time": 0.082,
                                                        "Actual Total Time": 137.173,
                                                        "Actual Rows": 14111,
                                                        "Actual Loops": 3,
                                                        "Inner Unique": true,
                                                        "Workers": [],
                                                        "Plans": [
                                                            {
                                                                "Node Type": "Hash Join",
                                                                "Parent Relationship": "Outer",
                                                                "Parallel Aware": false,
                                                                "Async Capable": false,
                                                                "Join Type": "Inner",
                                                                "Startup Cost": 4.35,
                                                                "Total Cost": 16582.27,
                                                                "Plan Rows": 400,
                                                                "Plan Width": 39,
                                                                "Actual Startup Time": 0.07,
                                                                "Actual Total Time": 113.195,
                                                                "Actual Rows": 22822,
                                                                "Actual Loops": 3,
                                                                "Inner Unique": true,
                                                                "Hash Cond": "(mc.company_type_id = ct.id)",
                                                                "Workers": [],
                                                                "Plans": [
                                                                    {
                                                                        "Node Type": "Nested Loop",
                                                                        "Parent Relationship": "Outer",
                                                                        "Parallel Aware": false,
                                                                        "Async Capable": false,
                                                                        "Join Type": "Inner",
                                                                        "Startup Cost": 3.29,
                                                                        "Total Cost": 16572.55,
                                                                        "Plan Rows": 1602,
                                                                        "Plan Width": 43,
                                                                        "Actual Startup Time": 0.053,
                                                                        "Actual Total Time": 110.525,
                                                                        "Actual Rows": 56386,
                                                                        "Actual Loops": 3,
                                                                        "Inner Unique": false,
                                                                        "Workers": [],
                                                                        "Plans": [
                                                                            {
                                                                                "Node Type": "Nested Loop",
                                                                                "Parent Relationship": "Outer",
                                                                                "Parallel Aware": false,
                                                                                "Async Capable": false,
                                                                                "Join Type": "Inner",
                                                                                "Startup Cost": 2.86,
                                                                                "Total Cost": 16372.63,
                                                                                "Plan Rows": 301,
                                                                                "Plan Width": 31,
                                                                                "Actual Startup Time": 0.036,
                                                                                "Actual Total Time": 82.595,
                                                                                "Actual Rows": 17435,
                                                                                "Actual Loops": 3,
                                                                                "Inner Unique": true,
                                                                                "Workers": [],
                                                                                "Plans": [
                                                                                    {
                                                                                        "Node Type": "Hash Join",
                                                                                        "Parent Relationship": "Outer",
                                                                                        "Parallel Aware": false,
                                                                                        "Async Capable": false,
                                                                                        "Join Type": "Inner",
                                                                                        "Startup Cost": 2.43,
                                                                                        "Total Cost": 15380.81,
                                                                                        "Plan Rows": 724,
                                                                                        "Plan Width": 10,
                                                                                        "Actual Startup Time": 0.015,
                                                                                        "Actual Total Time": 23.03,
                                                                                        "Actual Rows": 40524,
                                                                                        "Actual Loops": 3,
                                                                                        "Inner Unique": true,
                                                                                        "Hash Cond": "(mi_idx.info_type_id = it2.id)",
                                                                                        "Workers": [],
                                                                                        "Plans": [
                                                                                            {
                                                                                                "Node Type": "Seq Scan",
                                                                                                "Parent Relationship": "Outer",
                                                                                                "Parallel Aware": true,
                                                                                                "Async Capable": false,
                                                                                                "Relation Name": "movie_info_idx",
                                                                                                "Alias": "mi_idx",
                                                                                                "Startup Cost": 0.0,
                                                                                                "Total Cost": 15155.68,
                                                                                                "Plan Rows": 81772,
                                                                                                "Plan Width": 14,
                                                                                                "Actual Startup Time": 0.006,
                                                                                                "Actual Total Time": 19.238,
                                                                                                "Actual Rows": 64280,
                                                                                                "Actual Loops": 3,
                                                                                                "Filter": "(info > '7.0'::text)",
                                                                                                "Rows Removed by Filter": 395732,
                                                                                                "Workers": []
                                                                                            },
                                                                                            {
                                                                                                "Node Type": "Hash",
                                                                                                "Parent Relationship": "Inner",
                                                                                                "Parallel Aware": false,
                                                                                                "Async Capable": false,
                                                                                                "Startup Cost": 2.41,
                                                                                                "Total Cost": 2.41,
                                                                                                "Plan Rows": 1,
                                                                                                "Plan Width": 4,
                                                                                                "Actual Startup Time": 0.004,
                                                                                                "Actual Total Time": 0.005,
                                                                                                "Actual Rows": 1,
                                                                                                "Actual Loops": 3,
                                                                                                "Hash Buckets": 1024,
                                                                                                "Original Hash Buckets": 1024,
                                                                                                "Hash Batches": 1,
                                                                                                "Original Hash Batches": 1,
                                                                                                "Peak Memory Usage": 9,
                                                                                                "Workers": [],
                                                                                                "Plans": [
                                                                                                    {
                                                                                                        "Node Type": "Seq Scan",
                                                                                                        "Parent Relationship": "Outer",
                                                                                                        "Parallel Aware": false,
                                                                                                        "Async Capable": false,
                                                                                                        "Relation Name": "info_type",
                                                                                                        "Alias": "it2",
                                                                                                        "Startup Cost": 0.0,
                                                                                                        "Total Cost": 2.41,
                                                                                                        "Plan Rows": 1,
                                                                                                        "Plan Width": 4,
                                                                                                        "Actual Startup Time": 0.003,
                                                                                                        "Actual Total Time": 0.003,
                                                                                                        "Actual Rows": 1,
                                                                                                        "Actual Loops": 3,
                                                                                                        "Filter": "((info)::text = 'rating'::text)",
                                                                                                        "Rows Removed by Filter": 112,
                                                                                                        "Workers": []
                                                                                                    }
                                                                                                ]
                                                                                            }
                                                                                        ]
                                                                                    },
                                                                                    {
                                                                                        "Node Type": "Index Scan",
                                                                                        "Parent Relationship": "Inner",
                                                                                        "Parallel Aware": false,
                                                                                        "Async Capable": false,
                                                                                        "Scan Direction": "Forward",
                                                                                        "Index Name": "title_pkey",
                                                                                        "Relation Name": "title",
                                                                                        "Alias": "t",
                                                                                        "Startup Cost": 0.43,
                                                                                        "Total Cost": 1.37,
                                                                                        "Plan Rows": 1,
                                                                                        "Plan Width": 21,
                                                                                        "Actual Startup Time": 0.001,
                                                                                        "Actual Total Time": 0.001,
                                                                                        "Actual Rows": 0,
                                                                                        "Actual Loops": 121572,
                                                                                        "Index Cond": "(id = mi_idx.movie_id)",
                                                                                        "Rows Removed by Index Recheck": 0,
                                                                                        "Filter": "((production_year >= 2000) AND (production_year <= 2010))",
                                                                                        "Rows Removed by Filter": 1,
                                                                                        "Workers": []
                                                                                    }
                                                                                ]
                                                                            },
                                                                            {
                                                                                "Node Type": "Index Scan",
                                                                                "Parent Relationship": "Inner",
                                                                                "Parallel Aware": false,
                                                                                "Async Capable": false,
                                                                                "Scan Direction": "Forward",
                                                                                "Index Name": "movie_id_movie_companies",
                                                                                "Relation Name": "movie_companies",
                                                                                "Alias": "mc",
                                                                                "Startup Cost": 0.43,
                                                                                "Total Cost": 0.61,
                                                                                "Plan Rows": 5,
                                                                                "Plan Width": 12,
                                                                                "Actual Startup Time": 0.001,
                                                                                "Actual Total Time": 0.001,
                                                                                "Actual Rows": 3,
                                                                                "Actual Loops": 52304,
                                                                                "Index Cond": "(movie_id = t.id)",
                                                                                "Rows Removed by Index Recheck": 0,
                                                                                "Workers": []
                                                                            }
                                                                        ]
                                                                    },
                                                                    {
                                                                        "Node Type": "Hash",
                                                                        "Parent Relationship": "Inner",
                                                                        "Parallel Aware": false,
                                                                        "Async Capable": false,
                                                                        "Startup Cost": 1.05,
                                                                        "Total Cost": 1.05,
                                                                        "Plan Rows": 1,
                                                                        "Plan Width": 4,
                                                                        "Actual Startup Time": 0.005,
                                                                        "Actual Total Time": 0.006,
                                                                        "Actual Rows": 1,
                                                                        "Actual Loops": 3,
                                                                        "Hash Buckets": 1024,
                                                                        "Original Hash Buckets": 1024,
                                                                        "Hash Batches": 1,
                                                                        "Original Hash Batches": 1,
                                                                        "Peak Memory Usage": 9,
                                                                        "Workers": [],
                                                                        "Plans": [
                                                                            {
                                                                                "Node Type": "Seq Scan",
                                                                                "Parent Relationship": "Outer",
                                                                                "Parallel Aware": false,
                                                                                "Async Capable": false,
                                                                                "Relation Name": "company_type",
                                                                                "Alias": "ct",
                                                                                "Startup Cost": 0.0,
                                                                                "Total Cost": 1.05,
                                                                                "Plan Rows": 1,
                                                                                "Plan Width": 4,
                                                                                "Actual Startup Time": 0.004,
                                                                                "Actual Total Time": 0.005,
                                                                                "Actual Rows": 1,
                                                                                "Actual Loops": 3,
                                                                                "Filter": "((kind)::text = 'production companies'::text)",
                                                                                "Rows Removed by Filter": 3,
                                                                                "Workers": []
                                                                            }
                                                                        ]
                                                                    }
                                                                ]
                                                            },
                                                            {
                                                                "Node Type": "Index Scan",
                                                                "Parent Relationship": "Inner",
                                                                "Parallel Aware": false,
                                                                "Async Capable": false,
                                                                "Scan Direction": "Forward",
                                                                "Index Name": "company_name_pkey",
                                                                "Relation Name": "company_name",
                                                                "Alias": "cn",
                                                                "Startup Cost": 0.42,
                                                                "Total Cost": 0.45,
                                                                "Plan Rows": 1,
                                                                "Plan Width": 23,
                                                                "Actual Startup Time": 0.001,
                                                                "Actual Total Time": 0.001,
                                                                "Actual Rows": 1,
                                                                "Actual Loops": 68466,
                                                                "Index Cond": "(id = mc.company_id)",
                                                                "Rows Removed by Index Recheck": 0,
                                                                "Filter": "((country_code)::text = '[us]'::text)",
                                                                "Rows Removed by Filter": 0,
                                                                "Workers": []
                                                            }
                                                        ]
                                                    },
                                                    {
                                                        "Node Type": "Index Scan",
                                                        "Parent Relationship": "Inner",
                                                        "Parallel Aware": false,
                                                        "Async Capable": false,
                                                        "Scan Direction": "Forward",
                                                        "Index Name": "movie_id_movie_info",
                                                        "Relation Name": "movie_info",
                                                        "Alias": "mi",
                                                        "Startup Cost": 0.43,
                                                        "Total Cost": 1.65,
                                                        "Plan Rows": 1,
                                                        "Plan Width": 8,
                                                        "Actual Startup Time": 0.006,
                                                        "Actual Total Time": 0.007,
                                                        "Actual Rows": 0,
                                                        "Actual Loops": 42332,
                                                        "Index Cond": "(movie_id = mc.movie_id)",
                                                        "Rows Removed by Index Recheck": 0,
                                                        "Filter": "(info = ANY ('{Drama,Horror,Western,Family}'::text[]))",
                                                        "Rows Removed by Filter": 29,
                                                        "Workers": []
                                                    }
                                                ]
                                            },
                                            {
                                                "Node Type": "Hash",
                                                "Parent Relationship": "Inner",
                                                "Parallel Aware": false,
                                                "Async Capable": false,
                                                "Startup Cost": 2.41,
                                                "Total Cost": 2.41,
                                                "Plan Rows": 1,
                                                "Plan Width": 4,
                                                "Actual Startup Time": 0.011,
                                                "Actual Total Time": 0.012,
                                                "Actual Rows": 1,
                                                "Actual Loops": 3,
                                                "Hash Buckets": 1024,
                                                "Original Hash Buckets": 1024,
                                                "Hash Batches": 1,
                                                "Original Hash Batches": 1,
                                                "Peak Memory Usage": 9,
                                                "Workers": [],
                                                "Plans": [
                                                    {
                                                        "Node Type": "Seq Scan",
                                                        "Parent Relationship": "Outer",
                                                        "Parallel Aware": false,
                                                        "Async Capable": false,
                                                        "Relation Name": "info_type",
                                                        "Alias": "it1",
                                                        "Startup Cost": 0.0,
                                                        "Total Cost": 2.41,
                                                        "Plan Rows": 1,
                                                        "Plan Width": 4,
                                                        "Actual Startup Time": 0.008,
                                                        "Actual Total Time": 0.01,
                                                        "Actual Rows": 1,
                                                        "Actual Loops": 3,
                                                        "Filter": "((info)::text = 'genres'::text)",
                                                        "Rows Removed by Filter": 112,
                                                        "Workers": []
                                                    }
                                                ]
                                            }
                                        ]
                                    }
                                ]
                            }
                        ]
                    },
                    "Planning Time": 2.254,
                    "Triggers": [],
                    "Execution Time": 256.15
                }
            ],
            "hints": [
                "SET enable_hashjoin TO on",
                "SET enable_indexonlyscan TO on",
                "SET enable_indexscan TO on",
                "SET enable_mergejoin TO on",
                "SET enable_nestloop TO on",
                "SET enable_seqscan TO on"
            ]
        },
        {
            "arm": 1,
            "execution_time": 704.419,
            "plan": [
                {
                    "Plan": {
                        "Node Type": "Aggregate",
                        "Strategy": "Plain",
                        "Partial Mode": "Finalize",
                        "Parallel Aware": false,
                        "Async Capable": false,
                        "Startup Cost": 304499.35,
                        "Total Cost": 304499.36,
                        "Plan Rows": 1,
                        "Plan Width": 96,
                        "Actual Startup Time": 679.9,
                        "Actual Total Time": 704.369,
                        "Actual Rows": 1,
                        "Actual Loops": 1,
                        "Plans": [
                            {
                                "Node Type": "Gather",
                                "Parent Relationship": "Outer",
                                "Parallel Aware": false,
                                "Async Capable": false,
                                "Startup Cost": 304499.23,
                                "Total Cost": 304499.34,
                                "Plan Rows": 1,
                                "Plan Width": 96,
                                "Actual Startup Time": 679.585,
                                "Actual Total Time": 704.365,
                                "Actual Rows": 2,
                                "Actual Loops": 1,
                                "Workers Planned": 1,
                                "Workers Launched": 1,
                                "Single Copy": false,
                                "Plans": [
                                    {
                                        "Node Type": "Aggregate",
                                        "Strategy": "Plain",
                                        "Partial Mode": "Partial",
                                        "Parent Relationship": "Outer",
                                        "Parallel Aware": false,
                                        "Async Capable": false,
                                        "Startup Cost": 303499.23,
                                        "Total Cost": 303499.24,
                                        "Plan Rows": 1,
                                        "Plan Width": 96,
                                        "Actual Startup Time": 678.643,
                                        "Actual Total Time": 678.653,
                                        "Actual Rows": 1,
                                        "Actual Loops": 2,
                                        "Workers": [],
                                        "Plans": [
                                            {
                                                "Node Type": "Hash Join",
                                                "Parent Relationship": "Outer",
                                                "Parallel Aware": true,
                                                "Async Capable": false,
                                                "Join Type": "Inner",
                                                "Startup Cost": 298543.92,
                                                "Total Cost": 303499.22,
                                                "Plan Rows": 1,
                                                "Plan Width": 42,
                                                "Actual Startup Time": 670.643,
                                                "Actual Total Time": 678.543,
                                                "Actual Rows": 2356,
                                                "Actual Loops": 2,
                                                "Inner Unique": false,
                                                "Hash Cond": "(cn.id = mc.company_id)",
                                                "Workers": [],
                                                "Plans": [
                                                    {
                                                        "Node Type": "Seq Scan",
                                                        "Parent Relationship": "Outer",
                                                        "Parallel Aware": true,
                                                        "Async Capable": false,
                                                        "Relation Name": "company_name",
                                                        "Alias": "cn",
                                                        "Startup Cost": 0.0,
                                                        "Total Cost": 4767.92,
                                                        "Plan Rows": 49967,
                                                        "Plan Width": 23,
                                                        "Actual Startup Time": 0.004,
                                                        "Actual Total Time": 5.937,
                                                        "Actual Rows": 42422,
                                                        "Actual Loops": 2,
                                                        "Filter": "((country_code)::text = '[us]'::text)",
                                                        "Rows Removed by Filter": 75077,
                                                        "Workers": []
                                                    },
                                                    {
                                                        "Node Type": "Hash",
                                                        "Parent Relationship": "Inner",
                                                        "Parallel Aware": true,
                                                        "Async Capable": false,
                                                        "Startup Cost": 298543.89,
                                                        "Total Cost": 298543.89,
                                                        "Plan Rows": 2,
                                                        "Plan Width": 27,
                                                        "Actual Startup Time": 670.529,
                                                        "Actual Total Time": 670.537,
                                                        "Actual Rows": 7768,
                                                        "Actual Loops": 2,
                                                        "Hash Buckets": 16384,
                                                        "Original Hash Buckets": 1024,
                                                        "Hash Batches": 1,
                                                        "Original Hash Batches": 1,
                                                        "Peak Memory Usage": 1176,
                                                        "Workers": [],
                                                        "Plans": [
                                                            {
                                                                "Node Type": "Hash Join",
                                                                "Parent Relationship": "Outer",
                                                                "Parallel Aware": false,
                                                                "Async Capable": false,
                                                                "Join Type": "Inner",
                                                                "Startup Cost": 268147.09,
                                                                "Total Cost": 298543.89,
                                                                "Plan Rows": 2,
                                                                "Plan Width": 27,
                                                                "Actual Startup Time": 617.161,
                                                                "Actual Total Time": 665.853,
                                                                "Actual Rows": 7768,
                                                                "Actual Loops": 2,
                                                                "Inner Unique": true,
                                                                "Hash Cond": "(mc.company_type_id = ct.id)",
                                                                "Workers": [],
                                                                "Plans": [
                                                                    {
                                                                        "Node Type": "Hash Join",
                                                                        "Parent Relationship": "Outer",
                                                                        "Parallel Aware": true,
                                                                        "Async Capable": false,
                                                                        "Join Type": "Inner",
                                                                        "Startup Cost": 268146.03,
                                                                        "Total Cost": 298542.79,
                                                                        "Plan Rows": 8,
                                                                        "Plan Width": 31,
                                                                        "Actual Startup Time": 570.084,
                                                                        "Actual Total Time": 664.979,
                                                                        "Actual Rows": 22503,
                                                                        "Actual Loops": 2,
                                                                        "Inner Unique": false,
                                                                        "Hash Cond": "(mc.movie_id = t.id)",
                                                                        "Workers": [],
                                                                        "Plans": [
                                                                            {
                                                                                "Node Type": "Seq Scan",
                                                                                "Parent Relationship": "Outer",
                                                                                "Parallel Aware": true,
                                                                                "Async Capable": false,
                                                                                "Relation Name": "movie_companies",
                                                                                "Alias": "mc",
                                                                                "Startup Cost": 0.0,
                                                                                "Total Cost": 27240.55,
                                                                                "Plan Rows": 841655,
                                                                                "Plan Width": 12,
                                                                                "Actual Startup Time": 0.003,
                                                                                "Actual Total Time": 45.102,
                                                                                "Actual Rows": 1304564,
                                                                                "Actual Loops": 2,
                                                                                "Workers": []
                                                                            },
                                                                            {
                                                                                "Node Type": "Hash",
                                                                                "Parent Relationship": "Inner",
                                                                                "Parallel Aware": true,
                                                                                "Async Capable": false,
                                                                                "Startup Cost": 268146.01,
                                                                                "Total Cost": 268146.01,
                                                                                "Plan Rows": 1,
                                                                                "Plan Width": 35,
                                                                                "Actual Startup Time": 570.012,
                                                                                "Actual Total Time": 570.019,
                                                                                "Actual Rows": 3982,
                                                                                "Actual Loops": 2,
                                                                                "Hash Buckets": 8192,
                                                                                "Original Hash Buckets": 1024,
                                                                                "Hash Batches": 1,
                                                                                "Original Hash Batches": 1,
                                                                                "Peak Memory Usage": 696,
                                                                                "Workers": [],
                                                                                "Plans": [
                                                                                    {
                                                                                        "Node Type": "Hash Join",
                                                                                        "Parent Relationship": "Outer",
                                                                                        "Parallel Aware": true,
                                                                                        "Async Capable": false,
                                                                                        "Join Type": "Inner",
                                                                                        "Startup Cost": 221668.8,
                                                                                        "Total Cost": 268146.01,
                                                                                        "Plan Rows": 1,
                                                                                        "Plan Width": 35,
                                                                                        "Actual Startup Time": 485.404,
                                                                                        "Actual Total Time": 567.736,
                                                                                        "Actual Rows": 3982,
                                                                                        "Actual Loops": 2,
                                                                                        "Inner Unique": false,
                                                                                        "Hash Cond": "(t.id = mi.movie_id)",
                                                                                        "Workers": [],
                                                                                        "Plans": [
                                                                                            {
                                                                                                "Node Type": "Seq Scan",
                                                                                                "Parent Relationship": "Outer",
                                                                                                "Parallel Aware": true,
                                                                                                "Async Capable": false,
                                                                                                "Relation Name": "title",
                                                                                                "Alias": "t",
                                                                                                "Startup Cost": 0.0,
                                                                                                "Total Cost": 45490.07,
                                                                                                "Plan Rows": 263234,
                                                                                                "Plan Width": 21,
                                                                                                "Actual Startup Time": 0.003,
                                                                                                "Actual Total Time": 61.464,
                                                                                                "Actual Rows": 521400,
                                                                                                "Actual Loops": 2,
                                                                                                "Filter": "((production_year >= 2000) AND (production_year <= 2010))",
                                                                                                "Rows Removed by Filter": 742756,
                                                                                                "Workers": []
                                                                                            },
                                                                                            {
                                                                                                "Node Type": "Hash",
                                                                                                "Parent Relationship": "Inner",
                                                                                                "Parallel Aware": true,
                                                                                                "Async Capable": false,
                                                                                                "Startup Cost": 221668.78,
                                                                                                "Total Cost": 221668.78,
                                                                                                "Plan Rows": 2,
                                                                                                "Plan Width": 14,
                                                                                                "Actual Startup Time": 485.248,
                                                                                                "Actual Total Time": 485.254,
                                                                                                "Actual Rows": 11094,
                                                                                                "Actual Loops": 2,
                                                                                                "Hash Buckets": 32768,
                                                                                                "Original Hash Buckets": 1024,
                                                                                                "Hash Batches": 1,
                                                                                                "Original Hash Batches": 1,
                                                                                                "Peak Memory Usage": 1592,
                                                                                                "Workers": [],
                                                                                                "Plans": [
                                                                                                    {
                                                                                                        "Node Type": "Hash Join",
                                                                                                        "Parent Relationship": "Outer",
                                                                                                        "Parallel Aware": true,
                                                                                                        "Async Capable": false,
                                                                                                        "Join Type": "Inner",
                                                                                                        "Startup Cost": 15392.29,
                                                                                                        "Total Cost": 221668.78,
                                                                                                        "Plan Rows": 2,
                                                                                                        "Plan Width": 14,
                                                                                                        "Actual Startup Time": 216.0,
                                                                                                        "Actual Total Time": 479.837,
                                                                                                        "Actual Rows": 11094,
                                                                                                        "Actual Loops": 2,
                                                                                                        "Inner Unique": false,
                                                                                                        "Hash Cond": "(mi.movie_id = mi_idx.movie_id)",
                                                                                                        "Workers": [],
                                                                                                        "Plans": [
                                                                                                            {
                                                                                                                "Node Type": "Hash Join",
                                                                                                                "Parent Relationship": "Outer",
                                                                                                                "Parallel Aware": false,
                                                                                                                "Async Capable": false,
                                                                                                                "Join Type": "Inner",
                                                                                                                "Startup Cost": 2.43,
                                                                                                                "Total Cost": 206276.66,
                                                                                                                "Plan Rows": 597,
                                                                                                                "Plan Width": 4,
                                                                                                                "Actual Startup Time": 178.519,
                                                                                                                "Actual Total Time": 431.025,
                                                                                                                "Actual Rows": 162628,
                                                                                                                "Actual Loops": 2,
                                                                                                                "Inner Unique": true,
                                                                                                                "Hash Cond": "(mi.info_type_id = it1.id)",
                                                                                                                "Workers": [],
                                                                                                                "Plans": [
                                                                                                                    {
                                                                                                                        "Node Type": "Seq Scan",
                                                                                                                        "Parent Relationship": "Outer",
                                                                                                                        "Parallel Aware": true,
                                                                                                                        "Async Capable": false,
                                                                                                                        "Relation Name": "movie_info",
                                                                                                                        "Alias": "mi",
                                                                                                                        "Startup Cost": 0.0,
                                                                                                                        "Total Cost": 206090.53,
                                                                                                                        "Plan Rows": 67454,
                                                                                                                        "Plan Width": 8,
                                                                                                                        "Actual Startup Time": 8.57,
                                                                                                                        "Actual Total Time": 421.329,
                                                                                                                        "Actual Rows": 163656,
                                                                                                                        "Actual Loops": 2,
                                                                                                                        "Filter": "(info = ANY ('{Drama,Horror,Western,Family}'::text[]))",
                                                                                                                        "Rows Removed by Filter": 7254204,
                                                                                                                        "Workers": []
                                                                                                                    },
                                                                                                                    {
                                                                                                                        "Node Type": "Hash",
                                                                                                                        "Parent Relationship": "Inner",
                                                                                                                        "Parallel Aware": false,
                                                                                                                        "Async Capable": false,
                                                                                                                        "Startup Cost": 2.41,
                                                                                                                        "Total Cost": 2.41,
                                                                                                                        "Plan Rows": 1,
                                                                                                                        "Plan Width": 4,
                                                                                                                        "Actual Startup Time": 0.009,
                                                                                                                        "Actual Total Time": 0.01,
                                                                                                                        "Actual Rows": 1,
                                                                                                                        "Actual Loops": 2,
                                                                                                                        "Hash Buckets": 1024,
                                                                                                                        "Original Hash Buckets": 1024,
                                                                                                                        "Hash Batches": 1,
                                                                                                                        "Original Hash Batches": 1,
                                                                                                                        "Peak Memory Usage": 9,
                                                                                                                        "Workers": [],
                                                                                                                        "Plans": [
                                                                                                                            {
                                                                                                                                "Node Type": "Seq Scan",
                                                                                                                                "Parent Relationship": "Outer",
                                                                                                                                "Parallel Aware": false,
                                                                                                                                "Async Capable": false,
                                                                                                                                "Relation Name": "info_type",
                                                                                                                                "Alias": "it1",
                                                                                                                                "Startup Cost": 0.0,
                                                                                                                                "Total Cost": 2.41,
                                                                                                                                "Plan Rows": 1,
                                                                                                                                "Plan Width": 4,
                                                                                                                                "Actual Startup Time": 0.005,
                                                                                                                                "Actual Total Time": 0.007,
                                                                                                                                "Actual Rows": 1,
                                                                                                                                "Actual Loops": 2,
                                                                                                                                "Filter": "((info)::text = 'genres'::text)",
                                                                                                                                "Rows Removed by Filter": 112,
                                                                                                                                "Workers": []
                                                                                                                            }
                                                                                                                        ]
                                                                                                                    }
                                                                                                                ]
                                                                                                            },
                                                                                                            {
                                                                                                                "Node Type": "Hash",
                                                                                                                "Parent Relationship": "Inner",
                                                                                                                "Parallel Aware": true,
                                                                                                                "Async Capable": false,
                                                                                                                "Startup Cost": 15380.81,
                                                                                                                "Total Cost": 15380.81,
                                                                                                                "Plan Rows": 724,
                                                                                                                "Plan Width": 10,
                                                                                                                "Actual Startup Time": 37.466,
                                                                                                                "Actual Total Time": 37.468,
                                                                                                                "Actual Rows": 60786,
                                                                                                                "Actual Loops": 2,
                                                                                                                "Hash Buckets": 131072,
                                                                                                                "Original Hash Buckets": 2048,
                                                                                                                "Hash Batches": 1,
                                                                                                                "Original Hash Batches": 1,
                                                                                                                "Peak Memory Usage": 6800,
                                                                                                                "Workers": [],
                                                                                                                "Plans": [
                                                                                                                    {
                                                                                                                        "Node Type": "Hash Join",
                                                                                                                        "Parent Relationship": "Outer",
                                                                                                                        "Parallel Aware": false,
                                                                                                                        "Async Capable": false,
                                                                                                                        "Join Type": "Inner",
                                                                                                                        "Startup Cost": 2.43,
                                                                                                                        "Total Cost": 15380.81,
                                                                                                                        "Plan Rows": 724,
                                                                                                                        "Plan Width": 10,
                                                                                                                        "Actual Startup Time": 0.016,
                                                                                                                        "Actual Total Time": 32.32,
                                                                                                                        "Actual Rows": 60786,
                                                                                                                        "Actual Loops": 2,
                                                                                                                        "Inner Unique": true,
                                                                                                                        "Hash Cond": "(mi_idx.info_type_id = it2.id)",
                                                                                                                        "Workers": [],
                                                                                                                        "Plans": [
                                                                                                                            {
                                                                                                                                "Node Type": "Seq Scan",
                                                                                                                                "Parent Relationship": "Outer",
                                                                                                                                "Parallel Aware": true,
                                                                                                                                "Async Capable": false,
                                                                                                                                "Relation Name": "movie_info_idx",
                                                                                                                                "Alias": "mi_idx",
                                                                                                                                "Startup Cost": 0.0,
                                                                                                                                "Total Cost": 15155.68,
                                                                                                                                "Plan Rows": 81772,
                                                                                                                                "Plan Width": 14,
                                                                                                                                "Actual Startup Time": 0.006,
                                                                                                                                "Actual Total Time": 27.053,
                                                                                                                                "Actual Rows": 96420,
                                                                                                                                "Actual Loops": 2,
                                                                                                                                "Filter": "(info > '7.0'::text)",
                                                                                                                                "Rows Removed by Filter": 593598,
                                                                                                                                "Workers": []
                                                                                                                            },
                                                                                                                            {
                                                                                                                                "Node Type": "Hash",
                                                                                                                                "Parent Relationship": "Inner",
                                                                                                                                "Parallel Aware": false,
                                                                                                                                "Async Capable": false,
                                                                                                                                "Startup Cost": 2.41,
                                                                                                                                "Total Cost": 2.41,
                                                                                                                                "Plan Rows": 1,
                                                                                                                                "Plan Width": 4,
                                                                                                                                "Actual Startup Time": 0.007,
                                                                                                                                "Actual Total Time": 0.007,
                                                                                                                                "Actual Rows": 1,
                                                                                                                                "Actual Loops": 2,
                                                                                                                                "Hash Buckets": 1024,
                                                                                                                                "Original Hash Buckets": 1024,
                                                                                                                                "Hash Batches": 1,
                                                                                                                                "Original Hash Batches": 1,
                                                                                                                                "Peak Memory Usage": 9,
                                                                                                                                "Workers": [],
                                                                                                                                "Plans": [
                                                                                                                                    {
                                                                                                                                        "Node Type": "Seq Scan",
                                                                                                                                        "Parent Relationship": "Outer",
                                                                                                                                        "Parallel Aware": false,
                                                                                                                                        "Async Capable": false,
                                                                                                                                        "Relation Name": "info_type",
                                                                                                                                        "Alias": "it2",
                                                                                                                                        "Startup Cost": 0.0,
                                                                                                                                        "Total Cost": 2.41,
                                                                                                                                        "Plan Rows": 1,
                                                                                                                                        "Plan Width": 4,
                                                                                                                                        "Actual Startup Time": 0.006,
                                                                                                                                        "Actual Total Time": 0.006,
                                                                                                                                        "Actual Rows": 1,
                                                                                                                                        "Actual Loops": 2,
                                                                                                                                        "Filter": "((info)::text = 'rating'::text)",
                                                                                                                                        "Rows Removed by Filter": 112,
                                                                                                                                        "Workers": []
                                                                                                                                    }
                                                                                                                                ]
                                                                                                                            }
                                                                                                                        ]
                                                                                                                    }
                                                                                                                ]
                                                                                                            }
                                                                                                        ]
                                                                                                    }
                                                                                                ]
                                                                                            }
                                                                                        ]
                                                                                    }
                                                                                ]
                                                                            }
                                                                        ]
                                                                    },
                                                                    {
                                                                        "Node Type": "Hash",
                                                                        "Parent Relationship": "Inner",
                                                                        "Parallel Aware": false,
                                                                        "Async Capable": false,
                                                                        "Startup Cost": 1.05,
                                                                        "Total Cost": 1.05,
                                                                        "Plan Rows": 1,
                                                                        "Plan Width": 4,
                                                                        "Actual Startup Time": 0.008,
                                                                        "Actual Total Time": 0.008,
                                                                        "Actual Rows": 1,
                                                                        "Actual Loops": 2,
                                                                        "Hash Buckets": 1024,
                                                                        "Original Hash Buckets": 1024,
                                                                        "Hash Batches": 1,
                                                                        "Original Hash Batches": 1,
                                                                        "Peak Memory Usage": 9,
                                                                        "Workers": [],
                                                                        "Plans": [
                                                                            {
                                                                                "Node Type": "Seq Scan",
                                                                                "Parent Relationship": "Outer",
                                                                                "Parallel Aware": false,
                                                                                "Async Capable": false,
                                                                                "Relation Name": "company_type",
                                                                                "Alias": "ct",
                                                                                "Startup Cost": 0.0,
                                                                                "Total Cost": 1.05,
                                                                                "Plan Rows": 1,
                                                                                "Plan Width": 4,
                                                                                "Actual Startup Time": 0.006,
                                                                                "Actual Total Time": 0.006,
                                                                                "Actual Rows": 1,
                                                                                "Actual Loops": 2,
                                                                                "Filter": "((kind)::text = 'production companies'::text)",
                                                                                "Rows Removed by Filter": 3,
                                                                                "Workers": []
                                                                            }
                                                                        ]
                                                                    }
                                                                ]
                                                            }
                                                        ]
                                                    }
                                                ]
                                            }
                                        ]
                                    }
                                ]
                            }
                        ]
                    },
                    "Planning Time": 2.191,
                    "Triggers": [],
                    "Execution Time": 704.419
                }
            ],
            "hints": [
                "SET enable_hashjoin TO on",
                "SET enable_indexonlyscan TO on",
                "SET enable_indexscan TO on",
                "SET enable_mergejoin TO on",
                "SET enable_nestloop TO off",
                "SET enable_seqscan TO on"
            ]
        },
        {
            "arm": 2,
            "execution_time": 710.257,
            "plan": [
                {
                    "Plan": {
                        "Node Type": "Aggregate",
                        "Strategy": "Plain",
                        "Partial Mode": "Finalize",
                        "Parallel Aware": false,
                        "Async Capable": false,
                        "Startup Cost": 304499.35,
                        "Total Cost": 304499.36,
                        "Plan Rows": 1,
                        "Plan Width": 96,
                        "Actual Startup Time": 685.494,
                        "Actual Total Time": 710.206,
                        "Actual Rows": 1,
                        "Actual Loops": 1,
                        "Plans": [
                            {
                                "Node Type": "Gather",
                                "Parent Relationship": "Outer",
                                "Parallel Aware": false,
                                "Async Capable": false,
                                "Startup Cost": 304499.23,
                                "Total Cost": 304499.34,
                                "Plan Rows": 1,
                                "Plan Width": 96,
                                "Actual Startup Time": 685.191,
                                "Actual Total Time": 710.202,
                                "Actual Rows": 2,
                                "Actual Loops": 1,
                                "Workers Planned": 1,
                                "Workers Launched": 1,
                                "Single Copy": false,
                                "Plans": [
                                    {
                                        "Node Type": "Aggregate",
                                        "Strategy": "Plain",
                                        "Partial Mode": "Partial",
                                        "Parent Relationship": "Outer",
                                        "Parallel Aware": false,
                                        "Async Capable": false,
                                        "Startup Cost": 303499.23,
                                        "Total Cost": 303499.24,
                                        "Plan Rows": 1,
                                        "Plan Width": 96,
                                        "Actual Startup Time": 684.017,
                                        "Actual Total Time": 684.026,
                                        "Actual Rows": 1,
                                        "Actual Loops": 2,
                                        "Workers": [],
                                        "Plans": [
                                            {
                                                "Node Type": "Hash Join",
                                                "Parent Relationship": "Outer",
                                                "Parallel Aware": true,
                                                "Async Capable": false,
                                                "Join Type": "Inner",
                                                "Startup Cost": 298543.92,
                                                "Total Cost": 303499.22,
                                                "Plan Rows": 1,
                                                "Plan Width": 42,
                                                "Actual Startup Time": 675.918,
                                                "Actual Total Time": 683.914,
                                                "Actual Rows": 2356,
                                                "Actual Loops": 2,
                                                "Inner Unique": false,
                                                "Hash Cond": "(cn.id = mc.company_id)",
                                                "Workers": [],
                                                "Plans": [
                                                    {
                                                        "Node Type": "Seq Scan",
                                                        "Parent Relationship": "Outer",
                                                        "Parallel Aware": true,
                                                        "Async Capable": false,
                                                        "Relation Name": "company_name",
                                                        "Alias": "cn",
                                                        "Startup Cost": 0.0,
                                                        "Total Cost": 4767.92,
                                                        "Plan Rows": 49967,
                                                        "Plan Width": 23,
                                                        "Actual Startup Time": 0.004,
                                                        "Actual Total Time": 5.942,
                                                        "Actual Rows": 42422,
                                                        "Actual Loops": 2,
                                                        "Filter": "((country_code)::text = '[us]'::text)",
                                                        "Rows Removed by Filter": 75077,
                                                        "Workers": []
                                                    },
                                                    {
                                                        "Node Type": "Hash",
                                                        "Parent Relationship": "Inner",
                                                        "Parallel Aware": true,
                                                        "Async Capable": false,
                                                        "Startup Cost": 298543.89,
                                                        "Total Cost": 298543.89,
                                                        "Plan Rows": 2,
                                                        "Plan Width": 27,
                                                        "Actual Startup Time": 675.796,
                                                        "Actual Total Time": 675.804,
                                                        "Actual Rows": 7768,
                                                        "Actual Loops": 2,
                                                        "Hash Buckets": 16384,
                                                        "Original Hash Buckets": 1024,
                                                        "Hash Batches": 1,
                                                        "Original Hash Batches": 1,
                                                        "Peak Memory Usage": 1208,
                                                        "Workers": [],
                                                        "Plans": [
                                                            {
                                                                "Node Type": "Hash Join",
                                                                "Parent Relationship": "Outer",
                                                                "Parallel Aware": false,
                                                                "Async Capable": false,
                                                                "Join Type": "Inner",
                                                                "Startup Cost": 268147.09,
                                                                "Total Cost": 298543.89,
                                                                "Plan Rows": 2,
                                                                "Plan Width": 27,
                                                                "Actual Startup Time": 623.221,
                                                                "Actual Total Time": 671.944,
                                                                "Actual Rows": 7768,
                                                                "Actual Loops": 2,
                                                                "Inner Unique": true,
                                                                "Hash Cond": "(mc.company_type_id = ct.id)",
                                                                "Workers": [],
                                                                "Plans": [
                                                                    {
                                                                        "Node Type": "Hash Join",
                                                                        "Parent Relationship": "Outer",
                                                                        "Parallel Aware": true,
                                                                        "Async Capable": false,
                                                                        "Join Type": "Inner",
                                                                        "Startup Cost": 268146.03,
                                                                        "Total Cost": 298542.79,
                                                                        "Plan Rows": 8,
                                                                        "Plan Width": 31,
                                                                        "Actual Startup Time": 575.703,
                                                                        "Actual Total Time": 671.073,
                                                                        "Actual Rows": 22503,
                                                                        "Actual Loops": 2,
                                                                        "Inner Unique": false,
                                                                        "Hash Cond": "(mc.movie_id = t.id)",
                                                                        "Workers": [],
                                                                        "Plans": [
                                                                            {
                                                                                "Node Type": "Seq Scan",
                                                                                "Parent Relationship": "Outer",
                                                                                "Parallel Aware": true,
                                                                                "Async Capable": false,
                                                                                "Relation Name": "movie_companies",
                                                                                "Alias": "mc",
                                                                                "Startup Cost": 0.0,
                                                                                "Total Cost": 27240.55,
                                                                                "Plan Rows": 841655,
                                                                                "Plan Width": 12,
                                                                                "Actual Startup Time": 0.004,
                                                                                "Actual Total Time": 45.091,
                                                                                "Actual Rows": 1304564,
                                                                                "Actual Loops": 2,
                                                                                "Workers": []
                                                                            },
                                                                            {
                                                                                "Node Type": "Hash",
                                                                                "Parent Relationship": "Inner",
                                                                                "Parallel Aware": true,
                                                                                "Async Capable": false,
                                                                                "Startup Cost": 268146.01,
                                                                                "Total Cost": 268146.01,
                                                                                "Plan Rows": 1,
                                                                                "Plan Width": 35,
                                                                                "Actual Startup Time": 575.631,
                                                                                "Actual Total Time": 575.638,
                                                                                "Actual Rows": 3982,
                                                                                "Actual Loops": 2,
                                                                                "Hash Buckets": 8192,
                                                                                "Original Hash Buckets": 1024,
                                                                                "Hash Batches": 1,
                                                                                "Original Hash Batches": 1,
                                                                                "Peak Memory Usage": 664,
                                                                                "Workers": [],
                                                                                "Plans": [
                                                                                    {
                                                                                        "Node Type": "Hash Join",
                                                                                        "Parent Relationship": "Outer",
                                                                                        "Parallel Aware": true,
                                                                                        "Async Capable": false,
                                                                                        "Join Type": "Inner",
                                                                                        "Startup Cost": 221668.8,
                                                                                        "Total Cost": 268146.01,
                                                                                        "Plan Rows": 1,
                                                                                        "Plan Width": 35,
                                                                                        "Actual Startup Time": 490.886,
                                                                                        "Actual Total Time": 573.549,
                                                                                        "Actual Rows": 3982,
                                                                                        "Actual Loops": 2,
                                                                                        "Inner Unique": false,
                                                                                        "Hash Cond": "(t.id = mi.movie_id)",
                                                                                        "Workers": [],
                                                                                        "Plans": [
                                                                                            {
                                                                                                "Node Type": "Seq Scan",
                                                                                                "Parent Relationship": "Outer",
                                                                                                "Parallel Aware": true,
                                                                                                "Async Capable": false,
                                                                                                "Relation Name": "title",
                                                                                                "Alias": "t",
                                                                                                "Startup Cost": 0.0,
                                                                                                "Total Cost": 45490.07,
                                                                                                "Plan Rows": 263234,
                                                                                                "Plan Width": 21,
                                                                                                "Actual Startup Time": 0.003,
                                                                                                "Actual Total Time": 61.604,
                                                                                                "Actual Rows": 521400,
                                                                                                "Actual Loops": 2,
                                                                                                "Filter": "((production_year >= 2000) AND (production_year <= 2010))",
                                                                                                "Rows Removed by Filter": 742756,
                                                                                                "Workers": []
                                                                                            },
                                                                                            {
                                                                                                "Node Type": "Hash",
                                                                                                "Parent Relationship": "Inner",
                                                                                                "Parallel Aware": true,
                                                                                                "Async Capable": false,
                                                                                                "Startup Cost": 221668.78,
                                                                                                "Total Cost": 221668.78,
                                                                                                "Plan Rows": 2,
                                                                                                "Plan Width": 14,
                                                                                                "Actual Startup Time": 490.73,
                                                                                                "Actual Total Time": 490.735,
                                                                                                "Actual Rows": 11094,
                                                                                                "Actual Loops": 2,
                                                                                                "Hash Buckets": 32768,
                                                                                                "Original Hash Buckets": 1024,
                                                                                                "Hash Batches": 1,
                                                                                                "Original Hash Batches": 1,
                                                                                                "Peak Memory Usage": 1592,
                                                                                                "Workers": [],
                                                                                                "Plans": [
                                                                                                    {
                                                                                                        "Node Type": "Hash Join",
                                                                                                        "Parent Relationship": "Outer",
                                                                                                        "Parallel Aware": true,
                                                                                                        "Async Capable": false,
                                                                                                        "Join Type": "Inner",
                                                                                                        "Startup Cost": 15392.29,
                                                                                                        "Total Cost": 221668.78,
                                                                                                        "Plan Rows": 2,
                                                                                                        "Plan Width": 14,
                                                                                                        "Actual Startup Time": 217.921,
                                                                                                        "Actual Total Time": 484.663,
                                                                                                        "Actual Rows": 11094,
                                                                                                        "Actual Loops": 2,
                                                                                                        "Inner Unique": false,
                                                                                                        "Hash Cond": "(mi.movie_id = mi_idx.movie_id)",
                                                                                                        "Workers": [],
                                                                                                        "Plans": [
                                                                                                            {
                                                                                                                "Node Type": "Hash Join",
                                                                                                                "Parent Relationship": "Outer",
                                                                                                                "Parallel Aware": false,
                                                                                                                "Async Capable": false,
                                                                                                                "Join Type": "Inner",
                                                                                                                "Startup Cost": 2.43,
                                                                                                                "Total Cost": 206276.66,
                                                                                                                "Plan Rows": 597,
                                                                                                                "Plan Width": 4,
                                                                                                                "Actual Startup Time": 179.921,
                                                                                                                "Actual Total Time": 435.328,
                                                                                                                "Actual Rows": 162628,
                                                                                                                "Actual Loops": 2,
                                                                                                                "Inner Unique": true,
                                                                                                                "Hash Cond": "(mi.info_type_id = it1.id)",
                                                                                                                "Workers": [],
                                                                                                                "Plans": [
                                                                                                                    {
                                                                                                                        "Node Type": "Seq Scan",
                                                                                                                        "Parent Relationship": "Outer",
                                                                                                                        "Parallel Aware": true,
                                                                                                                        "Async Capable": false,
                                                                                                                        "Relation Name": "movie_info",
                                                                                                                        "Alias": "mi",
                                                                                                                        "Startup Cost": 0.0,
                                                                                                                        "Total Cost": 206090.53,
                                                                                                                        "Plan Rows": 67454,
                                                                                                                        "Plan Width": 8,
                                                                                                                        "Actual Startup Time": 8.623,
                                                                                                                        "Actual Total Time": 425.749,
                                                                                                                        "Actual Rows": 163656,
                                                                                                                        "Actual Loops": 2,
                                                                                                                        "Filter": "(info = ANY ('{Drama,Horror,Western,Family}'::text[]))",
                                                                                                                        "Rows Removed by Filter": 7254204,
                                                                                                                        "Workers": []
                                                                                                                    },
                                                                                                                    {
                                                                                                                        "Node Type": "Hash",
                                                                                                                        "Parent Relationship": "Inner",
                                                                                                                        "Parallel Aware": false,
                                                                                                                        "Async Capable": false,
                                                                                                                        "Startup Cost": 2.41,
                                                                                                                        "Total Cost": 2.41,
                                                                                                                        "Plan Rows": 1,
                                                                                                                        "Plan Width": 4,
                                                                                                                        "Actual Startup Time": 0.008,
                                                                                                                        "Actual Total Time": 0.008,
                                                                                                                        "Actual Rows": 1,
                                                                                                                        "Actual Loops": 2,
                                                                                                                        "Hash Buckets": 1024,
                                                                                                                        "Original Hash Buckets": 1024,
                                                                                                                        "Hash Batches": 1,
                                                                                                                        "Original Hash Batches": 1,
                                                                                                                        "Peak Memory Usage": 9,
                                                                                                                        "Workers": [],
                                                                                                                        "Plans": [
                                                                                                                            {
                                                                                                                                "Node Type": "Seq Scan",
                                                                                                                                "Parent Relationship": "Outer",
                                                                                                                                "Parallel Aware": false,
                                                                                                                                "Async Capable": false,
                                                                                                                                "Relation Name": "info_type",
                                                                                                                                "Alias": "it1",
                                                                                                                                "Startup Cost": 0.0,
                                                                                                                                "Total Cost": 2.41,
                                                                                                                                "Plan Rows": 1,
                                                                                                                                "Plan Width": 4,
                                                                                                                                "Actual Startup Time": 0.004,
                                                                                                                                "Actual Total Time": 0.006,
                                                                                                                                "Actual Rows": 1,
                                                                                                                                "Actual Loops": 2,
                                                                                                                                "Filter": "((info)::text = 'genres'::text)",
                                                                                                                                "Rows Removed by Filter": 112,
                                                                                                                                "Workers": []
                                                                                                                            }
                                                                                                                        ]
                                                                                                                    }
                                                                                                                ]
                                                                                                            },
                                                                                                            {
                                                                                                                "Node Type": "Hash",
                                                                                                                "Parent Relationship": "Inner",
                                                                                                                "Parallel Aware": true,
                                                                                                                "Async Capable": false,
                                                                                                                "Startup Cost": 15380.81,
                                                                                                                "Total Cost": 15380.81,
                                                                                                                "Plan Rows": 724,
                                                                                                                "Plan Width": 10,
                                                                                                                "Actual Startup Time": 37.984,
                                                                                                                "Actual Total Time": 37.986,
                                                                                                                "Actual Rows": 60786,
                                                                                                                "Actual Loops": 2,
                                                                                                                "Hash Buckets": 131072,
                                                                                                                "Original Hash Buckets": 2048,
                                                                                                                "Hash Batches": 1,
                                                                                                                "Original Hash Batches": 1,
                                                                                                                "Peak Memory Usage": 6832,
                                                                                                                "Workers": [],
                                                                                                                "Plans": [
                                                                                                                    {
                                                                                                                        "Node Type": "Hash Join",
                                                                                                                        "Parent Relationship": "Outer",
                                                                                                                        "Parallel Aware": false,
                                                                                                                        "Async Capable": false,
                                                                                                                        "Join Type": "Inner",
                                                                                                                        "Startup Cost": 2.43,
                                                                                                                        "Total Cost": 15380.81,
                                                                                                                        "Plan Rows": 724,
                                                                                                                        "Plan Width": 10,
                                                                                                                        "Actual Startup Time": 0.019,
                                                                                                                        "Actual Total Time": 32.458,
                                                                                                                        "Actual Rows": 60786,
                                                                                                                        "Actual Loops": 2,
                                                                                                                        "Inner Unique": true,
                                                                                                                        "Hash Cond": "(mi_idx.info_type_id = it2.id)",
                                                                                                                        "Workers": [],
                                                                                                                        "Plans": [
                                                                                                                            {
                                                                                                                                "Node Type": "Seq Scan",
                                                                                                                                "Parent Relationship": "Outer",
                                                                                                                                "Parallel Aware": true,
                                                                                                                                "Async Capable": false,
                                                                                                                                "Relation Name": "movie_info_idx",
                                                                                                                                "Alias": "mi_idx",
                                                                                                                                "Startup Cost": 0.0,
                                                                                                                                "Total Cost": 15155.68,
                                                                                                                                "Plan Rows": 81772,
                                                                                                                                "Plan Width": 14,
                                                                                                                                "Actual Startup Time": 0.007,
                                                                                                                                "Actual Total Time": 27.139,
                                                                                                                                "Actual Rows": 96420,
                                                                                                                                "Actual Loops": 2,
                                                                                                                                "Filter": "(info > '7.0'::text)",
                                                                                                                                "Rows Removed by Filter": 593598,
                                                                                                                                "Workers": []
                                                                                                                            },
                                                                                                                            {
                                                                                                                                "Node Type": "Hash",
                                                                                                                                "Parent Relationship": "Inner",
                                                                                                                                "Parallel Aware": false,
                                                                                                                                "Async Capable": false,
                                                                                                                                "Startup Cost": 2.41,
                                                                                                                                "Total Cost": 2.41,
                                                                                                                                "Plan Rows": 1,
                                                                                                                                "Plan Width": 4,
                                                                                                                                "Actual Startup Time": 0.008,
                                                                                                                                "Actual Total Time": 0.008,
                                                                                                                                "Actual Rows": 1,
                                                                                                                                "Actual Loops": 2,
                                                                                                                                "Hash Buckets": 1024,
                                                                                                                                "Original Hash Buckets": 1024,
                                                                                                                                "Hash Batches": 1,
                                                                                                                                "Original Hash Batches": 1,
                                                                                                                                "Peak Memory Usage": 9,
                                                                                                                                "Workers": [],
                                                                                                                                "Plans": [
                                                                                                                                    {
                                                                                                                                        "Node Type": "Seq Scan",
                                                                                                                                        "Parent Relationship": "Outer",
                                                                                                                                        "Parallel Aware": false,
                                                                                                                                        "Async Capable": false,
                                                                                                                                        "Relation Name": "info_type",
                                                                                                                                        "Alias": "it2",
                                                                                                                                        "Startup Cost": 0.0,
                                                                                                                                        "Total Cost": 2.41,
                                                                                                                                        "Plan Rows": 1,
                                                                                                                                        "Plan Width": 4,
                                                                                                                                        "Actual Startup Time": 0.007,
                                                                                                                                        "Actual Total Time": 0.008,
                                                                                                                                        "Actual Rows": 1,
                                                                                                                                        "Actual Loops": 2,
                                                                                                                                        "Filter": "((info)::text = 'rating'::text)",
                                                                                                                                        "Rows Removed by Filter": 112,
                                                                                                                                        "Workers": []
                                                                                                                                    }
                                                                                                                                ]
                                                                                                                            }
                                                                                                                        ]
                                                                                                                    }
                                                                                                                ]
                                                                                                            }
                                                                                                        ]
                                                                                                    }
                                                                                                ]
                                                                                            }
                                                                                        ]
                                                                                    }
                                                                                ]
                                                                            }
                                                                        ]
                                                                    },
                                                                    {
                                                                        "Node Type": "Hash",
                                                                        "Parent Relationship": "Inner",
                                                                        "Parallel Aware": false,
                                                                        "Async Capable": false,
                                                                        "Startup Cost": 1.05,
                                                                        "Total Cost": 1.05,
                                                                        "Plan Rows": 1,
                                                                        "Plan Width": 4,
                                                                        "Actual Startup Time": 0.008,
                                                                        "Actual Total Time": 0.009,
                                                                        "Actual Rows": 1,
                                                                        "Actual Loops": 2,
                                                                        "Hash Buckets": 1024,
                                                                        "Original Hash Buckets": 1024,
                                                                        "Hash Batches": 1,
                                                                        "Original Hash Batches": 1,
                                                                        "Peak Memory Usage": 9,
                                                                        "Workers": [],
                                                                        "Plans": [
                                                                            {
                                                                                "Node Type": "Seq Scan",
                                                                                "Parent Relationship": "Outer",
                                                                                "Parallel Aware": false,
                                                                                "Async Capable": false,
                                                                                "Relation Name": "company_type",
                                                                                "Alias": "ct",
                                                                                "Startup Cost": 0.0,
                                                                                "Total Cost": 1.05,
                                                                                "Plan Rows": 1,
                                                                                "Plan Width": 4,
                                                                                "Actual Startup Time": 0.007,
                                                                                "Actual Total Time": 0.007,
                                                                                "Actual Rows": 1,
                                                                                "Actual Loops": 2,
                                                                                "Filter": "((kind)::text = 'production companies'::text)",
                                                                                "Rows Removed by Filter": 3,
                                                                                "Workers": []
                                                                            }
                                                                        ]
                                                                    }
                                                                ]
                                                            }
                                                        ]
                                                    }
                                                ]
                                            }
                                        ]
                                    }
                                ]
                            }
                        ]
                    },
                    "Planning Time": 1.172,
                    "Triggers": [],
                    "Execution Time": 710.257
                }
            ],
            "hints": [
                "SET enable_hashjoin TO on",
                "SET enable_indexonlyscan TO on",
                "SET enable_indexscan TO off",
                "SET enable_mergejoin TO off",
                "SET enable_nestloop TO on",
                "SET enable_seqscan TO on"
            ]
        },
        {
            "arm": 3,
            "execution_time": 706.053,
            "plan": [
                {
                    "Plan": {
                        "Node Type": "Aggregate",
                        "Strategy": "Plain",
                        "Partial Mode": "Finalize",
                        "Parallel Aware": false,
                        "Async Capable": false,
                        "Startup Cost": 304499.35,
                        "Total Cost": 304499.36,
                        "Plan Rows": 1,
                        "Plan Width": 96,
                        "Actual Startup Time": 681.674,
                        "Actual Total Time": 706.004,
                        "Actual Rows": 1,
                        "Actual Loops": 1,
                        "Plans": [
                            {
                                "Node Type": "Gather",
                                "Parent Relationship": "Outer",
                                "Parallel Aware": false,
                                "Async Capable": false,
                                "Startup Cost": 304499.23,
                                "Total Cost": 304499.34,
                                "Plan Rows": 1,
                                "Plan Width": 96,
                                "Actual Startup Time": 681.365,
                                "Actual Total Time": 706.0,
                                "Actual Rows": 2,
                                "Actual Loops": 1,
                                "Workers Planned": 1,
                                "Workers Launched": 1,
                                "Single Copy": false,
                                "Plans": [
                                    {
                                        "Node Type": "Aggregate",
                                        "Strategy": "Plain",
                                        "Partial Mode": "Partial",
                                        "Parent Relationship": "Outer",
                                        "Parallel Aware": false,
                                        "Async Capable": false,
                                        "Startup Cost": 303499.23,
                                        "Total Cost": 303499.24,
                                        "Plan Rows": 1,
                                        "Plan Width": 96,
                                        "Actual Startup Time": 680.239,
                                        "Actual Total Time": 680.247,
                                        "Actual Rows": 1,
                                        "Actual Loops": 2,
                                        "Workers": [],
                                        "Plans": [
                                            {
                                                "Node Type": "Hash Join",
                                                "Parent Relationship": "Outer",
                                                "Parallel Aware": true,
                                                "Async Capable": false,
                                                "Join Type": "Inner",
                                                "Startup Cost": 298543.92,
                                                "Total Cost": 303499.22,
                                                "Plan Rows": 1,
                                                "Plan Width": 42,
                                                "Actual Startup Time": 672.279,
                                                "Actual Total Time": 680.138,
                                                "Actual Rows": 2356,
                                                "Actual Loops": 2,
                                                "Inner Unique": false,
                                                "Hash Cond": "(cn.id = mc.company_id)",
                                                "Workers": [],
                                                "Plans": [
                                                    {
                                                        "Node Type": "Seq Scan",
                                                        "Parent Relationship": "Outer",
                                                        "Parallel Aware": true,
                                                        "Async Capable": false,
                                                        "Relation Name": "company_name",
                                                        "Alias": "cn",
                                                        "Startup Cost": 0.0,
                                                        "Total Cost": 4767.92,
                                                        "Plan Rows": 49967,
                                                        "Plan Width": 23,
                                                        "Actual Startup Time": 0.004,
                                                        "Actual Total Time": 5.903,
                                                        "Actual Rows": 42422,
                                                        "Actual Loops": 2,
                                                        "Filter": "((country_code)::text = '[us]'::text)",
                                                        "Rows Removed by Filter": 75077,
                                                        "Workers": []
                                                    },
                                                    {
                                                        "Node Type": "Hash",
                                                        "Parent Relationship": "Inner",
                                                        "Parallel Aware": true,
                                                        "Async Capable": false,
                                                        "Startup Cost": 298543.89,
                                                        "Total Cost": 298543.89,
                                                        "Plan Rows": 2,
                                                        "Plan Width": 27,
                                                        "Actual Startup Time": 672.163,
                                                        "Actual Total Time": 672.171,
                                                        "Actual Rows": 7768,
                                                        "Actual Loops": 2,
                                                        "Hash Buckets": 16384,
                                                        "Original Hash Buckets": 1024,
                                                        "Hash Batches": 1,
                                                        "Original Hash Batches": 1,
                                                        "Peak Memory Usage": 1176,
                                                        "Workers": [],
                                                        "Plans": [
                                                            {
                                                                "Node Type": "Hash Join",
                                                                "Parent Relationship": "Outer",
                                                                "Parallel Aware": false,
                                                                "Async Capable": false,
                                                                "Join Type": "Inner",
                                                                "Startup Cost": 268147.09,
                                                                "Total Cost": 298543.89,
                                                                "Plan Rows": 2,
                                                                "Plan Width": 27,
                                                                "Actual Startup Time": 619.408,
                                                                "Actual Total Time": 668.234,
                                                                "Actual Rows": 7768,
                                                                "Actual Loops": 2,
                                                                "Inner Unique": true,
                                                                "Hash Cond": "(mc.company_type_id = ct.id)",
                                                                "Workers": [],
                                                                "Plans": [
                                                                    {
                                                                        "Node Type": "Hash Join",
                                                                        "Parent Relationship": "Outer",
                                                                        "Parallel Aware": true,
                                                                        "Async Capable": false,
                                                                        "Join Type": "Inner",
                                                                        "Startup Cost": 268146.03,
                                                                        "Total Cost": 298542.79,
                                                                        "Plan Rows": 8,
                                                                        "Plan Width": 31,
                                                                        "Actual Startup Time": 571.07,
                                                                        "Actual Total Time": 667.345,
                                                                        "Actual Rows": 22503,
                                                                        "Actual Loops": 2,
                                                                        "Inner Unique": false,
                                                                        "Hash Cond": "(mc.movie_id = t.id)",
                                                                        "Workers": [],
                                                                        "Plans": [
                                                                            {
                                                                                "Node Type": "Seq Scan",
                                                                                "Parent Relationship": "Outer",
                                                                                "Parallel Aware": true,
                                                                                "Async Capable": false,
                                                                                "Relation Name": "movie_companies",
                                                                                "Alias": "mc",
                                                                                "Startup Cost": 0.0,
                                                                                "Total Cost": 27240.55,
                                                                                "Plan Rows": 841655,
                                                                                "Plan Width": 12,
                                                                                "Actual Startup Time": 0.004,
                                                                                "Actual Total Time": 45.575,
                                                                                "Actual Rows": 1304564,
                                                                                "Actual Loops": 2,
                                                                                "Workers": []
                                                                            },
                                                                            {
                                                                                "Node Type": "Hash",
                                                                                "Parent Relationship": "Inner",
                                                                                "Parallel Aware": true,
                                                                                "Async Capable": false,
                                                                                "Startup Cost": 268146.01,
                                                                                "Total Cost": 268146.01,
                                                                                "Plan Rows": 1,
                                                                                "Plan Width": 35,
                                                                                "Actual Startup Time": 570.981,
                                                                                "Actual Total Time": 570.987,
                                                                                "Actual Rows": 3982,
                                                                                "Actual Loops": 2,
                                                                                "Hash Buckets": 8192,
                                                                                "Original Hash Buckets": 1024,
                                                                                "Hash Batches": 1,
                                                                                "Original Hash Batches": 1,
                                                                                "Peak Memory Usage": 696,
                                                                                "Workers": [],
                                                                                "Plans": [
                                                                                    {
                                                                                        "Node Type": "Hash Join",
                                                                                        "Parent Relationship": "Outer",
                                                                                        "Parallel Aware": true,
                                                                                        "Async Capable": false,
                                                                                        "Join Type": "Inner",
                                                                                        "Startup Cost": 221668.8,
                                                                                        "Total Cost": 268146.01,
                                                                                        "Plan Rows": 1,
                                                                                        "Plan Width": 35,
                                                                                        "Actual Startup Time": 486.092,
                                                                                        "Actual Total Time": 569.074,
                                                                                        "Actual Rows": 3982,
                                                                                        "Actual Loops": 2,
                                                                                        "Inner Unique": false,
                                                                                        "Hash Cond": "(t.id = mi.movie_id)",
                                                                                        "Workers": [],
                                                                                        "Plans": [
                                                                                            {
                                                                                                "Node Type": "Seq Scan",
                                                                                                "Parent Relationship": "Outer",
                                                                                                "Parallel Aware": true,
                                                                                                "Async Capable": false,
                                                                                                "Relation Name": "title",
                                                                                                "Alias": "t",
                                                                                                "Startup Cost": 0.0,
                                                                                                "Total Cost": 45490.07,
                                                                                                "Plan Rows": 263234,
                                                                                                "Plan Width": 21,
                                                                                                "Actual Startup Time": 0.004,
                                                                                                "Actual Total Time": 61.724,
                                                                                                "Actual Rows": 521400,
                                                                                                "Actual Loops": 2,
                                                                                                "Filter": "((production_year >= 2000) AND (production_year <= 2010))",
                                                                                                "Rows Removed by Filter": 742756,
                                                                                                "Workers": []
                                                                                            },
                                                                                            {
                                                                                                "Node Type": "Hash",
                                                                                                "Parent Relationship": "Inner",
                                                                                                "Parallel Aware": true,
                                                                                                "Async Capable": false,
                                                                                                "Startup Cost": 221668.78,
                                                                                                "Total Cost": 221668.78,
                                                                                                "Plan Rows": 2,
                                                                                                "Plan Width": 14,
                                                                                                "Actual Startup Time": 485.931,
                                                                                                "Actual Total Time": 485.936,
                                                                                                "Actual Rows": 11094,
                                                                                                "Actual Loops": 2,
                                                                                                "Hash Buckets": 32768,
                                                                                                "Original Hash Buckets": 1024,
                                                                                                "Hash Batches": 1,
                                                                                                "Original Hash Batches": 1,
                                                                                                "Peak Memory Usage": 1592,
                                                                                                "Workers": [],
                                                                                                "Plans": [
                                                                                                    {
                                                                                                        "Node Type": "Hash Join",
                                                                                                        "Parent Relationship": "Outer",
                                                                                                        "Parallel Aware": true,
                                                                                                        "Async Capable": false,
                                                                                                        "Join Type": "Inner",
                                                                                                        "Startup Cost": 15392.29,
                                                                                                        "Total Cost": 221668.78,
                                                                                                        "Plan Rows": 2,
                                                                                                        "Plan Width": 14,
                                                                                                        "Actual Startup Time": 215.137,
                                                                                                        "Actual Total Time": 481.115,
                                                                                                        "Actual Rows": 11094,
                                                                                                        "Actual Loops": 2,
                                                                                                        "Inner Unique": false,
                                                                                                        "Hash Cond": "(mi.movie_id = mi_idx.movie_id)",
                                                                                                        "Workers": [],
                                                                                                        "Plans": [
                                                                                                            {
                                                                                                                "Node Type": "Hash Join",
                                                                                                                "Parent Relationship": "Outer",
                                                                                                                "Parallel Aware": false,
                                                                                                                "Async Capable": false,
                                                                                                                "Join Type": "Inner",
                                                                                                                "Startup Cost": 2.43,
                                                                                                                "Total Cost": 206276.66,
                                                                                                                "Plan Rows": 597,
                                                                                                                "Plan Width": 4,
                                                                                                                "Actual Startup Time": 178.679,
                                                                                                                "Actual Total Time": 432.646,
                                                                                                                "Actual Rows": 162628,
                                                                                                                "Actual Loops": 2,
                                                                                                                "Inner Unique": true,
                                                                                                                "Hash Cond": "(mi.info_type_id = it1.id)",
                                                                                                                "Workers": [],
                                                                                                                "Plans": [
                                                                                                                    {
                                                                                                                        "Node Type": "Seq Scan",
                                                                                                                        "Parent Relationship": "Outer",
                                                                                                                        "Parallel Aware": true,
                                                                                                                        "Async Capable": false,
                                                                                                                        "Relation Name": "movie_info",
                                                                                                                        "Alias": "mi",
                                                                                                                        "Startup Cost": 0.0,
                                                                                                                        "Total Cost": 206090.53,
                                                                                                                        "Plan Rows": 67454,
                                                                                                                        "Plan Width": 8,
                                                                                                                        "Actual Startup Time": 8.552,
                                                                                                                        "Actual Total Time": 422.949,
                                                                                                                        "Actual Rows": 163656,
                                                                                                                        "Actual Loops": 2,
                                                                                                                        "Filter": "(info = ANY ('{Drama,Horror,Western,Family}'::text[]))",
                                                                                                                        "Rows Removed by Filter": 7254204,
                                                                                                                        "Workers": []
                                                                                                                    },
                                                                                                                    {
                                                                                                                        "Node Type": "Hash",
                                                                                                                        "Parent Relationship": "Inner",
                                                                                                                        "Parallel Aware": false,
                                                                                                                        "Async Capable": false,
                                                                                                                        "Startup Cost": 2.41,
                                                                                                                        "Total Cost": 2.41,
                                                                                                                        "Plan Rows": 1,
                                                                                                                        "Plan Width": 4,
                                                                                                                        "Actual Startup Time": 0.008,
                                                                                                                        "Actual Total Time": 0.009,
                                                                                                                        "Actual Rows": 1,
                                                                                                                        "Actual Loops": 2,
                                                                                                                        "Hash Buckets": 1024,
                                                                                                                        "Original Hash Buckets": 1024,
                                                                                                                        "Hash Batches": 1,
                                                                                                                        "Original Hash Batches": 1,
                                                                                                                        "Peak Memory Usage": 9,
                                                                                                                        "Workers": [],
                                                                                                                        "Plans": [
                                                                                                                            {
                                                                                                                                "Node Type": "Seq Scan",
                                                                                                                                "Parent Relationship": "Outer",
                                                                                                                                "Parallel Aware": false,
                                                                                                                                "Async Capable": false,
                                                                                                                                "Relation Name": "info_type",
                                                                                                                                "Alias": "it1",
                                                                                                                                "Startup Cost": 0.0,
                                                                                                                                "Total Cost": 2.41,
                                                                                                                                "Plan Rows": 1,
                                                                                                                                "Plan Width": 4,
                                                                                                                                "Actual Startup Time": 0.005,
                                                                                                                                "Actual Total Time": 0.007,
                                                                                                                                "Actual Rows": 1,
                                                                                                                                "Actual Loops": 2,
                                                                                                                                "Filter": "((info)::text = 'genres'::text)",
                                                                                                                                "Rows Removed by Filter": 112,
                                                                                                                                "Workers": []
                                                                                                                            }
                                                                                                                        ]
                                                                                                                    }
                                                                                                                ]
                                                                                                            },
                                                                                                            {
                                                                                                                "Node Type": "Hash",
                                                                                                                "Parent Relationship": "Inner",
                                                                                                                "Parallel Aware": true,
                                                                                                                "Async Capable": false,
                                                                                                                "Startup Cost": 15380.81,
                                                                                                                "Total Cost": 15380.81,
                                                                                                                "Plan Rows": 724,
                                                                                                                "Plan Width": 10,
                                                                                                                "Actual Startup Time": 36.442,
                                                                                                                "Actual Total Time": 36.444,
                                                                                                                "Actual Rows": 60786,
                                                                                                                "Actual Loops": 2,
                                                                                                                "Hash Buckets": 131072,
                                                                                                                "Original Hash Buckets": 2048,
                                                                                                                "Hash Batches": 1,
                                                                                                                "Original Hash Batches": 1,
                                                                                                                "Peak Memory Usage": 6832,
                                                                                                                "Workers": [],
                                                                                                                "Plans": [
                                                                                                                    {
                                                                                                                        "Node Type": "Hash Join",
                                                                                                                        "Parent Relationship": "Outer",
                                                                                                                        "Parallel Aware": false,
                                                                                                                        "Async Capable": false,
                                                                                                                        "Join Type": "Inner",
                                                                                                                        "Startup Cost": 2.43,
                                                                                                                        "Total Cost": 15380.81,
                                                                                                                        "Plan Rows": 724,
                                                                                                                        "Plan Width": 10,
                                                                                                                        "Actual Startup Time": 0.017,
                                                                                                                        "Actual Total Time": 31.323,
                                                                                                                        "Actual Rows": 60786,
                                                                                                                        "Actual Loops": 2,
                                                                                                                        "Inner Unique": true,
                                                                                                                        "Hash Cond": "(mi_idx.info_type_id = it2.id)",
                                                                                                                        "Workers": [],
                                                                                                                        "Plans": [
                                                                                                                            {
                                                                                                                                "Node Type": "Seq Scan",
                                                                                                                                "Parent Relationship": "Outer",
                                                                                                                                "Parallel Aware": true,
                                                                                                                                "Async Capable": false,
                                                                                                                                "Relation Name": "movie_info_idx",
                                                                                                                                "Alias": "mi_idx",
                                                                                                                                "Startup Cost": 0.0,
                                                                                                                                "Total Cost": 15155.68,
                                                                                                                                "Plan Rows": 81772,
                                                                                                                                "Plan Width": 14,
                                                                                                                                "Actual Startup Time": 0.006,
                                                                                                                                "Actual Total Time": 26.291,
                                                                                                                                "Actual Rows": 96420,
                                                                                                                                "Actual Loops": 2,
                                                                                                                                "Filter": "(info > '7.0'::text)",
                                                                                                                                "Rows Removed by Filter": 593598,
                                                                                                                                "Workers": []
                                                                                                                            },
                                                                                                                            {
                                                                                                                                "Node Type": "Hash",
                                                                                                                                "Parent Relationship": "Inner",
                                                                                                                                "Parallel Aware": false,
                                                                                                                                "Async Capable": false,
                                                                                                                                "Startup Cost": 2.41,
                                                                                                                                "Total Cost": 2.41,
                                                                                                                                "Plan Rows": 1,
                                                                                                                                "Plan Width": 4,
                                                                                                                                "Actual Startup Time": 0.007,
                                                                                                                                "Actual Total Time": 0.008,
                                                                                                                                "Actual Rows": 1,
                                                                                                                                "Actual Loops": 2,
                                                                                                                                "Hash Buckets": 1024,
                                                                                                                                "Original Hash Buckets": 1024,
                                                                                                                                "Hash Batches": 1,
                                                                                                                                "Original Hash Batches": 1,
                                                                                                                                "Peak Memory Usage": 9,
                                                                                                                                "Workers": [],
                                                                                                                                "Plans": [
                                                                                                                                    {
                                                                                                                                        "Node Type": "Seq Scan",
                                                                                                                                        "Parent Relationship": "Outer",
                                                                                                                                        "Parallel Aware": false,
                                                                                                                                        "Async Capable": false,
                                                                                                                                        "Relation Name": "info_type",
                                                                                                                                        "Alias": "it2",
                                                                                                                                        "Startup Cost": 0.0,
                                                                                                                                        "Total Cost": 2.41,
                                                                                                                                        "Plan Rows": 1,
                                                                                                                                        "Plan Width": 4,
                                                                                                                                        "Actual Startup Time": 0.006,
                                                                                                                                        "Actual Total Time": 0.007,
                                                                                                                                        "Actual Rows": 1,
                                                                                                                                        "Actual Loops": 2,
                                                                                                                                        "Filter": "((info)::text = 'rating'::text)",
                                                                                                                                        "Rows Removed by Filter": 112,
                                                                                                                                        "Workers": []
                                                                                                                                    }
                                                                                                                                ]
                                                                                                                            }
                                                                                                                        ]
                                                                                                                    }
                                                                                                                ]
                                                                                                            }
                                                                                                        ]
                                                                                                    }
                                                                                                ]
                                                                                            }
                                                                                        ]
                                                                                    }
                                                                                ]
                                                                            }
                                                                        ]
                                                                    },
                                                                    {
                                                                        "Node Type": "Hash",
                                                                        "Parent Relationship": "Inner",
                                                                        "Parallel Aware": false,
                                                                        "Async Capable": false,
                                                                        "Startup Cost": 1.05,
                                                                        "Total Cost": 1.05,
                                                                        "Plan Rows": 1,
                                                                        "Plan Width": 4,
                                                                        "Actual Startup Time": 0.009,
                                                                        "Actual Total Time": 0.009,
                                                                        "Actual Rows": 1,
                                                                        "Actual Loops": 2,
                                                                        "Hash Buckets": 1024,
                                                                        "Original Hash Buckets": 1024,
                                                                        "Hash Batches": 1,
                                                                        "Original Hash Batches": 1,
                                                                        "Peak Memory Usage": 9,
                                                                        "Workers": [],
                                                                        "Plans": [
                                                                            {
                                                                                "Node Type": "Seq Scan",
                                                                                "Parent Relationship": "Outer",
                                                                                "Parallel Aware": false,
                                                                                "Async Capable": false,
                                                                                "Relation Name": "company_type",
                                                                                "Alias": "ct",
                                                                                "Startup Cost": 0.0,
                                                                                "Total Cost": 1.05,
                                                                                "Plan Rows": 1,
                                                                                "Plan Width": 4,
                                                                                "Actual Startup Time": 0.007,
                                                                                "Actual Total Time": 0.007,
                                                                                "Actual Rows": 1,
                                                                                "Actual Loops": 2,
                                                                                "Filter": "((kind)::text = 'production companies'::text)",
                                                                                "Rows Removed by Filter": 3,
                                                                                "Workers": []
                                                                            }
                                                                        ]
                                                                    }
                                                                ]
                                                            }
                                                        ]
                                                    }
                                                ]
                                            }
                                        ]
                                    }
                                ]
                            }
                        ]
                    },
                    "Planning Time": 1.63,
                    "Triggers": [],
                    "Execution Time": 706.053
                }
            ],
            "hints": [
                "SET enable_hashjoin TO on",
                "SET enable_indexonlyscan TO on",
                "SET enable_indexscan TO off",
                "SET enable_mergejoin TO off",
                "SET enable_nestloop TO off",
                "SET enable_seqscan TO on"
            ]
        },
        {
            "arm": 4,
            "execution_time": 233.773,
            "plan": [
                {
                    "Plan": {
                        "Node Type": "Aggregate",
                        "Strategy": "Plain",
                        "Partial Mode": "Simple",
                        "Parallel Aware": false,
                        "Async Capable": false,
                        "Startup Cost": 18003.95,
                        "Total Cost": 18003.96,
                        "Plan Rows": 1,
                        "Plan Width": 96,
                        "Actual Startup Time": 209.613,
                        "Actual Total Time": 233.722,
                        "Actual Rows": 1,
                        "Actual Loops": 1,
                        "Plans": [
                            {
                                "Node Type": "Gather",
                                "Parent Relationship": "Outer",
                                "Parallel Aware": false,
                                "Async Capable": false,
                                "Startup Cost": 1007.63,
                                "Total Cost": 18003.94,
                                "Plan Rows": 2,
                                "Plan Width": 42,
                                "Actual Startup Time": 0.824,
                                "Actual Total Time": 233.456,
                                "Actual Rows": 4711,
                                "Actual Loops": 1,
                                "Workers Planned": 2,
                                "Workers Launched": 2,
                                "Single Copy": false,
                                "Plans": [
                                    {
                                        "Node Type": "Hash Join",
                                        "Parent Relationship": "Outer",
                                        "Parallel Aware": false,
                                        "Async Capable": false,
                                        "Join Type": "Inner",
                                        "Startup Cost": 7.63,
                                        "Total Cost": 17003.74,
                                        "Plan Rows": 1,
                                        "Plan Width": 42,
                                        "Actual Startup Time": 1.394,
                                        "Actual Total Time": 207.854,
                                        "Actual Rows": 1570,
                                        "Actual Loops": 3,
                                        "Inner Unique": true,
                                        "Hash Cond": "(mi.info_type_id = it1.id)",
                                        "Workers": [],
                                        "Plans": [
                                            {
                                                "Node Type": "Nested Loop",
                                                "Parent Relationship": "Outer",
                                                "Parallel Aware": false,
                                                "Async Capable": false,
                                                "Join Type": "Inner",
                                                "Startup Cost": 5.2,
                                                "Total Cost": 17001.02,
                                                "Plan Rows": 108,
                                                "Plan Width": 46,
                                                "Actual Startup Time": 1.334,
                                                "Actual Total Time": 207.668,
                                                "Actual Rows": 1570,
                                                "Actual Loops": 3,
                                                "Inner Unique": false,
                                                "Join Filter": "(mi.movie_id = t.id)",
                                                "Rows Removed by Join Filter": 0,
                                                "Workers": [],
                                                "Plans": [
                                                    {
                                                        "Node Type": "Nested Loop",
                                                        "Parent Relationship": "Outer",
                                                        "Parallel Aware": false,
                                                        "Async Capable": false,
                                                        "Join Type": "Inner",
                                                        "Startup Cost": 4.77,
                                                        "Total Cost": 16760.67,
                                                        "Plan Rows": 145,
                                                        "Plan Width": 54,
                                                        "Actual Startup Time": 0.094,
                                                        "Actual Total Time": 128.841,
                                                        "Actual Rows": 14111,
                                                        "Actual Loops": 3,
                                                        "Inner Unique": true,
                                                        "Workers": [],
                                                        "Plans": [
                                                            {
                                                                "Node Type": "Hash Join",
                                                                "Parent Relationship": "Outer",
                                                                "Parallel Aware": false,
                                                                "Async Capable": false,
                                                                "Join Type": "Inner",
                                                                "Startup Cost": 4.35,
                                                                "Total Cost": 16582.27,
                                                                "Plan Rows": 400,
                                                                "Plan Width": 39,
                                                                "Actual Startup Time": 0.079,
                                                                "Actual Total Time": 107.725,
                                                                "Actual Rows": 22822,
                                                                "Actual Loops": 3,
                                                                "Inner Unique": true,
                                                                "Hash Cond": "(mc.company_type_id = ct.id)",
                                                                "Workers": [],
                                                                "Plans": [
                                                                    {
                                                                        "Node Type": "Nested Loop",
                                                                        "Parent Relationship": "Outer",
                                                                        "Parallel Aware": false,
                                                                        "Async Capable": false,
                                                                        "Join Type": "Inner",
                                                                        "Startup Cost": 3.29,
                                                                        "Total Cost": 16572.55,
                                                                        "Plan Rows": 1602,
                                                                        "Plan Width": 43,
                                                                        "Actual Startup Time": 0.061,
                                                                        "Actual Total Time": 105.07,
                                                                        "Actual Rows": 56386,
                                                                        "Actual Loops": 3,
                                                                        "Inner Unique": false,
                                                                        "Workers": [],
                                                                        "Plans": [
                                                                            {
                                                                                "Node Type": "Nested Loop",
                                                                                "Parent Relationship": "Outer",
                                                                                "Parallel Aware": false,
                                                                                "Async Capable": false,
                                                                                "Join Type": "Inner",
                                                                                "Startup Cost": 2.86,
                                                                                "Total Cost": 16372.63,
                                                                                "Plan Rows": 301,
                                                                                "Plan Width": 31,
                                                                                "Actual Startup Time": 0.04,
                                                                                "Actual Total Time": 78.503,
                                                                                "Actual Rows": 17435,
                                                                                "Actual Loops": 3,
                                                                                "Inner Unique": true,
                                                                                "Workers": [],
                                                                                "Plans": [
                                                                                    {
                                                                                        "Node Type": "Hash Join",
                                                                                        "Parent Relationship": "Outer",
                                                                                        "Parallel Aware": false,
                                                                                        "Async Capable": false,
                                                                                        "Join Type": "Inner",
                                                                                        "Startup Cost": 2.43,
                                                                                        "Total Cost": 15380.81,
                                                                                        "Plan Rows": 724,
                                                                                        "Plan Width": 10,
                                                                                        "Actual Startup Time": 0.016,
                                                                                        "Actual Total Time": 22.145,
                                                                                        "Actual Rows": 40524,
                                                                                        "Actual Loops": 3,
                                                                                        "Inner Unique": true,
                                                                                        "Hash Cond": "(mi_idx.info_type_id = it2.id)",
                                                                                        "Workers": [],
                                                                                        "Plans": [
                                                                                            {
                                                                                                "Node Type": "Seq Scan",
                                                                                                "Parent Relationship": "Outer",
                                                                                                "Parallel Aware": true,
                                                                                                "Async Capable": false,
                                                                                                "Relation Name": "movie_info_idx",
                                                                                                "Alias": "mi_idx",
                                                                                                "Startup Cost": 0.0,
                                                                                                "Total Cost": 15155.68,
                                                                                                "Plan Rows": 81772,
                                                                                                "Plan Width": 14,
                                                                                                "Actual Startup Time": 0.007,
                                                                                                "Actual Total Time": 18.445,
                                                                                                "Actual Rows": 64280,
                                                                                                "Actual Loops": 3,
                                                                                                "Filter": "(info > '7.0'::text)",
                                                                                                "Rows Removed by Filter": 395732,
                                                                                                "Workers": []
                                                                                            },
                                                                                            {
                                                                                                "Node Type": "Hash",
                                                                                                "Parent Relationship": "Inner",
                                                                                                "Parallel Aware": false,
                                                                                                "Async Capable": false,
                                                                                                "Startup Cost": 2.41,
                                                                                                "Total Cost": 2.41,
                                                                                                "Plan Rows": 1,
                                                                                                "Plan Width": 4,
                                                                                                "Actual Startup Time": 0.005,
                                                                                                "Actual Total Time": 0.005,
                                                                                                "Actual Rows": 1,
                                                                                                "Actual Loops": 3,
                                                                                                "Hash Buckets": 1024,
                                                                                                "Original Hash Buckets": 1024,
                                                                                                "Hash Batches": 1,
                                                                                                "Original Hash Batches": 1,
                                                                                                "Peak Memory Usage": 9,
                                                                                                "Workers": [],
                                                                                                "Plans": [
                                                                                                    {
                                                                                                        "Node Type": "Seq Scan",
                                                                                                        "Parent Relationship": "Outer",
                                                                                                        "Parallel Aware": false,
                                                                                                        "Async Capable": false,
                                                                                                        "Relation Name": "info_type",
                                                                                                        "Alias": "it2",
                                                                                                        "Startup Cost": 0.0,
                                                                                                        "Total Cost": 2.41,
                                                                                                        "Plan Rows": 1,
                                                                                                        "Plan Width": 4,
                                                                                                        "Actual Startup Time": 0.003,
                                                                                                        "Actual Total Time": 0.004,
                                                                                                        "Actual Rows": 1,
                                                                                                        "Actual Loops": 3,
                                                                                                        "Filter": "((info)::text = 'rating'::text)",
                                                                                                        "Rows Removed by Filter": 112,
                                                                                                        "Workers": []
                                                                                                    }
                                                                                                ]
                                                                                            }
                                                                                        ]
                                                                                    },
                                                                                    {
                                                                                        "Node Type": "Index Scan",
                                                                                        "Parent Relationship": "Inner",
                                                                                        "Parallel Aware": false,
                                                                                        "Async Capable": false,
                                                                                        "Scan Direction": "Forward",
                                                                                        "Index Name": "title_pkey",
                                                                                        "Relation Name": "title",
                                                                                        "Alias": "t",
                                                                                        "Startup Cost": 0.43,
                                                                                        "Total Cost": 1.37,
                                                                                        "Plan Rows": 1,
                                                                                        "Plan Width": 21,
                                                                                        "Actual Startup Time": 0.001,
                                                                                        "Actual Total Time": 0.001,
                                                                                        "Actual Rows": 0,
                                                                                        "Actual Loops": 121572,
                                                                                        "Index Cond": "(id = mi_idx.movie_id)",
                                                                                        "Rows Removed by Index Recheck": 0,
                                                                                        "Filter": "((production_year >= 2000) AND (production_year <= 2010))",
                                                                                        "Rows Removed by Filter": 1,
                                                                                        "Workers": []
                                                                                    }
                                                                                ]
                                                                            },
                                                                            {
                                                                                "Node Type": "Index Scan",
                                                                                "Parent Relationship": "Inner",
                                                                                "Parallel Aware": false,
                                                                                "Async Capable": false,
                                                                                "Scan Direction": "Forward",
                                                                                "Index Name": "movie_id_movie_companies",
                                                                                "Relation Name": "movie_companies",
                                                                                "Alias": "mc",
                                                                                "Startup Cost": 0.43,
                                                                                "Total Cost": 0.61,
                                                                                "Plan Rows": 5,
                                                                                "Plan Width": 12,
                                                                                "Actual Startup Time": 0.001,
                                                                                "Actual Total Time": 0.001,
                                                                                "Actual Rows": 3,
                                                                                "Actual Loops": 52304,
                                                                                "Index Cond": "(movie_id = t.id)",
                                                                                "Rows Removed by Index Recheck": 0,
                                                                                "Workers": []
                                                                            }
                                                                        ]
                                                                    },
                                                                    {
                                                                        "Node Type": "Hash",
                                                                        "Parent Relationship": "Inner",
                                                                        "Parallel Aware": false,
                                                                        "Async Capable": false,
                                                                        "Startup Cost": 1.05,
                                                                        "Total Cost": 1.05,
                                                                        "Plan Rows": 1,
                                                                        "Plan Width": 4,
                                                                        "Actual Startup Time": 0.006,
                                                                        "Actual Total Time": 0.006,
                                                                        "Actual Rows": 1,
                                                                        "Actual Loops": 3,
                                                                        "Hash Buckets": 1024,
                                                                        "Original Hash Buckets": 1024,
                                                                        "Hash Batches": 1,
                                                                        "Original Hash Batches": 1,
                                                                        "Peak Memory Usage": 9,
                                                                        "Workers": [],
                                                                        "Plans": [
                                                                            {
                                                                                "Node Type": "Seq Scan",
                                                                                "Parent Relationship": "Outer",
                                                                                "Parallel Aware": false,
                                                                                "Async Capable": false,
                                                                                "Relation Name": "company_type",
                                                                                "Alias": "ct",
                                                                                "Startup Cost": 0.0,
                                                                                "Total Cost": 1.05,
                                                                                "Plan Rows": 1,
                                                                                "Plan Width": 4,
                                                                                "Actual Startup Time": 0.005,
                                                                                "Actual Total Time": 0.005,
                                                                                "Actual Rows": 1,
                                                                                "Actual Loops": 3,
                                                                                "Filter": "((kind)::text = 'production companies'::text)",
                                                                                "Rows Removed by Filter": 3,
                                                                                "Workers": []
                                                                            }
                                                                        ]
                                                                    }
                                                                ]
                                                            },
                                                            {
                                                                "Node Type": "Index Scan",
                                                                "Parent Relationship": "Inner",
                                                                "Parallel Aware": false,
                                                                "Async Capable": false,
                                                                "Scan Direction": "Forward",
                                                                "Index Name": "company_name_pkey",
                                                                "Relation Name": "company_name",
                                                                "Alias": "cn",
                                                                "Startup Cost": 0.42,
                                                                "Total Cost": 0.45,
                                                                "Plan Rows": 1,
                                                                "Plan Width": 23,
                                                                "Actual Startup Time": 0.001,
                                                                "Actual Total Time": 0.001,
                                                                "Actual Rows": 1,
                                                                "Actual Loops": 68466,
                                                                "Index Cond": "(id = mc.company_id)",
                                                                "Rows Removed by Index Recheck": 0,
                                                                "Filter": "((country_code)::text = '[us]'::text)",
                                                                "Rows Removed by Filter": 0,
                                                                "Workers": []
                                                            }
                                                        ]
                                                    },
                                                    {
                                                        "Node Type": "Index Scan",
                                                        "Parent Relationship": "Inner",
                                                        "Parallel Aware": false,
                                                        "Async Capable": false,
                                                        "Scan Direction": "Forward",
                                                        "Index Name": "movie_id_movie_info",
                                                        "Relation Name": "movie_info",
                                                        "Alias": "mi",
                                                        "Startup Cost": 0.43,
                                                        "Total Cost": 1.65,
                                                        "Plan Rows": 1,
                                                        "Plan Width": 8,
                                                        "Actual Startup Time": 0.005,
                                                        "Actual Total Time": 0.006,
                                                        "Actual Rows": 0,
                                                        "Actual Loops": 42332,
                                                        "Index Cond": "(movie_id = mc.movie_id)",
                                                        "Rows Removed by Index Recheck": 0,
                                                        "Filter": "(info = ANY ('{Drama,Horror,Western,Family}'::text[]))",
                                                        "Rows Removed by Filter": 29,
                                                        "Workers": []
                                                    }
                                                ]
                                            },
                                            {
                                                "Node Type": "Hash",
                                                "Parent Relationship": "Inner",
                                                "Parallel Aware": false,
                                                "Async Capable": false,
                                                "Startup Cost": 2.41,
                                                "Total Cost": 2.41,
                                                "Plan Rows": 1,
                                                "Plan Width": 4,
                                                "Actual Startup Time": 0.013,
                                                "Actual Total Time": 0.014,
                                                "Actual Rows": 1,
                                                "Actual Loops": 3,
                                                "Hash Buckets": 1024,
                                                "Original Hash Buckets": 1024,
                                                "Hash Batches": 1,
                                                "Original Hash Batches": 1,
                                                "Peak Memory Usage": 9,
                                                "Workers": [],
                                                "Plans": [
                                                    {
                                                        "Node Type": "Seq Scan",
                                                        "Parent Relationship": "Outer",
                                                        "Parallel Aware": false,
                                                        "Async Capable": false,
                                                        "Relation Name": "info_type",
                                                        "Alias": "it1",
                                                        "Startup Cost": 0.0,
                                                        "Total Cost": 2.41,
                                                        "Plan Rows": 1,
                                                        "Plan Width": 4,
                                                        "Actual Startup Time": 0.009,
                                                        "Actual Total Time": 0.012,
                                                        "Actual Rows": 1,
                                                        "Actual Loops": 3,
                                                        "Filter": "((info)::text = 'genres'::text)",
                                                        "Rows Removed by Filter": 112,
                                                        "Workers": []
                                                    }
                                                ]
                                            }
                                        ]
                                    }
                                ]
                            }
                        ]
                    },
                    "Planning Time": 1.569,
                    "Triggers": [],
                    "Execution Time": 233.773
                }
            ],
            "hints": [
                "SET enable_hashjoin TO on",
                "SET enable_indexonlyscan TO on",
                "SET enable_indexscan TO on",
                "SET enable_mergejoin TO off",
                "SET enable_nestloop TO on",
                "SET enable_seqscan TO on"
            ]
        }
    ]
}