{
    "sql_file": "job10b.sql",
    "query": "SELECT MIN(chn.name) AS character, MIN(t.title) AS russian_mov_with_actor_producer FROM char_name AS chn, cast_info AS ci, company_name AS cn, company_type AS ct, movie_companies AS mc, role_type AS rt, title AS t WHERE ci.note  like '%(producer)%' AND cn.country_code  = '[ru]' AND rt.role  = 'actor' AND t.production_year > 2010 AND t.id = mc.movie_id AND t.id = ci.movie_id AND ci.movie_id = mc.movie_id AND chn.id = ci.person_role_id AND rt.id = ci.role_id AND cn.id = mc.company_id AND ct.id = mc.company_type_id;",
    "results": [
        {
            "arm": 0,
            "execution_time": 93.984,
            "plan": [
                {
                    "Plan": {
                        "Node Type": "Aggregate",
                        "Strategy": "Plain",
                        "Partial Mode": "Finalize",
                        "Parallel Aware": false,
                        "Async Capable": false,
                        "Startup Cost": 38670.89,
                        "Total Cost": 38670.9,
                        "Plan Rows": 1,
                        "Plan Width": 64,
                        "Actual Startup Time": 84.938,
                        "Actual Total Time": 93.952,
                        "Actual Rows": 1,
                        "Actual Loops": 1,
                        "Plans": [
                            {
                                "Node Type": "Gather",
                                "Parent Relationship": "Outer",
                                "Parallel Aware": false,
                                "Async Capable": false,
                                "Startup Cost": 38670.57,
                                "Total Cost": 38670.88,
                                "Plan Rows": 3,
                                "Plan Width": 64,
                                "Actual Startup Time": 84.857,
                                "Actual Total Time": 93.948,
                                "Actual Rows": 4,
                                "Actual Loops": 1,
                                "Workers Planned": 3,
                                "Workers Launched": 3,
                                "Single Copy": false,
                                "Plans": [
                                    {
                                        "Node Type": "Aggregate",
                                        "Strategy": "Plain",
                                        "Partial Mode": "Partial",
                                        "Parent Relationship": "Outer",
                                        "Parallel Aware": false,
                                        "Async Capable": false,
                                        "Startup Cost": 37670.57,
                                        "Total Cost": 37670.58,
                                        "Plan Rows": 1,
                                        "Plan Width": 64,
                                        "Actual Startup Time": 83.037,
                                        "Actual Total Time": 83.042,
                                        "Actual Rows": 1,
                                        "Actual Loops": 4,
                                        "Workers": [],
                                        "Plans": [
                                            {
                                                "Node Type": "Hash Join",
                                                "Parent Relationship": "Outer",
                                                "Parallel Aware": false,
                                                "Async Capable": false,
                                                "Join Type": "Inner",
                                                "Startup Cost": 4780.4,
                                                "Total Cost": 37670.13,
                                                "Plan Rows": 87,
                                                "Plan Width": 33,
                                                "Actual Startup Time": 83.035,
                                                "Actual Total Time": 83.039,
                                                "Actual Rows": 0,
                                                "Actual Loops": 4,
                                                "Inner Unique": true,
                                                "Hash Cond": "(mc.company_type_id = ct.id)",
                                                "Workers": [],
                                                "Plans": [
                                                    {
                                                        "Node Type": "Nested Loop",
                                                        "Parent Relationship": "Outer",
                                                        "Parallel Aware": false,
                                                        "Async Capable": false,
                                                        "Join Type": "Inner",
                                                        "Startup Cost": 4779.31,
                                                        "Total Cost": 37668.57,
                                                        "Plan Rows": 87,
                                                        "Plan Width": 37,
                                                        "Actual Startup Time": 82.992,
                                                        "Actual Total Time": 82.995,
                                                        "Actual Rows": 0,
                                                        "Actual Loops": 4,
                                                        "Inner Unique": true,
                                                        "Workers": [],
                                                        "Plans": [
                                                            {
                                                                "Node Type": "Hash Join",
                                                                "Parent Relationship": "Outer",
                                                                "Parallel Aware": false,
                                                                "Async Capable": false,
                                                                "Join Type": "Inner",
                                                                "Startup Cost": 4778.88,
                                                                "Total Cost": 37618.39,
                                                                "Plan Rows": 87,
                                                                "Plan Width": 25,
                                                                "Actual Startup Time": 82.991,
                                                                "Actual Total Time": 82.994,
                                                                "Actual Rows": 0,
                                                                "Actual Loops": 4,
                                                                "Inner Unique": true,
                                                                "Hash Cond": "(ci.role_id = rt.id)",
                                                                "Workers": [],
                                                                "Plans": [
                                                                    {
                                                                        "Node Type": "Nested Loop",
                                                                        "Parent Relationship": "Outer",
                                                                        "Parallel Aware": false,
                                                                        "Async Capable": false,
                                                                        "Join Type": "Inner",
                                                                        "Startup Cost": 4777.71,
                                                                        "Total Cost": 37613.52,
                                                                        "Plan Rows": 1042,
                                                                        "Plan Width": 29,
                                                                        "Actual Startup Time": 4.454,
                                                                        "Actual Total Time": 82.956,
                                                                        "Actual Rows": 654,
                                                                        "Actual Loops": 4,
                                                                        "Inner Unique": false,
                                                                        "Join Filter": "(ci.movie_id = t.id)",
                                                                        "Rows Removed by Join Filter": 0,
                                                                        "Workers": [],
                                                                        "Plans": [
                                                                            {
                                                                                "Node Type": "Nested Loop",
                                                                                "Parent Relationship": "Outer",
                                                                                "Parallel Aware": false,
                                                                                "Async Capable": false,
                                                                                "Join Type": "Inner",
                                                                                "Startup Cost": 4777.27,
                                                                                "Total Cost": 36483.41,
                                                                                "Plan Rows": 670,
                                                                                "Plan Width": 29,
                                                                                "Actual Startup Time": 4.233,
                                                                                "Actual Total Time": 61.167,
                                                                                "Actual Rows": 315,
                                                                                "Actual Loops": 4,
                                                                                "Inner Unique": true,
                                                                                "Workers": [],
                                                                                "Plans": [
                                                                                    {
                                                                                        "Node Type": "Hash Join",
                                                                                        "Parent Relationship": "Outer",
                                                                                        "Parallel Aware": true,
                                                                                        "Async Capable": false,
                                                                                        "Join Type": "Inner",
                                                                                        "Startup Cost": 4776.84,
                                                                                        "Total Cost": 34226.78,
                                                                                        "Plan Rows": 4348,
                                                                                        "Plan Width": 8,
                                                                                        "Actual Startup Time": 3.814,
                                                                                        "Actual Total Time": 54.502,
                                                                                        "Actual Rows": 2198,
                                                                                        "Actual Loops": 4,
                                                                                        "Inner Unique": true,
                                                                                        "Hash Cond": "(mc.company_id = cn.id)",
                                                                                        "Workers": [],
                                                                                        "Plans": [
                                                                                            {
                                                                                                "Node Type": "Seq Scan",
                                                                                                "Parent Relationship": "Outer",
                                                                                                "Parallel Aware": true,
                                                                                                "Async Capable": false,
                                                                                                "Relation Name": "movie_companies",
                                                                                                "Alias": "mc",
                                                                                                "Startup Cost": 0.0,
                                                                                                "Total Cost": 27240.55,
                                                                                                "Plan Rows": 841655,
                                                                                                "Plan Width": 12,
                                                                                                "Actual Startup Time": 0.004,
                                                                                                "Actual Total Time": 26.584,
                                                                                                "Actual Rows": 652282,
                                                                                                "Actual Loops": 4,
                                                                                                "Workers": []
                                                                                            },
                                                                                            {
                                                                                                "Node Type": "Hash",
                                                                                                "Parent Relationship": "Inner",
                                                                                                "Parallel Aware": true,
                                                                                                "Async Capable": false,
                                                                                                "Startup Cost": 4767.92,
                                                                                                "Total Cost": 4767.92,
                                                                                                "Plan Rows": 714,
                                                                                                "Plan Width": 4,
                                                                                                "Actual Startup Time": 3.694,
                                                                                                "Actual Total Time": 3.695,
                                                                                                "Actual Rows": 340,
                                                                                                "Actual Loops": 4,
                                                                                                "Hash Buckets": 2048,
                                                                                                "Original Hash Buckets": 2048,
                                                                                                "Hash Batches": 1,
                                                                                                "Original Hash Batches": 1,
                                                                                                "Peak Memory Usage": 144,
                                                                                                "Workers": [],
                                                                                                "Plans": [
                                                                                                    {
                                                                                                        "Node Type": "Seq Scan",
                                                                                                        "Parent Relationship": "Outer",
                                                                                                        "Parallel Aware": true,
                                                                                                        "Async Capable": false,
                                                                                                        "Relation Name": "company_name",
                                                                                                        "Alias": "cn",
                                                                                                        "Startup Cost": 0.0,
                                                                                                        "Total Cost": 4767.92,
                                                                                                        "Plan Rows": 714,
                                                                                                        "Plan Width": 4,
                                                                                                        "Actual Startup Time": 0.019,
                                                                                                        "Actual Total Time": 3.655,
                                                                                                        "Actual Rows": 340,
                                                                                                        "Actual Loops": 4,
                                                                                                        "Filter": "((country_code)::text = '[ru]'::text)",
                                                                                                        "Rows Removed by Filter": 58409,
                                                                                                        "Workers": []
                                                                                                    }
                                                                                                ]
                                                                                            }
                                                                                        ]
                                                                                    },
                                                                                    {
                                                                                        "Node Type": "Index Scan",
                                                                                        "Parent Relationship": "Inner",
                                                                                        "Parallel Aware": false,
                                                                                        "Async Capable": false,
                                                                                        "Scan Direction": "Forward",
                                                                                        "Index Name": "title_pkey",
                                                                                        "Relation Name": "title",
                                                                                        "Alias": "t",
                                                                                        "Startup Cost": 0.43,
                                                                                        "Total Cost": 0.52,
                                                                                        "Plan Rows": 1,
                                                                                        "Plan Width": 21,
                                                                                        "Actual Startup Time": 0.003,
                                                                                        "Actual Total Time": 0.003,
                                                                                        "Actual Rows": 0,
                                                                                        "Actual Loops": 8790,
                                                                                        "Index Cond": "(id = mc.movie_id)",
                                                                                        "Rows Removed by Index Recheck": 0,
                                                                                        "Filter": "(production_year > 2010)",
                                                                                        "Rows Removed by Filter": 1,
                                                                                        "Workers": []
                                                                                    }
                                                                                ]
                                                                            },
                                                                            {
                                                                                "Node Type": "Index Scan",
                                                                                "Parent Relationship": "Inner",
                                                                                "Parallel Aware": false,
                                                                                "Async Capable": false,
                                                                                "Scan Direction": "Forward",
                                                                                "Index Name": "movie_id_cast_info",
                                                                                "Relation Name": "cast_info",
                                                                                "Alias": "ci",
                                                                                "Startup Cost": 0.44,
                                                                                "Total Cost": 1.66,
                                                                                "Plan Rows": 2,
                                                                                "Plan Width": 12,
                                                                                "Actual Startup Time": 0.037,
                                                                                "Actual Total Time": 0.069,
                                                                                "Actual Rows": 2,
                                                                                "Actual Loops": 1259,
                                                                                "Index Cond": "(movie_id = mc.movie_id)",
                                                                                "Rows Removed by Index Recheck": 0,
                                                                                "Filter": "(note ~~ '%(producer)%'::text)",
                                                                                "Rows Removed by Filter": 44,
                                                                                "Workers": []
                                                                            }
                                                                        ]
                                                                    },
                                                                    {
                                                                        "Node Type": "Hash",
                                                                        "Parent Relationship": "Inner",
                                                                        "Parallel Aware": false,
                                                                        "Async Capable": false,
                                                                        "Startup Cost": 1.15,
                                                                        "Total Cost": 1.15,
                                                                        "Plan Rows": 1,
                                                                        "Plan Width": 4,
                                                                        "Actual Startup Time": 0.007,
                                                                        "Actual Total Time": 0.008,
                                                                        "Actual Rows": 1,
                                                                        "Actual Loops": 4,
                                                                        "Hash Buckets": 1024,
                                                                        "Original Hash Buckets": 1024,
                                                                        "Hash Batches": 1,
                                                                        "Original Hash Batches": 1,
                                                                        "Peak Memory Usage": 9,
                                                                        "Workers": [],
                                                                        "Plans": [
                                                                            {
                                                                                "Node Type": "Seq Scan",
                                                                                "Parent Relationship": "Outer",
                                                                                "Parallel Aware": false,
                                                                                "Async Capable": false,
                                                                                "Relation Name": "role_type",
                                                                                "Alias": "rt",
                                                                                "Startup Cost": 0.0,
                                                                                "Total Cost": 1.15,
                                                                                "Plan Rows": 1,
                                                                                "Plan Width": 4,
                                                                                "Actual Startup Time": 0.006,
                                                                                "Actual Total Time": 0.006,
                                                                                "Actual Rows": 1,
                                                                                "Actual Loops": 4,
                                                                                "Filter": "((role)::text = 'actor'::text)",
                                                                                "Rows Removed by Filter": 11,
                                                                                "Workers": []
                                                                            }
                                                                        ]
                                                                    }
                                                                ]
                                                            },
                                                            {
                                                                "Node Type": "Index Scan",
                                                                "Parent Relationship": "Inner",
                                                                "Parallel Aware": false,
                                                                "Async Capable": false,
                                                                "Scan Direction": "Forward",
                                                                "Index Name": "char_name_pkey",
                                                                "Relation Name": "char_name",
                                                                "Alias": "chn",
                                                                "Startup Cost": 0.43,
                                                                "Total Cost": 0.58,
                                                                "Plan Rows": 1,
                                                                "Plan Width": 20,
                                                                "Actual Startup Time": 0.0,
                                                                "Actual Total Time": 0.0,
                                                                "Actual Rows": 0,
                                                                "Actual Loops": 0,
                                                                "Index Cond": "(id = ci.person_role_id)",
                                                                "Rows Removed by Index Recheck": 0,
                                                                "Workers": []
                                                            }
                                                        ]
                                                    },
                                                    {
                                                        "Node Type": "Hash",
                                                        "Parent Relationship": "Inner",
                                                        "Parallel Aware": false,
                                                        "Async Capable": false,
                                                        "Startup Cost": 1.04,
                                                        "Total Cost": 1.04,
                                                        "Plan Rows": 4,
                                                        "Plan Width": 4,
                                                        "Actual Startup Time": 0.01,
                                                        "Actual Total Time": 0.01,
                                                        "Actual Rows": 4,
                                                        "Actual Loops": 4,
                                                        "Hash Buckets": 1024,
                                                        "Original Hash Buckets": 1024,
                                                        "Hash Batches": 1,
                                                        "Original Hash Batches": 1,
                                                        "Peak Memory Usage": 9,
                                                        "Workers": [],
                                                        "Plans": [
                                                            {
                                                                "Node Type": "Seq Scan",
                                                                "Parent Relationship": "Outer",
                                                                "Parallel Aware": false,
                                                                "Async Capable": false,
                                                                "Relation Name": "company_type",
                                                                "Alias": "ct",
                                                                "Startup Cost": 0.0,
                                                                "Total Cost": 1.04,
                                                                "Plan Rows": 4,
                                                                "Plan Width": 4,
                                                                "Actual Startup Time": 0.008,
                                                                "Actual Total Time": 0.009,
                                                                "Actual Rows": 4,
                                                                "Actual Loops": 4,
                                                                "Workers": []
                                                            }
                                                        ]
                                                    }
                                                ]
                                            }
                                        ]
                                    }
                                ]
                            }
                        ]
                    },
                    "Planning Time": 1.184,
                    "Triggers": [],
                    "Execution Time": 93.984
                }
            ],
            "hints": [
                "SET enable_hashjoin TO on",
                "SET enable_indexonlyscan TO on",
                "SET enable_indexscan TO on",
                "SET enable_mergejoin TO on",
                "SET enable_nestloop TO on",
                "SET enable_seqscan TO on"
            ]
        },
        {
            "arm": 1,
            "execution_time": 385.52,
            "plan": [
                {
                    "Plan": {
                        "Node Type": "Aggregate",
                        "Strategy": "Plain",
                        "Partial Mode": "Finalize",
                        "Parallel Aware": false,
                        "Async Capable": false,
                        "Startup Cost": 472038.05,
                        "Total Cost": 472038.06,
                        "Plan Rows": 1,
                        "Plan Width": 64,
                        "Actual Startup Time": 366.336,
                        "Actual Total Time": 385.478,
                        "Actual Rows": 1,
                        "Actual Loops": 1,
                        "Plans": [
                            {
                                "Node Type": "Gather",
                                "Parent Relationship": "Outer",
                                "Parallel Aware": false,
                                "Async Capable": false,
                                "Startup Cost": 472037.41,
                                "Total Cost": 472038.02,
                                "Plan Rows": 6,
                                "Plan Width": 64,
                                "Actual Startup Time": 365.552,
                                "Actual Total Time": 385.472,
                                "Actual Rows": 7,
                                "Actual Loops": 1,
                                "Workers Planned": 6,
                                "Workers Launched": 6,
                                "Single Copy": false,
                                "Plans": [
                                    {
                                        "Node Type": "Aggregate",
                                        "Strategy": "Plain",
                                        "Partial Mode": "Partial",
                                        "Parent Relationship": "Outer",
                                        "Parallel Aware": false,
                                        "Async Capable": false,
                                        "Startup Cost": 471037.41,
                                        "Total Cost": 471037.42,
                                        "Plan Rows": 1,
                                        "Plan Width": 64,
                                        "Actual Startup Time": 363.588,
                                        "Actual Total Time": 363.744,
                                        "Actual Rows": 1,
                                        "Actual Loops": 7,
                                        "Workers": [],
                                        "Plans": [
                                            {
                                                "Node Type": "Hash Join",
                                                "Parent Relationship": "Outer",
                                                "Parallel Aware": false,
                                                "Async Capable": false,
                                                "Join Type": "Inner",
                                                "Startup Cost": 137280.27,
                                                "Total Cost": 471037.19,
                                                "Plan Rows": 45,
                                                "Plan Width": 33,
                                                "Actual Startup Time": 363.584,
                                                "Actual Total Time": 363.74,
                                                "Actual Rows": 0,
                                                "Actual Loops": 7,
                                                "Inner Unique": true,
                                                "Hash Cond": "(mc.company_type_id = ct.id)",
                                                "Workers": [],
                                                "Plans": [
                                                    {
                                                        "Node Type": "Hash Join",
                                                        "Parent Relationship": "Outer",
                                                        "Parallel Aware": true,
                                                        "Async Capable": false,
                                                        "Join Type": "Inner",
                                                        "Startup Cost": 137279.18,
                                                        "Total Cost": 471035.85,
                                                        "Plan Rows": 45,
                                                        "Plan Width": 37,
                                                        "Actual Startup Time": 363.498,
                                                        "Actual Total Time": 363.653,
                                                        "Actual Rows": 0,
                                                        "Actual Loops": 7,
                                                        "Inner Unique": true,
                                                        "Hash Cond": "(ci.person_role_id = chn.id)",
                                                        "Workers": [],
                                                        "Plans": [
                                                            {
                                                                "Node Type": "Hash Join",
                                                                "Parent Relationship": "Outer",
                                                                "Parallel Aware": false,
                                                                "Async Capable": false,
                                                                "Join Type": "Inner",
                                                                "Startup Cost": 78565.73,
                                                                "Total Cost": 407719.28,
                                                                "Plan Rows": 45,
                                                                "Plan Width": 25,
                                                                "Actual Startup Time": 262.96,
                                                                "Actual Total Time": 263.108,
                                                                "Actual Rows": 0,
                                                                "Actual Loops": 7,
                                                                "Inner Unique": true,
                                                                "Hash Cond": "(ci.role_id = rt.id)",
                                                                "Workers": [],
                                                                "Plans": [
                                                                    {
                                                                        "Node Type": "Hash Join",
                                                                        "Parent Relationship": "Outer",
                                                                        "Parallel Aware": true,
                                                                        "Async Capable": false,
                                                                        "Join Type": "Inner",
                                                                        "Startup Cost": 78564.56,
                                                                        "Total Cost": 407716.2,
                                                                        "Plan Rows": 538,
                                                                        "Plan Width": 29,
                                                                        "Actual Startup Time": 89.921,
                                                                        "Actual Total Time": 263.064,
                                                                        "Actual Rows": 373,
                                                                        "Actual Loops": 7,
                                                                        "Inner Unique": false,
                                                                        "Hash Cond": "(ci.movie_id = t.id)",
                                                                        "Workers": [],
                                                                        "Plans": [
                                                                            {
                                                                                "Node Type": "Seq Scan",
                                                                                "Parent Relationship": "Outer",
                                                                                "Parallel Aware": true,
                                                                                "Async Capable": false,
                                                                                "Relation Name": "cast_info",
                                                                                "Alias": "ci",
                                                                                "Startup Cost": 0.0,
                                                                                "Total Cost": 328229.05,
                                                                                "Plan Rows": 245888,
                                                                                "Plan Width": 12,
                                                                                "Actual Startup Time": 27.84,
                                                                                "Actual Total Time": 201.93,
                                                                                "Actual Rows": 205063,
                                                                                "Actual Loops": 7,
                                                                                "Filter": "(note ~~ '%(producer)%'::text)",
                                                                                "Rows Removed by Filter": 4972701,
                                                                                "Workers": []
                                                                            },
                                                                            {
                                                                                "Node Type": "Hash",
                                                                                "Parent Relationship": "Inner",
                                                                                "Parallel Aware": true,
                                                                                "Async Capable": false,
                                                                                "Startup Cost": 78558.06,
                                                                                "Total Cost": 78558.06,
                                                                                "Plan Rows": 520,
                                                                                "Plan Width": 29,
                                                                                "Actual Startup Time": 54.691,
                                                                                "Actual Total Time": 54.836,
                                                                                "Actual Rows": 180,
                                                                                "Actual Loops": 7,
                                                                                "Hash Buckets": 4096,
                                                                                "Original Hash Buckets": 4096,
                                                                                "Hash Batches": 1,
                                                                                "Original Hash Batches": 1,
                                                                                "Peak Memory Usage": 256,
                                                                                "Workers": [],
                                                                                "Plans": [
                                                                                    {
                                                                                        "Node Type": "Hash Join",
                                                                                        "Parent Relationship": "Outer",
                                                                                        "Parallel Aware": true,
                                                                                        "Async Capable": false,
                                                                                        "Join Type": "Inner",
                                                                                        "Startup Cost": 34281.13,
                                                                                        "Total Cost": 78558.06,
                                                                                        "Plan Rows": 520,
                                                                                        "Plan Width": 29,
                                                                                        "Actual Startup Time": 33.645,
                                                                                        "Actual Total Time": 54.785,
                                                                                        "Actual Rows": 180,
                                                                                        "Actual Loops": 7,
                                                                                        "Inner Unique": false,
                                                                                        "Hash Cond": "(t.id = mc.movie_id)",
                                                                                        "Workers": [],
                                                                                        "Plans": [
                                                                                            {
                                                                                                "Node Type": "Seq Scan",
                                                                                                "Parent Relationship": "Outer",
                                                                                                "Parallel Aware": true,
                                                                                                "Async Capable": false,
                                                                                                "Relation Name": "title",
                                                                                                "Alias": "t",
                                                                                                "Startup Cost": 0.0,
                                                                                                "Total Cost": 43909.73,
                                                                                                "Plan Rows": 97474,
                                                                                                "Plan Width": 21,
                                                                                                "Actual Startup Time": 0.005,
                                                                                                "Actual Total Time": 19.219,
                                                                                                "Actual Rows": 55952,
                                                                                                "Actual Loops": 7,
                                                                                                "Filter": "(production_year > 2010)",
                                                                                                "Rows Removed by Filter": 305235,
                                                                                                "Workers": []
                                                                                            },
                                                                                            {
                                                                                                "Node Type": "Hash",
                                                                                                "Parent Relationship": "Inner",
                                                                                                "Parallel Aware": true,
                                                                                                "Async Capable": false,
                                                                                                "Startup Cost": 34226.78,
                                                                                                "Total Cost": 34226.78,
                                                                                                "Plan Rows": 4348,
                                                                                                "Plan Width": 8,
                                                                                                "Actual Startup Time": 33.11,
                                                                                                "Actual Total Time": 33.253,
                                                                                                "Actual Rows": 1256,
                                                                                                "Actual Loops": 7,
                                                                                                "Hash Buckets": 16384,
                                                                                                "Original Hash Buckets": 16384,
                                                                                                "Hash Batches": 1,
                                                                                                "Original Hash Batches": 1,
                                                                                                "Peak Memory Usage": 576,
                                                                                                "Workers": [],
                                                                                                "Plans": [
                                                                                                    {
                                                                                                        "Node Type": "Hash Join",
                                                                                                        "Parent Relationship": "Outer",
                                                                                                        "Parallel Aware": true,
                                                                                                        "Async Capable": false,
                                                                                                        "Join Type": "Inner",
                                                                                                        "Startup Cost": 4776.84,
                                                                                                        "Total Cost": 34226.78,
                                                                                                        "Plan Rows": 4348,
                                                                                                        "Plan Width": 8,
                                                                                                        "Actual Startup Time": 3.271,
                                                                                                        "Actual Total Time": 33.094,
                                                                                                        "Actual Rows": 1256,
                                                                                                        "Actual Loops": 7,
                                                                                                        "Inner Unique": true,
                                                                                                        "Hash Cond": "(mc.company_id = cn.id)",
                                                                                                        "Workers": [],
                                                                                                        "Plans": [
                                                                                                            {
                                                                                                                "Node Type": "Seq Scan",
                                                                                                                "Parent Relationship": "Outer",
                                                                                                                "Parallel Aware": true,
                                                                                                                "Async Capable": false,
                                                                                                                "Relation Name": "movie_companies",
                                                                                                                "Alias": "mc",
                                                                                                                "Startup Cost": 0.0,
                                                                                                                "Total Cost": 27240.55,
                                                                                                                "Plan Rows": 841655,
                                                                                                                "Plan Width": 12,
                                                                                                                "Actual Startup Time": 0.005,
                                                                                                                "Actual Total Time": 15.758,
                                                                                                                "Actual Rows": 372733,
                                                                                                                "Actual Loops": 7,
                                                                                                                "Workers": []
                                                                                                            },
                                                                                                            {
                                                                                                                "Node Type": "Hash",
                                                                                                                "Parent Relationship": "Inner",
                                                                                                                "Parallel Aware": true,
                                                                                                                "Async Capable": false,
                                                                                                                "Startup Cost": 4767.92,
                                                                                                                "Total Cost": 4767.92,
                                                                                                                "Plan Rows": 714,
                                                                                                                "Plan Width": 4,
                                                                                                                "Actual Startup Time": 3.186,
                                                                                                                "Actual Total Time": 3.187,
                                                                                                                "Actual Rows": 194,
                                                                                                                "Actual Loops": 7,
                                                                                                                "Hash Buckets": 2048,
                                                                                                                "Original Hash Buckets": 2048,
                                                                                                                "Hash Batches": 1,
                                                                                                                "Original Hash Batches": 1,
                                                                                                                "Peak Memory Usage": 240,
                                                                                                                "Workers": [],
                                                                                                                "Plans": [
                                                                                                                    {
                                                                                                                        "Node Type": "Seq Scan",
                                                                                                                        "Parent Relationship": "Outer",
                                                                                                                        "Parallel Aware": true,
                                                                                                                        "Async Capable": false,
                                                                                                                        "Relation Name": "company_name",
                                                                                                                        "Alias": "cn",
                                                                                                                        "Startup Cost": 0.0,
                                                                                                                        "Total Cost": 4767.92,
                                                                                                                        "Plan Rows": 714,
                                                                                                                        "Plan Width": 4,
                                                                                                                        "Actual Startup Time": 0.011,
                                                                                                                        "Actual Total Time": 2.265,
                                                                                                                        "Actual Rows": 194,
                                                                                                                        "Actual Loops": 7,
                                                                                                                        "Filter": "((country_code)::text = '[ru]'::text)",
                                                                                                                        "Rows Removed by Filter": 33377,
                                                                                                                        "Workers": []
                                                                                                                    }
                                                                                                                ]
                                                                                                            }
                                                                                                        ]
                                                                                                    }
                                                                                                ]
                                                                                            }
                                                                                        ]
                                                                                    }
                                                                                ]
                                                                            }
                                                                        ]
                                                                    },
                                                                    {
                                                                        "Node Type": "Hash",
                                                                        "Parent Relationship": "Inner",
                                                                        "Parallel Aware": false,
                                                                        "Async Capable": false,
                                                                        "Startup Cost": 1.15,
                                                                        "Total Cost": 1.15,
                                                                        "Plan Rows": 1,
                                                                        "Plan Width": 4,
                                                                        "Actual Startup Time": 0.021,
                                                                        "Actual Total Time": 0.022,
                                                                        "Actual Rows": 1,
                                                                        "Actual Loops": 7,
                                                                        "Hash Buckets": 1024,
                                                                        "Original Hash Buckets": 1024,
                                                                        "Hash Batches": 1,
                                                                        "Original Hash Batches": 1,
                                                                        "Peak Memory Usage": 9,
                                                                        "Workers": [],
                                                                        "Plans": [
                                                                            {
                                                                                "Node Type": "Seq Scan",
                                                                                "Parent Relationship": "Outer",
                                                                                "Parallel Aware": false,
                                                                                "Async Capable": false,
                                                                                "Relation Name": "role_type",
                                                                                "Alias": "rt",
                                                                                "Startup Cost": 0.0,
                                                                                "Total Cost": 1.15,
                                                                                "Plan Rows": 1,
                                                                                "Plan Width": 4,
                                                                                "Actual Startup Time": 0.02,
                                                                                "Actual Total Time": 0.02,
                                                                                "Actual Rows": 1,
                                                                                "Actual Loops": 7,
                                                                                "Filter": "((role)::text = 'actor'::text)",
                                                                                "Rows Removed by Filter": 11,
                                                                                "Workers": []
                                                                            }
                                                                        ]
                                                                    }
                                                                ]
                                                            },
                                                            {
                                                                "Node Type": "Hash",
                                                                "Parent Relationship": "Inner",
                                                                "Parallel Aware": true,
                                                                "Async Capable": false,
                                                                "Startup Cost": 44298.87,
                                                                "Total Cost": 44298.87,
                                                                "Plan Rows": 785087,
                                                                "Plan Width": 20,
                                                                "Actual Startup Time": 68.67,
                                                                "Actual Total Time": 68.67,
                                                                "Actual Rows": 448620,
                                                                "Actual Loops": 7,
                                                                "Hash Buckets": 262144,
                                                                "Original Hash Buckets": 262144,
                                                                "Hash Batches": 16,
                                                                "Original Hash Batches": 16,
                                                                "Peak Memory Usage": 12928,
                                                                "Workers": [],
                                                                "Plans": [
                                                                    {
                                                                        "Node Type": "Seq Scan",
                                                                        "Parent Relationship": "Outer",
                                                                        "Parallel Aware": true,
                                                                        "Async Capable": false,
                                                                        "Relation Name": "char_name",
                                                                        "Alias": "chn",
                                                                        "Startup Cost": 0.0,
                                                                        "Total Cost": 44298.87,
                                                                        "Plan Rows": 785087,
                                                                        "Plan Width": 20,
                                                                        "Actual Startup Time": 0.008,
                                                                        "Actual Total Time": 35.733,
                                                                        "Actual Rows": 448620,
                                                                        "Actual Loops": 7,
                                                                        "Workers": []
                                                                    }
                                                                ]
                                                            }
                                                        ]
                                                    },
                                                    {
                                                        "Node Type": "Hash",
                                                        "Parent Relationship": "Inner",
                                                        "Parallel Aware": false,
                                                        "Async Capable": false,
                                                        "Startup Cost": 1.04,
                                                        "Total Cost": 1.04,
                                                        "Plan Rows": 4,
                                                        "Plan Width": 4,
                                                        "Actual Startup Time": 0.01,
                                                        "Actual Total Time": 0.01,
                                                        "Actual Rows": 4,
                                                        "Actual Loops": 7,
                                                        "Hash Buckets": 1024,
                                                        "Original Hash Buckets": 1024,
                                                        "Hash Batches": 1,
                                                        "Original Hash Batches": 1,
                                                        "Peak Memory Usage": 9,
                                                        "Workers": [],
                                                        "Plans": [
                                                            {
                                                                "Node Type": "Seq Scan",
                                                                "Parent Relationship": "Outer",
                                                                "Parallel Aware": false,
                                                                "Async Capable": false,
                                                                "Relation Name": "company_type",
                                                                "Alias": "ct",
                                                                "Startup Cost": 0.0,
                                                                "Total Cost": 1.04,
                                                                "Plan Rows": 4,
                                                                "Plan Width": 4,
                                                                "Actual Startup Time": 0.008,
                                                                "Actual Total Time": 0.008,
                                                                "Actual Rows": 4,
                                                                "Actual Loops": 7,
                                                                "Workers": []
                                                            }
                                                        ]
                                                    }
                                                ]
                                            }
                                        ]
                                    }
                                ]
                            }
                        ]
                    },
                    "Planning Time": 1.098,
                    "Triggers": [],
                    "Execution Time": 385.52
                }
            ],
            "hints": [
                "SET enable_hashjoin TO on",
                "SET enable_indexonlyscan TO on",
                "SET enable_indexscan TO on",
                "SET enable_mergejoin TO on",
                "SET enable_nestloop TO off",
                "SET enable_seqscan TO on"
            ]
        },
        {
            "arm": 2,
            "execution_time": 380.371,
            "plan": [
                {
                    "Plan": {
                        "Node Type": "Aggregate",
                        "Strategy": "Plain",
                        "Partial Mode": "Finalize",
                        "Parallel Aware": false,
                        "Async Capable": false,
                        "Startup Cost": 472038.05,
                        "Total Cost": 472038.06,
                        "Plan Rows": 1,
                        "Plan Width": 64,
                        "Actual Startup Time": 360.841,
                        "Actual Total Time": 380.325,
                        "Actual Rows": 1,
                        "Actual Loops": 1,
                        "Plans": [
                            {
                                "Node Type": "Gather",
                                "Parent Relationship": "Outer",
                                "Parallel Aware": false,
                                "Async Capable": false,
                                "Startup Cost": 472037.41,
                                "Total Cost": 472038.02,
                                "Plan Rows": 6,
                                "Plan Width": 64,
                                "Actual Startup Time": 360.04,
                                "Actual Total Time": 380.318,
                                "Actual Rows": 7,
                                "Actual Loops": 1,
                                "Workers Planned": 6,
                                "Workers Launched": 6,
                                "Single Copy": false,
                                "Plans": [
                                    {
                                        "Node Type": "Aggregate",
                                        "Strategy": "Plain",
                                        "Partial Mode": "Partial",
                                        "Parent Relationship": "Outer",
                                        "Parallel Aware": false,
                                        "Async Capable": false,
                                        "Startup Cost": 471037.41,
                                        "Total Cost": 471037.42,
                                        "Plan Rows": 1,
                                        "Plan Width": 64,
                                        "Actual Startup Time": 358.076,
                                        "Actual Total Time": 358.166,
                                        "Actual Rows": 1,
                                        "Actual Loops": 7,
                                        "Workers": [],
                                        "Plans": [
                                            {
                                                "Node Type": "Hash Join",
                                                "Parent Relationship": "Outer",
                                                "Parallel Aware": false,
                                                "Async Capable": false,
                                                "Join Type": "Inner",
                                                "Startup Cost": 137280.27,
                                                "Total Cost": 471037.19,
                                                "Plan Rows": 45,
                                                "Plan Width": 33,
                                                "Actual Startup Time": 358.073,
                                                "Actual Total Time": 358.162,
                                                "Actual Rows": 0,
                                                "Actual Loops": 7,
                                                "Inner Unique": true,
                                                "Hash Cond": "(mc.company_type_id = ct.id)",
                                                "Workers": [],
                                                "Plans": [
                                                    {
                                                        "Node Type": "Hash Join",
                                                        "Parent Relationship": "Outer",
                                                        "Parallel Aware": true,
                                                        "Async Capable": false,
                                                        "Join Type": "Inner",
                                                        "Startup Cost": 137279.18,
                                                        "Total Cost": 471035.85,
                                                        "Plan Rows": 45,
                                                        "Plan Width": 37,
                                                        "Actual Startup Time": 357.974,
                                                        "Actual Total Time": 358.063,
                                                        "Actual Rows": 0,
                                                        "Actual Loops": 7,
                                                        "Inner Unique": true,
                                                        "Hash Cond": "(ci.person_role_id = chn.id)",
                                                        "Workers": [],
                                                        "Plans": [
                                                            {
                                                                "Node Type": "Hash Join",
                                                                "Parent Relationship": "Outer",
                                                                "Parallel Aware": false,
                                                                "Async Capable": false,
                                                                "Join Type": "Inner",
                                                                "Startup Cost": 78565.73,
                                                                "Total Cost": 407719.28,
                                                                "Plan Rows": 45,
                                                                "Plan Width": 25,
                                                                "Actual Startup Time": 261.401,
                                                                "Actual Total Time": 261.479,
                                                                "Actual Rows": 0,
                                                                "Actual Loops": 7,
                                                                "Inner Unique": true,
                                                                "Hash Cond": "(ci.role_id = rt.id)",
                                                                "Workers": [],
                                                                "Plans": [
                                                                    {
                                                                        "Node Type": "Hash Join",
                                                                        "Parent Relationship": "Outer",
                                                                        "Parallel Aware": true,
                                                                        "Async Capable": false,
                                                                        "Join Type": "Inner",
                                                                        "Startup Cost": 78564.56,
                                                                        "Total Cost": 407716.2,
                                                                        "Plan Rows": 538,
                                                                        "Plan Width": 29,
                                                                        "Actual Startup Time": 89.385,
                                                                        "Actual Total Time": 261.435,
                                                                        "Actual Rows": 373,
                                                                        "Actual Loops": 7,
                                                                        "Inner Unique": false,
                                                                        "Hash Cond": "(ci.movie_id = t.id)",
                                                                        "Workers": [],
                                                                        "Plans": [
                                                                            {
                                                                                "Node Type": "Seq Scan",
                                                                                "Parent Relationship": "Outer",
                                                                                "Parallel Aware": true,
                                                                                "Async Capable": false,
                                                                                "Relation Name": "cast_info",
                                                                                "Alias": "ci",
                                                                                "Startup Cost": 0.0,
                                                                                "Total Cost": 328229.05,
                                                                                "Plan Rows": 245888,
                                                                                "Plan Width": 12,
                                                                                "Actual Startup Time": 27.969,
                                                                                "Actual Total Time": 200.919,
                                                                                "Actual Rows": 205063,
                                                                                "Actual Loops": 7,
                                                                                "Filter": "(note ~~ '%(producer)%'::text)",
                                                                                "Rows Removed by Filter": 4972701,
                                                                                "Workers": []
                                                                            },
                                                                            {
                                                                                "Node Type": "Hash",
                                                                                "Parent Relationship": "Inner",
                                                                                "Parallel Aware": true,
                                                                                "Async Capable": false,
                                                                                "Startup Cost": 78558.06,
                                                                                "Total Cost": 78558.06,
                                                                                "Plan Rows": 520,
                                                                                "Plan Width": 29,
                                                                                "Actual Startup Time": 53.972,
                                                                                "Actual Total Time": 54.047,
                                                                                "Actual Rows": 180,
                                                                                "Actual Loops": 7,
                                                                                "Hash Buckets": 4096,
                                                                                "Original Hash Buckets": 4096,
                                                                                "Hash Batches": 1,
                                                                                "Original Hash Batches": 1,
                                                                                "Peak Memory Usage": 256,
                                                                                "Workers": [],
                                                                                "Plans": [
                                                                                    {
                                                                                        "Node Type": "Hash Join",
                                                                                        "Parent Relationship": "Outer",
                                                                                        "Parallel Aware": true,
                                                                                        "Async Capable": false,
                                                                                        "Join Type": "Inner",
                                                                                        "Startup Cost": 34281.13,
                                                                                        "Total Cost": 78558.06,
                                                                                        "Plan Rows": 520,
                                                                                        "Plan Width": 29,
                                                                                        "Actual Startup Time": 33.115,
                                                                                        "Actual Total Time": 53.982,
                                                                                        "Actual Rows": 180,
                                                                                        "Actual Loops": 7,
                                                                                        "Inner Unique": false,
                                                                                        "Hash Cond": "(t.id = mc.movie_id)",
                                                                                        "Workers": [],
                                                                                        "Plans": [
                                                                                            {
                                                                                                "Node Type": "Seq Scan",
                                                                                                "Parent Relationship": "Outer",
                                                                                                "Parallel Aware": true,
                                                                                                "Async Capable": false,
                                                                                                "Relation Name": "title",
                                                                                                "Alias": "t",
                                                                                                "Startup Cost": 0.0,
                                                                                                "Total Cost": 43909.73,
                                                                                                "Plan Rows": 97474,
                                                                                                "Plan Width": 21,
                                                                                                "Actual Startup Time": 0.004,
                                                                                                "Actual Total Time": 18.883,
                                                                                                "Actual Rows": 55952,
                                                                                                "Actual Loops": 7,
                                                                                                "Filter": "(production_year > 2010)",
                                                                                                "Rows Removed by Filter": 305235,
                                                                                                "Workers": []
                                                                                            },
                                                                                            {
                                                                                                "Node Type": "Hash",
                                                                                                "Parent Relationship": "Inner",
                                                                                                "Parallel Aware": true,
                                                                                                "Async Capable": false,
                                                                                                "Startup Cost": 34226.78,
                                                                                                "Total Cost": 34226.78,
                                                                                                "Plan Rows": 4348,
                                                                                                "Plan Width": 8,
                                                                                                "Actual Startup Time": 32.625,
                                                                                                "Actual Total Time": 32.698,
                                                                                                "Actual Rows": 1256,
                                                                                                "Actual Loops": 7,
                                                                                                "Hash Buckets": 16384,
                                                                                                "Original Hash Buckets": 16384,
                                                                                                "Hash Batches": 1,
                                                                                                "Original Hash Batches": 1,
                                                                                                "Peak Memory Usage": 576,
                                                                                                "Workers": [],
                                                                                                "Plans": [
                                                                                                    {
                                                                                                        "Node Type": "Hash Join",
                                                                                                        "Parent Relationship": "Outer",
                                                                                                        "Parallel Aware": true,
                                                                                                        "Async Capable": false,
                                                                                                        "Join Type": "Inner",
                                                                                                        "Startup Cost": 4776.84,
                                                                                                        "Total Cost": 34226.78,
                                                                                                        "Plan Rows": 4348,
                                                                                                        "Plan Width": 8,
                                                                                                        "Actual Startup Time": 2.99,
                                                                                                        "Actual Total Time": 32.534,
                                                                                                        "Actual Rows": 1256,
                                                                                                        "Actual Loops": 7,
                                                                                                        "Inner Unique": true,
                                                                                                        "Hash Cond": "(mc.company_id = cn.id)",
                                                                                                        "Workers": [],
                                                                                                        "Plans": [
                                                                                                            {
                                                                                                                "Node Type": "Seq Scan",
                                                                                                                "Parent Relationship": "Outer",
                                                                                                                "Parallel Aware": true,
                                                                                                                "Async Capable": false,
                                                                                                                "Relation Name": "movie_companies",
                                                                                                                "Alias": "mc",
                                                                                                                "Startup Cost": 0.0,
                                                                                                                "Total Cost": 27240.55,
                                                                                                                "Plan Rows": 841655,
                                                                                                                "Plan Width": 12,
                                                                                                                "Actual Startup Time": 0.005,
                                                                                                                "Actual Total Time": 15.601,
                                                                                                                "Actual Rows": 372733,
                                                                                                                "Actual Loops": 7,
                                                                                                                "Workers": []
                                                                                                            },
                                                                                                            {
                                                                                                                "Node Type": "Hash",
                                                                                                                "Parent Relationship": "Inner",
                                                                                                                "Parallel Aware": true,
                                                                                                                "Async Capable": false,
                                                                                                                "Startup Cost": 4767.92,
                                                                                                                "Total Cost": 4767.92,
                                                                                                                "Plan Rows": 714,
                                                                                                                "Plan Width": 4,
                                                                                                                "Actual Startup Time": 2.907,
                                                                                                                "Actual Total Time": 2.908,
                                                                                                                "Actual Rows": 194,
                                                                                                                "Actual Loops": 7,
                                                                                                                "Hash Buckets": 2048,
                                                                                                                "Original Hash Buckets": 2048,
                                                                                                                "Hash Batches": 1,
                                                                                                                "Original Hash Batches": 1,
                                                                                                                "Peak Memory Usage": 240,
                                                                                                                "Workers": [],
                                                                                                                "Plans": [
                                                                                                                    {
                                                                                                                        "Node Type": "Seq Scan",
                                                                                                                        "Parent Relationship": "Outer",
                                                                                                                        "Parallel Aware": true,
                                                                                                                        "Async Capable": false,
                                                                                                                        "Relation Name": "company_name",
                                                                                                                        "Alias": "cn",
                                                                                                                        "Startup Cost": 0.0,
                                                                                                                        "Total Cost": 4767.92,
                                                                                                                        "Plan Rows": 714,
                                                                                                                        "Plan Width": 4,
                                                                                                                        "Actual Startup Time": 0.011,
                                                                                                                        "Actual Total Time": 2.132,
                                                                                                                        "Actual Rows": 194,
                                                                                                                        "Actual Loops": 7,
                                                                                                                        "Filter": "((country_code)::text = '[ru]'::text)",
                                                                                                                        "Rows Removed by Filter": 33377,
                                                                                                                        "Workers": []
                                                                                                                    }
                                                                                                                ]
                                                                                                            }
                                                                                                        ]
                                                                                                    }
                                                                                                ]
                                                                                            }
                                                                                        ]
                                                                                    }
                                                                                ]
                                                                            }
                                                                        ]
                                                                    },
                                                                    {
                                                                        "Node Type": "Hash",
                                                                        "Parent Relationship": "Inner",
                                                                        "Parallel Aware": false,
                                                                        "Async Capable": false,
                                                                        "Startup Cost": 1.15,
                                                                        "Total Cost": 1.15,
                                                                        "Plan Rows": 1,
                                                                        "Plan Width": 4,
                                                                        "Actual Startup Time": 0.02,
                                                                        "Actual Total Time": 0.02,
                                                                        "Actual Rows": 1,
                                                                        "Actual Loops": 7,
                                                                        "Hash Buckets": 1024,
                                                                        "Original Hash Buckets": 1024,
                                                                        "Hash Batches": 1,
                                                                        "Original Hash Batches": 1,
                                                                        "Peak Memory Usage": 9,
                                                                        "Workers": [],
                                                                        "Plans": [
                                                                            {
                                                                                "Node Type": "Seq Scan",
                                                                                "Parent Relationship": "Outer",
                                                                                "Parallel Aware": false,
                                                                                "Async Capable": false,
                                                                                "Relation Name": "role_type",
                                                                                "Alias": "rt",
                                                                                "Startup Cost": 0.0,
                                                                                "Total Cost": 1.15,
                                                                                "Plan Rows": 1,
                                                                                "Plan Width": 4,
                                                                                "Actual Startup Time": 0.018,
                                                                                "Actual Total Time": 0.019,
                                                                                "Actual Rows": 1,
                                                                                "Actual Loops": 7,
                                                                                "Filter": "((role)::text = 'actor'::text)",
                                                                                "Rows Removed by Filter": 11,
                                                                                "Workers": []
                                                                            }
                                                                        ]
                                                                    }
                                                                ]
                                                            },
                                                            {
                                                                "Node Type": "Hash",
                                                                "Parent Relationship": "Inner",
                                                                "Parallel Aware": true,
                                                                "Async Capable": false,
                                                                "Startup Cost": 44298.87,
                                                                "Total Cost": 44298.87,
                                                                "Plan Rows": 785087,
                                                                "Plan Width": 20,
                                                                "Actual Startup Time": 63.262,
                                                                "Actual Total Time": 63.262,
                                                                "Actual Rows": 448620,
                                                                "Actual Loops": 7,
                                                                "Hash Buckets": 262144,
                                                                "Original Hash Buckets": 262144,
                                                                "Hash Batches": 16,
                                                                "Original Hash Batches": 16,
                                                                "Peak Memory Usage": 12960,
                                                                "Workers": [],
                                                                "Plans": [
                                                                    {
                                                                        "Node Type": "Seq Scan",
                                                                        "Parent Relationship": "Outer",
                                                                        "Parallel Aware": true,
                                                                        "Async Capable": false,
                                                                        "Relation Name": "char_name",
                                                                        "Alias": "chn",
                                                                        "Startup Cost": 0.0,
                                                                        "Total Cost": 44298.87,
                                                                        "Plan Rows": 785087,
                                                                        "Plan Width": 20,
                                                                        "Actual Startup Time": 0.008,
                                                                        "Actual Total Time": 31.367,
                                                                        "Actual Rows": 448620,
                                                                        "Actual Loops": 7,
                                                                        "Workers": []
                                                                    }
                                                                ]
                                                            }
                                                        ]
                                                    },
                                                    {
                                                        "Node Type": "Hash",
                                                        "Parent Relationship": "Inner",
                                                        "Parallel Aware": false,
                                                        "Async Capable": false,
                                                        "Startup Cost": 1.04,
                                                        "Total Cost": 1.04,
                                                        "Plan Rows": 4,
                                                        "Plan Width": 4,
                                                        "Actual Startup Time": 0.018,
                                                        "Actual Total Time": 0.018,
                                                        "Actual Rows": 4,
                                                        "Actual Loops": 7,
                                                        "Hash Buckets": 1024,
                                                        "Original Hash Buckets": 1024,
                                                        "Hash Batches": 1,
                                                        "Original Hash Batches": 1,
                                                        "Peak Memory Usage": 9,
                                                        "Workers": [],
                                                        "Plans": [
                                                            {
                                                                "Node Type": "Seq Scan",
                                                                "Parent Relationship": "Outer",
                                                                "Parallel Aware": false,
                                                                "Async Capable": false,
                                                                "Relation Name": "company_type",
                                                                "Alias": "ct",
                                                                "Startup Cost": 0.0,
                                                                "Total Cost": 1.04,
                                                                "Plan Rows": 4,
                                                                "Plan Width": 4,
                                                                "Actual Startup Time": 0.015,
                                                                "Actual Total Time": 0.016,
                                                                "Actual Rows": 4,
                                                                "Actual Loops": 7,
                                                                "Workers": []
                                                            }
                                                        ]
                                                    }
                                                ]
                                            }
                                        ]
                                    }
                                ]
                            }
                        ]
                    },
                    "Planning Time": 0.628,
                    "Triggers": [],
                    "Execution Time": 380.371
                }
            ],
            "hints": [
                "SET enable_hashjoin TO on",
                "SET enable_indexonlyscan TO on",
                "SET enable_indexscan TO off",
                "SET enable_mergejoin TO off",
                "SET enable_nestloop TO on",
                "SET enable_seqscan TO on"
            ]
        },
        {
            "arm": 3,
            "execution_time": 376.301,
            "plan": [
                {
                    "Plan": {
                        "Node Type": "Aggregate",
                        "Strategy": "Plain",
                        "Partial Mode": "Finalize",
                        "Parallel Aware": false,
                        "Async Capable": false,
                        "Startup Cost": 472038.05,
                        "Total Cost": 472038.06,
                        "Plan Rows": 1,
                        "Plan Width": 64,
                        "Actual Startup Time": 358.676,
                        "Actual Total Time": 376.254,
                        "Actual Rows": 1,
                        "Actual Loops": 1,
                        "Plans": [
                            {
                                "Node Type": "Gather",
                                "Parent Relationship": "Outer",
                                "Parallel Aware": false,
                                "Async Capable": false,
                                "Startup Cost": 472037.41,
                                "Total Cost": 472038.02,
                                "Plan Rows": 6,
                                "Plan Width": 64,
                                "Actual Startup Time": 357.911,
                                "Actual Total Time": 376.247,
                                "Actual Rows": 7,
                                "Actual Loops": 1,
                                "Workers Planned": 6,
                                "Workers Launched": 6,
                                "Single Copy": false,
                                "Plans": [
                                    {
                                        "Node Type": "Aggregate",
                                        "Strategy": "Plain",
                                        "Partial Mode": "Partial",
                                        "Parent Relationship": "Outer",
                                        "Parallel Aware": false,
                                        "Async Capable": false,
                                        "Startup Cost": 471037.41,
                                        "Total Cost": 471037.42,
                                        "Plan Rows": 1,
                                        "Plan Width": 64,
                                        "Actual Startup Time": 356.096,
                                        "Actual Total Time": 356.183,
                                        "Actual Rows": 1,
                                        "Actual Loops": 7,
                                        "Workers": [],
                                        "Plans": [
                                            {
                                                "Node Type": "Hash Join",
                                                "Parent Relationship": "Outer",
                                                "Parallel Aware": false,
                                                "Async Capable": false,
                                                "Join Type": "Inner",
                                                "Startup Cost": 137280.27,
                                                "Total Cost": 471037.19,
                                                "Plan Rows": 45,
                                                "Plan Width": 33,
                                                "Actual Startup Time": 356.092,
                                                "Actual Total Time": 356.179,
                                                "Actual Rows": 0,
                                                "Actual Loops": 7,
                                                "Inner Unique": true,
                                                "Hash Cond": "(mc.company_type_id = ct.id)",
                                                "Workers": [],
                                                "Plans": [
                                                    {
                                                        "Node Type": "Hash Join",
                                                        "Parent Relationship": "Outer",
                                                        "Parallel Aware": true,
                                                        "Async Capable": false,
                                                        "Join Type": "Inner",
                                                        "Startup Cost": 137279.18,
                                                        "Total Cost": 471035.85,
                                                        "Plan Rows": 45,
                                                        "Plan Width": 37,
                                                        "Actual Startup Time": 356.025,
                                                        "Actual Total Time": 356.111,
                                                        "Actual Rows": 0,
                                                        "Actual Loops": 7,
                                                        "Inner Unique": true,
                                                        "Hash Cond": "(ci.person_role_id = chn.id)",
                                                        "Workers": [],
                                                        "Plans": [
                                                            {
                                                                "Node Type": "Hash Join",
                                                                "Parent Relationship": "Outer",
                                                                "Parallel Aware": false,
                                                                "Async Capable": false,
                                                                "Join Type": "Inner",
                                                                "Startup Cost": 78565.73,
                                                                "Total Cost": 407719.28,
                                                                "Plan Rows": 45,
                                                                "Plan Width": 25,
                                                                "Actual Startup Time": 261.843,
                                                                "Actual Total Time": 261.922,
                                                                "Actual Rows": 0,
                                                                "Actual Loops": 7,
                                                                "Inner Unique": true,
                                                                "Hash Cond": "(ci.role_id = rt.id)",
                                                                "Workers": [],
                                                                "Plans": [
                                                                    {
                                                                        "Node Type": "Hash Join",
                                                                        "Parent Relationship": "Outer",
                                                                        "Parallel Aware": true,
                                                                        "Async Capable": false,
                                                                        "Join Type": "Inner",
                                                                        "Startup Cost": 78564.56,
                                                                        "Total Cost": 407716.2,
                                                                        "Plan Rows": 538,
                                                                        "Plan Width": 29,
                                                                        "Actual Startup Time": 89.262,
                                                                        "Actual Total Time": 261.874,
                                                                        "Actual Rows": 373,
                                                                        "Actual Loops": 7,
                                                                        "Inner Unique": false,
                                                                        "Hash Cond": "(ci.movie_id = t.id)",
                                                                        "Workers": [],
                                                                        "Plans": [
                                                                            {
                                                                                "Node Type": "Seq Scan",
                                                                                "Parent Relationship": "Outer",
                                                                                "Parallel Aware": true,
                                                                                "Async Capable": false,
                                                                                "Relation Name": "cast_info",
                                                                                "Alias": "ci",
                                                                                "Startup Cost": 0.0,
                                                                                "Total Cost": 328229.05,
                                                                                "Plan Rows": 245888,
                                                                                "Plan Width": 12,
                                                                                "Actual Startup Time": 27.548,
                                                                                "Actual Total Time": 201.054,
                                                                                "Actual Rows": 205063,
                                                                                "Actual Loops": 7,
                                                                                "Filter": "(note ~~ '%(producer)%'::text)",
                                                                                "Rows Removed by Filter": 4972701,
                                                                                "Workers": []
                                                                            },
                                                                            {
                                                                                "Node Type": "Hash",
                                                                                "Parent Relationship": "Inner",
                                                                                "Parallel Aware": true,
                                                                                "Async Capable": false,
                                                                                "Startup Cost": 78558.06,
                                                                                "Total Cost": 78558.06,
                                                                                "Plan Rows": 520,
                                                                                "Plan Width": 29,
                                                                                "Actual Startup Time": 54.37,
                                                                                "Actual Total Time": 54.446,
                                                                                "Actual Rows": 180,
                                                                                "Actual Loops": 7,
                                                                                "Hash Buckets": 4096,
                                                                                "Original Hash Buckets": 4096,
                                                                                "Hash Batches": 1,
                                                                                "Original Hash Batches": 1,
                                                                                "Peak Memory Usage": 256,
                                                                                "Workers": [],
                                                                                "Plans": [
                                                                                    {
                                                                                        "Node Type": "Hash Join",
                                                                                        "Parent Relationship": "Outer",
                                                                                        "Parallel Aware": true,
                                                                                        "Async Capable": false,
                                                                                        "Join Type": "Inner",
                                                                                        "Startup Cost": 34281.13,
                                                                                        "Total Cost": 78558.06,
                                                                                        "Plan Rows": 520,
                                                                                        "Plan Width": 29,
                                                                                        "Actual Startup Time": 33.476,
                                                                                        "Actual Total Time": 54.391,
                                                                                        "Actual Rows": 180,
                                                                                        "Actual Loops": 7,
                                                                                        "Inner Unique": false,
                                                                                        "Hash Cond": "(t.id = mc.movie_id)",
                                                                                        "Workers": [],
                                                                                        "Plans": [
                                                                                            {
                                                                                                "Node Type": "Seq Scan",
                                                                                                "Parent Relationship": "Outer",
                                                                                                "Parallel Aware": true,
                                                                                                "Async Capable": false,
                                                                                                "Relation Name": "title",
                                                                                                "Alias": "t",
                                                                                                "Startup Cost": 0.0,
                                                                                                "Total Cost": 43909.73,
                                                                                                "Plan Rows": 97474,
                                                                                                "Plan Width": 21,
                                                                                                "Actual Startup Time": 0.005,
                                                                                                "Actual Total Time": 18.956,
                                                                                                "Actual Rows": 55952,
                                                                                                "Actual Loops": 7,
                                                                                                "Filter": "(production_year > 2010)",
                                                                                                "Rows Removed by Filter": 305235,
                                                                                                "Workers": []
                                                                                            },
                                                                                            {
                                                                                                "Node Type": "Hash",
                                                                                                "Parent Relationship": "Inner",
                                                                                                "Parallel Aware": true,
                                                                                                "Async Capable": false,
                                                                                                "Startup Cost": 34226.78,
                                                                                                "Total Cost": 34226.78,
                                                                                                "Plan Rows": 4348,
                                                                                                "Plan Width": 8,
                                                                                                "Actual Startup Time": 32.983,
                                                                                                "Actual Total Time": 33.057,
                                                                                                "Actual Rows": 1256,
                                                                                                "Actual Loops": 7,
                                                                                                "Hash Buckets": 16384,
                                                                                                "Original Hash Buckets": 16384,
                                                                                                "Hash Batches": 1,
                                                                                                "Original Hash Batches": 1,
                                                                                                "Peak Memory Usage": 576,
                                                                                                "Workers": [],
                                                                                                "Plans": [
                                                                                                    {
                                                                                                        "Node Type": "Hash Join",
                                                                                                        "Parent Relationship": "Outer",
                                                                                                        "Parallel Aware": true,
                                                                                                        "Async Capable": false,
                                                                                                        "Join Type": "Inner",
                                                                                                        "Startup Cost": 4776.84,
                                                                                                        "Total Cost": 34226.78,
                                                                                                        "Plan Rows": 4348,
                                                                                                        "Plan Width": 8,
                                                                                                        "Actual Startup Time": 3.187,
                                                                                                        "Actual Total Time": 32.886,
                                                                                                        "Actual Rows": 1256,
                                                                                                        "Actual Loops": 7,
                                                                                                        "Inner Unique": true,
                                                                                                        "Hash Cond": "(mc.company_id = cn.id)",
                                                                                                        "Workers": [],
                                                                                                        "Plans": [
                                                                                                            {
                                                                                                                "Node Type": "Seq Scan",
                                                                                                                "Parent Relationship": "Outer",
                                                                                                                "Parallel Aware": true,
                                                                                                                "Async Capable": false,
                                                                                                                "Relation Name": "movie_companies",
                                                                                                                "Alias": "mc",
                                                                                                                "Startup Cost": 0.0,
                                                                                                                "Total Cost": 27240.55,
                                                                                                                "Plan Rows": 841655,
                                                                                                                "Plan Width": 12,
                                                                                                                "Actual Startup Time": 0.005,
                                                                                                                "Actual Total Time": 15.676,
                                                                                                                "Actual Rows": 372733,
                                                                                                                "Actual Loops": 7,
                                                                                                                "Workers": []
                                                                                                            },
                                                                                                            {
                                                                                                                "Node Type": "Hash",
                                                                                                                "Parent Relationship": "Inner",
                                                                                                                "Parallel Aware": true,
                                                                                                                "Async Capable": false,
                                                                                                                "Startup Cost": 4767.92,
                                                                                                                "Total Cost": 4767.92,
                                                                                                                "Plan Rows": 714,
                                                                                                                "Plan Width": 4,
                                                                                                                "Actual Startup Time": 3.07,
                                                                                                                "Actual Total Time": 3.071,
                                                                                                                "Actual Rows": 194,
                                                                                                                "Actual Loops": 7,
                                                                                                                "Hash Buckets": 2048,
                                                                                                                "Original Hash Buckets": 2048,
                                                                                                                "Hash Batches": 1,
                                                                                                                "Original Hash Batches": 1,
                                                                                                                "Peak Memory Usage": 240,
                                                                                                                "Workers": [],
                                                                                                                "Plans": [
                                                                                                                    {
                                                                                                                        "Node Type": "Seq Scan",
                                                                                                                        "Parent Relationship": "Outer",
                                                                                                                        "Parallel Aware": true,
                                                                                                                        "Async Capable": false,
                                                                                                                        "Relation Name": "company_name",
                                                                                                                        "Alias": "cn",
                                                                                                                        "Startup Cost": 0.0,
                                                                                                                        "Total Cost": 4767.92,
                                                                                                                        "Plan Rows": 714,
                                                                                                                        "Plan Width": 4,
                                                                                                                        "Actual Startup Time": 0.012,
                                                                                                                        "Actual Total Time": 2.166,
                                                                                                                        "Actual Rows": 194,
                                                                                                                        "Actual Loops": 7,
                                                                                                                        "Filter": "((country_code)::text = '[ru]'::text)",
                                                                                                                        "Rows Removed by Filter": 33377,
                                                                                                                        "Workers": []
                                                                                                                    }
                                                                                                                ]
                                                                                                            }
                                                                                                        ]
                                                                                                    }
                                                                                                ]
                                                                                            }
                                                                                        ]
                                                                                    }
                                                                                ]
                                                                            }
                                                                        ]
                                                                    },
                                                                    {
                                                                        "Node Type": "Hash",
                                                                        "Parent Relationship": "Inner",
                                                                        "Parallel Aware": false,
                                                                        "Async Capable": false,
                                                                        "Startup Cost": 1.15,
                                                                        "Total Cost": 1.15,
                                                                        "Plan Rows": 1,
                                                                        "Plan Width": 4,
                                                                        "Actual Startup Time": 0.023,
                                                                        "Actual Total Time": 0.024,
                                                                        "Actual Rows": 1,
                                                                        "Actual Loops": 7,
                                                                        "Hash Buckets": 1024,
                                                                        "Original Hash Buckets": 1024,
                                                                        "Hash Batches": 1,
                                                                        "Original Hash Batches": 1,
                                                                        "Peak Memory Usage": 9,
                                                                        "Workers": [],
                                                                        "Plans": [
                                                                            {
                                                                                "Node Type": "Seq Scan",
                                                                                "Parent Relationship": "Outer",
                                                                                "Parallel Aware": false,
                                                                                "Async Capable": false,
                                                                                "Relation Name": "role_type",
                                                                                "Alias": "rt",
                                                                                "Startup Cost": 0.0,
                                                                                "Total Cost": 1.15,
                                                                                "Plan Rows": 1,
                                                                                "Plan Width": 4,
                                                                                "Actual Startup Time": 0.021,
                                                                                "Actual Total Time": 0.022,
                                                                                "Actual Rows": 1,
                                                                                "Actual Loops": 7,
                                                                                "Filter": "((role)::text = 'actor'::text)",
                                                                                "Rows Removed by Filter": 11,
                                                                                "Workers": []
                                                                            }
                                                                        ]
                                                                    }
                                                                ]
                                                            },
                                                            {
                                                                "Node Type": "Hash",
                                                                "Parent Relationship": "Inner",
                                                                "Parallel Aware": true,
                                                                "Async Capable": false,
                                                                "Startup Cost": 44298.87,
                                                                "Total Cost": 44298.87,
                                                                "Plan Rows": 785087,
                                                                "Plan Width": 20,
                                                                "Actual Startup Time": 62.748,
                                                                "Actual Total Time": 62.749,
                                                                "Actual Rows": 448620,
                                                                "Actual Loops": 7,
                                                                "Hash Buckets": 262144,
                                                                "Original Hash Buckets": 262144,
                                                                "Hash Batches": 16,
                                                                "Original Hash Batches": 16,
                                                                "Peak Memory Usage": 12928,
                                                                "Workers": [],
                                                                "Plans": [
                                                                    {
                                                                        "Node Type": "Seq Scan",
                                                                        "Parent Relationship": "Outer",
                                                                        "Parallel Aware": true,
                                                                        "Async Capable": false,
                                                                        "Relation Name": "char_name",
                                                                        "Alias": "chn",
                                                                        "Startup Cost": 0.0,
                                                                        "Total Cost": 44298.87,
                                                                        "Plan Rows": 785087,
                                                                        "Plan Width": 20,
                                                                        "Actual Startup Time": 0.007,
                                                                        "Actual Total Time": 31.18,
                                                                        "Actual Rows": 448620,
                                                                        "Actual Loops": 7,
                                                                        "Workers": []
                                                                    }
                                                                ]
                                                            }
                                                        ]
                                                    },
                                                    {
                                                        "Node Type": "Hash",
                                                        "Parent Relationship": "Inner",
                                                        "Parallel Aware": false,
                                                        "Async Capable": false,
                                                        "Startup Cost": 1.04,
                                                        "Total Cost": 1.04,
                                                        "Plan Rows": 4,
                                                        "Plan Width": 4,
                                                        "Actual Startup Time": 0.011,
                                                        "Actual Total Time": 0.011,
                                                        "Actual Rows": 4,
                                                        "Actual Loops": 7,
                                                        "Hash Buckets": 1024,
                                                        "Original Hash Buckets": 1024,
                                                        "Hash Batches": 1,
                                                        "Original Hash Batches": 1,
                                                        "Peak Memory Usage": 9,
                                                        "Workers": [],
                                                        "Plans": [
                                                            {
                                                                "Node Type": "Seq Scan",
                                                                "Parent Relationship": "Outer",
                                                                "Parallel Aware": false,
                                                                "Async Capable": false,
                                                                "Relation Name": "company_type",
                                                                "Alias": "ct",
                                                                "Startup Cost": 0.0,
                                                                "Total Cost": 1.04,
                                                                "Plan Rows": 4,
                                                                "Plan Width": 4,
                                                                "Actual Startup Time": 0.008,
                                                                "Actual Total Time": 0.009,
                                                                "Actual Rows": 4,
                                                                "Actual Loops": 7,
                                                                "Workers": []
                                                            }
                                                        ]
                                                    }
                                                ]
                                            }
                                        ]
                                    }
                                ]
                            }
                        ]
                    },
                    "Planning Time": 0.652,
                    "Triggers": [],
                    "Execution Time": 376.301
                }
            ],
            "hints": [
                "SET enable_hashjoin TO on",
                "SET enable_indexonlyscan TO on",
                "SET enable_indexscan TO off",
                "SET enable_mergejoin TO off",
                "SET enable_nestloop TO off",
                "SET enable_seqscan TO on"
            ]
        },
        {
            "arm": 4,
            "execution_time": 82.883,
            "plan": [
                {
                    "Plan": {
                        "Node Type": "Aggregate",
                        "Strategy": "Plain",
                        "Partial Mode": "Finalize",
                        "Parallel Aware": false,
                        "Async Capable": false,
                        "Startup Cost": 38670.89,
                        "Total Cost": 38670.9,
                        "Plan Rows": 1,
                        "Plan Width": 64,
                        "Actual Startup Time": 73.006,
                        "Actual Total Time": 82.839,
                        "Actual Rows": 1,
                        "Actual Loops": 1,
                        "Plans": [
                            {
                                "Node Type": "Gather",
                                "Parent Relationship": "Outer",
                                "Parallel Aware": false,
                                "Async Capable": false,
                                "Startup Cost": 38670.57,
                                "Total Cost": 38670.88,
                                "Plan Rows": 3,
                                "Plan Width": 64,
                                "Actual Startup Time": 72.917,
                                "Actual Total Time": 82.834,
                                "Actual Rows": 4,
                                "Actual Loops": 1,
                                "Workers Planned": 3,
                                "Workers Launched": 3,
                                "Single Copy": false,
                                "Plans": [
                                    {
                                        "Node Type": "Aggregate",
                                        "Strategy": "Plain",
                                        "Partial Mode": "Partial",
                                        "Parent Relationship": "Outer",
                                        "Parallel Aware": false,
                                        "Async Capable": false,
                                        "Startup Cost": 37670.57,
                                        "Total Cost": 37670.58,
                                        "Plan Rows": 1,
                                        "Plan Width": 64,
                                        "Actual Startup Time": 71.355,
                                        "Actual Total Time": 71.359,
                                        "Actual Rows": 1,
                                        "Actual Loops": 4,
                                        "Workers": [],
                                        "Plans": [
                                            {
                                                "Node Type": "Hash Join",
                                                "Parent Relationship": "Outer",
                                                "Parallel Aware": false,
                                                "Async Capable": false,
                                                "Join Type": "Inner",
                                                "Startup Cost": 4780.4,
                                                "Total Cost": 37670.13,
                                                "Plan Rows": 87,
                                                "Plan Width": 33,
                                                "Actual Startup Time": 71.352,
                                                "Actual Total Time": 71.356,
                                                "Actual Rows": 0,
                                                "Actual Loops": 4,
                                                "Inner Unique": true,
                                                "Hash Cond": "(mc.company_type_id = ct.id)",
                                                "Workers": [],
                                                "Plans": [
                                                    {
                                                        "Node Type": "Nested Loop",
                                                        "Parent Relationship": "Outer",
                                                        "Parallel Aware": false,
                                                        "Async Capable": false,
                                                        "Join Type": "Inner",
                                                        "Startup Cost": 4779.31,
                                                        "Total Cost": 37668.57,
                                                        "Plan Rows": 87,
                                                        "Plan Width": 37,
                                                        "Actual Startup Time": 71.309,
                                                        "Actual Total Time": 71.312,
                                                        "Actual Rows": 0,
                                                        "Actual Loops": 4,
                                                        "Inner Unique": true,
                                                        "Workers": [],
                                                        "Plans": [
                                                            {
                                                                "Node Type": "Hash Join",
                                                                "Parent Relationship": "Outer",
                                                                "Parallel Aware": false,
                                                                "Async Capable": false,
                                                                "Join Type": "Inner",
                                                                "Startup Cost": 4778.88,
                                                                "Total Cost": 37618.39,
                                                                "Plan Rows": 87,
                                                                "Plan Width": 25,
                                                                "Actual Startup Time": 71.308,
                                                                "Actual Total Time": 71.311,
                                                                "Actual Rows": 0,
                                                                "Actual Loops": 4,
                                                                "Inner Unique": true,
                                                                "Hash Cond": "(ci.role_id = rt.id)",
                                                                "Workers": [],
                                                                "Plans": [
                                                                    {
                                                                        "Node Type": "Nested Loop",
                                                                        "Parent Relationship": "Outer",
                                                                        "Parallel Aware": false,
                                                                        "Async Capable": false,
                                                                        "Join Type": "Inner",
                                                                        "Startup Cost": 4777.71,
                                                                        "Total Cost": 37613.52,
                                                                        "Plan Rows": 1042,
                                                                        "Plan Width": 29,
                                                                        "Actual Startup Time": 4.39,
                                                                        "Actual Total Time": 71.277,
                                                                        "Actual Rows": 654,
                                                                        "Actual Loops": 4,
                                                                        "Inner Unique": false,
                                                                        "Join Filter": "(ci.movie_id = t.id)",
                                                                        "Rows Removed by Join Filter": 0,
                                                                        "Workers": [],
                                                                        "Plans": [
                                                                            {
                                                                                "Node Type": "Nested Loop",
                                                                                "Parent Relationship": "Outer",
                                                                                "Parallel Aware": false,
                                                                                "Async Capable": false,
                                                                                "Join Type": "Inner",
                                                                                "Startup Cost": 4777.27,
                                                                                "Total Cost": 36483.41,
                                                                                "Plan Rows": 670,
                                                                                "Plan Width": 29,
                                                                                "Actual Startup Time": 4.186,
                                                                                "Actual Total Time": 58.827,
                                                                                "Actual Rows": 315,
                                                                                "Actual Loops": 4,
                                                                                "Inner Unique": true,
                                                                                "Workers": [],
                                                                                "Plans": [
                                                                                    {
                                                                                        "Node Type": "Hash Join",
                                                                                        "Parent Relationship": "Outer",
                                                                                        "Parallel Aware": true,
                                                                                        "Async Capable": false,
                                                                                        "Join Type": "Inner",
                                                                                        "Startup Cost": 4776.84,
                                                                                        "Total Cost": 34226.78,
                                                                                        "Plan Rows": 4348,
                                                                                        "Plan Width": 8,
                                                                                        "Actual Startup Time": 3.766,
                                                                                        "Actual Total Time": 52.933,
                                                                                        "Actual Rows": 2198,
                                                                                        "Actual Loops": 4,
                                                                                        "Inner Unique": true,
                                                                                        "Hash Cond": "(mc.company_id = cn.id)",
                                                                                        "Workers": [],
                                                                                        "Plans": [
                                                                                            {
                                                                                                "Node Type": "Seq Scan",
                                                                                                "Parent Relationship": "Outer",
                                                                                                "Parallel Aware": true,
                                                                                                "Async Capable": false,
                                                                                                "Relation Name": "movie_companies",
                                                                                                "Alias": "mc",
                                                                                                "Startup Cost": 0.0,
                                                                                                "Total Cost": 27240.55,
                                                                                                "Plan Rows": 841655,
                                                                                                "Plan Width": 12,
                                                                                                "Actual Startup Time": 0.004,
                                                                                                "Actual Total Time": 25.48,
                                                                                                "Actual Rows": 652282,
                                                                                                "Actual Loops": 4,
                                                                                                "Workers": []
                                                                                            },
                                                                                            {
                                                                                                "Node Type": "Hash",
                                                                                                "Parent Relationship": "Inner",
                                                                                                "Parallel Aware": true,
                                                                                                "Async Capable": false,
                                                                                                "Startup Cost": 4767.92,
                                                                                                "Total Cost": 4767.92,
                                                                                                "Plan Rows": 714,
                                                                                                "Plan Width": 4,
                                                                                                "Actual Startup Time": 3.652,
                                                                                                "Actual Total Time": 3.653,
                                                                                                "Actual Rows": 340,
                                                                                                "Actual Loops": 4,
                                                                                                "Hash Buckets": 2048,
                                                                                                "Original Hash Buckets": 2048,
                                                                                                "Hash Batches": 1,
                                                                                                "Original Hash Batches": 1,
                                                                                                "Peak Memory Usage": 144,
                                                                                                "Workers": [],
                                                                                                "Plans": [
                                                                                                    {
                                                                                                        "Node Type": "Seq Scan",
                                                                                                        "Parent Relationship": "Outer",
                                                                                                        "Parallel Aware": true,
                                                                                                        "Async Capable": false,
                                                                                                        "Relation Name": "company_name",
                                                                                                        "Alias": "cn",
                                                                                                        "Startup Cost": 0.0,
                                                                                                        "Total Cost": 4767.92,
                                                                                                        "Plan Rows": 714,
                                                                                                        "Plan Width": 4,
                                                                                                        "Actual Startup Time": 0.009,
                                                                                                        "Actual Total Time": 3.618,
                                                                                                        "Actual Rows": 340,
                                                                                                        "Actual Loops": 4,
                                                                                                        "Filter": "((country_code)::text = '[ru]'::text)",
                                                                                                        "Rows Removed by Filter": 58409,
                                                                                                        "Workers": []
                                                                                                    }
                                                                                                ]
                                                                                            }
                                                                                        ]
                                                                                    },
                                                                                    {
                                                                                        "Node Type": "Index Scan",
                                                                                        "Parent Relationship": "Inner",
                                                                                        "Parallel Aware": false,
                                                                                        "Async Capable": false,
                                                                                        "Scan Direction": "Forward",
                                                                                        "Index Name": "title_pkey",
                                                                                        "Relation Name": "title",
                                                                                        "Alias": "t",
                                                                                        "Startup Cost": 0.43,
                                                                                        "Total Cost": 0.52,
                                                                                        "Plan Rows": 1,
                                                                                        "Plan Width": 21,
                                                                                        "Actual Startup Time": 0.003,
                                                                                        "Actual Total Time": 0.003,
                                                                                        "Actual Rows": 0,
                                                                                        "Actual Loops": 8790,
                                                                                        "Index Cond": "(id = mc.movie_id)",
                                                                                        "Rows Removed by Index Recheck": 0,
                                                                                        "Filter": "(production_year > 2010)",
                                                                                        "Rows Removed by Filter": 1,
                                                                                        "Workers": []
                                                                                    }
                                                                                ]
                                                                            },
                                                                            {
                                                                                "Node Type": "Index Scan",
                                                                                "Parent Relationship": "Inner",
                                                                                "Parallel Aware": false,
                                                                                "Async Capable": false,
                                                                                "Scan Direction": "Forward",
                                                                                "Index Name": "movie_id_cast_info",
                                                                                "Relation Name": "cast_info",
                                                                                "Alias": "ci",
                                                                                "Startup Cost": 0.44,
                                                                                "Total Cost": 1.66,
                                                                                "Plan Rows": 2,
                                                                                "Plan Width": 12,
                                                                                "Actual Startup Time": 0.022,
                                                                                "Actual Total Time": 0.039,
                                                                                "Actual Rows": 2,
                                                                                "Actual Loops": 1259,
                                                                                "Index Cond": "(movie_id = mc.movie_id)",
                                                                                "Rows Removed by Index Recheck": 0,
                                                                                "Filter": "(note ~~ '%(producer)%'::text)",
                                                                                "Rows Removed by Filter": 44,
                                                                                "Workers": []
                                                                            }
                                                                        ]
                                                                    },
                                                                    {
                                                                        "Node Type": "Hash",
                                                                        "Parent Relationship": "Inner",
                                                                        "Parallel Aware": false,
                                                                        "Async Capable": false,
                                                                        "Startup Cost": 1.15,
                                                                        "Total Cost": 1.15,
                                                                        "Plan Rows": 1,
                                                                        "Plan Width": 4,
                                                                        "Actual Startup Time": 0.007,
                                                                        "Actual Total Time": 0.007,
                                                                        "Actual Rows": 1,
                                                                        "Actual Loops": 4,
                                                                        "Hash Buckets": 1024,
                                                                        "Original Hash Buckets": 1024,
                                                                        "Hash Batches": 1,
                                                                        "Original Hash Batches": 1,
                                                                        "Peak Memory Usage": 9,
                                                                        "Workers": [],
                                                                        "Plans": [
                                                                            {
                                                                                "Node Type": "Seq Scan",
                                                                                "Parent Relationship": "Outer",
                                                                                "Parallel Aware": false,
                                                                                "Async Capable": false,
                                                                                "Relation Name": "role_type",
                                                                                "Alias": "rt",
                                                                                "Startup Cost": 0.0,
                                                                                "Total Cost": 1.15,
                                                                                "Plan Rows": 1,
                                                                                "Plan Width": 4,
                                                                                "Actual Startup Time": 0.005,
                                                                                "Actual Total Time": 0.006,
                                                                                "Actual Rows": 1,
                                                                                "Actual Loops": 4,
                                                                                "Filter": "((role)::text = 'actor'::text)",
                                                                                "Rows Removed by Filter": 11,
                                                                                "Workers": []
                                                                            }
                                                                        ]
                                                                    }
                                                                ]
                                                            },
                                                            {
                                                                "Node Type": "Index Scan",
                                                                "Parent Relationship": "Inner",
                                                                "Parallel Aware": false,
                                                                "Async Capable": false,
                                                                "Scan Direction": "Forward",
                                                                "Index Name": "char_name_pkey",
                                                                "Relation Name": "char_name",
                                                                "Alias": "chn",
                                                                "Startup Cost": 0.43,
                                                                "Total Cost": 0.58,
                                                                "Plan Rows": 1,
                                                                "Plan Width": 20,
                                                                "Actual Startup Time": 0.0,
                                                                "Actual Total Time": 0.0,
                                                                "Actual Rows": 0,
                                                                "Actual Loops": 0,
                                                                "Index Cond": "(id = ci.person_role_id)",
                                                                "Rows Removed by Index Recheck": 0,
                                                                "Workers": []
                                                            }
                                                        ]
                                                    },
                                                    {
                                                        "Node Type": "Hash",
                                                        "Parent Relationship": "Inner",
                                                        "Parallel Aware": false,
                                                        "Async Capable": false,
                                                        "Startup Cost": 1.04,
                                                        "Total Cost": 1.04,
                                                        "Plan Rows": 4,
                                                        "Plan Width": 4,
                                                        "Actual Startup Time": 0.011,
                                                        "Actual Total Time": 0.011,
                                                        "Actual Rows": 4,
                                                        "Actual Loops": 4,
                                                        "Hash Buckets": 1024,
                                                        "Original Hash Buckets": 1024,
                                                        "Hash Batches": 1,
                                                        "Original Hash Batches": 1,
                                                        "Peak Memory Usage": 9,
                                                        "Workers": [],
                                                        "Plans": [
                                                            {
                                                                "Node Type": "Seq Scan",
                                                                "Parent Relationship": "Outer",
                                                                "Parallel Aware": false,
                                                                "Async Capable": false,
                                                                "Relation Name": "company_type",
                                                                "Alias": "ct",
                                                                "Startup Cost": 0.0,
                                                                "Total Cost": 1.04,
                                                                "Plan Rows": 4,
                                                                "Plan Width": 4,
                                                                "Actual Startup Time": 0.008,
                                                                "Actual Total Time": 0.008,
                                                                "Actual Rows": 4,
                                                                "Actual Loops": 4,
                                                                "Workers": []
                                                            }
                                                        ]
                                                    }
                                                ]
                                            }
                                        ]
                                    }
                                ]
                            }
                        ]
                    },
                    "Planning Time": 0.775,
                    "Triggers": [],
                    "Execution Time": 82.883
                }
            ],
            "hints": [
                "SET enable_hashjoin TO on",
                "SET enable_indexonlyscan TO on",
                "SET enable_indexscan TO on",
                "SET enable_mergejoin TO off",
                "SET enable_nestloop TO on",
                "SET enable_seqscan TO on"
            ]
        }
    ]
}