{
    "sql_file": "job10a.sql",
    "query": "SELECT MIN(chn.name) AS uncredited_voiced_character, MIN(t.title) AS russian_movie FROM char_name AS chn, cast_info AS ci, company_name AS cn, company_type AS ct, movie_companies AS mc, role_type AS rt, title AS t WHERE ci.note  like '%(voice)%' and ci.note like '%(uncredited)%' AND cn.country_code  = '[ru]' AND rt.role  = 'actor' AND t.production_year > 2005 AND t.id = mc.movie_id AND t.id = ci.movie_id AND ci.movie_id = mc.movie_id AND chn.id = ci.person_role_id AND rt.id = ci.role_id AND cn.id = mc.company_id AND ct.id = mc.company_type_id;",
    "results": [
        {
            "arm": 0,
            "execution_time": 153.547,
            "plan": [
                {
                    "Plan": {
                        "Node Type": "Aggregate",
                        "Strategy": "Plain",
                        "Partial Mode": "Finalize",
                        "Parallel Aware": false,
                        "Async Capable": false,
                        "Startup Cost": 40599.14,
                        "Total Cost": 40599.15,
                        "Plan Rows": 1,
                        "Plan Width": 64,
                        "Actual Startup Time": 136.503,
                        "Actual Total Time": 153.495,
                        "Actual Rows": 1,
                        "Actual Loops": 1,
                        "Plans": [
                            {
                                "Node Type": "Gather",
                                "Parent Relationship": "Outer",
                                "Parallel Aware": false,
                                "Async Capable": false,
                                "Startup Cost": 40598.82,
                                "Total Cost": 40599.13,
                                "Plan Rows": 3,
                                "Plan Width": 64,
                                "Actual Startup Time": 136.407,
                                "Actual Total Time": 153.49,
                                "Actual Rows": 4,
                                "Actual Loops": 1,
                                "Workers Planned": 3,
                                "Workers Launched": 3,
                                "Single Copy": false,
                                "Plans": [
                                    {
                                        "Node Type": "Aggregate",
                                        "Strategy": "Plain",
                                        "Partial Mode": "Partial",
                                        "Parent Relationship": "Outer",
                                        "Parallel Aware": false,
                                        "Async Capable": false,
                                        "Startup Cost": 39598.82,
                                        "Total Cost": 39598.83,
                                        "Plan Rows": 1,
                                        "Plan Width": 64,
                                        "Actual Startup Time": 134.715,
                                        "Actual Total Time": 134.719,
                                        "Actual Rows": 1,
                                        "Actual Loops": 4,
                                        "Workers": [],
                                        "Plans": [
                                            {
                                                "Node Type": "Nested Loop",
                                                "Parent Relationship": "Outer",
                                                "Parallel Aware": false,
                                                "Async Capable": false,
                                                "Join Type": "Inner",
                                                "Startup Cost": 4779.45,
                                                "Total Cost": 39598.8,
                                                "Plan Rows": 3,
                                                "Plan Width": 33,
                                                "Actual Startup Time": 19.177,
                                                "Actual Total Time": 134.703,
                                                "Actual Rows": 26,
                                                "Actual Loops": 4,
                                                "Inner Unique": true,
                                                "Workers": [],
                                                "Plans": [
                                                    {
                                                        "Node Type": "Nested Loop",
                                                        "Parent Relationship": "Outer",
                                                        "Parallel Aware": false,
                                                        "Async Capable": false,
                                                        "Join Type": "Inner",
                                                        "Startup Cost": 4779.31,
                                                        "Total Cost": 39598.4,
                                                        "Plan Rows": 3,
                                                        "Plan Width": 37,
                                                        "Actual Startup Time": 19.16,
                                                        "Actual Total Time": 134.662,
                                                        "Actual Rows": 26,
                                                        "Actual Loops": 4,
                                                        "Inner Unique": true,
                                                        "Workers": [],
                                                        "Plans": [
                                                            {
                                                                "Node Type": "Hash Join",
                                                                "Parent Relationship": "Outer",
                                                                "Parallel Aware": false,
                                                                "Async Capable": false,
                                                                "Join Type": "Inner",
                                                                "Startup Cost": 4778.88,
                                                                "Total Cost": 39580.85,
                                                                "Plan Rows": 3,
                                                                "Plan Width": 25,
                                                                "Actual Startup Time": 19.132,
                                                                "Actual Total Time": 134.488,
                                                                "Actual Rows": 28,
                                                                "Actual Loops": 4,
                                                                "Inner Unique": true,
                                                                "Hash Cond": "(ci.role_id = rt.id)",
                                                                "Workers": [],
                                                                "Plans": [
                                                                    {
                                                                        "Node Type": "Nested Loop",
                                                                        "Parent Relationship": "Outer",
                                                                        "Parallel Aware": false,
                                                                        "Async Capable": false,
                                                                        "Join Type": "Inner",
                                                                        "Startup Cost": 4777.71,
                                                                        "Total Cost": 39579.57,
                                                                        "Plan Rows": 34,
                                                                        "Plan Width": 29,
                                                                        "Actual Startup Time": 17.319,
                                                                        "Actual Total Time": 134.456,
                                                                        "Actual Rows": 38,
                                                                        "Actual Loops": 4,
                                                                        "Inner Unique": false,
                                                                        "Join Filter": "(ci.movie_id = t.id)",
                                                                        "Rows Removed by Join Filter": 0,
                                                                        "Workers": [],
                                                                        "Plans": [
                                                                            {
                                                                                "Node Type": "Nested Loop",
                                                                                "Parent Relationship": "Outer",
                                                                                "Parallel Aware": false,
                                                                                "Async Capable": false,
                                                                                "Join Type": "Inner",
                                                                                "Startup Cost": 4777.27,
                                                                                "Total Cost": 36483.41,
                                                                                "Plan Rows": 1750,
                                                                                "Plan Width": 29,
                                                                                "Actual Startup Time": 3.452,
                                                                                "Actual Total Time": 59.313,
                                                                                "Actual Rows": 1135,
                                                                                "Actual Loops": 4,
                                                                                "Inner Unique": true,
                                                                                "Workers": [],
                                                                                "Plans": [
                                                                                    {
                                                                                        "Node Type": "Hash Join",
                                                                                        "Parent Relationship": "Outer",
                                                                                        "Parallel Aware": true,
                                                                                        "Async Capable": false,
                                                                                        "Join Type": "Inner",
                                                                                        "Startup Cost": 4776.84,
                                                                                        "Total Cost": 34226.78,
                                                                                        "Plan Rows": 4348,
                                                                                        "Plan Width": 8,
                                                                                        "Actual Startup Time": 3.363,
                                                                                        "Actual Total Time": 52.904,
                                                                                        "Actual Rows": 2198,
                                                                                        "Actual Loops": 4,
                                                                                        "Inner Unique": true,
                                                                                        "Hash Cond": "(mc.company_id = cn.id)",
                                                                                        "Workers": [],
                                                                                        "Plans": [
                                                                                            {
                                                                                                "Node Type": "Seq Scan",
                                                                                                "Parent Relationship": "Outer",
                                                                                                "Parallel Aware": true,
                                                                                                "Async Capable": false,
                                                                                                "Relation Name": "movie_companies",
                                                                                                "Alias": "mc",
                                                                                                "Startup Cost": 0.0,
                                                                                                "Total Cost": 27240.55,
                                                                                                "Plan Rows": 841655,
                                                                                                "Plan Width": 12,
                                                                                                "Actual Startup Time": 0.006,
                                                                                                "Actual Total Time": 26.306,
                                                                                                "Actual Rows": 652282,
                                                                                                "Actual Loops": 4,
                                                                                                "Workers": []
                                                                                            },
                                                                                            {
                                                                                                "Node Type": "Hash",
                                                                                                "Parent Relationship": "Inner",
                                                                                                "Parallel Aware": true,
                                                                                                "Async Capable": false,
                                                                                                "Startup Cost": 4767.92,
                                                                                                "Total Cost": 4767.92,
                                                                                                "Plan Rows": 714,
                                                                                                "Plan Width": 4,
                                                                                                "Actual Startup Time": 3.225,
                                                                                                "Actual Total Time": 3.226,
                                                                                                "Actual Rows": 340,
                                                                                                "Actual Loops": 4,
                                                                                                "Hash Buckets": 2048,
                                                                                                "Original Hash Buckets": 2048,
                                                                                                "Hash Batches": 1,
                                                                                                "Original Hash Batches": 1,
                                                                                                "Peak Memory Usage": 144,
                                                                                                "Workers": [],
                                                                                                "Plans": [
                                                                                                    {
                                                                                                        "Node Type": "Seq Scan",
                                                                                                        "Parent Relationship": "Outer",
                                                                                                        "Parallel Aware": true,
                                                                                                        "Async Capable": false,
                                                                                                        "Relation Name": "company_name",
                                                                                                        "Alias": "cn",
                                                                                                        "Startup Cost": 0.0,
                                                                                                        "Total Cost": 4767.92,
                                                                                                        "Plan Rows": 714,
                                                                                                        "Plan Width": 4,
                                                                                                        "Actual Startup Time": 0.013,
                                                                                                        "Actual Total Time": 3.183,
                                                                                                        "Actual Rows": 340,
                                                                                                        "Actual Loops": 4,
                                                                                                        "Filter": "((country_code)::text = '[ru]'::text)",
                                                                                                        "Rows Removed by Filter": 58409,
                                                                                                        "Workers": []
                                                                                                    }
                                                                                                ]
                                                                                            }
                                                                                        ]
                                                                                    },
                                                                                    {
                                                                                        "Node Type": "Index Scan",
                                                                                        "Parent Relationship": "Inner",
                                                                                        "Parallel Aware": false,
                                                                                        "Async Capable": false,
                                                                                        "Scan Direction": "Forward",
                                                                                        "Index Name": "title_pkey",
                                                                                        "Relation Name": "title",
                                                                                        "Alias": "t",
                                                                                        "Startup Cost": 0.43,
                                                                                        "Total Cost": 0.52,
                                                                                        "Plan Rows": 1,
                                                                                        "Plan Width": 21,
                                                                                        "Actual Startup Time": 0.003,
                                                                                        "Actual Total Time": 0.003,
                                                                                        "Actual Rows": 1,
                                                                                        "Actual Loops": 8790,
                                                                                        "Index Cond": "(id = mc.movie_id)",
                                                                                        "Rows Removed by Index Recheck": 0,
                                                                                        "Filter": "(production_year > 2005)",
                                                                                        "Rows Removed by Filter": 0,
                                                                                        "Workers": []
                                                                                    }
                                                                                ]
                                                                            },
                                                                            {
                                                                                "Node Type": "Index Scan",
                                                                                "Parent Relationship": "Inner",
                                                                                "Parallel Aware": false,
                                                                                "Async Capable": false,
                                                                                "Scan Direction": "Forward",
                                                                                "Index Name": "movie_id_cast_info",
                                                                                "Relation Name": "cast_info",
                                                                                "Alias": "ci",
                                                                                "Startup Cost": 0.44,
                                                                                "Total Cost": 1.76,
                                                                                "Plan Rows": 1,
                                                                                "Plan Width": 12,
                                                                                "Actual Startup Time": 0.062,
                                                                                "Actual Total Time": 0.066,
                                                                                "Actual Rows": 0,
                                                                                "Actual Loops": 4539,
                                                                                "Index Cond": "(movie_id = mc.movie_id)",
                                                                                "Rows Removed by Index Recheck": 0,
                                                                                "Filter": "((note ~~ '%(voice)%'::text) AND (note ~~ '%(uncredited)%'::text))",
                                                                                "Rows Removed by Filter": 50,
                                                                                "Workers": []
                                                                            }
                                                                        ]
                                                                    },
                                                                    {
                                                                        "Node Type": "Hash",
                                                                        "Parent Relationship": "Inner",
                                                                        "Parallel Aware": false,
                                                                        "Async Capable": false,
                                                                        "Startup Cost": 1.15,
                                                                        "Total Cost": 1.15,
                                                                        "Plan Rows": 1,
                                                                        "Plan Width": 4,
                                                                        "Actual Startup Time": 0.008,
                                                                        "Actual Total Time": 0.009,
                                                                        "Actual Rows": 1,
                                                                        "Actual Loops": 4,
                                                                        "Hash Buckets": 1024,
                                                                        "Original Hash Buckets": 1024,
                                                                        "Hash Batches": 1,
                                                                        "Original Hash Batches": 1,
                                                                        "Peak Memory Usage": 9,
                                                                        "Workers": [],
                                                                        "Plans": [
                                                                            {
                                                                                "Node Type": "Seq Scan",
                                                                                "Parent Relationship": "Outer",
                                                                                "Parallel Aware": false,
                                                                                "Async Capable": false,
                                                                                "Relation Name": "role_type",
                                                                                "Alias": "rt",
                                                                                "Startup Cost": 0.0,
                                                                                "Total Cost": 1.15,
                                                                                "Plan Rows": 1,
                                                                                "Plan Width": 4,
                                                                                "Actual Startup Time": 0.006,
                                                                                "Actual Total Time": 0.007,
                                                                                "Actual Rows": 1,
                                                                                "Actual Loops": 4,
                                                                                "Filter": "((role)::text = 'actor'::text)",
                                                                                "Rows Removed by Filter": 11,
                                                                                "Workers": []
                                                                            }
                                                                        ]
                                                                    }
                                                                ]
                                                            },
                                                            {
                                                                "Node Type": "Index Scan",
                                                                "Parent Relationship": "Inner",
                                                                "Parallel Aware": false,
                                                                "Async Capable": false,
                                                                "Scan Direction": "Forward",
                                                                "Index Name": "char_name_pkey",
                                                                "Relation Name": "char_name",
                                                                "Alias": "chn",
                                                                "Startup Cost": 0.43,
                                                                "Total Cost": 5.85,
                                                                "Plan Rows": 1,
                                                                "Plan Width": 20,
                                                                "Actual Startup Time": 0.006,
                                                                "Actual Total Time": 0.006,
                                                                "Actual Rows": 1,
                                                                "Actual Loops": 112,
                                                                "Index Cond": "(id = ci.person_role_id)",
                                                                "Rows Removed by Index Recheck": 0,
                                                                "Workers": []
                                                            }
                                                        ]
                                                    },
                                                    {
                                                        "Node Type": "Memoize",
                                                        "Parent Relationship": "Inner",
                                                        "Parallel Aware": false,
                                                        "Async Capable": false,
                                                        "Startup Cost": 0.14,
                                                        "Total Cost": 0.16,
                                                        "Plan Rows": 1,
                                                        "Plan Width": 4,
                                                        "Actual Startup Time": 0.001,
                                                        "Actual Total Time": 0.001,
                                                        "Actual Rows": 1,
                                                        "Actual Loops": 104,
                                                        "Cache Key": "mc.company_type_id",
                                                        "Cache Mode": "logical",
                                                        "Cache Hits": 33,
                                                        "Cache Misses": 2,
                                                        "Cache Evictions": 0,
                                                        "Cache Overflows": 0,
                                                        "Peak Memory Usage": 1,
                                                        "Workers": [
                                                            {
                                                                "Worker Number": 0,
                                                                "Cache Hits": 16,
                                                                "Cache Misses": 1,
                                                                "Cache Evictions": 0,
                                                                "Cache Overflows": 0,
                                                                "Peak Memory Usage": 1
                                                            },
                                                            {
                                                                "Worker Number": 1,
                                                                "Cache Hits": 14,
                                                                "Cache Misses": 2,
                                                                "Cache Evictions": 0,
                                                                "Cache Overflows": 0,
                                                                "Peak Memory Usage": 1
                                                            },
                                                            {
                                                                "Worker Number": 2,
                                                                "Cache Hits": 34,
                                                                "Cache Misses": 2,
                                                                "Cache Evictions": 0,
                                                                "Cache Overflows": 0,
                                                                "Peak Memory Usage": 1
                                                            }
                                                        ],
                                                        "Plans": [
                                                            {
                                                                "Node Type": "Index Only Scan",
                                                                "Parent Relationship": "Outer",
                                                                "Parallel Aware": false,
                                                                "Async Capable": false,
                                                                "Scan Direction": "Forward",
                                                                "Index Name": "company_type_pkey",
                                                                "Relation Name": "company_type",
                                                                "Alias": "ct",
                                                                "Startup Cost": 0.13,
                                                                "Total Cost": 0.15,
                                                                "Plan Rows": 1,
                                                                "Plan Width": 4,
                                                                "Actual Startup Time": 0.008,
                                                                "Actual Total Time": 0.009,
                                                                "Actual Rows": 1,
                                                                "Actual Loops": 7,
                                                                "Index Cond": "(id = mc.company_type_id)",
                                                                "Rows Removed by Index Recheck": 0,
                                                                "Heap Fetches": 7,
                                                                "Workers": []
                                                            }
                                                        ]
                                                    }
                                                ]
                                            }
                                        ]
                                    }
                                ]
                            }
                        ]
                    },
                    "Planning Time": 1.045,
                    "Triggers": [],
                    "Execution Time": 153.547
                }
            ],
            "hints": [
                "SET enable_hashjoin TO on",
                "SET enable_indexonlyscan TO on",
                "SET enable_indexscan TO on",
                "SET enable_mergejoin TO on",
                "SET enable_nestloop TO on",
                "SET enable_seqscan TO on"
            ]
        },
        {
            "arm": 1,
            "execution_time": 449.621,
            "plan": [
                {
                    "Plan": {
                        "Node Type": "Aggregate",
                        "Strategy": "Plain",
                        "Partial Mode": "Finalize",
                        "Parallel Aware": false,
                        "Async Capable": false,
                        "Startup Cost": 471679.1,
                        "Total Cost": 471679.11,
                        "Plan Rows": 1,
                        "Plan Width": 64,
                        "Actual Startup Time": 429.976,
                        "Actual Total Time": 449.574,
                        "Actual Rows": 1,
                        "Actual Loops": 1,
                        "Plans": [
                            {
                                "Node Type": "Gather",
                                "Parent Relationship": "Outer",
                                "Parallel Aware": false,
                                "Async Capable": false,
                                "Startup Cost": 471678.67,
                                "Total Cost": 471679.08,
                                "Plan Rows": 4,
                                "Plan Width": 64,
                                "Actual Startup Time": 429.793,
                                "Actual Total Time": 449.565,
                                "Actual Rows": 5,
                                "Actual Loops": 1,
                                "Workers Planned": 4,
                                "Workers Launched": 4,
                                "Single Copy": false,
                                "Plans": [
                                    {
                                        "Node Type": "Aggregate",
                                        "Strategy": "Plain",
                                        "Partial Mode": "Partial",
                                        "Parent Relationship": "Outer",
                                        "Parallel Aware": false,
                                        "Async Capable": false,
                                        "Startup Cost": 470678.67,
                                        "Total Cost": 470678.68,
                                        "Plan Rows": 1,
                                        "Plan Width": 64,
                                        "Actual Startup Time": 427.994,
                                        "Actual Total Time": 428.006,
                                        "Actual Rows": 1,
                                        "Actual Loops": 5,
                                        "Workers": [],
                                        "Plans": [
                                            {
                                                "Node Type": "Hash Join",
                                                "Parent Relationship": "Outer",
                                                "Parallel Aware": false,
                                                "Async Capable": false,
                                                "Join Type": "Inner",
                                                "Startup Cost": 422454.34,
                                                "Total Cost": 470678.66,
                                                "Plan Rows": 2,
                                                "Plan Width": 33,
                                                "Actual Startup Time": 374.077,
                                                "Actual Total Time": 427.994,
                                                "Actual Rows": 21,
                                                "Actual Loops": 5,
                                                "Inner Unique": true,
                                                "Hash Cond": "(mc.company_type_id = ct.id)",
                                                "Workers": [],
                                                "Plans": [
                                                    {
                                                        "Node Type": "Hash Join",
                                                        "Parent Relationship": "Outer",
                                                        "Parallel Aware": true,
                                                        "Async Capable": false,
                                                        "Join Type": "Inner",
                                                        "Startup Cost": 422453.25,
                                                        "Total Cost": 470677.56,
                                                        "Plan Rows": 2,
                                                        "Plan Width": 37,
                                                        "Actual Startup Time": 374.015,
                                                        "Actual Total Time": 427.925,
                                                        "Actual Rows": 21,
                                                        "Actual Loops": 5,
                                                        "Inner Unique": false,
                                                        "Hash Cond": "(chn.id = ci.person_role_id)",
                                                        "Workers": [],
                                                        "Plans": [
                                                            {
                                                                "Node Type": "Seq Scan",
                                                                "Parent Relationship": "Outer",
                                                                "Parallel Aware": true,
                                                                "Async Capable": false,
                                                                "Relation Name": "char_name",
                                                                "Alias": "chn",
                                                                "Startup Cost": 0.0,
                                                                "Total Cost": 44298.87,
                                                                "Plan Rows": 785087,
                                                                "Plan Width": 20,
                                                                "Actual Startup Time": 0.015,
                                                                "Actual Total Time": 36.333,
                                                                "Actual Rows": 628068,
                                                                "Actual Loops": 5,
                                                                "Workers": []
                                                            },
                                                            {
                                                                "Node Type": "Hash",
                                                                "Parent Relationship": "Inner",
                                                                "Parallel Aware": true,
                                                                "Async Capable": false,
                                                                "Startup Cost": 422453.22,
                                                                "Total Cost": 422453.22,
                                                                "Plan Rows": 2,
                                                                "Plan Width": 25,
                                                                "Actual Startup Time": 373.749,
                                                                "Actual Total Time": 373.758,
                                                                "Actual Rows": 22,
                                                                "Actual Loops": 5,
                                                                "Hash Buckets": 1024,
                                                                "Original Hash Buckets": 1024,
                                                                "Hash Batches": 1,
                                                                "Original Hash Batches": 1,
                                                                "Peak Memory Usage": 168,
                                                                "Workers": [],
                                                                "Plans": [
                                                                    {
                                                                        "Node Type": "Hash Join",
                                                                        "Parent Relationship": "Outer",
                                                                        "Parallel Aware": true,
                                                                        "Async Capable": false,
                                                                        "Join Type": "Inner",
                                                                        "Startup Cost": 377589.21,
                                                                        "Total Cost": 422453.22,
                                                                        "Plan Rows": 2,
                                                                        "Plan Width": 25,
                                                                        "Actual Startup Time": 361.694,
                                                                        "Actual Total Time": 373.728,
                                                                        "Actual Rows": 22,
                                                                        "Actual Loops": 5,
                                                                        "Inner Unique": false,
                                                                        "Hash Cond": "(t.id = mc.movie_id)",
                                                                        "Workers": [],
                                                                        "Plans": [
                                                                            {
                                                                                "Node Type": "Seq Scan",
                                                                                "Parent Relationship": "Outer",
                                                                                "Parallel Aware": true,
                                                                                "Async Capable": false,
                                                                                "Relation Name": "title",
                                                                                "Alias": "t",
                                                                                "Startup Cost": 0.0,
                                                                                "Total Cost": 43909.73,
                                                                                "Plan Rows": 254474,
                                                                                "Plan Width": 21,
                                                                                "Actual Startup Time": 0.005,
                                                                                "Actual Total Time": 26.95,
                                                                                "Actual Rows": 202584,
                                                                                "Actual Loops": 5,
                                                                                "Filter": "(production_year > 2005)",
                                                                                "Rows Removed by Filter": 303078,
                                                                                "Workers": []
                                                                            },
                                                                            {
                                                                                "Node Type": "Hash",
                                                                                "Parent Relationship": "Inner",
                                                                                "Parallel Aware": true,
                                                                                "Async Capable": false,
                                                                                "Startup Cost": 377589.12,
                                                                                "Total Cost": 377589.12,
                                                                                "Plan Rows": 7,
                                                                                "Plan Width": 16,
                                                                                "Actual Startup Time": 341.145,
                                                                                "Actual Total Time": 341.152,
                                                                                "Actual Rows": 55,
                                                                                "Actual Loops": 5,
                                                                                "Hash Buckets": 1024,
                                                                                "Original Hash Buckets": 1024,
                                                                                "Hash Batches": 1,
                                                                                "Original Hash Batches": 1,
                                                                                "Peak Memory Usage": 168,
                                                                                "Workers": [],
                                                                                "Plans": [
                                                                                    {
                                                                                        "Node Type": "Hash Join",
                                                                                        "Parent Relationship": "Outer",
                                                                                        "Parallel Aware": true,
                                                                                        "Async Capable": false,
                                                                                        "Join Type": "Inner",
                                                                                        "Startup Cost": 348122.87,
                                                                                        "Total Cost": 377589.12,
                                                                                        "Plan Rows": 7,
                                                                                        "Plan Width": 16,
                                                                                        "Actual Startup Time": 307.681,
                                                                                        "Actual Total Time": 341.109,
                                                                                        "Actual Rows": 55,
                                                                                        "Actual Loops": 5,
                                                                                        "Inner Unique": false,
                                                                                        "Hash Cond": "(mc.movie_id = ci.movie_id)",
                                                                                        "Workers": [],
                                                                                        "Plans": [
                                                                                            {
                                                                                                "Node Type": "Hash Join",
                                                                                                "Parent Relationship": "Outer",
                                                                                                "Parallel Aware": true,
                                                                                                "Async Capable": false,
                                                                                                "Join Type": "Inner",
                                                                                                "Startup Cost": 4776.84,
                                                                                                "Total Cost": 34226.78,
                                                                                                "Plan Rows": 4348,
                                                                                                "Plan Width": 8,
                                                                                                "Actual Startup Time": 2.557,
                                                                                                "Actual Total Time": 41.46,
                                                                                                "Actual Rows": 1758,
                                                                                                "Actual Loops": 5,
                                                                                                "Inner Unique": true,
                                                                                                "Hash Cond": "(mc.company_id = cn.id)",
                                                                                                "Workers": [],
                                                                                                "Plans": [
                                                                                                    {
                                                                                                        "Node Type": "Seq Scan",
                                                                                                        "Parent Relationship": "Outer",
                                                                                                        "Parallel Aware": true,
                                                                                                        "Async Capable": false,
                                                                                                        "Relation Name": "movie_companies",
                                                                                                        "Alias": "mc",
                                                                                                        "Startup Cost": 0.0,
                                                                                                        "Total Cost": 27240.55,
                                                                                                        "Plan Rows": 841655,
                                                                                                        "Plan Width": 12,
                                                                                                        "Actual Startup Time": 0.004,
                                                                                                        "Actual Total Time": 20.415,
                                                                                                        "Actual Rows": 521826,
                                                                                                        "Actual Loops": 5,
                                                                                                        "Workers": []
                                                                                                    },
                                                                                                    {
                                                                                                        "Node Type": "Hash",
                                                                                                        "Parent Relationship": "Inner",
                                                                                                        "Parallel Aware": true,
                                                                                                        "Async Capable": false,
                                                                                                        "Startup Cost": 4767.92,
                                                                                                        "Total Cost": 4767.92,
                                                                                                        "Plan Rows": 714,
                                                                                                        "Plan Width": 4,
                                                                                                        "Actual Startup Time": 2.464,
                                                                                                        "Actual Total Time": 2.465,
                                                                                                        "Actual Rows": 272,
                                                                                                        "Actual Loops": 5,
                                                                                                        "Hash Buckets": 2048,
                                                                                                        "Original Hash Buckets": 2048,
                                                                                                        "Hash Batches": 1,
                                                                                                        "Original Hash Batches": 1,
                                                                                                        "Peak Memory Usage": 176,
                                                                                                        "Workers": [],
                                                                                                        "Plans": [
                                                                                                            {
                                                                                                                "Node Type": "Seq Scan",
                                                                                                                "Parent Relationship": "Outer",
                                                                                                                "Parallel Aware": true,
                                                                                                                "Async Capable": false,
                                                                                                                "Relation Name": "company_name",
                                                                                                                "Alias": "cn",
                                                                                                                "Startup Cost": 0.0,
                                                                                                                "Total Cost": 4767.92,
                                                                                                                "Plan Rows": 714,
                                                                                                                "Plan Width": 4,
                                                                                                                "Actual Startup Time": 0.011,
                                                                                                                "Actual Total Time": 2.431,
                                                                                                                "Actual Rows": 272,
                                                                                                                "Actual Loops": 5,
                                                                                                                "Filter": "((country_code)::text = '[ru]'::text)",
                                                                                                                "Rows Removed by Filter": 46727,
                                                                                                                "Workers": []
                                                                                                            }
                                                                                                        ]
                                                                                                    }
                                                                                                ]
                                                                                            },
                                                                                            {
                                                                                                "Node Type": "Hash",
                                                                                                "Parent Relationship": "Inner",
                                                                                                "Parallel Aware": true,
                                                                                                "Async Capable": false,
                                                                                                "Startup Cost": 343342.85,
                                                                                                "Total Cost": 343342.85,
                                                                                                "Plan Rows": 254,
                                                                                                "Plan Width": 8,
                                                                                                "Actual Startup Time": 299.372,
                                                                                                "Actual Total Time": 299.374,
                                                                                                "Actual Rows": 5175,
                                                                                                "Actual Loops": 5,
                                                                                                "Hash Buckets": 32768,
                                                                                                "Original Hash Buckets": 2048,
                                                                                                "Hash Batches": 1,
                                                                                                "Original Hash Batches": 1,
                                                                                                "Peak Memory Usage": 1584,
                                                                                                "Workers": [],
                                                                                                "Plans": [
                                                                                                    {
                                                                                                        "Node Type": "Hash Join",
                                                                                                        "Parent Relationship": "Outer",
                                                                                                        "Parallel Aware": false,
                                                                                                        "Async Capable": false,
                                                                                                        "Join Type": "Inner",
                                                                                                        "Startup Cost": 1.16,
                                                                                                        "Total Cost": 343342.85,
                                                                                                        "Plan Rows": 254,
                                                                                                        "Plan Width": 8,
                                                                                                        "Actual Startup Time": 185.508,
                                                                                                        "Actual Total Time": 272.405,
                                                                                                        "Actual Rows": 5175,
                                                                                                        "Actual Loops": 5,
                                                                                                        "Inner Unique": true,
                                                                                                        "Hash Cond": "(ci.role_id = rt.id)",
                                                                                                        "Workers": [],
                                                                                                        "Plans": [
                                                                                                            {
                                                                                                                "Node Type": "Seq Scan",
                                                                                                                "Parent Relationship": "Outer",
                                                                                                                "Parallel Aware": true,
                                                                                                                "Async Capable": false,
                                                                                                                "Relation Name": "cast_info",
                                                                                                                "Alias": "ci",
                                                                                                                "Startup Cost": 0.0,
                                                                                                                "Total Cost": 343330.86,
                                                                                                                "Plan Rows": 3049,
                                                                                                                "Plan Width": 12,
                                                                                                                "Actual Startup Time": 0.215,
                                                                                                                "Actual Total Time": 271.955,
                                                                                                                "Actual Rows": 6458,
                                                                                                                "Actual Loops": 5,
                                                                                                                "Filter": "((note ~~ '%(voice)%'::text) AND (note ~~ '%(uncredited)%'::text))",
                                                                                                                "Rows Removed by Filter": 7242411,
                                                                                                                "Workers": []
                                                                                                            },
                                                                                                            {
                                                                                                                "Node Type": "Hash",
                                                                                                                "Parent Relationship": "Inner",
                                                                                                                "Parallel Aware": false,
                                                                                                                "Async Capable": false,
                                                                                                                "Startup Cost": 1.15,
                                                                                                                "Total Cost": 1.15,
                                                                                                                "Plan Rows": 1,
                                                                                                                "Plan Width": 4,
                                                                                                                "Actual Startup Time": 0.008,
                                                                                                                "Actual Total Time": 0.009,
                                                                                                                "Actual Rows": 1,
                                                                                                                "Actual Loops": 5,
                                                                                                                "Hash Buckets": 1024,
                                                                                                                "Original Hash Buckets": 1024,
                                                                                                                "Hash Batches": 1,
                                                                                                                "Original Hash Batches": 1,
                                                                                                                "Peak Memory Usage": 9,
                                                                                                                "Workers": [],
                                                                                                                "Plans": [
                                                                                                                    {
                                                                                                                        "Node Type": "Seq Scan",
                                                                                                                        "Parent Relationship": "Outer",
                                                                                                                        "Parallel Aware": false,
                                                                                                                        "Async Capable": false,
                                                                                                                        "Relation Name": "role_type",
                                                                                                                        "Alias": "rt",
                                                                                                                        "Startup Cost": 0.0,
                                                                                                                        "Total Cost": 1.15,
                                                                                                                        "Plan Rows": 1,
                                                                                                                        "Plan Width": 4,
                                                                                                                        "Actual Startup Time": 0.004,
                                                                                                                        "Actual Total Time": 0.005,
                                                                                                                        "Actual Rows": 1,
                                                                                                                        "Actual Loops": 5,
                                                                                                                        "Filter": "((role)::text = 'actor'::text)",
                                                                                                                        "Rows Removed by Filter": 11,
                                                                                                                        "Workers": []
                                                                                                                    }
                                                                                                                ]
                                                                                                            }
                                                                                                        ]
                                                                                                    }
                                                                                                ]
                                                                                            }
                                                                                        ]
                                                                                    }
                                                                                ]
                                                                            }
                                                                        ]
                                                                    }
                                                                ]
                                                            }
                                                        ]
                                                    },
                                                    {
                                                        "Node Type": "Hash",
                                                        "Parent Relationship": "Inner",
                                                        "Parallel Aware": false,
                                                        "Async Capable": false,
                                                        "Startup Cost": 1.04,
                                                        "Total Cost": 1.04,
                                                        "Plan Rows": 4,
                                                        "Plan Width": 4,
                                                        "Actual Startup Time": 0.011,
                                                        "Actual Total Time": 0.012,
                                                        "Actual Rows": 4,
                                                        "Actual Loops": 5,
                                                        "Hash Buckets": 1024,
                                                        "Original Hash Buckets": 1024,
                                                        "Hash Batches": 1,
                                                        "Original Hash Batches": 1,
                                                        "Peak Memory Usage": 9,
                                                        "Workers": [],
                                                        "Plans": [
                                                            {
                                                                "Node Type": "Seq Scan",
                                                                "Parent Relationship": "Outer",
                                                                "Parallel Aware": false,
                                                                "Async Capable": false,
                                                                "Relation Name": "company_type",
                                                                "Alias": "ct",
                                                                "Startup Cost": 0.0,
                                                                "Total Cost": 1.04,
                                                                "Plan Rows": 4,
                                                                "Plan Width": 4,
                                                                "Actual Startup Time": 0.009,
                                                                "Actual Total Time": 0.009,
                                                                "Actual Rows": 4,
                                                                "Actual Loops": 5,
                                                                "Workers": []
                                                            }
                                                        ]
                                                    }
                                                ]
                                            }
                                        ]
                                    }
                                ]
                            }
                        ]
                    },
                    "Planning Time": 1.154,
                    "Triggers": [],
                    "Execution Time": 449.621
                }
            ],
            "hints": [
                "SET enable_hashjoin TO on",
                "SET enable_indexonlyscan TO on",
                "SET enable_indexscan TO on",
                "SET enable_mergejoin TO on",
                "SET enable_nestloop TO off",
                "SET enable_seqscan TO on"
            ]
        },
        {
            "arm": 2,
            "execution_time": 445.731,
            "plan": [
                {
                    "Plan": {
                        "Node Type": "Aggregate",
                        "Strategy": "Plain",
                        "Partial Mode": "Finalize",
                        "Parallel Aware": false,
                        "Async Capable": false,
                        "Startup Cost": 471679.1,
                        "Total Cost": 471679.11,
                        "Plan Rows": 1,
                        "Plan Width": 64,
                        "Actual Startup Time": 427.798,
                        "Actual Total Time": 445.684,
                        "Actual Rows": 1,
                        "Actual Loops": 1,
                        "Plans": [
                            {
                                "Node Type": "Gather",
                                "Parent Relationship": "Outer",
                                "Parallel Aware": false,
                                "Async Capable": false,
                                "Startup Cost": 471678.67,
                                "Total Cost": 471679.08,
                                "Plan Rows": 4,
                                "Plan Width": 64,
                                "Actual Startup Time": 427.64,
                                "Actual Total Time": 445.679,
                                "Actual Rows": 5,
                                "Actual Loops": 1,
                                "Workers Planned": 4,
                                "Workers Launched": 4,
                                "Single Copy": false,
                                "Plans": [
                                    {
                                        "Node Type": "Aggregate",
                                        "Strategy": "Plain",
                                        "Partial Mode": "Partial",
                                        "Parent Relationship": "Outer",
                                        "Parallel Aware": false,
                                        "Async Capable": false,
                                        "Startup Cost": 470678.67,
                                        "Total Cost": 470678.68,
                                        "Plan Rows": 1,
                                        "Plan Width": 64,
                                        "Actual Startup Time": 425.992,
                                        "Actual Total Time": 426.002,
                                        "Actual Rows": 1,
                                        "Actual Loops": 5,
                                        "Workers": [],
                                        "Plans": [
                                            {
                                                "Node Type": "Hash Join",
                                                "Parent Relationship": "Outer",
                                                "Parallel Aware": false,
                                                "Async Capable": false,
                                                "Join Type": "Inner",
                                                "Startup Cost": 422454.34,
                                                "Total Cost": 470678.66,
                                                "Plan Rows": 2,
                                                "Plan Width": 33,
                                                "Actual Startup Time": 378.532,
                                                "Actual Total Time": 425.992,
                                                "Actual Rows": 21,
                                                "Actual Loops": 5,
                                                "Inner Unique": true,
                                                "Hash Cond": "(mc.company_type_id = ct.id)",
                                                "Workers": [],
                                                "Plans": [
                                                    {
                                                        "Node Type": "Hash Join",
                                                        "Parent Relationship": "Outer",
                                                        "Parallel Aware": true,
                                                        "Async Capable": false,
                                                        "Join Type": "Inner",
                                                        "Startup Cost": 422453.25,
                                                        "Total Cost": 470677.56,
                                                        "Plan Rows": 2,
                                                        "Plan Width": 37,
                                                        "Actual Startup Time": 378.479,
                                                        "Actual Total Time": 425.933,
                                                        "Actual Rows": 21,
                                                        "Actual Loops": 5,
                                                        "Inner Unique": false,
                                                        "Hash Cond": "(chn.id = ci.person_role_id)",
                                                        "Workers": [],
                                                        "Plans": [
                                                            {
                                                                "Node Type": "Seq Scan",
                                                                "Parent Relationship": "Outer",
                                                                "Parallel Aware": true,
                                                                "Async Capable": false,
                                                                "Relation Name": "char_name",
                                                                "Alias": "chn",
                                                                "Startup Cost": 0.0,
                                                                "Total Cost": 44298.87,
                                                                "Plan Rows": 785087,
                                                                "Plan Width": 20,
                                                                "Actual Startup Time": 0.008,
                                                                "Actual Total Time": 29.962,
                                                                "Actual Rows": 628068,
                                                                "Actual Loops": 5,
                                                                "Workers": []
                                                            },
                                                            {
                                                                "Node Type": "Hash",
                                                                "Parent Relationship": "Inner",
                                                                "Parallel Aware": true,
                                                                "Async Capable": false,
                                                                "Startup Cost": 422453.22,
                                                                "Total Cost": 422453.22,
                                                                "Plan Rows": 2,
                                                                "Plan Width": 25,
                                                                "Actual Startup Time": 378.216,
                                                                "Actual Total Time": 378.224,
                                                                "Actual Rows": 22,
                                                                "Actual Loops": 5,
                                                                "Hash Buckets": 1024,
                                                                "Original Hash Buckets": 1024,
                                                                "Hash Batches": 1,
                                                                "Original Hash Batches": 1,
                                                                "Peak Memory Usage": 168,
                                                                "Workers": [],
                                                                "Plans": [
                                                                    {
                                                                        "Node Type": "Hash Join",
                                                                        "Parent Relationship": "Outer",
                                                                        "Parallel Aware": true,
                                                                        "Async Capable": false,
                                                                        "Join Type": "Inner",
                                                                        "Startup Cost": 377589.21,
                                                                        "Total Cost": 422453.22,
                                                                        "Plan Rows": 2,
                                                                        "Plan Width": 25,
                                                                        "Actual Startup Time": 365.914,
                                                                        "Actual Total Time": 378.197,
                                                                        "Actual Rows": 22,
                                                                        "Actual Loops": 5,
                                                                        "Inner Unique": false,
                                                                        "Hash Cond": "(t.id = mc.movie_id)",
                                                                        "Workers": [],
                                                                        "Plans": [
                                                                            {
                                                                                "Node Type": "Seq Scan",
                                                                                "Parent Relationship": "Outer",
                                                                                "Parallel Aware": true,
                                                                                "Async Capable": false,
                                                                                "Relation Name": "title",
                                                                                "Alias": "t",
                                                                                "Startup Cost": 0.0,
                                                                                "Total Cost": 43909.73,
                                                                                "Plan Rows": 254474,
                                                                                "Plan Width": 21,
                                                                                "Actual Startup Time": 0.004,
                                                                                "Actual Total Time": 27.309,
                                                                                "Actual Rows": 202584,
                                                                                "Actual Loops": 5,
                                                                                "Filter": "(production_year > 2005)",
                                                                                "Rows Removed by Filter": 303078,
                                                                                "Workers": []
                                                                            },
                                                                            {
                                                                                "Node Type": "Hash",
                                                                                "Parent Relationship": "Inner",
                                                                                "Parallel Aware": true,
                                                                                "Async Capable": false,
                                                                                "Startup Cost": 377589.12,
                                                                                "Total Cost": 377589.12,
                                                                                "Plan Rows": 7,
                                                                                "Plan Width": 16,
                                                                                "Actual Startup Time": 345.336,
                                                                                "Actual Total Time": 345.342,
                                                                                "Actual Rows": 55,
                                                                                "Actual Loops": 5,
                                                                                "Hash Buckets": 1024,
                                                                                "Original Hash Buckets": 1024,
                                                                                "Hash Batches": 1,
                                                                                "Original Hash Batches": 1,
                                                                                "Peak Memory Usage": 168,
                                                                                "Workers": [],
                                                                                "Plans": [
                                                                                    {
                                                                                        "Node Type": "Hash Join",
                                                                                        "Parent Relationship": "Outer",
                                                                                        "Parallel Aware": true,
                                                                                        "Async Capable": false,
                                                                                        "Join Type": "Inner",
                                                                                        "Startup Cost": 348122.87,
                                                                                        "Total Cost": 377589.12,
                                                                                        "Plan Rows": 7,
                                                                                        "Plan Width": 16,
                                                                                        "Actual Startup Time": 311.896,
                                                                                        "Actual Total Time": 345.31,
                                                                                        "Actual Rows": 55,
                                                                                        "Actual Loops": 5,
                                                                                        "Inner Unique": false,
                                                                                        "Hash Cond": "(mc.movie_id = ci.movie_id)",
                                                                                        "Workers": [],
                                                                                        "Plans": [
                                                                                            {
                                                                                                "Node Type": "Hash Join",
                                                                                                "Parent Relationship": "Outer",
                                                                                                "Parallel Aware": true,
                                                                                                "Async Capable": false,
                                                                                                "Join Type": "Inner",
                                                                                                "Startup Cost": 4776.84,
                                                                                                "Total Cost": 34226.78,
                                                                                                "Plan Rows": 4348,
                                                                                                "Plan Width": 8,
                                                                                                "Actual Startup Time": 2.575,
                                                                                                "Actual Total Time": 41.776,
                                                                                                "Actual Rows": 1758,
                                                                                                "Actual Loops": 5,
                                                                                                "Inner Unique": true,
                                                                                                "Hash Cond": "(mc.company_id = cn.id)",
                                                                                                "Workers": [],
                                                                                                "Plans": [
                                                                                                    {
                                                                                                        "Node Type": "Seq Scan",
                                                                                                        "Parent Relationship": "Outer",
                                                                                                        "Parallel Aware": true,
                                                                                                        "Async Capable": false,
                                                                                                        "Relation Name": "movie_companies",
                                                                                                        "Alias": "mc",
                                                                                                        "Startup Cost": 0.0,
                                                                                                        "Total Cost": 27240.55,
                                                                                                        "Plan Rows": 841655,
                                                                                                        "Plan Width": 12,
                                                                                                        "Actual Startup Time": 0.004,
                                                                                                        "Actual Total Time": 20.774,
                                                                                                        "Actual Rows": 521826,
                                                                                                        "Actual Loops": 5,
                                                                                                        "Workers": []
                                                                                                    },
                                                                                                    {
                                                                                                        "Node Type": "Hash",
                                                                                                        "Parent Relationship": "Inner",
                                                                                                        "Parallel Aware": true,
                                                                                                        "Async Capable": false,
                                                                                                        "Startup Cost": 4767.92,
                                                                                                        "Total Cost": 4767.92,
                                                                                                        "Plan Rows": 714,
                                                                                                        "Plan Width": 4,
                                                                                                        "Actual Startup Time": 2.478,
                                                                                                        "Actual Total Time": 2.479,
                                                                                                        "Actual Rows": 272,
                                                                                                        "Actual Loops": 5,
                                                                                                        "Hash Buckets": 2048,
                                                                                                        "Original Hash Buckets": 2048,
                                                                                                        "Hash Batches": 1,
                                                                                                        "Original Hash Batches": 1,
                                                                                                        "Peak Memory Usage": 176,
                                                                                                        "Workers": [],
                                                                                                        "Plans": [
                                                                                                            {
                                                                                                                "Node Type": "Seq Scan",
                                                                                                                "Parent Relationship": "Outer",
                                                                                                                "Parallel Aware": true,
                                                                                                                "Async Capable": false,
                                                                                                                "Relation Name": "company_name",
                                                                                                                "Alias": "cn",
                                                                                                                "Startup Cost": 0.0,
                                                                                                                "Total Cost": 4767.92,
                                                                                                                "Plan Rows": 714,
                                                                                                                "Plan Width": 4,
                                                                                                                "Actual Startup Time": 0.012,
                                                                                                                "Actual Total Time": 2.448,
                                                                                                                "Actual Rows": 272,
                                                                                                                "Actual Loops": 5,
                                                                                                                "Filter": "((country_code)::text = '[ru]'::text)",
                                                                                                                "Rows Removed by Filter": 46727,
                                                                                                                "Workers": []
                                                                                                            }
                                                                                                        ]
                                                                                                    }
                                                                                                ]
                                                                                            },
                                                                                            {
                                                                                                "Node Type": "Hash",
                                                                                                "Parent Relationship": "Inner",
                                                                                                "Parallel Aware": true,
                                                                                                "Async Capable": false,
                                                                                                "Startup Cost": 343342.85,
                                                                                                "Total Cost": 343342.85,
                                                                                                "Plan Rows": 254,
                                                                                                "Plan Width": 8,
                                                                                                "Actual Startup Time": 303.263,
                                                                                                "Actual Total Time": 303.265,
                                                                                                "Actual Rows": 5175,
                                                                                                "Actual Loops": 5,
                                                                                                "Hash Buckets": 32768,
                                                                                                "Original Hash Buckets": 2048,
                                                                                                "Hash Batches": 1,
                                                                                                "Original Hash Batches": 1,
                                                                                                "Peak Memory Usage": 1584,
                                                                                                "Workers": [],
                                                                                                "Plans": [
                                                                                                    {
                                                                                                        "Node Type": "Hash Join",
                                                                                                        "Parent Relationship": "Outer",
                                                                                                        "Parallel Aware": false,
                                                                                                        "Async Capable": false,
                                                                                                        "Join Type": "Inner",
                                                                                                        "Startup Cost": 1.16,
                                                                                                        "Total Cost": 343342.85,
                                                                                                        "Plan Rows": 254,
                                                                                                        "Plan Width": 8,
                                                                                                        "Actual Startup Time": 182.612,
                                                                                                        "Actual Total Time": 269.284,
                                                                                                        "Actual Rows": 5175,
                                                                                                        "Actual Loops": 5,
                                                                                                        "Inner Unique": true,
                                                                                                        "Hash Cond": "(ci.role_id = rt.id)",
                                                                                                        "Workers": [],
                                                                                                        "Plans": [
                                                                                                            {
                                                                                                                "Node Type": "Seq Scan",
                                                                                                                "Parent Relationship": "Outer",
                                                                                                                "Parallel Aware": true,
                                                                                                                "Async Capable": false,
                                                                                                                "Relation Name": "cast_info",
                                                                                                                "Alias": "ci",
                                                                                                                "Startup Cost": 0.0,
                                                                                                                "Total Cost": 343330.86,
                                                                                                                "Plan Rows": 3049,
                                                                                                                "Plan Width": 12,
                                                                                                                "Actual Startup Time": 0.245,
                                                                                                                "Actual Total Time": 268.827,
                                                                                                                "Actual Rows": 6458,
                                                                                                                "Actual Loops": 5,
                                                                                                                "Filter": "((note ~~ '%(voice)%'::text) AND (note ~~ '%(uncredited)%'::text))",
                                                                                                                "Rows Removed by Filter": 7242411,
                                                                                                                "Workers": []
                                                                                                            },
                                                                                                            {
                                                                                                                "Node Type": "Hash",
                                                                                                                "Parent Relationship": "Inner",
                                                                                                                "Parallel Aware": false,
                                                                                                                "Async Capable": false,
                                                                                                                "Startup Cost": 1.15,
                                                                                                                "Total Cost": 1.15,
                                                                                                                "Plan Rows": 1,
                                                                                                                "Plan Width": 4,
                                                                                                                "Actual Startup Time": 0.007,
                                                                                                                "Actual Total Time": 0.008,
                                                                                                                "Actual Rows": 1,
                                                                                                                "Actual Loops": 5,
                                                                                                                "Hash Buckets": 1024,
                                                                                                                "Original Hash Buckets": 1024,
                                                                                                                "Hash Batches": 1,
                                                                                                                "Original Hash Batches": 1,
                                                                                                                "Peak Memory Usage": 9,
                                                                                                                "Workers": [],
                                                                                                                "Plans": [
                                                                                                                    {
                                                                                                                        "Node Type": "Seq Scan",
                                                                                                                        "Parent Relationship": "Outer",
                                                                                                                        "Parallel Aware": false,
                                                                                                                        "Async Capable": false,
                                                                                                                        "Relation Name": "role_type",
                                                                                                                        "Alias": "rt",
                                                                                                                        "Startup Cost": 0.0,
                                                                                                                        "Total Cost": 1.15,
                                                                                                                        "Plan Rows": 1,
                                                                                                                        "Plan Width": 4,
                                                                                                                        "Actual Startup Time": 0.004,
                                                                                                                        "Actual Total Time": 0.005,
                                                                                                                        "Actual Rows": 1,
                                                                                                                        "Actual Loops": 5,
                                                                                                                        "Filter": "((role)::text = 'actor'::text)",
                                                                                                                        "Rows Removed by Filter": 11,
                                                                                                                        "Workers": []
                                                                                                                    }
                                                                                                                ]
                                                                                                            }
                                                                                                        ]
                                                                                                    }
                                                                                                ]
                                                                                            }
                                                                                        ]
                                                                                    }
                                                                                ]
                                                                            }
                                                                        ]
                                                                    }
                                                                ]
                                                            }
                                                        ]
                                                    },
                                                    {
                                                        "Node Type": "Hash",
                                                        "Parent Relationship": "Inner",
                                                        "Parallel Aware": false,
                                                        "Async Capable": false,
                                                        "Startup Cost": 1.04,
                                                        "Total Cost": 1.04,
                                                        "Plan Rows": 4,
                                                        "Plan Width": 4,
                                                        "Actual Startup Time": 0.01,
                                                        "Actual Total Time": 0.011,
                                                        "Actual Rows": 4,
                                                        "Actual Loops": 5,
                                                        "Hash Buckets": 1024,
                                                        "Original Hash Buckets": 1024,
                                                        "Hash Batches": 1,
                                                        "Original Hash Batches": 1,
                                                        "Peak Memory Usage": 9,
                                                        "Workers": [],
                                                        "Plans": [
                                                            {
                                                                "Node Type": "Seq Scan",
                                                                "Parent Relationship": "Outer",
                                                                "Parallel Aware": false,
                                                                "Async Capable": false,
                                                                "Relation Name": "company_type",
                                                                "Alias": "ct",
                                                                "Startup Cost": 0.0,
                                                                "Total Cost": 1.04,
                                                                "Plan Rows": 4,
                                                                "Plan Width": 4,
                                                                "Actual Startup Time": 0.008,
                                                                "Actual Total Time": 0.009,
                                                                "Actual Rows": 4,
                                                                "Actual Loops": 5,
                                                                "Workers": []
                                                            }
                                                        ]
                                                    }
                                                ]
                                            }
                                        ]
                                    }
                                ]
                            }
                        ]
                    },
                    "Planning Time": 0.765,
                    "Triggers": [],
                    "Execution Time": 445.731
                }
            ],
            "hints": [
                "SET enable_hashjoin TO on",
                "SET enable_indexonlyscan TO on",
                "SET enable_indexscan TO off",
                "SET enable_mergejoin TO off",
                "SET enable_nestloop TO on",
                "SET enable_seqscan TO on"
            ]
        },
        {
            "arm": 3,
            "execution_time": 440.596,
            "plan": [
                {
                    "Plan": {
                        "Node Type": "Aggregate",
                        "Strategy": "Plain",
                        "Partial Mode": "Finalize",
                        "Parallel Aware": false,
                        "Async Capable": false,
                        "Startup Cost": 471679.1,
                        "Total Cost": 471679.11,
                        "Plan Rows": 1,
                        "Plan Width": 64,
                        "Actual Startup Time": 422.801,
                        "Actual Total Time": 440.517,
                        "Actual Rows": 1,
                        "Actual Loops": 1,
                        "Plans": [
                            {
                                "Node Type": "Gather",
                                "Parent Relationship": "Outer",
                                "Parallel Aware": false,
                                "Async Capable": false,
                                "Startup Cost": 471678.67,
                                "Total Cost": 471679.08,
                                "Plan Rows": 4,
                                "Plan Width": 64,
                                "Actual Startup Time": 422.649,
                                "Actual Total Time": 440.512,
                                "Actual Rows": 5,
                                "Actual Loops": 1,
                                "Workers Planned": 4,
                                "Workers Launched": 4,
                                "Single Copy": false,
                                "Plans": [
                                    {
                                        "Node Type": "Aggregate",
                                        "Strategy": "Plain",
                                        "Partial Mode": "Partial",
                                        "Parent Relationship": "Outer",
                                        "Parallel Aware": false,
                                        "Async Capable": false,
                                        "Startup Cost": 470678.67,
                                        "Total Cost": 470678.68,
                                        "Plan Rows": 1,
                                        "Plan Width": 64,
                                        "Actual Startup Time": 420.974,
                                        "Actual Total Time": 420.983,
                                        "Actual Rows": 1,
                                        "Actual Loops": 5,
                                        "Workers": [],
                                        "Plans": [
                                            {
                                                "Node Type": "Hash Join",
                                                "Parent Relationship": "Outer",
                                                "Parallel Aware": false,
                                                "Async Capable": false,
                                                "Join Type": "Inner",
                                                "Startup Cost": 422454.34,
                                                "Total Cost": 470678.66,
                                                "Plan Rows": 2,
                                                "Plan Width": 33,
                                                "Actual Startup Time": 373.92,
                                                "Actual Total Time": 420.973,
                                                "Actual Rows": 21,
                                                "Actual Loops": 5,
                                                "Inner Unique": true,
                                                "Hash Cond": "(mc.company_type_id = ct.id)",
                                                "Workers": [],
                                                "Plans": [
                                                    {
                                                        "Node Type": "Hash Join",
                                                        "Parent Relationship": "Outer",
                                                        "Parallel Aware": true,
                                                        "Async Capable": false,
                                                        "Join Type": "Inner",
                                                        "Startup Cost": 422453.25,
                                                        "Total Cost": 470677.56,
                                                        "Plan Rows": 2,
                                                        "Plan Width": 37,
                                                        "Actual Startup Time": 373.859,
                                                        "Actual Total Time": 420.906,
                                                        "Actual Rows": 21,
                                                        "Actual Loops": 5,
                                                        "Inner Unique": false,
                                                        "Hash Cond": "(chn.id = ci.person_role_id)",
                                                        "Workers": [],
                                                        "Plans": [
                                                            {
                                                                "Node Type": "Seq Scan",
                                                                "Parent Relationship": "Outer",
                                                                "Parallel Aware": true,
                                                                "Async Capable": false,
                                                                "Relation Name": "char_name",
                                                                "Alias": "chn",
                                                                "Startup Cost": 0.0,
                                                                "Total Cost": 44298.87,
                                                                "Plan Rows": 785087,
                                                                "Plan Width": 20,
                                                                "Actual Startup Time": 0.003,
                                                                "Actual Total Time": 29.566,
                                                                "Actual Rows": 628068,
                                                                "Actual Loops": 5,
                                                                "Workers": []
                                                            },
                                                            {
                                                                "Node Type": "Hash",
                                                                "Parent Relationship": "Inner",
                                                                "Parallel Aware": true,
                                                                "Async Capable": false,
                                                                "Startup Cost": 422453.22,
                                                                "Total Cost": 422453.22,
                                                                "Plan Rows": 2,
                                                                "Plan Width": 25,
                                                                "Actual Startup Time": 373.631,
                                                                "Actual Total Time": 373.639,
                                                                "Actual Rows": 22,
                                                                "Actual Loops": 5,
                                                                "Hash Buckets": 1024,
                                                                "Original Hash Buckets": 1024,
                                                                "Hash Batches": 1,
                                                                "Original Hash Batches": 1,
                                                                "Peak Memory Usage": 168,
                                                                "Workers": [],
                                                                "Plans": [
                                                                    {
                                                                        "Node Type": "Hash Join",
                                                                        "Parent Relationship": "Outer",
                                                                        "Parallel Aware": true,
                                                                        "Async Capable": false,
                                                                        "Join Type": "Inner",
                                                                        "Startup Cost": 377589.21,
                                                                        "Total Cost": 422453.22,
                                                                        "Plan Rows": 2,
                                                                        "Plan Width": 25,
                                                                        "Actual Startup Time": 361.108,
                                                                        "Actual Total Time": 373.612,
                                                                        "Actual Rows": 22,
                                                                        "Actual Loops": 5,
                                                                        "Inner Unique": false,
                                                                        "Hash Cond": "(t.id = mc.movie_id)",
                                                                        "Workers": [],
                                                                        "Plans": [
                                                                            {
                                                                                "Node Type": "Seq Scan",
                                                                                "Parent Relationship": "Outer",
                                                                                "Parallel Aware": true,
                                                                                "Async Capable": false,
                                                                                "Relation Name": "title",
                                                                                "Alias": "t",
                                                                                "Startup Cost": 0.0,
                                                                                "Total Cost": 43909.73,
                                                                                "Plan Rows": 254474,
                                                                                "Plan Width": 21,
                                                                                "Actual Startup Time": 0.004,
                                                                                "Actual Total Time": 27.414,
                                                                                "Actual Rows": 202584,
                                                                                "Actual Loops": 5,
                                                                                "Filter": "(production_year > 2005)",
                                                                                "Rows Removed by Filter": 303078,
                                                                                "Workers": []
                                                                            },
                                                                            {
                                                                                "Node Type": "Hash",
                                                                                "Parent Relationship": "Inner",
                                                                                "Parallel Aware": true,
                                                                                "Async Capable": false,
                                                                                "Startup Cost": 377589.12,
                                                                                "Total Cost": 377589.12,
                                                                                "Plan Rows": 7,
                                                                                "Plan Width": 16,
                                                                                "Actual Startup Time": 340.636,
                                                                                "Actual Total Time": 340.642,
                                                                                "Actual Rows": 55,
                                                                                "Actual Loops": 5,
                                                                                "Hash Buckets": 1024,
                                                                                "Original Hash Buckets": 1024,
                                                                                "Hash Batches": 1,
                                                                                "Original Hash Batches": 1,
                                                                                "Peak Memory Usage": 168,
                                                                                "Workers": [],
                                                                                "Plans": [
                                                                                    {
                                                                                        "Node Type": "Hash Join",
                                                                                        "Parent Relationship": "Outer",
                                                                                        "Parallel Aware": true,
                                                                                        "Async Capable": false,
                                                                                        "Join Type": "Inner",
                                                                                        "Startup Cost": 348122.87,
                                                                                        "Total Cost": 377589.12,
                                                                                        "Plan Rows": 7,
                                                                                        "Plan Width": 16,
                                                                                        "Actual Startup Time": 307.58,
                                                                                        "Actual Total Time": 340.611,
                                                                                        "Actual Rows": 55,
                                                                                        "Actual Loops": 5,
                                                                                        "Inner Unique": false,
                                                                                        "Hash Cond": "(mc.movie_id = ci.movie_id)",
                                                                                        "Workers": [],
                                                                                        "Plans": [
                                                                                            {
                                                                                                "Node Type": "Hash Join",
                                                                                                "Parent Relationship": "Outer",
                                                                                                "Parallel Aware": true,
                                                                                                "Async Capable": false,
                                                                                                "Join Type": "Inner",
                                                                                                "Startup Cost": 4776.84,
                                                                                                "Total Cost": 34226.78,
                                                                                                "Plan Rows": 4348,
                                                                                                "Plan Width": 8,
                                                                                                "Actual Startup Time": 2.591,
                                                                                                "Actual Total Time": 41.631,
                                                                                                "Actual Rows": 1758,
                                                                                                "Actual Loops": 5,
                                                                                                "Inner Unique": true,
                                                                                                "Hash Cond": "(mc.company_id = cn.id)",
                                                                                                "Workers": [],
                                                                                                "Plans": [
                                                                                                    {
                                                                                                        "Node Type": "Seq Scan",
                                                                                                        "Parent Relationship": "Outer",
                                                                                                        "Parallel Aware": true,
                                                                                                        "Async Capable": false,
                                                                                                        "Relation Name": "movie_companies",
                                                                                                        "Alias": "mc",
                                                                                                        "Startup Cost": 0.0,
                                                                                                        "Total Cost": 27240.55,
                                                                                                        "Plan Rows": 841655,
                                                                                                        "Plan Width": 12,
                                                                                                        "Actual Startup Time": 0.005,
                                                                                                        "Actual Total Time": 20.655,
                                                                                                        "Actual Rows": 521826,
                                                                                                        "Actual Loops": 5,
                                                                                                        "Workers": []
                                                                                                    },
                                                                                                    {
                                                                                                        "Node Type": "Hash",
                                                                                                        "Parent Relationship": "Inner",
                                                                                                        "Parallel Aware": true,
                                                                                                        "Async Capable": false,
                                                                                                        "Startup Cost": 4767.92,
                                                                                                        "Total Cost": 4767.92,
                                                                                                        "Plan Rows": 714,
                                                                                                        "Plan Width": 4,
                                                                                                        "Actual Startup Time": 2.5,
                                                                                                        "Actual Total Time": 2.5,
                                                                                                        "Actual Rows": 272,
                                                                                                        "Actual Loops": 5,
                                                                                                        "Hash Buckets": 2048,
                                                                                                        "Original Hash Buckets": 2048,
                                                                                                        "Hash Batches": 1,
                                                                                                        "Original Hash Batches": 1,
                                                                                                        "Peak Memory Usage": 176,
                                                                                                        "Workers": [],
                                                                                                        "Plans": [
                                                                                                            {
                                                                                                                "Node Type": "Seq Scan",
                                                                                                                "Parent Relationship": "Outer",
                                                                                                                "Parallel Aware": true,
                                                                                                                "Async Capable": false,
                                                                                                                "Relation Name": "company_name",
                                                                                                                "Alias": "cn",
                                                                                                                "Startup Cost": 0.0,
                                                                                                                "Total Cost": 4767.92,
                                                                                                                "Plan Rows": 714,
                                                                                                                "Plan Width": 4,
                                                                                                                "Actual Startup Time": 0.011,
                                                                                                                "Actual Total Time": 2.468,
                                                                                                                "Actual Rows": 272,
                                                                                                                "Actual Loops": 5,
                                                                                                                "Filter": "((country_code)::text = '[ru]'::text)",
                                                                                                                "Rows Removed by Filter": 46727,
                                                                                                                "Workers": []
                                                                                                            }
                                                                                                        ]
                                                                                                    }
                                                                                                ]
                                                                                            },
                                                                                            {
                                                                                                "Node Type": "Hash",
                                                                                                "Parent Relationship": "Inner",
                                                                                                "Parallel Aware": true,
                                                                                                "Async Capable": false,
                                                                                                "Startup Cost": 343342.85,
                                                                                                "Total Cost": 343342.85,
                                                                                                "Plan Rows": 254,
                                                                                                "Plan Width": 8,
                                                                                                "Actual Startup Time": 298.716,
                                                                                                "Actual Total Time": 298.718,
                                                                                                "Actual Rows": 5175,
                                                                                                "Actual Loops": 5,
                                                                                                "Hash Buckets": 32768,
                                                                                                "Original Hash Buckets": 2048,
                                                                                                "Hash Batches": 1,
                                                                                                "Original Hash Batches": 1,
                                                                                                "Peak Memory Usage": 1584,
                                                                                                "Workers": [],
                                                                                                "Plans": [
                                                                                                    {
                                                                                                        "Node Type": "Hash Join",
                                                                                                        "Parent Relationship": "Outer",
                                                                                                        "Parallel Aware": false,
                                                                                                        "Async Capable": false,
                                                                                                        "Join Type": "Inner",
                                                                                                        "Startup Cost": 1.16,
                                                                                                        "Total Cost": 343342.85,
                                                                                                        "Plan Rows": 254,
                                                                                                        "Plan Width": 8,
                                                                                                        "Actual Startup Time": 181.131,
                                                                                                        "Actual Total Time": 264.539,
                                                                                                        "Actual Rows": 5175,
                                                                                                        "Actual Loops": 5,
                                                                                                        "Inner Unique": true,
                                                                                                        "Hash Cond": "(ci.role_id = rt.id)",
                                                                                                        "Workers": [],
                                                                                                        "Plans": [
                                                                                                            {
                                                                                                                "Node Type": "Seq Scan",
                                                                                                                "Parent Relationship": "Outer",
                                                                                                                "Parallel Aware": true,
                                                                                                                "Async Capable": false,
                                                                                                                "Relation Name": "cast_info",
                                                                                                                "Alias": "ci",
                                                                                                                "Startup Cost": 0.0,
                                                                                                                "Total Cost": 343330.86,
                                                                                                                "Plan Rows": 3049,
                                                                                                                "Plan Width": 12,
                                                                                                                "Actual Startup Time": 0.277,
                                                                                                                "Actual Total Time": 264.099,
                                                                                                                "Actual Rows": 6458,
                                                                                                                "Actual Loops": 5,
                                                                                                                "Filter": "((note ~~ '%(voice)%'::text) AND (note ~~ '%(uncredited)%'::text))",
                                                                                                                "Rows Removed by Filter": 7242411,
                                                                                                                "Workers": []
                                                                                                            },
                                                                                                            {
                                                                                                                "Node Type": "Hash",
                                                                                                                "Parent Relationship": "Inner",
                                                                                                                "Parallel Aware": false,
                                                                                                                "Async Capable": false,
                                                                                                                "Startup Cost": 1.15,
                                                                                                                "Total Cost": 1.15,
                                                                                                                "Plan Rows": 1,
                                                                                                                "Plan Width": 4,
                                                                                                                "Actual Startup Time": 0.008,
                                                                                                                "Actual Total Time": 0.009,
                                                                                                                "Actual Rows": 1,
                                                                                                                "Actual Loops": 5,
                                                                                                                "Hash Buckets": 1024,
                                                                                                                "Original Hash Buckets": 1024,
                                                                                                                "Hash Batches": 1,
                                                                                                                "Original Hash Batches": 1,
                                                                                                                "Peak Memory Usage": 9,
                                                                                                                "Workers": [],
                                                                                                                "Plans": [
                                                                                                                    {
                                                                                                                        "Node Type": "Seq Scan",
                                                                                                                        "Parent Relationship": "Outer",
                                                                                                                        "Parallel Aware": false,
                                                                                                                        "Async Capable": false,
                                                                                                                        "Relation Name": "role_type",
                                                                                                                        "Alias": "rt",
                                                                                                                        "Startup Cost": 0.0,
                                                                                                                        "Total Cost": 1.15,
                                                                                                                        "Plan Rows": 1,
                                                                                                                        "Plan Width": 4,
                                                                                                                        "Actual Startup Time": 0.005,
                                                                                                                        "Actual Total Time": 0.005,
                                                                                                                        "Actual Rows": 1,
                                                                                                                        "Actual Loops": 5,
                                                                                                                        "Filter": "((role)::text = 'actor'::text)",
                                                                                                                        "Rows Removed by Filter": 11,
                                                                                                                        "Workers": []
                                                                                                                    }
                                                                                                                ]
                                                                                                            }
                                                                                                        ]
                                                                                                    }
                                                                                                ]
                                                                                            }
                                                                                        ]
                                                                                    }
                                                                                ]
                                                                            }
                                                                        ]
                                                                    }
                                                                ]
                                                            }
                                                        ]
                                                    },
                                                    {
                                                        "Node Type": "Hash",
                                                        "Parent Relationship": "Inner",
                                                        "Parallel Aware": false,
                                                        "Async Capable": false,
                                                        "Startup Cost": 1.04,
                                                        "Total Cost": 1.04,
                                                        "Plan Rows": 4,
                                                        "Plan Width": 4,
                                                        "Actual Startup Time": 0.011,
                                                        "Actual Total Time": 0.012,
                                                        "Actual Rows": 4,
                                                        "Actual Loops": 5,
                                                        "Hash Buckets": 1024,
                                                        "Original Hash Buckets": 1024,
                                                        "Hash Batches": 1,
                                                        "Original Hash Batches": 1,
                                                        "Peak Memory Usage": 9,
                                                        "Workers": [],
                                                        "Plans": [
                                                            {
                                                                "Node Type": "Seq Scan",
                                                                "Parent Relationship": "Outer",
                                                                "Parallel Aware": false,
                                                                "Async Capable": false,
                                                                "Relation Name": "company_type",
                                                                "Alias": "ct",
                                                                "Startup Cost": 0.0,
                                                                "Total Cost": 1.04,
                                                                "Plan Rows": 4,
                                                                "Plan Width": 4,
                                                                "Actual Startup Time": 0.009,
                                                                "Actual Total Time": 0.01,
                                                                "Actual Rows": 4,
                                                                "Actual Loops": 5,
                                                                "Workers": []
                                                            }
                                                        ]
                                                    }
                                                ]
                                            }
                                        ]
                                    }
                                ]
                            }
                        ]
                    },
                    "Planning Time": 1.103,
                    "Triggers": [],
                    "Execution Time": 440.596
                }
            ],
            "hints": [
                "SET enable_hashjoin TO on",
                "SET enable_indexonlyscan TO on",
                "SET enable_indexscan TO off",
                "SET enable_mergejoin TO off",
                "SET enable_nestloop TO off",
                "SET enable_seqscan TO on"
            ]
        },
        {
            "arm": 4,
            "execution_time": 138.453,
            "plan": [
                {
                    "Plan": {
                        "Node Type": "Aggregate",
                        "Strategy": "Plain",
                        "Partial Mode": "Finalize",
                        "Parallel Aware": false,
                        "Async Capable": false,
                        "Startup Cost": 40599.14,
                        "Total Cost": 40599.15,
                        "Plan Rows": 1,
                        "Plan Width": 64,
                        "Actual Startup Time": 120.294,
                        "Actual Total Time": 138.397,
                        "Actual Rows": 1,
                        "Actual Loops": 1,
                        "Plans": [
                            {
                                "Node Type": "Gather",
                                "Parent Relationship": "Outer",
                                "Parallel Aware": false,
                                "Async Capable": false,
                                "Startup Cost": 40598.82,
                                "Total Cost": 40599.13,
                                "Plan Rows": 3,
                                "Plan Width": 64,
                                "Actual Startup Time": 120.166,
                                "Actual Total Time": 138.392,
                                "Actual Rows": 4,
                                "Actual Loops": 1,
                                "Workers Planned": 3,
                                "Workers Launched": 3,
                                "Single Copy": false,
                                "Plans": [
                                    {
                                        "Node Type": "Aggregate",
                                        "Strategy": "Plain",
                                        "Partial Mode": "Partial",
                                        "Parent Relationship": "Outer",
                                        "Parallel Aware": false,
                                        "Async Capable": false,
                                        "Startup Cost": 39598.82,
                                        "Total Cost": 39598.83,
                                        "Plan Rows": 1,
                                        "Plan Width": 64,
                                        "Actual Startup Time": 118.521,
                                        "Actual Total Time": 118.525,
                                        "Actual Rows": 1,
                                        "Actual Loops": 4,
                                        "Workers": [],
                                        "Plans": [
                                            {
                                                "Node Type": "Nested Loop",
                                                "Parent Relationship": "Outer",
                                                "Parallel Aware": false,
                                                "Async Capable": false,
                                                "Join Type": "Inner",
                                                "Startup Cost": 4779.45,
                                                "Total Cost": 39598.8,
                                                "Plan Rows": 3,
                                                "Plan Width": 33,
                                                "Actual Startup Time": 15.943,
                                                "Actual Total Time": 118.511,
                                                "Actual Rows": 26,
                                                "Actual Loops": 4,
                                                "Inner Unique": true,
                                                "Workers": [],
                                                "Plans": [
                                                    {
                                                        "Node Type": "Nested Loop",
                                                        "Parent Relationship": "Outer",
                                                        "Parallel Aware": false,
                                                        "Async Capable": false,
                                                        "Join Type": "Inner",
                                                        "Startup Cost": 4779.31,
                                                        "Total Cost": 39598.4,
                                                        "Plan Rows": 3,
                                                        "Plan Width": 37,
                                                        "Actual Startup Time": 15.927,
                                                        "Actual Total Time": 118.473,
                                                        "Actual Rows": 26,
                                                        "Actual Loops": 4,
                                                        "Inner Unique": true,
                                                        "Workers": [],
                                                        "Plans": [
                                                            {
                                                                "Node Type": "Hash Join",
                                                                "Parent Relationship": "Outer",
                                                                "Parallel Aware": false,
                                                                "Async Capable": false,
                                                                "Join Type": "Inner",
                                                                "Startup Cost": 4778.88,
                                                                "Total Cost": 39580.85,
                                                                "Plan Rows": 3,
                                                                "Plan Width": 25,
                                                                "Actual Startup Time": 15.902,
                                                                "Actual Total Time": 118.329,
                                                                "Actual Rows": 28,
                                                                "Actual Loops": 4,
                                                                "Inner Unique": true,
                                                                "Hash Cond": "(ci.role_id = rt.id)",
                                                                "Workers": [],
                                                                "Plans": [
                                                                    {
                                                                        "Node Type": "Nested Loop",
                                                                        "Parent Relationship": "Outer",
                                                                        "Parallel Aware": false,
                                                                        "Async Capable": false,
                                                                        "Join Type": "Inner",
                                                                        "Startup Cost": 4777.71,
                                                                        "Total Cost": 39579.57,
                                                                        "Plan Rows": 34,
                                                                        "Plan Width": 29,
                                                                        "Actual Startup Time": 15.881,
                                                                        "Actual Total Time": 118.295,
                                                                        "Actual Rows": 38,
                                                                        "Actual Loops": 4,
                                                                        "Inner Unique": false,
                                                                        "Join Filter": "(ci.movie_id = t.id)",
                                                                        "Rows Removed by Join Filter": 0,
                                                                        "Workers": [],
                                                                        "Plans": [
                                                                            {
                                                                                "Node Type": "Nested Loop",
                                                                                "Parent Relationship": "Outer",
                                                                                "Parallel Aware": false,
                                                                                "Async Capable": false,
                                                                                "Join Type": "Inner",
                                                                                "Startup Cost": 4777.27,
                                                                                "Total Cost": 36483.41,
                                                                                "Plan Rows": 1750,
                                                                                "Plan Width": 29,
                                                                                "Actual Startup Time": 3.49,
                                                                                "Actual Total Time": 58.036,
                                                                                "Actual Rows": 1135,
                                                                                "Actual Loops": 4,
                                                                                "Inner Unique": true,
                                                                                "Workers": [],
                                                                                "Plans": [
                                                                                    {
                                                                                        "Node Type": "Hash Join",
                                                                                        "Parent Relationship": "Outer",
                                                                                        "Parallel Aware": true,
                                                                                        "Async Capable": false,
                                                                                        "Join Type": "Inner",
                                                                                        "Startup Cost": 4776.84,
                                                                                        "Total Cost": 34226.78,
                                                                                        "Plan Rows": 4348,
                                                                                        "Plan Width": 8,
                                                                                        "Actual Startup Time": 3.33,
                                                                                        "Actual Total Time": 52.029,
                                                                                        "Actual Rows": 2198,
                                                                                        "Actual Loops": 4,
                                                                                        "Inner Unique": true,
                                                                                        "Hash Cond": "(mc.company_id = cn.id)",
                                                                                        "Workers": [],
                                                                                        "Plans": [
                                                                                            {
                                                                                                "Node Type": "Seq Scan",
                                                                                                "Parent Relationship": "Outer",
                                                                                                "Parallel Aware": true,
                                                                                                "Async Capable": false,
                                                                                                "Relation Name": "movie_companies",
                                                                                                "Alias": "mc",
                                                                                                "Startup Cost": 0.0,
                                                                                                "Total Cost": 27240.55,
                                                                                                "Plan Rows": 841655,
                                                                                                "Plan Width": 12,
                                                                                                "Actual Startup Time": 0.005,
                                                                                                "Actual Total Time": 25.586,
                                                                                                "Actual Rows": 652282,
                                                                                                "Actual Loops": 4,
                                                                                                "Workers": []
                                                                                            },
                                                                                            {
                                                                                                "Node Type": "Hash",
                                                                                                "Parent Relationship": "Inner",
                                                                                                "Parallel Aware": true,
                                                                                                "Async Capable": false,
                                                                                                "Startup Cost": 4767.92,
                                                                                                "Total Cost": 4767.92,
                                                                                                "Plan Rows": 714,
                                                                                                "Plan Width": 4,
                                                                                                "Actual Startup Time": 3.213,
                                                                                                "Actual Total Time": 3.214,
                                                                                                "Actual Rows": 340,
                                                                                                "Actual Loops": 4,
                                                                                                "Hash Buckets": 2048,
                                                                                                "Original Hash Buckets": 2048,
                                                                                                "Hash Batches": 1,
                                                                                                "Original Hash Batches": 1,
                                                                                                "Peak Memory Usage": 144,
                                                                                                "Workers": [],
                                                                                                "Plans": [
                                                                                                    {
                                                                                                        "Node Type": "Seq Scan",
                                                                                                        "Parent Relationship": "Outer",
                                                                                                        "Parallel Aware": true,
                                                                                                        "Async Capable": false,
                                                                                                        "Relation Name": "company_name",
                                                                                                        "Alias": "cn",
                                                                                                        "Startup Cost": 0.0,
                                                                                                        "Total Cost": 4767.92,
                                                                                                        "Plan Rows": 714,
                                                                                                        "Plan Width": 4,
                                                                                                        "Actual Startup Time": 0.01,
                                                                                                        "Actual Total Time": 3.175,
                                                                                                        "Actual Rows": 340,
                                                                                                        "Actual Loops": 4,
                                                                                                        "Filter": "((country_code)::text = '[ru]'::text)",
                                                                                                        "Rows Removed by Filter": 58409,
                                                                                                        "Workers": []
                                                                                                    }
                                                                                                ]
                                                                                            }
                                                                                        ]
                                                                                    },
                                                                                    {
                                                                                        "Node Type": "Index Scan",
                                                                                        "Parent Relationship": "Inner",
                                                                                        "Parallel Aware": false,
                                                                                        "Async Capable": false,
                                                                                        "Scan Direction": "Forward",
                                                                                        "Index Name": "title_pkey",
                                                                                        "Relation Name": "title",
                                                                                        "Alias": "t",
                                                                                        "Startup Cost": 0.43,
                                                                                        "Total Cost": 0.52,
                                                                                        "Plan Rows": 1,
                                                                                        "Plan Width": 21,
                                                                                        "Actual Startup Time": 0.003,
                                                                                        "Actual Total Time": 0.003,
                                                                                        "Actual Rows": 1,
                                                                                        "Actual Loops": 8790,
                                                                                        "Index Cond": "(id = mc.movie_id)",
                                                                                        "Rows Removed by Index Recheck": 0,
                                                                                        "Filter": "(production_year > 2005)",
                                                                                        "Rows Removed by Filter": 0,
                                                                                        "Workers": []
                                                                                    }
                                                                                ]
                                                                            },
                                                                            {
                                                                                "Node Type": "Index Scan",
                                                                                "Parent Relationship": "Inner",
                                                                                "Parallel Aware": false,
                                                                                "Async Capable": false,
                                                                                "Scan Direction": "Forward",
                                                                                "Index Name": "movie_id_cast_info",
                                                                                "Relation Name": "cast_info",
                                                                                "Alias": "ci",
                                                                                "Startup Cost": 0.44,
                                                                                "Total Cost": 1.76,
                                                                                "Plan Rows": 1,
                                                                                "Plan Width": 12,
                                                                                "Actual Startup Time": 0.05,
                                                                                "Actual Total Time": 0.053,
                                                                                "Actual Rows": 0,
                                                                                "Actual Loops": 4539,
                                                                                "Index Cond": "(movie_id = mc.movie_id)",
                                                                                "Rows Removed by Index Recheck": 0,
                                                                                "Filter": "((note ~~ '%(voice)%'::text) AND (note ~~ '%(uncredited)%'::text))",
                                                                                "Rows Removed by Filter": 50,
                                                                                "Workers": []
                                                                            }
                                                                        ]
                                                                    },
                                                                    {
                                                                        "Node Type": "Hash",
                                                                        "Parent Relationship": "Inner",
                                                                        "Parallel Aware": false,
                                                                        "Async Capable": false,
                                                                        "Startup Cost": 1.15,
                                                                        "Total Cost": 1.15,
                                                                        "Plan Rows": 1,
                                                                        "Plan Width": 4,
                                                                        "Actual Startup Time": 0.011,
                                                                        "Actual Total Time": 0.012,
                                                                        "Actual Rows": 1,
                                                                        "Actual Loops": 4,
                                                                        "Hash Buckets": 1024,
                                                                        "Original Hash Buckets": 1024,
                                                                        "Hash Batches": 1,
                                                                        "Original Hash Batches": 1,
                                                                        "Peak Memory Usage": 9,
                                                                        "Workers": [],
                                                                        "Plans": [
                                                                            {
                                                                                "Node Type": "Seq Scan",
                                                                                "Parent Relationship": "Outer",
                                                                                "Parallel Aware": false,
                                                                                "Async Capable": false,
                                                                                "Relation Name": "role_type",
                                                                                "Alias": "rt",
                                                                                "Startup Cost": 0.0,
                                                                                "Total Cost": 1.15,
                                                                                "Plan Rows": 1,
                                                                                "Plan Width": 4,
                                                                                "Actual Startup Time": 0.009,
                                                                                "Actual Total Time": 0.01,
                                                                                "Actual Rows": 1,
                                                                                "Actual Loops": 4,
                                                                                "Filter": "((role)::text = 'actor'::text)",
                                                                                "Rows Removed by Filter": 11,
                                                                                "Workers": []
                                                                            }
                                                                        ]
                                                                    }
                                                                ]
                                                            },
                                                            {
                                                                "Node Type": "Index Scan",
                                                                "Parent Relationship": "Inner",
                                                                "Parallel Aware": false,
                                                                "Async Capable": false,
                                                                "Scan Direction": "Forward",
                                                                "Index Name": "char_name_pkey",
                                                                "Relation Name": "char_name",
                                                                "Alias": "chn",
                                                                "Startup Cost": 0.43,
                                                                "Total Cost": 5.85,
                                                                "Plan Rows": 1,
                                                                "Plan Width": 20,
                                                                "Actual Startup Time": 0.005,
                                                                "Actual Total Time": 0.005,
                                                                "Actual Rows": 1,
                                                                "Actual Loops": 112,
                                                                "Index Cond": "(id = ci.person_role_id)",
                                                                "Rows Removed by Index Recheck": 0,
                                                                "Workers": []
                                                            }
                                                        ]
                                                    },
                                                    {
                                                        "Node Type": "Memoize",
                                                        "Parent Relationship": "Inner",
                                                        "Parallel Aware": false,
                                                        "Async Capable": false,
                                                        "Startup Cost": 0.14,
                                                        "Total Cost": 0.16,
                                                        "Plan Rows": 1,
                                                        "Plan Width": 4,
                                                        "Actual Startup Time": 0.001,
                                                        "Actual Total Time": 0.001,
                                                        "Actual Rows": 1,
                                                        "Actual Loops": 104,
                                                        "Cache Key": "mc.company_type_id",
                                                        "Cache Mode": "logical",
                                                        "Cache Hits": 24,
                                                        "Cache Misses": 2,
                                                        "Cache Evictions": 0,
                                                        "Cache Overflows": 0,
                                                        "Peak Memory Usage": 1,
                                                        "Workers": [
                                                            {
                                                                "Worker Number": 0,
                                                                "Cache Hits": 15,
                                                                "Cache Misses": 1,
                                                                "Cache Evictions": 0,
                                                                "Cache Overflows": 0,
                                                                "Peak Memory Usage": 1
                                                            },
                                                            {
                                                                "Worker Number": 1,
                                                                "Cache Hits": 28,
                                                                "Cache Misses": 2,
                                                                "Cache Evictions": 0,
                                                                "Cache Overflows": 0,
                                                                "Peak Memory Usage": 1
                                                            },
                                                            {
                                                                "Worker Number": 2,
                                                                "Cache Hits": 30,
                                                                "Cache Misses": 2,
                                                                "Cache Evictions": 0,
                                                                "Cache Overflows": 0,
                                                                "Peak Memory Usage": 1
                                                            }
                                                        ],
                                                        "Plans": [
                                                            {
                                                                "Node Type": "Index Only Scan",
                                                                "Parent Relationship": "Outer",
                                                                "Parallel Aware": false,
                                                                "Async Capable": false,
                                                                "Scan Direction": "Forward",
                                                                "Index Name": "company_type_pkey",
                                                                "Relation Name": "company_type",
                                                                "Alias": "ct",
                                                                "Startup Cost": 0.13,
                                                                "Total Cost": 0.15,
                                                                "Plan Rows": 1,
                                                                "Plan Width": 4,
                                                                "Actual Startup Time": 0.008,
                                                                "Actual Total Time": 0.008,
                                                                "Actual Rows": 1,
                                                                "Actual Loops": 7,
                                                                "Index Cond": "(id = mc.company_type_id)",
                                                                "Rows Removed by Index Recheck": 0,
                                                                "Heap Fetches": 7,
                                                                "Workers": []
                                                            }
                                                        ]
                                                    }
                                                ]
                                            }
                                        ]
                                    }
                                ]
                            }
                        ]
                    },
                    "Planning Time": 0.907,
                    "Triggers": [],
                    "Execution Time": 138.453
                }
            ],
            "hints": [
                "SET enable_hashjoin TO on",
                "SET enable_indexonlyscan TO on",
                "SET enable_indexscan TO on",
                "SET enable_mergejoin TO off",
                "SET enable_nestloop TO on",
                "SET enable_seqscan TO on"
            ]
        }
    ]
}