{
    "sql_file": "job19d.sql",
    "query": "SELECT MIN(n.name) AS voicing_actress, MIN(t.title) AS jap_engl_voiced_movie FROM aka_name AS an, char_name AS chn, cast_info AS ci, company_name AS cn, info_type AS it, movie_companies AS mc, movie_info AS mi, name AS n, role_type AS rt, title AS t WHERE ci.note  in ('(voice)', '(voice: Japanese version)', '(voice) (uncredited)', '(voice: English version)') AND cn.country_code ='[us]' AND it.info  = 'release dates' AND n.gender ='f' AND rt.role ='actress' AND t.production_year  > 2000 AND t.id = mi.movie_id AND t.id = mc.movie_id AND t.id = ci.movie_id AND mc.movie_id = ci.movie_id AND mc.movie_id = mi.movie_id AND mi.movie_id = ci.movie_id AND cn.id = mc.company_id AND it.id = mi.info_type_id AND n.id = ci.person_id AND rt.id = ci.role_id AND n.id = an.person_id AND ci.person_id = an.person_id AND chn.id = ci.person_role_id;",
    "results": [
        {
            "arm": 0,
            "execution_time": 1640.843,
            "plan": [
                {
                    "Plan": {
                        "Node Type": "Aggregate",
                        "Strategy": "Plain",
                        "Partial Mode": "Finalize",
                        "Parallel Aware": false,
                        "Async Capable": false,
                        "Startup Cost": 227671.38,
                        "Total Cost": 227671.39,
                        "Plan Rows": 1,
                        "Plan Width": 64,
                        "Actual Startup Time": 1612.957,
                        "Actual Total Time": 1640.774,
                        "Actual Rows": 1,
                        "Actual Loops": 1,
                        "Plans": [
                            {
                                "Node Type": "Gather",
                                "Parent Relationship": "Outer",
                                "Parallel Aware": false,
                                "Async Capable": false,
                                "Startup Cost": 227670.95,
                                "Total Cost": 227671.36,
                                "Plan Rows": 4,
                                "Plan Width": 64,
                                "Actual Startup Time": 1582.529,
                                "Actual Total Time": 1640.763,
                                "Actual Rows": 5,
                                "Actual Loops": 1,
                                "Workers Planned": 4,
                                "Workers Launched": 4,
                                "Single Copy": false,
                                "Plans": [
                                    {
                                        "Node Type": "Aggregate",
                                        "Strategy": "Plain",
                                        "Partial Mode": "Partial",
                                        "Parent Relationship": "Outer",
                                        "Parallel Aware": false,
                                        "Async Capable": false,
                                        "Startup Cost": 226670.95,
                                        "Total Cost": 226670.96,
                                        "Plan Rows": 1,
                                        "Plan Width": 64,
                                        "Actual Startup Time": 1589.092,
                                        "Actual Total Time": 1589.098,
                                        "Actual Rows": 1,
                                        "Actual Loops": 5,
                                        "Workers": [],
                                        "Plans": [
                                            {
                                                "Node Type": "Nested Loop",
                                                "Parent Relationship": "Outer",
                                                "Parallel Aware": false,
                                                "Async Capable": false,
                                                "Join Type": "Inner",
                                                "Startup Cost": 109131.42,
                                                "Total Cost": 226663.67,
                                                "Plan Rows": 1457,
                                                "Plan Width": 32,
                                                "Actual Startup Time": 572.857,
                                                "Actual Total Time": 1575.404,
                                                "Actual Rows": 352129,
                                                "Actual Loops": 5,
                                                "Inner Unique": false,
                                                "Workers": [],
                                                "Plans": [
                                                    {
                                                        "Node Type": "Nested Loop",
                                                        "Parent Relationship": "Outer",
                                                        "Parallel Aware": false,
                                                        "Async Capable": false,
                                                        "Join Type": "Inner",
                                                        "Startup Cost": 109130.99,
                                                        "Total Cost": 225687.4,
                                                        "Plan Rows": 592,
                                                        "Plan Width": 40,
                                                        "Actual Startup Time": 572.839,
                                                        "Actual Total Time": 1450.548,
                                                        "Actual Rows": 157409,
                                                        "Actual Loops": 5,
                                                        "Inner Unique": true,
                                                        "Workers": [],
                                                        "Plans": [
                                                            {
                                                                "Node Type": "Nested Loop",
                                                                "Parent Relationship": "Outer",
                                                                "Parallel Aware": false,
                                                                "Async Capable": false,
                                                                "Join Type": "Inner",
                                                                "Startup Cost": 109130.57,
                                                                "Total Cost": 223771.92,
                                                                "Plan Rows": 1637,
                                                                "Plan Width": 44,
                                                                "Actual Startup Time": 572.743,
                                                                "Actual Total Time": 1007.28,
                                                                "Actual Rows": 645811,
                                                                "Actual Loops": 5,
                                                                "Inner Unique": false,
                                                                "Join Filter": "(mc.movie_id = t.id)",
                                                                "Rows Removed by Join Filter": 0,
                                                                "Workers": [],
                                                                "Plans": [
                                                                    {
                                                                        "Node Type": "Nested Loop",
                                                                        "Parent Relationship": "Outer",
                                                                        "Parallel Aware": false,
                                                                        "Async Capable": false,
                                                                        "Join Type": "Inner",
                                                                        "Startup Cost": 109130.14,
                                                                        "Total Cost": 222954.08,
                                                                        "Plan Rows": 308,
                                                                        "Plan Width": 52,
                                                                        "Actual Startup Time": 572.646,
                                                                        "Actual Total Time": 892.937,
                                                                        "Actual Rows": 68367,
                                                                        "Actual Loops": 5,
                                                                        "Inner Unique": true,
                                                                        "Workers": [],
                                                                        "Plans": [
                                                                            {
                                                                                "Node Type": "Hash Join",
                                                                                "Parent Relationship": "Outer",
                                                                                "Parallel Aware": false,
                                                                                "Async Capable": false,
                                                                                "Join Type": "Inner",
                                                                                "Startup Cost": 109129.71,
                                                                                "Total Cost": 222502.8,
                                                                                "Plan Rows": 308,
                                                                                "Plan Width": 56,
                                                                                "Actual Startup Time": 572.616,
                                                                                "Actual Total Time": 817.862,
                                                                                "Actual Rows": 74309,
                                                                                "Actual Loops": 5,
                                                                                "Inner Unique": true,
                                                                                "Hash Cond": "(mi.info_type_id = it.id)",
                                                                                "Workers": [],
                                                                                "Plans": [
                                                                                    {
                                                                                        "Node Type": "Nested Loop",
                                                                                        "Parent Relationship": "Outer",
                                                                                        "Parallel Aware": false,
                                                                                        "Async Capable": false,
                                                                                        "Join Type": "Inner",
                                                                                        "Startup Cost": 109127.29,
                                                                                        "Total Cost": 222405.57,
                                                                                        "Plan Rows": 34811,
                                                                                        "Plan Width": 60,
                                                                                        "Actual Startup Time": 572.542,
                                                                                        "Actual Total Time": 803.714,
                                                                                        "Actual Rows": 354151,
                                                                                        "Actual Loops": 5,
                                                                                        "Inner Unique": false,
                                                                                        "Workers": [],
                                                                                        "Plans": [
                                                                                            {
                                                                                                "Node Type": "Nested Loop",
                                                                                                "Parent Relationship": "Outer",
                                                                                                "Parallel Aware": false,
                                                                                                "Async Capable": false,
                                                                                                "Join Type": "Inner",
                                                                                                "Startup Cost": 109126.85,
                                                                                                "Total Cost": 170595.78,
                                                                                                "Plan Rows": 2232,
                                                                                                "Plan Width": 52,
                                                                                                "Actual Startup Time": 572.521,
                                                                                                "Actual Total Time": 702.443,
                                                                                                "Actual Rows": 33653,
                                                                                                "Actual Loops": 5,
                                                                                                "Inner Unique": true,
                                                                                                "Workers": [],
                                                                                                "Plans": [
                                                                                                    {
                                                                                                        "Node Type": "Hash Join",
                                                                                                        "Parent Relationship": "Outer",
                                                                                                        "Parallel Aware": false,
                                                                                                        "Async Capable": false,
                                                                                                        "Join Type": "Inner",
                                                                                                        "Startup Cost": 109126.42,
                                                                                                        "Total Cost": 155301.71,
                                                                                                        "Plan Rows": 9632,
                                                                                                        "Plan Width": 33,
                                                                                                        "Actual Startup Time": 572.489,
                                                                                                        "Actual Total Time": 657.971,
                                                                                                        "Actual Rows": 33681,
                                                                                                        "Actual Loops": 5,
                                                                                                        "Inner Unique": false,
                                                                                                        "Hash Cond": "(t.id = ci.movie_id)",
                                                                                                        "Workers": [],
                                                                                                        "Plans": [
                                                                                                            {
                                                                                                                "Node Type": "Seq Scan",
                                                                                                                "Parent Relationship": "Outer",
                                                                                                                "Parallel Aware": true,
                                                                                                                "Async Capable": false,
                                                                                                                "Relation Name": "title",
                                                                                                                "Alias": "t",
                                                                                                                "Startup Cost": 0.0,
                                                                                                                "Total Cost": 43909.73,
                                                                                                                "Plan Rows": 347079,
                                                                                                                "Plan Width": 21,
                                                                                                                "Actual Startup Time": 0.008,
                                                                                                                "Actual Total Time": 30.303,
                                                                                                                "Actual Rows": 276291,
                                                                                                                "Actual Loops": 5,
                                                                                                                "Filter": "(production_year > 2000)",
                                                                                                                "Rows Removed by Filter": 229372,
                                                                                                                "Workers": []
                                                                                                            },
                                                                                                            {
                                                                                                                "Node Type": "Hash",
                                                                                                                "Parent Relationship": "Inner",
                                                                                                                "Parallel Aware": false,
                                                                                                                "Async Capable": false,
                                                                                                                "Startup Cost": 108249.26,
                                                                                                                "Total Cost": 108249.26,
                                                                                                                "Plan Rows": 70173,
                                                                                                                "Plan Width": 12,
                                                                                                                "Actual Startup Time": 572.261,
                                                                                                                "Actual Total Time": 572.262,
                                                                                                                "Actual Rows": 276166,
                                                                                                                "Actual Loops": 5,
                                                                                                                "Hash Buckets": 524288,
                                                                                                                "Original Hash Buckets": 131072,
                                                                                                                "Hash Batches": 1,
                                                                                                                "Original Hash Batches": 1,
                                                                                                                "Peak Memory Usage": 15883,
                                                                                                                "Workers": [],
                                                                                                                "Plans": [
                                                                                                                    {
                                                                                                                        "Node Type": "Nested Loop",
                                                                                                                        "Parent Relationship": "Outer",
                                                                                                                        "Parallel Aware": false,
                                                                                                                        "Async Capable": false,
                                                                                                                        "Join Type": "Inner",
                                                                                                                        "Startup Cost": 0.44,
                                                                                                                        "Total Cost": 108249.26,
                                                                                                                        "Plan Rows": 70173,
                                                                                                                        "Plan Width": 12,
                                                                                                                        "Actual Startup Time": 0.089,
                                                                                                                        "Actual Total Time": 540.603,
                                                                                                                        "Actual Rows": 276166,
                                                                                                                        "Actual Loops": 5,
                                                                                                                        "Inner Unique": false,
                                                                                                                        "Workers": [],
                                                                                                                        "Plans": [
                                                                                                                            {
                                                                                                                                "Node Type": "Seq Scan",
                                                                                                                                "Parent Relationship": "Outer",
                                                                                                                                "Parallel Aware": false,
                                                                                                                                "Async Capable": false,
                                                                                                                                "Relation Name": "role_type",
                                                                                                                                "Alias": "rt",
                                                                                                                                "Startup Cost": 0.0,
                                                                                                                                "Total Cost": 1.15,
                                                                                                                                "Plan Rows": 1,
                                                                                                                                "Plan Width": 4,
                                                                                                                                "Actual Startup Time": 0.006,
                                                                                                                                "Actual Total Time": 0.007,
                                                                                                                                "Actual Rows": 1,
                                                                                                                                "Actual Loops": 5,
                                                                                                                                "Filter": "((role)::text = 'actress'::text)",
                                                                                                                                "Rows Removed by Filter": 11,
                                                                                                                                "Workers": []
                                                                                                                            },
                                                                                                                            {
                                                                                                                                "Node Type": "Index Scan",
                                                                                                                                "Parent Relationship": "Inner",
                                                                                                                                "Parallel Aware": false,
                                                                                                                                "Async Capable": false,
                                                                                                                                "Scan Direction": "Forward",
                                                                                                                                "Index Name": "role_id_cast_info",
                                                                                                                                "Relation Name": "cast_info",
                                                                                                                                "Alias": "ci",
                                                                                                                                "Startup Cost": 0.44,
                                                                                                                                "Total Cost": 107482.59,
                                                                                                                                "Plan Rows": 76552,
                                                                                                                                "Plan Width": 16,
                                                                                                                                "Actual Startup Time": 0.083,
                                                                                                                                "Actual Total Time": 528.967,
                                                                                                                                "Actual Rows": 276166,
                                                                                                                                "Actual Loops": 5,
                                                                                                                                "Index Cond": "(role_id = rt.id)",
                                                                                                                                "Rows Removed by Index Recheck": 0,
                                                                                                                                "Filter": "(note = ANY ('{(voice),\"(voice: Japanese version)\",\"(voice) (uncredited)\",\"(voice: English version)\"}'::text[]))",
                                                                                                                                "Rows Removed by Filter": 7175807,
                                                                                                                                "Workers": []
                                                                                                                            }
                                                                                                                        ]
                                                                                                                    }
                                                                                                                ]
                                                                                                            }
                                                                                                        ]
                                                                                                    },
                                                                                                    {
                                                                                                        "Node Type": "Index Scan",
                                                                                                        "Parent Relationship": "Inner",
                                                                                                        "Parallel Aware": false,
                                                                                                        "Async Capable": false,
                                                                                                        "Scan Direction": "Forward",
                                                                                                        "Index Name": "name_pkey",
                                                                                                        "Relation Name": "name",
                                                                                                        "Alias": "n",
                                                                                                        "Startup Cost": 0.43,
                                                                                                        "Total Cost": 1.59,
                                                                                                        "Plan Rows": 1,
                                                                                                        "Plan Width": 19,
                                                                                                        "Actual Startup Time": 0.001,
                                                                                                        "Actual Total Time": 0.001,
                                                                                                        "Actual Rows": 1,
                                                                                                        "Actual Loops": 168407,
                                                                                                        "Index Cond": "(id = ci.person_id)",
                                                                                                        "Rows Removed by Index Recheck": 0,
                                                                                                        "Filter": "((gender)::text = 'f'::text)",
                                                                                                        "Rows Removed by Filter": 0,
                                                                                                        "Workers": []
                                                                                                    }
                                                                                                ]
                                                                                            },
                                                                                            {
                                                                                                "Node Type": "Index Scan",
                                                                                                "Parent Relationship": "Inner",
                                                                                                "Parallel Aware": false,
                                                                                                "Async Capable": false,
                                                                                                "Scan Direction": "Forward",
                                                                                                "Index Name": "movie_id_movie_info",
                                                                                                "Relation Name": "movie_info",
                                                                                                "Alias": "mi",
                                                                                                "Startup Cost": 0.43,
                                                                                                "Total Cost": 22.8,
                                                                                                "Plan Rows": 41,
                                                                                                "Plan Width": 8,
                                                                                                "Actual Startup Time": 0.001,
                                                                                                "Actual Total Time": 0.002,
                                                                                                "Actual Rows": 11,
                                                                                                "Actual Loops": 168264,
                                                                                                "Index Cond": "(movie_id = t.id)",
                                                                                                "Rows Removed by Index Recheck": 0,
                                                                                                "Workers": []
                                                                                            }
                                                                                        ]
                                                                                    },
                                                                                    {
                                                                                        "Node Type": "Hash",
                                                                                        "Parent Relationship": "Inner",
                                                                                        "Parallel Aware": false,
                                                                                        "Async Capable": false,
                                                                                        "Startup Cost": 2.41,
                                                                                        "Total Cost": 2.41,
                                                                                        "Plan Rows": 1,
                                                                                        "Plan Width": 4,
                                                                                        "Actual Startup Time": 0.014,
                                                                                        "Actual Total Time": 0.014,
                                                                                        "Actual Rows": 1,
                                                                                        "Actual Loops": 5,
                                                                                        "Hash Buckets": 1024,
                                                                                        "Original Hash Buckets": 1024,
                                                                                        "Hash Batches": 1,
                                                                                        "Original Hash Batches": 1,
                                                                                        "Peak Memory Usage": 9,
                                                                                        "Workers": [],
                                                                                        "Plans": [
                                                                                            {
                                                                                                "Node Type": "Seq Scan",
                                                                                                "Parent Relationship": "Outer",
                                                                                                "Parallel Aware": false,
                                                                                                "Async Capable": false,
                                                                                                "Relation Name": "info_type",
                                                                                                "Alias": "it",
                                                                                                "Startup Cost": 0.0,
                                                                                                "Total Cost": 2.41,
                                                                                                "Plan Rows": 1,
                                                                                                "Plan Width": 4,
                                                                                                "Actual Startup Time": 0.01,
                                                                                                "Actual Total Time": 0.012,
                                                                                                "Actual Rows": 1,
                                                                                                "Actual Loops": 5,
                                                                                                "Filter": "((info)::text = 'release dates'::text)",
                                                                                                "Rows Removed by Filter": 112,
                                                                                                "Workers": []
                                                                                            }
                                                                                        ]
                                                                                    }
                                                                                ]
                                                                            },
                                                                            {
                                                                                "Node Type": "Index Only Scan",
                                                                                "Parent Relationship": "Inner",
                                                                                "Parallel Aware": false,
                                                                                "Async Capable": false,
                                                                                "Scan Direction": "Forward",
                                                                                "Index Name": "char_name_pkey",
                                                                                "Relation Name": "char_name",
                                                                                "Alias": "chn",
                                                                                "Startup Cost": 0.43,
                                                                                "Total Cost": 1.47,
                                                                                "Plan Rows": 1,
                                                                                "Plan Width": 4,
                                                                                "Actual Startup Time": 0.001,
                                                                                "Actual Total Time": 0.001,
                                                                                "Actual Rows": 1,
                                                                                "Actual Loops": 371543,
                                                                                "Index Cond": "(id = ci.person_role_id)",
                                                                                "Rows Removed by Index Recheck": 0,
                                                                                "Heap Fetches": 341836,
                                                                                "Workers": []
                                                                            }
                                                                        ]
                                                                    },
                                                                    {
                                                                        "Node Type": "Index Scan",
                                                                        "Parent Relationship": "Inner",
                                                                        "Parallel Aware": false,
                                                                        "Async Capable": false,
                                                                        "Scan Direction": "Forward",
                                                                        "Index Name": "movie_id_movie_companies",
                                                                        "Relation Name": "movie_companies",
                                                                        "Alias": "mc",
                                                                        "Startup Cost": 0.43,
                                                                        "Total Cost": 2.59,
                                                                        "Plan Rows": 5,
                                                                        "Plan Width": 8,
                                                                        "Actual Startup Time": 0.001,
                                                                        "Actual Total Time": 0.001,
                                                                        "Actual Rows": 9,
                                                                        "Actual Loops": 341836,
                                                                        "Index Cond": "(movie_id = mi.movie_id)",
                                                                        "Rows Removed by Index Recheck": 0,
                                                                        "Workers": []
                                                                    }
                                                                ]
                                                            },
                                                            {
                                                                "Node Type": "Index Scan",
                                                                "Parent Relationship": "Inner",
                                                                "Parallel Aware": false,
                                                                "Async Capable": false,
                                                                "Scan Direction": "Forward",
                                                                "Index Name": "company_name_pkey",
                                                                "Relation Name": "company_name",
                                                                "Alias": "cn",
                                                                "Startup Cost": 0.42,
                                                                "Total Cost": 1.17,
                                                                "Plan Rows": 1,
                                                                "Plan Width": 4,
                                                                "Actual Startup Time": 0.001,
                                                                "Actual Total Time": 0.001,
                                                                "Actual Rows": 0,
                                                                "Actual Loops": 3229056,
                                                                "Index Cond": "(id = mc.company_id)",
                                                                "Rows Removed by Index Recheck": 0,
                                                                "Filter": "((country_code)::text = '[us]'::text)",
                                                                "Rows Removed by Filter": 1,
                                                                "Workers": []
                                                            }
                                                        ]
                                                    },
                                                    {
                                                        "Node Type": "Index Only Scan",
                                                        "Parent Relationship": "Inner",
                                                        "Parallel Aware": false,
                                                        "Async Capable": false,
                                                        "Scan Direction": "Forward",
                                                        "Index Name": "person_id_aka_name",
                                                        "Relation Name": "aka_name",
                                                        "Alias": "an",
                                                        "Startup Cost": 0.42,
                                                        "Total Cost": 1.63,
                                                        "Plan Rows": 2,
                                                        "Plan Width": 4,
                                                        "Actual Startup Time": 0.0,
                                                        "Actual Total Time": 0.001,
                                                        "Actual Rows": 2,
                                                        "Actual Loops": 787043,
                                                        "Index Cond": "(person_id = n.id)",
                                                        "Rows Removed by Index Recheck": 0,
                                                        "Heap Fetches": 1760645,
                                                        "Workers": []
                                                    }
                                                ]
                                            }
                                        ]
                                    }
                                ]
                            }
                        ]
                    },
                    "Planning Time": 9.393,
                    "Triggers": [],
                    "Execution Time": 1640.843
                }
            ],
            "hints": [
                "SET enable_hashjoin TO on",
                "SET enable_indexonlyscan TO on",
                "SET enable_indexscan TO on",
                "SET enable_mergejoin TO on",
                "SET enable_nestloop TO on",
                "SET enable_seqscan TO on"
            ]
        },
        {
            "arm": 1,
            "execution_time": 1329.916,
            "plan": [
                {
                    "Plan": {
                        "Node Type": "Aggregate",
                        "Strategy": "Plain",
                        "Partial Mode": "Finalize",
                        "Parallel Aware": false,
                        "Async Capable": false,
                        "Startup Cost": 772699.89,
                        "Total Cost": 772699.9,
                        "Plan Rows": 1,
                        "Plan Width": 64,
                        "Actual Startup Time": 1302.078,
                        "Actual Total Time": 1329.868,
                        "Actual Rows": 1,
                        "Actual Loops": 1,
                        "Plans": [
                            {
                                "Node Type": "Gather",
                                "Parent Relationship": "Outer",
                                "Parallel Aware": false,
                                "Async Capable": false,
                                "Startup Cost": 772699.57,
                                "Total Cost": 772699.88,
                                "Plan Rows": 3,
                                "Plan Width": 64,
                                "Actual Startup Time": 1299.265,
                                "Actual Total Time": 1329.863,
                                "Actual Rows": 4,
                                "Actual Loops": 1,
                                "Workers Planned": 3,
                                "Workers Launched": 3,
                                "Single Copy": false,
                                "Plans": [
                                    {
                                        "Node Type": "Aggregate",
                                        "Strategy": "Plain",
                                        "Partial Mode": "Partial",
                                        "Parent Relationship": "Outer",
                                        "Parallel Aware": false,
                                        "Async Capable": false,
                                        "Startup Cost": 771699.57,
                                        "Total Cost": 771699.58,
                                        "Plan Rows": 1,
                                        "Plan Width": 64,
                                        "Actual Startup Time": 1298.177,
                                        "Actual Total Time": 1298.574,
                                        "Actual Rows": 1,
                                        "Actual Loops": 4,
                                        "Workers": [],
                                        "Plans": [
                                            {
                                                "Node Type": "Hash Join",
                                                "Parent Relationship": "Outer",
                                                "Parallel Aware": true,
                                                "Async Capable": false,
                                                "Join Type": "Inner",
                                                "Startup Cost": 756275.75,
                                                "Total Cost": 771690.17,
                                                "Plan Rows": 1880,
                                                "Plan Width": 32,
                                                "Actual Startup Time": 1249.983,
                                                "Actual Total Time": 1284.452,
                                                "Actual Rows": 440161,
                                                "Actual Loops": 4,
                                                "Inner Unique": false,
                                                "Hash Cond": "(an.person_id = n.id)",
                                                "Workers": [],
                                                "Plans": [
                                                    {
                                                        "Node Type": "Seq Scan",
                                                        "Parent Relationship": "Outer",
                                                        "Parallel Aware": true,
                                                        "Async Capable": false,
                                                        "Relation Name": "aka_name",
                                                        "Alias": "an",
                                                        "Startup Cost": 0.0,
                                                        "Total Cost": 14323.56,
                                                        "Plan Rows": 290756,
                                                        "Plan Width": 4,
                                                        "Actual Startup Time": 0.008,
                                                        "Actual Total Time": 12.231,
                                                        "Actual Rows": 225336,
                                                        "Actual Loops": 4,
                                                        "Workers": []
                                                    },
                                                    {
                                                        "Node Type": "Hash",
                                                        "Parent Relationship": "Inner",
                                                        "Parallel Aware": true,
                                                        "Async Capable": false,
                                                        "Startup Cost": 756266.2,
                                                        "Total Cost": 756266.2,
                                                        "Plan Rows": 764,
                                                        "Plan Width": 40,
                                                        "Actual Startup Time": 1222.792,
                                                        "Actual Total Time": 1223.188,
                                                        "Actual Rows": 196761,
                                                        "Actual Loops": 4,
                                                        "Hash Buckets": 262144,
                                                        "Original Hash Buckets": 4096,
                                                        "Hash Batches": 8,
                                                        "Original Hash Batches": 1,
                                                        "Peak Memory Usage": 11520,
                                                        "Workers": [],
                                                        "Plans": [
                                                            {
                                                                "Node Type": "Hash Join",
                                                                "Parent Relationship": "Outer",
                                                                "Parallel Aware": true,
                                                                "Async Capable": false,
                                                                "Join Type": "Inner",
                                                                "Startup Cost": 725862.87,
                                                                "Total Cost": 756266.2,
                                                                "Plan Rows": 764,
                                                                "Plan Width": 40,
                                                                "Actual Startup Time": 1061.361,
                                                                "Actual Total Time": 1192.854,
                                                                "Actual Rows": 196761,
                                                                "Actual Loops": 4,
                                                                "Inner Unique": true,
                                                                "Hash Cond": "(mc.company_id = cn.id)",
                                                                "Workers": [],
                                                                "Plans": [
                                                                    {
                                                                        "Node Type": "Hash Join",
                                                                        "Parent Relationship": "Outer",
                                                                        "Parallel Aware": true,
                                                                        "Async Capable": false,
                                                                        "Join Type": "Inner",
                                                                        "Startup Cost": 720470.36,
                                                                        "Total Cost": 750868.15,
                                                                        "Plan Rows": 2112,
                                                                        "Plan Width": 44,
                                                                        "Actual Startup Time": 1055.449,
                                                                        "Actual Total Time": 1156.294,
                                                                        "Actual Rows": 807264,
                                                                        "Actual Loops": 4,
                                                                        "Inner Unique": false,
                                                                        "Hash Cond": "(mc.movie_id = t.id)",
                                                                        "Workers": [],
                                                                        "Plans": [
                                                                            {
                                                                                "Node Type": "Seq Scan",
                                                                                "Parent Relationship": "Outer",
                                                                                "Parallel Aware": true,
                                                                                "Async Capable": false,
                                                                                "Relation Name": "movie_companies",
                                                                                "Alias": "mc",
                                                                                "Startup Cost": 0.0,
                                                                                "Total Cost": 27240.55,
                                                                                "Plan Rows": 841655,
                                                                                "Plan Width": 8,
                                                                                "Actual Startup Time": 0.012,
                                                                                "Actual Total Time": 26.324,
                                                                                "Actual Rows": 652282,
                                                                                "Actual Loops": 4,
                                                                                "Workers": []
                                                                            },
                                                                            {
                                                                                "Node Type": "Hash",
                                                                                "Parent Relationship": "Inner",
                                                                                "Parallel Aware": true,
                                                                                "Async Capable": false,
                                                                                "Startup Cost": 720466.51,
                                                                                "Total Cost": 720466.51,
                                                                                "Plan Rows": 308,
                                                                                "Plan Width": 52,
                                                                                "Actual Startup Time": 1055.347,
                                                                                "Actual Total Time": 1055.74,
                                                                                "Actual Rows": 85459,
                                                                                "Actual Loops": 4,
                                                                                "Hash Buckets": 524288,
                                                                                "Original Hash Buckets": 2048,
                                                                                "Hash Batches": 1,
                                                                                "Original Hash Batches": 1,
                                                                                "Peak Memory Usage": 39920,
                                                                                "Workers": [],
                                                                                "Plans": [
                                                                                    {
                                                                                        "Node Type": "Hash Join",
                                                                                        "Parent Relationship": "Outer",
                                                                                        "Parallel Aware": true,
                                                                                        "Async Capable": false,
                                                                                        "Join Type": "Inner",
                                                                                        "Startup Cost": 672178.81,
                                                                                        "Total Cost": 720466.51,
                                                                                        "Plan Rows": 308,
                                                                                        "Plan Width": 52,
                                                                                        "Actual Startup Time": 1015.15,
                                                                                        "Actual Total Time": 1039.366,
                                                                                        "Actual Rows": 85459,
                                                                                        "Actual Loops": 4,
                                                                                        "Inner Unique": true,
                                                                                        "Hash Cond": "(ci.person_role_id = chn.id)",
                                                                                        "Workers": [],
                                                                                        "Plans": [
                                                                                            {
                                                                                                "Node Type": "Hash Join",
                                                                                                "Parent Relationship": "Outer",
                                                                                                "Parallel Aware": true,
                                                                                                "Async Capable": false,
                                                                                                "Join Type": "Inner",
                                                                                                "Startup Cost": 614999.35,
                                                                                                "Total Cost": 660211.25,
                                                                                                "Plan Rows": 308,
                                                                                                "Plan Width": 56,
                                                                                                "Actual Startup Time": 826.993,
                                                                                                "Actual Total Time": 908.192,
                                                                                                "Actual Rows": 92886,
                                                                                                "Actual Loops": 4,
                                                                                                "Inner Unique": false,
                                                                                                "Hash Cond": "(t.id = mi.movie_id)",
                                                                                                "Workers": [],
                                                                                                "Plans": [
                                                                                                    {
                                                                                                        "Node Type": "Seq Scan",
                                                                                                        "Parent Relationship": "Outer",
                                                                                                        "Parallel Aware": true,
                                                                                                        "Async Capable": false,
                                                                                                        "Relation Name": "title",
                                                                                                        "Alias": "t",
                                                                                                        "Startup Cost": 0.0,
                                                                                                        "Total Cost": 43909.73,
                                                                                                        "Plan Rows": 347079,
                                                                                                        "Plan Width": 21,
                                                                                                        "Actual Startup Time": 0.016,
                                                                                                        "Actual Total Time": 40.604,
                                                                                                        "Actual Rows": 345363,
                                                                                                        "Actual Loops": 4,
                                                                                                        "Filter": "(production_year > 2000)",
                                                                                                        "Rows Removed by Filter": 286715,
                                                                                                        "Workers": []
                                                                                                    },
                                                                                                    {
                                                                                                        "Node Type": "Hash",
                                                                                                        "Parent Relationship": "Inner",
                                                                                                        "Parallel Aware": true,
                                                                                                        "Async Capable": false,
                                                                                                        "Startup Cost": 614993.74,
                                                                                                        "Total Cost": 614993.74,
                                                                                                        "Plan Rows": 449,
                                                                                                        "Plan Width": 35,
                                                                                                        "Actual Startup Time": 826.94,
                                                                                                        "Actual Total Time": 827.329,
                                                                                                        "Actual Rows": 136682,
                                                                                                        "Actual Loops": 4,
                                                                                                        "Hash Buckets": 1048576,
                                                                                                        "Original Hash Buckets": 4096,
                                                                                                        "Hash Batches": 1,
                                                                                                        "Original Hash Batches": 1,
                                                                                                        "Peak Memory Usage": 54368,
                                                                                                        "Workers": [],
                                                                                                        "Plans": [
                                                                                                            {
                                                                                                                "Node Type": "Hash Join",
                                                                                                                "Parent Relationship": "Outer",
                                                                                                                "Parallel Aware": true,
                                                                                                                "Async Capable": false,
                                                                                                                "Join Type": "Inner",
                                                                                                                "Startup Cost": 415549.17,
                                                                                                                "Total Cost": 614993.74,
                                                                                                                "Plan Rows": 449,
                                                                                                                "Plan Width": 35,
                                                                                                                "Actual Startup Time": 575.318,
                                                                                                                "Actual Total Time": 808.04,
                                                                                                                "Actual Rows": 136682,
                                                                                                                "Actual Loops": 4,
                                                                                                                "Inner Unique": false,
                                                                                                                "Hash Cond": "(mi.movie_id = ci.movie_id)",
                                                                                                                "Workers": [],
                                                                                                                "Plans": [
                                                                                                                    {
                                                                                                                        "Node Type": "Hash Join",
                                                                                                                        "Parent Relationship": "Outer",
                                                                                                                        "Parallel Aware": false,
                                                                                                                        "Async Capable": false,
                                                                                                                        "Join Type": "Inner",
                                                                                                                        "Startup Cost": 2.43,
                                                                                                                        "Total Cost": 199347.92,
                                                                                                                        "Plan Rows": 26220,
                                                                                                                        "Plan Width": 4,
                                                                                                                        "Actual Startup Time": 101.649,
                                                                                                                        "Actual Total Time": 283.013,
                                                                                                                        "Actual Rows": 759180,
                                                                                                                        "Actual Loops": 4,
                                                                                                                        "Inner Unique": true,
                                                                                                                        "Hash Cond": "(mi.info_type_id = it.id)",
                                                                                                                        "Workers": [],
                                                                                                                        "Plans": [
                                                                                                                            {
                                                                                                                                "Node Type": "Seq Scan",
                                                                                                                                "Parent Relationship": "Outer",
                                                                                                                                "Parallel Aware": true,
                                                                                                                                "Async Capable": false,
                                                                                                                                "Relation Name": "movie_info",
                                                                                                                                "Alias": "mi",
                                                                                                                                "Startup Cost": 0.0,
                                                                                                                                "Total Cost": 191276.35,
                                                                                                                                "Plan Rows": 2962835,
                                                                                                                                "Plan Width": 8,
                                                                                                                                "Actual Startup Time": 0.006,
                                                                                                                                "Actual Total Time": 149.16,
                                                                                                                                "Actual Rows": 3708930,
                                                                                                                                "Actual Loops": 4,
                                                                                                                                "Workers": []
                                                                                                                            },
                                                                                                                            {
                                                                                                                                "Node Type": "Hash",
                                                                                                                                "Parent Relationship": "Inner",
                                                                                                                                "Parallel Aware": false,
                                                                                                                                "Async Capable": false,
                                                                                                                                "Startup Cost": 2.41,
                                                                                                                                "Total Cost": 2.41,
                                                                                                                                "Plan Rows": 1,
                                                                                                                                "Plan Width": 4,
                                                                                                                                "Actual Startup Time": 0.021,
                                                                                                                                "Actual Total Time": 0.022,
                                                                                                                                "Actual Rows": 1,
                                                                                                                                "Actual Loops": 4,
                                                                                                                                "Hash Buckets": 1024,
                                                                                                                                "Original Hash Buckets": 1024,
                                                                                                                                "Hash Batches": 1,
                                                                                                                                "Original Hash Batches": 1,
                                                                                                                                "Peak Memory Usage": 9,
                                                                                                                                "Workers": [],
                                                                                                                                "Plans": [
                                                                                                                                    {
                                                                                                                                        "Node Type": "Seq Scan",
                                                                                                                                        "Parent Relationship": "Outer",
                                                                                                                                        "Parallel Aware": false,
                                                                                                                                        "Async Capable": false,
                                                                                                                                        "Relation Name": "info_type",
                                                                                                                                        "Alias": "it",
                                                                                                                                        "Startup Cost": 0.0,
                                                                                                                                        "Total Cost": 2.41,
                                                                                                                                        "Plan Rows": 1,
                                                                                                                                        "Plan Width": 4,
                                                                                                                                        "Actual Startup Time": 0.018,
                                                                                                                                        "Actual Total Time": 0.02,
                                                                                                                                        "Actual Rows": 1,
                                                                                                                                        "Actual Loops": 4,
                                                                                                                                        "Filter": "((info)::text = 'release dates'::text)",
                                                                                                                                        "Rows Removed by Filter": 112,
                                                                                                                                        "Workers": []
                                                                                                                                    }
                                                                                                                                ]
                                                                                                                            }
                                                                                                                        ]
                                                                                                                    },
                                                                                                                    {
                                                                                                                        "Node Type": "Hash",
                                                                                                                        "Parent Relationship": "Inner",
                                                                                                                        "Parallel Aware": true,
                                                                                                                        "Async Capable": false,
                                                                                                                        "Startup Cost": 415512.87,
                                                                                                                        "Total Cost": 415512.87,
                                                                                                                        "Plan Rows": 2710,
                                                                                                                        "Plan Width": 31,
                                                                                                                        "Actual Startup Time": 473.568,
                                                                                                                        "Actual Total Time": 473.954,
                                                                                                                        "Actual Rows": 69001,
                                                                                                                        "Actual Loops": 4,
                                                                                                                        "Hash Buckets": 524288,
                                                                                                                        "Original Hash Buckets": 16384,
                                                                                                                        "Hash Batches": 1,
                                                                                                                        "Original Hash Batches": 1,
                                                                                                                        "Peak Memory Usage": 25984,
                                                                                                                        "Workers": [],
                                                                                                                        "Plans": [
                                                                                                                            {
                                                                                                                                "Node Type": "Hash Join",
                                                                                                                                "Parent Relationship": "Outer",
                                                                                                                                "Parallel Aware": false,
                                                                                                                                "Async Capable": false,
                                                                                                                                "Join Type": "Inner",
                                                                                                                                "Startup Cost": 71698.1,
                                                                                                                                "Total Cost": 415512.87,
                                                                                                                                "Plan Rows": 2710,
                                                                                                                                "Plan Width": 31,
                                                                                                                                "Actual Startup Time": 90.543,
                                                                                                                                "Actual Total Time": 460.166,
                                                                                                                                "Actual Rows": 69001,
                                                                                                                                "Actual Loops": 4,
                                                                                                                                "Inner Unique": true,
                                                                                                                                "Hash Cond": "(ci.role_id = rt.id)",
                                                                                                                                "Workers": [],
                                                                                                                                "Plans": [
                                                                                                                                    {
                                                                                                                                        "Node Type": "Hash Join",
                                                                                                                                        "Parent Relationship": "Outer",
                                                                                                                                        "Parallel Aware": true,
                                                                                                                                        "Async Capable": false,
                                                                                                                                        "Join Type": "Inner",
                                                                                                                                        "Startup Cost": 71696.93,
                                                                                                                                        "Total Cost": 415396.2,
                                                                                                                                        "Plan Rows": 32518,
                                                                                                                                        "Plan Width": 35,
                                                                                                                                        "Actual Startup Time": 90.52,
                                                                                                                                        "Actual Total Time": 455.752,
                                                                                                                                        "Actual Rows": 69022,
                                                                                                                                        "Actual Loops": 4,
                                                                                                                                        "Inner Unique": true,
                                                                                                                                        "Hash Cond": "(ci.person_id = n.id)",
                                                                                                                                        "Workers": [],
                                                                                                                                        "Plans": [
                                                                                                                                            {
                                                                                                                                                "Node Type": "Seq Scan",
                                                                                                                                                "Parent Relationship": "Outer",
                                                                                                                                                "Parallel Aware": true,
                                                                                                                                                "Async Capable": false,
                                                                                                                                                "Relation Name": "cast_info",
                                                                                                                                                "Alias": "ci",
                                                                                                                                                "Startup Cost": 0.0,
                                                                                                                                                "Total Cost": 343330.86,
                                                                                                                                                "Plan Rows": 140346,
                                                                                                                                                "Plan Width": 16,
                                                                                                                                                "Actual Startup Time": 0.029,
                                                                                                                                                "Actual Total Time": 348.42,
                                                                                                                                                "Actual Rows": 216869,
                                                                                                                                                "Actual Loops": 4,
                                                                                                                                                "Filter": "(note = ANY ('{(voice),\"(voice: Japanese version)\",\"(voice) (uncredited)\",\"(voice: English version)\"}'::text[]))",
                                                                                                                                                "Rows Removed by Filter": 8844217,
                                                                                                                                                "Workers": []
                                                                                                                                            },
                                                                                                                                            {
                                                                                                                                                "Node Type": "Hash",
                                                                                                                                                "Parent Relationship": "Inner",
                                                                                                                                                "Parallel Aware": true,
                                                                                                                                                "Async Capable": false,
                                                                                                                                                "Startup Cost": 68679.41,
                                                                                                                                                "Total Cost": 68679.41,
                                                                                                                                                "Plan Rows": 241402,
                                                                                                                                                "Plan Width": 19,
                                                                                                                                                "Actual Startup Time": 89.995,
                                                                                                                                                "Actual Total Time": 89.996,
                                                                                                                                                "Actual Rows": 240389,
                                                                                                                                                "Actual Loops": 4,
                                                                                                                                                "Hash Buckets": 1048576,
                                                                                                                                                "Original Hash Buckets": 1048576,
                                                                                                                                                "Hash Batches": 1,
                                                                                                                                                "Original Hash Batches": 1,
                                                                                                                                                "Peak Memory Usage": 60576,
                                                                                                                                                "Workers": [],
                                                                                                                                                "Plans": [
                                                                                                                                                    {
                                                                                                                                                        "Node Type": "Seq Scan",
                                                                                                                                                        "Parent Relationship": "Outer",
                                                                                                                                                        "Parallel Aware": true,
                                                                                                                                                        "Async Capable": false,
                                                                                                                                                        "Relation Name": "name",
                                                                                                                                                        "Alias": "n",
                                                                                                                                                        "Startup Cost": 0.0,
                                                                                                                                                        "Total Cost": 68679.41,
                                                                                                                                                        "Plan Rows": 241402,
                                                                                                                                                        "Plan Width": 19,
                                                                                                                                                        "Actual Startup Time": 19.426,
                                                                                                                                                        "Actual Total Time": 60.42,
                                                                                                                                                        "Actual Rows": 240389,
                                                                                                                                                        "Actual Loops": 4,
                                                                                                                                                        "Filter": "((gender)::text = 'f'::text)",
                                                                                                                                                        "Rows Removed by Filter": 801484,
                                                                                                                                                        "Workers": []
                                                                                                                                                    }
                                                                                                                                                ]
                                                                                                                                            }
                                                                                                                                        ]
                                                                                                                                    },
                                                                                                                                    {
                                                                                                                                        "Node Type": "Hash",
                                                                                                                                        "Parent Relationship": "Inner",
                                                                                                                                        "Parallel Aware": false,
                                                                                                                                        "Async Capable": false,
                                                                                                                                        "Startup Cost": 1.15,
                                                                                                                                        "Total Cost": 1.15,
                                                                                                                                        "Plan Rows": 1,
                                                                                                                                        "Plan Width": 4,
                                                                                                                                        "Actual Startup Time": 0.018,
                                                                                                                                        "Actual Total Time": 0.019,
                                                                                                                                        "Actual Rows": 1,
                                                                                                                                        "Actual Loops": 4,
                                                                                                                                        "Hash Buckets": 1024,
                                                                                                                                        "Original Hash Buckets": 1024,
                                                                                                                                        "Hash Batches": 1,
                                                                                                                                        "Original Hash Batches": 1,
                                                                                                                                        "Peak Memory Usage": 9,
                                                                                                                                        "Workers": [],
                                                                                                                                        "Plans": [
                                                                                                                                            {
                                                                                                                                                "Node Type": "Seq Scan",
                                                                                                                                                "Parent Relationship": "Outer",
                                                                                                                                                "Parallel Aware": false,
                                                                                                                                                "Async Capable": false,
                                                                                                                                                "Relation Name": "role_type",
                                                                                                                                                "Alias": "rt",
                                                                                                                                                "Startup Cost": 0.0,
                                                                                                                                                "Total Cost": 1.15,
                                                                                                                                                "Plan Rows": 1,
                                                                                                                                                "Plan Width": 4,
                                                                                                                                                "Actual Startup Time": 0.017,
                                                                                                                                                "Actual Total Time": 0.017,
                                                                                                                                                "Actual Rows": 1,
                                                                                                                                                "Actual Loops": 4,
                                                                                                                                                "Filter": "((role)::text = 'actress'::text)",
                                                                                                                                                "Rows Removed by Filter": 11,
                                                                                                                                                "Workers": []
                                                                                                                                            }
                                                                                                                                        ]
                                                                                                                                    }
                                                                                                                                ]
                                                                                                                            }
                                                                                                                        ]
                                                                                                                    }
                                                                                                                ]
                                                                                                            }
                                                                                                        ]
                                                                                                    }
                                                                                                ]
                                                                                            },
                                                                                            {
                                                                                                "Node Type": "Hash",
                                                                                                "Parent Relationship": "Inner",
                                                                                                "Parallel Aware": true,
                                                                                                "Async Capable": false,
                                                                                                "Startup Cost": 44298.87,
                                                                                                "Total Cost": 44298.87,
                                                                                                "Plan Rows": 785087,
                                                                                                "Plan Width": 4,
                                                                                                "Actual Startup Time": 90.737,
                                                                                                "Actual Total Time": 90.737,
                                                                                                "Actual Rows": 785085,
                                                                                                "Actual Loops": 4,
                                                                                                "Hash Buckets": 524288,
                                                                                                "Original Hash Buckets": 524288,
                                                                                                "Hash Batches": 16,
                                                                                                "Original Hash Batches": 16,
                                                                                                "Peak Memory Usage": 11872,
                                                                                                "Workers": [],
                                                                                                "Plans": [
                                                                                                    {
                                                                                                        "Node Type": "Seq Scan",
                                                                                                        "Parent Relationship": "Outer",
                                                                                                        "Parallel Aware": true,
                                                                                                        "Async Capable": false,
                                                                                                        "Relation Name": "char_name",
                                                                                                        "Alias": "chn",
                                                                                                        "Startup Cost": 0.0,
                                                                                                        "Total Cost": 44298.87,
                                                                                                        "Plan Rows": 785087,
                                                                                                        "Plan Width": 4,
                                                                                                        "Actual Startup Time": 0.005,
                                                                                                        "Actual Total Time": 49.98,
                                                                                                        "Actual Rows": 785085,
                                                                                                        "Actual Loops": 4,
                                                                                                        "Workers": []
                                                                                                    }
                                                                                                ]
                                                                                            }
                                                                                        ]
                                                                                    }
                                                                                ]
                                                                            }
                                                                        ]
                                                                    },
                                                                    {
                                                                        "Node Type": "Hash",
                                                                        "Parent Relationship": "Inner",
                                                                        "Parallel Aware": true,
                                                                        "Async Capable": false,
                                                                        "Startup Cost": 4767.92,
                                                                        "Total Cost": 4767.92,
                                                                        "Plan Rows": 49967,
                                                                        "Plan Width": 4,
                                                                        "Actual Startup Time": 5.809,
                                                                        "Actual Total Time": 5.809,
                                                                        "Actual Rows": 21211,
                                                                        "Actual Loops": 4,
                                                                        "Hash Buckets": 131072,
                                                                        "Original Hash Buckets": 131072,
                                                                        "Hash Batches": 1,
                                                                        "Original Hash Batches": 1,
                                                                        "Peak Memory Usage": 4416,
                                                                        "Workers": [],
                                                                        "Plans": [
                                                                            {
                                                                                "Node Type": "Seq Scan",
                                                                                "Parent Relationship": "Outer",
                                                                                "Parallel Aware": true,
                                                                                "Async Capable": false,
                                                                                "Relation Name": "company_name",
                                                                                "Alias": "cn",
                                                                                "Startup Cost": 0.0,
                                                                                "Total Cost": 4767.92,
                                                                                "Plan Rows": 49967,
                                                                                "Plan Width": 4,
                                                                                "Actual Startup Time": 0.009,
                                                                                "Actual Total Time": 4.421,
                                                                                "Actual Rows": 21211,
                                                                                "Actual Loops": 4,
                                                                                "Filter": "((country_code)::text = '[us]'::text)",
                                                                                "Rows Removed by Filter": 37538,
                                                                                "Workers": []
                                                                            }
                                                                        ]
                                                                    }
                                                                ]
                                                            }
                                                        ]
                                                    }
                                                ]
                                            }
                                        ]
                                    }
                                ]
                            }
                        ]
                    },
                    "Planning Time": 9.481,
                    "Triggers": [],
                    "Execution Time": 1329.916
                }
            ],
            "hints": [
                "SET enable_hashjoin TO on",
                "SET enable_indexonlyscan TO on",
                "SET enable_indexscan TO on",
                "SET enable_mergejoin TO on",
                "SET enable_nestloop TO off",
                "SET enable_seqscan TO on"
            ]
        },
        {
            "arm": 2,
            "execution_time": 1301.045,
            "plan": [
                {
                    "Plan": {
                        "Node Type": "Aggregate",
                        "Strategy": "Plain",
                        "Partial Mode": "Finalize",
                        "Parallel Aware": false,
                        "Async Capable": false,
                        "Startup Cost": 772699.89,
                        "Total Cost": 772699.9,
                        "Plan Rows": 1,
                        "Plan Width": 64,
                        "Actual Startup Time": 1274.274,
                        "Actual Total Time": 1300.993,
                        "Actual Rows": 1,
                        "Actual Loops": 1,
                        "Plans": [
                            {
                                "Node Type": "Gather",
                                "Parent Relationship": "Outer",
                                "Parallel Aware": false,
                                "Async Capable": false,
                                "Startup Cost": 772699.57,
                                "Total Cost": 772699.88,
                                "Plan Rows": 3,
                                "Plan Width": 64,
                                "Actual Startup Time": 1271.498,
                                "Actual Total Time": 1300.987,
                                "Actual Rows": 4,
                                "Actual Loops": 1,
                                "Workers Planned": 3,
                                "Workers Launched": 3,
                                "Single Copy": false,
                                "Plans": [
                                    {
                                        "Node Type": "Aggregate",
                                        "Strategy": "Plain",
                                        "Partial Mode": "Partial",
                                        "Parent Relationship": "Outer",
                                        "Parallel Aware": false,
                                        "Async Capable": false,
                                        "Startup Cost": 771699.57,
                                        "Total Cost": 771699.58,
                                        "Plan Rows": 1,
                                        "Plan Width": 64,
                                        "Actual Startup Time": 1269.947,
                                        "Actual Total Time": 1270.39,
                                        "Actual Rows": 1,
                                        "Actual Loops": 4,
                                        "Workers": [],
                                        "Plans": [
                                            {
                                                "Node Type": "Hash Join",
                                                "Parent Relationship": "Outer",
                                                "Parallel Aware": true,
                                                "Async Capable": false,
                                                "Join Type": "Inner",
                                                "Startup Cost": 756275.75,
                                                "Total Cost": 771690.17,
                                                "Plan Rows": 1880,
                                                "Plan Width": 32,
                                                "Actual Startup Time": 1220.899,
                                                "Actual Total Time": 1256.233,
                                                "Actual Rows": 440161,
                                                "Actual Loops": 4,
                                                "Inner Unique": false,
                                                "Hash Cond": "(an.person_id = n.id)",
                                                "Workers": [],
                                                "Plans": [
                                                    {
                                                        "Node Type": "Seq Scan",
                                                        "Parent Relationship": "Outer",
                                                        "Parallel Aware": true,
                                                        "Async Capable": false,
                                                        "Relation Name": "aka_name",
                                                        "Alias": "an",
                                                        "Startup Cost": 0.0,
                                                        "Total Cost": 14323.56,
                                                        "Plan Rows": 290756,
                                                        "Plan Width": 4,
                                                        "Actual Startup Time": 0.003,
                                                        "Actual Total Time": 10.696,
                                                        "Actual Rows": 225336,
                                                        "Actual Loops": 4,
                                                        "Workers": []
                                                    },
                                                    {
                                                        "Node Type": "Hash",
                                                        "Parent Relationship": "Inner",
                                                        "Parallel Aware": true,
                                                        "Async Capable": false,
                                                        "Startup Cost": 756266.2,
                                                        "Total Cost": 756266.2,
                                                        "Plan Rows": 764,
                                                        "Plan Width": 40,
                                                        "Actual Startup Time": 1195.656,
                                                        "Actual Total Time": 1196.098,
                                                        "Actual Rows": 196761,
                                                        "Actual Loops": 4,
                                                        "Hash Buckets": 262144,
                                                        "Original Hash Buckets": 4096,
                                                        "Hash Batches": 8,
                                                        "Original Hash Batches": 1,
                                                        "Peak Memory Usage": 11520,
                                                        "Workers": [],
                                                        "Plans": [
                                                            {
                                                                "Node Type": "Hash Join",
                                                                "Parent Relationship": "Outer",
                                                                "Parallel Aware": true,
                                                                "Async Capable": false,
                                                                "Join Type": "Inner",
                                                                "Startup Cost": 725862.87,
                                                                "Total Cost": 756266.2,
                                                                "Plan Rows": 764,
                                                                "Plan Width": 40,
                                                                "Actual Startup Time": 1032.566,
                                                                "Actual Total Time": 1164.547,
                                                                "Actual Rows": 196761,
                                                                "Actual Loops": 4,
                                                                "Inner Unique": true,
                                                                "Hash Cond": "(mc.company_id = cn.id)",
                                                                "Workers": [],
                                                                "Plans": [
                                                                    {
                                                                        "Node Type": "Hash Join",
                                                                        "Parent Relationship": "Outer",
                                                                        "Parallel Aware": true,
                                                                        "Async Capable": false,
                                                                        "Join Type": "Inner",
                                                                        "Startup Cost": 720470.36,
                                                                        "Total Cost": 750868.15,
                                                                        "Plan Rows": 2112,
                                                                        "Plan Width": 44,
                                                                        "Actual Startup Time": 1026.78,
                                                                        "Actual Total Time": 1127.85,
                                                                        "Actual Rows": 807264,
                                                                        "Actual Loops": 4,
                                                                        "Inner Unique": false,
                                                                        "Hash Cond": "(mc.movie_id = t.id)",
                                                                        "Workers": [],
                                                                        "Plans": [
                                                                            {
                                                                                "Node Type": "Seq Scan",
                                                                                "Parent Relationship": "Outer",
                                                                                "Parallel Aware": true,
                                                                                "Async Capable": false,
                                                                                "Relation Name": "movie_companies",
                                                                                "Alias": "mc",
                                                                                "Startup Cost": 0.0,
                                                                                "Total Cost": 27240.55,
                                                                                "Plan Rows": 841655,
                                                                                "Plan Width": 8,
                                                                                "Actual Startup Time": 0.006,
                                                                                "Actual Total Time": 24.918,
                                                                                "Actual Rows": 652282,
                                                                                "Actual Loops": 4,
                                                                                "Workers": []
                                                                            },
                                                                            {
                                                                                "Node Type": "Hash",
                                                                                "Parent Relationship": "Inner",
                                                                                "Parallel Aware": true,
                                                                                "Async Capable": false,
                                                                                "Startup Cost": 720466.51,
                                                                                "Total Cost": 720466.51,
                                                                                "Plan Rows": 308,
                                                                                "Plan Width": 52,
                                                                                "Actual Startup Time": 1026.687,
                                                                                "Actual Total Time": 1027.125,
                                                                                "Actual Rows": 85459,
                                                                                "Actual Loops": 4,
                                                                                "Hash Buckets": 524288,
                                                                                "Original Hash Buckets": 2048,
                                                                                "Hash Batches": 1,
                                                                                "Original Hash Batches": 1,
                                                                                "Peak Memory Usage": 39920,
                                                                                "Workers": [],
                                                                                "Plans": [
                                                                                    {
                                                                                        "Node Type": "Hash Join",
                                                                                        "Parent Relationship": "Outer",
                                                                                        "Parallel Aware": true,
                                                                                        "Async Capable": false,
                                                                                        "Join Type": "Inner",
                                                                                        "Startup Cost": 672178.81,
                                                                                        "Total Cost": 720466.51,
                                                                                        "Plan Rows": 308,
                                                                                        "Plan Width": 52,
                                                                                        "Actual Startup Time": 985.214,
                                                                                        "Actual Total Time": 1009.616,
                                                                                        "Actual Rows": 85459,
                                                                                        "Actual Loops": 4,
                                                                                        "Inner Unique": true,
                                                                                        "Hash Cond": "(ci.person_role_id = chn.id)",
                                                                                        "Workers": [],
                                                                                        "Plans": [
                                                                                            {
                                                                                                "Node Type": "Hash Join",
                                                                                                "Parent Relationship": "Outer",
                                                                                                "Parallel Aware": true,
                                                                                                "Async Capable": false,
                                                                                                "Join Type": "Inner",
                                                                                                "Startup Cost": 614999.35,
                                                                                                "Total Cost": 660211.25,
                                                                                                "Plan Rows": 308,
                                                                                                "Plan Width": 56,
                                                                                                "Actual Startup Time": 819.32,
                                                                                                "Actual Total Time": 883.627,
                                                                                                "Actual Rows": 92886,
                                                                                                "Actual Loops": 4,
                                                                                                "Inner Unique": false,
                                                                                                "Hash Cond": "(t.id = mi.movie_id)",
                                                                                                "Workers": [],
                                                                                                "Plans": [
                                                                                                    {
                                                                                                        "Node Type": "Seq Scan",
                                                                                                        "Parent Relationship": "Outer",
                                                                                                        "Parallel Aware": true,
                                                                                                        "Async Capable": false,
                                                                                                        "Relation Name": "title",
                                                                                                        "Alias": "t",
                                                                                                        "Startup Cost": 0.0,
                                                                                                        "Total Cost": 43909.73,
                                                                                                        "Plan Rows": 347079,
                                                                                                        "Plan Width": 21,
                                                                                                        "Actual Startup Time": 0.008,
                                                                                                        "Actual Total Time": 33.358,
                                                                                                        "Actual Rows": 345363,
                                                                                                        "Actual Loops": 4,
                                                                                                        "Filter": "(production_year > 2000)",
                                                                                                        "Rows Removed by Filter": 286715,
                                                                                                        "Workers": []
                                                                                                    },
                                                                                                    {
                                                                                                        "Node Type": "Hash",
                                                                                                        "Parent Relationship": "Inner",
                                                                                                        "Parallel Aware": true,
                                                                                                        "Async Capable": false,
                                                                                                        "Startup Cost": 614993.74,
                                                                                                        "Total Cost": 614993.74,
                                                                                                        "Plan Rows": 449,
                                                                                                        "Plan Width": 35,
                                                                                                        "Actual Startup Time": 819.276,
                                                                                                        "Actual Total Time": 819.711,
                                                                                                        "Actual Rows": 136682,
                                                                                                        "Actual Loops": 4,
                                                                                                        "Hash Buckets": 1048576,
                                                                                                        "Original Hash Buckets": 4096,
                                                                                                        "Hash Batches": 1,
                                                                                                        "Original Hash Batches": 1,
                                                                                                        "Peak Memory Usage": 54400,
                                                                                                        "Workers": [],
                                                                                                        "Plans": [
                                                                                                            {
                                                                                                                "Node Type": "Hash Join",
                                                                                                                "Parent Relationship": "Outer",
                                                                                                                "Parallel Aware": true,
                                                                                                                "Async Capable": false,
                                                                                                                "Join Type": "Inner",
                                                                                                                "Startup Cost": 415549.17,
                                                                                                                "Total Cost": 614993.74,
                                                                                                                "Plan Rows": 449,
                                                                                                                "Plan Width": 35,
                                                                                                                "Actual Startup Time": 563.031,
                                                                                                                "Actual Total Time": 799.343,
                                                                                                                "Actual Rows": 136682,
                                                                                                                "Actual Loops": 4,
                                                                                                                "Inner Unique": false,
                                                                                                                "Hash Cond": "(mi.movie_id = ci.movie_id)",
                                                                                                                "Workers": [],
                                                                                                                "Plans": [
                                                                                                                    {
                                                                                                                        "Node Type": "Hash Join",
                                                                                                                        "Parent Relationship": "Outer",
                                                                                                                        "Parallel Aware": false,
                                                                                                                        "Async Capable": false,
                                                                                                                        "Join Type": "Inner",
                                                                                                                        "Startup Cost": 2.43,
                                                                                                                        "Total Cost": 199347.92,
                                                                                                                        "Plan Rows": 26220,
                                                                                                                        "Plan Width": 4,
                                                                                                                        "Actual Startup Time": 100.612,
                                                                                                                        "Actual Total Time": 284.052,
                                                                                                                        "Actual Rows": 759180,
                                                                                                                        "Actual Loops": 4,
                                                                                                                        "Inner Unique": true,
                                                                                                                        "Hash Cond": "(mi.info_type_id = it.id)",
                                                                                                                        "Workers": [],
                                                                                                                        "Plans": [
                                                                                                                            {
                                                                                                                                "Node Type": "Seq Scan",
                                                                                                                                "Parent Relationship": "Outer",
                                                                                                                                "Parallel Aware": true,
                                                                                                                                "Async Capable": false,
                                                                                                                                "Relation Name": "movie_info",
                                                                                                                                "Alias": "mi",
                                                                                                                                "Startup Cost": 0.0,
                                                                                                                                "Total Cost": 191276.35,
                                                                                                                                "Plan Rows": 2962835,
                                                                                                                                "Plan Width": 8,
                                                                                                                                "Actual Startup Time": 0.009,
                                                                                                                                "Actual Total Time": 148.489,
                                                                                                                                "Actual Rows": 3708930,
                                                                                                                                "Actual Loops": 4,
                                                                                                                                "Workers": []
                                                                                                                            },
                                                                                                                            {
                                                                                                                                "Node Type": "Hash",
                                                                                                                                "Parent Relationship": "Inner",
                                                                                                                                "Parallel Aware": false,
                                                                                                                                "Async Capable": false,
                                                                                                                                "Startup Cost": 2.41,
                                                                                                                                "Total Cost": 2.41,
                                                                                                                                "Plan Rows": 1,
                                                                                                                                "Plan Width": 4,
                                                                                                                                "Actual Startup Time": 0.015,
                                                                                                                                "Actual Total Time": 0.016,
                                                                                                                                "Actual Rows": 1,
                                                                                                                                "Actual Loops": 4,
                                                                                                                                "Hash Buckets": 1024,
                                                                                                                                "Original Hash Buckets": 1024,
                                                                                                                                "Hash Batches": 1,
                                                                                                                                "Original Hash Batches": 1,
                                                                                                                                "Peak Memory Usage": 9,
                                                                                                                                "Workers": [],
                                                                                                                                "Plans": [
                                                                                                                                    {
                                                                                                                                        "Node Type": "Seq Scan",
                                                                                                                                        "Parent Relationship": "Outer",
                                                                                                                                        "Parallel Aware": false,
                                                                                                                                        "Async Capable": false,
                                                                                                                                        "Relation Name": "info_type",
                                                                                                                                        "Alias": "it",
                                                                                                                                        "Startup Cost": 0.0,
                                                                                                                                        "Total Cost": 2.41,
                                                                                                                                        "Plan Rows": 1,
                                                                                                                                        "Plan Width": 4,
                                                                                                                                        "Actual Startup Time": 0.011,
                                                                                                                                        "Actual Total Time": 0.013,
                                                                                                                                        "Actual Rows": 1,
                                                                                                                                        "Actual Loops": 4,
                                                                                                                                        "Filter": "((info)::text = 'release dates'::text)",
                                                                                                                                        "Rows Removed by Filter": 112,
                                                                                                                                        "Workers": []
                                                                                                                                    }
                                                                                                                                ]
                                                                                                                            }
                                                                                                                        ]
                                                                                                                    },
                                                                                                                    {
                                                                                                                        "Node Type": "Hash",
                                                                                                                        "Parent Relationship": "Inner",
                                                                                                                        "Parallel Aware": true,
                                                                                                                        "Async Capable": false,
                                                                                                                        "Startup Cost": 415512.87,
                                                                                                                        "Total Cost": 415512.87,
                                                                                                                        "Plan Rows": 2710,
                                                                                                                        "Plan Width": 31,
                                                                                                                        "Actual Startup Time": 462.322,
                                                                                                                        "Actual Total Time": 462.753,
                                                                                                                        "Actual Rows": 69001,
                                                                                                                        "Actual Loops": 4,
                                                                                                                        "Hash Buckets": 524288,
                                                                                                                        "Original Hash Buckets": 16384,
                                                                                                                        "Hash Batches": 1,
                                                                                                                        "Original Hash Batches": 1,
                                                                                                                        "Peak Memory Usage": 25920,
                                                                                                                        "Workers": [],
                                                                                                                        "Plans": [
                                                                                                                            {
                                                                                                                                "Node Type": "Hash Join",
                                                                                                                                "Parent Relationship": "Outer",
                                                                                                                                "Parallel Aware": false,
                                                                                                                                "Async Capable": false,
                                                                                                                                "Join Type": "Inner",
                                                                                                                                "Startup Cost": 71698.1,
                                                                                                                                "Total Cost": 415512.87,
                                                                                                                                "Plan Rows": 2710,
                                                                                                                                "Plan Width": 31,
                                                                                                                                "Actual Startup Time": 87.663,
                                                                                                                                "Actual Total Time": 449.2,
                                                                                                                                "Actual Rows": 69001,
                                                                                                                                "Actual Loops": 4,
                                                                                                                                "Inner Unique": true,
                                                                                                                                "Hash Cond": "(ci.role_id = rt.id)",
                                                                                                                                "Workers": [],
                                                                                                                                "Plans": [
                                                                                                                                    {
                                                                                                                                        "Node Type": "Hash Join",
                                                                                                                                        "Parent Relationship": "Outer",
                                                                                                                                        "Parallel Aware": true,
                                                                                                                                        "Async Capable": false,
                                                                                                                                        "Join Type": "Inner",
                                                                                                                                        "Startup Cost": 71696.93,
                                                                                                                                        "Total Cost": 415396.2,
                                                                                                                                        "Plan Rows": 32518,
                                                                                                                                        "Plan Width": 35,
                                                                                                                                        "Actual Startup Time": 87.643,
                                                                                                                                        "Actual Total Time": 444.809,
                                                                                                                                        "Actual Rows": 69022,
                                                                                                                                        "Actual Loops": 4,
                                                                                                                                        "Inner Unique": true,
                                                                                                                                        "Hash Cond": "(ci.person_id = n.id)",
                                                                                                                                        "Workers": [],
                                                                                                                                        "Plans": [
                                                                                                                                            {
                                                                                                                                                "Node Type": "Seq Scan",
                                                                                                                                                "Parent Relationship": "Outer",
                                                                                                                                                "Parallel Aware": true,
                                                                                                                                                "Async Capable": false,
                                                                                                                                                "Relation Name": "cast_info",
                                                                                                                                                "Alias": "ci",
                                                                                                                                                "Startup Cost": 0.0,
                                                                                                                                                "Total Cost": 343330.86,
                                                                                                                                                "Plan Rows": 140346,
                                                                                                                                                "Plan Width": 16,
                                                                                                                                                "Actual Startup Time": 0.023,
                                                                                                                                                "Actual Total Time": 340.342,
                                                                                                                                                "Actual Rows": 216869,
                                                                                                                                                "Actual Loops": 4,
                                                                                                                                                "Filter": "(note = ANY ('{(voice),\"(voice: Japanese version)\",\"(voice) (uncredited)\",\"(voice: English version)\"}'::text[]))",
                                                                                                                                                "Rows Removed by Filter": 8844217,
                                                                                                                                                "Workers": []
                                                                                                                                            },
                                                                                                                                            {
                                                                                                                                                "Node Type": "Hash",
                                                                                                                                                "Parent Relationship": "Inner",
                                                                                                                                                "Parallel Aware": true,
                                                                                                                                                "Async Capable": false,
                                                                                                                                                "Startup Cost": 68679.41,
                                                                                                                                                "Total Cost": 68679.41,
                                                                                                                                                "Plan Rows": 241402,
                                                                                                                                                "Plan Width": 19,
                                                                                                                                                "Actual Startup Time": 87.185,
                                                                                                                                                "Actual Total Time": 87.185,
                                                                                                                                                "Actual Rows": 240389,
                                                                                                                                                "Actual Loops": 4,
                                                                                                                                                "Hash Buckets": 1048576,
                                                                                                                                                "Original Hash Buckets": 1048576,
                                                                                                                                                "Hash Batches": 1,
                                                                                                                                                "Original Hash Batches": 1,
                                                                                                                                                "Peak Memory Usage": 60576,
                                                                                                                                                "Workers": [],
                                                                                                                                                "Plans": [
                                                                                                                                                    {
                                                                                                                                                        "Node Type": "Seq Scan",
                                                                                                                                                        "Parent Relationship": "Outer",
                                                                                                                                                        "Parallel Aware": true,
                                                                                                                                                        "Async Capable": false,
                                                                                                                                                        "Relation Name": "name",
                                                                                                                                                        "Alias": "n",
                                                                                                                                                        "Startup Cost": 0.0,
                                                                                                                                                        "Total Cost": 68679.41,
                                                                                                                                                        "Plan Rows": 241402,
                                                                                                                                                        "Plan Width": 19,
                                                                                                                                                        "Actual Startup Time": 19.624,
                                                                                                                                                        "Actual Total Time": 57.431,
                                                                                                                                                        "Actual Rows": 240389,
                                                                                                                                                        "Actual Loops": 4,
                                                                                                                                                        "Filter": "((gender)::text = 'f'::text)",
                                                                                                                                                        "Rows Removed by Filter": 801484,
                                                                                                                                                        "Workers": []
                                                                                                                                                    }
                                                                                                                                                ]
                                                                                                                                            }
                                                                                                                                        ]
                                                                                                                                    },
                                                                                                                                    {
                                                                                                                                        "Node Type": "Hash",
                                                                                                                                        "Parent Relationship": "Inner",
                                                                                                                                        "Parallel Aware": false,
                                                                                                                                        "Async Capable": false,
                                                                                                                                        "Startup Cost": 1.15,
                                                                                                                                        "Total Cost": 1.15,
                                                                                                                                        "Plan Rows": 1,
                                                                                                                                        "Plan Width": 4,
                                                                                                                                        "Actual Startup Time": 0.016,
                                                                                                                                        "Actual Total Time": 0.017,
                                                                                                                                        "Actual Rows": 1,
                                                                                                                                        "Actual Loops": 4,
                                                                                                                                        "Hash Buckets": 1024,
                                                                                                                                        "Original Hash Buckets": 1024,
                                                                                                                                        "Hash Batches": 1,
                                                                                                                                        "Original Hash Batches": 1,
                                                                                                                                        "Peak Memory Usage": 9,
                                                                                                                                        "Workers": [],
                                                                                                                                        "Plans": [
                                                                                                                                            {
                                                                                                                                                "Node Type": "Seq Scan",
                                                                                                                                                "Parent Relationship": "Outer",
                                                                                                                                                "Parallel Aware": false,
                                                                                                                                                "Async Capable": false,
                                                                                                                                                "Relation Name": "role_type",
                                                                                                                                                "Alias": "rt",
                                                                                                                                                "Startup Cost": 0.0,
                                                                                                                                                "Total Cost": 1.15,
                                                                                                                                                "Plan Rows": 1,
                                                                                                                                                "Plan Width": 4,
                                                                                                                                                "Actual Startup Time": 0.015,
                                                                                                                                                "Actual Total Time": 0.015,
                                                                                                                                                "Actual Rows": 1,
                                                                                                                                                "Actual Loops": 4,
                                                                                                                                                "Filter": "((role)::text = 'actress'::text)",
                                                                                                                                                "Rows Removed by Filter": 11,
                                                                                                                                                "Workers": []
                                                                                                                                            }
                                                                                                                                        ]
                                                                                                                                    }
                                                                                                                                ]
                                                                                                                            }
                                                                                                                        ]
                                                                                                                    }
                                                                                                                ]
                                                                                                            }
                                                                                                        ]
                                                                                                    }
                                                                                                ]
                                                                                            },
                                                                                            {
                                                                                                "Node Type": "Hash",
                                                                                                "Parent Relationship": "Inner",
                                                                                                "Parallel Aware": true,
                                                                                                "Async Capable": false,
                                                                                                "Startup Cost": 44298.87,
                                                                                                "Total Cost": 44298.87,
                                                                                                "Plan Rows": 785087,
                                                                                                "Plan Width": 4,
                                                                                                "Actual Startup Time": 86.161,
                                                                                                "Actual Total Time": 86.161,
                                                                                                "Actual Rows": 785085,
                                                                                                "Actual Loops": 4,
                                                                                                "Hash Buckets": 524288,
                                                                                                "Original Hash Buckets": 524288,
                                                                                                "Hash Batches": 16,
                                                                                                "Original Hash Batches": 16,
                                                                                                "Peak Memory Usage": 11840,
                                                                                                "Workers": [],
                                                                                                "Plans": [
                                                                                                    {
                                                                                                        "Node Type": "Seq Scan",
                                                                                                        "Parent Relationship": "Outer",
                                                                                                        "Parallel Aware": true,
                                                                                                        "Async Capable": false,
                                                                                                        "Relation Name": "char_name",
                                                                                                        "Alias": "chn",
                                                                                                        "Startup Cost": 0.0,
                                                                                                        "Total Cost": 44298.87,
                                                                                                        "Plan Rows": 785087,
                                                                                                        "Plan Width": 4,
                                                                                                        "Actual Startup Time": 0.004,
                                                                                                        "Actual Total Time": 44.923,
                                                                                                        "Actual Rows": 785085,
                                                                                                        "Actual Loops": 4,
                                                                                                        "Workers": []
                                                                                                    }
                                                                                                ]
                                                                                            }
                                                                                        ]
                                                                                    }
                                                                                ]
                                                                            }
                                                                        ]
                                                                    },
                                                                    {
                                                                        "Node Type": "Hash",
                                                                        "Parent Relationship": "Inner",
                                                                        "Parallel Aware": true,
                                                                        "Async Capable": false,
                                                                        "Startup Cost": 4767.92,
                                                                        "Total Cost": 4767.92,
                                                                        "Plan Rows": 49967,
                                                                        "Plan Width": 4,
                                                                        "Actual Startup Time": 5.684,
                                                                        "Actual Total Time": 5.684,
                                                                        "Actual Rows": 21211,
                                                                        "Actual Loops": 4,
                                                                        "Hash Buckets": 131072,
                                                                        "Original Hash Buckets": 131072,
                                                                        "Hash Batches": 1,
                                                                        "Original Hash Batches": 1,
                                                                        "Peak Memory Usage": 4416,
                                                                        "Workers": [],
                                                                        "Plans": [
                                                                            {
                                                                                "Node Type": "Seq Scan",
                                                                                "Parent Relationship": "Outer",
                                                                                "Parallel Aware": true,
                                                                                "Async Capable": false,
                                                                                "Relation Name": "company_name",
                                                                                "Alias": "cn",
                                                                                "Startup Cost": 0.0,
                                                                                "Total Cost": 4767.92,
                                                                                "Plan Rows": 49967,
                                                                                "Plan Width": 4,
                                                                                "Actual Startup Time": 0.008,
                                                                                "Actual Total Time": 4.296,
                                                                                "Actual Rows": 21211,
                                                                                "Actual Loops": 4,
                                                                                "Filter": "((country_code)::text = '[us]'::text)",
                                                                                "Rows Removed by Filter": 37538,
                                                                                "Workers": []
                                                                            }
                                                                        ]
                                                                    }
                                                                ]
                                                            }
                                                        ]
                                                    }
                                                ]
                                            }
                                        ]
                                    }
                                ]
                            }
                        ]
                    },
                    "Planning Time": 5.925,
                    "Triggers": [],
                    "Execution Time": 1301.045
                }
            ],
            "hints": [
                "SET enable_hashjoin TO on",
                "SET enable_indexonlyscan TO on",
                "SET enable_indexscan TO off",
                "SET enable_mergejoin TO off",
                "SET enable_nestloop TO on",
                "SET enable_seqscan TO on"
            ]
        },
        {
            "arm": 3,
            "execution_time": 1284.661,
            "plan": [
                {
                    "Plan": {
                        "Node Type": "Aggregate",
                        "Strategy": "Plain",
                        "Partial Mode": "Finalize",
                        "Parallel Aware": false,
                        "Async Capable": false,
                        "Startup Cost": 772699.89,
                        "Total Cost": 772699.9,
                        "Plan Rows": 1,
                        "Plan Width": 64,
                        "Actual Startup Time": 1257.213,
                        "Actual Total Time": 1284.605,
                        "Actual Rows": 1,
                        "Actual Loops": 1,
                        "Plans": [
                            {
                                "Node Type": "Gather",
                                "Parent Relationship": "Outer",
                                "Parallel Aware": false,
                                "Async Capable": false,
                                "Startup Cost": 772699.57,
                                "Total Cost": 772699.88,
                                "Plan Rows": 3,
                                "Plan Width": 64,
                                "Actual Startup Time": 1254.199,
                                "Actual Total Time": 1284.6,
                                "Actual Rows": 4,
                                "Actual Loops": 1,
                                "Workers Planned": 3,
                                "Workers Launched": 3,
                                "Single Copy": false,
                                "Plans": [
                                    {
                                        "Node Type": "Aggregate",
                                        "Strategy": "Plain",
                                        "Partial Mode": "Partial",
                                        "Parent Relationship": "Outer",
                                        "Parallel Aware": false,
                                        "Async Capable": false,
                                        "Startup Cost": 771699.57,
                                        "Total Cost": 771699.58,
                                        "Plan Rows": 1,
                                        "Plan Width": 64,
                                        "Actual Startup Time": 1252.99,
                                        "Actual Total Time": 1253.375,
                                        "Actual Rows": 1,
                                        "Actual Loops": 4,
                                        "Workers": [],
                                        "Plans": [
                                            {
                                                "Node Type": "Hash Join",
                                                "Parent Relationship": "Outer",
                                                "Parallel Aware": true,
                                                "Async Capable": false,
                                                "Join Type": "Inner",
                                                "Startup Cost": 756275.75,
                                                "Total Cost": 771690.17,
                                                "Plan Rows": 1880,
                                                "Plan Width": 32,
                                                "Actual Startup Time": 1205.3,
                                                "Actual Total Time": 1239.242,
                                                "Actual Rows": 440161,
                                                "Actual Loops": 4,
                                                "Inner Unique": false,
                                                "Hash Cond": "(an.person_id = n.id)",
                                                "Workers": [],
                                                "Plans": [
                                                    {
                                                        "Node Type": "Seq Scan",
                                                        "Parent Relationship": "Outer",
                                                        "Parallel Aware": true,
                                                        "Async Capable": false,
                                                        "Relation Name": "aka_name",
                                                        "Alias": "an",
                                                        "Startup Cost": 0.0,
                                                        "Total Cost": 14323.56,
                                                        "Plan Rows": 290756,
                                                        "Plan Width": 4,
                                                        "Actual Startup Time": 0.004,
                                                        "Actual Total Time": 10.631,
                                                        "Actual Rows": 225336,
                                                        "Actual Loops": 4,
                                                        "Workers": []
                                                    },
                                                    {
                                                        "Node Type": "Hash",
                                                        "Parent Relationship": "Inner",
                                                        "Parallel Aware": true,
                                                        "Async Capable": false,
                                                        "Startup Cost": 756266.2,
                                                        "Total Cost": 756266.2,
                                                        "Plan Rows": 764,
                                                        "Plan Width": 40,
                                                        "Actual Startup Time": 1180.017,
                                                        "Actual Total Time": 1180.401,
                                                        "Actual Rows": 196761,
                                                        "Actual Loops": 4,
                                                        "Hash Buckets": 262144,
                                                        "Original Hash Buckets": 4096,
                                                        "Hash Batches": 8,
                                                        "Original Hash Batches": 1,
                                                        "Peak Memory Usage": 11520,
                                                        "Workers": [],
                                                        "Plans": [
                                                            {
                                                                "Node Type": "Hash Join",
                                                                "Parent Relationship": "Outer",
                                                                "Parallel Aware": true,
                                                                "Async Capable": false,
                                                                "Join Type": "Inner",
                                                                "Startup Cost": 725862.87,
                                                                "Total Cost": 756266.2,
                                                                "Plan Rows": 764,
                                                                "Plan Width": 40,
                                                                "Actual Startup Time": 1021.096,
                                                                "Actual Total Time": 1151.212,
                                                                "Actual Rows": 196761,
                                                                "Actual Loops": 4,
                                                                "Inner Unique": true,
                                                                "Hash Cond": "(mc.company_id = cn.id)",
                                                                "Workers": [],
                                                                "Plans": [
                                                                    {
                                                                        "Node Type": "Hash Join",
                                                                        "Parent Relationship": "Outer",
                                                                        "Parallel Aware": true,
                                                                        "Async Capable": false,
                                                                        "Join Type": "Inner",
                                                                        "Startup Cost": 720470.36,
                                                                        "Total Cost": 750868.15,
                                                                        "Plan Rows": 2112,
                                                                        "Plan Width": 44,
                                                                        "Actual Startup Time": 1015.293,
                                                                        "Actual Total Time": 1114.653,
                                                                        "Actual Rows": 807264,
                                                                        "Actual Loops": 4,
                                                                        "Inner Unique": false,
                                                                        "Hash Cond": "(mc.movie_id = t.id)",
                                                                        "Workers": [],
                                                                        "Plans": [
                                                                            {
                                                                                "Node Type": "Seq Scan",
                                                                                "Parent Relationship": "Outer",
                                                                                "Parallel Aware": true,
                                                                                "Async Capable": false,
                                                                                "Relation Name": "movie_companies",
                                                                                "Alias": "mc",
                                                                                "Startup Cost": 0.0,
                                                                                "Total Cost": 27240.55,
                                                                                "Plan Rows": 841655,
                                                                                "Plan Width": 8,
                                                                                "Actual Startup Time": 0.007,
                                                                                "Actual Total Time": 24.636,
                                                                                "Actual Rows": 652282,
                                                                                "Actual Loops": 4,
                                                                                "Workers": []
                                                                            },
                                                                            {
                                                                                "Node Type": "Hash",
                                                                                "Parent Relationship": "Inner",
                                                                                "Parallel Aware": true,
                                                                                "Async Capable": false,
                                                                                "Startup Cost": 720466.51,
                                                                                "Total Cost": 720466.51,
                                                                                "Plan Rows": 308,
                                                                                "Plan Width": 52,
                                                                                "Actual Startup Time": 1015.19,
                                                                                "Actual Total Time": 1015.572,
                                                                                "Actual Rows": 85459,
                                                                                "Actual Loops": 4,
                                                                                "Hash Buckets": 524288,
                                                                                "Original Hash Buckets": 2048,
                                                                                "Hash Batches": 1,
                                                                                "Original Hash Batches": 1,
                                                                                "Peak Memory Usage": 39888,
                                                                                "Workers": [],
                                                                                "Plans": [
                                                                                    {
                                                                                        "Node Type": "Hash Join",
                                                                                        "Parent Relationship": "Outer",
                                                                                        "Parallel Aware": true,
                                                                                        "Async Capable": false,
                                                                                        "Join Type": "Inner",
                                                                                        "Startup Cost": 672178.81,
                                                                                        "Total Cost": 720466.51,
                                                                                        "Plan Rows": 308,
                                                                                        "Plan Width": 52,
                                                                                        "Actual Startup Time": 972.956,
                                                                                        "Actual Total Time": 998.074,
                                                                                        "Actual Rows": 85459,
                                                                                        "Actual Loops": 4,
                                                                                        "Inner Unique": true,
                                                                                        "Hash Cond": "(ci.person_role_id = chn.id)",
                                                                                        "Workers": [],
                                                                                        "Plans": [
                                                                                            {
                                                                                                "Node Type": "Hash Join",
                                                                                                "Parent Relationship": "Outer",
                                                                                                "Parallel Aware": true,
                                                                                                "Async Capable": false,
                                                                                                "Join Type": "Inner",
                                                                                                "Startup Cost": 614999.35,
                                                                                                "Total Cost": 660211.25,
                                                                                                "Plan Rows": 308,
                                                                                                "Plan Width": 56,
                                                                                                "Actual Startup Time": 809.216,
                                                                                                "Actual Total Time": 873.862,
                                                                                                "Actual Rows": 92886,
                                                                                                "Actual Loops": 4,
                                                                                                "Inner Unique": false,
                                                                                                "Hash Cond": "(t.id = mi.movie_id)",
                                                                                                "Workers": [],
                                                                                                "Plans": [
                                                                                                    {
                                                                                                        "Node Type": "Seq Scan",
                                                                                                        "Parent Relationship": "Outer",
                                                                                                        "Parallel Aware": true,
                                                                                                        "Async Capable": false,
                                                                                                        "Relation Name": "title",
                                                                                                        "Alias": "t",
                                                                                                        "Startup Cost": 0.0,
                                                                                                        "Total Cost": 43909.73,
                                                                                                        "Plan Rows": 347079,
                                                                                                        "Plan Width": 21,
                                                                                                        "Actual Startup Time": 0.009,
                                                                                                        "Actual Total Time": 32.89,
                                                                                                        "Actual Rows": 345363,
                                                                                                        "Actual Loops": 4,
                                                                                                        "Filter": "(production_year > 2000)",
                                                                                                        "Rows Removed by Filter": 286715,
                                                                                                        "Workers": []
                                                                                                    },
                                                                                                    {
                                                                                                        "Node Type": "Hash",
                                                                                                        "Parent Relationship": "Inner",
                                                                                                        "Parallel Aware": true,
                                                                                                        "Async Capable": false,
                                                                                                        "Startup Cost": 614993.74,
                                                                                                        "Total Cost": 614993.74,
                                                                                                        "Plan Rows": 449,
                                                                                                        "Plan Width": 35,
                                                                                                        "Actual Startup Time": 809.169,
                                                                                                        "Actual Total Time": 809.547,
                                                                                                        "Actual Rows": 136682,
                                                                                                        "Actual Loops": 4,
                                                                                                        "Hash Buckets": 1048576,
                                                                                                        "Original Hash Buckets": 4096,
                                                                                                        "Hash Batches": 1,
                                                                                                        "Original Hash Batches": 1,
                                                                                                        "Peak Memory Usage": 54400,
                                                                                                        "Workers": [],
                                                                                                        "Plans": [
                                                                                                            {
                                                                                                                "Node Type": "Hash Join",
                                                                                                                "Parent Relationship": "Outer",
                                                                                                                "Parallel Aware": true,
                                                                                                                "Async Capable": false,
                                                                                                                "Join Type": "Inner",
                                                                                                                "Startup Cost": 415549.17,
                                                                                                                "Total Cost": 614993.74,
                                                                                                                "Plan Rows": 449,
                                                                                                                "Plan Width": 35,
                                                                                                                "Actual Startup Time": 559.133,
                                                                                                                "Actual Total Time": 789.987,
                                                                                                                "Actual Rows": 136682,
                                                                                                                "Actual Loops": 4,
                                                                                                                "Inner Unique": false,
                                                                                                                "Hash Cond": "(mi.movie_id = ci.movie_id)",
                                                                                                                "Workers": [],
                                                                                                                "Plans": [
                                                                                                                    {
                                                                                                                        "Node Type": "Hash Join",
                                                                                                                        "Parent Relationship": "Outer",
                                                                                                                        "Parallel Aware": false,
                                                                                                                        "Async Capable": false,
                                                                                                                        "Join Type": "Inner",
                                                                                                                        "Startup Cost": 2.43,
                                                                                                                        "Total Cost": 199347.92,
                                                                                                                        "Plan Rows": 26220,
                                                                                                                        "Plan Width": 4,
                                                                                                                        "Actual Startup Time": 100.359,
                                                                                                                        "Actual Total Time": 280.213,
                                                                                                                        "Actual Rows": 759180,
                                                                                                                        "Actual Loops": 4,
                                                                                                                        "Inner Unique": true,
                                                                                                                        "Hash Cond": "(mi.info_type_id = it.id)",
                                                                                                                        "Workers": [],
                                                                                                                        "Plans": [
                                                                                                                            {
                                                                                                                                "Node Type": "Seq Scan",
                                                                                                                                "Parent Relationship": "Outer",
                                                                                                                                "Parallel Aware": true,
                                                                                                                                "Async Capable": false,
                                                                                                                                "Relation Name": "movie_info",
                                                                                                                                "Alias": "mi",
                                                                                                                                "Startup Cost": 0.0,
                                                                                                                                "Total Cost": 191276.35,
                                                                                                                                "Plan Rows": 2962835,
                                                                                                                                "Plan Width": 8,
                                                                                                                                "Actual Startup Time": 0.013,
                                                                                                                                "Actual Total Time": 146.356,
                                                                                                                                "Actual Rows": 3708930,
                                                                                                                                "Actual Loops": 4,
                                                                                                                                "Workers": []
                                                                                                                            },
                                                                                                                            {
                                                                                                                                "Node Type": "Hash",
                                                                                                                                "Parent Relationship": "Inner",
                                                                                                                                "Parallel Aware": false,
                                                                                                                                "Async Capable": false,
                                                                                                                                "Startup Cost": 2.41,
                                                                                                                                "Total Cost": 2.41,
                                                                                                                                "Plan Rows": 1,
                                                                                                                                "Plan Width": 4,
                                                                                                                                "Actual Startup Time": 0.017,
                                                                                                                                "Actual Total Time": 0.018,
                                                                                                                                "Actual Rows": 1,
                                                                                                                                "Actual Loops": 4,
                                                                                                                                "Hash Buckets": 1024,
                                                                                                                                "Original Hash Buckets": 1024,
                                                                                                                                "Hash Batches": 1,
                                                                                                                                "Original Hash Batches": 1,
                                                                                                                                "Peak Memory Usage": 9,
                                                                                                                                "Workers": [],
                                                                                                                                "Plans": [
                                                                                                                                    {
                                                                                                                                        "Node Type": "Seq Scan",
                                                                                                                                        "Parent Relationship": "Outer",
                                                                                                                                        "Parallel Aware": false,
                                                                                                                                        "Async Capable": false,
                                                                                                                                        "Relation Name": "info_type",
                                                                                                                                        "Alias": "it",
                                                                                                                                        "Startup Cost": 0.0,
                                                                                                                                        "Total Cost": 2.41,
                                                                                                                                        "Plan Rows": 1,
                                                                                                                                        "Plan Width": 4,
                                                                                                                                        "Actual Startup Time": 0.013,
                                                                                                                                        "Actual Total Time": 0.015,
                                                                                                                                        "Actual Rows": 1,
                                                                                                                                        "Actual Loops": 4,
                                                                                                                                        "Filter": "((info)::text = 'release dates'::text)",
                                                                                                                                        "Rows Removed by Filter": 112,
                                                                                                                                        "Workers": []
                                                                                                                                    }
                                                                                                                                ]
                                                                                                                            }
                                                                                                                        ]
                                                                                                                    },
                                                                                                                    {
                                                                                                                        "Node Type": "Hash",
                                                                                                                        "Parent Relationship": "Inner",
                                                                                                                        "Parallel Aware": true,
                                                                                                                        "Async Capable": false,
                                                                                                                        "Startup Cost": 415512.87,
                                                                                                                        "Total Cost": 415512.87,
                                                                                                                        "Plan Rows": 2710,
                                                                                                                        "Plan Width": 31,
                                                                                                                        "Actual Startup Time": 458.667,
                                                                                                                        "Actual Total Time": 459.042,
                                                                                                                        "Actual Rows": 69001,
                                                                                                                        "Actual Loops": 4,
                                                                                                                        "Hash Buckets": 524288,
                                                                                                                        "Original Hash Buckets": 16384,
                                                                                                                        "Hash Batches": 1,
                                                                                                                        "Original Hash Batches": 1,
                                                                                                                        "Peak Memory Usage": 25952,
                                                                                                                        "Workers": [],
                                                                                                                        "Plans": [
                                                                                                                            {
                                                                                                                                "Node Type": "Hash Join",
                                                                                                                                "Parent Relationship": "Outer",
                                                                                                                                "Parallel Aware": false,
                                                                                                                                "Async Capable": false,
                                                                                                                                "Join Type": "Inner",
                                                                                                                                "Startup Cost": 71698.1,
                                                                                                                                "Total Cost": 415512.87,
                                                                                                                                "Plan Rows": 2710,
                                                                                                                                "Plan Width": 31,
                                                                                                                                "Actual Startup Time": 84.665,
                                                                                                                                "Actual Total Time": 445.16,
                                                                                                                                "Actual Rows": 69001,
                                                                                                                                "Actual Loops": 4,
                                                                                                                                "Inner Unique": true,
                                                                                                                                "Hash Cond": "(ci.role_id = rt.id)",
                                                                                                                                "Workers": [],
                                                                                                                                "Plans": [
                                                                                                                                    {
                                                                                                                                        "Node Type": "Hash Join",
                                                                                                                                        "Parent Relationship": "Outer",
                                                                                                                                        "Parallel Aware": true,
                                                                                                                                        "Async Capable": false,
                                                                                                                                        "Join Type": "Inner",
                                                                                                                                        "Startup Cost": 71696.93,
                                                                                                                                        "Total Cost": 415396.2,
                                                                                                                                        "Plan Rows": 32518,
                                                                                                                                        "Plan Width": 35,
                                                                                                                                        "Actual Startup Time": 84.642,
                                                                                                                                        "Actual Total Time": 440.717,
                                                                                                                                        "Actual Rows": 69022,
                                                                                                                                        "Actual Loops": 4,
                                                                                                                                        "Inner Unique": true,
                                                                                                                                        "Hash Cond": "(ci.person_id = n.id)",
                                                                                                                                        "Workers": [],
                                                                                                                                        "Plans": [
                                                                                                                                            {
                                                                                                                                                "Node Type": "Seq Scan",
                                                                                                                                                "Parent Relationship": "Outer",
                                                                                                                                                "Parallel Aware": true,
                                                                                                                                                "Async Capable": false,
                                                                                                                                                "Relation Name": "cast_info",
                                                                                                                                                "Alias": "ci",
                                                                                                                                                "Startup Cost": 0.0,
                                                                                                                                                "Total Cost": 343330.86,
                                                                                                                                                "Plan Rows": 140346,
                                                                                                                                                "Plan Width": 16,
                                                                                                                                                "Actual Startup Time": 0.036,
                                                                                                                                                "Actual Total Time": 339.157,
                                                                                                                                                "Actual Rows": 216869,
                                                                                                                                                "Actual Loops": 4,
                                                                                                                                                "Filter": "(note = ANY ('{(voice),\"(voice: Japanese version)\",\"(voice) (uncredited)\",\"(voice: English version)\"}'::text[]))",
                                                                                                                                                "Rows Removed by Filter": 8844217,
                                                                                                                                                "Workers": []
                                                                                                                                            },
                                                                                                                                            {
                                                                                                                                                "Node Type": "Hash",
                                                                                                                                                "Parent Relationship": "Inner",
                                                                                                                                                "Parallel Aware": true,
                                                                                                                                                "Async Capable": false,
                                                                                                                                                "Startup Cost": 68679.41,
                                                                                                                                                "Total Cost": 68679.41,
                                                                                                                                                "Plan Rows": 241402,
                                                                                                                                                "Plan Width": 19,
                                                                                                                                                "Actual Startup Time": 84.061,
                                                                                                                                                "Actual Total Time": 84.061,
                                                                                                                                                "Actual Rows": 240389,
                                                                                                                                                "Actual Loops": 4,
                                                                                                                                                "Hash Buckets": 1048576,
                                                                                                                                                "Original Hash Buckets": 1048576,
                                                                                                                                                "Hash Batches": 1,
                                                                                                                                                "Original Hash Batches": 1,
                                                                                                                                                "Peak Memory Usage": 60576,
                                                                                                                                                "Workers": [],
                                                                                                                                                "Plans": [
                                                                                                                                                    {
                                                                                                                                                        "Node Type": "Seq Scan",
                                                                                                                                                        "Parent Relationship": "Outer",
                                                                                                                                                        "Parallel Aware": true,
                                                                                                                                                        "Async Capable": false,
                                                                                                                                                        "Relation Name": "name",
                                                                                                                                                        "Alias": "n",
                                                                                                                                                        "Startup Cost": 0.0,
                                                                                                                                                        "Total Cost": 68679.41,
                                                                                                                                                        "Plan Rows": 241402,
                                                                                                                                                        "Plan Width": 19,
                                                                                                                                                        "Actual Startup Time": 17.216,
                                                                                                                                                        "Actual Total Time": 53.434,
                                                                                                                                                        "Actual Rows": 240389,
                                                                                                                                                        "Actual Loops": 4,
                                                                                                                                                        "Filter": "((gender)::text = 'f'::text)",
                                                                                                                                                        "Rows Removed by Filter": 801484,
                                                                                                                                                        "Workers": []
                                                                                                                                                    }
                                                                                                                                                ]
                                                                                                                                            }
                                                                                                                                        ]
                                                                                                                                    },
                                                                                                                                    {
                                                                                                                                        "Node Type": "Hash",
                                                                                                                                        "Parent Relationship": "Inner",
                                                                                                                                        "Parallel Aware": false,
                                                                                                                                        "Async Capable": false,
                                                                                                                                        "Startup Cost": 1.15,
                                                                                                                                        "Total Cost": 1.15,
                                                                                                                                        "Plan Rows": 1,
                                                                                                                                        "Plan Width": 4,
                                                                                                                                        "Actual Startup Time": 0.019,
                                                                                                                                        "Actual Total Time": 0.019,
                                                                                                                                        "Actual Rows": 1,
                                                                                                                                        "Actual Loops": 4,
                                                                                                                                        "Hash Buckets": 1024,
                                                                                                                                        "Original Hash Buckets": 1024,
                                                                                                                                        "Hash Batches": 1,
                                                                                                                                        "Original Hash Batches": 1,
                                                                                                                                        "Peak Memory Usage": 9,
                                                                                                                                        "Workers": [],
                                                                                                                                        "Plans": [
                                                                                                                                            {
                                                                                                                                                "Node Type": "Seq Scan",
                                                                                                                                                "Parent Relationship": "Outer",
                                                                                                                                                "Parallel Aware": false,
                                                                                                                                                "Async Capable": false,
                                                                                                                                                "Relation Name": "role_type",
                                                                                                                                                "Alias": "rt",
                                                                                                                                                "Startup Cost": 0.0,
                                                                                                                                                "Total Cost": 1.15,
                                                                                                                                                "Plan Rows": 1,
                                                                                                                                                "Plan Width": 4,
                                                                                                                                                "Actual Startup Time": 0.017,
                                                                                                                                                "Actual Total Time": 0.018,
                                                                                                                                                "Actual Rows": 1,
                                                                                                                                                "Actual Loops": 4,
                                                                                                                                                "Filter": "((role)::text = 'actress'::text)",
                                                                                                                                                "Rows Removed by Filter": 11,
                                                                                                                                                "Workers": []
                                                                                                                                            }
                                                                                                                                        ]
                                                                                                                                    }
                                                                                                                                ]
                                                                                                                            }
                                                                                                                        ]
                                                                                                                    }
                                                                                                                ]
                                                                                                            }
                                                                                                        ]
                                                                                                    }
                                                                                                ]
                                                                                            },
                                                                                            {
                                                                                                "Node Type": "Hash",
                                                                                                "Parent Relationship": "Inner",
                                                                                                "Parallel Aware": true,
                                                                                                "Async Capable": false,
                                                                                                "Startup Cost": 44298.87,
                                                                                                "Total Cost": 44298.87,
                                                                                                "Plan Rows": 785087,
                                                                                                "Plan Width": 4,
                                                                                                "Actual Startup Time": 83.811,
                                                                                                "Actual Total Time": 83.811,
                                                                                                "Actual Rows": 785085,
                                                                                                "Actual Loops": 4,
                                                                                                "Hash Buckets": 524288,
                                                                                                "Original Hash Buckets": 524288,
                                                                                                "Hash Batches": 16,
                                                                                                "Original Hash Batches": 16,
                                                                                                "Peak Memory Usage": 11808,
                                                                                                "Workers": [],
                                                                                                "Plans": [
                                                                                                    {
                                                                                                        "Node Type": "Seq Scan",
                                                                                                        "Parent Relationship": "Outer",
                                                                                                        "Parallel Aware": true,
                                                                                                        "Async Capable": false,
                                                                                                        "Relation Name": "char_name",
                                                                                                        "Alias": "chn",
                                                                                                        "Startup Cost": 0.0,
                                                                                                        "Total Cost": 44298.87,
                                                                                                        "Plan Rows": 785087,
                                                                                                        "Plan Width": 4,
                                                                                                        "Actual Startup Time": 0.007,
                                                                                                        "Actual Total Time": 44.549,
                                                                                                        "Actual Rows": 785085,
                                                                                                        "Actual Loops": 4,
                                                                                                        "Workers": []
                                                                                                    }
                                                                                                ]
                                                                                            }
                                                                                        ]
                                                                                    }
                                                                                ]
                                                                            }
                                                                        ]
                                                                    },
                                                                    {
                                                                        "Node Type": "Hash",
                                                                        "Parent Relationship": "Inner",
                                                                        "Parallel Aware": true,
                                                                        "Async Capable": false,
                                                                        "Startup Cost": 4767.92,
                                                                        "Total Cost": 4767.92,
                                                                        "Plan Rows": 49967,
                                                                        "Plan Width": 4,
                                                                        "Actual Startup Time": 5.708,
                                                                        "Actual Total Time": 5.709,
                                                                        "Actual Rows": 21211,
                                                                        "Actual Loops": 4,
                                                                        "Hash Buckets": 131072,
                                                                        "Original Hash Buckets": 131072,
                                                                        "Hash Batches": 1,
                                                                        "Original Hash Batches": 1,
                                                                        "Peak Memory Usage": 4448,
                                                                        "Workers": [],
                                                                        "Plans": [
                                                                            {
                                                                                "Node Type": "Seq Scan",
                                                                                "Parent Relationship": "Outer",
                                                                                "Parallel Aware": true,
                                                                                "Async Capable": false,
                                                                                "Relation Name": "company_name",
                                                                                "Alias": "cn",
                                                                                "Startup Cost": 0.0,
                                                                                "Total Cost": 4767.92,
                                                                                "Plan Rows": 49967,
                                                                                "Plan Width": 4,
                                                                                "Actual Startup Time": 0.008,
                                                                                "Actual Total Time": 4.283,
                                                                                "Actual Rows": 21211,
                                                                                "Actual Loops": 4,
                                                                                "Filter": "((country_code)::text = '[us]'::text)",
                                                                                "Rows Removed by Filter": 37538,
                                                                                "Workers": []
                                                                            }
                                                                        ]
                                                                    }
                                                                ]
                                                            }
                                                        ]
                                                    }
                                                ]
                                            }
                                        ]
                                    }
                                ]
                            }
                        ]
                    },
                    "Planning Time": 6.085,
                    "Triggers": [],
                    "Execution Time": 1284.661
                }
            ],
            "hints": [
                "SET enable_hashjoin TO on",
                "SET enable_indexonlyscan TO on",
                "SET enable_indexscan TO off",
                "SET enable_mergejoin TO off",
                "SET enable_nestloop TO off",
                "SET enable_seqscan TO on"
            ]
        },
        {
            "arm": 4,
            "execution_time": 1578.635,
            "plan": [
                {
                    "Plan": {
                        "Node Type": "Aggregate",
                        "Strategy": "Plain",
                        "Partial Mode": "Finalize",
                        "Parallel Aware": false,
                        "Async Capable": false,
                        "Startup Cost": 227671.38,
                        "Total Cost": 227671.39,
                        "Plan Rows": 1,
                        "Plan Width": 64,
                        "Actual Startup Time": 1551.022,
                        "Actual Total Time": 1578.566,
                        "Actual Rows": 1,
                        "Actual Loops": 1,
                        "Plans": [
                            {
                                "Node Type": "Gather",
                                "Parent Relationship": "Outer",
                                "Parallel Aware": false,
                                "Async Capable": false,
                                "Startup Cost": 227670.95,
                                "Total Cost": 227671.36,
                                "Plan Rows": 4,
                                "Plan Width": 64,
                                "Actual Startup Time": 1519.877,
                                "Actual Total Time": 1578.553,
                                "Actual Rows": 5,
                                "Actual Loops": 1,
                                "Workers Planned": 4,
                                "Workers Launched": 4,
                                "Single Copy": false,
                                "Plans": [
                                    {
                                        "Node Type": "Aggregate",
                                        "Strategy": "Plain",
                                        "Partial Mode": "Partial",
                                        "Parent Relationship": "Outer",
                                        "Parallel Aware": false,
                                        "Async Capable": false,
                                        "Startup Cost": 226670.95,
                                        "Total Cost": 226670.96,
                                        "Plan Rows": 1,
                                        "Plan Width": 64,
                                        "Actual Startup Time": 1526.565,
                                        "Actual Total Time": 1526.571,
                                        "Actual Rows": 1,
                                        "Actual Loops": 5,
                                        "Workers": [],
                                        "Plans": [
                                            {
                                                "Node Type": "Nested Loop",
                                                "Parent Relationship": "Outer",
                                                "Parallel Aware": false,
                                                "Async Capable": false,
                                                "Join Type": "Inner",
                                                "Startup Cost": 109131.42,
                                                "Total Cost": 226663.67,
                                                "Plan Rows": 1457,
                                                "Plan Width": 32,
                                                "Actual Startup Time": 539.045,
                                                "Actual Total Time": 1512.924,
                                                "Actual Rows": 352129,
                                                "Actual Loops": 5,
                                                "Inner Unique": false,
                                                "Workers": [],
                                                "Plans": [
                                                    {
                                                        "Node Type": "Nested Loop",
                                                        "Parent Relationship": "Outer",
                                                        "Parallel Aware": false,
                                                        "Async Capable": false,
                                                        "Join Type": "Inner",
                                                        "Startup Cost": 109130.99,
                                                        "Total Cost": 225687.4,
                                                        "Plan Rows": 592,
                                                        "Plan Width": 40,
                                                        "Actual Startup Time": 539.029,
                                                        "Actual Total Time": 1390.673,
                                                        "Actual Rows": 157409,
                                                        "Actual Loops": 5,
                                                        "Inner Unique": true,
                                                        "Workers": [],
                                                        "Plans": [
                                                            {
                                                                "Node Type": "Nested Loop",
                                                                "Parent Relationship": "Outer",
                                                                "Parallel Aware": false,
                                                                "Async Capable": false,
                                                                "Join Type": "Inner",
                                                                "Startup Cost": 109130.57,
                                                                "Total Cost": 223771.92,
                                                                "Plan Rows": 1637,
                                                                "Plan Width": 44,
                                                                "Actual Startup Time": 538.942,
                                                                "Actual Total Time": 950.723,
                                                                "Actual Rows": 645811,
                                                                "Actual Loops": 5,
                                                                "Inner Unique": false,
                                                                "Join Filter": "(mc.movie_id = t.id)",
                                                                "Rows Removed by Join Filter": 0,
                                                                "Workers": [],
                                                                "Plans": [
                                                                    {
                                                                        "Node Type": "Nested Loop",
                                                                        "Parent Relationship": "Outer",
                                                                        "Parallel Aware": false,
                                                                        "Async Capable": false,
                                                                        "Join Type": "Inner",
                                                                        "Startup Cost": 109130.14,
                                                                        "Total Cost": 222954.08,
                                                                        "Plan Rows": 308,
                                                                        "Plan Width": 52,
                                                                        "Actual Startup Time": 538.856,
                                                                        "Actual Total Time": 838.91,
                                                                        "Actual Rows": 68367,
                                                                        "Actual Loops": 5,
                                                                        "Inner Unique": true,
                                                                        "Workers": [],
                                                                        "Plans": [
                                                                            {
                                                                                "Node Type": "Hash Join",
                                                                                "Parent Relationship": "Outer",
                                                                                "Parallel Aware": false,
                                                                                "Async Capable": false,
                                                                                "Join Type": "Inner",
                                                                                "Startup Cost": 109129.71,
                                                                                "Total Cost": 222502.8,
                                                                                "Plan Rows": 308,
                                                                                "Plan Width": 56,
                                                                                "Actual Startup Time": 538.829,
                                                                                "Actual Total Time": 770.883,
                                                                                "Actual Rows": 74309,
                                                                                "Actual Loops": 5,
                                                                                "Inner Unique": true,
                                                                                "Hash Cond": "(mi.info_type_id = it.id)",
                                                                                "Workers": [],
                                                                                "Plans": [
                                                                                    {
                                                                                        "Node Type": "Nested Loop",
                                                                                        "Parent Relationship": "Outer",
                                                                                        "Parallel Aware": false,
                                                                                        "Async Capable": false,
                                                                                        "Join Type": "Inner",
                                                                                        "Startup Cost": 109127.29,
                                                                                        "Total Cost": 222405.57,
                                                                                        "Plan Rows": 34811,
                                                                                        "Plan Width": 60,
                                                                                        "Actual Startup Time": 538.777,
                                                                                        "Actual Total Time": 756.876,
                                                                                        "Actual Rows": 354151,
                                                                                        "Actual Loops": 5,
                                                                                        "Inner Unique": false,
                                                                                        "Workers": [],
                                                                                        "Plans": [
                                                                                            {
                                                                                                "Node Type": "Nested Loop",
                                                                                                "Parent Relationship": "Outer",
                                                                                                "Parallel Aware": false,
                                                                                                "Async Capable": false,
                                                                                                "Join Type": "Inner",
                                                                                                "Startup Cost": 109126.85,
                                                                                                "Total Cost": 170595.78,
                                                                                                "Plan Rows": 2232,
                                                                                                "Plan Width": 52,
                                                                                                "Actual Startup Time": 538.758,
                                                                                                "Actual Total Time": 662.348,
                                                                                                "Actual Rows": 33653,
                                                                                                "Actual Loops": 5,
                                                                                                "Inner Unique": true,
                                                                                                "Workers": [],
                                                                                                "Plans": [
                                                                                                    {
                                                                                                        "Node Type": "Hash Join",
                                                                                                        "Parent Relationship": "Outer",
                                                                                                        "Parallel Aware": false,
                                                                                                        "Async Capable": false,
                                                                                                        "Join Type": "Inner",
                                                                                                        "Startup Cost": 109126.42,
                                                                                                        "Total Cost": 155301.71,
                                                                                                        "Plan Rows": 9632,
                                                                                                        "Plan Width": 33,
                                                                                                        "Actual Startup Time": 538.719,
                                                                                                        "Actual Total Time": 618.68,
                                                                                                        "Actual Rows": 33681,
                                                                                                        "Actual Loops": 5,
                                                                                                        "Inner Unique": false,
                                                                                                        "Hash Cond": "(t.id = ci.movie_id)",
                                                                                                        "Workers": [],
                                                                                                        "Plans": [
                                                                                                            {
                                                                                                                "Node Type": "Seq Scan",
                                                                                                                "Parent Relationship": "Outer",
                                                                                                                "Parallel Aware": true,
                                                                                                                "Async Capable": false,
                                                                                                                "Relation Name": "title",
                                                                                                                "Alias": "t",
                                                                                                                "Startup Cost": 0.0,
                                                                                                                "Total Cost": 43909.73,
                                                                                                                "Plan Rows": 347079,
                                                                                                                "Plan Width": 21,
                                                                                                                "Actual Startup Time": 0.006,
                                                                                                                "Actual Total Time": 27.105,
                                                                                                                "Actual Rows": 276291,
                                                                                                                "Actual Loops": 5,
                                                                                                                "Filter": "(production_year > 2000)",
                                                                                                                "Rows Removed by Filter": 229372,
                                                                                                                "Workers": []
                                                                                                            },
                                                                                                            {
                                                                                                                "Node Type": "Hash",
                                                                                                                "Parent Relationship": "Inner",
                                                                                                                "Parallel Aware": false,
                                                                                                                "Async Capable": false,
                                                                                                                "Startup Cost": 108249.26,
                                                                                                                "Total Cost": 108249.26,
                                                                                                                "Plan Rows": 70173,
                                                                                                                "Plan Width": 12,
                                                                                                                "Actual Startup Time": 538.525,
                                                                                                                "Actual Total Time": 538.526,
                                                                                                                "Actual Rows": 276166,
                                                                                                                "Actual Loops": 5,
                                                                                                                "Hash Buckets": 524288,
                                                                                                                "Original Hash Buckets": 131072,
                                                                                                                "Hash Batches": 1,
                                                                                                                "Original Hash Batches": 1,
                                                                                                                "Peak Memory Usage": 15883,
                                                                                                                "Workers": [],
                                                                                                                "Plans": [
                                                                                                                    {
                                                                                                                        "Node Type": "Nested Loop",
                                                                                                                        "Parent Relationship": "Outer",
                                                                                                                        "Parallel Aware": false,
                                                                                                                        "Async Capable": false,
                                                                                                                        "Join Type": "Inner",
                                                                                                                        "Startup Cost": 0.44,
                                                                                                                        "Total Cost": 108249.26,
                                                                                                                        "Plan Rows": 70173,
                                                                                                                        "Plan Width": 12,
                                                                                                                        "Actual Startup Time": 0.103,
                                                                                                                        "Actual Total Time": 507.579,
                                                                                                                        "Actual Rows": 276166,
                                                                                                                        "Actual Loops": 5,
                                                                                                                        "Inner Unique": false,
                                                                                                                        "Workers": [],
                                                                                                                        "Plans": [
                                                                                                                            {
                                                                                                                                "Node Type": "Seq Scan",
                                                                                                                                "Parent Relationship": "Outer",
                                                                                                                                "Parallel Aware": false,
                                                                                                                                "Async Capable": false,
                                                                                                                                "Relation Name": "role_type",
                                                                                                                                "Alias": "rt",
                                                                                                                                "Startup Cost": 0.0,
                                                                                                                                "Total Cost": 1.15,
                                                                                                                                "Plan Rows": 1,
                                                                                                                                "Plan Width": 4,
                                                                                                                                "Actual Startup Time": 0.009,
                                                                                                                                "Actual Total Time": 0.011,
                                                                                                                                "Actual Rows": 1,
                                                                                                                                "Actual Loops": 5,
                                                                                                                                "Filter": "((role)::text = 'actress'::text)",
                                                                                                                                "Rows Removed by Filter": 11,
                                                                                                                                "Workers": []
                                                                                                                            },
                                                                                                                            {
                                                                                                                                "Node Type": "Index Scan",
                                                                                                                                "Parent Relationship": "Inner",
                                                                                                                                "Parallel Aware": false,
                                                                                                                                "Async Capable": false,
                                                                                                                                "Scan Direction": "Forward",
                                                                                                                                "Index Name": "role_id_cast_info",
                                                                                                                                "Relation Name": "cast_info",
                                                                                                                                "Alias": "ci",
                                                                                                                                "Startup Cost": 0.44,
                                                                                                                                "Total Cost": 107482.59,
                                                                                                                                "Plan Rows": 76552,
                                                                                                                                "Plan Width": 16,
                                                                                                                                "Actual Startup Time": 0.093,
                                                                                                                                "Actual Total Time": 495.856,
                                                                                                                                "Actual Rows": 276166,
                                                                                                                                "Actual Loops": 5,
                                                                                                                                "Index Cond": "(role_id = rt.id)",
                                                                                                                                "Rows Removed by Index Recheck": 0,
                                                                                                                                "Filter": "(note = ANY ('{(voice),\"(voice: Japanese version)\",\"(voice) (uncredited)\",\"(voice: English version)\"}'::text[]))",
                                                                                                                                "Rows Removed by Filter": 7175807,
                                                                                                                                "Workers": []
                                                                                                                            }
                                                                                                                        ]
                                                                                                                    }
                                                                                                                ]
                                                                                                            }
                                                                                                        ]
                                                                                                    },
                                                                                                    {
                                                                                                        "Node Type": "Index Scan",
                                                                                                        "Parent Relationship": "Inner",
                                                                                                        "Parallel Aware": false,
                                                                                                        "Async Capable": false,
                                                                                                        "Scan Direction": "Forward",
                                                                                                        "Index Name": "name_pkey",
                                                                                                        "Relation Name": "name",
                                                                                                        "Alias": "n",
                                                                                                        "Startup Cost": 0.43,
                                                                                                        "Total Cost": 1.59,
                                                                                                        "Plan Rows": 1,
                                                                                                        "Plan Width": 19,
                                                                                                        "Actual Startup Time": 0.001,
                                                                                                        "Actual Total Time": 0.001,
                                                                                                        "Actual Rows": 1,
                                                                                                        "Actual Loops": 168407,
                                                                                                        "Index Cond": "(id = ci.person_id)",
                                                                                                        "Rows Removed by Index Recheck": 0,
                                                                                                        "Filter": "((gender)::text = 'f'::text)",
                                                                                                        "Rows Removed by Filter": 0,
                                                                                                        "Workers": []
                                                                                                    }
                                                                                                ]
                                                                                            },
                                                                                            {
                                                                                                "Node Type": "Index Scan",
                                                                                                "Parent Relationship": "Inner",
                                                                                                "Parallel Aware": false,
                                                                                                "Async Capable": false,
                                                                                                "Scan Direction": "Forward",
                                                                                                "Index Name": "movie_id_movie_info",
                                                                                                "Relation Name": "movie_info",
                                                                                                "Alias": "mi",
                                                                                                "Startup Cost": 0.43,
                                                                                                "Total Cost": 22.8,
                                                                                                "Plan Rows": 41,
                                                                                                "Plan Width": 8,
                                                                                                "Actual Startup Time": 0.001,
                                                                                                "Actual Total Time": 0.002,
                                                                                                "Actual Rows": 11,
                                                                                                "Actual Loops": 168264,
                                                                                                "Index Cond": "(movie_id = t.id)",
                                                                                                "Rows Removed by Index Recheck": 0,
                                                                                                "Workers": []
                                                                                            }
                                                                                        ]
                                                                                    },
                                                                                    {
                                                                                        "Node Type": "Hash",
                                                                                        "Parent Relationship": "Inner",
                                                                                        "Parallel Aware": false,
                                                                                        "Async Capable": false,
                                                                                        "Startup Cost": 2.41,
                                                                                        "Total Cost": 2.41,
                                                                                        "Plan Rows": 1,
                                                                                        "Plan Width": 4,
                                                                                        "Actual Startup Time": 0.013,
                                                                                        "Actual Total Time": 0.014,
                                                                                        "Actual Rows": 1,
                                                                                        "Actual Loops": 5,
                                                                                        "Hash Buckets": 1024,
                                                                                        "Original Hash Buckets": 1024,
                                                                                        "Hash Batches": 1,
                                                                                        "Original Hash Batches": 1,
                                                                                        "Peak Memory Usage": 9,
                                                                                        "Workers": [],
                                                                                        "Plans": [
                                                                                            {
                                                                                                "Node Type": "Seq Scan",
                                                                                                "Parent Relationship": "Outer",
                                                                                                "Parallel Aware": false,
                                                                                                "Async Capable": false,
                                                                                                "Relation Name": "info_type",
                                                                                                "Alias": "it",
                                                                                                "Startup Cost": 0.0,
                                                                                                "Total Cost": 2.41,
                                                                                                "Plan Rows": 1,
                                                                                                "Plan Width": 4,
                                                                                                "Actual Startup Time": 0.009,
                                                                                                "Actual Total Time": 0.012,
                                                                                                "Actual Rows": 1,
                                                                                                "Actual Loops": 5,
                                                                                                "Filter": "((info)::text = 'release dates'::text)",
                                                                                                "Rows Removed by Filter": 112,
                                                                                                "Workers": []
                                                                                            }
                                                                                        ]
                                                                                    }
                                                                                ]
                                                                            },
                                                                            {
                                                                                "Node Type": "Index Only Scan",
                                                                                "Parent Relationship": "Inner",
                                                                                "Parallel Aware": false,
                                                                                "Async Capable": false,
                                                                                "Scan Direction": "Forward",
                                                                                "Index Name": "char_name_pkey",
                                                                                "Relation Name": "char_name",
                                                                                "Alias": "chn",
                                                                                "Startup Cost": 0.43,
                                                                                "Total Cost": 1.47,
                                                                                "Plan Rows": 1,
                                                                                "Plan Width": 4,
                                                                                "Actual Startup Time": 0.001,
                                                                                "Actual Total Time": 0.001,
                                                                                "Actual Rows": 1,
                                                                                "Actual Loops": 371543,
                                                                                "Index Cond": "(id = ci.person_role_id)",
                                                                                "Rows Removed by Index Recheck": 0,
                                                                                "Heap Fetches": 341836,
                                                                                "Workers": []
                                                                            }
                                                                        ]
                                                                    },
                                                                    {
                                                                        "Node Type": "Index Scan",
                                                                        "Parent Relationship": "Inner",
                                                                        "Parallel Aware": false,
                                                                        "Async Capable": false,
                                                                        "Scan Direction": "Forward",
                                                                        "Index Name": "movie_id_movie_companies",
                                                                        "Relation Name": "movie_companies",
                                                                        "Alias": "mc",
                                                                        "Startup Cost": 0.43,
                                                                        "Total Cost": 2.59,
                                                                        "Plan Rows": 5,
                                                                        "Plan Width": 8,
                                                                        "Actual Startup Time": 0.001,
                                                                        "Actual Total Time": 0.001,
                                                                        "Actual Rows": 9,
                                                                        "Actual Loops": 341836,
                                                                        "Index Cond": "(movie_id = mi.movie_id)",
                                                                        "Rows Removed by Index Recheck": 0,
                                                                        "Workers": []
                                                                    }
                                                                ]
                                                            },
                                                            {
                                                                "Node Type": "Index Scan",
                                                                "Parent Relationship": "Inner",
                                                                "Parallel Aware": false,
                                                                "Async Capable": false,
                                                                "Scan Direction": "Forward",
                                                                "Index Name": "company_name_pkey",
                                                                "Relation Name": "company_name",
                                                                "Alias": "cn",
                                                                "Startup Cost": 0.42,
                                                                "Total Cost": 1.17,
                                                                "Plan Rows": 1,
                                                                "Plan Width": 4,
                                                                "Actual Startup Time": 0.001,
                                                                "Actual Total Time": 0.001,
                                                                "Actual Rows": 0,
                                                                "Actual Loops": 3229056,
                                                                "Index Cond": "(id = mc.company_id)",
                                                                "Rows Removed by Index Recheck": 0,
                                                                "Filter": "((country_code)::text = '[us]'::text)",
                                                                "Rows Removed by Filter": 1,
                                                                "Workers": []
                                                            }
                                                        ]
                                                    },
                                                    {
                                                        "Node Type": "Index Only Scan",
                                                        "Parent Relationship": "Inner",
                                                        "Parallel Aware": false,
                                                        "Async Capable": false,
                                                        "Scan Direction": "Forward",
                                                        "Index Name": "person_id_aka_name",
                                                        "Relation Name": "aka_name",
                                                        "Alias": "an",
                                                        "Startup Cost": 0.42,
                                                        "Total Cost": 1.63,
                                                        "Plan Rows": 2,
                                                        "Plan Width": 4,
                                                        "Actual Startup Time": 0.0,
                                                        "Actual Total Time": 0.001,
                                                        "Actual Rows": 2,
                                                        "Actual Loops": 787043,
                                                        "Index Cond": "(person_id = n.id)",
                                                        "Rows Removed by Index Recheck": 0,
                                                        "Heap Fetches": 1760645,
                                                        "Workers": []
                                                    }
                                                ]
                                            }
                                        ]
                                    }
                                ]
                            }
                        ]
                    },
                    "Planning Time": 7.032,
                    "Triggers": [],
                    "Execution Time": 1578.635
                }
            ],
            "hints": [
                "SET enable_hashjoin TO on",
                "SET enable_indexonlyscan TO on",
                "SET enable_indexscan TO on",
                "SET enable_mergejoin TO off",
                "SET enable_nestloop TO on",
                "SET enable_seqscan TO on"
            ]
        }
    ]
}